Fail : DELETE : test2\a94a8fe5ccb19ba6\4b6fcb2d521ef0fd,0:2291,2016-12-12 09:55:23-603,2016-12-12 09:55:23-778
Reason : hadoop4j.NoImplementionException: not supported by openstack
Fail : LS : test2\a94a8fe5ccb19ba6\,0:-1,2016-12-12 09:55:23-897,2016-12-12 09:55:24-019
Reason : hadoop4j.NoImplementionException: not supported by openstack
Success : CREATE_FILE : test2\a94a8fe5ccb19ba6\3479C2982FF74F3B,0:3685,2016-12-12 09:55:24-115,2016-12-12 09:55:25-063
Fail : LS : test2\a94a8fe5ccb19ba6\,0:-1,2016-12-12 09:55:25-193,2016-12-12 09:55:25-280
Reason : hadoop4j.NoImplementionException: not supported by openstack
Fail : DELETE : test2\49f03965cf98b1f5,0:1634,2016-12-12 09:55:25-366,2016-12-12 09:55:25-439
Reason : hadoop4j.NoImplementionException: not supported by openstack
Fail : LS : test2,0:-1,2016-12-12 09:55:25-523,2016-12-12 09:55:25-523
Reason : java.lang.StringIndexOutOfBoundsException: String index out of range: -2
Success : CREATE_FILE : test2\a94a8fe5ccb19ba6\58AD3A8A19ED47E9,0:2939,2016-12-12 09:55:25-610,2016-12-12 09:55:26-059
Fail : LS : test2\a94a8fe5ccb19ba6\,0:-1,2016-12-12 09:55:26-191,2016-12-12 09:55:26-270
Reason : hadoop4j.NoImplementionException: not supported by openstack
Fail : DELETE : test2\acde102dac5bbe15,0:6030,2016-12-12 09:55:26-353,2016-12-12 09:55:26-495
Reason : hadoop4j.NoImplementionException: not supported by openstack
Fail : LS : test2,0:-1,2016-12-12 09:55:26-576,2016-12-12 09:55:26-577
Reason : java.lang.StringIndexOutOfBoundsException: String index out of range: -2
Success : CREATE_FILE : test2\a94a8fe5ccb19ba6\11358BEF1347A1FB,0:2339,2016-12-12 09:55:26-703,2016-12-12 09:55:27-125
Fail : LS : test2\a94a8fe5ccb19ba6\,0:-1,2016-12-12 09:55:27-248,2016-12-12 09:55:27-362
Reason : hadoop4j.NoImplementionException: not supported by openstack
Success : DELETE : test2\a94a8fe5ccb19ba6\58AD3A8A19ED47E9,0:0,2016-12-12 09:55:27-455,2016-12-12 09:55:27-588
Fail : LS : test2\a94a8fe5ccb19ba6\,0:-1,2016-12-12 09:55:27-703,2016-12-12 09:55:27-803
Reason : hadoop4j.NoImplementionException: not supported by openstack
Success : CREATE_FILE : test2\a94a8fe5ccb19ba6\2a5bd02710e975a7\37EC30E56CED523F,0:2550,2016-12-12 09:55:27-903,2016-12-12 09:55:29-407
Fail : LS : test2\a94a8fe5ccb19ba6\2a5bd02710e975a7\,0:-1,2016-12-12 09:55:29-529,2016-12-12 09:55:29-632
Reason : hadoop4j.NoImplementionException: not supported by openstack
Success : CREATE_FILE : test2\a94a8fe5ccb19ba6\0E64A770343CECF5,0:3644,2016-12-12 09:55:29-730,2016-12-12 09:55:30-137
Fail : LS : test2\a94a8fe5ccb19ba6\,0:-1,2016-12-12 09:55:30-263,2016-12-12 09:55:30-355
Reason : hadoop4j.NoImplementionException: not supported by openstack
Success : CREATE_FILE : test2\a94a8fe5ccb19ba6\2a5bd02710e975a7\760281756D8308FA,0:133,2016-12-12 09:55:30-461,2016-12-12 09:55:30-960
Fail : LS : test2\a94a8fe5ccb19ba6\2a5bd02710e975a7\,0:-1,2016-12-12 09:55:31-053,2016-12-12 09:55:31-130
Reason : hadoop4j.NoImplementionException: not supported by openstack
Fail : DELETE : test2\a94a8fe5ccb19ba6\2a5bd02710e975a7\178db47a574c645f,0:257,2016-12-12 09:55:31-238,2016-12-12 09:55:31-313
Reason : hadoop4j.NoImplementionException: not supported by openstack
Fail : LS : test2\a94a8fe5ccb19ba6\2a5bd02710e975a7\,0:-1,2016-12-12 09:55:31-429,2016-12-12 09:55:31-527
Reason : hadoop4j.NoImplementionException: not supported by openstack
Success : CREATE_FILE : test2\a94a8fe5ccb19ba6\78EF15251C77D6BC,0:3422,2016-12-12 09:55:31-644,2016-12-12 09:55:32-159
Fail : LS : test2\a94a8fe5ccb19ba6\,0:-1,2016-12-12 09:55:32-288,2016-12-12 09:55:32-375
Reason : hadoop4j.NoImplementionException: not supported by openstack
Success : DELETE : test2\a94a8fe5ccb19ba6\2a5bd02710e975a7\760281756D8308FA,0:0,2016-12-12 09:55:32-462,2016-12-12 09:55:32-624
Fail : LS : test2\a94a8fe5ccb19ba6\2a5bd02710e975a7\,0:-1,2016-12-12 09:55:32-750,2016-12-12 09:55:32-836
Reason : hadoop4j.NoImplementionException: not supported by openstack
Success : CREATE_FILE : test2\a94a8fe5ccb19ba6\4C0053471CB1D1D7,0:55,2016-12-12 09:55:32-915,2016-12-12 09:55:34-571
Fail : LS : test2\a94a8fe5ccb19ba6\,0:-1,2016-12-12 09:55:34-696,2016-12-12 09:55:34-803
Reason : hadoop4j.NoImplementionException: not supported by openstack
Fail : DELETE : test2\1a7683b6645f9b6a,0:14529,2016-12-12 09:55:34-894,2016-12-12 09:55:34-990
Reason : hadoop4j.NoImplementionException: not supported by openstack
Fail : LS : test2,0:-1,2016-12-12 09:55:35-082,2016-12-12 09:55:35-082
Reason : java.lang.StringIndexOutOfBoundsException: String index out of range: -2
Success : DELETE : test2\a94a8fe5ccb19ba6\78EF15251C77D6BC,0:0,2016-12-12 09:55:35-210,2016-12-12 09:55:35-780
Fail : LS : test2\a94a8fe5ccb19ba6\,0:-1,2016-12-12 09:55:35-896,2016-12-12 09:55:35-970
Reason : hadoop4j.NoImplementionException: not supported by openstack
Success : CREATE_FILE : test2\a94a8fe5ccb19ba6\2a5bd02710e975a7\44E389686686ED90,0:218,2016-12-12 09:55:36-112,2016-12-12 09:55:37-082
Fail : LS : test2\a94a8fe5ccb19ba6\2a5bd02710e975a7\,0:-1,2016-12-12 09:55:37-205,2016-12-12 09:55:37-285
Reason : hadoop4j.NoImplementionException: not supported by openstack
Success : DELETE : test2\a94a8fe5ccb19ba6\0E64A770343CECF5,0:0,2016-12-12 09:55:37-365,2016-12-12 09:55:37-589
Fail : LS : test2\a94a8fe5ccb19ba6\,0:-1,2016-12-12 09:55:37-716,2016-12-12 09:55:37-791
Reason : hadoop4j.NoImplementionException: not supported by openstack
Success : CREATE_FILE : test2\a94a8fe5ccb19ba6\034684290F7C2AE0,0:3638,2016-12-12 09:55:37-922,2016-12-12 09:55:38-351
Fail : LS : test2\a94a8fe5ccb19ba6\,0:-1,2016-12-12 09:55:38-471,2016-12-12 09:55:38-546
Reason : hadoop4j.NoImplementionException: not supported by openstack
Success : CREATE_FILE : test2\a94a8fe5ccb19ba6\22187AA6004D0C6E,0:1314,2016-12-12 09:55:38-660,2016-12-12 09:55:39-299
Fail : LS : test2\a94a8fe5ccb19ba6\,0:-1,2016-12-12 09:55:39-427,2016-12-12 09:55:39-498
Reason : hadoop4j.NoImplementionException: not supported by openstack
Success : DELETE : test2\a94a8fe5ccb19ba6\034684290F7C2AE0,0:0,2016-12-12 09:55:39-582,2016-12-12 09:55:39-798
Fail : LS : test2\a94a8fe5ccb19ba6\,0:-1,2016-12-12 09:55:39-873,2016-12-12 09:55:39-938
Reason : hadoop4j.NoImplementionException: not supported by openstack
Success : DELETE : test2\a94a8fe5ccb19ba6\2a5bd02710e975a7\44E389686686ED90,0:0,2016-12-12 09:55:40-014,2016-12-12 09:55:41-116
Fail : LS : test2\a94a8fe5ccb19ba6\2a5bd02710e975a7\,0:-1,2016-12-12 09:55:41-237,2016-12-12 09:55:41-846
Reason : hadoop4j.NoImplementionException: not supported by openstack
Success : CREATE_FILE : test2\a94a8fe5ccb19ba6\2a5bd02710e975a7\155A5B4337B9759E,0:3752,2016-12-12 09:55:41-967,2016-12-12 09:55:43-383
Fail : LS : test2\a94a8fe5ccb19ba6\2a5bd02710e975a7\,0:-1,2016-12-12 09:55:43-509,2016-12-12 09:55:43-615
Reason : hadoop4j.NoImplementionException: not supported by openstack
Success : CREATE_FILE : test2\a94a8fe5ccb19ba6\4B5491FF27A4B811,0:95,2016-12-12 09:55:43-739,2016-12-12 09:55:45-298
Fail : LS : test2\a94a8fe5ccb19ba6\,0:-1,2016-12-12 09:55:45-434,2016-12-12 09:55:45-510
Reason : hadoop4j.NoImplementionException: not supported by openstack
Success : CREATE_FILE : test2\a94a8fe5ccb19ba6\2a5bd02710e975a7\3E16895750093E74,0:2054,2016-12-12 09:55:45-599,2016-12-12 09:55:46-374
Fail : LS : test2\a94a8fe5ccb19ba6\2a5bd02710e975a7\,0:-1,2016-12-12 09:55:46-503,2016-12-12 09:55:46-607
Reason : hadoop4j.NoImplementionException: not supported by openstack
Success : CREATE_FILE : test2\a94a8fe5ccb19ba6\2110E2BA74061F53,0:2996,2016-12-12 09:55:46-701,2016-12-12 09:55:47-636
Fail : LS : test2\a94a8fe5ccb19ba6\,0:-1,2016-12-12 09:55:47-762,2016-12-12 09:55:47-837
Reason : hadoop4j.NoImplementionException: not supported by openstack
Success : CREATE_FILE : test2\a94a8fe5ccb19ba6\2a5bd02710e975a7\3073BEE016E0866A,0:4025,2016-12-12 09:55:47-920,2016-12-12 09:55:48-301
Fail : LS : test2\a94a8fe5ccb19ba6\2a5bd02710e975a7\,0:-1,2016-12-12 09:55:48-426,2016-12-12 09:55:48-499
Reason : hadoop4j.NoImplementionException: not supported by openstack
Success : CREATE_FILE : test2\a94a8fe5ccb19ba6\46F97BC242FBB52C,0:380,2016-12-12 09:55:48-582,2016-12-12 09:55:49-096
Fail : LS : test2\a94a8fe5ccb19ba6\,0:-1,2016-12-12 09:55:49-222,2016-12-12 09:55:49-319
Reason : hadoop4j.NoImplementionException: not supported by openstack
Success : DELETE : test2\a94a8fe5ccb19ba6\2a5bd02710e975a7\3073BEE016E0866A,0:0,2016-12-12 09:55:49-424,2016-12-12 09:55:49-539
Fail : LS : test2\a94a8fe5ccb19ba6\2a5bd02710e975a7\,0:-1,2016-12-12 09:55:49-655,2016-12-12 09:55:49-727
Reason : hadoop4j.NoImplementionException: not supported by openstack
Success : CREATE_FILE : test2\a94a8fe5ccb19ba6\486E5ADB5074AA86,0:3627,2016-12-12 09:55:49-806,2016-12-12 09:55:50-284
Fail : LS : test2\a94a8fe5ccb19ba6\,0:-1,2016-12-12 09:55:50-392,2016-12-12 09:55:50-461
Reason : hadoop4j.NoImplementionException: not supported by openstack
Success : DELETE : test2\a94a8fe5ccb19ba6\2110E2BA74061F53,0:0,2016-12-12 09:55:50-538,2016-12-12 09:55:50-682
Fail : LS : test2\a94a8fe5ccb19ba6\,0:-1,2016-12-12 09:55:50-804,2016-12-12 09:55:50-891
Reason : hadoop4j.NoImplementionException: not supported by openstack
Success : DELETE : test2\a94a8fe5ccb19ba6\46F97BC242FBB52C,0:0,2016-12-12 09:55:51-017,2016-12-12 09:55:51-160
Fail : LS : test2\a94a8fe5ccb19ba6\,0:-1,2016-12-12 09:55:51-281,2016-12-12 09:55:51-434
Reason : hadoop4j.NoImplementionException: not supported by openstack
Success : DELETE : test2\a94a8fe5ccb19ba6\2a5bd02710e975a7\3E16895750093E74,0:0,2016-12-12 09:55:51-563,2016-12-12 09:55:51-767
Fail : LS : test2\a94a8fe5ccb19ba6\2a5bd02710e975a7\,0:-1,2016-12-12 09:55:51-868,2016-12-12 09:55:51-940
Reason : hadoop4j.NoImplementionException: not supported by openstack
Fail : DELETE : test2\6c33a983eec1b409,0:2291,2016-12-12 09:55:52-025,2016-12-12 09:55:52-090
Reason : hadoop4j.NoImplementionException: not supported by openstack
Fail : LS : test2,0:-1,2016-12-12 09:55:52-200,2016-12-12 09:55:52-200
Reason : java.lang.StringIndexOutOfBoundsException: String index out of range: -2
Success : DELETE : test2\a94a8fe5ccb19ba6\4B5491FF27A4B811,0:0,2016-12-12 09:55:52-283,2016-12-12 09:55:52-508
Fail : LS : test2\a94a8fe5ccb19ba6\,0:-1,2016-12-12 09:55:52-629,2016-12-12 09:55:52-732
Reason : hadoop4j.NoImplementionException: not supported by openstack
Success : CREATE_FILE : test2\a94a8fe5ccb19ba6\2a5bd02710e975a7\4B36619116F279E1,0:2281,2016-12-12 09:55:52-824,2016-12-12 09:55:53-922
Fail : LS : test2\a94a8fe5ccb19ba6\2a5bd02710e975a7\,0:-1,2016-12-12 09:55:54-044,2016-12-12 09:55:54-131
Reason : hadoop4j.NoImplementionException: not supported by openstack
Success : DELETE : test2\a94a8fe5ccb19ba6\22187AA6004D0C6E,0:0,2016-12-12 09:55:54-211,2016-12-12 09:55:54-351
Fail : LS : test2\a94a8fe5ccb19ba6\,0:-1,2016-12-12 09:55:54-461,2016-12-12 09:55:54-537
Reason : hadoop4j.NoImplementionException: not supported by openstack
Success : DELETE : test2\a94a8fe5ccb19ba6\486E5ADB5074AA86,0:0,2016-12-12 09:55:54-641,2016-12-12 09:55:55-161
Fail : LS : test2\a94a8fe5ccb19ba6\,0:-1,2016-12-12 09:55:55-287,2016-12-12 09:55:55-571
Reason : hadoop4j.NoImplementionException: not supported by openstack
Success : DELETE : test2\a94a8fe5ccb19ba6\2a5bd02710e975a7\155A5B4337B9759E,0:0,2016-12-12 09:55:55-693,2016-12-12 09:55:56-455
Fail : LS : test2\a94a8fe5ccb19ba6\2a5bd02710e975a7\,0:-1,2016-12-12 09:55:56-573,2016-12-12 09:55:56-705
Reason : hadoop4j.NoImplementionException: not supported by openstack
Success : CREATE_FILE : test2\a94a8fe5ccb19ba6\325D2B2F16B31398,0:1838,2016-12-12 09:55:56-814,2016-12-12 09:55:57-753
Fail : LS : test2\a94a8fe5ccb19ba6\,0:-1,2016-12-12 09:55:57-834,2016-12-12 09:55:57-911
Reason : hadoop4j.NoImplementionException: not supported by openstack
Success : CREATE_FILE : test2\a94a8fe5ccb19ba6\2a5bd02710e975a7\35941D550419F370,0:3471,2016-12-12 09:55:58-014,2016-12-12 09:55:58-553
Fail : LS : test2\a94a8fe5ccb19ba6\2a5bd02710e975a7\,0:-1,2016-12-12 09:55:58-680,2016-12-12 09:55:58-779
Reason : hadoop4j.NoImplementionException: not supported by openstack
Success : CREATE_FILE : test2\a94a8fe5ccb19ba6\0FAACE4A3C582886,0:3729,2016-12-12 09:55:58-895,2016-12-12 09:55:59-521
Fail : LS : test2\a94a8fe5ccb19ba6\,0:-1,2016-12-12 09:55:59-649,2016-12-12 09:55:59-733
Reason : hadoop4j.NoImplementionException: not supported by openstack
Success : CREATE_FILE : test2\a94a8fe5ccb19ba6\2E5363D91C72C5A1,0:1533,2016-12-12 09:55:59-817,2016-12-12 09:56:00-453
Fail : LS : test2\a94a8fe5ccb19ba6\,0:-1,2016-12-12 09:56:00-623,2016-12-12 09:56:00-700
Reason : hadoop4j.NoImplementionException: not supported by openstack
Success : CREATE_FILE : test2\a94a8fe5ccb19ba6\2a5bd02710e975a7\72F6EBB37243D280,0:4078,2016-12-12 09:56:00-776,2016-12-12 09:56:01-824
Fail : LS : test2\a94a8fe5ccb19ba6\2a5bd02710e975a7\,0:-1,2016-12-12 09:56:01-940,2016-12-12 09:56:02-011
Reason : hadoop4j.NoImplementionException: not supported by openstack
Success : CREATE_FILE : test2\a94a8fe5ccb19ba6\0D68D51C6CCEBF20,0:4051,2016-12-12 09:56:02-088,2016-12-12 09:56:02-614
Fail : LS : test2\a94a8fe5ccb19ba6\,0:-1,2016-12-12 09:56:02-739,2016-12-12 09:56:02-823
Reason : hadoop4j.NoImplementionException: not supported by openstack
Success : CREATE_FILE : test2\a94a8fe5ccb19ba6\2a5bd02710e975a7\64797204213B2D09,0:324,2016-12-12 09:56:02-929,2016-12-12 09:56:03-814
Fail : LS : test2\a94a8fe5ccb19ba6\2a5bd02710e975a7\,0:-1,2016-12-12 09:56:03-894,2016-12-12 09:56:03-986
Reason : hadoop4j.NoImplementionException: not supported by openstack
Success : CREATE_FILE : test2\a94a8fe5ccb19ba6\5FBBAD3D2B60F0F6,0:2120,2016-12-12 09:56:04-071,2016-12-12 09:56:05-981
Fail : LS : test2\a94a8fe5ccb19ba6\,0:-1,2016-12-12 09:56:06-104,2016-12-12 09:56:06-186
Reason : hadoop4j.NoImplementionException: not supported by openstack
Success : CREATE_FILE : test2\a94a8fe5ccb19ba6\1E2291832CB72E88,0:3177,2016-12-12 09:56:06-289,2016-12-12 09:56:07-399
Fail : LS : test2\a94a8fe5ccb19ba6\,0:-1,2016-12-12 09:56:07-519,2016-12-12 09:56:07-595
Reason : hadoop4j.NoImplementionException: not supported by openstack
Success : DELETE : test2\a94a8fe5ccb19ba6\2a5bd02710e975a7\72F6EBB37243D280,0:0,2016-12-12 09:56:07-673,2016-12-12 09:56:07-792
Fail : LS : test2\a94a8fe5ccb19ba6\2a5bd02710e975a7\,0:-1,2016-12-12 09:56:07-880,2016-12-12 09:56:07-949
Reason : hadoop4j.NoImplementionException: not supported by openstack
Success : DELETE : test2\a94a8fe5ccb19ba6\5FBBAD3D2B60F0F6,0:0,2016-12-12 09:56:08-026,2016-12-12 09:56:08-185
Fail : LS : test2\a94a8fe5ccb19ba6\,0:-1,2016-12-12 09:56:08-293,2016-12-12 09:56:08-369
Reason : hadoop4j.NoImplementionException: not supported by openstack
Success : CREATE_FILE : test2\a94a8fe5ccb19ba6\3FA77C6D723E80BB,0:836,2016-12-12 09:56:08-491,2016-12-12 09:56:09-684
Fail : LS : test2\a94a8fe5ccb19ba6\,0:-1,2016-12-12 09:56:09-776,2016-12-12 09:56:09-847
Reason : hadoop4j.NoImplementionException: not supported by openstack
Success : CREATE_FILE : test2\a94a8fe5ccb19ba6\5C6C165E1D2AAFCE,0:747,2016-12-12 09:56:09-928,2016-12-12 09:56:11-276
Fail : LS : test2\a94a8fe5ccb19ba6\,0:-1,2016-12-12 09:56:11-394,2016-12-12 09:56:11-467
Reason : hadoop4j.NoImplementionException: not supported by openstack
Fail : DELETE : test2\bc9c8ba7ff351f3e,0:217984,2016-12-12 09:56:11-565,2016-12-12 09:56:11-660
Reason : hadoop4j.NoImplementionException: not supported by openstack
Fail : LS : test2,0:-1,2016-12-12 09:56:11-766,2016-12-12 09:56:11-766
Reason : java.lang.StringIndexOutOfBoundsException: String index out of range: -2
Success : DELETE : test2\a94a8fe5ccb19ba6\2a5bd02710e975a7\64797204213B2D09,0:0,2016-12-12 09:56:11-890,2016-12-12 09:56:12-043
Fail : LS : test2\a94a8fe5ccb19ba6\2a5bd02710e975a7\,0:-1,2016-12-12 09:56:12-165,2016-12-12 09:56:12-267
Reason : hadoop4j.NoImplementionException: not supported by openstack
Success : CREATE_FILE : test2\a94a8fe5ccb19ba6\2a5bd02710e975a7\75760FC37AFB33EA,0:3226,2016-12-12 09:56:12-365,2016-12-12 09:56:12-919
Fail : LS : test2\a94a8fe5ccb19ba6\2a5bd02710e975a7\,0:-1,2016-12-12 09:56:13-053,2016-12-12 09:56:13-159
Reason : hadoop4j.NoImplementionException: not supported by openstack
Success : DELETE : test2\a94a8fe5ccb19ba6\3FA77C6D723E80BB,0:0,2016-12-12 09:56:13-281,2016-12-12 09:56:13-412
Fail : LS : test2\a94a8fe5ccb19ba6\,0:-1,2016-12-12 09:56:13-534,2016-12-12 09:56:13-638
Reason : hadoop4j.NoImplementionException: not supported by openstack
Success : CREATE_FILE : test2\a94a8fe5ccb19ba6\2A0FCC3C35746346,0:276,2016-12-12 09:56:13-746,2016-12-12 09:56:14-794
Fail : LS : test2\a94a8fe5ccb19ba6\,0:-1,2016-12-12 09:56:14-878,2016-12-12 09:56:14-973
Reason : hadoop4j.NoImplementionException: not supported by openstack
Success : CREATE_FILE : test2\a94a8fe5ccb19ba6\74E1F70D08553B0E,0:3790,2016-12-12 09:56:15-092,2016-12-12 09:56:15-791
Fail : LS : test2\a94a8fe5ccb19ba6\,0:-1,2016-12-12 09:56:15-918,2016-12-12 09:56:16-018
Reason : hadoop4j.NoImplementionException: not supported by openstack
Success : DELETE : test2\a94a8fe5ccb19ba6\1E2291832CB72E88,0:0,2016-12-12 09:56:16-121,2016-12-12 09:56:16-243
Fail : LS : test2\a94a8fe5ccb19ba6\,0:-1,2016-12-12 09:56:16-351,2016-12-12 09:56:16-429
Reason : hadoop4j.NoImplementionException: not supported by openstack
Success : CREATE_FILE : test2\a94a8fe5ccb19ba6\7E3A1DA202943B27,0:1908,2016-12-12 09:56:16-538,2016-12-12 09:56:17-363
Fail : LS : test2\a94a8fe5ccb19ba6\,0:-1,2016-12-12 09:56:17-452,2016-12-12 09:56:17-525
Reason : hadoop4j.NoImplementionException: not supported by openstack
Success : DELETE : test2\a94a8fe5ccb19ba6\2A0FCC3C35746346,0:0,2016-12-12 09:56:17-602,2016-12-12 09:56:17-752
Fail : LS : test2\a94a8fe5ccb19ba6\,0:-1,2016-12-12 09:56:17-852,2016-12-12 09:56:17-959
Reason : hadoop4j.NoImplementionException: not supported by openstack
Success : DELETE : test2\a94a8fe5ccb19ba6\74E1F70D08553B0E,0:0,2016-12-12 09:56:18-053,2016-12-12 09:56:18-248
Fail : LS : test2\a94a8fe5ccb19ba6\,0:-1,2016-12-12 09:56:18-370,2016-12-12 09:56:18-475
Reason : hadoop4j.NoImplementionException: not supported by openstack
Success : CREATE_FILE : test2\a94a8fe5ccb19ba6\6C6E0BAF3453AAFE,0:2286,2016-12-12 09:56:18-568,2016-12-12 09:56:19-110
Fail : LS : test2\a94a8fe5ccb19ba6\,0:-1,2016-12-12 09:56:19-229,2016-12-12 09:56:19-316
Reason : hadoop4j.NoImplementionException: not supported by openstack
Success : CREATE_FILE : test2\a94a8fe5ccb19ba6\2a5bd02710e975a7\1870E6E25C412BA8,0:3321,2016-12-12 09:56:19-426,2016-12-12 09:56:20-187
Fail : LS : test2\a94a8fe5ccb19ba6\2a5bd02710e975a7\,0:-1,2016-12-12 09:56:20-308,2016-12-12 09:56:20-381
Reason : hadoop4j.NoImplementionException: not supported by openstack
Success : CREATE_FILE : test2\a94a8fe5ccb19ba6\2a5bd02710e975a7\67E1FE130A703E5E,0:3573,2016-12-12 09:56:20-498,2016-12-12 09:56:21-262
Fail : LS : test2\a94a8fe5ccb19ba6\2a5bd02710e975a7\,0:-1,2016-12-12 09:56:21-387,2016-12-12 09:56:21-461
Reason : hadoop4j.NoImplementionException: not supported by openstack
Success : CREATE_FILE : test2\a94a8fe5ccb19ba6\2a5bd02710e975a7\08756EB3528C8365,0:753,2016-12-12 09:56:21-540,2016-12-12 09:56:22-031
Fail : LS : test2\a94a8fe5ccb19ba6\2a5bd02710e975a7\,0:-1,2016-12-12 09:56:22-147,2016-12-12 09:56:22-221
Reason : hadoop4j.NoImplementionException: not supported by openstack
Success : CREATE_FILE : test2\a94a8fe5ccb19ba6\173BBAAE47574006,0:1749,2016-12-12 09:56:22-311,2016-12-12 09:56:22-839
Fail : LS : test2\a94a8fe5ccb19ba6\,0:-1,2016-12-12 09:56:22-968,2016-12-12 09:56:23-103
Reason : hadoop4j.NoImplementionException: not supported by openstack
Success : DELETE : test2\a94a8fe5ccb19ba6\2a5bd02710e975a7\08756EB3528C8365,0:0,2016-12-12 09:56:23-217,2016-12-12 09:56:23-346
Fail : LS : test2\a94a8fe5ccb19ba6\2a5bd02710e975a7\,0:-1,2016-12-12 09:56:23-472,2016-12-12 09:56:23-574
Reason : hadoop4j.NoImplementionException: not supported by openstack
Success : DELETE : test2\a94a8fe5ccb19ba6\2a5bd02710e975a7\1870E6E25C412BA8,0:0,2016-12-12 09:56:23-664,2016-12-12 09:56:23-809
Fail : LS : test2\a94a8fe5ccb19ba6\2a5bd02710e975a7\,0:-1,2016-12-12 09:56:23-914,2016-12-12 09:56:24-007
Reason : hadoop4j.NoImplementionException: not supported by openstack
Success : DELETE : test2\a94a8fe5ccb19ba6\2a5bd02710e975a7\67E1FE130A703E5E,0:0,2016-12-12 09:56:24-094,2016-12-12 09:56:24-208
Fail : LS : test2\a94a8fe5ccb19ba6\2a5bd02710e975a7\,0:-1,2016-12-12 09:56:24-306,2016-12-12 09:56:24-378
Reason : hadoop4j.NoImplementionException: not supported by openstack
Success : DELETE : test2\a94a8fe5ccb19ba6\3479C2982FF74F3B,0:0,2016-12-12 09:56:24-476,2016-12-12 09:56:24-594
Fail : LS : test2\a94a8fe5ccb19ba6\,0:-1,2016-12-12 09:56:24-677,2016-12-12 09:56:24-751
Reason : hadoop4j.NoImplementionException: not supported by openstack
Success : DELETE : test2\a94a8fe5ccb19ba6\2a5bd02710e975a7\4B36619116F279E1,0:0,2016-12-12 09:56:24-879,2016-12-12 09:56:25-009
Fail : LS : test2\a94a8fe5ccb19ba6\2a5bd02710e975a7\,0:-1,2016-12-12 09:56:25-096,2016-12-12 09:56:25-164
Reason : hadoop4j.NoImplementionException: not supported by openstack
Success : DELETE : test2\a94a8fe5ccb19ba6\0FAACE4A3C582886,0:0,2016-12-12 09:56:25-241,2016-12-12 09:56:25-413
Fail : LS : test2\a94a8fe5ccb19ba6\,0:-1,2016-12-12 09:56:25-538,2016-12-12 09:56:25-637
Reason : hadoop4j.NoImplementionException: not supported by openstack
Success : CREATE_FILE : test2\a94a8fe5ccb19ba6\2a5bd02710e975a7\497173444700624F,0:1807,2016-12-12 09:56:25-741,2016-12-12 09:56:26-240
Fail : LS : test2\a94a8fe5ccb19ba6\2a5bd02710e975a7\,0:-1,2016-12-12 09:56:26-355,2016-12-12 09:56:26-429
Reason : hadoop4j.NoImplementionException: not supported by openstack
