Success : CREATE_FILE : test2\a94a8fe5ccb19ba6\45A9013940671323,0:705635,2016-12-16 15:12:28-348,2016-12-16 15:12:29-547
Success : LS : test2\a94a8fe5ccb19ba6\,0:-1,2016-12-16 15:12:29-548,2016-12-16 15:12:29-669
Success : CREATE_FILE : test2\a94a8fe5ccb19ba6\53E6B7A056816CFE,0:3181201,2016-12-16 15:12:40-684,2016-12-16 15:12:43-272
Success : LS : test2\a94a8fe5ccb19ba6\,0:-1,2016-12-16 15:12:43-273,2016-12-16 15:12:43-367
Success : CREATE_FILE : test2\a94a8fe5ccb19ba6\0DE29927382B6991,0:3624096,2016-12-16 15:12:43-367,2016-12-16 15:12:46-330
Success : LS : test2\a94a8fe5ccb19ba6\,0:-1,2016-12-16 15:12:46-330,2016-12-16 15:12:46-413
Success : SEQ_READ : test1\c5a5e5562b038073\fbe0d7653f0909cb,0:1611,2016-12-16 15:12:50-071,2016-12-16 15:12:50-352
Success : SEQ_READ : test1\c5a5e5562b038073\2d77b1044a6c5c82,0:764416,2016-12-16 15:12:50-753,2016-12-16 15:12:51-045
Success : SEQ_READ : test1\c5a5e5562b038073\a39ea9c72a98de10\aa61f113a9b13deb,0:438,2016-12-16 15:12:54-785,2016-12-16 15:12:55-076
Success : SEQ_READ : test1\c5a5e5562b038073\88fe52fe40fa2264,0:2854,2016-12-16 15:12:56-290,2016-12-16 15:12:56-612
Success : CREATE_FILE : test2\a94a8fe5ccb19ba6\2a5bd02710e975a7\6CF7654329B59F54,0:1788170,2016-12-16 15:12:57-128,2016-12-16 15:12:58-253
Success : LS : test2\a94a8fe5ccb19ba6\2a5bd02710e975a7\,0:-1,2016-12-16 15:12:58-253,2016-12-16 15:12:58-371
Success : SEQ_READ : test1\c5a5e5562b038073\a39ea9c72a98de10\41288c58009f7f6a,0:477,2016-12-16 15:12:59-153,2016-12-16 15:12:59-386
Success : SEQ_READ : test1\c5a5e5562b038073\a39ea9c72a98de10\4a90c52e52d54ede,0:1048,2016-12-16 15:12:59-386,2016-12-16 15:12:59-648
Success : CREATE_FILE : test2\a94a8fe5ccb19ba6\35AB3ACE1FF637CB,0:3590564,2016-12-16 15:12:59-733,2016-12-16 15:13:02-641
Success : LS : test2\a94a8fe5ccb19ba6\,0:-1,2016-12-16 15:13:02-641,2016-12-16 15:13:02-747
Success : CREATE_FILE : test2\a94a8fe5ccb19ba6\2a5bd02710e975a7\4B7FBF7925DAD93C,0:274247,2016-12-16 15:13:03-830,2016-12-16 15:13:04-137
Success : LS : test2\a94a8fe5ccb19ba6\2a5bd02710e975a7\,0:-1,2016-12-16 15:13:04-138,2016-12-16 15:13:04-255
Success : CREATE_FILE : test2\a94a8fe5ccb19ba6\11EAB0E42EA67B85,0:4037379,2016-12-16 15:13:08-787,2016-12-16 15:13:12-329
Success : LS : test2\a94a8fe5ccb19ba6\,0:-1,2016-12-16 15:13:12-329,2016-12-16 15:13:12-441
Success : CREATE_FILE : test2\a94a8fe5ccb19ba6\3F19D5D1378EC182,0:486883,2016-12-16 15:13:23-085,2016-12-16 15:13:23-429
Success : LS : test2\a94a8fe5ccb19ba6\,0:-1,2016-12-16 15:13:23-430,2016-12-16 15:13:23-536
Success : SEQ_READ : test1\c5a5e5562b038073\767c14c8beb1e835,0:3818496,2016-12-16 15:13:30-046,2016-12-16 15:13:30-344
Success : CREATE_FILE : test2\a94a8fe5ccb19ba6\2a5bd02710e975a7\5135979667B21E68,0:3149147,2016-12-16 15:13:33-266,2016-12-16 15:13:35-796
Success : LS : test2\a94a8fe5ccb19ba6\2a5bd02710e975a7\,0:-1,2016-12-16 15:13:35-796,2016-12-16 15:13:35-909
Success : SEQ_READ : test1\c5a5e5562b038073\767c14c8beb1e835,0:3818496,2016-12-16 15:13:43-790,2016-12-16 15:13:44-005
Success : CREATE_FILE : test2\a94a8fe5ccb19ba6\2a5bd02710e975a7\3D62929E5B217029,0:307970,2016-12-16 15:13:48-612,2016-12-16 15:13:48-941
Success : LS : test2\a94a8fe5ccb19ba6\2a5bd02710e975a7\,0:-1,2016-12-16 15:13:48-941,2016-12-16 15:13:49-044
Success : CREATE_FILE : test2\a94a8fe5ccb19ba6\2a5bd02710e975a7\2C8E9DD5629FA0CB,0:2338398,2016-12-16 15:13:55-852,2016-12-16 15:13:57-553
Success : LS : test2\a94a8fe5ccb19ba6\2a5bd02710e975a7\,0:-1,2016-12-16 15:13:57-554,2016-12-16 15:13:57-677
Success : CREATE_FILE : test2\a94a8fe5ccb19ba6\37BA8B052B3AC09B,0:1385207,2016-12-16 15:14:02-158,2016-12-16 15:14:02-905
Success : LS : test2\a94a8fe5ccb19ba6\,0:-1,2016-12-16 15:14:02-906,2016-12-16 15:14:03-024
Success : CREATE_FILE : test2\a94a8fe5ccb19ba6\01E5CB6A5318E015,0:89363,2016-12-16 15:14:03-560,2016-12-16 15:14:03-915
Success : LS : test2\a94a8fe5ccb19ba6\,0:-1,2016-12-16 15:14:03-915,2016-12-16 15:14:04-035
Success : CREATE_FILE : test2\a94a8fe5ccb19ba6\74C2C8411D5CA41D,0:1940660,2016-12-16 15:14:14-798,2016-12-16 15:14:16-157
Success : LS : test2\a94a8fe5ccb19ba6\,0:-1,2016-12-16 15:14:16-157,2016-12-16 15:14:16-269
Success : SEQ_READ : test1\c5a5e5562b038073\fbe0d7653f0909cb,0:1611,2016-12-16 15:14:17-738,2016-12-16 15:14:18-027
Success : CREATE_FILE : test2\a94a8fe5ccb19ba6\5F7988BF2F136242,0:480864,2016-12-16 15:14:21-490,2016-12-16 15:14:21-851
Success : LS : test2\a94a8fe5ccb19ba6\,0:-1,2016-12-16 15:14:21-852,2016-12-16 15:14:21-961
Success : CREATE_FILE : test2\a94a8fe5ccb19ba6\2a5bd02710e975a7\12ED43F24FD235D3,0:1488113,2016-12-16 15:14:29-559,2016-12-16 15:14:30-452
Success : LS : test2\a94a8fe5ccb19ba6\2a5bd02710e975a7\,0:-1,2016-12-16 15:14:30-452,2016-12-16 15:14:30-551
Success : CREATE_FILE : test2\a94a8fe5ccb19ba6\150BC3364C511C9E,0:414168,2016-12-16 15:14:37-281,2016-12-16 15:14:37-601
Success : LS : test2\a94a8fe5ccb19ba6\,0:-1,2016-12-16 15:14:37-601,2016-12-16 15:14:37-678
Success : CREATE_FILE : test2\a94a8fe5ccb19ba6\031F3C2E76B03214,0:3735685,2016-12-16 15:14:48-387,2016-12-16 15:14:51-554
Success : LS : test2\a94a8fe5ccb19ba6\,0:-1,2016-12-16 15:14:51-554,2016-12-16 15:14:51-646
Success : CREATE_FILE : test2\a94a8fe5ccb19ba6\3783855F2434144E,0:3378613,2016-12-16 15:14:53-525,2016-12-16 15:14:56-188
Success : LS : test2\a94a8fe5ccb19ba6\,0:-1,2016-12-16 15:14:56-188,2016-12-16 15:14:56-306
Success : CREATE_FILE : test2\a94a8fe5ccb19ba6\2a5bd02710e975a7\63B4A6D91C23C106,0:3392800,2016-12-16 15:14:57-654,2016-12-16 15:15:00-353
Success : LS : test2\a94a8fe5ccb19ba6\2a5bd02710e975a7\,0:-1,2016-12-16 15:15:00-353,2016-12-16 15:15:00-475
Success : CREATE_FILE : test2\a94a8fe5ccb19ba6\1BF374CB148A5F75,0:1628634,2016-12-16 15:15:02-746,2016-12-16 15:15:03-766
Success : LS : test2\a94a8fe5ccb19ba6\,0:-1,2016-12-16 15:15:03-766,2016-12-16 15:15:03-884
Success : SEQ_READ : test1\c5a5e5562b038073\f72cdbcd84f047a5,0:17893,2016-12-16 15:15:10-885,2016-12-16 15:15:11-190
Success : CREATE_FILE : test2\a94a8fe5ccb19ba6\326FF1DC6DE12168,0:1996016,2016-12-16 15:15:15-674,2016-12-16 15:15:17-010
Success : LS : test2\a94a8fe5ccb19ba6\,0:-1,2016-12-16 15:15:17-010,2016-12-16 15:15:17-128
Success : SEQ_READ : test1\9832710c94f11d2b,0:34310397,2016-12-16 15:15:26-094,2016-12-16 15:15:26-444
Success : SEQ_READ : test2\a94a8fe5ccb19ba6\2a5bd02710e975a7\178db47a574c645f,0:257,2016-12-16 15:15:34-370,2016-12-16 15:15:34-669
Success : CREATE_FILE : test2\a94a8fe5ccb19ba6\2a5bd02710e975a7\6D1ED8A007F13A7A,0:237108,2016-12-16 15:15:35-685,2016-12-16 15:15:36-034
Success : LS : test2\a94a8fe5ccb19ba6\2a5bd02710e975a7\,0:-1,2016-12-16 15:15:36-034,2016-12-16 15:15:36-156
Success : CREATE_FILE : test2\a94a8fe5ccb19ba6\43FEF0692730C7DD,0:882680,2016-12-16 15:15:41-894,2016-12-16 15:15:42-260
Success : LS : test2\a94a8fe5ccb19ba6\,0:-1,2016-12-16 15:15:42-261,2016-12-16 15:15:42-342
Success : CREATE_FILE : test2\a94a8fe5ccb19ba6\2a5bd02710e975a7\2F784A377FE6BC6C,0:3180633,2016-12-16 15:15:48-115,2016-12-16 15:15:50-696
Success : LS : test2\a94a8fe5ccb19ba6\2a5bd02710e975a7\,0:-1,2016-12-16 15:15:50-696,2016-12-16 15:15:50-793
Success : CREATE_FILE : test2\a94a8fe5ccb19ba6\0007B85369AF8115,0:1519477,2016-12-16 15:15:52-293,2016-12-16 15:15:53-163
Success : LS : test2\a94a8fe5ccb19ba6\,0:-1,2016-12-16 15:15:53-164,2016-12-16 15:15:53-254
Success : CREATE_FILE : test2\a94a8fe5ccb19ba6\579D7692793E76A9,0:2361500,2016-12-16 15:15:54-205,2016-12-16 15:15:55-856
Success : LS : test2\a94a8fe5ccb19ba6\,0:-1,2016-12-16 15:15:55-857,2016-12-16 15:15:55-931
Success : CREATE_FILE : test2\a94a8fe5ccb19ba6\2a5bd02710e975a7\65AD166D47A96B03,0:3474196,2016-12-16 15:16:02-040,2016-12-16 15:16:04-849
Success : LS : test2\a94a8fe5ccb19ba6\2a5bd02710e975a7\,0:-1,2016-12-16 15:16:04-849,2016-12-16 15:16:04-922
Success : CREATE_FILE : test2\a94a8fe5ccb19ba6\2a5bd02710e975a7\73D657593082689E,0:3358139,2016-12-16 15:16:06-901,2016-12-16 15:16:09-579
Success : LS : test2\a94a8fe5ccb19ba6\2a5bd02710e975a7\,0:-1,2016-12-16 15:16:09-579,2016-12-16 15:16:09-671
Success : CREATE_FILE : test2\a94a8fe5ccb19ba6\4DB92D27123D6B7D,0:3069697,2016-12-16 15:16:13-263,2016-12-16 15:16:15-704
Success : LS : test2\a94a8fe5ccb19ba6\,0:-1,2016-12-16 15:16:15-704,2016-12-16 15:16:15-805
Success : CREATE_FILE : test2\a94a8fe5ccb19ba6\5B76715516D63020,0:941946,2016-12-16 15:16:24-151,2016-12-16 15:16:24-560
Success : LS : test2\a94a8fe5ccb19ba6\,0:-1,2016-12-16 15:16:24-561,2016-12-16 15:16:24-675
Success : CREATE_FILE : test2\a94a8fe5ccb19ba6\2300E8EB7C3FE354,0:2359518,2016-12-16 15:16:29-840,2016-12-16 15:16:31-613
Success : LS : test2\a94a8fe5ccb19ba6\,0:-1,2016-12-16 15:16:31-614,2016-12-16 15:16:31-701
Success : CREATE_FILE : test2\a94a8fe5ccb19ba6\4F39D11A23D1B588,0:456892,2016-12-16 15:16:33-908,2016-12-16 15:16:34-239
Success : LS : test2\a94a8fe5ccb19ba6\,0:-1,2016-12-16 15:16:34-239,2016-12-16 15:16:34-321
Success : CREATE_FILE : test2\a94a8fe5ccb19ba6\582651AB66B426A9,0:3294592,2016-12-16 15:16:39-165,2016-12-16 15:16:41-881
Success : LS : test2\a94a8fe5ccb19ba6\,0:-1,2016-12-16 15:16:41-881,2016-12-16 15:16:41-979
Success : CREATE_FILE : test2\a94a8fe5ccb19ba6\2a5bd02710e975a7\4A928A1401F94AE7,0:4026296,2016-12-16 15:16:44-799,2016-12-16 15:16:48-225
Success : LS : test2\a94a8fe5ccb19ba6\2a5bd02710e975a7\,0:-1,2016-12-16 15:16:48-225,2016-12-16 15:16:48-331
Success : SEQ_READ : test2\a94a8fe5ccb19ba6\4b6fcb2d521ef0fd,0:2291,2016-12-16 15:16:49-914,2016-12-16 15:16:50-196
Success : CREATE_FILE : test2\a94a8fe5ccb19ba6\2a5bd02710e975a7\7A3C422B5981EE3A,0:1951116,2016-12-16 15:16:51-180,2016-12-16 15:16:52-481
Success : LS : test2\a94a8fe5ccb19ba6\2a5bd02710e975a7\,0:-1,2016-12-16 15:16:52-481,2016-12-16 15:16:52-584
Success : SEQ_READ : test2\a94a8fe5ccb19ba6\2a5bd02710e975a7\178db47a574c645f,0:257,2016-12-16 15:16:53-571,2016-12-16 15:16:53-947
Success : CREATE_FILE : test2\a94a8fe5ccb19ba6\1F82792D5003593F,0:1858862,2016-12-16 15:16:56-980,2016-12-16 15:16:58-212
Success : LS : test2\a94a8fe5ccb19ba6\,0:-1,2016-12-16 15:16:58-212,2016-12-16 15:16:58-302
Success : CREATE_FILE : test2\a94a8fe5ccb19ba6\790639DA32F71551,0:1913052,2016-12-16 15:16:59-682,2016-12-16 15:17:00-939
Success : LS : test2\a94a8fe5ccb19ba6\,0:-1,2016-12-16 15:17:00-939,2016-12-16 15:17:01-068
Success : CREATE_FILE : test2\a94a8fe5ccb19ba6\51AC4FAA1E34D046,0:1706725,2016-12-16 15:17:03-307,2016-12-16 15:17:04-396
Success : LS : test2\a94a8fe5ccb19ba6\,0:-1,2016-12-16 15:17:04-396,2016-12-16 15:17:04-519
Success : CREATE_FILE : test2\a94a8fe5ccb19ba6\2a5bd02710e975a7\3B3A59F46B51A1C4,0:2478220,2016-12-16 15:17:11-006,2016-12-16 15:17:12-966
Success : LS : test2\a94a8fe5ccb19ba6\2a5bd02710e975a7\,0:-1,2016-12-16 15:17:12-966,2016-12-16 15:17:13-078
Success : CREATE_FILE : test2\a94a8fe5ccb19ba6\2DE6CAC57EC96646,0:3609221,2016-12-16 15:17:19-254,2016-12-16 15:17:22-275
Success : LS : test2\a94a8fe5ccb19ba6\,0:-1,2016-12-16 15:17:22-275,2016-12-16 15:17:22-363
Success : CREATE_FILE : test2\a94a8fe5ccb19ba6\16C8700F22DE5685,0:1938189,2016-12-16 15:17:22-364,2016-12-16 15:17:23-627
Success : LS : test2\a94a8fe5ccb19ba6\,0:-1,2016-12-16 15:17:23-627,2016-12-16 15:17:23-720
