Fail : RANDOM_WRITE : test2\bc9c8ba7ff351f3e,0:36864,2016-12-17 23:35:57-684,2016-12-17 23:35:57-690
Reason : RESTAPI.NoImplementionException: read failure
Fail : SEQ_READ : test1\c5a5e5562b038073\3c16ab634e85296e,0:90112,2016-12-17 23:35:57-691,2016-12-17 23:35:57-694
Reason : RESTAPI.NoImplementionException: read failure
Fail : SEQ_READ : test1\c5a5e5562b038073\a39ea9c72a98de10\41288c58009f7f6a,0:477,2016-12-17 23:35:57-694,2016-12-17 23:35:57-696
Reason : RESTAPI.NoImplementionException: read failure
Fail : SEQ_READ : test2\49f03965cf98b1f5,0:0,2016-12-17 23:35:57-696,2016-12-17 23:35:57-700
Reason : RESTAPI.NoImplementionException: read failure
Fail : RANDOM_WRITE : test1\c5a5e5562b038073\767c14c8beb1e835,0:37888,2016-12-17 23:35:57-700,2016-12-17 23:35:57-702
Reason : RESTAPI.NoImplementionException: read failure
Success : SEQ_READ : test1\f71b43c3136efa4f\9f93e73d6896cb7b\6670af231c096f09,0:129,2016-12-17 23:35:57-702,2016-12-17 23:35:57-705
Success : CREATE_FILE : test2\a94a8fe5ccb19ba6\2a5bd02710e975a7\65DD3E130D4F2256,0:407597,2016-12-17 23:35:57-706,2016-12-17 23:35:58-040
Fail : SEQ_READ : test1\c5a5e5562b038073\a39ea9c72a98de10\41288c58009f7f6a,0:477,2016-12-17 23:35:58-040,2016-12-17 23:35:58-043
Reason : RESTAPI.NoImplementionException: read failure
Success : LS : test2\a94a8fe5ccb19ba6\2a5bd02710e975a7\,0:-1,2016-12-17 23:35:58-043,2016-12-17 23:35:58-043
Success : CREATE_FILE : test2\a94a8fe5ccb19ba6\2a5bd02710e975a7\16E440FB4762D079,0:2591521,2016-12-17 23:35:58-044,2016-12-17 23:35:58-290
Fail : RANDOM_WRITE : test2\a94a8fe5ccb19ba6\2a5bd02710e975a7\254d76d2609fec03,0:1024,2016-12-17 23:35:58-290,2016-12-17 23:35:58-293
Reason : RESTAPI.NoImplementionException: read failure
Fail : RANDOM_WRITE : test1\c5a5e5562b038073\2d77b1044a6c5c82,0:30720,2016-12-17 23:35:58-293,2016-12-17 23:35:58-296
Reason : RESTAPI.NoImplementionException: read failure
Success : SEQ_READ : test1\f71b43c3136efa4f\52481749c0cdecd6\6670af231c096f09,0:129,2016-12-17 23:35:58-296,2016-12-17 23:35:58-297
Fail : SEQ_READ : test2\bc9c8ba7ff351f3e,0:100352,2016-12-17 23:35:58-298,2016-12-17 23:35:58-299
Reason : RESTAPI.NoImplementionException: read failure
Fail : SEQ_READ : test2\bc9c8ba7ff351f3e,0:134144,2016-12-17 23:35:58-300,2016-12-17 23:35:58-301
Reason : RESTAPI.NoImplementionException: read failure
Success : LS : test2\a94a8fe5ccb19ba6\2a5bd02710e975a7\,0:-1,2016-12-17 23:35:58-302,2016-12-17 23:35:58-302
Success : CREATE_FILE : test2\a94a8fe5ccb19ba6\3B3F158315A75BC6,0:3670065,2016-12-17 23:35:58-302,2016-12-17 23:35:58-804
Success : LS : test2\a94a8fe5ccb19ba6\,0:-1,2016-12-17 23:35:58-804,2016-12-17 23:35:58-805
Success : CREATE_FILE : test2\a94a8fe5ccb19ba6\729A40A855B1623F,0:3951089,2016-12-17 23:35:58-805,2016-12-17 23:35:59-499
Success : RANDOM_WRITE : test2\a94a8fe5ccb19ba6\4b6fcb2d521ef0fd,0:2048,2016-12-17 23:35:59-499,2016-12-17 23:35:59-501
Fail : SEQ_READ : test2\6c33a983eec1b409,0:1024,2016-12-17 23:35:59-501,2016-12-17 23:35:59-503
Reason : RESTAPI.NoImplementionException: read failure
Success : SEQ_READ : test1\c5a5e5562b038073\f72cdbcd84f047a5,0:5120,2016-12-17 23:35:59-503,2016-12-17 23:35:59-505
Success : LS : test2\a94a8fe5ccb19ba6\,0:-1,2016-12-17 23:35:59-505,2016-12-17 23:35:59-505
Success : CREATE_FILE : test2\a94a8fe5ccb19ba6\03FE2DBB360A08DD,0:3675778,2016-12-17 23:35:59-506,2016-12-17 23:35:59-931
Success : LS : test2\a94a8fe5ccb19ba6\,0:-1,2016-12-17 23:35:59-932,2016-12-17 23:35:59-932
Success : CREATE_FILE : test2\a94a8fe5ccb19ba6\2261D6B945F1CDB0,0:2924433,2016-12-17 23:35:59-932,2016-12-17 23:36:00-261
Success : LS : test2\a94a8fe5ccb19ba6\,0:-1,2016-12-17 23:36:00-262,2016-12-17 23:36:00-262
Success : CREATE_FILE : test2\a94a8fe5ccb19ba6\2a5bd02710e975a7\19AA5FD85216F771,0:3460987,2016-12-17 23:36:00-262,2016-12-17 23:36:00-565
Fail : RANDOM_WRITE : test1\c5a5e5562b038073\6670af231c096f09,0:46,2016-12-17 23:36:00-566,2016-12-17 23:36:00-567
Reason : RESTAPI.NoImplementionException: read failure
Fail : SEQ_READ : test2\bc9c8ba7ff351f3e,0:136192,2016-12-17 23:36:00-567,2016-12-17 23:36:00-569
Reason : RESTAPI.NoImplementionException: read failure
Fail : RANDOM_WRITE : test1\c5a5e5562b038073\a39ea9c72a98de10\aa61f113a9b13deb,0:438,2016-12-17 23:36:00-569,2016-12-17 23:36:00-571
Reason : RESTAPI.NoImplementionException: read failure
Success : LS : test2\a94a8fe5ccb19ba6\2a5bd02710e975a7\,0:-1,2016-12-17 23:36:00-571,2016-12-17 23:36:00-571
Success : CREATE_FILE : test2\a94a8fe5ccb19ba6\78E972AE61752BE0,0:1226276,2016-12-17 23:36:00-572,2016-12-17 23:36:00-804
Success : LS : test2\a94a8fe5ccb19ba6\,0:-1,2016-12-17 23:36:00-805,2016-12-17 23:36:00-805
Success : CREATE_FILE : test2\a94a8fe5ccb19ba6\3E9C76AF7AB192A9,0:2925856,2016-12-17 23:36:00-805,2016-12-17 23:36:01-341
Success : LS : test2\a94a8fe5ccb19ba6\,0:-1,2016-12-17 23:36:01-341,2016-12-17 23:36:01-341
Success : CREATE_FILE : test2\a94a8fe5ccb19ba6\53ADED9D6BAFA900,0:2888207,2016-12-17 23:36:01-342,2016-12-17 23:36:01-672
Success : LS : test2\a94a8fe5ccb19ba6\,0:-1,2016-12-17 23:36:01-673,2016-12-17 23:36:01-673
Success : CREATE_FILE : test2\a94a8fe5ccb19ba6\2a5bd02710e975a7\636137ED3EDD2336,0:873012,2016-12-17 23:36:01-674,2016-12-17 23:36:02-054
Fail : RANDOM_WRITE : test1\f71b43c3136efa4f\83404ffd78f534ff\6670af231c096f09,0:129,2016-12-17 23:36:02-054,2016-12-17 23:36:02-057
Reason : RESTAPI.NoImplementionException: read failure
Success : RANDOM_WRITE : test1\9832710c94f11d2b,0:21504,2016-12-17 23:36:02-057,2016-12-17 23:36:02-059
Fail : RANDOM_WRITE : test1\c5a5e5562b038073\767c14c8beb1e835,0:3072,2016-12-17 23:36:02-059,2016-12-17 23:36:02-061
Reason : RESTAPI.NoImplementionException: read failure
Success : SEQ_READ : test1\f71b43c3136efa4f\9f93e73d6896cb7b\6670af231c096f09,0:129,2016-12-17 23:36:02-061,2016-12-17 23:36:02-063
Success : LS : test2\a94a8fe5ccb19ba6\2a5bd02710e975a7\,0:-1,2016-12-17 23:36:02-063,2016-12-17 23:36:02-063
Success : CREATE_FILE : test2\a94a8fe5ccb19ba6\7F8EB0C5186340F5,0:1566684,2016-12-17 23:36:02-063,2016-12-17 23:36:02-486
Success : LS : test2\a94a8fe5ccb19ba6\,0:-1,2016-12-17 23:36:02-486,2016-12-17 23:36:02-487
Success : CREATE_FILE : test2\a94a8fe5ccb19ba6\22F3526A74CEBDEB,0:3145390,2016-12-17 23:36:02-487,2016-12-17 23:36:03-058
Success : SEQ_READ : test2\8da7cc13802eefe0,0:13465600,2016-12-17 23:36:03-059,2016-12-17 23:36:03-305
Fail : RANDOM_WRITE : test1\c5a5e5562b038073\fbe0d7653f0909cb,0:1024,2016-12-17 23:36:03-306,2016-12-17 23:36:03-308
Reason : RESTAPI.NoImplementionException: read failure
Success : LS : test2\a94a8fe5ccb19ba6\,0:-1,2016-12-17 23:36:03-308,2016-12-17 23:36:03-308
Success : CREATE_FILE : test2\a94a8fe5ccb19ba6\07EE914319C1A3C2,0:94134,2016-12-17 23:36:03-308,2016-12-17 23:36:03-496
Success : LS : test2\a94a8fe5ccb19ba6\,0:-1,2016-12-17 23:36:03-496,2016-12-17 23:36:03-496
Success : CREATE_FILE : test2\a94a8fe5ccb19ba6\2a5bd02710e975a7\3C45F64A06191912,0:2836204,2016-12-17 23:36:03-496,2016-12-17 23:36:04-181
Success : LS : test2\a94a8fe5ccb19ba6\2a5bd02710e975a7\,0:-1,2016-12-17 23:36:04-181,2016-12-17 23:36:04-181
Success : CREATE_FILE : test2\a94a8fe5ccb19ba6\15AA4535647025C4,0:530295,2016-12-17 23:36:04-182,2016-12-17 23:36:04-355
Success : LS : test2\a94a8fe5ccb19ba6\,0:-1,2016-12-17 23:36:04-355,2016-12-17 23:36:04-355
Success : CREATE_FILE : test2\a94a8fe5ccb19ba6\31F2280E32062679,0:2829837,2016-12-17 23:36:04-356,2016-12-17 23:36:04-921
Success : LS : test2\a94a8fe5ccb19ba6\,0:-1,2016-12-17 23:36:04-921,2016-12-17 23:36:04-921
Success : CREATE_FILE : test2\a94a8fe5ccb19ba6\2630DD7C41D5545E,0:575189,2016-12-17 23:36:04-923,2016-12-17 23:36:05-173
Fail : RANDOM_WRITE : test2\6c33a983eec1b409,0:0,2016-12-17 23:36:05-173,2016-12-17 23:36:05-176
Reason : RESTAPI.NoImplementionException: read failure
Success : RANDOM_WRITE : test1\c5a5e5562b038073\2015a7ab48ae9a58,0:14336,2016-12-17 23:36:05-176,2016-12-17 23:36:05-178
Success : LS : test2\a94a8fe5ccb19ba6\,0:-1,2016-12-17 23:36:05-179,2016-12-17 23:36:05-179
Success : CREATE_FILE : test2\a94a8fe5ccb19ba6\16F9550E408E7FAA,0:1869195,2016-12-17 23:36:05-180,2016-12-17 23:36:05-432
Success : LS : test2\a94a8fe5ccb19ba6\,0:-1,2016-12-17 23:36:05-432,2016-12-17 23:36:05-432
Success : CREATE_FILE : test2\a94a8fe5ccb19ba6\2091E930301A71BA,0:2753899,2016-12-17 23:36:05-433,2016-12-17 23:36:05-830
Success : LS : test2\a94a8fe5ccb19ba6\,0:-1,2016-12-17 23:36:05-831,2016-12-17 23:36:05-831
Success : CREATE_FILE : test2\a94a8fe5ccb19ba6\2718669D3867B410,0:2527237,2016-12-17 23:36:05-831,2016-12-17 23:36:06-067
Success : LS : test2\a94a8fe5ccb19ba6\,0:-1,2016-12-17 23:36:06-067,2016-12-17 23:36:06-067
Success : CREATE_FILE : test2\a94a8fe5ccb19ba6\450F1204375A7917,0:2087416,2016-12-17 23:36:06-068,2016-12-17 23:36:06-383
Success : LS : test2\a94a8fe5ccb19ba6\,0:-1,2016-12-17 23:36:06-383,2016-12-17 23:36:06-383
Success : CREATE_FILE : test2\a94a8fe5ccb19ba6\6BDB6A3979FC0C5E,0:3418672,2016-12-17 23:36:06-383,2016-12-17 23:36:06-664
Fail : RANDOM_WRITE : test1\c5a5e5562b038073\7b7f22b30cf50087,0:0,2016-12-17 23:36:06-664,2016-12-17 23:36:06-666
Reason : RESTAPI.NoImplementionException: read failure
Success : LS : test2\a94a8fe5ccb19ba6\,0:-1,2016-12-17 23:36:06-666,2016-12-17 23:36:06-666
Success : CREATE_FILE : test2\a94a8fe5ccb19ba6\2a5bd02710e975a7\134C83747B2649CF,0:12416,2016-12-17 23:36:06-667,2016-12-17 23:36:07-057
Success : LS : test2\a94a8fe5ccb19ba6\2a5bd02710e975a7\,0:-1,2016-12-17 23:36:07-058,2016-12-17 23:36:07-058
Success : CREATE_FILE : test2\a94a8fe5ccb19ba6\1F9CA45E2539E118,0:275047,2016-12-17 23:36:07-058,2016-12-17 23:36:07-218
Success : LS : test2\a94a8fe5ccb19ba6\,0:-1,2016-12-17 23:36:07-218,2016-12-17 23:36:07-218
Success : CREATE_FILE : test2\a94a8fe5ccb19ba6\03AC6C2A565BEA78,0:155949,2016-12-17 23:36:07-218,2016-12-17 23:36:07-396
Fail : RANDOM_WRITE : test2\acde102dac5bbe15,0:1024,2016-12-17 23:36:07-396,2016-12-17 23:36:07-398
Reason : RESTAPI.NoImplementionException: read failure
Success : LS : test2\a94a8fe5ccb19ba6\,0:-1,2016-12-17 23:36:07-398,2016-12-17 23:36:07-398
Success : CREATE_FILE : test2\a94a8fe5ccb19ba6\2a5bd02710e975a7\33D898056B26D49B,0:3165001,2016-12-17 23:36:07-399,2016-12-17 23:36:07-915
Success : LS : test2\a94a8fe5ccb19ba6\2a5bd02710e975a7\,0:-1,2016-12-17 23:36:07-915,2016-12-17 23:36:07-916
Success : CREATE_FILE : test2\a94a8fe5ccb19ba6\2E65F1CF084D1ED3,0:2016817,2016-12-17 23:36:07-916,2016-12-17 23:36:08-189
Success : LS : test2\a94a8fe5ccb19ba6\,0:-1,2016-12-17 23:36:08-189,2016-12-17 23:36:08-189
Success : CREATE_FILE : test2\a94a8fe5ccb19ba6\541A2B4707463E9A,0:3026144,2016-12-17 23:36:08-190,2016-12-17 23:36:09-273
Success : LS : test2\a94a8fe5ccb19ba6\,0:-1,2016-12-17 23:36:09-273,2016-12-17 23:36:09-273
Success : CREATE_FILE : test2\a94a8fe5ccb19ba6\2a5bd02710e975a7\240852C35F118359,0:2397574,2016-12-17 23:36:09-273,2016-12-17 23:36:10-015
Success : LS : test2\a94a8fe5ccb19ba6\2a5bd02710e975a7\,0:-1,2016-12-17 23:36:10-015,2016-12-17 23:36:10-016
Success : CREATE_FILE : test2\a94a8fe5ccb19ba6\3E1CAF7067018D67,0:2719534,2016-12-17 23:36:10-017,2016-12-17 23:36:10-531
Fail : SEQ_READ : test2\6c33a983eec1b409,0:0,2016-12-17 23:36:10-532,2016-12-17 23:36:10-534
Reason : RESTAPI.NoImplementionException: read failure
Fail : RANDOM_WRITE : test1\c5a5e5562b038073\b0c5d70d7f040bfa,0:6144,2016-12-17 23:36:10-534,2016-12-17 23:36:10-537
Reason : RESTAPI.NoImplementionException: read failure
Success : RANDOM_WRITE : test2\8da7cc13802eefe0,0:64512,2016-12-17 23:36:10-537,2016-12-17 23:36:10-540
Fail : RANDOM_WRITE : test2\a94a8fe5ccb19ba6\2a5bd02710e975a7\254d76d2609fec03,0:1024,2016-12-17 23:36:10-540,2016-12-17 23:36:10-542
Reason : RESTAPI.NoImplementionException: read failure
Success : LS : test2\a94a8fe5ccb19ba6\,0:-1,2016-12-17 23:36:10-542,2016-12-17 23:36:10-542
Success : CREATE_FILE : test2\a94a8fe5ccb19ba6\2a5bd02710e975a7\51FF7F2A452ADE45,0:1865653,2016-12-17 23:36:10-543,2016-12-17 23:36:11-000
Success : LS : test2\a94a8fe5ccb19ba6\2a5bd02710e975a7\,0:-1,2016-12-17 23:36:11-000,2016-12-17 23:36:11-000
Success : CREATE_FILE : test2\a94a8fe5ccb19ba6\2a5bd02710e975a7\491F7B1C662CA586,0:1741886,2016-12-17 23:36:11-001,2016-12-17 23:36:11-264
Fail : SEQ_READ : test1\c5a5e5562b038073\a39ea9c72a98de10\11562aa867a5f398,0:2048,2016-12-17 23:36:11-264,2016-12-17 23:36:11-266
Reason : RESTAPI.NoImplementionException: read failure
Success : SEQ_READ : test1\9832710c94f11d2b,0:27364352,2016-12-17 23:36:11-266,2016-12-17 23:36:11-764
Success : RANDOM_WRITE : test2\a94a8fe5ccb19ba6\4b6fcb2d521ef0fd,0:2048,2016-12-17 23:36:11-764,2016-12-17 23:36:11-766
Success : LS : test2\a94a8fe5ccb19ba6\2a5bd02710e975a7\,0:-1,2016-12-17 23:36:11-766,2016-12-17 23:36:11-766
Success : CREATE_FILE : test2\a94a8fe5ccb19ba6\2a5bd02710e975a7\478BCFAA4E230B5C,0:3307162,2016-12-17 23:36:11-766,2016-12-17 23:36:12-221
Success : LS : test2\a94a8fe5ccb19ba6\2a5bd02710e975a7\,0:-1,2016-12-17 23:36:12-221,2016-12-17 23:36:12-221
Success : CREATE_FILE : test2\a94a8fe5ccb19ba6\58B1E363025C82AC,0:1215892,2016-12-17 23:36:12-221,2016-12-17 23:36:12-541
Success : LS : test2\a94a8fe5ccb19ba6\,0:-1,2016-12-17 23:36:12-542,2016-12-17 23:36:12-542
Success : CREATE_FILE : test2\a94a8fe5ccb19ba6\2a5bd02710e975a7\3017299A1B09988A,0:2412707,2016-12-17 23:36:12-542,2016-12-17 23:36:12-828
Success : RANDOM_WRITE : test1\c5a5e5562b038073\f72cdbcd84f047a5,0:8192,2016-12-17 23:36:12-828,2016-12-17 23:36:12-830
Fail : SEQ_READ : test2\a94a8fe5ccb19ba6\2a5bd02710e975a7\3eef580036f1724a,0:257,2016-12-17 23:36:12-830,2016-12-17 23:36:12-833
Reason : RESTAPI.NoImplementionException: read failure
Success : SEQ_READ : test2\8da7cc13802eefe0,0:18145280,2016-12-17 23:36:12-833,2016-12-17 23:36:13-121
Fail : RANDOM_WRITE : test1\c5a5e5562b038073\2d77b1044a6c5c82,0:52224,2016-12-17 23:36:13-121,2016-12-17 23:36:13-122
Reason : RESTAPI.NoImplementionException: read failure
Success : LS : test2\a94a8fe5ccb19ba6\2a5bd02710e975a7\,0:-1,2016-12-17 23:36:13-122,2016-12-17 23:36:13-123
Success : CREATE_FILE : test2\a94a8fe5ccb19ba6\2EE8BD4248C4A6EE,0:971152,2016-12-17 23:36:13-123,2016-12-17 23:36:13-455
Success : LS : test2\a94a8fe5ccb19ba6\,0:-1,2016-12-17 23:36:13-455,2016-12-17 23:36:13-455
Success : CREATE_FILE : test2\a94a8fe5ccb19ba6\2a5bd02710e975a7\583E1B3E3C186D1D,0:3555437,2016-12-17 23:36:13-456,2016-12-17 23:36:13-820
Fail : RANDOM_WRITE : test2\49f03965cf98b1f5,0:1024,2016-12-17 23:36:13-820,2016-12-17 23:36:13-823
Reason : RESTAPI.NoImplementionException: read failure
Fail : RANDOM_WRITE : test2\a94a8fe5ccb19ba6\2a5bd02710e975a7\3eef580036f1724a,0:257,2016-12-17 23:36:13-823,2016-12-17 23:36:13-825
Reason : RESTAPI.NoImplementionException: read failure
Success : LS : test2\a94a8fe5ccb19ba6\2a5bd02710e975a7\,0:-1,2016-12-17 23:36:13-825,2016-12-17 23:36:13-825
Success : CREATE_FILE : test2\a94a8fe5ccb19ba6\2a5bd02710e975a7\312AC40A768BF294,0:339881,2016-12-17 23:36:13-825,2016-12-17 23:36:14-066
Success : LS : test2\a94a8fe5ccb19ba6\2a5bd02710e975a7\,0:-1,2016-12-17 23:36:14-067,2016-12-17 23:36:14-067
Success : CREATE_FILE : test2\a94a8fe5ccb19ba6\7ABA4D8A6140B8C8,0:3023846,2016-12-17 23:36:14-067,2016-12-17 23:36:14-480
Success : LS : test2\a94a8fe5ccb19ba6\,0:-1,2016-12-17 23:36:14-480,2016-12-17 23:36:14-481
Success : CREATE_FILE : test2\a94a8fe5ccb19ba6\2a5bd02710e975a7\60FE318F60F08B54,0:2358747,2016-12-17 23:36:14-481,2016-12-17 23:36:15-015
Fail : SEQ_READ : test2\6c33a983eec1b409,0:1024,2016-12-17 23:36:15-015,2016-12-17 23:36:15-017
Reason : RESTAPI.NoImplementionException: read failure
Success : LS : test2\a94a8fe5ccb19ba6\2a5bd02710e975a7\,0:-1,2016-12-17 23:36:15-017,2016-12-17 23:36:15-017
Success : CREATE_FILE : test2\a94a8fe5ccb19ba6\2a5bd02710e975a7\268B0FE10ECF46EB,0:656613,2016-12-17 23:36:15-018,2016-12-17 23:36:15-412
Success : LS : test2\a94a8fe5ccb19ba6\2a5bd02710e975a7\,0:-1,2016-12-17 23:36:15-412,2016-12-17 23:36:15-412
Success : CREATE_FILE : test2\a94a8fe5ccb19ba6\1125DD905553686B,0:2429212,2016-12-17 23:36:15-413,2016-12-17 23:36:15-896
Success : LS : test2\a94a8fe5ccb19ba6\,0:-1,2016-12-17 23:36:15-896,2016-12-17 23:36:15-896
Success : CREATE_FILE : test2\a94a8fe5ccb19ba6\4C91CBF4375376CC,0:1311595,2016-12-17 23:36:15-896,2016-12-17 23:36:16-439
Success : LS : test2\a94a8fe5ccb19ba6\,0:-1,2016-12-17 23:36:16-440,2016-12-17 23:36:16-440
Success : CREATE_FILE : test2\a94a8fe5ccb19ba6\33A7E8407A608FE0,0:752663,2016-12-17 23:36:16-441,2016-12-17 23:36:16-749
Success : LS : test2\a94a8fe5ccb19ba6\,0:-1,2016-12-17 23:36:16-750,2016-12-17 23:36:16-751
Success : CREATE_FILE : test2\a94a8fe5ccb19ba6\28191827419AFCE7,0:2794940,2016-12-17 23:36:16-751,2016-12-17 23:36:17-077
Fail : SEQ_READ : test1\c5a5e5562b038073\fbe0d7653f0909cb,0:0,2016-12-17 23:36:17-077,2016-12-17 23:36:17-079
Reason : RESTAPI.NoImplementionException: read failure
Success : SEQ_READ : test1\c5a5e5562b038073\f72cdbcd84f047a5,0:4096,2016-12-17 23:36:17-079,2016-12-17 23:36:17-080
Success : LS : test2\a94a8fe5ccb19ba6\,0:-1,2016-12-17 23:36:17-080,2016-12-17 23:36:17-080
Success : CREATE_FILE : test2\a94a8fe5ccb19ba6\2a5bd02710e975a7\1417E9684220515F,0:196675,2016-12-17 23:36:17-080,2016-12-17 23:36:17-384
Success : LS : test2\a94a8fe5ccb19ba6\2a5bd02710e975a7\,0:-1,2016-12-17 23:36:17-385,2016-12-17 23:36:17-385
Success : CREATE_FILE : test2\a94a8fe5ccb19ba6\2a5bd02710e975a7\4A4F0346326B430B,0:3280552,2016-12-17 23:36:17-385,2016-12-17 23:36:17-751
Success : LS : test2\a94a8fe5ccb19ba6\2a5bd02710e975a7\,0:-1,2016-12-17 23:36:17-751,2016-12-17 23:36:17-751
Success : CREATE_FILE : test2\a94a8fe5ccb19ba6\7AA16D6776633312,0:3382123,2016-12-17 23:36:17-751,2016-12-17 23:36:18-246
Success : LS : test2\a94a8fe5ccb19ba6\,0:-1,2016-12-17 23:36:18-246,2016-12-17 23:36:18-246
Success : CREATE_FILE : test2\a94a8fe5ccb19ba6\2a5bd02710e975a7\3EB7FEF37AF66419,0:2809362,2016-12-17 23:36:18-246,2016-12-17 23:36:18-592
Fail : RANDOM_WRITE : test1\c5a5e5562b038073\b0c5d70d7f040bfa,0:17408,2016-12-17 23:36:18-592,2016-12-17 23:36:18-594
Reason : RESTAPI.NoImplementionException: read failure
Fail : SEQ_READ : test1\c5a5e5562b038073\3c16ab634e85296e,0:34816,2016-12-17 23:36:18-594,2016-12-17 23:36:18-596
Reason : RESTAPI.NoImplementionException: read failure
Fail : SEQ_READ : test2\49f03965cf98b1f5,0:0,2016-12-17 23:36:18-596,2016-12-17 23:36:18-598
Reason : RESTAPI.NoImplementionException: read failure
Success : LS : test2\a94a8fe5ccb19ba6\2a5bd02710e975a7\,0:-1,2016-12-17 23:36:18-598,2016-12-17 23:36:18-598
Success : CREATE_FILE : test2\a94a8fe5ccb19ba6\5A6E4F37462BB092,0:1572366,2016-12-17 23:36:18-598,2016-12-17 23:36:19-076
Success : LS : test2\a94a8fe5ccb19ba6\,0:-1,2016-12-17 23:36:19-076,2016-12-17 23:36:19-076
Success : CREATE_FILE : test2\a94a8fe5ccb19ba6\6A63ECBE5513B8FA,0:2477239,2016-12-17 23:36:19-076,2016-12-17 23:36:19-547
Success : LS : test2\a94a8fe5ccb19ba6\,0:-1,2016-12-17 23:36:19-547,2016-12-17 23:36:19-547
Success : CREATE_FILE : test2\a94a8fe5ccb19ba6\58E4263845E15B43,0:746750,2016-12-17 23:36:19-548,2016-12-17 23:36:19-792
Success : LS : test2\a94a8fe5ccb19ba6\,0:-1,2016-12-17 23:36:19-792,2016-12-17 23:36:19-792
Success : CREATE_FILE : test2\a94a8fe5ccb19ba6\2a5bd02710e975a7\0E688B374D960DA8,0:3241760,2016-12-17 23:36:19-793,2016-12-17 23:36:20-183
Success : RANDOM_WRITE : test1\c5a5e5562b038073\2015a7ab48ae9a58,0:1024,2016-12-17 23:36:20-183,2016-12-17 23:36:20-184
Fail : SEQ_READ : test2\49f03965cf98b1f5,0:0,2016-12-17 23:36:20-184,2016-12-17 23:36:20-186
Reason : RESTAPI.NoImplementionException: read failure
Success : LS : test2\a94a8fe5ccb19ba6\2a5bd02710e975a7\,0:-1,2016-12-17 23:36:20-186,2016-12-17 23:36:20-186
Success : CREATE_FILE : test2\a94a8fe5ccb19ba6\2a5bd02710e975a7\0391A9E46D622466,0:3818972,2016-12-17 23:36:20-186,2016-12-17 23:36:20-912
Success : LS : test2\a94a8fe5ccb19ba6\2a5bd02710e975a7\,0:-1,2016-12-17 23:36:20-912,2016-12-17 23:36:20-912
Success : CREATE_FILE : test2\a94a8fe5ccb19ba6\2a5bd02710e975a7\534437C9112BC72A,0:2041244,2016-12-17 23:36:20-913,2016-12-17 23:36:21-280
Success : LS : test2\a94a8fe5ccb19ba6\2a5bd02710e975a7\,0:-1,2016-12-17 23:36:21-280,2016-12-17 23:36:21-280
Success : CREATE_FILE : test2\a94a8fe5ccb19ba6\7DD326654BAB0347,0:2599534,2016-12-17 23:36:21-280,2016-12-17 23:36:21-700
Success : LS : test2\a94a8fe5ccb19ba6\,0:-1,2016-12-17 23:36:21-700,2016-12-17 23:36:21-700
Success : CREATE_FILE : test2\a94a8fe5ccb19ba6\2a5bd02710e975a7\5CC48DCE6BFDC012,0:2208902,2016-12-17 23:36:21-701,2016-12-17 23:36:22-644
Success : LS : test2\a94a8fe5ccb19ba6\2a5bd02710e975a7\,0:-1,2016-12-17 23:36:22-644,2016-12-17 23:36:22-644
Success : CREATE_FILE : test2\a94a8fe5ccb19ba6\66E8C53E01298E5E,0:1312345,2016-12-17 23:36:22-644,2016-12-17 23:36:23-042
Fail : SEQ_READ : test2\a94a8fe5ccb19ba6\2a5bd02710e975a7\254d76d2609fec03,0:1024,2016-12-17 23:36:23-042,2016-12-17 23:36:23-044
Reason : RESTAPI.NoImplementionException: read failure
Success : LS : test2\a94a8fe5ccb19ba6\,0:-1,2016-12-17 23:36:23-044,2016-12-17 23:36:23-044
Success : CREATE_FILE : test2\a94a8fe5ccb19ba6\6AF648293342337E,0:3541396,2016-12-17 23:36:23-044,2016-12-17 23:36:23-505
Success : LS : test2\a94a8fe5ccb19ba6\,0:-1,2016-12-17 23:36:23-505,2016-12-17 23:36:23-505
Success : CREATE_FILE : test2\a94a8fe5ccb19ba6\59F4CA910ECAC522,0:929916,2016-12-17 23:36:23-506,2016-12-17 23:36:24-103
Success : LS : test2\a94a8fe5ccb19ba6\,0:-1,2016-12-17 23:36:24-104,2016-12-17 23:36:24-104
Success : CREATE_FILE : test2\a94a8fe5ccb19ba6\3DF98323332E3BE2,0:428369,2016-12-17 23:36:24-104,2016-12-17 23:36:24-381
Success : LS : test2\a94a8fe5ccb19ba6\,0:-1,2016-12-17 23:36:24-381,2016-12-17 23:36:24-381
Success : CREATE_FILE : test2\a94a8fe5ccb19ba6\2a5bd02710e975a7\3A10B74E70D80D3F,0:2740551,2016-12-17 23:36:24-381,2016-12-17 23:36:25-006
Fail : RANDOM_WRITE : test2\a94a8fe5ccb19ba6\2a5bd02710e975a7\3eef580036f1724a,0:257,2016-12-17 23:36:25-006,2016-12-17 23:36:25-008
Reason : RESTAPI.NoImplementionException: read failure
Fail : SEQ_READ : test1\c5a5e5562b038073\c7abaf0419c47a1d,0:333824,2016-12-17 23:36:25-008,2016-12-17 23:36:25-009
Reason : RESTAPI.NoImplementionException: read failure
Success : RANDOM_WRITE : test2\8da7cc13802eefe0,0:17408,2016-12-17 23:36:25-010,2016-12-17 23:36:25-012
Success : LS : test2\a94a8fe5ccb19ba6\2a5bd02710e975a7\,0:-1,2016-12-17 23:36:25-012,2016-12-17 23:36:25-012
Success : CREATE_FILE : test2\a94a8fe5ccb19ba6\2a5bd02710e975a7\1F349142171F17BC,0:1115216,2016-12-17 23:36:25-012,2016-12-17 23:36:25-277
Success : LS : test2\a94a8fe5ccb19ba6\2a5bd02710e975a7\,0:-1,2016-12-17 23:36:25-277,2016-12-17 23:36:25-277
Success : CREATE_FILE : test2\a94a8fe5ccb19ba6\1B9CA81A54D283DA,0:2816803,2016-12-17 23:36:25-277,2016-12-17 23:36:25-597
Success : LS : test2\a94a8fe5ccb19ba6\,0:-1,2016-12-17 23:36:25-597,2016-12-17 23:36:25-597
Success : CREATE_FILE : test2\a94a8fe5ccb19ba6\1F86B8D20B2DC5A0,0:2345950,2016-12-17 23:36:25-598,2016-12-17 23:36:25-917
Fail : RANDOM_WRITE : test2\6c33a983eec1b409,0:1024,2016-12-17 23:36:25-917,2016-12-17 23:36:25-918
Reason : RESTAPI.NoImplementionException: read failure
Success : LS : test2\a94a8fe5ccb19ba6\,0:-1,2016-12-17 23:36:25-919,2016-12-17 23:36:25-919
Success : CREATE_FILE : test2\a94a8fe5ccb19ba6\2a5bd02710e975a7\31A862ED34128C42,0:279545,2016-12-17 23:36:25-919,2016-12-17 23:36:26-121
Success : LS : test2\a94a8fe5ccb19ba6\2a5bd02710e975a7\,0:-1,2016-12-17 23:36:26-121,2016-12-17 23:36:26-121
Success : CREATE_FILE : test2\a94a8fe5ccb19ba6\233E29491BC58795,0:1792597,2016-12-17 23:36:26-121,2016-12-17 23:36:26-410
Success : LS : test2\a94a8fe5ccb19ba6\,0:-1,2016-12-17 23:36:26-410,2016-12-17 23:36:26-410
Success : CREATE_FILE : test2\a94a8fe5ccb19ba6\6E3B34D043DD363E,0:3037819,2016-12-17 23:36:26-410,2016-12-17 23:36:27-059
Success : LS : test2\a94a8fe5ccb19ba6\,0:-1,2016-12-17 23:36:27-059,2016-12-17 23:36:27-059
Success : CREATE_FILE : test2\a94a8fe5ccb19ba6\2a5bd02710e975a7\6F67957771153836,0:2519601,2016-12-17 23:36:27-059,2016-12-17 23:36:27-422
Success : LS : test2\a94a8fe5ccb19ba6\2a5bd02710e975a7\,0:-1,2016-12-17 23:36:27-422,2016-12-17 23:36:27-422
Success : CREATE_FILE : test2\a94a8fe5ccb19ba6\2a5bd02710e975a7\3E8E15A62DE119D7,0:3171245,2016-12-17 23:36:27-422,2016-12-17 23:36:28-189
Fail : SEQ_READ : test1\c5a5e5562b038073\a39ea9c72a98de10\11562aa867a5f398,0:1024,2016-12-17 23:36:28-190,2016-12-17 23:36:28-191
Reason : RESTAPI.NoImplementionException: read failure
Success : LS : test2\a94a8fe5ccb19ba6\2a5bd02710e975a7\,0:-1,2016-12-17 23:36:28-191,2016-12-17 23:36:28-191
Success : CREATE_FILE : test2\a94a8fe5ccb19ba6\59C4C5BD045A085F,0:1567574,2016-12-17 23:36:28-192,2016-12-17 23:36:28-684
Success : LS : test2\a94a8fe5ccb19ba6\,0:-1,2016-12-17 23:36:28-684,2016-12-17 23:36:28-684
Success : CREATE_FILE : test2\a94a8fe5ccb19ba6\72F6500C18AA4B43,0:2593812,2016-12-17 23:36:28-684,2016-12-17 23:36:29-325
Success : LS : test2\a94a8fe5ccb19ba6\,0:-1,2016-12-17 23:36:29-326,2016-12-17 23:36:29-326
Success : CREATE_FILE : test2\a94a8fe5ccb19ba6\536E3902441A2279,0:3056599,2016-12-17 23:36:29-326,2016-12-17 23:36:29-878
Success : LS : test2\a94a8fe5ccb19ba6\,0:-1,2016-12-17 23:36:29-878,2016-12-17 23:36:29-878
Success : CREATE_FILE : test2\a94a8fe5ccb19ba6\6A0E74025CB12551,0:3585734,2016-12-17 23:36:29-879,2016-12-17 23:36:30-353
Success : LS : test2\a94a8fe5ccb19ba6\,0:-1,2016-12-17 23:36:30-353,2016-12-17 23:36:30-353
Success : CREATE_FILE : test2\a94a8fe5ccb19ba6\6C050403443CBB55,0:504091,2016-12-17 23:36:30-354,2016-12-17 23:36:30-724
Fail : SEQ_READ : test1\c5a5e5562b038073\c7abaf0419c47a1d,0:193536,2016-12-17 23:36:30-725,2016-12-17 23:36:30-726
Reason : RESTAPI.NoImplementionException: read failure
Success : LS : test2\a94a8fe5ccb19ba6\,0:-1,2016-12-17 23:36:30-726,2016-12-17 23:36:30-726
Success : CREATE_FILE : test2\a94a8fe5ccb19ba6\374DF85D3EC7BD7B,0:2904079,2016-12-17 23:36:30-727,2016-12-17 23:36:31-121
Success : LS : test2\a94a8fe5ccb19ba6\,0:-1,2016-12-17 23:36:31-122,2016-12-17 23:36:31-122
Success : CREATE_FILE : test2\a94a8fe5ccb19ba6\2a5bd02710e975a7\5787CDE5334C5592,0:3831201,2016-12-17 23:36:31-122,2016-12-17 23:36:31-558
Success : LS : test2\a94a8fe5ccb19ba6\2a5bd02710e975a7\,0:-1,2016-12-17 23:36:31-558,2016-12-17 23:36:31-558
Success : CREATE_FILE : test2\a94a8fe5ccb19ba6\162E824D4C745037,0:1883504,2016-12-17 23:36:31-559,2016-12-17 23:36:31-821
Success : LS : test2\a94a8fe5ccb19ba6\,0:-1,2016-12-17 23:36:31-821,2016-12-17 23:36:31-821
Success : CREATE_FILE : test2\a94a8fe5ccb19ba6\0CD69B145345DD21,0:3538961,2016-12-17 23:36:31-821,2016-12-17 23:36:32-168
Success : LS : test2\a94a8fe5ccb19ba6\,0:-1,2016-12-17 23:36:32-169,2016-12-17 23:36:32-169
Success : CREATE_FILE : test2\a94a8fe5ccb19ba6\2a5bd02710e975a7\4861EDCB14E2A1B3,0:3896277,2016-12-17 23:36:32-169,2016-12-17 23:36:32-842
Success : LS : test2\a94a8fe5ccb19ba6\2a5bd02710e975a7\,0:-1,2016-12-17 23:36:32-842,2016-12-17 23:36:32-842
Success : CREATE_FILE : test2\a94a8fe5ccb19ba6\2a5bd02710e975a7\785CA14C381A94B6,0:1756098,2016-12-17 23:36:32-843,2016-12-17 23:36:33-153
Fail : RANDOM_WRITE : test1\c5a5e5562b038073\0189424a5a60fed3\feb6a1968982109d,0:24576,2016-12-17 23:36:33-153,2016-12-17 23:36:33-155
Reason : RESTAPI.NoImplementionException: read failure
Success : LS : test2\a94a8fe5ccb19ba6\2a5bd02710e975a7\,0:-1,2016-12-17 23:36:33-155,2016-12-17 23:36:33-156
Success : CREATE_FILE : test2\a94a8fe5ccb19ba6\272C8C112309F11F,0:3168861,2016-12-17 23:36:33-156,2016-12-17 23:36:33-498
Success : LS : test2\a94a8fe5ccb19ba6\,0:-1,2016-12-17 23:36:33-498,2016-12-17 23:36:33-498
Success : CREATE_FILE : test2\a94a8fe5ccb19ba6\2a5bd02710e975a7\24ADAC0D7FD4CD64,0:1810114,2016-12-17 23:36:33-498,2016-12-17 23:36:33-932
Success : LS : test2\a94a8fe5ccb19ba6\2a5bd02710e975a7\,0:-1,2016-12-17 23:36:33-932,2016-12-17 23:36:33-932
Success : CREATE_FILE : test2\a94a8fe5ccb19ba6\2a5bd02710e975a7\787D5E471AEEA020,0:1286260,2016-12-17 23:36:33-932,2016-12-17 23:36:35-157
Success : LS : test2\a94a8fe5ccb19ba6\2a5bd02710e975a7\,0:-1,2016-12-17 23:36:35-157,2016-12-17 23:36:35-158
Success : CREATE_FILE : test2\a94a8fe5ccb19ba6\45038B8C75AEC366,0:3222106,2016-12-17 23:36:35-158,2016-12-17 23:36:35-870
Success : LS : test2\a94a8fe5ccb19ba6\,0:-1,2016-12-17 23:36:35-870,2016-12-17 23:36:35-870
Success : CREATE_FILE : test2\a94a8fe5ccb19ba6\2a5bd02710e975a7\5953695E4828B3F2,0:2999956,2016-12-17 23:36:35-871,2016-12-17 23:36:36-150
Fail : RANDOM_WRITE : test1\c5a5e5562b038073\a39ea9c72a98de10\41288c58009f7f6a,0:477,2016-12-17 23:36:36-150,2016-12-17 23:36:36-152
Reason : RESTAPI.NoImplementionException: read failure
Fail : SEQ_READ : test1\c5a5e5562b038073\c7abaf0419c47a1d,0:378880,2016-12-17 23:36:36-152,2016-12-17 23:36:36-155
Reason : RESTAPI.NoImplementionException: read failure
Success : LS : test2\a94a8fe5ccb19ba6\2a5bd02710e975a7\,0:-1,2016-12-17 23:36:36-155,2016-12-17 23:36:36-155
Success : CREATE_FILE : test2\a94a8fe5ccb19ba6\2a5bd02710e975a7\361715F14449A5DA,0:184334,2016-12-17 23:36:36-155,2016-12-17 23:36:36-368
Success : LS : test2\a94a8fe5ccb19ba6\2a5bd02710e975a7\,0:-1,2016-12-17 23:36:36-369,2016-12-17 23:36:36-369
Success : CREATE_FILE : test2\a94a8fe5ccb19ba6\1E88250D64EAE8EE,0:1439110,2016-12-17 23:36:36-369,2016-12-17 23:36:36-647
Success : LS : test2\a94a8fe5ccb19ba6\,0:-1,2016-12-17 23:36:36-647,2016-12-17 23:36:36-647
Success : CREATE_FILE : test2\a94a8fe5ccb19ba6\4AD40DFD09BB5D9F,0:1974961,2016-12-17 23:36:36-647,2016-12-17 23:36:37-016
Success : LS : test2\a94a8fe5ccb19ba6\,0:-1,2016-12-17 23:36:37-016,2016-12-17 23:36:37-016
Success : CREATE_FILE : test2\a94a8fe5ccb19ba6\4043626155D5035B,0:885926,2016-12-17 23:36:37-017,2016-12-17 23:36:37-308
Fail : RANDOM_WRITE : test1\f71b43c3136efa4f\c7d9912886e5ccc7\6670af231c096f09,0:129,2016-12-17 23:36:37-308,2016-12-17 23:36:37-309
Reason : RESTAPI.NoImplementionException: read failure
Fail : RANDOM_WRITE : test2\a94a8fe5ccb19ba6\4b6fcb2d521ef0fd,0:0,2016-12-17 23:36:37-309,2016-12-17 23:36:37-311
Reason : RESTAPI.NoImplementionException: read failure
Success : LS : test2\a94a8fe5ccb19ba6\,0:-1,2016-12-17 23:36:37-311,2016-12-17 23:36:37-311
Success : CREATE_FILE : test2\a94a8fe5ccb19ba6\2a5bd02710e975a7\49D3D0382CF524DB,0:3863604,2016-12-17 23:36:37-311,2016-12-17 23:36:37-823
Success : LS : test2\a94a8fe5ccb19ba6\2a5bd02710e975a7\,0:-1,2016-12-17 23:36:37-824,2016-12-17 23:36:37-824
Success : CREATE_FILE : test2\a94a8fe5ccb19ba6\2D9AE8DD40F6E50A,0:3739123,2016-12-17 23:36:37-824,2016-12-17 23:36:38-673
Success : LS : test2\a94a8fe5ccb19ba6\,0:-1,2016-12-17 23:36:38-673,2016-12-17 23:36:38-673
Success : CREATE_FILE : test2\a94a8fe5ccb19ba6\2a5bd02710e975a7\7F835FC22323CD30,0:2501095,2016-12-17 23:36:38-673,2016-12-17 23:36:39-274
Success : LS : test2\a94a8fe5ccb19ba6\2a5bd02710e975a7\,0:-1,2016-12-17 23:36:39-274,2016-12-17 23:36:39-274
Success : CREATE_FILE : test2\a94a8fe5ccb19ba6\7C495A1C4B77DDBA,0:3027598,2016-12-17 23:36:39-274,2016-12-17 23:36:39-688
Success : LS : test2\a94a8fe5ccb19ba6\,0:-1,2016-12-17 23:36:39-688,2016-12-17 23:36:39-688
Success : CREATE_FILE : test2\a94a8fe5ccb19ba6\0603CF2A6A2BDCD5,0:3209723,2016-12-17 23:36:39-688,2016-12-17 23:36:40-502
Success : LS : test2\a94a8fe5ccb19ba6\,0:-1,2016-12-17 23:36:40-502,2016-12-17 23:36:40-502
Success : CREATE_FILE : test2\a94a8fe5ccb19ba6\2a5bd02710e975a7\3A2823BE1713681C,0:1148569,2016-12-17 23:36:40-502,2016-12-17 23:36:41-342
Success : LS : test2\a94a8fe5ccb19ba6\2a5bd02710e975a7\,0:-1,2016-12-17 23:36:41-342,2016-12-17 23:36:41-342
Success : CREATE_FILE : test2\a94a8fe5ccb19ba6\474DC9840A72581C,0:3484947,2016-12-17 23:36:41-343,2016-12-17 23:36:41-893
Success : LS : test2\a94a8fe5ccb19ba6\,0:-1,2016-12-17 23:36:41-894,2016-12-17 23:36:41-894
Success : CREATE_FILE : test2\a94a8fe5ccb19ba6\2a5bd02710e975a7\49D517166269500C,0:873354,2016-12-17 23:36:41-894,2016-12-17 23:36:42-179
Success : LS : test2\a94a8fe5ccb19ba6\2a5bd02710e975a7\,0:-1,2016-12-17 23:36:42-179,2016-12-17 23:36:42-179
Success : CREATE_FILE : test2\a94a8fe5ccb19ba6\2a5bd02710e975a7\2EC11C52169B0127,0:3946312,2016-12-17 23:36:42-179,2016-12-17 23:36:42-622
Success : LS : test2\a94a8fe5ccb19ba6\2a5bd02710e975a7\,0:-1,2016-12-17 23:36:42-622,2016-12-17 23:36:42-622
Success : CREATE_FILE : test2\a94a8fe5ccb19ba6\337F78B174BA4A71,0:922728,2016-12-17 23:36:42-622,2016-12-17 23:36:42-891
Success : LS : test2\a94a8fe5ccb19ba6\,0:-1,2016-12-17 23:36:42-891,2016-12-17 23:36:42-891
Success : CREATE_FILE : test2\a94a8fe5ccb19ba6\2a5bd02710e975a7\795427105677D17E,0:3172439,2016-12-17 23:36:42-891,2016-12-17 23:36:43-231
Success : LS : test2\a94a8fe5ccb19ba6\2a5bd02710e975a7\,0:-1,2016-12-17 23:36:43-231,2016-12-17 23:36:43-231
Success : CREATE_FILE : test2\a94a8fe5ccb19ba6\2a5bd02710e975a7\515115EA0E005C69,0:3323153,2016-12-17 23:36:43-232,2016-12-17 23:36:43-543
Success : LS : test2\a94a8fe5ccb19ba6\2a5bd02710e975a7\,0:-1,2016-12-17 23:36:43-544,2016-12-17 23:36:43-544
Success : CREATE_FILE : test2\a94a8fe5ccb19ba6\2a5bd02710e975a7\0D2785F66EB600E7,0:30727,2016-12-17 23:36:43-544,2016-12-17 23:36:43-733
Success : LS : test2\a94a8fe5ccb19ba6\2a5bd02710e975a7\,0:-1,2016-12-17 23:36:43-733,2016-12-17 23:36:43-733
Success : CREATE_FILE : test2\a94a8fe5ccb19ba6\02D17B9E296276A8,0:3732146,2016-12-17 23:36:43-733,2016-12-17 23:36:44-160
Success : LS : test2\a94a8fe5ccb19ba6\,0:-1,2016-12-17 23:36:44-160,2016-12-17 23:36:44-160
Success : CREATE_FILE : test2\a94a8fe5ccb19ba6\4EB59FF91B4CB07A,0:3788102,2016-12-17 23:36:44-160,2016-12-17 23:36:44-514
Success : LS : test2\a94a8fe5ccb19ba6\,0:-1,2016-12-17 23:36:44-514,2016-12-17 23:36:44-514
Success : CREATE_FILE : test2\a94a8fe5ccb19ba6\2a5bd02710e975a7\2D17626239CC05CC,0:3409866,2016-12-17 23:36:44-514,2016-12-17 23:36:44-941
Fail : RANDOM_WRITE : test2\49f03965cf98b1f5,0:1024,2016-12-17 23:36:44-941,2016-12-17 23:36:44-943
Reason : RESTAPI.NoImplementionException: read failure
Success : LS : test2\a94a8fe5ccb19ba6\2a5bd02710e975a7\,0:-1,2016-12-17 23:36:44-943,2016-12-17 23:36:44-943
Success : CREATE_FILE : test2\a94a8fe5ccb19ba6\7BEA98D526520290,0:1859590,2016-12-17 23:36:44-943,2016-12-17 23:36:45-219
Success : LS : test2\a94a8fe5ccb19ba6\,0:-1,2016-12-17 23:36:45-220,2016-12-17 23:36:45-220
Success : CREATE_FILE : test2\a94a8fe5ccb19ba6\2a5bd02710e975a7\5A87BA0D6C3B445D,0:3434503,2016-12-17 23:36:45-220,2016-12-17 23:36:45-816
Success : LS : test2\a94a8fe5ccb19ba6\2a5bd02710e975a7\,0:-1,2016-12-17 23:36:45-817,2016-12-17 23:36:45-817
Success : CREATE_FILE : test2\a94a8fe5ccb19ba6\2a5bd02710e975a7\486F48F02F72559A,0:123890,2016-12-17 23:36:45-817,2016-12-17 23:36:46-218
Success : LS : test2\a94a8fe5ccb19ba6\2a5bd02710e975a7\,0:-1,2016-12-17 23:36:46-218,2016-12-17 23:36:46-218
Success : CREATE_FILE : test2\a94a8fe5ccb19ba6\2a5bd02710e975a7\7A298BB15DBBED3F,0:856435,2016-12-17 23:36:46-219,2016-12-17 23:36:47-184
Fail : RANDOM_WRITE : test1\c5a5e5562b038073\68ad3077ff5a452a,0:383,2016-12-17 23:36:47-184,2016-12-17 23:36:47-187
Reason : RESTAPI.NoImplementionException: read failure
Fail : SEQ_READ : test1\c5a5e5562b038073\a39ea9c72a98de10\aa61f113a9b13deb,0:438,2016-12-17 23:36:47-187,2016-12-17 23:36:47-190
Reason : RESTAPI.NoImplementionException: read failure
Success : LS : test2\a94a8fe5ccb19ba6\2a5bd02710e975a7\,0:-1,2016-12-17 23:36:47-190,2016-12-17 23:36:47-190
Success : CREATE_FILE : test2\a94a8fe5ccb19ba6\2a5bd02710e975a7\3FF1E6E228D55376,0:3801718,2016-12-17 23:36:47-191,2016-12-17 23:36:47-674
Success : LS : test2\a94a8fe5ccb19ba6\2a5bd02710e975a7\,0:-1,2016-12-17 23:36:47-674,2016-12-17 23:36:47-674
Success : CREATE_FILE : test2\a94a8fe5ccb19ba6\2a5bd02710e975a7\15B4FF7B6011B53F,0:1207343,2016-12-17 23:36:47-674,2016-12-17 23:36:48-078
Success : LS : test2\a94a8fe5ccb19ba6\2a5bd02710e975a7\,0:-1,2016-12-17 23:36:48-078,2016-12-17 23:36:48-078
Success : CREATE_FILE : test2\a94a8fe5ccb19ba6\2a5bd02710e975a7\52F7634D440B77DA,0:871336,2016-12-17 23:36:48-079,2016-12-17 23:36:48-299
Success : LS : test2\a94a8fe5ccb19ba6\2a5bd02710e975a7\,0:-1,2016-12-17 23:36:48-299,2016-12-17 23:36:48-299
Success : CREATE_FILE : test2\a94a8fe5ccb19ba6\4144C3B371CA71A8,0:37466,2016-12-17 23:36:48-300,2016-12-17 23:36:48-461
Fail : SEQ_READ : test1\c5a5e5562b038073\0189424a5a60fed3\feb6a1968982109d,0:13114368,2016-12-17 23:36:48-461,2016-12-17 23:36:48-473
Reason : RESTAPI.NoImplementionException: read failure
Fail : SEQ_READ : test1\c5a5e5562b038073\0caa882bd1034750,0:57344,2016-12-17 23:36:48-473,2016-12-17 23:36:48-474
Reason : RESTAPI.NoImplementionException: read failure
Success : LS : test2\a94a8fe5ccb19ba6\,0:-1,2016-12-17 23:36:48-475,2016-12-17 23:36:48-475
Success : CREATE_FILE : test2\a94a8fe5ccb19ba6\1262FE1413A95CCF,0:3821267,2016-12-17 23:36:48-475,2016-12-17 23:36:48-864
Success : LS : test2\a94a8fe5ccb19ba6\,0:-1,2016-12-17 23:36:48-864,2016-12-17 23:36:48-864
Success : CREATE_FILE : test2\a94a8fe5ccb19ba6\2a5bd02710e975a7\3ADA1FCA463CDAAD,0:733411,2016-12-17 23:36:48-864,2016-12-17 23:36:49-196
Success : LS : test2\a94a8fe5ccb19ba6\2a5bd02710e975a7\,0:-1,2016-12-17 23:36:49-196,2016-12-17 23:36:49-196
Success : CREATE_FILE : test2\a94a8fe5ccb19ba6\7C979B74028B81DB,0:3426286,2016-12-17 23:36:49-196,2016-12-17 23:36:49-660
Success : LS : test2\a94a8fe5ccb19ba6\,0:-1,2016-12-17 23:36:49-661,2016-12-17 23:36:49-661
Success : CREATE_FILE : test2\a94a8fe5ccb19ba6\777142DE0D63C560,0:2605923,2016-12-17 23:36:49-661,2016-12-17 23:36:50-451
Fail : RANDOM_WRITE : test1\f71b43c3136efa4f\83404ffd78f534ff\6670af231c096f09,0:129,2016-12-17 23:36:50-451,2016-12-17 23:36:50-454
Reason : RESTAPI.NoImplementionException: read failure
Success : LS : test2\a94a8fe5ccb19ba6\,0:-1,2016-12-17 23:36:50-454,2016-12-17 23:36:50-454
Success : CREATE_FILE : test2\a94a8fe5ccb19ba6\2a5bd02710e975a7\61CF0CB7715C2326,0:1847329,2016-12-17 23:36:50-455,2016-12-17 23:36:50-713
Success : LS : test2\a94a8fe5ccb19ba6\2a5bd02710e975a7\,0:-1,2016-12-17 23:36:50-713,2016-12-17 23:36:50-713
Success : CREATE_FILE : test2\a94a8fe5ccb19ba6\2a5bd02710e975a7\5E812F9E0B56F5D0,0:2968536,2016-12-17 23:36:50-713,2016-12-17 23:36:51-076
Success : LS : test2\a94a8fe5ccb19ba6\2a5bd02710e975a7\,0:-1,2016-12-17 23:36:51-076,2016-12-17 23:36:51-076
Success : CREATE_FILE : test2\a94a8fe5ccb19ba6\7055476A7824D3CA,0:2677751,2016-12-17 23:36:51-077,2016-12-17 23:36:51-427
Success : LS : test2\a94a8fe5ccb19ba6\,0:-1,2016-12-17 23:36:51-427,2016-12-17 23:36:51-427
Success : CREATE_FILE : test2\a94a8fe5ccb19ba6\2a5bd02710e975a7\68411BC166C919A2,0:1946847,2016-12-17 23:36:51-427,2016-12-17 23:36:51-696
Success : LS : test2\a94a8fe5ccb19ba6\2a5bd02710e975a7\,0:-1,2016-12-17 23:36:51-696,2016-12-17 23:36:51-696
Success : CREATE_FILE : test2\a94a8fe5ccb19ba6\34BE74F722AC15CF,0:3698826,2016-12-17 23:36:51-696,2016-12-17 23:36:52-078
Fail : SEQ_READ : test2\a94a8fe5ccb19ba6\2a5bd02710e975a7\254d76d2609fec03,0:0,2016-12-17 23:36:52-078,2016-12-17 23:36:52-080
Reason : RESTAPI.NoImplementionException: read failure
Success : SEQ_READ : test1\c5a5e5562b038073\05d1f0ed74e78555,0:14336,2016-12-17 23:36:52-080,2016-12-17 23:36:52-082
Fail : SEQ_READ : test1\c5a5e5562b038073\a39ea9c72a98de10\f398de59988a85e5,0:3072,2016-12-17 23:36:52-082,2016-12-17 23:36:52-084
Reason : RESTAPI.NoImplementionException: read failure
Success : LS : test2\a94a8fe5ccb19ba6\,0:-1,2016-12-17 23:36:52-084,2016-12-17 23:36:52-084
Success : CREATE_FILE : test2\a94a8fe5ccb19ba6\2a5bd02710e975a7\729E043D4FB42276,0:272922,2016-12-17 23:36:52-085,2016-12-17 23:36:52-283
Success : LS : test2\a94a8fe5ccb19ba6\2a5bd02710e975a7\,0:-1,2016-12-17 23:36:52-283,2016-12-17 23:36:52-283
Success : CREATE_FILE : test2\a94a8fe5ccb19ba6\2a5bd02710e975a7\31529B470C9E22BD,0:245616,2016-12-17 23:36:52-284,2016-12-17 23:36:52-929
Success : LS : test2\a94a8fe5ccb19ba6\2a5bd02710e975a7\,0:-1,2016-12-17 23:36:52-929,2016-12-17 23:36:52-929
Success : CREATE_FILE : test2\a94a8fe5ccb19ba6\2a5bd02710e975a7\69ECBDD61252123D,0:2321334,2016-12-17 23:36:52-930,2016-12-17 23:36:53-693
Success : LS : test2\a94a8fe5ccb19ba6\2a5bd02710e975a7\,0:-1,2016-12-17 23:36:53-693,2016-12-17 23:36:53-693
Success : CREATE_FILE : test2\a94a8fe5ccb19ba6\2a5bd02710e975a7\5D22381731AB9CDB,0:2747794,2016-12-17 23:36:53-693,2016-12-17 23:36:54-040
Fail : SEQ_READ : test1\c5a5e5562b038073\a39ea9c72a98de10\11562aa867a5f398,0:1024,2016-12-17 23:36:54-040,2016-12-17 23:36:54-042
Reason : RESTAPI.NoImplementionException: read failure
Success : LS : test2\a94a8fe5ccb19ba6\2a5bd02710e975a7\,0:-1,2016-12-17 23:36:54-043,2016-12-17 23:36:54-043
Success : CREATE_FILE : test2\a94a8fe5ccb19ba6\256106FA58D426B3,0:3650700,2016-12-17 23:36:54-043,2016-12-17 23:36:54-397
Success : LS : test2\a94a8fe5ccb19ba6\,0:-1,2016-12-17 23:36:54-398,2016-12-17 23:36:54-398
Success : CREATE_FILE : test2\a94a8fe5ccb19ba6\4C02E9FB039E952E,0:2109630,2016-12-17 23:36:54-398,2016-12-17 23:36:54-678
Success : LS : test2\a94a8fe5ccb19ba6\,0:-1,2016-12-17 23:36:54-678,2016-12-17 23:36:54-678
Success : CREATE_FILE : test2\a94a8fe5ccb19ba6\2a5bd02710e975a7\4E2574AB33489842,0:1457172,2016-12-17 23:36:54-679,2016-12-17 23:36:54-936
Success : LS : test2\a94a8fe5ccb19ba6\2a5bd02710e975a7\,0:-1,2016-12-17 23:36:54-936,2016-12-17 23:36:54-936
Success : CREATE_FILE : test2\a94a8fe5ccb19ba6\7D46311E0D9C9844,0:3863801,2016-12-17 23:36:54-937,2016-12-17 23:36:55-432
Success : LS : test2\a94a8fe5ccb19ba6\,0:-1,2016-12-17 23:36:55-432,2016-12-17 23:36:55-432
Success : CREATE_FILE : test2\a94a8fe5ccb19ba6\2a5bd02710e975a7\09A90E853CB48D4D,0:635062,2016-12-17 23:36:55-432,2016-12-17 23:36:55-659
Fail : RANDOM_WRITE : test1\c5a5e5562b038073\7b7f22b30cf50087,0:0,2016-12-17 23:36:55-659,2016-12-17 23:36:55-660
Reason : RESTAPI.NoImplementionException: read failure
Success : LS : test2\a94a8fe5ccb19ba6\2a5bd02710e975a7\,0:-1,2016-12-17 23:36:55-660,2016-12-17 23:36:55-660
Success : CREATE_FILE : test2\a94a8fe5ccb19ba6\2a5bd02710e975a7\11588FEB48B0385B,0:3606258,2016-12-17 23:36:55-660,2016-12-17 23:36:56-320
Success : LS : test2\a94a8fe5ccb19ba6\2a5bd02710e975a7\,0:-1,2016-12-17 23:36:56-320,2016-12-17 23:36:56-320
Success : CREATE_FILE : test2\a94a8fe5ccb19ba6\765DFFB03377549C,0:662013,2016-12-17 23:36:56-321,2016-12-17 23:36:56-556
Success : LS : test2\a94a8fe5ccb19ba6\,0:-1,2016-12-17 23:36:56-556,2016-12-17 23:36:56-556
Success : CREATE_FILE : test2\a94a8fe5ccb19ba6\5A25F4896D0AE53E,0:4027107,2016-12-17 23:36:56-556,2016-12-17 23:36:57-078
Success : LS : test2\a94a8fe5ccb19ba6\,0:-1,2016-12-17 23:36:57-078,2016-12-17 23:36:57-078
Success : CREATE_FILE : test2\a94a8fe5ccb19ba6\52DE7D3876844213,0:2770127,2016-12-17 23:36:57-078,2016-12-17 23:36:57-356
Fail : SEQ_READ : test2\a94a8fe5ccb19ba6\2a5bd02710e975a7\3eef580036f1724a,0:257,2016-12-17 23:36:57-356,2016-12-17 23:36:57-357
Reason : RESTAPI.NoImplementionException: read failure
Success : LS : test2\a94a8fe5ccb19ba6\,0:-1,2016-12-17 23:36:57-358,2016-12-17 23:36:57-358
Success : CREATE_FILE : test2\a94a8fe5ccb19ba6\58FD615B3AE71AF7,0:1370860,2016-12-17 23:36:57-358,2016-12-17 23:36:57-614
Success : LS : test2\a94a8fe5ccb19ba6\,0:-1,2016-12-17 23:36:57-615,2016-12-17 23:36:57-615
Success : CREATE_FILE : test2\a94a8fe5ccb19ba6\673558F303AF639F,0:2621282,2016-12-17 23:36:57-615,2016-12-17 23:36:57-974
Success : LS : test2\a94a8fe5ccb19ba6\,0:-1,2016-12-17 23:36:57-974,2016-12-17 23:36:57-974
Success : CREATE_FILE : test2\a94a8fe5ccb19ba6\47DA7AE445A530A8,0:679131,2016-12-17 23:36:57-974,2016-12-17 23:36:58-176
Success : LS : test2\a94a8fe5ccb19ba6\,0:-1,2016-12-17 23:36:58-176,2016-12-17 23:36:58-176
Success : CREATE_FILE : test2\a94a8fe5ccb19ba6\026AE2B7242E90B6,0:2220142,2016-12-17 23:36:58-177,2016-12-17 23:36:58-777
Success : LS : test2\a94a8fe5ccb19ba6\,0:-1,2016-12-17 23:36:58-777,2016-12-17 23:36:58-777
Success : CREATE_FILE : test2\a94a8fe5ccb19ba6\2a5bd02710e975a7\0C016FBC62F96BFC,0:899543,2016-12-17 23:36:58-777,2016-12-17 23:36:59-588
Success : LS : test2\a94a8fe5ccb19ba6\2a5bd02710e975a7\,0:-1,2016-12-17 23:36:59-588,2016-12-17 23:36:59-588
Success : CREATE_FILE : test2\a94a8fe5ccb19ba6\23D20CE347C6C4A2,0:2239908,2016-12-17 23:36:59-589,2016-12-17 23:37:00-033
Success : LS : test2\a94a8fe5ccb19ba6\,0:-1,2016-12-17 23:37:00-034,2016-12-17 23:37:00-034
Success : CREATE_FILE : test2\a94a8fe5ccb19ba6\1C02E2C1725C0D6C,0:2098339,2016-12-17 23:37:00-034,2016-12-17 23:37:00-472
Success : LS : test2\a94a8fe5ccb19ba6\,0:-1,2016-12-17 23:37:00-473,2016-12-17 23:37:00-473
