Fail : LS : test2\a94a8fe5ccb19ba6\,0:-1,2016-12-17 22:49:29-729,2016-12-17 22:49:29-757
Reason : newTester.DHTException: no result
Fail : LS : test1\c5a5e5562b038073\,0:-1,2016-12-17 22:49:29-758,2016-12-17 22:49:29-779
Reason : newTester.DHTException: no result
Fail : LS : test2\a94a8fe5ccb19ba6\2a5bd02710e975a7\,0:-1,2016-12-17 22:49:29-779,2016-12-17 22:49:29-800
Reason : newTester.DHTException: no result
Fail : LS : test2\a94a8fe5ccb19ba6\2a5bd02710e975a7\,0:-1,2016-12-17 22:49:29-800,2016-12-17 22:49:29-824
Reason : newTester.DHTException: no result
Fail : LS : test1,0:-1,2016-12-17 22:49:29-824,2016-12-17 22:49:29-848
Reason : newTester.DHTException: no result
Fail : LS : test1\f71b43c3136efa4f\83404ffd78f534ff\,0:-1,2016-12-17 22:49:29-848,2016-12-17 22:49:29-866
Reason : newTester.DHTException: no result
Fail : LS : test1\f71b43c3136efa4f\,0:-1,2016-12-17 22:49:29-867,2016-12-17 22:49:29-883
Reason : newTester.DHTException: no result
Fail : LS : test1,0:-1,2016-12-17 22:49:29-884,2016-12-17 22:49:29-898
Reason : newTester.DHTException: no result
Fail : LS : test2\a94a8fe5ccb19ba6\2a5bd02710e975a7\,0:-1,2016-12-17 22:49:29-899,2016-12-17 22:49:29-914
Reason : newTester.DHTException: no result
Fail : LS : test2\a94a8fe5ccb19ba6\2a5bd02710e975a7\,0:-1,2016-12-17 22:49:29-914,2016-12-17 22:49:29-930
Reason : newTester.DHTException: no result
Fail : LS : test1\c5a5e5562b038073\a39ea9c72a98de10\,0:-1,2016-12-17 22:49:29-931,2016-12-17 22:49:29-946
Reason : newTester.DHTException: no result
Fail : LS : test1\f71b43c3136efa4f\,0:-1,2016-12-17 22:49:29-946,2016-12-17 22:49:29-961
Reason : newTester.DHTException: no result
Fail : LS : test1\f71b43c3136efa4f\9f93e73d6896cb7b\,0:-1,2016-12-17 22:49:29-962,2016-12-17 22:49:29-974
Reason : newTester.DHTException: no result
Fail : LS : test1\f71b43c3136efa4f\c7d9912886e5ccc7\,0:-1,2016-12-17 22:49:29-974,2016-12-17 22:49:29-989
Reason : newTester.DHTException: no result
Fail : LS : test1,0:-1,2016-12-17 22:49:29-989,2016-12-17 22:49:30-003
Reason : newTester.DHTException: no result
Fail : LS : test1\c5a5e5562b038073\0189424a5a60fed3\,0:-1,2016-12-17 22:49:30-004,2016-12-17 22:49:30-019
Reason : newTester.DHTException: no result
Fail : LS : test1\f71b43c3136efa4f\9f93e73d6896cb7b\,0:-1,2016-12-17 22:49:30-020,2016-12-17 22:49:30-037
Reason : newTester.DHTException: no result
Fail : LS : test2\a94a8fe5ccb19ba6\2a5bd02710e975a7\,0:-1,2016-12-17 22:49:30-038,2016-12-17 22:49:30-057
Reason : newTester.DHTException: no result
Fail : LS : test1\c5a5e5562b038073\0189424a5a60fed3\,0:-1,2016-12-17 22:49:30-057,2016-12-17 22:49:30-076
Reason : newTester.DHTException: no result
Fail : LS : test1\f71b43c3136efa4f\,0:-1,2016-12-17 22:49:30-076,2016-12-17 22:49:30-095
Reason : newTester.DHTException: no result
Fail : LS : test1,0:-1,2016-12-17 22:49:30-095,2016-12-17 22:49:30-114
Reason : newTester.DHTException: no result
Fail : LS : test1\f71b43c3136efa4f\9f93e73d6896cb7b\,0:-1,2016-12-17 22:49:30-115,2016-12-17 22:49:30-133
Reason : newTester.DHTException: no result
Fail : LS : test1\f71b43c3136efa4f\,0:-1,2016-12-17 22:49:30-133,2016-12-17 22:49:30-151
Reason : newTester.DHTException: no result
Fail : LS : test2\a94a8fe5ccb19ba6\,0:-1,2016-12-17 22:49:30-151,2016-12-17 22:49:30-168
Reason : newTester.DHTException: no result
Fail : LS : test2\a94a8fe5ccb19ba6\,0:-1,2016-12-17 22:49:30-168,2016-12-17 22:49:30-184
Reason : newTester.DHTException: no result
Fail : LS : test1\c5a5e5562b038073\0189424a5a60fed3\,0:-1,2016-12-17 22:49:30-184,2016-12-17 22:49:30-200
Reason : newTester.DHTException: no result
Fail : LS : test1\f71b43c3136efa4f\9f93e73d6896cb7b\,0:-1,2016-12-17 22:49:30-201,2016-12-17 22:49:30-216
Reason : newTester.DHTException: no result
Fail : LS : test1\c5a5e5562b038073\,0:-1,2016-12-17 22:49:30-216,2016-12-17 22:49:30-271
Reason : newTester.DHTException: no result
Fail : LS : test2\a94a8fe5ccb19ba6\2a5bd02710e975a7\,0:-1,2016-12-17 22:49:30-271,2016-12-17 22:49:30-287
Reason : newTester.DHTException: no result
Fail : LS : test1\c5a5e5562b038073\,0:-1,2016-12-17 22:49:30-287,2016-12-17 22:49:30-303
Reason : newTester.DHTException: no result
Fail : LS : test1\c5a5e5562b038073\,0:-1,2016-12-17 22:49:30-303,2016-12-17 22:49:30-322
Reason : newTester.DHTException: no result
Fail : LS : test1\c5a5e5562b038073\0189424a5a60fed3\,0:-1,2016-12-17 22:49:30-322,2016-12-17 22:49:30-338
Reason : newTester.DHTException: no result
Fail : LS : test1\f71b43c3136efa4f\83404ffd78f534ff\,0:-1,2016-12-17 22:49:30-339,2016-12-17 22:49:30-356
Reason : newTester.DHTException: no result
Fail : LS : test1\f71b43c3136efa4f\52481749c0cdecd6\,0:-1,2016-12-17 22:49:30-356,2016-12-17 22:49:30-373
Reason : newTester.DHTException: no result
Fail : LS : test1\f71b43c3136efa4f\83404ffd78f534ff\,0:-1,2016-12-17 22:49:30-373,2016-12-17 22:49:30-389
Reason : newTester.DHTException: no result
Fail : LS : test1\f71b43c3136efa4f\83404ffd78f534ff\,0:-1,2016-12-17 22:49:30-389,2016-12-17 22:49:30-415
Reason : newTester.DHTException: no result
Fail : LS : test1\c5a5e5562b038073\a39ea9c72a98de10\,0:-1,2016-12-17 22:49:30-415,2016-12-17 22:49:30-430
Reason : newTester.DHTException: no result
Fail : LS : test1\f71b43c3136efa4f\9f93e73d6896cb7b\,0:-1,2016-12-17 22:49:30-430,2016-12-17 22:49:30-451
Reason : newTester.DHTException: no result
Fail : LS : test1\f71b43c3136efa4f\,0:-1,2016-12-17 22:49:30-451,2016-12-17 22:49:30-472
Reason : newTester.DHTException: no result
Fail : LS : test2\a94a8fe5ccb19ba6\2a5bd02710e975a7\,0:-1,2016-12-17 22:49:30-473,2016-12-17 22:49:30-491
Reason : newTester.DHTException: no result
Fail : LS : test1\c5a5e5562b038073\0189424a5a60fed3\,0:-1,2016-12-17 22:49:30-492,2016-12-17 22:49:30-518
Reason : newTester.DHTException: no result
Fail : LS : test1\f71b43c3136efa4f\,0:-1,2016-12-17 22:49:30-519,2016-12-17 22:49:30-541
Reason : newTester.DHTException: no result
Fail : LS : test1,0:-1,2016-12-17 22:49:30-541,2016-12-17 22:49:30-558
Reason : newTester.DHTException: no result
Fail : LS : test1\f71b43c3136efa4f\,0:-1,2016-12-17 22:49:30-558,2016-12-17 22:49:30-575
Reason : newTester.DHTException: no result
Fail : LS : test1,0:-1,2016-12-17 22:49:30-575,2016-12-17 22:49:30-592
Reason : newTester.DHTException: no result
Fail : LS : test1\f71b43c3136efa4f\9f93e73d6896cb7b\,0:-1,2016-12-17 22:49:30-592,2016-12-17 22:49:30-614
Reason : newTester.DHTException: no result
Fail : LS : test2\a94a8fe5ccb19ba6\2a5bd02710e975a7\,0:-1,2016-12-17 22:49:30-614,2016-12-17 22:49:30-632
Reason : newTester.DHTException: no result
Fail : LS : test2\a94a8fe5ccb19ba6\,0:-1,2016-12-17 22:49:30-632,2016-12-17 22:49:30-651
Reason : newTester.DHTException: no result
Fail : LS : test1\c5a5e5562b038073\a39ea9c72a98de10\,0:-1,2016-12-17 22:49:30-651,2016-12-17 22:49:30-667
Reason : newTester.DHTException: no result
Fail : LS : test1\f71b43c3136efa4f\9f93e73d6896cb7b\,0:-1,2016-12-17 22:49:30-667,2016-12-17 22:49:30-686
Reason : newTester.DHTException: no result
Fail : LS : test1\c5a5e5562b038073\a39ea9c72a98de10\,0:-1,2016-12-17 22:49:30-686,2016-12-17 22:49:30-713
Reason : newTester.DHTException: no result
Fail : LS : test2\a94a8fe5ccb19ba6\,0:-1,2016-12-17 22:49:30-714,2016-12-17 22:49:30-737
Reason : newTester.DHTException: no result
Fail : LS : test1\c5a5e5562b038073\0189424a5a60fed3\,0:-1,2016-12-17 22:49:30-737,2016-12-17 22:49:30-761
Reason : newTester.DHTException: no result
Fail : LS : test1,0:-1,2016-12-17 22:49:30-762,2016-12-17 22:49:30-779
Reason : newTester.DHTException: no result
Fail : LS : test1\c5a5e5562b038073\,0:-1,2016-12-17 22:49:30-780,2016-12-17 22:49:30-804
Reason : newTester.DHTException: no result
Fail : LS : test1\f71b43c3136efa4f\83404ffd78f534ff\,0:-1,2016-12-17 22:49:30-804,2016-12-17 22:49:30-821
Reason : newTester.DHTException: no result
Fail : LS : test1\f71b43c3136efa4f\52481749c0cdecd6\,0:-1,2016-12-17 22:49:30-821,2016-12-17 22:49:30-840
Reason : newTester.DHTException: no result
Fail : LS : test1\f71b43c3136efa4f\c7d9912886e5ccc7\,0:-1,2016-12-17 22:49:30-840,2016-12-17 22:49:30-865
Reason : newTester.DHTException: no result
Fail : LS : test2\a94a8fe5ccb19ba6\2a5bd02710e975a7\,0:-1,2016-12-17 22:49:30-865,2016-12-17 22:49:30-883
Reason : newTester.DHTException: no result
Fail : LS : test1\f71b43c3136efa4f\c7d9912886e5ccc7\,0:-1,2016-12-17 22:49:30-883,2016-12-17 22:49:30-903
Reason : newTester.DHTException: no result
Fail : LS : test1,0:-1,2016-12-17 22:49:30-904,2016-12-17 22:49:30-922
Reason : newTester.DHTException: no result
Fail : LS : test1\f71b43c3136efa4f\52481749c0cdecd6\,0:-1,2016-12-17 22:49:30-923,2016-12-17 22:49:30-942
Reason : newTester.DHTException: no result
Fail : LS : test1,0:-1,2016-12-17 22:49:30-942,2016-12-17 22:49:30-961
Reason : newTester.DHTException: no result
Fail : LS : test1\f71b43c3136efa4f\,0:-1,2016-12-17 22:49:30-961,2016-12-17 22:49:30-981
Reason : newTester.DHTException: no result
Fail : LS : test1\f71b43c3136efa4f\,0:-1,2016-12-17 22:49:30-981,2016-12-17 22:49:31-000
Reason : newTester.DHTException: no result
Fail : LS : test1\c5a5e5562b038073\a39ea9c72a98de10\,0:-1,2016-12-17 22:49:31-000,2016-12-17 22:49:31-018
Reason : newTester.DHTException: no result
Fail : LS : test1\f71b43c3136efa4f\83404ffd78f534ff\,0:-1,2016-12-17 22:49:31-019,2016-12-17 22:49:31-040
Reason : newTester.DHTException: no result
Fail : LS : test2\a94a8fe5ccb19ba6\2a5bd02710e975a7\,0:-1,2016-12-17 22:49:31-040,2016-12-17 22:49:31-068
Reason : newTester.DHTException: no result
Fail : LS : test2\a94a8fe5ccb19ba6\,0:-1,2016-12-17 22:49:31-068,2016-12-17 22:49:31-088
Reason : newTester.DHTException: no result
Fail : LS : test1\c5a5e5562b038073\,0:-1,2016-12-17 22:49:31-088,2016-12-17 22:49:31-108
Reason : newTester.DHTException: no result
Fail : LS : test1\c5a5e5562b038073\0189424a5a60fed3\,0:-1,2016-12-17 22:49:31-108,2016-12-17 22:49:31-126
Reason : newTester.DHTException: no result
Fail : LS : test1,0:-1,2016-12-17 22:49:31-126,2016-12-17 22:49:31-146
Reason : newTester.DHTException: no result
Fail : LS : test1\f71b43c3136efa4f\,0:-1,2016-12-17 22:49:31-146,2016-12-17 22:49:31-166
Reason : newTester.DHTException: no result
Fail : LS : test1\c5a5e5562b038073\0189424a5a60fed3\,0:-1,2016-12-17 22:49:31-166,2016-12-17 22:49:31-187
Reason : newTester.DHTException: no result
Fail : LS : test1\f71b43c3136efa4f\,0:-1,2016-12-17 22:49:31-187,2016-12-17 22:49:31-207
Reason : newTester.DHTException: no result
Fail : LS : test1\f71b43c3136efa4f\c7d9912886e5ccc7\,0:-1,2016-12-17 22:49:31-207,2016-12-17 22:49:31-229
Reason : newTester.DHTException: no result
Fail : LS : test1,0:-1,2016-12-17 22:49:31-230,2016-12-17 22:49:31-252
Reason : newTester.DHTException: no result
Fail : LS : test1\f71b43c3136efa4f\52481749c0cdecd6\,0:-1,2016-12-17 22:49:31-252,2016-12-17 22:49:31-272
Reason : newTester.DHTException: no result
Fail : LS : test1,0:-1,2016-12-17 22:49:31-272,2016-12-17 22:49:31-292
Reason : newTester.DHTException: no result
Fail : LS : test1\f71b43c3136efa4f\52481749c0cdecd6\,0:-1,2016-12-17 22:49:31-292,2016-12-17 22:49:31-312
Reason : newTester.DHTException: no result
Fail : LS : test1\c5a5e5562b038073\a39ea9c72a98de10\,0:-1,2016-12-17 22:49:31-312,2016-12-17 22:49:31-339
Reason : newTester.DHTException: no result
Fail : LS : test1\c5a5e5562b038073\,0:-1,2016-12-17 22:49:31-339,2016-12-17 22:49:31-360
Reason : newTester.DHTException: no result
Fail : LS : test1\f71b43c3136efa4f\,0:-1,2016-12-17 22:49:31-360,2016-12-17 22:49:31-389
Reason : newTester.DHTException: no result
Fail : LS : test1\f71b43c3136efa4f\c7d9912886e5ccc7\,0:-1,2016-12-17 22:49:31-389,2016-12-17 22:49:31-410
Reason : newTester.DHTException: no result
Fail : LS : test2\a94a8fe5ccb19ba6\,0:-1,2016-12-17 22:49:31-410,2016-12-17 22:49:31-431
Reason : newTester.DHTException: no result
Fail : LS : test1\c5a5e5562b038073\,0:-1,2016-12-17 22:49:31-431,2016-12-17 22:49:31-452
Reason : newTester.DHTException: no result
Fail : LS : test1\f71b43c3136efa4f\c7d9912886e5ccc7\,0:-1,2016-12-17 22:49:31-452,2016-12-17 22:49:31-474
Reason : newTester.DHTException: no result
Fail : LS : test2\a94a8fe5ccb19ba6\,0:-1,2016-12-17 22:49:31-474,2016-12-17 22:49:31-498
Reason : newTester.DHTException: no result
Fail : LS : test2\a94a8fe5ccb19ba6\,0:-1,2016-12-17 22:49:31-499,2016-12-17 22:49:31-519
Reason : newTester.DHTException: no result
Fail : LS : test2\a94a8fe5ccb19ba6\2a5bd02710e975a7\,0:-1,2016-12-17 22:49:31-519,2016-12-17 22:49:31-541
Reason : newTester.DHTException: no result
Fail : LS : test1\f71b43c3136efa4f\,0:-1,2016-12-17 22:49:31-541,2016-12-17 22:49:31-562
Reason : newTester.DHTException: no result
Fail : LS : test1\f71b43c3136efa4f\,0:-1,2016-12-17 22:49:31-562,2016-12-17 22:49:31-583
Reason : newTester.DHTException: no result
Fail : LS : test1\f71b43c3136efa4f\9f93e73d6896cb7b\,0:-1,2016-12-17 22:49:31-583,2016-12-17 22:49:31-605
Reason : newTester.DHTException: no result
Fail : LS : test1\f71b43c3136efa4f\52481749c0cdecd6\,0:-1,2016-12-17 22:49:31-605,2016-12-17 22:49:31-627
Reason : newTester.DHTException: no result
Fail : LS : test1,0:-1,2016-12-17 22:49:31-627,2016-12-17 22:49:31-650
Reason : newTester.DHTException: no result
Fail : LS : test2\a94a8fe5ccb19ba6\2a5bd02710e975a7\,0:-1,2016-12-17 22:49:31-650,2016-12-17 22:49:31-684
Reason : newTester.DHTException: no result
Fail : LS : test1\f71b43c3136efa4f\83404ffd78f534ff\,0:-1,2016-12-17 22:49:31-684,2016-12-17 22:49:31-706
Reason : newTester.DHTException: no result
Fail : LS : test1\f71b43c3136efa4f\,0:-1,2016-12-17 22:49:31-707,2016-12-17 22:49:31-738
Reason : newTester.DHTException: no result
Fail : LS : test1\f71b43c3136efa4f\52481749c0cdecd6\,0:-1,2016-12-17 22:49:31-738,2016-12-17 22:49:31-773
Reason : newTester.DHTException: no result
Fail : LS : test1\f71b43c3136efa4f\,0:-1,2016-12-17 22:49:31-773,2016-12-17 22:49:31-804
Reason : newTester.DHTException: no result
Fail : LS : test2\a94a8fe5ccb19ba6\2a5bd02710e975a7\,0:-1,2016-12-17 22:49:31-804,2016-12-17 22:49:31-831
Reason : newTester.DHTException: no result
Fail : LS : test2\a94a8fe5ccb19ba6\2a5bd02710e975a7\,0:-1,2016-12-17 22:49:31-831,2016-12-17 22:49:31-856
Reason : newTester.DHTException: no result
Fail : LS : test1\f71b43c3136efa4f\9f93e73d6896cb7b\,0:-1,2016-12-17 22:49:31-856,2016-12-17 22:49:31-882
Reason : newTester.DHTException: no result
Fail : LS : test1\f71b43c3136efa4f\52481749c0cdecd6\,0:-1,2016-12-17 22:49:31-882,2016-12-17 22:49:31-914
Reason : newTester.DHTException: no result
Fail : LS : test1,0:-1,2016-12-17 22:49:31-915,2016-12-17 22:49:31-939
Reason : newTester.DHTException: no result
Fail : LS : test1\c5a5e5562b038073\0189424a5a60fed3\,0:-1,2016-12-17 22:49:31-940,2016-12-17 22:49:31-965
Reason : newTester.DHTException: no result
Fail : LS : test1\f71b43c3136efa4f\9f93e73d6896cb7b\,0:-1,2016-12-17 22:49:31-965,2016-12-17 22:49:31-991
Reason : newTester.DHTException: no result
Fail : LS : test1\f71b43c3136efa4f\c7d9912886e5ccc7\,0:-1,2016-12-17 22:49:31-991,2016-12-17 22:49:32-017
Reason : newTester.DHTException: no result
Fail : LS : test1,0:-1,2016-12-17 22:49:32-018,2016-12-17 22:49:32-046
Reason : newTester.DHTException: no result
Fail : LS : test1\f71b43c3136efa4f\83404ffd78f534ff\,0:-1,2016-12-17 22:49:32-046,2016-12-17 22:49:32-072
Reason : newTester.DHTException: no result
Fail : LS : test1\c5a5e5562b038073\,0:-1,2016-12-17 22:49:32-073,2016-12-17 22:49:32-097
Reason : newTester.DHTException: no result
Fail : LS : test2\a94a8fe5ccb19ba6\2a5bd02710e975a7\,0:-1,2016-12-17 22:49:32-097,2016-12-17 22:49:32-125
Reason : newTester.DHTException: no result
Fail : LS : test1\f71b43c3136efa4f\c7d9912886e5ccc7\,0:-1,2016-12-17 22:49:32-125,2016-12-17 22:49:32-151
Reason : newTester.DHTException: no result
Fail : LS : test1\c5a5e5562b038073\a39ea9c72a98de10\,0:-1,2016-12-17 22:49:32-151,2016-12-17 22:49:32-177
Reason : newTester.DHTException: no result
Fail : LS : test2\a94a8fe5ccb19ba6\2a5bd02710e975a7\,0:-1,2016-12-17 22:49:32-177,2016-12-17 22:49:32-212
Reason : newTester.DHTException: no result
Fail : LS : test1\f71b43c3136efa4f\9f93e73d6896cb7b\,0:-1,2016-12-17 22:49:32-212,2016-12-17 22:49:32-242
Reason : newTester.DHTException: no result
Fail : LS : test1\f71b43c3136efa4f\c7d9912886e5ccc7\,0:-1,2016-12-17 22:49:32-242,2016-12-17 22:49:32-274
Reason : newTester.DHTException: no result
Fail : LS : test2\a94a8fe5ccb19ba6\,0:-1,2016-12-17 22:49:32-274,2016-12-17 22:49:32-313
Reason : newTester.DHTException: no result
Fail : LS : test1\c5a5e5562b038073\a39ea9c72a98de10\,0:-1,2016-12-17 22:49:32-314,2016-12-17 22:49:32-339
Reason : newTester.DHTException: no result
Fail : LS : test1\f71b43c3136efa4f\83404ffd78f534ff\,0:-1,2016-12-17 22:49:32-339,2016-12-17 22:49:32-363
Reason : newTester.DHTException: no result
Fail : LS : test1\f71b43c3136efa4f\9f93e73d6896cb7b\,0:-1,2016-12-17 22:49:32-363,2016-12-17 22:49:32-388
Reason : newTester.DHTException: no result
Fail : LS : test1\c5a5e5562b038073\0189424a5a60fed3\,0:-1,2016-12-17 22:49:32-389,2016-12-17 22:49:32-417
Reason : newTester.DHTException: no result
Fail : LS : test1\f71b43c3136efa4f\52481749c0cdecd6\,0:-1,2016-12-17 22:49:32-417,2016-12-17 22:49:32-447
Reason : newTester.DHTException: no result
Fail : LS : test2\a94a8fe5ccb19ba6\,0:-1,2016-12-17 22:49:32-447,2016-12-17 22:49:32-473
Reason : newTester.DHTException: no result
Fail : LS : test1\c5a5e5562b038073\0189424a5a60fed3\,0:-1,2016-12-17 22:49:32-474,2016-12-17 22:49:32-499
Reason : newTester.DHTException: no result
Fail : LS : test1\c5a5e5562b038073\,0:-1,2016-12-17 22:49:32-499,2016-12-17 22:49:32-536
Reason : newTester.DHTException: no result
Fail : LS : test1\c5a5e5562b038073\0189424a5a60fed3\,0:-1,2016-12-17 22:49:32-536,2016-12-17 22:49:32-563
Reason : newTester.DHTException: no result
Fail : LS : test1\c5a5e5562b038073\0189424a5a60fed3\,0:-1,2016-12-17 22:49:32-563,2016-12-17 22:49:32-589
Reason : newTester.DHTException: no result
Fail : LS : test1\f71b43c3136efa4f\52481749c0cdecd6\,0:-1,2016-12-17 22:49:32-589,2016-12-17 22:49:32-616
Reason : newTester.DHTException: no result
Fail : LS : test1\f71b43c3136efa4f\83404ffd78f534ff\,0:-1,2016-12-17 22:49:32-616,2016-12-17 22:49:32-643
Reason : newTester.DHTException: no result
Fail : LS : test1\c5a5e5562b038073\,0:-1,2016-12-17 22:49:32-643,2016-12-17 22:49:32-670
Reason : newTester.DHTException: no result
Fail : LS : test1\f71b43c3136efa4f\,0:-1,2016-12-17 22:49:32-670,2016-12-17 22:49:32-698
Reason : newTester.DHTException: no result
Fail : LS : test1\f71b43c3136efa4f\52481749c0cdecd6\,0:-1,2016-12-17 22:49:32-698,2016-12-17 22:49:32-726
Reason : newTester.DHTException: no result
Fail : LS : test2\a94a8fe5ccb19ba6\2a5bd02710e975a7\,0:-1,2016-12-17 22:49:32-726,2016-12-17 22:49:32-754
Reason : newTester.DHTException: no result
Fail : LS : test1\c5a5e5562b038073\a39ea9c72a98de10\,0:-1,2016-12-17 22:49:32-754,2016-12-17 22:49:32-781
Reason : newTester.DHTException: no result
Fail : LS : test1\f71b43c3136efa4f\9f93e73d6896cb7b\,0:-1,2016-12-17 22:49:32-781,2016-12-17 22:49:32-810
Reason : newTester.DHTException: no result
Fail : LS : test1\c5a5e5562b038073\a39ea9c72a98de10\,0:-1,2016-12-17 22:49:32-810,2016-12-17 22:49:32-836
Reason : newTester.DHTException: no result
Fail : LS : test2\a94a8fe5ccb19ba6\2a5bd02710e975a7\,0:-1,2016-12-17 22:49:32-836,2016-12-17 22:49:32-863
Reason : newTester.DHTException: no result
Fail : LS : test1\f71b43c3136efa4f\52481749c0cdecd6\,0:-1,2016-12-17 22:49:32-863,2016-12-17 22:49:32-894
Reason : newTester.DHTException: no result
Fail : LS : test2\a94a8fe5ccb19ba6\,0:-1,2016-12-17 22:49:32-894,2016-12-17 22:49:32-921
Reason : newTester.DHTException: no result
Fail : LS : test1\f71b43c3136efa4f\52481749c0cdecd6\,0:-1,2016-12-17 22:49:32-921,2016-12-17 22:49:32-950
Reason : newTester.DHTException: no result
Fail : LS : test2\a94a8fe5ccb19ba6\,0:-1,2016-12-17 22:49:32-951,2016-12-17 22:49:32-979
Reason : newTester.DHTException: no result
Fail : LS : test2\a94a8fe5ccb19ba6\,0:-1,2016-12-17 22:49:32-979,2016-12-17 22:49:33-007
Reason : newTester.DHTException: no result
Fail : LS : test1\f71b43c3136efa4f\c7d9912886e5ccc7\,0:-1,2016-12-17 22:49:33-007,2016-12-17 22:49:33-035
Reason : newTester.DHTException: no result
Fail : LS : test1\f71b43c3136efa4f\,0:-1,2016-12-17 22:49:33-035,2016-12-17 22:49:33-062
Reason : newTester.DHTException: no result
Fail : LS : test1\c5a5e5562b038073\,0:-1,2016-12-17 22:49:33-063,2016-12-17 22:49:33-091
Reason : newTester.DHTException: no result
Fail : LS : test2\a94a8fe5ccb19ba6\2a5bd02710e975a7\,0:-1,2016-12-17 22:49:33-091,2016-12-17 22:49:33-120
Reason : newTester.DHTException: no result
Fail : LS : test2\a94a8fe5ccb19ba6\,0:-1,2016-12-17 22:49:33-120,2016-12-17 22:49:33-149
Reason : newTester.DHTException: no result
Fail : LS : test1\c5a5e5562b038073\,0:-1,2016-12-17 22:49:33-149,2016-12-17 22:49:33-181
Reason : newTester.DHTException: no result
Fail : LS : test1\f71b43c3136efa4f\83404ffd78f534ff\,0:-1,2016-12-17 22:49:33-181,2016-12-17 22:49:33-212
Reason : newTester.DHTException: no result
Fail : LS : test2\a94a8fe5ccb19ba6\,0:-1,2016-12-17 22:49:33-212,2016-12-17 22:49:33-243
Reason : newTester.DHTException: no result
Fail : LS : test1\f71b43c3136efa4f\83404ffd78f534ff\,0:-1,2016-12-17 22:49:33-243,2016-12-17 22:49:33-274
Reason : newTester.DHTException: no result
Fail : LS : test1\c5a5e5562b038073\,0:-1,2016-12-17 22:49:33-275,2016-12-17 22:49:33-304
Reason : newTester.DHTException: no result
Fail : LS : test2\a94a8fe5ccb19ba6\,0:-1,2016-12-17 22:49:33-305,2016-12-17 22:49:33-342
Reason : newTester.DHTException: no result
Fail : LS : test1,0:-1,2016-12-17 22:49:33-342,2016-12-17 22:49:33-373
Reason : newTester.DHTException: no result
Fail : LS : test1,0:-1,2016-12-17 22:49:33-373,2016-12-17 22:49:33-403
Reason : newTester.DHTException: no result
Fail : LS : test1\c5a5e5562b038073\,0:-1,2016-12-17 22:49:33-403,2016-12-17 22:49:33-433
Reason : newTester.DHTException: no result
Fail : LS : test2\a94a8fe5ccb19ba6\2a5bd02710e975a7\,0:-1,2016-12-17 22:49:33-434,2016-12-17 22:49:33-466
Reason : newTester.DHTException: no result
Fail : LS : test1\f71b43c3136efa4f\83404ffd78f534ff\,0:-1,2016-12-17 22:49:33-466,2016-12-17 22:49:33-497
Reason : newTester.DHTException: no result
Fail : LS : test2\a94a8fe5ccb19ba6\,0:-1,2016-12-17 22:49:33-498,2016-12-17 22:49:33-530
Reason : newTester.DHTException: no result
Fail : LS : test2\a94a8fe5ccb19ba6\2a5bd02710e975a7\,0:-1,2016-12-17 22:49:33-530,2016-12-17 22:49:33-560
Reason : newTester.DHTException: no result
Fail : LS : test1,0:-1,2016-12-17 22:49:33-560,2016-12-17 22:49:33-592
Reason : newTester.DHTException: no result
Fail : LS : test1\f71b43c3136efa4f\9f93e73d6896cb7b\,0:-1,2016-12-17 22:49:33-592,2016-12-17 22:49:33-624
Reason : newTester.DHTException: no result
Fail : LS : test2\a94a8fe5ccb19ba6\2a5bd02710e975a7\,0:-1,2016-12-17 22:49:33-624,2016-12-17 22:49:33-656
Reason : newTester.DHTException: no result
Fail : LS : test1\f71b43c3136efa4f\52481749c0cdecd6\,0:-1,2016-12-17 22:49:33-656,2016-12-17 22:49:33-690
Reason : newTester.DHTException: no result
Fail : LS : test1\f71b43c3136efa4f\,0:-1,2016-12-17 22:49:33-690,2016-12-17 22:49:33-722
Reason : newTester.DHTException: no result
Fail : LS : test2\a94a8fe5ccb19ba6\2a5bd02710e975a7\,0:-1,2016-12-17 22:49:33-722,2016-12-17 22:49:33-754
Reason : newTester.DHTException: no result
Fail : LS : test2\a94a8fe5ccb19ba6\2a5bd02710e975a7\,0:-1,2016-12-17 22:49:33-754,2016-12-17 22:49:33-787
Reason : newTester.DHTException: no result
Fail : LS : test1\f71b43c3136efa4f\83404ffd78f534ff\,0:-1,2016-12-17 22:49:33-787,2016-12-17 22:49:33-820
Reason : newTester.DHTException: no result
Fail : LS : test1\c5a5e5562b038073\,0:-1,2016-12-17 22:49:33-820,2016-12-17 22:49:33-852
Reason : newTester.DHTException: no result
Fail : LS : test1\c5a5e5562b038073\a39ea9c72a98de10\,0:-1,2016-12-17 22:49:33-852,2016-12-17 22:49:33-885
Reason : newTester.DHTException: no result
Fail : LS : test1\c5a5e5562b038073\,0:-1,2016-12-17 22:49:33-885,2016-12-17 22:49:33-917
Reason : newTester.DHTException: no result
Fail : LS : test1\f71b43c3136efa4f\c7d9912886e5ccc7\,0:-1,2016-12-17 22:49:33-917,2016-12-17 22:49:33-953
Reason : newTester.DHTException: no result
Fail : LS : test1\f71b43c3136efa4f\52481749c0cdecd6\,0:-1,2016-12-17 22:49:33-953,2016-12-17 22:49:33-987
Reason : newTester.DHTException: no result
Fail : LS : test1\c5a5e5562b038073\0189424a5a60fed3\,0:-1,2016-12-17 22:49:33-987,2016-12-17 22:49:34-029
Reason : newTester.DHTException: no result
Fail : LS : test1\f71b43c3136efa4f\9f93e73d6896cb7b\,0:-1,2016-12-17 22:49:34-030,2016-12-17 22:49:34-062
Reason : newTester.DHTException: no result
Fail : LS : test1\c5a5e5562b038073\a39ea9c72a98de10\,0:-1,2016-12-17 22:49:34-062,2016-12-17 22:49:34-095
Reason : newTester.DHTException: no result
Fail : LS : test1\c5a5e5562b038073\,0:-1,2016-12-17 22:49:34-095,2016-12-17 22:49:34-129
Reason : newTester.DHTException: no result
Fail : LS : test1\f71b43c3136efa4f\9f93e73d6896cb7b\,0:-1,2016-12-17 22:49:34-129,2016-12-17 22:49:34-162
Reason : newTester.DHTException: no result
Fail : LS : test2\a94a8fe5ccb19ba6\,0:-1,2016-12-17 22:49:34-162,2016-12-17 22:49:34-202
Reason : newTester.DHTException: no result
Fail : LS : test1\c5a5e5562b038073\,0:-1,2016-12-17 22:49:34-202,2016-12-17 22:49:34-237
Reason : newTester.DHTException: no result
Fail : LS : test1\f71b43c3136efa4f\9f93e73d6896cb7b\,0:-1,2016-12-17 22:49:34-237,2016-12-17 22:49:34-272
Reason : newTester.DHTException: no result
Fail : LS : test1\c5a5e5562b038073\,0:-1,2016-12-17 22:49:34-272,2016-12-17 22:49:34-308
Reason : newTester.DHTException: no result
Fail : LS : test2\a94a8fe5ccb19ba6\,0:-1,2016-12-17 22:49:34-308,2016-12-17 22:49:34-342
Reason : newTester.DHTException: no result
Fail : LS : test1\f71b43c3136efa4f\,0:-1,2016-12-17 22:49:34-342,2016-12-17 22:49:34-376
Reason : newTester.DHTException: no result
Fail : LS : test1\f71b43c3136efa4f\83404ffd78f534ff\,0:-1,2016-12-17 22:49:34-376,2016-12-17 22:49:34-409
Reason : newTester.DHTException: no result
Fail : LS : test2\a94a8fe5ccb19ba6\2a5bd02710e975a7\,0:-1,2016-12-17 22:49:34-410,2016-12-17 22:49:34-446
Reason : newTester.DHTException: no result
Fail : LS : test2\a94a8fe5ccb19ba6\,0:-1,2016-12-17 22:49:34-446,2016-12-17 22:49:34-481
Reason : newTester.DHTException: no result
Fail : LS : test1\f71b43c3136efa4f\83404ffd78f534ff\,0:-1,2016-12-17 22:49:34-481,2016-12-17 22:49:34-516
Reason : newTester.DHTException: no result
Fail : LS : test2\a94a8fe5ccb19ba6\,0:-1,2016-12-17 22:49:34-516,2016-12-17 22:49:34-551
Reason : newTester.DHTException: no result
Fail : LS : test1\c5a5e5562b038073\0189424a5a60fed3\,0:-1,2016-12-17 22:49:34-551,2016-12-17 22:49:34-586
Reason : newTester.DHTException: no result
Fail : LS : test1\f71b43c3136efa4f\,0:-1,2016-12-17 22:49:34-586,2016-12-17 22:49:34-623
Reason : newTester.DHTException: no result
Fail : LS : test2\a94a8fe5ccb19ba6\2a5bd02710e975a7\,0:-1,2016-12-17 22:49:34-623,2016-12-17 22:49:34-658
Reason : newTester.DHTException: no result
Fail : LS : test1\f71b43c3136efa4f\,0:-1,2016-12-17 22:49:34-658,2016-12-17 22:49:34-700
Reason : newTester.DHTException: no result
Fail : LS : test1\f71b43c3136efa4f\9f93e73d6896cb7b\,0:-1,2016-12-17 22:49:34-700,2016-12-17 22:49:34-735
Reason : newTester.DHTException: no result
Fail : LS : test1,0:-1,2016-12-17 22:49:34-735,2016-12-17 22:49:34-774
Reason : newTester.DHTException: no result
Fail : LS : test1\f71b43c3136efa4f\9f93e73d6896cb7b\,0:-1,2016-12-17 22:49:34-774,2016-12-17 22:49:34-811
Reason : newTester.DHTException: no result
Fail : LS : test2\a94a8fe5ccb19ba6\,0:-1,2016-12-17 22:49:34-811,2016-12-17 22:49:34-847
Reason : newTester.DHTException: no result
Fail : LS : test1,0:-1,2016-12-17 22:49:34-847,2016-12-17 22:49:34-886
Reason : newTester.DHTException: no result
Fail : LS : test1\f71b43c3136efa4f\9f93e73d6896cb7b\,0:-1,2016-12-17 22:49:34-886,2016-12-17 22:49:34-920
Reason : newTester.DHTException: no result
Fail : LS : test2\a94a8fe5ccb19ba6\2a5bd02710e975a7\,0:-1,2016-12-17 22:49:34-920,2016-12-17 22:49:34-974
Reason : newTester.DHTException: no result
Fail : LS : test1\f71b43c3136efa4f\c7d9912886e5ccc7\,0:-1,2016-12-17 22:49:34-974,2016-12-17 22:49:35-016
Reason : newTester.DHTException: no result
Fail : LS : test2\a94a8fe5ccb19ba6\2a5bd02710e975a7\,0:-1,2016-12-17 22:49:35-016,2016-12-17 22:49:35-052
Reason : newTester.DHTException: no result
Fail : LS : test2\a94a8fe5ccb19ba6\2a5bd02710e975a7\,0:-1,2016-12-17 22:49:35-053,2016-12-17 22:49:35-092
Reason : newTester.DHTException: no result
Fail : LS : test1\f71b43c3136efa4f\,0:-1,2016-12-17 22:49:35-092,2016-12-17 22:49:35-131
Reason : newTester.DHTException: no result
Fail : LS : test1\f71b43c3136efa4f\83404ffd78f534ff\,0:-1,2016-12-17 22:49:35-131,2016-12-17 22:49:35-168
Reason : newTester.DHTException: no result
Fail : LS : test2\a94a8fe5ccb19ba6\2a5bd02710e975a7\,0:-1,2016-12-17 22:49:35-169,2016-12-17 22:49:35-207
Reason : newTester.DHTException: no result
Fail : LS : test2\a94a8fe5ccb19ba6\2a5bd02710e975a7\,0:-1,2016-12-17 22:49:35-207,2016-12-17 22:49:35-246
Reason : newTester.DHTException: no result
Fail : LS : test2\a94a8fe5ccb19ba6\2a5bd02710e975a7\,0:-1,2016-12-17 22:49:35-246,2016-12-17 22:49:35-285
Reason : newTester.DHTException: no result
Fail : LS : test1\f71b43c3136efa4f\83404ffd78f534ff\,0:-1,2016-12-17 22:49:35-285,2016-12-17 22:49:35-323
Reason : newTester.DHTException: no result
Fail : LS : test2\a94a8fe5ccb19ba6\2a5bd02710e975a7\,0:-1,2016-12-17 22:49:35-323,2016-12-17 22:49:35-369
Reason : newTester.DHTException: no result
Fail : LS : test1,0:-1,2016-12-17 22:49:35-369,2016-12-17 22:49:35-410
Reason : newTester.DHTException: no result
Fail : LS : test1\f71b43c3136efa4f\52481749c0cdecd6\,0:-1,2016-12-17 22:49:35-411,2016-12-17 22:49:35-449
Reason : newTester.DHTException: no result
Fail : LS : test1,0:-1,2016-12-17 22:49:35-449,2016-12-17 22:49:35-489
Reason : newTester.DHTException: no result
Fail : LS : test2\a94a8fe5ccb19ba6\,0:-1,2016-12-17 22:49:35-489,2016-12-17 22:49:35-535
Reason : newTester.DHTException: no result
Fail : LS : test1,0:-1,2016-12-17 22:49:35-535,2016-12-17 22:49:35-574
Reason : newTester.DHTException: no result
Fail : LS : test1\f71b43c3136efa4f\83404ffd78f534ff\,0:-1,2016-12-17 22:49:35-574,2016-12-17 22:49:35-612
Reason : newTester.DHTException: no result
Fail : LS : test1,0:-1,2016-12-17 22:49:35-612,2016-12-17 22:49:35-651
Reason : newTester.DHTException: no result
Fail : LS : test2\a94a8fe5ccb19ba6\2a5bd02710e975a7\,0:-1,2016-12-17 22:49:35-651,2016-12-17 22:49:35-690
Reason : newTester.DHTException: no result
Fail : LS : test1\f71b43c3136efa4f\9f93e73d6896cb7b\,0:-1,2016-12-17 22:49:35-690,2016-12-17 22:49:35-728
Reason : newTester.DHTException: no result
Fail : LS : test2\a94a8fe5ccb19ba6\,0:-1,2016-12-17 22:49:35-728,2016-12-17 22:49:35-767
Reason : newTester.DHTException: no result
Fail : LS : test1,0:-1,2016-12-17 22:49:35-768,2016-12-17 22:49:35-806
Reason : newTester.DHTException: no result
Fail : LS : test2\a94a8fe5ccb19ba6\,0:-1,2016-12-17 22:49:35-806,2016-12-17 22:49:35-844
Reason : newTester.DHTException: no result
Fail : LS : test2\a94a8fe5ccb19ba6\2a5bd02710e975a7\,0:-1,2016-12-17 22:49:35-844,2016-12-17 22:49:35-881
Reason : newTester.DHTException: no result
Fail : LS : test2\a94a8fe5ccb19ba6\,0:-1,2016-12-17 22:49:35-881,2016-12-17 22:49:35-919
Reason : newTester.DHTException: no result
Fail : LS : test2\a94a8fe5ccb19ba6\,0:-1,2016-12-17 22:49:35-919,2016-12-17 22:49:35-956
Reason : newTester.DHTException: no result
Fail : LS : test2\a94a8fe5ccb19ba6\,0:-1,2016-12-17 22:49:35-957,2016-12-17 22:49:35-997
Reason : newTester.DHTException: no result
Fail : LS : test1\f71b43c3136efa4f\,0:-1,2016-12-17 22:49:35-997,2016-12-17 22:49:36-043
Reason : newTester.DHTException: no result
Fail : LS : test2\a94a8fe5ccb19ba6\2a5bd02710e975a7\,0:-1,2016-12-17 22:49:36-043,2016-12-17 22:49:36-080
Reason : newTester.DHTException: no result
Fail : LS : test2\a94a8fe5ccb19ba6\,0:-1,2016-12-17 22:49:36-080,2016-12-17 22:49:36-117
Reason : newTester.DHTException: no result
Fail : LS : test1\f71b43c3136efa4f\,0:-1,2016-12-17 22:49:36-117,2016-12-17 22:49:36-153
Reason : newTester.DHTException: no result
Fail : LS : test1\c5a5e5562b038073\a39ea9c72a98de10\,0:-1,2016-12-17 22:49:36-153,2016-12-17 22:49:36-191
Reason : newTester.DHTException: no result
Fail : LS : test2\a94a8fe5ccb19ba6\,0:-1,2016-12-17 22:49:36-191,2016-12-17 22:49:36-228
Reason : newTester.DHTException: no result
Fail : LS : test1\f71b43c3136efa4f\52481749c0cdecd6\,0:-1,2016-12-17 22:49:36-228,2016-12-17 22:49:36-265
Reason : newTester.DHTException: no result
Fail : LS : test1\f71b43c3136efa4f\52481749c0cdecd6\,0:-1,2016-12-17 