Success : SEQ_READ : test2\a94a8fe5ccb19ba6\2a5bd02710e975a7\254d76d2609fec03,0:2291,2016-12-13 16:54:46-659,2016-12-13 16:54:47-164
Success : SEQ_READ : test1\c5a5e5562b038073\a39ea9c72a98de10\11562aa867a5f398,0:2752,2016-12-13 16:54:47-503,2016-12-13 16:54:47-756
Success : SEQ_READ : test2\a94a8fe5ccb19ba6\2a5bd02710e975a7\178db47a574c645f,0:257,2016-12-13 16:54:47-872,2016-12-13 16:54:48-339
Success : LS : test2\a94a8fe5ccb19ba6\2a5bd02710e975a7\,0:-1,2016-12-13 16:54:48-422,2016-12-13 16:54:48-631
Success : LS : test1\f71b43c3136efa4f\52481749c0cdecd6\,0:-1,2016-12-13 16:54:48-875,2016-12-13 16:54:49-070
Success : CREATE_FILE : test2\a94a8fe5ccb19ba6\0E26655A5BBF4171,0:2142267,2016-12-13 16:54:49-162,2016-12-13 16:54:50-624
Success : LS : test2\a94a8fe5ccb19ba6\,0:-1,2016-12-13 16:54:50-697,2016-12-13 16:54:50-878
Success : CREATE_FILE : test2\a94a8fe5ccb19ba6\2a5bd02710e975a7\6D3A95732C7B0CCD,0:1953035,2016-12-13 16:54:50-981,2016-12-13 16:54:52-242
Success : SEQ_READ : test1\f71b43c3136efa4f\c7d9912886e5ccc7\6670af231c096f09,0:129,2016-12-13 16:54:52-353,2016-12-13 16:54:52-545
Success : LS : test1\f71b43c3136efa4f\9f93e73d6896cb7b\,0:-1,2016-12-13 16:54:52-622,2016-12-13 16:54:52-783
Success : SEQ_READ : test1\c5a5e5562b038073\a39ea9c72a98de10\41288c58009f7f6a,0:477,2016-12-13 16:54:52-921,2016-12-13 16:54:53-117
Success : LS : test2\a94a8fe5ccb19ba6\2a5bd02710e975a7\,0:-1,2016-12-13 16:54:53-208,2016-12-13 16:54:53-368
Success : CREATE_FILE : test2\a94a8fe5ccb19ba6\5DBC26B707A9B05A,0:290496,2016-12-13 16:54:53-449,2016-12-13 16:54:53-770
Fail : LS : test1,0:-1,2016-12-13 16:54:53-894,2016-12-13 16:54:53-896
Reason : java.lang.StringIndexOutOfBoundsException: String index out of range: -1
Success : LS : test2\a94a8fe5ccb19ba6\,0:-1,2016-12-13 16:54:54-016,2016-12-13 16:54:54-202
Success : LS : test1\f71b43c3136efa4f\,0:-1,2016-12-13 16:54:54-284,2016-12-13 16:54:54-541
Success : LS : test2\a94a8fe5ccb19ba6\,0:-1,2016-12-13 16:54:54-647,2016-12-13 16:54:54-827
Success : SEQ_READ : test1\c5a5e5562b038073\0caa882bd1034750,0:324096,2016-12-13 16:54:54-927,2016-12-13 16:54:55-072
Success : LS : test2\a94a8fe5ccb19ba6\2a5bd02710e975a7\,0:-1,2016-12-13 16:54:55-707,2016-12-13 16:54:55-858
Success : SEQ_READ : test1\c5a5e5562b038073\0caa882bd1034750,0:324096,2016-12-13 16:54:56-771,2016-12-13 16:54:56-970
Success : CREATE_FILE : test2\a94a8fe5ccb19ba6\2a5bd02710e975a7\484AAF5F312FB4E4,0:1028071,2016-12-13 16:54:57-348,2016-12-13 16:54:57-750
Success : LS : test2\a94a8fe5ccb19ba6\2a5bd02710e975a7\,0:-1,2016-12-13 16:54:57-848,2016-12-13 16:54:58-061
Success : SEQ_READ : test1\c5a5e5562b038073\2d77b1044a6c5c82,0:764416,2016-12-13 16:55:01-852,2016-12-13 16:55:02-038
Success : SEQ_READ : test1\c5a5e5562b038073\3c16ab634e85296e,0:105016,2016-12-13 16:55:02-128,2016-12-13 16:55:02-279
Success : CREATE_FILE : test2\a94a8fe5ccb19ba6\630EAB107515FA4C,0:1637727,2016-12-13 16:55:03-090,2016-12-13 16:55:04-084
Success : LS : test2\a94a8fe5ccb19ba6\2a5bd02710e975a7\,0:-1,2016-12-13 16:55:04-163,2016-12-13 16:55:04-321
Success : LS : test1\f71b43c3136efa4f\9f93e73d6896cb7b\,0:-1,2016-12-13 16:55:04-405,2016-12-13 16:55:04-613
Success : LS : test2\a94a8fe5ccb19ba6\,0:-1,2016-12-13 16:55:04-724,2016-12-13 16:55:04-882
Success : SEQ_READ : test1\c5a5e5562b038073\2d77b1044a6c5c82,0:764416,2016-12-13 16:55:04-954,2016-12-13 16:55:05-096
Success : LS : test1\f71b43c3136efa4f\9f93e73d6896cb7b\,0:-1,2016-12-13 16:55:08-042,2016-12-13 16:55:08-215
Success : CREATE_FILE : test2\a94a8fe5ccb19ba6\6EAF03EF17EC9258,0:2808074,2016-12-13 16:55:09-609,2016-12-13 16:55:11-779
Success : LS : test2\a94a8fe5ccb19ba6\,0:-1,2016-12-13 16:55:11-849,2016-12-13 16:55:11-989
Success : LS : test1\f71b43c3136efa4f\52481749c0cdecd6\,0:-1,2016-12-13 16:55:12-822,2016-12-13 16:55:12-981
Success : CREATE_FILE : test2\a94a8fe5ccb19ba6\2a5bd02710e975a7\07EEFFD32215F16A,0:492179,2016-12-13 16:55:14-259,2016-12-13 16:55:14-461
Success : LS : test2\a94a8fe5ccb19ba6\2a5bd02710e975a7\,0:-1,2016-12-13 16:55:14-540,2016-12-13 16:55:14-680
Fail : LS : test1,0:-1,2016-12-13 16:55:14-751,2016-12-13 16:55:14-752
Reason : java.lang.StringIndexOutOfBoundsException: String index out of range: -1
Success : LS : test2\a94a8fe5ccb19ba6\,0:-1,2016-12-13 16:55:15-567,2016-12-13 16:55:24-714
Success : LS : test2\a94a8fe5ccb19ba6\,0:-1,2016-12-13 16:55:24-825,2016-12-13 16:55:25-031
Success : CREATE_FILE : test2\a94a8fe5ccb19ba6\54DD49A51518983D,0:563146,2016-12-13 16:55:25-146,2016-12-13 16:55:25-361
Success : LS : test1\f71b43c3136efa4f\9f93e73d6896cb7b\,0:-1,2016-12-13 16:55:25-460,2016-12-13 16:55:25-655
Success : LS : test2\a94a8fe5ccb19ba6\,0:-1,2016-12-13 16:55:25-732,2016-12-13 16:55:25-921
Success : CREATE_FILE : test2\a94a8fe5ccb19ba6\509962F1008D194F,0:813611,2016-12-13 16:55:26-025,2016-12-13 16:55:26-298
Success : LS : test2\a94a8fe5ccb19ba6\,0:-1,2016-12-13 16:55:26-377,2016-12-13 16:55:26-522
Success : LS : test1\f71b43c3136efa4f\9f93e73d6896cb7b\,0:-1,2016-12-13 16:55:27-844,2016-12-13 16:55:28-015
Success : SEQ_READ : test2\acde102dac5bbe15,0:6030,2016-12-13 16:55:28-107,2016-12-13 16:55:28-299
Success : CREATE_FILE : test2\a94a8fe5ccb19ba6\14F5D03F31DD7376,0:1731166,2016-12-13 16:55:30-085,2016-12-13 16:55:31-578
Success : LS : test2\a94a8fe5ccb19ba6\2a5bd02710e975a7\,0:-1,2016-12-13 16:55:31-700,2016-12-13 16:55:31-896
Success : LS : test2\a94a8fe5ccb19ba6\,0:-1,2016-12-13 16:55:32-004,2016-12-13 16:55:32-195
Success : LS : test2\a94a8fe5ccb19ba6\,0:-1,2016-12-13 16:55:32-272,2016-12-13 16:55:32-426
Success : LS : test1\c5a5e5562b038073\,0:-1,2016-12-13 16:55:33-422,2016-12-13 16:55:33-631
Success : LS : test1\f71b43c3136efa4f\c7d9912886e5ccc7\,0:-1,2016-12-13 16:55:33-898,2016-12-13 16:55:34-086
Success : LS : test1\f71b43c3136efa4f\52481749c0cdecd6\,0:-1,2016-12-13 16:55:34-192,2016-12-13 16:55:34-392
Success : CREATE_FILE : test2\a94a8fe5ccb19ba6\69896AD2691AF9A9,0:3090142,2016-12-13 16:55:35-943,2016-12-13 16:55:38-856
Success : LS : test2\a94a8fe5ccb19ba6\,0:-1,2016-12-13 16:55:38-964,2016-12-13 16:55:39-122
Success : CREATE_FILE : test2\a94a8fe5ccb19ba6\2a5bd02710e975a7\6F91C7791B0D70EF,0:2547486,2016-12-13 16:55:39-215,2016-12-13 16:55:41-564
Success : LS : test1\f71b43c3136efa4f\52481749c0cdecd6\,0:-1,2016-12-13 16:55:41-665,2016-12-13 16:55:41-829
Success : LS : test2\a94a8fe5ccb19ba6\2a5bd02710e975a7\,0:-1,2016-12-13 16:55:41-912,2016-12-13 16:55:42-082
Success : CREATE_FILE : test2\a94a8fe5ccb19ba6\2a5bd02710e975a7\329F316D655940D8,0:2753922,2016-12-13 16:55:42-156,2016-12-13 16:55:44-257
Success : LS : test2\a94a8fe5ccb19ba6\2a5bd02710e975a7\,0:-1,2016-12-13 16:55:44-336,2016-12-13 16:55:44-490
Success : CREATE_FILE : test2\a94a8fe5ccb19ba6\7F5BEE9256C6E0AB,0:1123415,2016-12-13 16:55:44-581,2016-12-13 16:55:44-981
Success : LS : test2\a94a8fe5ccb19ba6\,0:-1,2016-12-13 16:55:45-074,2016-12-13 16:55:45-224
Success : LS : test2\a94a8fe5ccb19ba6\,0:-1,2016-12-13 16:55:48-148,2016-12-13 16:55:48-358
Success : SEQ_READ : test2\1a7683b6645f9b6a,0:14529,2016-12-13 16:55:49-160,2016-12-13 16:55:49-355
Success : CREATE_FILE : test2\a94a8fe5ccb19ba6\2a5bd02710e975a7\387B3EF56FB2F36D,0:1394406,2016-12-13 16:55:50-044,2016-12-13 16:55:51-154
Success : LS : test2\a94a8fe5ccb19ba6\2a5bd02710e975a7\,0:-1,2016-12-13 16:55:51-275,2016-12-13 16:55:51-436
Success : LS : test1\c5a5e5562b038073\0189424a5a60fed3\,0:-1,2016-12-13 16:55:53-557,2016-12-13 16:55:53-698
Success : CREATE_FILE : test2\a94a8fe5ccb19ba6\73B4018974EB6BCB,0:1318253,2016-12-13 16:55:53-774,2016-12-13 16:55:54-332
Success : LS : test2\a94a8fe5ccb19ba6\,0:-1,2016-12-13 16:55:54-404,2016-12-13 16:55:54-557
Success : CREATE_FILE : test2\a94a8fe5ccb19ba6\4E4079BB7301895E,0:1759602,2016-12-13 16:55:55-691,2016-12-13 16:55:57-171
Success : LS : test2\a94a8fe5ccb19ba6\,0:-1,2016-12-13 16:55:57-289,2016-12-13 16:55:57-458
Success : CREATE_FILE : test2\a94a8fe5ccb19ba6\69D337E878E7DA55,0:237657,2016-12-13 16:55:57-570,2016-12-13 16:55:58-249
Success : LS : test2\a94a8fe5ccb19ba6\,0:-1,2016-12-13 16:55:58-383,2016-12-13 16:56:01-015
Success : CREATE_FILE : test2\a94a8fe5ccb19ba6\30B1367F7725560F,0:554247,2016-12-13 16:56:01-144,2016-12-13 16:56:01-888
Success : SEQ_READ : test2\a94a8fe5ccb19ba6\2a5bd02710e975a7\3eef580036f1724a,0:257,2016-12-13 16:56:02-011,2016-12-13 16:56:02-170
Success : LS : test1\f71b43c3136efa4f\,0:-1,2016-12-13 16:56:02-248,2016-12-13 16:56:02-407
Success : LS : test2\a94a8fe5ccb19ba6\,0:-1,2016-12-13 16:56:02-485,2016-12-13 16:56:02-636
Success : LS : test1\f71b43c3136efa4f\,0:-1,2016-12-13 16:56:03-417,2016-12-13 16:56:03-568
Success : LS : test2\a94a8fe5ccb19ba6\,0:-1,2016-12-13 16:56:03-729,2016-12-13 16:56:03-911
Success : CREATE_FILE : test2\a94a8fe5ccb19ba6\6FEB81860BDF8216,0:1453782,2016-12-13 16:56:04-151,2016-12-13 16:56:05-376
Success : LS : test2\a94a8fe5ccb19ba6\,0:-1,2016-12-13 16:56:05-481,2016-12-13 16:56:05-665
Success : CREATE_FILE : test2\a94a8fe5ccb19ba6\35B4CA927D8990D2,0:879600,2016-12-13 16:56:05-751,2016-12-13 16:56:06-486
Success : LS : test1\f71b43c3136efa4f\c7d9912886e5ccc7\,0:-1,2016-12-13 16:56:06-568,2016-12-13 16:56:06-736
Success : LS : test2\a94a8fe5ccb19ba6\,0:-1,2016-12-13 16:56:06-812,2016-12-13 16:56:06-959
Success : LS : test2\a94a8fe5ccb19ba6\2a5bd02710e975a7\,0:-1,2016-12-13 16:56:12-967,2016-12-13 16:56:13-169
Success : CREATE_FILE : test2\a94a8fe5ccb19ba6\7861B42411798519,0:1823434,2016-12-13 16:56:14-400,2016-12-13 16:56:15-484
Fail : LS : test1,0:-1,2016-12-13 16:56:15-599,2016-12-13 16:56:15-599
Reason : java.lang.StringIndexOutOfBoundsException: String index out of range: -1
Success : LS : test2\a94a8fe5ccb19ba6\,0:-1,2016-12-13 16:56:15-679,2016-12-13 16:56:15-830
Success : LS : test1\f71b43c3136efa4f\83404ffd78f534ff\,0:-1,2016-12-13 16:56:18-413,2016-12-13 16:56:18-587
Success : CREATE_FILE : test2\a94a8fe5ccb19ba6\221B1E313E005070,0:3276991,2016-12-13 16:56:18-707,2016-12-13 16:56:21-515
Success : LS : test1\f71b43c3136efa4f\c7d9912886e5ccc7\,0:-1,2016-12-13 16:56:21-611,2016-12-13 16:56:21-762
Success : LS : test2\a94a8fe5ccb19ba6\,0:-1,2016-12-13 16:56:21-833,2016-12-13 16:56:22-041
Success : LS : test2\a94a8fe5ccb19ba6\2a5bd02710e975a7\,0:-1,2016-12-13 16:56:22-152,2016-12-13 16:56:22-337
Success : LS : test1\c5a5e5562b038073\0189424a5a60fed3\,0:-1,2016-12-13 16:56:22-441,2016-12-13 16:56:22-592
Success : LS : test1\c5a5e5562b038073\,0:-1,2016-12-13 16:56:23-429,2016-12-13 16:56:23-578
Success : LS : test2\a94a8fe5ccb19ba6\2a5bd02710e975a7\,0:-1,2016-12-13 16:56:25-856,2016-12-13 16:56:26-086
Success : LS : test1\f71b43c3136efa4f\52481749c0cdecd6\,0:-1,2016-12-13 16:56:28-450,2016-12-13 16:56:28-646
Success : LS : test2\a94a8fe5ccb19ba6\,0:-1,2016-12-13 16:56:29-100,2016-12-13 16:56:29-306
Success : SEQ_READ : test1\f71b43c3136efa4f\9f93e73d6896cb7b\6670af231c096f09,0:129,2016-12-13 16:56:30-345,2016-12-13 16:56:30-559
Success : LS : test1\f71b43c3136efa4f\83404ffd78f534ff\,0:-1,2016-12-13 16:56:31-453,2016-12-13 16:56:31-662
Fail : LS : test1,0:-1,2016-12-13 16:56:32-120,2016-12-13 16:56:32-120
Reason : java.lang.StringIndexOutOfBoundsException: String index out of range: -1
Fail : LS : test1,0:-1,2016-12-13 16:56:32-311,2016-12-13 16:56:32-311
Reason : java.lang.StringIndexOutOfBoundsException: String index out of range: -1
Success : SEQ_READ : test1\c5a5e5562b038073\2d77b1044a6c5c82,0:764416,2016-12-13 16:56:34-399,2016-12-13 16:56:34-616
Success : SEQ_READ : test2\6c33a983eec1b409,0:2291,2016-12-13 16:56:34-867,2016-12-13 16:56:35-070
Success : SEQ_READ : test2\a94a8fe5ccb19ba6\2a5bd02710e975a7\178db47a574c645f,0:257,2016-12-13 16:56:36-828,2016-12-13 16:56:37-029
Success : LS : test1\f71b43c3136efa4f\83404ffd78f534ff\,0:-1,2016-12-13 16:56:38-140,2016-12-13 16:56:38-332
Success : CREATE_FILE : test2\a94a8fe5ccb19ba6\35E2B12D501F4DF6,0:1356173,2016-12-13 16:56:39-368,2016-12-13 16:56:39-961
Success : LS : test2\a94a8fe5ccb19ba6\,0:-1,2016-12-13 16:56:40-073,2016-12-13 16:56:40-280
Success : LS : test1\f71b43c3136efa4f\,0:-1,2016-12-13 16:56:41-173,2016-12-13 16:56:41-420
Success : LS : test2\a94a8fe5ccb19ba6\,0:-1,2016-12-13 16:56:46-317,2016-12-13 16:56:46-511
Success : CREATE_FILE : test2\a94a8fe5ccb19ba6\2a5bd02710e975a7\07B49DDB0E2C5187,0:1917389,2016-12-13 16:56:50-125,2016-12-13 16:56:51-349
Success : LS : test1\f71b43c3136efa4f\c7d9912886e5ccc7\,0:-1,2016-12-13 16:56:51-424,2016-12-13 16:56:51-566
Success : LS : test2\a94a8fe5ccb19ba6\2a5bd02710e975a7\,0:-1,2016-12-13 16:56:51-670,2016-12-13 16:56:51-822
Success : CREATE_FILE : test2\a94a8fe5ccb19ba6\3CF63D9C28BD1063,0:3333061,2016-12-13 16:56:52-070,2016-12-13 16:56:54-720
Success : LS : test2\a94a8fe5ccb19ba6\,0:-1,2016-12-13 16:56:54-818,2016-12-13 16:56:55-006
Success : LS : test2\a94a8fe5ccb19ba6\,0:-1,2016-12-13 16:56:55-116,2016-12-13 16:56:55-295
Success : CREATE_FILE : test2\a94a8fe5ccb19ba6\2a5bd02710e975a7\1BF46DAF14B4FD56,0:2247612,2016-12-13 16:56:55-396,2016-12-13 16:56:57-004
Success : LS : test2\a94a8fe5ccb19ba6\2a5bd02710e975a7\,0:-1,2016-12-13 16:56:57-109,2016-12-13 16:56:57-299
Success : LS : test2\a94a8fe5ccb19ba6\,0:-1,2016-12-13 16:57:03-544,2016-12-13 16:57:03-712
Success : CREATE_FILE : test2\a94a8fe5ccb19ba6\2a5bd02710e975a7\76FE31767A2C2D7D,0:802045,2016-12-13 16:57:07-717,2016-12-13 16:57:08-487
Success : LS : test2\a94a8fe5ccb19ba6\2a5bd02710e975a7\,0:-1,2016-12-13 16:57:08-574,2016-12-13 16:57:08-737
Success : CREATE_FILE : test2\a94a8fe5ccb19ba6\0922DF380065D14C,0:4037185,2016-12-13 16:57:08-856,2016-12-13 16:57:12-229
Success : LS : test2\a94a8fe5ccb19ba6\,0:-1,2016-12-13 16:57:12-304,2016-12-13 16:57:12-440
Success : CREATE_FILE : test2\a94a8fe5ccb19ba6\2a5bd02710e975a7\17BA32367F7F3A18,0:1182719,2016-12-13 16:57:12-511,2016-12-13 16:57:13-462
Success : LS : test1\f71b43c3136efa4f\9f93e73d6896cb7b\,0:-1,2016-12-13 16:57:13-571,2016-12-13 16:57:13-744
Success : LS : test2\a94a8fe5ccb19ba6\2a5bd02710e975a7\,0:-1,2016-12-13 16:57:13-858,2016-12-13 16:57:14-058
Success : CREATE_FILE : test2\a94a8fe5ccb19ba6\6F65A65349705565,0:880203,2016-12-13 16:57:14-146,2016-12-13 16:57:14-872
Success : LS : test2\a94a8fe5ccb19ba6\,0:-1,2016-12-13 16:57:14-992,2016-12-13 16:57:15-146
Success : CREATE_FILE : test2\a94a8fe5ccb19ba6\2a5bd02710e975a7\587E1C85271B6B9D,0:2185975,2016-12-13 16:57:15-223,2016-12-13 16:57:16-717
Success : LS : test2\a94a8fe5ccb19ba6\2a5bd02710e975a7\,0:-1,2016-12-13 16:57:16-818,2016-12-13 16:57:17-025
Success : CREATE_FILE : test2\a94a8fe5ccb19ba6\2a5bd02710e975a7\09C9B34959D4002E,0:3927074,2016-12-13 16:57:17-098,2016-12-13 16:57:20-521
Success : LS : test2\a94a8fe5ccb19ba6\,0:-1,2016-12-13 16:57:20-642,2016-12-13 16:57:20-840
Success : LS : test2\a94a8fe5ccb19ba6\2a5bd02710e975a7\,0:-1,2016-12-13 16:57:20-943,2016-12-13 16:57:21-114
Success : LS : test1\c5a5e5562b038073\,0:-1,2016-12-13 16:57:21-208,2016-12-13 16:57:21-423
Success : LS : test2\a94a8fe5ccb19ba6\2a5bd02710e975a7\,0:-1,2016-12-13 16:57:21-517,2016-12-13 16:57:21-698
Success : CREATE_FILE : test2\a94a8fe5ccb19ba6\2a5bd02710e975a7\02D35C7B4F4A465E,0:217626,2016-12-13 16:57:22-932,2016-12-13 16:57:23-151
Success : LS : test2\a94a8fe5ccb19ba6\2a5bd02710e975a7\,0:-1,2016-12-13 16:57:23-248,2016-12-13 16:57:23-411
Success : LS : test2\a94a8fe5ccb19ba6\2a5bd02710e975a7\,0:-1,2016-12-13 16:57:24-801,2016-12-13 16:57:24-994
Success : CREATE_FILE : test2\a94a8fe5ccb19ba6\2a5bd02710e975a7\23EA6D2905F2966C,0:3355922,2016-12-13 16:57:25-470,2016-12-13 16:57:28-144
Success : LS : test1\c5a5e5562b038073\a39ea9c72a98de10\,0:-1,2016-12-13 16:57:28-269,2016-12-13 16:57:28-426
Success : LS : test2\a94a8fe5ccb19ba6\2a5bd02710e975a7\,0:-1,2016-12-13 16:57:28-552,2016-12-13 16:57:28-770
Fail : LS : test1,0:-1,2016-12-13 16:57:28-903,2016-12-13 16:57:28-904
Reason : java.lang.StringIndexOutOfBoundsException: String index out of range: -1
Success : SEQ_READ : test2\a94a8fe5ccb19ba6\2a5bd02710e975a7\178db47a574c645f,0:257,2016-12-13 16:57:28-993,2016-12-13 16:57:29-193
Fail : LS : test1,0:-1,2016-12-13 16:57:30-576,2016-12-13 16:57:30-576
Reason : java.lang.StringIndexOutOfBoundsException: String index out of range: -1
Success : LS : test1\f71b43c3136efa4f\9f93e73d6896cb7b\,0:-1,2016-12-13 16:57:31-340,2016-12-13 16:57:31-522
Success : SEQ_READ : test1\c5a5e5562b038073\767c14c8beb1e835,0:3818496,2016-12-13 16:57:31-622,2016-12-13 16:57:31-769
Success : CREATE_FILE : test2\a94a8fe5ccb19ba6\1667D6D31464AC83,0:2027010,2016-12-13 16:57:31-843,2016-12-13 16:57:33-686
Success : LS : test2\a94a8fe5ccb19ba6\,0:-1,2016-12-13 16:57:33-806,2016-12-13 16:57:33-972
Success : CREATE_FILE : test2\a94a8fe5ccb19ba6\783518B23B6F8912,0:3977658,2016-12-13 16:57:35-033,2016-12-13 16:57:38-382
Success : LS : test2\a94a8fe5ccb19ba6\,0:-1,2016-12-13 16:57:38-460,2016-12-13 16:57:38-610
Success : CREATE_FILE : test2\a94a8fe5ccb19ba6\2a5bd02710e975a7\3A6FF2FA0A6628CD,0:1585817,2016-12-13 16:57:38-801,2016-12-13 16:57:40-139
Success : LS : test1\f71b43c3136efa4f\52481749c0cdecd6\,0:-1,2016-12-13 16:57:40-254,2016-12-13 16:57:40-416
Success : LS : test2\a94a8fe5ccb19ba6\2a5bd02710e975a7\,0:-1,2016-12-13 16:57:40-513,2016-12-13 16:57:40-703
Success : LS : test1\c5a5e5562b038073\,0:-1,2016-12-13 16:57:40-791,2016-12-13 16:57:40-954
Fail : LS : test1,0:-1,2016-12-13 16:57:41-074,2016-12-13 16:57:41-074
Reason : java.lang.StringIndexOutOfBoundsException: String index out of range: -1
Success : SEQ_READ : test1\c5a5e5562b038073\6670af231c096f09,0:46,2016-12-13 16:57:44-477,2016-12-13 16:57:44-651
Success : LS : test1\f71b43c3136efa4f\c7d9912886e5ccc7\,0:-1,2016-12-13 16:57:45-812,2016-12-13 16:57:45-945
Success : LS : test2\a94a8fe5ccb19ba6\,0:-1,2016-12-13 16:57:46-085,2016-12-13 16:57:46-241
Success : LS : test1\f71b43c3136efa4f\52481749c0cdecd6\,0:-1,2016-12-13 16:57:47-509,2016-12-13 16:57:47-665
Success : SEQ_READ : test1\c5a5e5562b038073\7b7f22b30cf50087,0:3126,2016-12-13 16:57:49-399,2016-12-13 16:57:49-574
Success : CREATE_FILE : test2\a94a8fe5ccb19ba6\2a5bd02710e975a7\7A86A5155F62ACD2,0:305605,2016-12-13 16:57:49-841,2016-12-13 16:57:50-549
Success : LS : test2\a94a8fe5ccb19ba6\2a5bd02710e975a7\,0:-1,2016-12-13 16:57:50-624,2016-12-13 16:57:50-784
Fail : LS : test1,0:-1,2016-12-13 16:57:51-248,2016-12-13 16:57:51-248
Reason : java.lang.StringIndexOutOfBoundsException: String index out of range: -1
Success : CREATE_FILE : test2\a94a8fe5ccb19ba6\2a5bd02710e975a7\179FB8581FA26A9C,0:1700517,2016-12-13 16:57:53-915,2016-12-13 16:57:54-884
Success : LS : test2\a94a8fe5ccb19ba6\2a5bd02710e975a7\,0:-1,2016-12-13 16:57:54-968,2016-12-13 16:57:55-113
Success : CREATE_FILE : test2\a94a8fe5ccb19ba6\2a5bd02710e975a7\5B69974F5BF5D379,0:4024272,2016-12-13 16:57:55-188,2016-12-13 16:57:59-133
Success : LS : test2\a94a8fe5ccb19ba6\2a5bd02710e975a7\,0:-1,2016-12-13 16:57:59-253,2016-12-13 16:57:59-459
Success : CREATE_FILE : test2\a94a8fe5ccb19ba6\5796E5B41D61ABAE,0:1253530,2016-12-13 16:57:59-571,2016-12-13 16:58:00-156
Success : LS : test2\a94a8fe5ccb19ba6\,0:-1,2016-12-13 16:58:00-260,2016-12-13 16:58:00-451
Success : CREATE_FILE : test2\a94a8fe5ccb19ba6\2F6E6BEC36C44297,0:1160663,2016-12-13 16:58:00-564,2016-12-13 16:58:01-098
Success : LS : test2\a94a8fe5ccb19ba6\,0:-1,2016-12-13 16:58:01-224,2016-12-13 16:58:01-415
Success : LS : test1\f71b43c3136efa4f\52481749c0cdecd6\,0:-1,2016-12-13 16:58:01-520,2016-12-13 16:58:01-707
Success : LS : test1\f71b43c3136efa4f\,0:-1,2016-12-13 16:58:02-526,2016-12-13 16:58:02-700
Success : CREATE_FILE : test2\a94a8fe5ccb19ba6\5B82210E6F68D2EB,0:3417090,2016-12-13 16:58:05-160,2016-12-13 16:58:08-477
Success : LS : test2\a94a8fe5ccb19ba6\,0:-1,2016-12-13 16:58:08-565,2016-12-13 16:58:08-726
Success : CREATE_FILE : test2\a94a8fe5ccb19ba6\48FFC6811C5BC234,0:3223869,2016-12-13 16:58:09-852,2016-12-13 16:58:12-395
Success : LS : test2\a94a8fe5ccb19ba6\2a5bd02710e975a7\,0:-1,2016-12-13 16:58:12-507,2016-12-13 16:58:12-719
Success : LS : test2\a94a8fe5ccb19ba6\,0:-1,2016-12-13 16:58:12-840,2016-12-13 16:58:13-041
Success : SEQ_READ : test2\8da7cc13802eefe0,0:22987191,2016-12-13 16:58:13-204,2016-12-13 16:58:13-403
Success : LS : test2\a94a8fe5ccb19ba6\,0:-1,2016-12-13 16:58:15-689,2016-12-13 16:58:15-832
Success : LS : test2\a94a8fe5ccb19ba6\,0:-1,2016-12-13 16:58:17-131,2016-12-13 16:58:17-277
Success : LS : test2\a94a8fe5ccb19ba6\2a5bd02710e975a7\,0:-1,2016-12-13 16:58:17-644,2016-12-13 16:58:17-815
Success : LS : test1\f71b43c3136efa4f\52481749c0cdecd6\,0:-1,2016-12-13 16:58:18-250,2016-12-13 16:58:18-442
Fail : LS : test1,0:-1,2016-12-13 16:58:20-522,2016-12-13 16:58:20-522
Reason : java.lang.StringIndexOutOfBoundsException: String index out of range: -1
Fail : LS : test1,0:-1,2016-12-13 16:58:22-486,2016-12-13 16:58:22-486
Reason : java.lang.StringIndexOutOfBoundsException: String index out of range: -1
Success : LS : test2\a94a8fe5ccb19ba6\2a5bd02710e975a7\,0:-1,2016-12-13 16:58:22-723,2016-12-13 16:58:22-890
Success : LS : test2\a94a8fe5ccb19ba6\,0:-1,2016-12-13 16:58:22-998,2016-12-13 16:58:23-192
Success : LS : test2\a94a8fe5ccb19ba6\2a5bd02710e975a7\,0:-1,2016-12-13 16:58:24-746,2016-12-13 16:58:24-920
Fail : LS : test1,0:-1,2016-12-13 16:58:26-747,2016-12-13 16:58:26-747
Reason : java.lang.StringIndexOutOfBoundsException: String index out of range: -1
Success : SEQ_READ : test2\a94a8fe5ccb19ba6\2a5bd02710e975a7\178db47a574c645f,0:257,2016-12-13 16:58:27-384,2016-12-13 16:58:27-612
Success : CREATE_FILE : test2\a94a8fe5ccb19ba6\2B05F068584C9C5B,0:3603626,2016-12-13 16:58:28-215,2016-12-13 16:58:32-031
Success : LS : test2\a94a8fe5ccb19ba6\,0:-1,2016-12-13 16:58:32-151,2016-12-13 16:58:32-309
Success : CREATE_FILE : test2\a94a8fe5ccb19ba6\2AA49C025935023C,0:2728137,2016-12-13 16:58:32-388,2016-12-13 16:58:34-919
Success : LS : test1\c5a5e5562b038073\,0:-1,2016-12-13 16:58:35-031,2016-12-13 16:58:35-219
Success : LS : test1\f71b43c3136efa4f\83404ffd78f534ff\,0:-1,2016-12-13 16:58:35-334,2016-12-13 16:58:35-527
Success : SEQ_READ : test1\f71b43c3136efa4f\52481749c0cdecd6\6670af231c096f09,0:129,2016-12-13 16:58:35-605,2016-12-13 16:58:35-776
Success : LS : test1\f71b43c3136efa4f\,0:-1,2016-12-13 16:58:35-871,2016-12-13 16:58:36-019
Success : LS : test2\a94a8fe5ccb19ba6\,0:-1,2016-12-13 16:58:36-132,2016-12-13 16:58:36-308
Success : CREATE_FILE : test2\a94a8fe5ccb19ba6\1E4BB8983CA3D75B,0:3622985,2016-12-13 16:58:36-382,2016-12-13 16:58:39-344
Success : LS : test2\a94a8fe5ccb19ba6\,0:-1,2016-12-13 16:58:39-449,2016-12-13 16:58:39-604
Success : SEQ_READ : test1\f71b43c3136efa4f\52481749c0cdecd6\6670af231c096f09,0:129,2016-12-13 16:58:39-680,2016-12-13 16:58:39-888
Success : LS : test1\c5a5e5562b038073\,0:-1,2016-12-13 16:58:40-008,2016-12-13 16:58:40-166
Success : LS : test2\a94a8fe5ccb19ba6\,0:-1,2016-12-13 16:58:40-243,2016-12-13 16:58:40-403
Success : CREATE_FILE : test2\a94a8fe5ccb19ba6\6A05696007F03918,0:1933770,2016-12-13 16:58:40-483,2016-12-13 16:58:41-799
Success : SEQ_READ : test1\c5a5e5562b038073\b0c5d70d7f040bfa,0:17408,2016-12-13 16:58:41-872,2016-12-13 16:58:42-018
Success : LS : test2\a94a8fe5ccb19ba6\,0:-1,2016-12-13 16:58:42-089,2016-12-13 16:58:42-277
Success : CREATE_FILE : test2\a94a8fe5ccb19ba6\2a5bd02710e975a7\195EA60811836946,0:1895333,2016-12-13 16:58:42-353,2016-12-13 16:58:43-724
Success : SEQ_READ : test1\c5a5e5562b038073\a39ea9c72a98de10\11562aa867a5f398,0:2752,2016-12-13 16:58:43-836,2016-12-13 16:58:44-019
Success : LS : test2\a94a8fe5ccb19ba6\2a5bd02710e975a7\,0:-1,2016-12-13 16:58:44-096,2016-12-13 16:58:44-247
Success : CREATE_FILE : test2\a94a8fe5ccb19ba6\2D744E8B76DA1B90,0:542006,2016-12-13 16:58:45-750,2016-12-13 16:58:45-994
Success : LS : test2\a94a8fe5ccb19ba6\,0:-1,2016-12-13 16:58:46-089,2016-12-13 16:58:46-250
Success : CREATE_FILE : test2\a94a8fe5ccb19ba6\0416E6BA680439A6,0:1993674,2016-12-13 16:58:46-352,2016-12-13 16:58:47-621
Success : LS : test1\f71b43c3136efa4f\c7d9912886e5ccc7\,0:-1,2016-12-13 16:58:47-699,2016-12-13 16:58:47-840
Success : LS : test2\a94a8fe5ccb19ba6\,0:-1,2016-12-13 16:58:47-946,2016-12-13 16:58:48-134
Success : LS : test2\a94a8fe5ccb19ba6\2a5bd02710e975a7\,0:-1,2016-12-13 16:58:51-043,2016-12-13 16:58:51-213
Success : LS : test2\a94a8fe5ccb19ba6\,0:-1,2016-12-13 16:58:54-259,2016-12-13 16:58:54-452
Success : CREATE_FILE : test2\a94a8fe5ccb19ba6\2a5bd02710e975a7\57E25B713E57F44B,0:1729465,2016-12-13 16:58:55-433,2016-12-13 16:58:56-604
Success : LS : test2\a94a8fe5ccb19ba6\,0:-1,2016-12-13 16:58:56-724,2016-12-13 16:58:56-902
Success : LS : test2\a94a8fe5ccb19ba6\2a5bd02710e975a7\,0:-1,2016-12-13 16:58:56-981,2016-12-13 16:58:57-153
Success : CREATE_FILE : test2\a94a8fe5ccb19ba6\2a5bd02710e975a7\513C575A3E4A675D,0:1833511,2016-12-13 16:58:58-403,2016-12-13 16:59:00-047
Success : LS : test2\a94a8fe5ccb19ba6\2a5bd02710e975a7\,0:-1,2016-12-13 16:59:00-174,2016-12-13 16:59:00-352
Success : LS : test1\f71b43c3136efa4f\,0:-1,2016-12-13 16:59:00-463,2016-12-13 16:59:00-617
Success : CREATE_FILE : test2\a94a8fe5ccb19ba6\4B73D6985A4B1D2B,0:840855,2016-12-13 16:59:01-078,2016-12-13 16:59:01-388
Success : LS : test2\a94a8fe5ccb19ba6\,0:-1,2016-12-13 16:59:01-492,2016-12-13 16:59:01-709
Success : SEQ_READ : test1\c5a5e5562b038073\a39ea9c72a98de10\aa61f113a9b13deb,0:438,2016-12-13 16:59:01-825,2016-12-13 16:59:02-013
Success : LS : test1\f71b43c3136efa4f\,0:-1,2016-12-13 16:59:02-202,2016-12-13 16:59:02-395
Success : CREATE_FILE : test2\a94a8fe5ccb19ba6\216F8952565CAC68,0:3539878,2016-12-13 16:59:03-046,2016-12-13 16:59:06-474
Success : LS : test2\a94a8fe5ccb19ba6\,0:-1,2016-12-13 16:59:06-596,2016-12-13 16:59:06-801
Success : SEQ_READ : test1\c5a5e5562b038073\68ad3077ff5a452a,0:383,2016-12-13 16:59:06-995,2016-12-13 16:59:07-164
Success : CREATE_FILE : test2\a94a8fe5ccb19ba6\2a5bd02710e975a7\1175350A44C05C9B,0:4044187,2016-12-13 16:59:07-993,2016-12-13 16:59:11-955
Success : LS : test2\a94a8fe5ccb19ba6\2a5bd02710e975a7\,0:-1,2016-12-13 16:59:12-074,2016-12-13 16:59:12-266
Success : LS : test2\a94a8fe5ccb19ba6\2a5bd02710e975a7\,0:-1,2016-12-13 16:59:12-368,2016-12-13 16:59:12-582
Success : CREATE_FILE : test2\a94a8fe5ccb19ba6\2a5bd02710e975a7\530412022A3D13A5,0:2743710,2016-12-13 16:59:12-688,2016-12-13 16:59:14-820
Success : LS : test2\a94a8fe5ccb19ba6\2a5bd02710e975a7\,0:-1,2016-12-13 16:59:14-912,2016-12-13 16:59:15-081
Success : LS : test1\f71b43c3136efa4f\,0:-1,2016-12-13 16:59:16-879,2016-12-13 16:59:17-027
Success : LS : test1\f71b43c3136efa4f\52481749c0cdecd6\,0:-1,2016-12-13 16:59:17-487,2016-12-13 16:59:17-641
Success : CREATE_FILE : test2\a94a8fe5ccb19ba6\55FA6EF225817ECA,0:2384107,2016-12-13 16:59:18-445,2016-12-13 16:59:20-706
Success : LS : test2\a94a8fe5ccb19ba6\,0:-1,2016-12-13 16:59:20-812,2016-12-13 16:59:20-970
Success : LS : test2\a94a8fe5ccb19ba6\2a5bd02710e975a7\,0:-1,2016-12-13 16:59:22-198,2016-12-13 16:59:22-370
Success : CREATE_FILE : test2\a94a8fe5ccb19ba6\2a5bd02710e975a7\0B06707723604D15,0:1769854,2016-12-13 16:59:22-557,2016-12-13 16:59:24-095
Success : LS : test2\a94a8fe5ccb19ba6\2a5bd02710e975a7\,0:-1,2016-12-13 16:59:24-172,2016-12-13 16:59:24-320
Success : LS : test2\a94a8fe5ccb19ba6\,0:-1,2016-12-13 16:59:24-838,2016-12-13 16:59:25-015
Fail : LS : test1,0:-1,2016-12-13 16:59:26-237,2016-12-13 16:59:26-237
Reason : java.lang.StringIndexOutOfBoundsException: String index out of range: -1
Success : CREATE_FILE : test2\a94a8fe5ccb19ba6\028D7F457CF677CB,0:227698,2016-12-13 16:59:26-353,2016-12-13 16:59:26-559
Success : LS : test2\a94a8fe5ccb19ba6\,0:-1,2016-12-13 16:59:26-638,2016-12-13 16:59:26-793
Success : LS : test2\a94a8fe5ccb19ba6\2a5bd02710e975a7\,0:-1,2016-12-13 16:59:27-256,2016-12-13 16:59:27-443
Success : CREATE_FILE : test2\a94a8fe5ccb19ba6\41D2E4806349EE46,0:1747417,2016-12-13 16:59:27-929,2016-12-13 16:59:29-290
Success : LS : test2\a94a8fe5ccb19ba6\,0:-1,2016-12-13 16:59:29-417,2016-12-13 16:59:29-600
Success : CREATE_FILE : test2\a94a8fe5ccb19ba6\61AF2CB3374B4FA2,0:3287202,2016-12-13 16:59:30-736,2016-12-13 16:59:33-406
Success : SEQ_READ : test2\49f03965cf98b1f5,0:1634,2016-12-13 16:59:33-488,2016-12-13 16:59:33-656
Success : LS : test2\a94a8fe5ccb19ba6\,0:-1,2016-12-13 16:59:33-732,2016-12-13 16:59:33-951
Success : CREATE_FILE : test2\a94a8fe5ccb19ba6\2a5bd02710e975a7\7373872C78741A1E,0:2471725,2016-12-13 16:59:35-032,2016-12-13 16:59:37-295
Success : LS : test2\a94a8fe5ccb19ba6\2a5bd02710e975a7\,0:-1,2016-12-13 16:59:37-419,2016-12-13 16:59:37-618
Success : CREATE_FILE : test2\a94a8fe5ccb19ba6\2a5bd02710e975a7\76C31B372C825470,0:2590538,2016-12-13 16:59:37-724,2016-12-13 16:59:40-252
Success : LS : test2\a94a8fe5ccb19ba6\2a5bd02710e975a7\,0:-1,2016-12-13 16:59:40-372,2016-12-13 16:59:40-575
Success : CREATE_FILE : test2\a94a8fe5ccb19ba6\5BC15878701E94AB,0:835356,2016-12-13 16:59:40-662,2016-12-13 16:59:41-431
Success : LS : test2\a94a8fe5ccb19ba6\,0:-1,2016-12-13 16:59:41-538,2016-12-13 16:59:41-698
Success : CREATE_FILE : test2\a94a8fe5ccb19ba6\216857DA0BC98E6E,0:3099695,2016-12-13 16:59:41-775,2016-12-13 16:59:44-357
Success : LS : test2\a94a8fe5ccb19ba6\,0:-1,2016-12-13 16:59:44-477,2016-12-13 16:59:44-682
Success : CREATE_FILE : test2\a94a8fe5ccb19ba6\232F62C4153763D0,0:3356319,2016-12-13 16:59:44-793,2016-12-13 16:59:47-815
Success : LS : test2\a94a8fe5ccb19ba6\,0:-1,2016-12-13 16:59:47-902,2016-12-13 16:59:48-059
