Success : SEQ_READ : test1\c5a5e5562b038073\c7734a16bf12bb03,0:364726,2016-12-16 15:41:11-106,2016-12-16 15:41:12-051
Success : SEQ_READ : test2\bc9c8ba7ff351f3e,0:217984,2016-12-16 15:41:12-051,2016-12-16 15:41:12-328
Success : SEQ_READ : test2\49f03965cf98b1f5,0:1634,2016-12-16 15:41:12-328,2016-12-16 15:41:12-554
Success : SEQ_READ : test2\a94a8fe5ccb19ba6\2a5bd02710e975a7\254d76d2609fec03,0:2291,2016-12-16 15:41:12-554,2016-12-16 15:41:12-858
Success : SEQ_READ : test2\acde102dac5bbe15,0:6030,2016-12-16 15:41:12-859,2016-12-16 15:41:13-154
Success : CREATE_FILE : test2\a94a8fe5ccb19ba6\7BBB85650B60EC49,0:3644878,2016-12-16 15:41:13-155,2016-12-16 15:41:16-294
Success : LS : test2\a94a8fe5ccb19ba6\,0:-1,2016-12-16 15:41:16-295,2016-12-16 15:41:16-387
Success : CREATE_FILE : test2\a94a8fe5ccb19ba6\3B1D5EB73D9A1C0C,0:878213,2016-12-16 15:41:16-388,2016-12-16 15:41:16-773
Success : LS : test2\a94a8fe5ccb19ba6\,0:-1,2016-12-16 15:41:16-774,2016-12-16 15:41:16-894
Success : CREATE_FILE : test2\a94a8fe5ccb19ba6\7C89D0AE64A3CC0A,0:2651830,2016-12-16 15:41:16-895,2016-12-16 15:41:18-836
Success : SEQ_READ : test1\c5a5e5562b038073\738537f9a40e568b,0:17984,2016-12-16 15:41:18-836,2016-12-16 15:41:19-105
Success : LS : test2\a94a8fe5ccb19ba6\,0:-1,2016-12-16 15:41:19-105,2016-12-16 15:41:19-187
Success : CREATE_FILE : test2\a94a8fe5ccb19ba6\7029E59E61B6E7DC,0:3393841,2016-12-16 15:41:19-188,2016-12-16 15:41:21-833
Success : LS : test2\a94a8fe5ccb19ba6\,0:-1,2016-12-16 15:41:21-833,2016-12-16 15:41:21-927
Success : CREATE_FILE : test2\a94a8fe5ccb19ba6\749C32B1331DFEE0,0:1778595,2016-12-16 15:41:21-928,2016-12-16 15:41:23-019
Success : LS : test2\a94a8fe5ccb19ba6\,0:-1,2016-12-16 15:41:23-019,2016-12-16 15:41:23-109
Success : CREATE_FILE : test2\a94a8fe5ccb19ba6\2a5bd02710e975a7\06A7DCFD64D1069C,0:2059953,2016-12-16 15:41:23-110,2016-12-16 15:41:24-644
Success : SEQ_READ : test2\a94a8fe5ccb19ba6\4b6fcb2d521ef0fd,0:2291,2016-12-16 15:41:24-644,2016-12-16 15:41:24-947
Success : LS : test2\a94a8fe5ccb19ba6\2a5bd02710e975a7\,0:-1,2016-12-16 15:41:24-947,2016-12-16 15:41:25-067
Success : CREATE_FILE : test2\a94a8fe5ccb19ba6\03253CEF4B2C5853,0:937966,2016-12-16 15:41:25-068,2016-12-16 15:41:25-474
Success : SEQ_READ : test2\49f03965cf98b1f5,0:1634,2016-12-16 15:41:25-475,2016-12-16 15:41:25-776
Success : LS : test2\a94a8fe5ccb19ba6\,0:-1,2016-12-16 15:41:25-776,2016-12-16 15:41:25-882
Success : CREATE_FILE : test2\a94a8fe5ccb19ba6\2a5bd02710e975a7\5E7441DF13127B4C,0:2994432,2016-12-16 15:41:25-883,2016-12-16 15:41:28-203
Success : SEQ_READ : test1\c5a5e5562b038073\c7734a16bf12bb03,0:364726,2016-12-16 15:41:28-204,2016-12-16 15:41:28-444
Success : LS : test2\a94a8fe5ccb19ba6\2a5bd02710e975a7\,0:-1,2016-12-16 15:41:28-444,2016-12-16 15:41:28-521
Success : CREATE_FILE : test2\a94a8fe5ccb19ba6\0ECB8E8F1178736F,0:1136124,2016-12-16 15:41:28-521,2016-12-16 15:41:29-026
Success : LS : test2\a94a8fe5ccb19ba6\,0:-1,2016-12-16 15:41:29-026,2016-12-16 15:41:29-142
Success : CREATE_FILE : test2\a94a8fe5ccb19ba6\722FF0FC4D0C3D67,0:1589275,2016-12-16 15:41:29-142,2016-12-16 15:41:30-069
Success : LS : test2\a94a8fe5ccb19ba6\,0:-1,2016-12-16 15:41:30-070,2016-12-16 15:41:30-184
Success : CREATE_FILE : test2\a94a8fe5ccb19ba6\2a5bd02710e975a7\0DAC68F95B40A75C,0:1866301,2016-12-16 15:41:30-185,2016-12-16 15:41:31-371
Success : LS : test2\a94a8fe5ccb19ba6\2a5bd02710e975a7\,0:-1,2016-12-16 15:41:31-371,2016-12-16 15:41:31-490
Success : CREATE_FILE : test2\a94a8fe5ccb19ba6\0CE96510490BFD4E,0:1726306,2016-12-16 15:41:31-490,2016-12-16 15:41:32-535
Success : SEQ_READ : test1\c5a5e5562b038073\738537f9a40e568b,0:17984,2016-12-16 15:41:32-535,2016-12-16 15:41:32-825
Success : SEQ_READ : test1\c5a5e5562b038073\738537f9a40e568b,0:17984,2016-12-16 15:41:32-825,2016-12-16 15:41:33-052
Success : SEQ_READ : test2\bc9c8ba7ff351f3e,0:217984,2016-12-16 15:41:33-052,2016-12-16 15:41:33-306
Success : LS : test2\a94a8fe5ccb19ba6\,0:-1,2016-12-16 15:41:33-307,2016-12-16 15:41:33-384
Success : CREATE_FILE : test2\a94a8fe5ccb19ba6\3048D221358EBE53,0:2578161,2016-12-16 15:41:33-385,2016-12-16 15:41:35-261
Success : LS : test2\a94a8fe5ccb19ba6\,0:-1,2016-12-16 15:41:35-261,2016-12-16 15:41:35-363
Success : CREATE_FILE : test2\a94a8fe5ccb19ba6\2a5bd02710e975a7\09211A73663B6EB3,0:740415,2016-12-16 15:41:35-364,2016-12-16 15:41:35-705
Success : SEQ_READ : test1\c5a5e5562b038073\c7abaf0419c47a1d,0:762529,2016-12-16 15:41:35-705,2016-12-16 15:41:35-968
Success : LS : test2\a94a8fe5ccb19ba6\2a5bd02710e975a7\,0:-1,2016-12-16 15:41:35-969,2016-12-16 15:41:36-045
Success : CREATE_FILE : test2\a94a8fe5ccb19ba6\1F5D1FEB4E40C185,0:1905978,2016-12-16 15:41:36-046,2016-12-16 15:41:37-324
Success : LS : test2\a94a8fe5ccb19ba6\,0:-1,2016-12-16 15:41:37-324,2016-12-16 15:41:37-456
Success : CREATE_FILE : test2\a94a8fe5ccb19ba6\2a5bd02710e975a7\770A56E818C5D379,0:1586636,2016-12-16 15:41:37-457,2016-12-16 15:41:38-366
Success : LS : test2\a94a8fe5ccb19ba6\2a5bd02710e975a7\,0:-1,2016-12-16 15:41:38-367,2016-12-16 15:41:38-491
Success : CREATE_FILE : test2\a94a8fe5ccb19ba6\767C3FE24E1817FD,0:3393529,2016-12-16 15:41:38-491,2016-12-16 15:41:41-227
Success : LS : test2\a94a8fe5ccb19ba6\,0:-1,2016-12-16 15:41:41-227,2016-12-16 15:41:41-341
Success : CREATE_FILE : test2\a94a8fe5ccb19ba6\2a5bd02710e975a7\65AB3FF320EA4771,0:2370120,2016-12-16 15:41:41-341,2016-12-16 15:41:43-068
Success : LS : test2\a94a8fe5ccb19ba6\2a5bd02710e975a7\,0:-1,2016-12-16 15:41:43-068,2016-12-16 15:41:43-168
Success : CREATE_FILE : test2\a94a8fe5ccb19ba6\518572A674963A3C,0:2250532,2016-12-16 15:41:43-168,2016-12-16 15:41:44-735
Success : SEQ_READ : test1\c5a5e5562b038073\f72cdbcd84f047a5,0:17893,2016-12-16 15:41:44-735,2016-12-16 15:41:44-993
Success : SEQ_READ : test1\c5a5e5562b038073\0189424a5a60fed3\feb6a1968982109d,0:20126138,2016-12-16 15:41:44-993,2016-12-16 15:41:45-256
Success : LS : test2\a94a8fe5ccb19ba6\,0:-1,2016-12-16 15:41:45-257,2016-12-16 15:41:45-377
Success : CREATE_FILE : test2\a94a8fe5ccb19ba6\2a5bd02710e975a7\19E8610E2256C7F8,0:1498983,2016-12-16 15:41:45-378,2016-12-16 15:41:46-316
Success : LS : test2\a94a8fe5ccb19ba6\2a5bd02710e975a7\,0:-1,2016-12-16 15:41:46-317,2016-12-16 15:41:46-490
Success : CREATE_FILE : test2\a94a8fe5ccb19ba6\533F4B724CC6D6E6,0:591262,2016-12-16 15:41:46-490,2016-12-16 15:41:46-850
Success : SEQ_READ : test1\c5a5e5562b038073\b0c5d70d7f040bfa,0:17408,2016-12-16 15:41:46-850,2016-12-16 15:41:47-161
Success : SEQ_READ : test2\6c33a983eec1b409,0:2291,2016-12-16 15:41:47-161,2016-12-16 15:41:47-489
Success : LS : test2\a94a8fe5ccb19ba6\,0:-1,2016-12-16 15:41:47-489,2016-12-16 15:41:47-564
Success : CREATE_FILE : test2\a94a8fe5ccb19ba6\2a5bd02710e975a7\7E0EFA5536019361,0:2931289,2016-12-16 15:41:47-565,2016-12-16 15:41:49-803
Success : LS : test2\a94a8fe5ccb19ba6\2a5bd02710e975a7\,0:-1,2016-12-16 15:41:49-803,2016-12-16 15:41:49-901
Success : CREATE_FILE : test2\a94a8fe5ccb19ba6\022F8640365DB7EA,0:216535,2016-12-16 15:41:49-901,2016-12-16 15:41:50-193
Success : LS : test2\a94a8fe5ccb19ba6\,0:-1,2016-12-16 15:41:50-194,2016-12-16 15:41:50-272
Success : CREATE_FILE : test2\a94a8fe5ccb19ba6\605782C11FF997E8,0:3269848,2016-12-16 15:41:50-272,2016-12-16 15:41:52-871
Success : LS : test2\a94a8fe5ccb19ba6\,0:-1,2016-12-16 15:41:52-871,2016-12-16 15:41:52-953
Success : CREATE_FILE : test2\a94a8fe5ccb19ba6\2a5bd02710e975a7\4ADB96FF11640563,0:1231377,2016-12-16 15:41:52-954,2016-12-16 15:41:53-548
Success : SEQ_READ : test2\8da7cc13802eefe0,0:22987191,2016-12-16 15:41:53-548,2016-12-16 15:41:53-812
Success : SEQ_READ : test1\c5a5e5562b038073\a39ea9c72a98de10\41288c58009f7f6a,0:477,2016-12-16 15:41:53-812,2016-12-16 15:41:54-042
Success : SEQ_READ : test2\1a7683b6645f9b6a,0:14529,2016-12-16 15:41:54-042,2016-12-16 15:41:54-265
Success : LS : test2\a94a8fe5ccb19ba6\2a5bd02710e975a7\,0:-1,2016-12-16 15:41:54-265,2016-12-16 15:41:54-343
Success : CREATE_FILE : test2\a94a8fe5ccb19ba6\2a5bd02710e975a7\46B74D1426BF2EDD,0:1202974,2016-12-16 15:41:54-343,2016-12-16 15:41:54-883
Success : LS : test2\a94a8fe5ccb19ba6\2a5bd02710e975a7\,0:-1,2016-12-16 15:41:54-884,2016-12-16 15:41:54-978
Success : CREATE_FILE : test2\a94a8fe5ccb19ba6\350395736D65B698,0:1730083,2016-12-16 15:41:54-979,2016-12-16 15:41:56-009
Success : LS : test2\a94a8fe5ccb19ba6\,0:-1,2016-12-16 15:41:56-009,2016-12-16 15:41:56-099
Success : CREATE_FILE : test2\a94a8fe5ccb19ba6\55011EAB1D58C202,0:3114749,2016-12-16 15:41:56-100,2016-12-16 15:41:58-497
Success : LS : test2\a94a8fe5ccb19ba6\,0:-1,2016-12-16 15:41:58-497,2016-12-16 15:41:58-609
Success : CREATE_FILE : test2\a94a8fe5ccb19ba6\2DFE4D2D1F458E89,0:1120937,2016-12-16 15:41:58-609,2016-12-16 15:41:59-067
Success : LS : test2\a94a8fe5ccb19ba6\,0:-1,2016-12-16 15:41:59-067,2016-12-16 15:41:59-154
Success : CREATE_FILE : test2\a94a8fe5ccb19ba6\2a5bd02710e975a7\38858DDF463FF85F,0:3373732,2016-12-16 15:41:59-154,2016-12-16 15:42:02-062
Success : LS : test2\a94a8fe5ccb19ba6\2a5bd02710e975a7\,0:-1,2016-12-16 15:42:02-062,2016-12-16 15:42:02-156
Success : CREATE_FILE : test2\a94a8fe5ccb19ba6\5205AA821F71E72C,0:1403560,2016-12-16 15:42:02-156,2016-12-16 15:42:02-907
Success : LS : test2\a94a8fe5ccb19ba6\,0:-1,2016-12-16 15:42:02-907,2016-12-16 15:42:02-983
Success : CREATE_FILE : test2\a94a8fe5ccb19ba6\2a5bd02710e975a7\462F3CD11B346CF5,0:1991835,2016-12-16 15:42:02-983,2016-12-16 15:42:04-283
Success : LS : test2\a94a8fe5ccb19ba6\2a5bd02710e975a7\,0:-1,2016-12-16 15:42:04-283,2016-12-16 15:42:04-375
Success : CREATE_FILE : test2\a94a8fe5ccb19ba6\2a5bd02710e975a7\34F868113C389B2B,0:389138,2016-12-16 15:42:04-376,2016-12-16 15:42:04-713
Success : LS : test2\a94a8fe5ccb19ba6\2a5bd02710e975a7\,0:-1,2016-12-16 15:42:04-714,2016-12-16 15:42:04-820
Success : CREATE_FILE : test2\a94a8fe5ccb19ba6\2a5bd02710e975a7\658CBAF3776AE07E,0:570322,2016-12-16 15:42:04-820,2016-12-16 15:42:05-180
Success : SEQ_READ : test1\c5a5e5562b038073\2d77b1044a6c5c82,0:764416,2016-12-16 15:42:05-180,2016-12-16 15:42:05-451
Success : LS : test2\a94a8fe5ccb19ba6\2a5bd02710e975a7\,0:-1,2016-12-16 15:42:05-451,2016-12-16 15:42:05-531
Success : CREATE_FILE : test2\a94a8fe5ccb19ba6\2a5bd02710e975a7\354BDBAB5B670B6B,0:3327510,2016-12-16 15:42:05-531,2016-12-16 15:42:08-158
Success : LS : test2\a94a8fe5ccb19ba6\2a5bd02710e975a7\,0:-1,2016-12-16 15:42:08-158,2016-12-16 15:42:08-253
Success : CREATE_FILE : test2\a94a8fe5ccb19ba6\5C67EC9640771CAB,0:3703005,2016-12-16 15:42:08-253,2016-12-16 15:42:11-271
Success : LS : test2\a94a8fe5ccb19ba6\,0:-1,2016-12-16 15:42:11-272,2016-12-16 15:42:11-380
Success : CREATE_FILE : test2\a94a8fe5ccb19ba6\26DC542B4E1D91DC,0:3137631,2016-12-16 15:42:11-380,2016-12-16 15:42:13-890
Success : LS : test2\a94a8fe5ccb19ba6\,0:-1,2016-12-16 15:42:13-890,2016-12-16 15:42:14-002
Success : CREATE_FILE : test2\a94a8fe5ccb19ba6\1F2000F201E584B7,0:2792481,2016-12-16 15:42:14-002,2016-12-16 15:42:16-145
Success : LS : test2\a94a8fe5ccb19ba6\,0:-1,2016-12-16 15:42:16-145,2016-12-16 15:42:16-254
Success : CREATE_FILE : test2\a94a8fe5ccb19ba6\7E536BEC5B7F7D2D,0:1162301,2016-12-16 15:42:16-254,2016-12-16 15:42:16-715
Success : LS : test2\a94a8fe5ccb19ba6\,0:-1,2016-12-16 15:42:16-715,2016-12-16 15:42:16-794
Success : CREATE_FILE : test2\a94a8fe5ccb19ba6\2a5bd02710e975a7\2E50842F58E854F2,0:1095135,2016-12-16 15:42:16-795,2016-12-16 15:42:17-166
Success : SEQ_READ : test1\c5a5e5562b038073\88fe52fe40fa2264,0:2854,2016-12-16 15:42:17-166,2016-12-16 15:42:17-415
Success : SEQ_READ : test1\f71b43c3136efa4f\9f93e73d6896cb7b\6670af231c096f09,0:129,2016-12-16 15:42:17-415,2016-12-16 15:42:17-733
Success : SEQ_READ : test2\49f03965cf98b1f5,0:1634,2016-12-16 15:42:17-733,2016-12-16 15:42:18-021
Success : LS : test2\a94a8fe5ccb19ba6\2a5bd02710e975a7\,0:-1,2016-12-16 15:42:18-022,2016-12-16 15:42:18-114
Success : CREATE_FILE : test2\a94a8fe5ccb19ba6\1AC50FD95F4B2764,0:3577073,2016-12-16 15:42:18-115,2016-12-16 15:42:21-007
Success : LS : test2\a94a8fe5ccb19ba6\,0:-1,2016-12-16 15:42:21-007,2016-12-16 15:42:21-079
Success : CREATE_FILE : test2\a94a8fe5ccb19ba6\37B0B91A0034F12E,0:951461,2016-12-16 15:42:21-079,2016-12-16 15:42:21-415
Success : LS : test2\a94a8fe5ccb19ba6\,0:-1,2016-12-16 15:42:21-416,2016-12-16 15:42:21-524
Success : CREATE_FILE : test2\a94a8fe5ccb19ba6\2264EC9B509D0DF1,0:4008090,2016-12-16 15:42:21-524,2016-12-16 15:42:24-853
Success : LS : test2\a94a8fe5ccb19ba6\,0:-1,2016-12-16 15:42:24-854,2016-12-16 15:42:24-974
Success : CREATE_FILE : test2\a94a8fe5ccb19ba6\2a5bd02710e975a7\663B8D8B6F790F58,0:3231282,2016-12-16 15:42:24-974,2016-12-16 15:42:27-540
Success : SEQ_READ : test1\c5a5e5562b038073\a39ea9c72a98de10\4a90c52e52d54ede,0:1048,2016-12-16 15:42:27-541,2016-12-16 15:42:27-798
Success : SEQ_READ : test1\f71b43c3136efa4f\9f93e73d6896cb7b\6670af231c096f09,0:129,2016-12-16 15:42:27-798,2016-12-16 15:42:28-039
Success : SEQ_READ : test2\a94a8fe5ccb19ba6\2a5bd02710e975a7\3eef580036f1724a,0:257,2016-12-16 15:42:28-039,2016-12-16 15:42:28-309
Success : LS : test2\a94a8fe5ccb19ba6\2a5bd02710e975a7\,0:-1,2016-12-16 15:42:28-309,2016-12-16 15:42:28-386
Success : CREATE_FILE : test2\a94a8fe5ccb19ba6\2a5bd02710e975a7\411ACAFF66BF73EF,0:3068790,2016-12-16 15:42:28-387,2016-12-16 15:42:30-750
Success : LS : test2\a94a8fe5ccb19ba6\2a5bd02710e975a7\,0:-1,2016-12-16 15:42:30-750,2016-12-16 15:42:30-869
Success : CREATE_FILE : test2\a94a8fe5ccb19ba6\7B1EB4840C754A90,0:4095832,2016-12-16 15:42:30-869,2016-12-16 15:42:34-309
Success : SEQ_READ : test1\c5a5e5562b038073\05d1f0ed74e78555,0:69632,2016-12-16 15:42:34-309,2016-12-16 15:42:34-642
Success : SEQ_READ : test1\c5a5e5562b038073\767c14c8beb1e835,0:3818496,2016-12-16 15:42:34-643,2016-12-16 15:42:34-936
Success : SEQ_READ : test1\c5a5e5562b038073\6670af231c096f09,0:46,2016-12-16 15:42:34-936,2016-12-16 15:42:35-191
Success : SEQ_READ : test1\c5a5e5562b038073\738537f9a40e568b,0:17984,2016-12-16 15:42:35-191,2016-12-16 15:42:35-474
Success : LS : test2\a94a8fe5ccb19ba6\,0:-1,2016-12-16 15:42:35-474,2016-12-16 15:42:35-597
Success : CREATE_FILE : test2\a94a8fe5ccb19ba6\2a5bd02710e975a7\544F4EA47B280FB7,0:1963382,2016-12-16 15:42:35-597,2016-12-16 15:42:36-877
Success : LS : test2\a94a8fe5ccb19ba6\2a5bd02710e975a7\,0:-1,2016-12-16 15:42:36-877,2016-12-16 15:42:36-995
Success : CREATE_FILE : test2\a94a8fe5ccb19ba6\22AEEBB908F327F4,0:566795,2016-12-16 15:42:36-995,2016-12-16 15:42:37-378
Success : LS : test2\a94a8fe5ccb19ba6\,0:-1,2016-12-16 15:42:37-378,2016-12-16 15:42:37-489
Success : CREATE_FILE : test2\a94a8fe5ccb19ba6\4C8A339B77C6566F,0:729635,2016-12-16 15:42:37-489,2016-12-16 15:42:37-869
Success : SEQ_READ : test1\c5a5e5562b038073\c7abaf0419c47a1d,0:762529,2016-12-16 15:42:37-869,2016-12-16 15:42:38-131
Success : LS : test2\a94a8fe5ccb19ba6\,0:-1,2016-12-16 15:42:38-131,2016-12-16 15:42:38-209
Success : CREATE_FILE : test2\a94a8fe5ccb19ba6\2a5bd02710e975a7\621D2A65212B7CC6,0:1450611,2016-12-16 15:42:38-209,2016-12-16 15:42:38-962
Success : LS : test2\a94a8fe5ccb19ba6\2a5bd02710e975a7\,0:-1,2016-12-16 15:42:38-962,2016-12-16 15:42:39-039
Success : CREATE_FILE : test2\a94a8fe5ccb19ba6\2a5bd02710e975a7\1A7F7EF578C4788C,0:2715647,2016-12-16 15:42:39-039,2016-12-16 15:42:41-025
Success : LS : test2\a94a8fe5ccb19ba6\2a5bd02710e975a7\,0:-1,2016-12-16 15:42:41-025,2016-12-16 15:42:41-125
Success : CREATE_FILE : test2\a94a8fe5ccb19ba6\3080DC325BC2C79E,0:1999386,2016-12-16 15:42:41-125,2016-12-16 15:42:42-423
Success : LS : test2\a94a8fe5ccb19ba6\,0:-1,2016-12-16 15:42:42-424,2016-12-16 15:42:42-542
Success : CREATE_FILE : test2\a94a8fe5ccb19ba6\19410C7A5D0A30CB,0:132679,2016-12-16 15:42:42-542,2016-12-16 15:42:42-820
Success : LS : test2\a94a8fe5ccb19ba6\,0:-1,2016-12-16 15:42:42-821,2016-12-16 15:42:42-953
Success : CREATE_FILE : test2\a94a8fe5ccb19ba6\25F3331B7C1D5695,0:471704,2016-12-16 15:42:42-953,2016-12-16 15:42:43-308
Success : LS : test2\a94a8fe5ccb19ba6\,0:-1,2016-12-16 15:42:43-309,2016-12-16 15:42:43-432
Success : CREATE_FILE : test2\a94a8fe5ccb19ba6\019F940336D8C4A0,0:2273189,2016-12-16 15:42:43-432,2016-12-16 15:42:45-039
Success : LS : test2\a94a8fe5ccb19ba6\,0:-1,2016-12-16 15:42:45-039,2016-12-16 15:42:45-137
Success : CREATE_FILE : test2\a94a8fe5ccb19ba6\2a5bd02710e975a7\034BE8EC03C0AD56,0:947692,2016-12-16 15:42:45-138,2016-12-16 15:42:45-522
Success : LS : test2\a94a8fe5ccb19ba6\2a5bd02710e975a7\,0:-1,2016-12-16 15:42:45-522,2016-12-16 15:42:45-618
Success : CREATE_FILE : test2\a94a8fe5ccb19ba6\79FFABFE520CA22C,0:316148,2016-12-16 15:42:45-619,2016-12-16 15:42:45-946
Success : LS : test2\a94a8fe5ccb19ba6\,0:-1,2016-12-16 15:42:45-946,2016-12-16 15:42:46-037
Success : CREATE_FILE : test2\a94a8fe5ccb19ba6\2a5bd02710e975a7\12EA044300A502A5,0:1020980,2016-12-16 15:42:46-037,2016-12-16 15:42:46-365
Success : LS : test2\a94a8fe5ccb19ba6\2a5bd02710e975a7\,0:-1,2016-12-16 15:42:46-366,2016-12-16 15:42:46-454
Success : CREATE_FILE : test2\a94a8fe5ccb19ba6\6C26725017762203,0:3914530,2016-12-16 15:42:46-455,2016-12-16 15:42:49-681
Success : LS : test2\a94a8fe5ccb19ba6\,0:-1,2016-12-16 15:42:49-681,2016-12-16 15:42:49-769
Success : CREATE_FILE : test2\a94a8fe5ccb19ba6\340965CB2FADE6B4,0:990889,2016-12-16 15:42:49-769,2016-12-16 15:42:50-171
Success : LS : test2\a94a8fe5ccb19ba6\,0:-1,2016-12-16 15:42:50-171,2016-12-16 15:42:50-279
Success : CREATE_FILE : test2\a94a8fe5ccb19ba6\1B9EB96C5D72F33A,0:1449403,2016-12-16 15:42:50-280,2016-12-16 15:42:51-037
Success : SEQ_READ : test2\a94a8fe5ccb19ba6\2a5bd02710e975a7\3eef580036f1724a,0:257,2016-12-16 15:42:51-037,2016-12-16 15:42:51-275
Success : SEQ_READ : test2\a94a8fe5ccb19ba6\2a5bd02710e975a7\3eef580036f1724a,0:257,2016-12-16 15:42:51-275,2016-12-16 15:42:51-512
Success : LS : test2\a94a8fe5ccb19ba6\,0:-1,2016-12-16 15:42:51-512,2016-12-16 15:42:51-587
Success : CREATE_FILE : test2\a94a8fe5ccb19ba6\2a5bd02710e975a7\7F612D8C5C963A79,0:4083105,2016-12-16 15:42:51-588,2016-12-16 15:42:54-968
Success : LS : test2\a94a8fe5ccb19ba6\2a5bd02710e975a7\,0:-1,2016-12-16 15:42:54-968,2016-12-16 15:42:55-080
Success : CREATE_FILE : test2\a94a8fe5ccb19ba6\61E1F43446B3945D,0:1499390,2016-12-16 15:42:55-081,2016-12-16 15:42:55-962
Success : LS : test2\a94a8fe5ccb19ba6\,0:-1,2016-12-16 15:42:55-962,2016-12-16 15:42:56-082
Success : CREATE_FILE : test2\a94a8fe5ccb19ba6\0206C4672699D0A4,0:608430,2016-12-16 15:42:56-082,2016-12-16 15:42:56-356
Success : LS : test2\a94a8fe5ccb19ba6\,0:-1,2016-12-16 15:42:56-356,2016-12-16 15:42:56-461
Success : CREATE_FILE : test2\a94a8fe5ccb19ba6\4F06BC6875C150EC,0:3754818,2016-12-16 15:42:56-461,2016-12-16 15:42:59-550
Success : LS : test2\a94a8fe5ccb19ba6\,0:-1,2016-12-16 15:42:59-551,2016-12-16 15:42:59-645
Success : CREATE_FILE : test2\a94a8fe5ccb19ba6\07A66B797B294DD2,0:804586,2016-12-16 15:42:59-645,2016-12-16 15:42:59-992
Success : LS : test2\a94a8fe5ccb19ba6\,0:-1,2016-12-16 15:42:59-992,2016-12-16 15:43:00-078
Success : CREATE_FILE : test2\a94a8fe5ccb19ba6\4F38F7A64F0EF567,0:1870405,2016-12-16 15:43:00-078,2016-12-16 15:43:01-299
Success : LS : test2\a94a8fe5ccb19ba6\,0:-1,2016-12-16 15:43:01-299,2016-12-16 15:43:01-431
Success : CREATE_FILE : test2\a94a8fe5ccb19ba6\7C9AA7261DE999C3,0:4069072,2016-12-16 15:43:01-432,2016-12-16 15:43:04-828
Success : LS : test2\a94a8fe5ccb19ba6\,0:-1,2016-12-16 15:43:04-829,2016-12-16 15:43:04-952
Success : CREATE_FILE : test2\a94a8fe5ccb19ba6\2a5bd02710e975a7\7E5B5FE727250F69,0:3712176,2016-12-16 15:43:04-952,2016-12-16 15:43:08-057
Success : LS : test2\a94a8fe5ccb19ba6\2a5bd02710e975a7\,0:-1,2016-12-16 15:43:08-057,2016-12-16 15:43:08-166
Success : CREATE_FILE : test2\a94a8fe5ccb19ba6\411ECC0350C9121B,0:19041,2016-12-16 15:43:08-167,2016-12-16 15:43:08-406
Success : LS : test2\a94a8fe5ccb19ba6\,0:-1,2016-12-16 15:43:08-406,2016-12-16 15:43:08-502
Success : CREATE_FILE : test2\a94a8fe5ccb19ba6\2a5bd02710e975a7\47436E240DDE57AC,0:3682332,2016-12-16 15:43:08-502,2016-12-16 15:43:11-453
Success : LS : test2\a94a8fe5ccb19ba6\2a5bd02710e975a7\,0:-1,2016-12-16 15:43:11-453,2016-12-16 15:43:11-626
Success : CREATE_FILE : test2\a94a8fe5ccb19ba6\7256947852379062,0:3982385,2016-12-16 15:43:11-626,2016-12-16 15:43:15-409
Success : LS : test2\a94a8fe5ccb19ba6\,0:-1,2016-12-16 15:43:15-409,2016-12-16 15:43:15-485
Success : CREATE_FILE : test2\a94a8fe5ccb19ba6\25D672BA1D0B2D91,0:3307084,2016-12-16 15:43:15-485,2016-12-16 15:43:18-075
Success : LS : test2\a94a8fe5ccb19ba6\,0:-1,2016-12-16 15:43:18-075,2016-12-16 15:43:18-167
Success : CREATE_FILE : test2\a94a8fe5ccb19ba6\1822BDD554E8A239,0:269359,2016-12-16 15:43:18-167,2016-12-16 15:43:18-459
Success : LS : test2\a94a8fe5ccb19ba6\,0:-1,2016-12-16 15:43:18-459,2016-12-16 15:43:18-582
Success : CREATE_FILE : test2\a94a8fe5ccb19ba6\11EF826415BC5B82,0:941194,2016-12-16 15:43:18-582,2016-12-16 15:43:19-018
Success : LS : test2\a94a8fe5ccb19ba6\,0:-1,2016-12-16 15:43:19-018,2016-12-16 15:43:19-120
Success : CREATE_FILE : test2\a94a8fe5ccb19ba6\003563DD0AD955D8,0:3545056,2016-12-16 15:43:19-120,2016-12-16 15:43:21-919
Success : LS : test2\a94a8fe5ccb19ba6\,0:-1,2016-12-16 15:43:21-919,2016-12-16 15:43:22-007
Success : CREATE_FILE : test2\a94a8fe5ccb19ba6\088A52F44876CB35,0:442610,2016-12-16 15:43:22-007,2016-12-16 15:43:22-351
Success : LS : test2\a94a8fe5ccb19ba6\,0:-1,2016-12-16 15:43:22-351,2016-12-16 15:43:22-428
Success : CREATE_FILE : test2\a94a8fe5ccb19ba6\2a5bd02710e975a7\53E1E073135432D1,0:1017915,2016-12-16 15:43:22-429,2016-12-16 15:43:22-744
Success : LS : test2\a94a8fe5ccb19ba6\2a5bd02710e975a7\,0:-1,2016-12-16 15:43:22-744,2016-12-16 15:43:22-831
Success : CREATE_FILE : test2\a94a8fe5ccb19ba6\2a5bd02710e975a7\637C6D8D4A9300C3,0:59791,2016-12-16 15:43:22-831,2016-12-16 15:43:23-144
Success : LS : test2\a94a8fe5ccb19ba6\2a5bd02710e975a7\,0:-1,2016-12-16 15:43:23-144,2016-12-16 15:43:23-245
Success : CREATE_FILE : test2\a94a8fe5ccb19ba6\3AB7699674A607B6,0:3580630,2016-12-16 15:43:23-245,2016-12-16 15:43:26-102
Success : LS : test2\a94a8fe5ccb19ba6\,0:-1,2016-12-16 15:43:26-102,2016-12-16 15:43:26-190
Success : CREATE_FILE : test2\a94a8fe5ccb19ba6\6E52EEC3008D79F9,0:3089726,2016-12-16 15:43:26-190,2016-12-16 15:43:28-552
Success : LS : test2\a94a8fe5ccb19ba6\,0:-1,2016-12-16 15:43:28-552,2016-12-16 15:43:28-650
Success : CREATE_FILE : test2\a94a8fe5ccb19ba6\1F01E4585E4F729E,0:3186567,2016-12-16 15:43:28-650,2016-12-16 15:43:31-074
Success : LS : test2\a94a8fe5ccb19ba6\,0:-1,2016-12-16 15:43:31-074,2016-12-16 15:43:31-151
Success : CREATE_FILE : test2\a94a8fe5ccb19ba6\6DFBB8AD4E66BBF0,0:2800178,2016-12-16 15:43:31-152,2016-12-16 15:43:33-225
Success : LS : test2\a94a8fe5ccb19ba6\,0:-1,2016-12-16 15:43:33-225,2016-12-16 15:43:33-327
Success : CREATE_FILE : test2\a94a8fe5ccb19ba6\2a5bd02710e975a7\0CBA9F3C194527A7,0:2896514,2016-12-16 15:43:33-328,2016-12-16 15:43:35-543
Success : SEQ_READ : test1\f71b43c3136efa4f\52481749c0cdecd6\6670af231c096f09,0:129,2016-12-16 15:43:35-543,2016-12-16 15:43:35-814
Success : LS : test2\a94a8fe5ccb19ba6\2a5bd02710e975a7\,0:-1,2016-12-16 15:43:35-814,2016-12-16 15:43:35-906
Success : CREATE_FILE : test2\a94a8fe5ccb19ba6\1C59190314C7CFA3,0:1510379,2016-12-16 15:43:35-906,2016-12-16 15:43:36-689
Success : LS : test2\a94a8fe5ccb19ba6\,0:-1,2016-12-16 15:43:36-689,2016-12-16 15:43:36-765
Success : CREATE_FILE : test2\a94a8fe5ccb19ba6\2a5bd02710e975a7\7AD8A3B733A23E3A,0:985784,2016-12-16 15:43:36-765,2016-12-16 15:43:37-059
Success : LS : test2\a94a8fe5ccb19ba6\2a5bd02710e975a7\,0:-1,2016-12-16 15:43:37-060,2016-12-16 15:43:37-140
Success : CREATE_FILE : test2\a94a8fe5ccb19ba6\2a5bd02710e975a7\43B9400D3ADEB0BC,0:2487754,2016-12-16 15:43:37-140,2016-12-16 15:43:38-871
Success : LS : test2\a94a8fe5ccb19ba6\2a5bd02710e975a7\,0:-1,2016-12-16 15:43:38-871,2016-12-16 15:43:38-959
Success : CREATE_FILE : test2\a94a8fe5ccb19ba6\39809857043BAD4F,0:2484731,2016-12-16 15:43:38-959,2016-12-16 15:43:40-738
Success : LS : test2\a94a8fe5ccb19ba6\,0:-1,2016-12-16 15:43:40-738,2016-12-16 15:43:40-820
Success : CREATE_FILE : test2\a94a8fe5ccb19ba6\7E85B7D362F88821,0:2967527,2016-12-16 15:43:40-820,2016-12-16 15:43:43-007
Success : LS : test2\a94a8fe5ccb19ba6\,0:-1,2016-12-16 15:43:43-007,2016-12-16 15:43:43-114
Success : CREATE_FILE : test2\a94a8fe5ccb19ba6\2a5bd02710e975a7\5163EB1138191E5C,0:3371945,2016-12-16 15:43:43-114,2016-12-16 15:43:45-739
Success : LS : test2\a94a8fe5ccb19ba6\2a5bd02710e975a7\,0:-1,2016-12-16 15:43:45-739,2016-12-16 15:43:45-820
Success : CREATE_FILE : test2\a94a8fe5ccb19ba6\2a5bd02710e975a7\71965CED37925CA4,0:365239,2016-12-16 15:43:45-820,2016-12-16 15:43:46-090
Success : LS : test2\a94a8fe5ccb19ba6\2a5bd02710e975a7\,0:-1,2016-12-16 15:43:46-090,2016-12-16 15:43:46-181
Success : CREATE_FILE : test2\a94a8fe5ccb19ba6\19C872E50EF3F6BA,0:1151751,2016-12-16 15:43:46-182,2016-12-16 15:43:46-624
Success : LS : test2\a94a8fe5ccb19ba6\,0:-1,2016-12-16 15:43:46-624,2016-12-16 15:43:46-704
Success : CREATE_FILE : test2\a94a8fe5ccb19ba6\129D0CDD52212B42,0:1317078,2016-12-16 15:43:46-704,2016-12-16 15:43:47-275
Success : LS : test2\a94a8fe5ccb19ba6\,0:-1,2016-12-16 15:43:47-275,2016-12-16 15:43:47-353
Success : CREATE_FILE : test2\a94a8fe5ccb19ba6\2a5bd02710e975a7\4A2B1B8F247361E7,0:1323079,2016-12-16 15:43:47-353,2016-12-16 15:43:47-951
Success : LS : test2\a94a8fe5ccb19ba6\2a5bd02710e975a7\,0:-1,2016-12-16 15:43:47-952,2016-12-16 15:43:48-033
Success : CREATE_FILE : test2\a94a8fe5ccb19ba6\2a5bd02710e975a7\666D68D87870C116,0:2945671,2016-12-16 15:43:48-033,2016-12-16 15:43:50-204
Success : LS : test2\a94a8fe5ccb19ba6\2a5bd02710e975a7\,0:-1,2016-12-16 15:43:50-204,2016-12-16 15:43:50-279
Success : CREATE_FILE : test2\a94a8fe5ccb19ba6\01932CF67AB77B06,0:1917907,2016-12-16 15:43:50-279,2016-12-16 15:43:51-481
Success : LS : test2\a94a8fe5ccb19ba6\,0:-1,2016-12-16 15:43:51-481,2016-12-16 15:43:51-574
Success : CREATE_FILE : test2\a94a8fe5ccb19ba6\4F1467D2037F11DB,0:3804774,2016-12-16 15:43:51-574,2016-12-16 15:43:54-580
Success : LS : test2\a94a8fe5ccb19ba6\,0:-1,2016-12-16 15:43:54-580,2016-12-16 15:43:54-663
Success : CREATE_FILE : test2\a94a8fe5ccb19ba6\6DACB3C04BF0F939,0:3913763,2016-12-16 15:43:54-664,2016-12-16 15:43:57-834
Success : LS : test2\a94a8fe5ccb19ba6\,0:-1,2016-12-16 15:43:57-834,2016-12-16 15:43:57-916
Success : CREATE_FILE : test2\a94a8fe5ccb19ba6\10F8DACA671FD726,0:183943,2016-12-16 15:43:57-916,2016-12-16 15:43:58-179
Success : LS : test2\a94a8fe5ccb19ba6\,0:-1,2016-12-16 15:43:58-179,2016-12-16 15:43:58-291
Success : CREATE_FILE : test2\a94a8fe5ccb19ba6\5AB014461DFC9D8F,0:1687737,2016-12-16 15:43:58-292,2016-12-16 15:43:59-261
Success : LS : test2\a94a8fe5ccb19ba6\,0:-1,2016-12-16 15:43:59-262,2016-12-16 15:43:59-338
Success : CREATE_FILE : test2\a94a8fe5ccb19ba6\222784AD34AD9042,0:3238593,2016-12-16 15:43:59-339,2016-12-16 15:44:01-777
Success : SEQ_READ : test1\c5a5e5562b038073\0189424a5a60fed3\46a8219c2ae6c782,0:1544228,2016-12-16 15:44:01-777,2016-12-16 15:44:02-016
Success : LS : test2\a94a8fe5ccb19ba6\,0:-1,2016-12-16 15:44:02-016,2016-12-16 15:44:02-110
Success : CREATE_FILE : test2\a94a8fe5ccb19ba6\2a5bd02710e975a7\239C9E7432A9B4D4,0:199061,2016-12-16 15:44:02-110,2016-12-16 15:44:02-369
Success : LS : test2\a94a8fe5ccb19ba6\2a5bd02710e975a7\,0:-1,2016-12-16 15:44:02-369,2016-12-16 15:44:02-455
Success : CREATE_FILE : test2\a94a8fe5ccb19ba6\3AC11F186534FDF9,0:2291768,2016-12-16 15:44:02-455,2016-12-16 15:44:04-020
Success : LS : test2\a94a8fe5ccb19ba6\,0:-1,2016-12-16 15:44:04-021,2016-12-16 15:44:04-098
Success : CREATE_FILE : test2\a94a8fe5ccb19ba6\0832463011308B96,0:1645744,2016-12-16 15:44:04-099,2016-12-16 15:44:05-005
Success : LS : test2\a94a8fe5ccb19ba6\,0:-1,2016-12-16 15:44:05-005,2016-12-16 15:44:05-091
Success : CREATE_FILE : test2\a94a8fe5ccb19ba6\2a5bd02710e975a7\7E8029A719EF99EA,0:1605051,2016-12-16 15:44:05-092,2016-12-16 15:44:05-963
Success : LS : test2\a94a8fe5ccb19ba6\2a5bd02710e975a7\,0:-1,2016-12-16 15:44:05-963,2016-12-16 15:44:06-046
Success : CREATE_FILE : test2\a94a8fe5ccb19ba6\2a5bd02710e975a7\3AB3738F078F1B12,0:3587643,2016-12-16 15:44:06-046,2016-12-16 15:44:08-864
Success : LS : test2\a94a8fe5ccb19ba6\2a5bd02710e975a7\,0:-1,2016-12-16 15:44:08-865,2016-12-16 15:44:08-958
Success : CREATE_FILE : test2\a94a8fe5ccb19ba6\4FCA69FA2C54214A,0:691746,2016-12-16 15:44:08-958,2016-12-16 15:44:09-249
Success : SEQ_READ : test1\f71b43c3136efa4f\83404ffd78f534ff\6670af231c096f09,0:129,2016-12-16 15:44:09-249,2016-12-16 15:44:09-475
Success : SEQ_READ : test1\f71b43c3136efa4f\9f93e73d6896cb7b\6670af231c096f09,0:129,2016-12-16 15:44:09-475,2016-12-16 15:44:09-723
Success : SEQ_READ : test1\f71b43c3136efa4f\52481749c0cdecd6\6670af231c096f09,0:129,2016-12-16 15:44:09-723,2016-12-16 15:44:09-954
Success : LS : test2\a94a8fe5ccb19ba6\,0:-1,2016-12-16 15:44:09-954,2016-12-16 15:44:10-036
Success : CREATE_FILE : test2\a94a8fe5ccb19ba6\51CC917135616042,0:739999,2016-12-16 15:44:10-036,2016-12-16 15:44:10-356
Success : LS : test2\a94a8fe5ccb19ba6\,0:-1,2016-12-16 15:44:10-356,2016-12-16 15:44:10-438
Success : CREATE_FILE : test2\a94a8fe5ccb19ba6\543093AE6905DE2E,0:2115775,2016-12-16 15:44:10-439,2016-12-16 15:44:11-830
Success : LS : test2\a94a8fe5ccb19ba6\,0:-1,2016-12-16 15:44:11-830,2016-12-16 15:44:11-914
Success : CREATE_FILE : test2\a94a8fe5ccb19ba6\293B5206703FB0ED,0:3214854,2016-12-16 15:44:11-914,2016-12-16 15:44:14-392
Success : LS : test2\a94a8fe5ccb19ba6\,0:-1,2016-12-16 15:44:14-392,2016-12-16 15:44:14-473
Success : CREATE_FILE : test2\a94a8fe5ccb19ba6\6095556513442767,0:3430589,2016-12-16 15:44:14-473,2016-12-16 15:44:17-262
Success : SEQ_READ : test1\c5a5e5562b038073\0189424a5a60fed3\46a8219c2ae6c782,0:1544228,2016-12-16 15:44:17-262,2016-12-16 15:44:17-496
Success : LS : test2\a94a8fe5ccb19ba6\,0:-1,2016-12-16 15:44:17-496,2016-12-16 15:44:17-579
Success : CREATE_FILE : test2\a94a8fe5ccb19ba6\033B850836A55082,0:2007224,2016-12-16 15:44:17-580,2016-12-16 15:44:18-890
Success : LS : test2\a94a8fe5ccb19ba6\,0:-1,2016-12-16 15:44:18-890,2016-12-16 15:44:18-969
Success : CREATE_FILE : test2\a94a8fe5ccb19ba6\2a5bd02710e975a7\798CF94F05B7A953,0:2463975,2016-12-16 15:44:18-970,2016-12-16 15:44:20-681
Success : LS : test2\a94a8fe5ccb19ba6\2a5bd02710e975a7\,0:-1,2016-12-16 15:44:20-681,2016-12-16 15:44:20-768
Success : CREATE_FILE : test2\a94a8fe5ccb19ba6\735981FC15455F54,0:3615214,2016-12-16 15:44:20-768,2016-12-16 15:44:23-580
Success : LS : test2\a94a8fe5ccb19ba6\,0:-1,2016-12-16 15:44:23-581,2016-12-16 15:44:23-660
Success : CREATE_FILE : test2\a94a8fe5ccb19ba6\4DB26E79619A7F75,0:3066511,2016-12-16 15:44:23-661,2016-12-16 15:44:25-989
Success : LS : test2\a94a8fe5ccb19ba6\,0:-1,2016-12-16 15:44:25-989,2016-12-16 15:44:26-067
Success : CREATE_FILE : test2\a94a8fe5ccb19ba6\38CA4CA4607821E3,0:3808229,2016-12-16 15:44:26-067,2016-12-16 15:44:29-270
Success : LS : test2\a94a8fe5ccb19ba6\,0:-1,2016-12-16 15:44:29-270,2016-12-16 15:44:29-357
Success : CREATE_FILE : test2\a94a8fe5ccb19ba6\5D2DD613024DDA82,0:2725146,2016-12-16 15:44:29-357,2016-12-16 15:44:31-367
Success : LS : test2\a94a8fe5ccb19ba6\,0:-1,2016-12-16 15:44:31-367,2016-12-16 15:44:31-447
Success : CREATE_FILE : test2\a94a8fe5ccb19ba6\0C9A729068D5AEE4,0:810681,2016-12-16 15:44:31-447,2016-12-16 15:44:31-750
Success : LS : test2\a94a8fe5ccb19ba6\,0:-1,2016-12-16 15:44:31-750,2016-12-16 15:44:31-830
Success : CREATE_FILE : test2\a94a8fe5ccb19ba6\71735E5A0407A5DC,0:1576906,2016-12-16 15:44:31-831,2016-12-16 15:44:32-680
Success : LS : test2\a94a8fe5ccb19ba6\,0:-1,2016-12-16 15:44:32-680,2016-12-16 15:44:32-763
Success : CREATE_FILE : test2\a94a8fe5ccb19ba6\6ED6DBC6780E9BC0,0:1486395,2016-12-16 15:44:32-763,2016-12-16 15:44:33-536
Success : LS : test2\a94a8fe5ccb19ba6\,0:-1,2016-12-16 15:44:33-536,2016-12-16 15:44:33-617
Success : CREATE_FILE : test2\a94a8fe5ccb19ba6\7B04EE8368AF66C4,0:3356265,2016-12-16 15:44:33-617,2016-12-16 15:44:36-203
Success : LS : test2\a94a8fe5ccb19ba6\,0:-1,2016-12-16 15:44:36-203,2016-12-16 15:44:36-281
Success : CREATE_FILE : test2\a94a8fe5ccb19ba6\0BCB094221637AF0,0:3829702,2016-12-16 15:44:36-281,2016-12-16 15:44:39-409
Success : LS : test2\a94a8fe5ccb19ba6\,0:-1,2016-12-16 15:44:39-410,2016-12-16 15:44:39-505
Success : CREATE_FILE : test2\a94a8fe5ccb19ba6\3E966C163F22A97C,0:4025114,2016-12-16 15:44:39-505,2016-12-16 15:44:42-837
Success : LS : test2\a94a8fe5ccb19ba6\,0:-1,2016-12-16 15:44:42-837,2016-12-16 15:44:42-931
Success : CREATE_FILE : test2\a94a8fe5ccb19ba6\271A79593D7E7C84,0:161737,2016-12-16 15:44:42-931,2016-12-16 15:44:43-192
Success : LS : test2\a94a8fe5ccb19ba6\,0:-1,2016-12-16 15:44:43-192,2016-12-16 15:44:43-307
Success : CREATE_FILE : test2\a94a8fe5ccb19ba6\2a5bd02710e975a7\403BB8DC2091DA13,0:2145709,2016-12-16 15:44:43-307,2016-12-16 15:44:44-780
Success : LS : test2\a94a8fe5ccb19ba6\2a5bd02710e975a7\,0:-1,2016-12-16 15:44:44-781,2016-12-16 15:44:44-883
Success : CREATE_FILE : test2\a94a8fe5ccb19ba6\2a5bd02710e975a7\0AC24A486619FC4D,0:2986249,2016-12-16 15:44:44-884,2016-12-16 15:44:47-196
Success : LS : test2\a94a8fe5ccb19ba6\2a5bd02710e975a7\,0:-1,2016-12-16 15:44:47-196,2016-12-16 15:44:47-317
Success : CREATE_FILE : test2\a94a8fe5ccb19ba6\2a5bd02710e975a7\1B5EEBC003E04FBF,0:1673437,2016-12-16 15:44:47-317,2016-12-16 15:44:48-265
Success : LS : test2\a94a8fe5ccb19ba6\2a5bd02710e975a7\,0:-1,2016-12-16 15:44:48-265,2016-12-16 15:44:48-392
Success : CREATE_FILE : test2\a94a8fe5ccb19ba6\2a5bd02710e975a7\0E75628067CB01ED,0:1951852,2016-12-16 15:44:48-393,2016-12-16 15:44:49-620
Success : LS : test2\a94a8fe5ccb19ba6\2a5bd02710e975a7\,0:-1,2016-12-16 15:44:49-620,2016-12-16 15:44:49-710
Success : CREATE_FILE : test2\a94a8fe5ccb19ba6\3685661D7AF05D0B,0:1101996,2016-12-16 15:44:49-711,2016-12-16 15:44:50-092
Success : LS : test2\a94a8fe5ccb19ba6\,0:-1,2016-12-16 15:44:50-092,2016-12-16 15:44:50-191
Success : CREATE_FILE : test2\a94a8fe5ccb19ba6\2a5bd02710e975a7\0F67AC6260CB257B,0:4389,2016-12-16 15:44:50-191,2016-12-16 15:44:50-476
Success : SEQ_READ : test1\c5a5e5562b038073\767c14c8beb1e835,0:3818496,2016-12-16 15:44:50-476,2016-12-16 15:44:50-704
Success : LS : test2\a94a8fe5ccb19ba6\2a5bd02710e975a7\,0:-1,2016-12-16 15:44:50-704,2016-12-16 15:44:50-791
Success : CREATE_FILE : test2\a94a8fe5ccb19ba6\3E21405C7EF533A5,0:495598,2016-12-16 15:44:50-792,2016-12-16 15:44:51-073
Success : LS : test2\a94a8fe5ccb19ba6\,0:-1,2016-12-16 15:44:51-073,2016-12-16 15:44:51-147
Success : CREATE_FILE : test2\a94a8fe5ccb19ba6\62989CE22F9C4DB3,0:486332,2016-12-16 15:44:51-147,2016-12-16 15:44:51-402
Success : LS : test2\a94a8fe5ccb19ba6\,0:-1,2016-12-16 15:44:51-402,2016-12-16 15:44:51-479
Success : CREATE_FILE : test2\a94a8fe5ccb19ba6\35E3DD8B07495444,0:1145886,2016-12-16 15:44:51-479,2016-12-16 15:44:51-917
Success : LS : test2\a94a8fe5ccb19ba6\,0:-1,2016-12-16 15:44:51-917,2016-12-16 15:44:52-000
Success : CREATE_FILE : test2\a94a8fe5ccb19ba6\5373B4DB0CDA833F,0:3319938,2016-12-16 15:44:52-001,2016-12-16 15:44:54-578
Success : LS : test2\a94a8fe5ccb19ba6\,0:-1,2016-12-16 15:44:54-578,2016-12-16 15:44:54-664
Success : CREATE_FILE : test2\a94a8fe5ccb19ba6\2a5bd02710e975a7\13376CB43EE0D42F,0:2667897,2016-12-16 15:44:54-664,2016-12-16 15:44:56-641
Success : SEQ_READ : test1\c5a5e5562b038073\7b7f22b30cf50087,0:3126,2016-12-16 15:44:56-641,2016-12-16 15:44:56-901
Success : SEQ_READ : test2\a94a8fe5ccb19ba6\4b6fcb2d521ef0fd,0:2291,2016-12-16 15:44:56-901,2016-12-16 15:44:57-125
Success : LS : test2\a94a8fe5ccb19ba6\2a5bd02710e975a7\,0:-1,2016-12-16 15:44:57-125,2016-12-16 15:44:57-279
Success : CREATE_FILE : test2\a94a8fe5ccb19ba6\2a5bd02710e975a7\4722E0B52DCF2B10,0:766115,2016-12-16 15:44:57-279,2016-12-16 15:44:57-579
Success : LS : test2\a94a8fe5ccb19ba6\2a5bd02710e975a7\,0:-1,2016-12-16 15:44:57-579,2016-12-16 15:44:57-669
Success : CREATE_FILE : test2\a94a8fe5ccb19ba6\3DC078FD7C0EACC1,0:2093904,2016-12-16 15:44:57-669,2016-12-16 15:44:59-056
Success : LS : test2\a94a8fe5ccb19ba6\,0:-1,2016-12-16 15:44:59-056,2016-12-16 15:44:59-142
Success : CREATE_FILE : test2\a94a8fe5ccb19ba6\2a5bd02710e975a7\74DF1CD6062355CD,0:185523,2016-12-16 15:44:59-143,2016-12-16 15:44:59-386
Success : SEQ_READ : test1\c5a5e5562b038073\3c16ab634e85296e,0:105016,2016-12-16 15:44:59-387,2016-12-16 15:44:59-669
Success : LS : test2\a94a8fe5ccb19ba6\2a5bd02710e975a7\,0:-1,2016-12-16 15:44:59-669,2016-12-16 15:44:59-750
Success : CREATE_FILE : test2\a94a8fe5ccb19ba6\5286909E22C4FED5,0:337752,2016-12-16 15:44:59-751,2016-12-16 15:45:00-037
Success : LS : test2\a94a8fe5ccb19ba6\,0:-1,2016-12-16 15:45:00-037,2016-12-16 15:45:00-166
Success : CREATE_FILE : test2\a94a8fe5ccb19ba6\64AFF86320031EE5,0:73282,2016-12-16 15:45:00-166,2016-12-16 15:45:00-393
Success : LS : test2\a94a8fe5ccb19ba6\,0:-1,2016-12-16 15:45:00-393,2016-12-16 15:45:00-468
Success : CREATE_FILE : test2\a94a8fe5ccb19ba6\210D4059707B2733,0:2645840,2016-12-16 15:45:00-468,2016-12-16 15:45:02-404
Success : LS : test2\a94a8fe5ccb19ba6\,0:-1,2016-12-16 15:45:02-404,2016-12-16 15:45:02-492
Success : CREATE_FILE : test2\a94a8fe5ccb19ba6\2a5bd02710e975a7\5F778DC8105BD3BE,0:3454801,2016-12-16 15:45:02-492,2016-12-16 15:45:05-288
Success : LS : test2\a94a8fe5ccb19ba6\2a5bd02710e975a7\,0:-1,2016-12-16 15:45:05-289,2016-12-16 15:45:05-380
Success : CREATE_FILE : test2\a94a8fe5ccb19ba6\28DF00FA69ECDB6F,0:2238214,2016-12-16 15:45:05-380,2016-12-16 15:45:06-979
Success : LS : test2\a94a8fe5ccb19ba6\,0:-1,2016-12-16 15:45:06-979,2016-12-16 15:45:07-091
Success : CREATE_FILE : test2\a94a8fe5ccb19ba6\3560809D445206FB,0:2087980,2016-12-16 15:45:07-091,2016-12-16 15:45:08-493
Success : SEQ_READ : test1\c5a5e5562b038073\a39ea9c72a98de10\11562aa867a5f398,0:2752,2016-12-16 15:45:08-493,2016-12-16 15:45:08-768
Success : LS : test2\a94a8fe5ccb19ba6\,0:-1,2016-12-16 15:45:08-768,2016-12-16 15:45:08-851
Success : CREATE_FILE : test2\a94a8fe5ccb19ba6\74167D2C1C0BE966,0:2957801,2016-12-16 15:45:08-851,2016-12-16 15:45:11-097
Success : LS : test2\a94a8fe5ccb19ba6\,0:-1,2016-12-16 15:45:11-097,2016-12-16 15:45:11-219
Success : CREATE_FILE : test2\a94a8fe5ccb19ba6\2a5bd02710e975a7\2082B1FE544A7680,0:1268016,2016-12-16 15:45:11-220,2016-12-16 15:45:11-804
Success : LS : test2\a94a8fe5ccb19ba6\2a5bd02710e975a7\,0:-1,2016-12-16 15:45:11-804,2016-12-16 15:45:11-889
Success : CREATE_FILE : test2\a94a8fe5ccb19ba6\17F1AD24140F4A0A,0:3725915,2016-12-16 15:45:11-889,2016-12-16 15:45:14-979
Success : LS : test2\a94a8fe5ccb19ba6\,0:-1,2016-12-16 15:45:14-979,2016-12-16 15:45:15-069
Success : CREATE_FILE : test2\a94a8fe5ccb19ba6\358FA7F169921D45,0:3800688,2016-12-16 15:45:15-070,2016-12-16 15:45:18-206
Success : LS : test2\a94a8fe5ccb19ba6\,0:-1,2016-12-16 15:45:18-206,2016-12-16 15:45:18-285
Success : CREATE_FILE : test2\a94a8fe5ccb19ba6\2a5bd02710e975a7\3FA0069517FD0AA1,0:1569230,2016-12-16 15:45:18-285,2016-12-16 15:45:19-327
Success : LS : test2\a94a8fe5ccb19ba6\2a5bd02710e975a7\,0:-1,2016-12-16 15:45:19-327,2016-12-16 15:45:19-454
Success : CREATE_FILE : test2\a94a8fe5ccb19ba6\072F1B9014036AB2,0:59383,2016-12-16 15:45:19-454,2016-12-16 15:45:19-783
Success : LS : test2\a94a8fe5ccb19ba6\,0:-1,2016-12-16 15:45:19-783,2016-12-16 15:45:19-886
Success : CREATE_FILE : test2\a94a8fe5ccb19ba6\2a5bd02710e975a7\37658030187E07AD,0:1954474,2016-12-16 15:45:19-886,2016-12-16 15:45:21-126
Success : LS : test2\a94a8fe5ccb19ba6\2a5bd02710e975a7\,0:-1,2016-12-16 15:45:21-126,2016-12-16 15:45:21-203
Success : CREATE_FILE : test2\a94a8fe5ccb19ba6\2a5bd02710e975a7\05D8294B71815727,0:2249750,2016-12-16 15:45:21-203,2016-12-16 15:45:22-743
Success : LS : test2\a94a8fe5ccb19ba6\2a5bd02710e975a7\,0:-1,2016-12-16 15:45:22-743,2016-12-16 15:45:22-865
Success : CREATE_FILE : test2\a94a8fe5ccb19ba6\2a5bd02710e975a7\0FB3D7E13E95AA76,0:3130027,2016-12-16 15:45:22-865,2016-12-16 15:45:25-312
Success : LS : test2\a94a8fe5ccb19ba6\2a5bd02710e975a7\,0:-1,2016-12-16 15:45:25-312,2016-12-16 15:45:25-405
Success : CREATE_FILE : test2\a94a8fe5ccb19ba6\7A9295C34F29C5C4,0:1968161,2016-12-16 15:45:25-405,2016-12-16 15:45:26-741
Success : LS : test2\a94a8fe5ccb19ba6\,0:-1,2016-12-16 15:45:26-741,2016-12-16 15:45:26-848
Success : CREATE_FILE : test2\a94a8fe5ccb19ba6\2a5bd02710e975a7\07712C0512CE4F77,0:3539013,2016-12-16 15:45:26-848,2016-12-16 15:45:29-714
Success : LS : test2\a94a8fe5ccb19ba6\2a5bd02710e975a7\,0:-1,2016-12-16 15:45:29-714,2016-12-16 15:45:29-807
Success : CREATE_FILE : test2\a94a8fe5ccb19ba6\2a5bd02710e975a7\580BDF904CC9CFBB,0:2077486,2016-12-16 15:45:29-807,2016-12-16 15:45:31-247
Success : SEQ_READ : test1\c5a5e5562b038073\a39ea9c72a98de10\f398de59988a85e5,0:6743,2016-12-16 15:45:31-247,2016-12-16 15:45:31-494
Success : SEQ_READ : test2\8da7cc13802eefe0,0:22987191,2016-12-16 15:45:31-495,2016-12-16 15:45:31-722
Success : LS : test2\a94a8fe5ccb19ba6\2a5bd02710e975a7\,0:-1,2016-12-16 15:45:31-723,2016-12-16 15:45:31-799
Success : CREATE_FILE : test2\a94a8fe5ccb19ba6\7C85A7697C5F0FDD,0:2773474,2016-12-16 15:45:31-799,2016-12-16 15:45:33-906
Success : LS : test2\a94a8fe5ccb19ba6\,0:-1,2016-12-16 15:45:33-906,2016-12-16 15:45:33-998
Success : CREATE_FILE : test2\a94a8fe5ccb19ba6\4933D67B1A0050B0,0:2115145,2016-12-16 15:45:33-999,2016-12-16 15:45:35-461
Success : LS : test2\a94a8fe5ccb19ba6\,0:-1,2016-12-16 15:45:35-461,2016-12-16 15:45:35-575
Success : CREATE_FILE : test2\a94a8fe5ccb19ba6\2a5bd02710e975a7\7BAB97B67AE4CB46,0:2210324,2016-12-16 15:45:35-575,2016-12-16 15:45:37-078
Success : LS : test2\a94a8fe5ccb19ba6\2a5bd02710e975a7\,0:-1,2016-12-16 15:45:37-079,2016-12-16 15:45:37-156
Success : CREATE_FILE : test2\a94a8fe5ccb19ba6\2a5bd02710e975a7\0CFBEEB60F639D1F,0:697187,2016-12-16 15:45:37-157,2016-12-16 15:45:37-486
Success : LS : test2\a94a8fe5ccb19ba6\2a5bd02710e975a7\,0:-1,2016-12-16 15:45:37-486,2016-12-16 15:45:37-574
Success : CREATE_FILE : test2\a94a8fe5ccb19ba6\03572E7D44C44FE1,0:3046724,2016-12-16 15:45:37-574,2016-12-16 15:45:39-861
Success : LS : test2\a94a8fe5ccb19ba6\,0:-1,2016-12-16 15:45:39-861,2016-12-16 15:45:39-982
Success : CREATE_FILE : test2\a94a8fe5ccb19ba6\41D9B50E5CBD66BE,0:1372380,2016-12-16 15:45:39-982,2016-12-16 15:45:40-688
Success : LS : test2\a94a8fe5ccb19ba6\,0:-1,2016-12-16 15:45:40-688,2016-12-16 15:45:40-798
Success : CREATE_FILE : test2\a94a8fe5ccb19ba6\02D4C40D2EB703FE,0:1989544,2016-12-16 15:45:40-798,2016-12-16 15:45:42-106
Success : LS : test2\a94a8fe5ccb19ba6\,0:-1,2016-12-16 15:45:42-106,2016-12-16 15:45:42-214
Success : CREATE_FILE : test2\a94a8fe5ccb19ba6\5A86F3F2152E64A2,0:2701329,2016-12-16 15:45:42-214,2016-12-16 15:45:44-194
Success : LS : test2\a94a8fe5ccb19ba6\,0:-1,2016-12-16 15:45:44-194,2016-12-16 15:45:44-289
Success : CREATE_FILE : test2\a94a8fe5ccb19ba6\312995742248AD29,0:3912632,2016-12-16 15:45:44-289,2016-12-16 15:45:47-475
Success : LS : test2\a94a8fe5ccb19ba6\,0:-1,2016-12-16 15:45:47-475,2016-12-16 15:45:47-570
Success : CREATE_FILE : test2\a94a8fe5ccb19ba6\2a5bd02710e975a7\3E90531218A09978,0:4027625,2016-12-16 15:45:47-570,2016-12-16 15:45:50-977
Success : SEQ_READ : test2\49f03965cf98b1f5,0:1634,2016-12-16 15:45:50-978,2016-12-16 15:45:51-250
Success : LS : test2\a94a8fe5ccb19ba6\2a5bd02710e975a7\,0:-1,2016-12-16 15:45:51-250,2016-12-16 15:45:51-325
Success : CREATE_FILE : test2\a94a8fe5ccb19ba6\7BA91C4D5CAFCBA3,0:2722323,2016-12-16 15:45:51-325,2016-12-16 15:45:53-354
Success : LS : test2\a94a8fe5ccb19ba6\,0:-1,2016-12-16 15:45:53-355,2016-12-16 15:45:53-466
Success : CREATE_FILE : test2\a94a8fe5ccb19ba6\3C797414702A2F78,0:2100957,2016-12-16 15:45:53-466,2016-12-16 15:45:54-885
Success : LS : test2\a94a8fe5ccb19ba6\,0:-1,2016-12-16 15:45:54-885,2016-12-16 15:45:55-000
Success : CREATE_FILE : test2\a94a8fe5ccb19ba6\2a5bd02710e975a7\0F69DA4A67255604,0:1461941,2016-12-16 15:45:55-000,2016-12-16 15:45:55-846
Success : LS : test2\a94a8fe5ccb19ba6\2a5bd02710e975a7\,0:-1,2016-12-16 15:45:55-846,2016-12-16 15:45:55-940
Success : CREATE_FILE : test2\a94a8fe5ccb19ba6\72461D5E0C150EA1,0:917525,2016-12-16 15:45:55-940,2016-12-16 15:45:56-305
Success : LS : test2\a94a8fe5ccb19ba6\,0:-1,2016-12-16 15:45:56-305,2016-12-16 15:45:56-417
Success : CREATE_FILE : test2\a94a8fe5ccb19ba6\302E4B670DFB9BC6,0:837442,2016-12-16 15:45:56-417,2016-12-16 15:45:56-706
Success : LS : test2\a94a8fe5ccb19ba6\,0:-1,2016-12-16 15:45:56-706,2016-12-16 15:45:56-805
Success : CREATE_FILE : test2\a94a8fe5ccb19ba6\3AAD5EDA6A6BA15D,0:225222,2016-12-16 15:45:56-806,2016-12-16 15:45:57-066
Success : LS : test2\a94a8fe5ccb19ba6\,0:-1,2016-12-16 15:45:57-067,2016-12-16 15:45:57-142
Success : CREATE_FILE : test2\a94a8fe5ccb19ba6\396223A1477AC561,0:1759423,2016-12-16 15:45:57-143,2016-12-16 15:45:58-195
Success : LS : test2\a94a8fe5ccb19ba6\,0:-1,2016-12-16 15:45:58-195,2016-12-16 15:45:58-282
Success : CREATE_FILE : test2\a94a8fe5ccb19ba6\2a5bd02710e975a7\6E3C34937E07267B,0:1612737,2016-12-16 15:45:58-282,2016-12-16 15:45:59-204
Success : LS : test2\a94a8fe5ccb19ba6\2a5bd02710e975a7\,0:-1,2016-12-16 15:45:59-204,2016-12-16 15:45:59-308
Success : CREATE_FILE : test2\a94a8fe5ccb19ba6\0D791FCA7DC75075,0:2914905,2016-12-16 15:45:59-308,2016-12-16 15:46:01-554
Success : LS : test2\a94a8fe5ccb19ba6\,0:-1,2016-12-16 15:46:01-554,2016-12-16 15:46:01-649
Success : CREATE_FILE : test2\a94a8fe5ccb19ba6\2a5bd02710e975a7\66B8B86F1607E9C1,0:3576103,2016-12-16 15:46:01-650,2016-12-16 15:46:04-512
Success : LS : test2\a94a8fe5ccb19ba6\2a5bd02710e975a7\,0:-1,2016-12-16 15:46:04-512,2016-12-16 15:46:04-612
Success : CREATE_FILE : test2\a94a8fe5ccb19ba6\2a5bd02710e975a7\494CBE6D152FBDD7,0:4031494,2016-12-16 15:46:04-612,2016-12-16 15:46:08-009
Success : LS : test2\a94a8fe5ccb19ba6\2a5bd02710e975a7\,0:-1,2016-12-16 15:46:08-009,2016-12-16 15:46:08-125
Success : CREATE_FILE : test2\a94a8fe5ccb19ba6\2a5bd02710e975a7\33F42D770E152452,0:3306521,2016-12-16 15:46:08-125,2016-12-16 15:46:10-799
Success : SEQ_READ : test1\f71b43c3136efa4f\c7d9912886e5ccc7\6670af231c096f09,0:129,2016-12-16 15:46:10-799,2016-12-16 15:46:11-054
Success : SEQ_READ : test1\f71b43c3136efa4f\83404ffd78f534ff\6670af231c096f09,0:129,2016-12-16 15:46:11-054,2016-12-16 15:46:11-278
Success : LS : test2\a94a8fe5ccb19ba6\2a5bd02710e975a7\,0:-1,2016-12-16 15:46:11-278,2016-12-16 15:46:11-350
Success : CREATE_FILE : test2\a94a8fe5ccb19ba6\600746F771F105A9,0:2368808,2016-12-16 15:46:11-351,2016-12-16 15:46:13-031
Success : LS : test2\a94a8fe5ccb19ba6\,0:-1,2016-12-16 15:46:13-031,2016-12-16 15:46:13-147
Success : CREATE_FILE : test2\a94a8fe5ccb19ba6\2a5bd02710e975a7\7D0550C319E3F128,0:1604521,2016-12-16 15:46:13-147,2016-12-16 15:46:14-081
Success : LS : test2\a94a8fe5ccb19ba6\2a5bd02710e975a7\,0:-1,2016-12-16 15:46:14-081,2016-12-16 15:46:14-202
Success : CREATE_FILE : test2\a94a8fe5ccb19ba6\2a5bd02710e975a7\3F24D67E68E58E0F,0:3449696,2016-12-16 15:46:14-202,2016-12-16 15:46:16-991
Success : LS : test2\a94a8fe5ccb19ba6\2a5bd02710e975a7\,0:-1,2016-12-16 15:46:16-991,2016-12-16 15:46:17-079
Success : CREATE_FILE : test2\a94a8fe5ccb19ba6\2a5bd02710e975a7\06A7ACDC729D3C57,0:3777568,2016-12-16 15:46:17-079,2016-12-16 15:46:20-297
Success : LS : test2\a94a8fe5ccb19ba6\2a5bd02710e975a7\,0:-1,2016-12-16 15:46:20-297,2016-12-16 15:46:20-406
Success : CREATE_FILE : test2\a94a8fe5ccb19ba6\2a5bd02710e975a7\00895EBF781FFC2F,0:1267773,2016-12-16 15:46:20-406,2016-12-16 15:46:20-969
Success : LS : test2\a94a8fe5ccb19ba6\2a5bd02710e975a7\,0:-1,2016-12-16 15:46:20-969,2016-12-16 15:46:21-055
Success : CREATE_FILE : test2\a94a8fe5ccb19ba6\50131B6563E760B6,0:140092,2016-12-16 15:46:21-055,2016-12-16 15:46:21-296
Success : LS : test2\a94a8fe5ccb19ba6\,0:-1,2016-12-16 15:46:21-296,2016-12-16 15:46:21-372
