Success : DELETE : test2\49f03965cf98b1f5,0:1634,2016-12-02 17:00:18-157,2016-12-02 17:00:18-582
Fail : LS : test2,0:-1,2016-12-02 17:00:18-711,2016-12-02 17:00:18-711
Reason : java.lang.StringIndexOutOfBoundsException: String index out of range: -2
Success : CREATE_FILE : test2\a94a8fe5ccb19ba6\2a5bd02710e975a7\593306AB45970486,0:0,2016-12-02 17:00:18-805,2016-12-02 17:00:19-277
Fail : LS : test2\a94a8fe5ccb19ba6\2a5bd02710e975a7\,0:-1,2016-12-02 17:00:19-358,2016-12-02 17:00:19-434
Reason : hadoop4j.NoImplementionException: not supported by openstack
Success : CREATE_FILE : test2\a94a8fe5ccb19ba6\2a5bd02710e975a7\5A6A66E44E030D34,0:0,2016-12-02 17:00:19-515,2016-12-02 17:00:20-858
Fail : LS : test2\a94a8fe5ccb19ba6\2a5bd02710e975a7\,0:-1,2016-12-02 17:00:20-975,2016-12-02 17:00:21-077
Reason : hadoop4j.NoImplementionException: not supported by openstack
Success : DELETE : test2\bc9c8ba7ff351f3e,0:217984,2016-12-02 17:00:21-170,2016-12-02 17:00:21-348
Fail : LS : test2,0:-1,2016-12-02 17:00:21-469,2016-12-02 17:00:21-469
Reason : java.lang.StringIndexOutOfBoundsException: String index out of range: -2
Success : DELETE : test2\a94a8fe5ccb19ba6\2a5bd02710e975a7\593306AB45970486,0:0,2016-12-02 17:00:21-580,2016-12-02 17:00:21-712
Fail : LS : test2\a94a8fe5ccb19ba6\2a5bd02710e975a7\,0:-1,2016-12-02 17:00:21-804,2016-12-02 17:00:21-873
Reason : hadoop4j.NoImplementionException: not supported by openstack
Success : DELETE : test2\a94a8fe5ccb19ba6\4b6fcb2d521ef0fd,0:2291,2016-12-02 17:00:21-961,2016-12-02 17:00:22-663
Fail : LS : test2\a94a8fe5ccb19ba6\,0:-1,2016-12-02 17:00:22-794,2016-12-02 17:00:22-896
Reason : hadoop4j.NoImplementionException: not supported by openstack
Success : CREATE_FILE : test2\a94a8fe5ccb19ba6\10A655E6 9980DBB,0:0,2016-12-02 17:00:22-995,2016-12-02 17:00:23-447
Fail : LS : test2\a94a8fe5ccb19ba6\,0:-1,2016-12-02 17:00:23-576,2016-12-02 17:00:23-652
Reason : hadoop4j.NoImplementionException: not supported by openstack
Success : CREATE_FILE : test2\a94a8fe5ccb19ba6\2a5bd02710e975a7\594823997088A2BE,0:0,2016-12-02 17:00:23-731,2016-12-02 17:00:24-214
Fail : LS : test2\a94a8fe5ccb19ba6\2a5bd02710e975a7\,0:-1,2016-12-02 17:00:24-354,2016-12-02 17:00:24-431
Reason : hadoop4j.NoImplementionException: not supported by openstack
Success : DELETE : test2\a94a8fe5ccb19ba6\10A655E6 9980DBB,0:0,2016-12-02 17:00:24-512,2016-12-02 17:00:24-626
Fail : LS : test2\a94a8fe5ccb19ba6\,0:-1,2016-12-02 17:00:24-727,2016-12-02 17:00:24-800
Reason : hadoop4j.NoImplementionException: not supported by openstack
Success : CREATE_FILE : test2\a94a8fe5ccb19ba6\2a5bd02710e975a7\20F7EBD32FCD688D,0:0,2016-12-02 17:00:24-888,2016-12-02 17:00:25-294
Fail : LS : test2\a94a8fe5ccb19ba6\2a5bd02710e975a7\,0:-1,2016-12-02 17:00:25-414,2016-12-02 17:00:25-501
Reason : hadoop4j.NoImplementionException: not supported by openstack
Success : CREATE_FILE : test2\a94a8fe5ccb19ba6\58D92B54429D0395,0:0,2016-12-02 17:00:25-587,2016-12-02 17:00:26-016
Fail : LS : test2\a94a8fe5ccb19ba6\,0:-1,2016-12-02 17:00:26-145,2016-12-02 17:00:26-245
Reason : hadoop4j.NoImplementionException: not supported by openstack
Success : DELETE : test2\a94a8fe5ccb19ba6\2a5bd02710e975a7\20F7EBD32FCD688D,0:0,2016-12-02 17:00:26-341,2016-12-02 17:00:26-495
Fail : LS : test2\a94a8fe5ccb19ba6\2a5bd02710e975a7\,0:-1,2016-12-02 17:00:26-622,2016-12-02 17:00:26-721
Reason : hadoop4j.NoImplementionException: not supported by openstack
Success : CREATE_FILE : test2\a94a8fe5ccb19ba6\4CAECE7A59CDE877,0:0,2016-12-02 17:00:26-815,2016-12-02 17:00:28-014
Fail : LS : test2\a94a8fe5ccb19ba6\,0:-1,2016-12-02 17:00:28-093,2016-12-02 17:00:28-156
Reason : hadoop4j.NoImplementionException: not supported by openstack
Success : DELETE : test2\a94a8fe5ccb19ba6\58D92B54429D0395,0:0,2016-12-02 17:00:28-232,2016-12-02 17:00:28-385
Fail : LS : test2\a94a8fe5ccb19ba6\,0:-1,2016-12-02 17:00:28-518,2016-12-02 17:00:28-611
Reason : hadoop4j.NoImplementionException: not supported by openstack
Success : CREATE_FILE : test2\a94a8fe5ccb19ba6\ B50DA3A6D000605,0:0,2016-12-02 17:00:28-727,2016-12-02 17:00:29-101
Fail : LS : test2\a94a8fe5ccb19ba6\,0:-1,2016-12-02 17:00:29-219,2016-12-02 17:00:29-292
Reason : hadoop4j.NoImplementionException: not supported by openstack
Success : DELETE : test2\a94a8fe5ccb19ba6\2a5bd02710e975a7\594823997088A2BE,0:0,2016-12-02 17:00:29-371,2016-12-02 17:00:29-479
Fail : LS : test2\a94a8fe5ccb19ba6\2a5bd02710e975a7\,0:-1,2016-12-02 17:00:29-586,2016-12-02 17:00:29-657
Reason : hadoop4j.NoImplementionException: not supported by openstack
Success : CREATE_FILE : test2\a94a8fe5ccb19ba6\4CCEFD99696C566E,0:0,2016-12-02 17:00:29-733,2016-12-02 17:00:30-108
Fail : LS : test2\a94a8fe5ccb19ba6\,0:-1,2016-12-02 17:00:30-234,2016-12-02 17:00:30-309
Reason : hadoop4j.NoImplementionException: not supported by openstack
Success : DELETE : test2\a94a8fe5ccb19ba6\ B50DA3A6D000605,0:0,2016-12-02 17:00:30-437,2016-12-02 17:00:30-574
Fail : LS : test2\a94a8fe5ccb19ba6\,0:-1,2016-12-02 17:00:30-703,2016-12-02 17:00:30-779
Reason : hadoop4j.NoImplementionException: not supported by openstack
Success : CREATE_FILE : test2\a94a8fe5ccb19ba6\2a5bd02710e975a7\1B3A6B5B2807AEEA,0:0,2016-12-02 17:00:30-872,2016-12-02 17:00:31-275
Fail : LS : test2\a94a8fe5ccb19ba6\2a5bd02710e975a7\,0:-1,2016-12-02 17:00:31-403,2016-12-02 17:00:31-504
Reason : hadoop4j.NoImplementionException: not supported by openstack
Success : DELETE : test2\a94a8fe5ccb19ba6\2a5bd02710e975a7\178db47a574c645f,0:257,2016-12-02 17:00:31-595,2016-12-02 17:00:31-718
Fail : LS : test2\a94a8fe5ccb19ba6\2a5bd02710e975a7\,0:-1,2016-12-02 17:00:31-834,2016-12-02 17:00:31-938
Reason : hadoop4j.NoImplementionException: not supported by openstack
Success : CREATE_FILE : test2\a94a8fe5ccb19ba6\5A271ACA2E1D4FE5,0:0,2016-12-02 17:00:32-039,2016-12-02 17:00:32-902
Fail : LS : test2\a94a8fe5ccb19ba6\,0:-1,2016-12-02 17:00:33-029,2016-12-02 17:00:33-104
Reason : hadoop4j.NoImplementionException: not supported by openstack
Success : CREATE_FILE : test2\a94a8fe5ccb19ba6\2a5bd02710e975a7\2085129D5E8709FA,0:0,2016-12-02 17:00:33-196,2016-12-02 17:00:33-585
Fail : LS : test2\a94a8fe5ccb19ba6\2a5bd02710e975a7\,0:-1,2016-12-02 17:00:33-709,2016-12-02 17:00:33-782
Reason : hadoop4j.NoImplementionException: not supported by openstack
Success : DELETE : test2\a94a8fe5ccb19ba6\4CAECE7A59CDE877,0:0,2016-12-02 17:00:33-870,2016-12-02 17:00:33-996
Fail : LS : test2\a94a8fe5ccb19ba6\,0:-1,2016-12-02 17:00:34-072,2016-12-02 17:00:34-135
Reason : hadoop4j.NoImplementionException: not supported by openstack
Success : DELETE : test2\acde102dac5bbe15,0:6030,2016-12-02 17:00:34-245,2016-12-02 17:00:34-356
Fail : LS : test2,0:-1,2016-12-02 17:00:34-465,2016-12-02 17:00:34-465
Reason : java.lang.StringIndexOutOfBoundsException: String index out of range: -2
Success : DELETE : test2\a94a8fe5ccb19ba6\2a5bd02710e975a7\3eef580036f1724a,0:257,2016-12-02 17:00:34-552,2016-12-02 17:00:34-672
Fail : LS : test2\a94a8fe5ccb19ba6\2a5bd02710e975a7\,0:-1,2016-12-02 17:00:34-795,2016-12-02 17:00:34-872
Reason : hadoop4j.NoImplementionException: not supported by openstack
Success : CREATE_FILE : test2\a94a8fe5ccb19ba6\5E0F9B761EFDF168,0:0,2016-12-02 17:00:34-994,2016-12-02 17:00:35-740
Fail : LS : test2\a94a8fe5ccb19ba6\,0:-1,2016-12-02 17:00:35-867,2016-12-02 17:00:35-941
Reason : hadoop4j.NoImplementionException: not supported by openstack
Success : CREATE_FILE : test2\a94a8fe5ccb19ba6\2a5bd02710e975a7\668F7F67369B3884,0:0,2016-12-02 17:00:36-021,2016-12-02 17:00:36-551
Fail : LS : test2\a94a8fe5ccb19ba6\2a5bd02710e975a7\,0:-1,2016-12-02 17:00:36-666,2016-12-02 17:00:36-734
Reason : hadoop4j.NoImplementionException: not supported by openstack
Success : CREATE_FILE : test2\a94a8fe5ccb19ba6\2a5bd02710e975a7\7F8736B678C504C4,0:0,2016-12-02 17:00:36-833,2016-12-02 17:00:38-277
Fail : LS : test2\a94a8fe5ccb19ba6\2a5bd02710e975a7\,0:-1,2016-12-02 17:00:38-405,2016-12-02 17:00:38-512
Reason : hadoop4j.NoImplementionException: not supported by openstack
Success : DELETE : test2\a94a8fe5ccb19ba6\2a5bd02710e975a7\668F7F67369B3884,0:0,2016-12-02 17:00:38-640,2016-12-02 17:00:38-782
Fail : LS : test2\a94a8fe5ccb19ba6\2a5bd02710e975a7\,0:-1,2016-12-02 17:00:38-889,2016-12-02 17:00:38-962
Reason : hadoop4j.NoImplementionException: not supported by openstack
Success : DELETE : test2\a94a8fe5ccb19ba6\5E0F9B761EFDF168,0:0,2016-12-02 17:00:39-042,2016-12-02 17:00:39-156
Fail : LS : test2\a94a8fe5ccb19ba6\,0:-1,2016-12-02 17:00:39-274,2016-12-02 17:00:39-379
Reason : hadoop4j.NoImplementionException: not supported by openstack
Success : CREATE_FILE : test2\a94a8fe5ccb19ba6\649190ED59FF6019,0:0,2016-12-02 17:00:39-474,2016-12-02 17:00:39-943
Fail : LS : test2\a94a8fe5ccb19ba6\,0:-1,2016-12-02 17:00:40-021,2016-12-02 17:00:40-105
Reason : hadoop4j.NoImplementionException: not supported by openstack
Success : DELETE : test2\a94a8fe5ccb19ba6\2a5bd02710e975a7\7F8736B678C504C4,0:0,2016-12-02 17:00:40-189,2016-12-02 17:00:40-298
Fail : LS : test2\a94a8fe5ccb19ba6\2a5bd02710e975a7\,0:-1,2016-12-02 17:00:40-404,2016-12-02 17:00:40-505
Reason : hadoop4j.NoImplementionException: not supported by openstack
Success : DELETE : test2\a94a8fe5ccb19ba6\2a5bd02710e975a7\2085129D5E8709FA,0:0,2016-12-02 17:00:40-632,2016-12-02 17:00:40-933
Fail : LS : test2\a94a8fe5ccb19ba6\2a5bd02710e975a7\,0:-1,2016-12-02 17:00:41-060,2016-12-02 17:00:41-135
Reason : hadoop4j.NoImplementionException: not supported by openstack
Success : DELETE : test2\6c33a983eec1b409,0:2291,2016-12-02 17:00:41-249,2016-12-02 17:00:41-432
Fail : LS : test2,0:-1,2016-12-02 17:00:41-556,2016-12-02 17:00:41-557
Reason : java.lang.StringIndexOutOfBoundsException: String index out of range: -2
Success : CREATE_FILE : test2\a94a8fe5ccb19ba6\2a5bd02710e975a7\3D7F4019633650A2,0:0,2016-12-02 17:00:41-638,2016-12-02 17:00:42-085
Fail : LS : test2\a94a8fe5ccb19ba6\2a5bd02710e975a7\,0:-1,2016-12-02 17:00:42-209,2016-12-02 17:00:42-310
Reason : hadoop4j.NoImplementionException: not supported by openstack
Success : DELETE : test2\a94a8fe5ccb19ba6\5A271ACA2E1D4FE5,0:0,2016-12-02 17:00:42-404,2016-12-02 17:00:43-207
Fail : LS : test2\a94a8fe5ccb19ba6\,0:-1,2016-12-02 17:00:43-284,2016-12-02 17:00:43-686
Reason : hadoop4j.NoImplementionException: not supported by openstack
Success : DELETE : test2\a94a8fe5ccb19ba6\2a5bd02710e975a7\1B3A6B5B2807AEEA,0:0,2016-12-02 17:00:43-814,2016-12-02 17:00:43-948
Fail : LS : test2\a94a8fe5ccb19ba6\2a5bd02710e975a7\,0:-1,2016-12-02 17:00:44-076,2016-12-02 17:00:44-151
Reason : hadoop4j.NoImplementionException: not supported by openstack
Success : CREATE_FILE : test2\a94a8fe5ccb19ba6\5BD389D7 B63E72E,0:0,2016-12-02 17:00:44-277,2016-12-02 17:00:44-741
Fail : LS : test2\a94a8fe5ccb19ba6\,0:-1,2016-12-02 17:00:44-860,2016-12-02 17:00:44-930
Reason : hadoop4j.NoImplementionException: not supported by openstack
Success : CREATE_FILE : test2\a94a8fe5ccb19ba6\2a5bd02710e975a7\11F5D4D61EFE43F9,0:0,2016-12-02 17:00:45-020,2016-12-02 17:00:45-394
Fail : LS : test2\a94a8fe5ccb19ba6\2a5bd02710e975a7\,0:-1,2016-12-02 17:00:45-523,2016-12-02 17:00:45-599
Reason : hadoop4j.NoImplementionException: not supported by openstack
Success : CREATE_FILE : test2\a94a8fe5ccb19ba6\2a5bd02710e975a7\34F4AC922DF68677,0:0,2016-12-02 17:00:45-683,2016-12-02 17:00:46-118
Fail : LS : test2\a94a8fe5ccb19ba6\2a5bd02710e975a7\,0:-1,2016-12-02 17:00:46-233,2016-12-02 17:00:46-304
Reason : hadoop4j.NoImplementionException: not supported by openstack
Success : CREATE_FILE : test2\a94a8fe5ccb19ba6\2a5bd02710e975a7\3713E49F5BEC8496,0:0,2016-12-02 17:00:46-382,2016-12-02 17:00:46-892
Fail : LS : test2\a94a8fe5ccb19ba6\2a5bd02710e975a7\,0:-1,2016-12-02 17:00:47-025,2016-12-02 17:00:47-131
Reason : hadoop4j.NoImplementionException: not supported by openstack
Success : CREATE_FILE : test2\a94a8fe5ccb19ba6\2a5bd02710e975a7\13A107503EBF991B,0:0,2016-12-02 17:00:47-236,2016-12-02 17:00:48-446
Fail : LS : test2\a94a8fe5ccb19ba6\2a5bd02710e975a7\,0:-1,2016-12-02 17:00:48-575,2016-12-02 17:00:48-649
Reason : hadoop4j.NoImplementionException: not supported by openstack
Success : DELETE : test2\a94a8fe5ccb19ba6\5BD389D7 B63E72E,0:0,2016-12-02 17:00:48-741,2016-12-02 17:00:48-862
Fail : LS : test2\a94a8fe5ccb19ba6\,0:-1,2016-12-02 17:00:48-949,2016-12-02 17:00:49-014
Reason : hadoop4j.NoImplementionException: not supported by openstack
Success : DELETE : test2\a94a8fe5ccb19ba6\2a5bd02710e975a7\34F4AC922DF68677,0:0,2016-12-02 17:00:49-121,2016-12-02 17:00:49-259
Fail : LS : test2\a94a8fe5ccb19ba6\2a5bd02710e975a7\,0:-1,2016-12-02 17:00:49-385,2016-12-02 17:00:49-459
Reason : hadoop4j.NoImplementionException: not supported by openstack
Success : DELETE : test2\a94a8fe5ccb19ba6\2a5bd02710e975a7\3713E49F5BEC8496,0:0,2016-12-02 17:00:49-535,2016-12-02 17:00:49-652
Fail : LS : test2\a94a8fe5ccb19ba6\2a5bd02710e975a7\,0:-1,2016-12-02 17:00:49-740,2016-12-02 17:00:49-803
Reason : hadoop4j.NoImplementionException: not supported by openstack
Success : CREATE_FILE : test2\a94a8fe5ccb19ba6\51373F3835081AA7,0:0,2016-12-02 17:00:49-881,2016-12-02 17:00:50-269
Fail : LS : test2\a94a8fe5ccb19ba6\,0:-1,2016-12-02 17:00:50-395,2016-12-02 17:00:50-469
Reason : hadoop4j.NoImplementionException: not supported by openstack
Success : CREATE_FILE : test2\a94a8fe5ccb19ba6\1AE79FDD671C5D7D,0:0,2016-12-02 17:00:50-585,2016-12-02 17:00:50-966
Fail : LS : test2\a94a8fe5ccb19ba6\,0:-1,2016-12-02 17:00:51-089,2016-12-02 17:00:51-161
Reason : hadoop4j.NoImplementionException: not supported by openstack
Success : CREATE_FILE : test2\a94a8fe5ccb19ba6\1F8BA65B2D324D8F,0:0,2016-12-02 17:00:51-241,2016-12-02 17:00:51-649
Fail : LS : test2\a94a8fe5ccb19ba6\,0:-1,2016-12-02 17:00:51-767,2016-12-02 17:00:51-853
Reason : hadoop4j.NoImplementionException: not supported by openstack
Success : CREATE_FILE : test2\a94a8fe5ccb19ba6\691612C558C507F0,0:0,2016-12-02 17:00:51-937,2016-12-02 17:00:53-531
Fail : LS : test2\a94a8fe5ccb19ba6\,0:-1,2016-12-02 17:00:53-650,2016-12-02 17:00:53-720
Reason : hadoop4j.NoImplementionException: not supported by openstack
Success : CREATE_FILE : test2\a94a8fe5ccb19ba6\2a5bd02710e975a7\612F34B040801006,0:0,2016-12-02 17:00:53-832,2016-12-02 17:00:54-231
Fail : LS : test2\a94a8fe5ccb19ba6\2a5bd02710e975a7\,0:-1,2016-12-02 17:00:54-357,2016-12-02 17:00:54-434
Reason : hadoop4j.NoImplementionException: not supported by openstack
Success : DELETE : test2\a94a8fe5ccb19ba6\1F8BA65B2D324D8F,0:0,2016-12-02 17:00:54-513,2016-12-02 17:00:54-637
Fail : LS : test2\a94a8fe5ccb19ba6\,0:-1,2016-12-02 17:00:54-739,2016-12-02 17:00:54-807
Reason : hadoop4j.NoImplementionException: not supported by openstack
Success : DELETE : test2\a94a8fe5ccb19ba6\1AE79FDD671C5D7D,0:0,2016-12-02 17:00:54-900,2016-12-02 17:00:55-016
Fail : LS : test2\a94a8fe5ccb19ba6\,0:-1,2016-12-02 17:00:55-099,2016-12-02 17:00:55-192
Reason : hadoop4j.NoImplementionException: not supported by openstack
Success : DELETE : test2\a94a8fe5ccb19ba6\2a5bd02710e975a7\11F5D4D61EFE43F9,0:0,2016-12-02 17:00:55-280,2016-12-02 17:00:55-385
Fail : LS : test2\a94a8fe5ccb19ba6\2a5bd02710e975a7\,0:-1,2016-12-02 17:00:55-515,2016-12-02 17:00:55-591
Reason : hadoop4j.NoImplementionException: not supported by openstack
Success : CREATE_FILE : test2\a94a8fe5ccb19ba6\3D120FFD219F6479,0:0,2016-12-02 17:00:55-709,2016-12-02 17:00:56-084
Fail : LS : test2\a94a8fe5ccb19ba6\,0:-1,2016-12-02 17:00:56-213,2016-12-02 17:00:56-288
Reason : hadoop4j.NoImplementionException: not supported by openstack
Success : DELETE : test2\a94a8fe5ccb19ba6\2a5bd02710e975a7\612F34B040801006,0:0,2016-12-02 17:00:56-392,2016-12-02 17:00:56-519
Fail : LS : test2\a94a8fe5ccb19ba6\2a5bd02710e975a7\,0:-1,2016-12-02 17:00:56-646,2016-12-02 17:00:56-720
Reason : hadoop4j.NoImplementionException: not supported by openstack
Success : DELETE : test2\a94a8fe5ccb19ba6\2a5bd02710e975a7\5A6A66E44E030D34,0:0,2016-12-02 17:00:56-841,2016-12-02 17:00:56-959
Fail : LS : test2\a94a8fe5ccb19ba6\2a5bd02710e975a7\,0:-1,2016-12-02 17:00:57-064,2016-12-02 17:00:57-135
Reason : hadoop4j.NoImplementionException: not supported by openstack
Success : DELETE : test2\a94a8fe5ccb19ba6\4CCEFD99696C566E,0:0,2016-12-02 17:00:57-228,2016-12-02 17:00:57-346
Fail : LS : test2\a94a8fe5ccb19ba6\,0:-1,2016-12-02 17:00:57-517,2016-12-02 17:00:57-583
Reason : hadoop4j.NoImplementionException: not supported by openstack
Success : CREATE_FILE : test2\a94a8fe5ccb19ba6\350ABFA6 15CB631,0:0,2016-12-02 17:00:57-664,2016-12-02 17:00:58-024
Fail : LS : test2\a94a8fe5ccb19ba6\,0:-1,2016-12-02 17:00:58-102,2016-12-02 17:00:58-191
Reason : hadoop4j.NoImplementionException: not supported by openstack
Success : DELETE : test2\a94a8fe5ccb19ba6\3D120FFD219F6479,0:0,2016-12-02 17:00:58-300,2016-12-02 17:00:58-423
Fail : LS : test2\a94a8fe5ccb19ba6\,0:-1,2016-12-02 17:00:58-549,2016-12-02 17:00:58-624
Reason : hadoop4j.NoImplementionException: not supported by openstack
Success : CREATE_FILE : test2\a94a8fe5ccb19ba6\2a5bd02710e975a7\24DDD6D746CFFCC7,0:0,2016-12-02 17:00:58-713,2016-12-02 17:00:59-141
Fail : LS : test2\a94a8fe5ccb19ba6\2a5bd02710e975a7\,0:-1,2016-12-02 17:00:59-266,2016-12-02 17:00:59-348
Reason : hadoop4j.NoImplementionException: not supported by openstack
Success : CREATE_FILE : test2\a94a8fe5ccb19ba6\2a5bd02710e975a7\27833469 7D7F895,0:0,2016-12-02 17:00:59-470,2016-12-02 17:00:59-878
Fail : LS : test2\a94a8fe5ccb19ba6\2a5bd02710e975a7\,0:-1,2016-12-02 17:01:00-003,2016-12-02 17:01:00-085
Reason : hadoop4j.NoImplementionException: not supported by openstack
Success : DELETE : test2\a94a8fe5ccb19ba6\2a5bd02710e975a7\254d76d2609fec03,0:2291,2016-12-02 17:01:00-173,2016-12-02 17:01:00-318
Fail : LS : test2\a94a8fe5ccb19ba6\2a5bd02710e975a7\,0:-1,2016-12-02 17:01:00-436,2016-12-02 17:01:00-508
Reason : hadoop4j.NoImplementionException: not supported by openstack
Success : DELETE : test2\a94a8fe5ccb19ba6\691612C558C507F0,0:0,2016-12-02 17:01:00-585,2016-12-02 17:01:00-695
Fail : LS : test2\a94a8fe5ccb19ba6\,0:-1,2016-12-02 17:01:00-787,2016-12-02 17:01:00-857
Reason : hadoop4j.NoImplementionException: not supported by openstack
Success : CREATE_FILE : test2\a94a8fe5ccb19ba6\45F25D7F7589F708,0:0,2016-12-02 17:01:00-941,2016-12-02 17:01:01-391
Fail : LS : test2\a94a8fe5ccb19ba6\,0:-1,2016-12-02 17:01:01-519,2016-12-02 17:01:01-591
Reason : hadoop4j.NoImplementionException: not supported by openstack
Success : CREATE_FILE : test2\a94a8fe5ccb19ba6\2a5bd02710e975a7\ D9C15F817FC3FC7,0:0,2016-12-02 17:01:01-706,2016-12-02 17:01:02-195
Fail : LS : test2\a94a8fe5ccb19ba6\2a5bd02710e975a7\,0:-1,2016-12-02 17:01:02-321,2016-12-02 17:01:02-396
Reason : hadoop4j.NoImplementionException: not supported by openstack
Success : DELETE : test2\a94a8fe5ccb19ba6\45F25D7F7589F708,0:0,2016-12-02 17:01:02-478,2016-12-02 17:01:02-602
Fail : LS : test2\a94a8fe5ccb19ba6\,0:-1,2016-12-02 17:01:02-723,2016-12-02 17:01:02-799
Reason : hadoop4j.NoImplementionException: not supported by openstack
Success : CREATE_FILE : test2\a94a8fe5ccb19ba6\654ACBD5483A2F03,0:0,2016-12-02 17:01:02-877,2016-12-02 17:01:03-647
Fail : LS : test2\a94a8fe5ccb19ba6\,0:-1,2016-12-02 17:01:03-775,2016-12-02 17:01:03-845
Reason : hadoop4j.NoImplementionException: not supported by openstack
Success : DELETE : test2\a94a8fe5ccb19ba6\350ABFA6 15CB631,0:0,2016-12-02 17:01:03-931,2016-12-02 17:01:04-162
Fail : LS : test2\a94a8fe5ccb19ba6\,0:-1,2016-12-02 17:01:04-274,2016-12-02 17:01:04-342
Reason : hadoop4j.NoImplementionException: not supported by openstack
Success : DELETE : test2\a94a8fe5ccb19ba6\2a5bd02710e975a7\27833469 7D7F895,0:0,2016-12-02 17:01:04-471,2016-12-02 17:01:04-636
Fail : LS : test2\a94a8fe5ccb19ba6\2a5bd02710e975a7\,0:-1,2016-12-02 17:01:04-812,2016-12-02 17:01:04-904
Reason : hadoop4j.NoImplementionException: not supported by openstack
Success : CREATE_FILE : test2\a94a8fe5ccb19ba6\2a5bd02710e975a7\754233182883710C,0:0,2016-12-02 17:01:05-020,2016-12-02 17:01:05-519
Fail : LS : test2\a94a8fe5ccb19ba6\2a5bd02710e975a7\,0:-1,2016-12-02 17:01:05-646,2016-12-02 17:01:05-715
Reason : hadoop4j.NoImplementionException: not supported by openstack
Success : DELETE : test2\a94a8fe5ccb19ba6\51373F3835081AA7,0:0,2016-12-02 17:01:05-814,2016-12-02 17:01:05-923
Fail : LS : test2\a94a8fe5ccb19ba6\,0:-1,2016-12-02 17:01:06-051,2016-12-02 17:01:06-125
Reason : hadoop4j.NoImplementionException: not supported by openstack
Success : CREATE_FILE : test2\a94a8fe5ccb19ba6\6924AEE94CE27EAC,0:0,2016-12-02 17:01:06-243,2016-12-02 17:01:06-787
Fail : LS : test2\a94a8fe5ccb19ba6\,0:-1,2016-12-02 17:01:06-882,2016-12-02 17:01:06-950
Reason : hadoop4j.NoImplementionException: not supported by openstack
Success : DELETE : test2\a94a8fe5ccb19ba6\2a5bd02710e975a7\3D7F4019633650A2,0:0,2016-12-02 17:01:07-034,2016-12-02 17:01:07-144
Fail : LS : test2\a94a8fe5ccb19ba6\2a5bd02710e975a7\,0:-1,2016-12-02 17:01:07-258,2016-12-02 17:01:07-330
Reason : hadoop4j.NoImplementionException: not supported by openstack
Success : DELETE : test2\8da7cc13802eefe0,0:2291,2016-12-02 17:01:07-452,2016-12-02 17:01:07-579
Fail : LS : test2,0:-1,2016-12-02 17:01:07-707,2016-12-02 17:01:07-707
Reason : java.lang.StringIndexOutOfBoundsException: String index out of range: -2
Success : DELETE : test2\a94a8fe5ccb19ba6\654ACBD5483A2F03,0:0,2016-12-02 17:01:07-794,2016-12-02 17:01:07-920
Fail : LS : test2\a94a8fe5ccb19ba6\,0:-1,2016-12-02 17:01:08-036,2016-12-02 17:01:08-108
Reason : hadoop4j.NoImplementionException: not supported by openstack
Success : DELETE : test2\a94a8fe5ccb19ba6\2a5bd02710e975a7\754233182883710C,0:0,2016-12-02 17:01:08-216,2016-12-02 17:01:08-345
Fail : LS : test2\a94a8fe5ccb19ba6\2a5bd02710e975a7\,0:-1,2016-12-02 17:01:08-468,2016-12-02 17:01:08-542
Reason : hadoop4j.NoImplementionException: not supported by openstack
Success : DELETE : test2\1a7683b6645f9b6a,0:14529,2016-12-02 17:01:08-672,2016-12-02 17:01:08-792
Fail : LS : test2,0:-1,2016-12-02 17:01:08-965,2016-12-02 17:01:08-965
Reason : java.lang.StringIndexOutOfBoundsException: String index out of range: -2
Success : CREATE_FILE : test2\a94a8fe5ccb19ba6\586CF66E2BEC2B77,0:0,2016-12-02 17:01:09-064,2016-12-02 17:01:09-495
Fail : LS : test2\a94a8fe5ccb19ba6\,0:-1,2016-12-02 17:01:09-618,2016-12-02 17:01:09-717
Reason : hadoop4j.NoImplementionException: not supported by openstack
Success : CREATE_FILE : test2\a94a8fe5ccb19ba6\2a5bd02710e975a7\5991E3D2  797AEE,0:0,2016-12-02 17:01:09-803,2016-12-02 17:01:10-204
Fail : LS : test2\a94a8fe5ccb19ba6\2a5bd02710e975a7\,0:-1,2016-12-02 17:01:10-330,2016-12-02 17:01:10-402
Reason : hadoop4j.NoImplementionException: not supported by openstack
Success : CREATE_FILE : test2\a94a8fe5ccb19ba6\2a5bd02710e975a7\534BA90F5EDF6B11,0:0,2016-12-02 17:01:10-480,2016-12-02 17:01:10-879
Fail : LS : test2\a94a8fe5ccb19ba6\2a5bd02710e975a7\,0:-1,2016-12-02 17:01:11-002,2016-12-02 17:01:11-088
Reason : hadoop4j.NoImplementionException: not supported by openstack
Success : CREATE_FILE : test2\a94a8fe5ccb19ba6\1B97B14359F747E3,0:0,2016-12-02 17:01:11-208,2016-12-02 17:01:11-697
Fail : LS : test2\a94a8fe5ccb19ba6\,0:-1,2016-12-02 17:01:11-813,2016-12-02 17:01:11-887
Reason : hadoop4j.NoImplementionException: not supported by openstack
Success : DELETE : test2\a94a8fe5ccb19ba6\2a5bd02710e975a7\13A107503EBF991B,0:0,2016-12-02 17:01:11-968,2016-12-02 17:01:12-104
Fail : LS : test2\a94a8fe5ccb19ba6\2a5bd02710e975a7\,0:-1,2016-12-02 17:01:12-210,2016-12-02 17:01:12-278
Reason : hadoop4j.NoImplementionException: not supported by openstack
Success : CREATE_FILE : test2\a94a8fe5ccb19ba6\654211D115FD1512,0:0,2016-12-02 17:01:12-356,2016-12-02 17:01:12-843
Fail : LS : test2\a94a8fe5ccb19ba6\,0:-1,2016-12-02 17:01:12-929,2016-12-02 17:01:13-000
Reason : hadoop4j.NoImplementionException: not supported by openstack
Success : DELETE : test2\a94a8fe5ccb19ba6\2a5bd02710e975a7\5991E3D2  797AEE,0:0,2016-12-02 17:01:13-078,2016-12-02 17:01:13-212
Fail : LS : test2\a94a8fe5ccb19ba6\2a5bd02710e975a7\,0:-1,2016-12-02 17:01:13-290,2016-12-02 17:01:13-352
Reason : hadoop4j.NoImplementionException: not supported by openstack
Success : DELETE : test2\a94a8fe5ccb19ba6\1B97B14359F747E3,0:0,2016-12-02 17:01:13-428,2016-12-02 17:01:13-535
Fail : LS : test2\a94a8fe5ccb19ba6\,0:-1,2016-12-02 17:01:13-611,2016-12-02 17:01:13-725
Reason : hadoop4j.NoImplementionException: not supported by openstack
Success : DELETE : test2\a94a8fe5ccb19ba6\2a5bd02710e975a7\534BA90F5EDF6B11,0:0,2016-12-02 17:01:13-822,2016-12-02 17:01:13-951
Fail : LS : test2\a94a8fe5ccb19ba6\2a5bd02710e975a7\,0:-1,2016-12-02 17:01:14-080,2016-12-02 17:01:14-155
Reason : hadoop4j.NoImplementionException: not supported by openstack
Success : DELETE : test2\a94a8fe5ccb19ba6\586CF66E2BEC2B77,0:0,2016-12-02 17:01:14-277,2016-12-02 17:01:14-441
Fail : LS : test2\a94a8fe5ccb19ba6\,0:-1,2016-12-02 17:01:14-569,2016-12-02 17:01:14-644
Reason : hadoop4j.NoImplementionException: not supported by openstack
Success : DELETE : test2\a94a8fe5ccb19ba6\6924AEE94CE27EAC,0:0,2016-12-02 17:01:14-722,2016-12-02 17:01:14-839
Fail : LS : test2\a94a8fe5ccb19ba6\,0:-1,2016-12-02 17:01:14-953,2016-12-02 17:01:15-050
Reason : hadoop4j.NoImplementionException: not supported by openstack
Success : DELETE : test2\a94a8fe5ccb19ba6\2a5bd02710e975a7\ D9C15F817FC3FC7,0:0,2016-12-02 17:01:15-142,2016-12-02 17:01:15-266
Fail : LS : test2\a94a8fe5ccb19ba6\2a5bd02710e975a7\,0:-1,2016-12-02 17:01:15-377,2016-12-02 17:01:15-444
Reason : hadoop4j.NoImplementionException: not supported by openstack
Success : DELETE : test2\a94a8fe5ccb19ba6\2a5bd02710e975a7\24DDD6D746CFFCC7,0:0,2016-12-02 17:01:15-521,2016-12-02 17:01:16-045
Fail : LS : test2\a94a8fe5ccb19ba6\2a5bd02710e975a7\,0:-1,2016-12-02 17:01:16-122,2016-12-02 17:01:16-370
Reason : hadoop4j.NoImplementionException: not supported by openstack
Success : DELETE : test2\a94a8fe5ccb19ba6\649190ED59FF6019,0:0,2016-12-02 17:01:16-484,2016-12-02 17:01:16-655
Fail : LS : test2\a94a8fe5ccb19ba6\,0:-1,2016-12-02 17:01:16-765,2016-12-02 17:01:16-832
Reason : hadoop4j.NoImplementionException: not supported by openstack
Success : CREATE_FILE : test2\a94a8fe5ccb19ba6\2a5bd02710e975a7\6DD6DD5318780164,0:0,2016-12-02 17:01:16-950,2016-12-02 17:01:17-465
Fail : LS : test2\a94a8fe5ccb19ba6\2a5bd02710e975a7\,0:-1,2016-12-02 17:01:17-583,2016-12-02 17:01:17-652
Reason : hadoop4j.NoImplementionException: not supported by openstack
Success : DELETE : test2\a94a8fe5ccb19ba6\654211D115FD1512,0:0,2016-12-02 17:01:17-729,2016-12-02 17:01:18-076
Fail : LS : test2\a94a8fe5ccb19ba6\,0:-1,2016-12-02 17:01:18-193,2016-12-02 17:01:18-269
Reason : hadoop4j.NoImplementionException: not supported by openstack
Success : DELETE : test2\a94a8fe5ccb19ba6\2a5bd02710e975a7\6DD6DD5318780164,0:0,2016-12-02 17:01:18-349,2016-12-02 17:01:18-481
Fail : LS : test2\a94a8fe5ccb19ba6\2a5bd02710e975a7\,0:-1,2016-12-02 17:01:18-592,2016-12-02 17:01:18-663
Reason : hadoop4j.NoImplementionException: not supported by openstack
Success : CREATE_FILE : test2\a94a8fe5ccb19ba6\ C31E72963E95A11,0:0,2016-12-02 17:01:18-750,2016-12-02 17:01:19-273
Fail : LS : test2\a94a8fe5ccb19ba6\,0:-1,2016-12-02 17:01:19-351,2016-12-02 17:01:19-412
Reason : hadoop4j.NoImplementionException: not supported by openstack
Success : CREATE_FILE : test2\a94a8fe5ccb19ba6\2a5bd02710e975a7\38453D36 BA24C14,0:0,2016-12-02 17:01:19-489,2016-12-02 17:01:20-040
Fail : LS : test2\a94a8fe5ccb19ba6\2a5bd02710e975a7\,0:-1,2016-12-02 17:01:20-160,2016-12-02 17:01:20-262
Reason : hadoop4j.NoImplementionException: not supported by openstack
Success : DELETE : test2\a94a8fe5ccb19ba6\ C31E72963E95A11,0:0,2016-12-02 17:01:20-355,2016-12-02 17:01:20-465
Fail : LS : test2\a94a8fe5ccb19ba6\,0:-1,2016-12-02 17:01:20-593,2016-12-02 17:01:20-698
Reason : hadoop4j.NoImplementionException: not supported by openstack
Success : CREATE_FILE : test2\a94a8fe5ccb19ba6\6F76D9FA52FEC024,0:0,2016-12-02 17:01:20-822,2016-12-02 17:01:21-296
Fail : LS : test2\a94a8fe5ccb19ba6\,0:-1,2016-12-02 17:01:21-425,2016-12-02 17:01:21-498
Reason : hadoop4j.NoImplementionException: not supported by openstack
Success : CREATE_FILE : test2\a94a8fe5ccb19ba6\5DD0AAAF 44C2687,0:0,2016-12-02 17:01:21-617,2016-12-02 17:01:22-201
Fail : LS : test2\a94a8fe5ccb19ba6\,0:-1,2016-12-02 17:01:22-311,2016-12-02 17:01:22-408
Reason : hadoop4j.NoImplementionException: not supported by openstack
