Success : LS : test1\f71b43c3136efa4f\9f93e73d6896cb7b\,0:-1,2016-12-14 13:28:33-621,2016-12-14 13:28:33-787
Success : LS : test1\c5a5e5562b038073\0189424a5a60fed3\,0:-1,2016-12-14 13:28:33-882,2016-12-14 13:28:33-985
Success : SEQ_READ : test1\c5a5e5562b038073\0caa882bd1034750,0:324096,2016-12-14 13:28:34-079,2016-12-14 13:28:34-154
Success : CREATE_FILE : test2\a94a8fe5ccb19ba6\2a5bd02710e975a7\2B03606578D7DC40,0:3252832,2016-12-14 13:28:34-277,2016-12-14 13:28:37-764
Success : LS : test2\a94a8fe5ccb19ba6\2a5bd02710e975a7\,0:-1,2016-12-14 13:28:37-897,2016-12-14 13:28:37-973
Success : CREATE_FILE : test2\a94a8fe5ccb19ba6\2a5bd02710e975a7\23E1733833F1436D,0:995375,2016-12-14 13:28:38-052,2016-12-14 13:28:38-483
Success : LS : test2\a94a8fe5ccb19ba6\,0:-1,2016-12-14 13:28:38-593,2016-12-14 13:28:38-688
Success : SEQ_READ : test2\6c33a983eec1b409,0:2291,2016-12-14 13:28:38-777,2016-12-14 13:28:38-843
Success : SEQ_READ : test2\a94a8fe5ccb19ba6\4b6fcb2d521ef0fd,0:2291,2016-12-14 13:28:38-921,2016-12-14 13:28:38-980
Success : SEQ_READ : test2\1a7683b6645f9b6a,0:14529,2016-12-14 13:28:39-097,2016-12-14 13:28:39-168
Success : LS : test2\a94a8fe5ccb19ba6\2a5bd02710e975a7\,0:-1,2016-12-14 13:28:39-274,2016-12-14 13:28:39-347
Success : CREATE_FILE : test2\a94a8fe5ccb19ba6\2FA25BDF2D5B2454,0:2834915,2016-12-14 13:28:39-452,2016-12-14 13:28:42-009
Success : SEQ_READ : test1\c5a5e5562b038073\a39ea9c72a98de10\f398de59988a85e5,0:6743,2016-12-14 13:28:42-131,2016-12-14 13:28:42-206
Success : LS : test2\a94a8fe5ccb19ba6\,0:-1,2016-12-14 13:28:42-328,2016-12-14 13:28:42-421
Success : LS : test2\a94a8fe5ccb19ba6\,0:-1,2016-12-14 13:28:42-510,2016-12-14 13:28:43-261
Success : CREATE_FILE : test2\a94a8fe5ccb19ba6\55493D5138BF92A0,0:2450297,2016-12-14 13:28:43-380,2016-12-14 13:28:45-474
Success : LS : test2\a94a8fe5ccb19ba6\,0:-1,2016-12-14 13:28:45-585,2016-12-14 13:28:45-654
Success : CREATE_FILE : test2\a94a8fe5ccb19ba6\698F6D5C182B0400,0:874177,2016-12-14 13:28:45-754,2016-12-14 13:28:46-212
Success : SEQ_READ : test1\f71b43c3136efa4f\52481749c0cdecd6\6670af231c096f09,0:129,2016-12-14 13:28:46-335,2016-12-14 13:28:46-402
Success : LS : test2\a94a8fe5ccb19ba6\,0:-1,2016-12-14 13:28:46-486,2016-12-14 13:28:46-551
Success : CREATE_FILE : test2\a94a8fe5ccb19ba6\544A1F640D6A83DE,0:2548,2016-12-14 13:28:46-627,2016-12-14 13:28:46-874
Success : LS : test2\a94a8fe5ccb19ba6\,0:-1,2016-12-14 13:28:46-981,2016-12-14 13:28:47-052
Success : LS : test2\a94a8fe5ccb19ba6\2a5bd02710e975a7\,0:-1,2016-12-14 13:28:47-134,2016-12-14 13:28:47-214
Success : SEQ_READ : test2\6c33a983eec1b409,0:2291,2016-12-14 13:28:47-858,2016-12-14 13:28:47-931
Success : CREATE_FILE : test2\a94a8fe5ccb19ba6\3AA2B5AA5A98C9F4,0:3101684,2016-12-14 13:28:49-728,2016-12-14 13:28:52-484
Success : LS : test2\a94a8fe5ccb19ba6\,0:-1,2016-12-14 13:28:52-592,2016-12-14 13:28:52-662
Success : LS : test2\a94a8fe5ccb19ba6\,0:-1,2016-12-14 13:28:52-775,2016-12-14 13:28:52-846
Success : SEQ_READ : test2\a94a8fe5ccb19ba6\4b6fcb2d521ef0fd,0:2291,2016-12-14 13:28:53-866,2016-12-14 13:28:53-944
Success : CREATE_FILE : test2\a94a8fe5ccb19ba6\2a5bd02710e975a7\749E2F8C4171B720,0:2686728,2016-12-14 13:28:55-128,2016-12-14 13:28:57-462
Success : SEQ_READ : test1\c5a5e5562b038073\c7734a16bf12bb03,0:364726,2016-12-14 13:28:57-576,2016-12-14 13:28:57-681
Success : LS : test2\a94a8fe5ccb19ba6\2a5bd02710e975a7\,0:-1,2016-12-14 13:28:57-773,2016-12-14 13:28:57-836
Success : CREATE_FILE : test2\a94a8fe5ccb19ba6\59AF412F05392678,0:3631329,2016-12-14 13:28:57-914,2016-12-14 13:29:01-297
Success : LS : test2\a94a8fe5ccb19ba6\,0:-1,2016-12-14 13:29:01-410,2016-12-14 13:29:01-493
Success : CREATE_FILE : test2\a94a8fe5ccb19ba6\1F5B359349551882,0:2604321,2016-12-14 13:29:01-571,2016-12-14 13:29:04-289
Success : LS : test1\f71b43c3136efa4f\52481749c0cdecd6\,0:-1,2016-12-14 13:29:04-399,2016-12-14 13:29:04-467
Success : LS : test2\a94a8fe5ccb19ba6\,0:-1,2016-12-14 13:29:04-566,2016-12-14 13:29:04-631
Success : CREATE_FILE : test2\a94a8fe5ccb19ba6\2a5bd02710e975a7\1B6F9E0068162250,0:3313186,2016-12-14 13:29:04-712,2016-12-14 13:29:07-868
Success : SEQ_READ : test1\f71b43c3136efa4f\c7d9912886e5ccc7\6670af231c096f09,0:129,2016-12-14 13:29:07-985,2016-12-14 13:29:08-054
Success : LS : test2\a94a8fe5ccb19ba6\,0:-1,2016-12-14 13:29:08-179,2016-12-14 13:29:08-257
Success : SEQ_READ : test1\9832710c94f11d2b,0:34310397,2016-12-14 13:29:08-340,2016-12-14 13:29:08-466
Success : LS : test2\a94a8fe5ccb19ba6\2a5bd02710e975a7\,0:-1,2016-12-14 13:29:08-559,2016-12-14 13:29:08-623
Success : CREATE_FILE : test2\a94a8fe5ccb19ba6\2a5bd02710e975a7\768C274559164EF0,0:1066524,2016-12-14 13:29:08-717,2016-12-14 13:29:09-491
Fail : LS : test1,0:-1,2016-12-14 13:29:09-620,2016-12-14 13:29:09-620
Reason : java.lang.StringIndexOutOfBoundsException: String index out of range: -1
Success : LS : test2\a94a8fe5ccb19ba6\2a5bd02710e975a7\,0:-1,2016-12-14 13:29:09-740,2016-12-14 13:29:09-817
Success : CREATE_FILE : test2\a94a8fe5ccb19ba6\2a5bd02710e975a7\05515F951761E047,0:1081461,2016-12-14 13:29:09-898,2016-12-14 13:29:10-499
Success : LS : test2\a94a8fe5ccb19ba6\2a5bd02710e975a7\,0:-1,2016-12-14 13:29:10-620,2016-12-14 13:29:10-698
Success : LS : test1\f71b43c3136efa4f\9f93e73d6896cb7b\,0:-1,2016-12-14 13:29:12-165,2016-12-14 13:29:12-269
Success : LS : test1\c5a5e5562b038073\,0:-1,2016-12-14 13:29:15-707,2016-12-14 13:29:15-800
Success : SEQ_READ : test2\1a7683b6645f9b6a,0:14529,2016-12-14 13:29:16-183,2016-12-14 13:29:16-247
Success : LS : test1\f71b43c3136efa4f\c7d9912886e5ccc7\,0:-1,2016-12-14 13:29:17-973,2016-12-14 13:29:18-071
Success : LS : test2\a94a8fe5ccb19ba6\2a5bd02710e975a7\,0:-1,2016-12-14 13:29:19-241,2016-12-14 13:29:19-312
Success : LS : test1\f71b43c3136efa4f\c7d9912886e5ccc7\,0:-1,2016-12-14 13:29:19-824,2016-12-14 13:29:19-902
Success : LS : test1\f71b43c3136efa4f\9f93e73d6896cb7b\,0:-1,2016-12-14 13:29:20-406,2016-12-14 13:29:20-473
Success : LS : test1\c5a5e5562b038073\a39ea9c72a98de10\,0:-1,2016-12-14 13:29:20-550,2016-12-14 13:29:20-645
Success : LS : test2\a94a8fe5ccb19ba6\,0:-1,2016-12-14 13:29:22-376,2016-12-14 13:29:22-444
Success : SEQ_READ : test2\a94a8fe5ccb19ba6\4b6fcb2d521ef0fd,0:2291,2016-12-14 13:29:22-558,2016-12-14 13:29:22-625
Success : SEQ_READ : test2\6c33a983eec1b409,0:2291,2016-12-14 13:29:22-735,2016-12-14 13:29:22-801
Success : LS : test2\a94a8fe5ccb19ba6\,0:-1,2016-12-14 13:29:22-876,2016-12-14 13:29:22-940
Success : CREATE_FILE : test2\a94a8fe5ccb19ba6\783AEA834633542A,0:2580412,2016-12-14 13:29:23-554,2016-12-14 13:29:28-321
Success : SEQ_READ : test1\c5a5e5562b038073\a39ea9c72a98de10\41288c58009f7f6a,0:477,2016-12-14 13:29:28-410,2016-12-14 13:29:28-473
Success : SEQ_READ : test2\bc9c8ba7ff351f3e,0:217984,2016-12-14 13:29:28-554,2016-12-14 13:29:28-652
Success : LS : test2\a94a8fe5ccb19ba6\,0:-1,2016-12-14 13:29:28-777,2016-12-14 13:29:28-870
Success : CREATE_FILE : test2\a94a8fe5ccb19ba6\334477723F63D24C,0:554220,2016-12-14 13:29:28-956,2016-12-14 13:29:29-373
Success : LS : test1\f71b43c3136efa4f\52481749c0cdecd6\,0:-1,2016-12-14 13:29:29-452,2016-12-14 13:29:29-522
Fail : LS : test1,0:-1,2016-12-14 13:29:29-633,2016-12-14 13:29:29-634
Reason : java.lang.StringIndexOutOfBoundsException: String index out of range: -1
Success : LS : test2\a94a8fe5ccb19ba6\,0:-1,2016-12-14 13:29:29-746,2016-12-14 13:29:29-834
Success : CREATE_FILE : test2\a94a8fe5ccb19ba6\2a5bd02710e975a7\3DB3B45B3FF525BA,0:3123640,2016-12-14 13:29:29-925,2016-12-14 13:29:32-601
Success : LS : test2\a94a8fe5ccb19ba6\,0:-1,2016-12-14 13:29:32-720,2016-12-14 13:29:32-791
Success : LS : test2\a94a8fe5ccb19ba6\2a5bd02710e975a7\,0:-1,2016-12-14 13:29:32-875,2016-12-14 13:29:32-938
Success : CREATE_FILE : test2\a94a8fe5ccb19ba6\2a5bd02710e975a7\57865B8211DE859F,0:1874681,2016-12-14 13:29:33-023,2016-12-14 13:29:34-899
Success : LS : test2\a94a8fe5ccb19ba6\2a5bd02710e975a7\,0:-1,2016-12-14 13:29:35-026,2016-12-14 13:29:35-130
Success : CREATE_FILE : test2\a94a8fe5ccb19ba6\2a5bd02710e975a7\7CAEF07408350FF9,0:3882243,2016-12-14 13:29:35-227,2016-12-14 13:29:38-984
Success : LS : test2\a94a8fe5ccb19ba6\2a5bd02710e975a7\,0:-1,2016-12-14 13:29:39-104,2016-12-14 13:29:39-203
Success : CREATE_FILE : test2\a94a8fe5ccb19ba6\2a5bd02710e975a7\61E905B553B936A9,0:3796412,2016-12-14 13:29:39-327,2016-12-14 13:29:43-176
Success : SEQ_READ : test1\c5a5e5562b038073\6670af231c096f09,0:46,2016-12-14 13:29:43-304,2016-12-14 13:29:43-372
Success : LS : test1\c5a5e5562b038073\,0:-1,2016-12-14 13:29:43-449,2016-12-14 13:29:43-523
Success : SEQ_READ : test1\c5a5e5562b038073\68ad3077ff5a452a,0:383,2016-12-14 13:29:43-600,2016-12-14 13:29:43-663
Success : LS : test2\a94a8fe5ccb19ba6\2a5bd02710e975a7\,0:-1,2016-12-14 13:29:43-739,2016-12-14 13:29:43-815
Success : LS : test2\a94a8fe5ccb19ba6\,0:-1,2016-12-14 13:29:43-910,2016-12-14 13:29:43-993
Success : CREATE_FILE : test2\a94a8fe5ccb19ba6\2a5bd02710e975a7\61C70F8F43D7B8A6,0:3060079,2016-12-14 13:29:45-584,2016-12-14 13:29:48-336
Success : SEQ_READ : test1\c5a5e5562b038073\c7abaf0419c47a1d,0:762529,2016-12-14 13:29:48-513,2016-12-14 13:29:48-620
Success : LS : test2\a94a8fe5ccb19ba6\2a5bd02710e975a7\,0:-1,2016-12-14 13:29:48-711,2016-12-14 13:29:48-810
Fail : LS : test1,0:-1,2016-12-14 13:29:48-899,2016-12-14 13:29:48-899
Reason : java.lang.StringIndexOutOfBoundsException: String index out of range: -1
Success : CREATE_FILE : test2\a94a8fe5ccb19ba6\2a5bd02710e975a7\13BAEDA83BACB20E,0:3905086,2016-12-14 13:29:49-420,2016-12-14 13:29:53-056
Success : LS : test2\a94a8fe5ccb19ba6\2a5bd02710e975a7\,0:-1,2016-12-14 13:29:53-176,2016-12-14 13:29:53-251
Success : CREATE_FILE : test2\a94a8fe5ccb19ba6\2203A25C54D27E60,0:50349,2016-12-14 13:29:53-336,2016-12-14 13:29:53-531
Success : LS : test2\a94a8fe5ccb19ba6\,0:-1,2016-12-14 13:29:53-650,2016-12-14 13:29:53-723
Success : LS : test2\a94a8fe5ccb19ba6\,0:-1,2016-12-14 13:29:53-845,2016-12-14 13:29:53-942
Success : LS : test1\f71b43c3136efa4f\c7d9912886e5ccc7\,0:-1,2016-12-14 13:29:58-615,2016-12-14 13:29:58-694
Success : LS : test1\f71b43c3136efa4f\,0:-1,2016-12-14 13:30:02-826,2016-12-14 13:30:02-904
Success : LS : test1\f71b43c3136efa4f\c7d9912886e5ccc7\,0:-1,2016-12-14 13:30:06-272,2016-12-14 13:30:06-344
Success : SEQ_READ : test2\6c33a983eec1b409,0:2291,2016-12-14 13:30:06-581,2016-12-14 13:30:06-671
Success : SEQ_READ : test1\c5a5e5562b038073\a39ea9c72a98de10\f398de59988a85e5,0:6743,2016-12-14 13:30:06-780,2016-12-14 13:30:06-876
Success : LS : test1\f71b43c3136efa4f\83404ffd78f534ff\,0:-1,2016-12-14 13:30:07-313,2016-12-14 13:30:07-417
Success : CREATE_FILE : test2\a94a8fe5ccb19ba6\6D15D1CB67876EA8,0:2388089,2016-12-14 13:30:09-350,2016-12-14 13:30:11-367
Success : LS : test2\a94a8fe5ccb19ba6\,0:-1,2016-12-14 13:30:11-444,2016-12-14 13:30:11-519
Success : CREATE_FILE : test2\a94a8fe5ccb19ba6\2a5bd02710e975a7\2A4824E903243A10,0:399484,2016-12-14 13:30:11-675,2016-12-14 13:30:11-970
Success : LS : test2\a94a8fe5ccb19ba6\2a5bd02710e975a7\,0:-1,2016-12-14 13:30:12-096,2016-12-14 13:30:12-168
Success : LS : test1\f71b43c3136efa4f\83404ffd78f534ff\,0:-1,2016-12-14 13:30:13-300,2016-12-14 13:30:13-404
Success : SEQ_READ : test2\8da7cc13802eefe0,0:22987191,2016-12-14 13:30:15-333,2016-12-14 13:30:15-440
Success : LS : test2\a94a8fe5ccb19ba6\,0:-1,2016-12-14 13:30:16-294,2016-12-14 13:30:16-366
Success : CREATE_FILE : test2\a94a8fe5ccb19ba6\2a5bd02710e975a7\31FAD7F338FC0F68,0:2054614,2016-12-14 13:30:17-260,2016-12-14 13:30:19-074
Success : LS : test1\c5a5e5562b038073\,0:-1,2016-12-14 13:30:19-182,2016-12-14 13:30:19-285
Success : LS : test2\a94a8fe5ccb19ba6\2a5bd02710e975a7\,0:-1,2016-12-14 13:30:19-377,2016-12-14 13:30:19-482
Success : CREATE_FILE : test2\a94a8fe5ccb19ba6\7706240B023A4755,0:1759325,2016-12-14 13:30:21-962,2016-12-14 13:30:23-300
Success : LS : test2\a94a8fe5ccb19ba6\,0:-1,2016-12-14 13:30:23-397,2016-12-14 13:30:24-315
Fail : LS : test1,0:-1,2016-12-14 13:30:26-508,2016-12-14 13:30:26-508
Reason : java.lang.StringIndexOutOfBoundsException: String index out of range: -1
Success : LS : test1\f71b43c3136efa4f\c7d9912886e5ccc7\,0:-1,2016-12-14 13:30:26-914,2016-12-14 13:30:26-988
Success : SEQ_READ : test2\1a7683b6645f9b6a,0:14529,2016-12-14 13:30:27-271,2016-12-14 13:30:27-357
Success : LS : test1\f71b43c3136efa4f\9f93e73d6896cb7b\,0:-1,2016-12-14 13:30:30-871,2016-12-14 13:30:30-945
Success : LS : test1\f71b43c3136efa4f\c7d9912886e5ccc7\,0:-1,2016-12-14 13:30:31-550,2016-12-14 13:30:31-621
Success : CREATE_FILE : test2\a94a8fe5ccb19ba6\7BF263D419400511,0:2455250,2016-12-14 13:30:37-042,2016-12-14 13:30:39-090
Success : LS : test2\a94a8fe5ccb19ba6\,0:-1,2016-12-14 13:30:39-206,2016-12-14 13:30:39-331
Success : LS : test1\c5a5e5562b038073\a39ea9c72a98de10\,0:-1,2016-12-14 13:30:41-865,2016-12-14 13:30:41-937
Success : LS : test2\a94a8fe5ccb19ba6\2a5bd02710e975a7\,0:-1,2016-12-14 13:30:42-033,2016-12-14 13:30:42-097
Success : LS : test1\c5a5e5562b038073\a39ea9c72a98de10\,0:-1,2016-12-14 13:30:42-465,2016-12-14 13:30:42-539
Success : CREATE_FILE : test2\a94a8fe5ccb19ba6\2a5bd02710e975a7\4EE116AB34C43F61,0:3269227,2016-12-14 13:30:43-957,2016-12-14 13:30:47-087
Success : LS : test2\a94a8fe5ccb19ba6\2a5bd02710e975a7\,0:-1,2016-12-14 13:30:47-184,2016-12-14 13:30:47-255
Success : CREATE_FILE : test2\a94a8fe5ccb19ba6\7306C48D7AFFFF9F,0:2137101,2016-12-14 13:30:47-338,2016-12-14 13:30:49-170
Success : LS : test1\f71b43c3136efa4f\c7d9912886e5ccc7\,0:-1,2016-12-14 13:30:49-296,2016-12-14 13:30:49-386
Success : LS : test2\a94a8fe5ccb19ba6\2a5bd02710e975a7\,0:-1,2016-12-14 13:30:49-474,2016-12-14 13:30:49-557
Success : LS : test2\a94a8fe5ccb19ba6\,0:-1,2016-12-14 13:30:49-638,2016-12-14 13:30:49-717
Success : CREATE_FILE : test2\a94a8fe5ccb19ba6\2a5bd02710e975a7\086E66543BA2F61A,0:483709,2016-12-14 13:30:49-800,2016-12-14 13:30:51-067
Success : LS : test1\f71b43c3136efa4f\9f93e73d6896cb7b\,0:-1,2016-12-14 13:30:51-173,2016-12-14 13:30:51-241
Success : LS : test2\a94a8fe5ccb19ba6\2a5bd02710e975a7\,0:-1,2016-12-14 13:30:51-320,2016-12-14 13:30:51-390
Success : CREATE_FILE : test2\a94a8fe5ccb19ba6\2a5bd02710e975a7\3A4522FB6A5648E0,0:2795827,2016-12-14 13:30:51-514,2016-12-14 13:30:54-452
Success : LS : test2\a94a8fe5ccb19ba6\2a5bd02710e975a7\,0:-1,2016-12-14 13:30:54-560,2016-12-14 13:30:54-660
Success : CREATE_FILE : test2\a94a8fe5ccb19ba6\2DCD726A77585ACF,0:1199758,2016-12-14 13:30:54-814,2016-12-14 13:30:55-644
Success : LS : test2\a94a8fe5ccb19ba6\,0:-1,2016-12-14 13:30:55-757,2016-12-14 13:30:55-868
Success : CREATE_FILE : test2\a94a8fe5ccb19ba6\370DA21E641F86DF,0:1196920,2016-12-14 13:30:55-987,2016-12-14 13:30:56-786
Success : LS : test1\f71b43c3136efa4f\52481749c0cdecd6\,0:-1,2016-12-14 13:30:56-910,2016-12-14 13:30:56-985
Success : LS : test2\a94a8fe5ccb19ba6\,0:-1,2016-12-14 13:30:57-100,2016-12-14 13:30:57-177
Success : CREATE_FILE : test2\a94a8fe5ccb19ba6\3228257B10D89289,0:3938572,2016-12-14 13:30:57-304,2016-12-14 13:31:00-907
Success : LS : test2\a94a8fe5ccb19ba6\2a5bd02710e975a7\,0:-1,2016-12-14 13:31:01-031,2016-12-14 13:31:01-134
Success : LS : test2\a94a8fe5ccb19ba6\,0:-1,2016-12-14 13:31:01-256,2016-12-14 13:31:01-348
Success : LS : test2\a94a8fe5ccb19ba6\,0:-1,2016-12-14 13:31:01-735,2016-12-14 13:31:01-838
Success : SEQ_READ : test1\c5a5e5562b038073\b0c5d70d7f040bfa,0:17408,2016-12-14 13:31:03-790,2016-12-14 13:31:03-861
Success : CREATE_FILE : test2\a94a8fe5ccb19ba6\2a5bd02710e975a7\4B467B977AF100E2,0:4071193,2016-12-14 13:31:04-325,2016-12-14 13:31:08-153
Success : LS : test2\a94a8fe5ccb19ba6\2a5bd02710e975a7\,0:-1,2016-12-14 13:31:08-255,2016-12-14 13:31:08-325
Success : CREATE_FILE : test2\a94a8fe5ccb19ba6\2a5bd02710e975a7\7932E40569DC4A69,0:2766527,2016-12-14 13:31:08-409,2016-12-14 13:31:10-776
Success : LS : test2\a94a8fe5ccb19ba6\2a5bd02710e975a7\,0:-1,2016-12-14 13:31:10-900,2016-12-14 13:31:11-229
Success : CREATE_FILE : test2\a94a8fe5ccb19ba6\61CBF701452B7773,0:3727903,2016-12-14 13:31:11-654,2016-12-14 13:31:14-981
Success : LS : test2\a94a8fe5ccb19ba6\,0:-1,2016-12-14 13:31:15-105,2016-12-14 13:31:15-176
Success : CREATE_FILE : test2\a94a8fe5ccb19ba6\31723CE240E0A7E0,0:1634536,2016-12-14 13:31:15-285,2016-12-14 13:31:16-520
Success : LS : test2\a94a8fe5ccb19ba6\,0:-1,2016-12-14 13:31:16-626,2016-12-14 13:31:16-694
Success : LS : test1\f71b43c3136efa4f\52481749c0cdecd6\,0:-1,2016-12-14 13:31:16-820,2016-12-14 13:31:16-915
Success : LS : test2\a94a8fe5ccb19ba6\,0:-1,2016-12-14 13:31:17-030,2016-12-14 13:31:17-130
Success : CREATE_FILE : test2\a94a8fe5ccb19ba6\2a5bd02710e975a7\64445691483B75C8,0:1126967,2016-12-14 13:31:19-922,2016-12-14 13:31:20-805
Success : LS : test2\a94a8fe5ccb19ba6\2a5bd02710e975a7\,0:-1,2016-12-14 13:31:20-930,2016-12-14 13:31:21-004
Success : LS : test1\f71b43c3136efa4f\83404ffd78f534ff\,0:-1,2016-12-14 13:31:21-087,2016-12-14 13:31:21-149
Success : SEQ_READ : test1\c5a5e5562b038073\767c14c8beb1e835,0:3818496,2016-12-14 13:31:22-143,2016-12-14 13:31:22-251
Fail : LS : test1,0:-1,2016-12-14 13:31:25-707,2016-12-14 13:31:25-707
Reason : java.lang.StringIndexOutOfBoundsException: String index out of range: -1
Success : CREATE_FILE : test2\a94a8fe5ccb19ba6\2a5bd02710e975a7\57D88D0C1BA8F2CF,0:1388598,2016-12-14 13:31:26-985,2016-12-14 13:31:28-154
Success : LS : test2\a94a8fe5ccb19ba6\2a5bd02710e975a7\,0:-1,2016-12-14 13:31:28-292,2016-12-14 13:31:28-372
Success : LS : test2\a94a8fe5ccb19ba6\2a5bd02710e975a7\,0:-1,2016-12-14 13:31:28-496,2016-12-14 13:31:28-566
Success : LS : test1\f71b43c3136efa4f\83404ffd78f534ff\,0:-1,2016-12-14 13:31:29-236,2016-12-14 13:31:29-305
Success : CREATE_FILE : test2\a94a8fe5ccb19ba6\5D9EBB6C6B514748,0:3290787,2016-12-14 13:31:29-748,2016-12-14 13:31:32-940
Success : LS : test2\a94a8fe5ccb19ba6\,0:-1,2016-12-14 13:31:33-055,2016-12-14 13:31:33-153
Success : CREATE_FILE : test2\a94a8fe5ccb19ba6\3E6FB3511FDB8BBF,0:2705368,2016-12-14 13:31:33-280,2016-12-14 13:31:36-103
Success : LS : test2\a94a8fe5ccb19ba6\,0:-1,2016-12-14 13:31:36-230,2016-12-14 13:31:36-333
Success : LS : test2\a94a8fe5ccb19ba6\,0:-1,2016-12-14 13:31:36-441,2016-12-14 13:31:36-513
Success : CREATE_FILE : test2\a94a8fe5ccb19ba6\2a5bd02710e975a7\5B92DC9E5E838A76,0:244470,2016-12-14 13:31:36-589,2016-12-14 13:31:36-847
Success : LS : test2\a94a8fe5ccb19ba6\,0:-1,2016-12-14 13:31:36-966,2016-12-14 13:31:37-073
Success : SEQ_READ : test2\1a7683b6645f9b6a,0:14529,2016-12-14 13:31:37-165,2016-12-14 13:31:37-268
Success : LS : test2\a94a8fe5ccb19ba6\2a5bd02710e975a7\,0:-1,2016-12-14 13:31:37-358,2016-12-14 13:31:37-465
Success : CREATE_FILE : test2\a94a8fe5ccb19ba6\2a5bd02710e975a7\16074BAD68C986DE,0:2643313,2016-12-14 13:31:37-555,2016-12-14 13:31:39-690
Success : LS : test1\c5a5e5562b038073\,0:-1,2016-12-14 13:31:39-815,2016-12-14 13:31:39-892
Success : LS : test2\a94a8fe5ccb19ba6\,0:-1,2016-12-14 13:31:39-998,2016-12-14 13:31:40-063
Success : LS : test2\a94a8fe5ccb19ba6\2a5bd02710e975a7\,0:-1,2016-12-14 13:31:40-157,2016-12-14 13:31:40-220
Success : CREATE_FILE : test2\a94a8fe5ccb19ba6\568688233886A7CE,0:3480865,2016-12-14 13:31:40-338,2016-12-14 13:31:43-420
Success : LS : test2\a94a8fe5ccb19ba6\,0:-1,2016-12-14 13:31:43-545,2016-12-14 13:31:43-618
Success : CREATE_FILE : test2\a94a8fe5ccb19ba6\1ADF29FD26394C54,0:2869051,2016-12-14 13:31:43-698,2016-12-14 13:31:46-231
Success : LS : test2\a94a8fe5ccb19ba6\,0:-1,2016-12-14 13:31:46-351,2016-12-14 13:31:46-457
Success : CREATE_FILE : test2\a94a8fe5ccb19ba6\2a5bd02710e975a7\507130824AB37D9C,0:3964713,2016-12-14 13:31:46-551,2016-12-14 13:31:50-160
Success : SEQ_READ : test2\bc9c8ba7ff351f3e,0:217984,2016-12-14 13:31:50-267,2016-12-14 13:31:50-337
Success : LS : test2\a94a8fe5ccb19ba6\2a5bd02710e975a7\,0:-1,2016-12-14 13:31:50-424,2016-12-14 13:31:50-492
Success : CREATE_FILE : test2\a94a8fe5ccb19ba6\2a5bd02710e975a7\0342CF786BB0CFD6,0:3258896,2016-12-14 13:31:50-567,2016-12-14 13:31:54-030
Success : LS : test2\a94a8fe5ccb19ba6\,0:-1,2016-12-14 13:31:54-149,2016-12-14 13:31:54-234
Success : LS : test1\c5a5e5562b038073\,0:-1,2016-12-14 13:31:54-317,2016-12-14 13:31:54-380
Success : LS : test2\a94a8fe5ccb19ba6\2a5bd02710e975a7\,0:-1,2016-12-14 13:31:54-481,2016-12-14 13:31:54-547
Success : CREATE_FILE : test2\a94a8fe5ccb19ba6\2a5bd02710e975a7\48E6EB1B1213C506,0:2625491,2016-12-14 13:31:54-622,2016-12-14 13:31:56-844
Success : LS : test2\a94a8fe5ccb19ba6\2a5bd02710e975a7\,0:-1,2016-12-14 13:31:56-967,2016-12-14 13:31:57-074
Success : CREATE_FILE : test2\a94a8fe5ccb19ba6\473729957AE64D17,0:3816267,2016-12-14 13:31:57-165,2016-12-14 13:32:00-811
Success : LS : test2\a94a8fe5ccb19ba6\,0:-1,2016-12-14 13:32:00-925,2016-12-14 13:32:01-003
Success : CREATE_FILE : test2\a94a8fe5ccb19ba6\2a5bd02710e975a7\4E1C818A72629B8E,0:3567420,2016-12-14 13:32:01-084,2016-12-14 13:32:05-676
Success : LS : test2\a94a8fe5ccb19ba6\,0:-1,2016-12-14 13:32:05-790,2016-12-14 13:32:05-953
Success : LS : test2\a94a8fe5ccb19ba6\2a5bd02710e975a7\,0:-1,2016-12-14 13:32:06-077,2016-12-14 13:32:06-151
Success : CREATE_FILE : test2\a94a8fe5ccb19ba6\2a5bd02710e975a7\415C12C51D8F4875,0:1634962,2016-12-14 13:32:06-269,2016-12-14 13:32:07-531
Success : LS : test1\f71b43c3136efa4f\83404ffd78f534ff\,0:-1,2016-12-14 13:32:07-657,2016-12-14 13:32:07-732
Success : LS : test1\f71b43c3136efa4f\9f93e73d6896cb7b\,0:-1,2016-12-14 13:32:07-812,2016-12-14 13:32:07-877
Success : LS : test2\a94a8fe5ccb19ba6\2a5bd02710e975a7\,0:-1,2016-12-14 13:32:07-952,2016-12-14 13:32:08-023
Success : CREATE_FILE : test2\a94a8fe5ccb19ba6\2a5bd02710e975a7\63D022577B0EA9B7,0:1216377,2016-12-14 13:32:08-136,2016-12-14 13:32:08-827
Success : LS : test2\a94a8fe5ccb19ba6\2a5bd02710e975a7\,0:-1,2016-12-14 13:32:08-948,2016-12-14 13:32:09-023
Success : CREATE_FILE : test2\a94a8fe5ccb19ba6\552B6B1975501C3C,0:3978285,2016-12-14 13:32:10-366,2016-12-14 13:32:14-074
Fail : LS : test1,0:-1,2016-12-14 13:32:14-198,2016-12-14 13:32:14-198
Reason : java.lang.StringIndexOutOfBoundsException: String index out of range: -1
Success : LS : test2\a94a8fe5ccb19ba6\,0:-1,2016-12-14 13:32:14-342,2016-12-14 13:32:14-412
Success : CREATE_FILE : test2\a94a8fe5ccb19ba6\2DF6BCC927583E02,0:2149991,2016-12-14 13:32:14-494,2016-12-14 13:32:16-251
Success : SEQ_READ : test1\f71b43c3136efa4f\c7d9912886e5ccc7\6670af231c096f09,0:129,2016-12-14 13:32:16-366,2016-12-14 13:32:16-434
Success : LS : test2\a94a8fe5ccb19ba6\,0:-1,2016-12-14 13:32:16-549,2016-12-14 13:32:16-625
Success : SEQ_READ : test1\c5a5e5562b038073\a39ea9c72a98de10\4a90c52e52d54ede,0:1048,2016-12-14 13:32:16-884,2016-12-14 13:32:16-953
Success : CREATE_FILE : test2\a94a8fe5ccb19ba6\75BD5AEB1F1134B7,0:2989507,2016-12-14 13:32:17-393,2016-12-14 13:32:20-016
Success : LS : test2\a94a8fe5ccb19ba6\,0:-1,2016-12-14 13:32:20-147,2016-12-14 13:32:20-229
Success : CREATE_FILE : test2\a94a8fe5ccb19ba6\2a5bd02710e975a7\36F9EB6722BE0D63,0:2954660,2016-12-14 13:32:20-315,2016-12-14 13:32:22-989
Success : LS : test2\a94a8fe5ccb19ba6\,0:-1,2016-12-14 13:32:23-109,2016-12-14 13:32:23-189
Success : LS : test2\a94a8fe5ccb19ba6\,0:-1,2016-12-14 13:32:23-278,2016-12-14 13:32:23-355
Success : LS : test2\a94a8fe5ccb19ba6\2a5bd02710e975a7\,0:-1,2016-12-14 13:32:23-447,2016-12-14 13:32:23-514
Fail : LS : test1,0:-1,2016-12-14 13:32:23-857,2016-12-14 13:32:23-857
Reason : java.lang.StringIndexOutOfBoundsException: String index out of range: -1
Success : CREATE_FILE : test2\a94a8fe5ccb19ba6\2a5bd02710e975a7\74D38129026DE44C,0:1949772,2016-12-14 13:32:25-073,2016-12-14 13:32:26-720
Success : LS : test1\f71b43c3136efa4f\,0:-1,2016-12-14 13:32:26-846,2016-12-14 13:32:26-920
Success : LS : test2\a94a8fe5ccb19ba6\2a5bd02710e975a7\,0:-1,2016-12-14 13:32:26-996,2016-12-14 13:32:27-066
Fail : LS : test1,0:-1,2016-12-14 13:32:29-103,2016-12-14 13:32:29-104
Reason : java.lang.StringIndexOutOfBoundsException: String index out of range: -1
Success : LS : test2\a94a8fe5ccb19ba6\2a5bd02710e975a7\,0:-1,2016-12-14 13:32:29-195,2016-12-14 13:32:29-265
Success : LS : test2\a94a8fe5ccb19ba6\2a5bd02710e975a7\,0:-1,2016-12-14 13:32:33-350,2016-12-14 13:32:33-442
Fail : LS : test1,0:-1,2016-12-14 13:32:37-855,2016-12-14 13:32:37-856
Reason : java.lang.StringIndexOutOfBoundsException: String index out of range: -1
Success : LS : test1\c5a5e5562b038073\a39ea9c72a98de10\,0:-1,2016-12-14 13:32:40-099,2016-12-14 13:32:40-170
Success : SEQ_READ : test1\f71b43c3136efa4f\c7d9912886e5ccc7\6670af231c096f09,0:129,2016-12-14 13:32:40-468,2016-12-14 13:32:40-557
Success : CREATE_FILE : test2\a94a8fe5ccb19ba6\66C8F7DF05360DFC,0:2133343,2016-12-14 13:32:41-053,2016-12-14 13:32:43-018
Success : LS : test2\a94a8fe5ccb19ba6\,0:-1,2016-12-14 13:32:43-135,2016-12-14 13:32:43-212
Success : LS : test1\c5a5e5562b038073\0189424a5a60fed3\,0:-1,2016-12-14 13:32:48-972,2016-12-14 13:32:49-078
Success : CREATE_FILE : test2\a94a8fe5ccb19ba6\2a5bd02710e975a7\6BB77D7500388BEE,0:3302131,2016-12-14 13:32:50-167,2016-12-14 13:32:53-117
Success : LS : test1\c5a5e5562b038073\a39ea9c72a98de10\,0:-1,2016-12-14 13:32:53-254,2016-12-14 13:32:53-326
Success : LS : test2\a94a8fe5ccb19ba6\2a5bd02710e975a7\,0:-1,2016-12-14 13:32:53-411,2016-12-14 13:32:53-481
Success : CREATE_FILE : test2\a94a8fe5ccb19ba6\2a5bd02710e975a7\60698AF54A3A562F,0:1639962,2016-12-14 13:32:53-574,2016-12-14 13:32:55-456
Success : LS : test2\a94a8fe5ccb19ba6\,0:-1,2016-12-14 13:32:55-567,2016-12-14 13:32:55-644
Success : LS : test2\a94a8fe5ccb19ba6\2a5bd02710e975a7\,0:-1,2016-12-14 13:32:55-721,2016-12-14 13:32:55-784
Success : LS : test1\f71b43c3136efa4f\9f93e73d6896cb7b\,0:-1,2016-12-14 13:32:57-926,2016-12-14 13:32:58-001
Success : CREATE_FILE : test2\a94a8fe5ccb19ba6\4934AEBD21F6200A,0:712464,2016-12-14 13:33:01-078,2016-12-14 13:33:01-532
Success : LS : test2\a94a8fe5ccb19ba6\,0:-1,2016-12-14 13:33:01-660,2016-12-14 13:33:01-752
Success : CREATE_FILE : test2\a94a8fe5ccb19ba6\2a5bd02710e975a7\326A0DFA567B634D,0:3826836,2016-12-14 13:33:01-871,2016-12-14 13:33:06-069
Success : LS : test2\a94a8fe5ccb19ba6\2a5bd02710e975a7\,0:-1,2016-12-14 13:33:06-182,2016-12-14 13:33:06-262
Success : CREATE_FILE : test2\a94a8fe5ccb19ba6\3337A73801A709D6,0:178970,2016-12-14 13:33:06-344,2016-12-14 13:33:06-630
Success : LS : test1\f71b43c3136efa4f\c7d9912886e5ccc7\,0:-1,2016-12-14 13:33:06-748,2016-12-14 13:33:06-845
Success : LS : test2\a94a8fe5ccb19ba6\,0:-1,2016-12-14 13:33:06-939,2016-12-14 13:33:07-050
Success : CREATE_FILE : test2\a94a8fe5ccb19ba6\76AAAB0858D0EA98,0:2165851,2016-12-14 13:33:07-168,2016-12-14 13:33:08-876
Success : SEQ_READ : test2\a94a8fe5ccb19ba6\2a5bd02710e975a7\3eef580036f1724a,0:257,2016-12-14 13:33:08-991,2016-12-14 13:33:09-077
Success : LS : test2\a94a8fe5ccb19ba6\,0:-1,2016-12-14 13:33:09-174,2016-12-14 13:33:09-253
Success : SEQ_READ : test2\bc9c8ba7ff351f3e,0:217984,2016-12-14 13:33:09-355,2016-12-14 13:33:09-463
Success : LS : test2\a94a8fe5ccb19ba6\,0:-1,2016-12-14 13:33:09-572,2016-12-14 13:33:09-670
Fail : LS : test1,0:-1,2016-12-14 13:33:09-759,2016-12-14 13:33:09-760
Reason : java.lang.StringIndexOutOfBoundsException: String index out of range: -1
Success : LS : test2\a94a8fe5ccb19ba6\2a5bd02710e975a7\,0:-1,2016-12-14 13:33:10-963,2016-12-14 13:33:11-052
Success : CREATE_FILE : test2\a94a8fe5ccb19ba6\10DC6CB2494079A4,0:4067919,2016-12-14 13:33:11-465,2016-12-14 13:33:15-181
Success : LS : test1\f71b43c3136efa4f\52481749c0cdecd6\,0:-1,2016-12-14 13:33:15-308,2016-12-14 13:33:15-379
Success : LS : test2\a94a8fe5ccb19ba6\,0:-1,2016-12-14 13:33:15-457,2016-12-14 13:33:15-522
Success : LS : test2\a94a8fe5ccb19ba6\,0:-1,2016-12-14 13:33:15-598,2016-12-14 13:33:15-686
Success : CREATE_FILE : test2\a94a8fe5ccb19ba6\6D9FA156343E9814,0:377161,2016-12-14 13:33:15-778,2016-12-14 13:33:16-028
Success : LS : test1\f71b43c3136efa4f\9f93e73d6896cb7b\,0:-1,2016-12-14 13:33:16-150,2016-12-14 13:33:16-254
Success : LS : test2\a94a8fe5ccb19ba6\2a5bd02710e975a7\,0:-1,2016-12-14 13:33:16-358,2016-12-14 13:33:16-426
Success : LS : test2\a94a8fe5ccb19ba6\,0:-1,2016-12-14 13:33:16-543,2016-12-14 13:33:16-614
Fail : LS : test1,0:-1,2016-12-14 13:33:18-111,2016-12-14 13:33:18-111
Reason : java.lang.StringIndexOutOfBoundsException: String index out of range: -1
Success : CREATE_FILE : test2\a94a8fe5ccb19ba6\65B2AF09103054AB,0:3129569,2016-12-14 13:33:22-359,2016-12-14 13:33:25-280
Success : LS : test2\a94a8fe5ccb19ba6\,0:-1,2016-12-14 13:33:25-386,2016-12-14 13:33:25-471
Success : LS : test2\a94a8fe5ccb19ba6\,0:-1,2016-12-14 13:33:25-554,2016-12-14 13:33:25-631
Success : CREATE_FILE : test2\a94a8fe5ccb19ba6\7141FE9A77A3E1E0,0:2074570,2016-12-14 13:33:25-713,2016-12-14 13:33:27-778
Success : SEQ_READ : test2\a94a8fe5ccb19ba6\2a5bd02710e975a7\254d76d2609fec03,0:2291,2016-12-14 13:33:27-895,2016-12-14 13:33:27-961
Success : LS : test2\a94a8fe5ccb19ba6\,0:-1,2016-12-14 13:33:28-082,2016-12-14 13:33:28-197
Success : LS : test1\f71b43c3136efa4f\52481749c0cdecd6\,0:-1,2016-12-14 13:33:28-298,2016-12-14 13:33:28-537
Success : LS : test1\f71b43c3136efa4f\9f93e73d6896cb7b\,0:-1,2016-12-14 13:33:28-662,2016-12-14 13:33:28-736
Success : SEQ_READ : test1\c5a5e5562b038073\f72cdbcd84f047a5,0:17893,2016-12-14 13:33:28-842,2016-12-14 13:33:28-910
Success : LS : test2\a94a8fe5ccb19ba6\,0:-1,2016-12-14 13:33:28-988,2016-12-14 13:33:29-078
Success : LS : test1\f71b43c3136efa4f\,0:-1,2016-12-14 13:33:31-740,2016-12-14 13:33:31-845
