Fail : DELETE : test2\bc9c8ba7ff351f3e,0:217984,2016-12-02 17:04:38-610,2016-12-02 17:04:38-767
Reason : hadoop4j.NoImplementionException: not supported by openstack
Fail : LS : test2,0:-1,2016-12-02 17:04:38-867,2016-12-02 17:04:38-867
Reason : java.lang.StringIndexOutOfBoundsException: String index out of range: -2
Fail : DELETE : test2\a94a8fe5ccb19ba6\2a5bd02710e975a7\178db47a574c645f,0:257,2016-12-02 17:04:38-950,2016-12-02 17:04:39-015
Reason : hadoop4j.NoImplementionException: not supported by openstack
Fail : LS : test2\a94a8fe5ccb19ba6\2a5bd02710e975a7\,0:-1,2016-12-02 17:04:39-092,2016-12-02 17:04:39-166
Reason : hadoop4j.NoImplementionException: not supported by openstack
Success : CREATE_FILE : test2\a94a8fe5ccb19ba6\2a5bd02710e975a7\20136CBE31977B37,0:0,2016-12-02 17:04:39-253,2016-12-02 17:04:39-720
Fail : LS : test2\a94a8fe5ccb19ba6\2a5bd02710e975a7\,0:-1,2016-12-02 17:04:39-847,2016-12-02 17:04:39-921
Reason : hadoop4j.NoImplementionException: not supported by openstack
Fail : DELETE : test2\6c33a983eec1b409,0:2291,2016-12-02 17:04:40-021,2016-12-02 17:04:40-089
Reason : hadoop4j.NoImplementionException: not supported by openstack
Fail : LS : test2,0:-1,2016-12-02 17:04:40-175,2016-12-02 17:04:40-175
Reason : java.lang.StringIndexOutOfBoundsException: String index out of range: -2
Success : CREATE_FILE : test2\a94a8fe5ccb19ba6\ 42814B952C2E3D5,0:0,2016-12-02 17:04:40-253,2016-12-02 17:04:40-730
Fail : LS : test2\a94a8fe5ccb19ba6\,0:-1,2016-12-02 17:04:40-862,2016-12-02 17:04:40-966
Reason : hadoop4j.NoImplementionException: not supported by openstack
Fail : DELETE : test2\8da7cc13802eefe0,0:2291,2016-12-02 17:04:41-059,2016-12-02 17:04:41-123
Reason : hadoop4j.NoImplementionException: not supported by openstack
Fail : LS : test2,0:-1,2016-12-02 17:04:41-202,2016-12-02 17:04:41-202
Reason : java.lang.StringIndexOutOfBoundsException: String index out of range: -2
Success : CREATE_FILE : test2\a94a8fe5ccb19ba6\ 17D61702353B09A,0:0,2016-12-02 17:04:41-280,2016-12-02 17:04:41-654
Fail : LS : test2\a94a8fe5ccb19ba6\,0:-1,2016-12-02 17:04:41-773,2016-12-02 17:04:41-845
Reason : hadoop4j.NoImplementionException: not supported by openstack
Success : CREATE_FILE : test2\a94a8fe5ccb19ba6\2a5bd02710e975a7\3BC725CC75900CC3,0:0,2016-12-02 17:04:41-929,2016-12-02 17:04:42-335
Fail : LS : test2\a94a8fe5ccb19ba6\2a5bd02710e975a7\,0:-1,2016-12-02 17:04:42-467,2016-12-02 17:04:42-544
Reason : hadoop4j.NoImplementionException: not supported by openstack
Success : CREATE_FILE : test2\a94a8fe5ccb19ba6\2a5bd02710e975a7\3024082036B5222A,0:0,2016-12-02 17:04:42-623,2016-12-02 17:04:43-042
Fail : LS : test2\a94a8fe5ccb19ba6\2a5bd02710e975a7\,0:-1,2016-12-02 17:04:43-125,2016-12-02 17:04:43-314
Reason : hadoop4j.NoImplementionException: not supported by openstack
Fail : DELETE : test2\acde102dac5bbe15,0:6030,2016-12-02 17:04:43-400,2016-12-02 17:04:43-505
Reason : hadoop4j.NoImplementionException: not supported by openstack
Fail : LS : test2,0:-1,2016-12-02 17:04:43-632,2016-12-02 17:04:43-632
Reason : java.lang.StringIndexOutOfBoundsException: String index out of range: -2
Success : CREATE_FILE : test2\a94a8fe5ccb19ba6\593AE4EC382B2AD7,0:0,2016-12-02 17:04:44-357,2016-12-02 17:04:44-858
Fail : LS : test2\a94a8fe5ccb19ba6\,0:-1,2016-12-02 17:04:44-987,2016-12-02 17:04:45-059
Reason : hadoop4j.NoImplementionException: not supported by openstack
Success : CREATE_FILE : test2\a94a8fe5ccb19ba6\2a5bd02710e975a7\643A07DC6A2D0442,0:0,2016-12-02 17:04:45-202,2016-12-02 17:04:45-634
Fail : LS : test2\a94a8fe5ccb19ba6\2a5bd02710e975a7\,0:-1,2016-12-02 17:04:45-761,2016-12-02 17:04:45-846
Reason : hadoop4j.NoImplementionException: not supported by openstack
Success : CREATE_FILE : test2\a94a8fe5ccb19ba6\169322AE6E3D7255,0:0,2016-12-02 17:04:45-935,2016-12-02 17:04:46-313
Fail : LS : test2\a94a8fe5ccb19ba6\,0:-1,2016-12-02 17:04:46-446,2016-12-02 17:04:46-536
Reason : hadoop4j.NoImplementionException: not supported by openstack
Success : CREATE_FILE : test2\a94a8fe5ccb19ba6\ E344CE45FCCA011,0:0,2016-12-02 17:04:46-624,2016-12-02 17:04:47-320
Fail : LS : test2\a94a8fe5ccb19ba6\,0:-1,2016-12-02 17:04:47-452,2016-12-02 17:04:47-530
Reason : hadoop4j.NoImplementionException: not supported by openstack
Success : CREATE_FILE : test2\a94a8fe5ccb19ba6\2BB658B92C501967,0:0,2016-12-02 17:04:47-619,2016-12-02 17:04:48-018
Fail : LS : test2\a94a8fe5ccb19ba6\,0:-1,2016-12-02 17:04:48-145,2016-12-02 17:04:48-249
Reason : hadoop4j.NoImplementionException: not supported by openstack
Fail : DELETE : test2\a94a8fe5ccb19ba6\4b6fcb2d521ef0fd,0:2291,2016-12-02 17:04:48-358,2016-12-02 17:04:48-425
Reason : hadoop4j.NoImplementionException: not supported by openstack
Fail : LS : test2\a94a8fe5ccb19ba6\,0:-1,2016-12-02 17:04:48-544,2016-12-02 17:04:48-649
Reason : hadoop4j.NoImplementionException: not supported by openstack
Success : DELETE : test2\a94a8fe5ccb19ba6\ 42814B952C2E3D5,0:0,2016-12-02 17:04:48-743,2016-12-02 17:04:48-989
Fail : LS : test2\a94a8fe5ccb19ba6\,0:-1,2016-12-02 17:04:49-085,2016-12-02 17:04:49-160
Reason : hadoop4j.NoImplementionException: not supported by openstack
Success : CREATE_FILE : test2\a94a8fe5ccb19ba6\3404F21944AF6717,0:0,2016-12-02 17:04:49-249,2016-12-02 17:04:49-666
Fail : LS : test2\a94a8fe5ccb19ba6\,0:-1,2016-12-02 17:04:49-795,2016-12-02 17:04:49-869
Reason : hadoop4j.NoImplementionException: not supported by openstack
Fail : DELETE : test2\a94a8fe5ccb19ba6\2a5bd02710e975a7\3eef580036f1724a,0:257,2016-12-02 17:04:49-971,2016-12-02 17:04:50-037
Reason : hadoop4j.NoImplementionException: not supported by openstack
Fail : LS : test2\a94a8fe5ccb19ba6\2a5bd02710e975a7\,0:-1,2016-12-02 17:04:50-148,2016-12-02 17:04:50-217
Reason : hadoop4j.NoImplementionException: not supported by openstack
Success : CREATE_FILE : test2\a94a8fe5ccb19ba6\79F5DD2B5EC5F287,0:0,2016-12-02 17:04:50-329,2016-12-02 17:04:50-794
Fail : LS : test2\a94a8fe5ccb19ba6\,0:-1,2016-12-02 17:04:50-911,2016-12-02 17:04:51-018
Reason : hadoop4j.NoImplementionException: not supported by openstack
Success : DELETE : test2\a94a8fe5ccb19ba6\2a5bd02710e975a7\643A07DC6A2D0442,0:0,2016-12-02 17:04:51-112,2016-12-02 17:04:51-221
Fail : LS : test2\a94a8fe5ccb19ba6\2a5bd02710e975a7\,0:-1,2016-12-02 17:04:51-350,2016-12-02 17:04:51-458
Reason : hadoop4j.NoImplementionException: not supported by openstack
Success : DELETE : test2\a94a8fe5ccb19ba6\3404F21944AF6717,0:0,2016-12-02 17:04:51-586,2016-12-02 17:04:51-718
Fail : LS : test2\a94a8fe5ccb19ba6\,0:-1,2016-12-02 17:04:51-811,2016-12-02 17:04:51-880
Reason : hadoop4j.NoImplementionException: not supported by openstack
Success : CREATE_FILE : test2\a94a8fe5ccb19ba6\61D3AC17710A9F0A,0:0,2016-12-02 17:04:51-971,2016-12-02 17:04:52-354
Fail : LS : test2\a94a8fe5ccb19ba6\,0:-1,2016-12-02 17:04:52-478,2016-12-02 17:04:52-562
Reason : hadoop4j.NoImplementionException: not supported by openstack
Success : CREATE_FILE : test2\a94a8fe5ccb19ba6\2a5bd02710e975a7\226EAD8853F273D1,0:0,2016-12-02 17:04:52-683,2016-12-02 17:04:53-108
Fail : LS : test2\a94a8fe5ccb19ba6\2a5bd02710e975a7\,0:-1,2016-12-02 17:04:53-252,2016-12-02 17:04:53-326
Reason : hadoop4j.NoImplementionException: not supported by openstack
Success : DELETE : test2\a94a8fe5ccb19ba6\2a5bd02710e975a7\3024082036B5222A,0:0,2016-12-02 17:04:53-450,2016-12-02 17:04:53-582
Fail : LS : test2\a94a8fe5ccb19ba6\2a5bd02710e975a7\,0:-1,2016-12-02 17:04:53-709,2016-12-02 17:04:53-789
Reason : hadoop4j.NoImplementionException: not supported by openstack
Success : CREATE_FILE : test2\a94a8fe5ccb19ba6\2681A1FE7AD53C31,0:0,2016-12-02 17:04:53-872,2016-12-02 17:04:54-262
Fail : LS : test2\a94a8fe5ccb19ba6\,0:-1,2016-12-02 17:04:54-377,2016-12-02 17:04:54-485
Reason : hadoop4j.NoImplementionException: not supported by openstack
Success : CREATE_FILE : test2\a94a8fe5ccb19ba6\7F075C524412C797,0:0,2016-12-02 17:04:54-619,2016-12-02 17:04:55-141
Fail : LS : test2\a94a8fe5ccb19ba6\,0:-1,2016-12-02 17:04:55-259,2016-12-02 17:04:55-333
Reason : hadoop4j.NoImplementionException: not supported by openstack
Success : CREATE_FILE : test2\a94a8fe5ccb19ba6\ BED260473593A35,0:0,2016-12-02 17:04:55-439,2016-12-02 17:04:55-902
Fail : LS : test2\a94a8fe5ccb19ba6\,0:-1,2016-12-02 17:04:56-028,2016-12-02 17:04:56-146
Reason : hadoop4j.NoImplementionException: not supported by openstack
Success : DELETE : test2\a94a8fe5ccb19ba6\7F075C524412C797,0:0,2016-12-02 17:04:56-268,2016-12-02 17:04:56-395
Fail : LS : test2\a94a8fe5ccb19ba6\,0:-1,2016-12-02 17:04:56-523,2016-12-02 17:04:56-601
Reason : hadoop4j.NoImplementionException: not supported by openstack
Success : CREATE_FILE : test2\a94a8fe5ccb19ba6\6136BB5F2F1FEB4D,0:0,2016-12-02 17:04:56-713,2016-12-02 17:04:57-097
Fail : LS : test2\a94a8fe5ccb19ba6\,0:-1,2016-12-02 17:04:57-225,2016-12-02 17:04:57-298
Reason : hadoop4j.NoImplementionException: not supported by openstack
Success : CREATE_FILE : test2\a94a8fe5ccb19ba6\2a5bd02710e975a7\69B22DDC7E55B7C8,0:0,2016-12-02 17:04:57-406,2016-12-02 17:04:57-835
Fail : LS : test2\a94a8fe5ccb19ba6\2a5bd02710e975a7\,0:-1,2016-12-02 17:04:57-935,2016-12-02 17:04:58-007
Reason : hadoop4j.NoImplementionException: not supported by openstack
Success : CREATE_FILE : test2\a94a8fe5ccb19ba6\2a5bd02710e975a7\73456DE234378A33,0:0,2016-12-02 17:04:58-094,2016-12-02 17:04:58-464
Fail : LS : test2\a94a8fe5ccb19ba6\2a5bd02710e975a7\,0:-1,2016-12-02 17:04:58-604,2016-12-02 17:04:58-701
Reason : hadoop4j.NoImplementionException: not supported by openstack
Success : CREATE_FILE : test2\a94a8fe5ccb19ba6\208635AB2374D22E,0:0,2016-12-02 17:04:58-828,2016-12-02 17:04:59-245
Fail : LS : test2\a94a8fe5ccb19ba6\,0:-1,2016-12-02 17:04:59-365,2016-12-02 17:04:59-470
Reason : hadoop4j.NoImplementionException: not supported by openstack
Success : CREATE_FILE : test2\a94a8fe5ccb19ba6\15B20D266A3D9D35,0:0,2016-12-02 17:04:59-577,2016-12-02 17:04:59-958
Fail : LS : test2\a94a8fe5ccb19ba6\,0:-1,2016-12-02 17:05:00-085,2016-12-02 17:05:00-167
Reason : hadoop4j.NoImplementionException: not supported by openstack
Success : DELETE : test2\a94a8fe5ccb19ba6\ BED260473593A35,0:0,2016-12-02 17:05:00-292,2016-12-02 17:05:00-452
Fail : LS : test2\a94a8fe5ccb19ba6\,0:-1,2016-12-02 17:05:00-578,2016-12-02 17:05:00-649
Reason : hadoop4j.NoImplementionException: not supported by openstack
Success : DELETE : test2\a94a8fe5ccb19ba6\79F5DD2B5EC5F287,0:0,2016-12-02 17:05:00-729,2016-12-02 17:05:00-835
Fail : LS : test2\a94a8fe5ccb19ba6\,0:-1,2016-12-02 17:05:00-923,2016-12-02 17:05:00-994
Reason : hadoop4j.NoImplementionException: not supported by openstack
Success : DELETE : test2\a94a8fe5ccb19ba6\2a5bd02710e975a7\73456DE234378A33,0:0,2016-12-02 17:05:01-079,2016-12-02 17:05:01-217
Fail : LS : test2\a94a8fe5ccb19ba6\2a5bd02710e975a7\,0:-1,2016-12-02 17:05:01-332,2016-12-02 17:05:01-433
Reason : hadoop4j.NoImplementionException: not supported by openstack
Success : DELETE : test2\a94a8fe5ccb19ba6\2681A1FE7AD53C31,0:0,2016-12-02 17:05:01-560,2016-12-02 17:05:01-688
Fail : LS : test2\a94a8fe5ccb19ba6\,0:-1,2016-12-02 17:05:01-797,2016-12-02 17:05:01-868
Reason : hadoop4j.NoImplementionException: not supported by openstack
Success : CREATE_FILE : test2\a94a8fe5ccb19ba6\5CBF08E258495286,0:0,2016-12-02 17:05:01-991,2016-12-02 17:05:02-376
Fail : LS : test2\a94a8fe5ccb19ba6\,0:-1,2016-12-02 17:05:02-502,2016-12-02 17:05:02-600
Reason : hadoop4j.NoImplementionException: not supported by openstack
Success : DELETE : test2\a94a8fe5ccb19ba6\208635AB2374D22E,0:0,2016-12-02 17:05:02-714,2016-12-02 17:05:02-841
Fail : LS : test2\a94a8fe5ccb19ba6\,0:-1,2016-12-02 17:05:02-961,2016-12-02 17:05:03-031
Reason : hadoop4j.NoImplementionException: not supported by openstack
Success : DELETE : test2\a94a8fe5ccb19ba6\2a5bd02710e975a7\69B22DDC7E55B7C8,0:0,2016-12-02 17:05:03-110,2016-12-02 17:05:03-231
Fail : LS : test2\a94a8fe5ccb19ba6\2a5bd02710e975a7\,0:-1,2016-12-02 17:05:03-356,2016-12-02 17:05:03-429
Reason : hadoop4j.NoImplementionException: not supported by openstack
Success : CREATE_FILE : test2\a94a8fe5ccb19ba6\58E7F6D27C1C1A96,0:0,2016-12-02 17:05:03-551,2016-12-02 17:05:03-952
Fail : LS : test2\a94a8fe5ccb19ba6\,0:-1,2016-12-02 17:05:04-045,2016-12-02 17:05:04-115
Reason : hadoop4j.NoImplementionException: not supported by openstack
Fail : DELETE : test2\49f03965cf98b1f5,0:1634,2016-12-02 17:05:04-192,2016-12-02 17:05:04-254
Reason : hadoop4j.NoImplementionException: not supported by openstack
Fail : LS : test2,0:-1,2016-12-02 17:05:04-331,2016-12-02 17:05:04-332
Reason : java.lang.StringIndexOutOfBoundsException: String index out of range: -2
Fail : DELETE : test2\1a7683b6645f9b6a,0:14529,2016-12-02 17:05:04-409,2016-12-02 17:05:04-471
Reason : hadoop4j.NoImplementionException: not supported by openstack
Fail : LS : test2,0:-1,2016-12-02 17:05:04-547,2016-12-02 17:05:04-547
Reason : java.lang.StringIndexOutOfBoundsException: String index out of range: -2
Success : DELETE : test2\a94a8fe5ccb19ba6\593AE4EC382B2AD7,0:0,2016-12-02 17:05:04-646,2016-12-02 17:05:04-786
Fail : LS : test2\a94a8fe5ccb19ba6\,0:-1,2016-12-02 17:05:04-909,2016-12-02 17:05:04-996
Reason : hadoop4j.NoImplementionException: not supported by openstack
Success : CREATE_FILE : test2\a94a8fe5ccb19ba6\2a5bd02710e975a7\1077030417323150,0:0,2016-12-02 17:05:05-078,2016-12-02 17:05:05-599
Fail : LS : test2\a94a8fe5ccb19ba6\2a5bd02710e975a7\,0:-1,2016-12-02 17:05:05-726,2016-12-02 17:05:05-828
Reason : hadoop4j.NoImplementionException: not supported by openstack
Success : CREATE_FILE : test2\a94a8fe5ccb19ba6\2F9DFC8C10768746,0:0,2016-12-02 17:05:05-916,2016-12-02 17:05:06-391
Fail : LS : test2\a94a8fe5ccb19ba6\,0:-1,2016-12-02 17:05:06-516,2016-12-02 17:05:06-619
Reason : hadoop4j.NoImplementionException: not supported by openstack
Success : CREATE_FILE : test2\a94a8fe5ccb19ba6\7655FEB1224F9AEE,0:0,2016-12-02 17:05:06-715,2016-12-02 17:05:07-752
Fail : LS : test2\a94a8fe5ccb19ba6\,0:-1,2016-12-02 17:05:07-864,2016-12-02 17:05:07-965
Reason : hadoop4j.NoImplementionException: not supported by openstack
Success : CREATE_FILE : test2\a94a8fe5ccb19ba6\2a5bd02710e975a7\ 4120D852ACC7A87,0:0,2016-12-02 17:05:08-058,2016-12-02 17:05:08-580
Fail : LS : test2\a94a8fe5ccb19ba6\2a5bd02710e975a7\,0:-1,2016-12-02 17:05:08-707,2016-12-02 17:05:08-785
Reason : hadoop4j.NoImplementionException: not supported by openstack
Success : DELETE : test2\a94a8fe5ccb19ba6\2F9DFC8C10768746,0:0,2016-12-02 17:05:08-881,2016-12-02 17:05:09-018
Fail : LS : test2\a94a8fe5ccb19ba6\,0:-1,2016-12-02 17:05:09-139,2016-12-02 17:05:09-212
Reason : hadoop4j.NoImplementionException: not supported by openstack
Success : CREATE_FILE : test2\a94a8fe5ccb19ba6\2a5bd02710e975a7\434B33D0237A4AE6,0:0,2016-12-02 17:05:09-299,2016-12-02 17:05:09-737
Fail : LS : test2\a94a8fe5ccb19ba6\2a5bd02710e975a7\,0:-1,2016-12-02 17:05:09-861,2016-12-02 17:05:09-933
Reason : hadoop4j.NoImplementionException: not supported by openstack
Success : CREATE_FILE : test2\a94a8fe5ccb19ba6\2a5bd02710e975a7\7F3735956FDE72D8,0:0,2016-12-02 17:05:10-023,2016-12-02 17:05:10-603
Fail : LS : test2\a94a8fe5ccb19ba6\2a5bd02710e975a7\,0:-1,2016-12-02 17:05:10-725,2016-12-02 17:05:10-883
Reason : hadoop4j.NoImplementionException: not supported by openstack
Success : DELETE : test2\a94a8fe5ccb19ba6\2a5bd02710e975a7\434B33D0237A4AE6,0:0,2016-12-02 17:05:10-988,2016-12-02 17:05:11-256
Fail : LS : test2\a94a8fe5ccb19ba6\2a5bd02710e975a7\,0:-1,2016-12-02 17:05:11-378,2016-12-02 17:05:11-479
Reason : hadoop4j.NoImplementionException: not supported by openstack
Success : CREATE_FILE : test2\a94a8fe5ccb19ba6\2a5bd02710e975a7\3BC1664F74413B6F,0:0,2016-12-02 17:05:11-620,2016-12-02 17:05:12-059
Fail : LS : test2\a94a8fe5ccb19ba6\2a5bd02710e975a7\,0:-1,2016-12-02 17:05:12-173,2016-12-02 17:05:12-290
Reason : hadoop4j.NoImplementionException: not supported by openstack
Success : CREATE_FILE : test2\a94a8fe5ccb19ba6\2a5bd02710e975a7\ 35CD190621EAEF4,0:0,2016-12-02 17:05:12-414,2016-12-02 17:05:12-872
Fail : LS : test2\a94a8fe5ccb19ba6\2a5bd02710e975a7\,0:-1,2016-12-02 17:05:12-973,2016-12-02 17:05:13-043
Reason : hadoop4j.NoImplementionException: not supported by openstack
Success : DELETE : test2\a94a8fe5ccb19ba6\2a5bd02710e975a7\1077030417323150,0:0,2016-12-02 17:05:13-128,2016-12-02 17:05:13-270
Fail : LS : test2\a94a8fe5ccb19ba6\2a5bd02710e975a7\,0:-1,2016-12-02 17:05:13-370,2016-12-02 17:05:13-478
Reason : hadoop4j.NoImplementionException: not supported by openstack
Success : DELETE : test2\a94a8fe5ccb19ba6\2a5bd02710e975a7\3BC1664F74413B6F,0:0,2016-12-02 17:05:13-574,2016-12-02 17:05:13-814
Fail : LS : test2\a94a8fe5ccb19ba6\2a5bd02710e975a7\,0:-1,2016-12-02 17:05:13-930,2016-12-02 17:05:14-039
Reason : hadoop4j.NoImplementionException: not supported by openstack
Success : CREATE_FILE : test2\a94a8fe5ccb19ba6\2a5bd02710e975a7\41EF33A41E3A2C51,0:0,2016-12-02 17:05:14-164,2016-12-02 17:05:14-562
Fail : LS : test2\a94a8fe5ccb19ba6\2a5bd02710e975a7\,0:-1,2016-12-02 17:05:14-689,2016-12-02 17:05:14-762
Reason : hadoop4j.NoImplementionException: not supported by openstack
Success : DELETE : test2\a94a8fe5ccb19ba6\2a5bd02710e975a7\7F3735956FDE72D8,0:0,2016-12-02 17:05:14-867,2016-12-02 17:05:15-001
Fail : LS : test2\a94a8fe5ccb19ba6\2a5bd02710e975a7\,0:-1,2016-12-02 17:05:15-116,2016-12-02 17:05:15-186
Reason : hadoop4j.NoImplementionException: not supported by openstack
Success : DELETE : test2\a94a8fe5ccb19ba6\2a5bd02710e975a7\ 35CD190621EAEF4,0:0,2016-12-02 17:05:15-311,2016-12-02 17:05:15-435
Fail : LS : test2\a94a8fe5ccb19ba6\2a5bd02710e975a7\,0:-1,2016-12-02 17:05:15-564,2016-12-02 17:05:15-683
Reason : hadoop4j.NoImplementionException: not supported by openstack
Success : DELETE : test2\a94a8fe5ccb19ba6\2a5bd02710e975a7\3BC725CC75900CC3,0:0,2016-12-02 17:05:15-798,2016-12-02 17:05:15-923
Fail : LS : test2\a94a8fe5ccb19ba6\2a5bd02710e975a7\,0:-1,2016-12-02 17:05:16-011,2016-12-02 17:05:16-079
Reason : hadoop4j.NoImplementionException: not supported by openstack
Success : DELETE : test2\a94a8fe5ccb19ba6\7655FEB1224F9AEE,0:0,2016-12-02 17:05:16-155,2016-12-02 17:05:16-271
Fail : LS : test2\a94a8fe5ccb19ba6\,0:-1,2016-12-02 17:05:16-378,2016-12-02 17:05:16-447
Reason : hadoop4j.NoImplementionException: not supported by openstack
Success : DELETE : test2\a94a8fe5ccb19ba6\15B20D266A3D9D35,0:0,2016-12-02 17:05:16-562,2016-12-02 17:05:16-693
Fail : LS : test2\a94a8fe5ccb19ba6\,0:-1,2016-12-02 17:05:16-794,2016-12-02 17:05:16-882
Reason : hadoop4j.NoImplementionException: not supported by openstack
Success : CREATE_FILE : test2\a94a8fe5ccb19ba6\2a5bd02710e975a7\3340487D181F248A,0:0,2016-12-02 17:05:16-970,2016-12-02 17:05:17-499
Fail : LS : test2\a94a8fe5ccb19ba6\2a5bd02710e975a7\,0:-1,2016-12-02 17:05:17-625,2016-12-02 17:05:17-726
Reason : hadoop4j.NoImplementionException: not supported by openstack
Success : CREATE_FILE : test2\a94a8fe5ccb19ba6\3D099D957224A603,0:0,2016-12-02 17:05:17-841,2016-12-02 17:05:18-247
Fail : LS : test2\a94a8fe5ccb19ba6\,0:-1,2016-12-02 17:05:18-372,2016-12-02 17:05:18-448
Reason : hadoop4j.NoImplementionException: not supported by openstack
Success : CREATE_FILE : test2\a94a8fe5ccb19ba6\5EB32B4A61995DC9,0:0,2016-12-02 17:05:18-527,2016-12-02 17:05:18-921
Fail : LS : test2\a94a8fe5ccb19ba6\,0:-1,2016-12-02 17:05:19-028,2016-12-02 17:05:19-096
Reason : hadoop4j.NoImplementionException: not supported by openstack
Success : CREATE_FILE : test2\a94a8fe5ccb19ba6\2a5bd02710e975a7\35E0119B6604ACF1,0:0,2016-12-02 17:05:19-173,2016-12-02 17:05:19-562
Fail : LS : test2\a94a8fe5ccb19ba6\2a5bd02710e975a7\,0:-1,2016-12-02 17:05:19-638,2016-12-02 17:05:19-703
Reason : hadoop4j.NoImplementionException: not supported by openstack
Success : CREATE_FILE : test2\a94a8fe5ccb19ba6\41783EB95DB1E61D,0:0,2016-12-02 17:05:19-823,2016-12-02 17:05:20-214
Fail : LS : test2\a94a8fe5ccb19ba6\,0:-1,2016-12-02 17:05:20-327,2016-12-02 17:05:20-432
Reason : hadoop4j.NoImplementionException: not supported by openstack
Success : CREATE_FILE : test2\a94a8fe5ccb19ba6\2F38602762508F5B,0:0,2016-12-02 17:05:20-528,2016-12-02 17:05:20-969
Fail : LS : test2\a94a8fe5ccb19ba6\,0:-1,2016-12-02 17:05:21-096,2016-12-02 17:05:21-204
Reason : hadoop4j.NoImplementionException: not supported by openstack
Success : CREATE_FILE : test2\a94a8fe5ccb19ba6\2635BA305550211E,0:0,2016-12-02 17:05:21-308,2016-12-02 17:05:21-992
Fail : LS : test2\a94a8fe5ccb19ba6\,0:-1,2016-12-02 17:05:22-076,2016-12-02 17:05:22-143
Reason : hadoop4j.NoImplementionException: not supported by openstack
Success : CREATE_FILE : test2\a94a8fe5ccb19ba6\56417F23170A5A33,0:0,2016-12-02 17:05:22-219,2016-12-02 17:05:22-648
Fail : LS : test2\a94a8fe5ccb19ba6\,0:-1,2016-12-02 17:05:22-771,2016-12-02 17:05:22-843
Reason : hadoop4j.NoImplementionException: not supported by openstack
Success : DELETE : test2\a94a8fe5ccb19ba6\5EB32B4A61995DC9,0:0,2016-12-02 17:05:22-966,2016-12-02 17:05:23-143
Fail : LS : test2\a94a8fe5ccb19ba6\,0:-1,2016-12-02 17:05:23-267,2016-12-02 17:05:23-352
Reason : hadoop4j.NoImplementionException: not supported by openstack
Success : CREATE_FILE : test2\a94a8fe5ccb19ba6\ C750A574FC967D3,0:0,2016-12-02 17:05:23-457,2016-12-02 17:05:24-677
Fail : LS : test2\a94a8fe5ccb19ba6\,0:-1,2016-12-02 17:05:24-849,2016-12-02 17:05:24-929
Reason : hadoop4j.NoImplementionException: not supported by openstack
Success : DELETE : test2\a94a8fe5ccb19ba6\ 17D61702353B09A,0:0,2016-12-02 17:05:25-022,2016-12-02 17:05:25-132
Fail : LS : test2\a94a8fe5ccb19ba6\,0:-1,2016-12-02 17:05:25-213,2016-12-02 17:05:25-293
Reason : hadoop4j.NoImplementionException: not supported by openstack
Success : CREATE_FILE : test2\a94a8fe5ccb19ba6\2a5bd02710e975a7\22099E8F4E858239,0:0,2016-12-02 17:05:25-372,2016-12-02 17:05:25-763
Fail : LS : test2\a94a8fe5ccb19ba6\2a5bd02710e975a7\,0:-1,2016-12-02 17:05:25-889,2016-12-02 17:05:25-994
Reason : hadoop4j.NoImplementionException: not supported by openstack
Success : CREATE_FILE : test2\a94a8fe5ccb19ba6\2B67016F38CF5704,0:0,2016-12-02 17:05:26-120,2016-12-02 17:05:26-524
Fail : LS : test2\a94a8fe5ccb19ba6\,0:-1,2016-12-02 17:05:26-650,2016-12-02 17:05:26-770
Reason : hadoop4j.NoImplementionException: not supported by openstack
Success : CREATE_FILE : test2\a94a8fe5ccb19ba6\2a5bd02710e975a7\7735A67F197D7557,0:0,2016-12-02 17:05:26-876,2016-12-02 17:05:27-256
Fail : LS : test2\a94a8fe5ccb19ba6\2a5bd02710e975a7\,0:-1,2016-12-02 17:05:27-374,2016-12-02 17:05:27-475
Reason : hadoop4j.NoImplementionException: not supported by openstack
Success : CREATE_FILE : test2\a94a8fe5ccb19ba6\ C56B3FC14600646,0:0,2016-12-02 17:05:27-582,2016-12-02 17:05:28-048
Fail : LS : test2\a94a8fe5ccb19ba6\,0:-1,2016-12-02 17:05:28-131,2016-12-02 17:05:28-192
Reason : hadoop4j.NoImplementionException: not supported by openstack
Success : CREATE_FILE : test2\a94a8fe5ccb19ba6\2a5bd02710e975a7\11855B21 B770A17,0:0,2016-12-02 17:05:28-267,2016-12-02 17:05:28-720
Fail : LS : test2\a94a8fe5ccb19ba6\2a5bd02710e975a7\,0:-1,2016-12-02 17:05:28-847,2016-12-02 17:05:28-949
Reason : hadoop4j.NoImplementionException: not supported by openstack
Success : DELETE : test2\a94a8fe5ccb19ba6\2a5bd02710e975a7\ 4120D852ACC7A87,0:0,2016-12-02 17:05:29-040,2016-12-02 17:05:29-149
Fail : LS : test2\a94a8fe5ccb19ba6\2a5bd02710e975a7\,0:-1,2016-12-02 17:05:29-258,2016-12-02 17:05:29-331
Reason : hadoop4j.NoImplementionException: not supported by openstack
Success : DELETE : test2\a94a8fe5ccb19ba6\2a5bd02710e975a7\22099E8F4E858239,0:0,2016-12-02 17:05:29-456,2016-12-02 17:05:29-589
Fail : LS : test2\a94a8fe5ccb19ba6\2a5bd02710e975a7\,0:-1,2016-12-02 17:05:29-709,2016-12-02 17:05:29-815
Reason : hadoop4j.NoImplementionException: not supported by openstack
Success : CREATE_FILE : test2\a94a8fe5ccb19ba6\ 562A6B33019D538,0:0,2016-12-02 17:05:29-908,2016-12-02 17:05:30-465
Fail : LS : test2\a94a8fe5ccb19ba6\,0:-1,2016-12-02 17:05:30-593,2016-12-02 17:05:30-694
Reason : hadoop4j.NoImplementionException: not supported by openstack
Success : DELETE : test2\a94a8fe5ccb19ba6\2F38602762508F5B,0:0,2016-12-02 17:05:30-785,2016-12-02 17:05:30-902
Fail : LS : test2\a94a8fe5ccb19ba6\,0:-1,2016-12-02 17:05:31-000,2016-12-02 17:05:31-098
Reason : hadoop4j.NoImplementionException: not supported by openstack
Success : DELETE : test2\a94a8fe5ccb19ba6\2a5bd02710e975a7\41EF33A41E3A2C51,0:0,2016-12-02 17:05:31-241,2016-12-02 17:05:31-378
Fail : LS : test2\a94a8fe5ccb19ba6\2a5bd02710e975a7\,0:-1,2016-12-02 17:05:31-484,2016-12-02 17:05:31-592
Reason : hadoop4j.NoImplementionException: not supported by openstack
Success : DELETE : test2\a94a8fe5ccb19ba6\ C750A574FC967D3,0:0,2016-12-02 17:05:31-715,2016-12-02 17:05:31-860
Fail : LS : test2\a94a8fe5ccb19ba6\,0:-1,2016-12-02 17:05:31-966,2016-12-02 17:05:32-050
Reason : hadoop4j.NoImplementionException: not supported by openstack
Success : DELETE : test2\a94a8fe5ccb19ba6\2a5bd02710e975a7\11855B21 B770A17,0:0,2016-12-02 17:05:32-134,2016-12-02 17:05:32-278
Fail : LS : test2\a94a8fe5ccb19ba6\2a5bd02710e975a7\,0:-1,2016-12-02 17:05:32-377,2016-12-02 17:05:32-445
Reason : hadoop4j.NoImplementionException: not supported by openstack
Success : CREATE_FILE : test2\a94a8fe5ccb19ba6\2a5bd02710e975a7\4046E8054ACD481C,0:0,2016-12-02 17:05:32-533,2016-12-02 17:05:32-918
Fail : LS : test2\a94a8fe5ccb19ba6\2a5bd02710e975a7\,0:-1,2016-12-02 17:05:33-039,2016-12-02 17:05:33-133
Reason : hadoop4j.NoImplementionException: not supported by openstack
Success : CREATE_FILE : test2\a94a8fe5ccb19ba6\653A16BC E5BFF69,0:0,2016-12-02 17:05:33-220,2016-12-02 17:05:33-642
Fail : LS : test2\a94a8fe5ccb19ba6\,0:-1,2016-12-02 17:05:33-754,2016-12-02 17:05:33-852
Reason : hadoop4j.NoImplementionException: not supported by openstack
Success : CREATE_FILE : test2\a94a8fe5ccb19ba6\108755FA FFA9090,0:0,2016-12-02 17:05:33-944,2016-12-02 17:05:34-373
Fail : LS : test2\a94a8fe5ccb19ba6\,0:-1,2016-12-02 17:05:34-498,2016-12-02 17:05:34-592
Reason : hadoop4j.NoImplementionException: not supported by openstack
Success : DELETE : test2\a94a8fe5ccb19ba6\2a5bd02710e975a7\226EAD8853F273D1,0:0,2016-12-02 17:05:34-681,2016-12-02 17:05:34-801
Fail : LS : test2\a94a8fe5ccb19ba6\2a5bd02710e975a7\,0:-1,2016-12-02 17:05:34-898,2016-12-02 17:05:34-991
Reason : hadoop4j.NoImplementionException: not supported by openstack
Success : CREATE_FILE : test2\a94a8fe5ccb19ba6\28CD184A183D83DD,0:0,2016-12-02 17:05:35-098,2016-12-02 17:05:35-492
Fail : LS : test2\a94a8fe5ccb19ba6\,0:-1,2016-12-02 17:05:35-618,2016-12-02 17:05:35-692
Reason : hadoop4j.NoImplementionException: not supported by openstack
Success : DELETE : test2\a94a8fe5ccb19ba6\41783EB95DB1E61D,0:0,2016-12-02 17:05:35-804,2016-12-02 17:05:35-957
Fail : LS : test2\a94a8fe5ccb19ba6\,0:-1,2016-12-02 17:05:36-084,2016-12-02 17:05:36-228
Reason : hadoop4j.NoImplementionException: not supported by openstack
Success : DELETE : test2\a94a8fe5ccb19ba6\108755FA FFA9090,0:0,2016-12-02 17:05:36-354,2016-12-02 17:05:36-511
Fail : LS : test2\a94a8fe5ccb19ba6\,0:-1,2016-12-02 17:05:36-639,2016-12-02 17:05:36-712
Reason : hadoop4j.NoImplementionException: not supported by openstack
Success : CREATE_FILE : test2\a94a8fe5ccb19ba6\4CA8E8C555A4F9F0,0:0,2016-12-02 17:05:36-822,2016-12-02 17:05:37-243
Fail : LS : test2\a94a8fe5ccb19ba6\,0:-1,2016-12-02 17:05:37-356,2016-12-02 17:05:37-428
Reason : hadoop4j.NoImplementionException: not supported by openstack
Success : DELETE : test2\a94a8fe5ccb19ba6\2a5bd02710e975a7\35E0119B6604ACF1,0:0,2016-12-02 17:05:37-507,2016-12-02 17:05:37-608
Fail : LS : test2\a94a8fe5ccb19ba6\2a5bd02710e975a7\,0:-1,2016-12-02 17:05:37-733,2016-12-02 17:05:37-808
Reason : hadoop4j.NoImplementionException: not supported by openstack
Success : DELETE : test2\a94a8fe5ccb19ba6\58E7F6D27C1C1A96,0:0,2016-12-02 17:05:37-921,2016-12-02 17:05:38-086
Fail : LS : test2\a94a8fe5ccb19ba6\,0:-1,2016-12-02 17:05:38-213,2016-12-02 17:05:38-285
Reason : hadoop4j.NoImplementionException: not supported by openstack
Success : DELETE : test2\a94a8fe5ccb19ba6\2635BA305550211E,0:0,2016-12-02 17:05:38-363,2016-12-02 17:05:38-502
Fail : LS : test2\a94a8fe5ccb19ba6\,0:-1,2016-12-02 17:05:38-614,2016-12-02 17:05:38-683
Reason : hadoop4j.NoImplementionException: not supported by openstack
Success : CREATE_FILE : test2\a94a8fe5ccb19ba6\722ADE3D4AFE0358,0:0,2016-12-02 17:05:38-805,2016-12-02 17:05:39-232
Fail : LS : test2\a94a8fe5ccb19ba6\,0:-1,2016-12-02 17:05:39-352,2016-12-02 17:05:39-459
Reason : hadoop4j.NoImplementionException: not supported by openstack
Success : DELETE : test2\a94a8fe5ccb19ba6\28CD184A183D83DD,0:0,2016-12-02 17:05:39-604,2016-12-02 17:05:39-918
Fail : LS : test2\a94a8fe5ccb19ba6\,0:-1,2016-12-02 17:05:40-011,2016-12-02 17:05:40-076
Reason : hadoop4j.NoImplementionException: not supported by openstack
Success : CREATE_FILE : test2\a94a8fe5ccb19ba6\77A21C1A56947200,0:0,2016-12-02 17:05:40-161,2016-12-02 17:05:40-569
Fail : LS : test2\a94a8fe5ccb19ba6\,0:-1,2016-12-02 17:05:40-701,2016-12-02 17:05:40-806
Reason : hadoop4j.NoImplementionException: not supported by openstack
Success : CREATE_FILE : test2\a94a8fe5ccb19ba6\71EA3376638F91E6,0:0,2016-12-02 17:05:40-923,2016-12-02 17:05:41-463
Fail : LS : test2\a94a8fe5ccb19ba6\,0:-1,2016-12-02 17:05:41-588,2016-12-02 17:05:41-661
Reason : hadoop4j.NoImplementionException: not supported by openstack
Success : CREATE_FILE : test2\a94a8fe5ccb19ba6\2a5bd02710e975a7\ 7796F9E657EC657,0:0,2016-12-02 17:05:41-738,2016-12-02 17:05:42-762
Fail : LS : test2\a94a8fe5ccb19ba6\2a5bd02710e975a7\,0:-1,2016-12-02 17:05:42-897,2016-12-02 17:05:42-975
Reason : hadoop4j.NoImplementionException: not supported by openstack
Success : DELETE : test2\a94a8fe5ccb19ba6\5CBF08E258495286,0:0,2016-12-02 17:05:43-060,2016-12-02 17:05:43-180
Fail : LS : test2\a94a8fe5ccb19ba6\,0:-1,2016-12-02 17:05:43-257,2016-12-02 17:05:43-321
Reason : hadoop4j.NoImplementionException: not supported by openstack
