Success : SEQ_READ : test1\c5a5e5562b038073\2015a7ab48ae9a58,0:14336,2016-12-16 11:18:49-764,2016-12-16 11:18:49-769
Success : RANDOM_READ : test1\c5a5e5562b038073\68ad3077ff5a452a,0:383,2016-12-16 11:18:49-769,2016-12-16 11:18:49-773
Fail : SEQ_READ : test2\49f03965cf98b1f5,0:0,2016-12-16 11:18:49-773,2016-12-16 11:18:49-777
Reason : RESTAPI.NoImplementionException: read failure
Success : APPEND : test1\c5a5e5562b038073\fbe0d7653f0909cb,0:14076928,2016-12-16 11:18:49-777,2016-12-16 11:18:49-777
Success : RANDOM_READ : test1\c5a5e5562b038073\6670af231c096f09,0:46,2016-12-16 11:18:49-777,2016-12-16 11:18:49-779
Success : CREATE_FILE : test2\a94a8fe5ccb19ba6\2a5bd02710e975a7\148844725B673AE4,0:3037962,2016-12-16 11:18:49-779,2016-12-16 11:18:50-278
Success : APPEND : test2\a94a8fe5ccb19ba6\2a5bd02710e975a7\254d76d2609fec03,0:35423232,2016-12-16 11:18:50-279,2016-12-16 11:18:50-279
Success : SEQ_READ : test1\f71b43c3136efa4f\9f93e73d6896cb7b\6670af231c096f09,0:129,2016-12-16 11:18:50-279,2016-12-16 11:18:50-282
Success : RANDOM_READ : test1\c5a5e5562b038073\6670af231c096f09,0:46,2016-12-16 11:18:50-283,2016-12-16 11:18:50-284
Success : SEQ_READ : test1\c5a5e5562b038073\05d1f0ed74e78555,0:12288,2016-12-16 11:18:50-284,2016-12-16 11:18:50-288
Success : SEQ_WRITE : test2\6c33a983eec1b409,0:0,2016-12-16 11:18:50-288,2016-12-16 11:18:50-325
Success : RANDOM_READ : test1\c5a5e5562b038073\68ad3077ff5a452a,0:383,2016-12-16 11:18:50-326,2016-12-16 11:18:50-327
Success : LS : test2\a94a8fe5ccb19ba6\2a5bd02710e975a7\,0:-1,2016-12-16 11:18:50-328,2016-12-16 11:18:50-328
Success : CREATE_FILE : test2\a94a8fe5ccb19ba6\2F7B847B0047786C,0:1015613,2016-12-16 11:18:50-328,2016-12-16 11:18:50-496
Success : RANDOM_READ : test1\f71b43c3136efa4f\52481749c0cdecd6\6670af231c096f09,0:129,2016-12-16 11:18:50-496,2016-12-16 11:18:50-497
Success : SEQ_READ : test1\c5a5e5562b038073\6670af231c096f09,0:46,2016-12-16 11:18:50-498,2016-12-16 11:18:50-499
Success : LS : test2\a94a8fe5ccb19ba6\,0:-1,2016-12-16 11:18:50-499,2016-12-16 11:18:50-499
Success : APPEND : test1\9832710c94f11d2b,0:63507456,2016-12-16 11:18:50-516,2016-12-16 11:18:50-517
Success : CREATE_FILE : test2\a94a8fe5ccb19ba6\0481BB456B507E22,0:1382861,2016-12-16 11:18:50-766,2016-12-16 11:18:51-194
Success : SEQ_WRITE : test1\c5a5e5562b038073\0189424a5a60fed3\46a8219c2ae6c782,0:466944,2016-12-16 11:18:51-195,2016-12-16 11:18:51-432
Success : LS : test2\a94a8fe5ccb19ba6\,0:-1,2016-12-16 11:18:51-433,2016-12-16 11:18:51-433
Success : RANDOM_WRITE : test1\c5a5e5562b038073\c7734a16bf12bb03,0:50176,2016-12-16 11:18:52-160,2016-12-16 11:18:52-166
Success : APPEND : test1\c5a5e5562b038073\0189424a5a60fed3\feb6a1968982109d,0:30859264,2016-12-16 11:18:52-915,2016-12-16 11:18:52-915
Success : RANDOM_READ : test1\c5a5e5562b038073\68ad3077ff5a452a,0:383,2016-12-16 11:18:52-939,2016-12-16 11:18:52-940
Success : RANDOM_READ : test1\c5a5e5562b038073\738537f9a40e568b,0:4096,2016-12-16 11:18:53-808,2016-12-16 11:18:53-821
Success : CREATE_FILE : test2\a94a8fe5ccb19ba6\2a5bd02710e975a7\34D1C3B448B699A9,0:3865439,2016-12-16 11:18:53-847,2016-12-16 11:18:54-480
Success : LS : test2\a94a8fe5ccb19ba6\2a5bd02710e975a7\,0:-1,2016-12-16 11:18:54-480,2016-12-16 11:18:54-480
Success : CREATE_FILE : test2\a94a8fe5ccb19ba6\2a5bd02710e975a7\4BFD6F3508197895,0:611452,2016-12-16 11:18:54-481,2016-12-16 11:18:54-610
Success : LS : test2\a94a8fe5ccb19ba6\2a5bd02710e975a7\,0:-1,2016-12-16 11:18:54-610,2016-12-16 11:18:54-610
Success : APPEND : test2\a94a8fe5ccb19ba6\0481BB456B507E22,0:64858112,2016-12-16 11:18:54-729,2016-12-16 11:18:54-729
Success : SEQ_WRITE : test2\6c33a983eec1b409,0:0,2016-12-16 11:18:55-547,2016-12-16 11:18:55-596
Success : SEQ_READ : test1\c5a5e5562b038073\0189424a5a60fed3\feb6a1968982109d,0:21909504,2016-12-16 11:18:56-073,2016-12-16 11:18:57-856
Success : RANDOM_READ : test1\c5a5e5562b038073\2015a7ab48ae9a58,0:27648,2016-12-16 11:18:57-857,2016-12-16 11:18:57-874
Success : CREATE_FILE : test2\a94a8fe5ccb19ba6\37A4F41D09B00C6F,0:2843870,2016-12-16 11:18:57-874,2016-12-16 11:18:58-559
Success : SEQ_WRITE : test2\49f03965cf98b1f5,0:0,2016-12-16 11:18:58-560,2016-12-16 11:18:58-946
Success : SEQ_READ : test1\c5a5e5562b038073\05d1f0ed74e78555,0:69632,2016-12-16 11:18:58-946,2016-12-16 11:18:58-954
Success : LS : test2\a94a8fe5ccb19ba6\,0:-1,2016-12-16 11:18:58-954,2016-12-16 11:18:58-954
Success : CREATE_FILE : test2\a94a8fe5ccb19ba6\2a5bd02710e975a7\4C0D1CEC5B0EF15E,0:3242693,2016-12-16 11:18:59-530,2016-12-16 11:19:00-181
Success : RANDOM_READ : test1\c5a5e5562b038073\0189424a5a60fed3\46a8219c2ae6c782,0:19456,2016-12-16 11:19:00-181,2016-12-16 11:19:00-185
Success : LS : test2\a94a8fe5ccb19ba6\2a5bd02710e975a7\,0:-1,2016-12-16 11:19:00-185,2016-12-16 11:19:00-185
Success : SEQ_WRITE : test1\c5a5e5562b038073\b0c5d70d7f040bfa,0:4096,2016-12-16 11:19:00-869,2016-12-16 11:19:01-238
Success : CREATE_FILE : test2\a94a8fe5ccb19ba6\2a5bd02710e975a7\00F4ABF12B0CA6FF,0:3053927,2016-12-16 11:19:01-740,2016-12-16 11:19:02-771
Success : SEQ_READ : test2\bc9c8ba7ff351f3e,0:92160,2016-12-16 11:19:02-772,2016-12-16 11:19:02-814
Success : RANDOM_READ : test1\c5a5e5562b038073\a39ea9c72a98de10\41288c58009f7f6a,0:477,2016-12-16 11:19:02-814,2016-12-16 11:19:02-825
Success : LS : test2\a94a8fe5ccb19ba6\2a5bd02710e975a7\,0:-1,2016-12-16 11:19:02-825,2016-12-16 11:19:02-825
Success : CREATE_FILE : test2\a94a8fe5ccb19ba6\5A1C869D346CD6F9,0:3315218,2016-12-16 11:19:02-826,2016-12-16 11:19:04-780
Fail : SEQ_READ : test2\acde102dac5bbe15,0:0,2016-12-16 11:19:04-781,2016-12-16 11:19:08-905
Reason : RESTAPI.NoImplementionException: read failure
Success : APPEND : test1\c5a5e5562b038073\0189424a5a60fed3\feb6a1968982109d,0:45828096,2016-12-16 11:19:08-906,2016-12-16 11:19:08-906
Success : RANDOM_READ : test1\c5a5e5562b038073\a39ea9c72a98de10\f398de59988a85e5,0:3072,2016-12-16 11:19:08-906,2016-12-16 11:19:08-909
Success : SEQ_READ : test1\c5a5e5562b038073\c7abaf0419c47a1d,0:519168,2016-12-16 11:19:08-910,2016-12-16 11:19:08-988
Success : LS : test2\a94a8fe5ccb19ba6\,0:-1,2016-12-16 11:19:08-989,2016-12-16 11:19:08-989
Success : CREATE_FILE : test2\a94a8fe5ccb19ba6\6192B66B33068AAB,0:4095888,2016-12-16 11:19:08-989,2016-12-16 11:19:09-613
Success : SEQ_READ : test2\a94a8fe5ccb19ba6\2a5bd02710e975a7\3eef580036f1724a,0:257,2016-12-16 11:19:09-613,2016-12-16 11:19:09-624
Success : RANDOM_WRITE : test2\bc9c8ba7ff351f3e,0:50176,2016-12-16 11:19:09-624,2016-12-16 11:19:09-633
Success : SEQ_READ : test1\c5a5e5562b038073\6670af231c096f09,0:46,2016-12-16 11:19:09-633,2016-12-16 11:19:09-646
Success : SEQ_READ : test1\f71b43c3136efa4f\52481749c0cdecd6\6670af231c096f09,0:129,2016-12-16 11:19:09-646,2016-12-16 11:19:09-651
Success : SEQ_WRITE : test1\c5a5e5562b038073\f72cdbcd84f047a5,0:11264,2016-12-16 11:19:09-651,2016-12-16 11:19:10-085
Success : LS : test2\a94a8fe5ccb19ba6\,0:-1,2016-12-16 11:19:10-085,2016-12-16 11:19:10-085
Success : CREATE_FILE : test2\a94a8fe5ccb19ba6\2a5bd02710e975a7\1E4892221480B1B3,0:1208710,2016-12-16 11:19:10-086,2016-12-16 11:19:10-434
Success : SEQ_READ : test2\a94a8fe5ccb19ba6\4b6fcb2d521ef0fd,0:2048,2016-12-16 11:19:10-435,2016-12-16 11:19:10-445
Success : APPEND : test1\c5a5e5562b038073\b0c5d70d7f040bfa,0:30891008,2016-12-16 11:19:10-446,2016-12-16 11:19:10-446
Success : APPEND : test1\c5a5e5562b038073\a39ea9c72a98de10\f398de59988a85e5,0:21017600,2016-12-16 11:19:10-446,2016-12-16 11:19:10-446
Success : SEQ_READ : test2\bc9c8ba7ff351f3e,0:79872,2016-12-16 11:19:10-446,2016-12-16 11:19:10-464
Success : APPEND : test2\49f03965cf98b1f5,0:58544128,2016-12-16 11:19:10-464,2016-12-16 11:19:10-464
Success : LS : test2\a94a8fe5ccb19ba6\2a5bd02710e975a7\,0:-1,2016-12-16 11:19:10-464,2016-12-16 11:19:10-464
Success : CREATE_FILE : test2\a94a8fe5ccb19ba6\2a5bd02710e975a7\738E0CF8350B09BB,0:3744742,2016-12-16 11:19:10-465,2016-12-16 11:19:11-204
Success : RANDOM_READ : test1\c5a5e5562b038073\c7abaf0419c47a1d,0:35840,2016-12-16 11:19:11-204,2016-12-16 11:19:11-212
Success : LS : test2\a94a8fe5ccb19ba6\2a5bd02710e975a7\,0:-1,2016-12-16 11:19:11-212,2016-12-16 11:19:11-212
Success : CREATE_FILE : test2\a94a8fe5ccb19ba6\2a5bd02710e975a7\1E81301B1B77C010,0:920866,2016-12-16 11:19:11-212,2016-12-16 11:19:11-389
Success : SEQ_READ : test1\c5a5e5562b038073\c7734a16bf12bb03,0:261120,2016-12-16 11:19:11-389,2016-12-16 11:19:11-433
Success : APPEND : test2\a94a8fe5ccb19ba6\2a5bd02710e975a7\4BFD6F3508197895,0:20044800,2016-12-16 11:19:11-433,2016-12-16 11:19:11-433
Success : APPEND : test1\c5a5e5562b038073\0189424a5a60fed3\feb6a1968982109d,0:37160960,2016-12-16 11:19:11-434,2016-12-16 11:19:11-434
Success : LS : test2\a94a8fe5ccb19ba6\2a5bd02710e975a7\,0:-1,2016-12-16 11:19:11-434,2016-12-16 11:19:11-434
Success : CREATE_FILE : test2\a94a8fe5ccb19ba6\0BD5E190160697F5,0:3781967,2016-12-16 11:19:11-434,2016-12-16 11:19:12-105
Success : LS : test2\a94a8fe5ccb19ba6\,0:-1,2016-12-16 11:19:12-105,2016-12-16 11:19:12-105
Success : CREATE_FILE : test2\a94a8fe5ccb19ba6\2a5bd02710e975a7\7AE9121E40D1F930,0:644929,2016-12-16 11:19:12-105,2016-12-16 11:19:12-241
Success : RANDOM_READ : test1\f71b43c3136efa4f\9f93e73d6896cb7b\6670af231c096f09,0:129,2016-12-16 11:19:12-241,2016-12-16 11:19:12-246
Success : SEQ_READ : test1\c5a5e5562b038073\f72cdbcd84f047a5,0:12288,2016-12-16 11:19:12-246,2016-12-16 11:19:12-259
Success : LS : test2\a94a8fe5ccb19ba6\2a5bd02710e975a7\,0:-1,2016-12-16 11:19:12-259,2016-12-16 11:19:12-259
Success : SEQ_READ : test1\c5a5e5562b038073\68ad3077ff5a452a,0:383,2016-12-16 11:19:12-755,2016-12-16 11:19:12-765
Success : RANDOM_WRITE : test1\c5a5e5562b038073\7b7f22b30cf50087,0:1024,2016-12-16 11:19:12-992,2016-12-16 11:19:13-003
Success : APPEND : test1\c5a5e5562b038073\b0c5d70d7f040bfa,0:51845120,2016-12-16 11:19:13-454,2016-12-16 11:19:13-454
Success : CREATE_FILE : test2\a94a8fe5ccb19ba6\6FE01F2B3E5FC6DF,0:299540,2016-12-16 11:19:14-046,2016-12-16 11:19:14-348
Success : LS : test2\a94a8fe5ccb19ba6\,0:-1,2016-12-16 11:19:14-348,2016-12-16 11:19:14-348
Success : CREATE_FILE : test2\a94a8fe5ccb19ba6\2a5bd02710e975a7\57CC9F813F14C1AA,0:710592,2016-12-16 11:19:14-442,2016-12-16 11:19:14-838
Success : LS : test2\a94a8fe5ccb19ba6\2a5bd02710e975a7\,0:-1,2016-12-16 11:19:14-838,2016-12-16 11:19:14-838
Success : SEQ_READ : test1\f71b43c3136efa4f\9f93e73d6896cb7b\6670af231c096f09,0:129,2016-12-16 11:19:16-275,2016-12-16 11:19:16-277
Success : RANDOM_READ : test2\acde102dac5bbe15,0:3072,2016-12-16 11:19:16-893,2016-12-16 11:19:16-895
Success : SEQ_READ : test1\c5a5e5562b038073\0189424a5a60fed3\46a8219c2ae6c782,0:1349632,2016-12-16 11:19:17-141,2016-12-16 11:19:17-260
Success : CREATE_FILE : test2\a94a8fe5ccb19ba6\2a5bd02710e975a7\6C5D927154BE5B88,0:343684,2016-12-16 11:19:17-260,2016-12-16 11:19:17-395
Success : LS : test2\a94a8fe5ccb19ba6\2a5bd02710e975a7\,0:-1,2016-12-16 11:19:17-396,2016-12-16 11:19:17-396
Success : APPEND : test2\1a7683b6645f9b6a,0:35719168,2016-12-16 11:19:17-505,2016-12-16 11:19:17-505
Success : APPEND : test2\a94a8fe5ccb19ba6\6FE01F2B3E5FC6DF,0:44614656,2016-12-16 11:19:17-830,2016-12-16 11:19:17-830
Success : APPEND : test2\a94a8fe5ccb19ba6\6192B66B33068AAB,0:53941248,2016-12-16 11:19:18-177,2016-12-16 11:19:18-178
Success : APPEND : test2\a94a8fe5ccb19ba6\2a5bd02710e975a7\3eef580036f1724a,0:12280832,2016-12-16 11:19:18-300,2016-12-16 11:19:18-300
Success : SEQ_READ : test1\c5a5e5562b038073\2d77b1044a6c5c82,0:603136,2016-12-16 11:19:18-744,2016-12-16 11:19:18-798
Success : APPEND : test1\f71b43c3136efa4f\9f93e73d6896cb7b\6670af231c096f09,0:10293248,2016-12-16 11:19:18-861,2016-12-16 11:19:18-861
Success : APPEND : test2\a94a8fe5ccb19ba6\2a5bd02710e975a7\738E0CF8350B09BB,0:38870016,2016-12-16 11:19:19-446,2016-12-16 11:19:19-446
Success : RANDOM_READ : test2\8da7cc13802eefe0,0:48128,2016-12-16 11:19:19-788,2016-12-16 11:19:19-807
Success : RANDOM_READ : test1\c5a5e5562b038073\738537f9a40e568b,0:14336,2016-12-16 11:19:19-835,2016-12-16 11:19:19-838
Success : APPEND : test2\a94a8fe5ccb19ba6\2a5bd02710e975a7\57CC9F813F14C1AA,0:51058688,2016-12-16 11:19:20-159,2016-12-16 11:19:20-159
Fail : RANDOM_READ : test2\a94a8fe5ccb19ba6\2a5bd02710e975a7\57CC9F813F14C1AA,0:0,2016-12-16 11:19:20-413,2016-12-16 11:19:20-477
Reason : RESTAPI.NoImplementionException: read failure
Success : RANDOM_WRITE : test1\c5a5e5562b038073\b0c5d70d7f040bfa,0:58368,2016-12-16 11:19:20-477,2016-12-16 11:19:20-480
Success : CREATE_FILE : test2\a94a8fe5ccb19ba6\2a5bd02710e975a7\3D9D94E64A644CFE,0:3008129,2016-12-16 11:19:20-979,2016-12-16 11:19:21-608
Success : RANDOM_READ : test2\a94a8fe5ccb19ba6\2a5bd02710e975a7\178db47a574c645f,0:257,2016-12-16 11:19:21-608,2016-12-16 11:19:21-610
Success : LS : test2\a94a8fe5ccb19ba6\2a5bd02710e975a7\,0:-1,2016-12-16 11:19:21-610,2016-12-16 11:19:21-610
Success : CREATE_FILE : test2\a94a8fe5ccb19ba6\57EEC084283846F4,0:2504683,2016-12-16 11:19:21-610,2016-12-16 11:19:22-110
Success : LS : test2\a94a8fe5ccb19ba6\,0:-1,2016-12-16 11:19:22-110,2016-12-16 11:19:22-110
Success : CREATE_FILE : test2\a94a8fe5ccb19ba6\493631FE471BC434,0:3950814,2016-12-16 11:19:22-110,2016-12-16 11:19:22-714
Success : SEQ_READ : test1\c5a5e5562b038073\6670af231c096f09,0:46,2016-12-16 11:19:22-714,2016-12-16 11:19:22-727
Success : APPEND : test1\c5a5e5562b038073\3c16ab634e85296e,0:13890560,2016-12-16 11:19:22-727,2016-12-16 11:19:22-727
Success : LS : test2\a94a8fe5ccb19ba6\,0:-1,2016-12-16 11:19:22-727,2016-12-16 11:19:22-727
Success : CREATE_FILE : test2\a94a8fe5ccb19ba6\0BF717F13870CD34,0:2739429,2016-12-16 11:19:22-727,2016-12-16 11:19:23-393
Success : LS : test2\a94a8fe5ccb19ba6\,0:-1,2016-12-16 11:19:23-394,2016-12-16 11:19:23-394
Success : CREATE_FILE : test2\a94a8fe5ccb19ba6\4B8B32E03C38514E,0:863230,2016-12-16 11:19:23-394,2016-12-16 11:19:23-621
Success : SEQ_READ : test2\a94a8fe5ccb19ba6\6FE01F2B3E5FC6DF,0:3156992,2016-12-16 11:19:23-621,2016-12-16 11:19:23-649
Success : LS : test2\a94a8fe5ccb19ba6\,0:-1,2016-12-16 11:19:23-649,2016-12-16 11:19:23-649
Success : RANDOM_WRITE : test1\c5a5e5562b038073\767c14c8beb1e835,0:4096,2016-12-16 11:19:24-734,2016-12-16 11:19:24-744
Success : APPEND : test2\a94a8fe5ccb19ba6\2a5bd02710e975a7\4C0D1CEC5B0EF15E,0:42349568,2016-12-16 11:19:24-888,2016-12-16 11:19:24-888
Success : SEQ_READ : test2\a94a8fe5ccb19ba6\6192B66B33068AAB,0:6115328,2016-12-16 11:19:25-242,2016-12-16 11:19:25-672
Success : SEQ_READ : test2\49f03965cf98b1f5,0:48355328,2016-12-16 11:19:25-672,2016-12-16 11:19:25-702
Success : SEQ_WRITE : test1\f71b43c3136efa4f\83404ffd78f534ff\6670af231c096f09,0:129,2016-12-16 11:19:25-702,2016-12-16 11:19:26-018
Success : APPEND : test2\bc9c8ba7ff351f3e,0:22993920,2016-12-16 11:19:26-018,2016-12-16 11:19:26-018
Success : SEQ_WRITE : test1\c5a5e5562b038073\0189424a5a60fed3\46a8219c2ae6c782,0:801792,2016-12-16 11:19:26-018,2016-12-16 11:19:26-944
Success : APPEND : test2\a94a8fe5ccb19ba6\0481BB456B507E22,0:28535808,2016-12-16 11:19:26-944,2016-12-16 11:19:26-944
Success : RANDOM_READ : test2\a94a8fe5ccb19ba6\6192B66B33068AAB,0:24576,2016-12-16 11:19:26-944,2016-12-16 11:19:26-947
Success : APPEND : test1\c5a5e5562b038073\a39ea9c72a98de10\4a90c52e52d54ede,0:48913408,2016-12-16 11:19:26-947,2016-12-16 11:19:26-948
Success : RANDOM_WRITE : test1\f71b43c3136efa4f\c7d9912886e5ccc7\6670af231c096f09,0:129,2016-12-16 11:19:27-351,2016-12-16 11:19:27-353
Success : RANDOM_WRITE : test2\a94a8fe5ccb19ba6\2a5bd02710e975a7\4C0D1CEC5B0EF15E,0:29696,2016-12-16 11:19:27-748,2016-12-16 11:19:28-266
Success : SEQ_READ : test2\a94a8fe5ccb19ba6\2a5bd02710e975a7\3eef580036f1724a,0:8860672,2016-12-16 11:19:28-266,2016-12-16 11:19:29-790
Success : CREATE_FILE : test2\a94a8fe5ccb19ba6\2a5bd02710e975a7\1987DF7C765B49CC,0:933106,2016-12-16 11:19:29-790,2016-12-16 11:19:30-921
Success : APPEND : test1\c5a5e5562b038073\7b7f22b30cf50087,0:33525760,2016-12-16 11:19:30-921,2016-12-16 11:19:30-921
Success : RANDOM_READ : test2\a94a8fe5ccb19ba6\6FE01F2B3E5FC6DF,0:2048,2016-12-16 11:19:30-921,2016-12-16 11:19:30-931
Success : SEQ_READ : test1\c5a5e5562b038073\3c16ab634e85296e,0:2677760,2016-12-16 11:19:30-932,2016-12-16 11:19:31-172
Success : LS : test2\a94a8fe5ccb19ba6\2a5bd02710e975a7\,0:-1,2016-12-16 11:19:31-172,2016-12-16 11:19:31-172
Success : CREATE_FILE : test2\a94a8fe5ccb19ba6\2a5bd02710e975a7\36BCAF1141FC3535,0:1674101,2016-12-16 11:19:31-173,2016-12-16 11:19:31-764
Fail : SEQ_READ : test1\c5a5e5562b038073\a39ea9c72a98de10\11562aa867a5f398,0:0,2016-12-16 11:19:31-764,2016-12-16 11:19:31-766
Reason : RESTAPI.NoImplementionException: read failure
Success : RANDOM_WRITE : test2\a94a8fe5ccb19ba6\2a5bd02710e975a7\738E0CF8350B09BB,0:24576,2016-12-16 11:19:31-767,2016-12-16 11:19:31-770
Success : RANDOM_READ : test1\c5a5e5562b038073\05d1f0ed74e78555,0:18432,2016-12-16 11:19:31-770,2016-12-16 11:19:31-773
Success : RANDOM_READ : test1\c5a5e5562b038073\c7734a16bf12bb03,0:36864,2016-12-16 11:19:31-773,2016-12-16 11:19:31-778
Success : LS : test2\a94a8fe5ccb19ba6\2a5bd02710e975a7\,0:-1,2016-12-16 11:19:31-778,2016-12-16 11:19:31-778
Success : CREATE_FILE : test2\a94a8fe5ccb19ba6\2a5bd02710e975a7\78AE251552B5E4A8,0:2028018,2016-12-16 11:19:31-778,2016-12-16 11:19:32-219
Success : APPEND : test2\a94a8fe5ccb19ba6\0BD5E190160697F5,0:49096704,2016-12-16 11:19:32-219,2016-12-16 11:19:32-219
Success : SEQ_READ : test2\49f03965cf98b1f5,0:5785600,2016-12-16 11:19:32-219,2016-12-16 11:19:32-224
Success : SEQ_READ : test1\c5a5e5562b038073\a39ea9c72a98de10\f398de59988a85e5,0:17180672,2016-12-16 11:19:32-224,2016-12-16 11:19:32-233
Success : LS : test2\a94a8fe5ccb19ba6\2a5bd02710e975a7\,0:-1,2016-12-16 11:19:32-233,2016-12-16 11:19:32-233
Success : SEQ_READ : test2\a94a8fe5ccb19ba6\2a5bd02710e975a7\254d76d2609fec03,0:13972480,2016-12-16 11:19:32-367,2016-12-16 11:19:32-645
Success : RANDOM_READ : test1\f71b43c3136efa4f\c7d9912886e5ccc7\6670af231c096f09,0:129,2016-12-16 11:19:32-645,2016-12-16 11:19:32-662
Success : APPEND : test2\a94a8fe5ccb19ba6\5A1C869D346CD6F9,0:45387776,2016-12-16 11:19:33-838,2016-12-16 11:19:33-838
Success : APPEND : test1\f71b43c3136efa4f\c7d9912886e5ccc7\6670af231c096f09,0:9607168,2016-12-16 11:19:34-086,2016-12-16 11:19:34-086
Success : CREATE_FILE : test2\a94a8fe5ccb19ba6\2a5bd02710e975a7\3D29F56605C742FE,0:3960725,2016-12-16 11:19:34-394,2016-12-16 11:19:35-584
Success : RANDOM_READ : test1\f71b43c3136efa4f\83404ffd78f534ff\6670af231c096f09,0:129,2016-12-16 11:19:35-584,2016-12-16 11:19:35-586
Success : LS : test2\a94a8fe5ccb19ba6\2a5bd02710e975a7\,0:-1,2016-12-16 11:19:35-587,2016-12-16 11:19:35-587
Success : CREATE_FILE : test2\a94a8fe5ccb19ba6\2a5bd02710e975a7\4E095E4B0C2AFDC2,0:2793305,2016-12-16 11:19:35-587,2016-12-16 11:19:36-090
Success : APPEND : test2\1a7683b6645f9b6a,0:13024256,2016-12-16 11:19:36-090,2016-12-16 11:19:36-091
Success : RANDOM_READ : test2\acde102dac5bbe15,0:5120,2016-12-16 11:19:36-091,2016-12-16 11:19:36-092
Success : APPEND : test1\c5a5e5562b038073\a39ea9c72a98de10\aa61f113a9b13deb,0:14072832,2016-12-16 11:19:36-092,2016-12-16 11:19:36-092
Success : APPEND : test2\a94a8fe5ccb19ba6\0481BB456B507E22,0:44901376,2016-12-16 11:19:36-092,2016-12-16 11:19:36-092
Success : SEQ_READ : test1\c5a5e5562b038073\a39ea9c72a98de10\4a90c52e52d54ede,0:38779904,2016-12-16 11:19:36-093,2016-12-16 11:19:37-612
Success : LS : test2\a94a8fe5ccb19ba6\2a5bd02710e975a7\,0:-1,2016-12-16 11:19:37-613,2016-12-16 11:19:37-613
Success : CREATE_FILE : test2\a94a8fe5ccb19ba6\2a5bd02710e975a7\41F6951E497C6DA9,0:2637791,2016-12-16 11:19:37-613,2016-12-16 11:19:38-363
Success : SEQ_WRITE : test1\c5a5e5562b038073\0189424a5a60fed3\feb6a1968982109d,0:50783232,2016-12-16 11:19:38-363,2016-12-16 11:19:47-325
Success : APPEND : test2\a94a8fe5ccb19ba6\57EEC084283846F4,0:12223488,2016-12-16 11:19:47-325,2016-12-16 11:19:47-325
Success : RANDOM_WRITE : test2\a94a8fe5ccb19ba6\2a5bd02710e975a7\57CC9F813F14C1AA,0:65536,2016-12-16 11:19:47-325,2016-12-16 11:19:47-332
Success : APPEND : test2\a94a8fe5ccb19ba6\2a5bd02710e975a7\1E81301B1B77C010,0:21456896,2016-12-16 11:19:47-332,2016-12-16 11:19:47-332
Success : APPEND : test2\a94a8fe5ccb19ba6\2a5bd02710e975a7\1E81301B1B77C010,0:29208576,2016-12-16 11:19:47-332,2016-12-16 11:19:47-333
Success : LS : test2\a94a8fe5ccb19ba6\2a5bd02710e975a7\,0:-1,2016-12-16 11:19:47-333,2016-12-16 11:19:47-333
Success : CREATE_FILE : test2\a94a8fe5ccb19ba6\32D66F3147EEB181,0:2049772,2016-12-16 11:19:47-333,2016-12-16 11:19:48-240
Success : RANDOM_READ : test2\8da7cc13802eefe0,0:13312,2016-12-16 11:19:48-240,2016-12-16 11:19:48-263
Success : SEQ_READ : test2\a94a8fe5ccb19ba6\2a5bd02710e975a7\738E0CF8350B09BB,0:31796224,2016-12-16 11:19:48-263,2016-12-16 11:19:48-655
Success : APPEND : test2\a94a8fe5ccb19ba6\2a5bd02710e975a7\1E81301B1B77C010,0:13231104,2016-12-16 11:19:48-655,2016-12-16 11:19:48-655
Success : APPEND : test2\a94a8fe5ccb19ba6\2F7B847B0047786C,0:9094144,2016-12-16 11:19:48-655,2016-12-16 11:19:48-655
Success : APPEND : test2\a94a8fe5ccb19ba6\2a5bd02710e975a7\178db47a574c645f,0:67012608,2016-12-16 11:19:48-655,2016-12-16 11:19:48-655
Success : SEQ_WRITE : test2\a94a8fe5ccb19ba6\2a5bd02710e975a7\3eef580036f1724a,0:5890048,2016-12-16 11:19:48-655,2016-12-16 11:19:50-115
Success : LS : test2\a94a8fe5ccb19ba6\,0:-1,2016-12-16 11:19:50-115,2016-12-16 11:19:50-115
Success : CREATE_FILE : test2\a94a8fe5ccb19ba6\1C77DC8D768B7515,0:1456834,2016-12-16 11:19:50-115,2016-12-16 11:19:51-103
Success : LS : test2\a94a8fe5ccb19ba6\,0:-1,2016-12-16 11:19:51-103,2016-12-16 11:19:51-103
Success : CREATE_FILE : test2\a94a8fe5ccb19ba6\020FA69275C6A529,0:1312911,2016-12-16 11:19:51-104,2016-12-16 11:19:51-925
Success : LS : test2\a94a8fe5ccb19ba6\,0:-1,2016-12-16 11:19:51-925,2016-12-16 11:19:51-925
Success : CREATE_FILE : test2\a94a8fe5ccb19ba6\097F00FA6D0BBB69,0:828576,2016-12-16 11:19:51-925,2016-12-16 11:19:52-096
Success : LS : test2\a94a8fe5ccb19ba6\,0:-1,2016-12-16 11:19:52-096,2016-12-16 11:19:52-096
Success : CREATE_FILE : test2\a94a8fe5ccb19ba6\2a5bd02710e975a7\72AC1A7958D262B7,0:824566,2016-12-16 11:19:52-096,2016-12-16 11:19:52-475
Success : LS : test2\a94a8fe5ccb19ba6\2a5bd02710e975a7\,0:-1,2016-12-16 11:19:52-476,2016-12-16 11:19:52-476
Success : CREATE_FILE : test2\a94a8fe5ccb19ba6\416DB7E70CD9F786,0:2842671,2016-12-16 11:19:52-476,2016-12-16 11:19:53-291
Success : APPEND : test2\a94a8fe5ccb19ba6\0BF717F13870CD34,0:63373312,2016-12-16 11:19:53-291,2016-12-16 11:19:53-291
Success : SEQ_WRITE : test2\a94a8fe5ccb19ba6\2a5bd02710e975a7\3eef580036f1724a,0:11333632,2016-12-16 11:19:53-291,2016-12-16 11:19:55-027
Success : APPEND : test2\a94a8fe5ccb19ba6\2F7B847B0047786C,0:27754496,2016-12-16 11:19:55-027,2016-12-16 11:19:55-027
Success : RANDOM_READ : test1\c5a5e5562b038073\6670af231c096f09,0:46,2016-12-16 11:19:55-027,2016-12-16 11:19:55-047
Success : APPEND : test2\a94a8fe5ccb19ba6\2a5bd02710e975a7\36BCAF1141FC3535,0:41120768,2016-12-16 11:19:55-047,2016-12-16 11:19:55-047
Success : SEQ_READ : test2\a94a8fe5ccb19ba6\0481BB456B507E22,0:61529088,2016-12-16 11:19:55-047,2016-12-16 11:19:55-250
Success : RANDOM_READ : test2\a94a8fe5ccb19ba6\6192B66B33068AAB,0:21504,2016-12-16 11:19:55-250,2016-12-16 11:19:55-283
Success : APPEND : test2\a94a8fe5ccb19ba6\2a5bd02710e975a7\3D29F56605C742FE,0:19156992,2016-12-16 11:19:55-284,2016-12-16 11:19:55-284
Success : APPEND : test2\a94a8fe5ccb19ba6\2a5bd02710e975a7\3D29F56605C742FE,0:4295680,2016-12-16 11:19:55-284,2016-12-16 11:19:55-284
Success : APPEND : test1\c5a5e5562b038073\a39ea9c72a98de10\41288c58009f7f6a,0:34675712,2016-12-16 11:19:55-284,2016-12-16 11:19:55-284
Success : SEQ_READ : test1\c5a5e5562b038073\88fe52fe40fa2264,0:2048,2016-12-16 11:19:55-284,2016-12-16 11:19:55-306
Success : LS : test2\a94a8fe5ccb19ba6\,0:-1,2016-12-16 11:19:55-306,2016-12-16 11:19:55-306
Success : CREATE_FILE : test2\a94a8fe5ccb19ba6\2a5bd02710e975a7\3187BC4E68851CEE,0:3686753,2016-12-16 11:19:55-306,2016-12-16 11:19:56-223
Success : APPEND : test2\a94a8fe5ccb19ba6\2a5bd02710e975a7\00F4ABF12B0CA6FF,0:17868800,2016-12-16 11:19:56-224,2016-12-16 11:19:56-224
Success : RANDOM_READ : test2\a94a8fe5ccb19ba6\4B8B32E03C38514E,0:60416,2016-12-16 11:19:56-224,2016-12-16 11:19:56-230
Success : APPEND : test2\a94a8fe5ccb19ba6\4B8B32E03C38514E,0:2826240,2016-12-16 11:19:56-231,2016-12-16 11:19:56-231
Success : SEQ_READ : test2\a94a8fe5ccb19ba6\4b6fcb2d521ef0fd,0:1024,2016-12-16 11:19:56-231,2016-12-16 11:19:56-232
Success : LS : test2\a94a8fe5ccb19ba6\2a5bd02710e975a7\,0:-1,2016-12-16 11:19:56-232,2016-12-16 11:19:56-232
Success : CREATE_FILE : test2\a94a8fe5ccb19ba6\2a5bd02710e975a7\4326C4E6499635A4,0:2465559,2016-12-16 11:19:56-233,2016-12-16 11:19:56-670
Success : RANDOM_WRITE : test2\a94a8fe5ccb19ba6\2a5bd02710e975a7\178db47a574c645f,0:33792,2016-12-16 11:19:56-670,2016-12-16 11:19:56-692
Success : APPEND : test2\a94a8fe5ccb19ba6\2a5bd02710e975a7\3eef580036f1724a,0:63648768,2016-12-16 11:19:56-692,2016-12-16 11:19:56-692
Success : LS : test2\a94a8fe5ccb19ba6\2a5bd02710e975a7\,0:-1,2016-12-16 11:19:56-692,2016-12-16 11:19:56-692
Success : CREATE_FILE : test2\a94a8fe5ccb19ba6\2a5bd02710e975a7\11D473A21AE03E42,0:504551,2016-12-16 11:19:56-693,2016-12-16 11:19:57-258
Success : APPEND : test2\a94a8fe5ccb19ba6\6FE01F2B3E5FC6DF,0:29998080,2016-12-16 11:19:57-258,2016-12-16 11:19:57-258
Success : SEQ_READ : test1\c5a5e5562b038073\b0c5d70d7f040bfa,0:11779072,2016-12-16 11:19:57-258,2016-12-16 11:19:57-285
Success : RANDOM_READ : test1\c5a5e5562b038073\a39ea9c72a98de10\11562aa867a5f398,0:2048,2016-12-16 11:19:57-285,2016-12-16 11:19:57-295
Success : APPEND : test1\c5a5e5562b038073\738537f9a40e568b,0:37634048,2016-12-16 11:19:57-295,2016-12-16 11:19:57-295
Success : RANDOM_READ : test2\49f03965cf98b1f5,0:49152,2016-12-16 11:19:57-295,2016-12-16 11:19:57-306
Success : APPEND : test2\a94a8fe5ccb19ba6\2a5bd02710e975a7\1E4892221480B1B3,0:45161472,2016-12-16 11:19:57-306,2016-12-16 11:19:57-306
Success : SEQ_READ : test2\a94a8fe5ccb19ba6\2a5bd02710e975a7\00F4ABF12B0CA6FF,0:5260288,2016-12-16 11:19:57-307,2016-12-16 11:19:57-611
Success : APPEND : test1\c5a5e5562b038073\88fe52fe40fa2264,0:54879232,2016-12-16 11:19:57-612,2016-12-16 11:19:57-612
Success : LS : test2\a94a8fe5ccb19ba6\2a5bd02710e975a7\,0:-1,2016-12-16 11:19:57-612,2016-12-16 11:19:57-612
Success : CREATE_FILE : test2\a94a8fe5ccb19ba6\2a5bd02710e975a7\724E45855A16291F,0:80976,2016-12-16 11:19:57-612,2016-12-16 11:19:57-980
Success : SEQ_WRITE : test2\a94a8fe5ccb19ba6\2a5bd02710e975a7\738E0CF8350B09BB,0:32186368,2016-12-16 11:19:57-980,2016-12-16 11:20:03-043
Success : APPEND : test2\a94a8fe5ccb19ba6\416DB7E70CD9F786,0:18449408,2016-12-16 11:20:03-043,2016-12-16 11:20:03-043
Success : APPEND : test2\a94a8fe5ccb19ba6\2a5bd02710e975a7\1E81301B1B77C010,0:64295936,2016-12-16 11:20:03-043,2016-12-16 11:20:03-043
Success : LS : test2\a94a8fe5ccb19ba6\2a5bd02710e975a7\,0:-1,2016-12-16 11:20:03-043,2016-12-16 11:20:03-043
Success : CREATE_FILE : test2\a94a8fe5ccb19ba6\3410AE7313E71791,0:1749980,2016-12-16 11:20:03-044,2016-12-16 11:20:03-614
Success : RANDOM_READ : test2\a94a8fe5ccb19ba6\4B8B32E03C38514E,0:35840,2016-12-16 11:20:03-614,2016-12-16 11:20:03-636
Success : SEQ_WRITE : test1\c5a5e5562b038073\3c16ab634e85296e,0:4755456,2016-12-16 11:20:03-636,2016-12-16 11:20:04-694
Success : APPEND : test2\a94a8fe5ccb19ba6\6FE01F2B3E5FC6DF,0:58242048,2016-12-16 11:20:04-694,2016-12-16 11:20:04-694
Success : APPEND : test2\bc9c8ba7ff351f3e,0:64488448,2016-12-16 11:20:04-694,2016-12-16 11:20:04-694
Success : LS : test2\a94a8fe5ccb19ba6\,0:-1,2016-12-16 11:20:04-694,2016-12-16 11:20:04-694
Success : CREATE_FILE : test2\a94a8fe5ccb19ba6\44FF67A445EB04B4,0:3246373,2016-12-16 11:20:04-694,2016-12-16 11:20:05-421
Success : LS : test2\a94a8fe5ccb19ba6\,0:-1,2016-12-16 11:20:05-421,2016-12-16 11:20:05-422
Success : CREATE_FILE : test2\a94a8fe5ccb19ba6\077D91211AEE3B56,0:2735775,2016-12-16 11:20:05-422,2016-12-16 11:20:06-184
Success : APPEND : test2\a94a8fe5ccb19ba6\2a5bd02710e975a7\724E45855A16291F,0:46393344,2016-12-16 11:20:06-184,2016-12-16 11:20:06-184
Success : APPEND : test2\a94a8fe5ccb19ba6\3410AE7313E71791,0:52243456,2016-12-16 11:20:06-184,2016-12-16 11:20:06-184
Success : SEQ_READ : test2\a94a8fe5ccb19ba6\2a5bd02710e975a7\00F4ABF12B0CA6FF,0:476160,2016-12-16 11:20:06-184,2016-12-16 11:20:06-227
Success : RANDOM_READ : test1\c5a5e5562b038073\05d1f0ed74e78555,0:21504,2016-12-16 11:20:06-227,2016-12-16 11:20:06-230
Success : LS : test2\a94a8fe5ccb19ba6\,0:-1,2016-12-16 11:20:06-230,2016-12-16 11:20:06-230
Success : CREATE_FILE : test2\a94a8fe5ccb19ba6\2a5bd02710e975a7\6F938E7A3DCF5EBC,0:25446,2016-12-16 11:20:06-231,2016-12-16 11:20:06-397
Success : APPEND : test2\49f03965cf98b1f5,0:35769344,2016-12-16 11:20:06-397,2016-12-16 11:20:06-397
Success : RANDOM_WRITE : test2\a94a8fe5ccb19ba6\3410AE7313E71791,0:36864,2016-12-16 11:20:06-397,2016-12-16 11:20:06-402
Success : APPEND : test2\a94a8fe5ccb19ba6\2a5bd02710e975a7\11D473A21AE03E42,0:23706624,2016-12-16 11:20:06-402,2016-12-16 11:20:06-402
Success : APPEND : test1\c5a5e5562b038073\68ad3077ff5a452a,0:4727808,2016-12-16 11:20:06-402,2016-12-16 11:20:06-402
Success : LS : test2\a94a8fe5ccb19ba6\2a5bd02710e975a7\,0:-1,2016-12-16 11:20:06-402,2016-12-16 11:20:06-402
Success : CREATE_FILE : test2\a94a8fe5ccb19ba6\7F5AE8942601C374,0:331365,2016-12-16 11:20:06-448,2016-12-16 11:20:06-576
Success : LS : test2\a94a8fe5ccb19ba6\,0:-1,2016-12-16 11:20:06-577,2016-12-16 11:20:06-577
Success : SEQ_READ : test2\a94a8fe5ccb19ba6\2a5bd02710e975a7\254d76d2609fec03,0:14071808,2016-12-16 11:20:07-152,2016-12-16 11:20:07-442
Success : SEQ_READ : test2\a94a8fe5ccb19ba6\3410AE7313E71791,0:4209664,2016-12-16 11:20:07-582,2016-12-16 11:20:07-737
Success : RANDOM_WRITE : test2\a94a8fe5ccb19ba6\5A1C869D346CD6F9,0:25600,2016-12-16 11:20:07-765,2016-12-16 11:20:07-769
Success : SEQ_READ : test1\c5a5e5562b038073\a39ea9c72a98de10\aa61f113a9b13deb,0:9801728,2016-12-16 11:20:08-585,2016-12-16 11:20:08-591
Success : RANDOM_READ : test2\a94a8fe5ccb19ba6\6192B66B33068AAB,0:50176,2016-12-16 11:20:08-977,2016-12-16 11:20:08-989
Success : RANDOM_READ : test2\a94a8fe5ccb19ba6\416DB7E70CD9F786,0:43008,2016-12-16 11:20:09-005,2016-12-16 11:20:09-010
Success : APPEND : test2\a94a8fe5ccb19ba6\37A4F41D09B00C6F,0:32401408,2016-12-16 11:20:09-448,2016-12-16 11:20:09-448
Success : SEQ_READ : test2\a94a8fe5ccb19ba6\2a5bd02710e975a7\178db47a574c645f,0:50628608,2016-12-16 11:20:09-888,2016-12-16 11:20:13-460
Success : CREATE_FILE : test2\a94a8fe5ccb19ba6\2a5bd02710e975a7\149B13C96D7A53B5,0:3774680,2016-12-16 11:20:13-460,2016-12-16 11:20:14-002
Success : RANDOM_READ : test1\9832710c94f11d2b,0:28672,2016-12-16 11:20:14-003,2016-12-16 11:20:14-010
Success : RANDOM_READ : test2\a94a8fe5ccb19ba6\3410AE7313E71791,0:5120,2016-12-16 11:20:14-010,2016-12-16 11:20:14-012
Success : RANDOM_READ : test1\c5a5e5562b038073\6670af231c096f09,0:46,2016-12-16 11:20:14-012,2016-12-16 11:20:14-016
Success : APPEND : test2\a94a8fe5ccb19ba6\4b6fcb2d521ef0fd,0:15440896,2016-12-16 11:20:14-016,2016-12-16 11:20:14-016
Success : SEQ_READ : test2\a94a8fe5ccb19ba6\2a5bd02710e975a7\254d76d2609fec03,0:21583872,2016-12-16 11:20:14-016,2016-12-16 11:20:14-307
Success : SEQ_READ : test1\c5a5e5562b038073\7b7f22b30cf50087,0:29620224,2016-12-16 11:20:14-307,2016-12-16 11:20:17-033
Success : RANDOM_WRITE : test1\c5a5e5562b038073\c7734a16bf12bb03,0:39936,2016-12-16 11:20:17-033,2016-12-16 11:20:17-038
Success : RANDOM_READ : test1\f71b43c3136efa4f\c7d9912886e5ccc7\6670af231c096f09,0:45056,2016-12-16 11:20:17-039,2016-12-16 11:20:17-044
Success : APPEND : test1\c5a5e5562b038073\b0c5d70d7f040bfa,0:48507904,2016-12-16 11:20:17-044,2016-12-16 11:20:17-044
Success : RANDOM_READ : test2\a94a8fe5ccb19ba6\2a5bd02710e975a7\738E0CF8350B09BB,0:8192,2016-12-16 11:20:17-044,2016-12-16 11:20:17-046
Success : RANDOM_READ : test2\a94a8fe5ccb19ba6\3410AE7313E71791,0:3072,2016-12-16 11:20:17-046,2016-12-16 11:20:17-052
Success : SEQ_READ : test2\a94a8fe5ccb19ba6\2a5bd02710e975a7\724E45855A16291F,0:2965504,2016-12-16 11:20:17-052,2016-12-16 11:20:17-067
Success : LS : test2\a94a8fe5ccb19ba6\2a5bd02710e975a7\,0:-1,2016-12-16 11:20:17-067,2016-12-16 11:20:17-067
Success : SEQ_WRITE : test2\a94a8fe5ccb19ba6\7F5AE8942601C374,0:8700928,2016-12-16 11:20:17-067,2016-12-16 11:20:18-394
Success : APPEND : test2\a94a8fe5ccb19ba6\7F5AE8942601C374,0:28448768,2016-12-16 11:20:18-394,2016-12-16 11:20:18-394
Success : CREATE_FILE : test2\a94a8fe5ccb19ba6\2a5bd02710e975a7\5C6BB0B7674562E9,0:3103629,2016-12-16 11:20:18-395,2016-12-16 11:20:19-232
Success : SEQ_READ : test2\a94a8fe5ccb19ba6\7F5AE8942601C374,0:26403840,2016-12-16 11:20:19-232,2016-12-16 11:20:20-127
Success : SEQ_READ : test2\a94a8fe5ccb19ba6\0481BB456B507E22,0:265216,2016-12-16 11:20:20-127,2016-12-16 11:20:20-205
Success : SEQ_WRITE : test1\c5a5e5562b038073\2015a7ab48ae9a58,0:18432,2016-12-16 11:20:20-205,2016-12-16 11:20:20-477
Success : APPEND : test2\a94a8fe5ccb19ba6\2a5bd02710e975a7\41F6951E497C6DA9,0:6678528,2016-12-16 11:20:20-477,2016-12-16 11:20:20-477
Success : LS : test2\a94a8fe5ccb19ba6\2a5bd02710e975a7\,0:-1,2016-12-16 11:20:20-477,2016-12-16 11:20:20-477
Success : CREATE_FILE : test2\a94a8fe5ccb19ba6\01FC3E627A8E8764,0:3375788,2016-12-16 11:20:20-478,2016-12-16 11:20:20-968
Success : SEQ_WRITE : test2\a94a8fe5ccb19ba6\2a5bd02710e975a7\4C0D1CEC5B0EF15E,0:25891840,2016-12-16 11:20:20-968,2016-12-16 11:20:24-926
Success : APPEND : test2\a94a8fe5ccb19ba6\2a5bd02710e975a7\4326C4E6499635A4,0:58445824,2016-12-16 11:20:24-926,2016-12-16 11:20:24-926
Success : APPEND : test1\9832710c94f11d2b,0:31085568,2016-12-16 11:20:24-926,2016-12-16 11:20:24-926
Success : LS : test2\a94a8fe5ccb19ba6\,0:-1,2016-12-16 11:20:24-926,2016-12-16 11:20:24-926
Success : CREATE_FILE : test2\a94a8fe5ccb19ba6\2a5bd02710e975a7\0245E4051882C806,0:3752410,2016-12-16 11:20:24-926,2016-12-16 11:20:25-809
Success : LS : test2\a94a8fe5ccb19ba6\2a5bd02710e975a7\,0:-1,2016-12-16 11:20:25-809,2016-12-16 11:20:25-809
Success : CREATE_FILE : test2\a94a8fe5ccb19ba6\2a5bd02710e975a7\327BEE047B78C05F,0:3417877,2016-12-16 11:20:25-810,2016-12-16 11:20:26-844
Success : SEQ_WRITE : test2\a94a8fe5ccb19ba6\2a5bd02710e975a7\11D473A21AE03E42,0:20287488,2016-12-16 11:20:26-844,2016-12-16 11:20:30-047
Success : APPEND : test2\a94a8fe5ccb19ba6\01FC3E627A8E8764,0:66892800,2016-12-16 11:20:30-048,2016-12-16 11:20:30-048
Success : SEQ_READ : test1\c5a5e5562b038073\68ad3077ff5a452a,0:4050944,2016-12-16 11:20:30-048,2016-12-16 11:20:30-050
Success : RANDOM_WRITE : test2\a94a8fe5ccb19ba6\6192B66B33068AAB,0:39936,2016-12-16 11:20:30-050,2016-12-16 11:20:30-055
Success : RANDOM_READ : test1\c5a5e5562b038073\a39ea9c72a98de10\aa61f113a9b13deb,0:50176,2016-12-16 11:20:30-055,2016-12-16 11:20:30-057
Success : LS : test2\a94a8fe5ccb19ba6\2a5bd02710e975a7\,0:-1,2016-12-16 11:20:30-057,2016-12-16 11:20:30-057
Success : CREATE_FILE : test2\a94a8fe5ccb19ba6\1A7951FC00A0B6DF,0:825520,2016-12-16 11:20:30-057,2016-12-16 11:20:30-257
Success : LS : test2\a94a8fe5ccb19ba6\,0:-1,2016-12-16 11:20:30-257,2016-12-16 11:20:30-257
Success : CREATE_FILE : test2\a94a8fe5ccb19ba6\015E7A9B7081A95E,0:2619943,2016-12-16 11:20:30-258,2016-12-16 11:20:30-766
Success : SEQ_READ : test2\a94a8fe5ccb19ba6\2a5bd02710e975a7\4BFD6F3508197895,0:37888,2016-12-16 11:20:30-766,2016-12-16 11:20:30-791
Success : RANDOM_READ : test2\a94a8fe5ccb19ba6\2a5bd02710e975a7\3D29F56605C742FE,0:31744,2016-12-16 11:20:30-792,2016-12-16 11:20:30-813
Success : RANDOM_READ : test2\a94a8fe5ccb19ba6\2a5bd02710e975a7\11D473A21AE03E42,0:31744,2016-12-16 11:20:30-813,2016-12-16 11:20:30-835
Success : APPEND : test1\c5a5e5562b038073\738537f9a40e568b,0:44539904,2016-12-16 11:20:30-836,2016-12-16 11:20:30-836
Success : RANDOM_READ : test1\c5a5e5562b038073\0189424a5a60fed3\46a8219c2ae6c782,0:59392,2016-12-16 11:20:30-836,2016-12-16 11:20:30-857
Success : SEQ_READ : test1\c5a5e5562b038073\a39ea9c72a98de10\41288c58009f7f6a,0:15619072,2016-12-16 11:20:30-857,2016-12-16 11:20:30-875
Success : APPEND : test2\acde102dac5bbe15,0:41562112,2016-12-16 11:20:30-875,2016-12-16 11:20:30-876
Success : LS : test2\a94a8fe5ccb19ba6\,0:-1,2016-12-16 11:20:30-876,2016-12-16 11:20:30-876
Success : CREATE_FILE : test2\a94a8fe5ccb19ba6\09DCBF884D626118,0:603706,2016-12-16 11:20:30-876,2016-12-16 11:20:31-533
Success : APPEND : test2\a94a8fe5ccb19ba6\2a5bd02710e975a7\00F4ABF12B0CA6FF,0:6718464,2016-12-16 11:20:31-533,2016-12-16 11:20:31-533
Success : RANDOM_READ : test1\9832710c94f11d2b,0:55296,2016-12-16 11:20:31-533,2016-12-16 11:20:31-565
Success : LS : test2\a94a8fe5ccb19ba6\,0:-1,2016-12-16 11:20:31-565,2016-12-16 11:20:31-565
Success : CREATE_FILE : test2\a94a8fe5ccb19ba6\2C4A8C575D516D0C,0:1450049,2016-12-16 11:20:31-565,2016-12-16 11:20:32-734
Success : APPEND : test2\acde102dac5bbe15,0:61289472,2016-12-16 11:20:32-734,2016-12-16 11:20:32-734
Success : LS : test2\a94a8fe5ccb19ba6\,0:-1,2016-12-16 11:20:32-734,2016-12-16 11:20:32-735
Success : CREATE_FILE : test2\a94a8fe5ccb19ba6\4ED53A2D3DB1F5EF,0:2053400,2016-12-16 11:20:32-735,2016-12-16 11:20:34-000
Success : RANDOM_READ : test2\a94a8fe5ccb19ba6\01FC3E627A8E8764,0:9216,2016-12-16 11:20:34-000,2016-12-16 11:20:34-011
Success : RANDOM_READ : test2\a94a8fe5ccb19ba6\0BD5E190160697F5,0:21504,2016-12-16 11:20:34-011,2016-12-16 11:20:34-032
Success : LS : test2\a94a8fe5ccb19ba6\,0:-1,2016-12-16 11:20:34-032,2016-12-16 11:20:34-032
Success : CREATE_FILE : test2\a94a8fe5ccb19ba6\751CF64B1E12BED6,0:2590821,2016-12-16 11:20:34-032,2016-12-16 11:20:35-057
Success : LS : test2\a94a8fe5ccb19ba6\,0:-1,2016-12-16 11:20:35-057,2016-12-16 11:20:35-057
Success : CREATE_FILE : test2\a94a8fe5ccb19ba6\2a5bd02710e975a7\4BBAFFF85BDA544E,0:4065768,2016-12-16 11:20:35-058,2016-12-16 11:20:37-357
Success : RANDOM_READ : test2\acde102dac5bbe15,0:6144,2016-12-16 11:20:37-357,2016-12-16 11:20:37-359
Success : APPEND : test1\c5a5e5562b038073\a39ea9c72a98de10\41288c58009f7f6a,0:27365376,2016-12-16 11:20:37-359,2016-12-16 11:20:37-359
Success : APPEND : test1\c5a5e5562b038073\767c14c8beb1e835,0:58357760,2016-12-16 11:20:37-359,2016-12-16 11:20:37-359
Success : LS : test2\a94a8fe5ccb19ba6\2a5bd02710e975a7\,0:-1,2016-12-16 11:20:37-359,2016-12-16 11:20:37-359
Success : CREATE_FILE : test2\a94a8fe5ccb19ba6\2a5bd02710e975a7\14AFB2447DDF5AA4,0:793520,2016-12-16 11:20:37-360,2016-12-16 11:20:38-235
Success : RANDOM_READ : test1\c5a5e5562b038073\738537f9a40e568b,0:51200,2016-12-16 11:20:38-235,2016-12-16 11:20:38-241
Success : APPEND : test2\a94a8fe5ccb19ba6\2C4A8C575D516D0C,0:3294208,2016-12-16 11:20:38-241,2016-12-16 11:20:38-241
Success : LS : test2\a94a8fe5ccb19ba6\2a5bd02710e975a7\,0:-1,2016-12-16 11:20:38-241,2016-12-16 11:20:38-241
Success : CREATE_FILE : test2\a94a8fe5ccb19ba6\00A7D9AA3A8AA9FD,0:1069594,2016-12-16 11:20:38-242,2016-12-16 11:20:38-895
Success : LS : test2\a94a8fe5ccb19ba6\,0:-1,2016-12-16 11:20:38-895,2016-12-16 11:20:38-895
Success : CREATE_FILE : test2\a94a8fe5ccb19ba6\2a5bd02710e975a7\6F68A8C30B0E507A,0:3662303,2016-12-16 11:20:38-895,2016-12-16 11:20:40-302
Success : APPEND : test2\a94a8fe5ccb19ba6\2a5bd02710e975a7\7AE9121E40D1F930,0:7066624,2016-12-16 11:20:40-302,2016-12-16 11:20:40-302
Success : APPEND : test2\a94a8fe5ccb19ba6\015E7A9B7081A95E,0:27246592,2016-12-16 11:20:40-302,2016-12-16 11:20:40-302
Success : RANDOM_READ : test2\a94a8fe5ccb19ba6\4B8B32E03C38514E,0:3072,2016-12-16 11:20:40-302,2016-12-16 11:20:40-304
Success : RANDOM_READ : test2\a94a8fe5ccb19ba6\3410AE7313E71791,0:7168,2016-12-16 11:20:40-304,2016-12-16 11:20:40-306
Success : LS : test2\a94a8fe5ccb19ba6\2a5bd02710e975a7\,0:-1,2016-12-16 11:20:40-306,2016-12-16 11:20:40-306
Success : CREATE_FILE : test2\a94a8fe5ccb19ba6\2a5bd02710e975a7\48C62F2A57DA75FF,0:3048014,2016-12-16 11:20:40-306,2016-12-16 11:20:41-227
Success : SEQ_READ : test2\a94a8fe5ccb19ba6\2a5bd02710e975a7\3D29F56605C742FE,0:15946752,2016-12-16 11:20:41-227,2016-12-16 11:20:41-612
Success : RANDOM_WRITE : test2\a94a8fe5ccb19ba6\2a5bd02710e975a7\57CC9F813F14C1AA,0:28672,2016-12-16 11:20:41-613,2016-12-16 11:20:41-617
Success : APPEND : test1\c5a5e5562b038073\0189424a5a60fed3\46a8219c2ae6c782,0:56980480,2016-12-16 11:20:41-617,2016-12-16 11:20:41-617
Success : LS : test2\a94a8fe5ccb19ba6\2a5bd02710e975a7\,0:-1,2016-12-16 11:20:41-617,2016-12-16 11:20:41-617
Success : CREATE_FILE : test2\a94a8fe5ccb19ba6\2a5bd02710e975a7\76A33A025FECE2F5,0:2859325,2016-12-16 11:20:41-617,2016-12-16 11:20:42-023
Success : LS : test2\a94a8fe5ccb19ba6\2a5bd02710e975a7\,0:-1,2016-12-16 11:20:42-023,2016-12-16 11:20:42-023
Success : CREATE_FILE : test2\a94a8fe5ccb19ba6\536E26E471D7C463,0:3918251,2016-12-16 11:20:42-024,2016-12-16 11:20:43-005
Success : SEQ_WRITE : test1\c5a5e5562b038073\68ad3077ff5a452a,0:743424,2016-12-16 11:20:43-006,2016-12-16 11:20:43-303
Success : APPEND : test2\acde102dac5bbe15,0:61263872,2016-12-16 11:20:43-303,2016-12-16 11:20:43-303
Success : SEQ_READ : test2\a94a8fe5ccb19ba6\2a5bd02710e975a7\178db47a574c645f,0:49494016,2016-12-16 11:20:43-303,2016-12-16 11:20:46-913
Success : SEQ_READ : test1\c5a5e5562b038073\0189424a5a60fed3\46a8219c2ae6c782,0:29612032,2016-12-16 11:20:46-914,2016-12-16 11:20:47-155
Success : LS : test2\a94a8fe5ccb19ba6\,0:-1,2016-12-16 11:20:47-155,2016-12-16 11:20:47-155
Success : CREATE_FILE : test2\a94a8fe5ccb19ba6\2a5bd02710e975a7\5C67EB7D2926311F,0:3459980,2016-12-16 11:20:47-155,2016-12-16 11:20:51-157
Success : LS : test2\a94a8fe5ccb19ba6\2a5bd02710e975a7\,0:-1,2016-12-16 11:20:51-157,2016-12-16 11:20:51-157
Success : CREATE_FILE : test2\a94a8fe5ccb19ba6\2a5bd02710e975a7\63F585B1362FC77C,0:3377486,2016-12-16 11:20:51-157,2016-12-16 11:20:52-116
Success : SEQ_READ : test2\a94a8fe5ccb19ba6\2a5bd02710e975a7\1E4892221480B1B3,0:6661120,2016-12-16 11:20:52-116,2016-12-16 11:20:52-327
Success : APPEND : test1\c5a5e5562b038073\2015a7ab48ae9a58,0:62153728,2016-12-16 11:20:52-327,2016-12-16 11:20:52-327
Success : SEQ_READ : test2\a94a8fe5ccb19ba6\2a5bd02710e975a7\41F6951E497C6DA9,0:508928,2016-12-16 11:20:52-327,2016-12-16 11:20:52-416
Success : RANDOM_WRITE : test2\a94a8fe5ccb19ba6\37A4F41D09B00C6F,0:57344,2016-12-16 11:20:52-416,2016-12-16 11:20:52-428
Success : SEQ_READ : test2\a94a8fe5ccb19ba6\416DB7E70CD9F786,0:12637184,2016-12-16 11:20:52-429,2016-12-16 11:20:54-681
Success : SEQ_WRITE : test2\8da7cc13802eefe0,0:5216256,2016-12-16 11:20:54-681,2016-12-16 11:20:55-709
Success : LS : test2\a94a8fe5ccb19ba6\2a5bd02710e975a7\,0:-1,2016-12-16 11:20:55-709,2016-12-16 11:20:55-709
Success : CREATE_FILE : test2\a94a8fe5ccb19ba6\2a5bd02710e975a7\44B0429044D74C34,0:3503504,2016-12-16 11:20:55-709,2016-12-16 11:20:56-260
Success : LS : test2\a94a8fe5ccb19ba6\2a5bd02710e975a7\,0:-1,2016-12-16 11:20:56-260,2016-12-16 11:20:56-260
Success : CREATE_FILE : test2\a94a8fe5ccb19ba6\2a5bd02710e975a7\1EB1A58E2D8A34FD,0:1917479,2016-12-16 11:20:56-260,2016-12-16 11:20:56-995
Success : LS : test2\a94a8fe5ccb19ba6\2a5bd02710e975a7\,0:-1,2016-12-16 11:20:56-995,2016-12-16 11:20:56-995
Success : CREATE_FILE : test2\a94a8fe5ccb19ba6\2a5bd02710e975a7\74F049D269C7A5B9,0:2775514,2016-12-16 11:20:56-995,2016-12-16 11:20:57-748
Success : APPEND : test2\a94a8fe5ccb19ba6\2a5bd02710e975a7\76A33A025FECE2F5,0:548864,2016-12-16 11:20:57-749,2016-12-16 11:20:57-749
Success : RANDOM_READ : test2\a94a8fe5ccb19ba6\37A4F41D09B00C6F,0:46080,2016-12-16 11:20:57-749,2016-12-16 11:20:57-774
Success : APPEND : test2\a94a8fe5ccb19ba6\4b6fcb2d521ef0fd,0:20662272,2016-12-16 11:20:57-774,2016-12-16 11:20:57-774
Success : RANDOM_WRITE : test1\c5a5e5562b038073\88fe52fe40fa2264,0:5120,2016-12-16 11:20:57-774,2016-12-16 11:20:57-783
Success : RANDOM_WRITE : test2\a94a8fe5ccb19ba6\2a5bd02710e975a7\3D29F56605C742FE,0:13312,2016-12-16 11:20:57-783,2016-12-16 11:20:57-795
Success : SEQ_READ : test1\c5a5e5562b038073\7b7f22b30cf50087,0:4025344,2016-12-16 11:20:57-795,2016-12-16 11:20:58-186
Success : APPEND : test2\a94a8fe5ccb19ba6\2a5bd02710e975a7\63F585B1362FC77C,0:39369728,2016-12-16 11:20:58-186,2016-12-16 11:20:58-186
Success : LS : test2\a94a8fe5ccb19ba6\2a5bd02710e975a7\,0:-1,2016-12-16 11:20:58-186,2016-12-16 11:20:58-186
Success : CREATE_FILE : test2\a94a8fe5ccb19ba6\2a5bd02710e975a7\798BB33F0B167E78,0:3800634,2016-12-16 11:20:58-186,2016-12-16 11:20:59-286
Success : LS : test2\a94a8fe5ccb19ba6\2a5bd02710e975a7\,0:-1,2016-12-16 11:20:59-286,2016-12-16 11:20:59-286
Success : CREATE_FILE : test2\a94a8fe5ccb19ba6\08A30A0B002C487B,0:3690294,2016-12-16 11:20:59-286,2016-12-16 11:21:00-415
Success : APPEND : test1\c5a5e5562b038073\738537f9a40e568b,0:27598848,2016-12-16 11:21:00-415,2016-12-16 11:21:00-415
Success : APPEND : test2\a94a8fe5ccb19ba6\2a5bd02710e975a7\149B13C96D7A53B5,0:6619136,2016-12-16 11:21:00-415,2016-12-16 11:21:00-415
Success : SEQ_WRITE : test2\a94a8fe5ccb19ba6\6192B66B33068AAB,0:12709888,2016-12-16 11:21:00-415,2016-12-16 11:21:03-947
Success : APPEND : test2\a94a8fe5ccb19ba6\2a5bd02710e975a7\74F049D269C7A5B9,0:63665152,2016-12-16 11:21:03-947,2016-12-16 11:21:03-947
Success : RANDOM_WRITE : test2\a94a8fe5ccb19ba6\2a5bd02710e975a7\4C0D1CEC5B0EF15E,0:60416,2016-12-16 11:21:03-948,2016-12-16 11:21:03-971
Success : LS : test2\a94a8fe5ccb19ba6\,0:-1,2016-12-16 11:21:03-971,2016-12-16 11:21:03-971
Success : CREATE_FILE : test2\a94a8fe5ccb19ba6\3C07CBAD3E812354,0:1156664,2016-12-16 11:21:03-972,2016-12-16 11:21:04-897
Success : RANDOM_WRITE : test2\a94a8fe5ccb19ba6\08A30A0B002C487B,0:27648,2016-12-16 11:21:04-897,2016-12-16 11:21:04-901
Success : RANDOM_READ : test2\a94a8fe5ccb19ba6\2a5bd02710e975a7\4326C4E6499635A4,0:16384,2016-12-16 11:21:04-901,2016-12-16 11:21:04-903
Success : SEQ_WRITE : test2\a94a8fe5ccb19ba6\2a5bd02710e975a7\36BCAF1141FC3535,0:13684736,2016-12-16 11:21:04-903,2016-12-16 11:21:07-110
Success : APPEND : test2\a94a8fe5ccb19ba6\2a5bd02710e975a7\724E45855A16291F,0:23797760,2016-12-16 11:21:07-110,2016-12-16 11:21:07-110
Success : RANDOM_WRITE : test2\a94a8fe5ccb19ba6\0BF717F13870CD34,0:18432,2016-12-16 11:21:07-110,2016-12-16 11:21:07-115
Success : APPEND : test1\9832710c94f11d2b,0:50993152,2016-12-16 11:21:07-115,2016-12-16 11:21:07-115
Success : APPEND : test2\a94a8fe5ccb19ba6\08A30A0B002C487B,0:10613760,2016-12-16 11:21:07-115,2016-12-16 11:21:07-115
Success : RANDOM_WRITE : test2\a94a8fe5ccb19ba6\2C4A8C575D516D0C,0:2048,2016-12-16 11:21:07-115,2016-12-16 11:21:07-116
Success : LS : test2\a94a8fe5ccb19ba6\,0:-1,2016-12-16 11:21:07-116,2016-12-16 11:21:07-116
Success : CREATE_FILE : test2\a94a8fe5ccb19ba6\5061C5FD3C96EA88,0:1068824,2016-12-16 11:21:07-116,2016-12-16 11:21:07-299
Success : LS : test2\a94a8fe5ccb19ba6\,0:-1,2016-12-16 11:21:07-299,2016-12-16 11:21:07-299
Success : CREATE_FILE : test2\a94a8fe5ccb19ba6\540B7A933A7573AB,0:2218666,2016-12-16 11:21:07-299,2016-12-16 11:21:07-721
Success : APPEND : test2\a94a8fe5ccb19ba6\2a5bd02710e975a7\5C6BB0B7674562E9,0:66604032,2016-12-16 11:21:07-721,2016-12-16 11:21:07-721
Success : APPEND : test2\a94a8fe5ccb19ba6\1C77DC8D768B7515,0:56600576,2016-12-16 11:21:07-721,2016-12-16 11:21:07-721
Success : SEQ_READ : test1\f71b43c3136efa4f\52481749c0cdecd6\6670af231c096f09,0:129,2016-12-16 11:21:07-721,2016-12-16 11:21:07-723
Success : SEQ_READ : test2\a94a8fe5ccb19ba6\2a5bd02710e975a7\149B13C96D7A53B5,0:4170752,2016-12-16 11:21:07-723,2016-12-16 11:21:08-049
Success : APPEND : test2\a94a8fe5ccb19ba6\2a5bd02710e975a7\1EB1A58E2D8A34FD,0:43661312,2016-12-16 11:21:08-049,2016-12-16 11:21:08-049
Success : APPEND : test2\a94a8fe5ccb19ba6\08A30A0B002C487B,0:54089728,2016-12-16 11:21:08-049,2016-12-16 11:21:08-049
Success : LS : test2\a94a8fe5ccb19ba6\,0:-1,2016-12-16 11:21:08-050,2016-12-16 11:21:08-050
Success : CREATE_FILE : test2\a94a8fe5ccb19ba6\3B1200B344945B19,0:2884944,2016-12-16 11:21:08-050,2016-12-16 11:21:08-929
Success : SEQ_READ : test2\bc9c8ba7ff351f3e,0:5906432,2016-12-16 11:21:08-929,2016-12-16 11:21:08-988
Success : RANDOM_READ : test2\a94a8fe5ccb19ba6\2a5bd02710e975a7\63F585B1362FC77C,0:1024,2016-12-16 11:21:08-988,2016-12-16 11:21:08-998
Success : APPEND : test2\a94a8fe5ccb19ba6\2a5bd02710e975a7\5C67EB7D2926311F,0:66091008,2016-12-16 11:21:08-998,2016-12-16 11:21:08-998
Success : APPEND : test1\c5a5e5562b038073\0189424a5a60fed3\46a8219c2ae6c782,0:49891328,2016-12-16 11:21:08-998,2016-12-16 11:21:08-998
Success : RANDOM_WRITE : test1\c5a5e5562b038073\68ad3077ff5a452a,0:11264,2016-12-16 11:21:08-998,2016-12-16 11:21:09-010
Success : LS : test2\a94a8fe5ccb19ba6\,0:-1,2016-12-16 11:21:09-010,2016-12-16 11:21:09-010
Success : RANDOM_READ : test2\a94a8fe5ccb19ba6\57EEC084283846F4,0:54272,2016-12-16 11:21:09-327,2016-12-16 11:21:09-342
Success : SEQ_WRITE : test2\a94a8fe5ccb19ba6\6FE01F2B3E5FC6DF,0:40349696,2016-12-16 11:21:12-062,2016-12-16 11:21:18-013
Success : CREATE_FILE : test2\a94a8fe5ccb19ba6\4799807C38B5932A,0:3637655,2016-12-16 11:21:18-013,2016-12-16 11:21:18-628
Success : APPEND : test2\a94a8fe5ccb19ba6\0BF717F13870CD34,0:36008960,2016-12-16 11:21:18-628,2016-12-16 11:21:18-628
Success : APPEND : test2\a94a8fe5ccb19ba6\2a5bd02710e975a7\14AFB2447DDF5AA4,0:16422912,2016-12-16 11:21:18-628,2016-12-16 11:21:18-629
Success : RANDOM_WRITE : test2\a94a8fe5ccb19ba6\2a5bd02710e975a7\00F4ABF12B0CA6FF,0:48128,2016-12-16 11:21:18-629,2016-12-16 11:21:18-672
Success : RANDOM_READ : test1\f71b43c3136efa4f\52481749c0cdecd6\6670af231c096f09,0:129,2016-12-16 11:21:18-672,2016-12-16 11:21:18-674
Success : SEQ_READ : test2\a94a8fe5ccb19ba6\2a5bd02710e975a7\1EB1A58E2D8A34FD,0:3107840,2016-12-16 11:21:18-674,2016-12-16 11:21:19-004
Success : SEQ_READ : test1\c5a5e5562b038073\767c14c8beb1e835,0:44466176,2016-12-16 11:21:19-004,2016-12-16 11:21:19-361
Success : APPEND : test2\a94a8fe5ccb19ba6\2a5bd02710e975a7\327BEE047B78C05F,0:59698176,2016-12-16 11:21:19-361,2016-12-16 11:21:19-361
Success : SEQ_READ : test1\c5a5e5562b038073\2d77b1044a6c5c82,0:237568,2016-12-16 11:21:19-361,2016-12-16 11:21:19-382
Success : LS : test2\a94a8fe5ccb19ba6\,0:-1,2016-12-16 11:21:19-383,2016-12-16 11:21:19-383
Success : CREATE_FILE : test2\a94a8fe5ccb19ba6\2a5bd02710e975a7\296308071CEC234C,0:1529048,2016-12-16 11:21:19-383,2016-12-16 11:21:19-685
Success : LS : test2\a94a8fe5ccb19ba6\2a5bd02710e975a7\,0:-1,2016-12-16 11:21:19-685,2016-12-16 11:21:19-685
Success : CREATE_FILE : test2\a94a8fe5ccb19ba6\4E9A6FD90FFD4341,0:1533490,2016-12-16 11:21:19-685,2016-12-16 11:21:19-969
Success : LS : test2\a94a8fe5ccb19ba6\,0:-1,2016-12-16 11:21:19-969,2016-12-16 11:21:19-969
Success : CREATE_FILE : test2\a94a8fe5ccb19ba6\0C77BD5078890D3E,0:1233693,2016-12-16 11:21:19-969,2016-12-16 11:21:20-251
Success : RANDOM_READ : test2\a94a8fe5ccb19ba6\2F7B847B0047786C,0:45056,2016-12-16 11:21:20-251,2016-12-16 11:21:20-278
Success : RANDOM_READ : test2\a94a8fe5ccb19ba6\2a5bd02710e975a7\327BEE047B78C05F,0:14336,2016-12-16 11:21:20-278,2016-12-16 11:21:20-291
Success : RANDOM_READ : test2\a94a8fe5ccb19ba6\3410AE7313E71791,0:62464,2016-12-16 11:21:20-291,2016-12-16 11:21:20-303
Success : SEQ_READ : test1\c5a5e5562b038073\f72cdbcd84f047a5,0:8192,2016-12-16 11:21:20-303,2016-12-16 11:21:20-314
Success : APPEND : test2\a94a8fe5ccb19ba6\2a5bd02710e975a7\14AFB2447DDF5AA4,0:17105920,2016-12-16 11:21:20-314,2016-12-16 11:21:20-314
Success : APPEND : test2\a94a8fe5ccb19ba6\6FE01F2B3E5FC6DF,0:48683008,2016-12-16 11:21:20-314,2016-12-16 11:21:20-314
Success : RANDOM_WRITE : test2\a94a8fe5ccb19ba6\2a5bd02710e975a7\76A33A025FECE2F5,0:17408,2016-12-16 11:21:20-314,2016-12-16 11:21:20-317
Success : RANDOM_READ : test2\bc9c8ba7ff351f3e,0:58368,2016-12-16 11:21:20-317,2016-12-16 11:21:20-336
Success : RANDOM_READ : test2\a94a8fe5ccb19ba6\2a5bd02710e975a7\5C67EB7D2926311F,0:60416,2016-12-16 11:21:20-336,2016-12-16 11:21:20-344
Success : LS : test2\a94a8fe5ccb19ba6\,0:-1,2016-12-16 11:21:20-344,2016-12-16 11:21:20-344
Success : CREATE_FILE : test2\a94a8fe5ccb19ba6\2C593DA90DA87817,0:2971414,2016-12-16 11:21:20-345,2016-12-16 11:21:21-056
Success : LS : test2\a94a8fe5ccb19ba6\,0:-1,2016-12-16 11:21:21-056,2016-12-16 11:21:21-056
Success : CREATE_FILE : test2\a94a8fe5ccb19ba6\4D160CC27F052E15,0:568951,2016-12-16 11:21:21-057,2016-12-16 11:21:21-749
Success : SEQ_READ : test2\a94a8fe5ccb19ba6\1C77DC8D768B7515,0:10230784,2016-12-16 11:21:21-749,2016-12-16 11:21:21-889
Success : LS : test2\a94a8fe5ccb19ba6\,0:-1,2016-12-16 11:21:21-889,2016-12-16 11:21:21-889
Success : CREATE_FILE : test2\a94a8fe5ccb19ba6\2a5bd02710e975a7\1B04214837F497DA,0:943755,2016-12-16 11:21:21-889,2016-12-16 11:21:22-504
Success : LS : test2\a94a8fe5ccb19ba6\2a5bd02710e975a7\,0:-1,2016-12-16 11:21:22-504,2016-12-16 11:21:22-504
Success : CREATE_FILE : test2\a94a8fe5ccb19ba6\6C27C1DB3F4414ED,0:1979416,2016-12-16 11:21:22-504,2016-12-16 11:21:22-946
Success : LS : test2\a94a8fe5ccb19ba6\,0:-1,2016-12-16 11:21:22-946,2016-12-16 11:21:22-946
Success : CREATE_FILE : test2\a94a8fe5ccb19ba6\7A9F184D7B1A7A4E,0:1038991,2016-12-16 11:21:22-946,2016-12-16 11:21:23-464
Success : APPEND : test1\c5a5e5562b038073\2d77b1044a6c5c82,0:4380672,2016-12-16 11:21:23-464,2016-12-16 11:21:23-464
Success : RANDOM_WRITE : test2\a94a8fe5ccb19ba6\2a5bd02710e975a7\63F585B1362FC77C,0:1024,2016-12-16 11:21:23-465,2016-12-16 11:21:23-466
Success : APPEND : test2\a94a8fe5ccb19ba6\3B1200B344945B19,0:55930880,2016-12-16 11:21:23-466,2016-12-16 11:21:23-466
Success : LS : test2\a94a8fe5ccb19ba6\,0:-1,2016-12-16 11:21:23-466,2016-12-16 11:21:23-466
Success : CREATE_FILE : test2\a94a8fe5ccb19ba6\30978B396AB4F283,0:1479682,2016-12-16 11:21:23-466,2016-12-16 11:21:23-801
Success : SEQ_WRITE : test2\a94a8fe5ccb19ba6\3B1200B344945B19,0:11418624,2016-12-16 11:21:23-801,2016-12-16 11:21:25-621
Success : RANDOM_READ : test2\a94a8fe5ccb19ba6\2a5bd02710e975a7\327BEE047B78C05F,0:5120,2016-12-16 11:21:25-622,2016-12-16 11:21:25-628
Success : LS : test2\a94a8fe5ccb19ba6\,0:-1,2016-12-16 11:21:25-628,2016-12-16 11:21:25-628
Success : CREATE_FILE : test2\a94a8fe5ccb19ba6\2A4F8AD93FF210E5,0:1994774,2016-12-16 11:21:25-628,2016-12-16 11:21:26-002
Success : APPEND : test2\a94a8fe5ccb19ba6\6C27C1DB3F4414ED,0:22253568,2016-12-16 11:21:26-002,2016-12-16 11:21:26-002
Success : SEQ_READ : test1\c5a5e5562b038073\a39ea9c72a98de10\11562aa867a5f398,0:2048,2016-12-16 11:21:26-002,2016-12-16 11:21:26-005
Success : RANDOM_READ : test2\acde102dac5bbe15,0:12288,2016-12-16 11:21:26-005,2016-12-16 11:21:26-008
Success : LS : test2\a94a8fe5ccb19ba6\,0:-1,2016-12-16 11:21:26-008,2016-12-16 11:21:26-008
Success : CREATE_FILE : test2\a94a8fe5ccb19ba6\0D82582E16E8777D,0:1934822,2016-12-16 11:21:26-009,2016-12-16 11:21:26-449
Success : SEQ_WRITE : test1\c5a5e5562b038073\a39ea9c72a98de10\aa61f113a9b13deb,0:6411264,2016-12-16 11:21:26-449,2016-12-16 11:21:27-557
Success : APPEND : test2\a94a8fe5ccb19ba6\4799807C38B5932A,0:26537984,2016-12-16 11:21:27-557,2016-12-16 11:21:27-557
Success : APPEND : test2\a94a8fe5ccb19ba6\6C27C1DB3F4414ED,0:34867200,2016-12-16 11:21:27-557,2016-12-16 11:21:27-557
Success : RANDOM_WRITE : test2\a94a8fe5ccb19ba6\2a5bd02710e975a7\724E45855A16291F,0:14336,2016-12-16 11:21:27-557,2016-12-16 11:21:27-560
Success : LS : test2\a94a8fe5ccb19ba6\,0:-1,2016-12-16 11:21:27-560,2016-12-16 11:21:27-560
Success : CREATE_FILE : test2\a94a8fe5ccb19ba6\6CEEB1E239509A07,0:964242,2016-12-16 11:21:27-560,2016-12-16 11:21:27-733
Success : SEQ_WRITE : test2\a94a8fe5ccb19ba6\2a5bd02710e975a7\7AE9121E40D1F930,0:6660096,2016-12-16 11:21:27-733,2016-12-16 11:21:28-989
Success : RANDOM_READ : test2\a94a8fe5ccb19ba6\2a5bd02710e975a7\76A33A025FECE2F5,0:45056,2016-12-16 11:21:28-989,2016-12-16 11:21:28-994
Success : RANDOM_WRITE : test1\f71b43c3136efa4f\83404ffd78f534ff\6670af231c096f09,0:129,2016-12-16 11:21:28-994,2016-12-16 11:21:28-996
Success : LS : test2\a94a8fe5ccb19ba6\,0:-1,2016-12-16 11:21:28-996,2016-12-16 11:21:28-996
Success : CREATE_FILE : test2\a94a8fe5ccb19ba6\2a5bd02710e975a7\4908AB705ADC665F,0:1608790,2016-12-16 11:21:28-996,2016-12-16 11:21:29-506
Success : SEQ_WRITE : test2\a94a8fe5ccb19ba6\015E7A9B7081A95E,0:18302976,2016-12-16 11:21:29-506,2016-12-16 11:21:32-380
Success : RANDOM_WRITE : test2\a94a8fe5ccb19ba6\2a5bd02710e975a7\14AFB2447DDF5AA4,0:54272,2016-12-16 11:21:32-380,2016-12-16 11:21:32-387
Success : LS : test2\a94a8fe5ccb19ba6\2a5bd02710e975a7\,0:-1,2016-12-16 11:21:32-387,2016-12-16 11:21:32-387
Success : CREATE_FILE : test2\a94a8fe5ccb19ba6\2a5bd02710e975a7\74EAF650104EBB1E,0:2027667,2016-12-16 11:21:32-387,2016-12-16 11:21:33-129
Success : APPEND : test2\a94a8fe5ccb19ba6\2a5bd02710e975a7\63F585B1362FC77C,0:47421440,2016-12-16 11:21:33-129,2016-12-16 11:21:33-129
Success : SEQ_WRITE : test2\a94a8fe5ccb19ba6\08A30A0B002C487B,0:46223360,2016-12-16 11:21:33-129,2016-12-16 11:21:40-143
Success : LS : test2\a94a8fe5ccb19ba6\2a5bd02710e975a7\,0:-1,2016-12-16 11:21:40-143,2016-12-16 11:21:40-143
Success : CREATE_FILE : test2\a94a8fe5ccb19ba6\532E8F9C546DF4E8,0:2915611,2016-12-16 11:21:40-143,2016-12-16 11:21:41-132
Success : LS : test2\a94a8fe5ccb19ba6\,0:-1,2016-12-16 11:21:41-132,2016-12-16 11:21:41-132
Success : CREATE_FILE : test2\a94a8fe5ccb19ba6\2a5bd02710e975a7\68FD5ED9280F0B2A,0:3399679,2016-12-16 11:21:41-132,2016-12-16 11:21:42-534
Success : LS : test2\a94a8fe5ccb19ba6\2a5bd02710e975a7\,0:-1,2016-12-16 11:21:42-534,2016-12-16 11:21:42-534
Success : CREATE_FILE : test2\a94a8fe5ccb19ba6\2a5bd02710e975a7\5DD934D20EC809AE,0:2275397,2016-12-16 11:21:42-534,2016-12-16 11:21:43-622
Success : RANDOM_READ : test2\a94a8fe5ccb19ba6\2a5bd02710e975a7\3187BC4E68851CEE,0:53248,2016-12-16 11:21:43-622,2016-12-16 11:21:43-628
Success : APPEND : test1\c5a5e5562b038073\a39ea9c72a98de10\aa61f113a9b13deb,0:4971520,2016-12-16 11:21:43-628,2016-12-16 11:21:43-628
Success : RANDOM_READ : test2\a94a8fe5ccb19ba6\2a5bd02710e975a7\4326C4E6499635A4,0:21504,2016-12-16 11:21:43-628,2016-12-16 11:21:43-634
Success : APPEND : test2\a94a8fe5ccb19ba6\2a5bd02710e975a7\3187BC4E68851CEE,0:22450176,2016-12-16 11:21:43-634,2016-12-16 11:21:43-635
Success : SEQ_READ : test2\a94a8fe5ccb19ba6\2a5bd02710e975a7\14AFB2447DDF5AA4,0:891904,2016-12-16 11:21:43-635,2016-12-16 11:21:43-704
Success : RANDOM_WRITE : test2\a94a8fe5ccb19ba6\6C27C1DB3F4414ED,0:37888,2016-12-16 11:21:43-704,2016-12-16 11:21:43-709
Success : LS : test2\a94a8fe5ccb19ba6\2a5bd02710e975a7\,0:-1,2016-12-16 11:21:43-709,2016-12-16 11:21:43-709
Success : CREATE_FILE : test2\a94a8fe5ccb19ba6\7D16D0E84E0A688F,0:1328215,2016-12-16 11:21:43-709,2016-12-16 11:21:43-940
Success : LS : test2\a94a8fe5ccb19ba6\,0:-1,2016-12-16 11:21:43-940,2016-12-16 11:21:43-940
Success : CREATE_FILE : test2\a94a8fe5ccb19ba6\2a5bd02710e975a7\7CEF9F3A633A7F9A,0:1084864,2016-12-16 11:21:43-940,2016-12-16 11:21:44-243
Success : SEQ_WRITE : test2\a94a8fe5ccb19ba6\2a5bd02710e975a7\1EB1A58E2D8A34FD,0:12474368,2016-12-16 11:21:44-244,2016-12-16 11:21:46-310
Success : APPEND : test2\a94a8fe5ccb19ba6\2a5bd02710e975a7\4908AB705ADC665F,0:67020800,2016-12-16 11:21:46-310,2016-12-16 11:21:46-310
Success : APPEND : test2\a94a8fe5ccb19ba6\2a5bd02710e975a7\1EB1A58E2D8A34FD,0:45345792,2016-12-16 11:21:46-310,2016-12-16 11:21:46-310
Success : SEQ_READ : test1\c5a5e5562b038073\c7abaf0419c47a1d,0:712704,2016-12-16 11:21:46-310,2016-12-16 11:21:46-391
Success : APPEND : test2\a94a8fe5ccb19ba6\2C4A8C575D516D0C,0:36315136,2016-12-16 11:21:46-391,2016-12-16 11:21:46-391
Success : SEQ_WRITE : test2\a94a8fe5ccb19ba6\2a5bd02710e975a7\5C6BB0B7674562E9,0:30920704,2016-12-16 11:21:46-391,2016-12-16 11:21:51-743
Success : RANDOM_WRITE : test1\c5a5e5562b038073\a39ea9c72a98de10\11562aa867a5f398,0:2048,2016-12-16 11:21:51-743,2016-12-16 11:21:51-744
Success : SEQ_READ : test1\c5a5e5562b038073\0189424a5a60fed3\feb6a1968982109d,0:59824128,2016-12-16 11:21:51-744,2016-12-16 11:21:56-596
Success : LS : test2\a94a8fe5ccb19ba6\2a5bd02710e975a7\,0:-1,2016-12-16 11:21:56-596,2016-12-16 11:21:56-596
Success : CREATE_FILE : test2\a94a8fe5ccb19ba6\487A929624C2DC6A,0:157120,2016-12-16 11:21:56-596,2016-12-16 11:21:56-785
Success : RANDOM_READ : test2\a94a8fe5ccb19ba6\3B1200B344945B19,0:1024,2016-12-16 11:21:56-785,2016-12-16 11:21:56-786
Success : APPEND : test2\a94a8fe5ccb19ba6\2a5bd02710e975a7\4908AB705ADC665F,0:58003456,2016-12-16 11:21:56-786,2016-12-16 11:21:56-786
Success : APPEND : test2\a94a8fe5ccb19ba6\532E8F9C546DF4E8,0:2739200,2016-12-16 11:21:56-786,2016-12-16 11:21:56-786
Success : SEQ_READ : test2\a94a8fe5ccb19ba6\2a5bd02710e975a7\327BEE047B78C05F,0:3856384,2016-12-16 11:21:56-786,2016-12-16 11:21:57-081
Success : RANDOM_WRITE : test1\c5a5e5562b038073\0caa882bd1034750,0:17408,2016-12-16 11:21:57-081,2016-12-16 11:21:57-085
Success : APPEND : test2\a94a8fe5ccb19ba6\2a5bd02710e975a7\738E0CF8350B09BB,0:2552832,2016-12-16 11:21:57-085,2016-12-16 11:21:57-085
Success : SEQ_READ : test2\a94a8fe5ccb19ba6\2a5bd02710e975a7\3D29F56605C742FE,0:13852672,2016-12-16 11:21:57-085,2016-12-16 11:21:57-458
Success : SEQ_READ : test2\a94a8fe5ccb19ba6\015E7A9B7081A95E,0:16386048,2016-12-16 11:21:57-458,2016-12-16 11:21:59-000
Success : SEQ_READ : test1\c5a5e5562b038073\738537f9a40e568b,0:12700672,2016-12-16 11:21:59-000,2016-12-16 11:22:00-116
Success : RANDOM_WRITE : test2\a94a8fe5ccb19ba6\2a5bd02710e975a7\4908AB705ADC665F,0:64512,2016-12-16 11:22:00-116,2016-12-16 11:22:00-123
Success : SEQ_READ : test2\a94a8fe5ccb19ba6\2a5bd02710e975a7\4908AB705ADC665F,0:41879552,2016-12-16 11:22:00-123,2016-12-16 11:22:00-279
Success : SEQ_WRITE : test2\a94a8fe5ccb19ba6\2a5bd02710e975a7\5C67EB7D2926311F,0:26145792,2016-12-16 11:22:00-279,2016-12-16 11:22:05-182
Success : APPEND : test2\a94a8fe5ccb19ba6\6CEEB1E239509A07,0:23842816,2016-12-16 11:22:05-182,2016-12-16 11:22:05-182
Success : APPEND : test2\a94a8fe5ccb19ba6\2A4F8AD93FF210E5,0:41967616,2016-12-16 11:22:05-182,2016-12-16 11:22:05-182
Success : APPEND : test2\a94a8fe5ccb19ba6\2a5bd02710e975a7\7AE9121E40D1F930,0:10228736,2016-12-16 11:22:05-182,2016-12-16 11:22:05-182
Success : LS : test2\a94a8fe5ccb19ba6\,0:-1,2016-12-16 11:22:05-182,2016-12-16 11:22:05-182
Success : CREATE_FILE : test2\a94a8fe5ccb19ba6\059F87F32E02E5C3,0:762059,2016-12-16 11:22:05-183,2016-12-16 11:22:05-476
Success : APPEND : test2\a94a8fe5ccb19ba6\37A4F41D09B00C6F,0:15125504,2016-12-16 11:22:05-476,2016-12-16 11:22:05-476
Success : SEQ_READ : test2\a94a8fe5ccb19ba6\532E8F9C546DF4E8,0:2488320,2016-12-16 11:22:05-476,2016-12-16 11:22:05-713
Success : RANDOM_READ : test2\1a7683b6645f9b6a,0:45056,2016-12-16 11:22:05-713,2016-12-16 11:22:05-720
Success : SEQ_READ : test2\a94a8fe5ccb19ba6\2A4F8AD93FF210E5,0:35488768,2016-12-16 11:22:05-720,2016-12-16 11:22:05-919
Success : SEQ_READ : test2\a94a8fe5ccb19ba6\2a5bd02710e975a7\57CC9F813F14C1AA,0:10281984,2016-12-16 11:22:05-919,2016-12-16 11:22:05-999
Success : APPEND : test1\c5a5e5562b038073\05d1f0ed74e78555,0:63217664,2016-12-16 11:22:05-999,2016-12-16 11:22:05-999
Success : APPEND : test2\a94a8fe5ccb19ba6\2a5bd02710e975a7\6C5D927154BE5B88,0:7402496,2016-12-16 11:22:05-999,2016-12-16 11:22:05-999
Success : RANDOM_WRITE : test2\a94a8fe5ccb19ba6\2a5bd02710e975a7\63F585B1362FC77C,0:59392,2016-12-16 11:22:05-999,2016-12-16 11:22:06-017
Success : RANDOM_READ : test2\a94a8fe5ccb19ba6\5A1C869D346CD6F9,0:41984,2016-12-16 11:22:06-017,2016-12-16 11:22:06-029
Success : SEQ_READ : test2\a94a8fe5ccb19ba6\2a5bd02710e975a7\76A33A025FECE2F5,0:186368,2016-12-16 11:22:06-029,2016-12-16 11:22:06-053
Success : LS : test2\a94a8fe5ccb19ba6\,0:-1,2016-12-16 11:22:06-053,2016-12-16 11:22:06-053
Success : CREATE_FILE : test2\a94a8fe5ccb19ba6\2a5bd02710e975a7\4E20FE1B6BCE8E3E,0:1863668,2016-12-16 11:22:06-053,2016-12-16 11:22:06-763
Success : SEQ_READ : test1\9832710c94f11d2b,0:16149504,2016-12-16 11:22:06-763,2016-12-16 11:22:08-186
Success : RANDOM_READ : test2\a94a8fe5ccb19ba6\2a5bd02710e975a7\327BEE047B78C05F,0:28672,2016-12-16 11:22:08-186,2016-12-16 11:22:08-199
Success : APPEND : test2\a94a8fe5ccb19ba6\2A4F8AD93FF210E5,0:64844800,2016-12-16 11:22:08-199,2016-12-16 11:22:08-199
Success : LS : test2\a94a8fe5ccb19ba6\2a5bd02710e975a7\,0:-1,2016-12-16 11:22:08-199,2016-12-16 11:22:08-199
Success : CREATE_FILE : test2\a94a8fe5ccb19ba6\2a5bd02710e975a7\67518B1356040A4C,0:36945,2016-12-16 11:22:08-199,2016-12-16 11:22:08-507
Success : APPEND : test2\a94a8fe5ccb19ba6\32D66F3147EEB181,0:9780224,2016-12-16 11:22:08-507,2016-12-16 11:22:08-507
Success : SEQ_READ : test1\c5a5e5562b038073\a39ea9c72a98de10\4a90c52e52d54ede,0:18804736,2016-12-16 11:22:08-507,2016-12-16 11:22:10-139
Success : APPEND : test1\c5a5e5562b038073\f72cdbcd84f047a5,0:29563904,2016-12-16 11:22:10-139,2016-12-16 11:22:10-139
Success : RANDOM_WRITE : test2\a94a8fe5ccb19ba6\2A4F8AD93FF210E5,0:49152,2016-12-16 11:22:10-139,2016-12-16 11:22:10-157
Success : LS : test2\a94a8fe5ccb19ba6\2a5bd02710e975a7\,0:-1,2016-12-16 11:22:10-157,2016-12-16 11:22:10-157
Success : CREATE_FILE : test2\a94a8fe5ccb19ba6\2a5bd02710e975a7\7AA77D25169AC9BD,0:2513597,2016-12-16 11:22:10-157,2016-12-16 11:22:11-033
Success : LS : test2\a94a8fe5ccb19ba6\2a5bd02710e975a7\,0:-1,2016-12-16 11:22:11-033,2016-12-16 11:22:11-033
Success : CREATE_FILE : test2\a94a8fe5ccb19ba6\2a5bd02710e975a7\73889DCC18FB1E43,0:1629476,2016-12-16 11:22:11-033,2016-12-16 11:22:12-471
Success : LS : test2\a94a8fe5ccb19ba6\2a5bd02710e975a7\,0:-1,2016-12-16 11:22:12-471,2016-12-16 11:22:12-471
Success : CREATE_FILE : test2\a94a8fe5ccb19ba6\4B46F4E76EEFC282,0:2741988,2016-12-16 11:22:12-471,2016-12-16 11:22:13-315
Success : APPEND : test2\a94a8fe5ccb19ba6\2a5bd02710e975a7\327BEE047B78C05F,0:64212992,2016-12-16 11:22:13-316,2016-12-16 11:22:13-316
Success : SEQ_WRITE : test2\a94a8fe5ccb19ba6\2a5bd02710e975a7\738E0CF8350B09BB,0:35238912,2016-12-16 11:22:13-316,2016-12-16 11:22:19-530
Success : RANDOM_READ : test1\c5a5e5562b038073\3c16ab634e85296e,0:5120,2016-12-16 11:22:19-530,2016-12-16 11:22:19-532
Success : RANDOM_READ : test2\a94a8fe5ccb19ba6\2a5bd02710e975a7\4C0D1CEC5B0EF15E,0:58368,2016-12-16 11:22:19-532,2016-12-16 11:22:19-539
Success : APPEND : test2\a94a8fe5ccb19ba6\2a5bd02710e975a7\738E0CF8350B09BB,0:41341952,2016-12-16 11:22:19-539,2016-12-16 11:22:19-539
Success : LS : test2\a94a8fe5ccb19ba6\,0:-1,2016-12-16 11:22:19-539,2016-12-16 11:22:19-539
Success : CREATE_FILE : test2\a94a8fe5ccb19ba6\2a5bd02710e975a7\11E3CAD5444A5A52,0:3446127,2016-12-16 11:22:19-539,2016-12-16 11:22:20-599
Success : LS : test2\a94a8fe5ccb19ba6\2a5bd02710e975a7\,0:-1,2016-12-16 11:22:20-600,2016-12-16 11:22:20-600
Success : CREATE_FILE : test2\a94a8fe5ccb19ba6\3C1EBA9A0DB29CE0,0:3047691,2016-12-16 11:22:20-600,2016-12-16 11:22:21-275
Success : SEQ_READ : test2\a94a8fe5ccb19ba6\08A30A0B002C487B,0:42765312,2016-12-16 11:22:21-275,2016-12-16 11:22:25-095
Success : RANDOM_READ : test2\a94a8fe5ccb19ba6\2a5bd02710e975a7\6C5D927154BE5B88,0:48128,2016-12-16 11:22:25-095,2016-12-16 11:22:25-128
Success : APPEND : test2\bc9c8ba7ff351f3e,0:61346816,2016-12-16 11:22:25-128,2016-12-16 11:22:25-128
Success : APPEND : test2\a94a8fe5ccb19ba6\4b6fcb2d521ef0fd,0:11994112,2016-12-16 11:22:25-128,2016-12-16 11:22:25-128
Success : SEQ_READ : test1\f71b43c3136efa4f\83404ffd78f534ff\6670af231c096f09,0:129,2016-12-16 11:22:25-128,2016-12-16 11:22:25-139
Success : APPEND : test1\c5a5e5562b038073\a39ea9c72a98de10\f398de59988a85e5,0:58200064,2016-12-16 11:22:25-139,2016-12-16 11:22:25-139
Success : SEQ_READ : test2\a94a8fe5ccb19ba6\32D66F3147EEB181,0:5372928,2016-12-16 11:22:25-139,2016-12-16 11:22:25-370
Success : APPEND : test1\c5a5e5562b038073\a39ea9c72a98de10\4a90c52e52d54ede,0:2700288,2016-12-16 11:22:25-370,2016-12-16 11:22:25-370
Success : LS : test2\a94a8fe5ccb19ba6\,0:-1,2016-12-16 11:22:25-370,2016-12-16 11:22:25-370
Success : CREATE_FILE : test2\a94a8fe5ccb19ba6\2a5bd02710e975a7\0A2FEC4142F80B38,0:29849,2016-12-16 11:22:25-370,2016-12-16 11:22:26-079
Success : LS : test2\a94a8fe5ccb19ba6\2a5bd02710e975a7\,0:-1,2016-12-16 11:22:26-079,2016-12-16 11:22:26-079
Success : CREATE_FILE : test2\a94a8fe5ccb19ba6\49A55EBC131E2178,0:1418354,2016-12-16 11:22:26-079,2016-12-16 11:22:26-636
Success : LS : test2\a94a8fe5ccb19ba6\,0:-1,2016-12-16 11:22:26-636,2016-12-16 11:22:26-636
Success : CREATE_FILE : test2\a94a8fe5ccb19ba6\03D247561D533EF9,0:2433443,2016-12-16 11:22:26-636,2016-12-16 11:22:27-682
Success : APPEND : test1\c5a5e5562b038073\a39ea9c72a98de10\aa61f113a9b13deb,0:29713408,2016-12-16 11:22:27-682,2016-12-16 11:22:27-682
Success : APPEND : test2\a94a8fe5ccb19ba6\4D160CC27F052E15,0:59758592,2016-12-16 11:22:27-682,2016-12-16 11:22:27-682
Success : RANDOM_WRITE : test2\a94a8fe5ccb19ba6\01FC3E627A8E8764,0:64512,2016-12-16 11:22:27-682,2016-12-16 11:22:27-689
Success : APPEND : test1\c5a5e5562b038073\b0c5d70d7f040bfa,0:40266752,2016-12-16 11:22:27-689,2016-12-16 11:22:27-689
Success : RANDOM_READ : test2\a94a8fe5ccb19ba6\2a5bd02710e975a7\5C67EB7D2926311F,0:16384,2016-12-16 11:22:27-689,2016-12-16 11:22:27-692
Success : APPEND : test1\c5a5e5562b038073\b0c5d70d7f040bfa,0:10408960,2016-12-16 11:22:27-692,2016-12-16 11:22:27-692
Success : SEQ_WRITE : test2\a94a8fe5ccb19ba6\2a5bd02710e975a7\63F585B1362FC77C,0:60135424,2016-12-16 11:22:27-692,2016-12-16 11:22:35-303
Success : RANDOM_WRITE : test1\c5a5e5562b038073\7b7f22b30cf50087,0:64512,2016-12-16 11:22:35-303,2016-12-16 11:22:35-310
Success : RANDOM_WRITE : test2\a94a8fe5ccb19ba6\2a5bd02710e975a7\14AFB2447DDF5AA4,0:58368,2016-12-16 11:22:35-310,2016-12-16 11:22:35-318
Success : LS : test2\a94a8fe5ccb19ba6\,0:-1,2016-12-16 11:22:35-318,2016-12-16 11:22:35-318
Success : CREATE_FILE : test2\a94a8fe5ccb19ba6\2a5bd02710e975a7\41C9F8A25C030D62,0:1505765,2016-12-16 11:22:35-319,2016-12-16 11:22:36-734
Success : SEQ_READ : test2\a94a8fe5ccb19ba6\2a5bd02710e975a7\738E0CF8350B09BB,0:64686080,2016-12-16 11:22:36-734,2016-12-16 11:22:39-848
Success : SEQ_WRITE : test2\a94a8fe5ccb19ba6\2a5bd02710e975a7\254d76d2609fec03,0:3376128,2016-12-16 11:22:39-848,2016-12-16 11:22:40-589
Success : RANDOM_WRITE : test2\a94a8fe5ccb19ba6\6C27C1DB3F4414ED,0:23552,2016-12-16 11:22:40-589,2016-12-16 11:22:40-592
Success : RANDOM_WRITE : test2\a94a8fe5ccb19ba6\6C27C1DB3F4414ED,0:11264,2016-12-16 11:22:40-592,2016-12-16 11:22:40-594
Success : SEQ_READ : test2\a94a8fe5ccb19ba6\6FE01F2B3E5FC6DF,0:44967936,2016-12-16 11:22:40-594,2016-12-16 11:22:44-415
Success : SEQ_READ : test2\a94a8fe5ccb19ba6\2a5bd02710e975a7\327BEE047B78C05F,0:51449856,2016-12-16 11:22:44-415,2016-12-16 11:22:44-752
Success : APPEND : test2\a94a8fe5ccb19ba6\0481BB456B507E22,0:9165824,2016-12-16 11:22:44-752,2016-12-16 11:22:44-752
Success : APPEND : test1\9832710c94f11d2b,0:37466112,2016-12-16 11:22:44-752,2016-12-16 11:22:44-752
Success : APPEND : test2\a94a8fe5ccb19ba6\2a5bd02710e975a7\73889DCC18FB1E43,0:66760704,2016-12-16 11:22:44-752,2016-12-16 11:22:44-752
Success : LS : test2\a94a8fe5ccb19ba6\2a5bd02710e975a7\,0:-1,2016-12-16 11:22:44-752,2016-12-16 11:22:44-752
Success : CREATE_FILE : test2\a94a8fe5ccb19ba6\58F78A45594EE2A9,0:3608942,2016-12-16 11:22:44-752,2016-12-16 11:22:45-515
Success : SEQ_READ : test2\a94a8fe5ccb19ba6\01FC3E627A8E8764,0:1403904,2016-12-16 11:22:45-515,2016-12-16 11:22:45-638
Success : SEQ_READ : test2\a94a8fe5ccb19ba6\2a5bd02710e975a7\4326C4E6499635A4,0:17172480,2016-12-16 11:22:45-638,2016-12-16 11:22:45-867
Success : SEQ_WRITE : test2\a94a8fe5ccb19ba6\2a5bd02710e975a7\73889DCC18FB1E43,0:16927744,2016-12-16 11:22:45-867,2016-12-16 11:22:48-382
Success : SEQ_WRITE : test2\a94a8fe5ccb19ba6\2a5bd02710e975a7\76A33A025FECE2F5,0:460800,2016-12-16 11:22:48-382,2016-12-16 11:22:48-691
Success : APPEND : test2\a94a8fe5ccb19ba6\2a5bd02710e975a7\0245E4051882C806,0:4780032,2016-12-16 11:22:48-691,2016-12-16 11:22:48-691
Success : SEQ_READ : test2\a94a8fe5ccb19ba6\6CEEB1E239509A07,0:17512448,2016-12-16 11:22:48-691,2016-12-16 11:22:48-782
Success : RANDOM_READ : test2\a94a8fe5ccb19ba6\01FC3E627A8E8764,0:52224,2016-12-16 11:22:48-782,2016-12-16 11:22:48-791
Success : LS : test2\a94a8fe5ccb19ba6\,0:-1,2016-12-16 11:22:48-791,2016-12-16 11:22:48-791
Success : CREATE_FILE : test2\a94a8fe5ccb19ba6\28CB810C29B0BDE0,0:3584414,2016-12-16 11:22:48-791,2016-12-16 11:22:49-773
Success : LS : test2\a94a8fe5ccb19ba6\,0:-1,2016-12-16 11:22:49-773,2016-12-16 11:22:49-773
Success : CREATE_FILE : test2\a94a8fe5ccb19ba6\701FC9A76D401F41,0:3212891,2016-12-16 11:22:49-773,2016-12-16 11:22:50-646
Success : LS : test2\a94a8fe5ccb19ba6\,0:-1,2016-12-16 11:22:50-646,2016-12-16 11:22:50-646
Success : CREATE_FILE : test2\a94a8fe5ccb19ba6\2a5bd02710e975a7\6907E0833D4B30CE,0:2260712,2016-12-16 11:22:50-647,2016-12-16 11:22:51-023
Success : LS : test2\a94a8fe5ccb19ba6\2a5bd02710e975a7\,0:-1,2016-12-16 11:22:51-023,2016-12-16 11:22:51-023
Success : CREATE_FILE : test2\a94a8fe5ccb19ba6\3E1E0A9C70400A29,0:2198424,2016-12-16 11:22:51-023,2016-12-16 11:22:51-395
Success : SEQ_READ : test1\c5a5e5562b038073\f72cdbcd84f047a5,0:16231424,2016-12-16 11:22:51-395,2016-12-16 11:22:51-548
Success : SEQ_READ : test1\c5a5e5562b038073\a39ea9c72a98de10\f398de59988a85e5,0:31628288,2016-12-16 11:22:51-548,2016-12-16 11:22:51-565
Success : SEQ_READ : test2\a94a8fe5ccb19ba6\2a5bd02710e975a7\4908AB705ADC665F,0:38259712,2016-12-16 11:22:51-565,2016-12-16 11:22:51-719
Success : APPEND : test2\a94a8fe5ccb19ba6\3C07CBAD3E812354,0:23425024,2016-12-16 11:22:51-720,2016-12-16 11:22:51-720
Success : APPEND : test2\a94a8fe5ccb19ba6\58F78A45594EE2A9,0:11492352,2016-12-16 11:22:51-720,2016-12-16 11:22:51-720
Success : SEQ_READ : test1\c5a5e5562b038073\2d77b1044a6c5c82,0:5120,2016-12-16 11:22:51-720,2016-12-16 11:22:51-722
Success : LS : test2\a94a8fe5ccb19ba6\,0:-1,2016-12-16 11:22:51-722,2016-12-16 11:22:51-722
Success : CREATE_FILE : test2\a94a8fe5ccb19ba6\74527C6048E03F92,0:2866116,2016-12-16 11:22:51-722,2016-12-16 11:22:52-497
Success : LS : test2\a94a8fe5ccb19ba6\,0:-1,2016-12-16 11:22:52-497,2016-12-16 11:22:52-497
Success : CREATE_FILE : test2\a94a8fe5ccb19ba6\2a5bd02710e975a7\70EC2A3B2FB0FEAA,0:574856,2016-12-16 11:22:52-497,2016-12-16 11:22:52-737
Success : LS : test2\a94a8fe5ccb19ba6\2a5bd02710e975a7\,0:-1,2016-12-16 11:22:52-737,2016-12-16 11:22:52-737
Success : CREATE_FILE : test2\a94a8fe5ccb19ba6\2BA23BA41397ED33,0:3632040,2016-12-16 11:22:52-737,2016-12-16 11:22:53-717
Success : LS : test2\a94a8fe5ccb19ba6\,0:-1,2016-12-16 11:22:53-717,2016-12-16 11:22:53-717
Success : CREATE_FILE : test2\a94a8fe5ccb19ba6\2a5bd02710e975a7\13E180BF40FF436E,0:3447176,2016-12-16 11:22:53-717,2016-12-16 11:22:54-311
Success : APPEND : test2\a94a8fe5ccb19ba6\2a5bd02710e975a7\48C62F2A57DA75FF,0:22991872,2016-12-16 11:22:54-311,2016-12-16 11:22:54-311
Success : RANDOM_WRITE : test2\a94a8fe5ccb19ba6\2a5bd02710e975a7\73889DCC18FB1E43,0:31744,2016-12-16 11:22:54-311,2016-12-16 11:22:54-315
Success : APPEND : test1\c5a5e5562b038073\05d1f0ed74e78555,0:2758656,2016-12-16 11:22:54-315,2016-12-16 11:22:54-315
Success : RANDOM_WRITE : test1\c5a5e5562b038073\7b7f22b30cf50087,0:65536,2016-12-16 11:22:54-315,2016-12-16 11:22:54-322
Success : LS : test2\a94a8fe5ccb19ba6\2a5bd02710e975a7\,0:-1,2016-12-16 11:22:54-322,2016-12-16 11:22:54-322
Success : CREATE_FILE : test2\a94a8fe5ccb19ba6\2a5bd02710e975a7\6E1DFB082DF5BE53,0:2250251,2016-12-16 11:22:54-322,2016-12-16 11:22:54-786
Success : LS : test2\a94a8fe5ccb19ba6\2a5bd02710e975a7\,0:-1,2016-12-16 11:22:54-786,2016-12-16 11:22:54-786
Success : CREATE_FILE : test2\a94a8fe5ccb19ba6\60876C494C88E93A,0:3779243,2016-12-16 11:22:54-786,2016-12-16 11:22:55-302
Success : LS : test2\a94a8fe5ccb19ba6\,0:-1,2016-12-16 11:22:55-302,2016-12-16 11:22:55-302
Success : CREATE_FILE : test2\a94a8fe5ccb19ba6\3185BB6D5BAF2F2B,0:3353014,2016-12-16 11:22:55-303,2016-12-16 11:22:55-814
Success : RANDOM_WRITE : test2\a94a8fe5ccb19ba6\2a5bd02710e975a7\63F585B1362FC77C,0:64512,2016-12-16 11:22:55-814,2016-12-16 11:22:55-821
Success : APPEND : test2\a94a8fe5ccb19ba6\2C593DA90DA87817,0:29517824,2016-12-16 11:22:55-821,2016-12-16 11:22:55-821
Success : RANDOM_READ : test1\c5a5e5562b038073\0caa882bd1034750,0:39936,2016-12-16 11:22:55-821,2016-12-16 11:22:55-826
Success : LS : test2\a94a8fe5ccb19ba6\,0:-1,2016-12-16 11:22:55-826,2016-12-16 11:22:55-826
Success : CREATE_FILE : test2\a94a8fe5ccb19ba6\2a5bd02710e975a7\282078BB45489535,0:87281,2016-12-16 11:22:55-826,2016-12-16 11:22:55-871
Success : RANDOM_READ : test2\a94a8fe5ccb19ba6\2a5bd02710e975a7\738E0CF8350B09BB,0:30720,2016-12-16 11:22:55-871,2016-12-16 11:22:55-875
Success : LS : test2\a94a8fe5ccb19ba6\2a5bd02710e975a7\,0:-1,2016-12-16 11:22:55-875,2016-12-16 11:22:55-875
Success : CREATE_FILE : test2\a94a8fe5ccb19ba6\367497AF636EA0BD,0:145026,2016-12-16 11:22:55-875,2016-12-16 11:22:55-968
Success : LS : test2\a94a8fe5ccb19ba6\,0:-1,2016-12-16 11:22:55-968,2016-12-16 11:22:55-968
Success : SEQ_READ : test2\a94a8fe5ccb19ba6\2a5bd02710e975a7\738E0CF8350B09BB,0:31147008,2016-12-16 11:22:55-988,2016-12-16 11:22:58-671
Success : APPEND : test2\a94a8fe5ccb19ba6\3185BB6D5BAF2F2B,0:62929920,2016-12-16 11:22:58-671,2016-12-16 11:22:58-671
Success : RANDOM_READ : test2\a94a8fe5ccb19ba6\2a5bd02710e975a7\5C67EB7D2926311F,0:34816,2016-12-16 11:22:58-671,2016-12-16 11:22:58-675
Success : SEQ_READ : test1\9832710c94f11d2b,0:10825728,2016-12-16 11:22:58-675,2016-12-16 11:22:59-611
Success : APPEND : test2\a94a8fe5ccb19ba6\57EEC084283846F4,0:34145280,2016-12-16 11:22:59-611,2016-12-16 11:22:59-612
Success : SEQ_READ : test2\a94a8fe5ccb19ba6\2A4F8AD93FF210E5,0:15952896,2016-12-16 11:22:59-612,2016-12-16 11:22:59-794
Success : SEQ_READ : test2\a94a8fe5ccb19ba6\2a5bd02710e975a7\0245E4051882C806,0:3843072,2016-12-16 11:22:59-794,2016-12-16 11:23:00-123
Success : RANDOM_WRITE : test2\a94a8fe5ccb19ba6\2a5bd02710e975a7\74F049D269C7A5B9,0:25600,2016-12-16 11:23:00-123,2016-12-16 11:23:00-127
Success : SEQ_READ : test2\a94a8fe5ccb19ba6\08A30A0B002C487B,0:48387072,2016-12-16 11:23:00-127,2016-12-16 11:23:04-114
Success : APPEND : test2\a94a8fe5ccb19ba6\6FE01F2B3E5FC6DF,0:17948672,2016-12-16 11:23:04-115,2016-12-16 11:23:04-115
Success : RANDOM_READ : test2\a94a8fe5ccb19ba6\0481BB456B507E22,0:39936,2016-12-16 11:23:04-115,2016-12-16 11:23:04-120
Success : RANDOM_WRITE : test2\a94a8fe5ccb19ba6\0BF717F13870CD34,0:12288,2016-12-16 11:23:04-120,2016-12-16 11:23:04-123
Success : CREATE_FILE : test2\a94a8fe5ccb19ba6\696AA8820D6F30F0,0:3109277,2016-12-16 11:23:04-123,2016-12-16 11:23:04-809
Success : SEQ_READ : test2\a94a8fe5ccb19ba6\015E7A9B7081A95E,0:3812352,2016-12-16 11:23:04-809,2016-12-16 11:23:05-139
Success : LS : test2\a94a8fe5ccb19ba6\,0:-1,2016-12-16 11:23:05-139,2016-12-16 11:23:05-139
Success : CREATE_FILE : test2\a94a8fe5ccb19ba6\7B6601EA0DDD6F70,0:2613190,2016-12-16 11:23:05-139,2016-12-16 11:23:05-535
Success : APPEND : test2\a94a8fe5ccb19ba6\2F7B847B0047786C,0:37524480,2016-12-16 11:23:05-535,2016-12-16 11:23:05-535
Success : RANDOM_READ : test2\a94a8fe5ccb19ba6\2C4A8C575D516D0C,0:9216,2016-12-16 11:23:05-535,2016-12-16 11:23:05-537
Success : RANDOM_READ : test2\a94a8fe5ccb19ba6\2a5bd02710e975a7\14AFB2447DDF5AA4,0:65536,2016-12-16 11:23:05-537,2016-12-16 11:23:05-544
Success : LS : test2\a94a8fe5ccb19ba6\,0:-1,2016-12-16 11:23:05-544,2016-12-16 11:23:05-544
Success : CREATE_FILE : test2\a94a8fe5ccb19ba6\384E54C74BF74DCC,0:981181,2016-12-16 11:23:06-493,2016-12-16 11:23:06-702
Success : LS : test2\a94a8fe5ccb19ba6\,0:-1,2016-12-16 11:23:06-702,2016-12-16 11:23:06-702
Success : RANDOM_READ : test1\c5a5e5562b038073\a39ea9c72a98de10\11562aa867a5f398,0:1024,2016-12-16 11:23:06-732,2016-12-16 11:23:06-733
Success : CREATE_FILE : test2\a94a8fe5ccb19ba6\2a5bd02710e975a7\1CA8AF59594ABFB9,0:570240,2016-12-16 11:23:06-832,2016-12-16 11:23:06-968
Success : LS : test2\a94a8fe5ccb19ba6\2a5bd02710e975a7\,0:-1,2016-12-16 11:23:06-968,2016-12-16 11:23:06-968
Success : SEQ_WRITE : test1\f71b43c3136efa4f\52481749c0cdecd6\6670af231c096f09,0:129,2016-12-16 11:23:07-115,2016-12-16 11:23:07-152
Success : SEQ_READ : test2\a94a8fe5ccb19ba6\2a5bd02710e975a7\74F049D269C7A5B9,0:56638464,2016-12-16 11:23:07-319,2016-12-16 11:23:07-581
Success : CREATE_FILE : test2\a94a8fe5ccb19ba6\693A2D5E3DE4D78C,0:57067,2016-12-16 11:23:08-685,2016-12-16 11:23:08-750
Success : LS : test2\a94a8fe5ccb19ba6\,0:-1,2016-12-16 11:23:08-751,2016-12-16 11:23:08-751
Success : CREATE_FILE : test2\a94a8fe5ccb19ba6\2a5bd02710e975a7\64BED7610B2F97F1,0:248153,2016-12-16 11:23:08-751,2016-12-16 11:23:08-847
Success : APPEND : test2\a94a8fe5ccb19ba6\020FA69275C6A529,0:41616384,2016-12-16 11:23:08-847,2016-12-16 11:23:08-847
Success : LS : test2\a94a8fe5ccb19ba6\2a5bd02710e975a7\,0:-1,2016-12-16 11:23:08-847,2016-12-16 11:23:08-847
Success : RANDOM_WRITE : test2\a94a8fe5ccb19ba6\2a5bd02710e975a7\5C67EB7D2926311F,0:40960,2016-12-16 11:23:09-418,2016-12-16 11:23:09-423
Success : CREATE_FILE : test2\a94a8fe5ccb19ba6\2a5bd02710e975a7\2B5B444B2D6ED448,0:2560998,2016-12-16 11:23:09-683,2016-12-16 11:23:10-033
Success : LS : test2\a94a8fe5ccb19ba6\2a5bd02710e975a7\,0:-1,2016-12-16 11:23:10-033,2016-12-16 11:23:10-033
Success : APPEND : test2\a94a8fe5ccb19ba6\2a5bd02710e975a7\48C62F2A57DA75FF,0:61679616,2016-12-16 11:23:10-667,2016-12-16 11:23:10-667
Success : CREATE_FILE : test2\a94a8fe5ccb19ba6\2a5bd02710e975a7\0E7D86C4294411B9,0:311610,2016-12-16 11:23:11-567,2016-12-16 11:23:11-668
Success : LS : test2\a94a8fe5ccb19ba6\2a5bd02710e975a7\,0:-1,2016-12-16 11:23:11-668,2016-12-16 11:23:11-668
Success : SEQ_READ : test2\a94a8fe5ccb19ba6\2a5bd02710e975a7\5C6BB0B7674562E9,0:15368192,2016-12-16 11:23:12-823,2016-12-16 11:23:14-155
Success : SEQ_WRITE : test1\c5a5e5562b038073\7b7f22b30cf50087,0:26108928,2016-12-16 11:23:14-155,2016-12-16 11:23:17-479
Success : APPEND : test1\c5a5e5562b038073\0189424a5a60fed3\46a8219c2ae6c782,0:43323392,2016-12-16 11:23:17-479,2016-12-16 11:23:17-479
Success : SEQ_READ : test2\a94a8fe5ccb19ba6\2a5bd02710e975a7\36BCAF1141FC3535,0:38217728,2016-12-16 11:23:17-479,2016-12-16 11:23:18-669
Success : CREATE_FILE : test2\a94a8fe5ccb19ba6\34970841479378A2,0:1324701,2016-12-16 11:23:18-669,2016-12-16 11:23:19-010
Success : RANDOM_READ : test2\a94a8fe5ccb19ba6\2a5bd02710e975a7\4326C4E6499635A4,0:22528,2016-12-16 11:23:19-010,2016-12-16 11:23:19-014
Success : APPEND : test1\c5a5e5562b038073\6670af231c096f09,0:51661824,2016-12-16 11:23:19-014,2016-12-16 11:23:19-014
Success : SEQ_WRITE : test2\6c33a983eec1b409,0:1024,2016-12-16 11:23:19-014,2016-12-16 11:23:19-260
Success : SEQ_READ : test1\c5a5e5562b038073\0189424a5a60fed3\feb6a1968982109d,0:36601856,2016-12-16 11:23:19-260,2016-12-16 11:23:22-419
Success : APPEND : test2\a94a8fe5ccb19ba6\693A2D5E3DE4D78C,0:19416064,2016-12-16 11:23:22-419,2016-12-16 11:23:22-419
Success : SEQ_WRITE : test2\a94a8fe5ccb19ba6\4799807C38B5932A,0:19088384,2016-12-16 11:23:22-419,2016-12-16 11:23:25-107
Success : RANDOM_READ : test2\a94a8fe5ccb19ba6\020FA69275C6A529,0:36864,2016-12-16 11:23:25-107,2016-12-16 11:23:25-112
Success : APPEND : test2\a94a8fe5ccb19ba6\2a5bd02710e975a7\282078BB45489535,0:14111744,2016-12-16 11:23:25-112,2016-12-16 11:23:25-112
Success : LS : test2\a94a8fe5ccb19ba6\,0:-1,2016-12-16 11:23:25-112,2016-12-16 11:23:25-112
Success : CREATE_FILE : test2\a94a8fe5ccb19ba6\2a5bd02710e975a7\5A0EB76A54F61A7B,0:1586423,2016-12-16 11:23:25-112,2016-12-16 11:23:25-646
Success : RANDOM_WRITE : test2\a94a8fe5ccb19ba6\6C27C1DB3F4414ED,0:45056,2016-12-16 11:23:25-646,2016-12-16 11:23:25-652
Success : RANDOM_READ : test2\a94a8fe5ccb19ba6\01FC3E627A8E8764,0:38912,2016-12-16 11:23:25-652,2016-12-16 11:23:25-656
Success : RANDOM_WRITE : test2\a94a8fe5ccb19ba6\5A1C869D346CD6F9,0:4096,2016-12-16 11:23:25-656,2016-12-16 11:23:25-658
Success : RANDOM_READ : test2\a94a8fe5ccb19ba6\1C77DC8D768B7515,0:52224,2016-12-16 11:23:25-658,2016-12-16 11:23:25-664
Success : APPEND : test2\a94a8fe5ccb19ba6\693A2D5E3DE4D78C,0:56775680,2016-12-16 11:23:25-664,2016-12-16 11:23:25-664
Success : APPEND : test2\a94a8fe5ccb19ba6\34970841479378A2,0:15474688,2016-12-16 11:23:25-664,2016-12-16 11:23:25-664
Success : RANDOM_READ : test2\a94a8fe5ccb19ba6\58F78A45594EE2A9,0:27648,2016-12-16 11:23:25-664,2016-12-16 11:23:25-668
Success : APPEND : test2\a94a8fe5ccb19ba6\2a5bd02710e975a7\254d76d2609fec03,0:52488192,2016-12-16 11:23:25-668,2016-12-16 11:23:25-668
Success : SEQ_READ : test1\f71b43c3136efa4f\c7d9912886e5ccc7\6670af231c096f09,0:8967168,2016-12-16 11:23:25-668,2016-12-16 11:23:25-672
Success : LS : test2\a94a8fe5ccb19ba6\2a5bd02710e975a7\,0:-1,2016-12-16 11:23:25-672,2016-12-16 11:23:25-672
Success : CREATE_FILE : test2\a94a8fe5ccb19ba6\594EE28800025C4A,0:1669670,2016-12-16 11:23:25-672,2016-12-16 11:23:25-937
Success : RANDOM_WRITE : test2\a94a8fe5ccb19ba6\6FE01F2B3E5FC6DF,0:62464,2016-12-16 11:23:25-937,2016-12-16 11:23:25-944
Success : APPEND : test2\a94a8fe5ccb19ba6\49A55EBC131E2178,0:51698688,2016-12-16 11:23:25-944,2016-12-16 11:23:25-944
Success : SEQ_READ : test2\a94a8fe5ccb19ba6\6C27C1DB3F4414ED,0:17302528,2016-12-16 11:23:25-944,2016-12-16 11:23:26-126
Success : SEQ_READ : test2\a94a8fe5ccb19ba6\2a5bd02710e975a7\4C0D1CEC5B0EF15E,0:30653440,2016-12-16 11:23:26-126,2016-12-16 11:23:28-366
Success : APPEND : test2\a94a8fe5ccb19ba6\2a5bd02710e975a7\0E7D86C4294411B9,0:36005888,2016-12-16 11:23:28-367,2016-12-16 11:23:28-367
Success : APPEND : test2\a94a8fe5ccb19ba6\2a5bd02710e975a7\64BED7610B2F97F1,0:33807360,2016-12-16 11:23:28-367,2016-12-16 11:23:28-367
Success : LS : test2\a94a8fe5ccb19ba6\,0:-1,2016-12-16 11:23:28-367,2016-12-16 11:23:28-367
Success : CREATE_FILE : test2\a94a8fe5ccb19ba6\2a5bd02710e975a7\5C2C7474218A9A17,0:1581984,2016-12-16 11:23:28-367,2016-12-16 11:23:28-677
Success : APPEND : test2\6c33a983eec1b409,0:6513664,2016-12-16 11:23:28-678,2016-12-16 11:23:28-678
Success : RANDOM_READ : test2\a94a8fe5ccb19ba6\693A2D5E3DE4D78C,0:19456,2016-12-16 11:23:28-678,2016-12-16 11:23:28-681
Success : SEQ_READ : test2\a94a8fe5ccb19ba6\4799807C38B5932A,0:18085888,2016-12-16 11:23:28-681,2016-12-16 11:23:30-238
Success : LS : test2\a94a8fe5ccb19ba6\2a5bd02710e975a7\,0:-1,2016-12-16 11:23:30-238,2016-12-16 11:23:30-238
Success : CREATE_FILE : test2\a94a8fe5ccb19ba6\2D16F8A163E84053,0:1174686,2016-12-16 11:23:30-238,2016-12-16 11:23:30-669
Success : SEQ_WRITE : test2\a94a8fe5ccb19ba6\2a5bd02710e975a7\1E4892221480B1B3,0:23267328,2016-12-16 11:23:30-669,2016-12-16 11:23:33-670
Success : LS : test2\a94a8fe5ccb19ba6\,0:-1,2016-12-16 11:23:33-670,2016-12-16 11:23:33-670
Success : CREATE_FILE : test2\a94a8fe5ccb19ba6\749A99CF03D36AE9,0:855515,2016-12-16 11:23:33-670,2016-12-16 11:23:33-836
Success : APPEND : test2\a94a8fe5ccb19ba6\2a5bd02710e975a7\41C9F8A25C030D62,0:60913664,2016-12-16 11:23:33-836,2016-12-16 11:23:33-836
Success : APPEND : test1\c5a5e5562b038073\a39ea9c72a98de10\aa61f113a9b13deb,0:11670528,2016-12-16 11:23:33-837,2016-12-16 11:23:33-837
Success : APPEND : test2\a94a8fe5ccb19ba6\384E54C74BF74DCC,0:58515456,2016-12-16 11:23:33-837,2016-12-16 11:23:33-837
Success : LS : test2\a94a8fe5ccb19ba6\,0:-1,2016-12-16 11:23:33-837,2016-12-16 11:23:33-837
Success : CREATE_FILE : test2\a94a8fe5ccb19ba6\2a5bd02710e975a7\443FDFA55C7CC4C9,0:2313879,2016-12-16 11:23:33-837,2016-12-16 11:23:34-185
Success : RANDOM_WRITE : test2\a94a8fe5ccb19ba6\2a5bd02710e975a7\282078BB45489535,0:3072,2016-12-16 11:23:34-185,2016-12-16 11:23:34-186
Success : LS : test2\a94a8fe5ccb19ba6\2a5bd02710e975a7\,0:-1,2016-12-16 11:23:34-186,2016-12-16 11:23:34-186
Success : CREATE_FILE : test2\a94a8fe5ccb19ba6\568939B045572314,0:3482860,2016-12-16 11:23:34-187,2016-12-16 11:23:34-687
Success : LS : test2\a94a8fe5ccb19ba6\,0:-1,2016-12-16 11:23:34-687,2016-12-16 11:23:34-687
Success : CREATE_FILE : test2\a94a8fe5ccb19ba6\2a5bd02710e975a7\0654E1F713C5911E,0:2439711,2016-12-16 11:23:34-687,2016-12-16 11:23:35-061
Success : APPEND : test2\a94a8fe5ccb19ba6\2a5bd02710e975a7\0E7D86C4294411B9,0:50277376,2016-12-16 11:23:35-061,2016-12-16 11:23:35-061
Success : RANDOM_WRITE : test2\a94a8fe5ccb19ba6\384E54C74BF74DCC,0:59392,2016-12-16 11:23:35-061,2016-12-16 11:23:35-067
Success : SEQ_READ : test2\a94a8fe5ccb19ba6\2a5bd02710e975a7\282078BB45489535,0:3921920,2016-12-16 11:23:35-067,2016-12-16 11:23:35-077
Success : SEQ_READ : test1\c5a5e5562b038073\0189424a5a60fed3\46a8219c2ae6c782,0:5910528,2016-12-16 11:23:35-077,2016-12-16 11:23:35-216
Success : SEQ_READ : test2\a94a8fe5ccb19ba6\693A2D5E3DE4D78C,0:6864896,2016-12-16 11:23:35-216,2016-12-16 11:23:35-225
Success : APPEND : test2\a94a8fe5ccb19ba6\7D16D0E84E0A688F,0:32335872,2016-12-16 11:23:35-225,2016-12-16 11:23:35-226
Success : SEQ_READ : test2\a94a8fe5ccb19ba6\384E54C74BF74DCC,0:1135616,2016-12-16 11:23:35-226,2016-12-16 11:23:35-312
Success : RANDOM_READ : test1\c5a5e5562b038073\a39ea9c72a98de10\11562aa867a5f398,0:2048,2016-12-16 11:23:35-312,2016-12-16 11:23:35-313
Success : APPEND : test2\a94a8fe5ccb19ba6\7A9F184D7B1A7A4E,0:50593792,2016-12-16 11:23:35-313,2016-12-16 11:23:35-313
Success : LS : test2\a94a8fe5ccb19ba6\2a5bd02710e975a7\,0:-1,2016-12-16 11:23:35-313,2016-12-16 11:23:35-313
Success : SEQ_WRITE : test2\a94a8fe5ccb19ba6\7D16D0E84E0A688F,0:15816704,2016-12-16 11:23:35-313,2016-12-16 11:23:37-468
Success : APPEND : test2\a94a8fe5ccb19ba6\0C77BD5078890D3E,0:29667328,2016-12-16 11:23:37-468,2016-12-16 11:23:37-468
Success : APPEND : test2\a94a8fe5ccb19ba6\2a5bd02710e975a7\72AC1A7958D262B7,0:33654784,2016-12-16 11:23:37-468,2016-12-16 11:23:37-468
Success : APPEND : test2\a94a8fe5ccb19ba6\2a5bd02710e975a7\5C2C7474218A9A17,0:63857664,2016-12-16 11:23:37-468,2016-12-16 11:23:37-468
Success : APPEND : test2\a94a8fe5ccb19ba6\749A99CF03D36AE9,0:64290816,2016-12-16 11:23:37-468,2016-12-16 11:23:37-468
Success : SEQ_READ : test2\a94a8fe5ccb19ba6\532E8F9C546DF4E8,0:286720,2016-12-16 11:23:37-468,2016-12-16 11:23:37-494
Success : APPEND : test2\a94a8fe5ccb19ba6\2a5bd02710e975a7\6C5D927154BE5B88,0:62159872,2016-12-16 11:23:37-739,2016-12-16 11:23:37-739
Success : SEQ_WRITE : test2\a94a8fe5ccb19ba6\2a5bd02710e975a7\41F6951E497C6DA9,0:2096128,2016-12-16 11:23:37-797,2016-12-16 11:23:38-155
Success : CREATE_FILE : test2\a94a8fe5ccb19ba6\012A722B437EDCB5,0:3239188,2016-12-16 11:23:38-155,2016-12-16 11:23:38-832
Success : SEQ_READ : test2\a94a8fe5ccb19ba6\4B8B32E03C38514E,0:655360,2016-12-16 11:23:38-832,2016-12-16 11:23:38-889
Success : RANDOM_READ : test2\a94a8fe5ccb19ba6\2a5bd02710e975a7\1EB1A58E2D8A34FD,0:12288,2016-12-16 11:23:38-889,2016-12-16 11:23:38-892
Success : RANDOM_WRITE : test2\a94a8fe5ccb19ba6\3B1200B344945B19,0:51200,2016-12-16 11:23:38-892,2016-12-16 11:23:38-898
Success : RANDOM_READ : test2\a94a8fe5ccb19ba6\2a5bd02710e975a7\5C2C7474218A9A17,0:52224,2016-12-16 11:23:38-898,2016-12-16 11:23:38-904
Success : LS : test2\a94a8fe5ccb19ba6\,0:-1,2016-12-16 11:23:38-904,2016-12-16 11:23:38-904
Success : CREATE_FILE : test2\a94a8fe5ccb19ba6\5720EE057FB80293,0:4601,2016-12-16 11:23:38-904,2016-12-16 11:23:38-994
Success : RANDOM_READ : test2\a94a8fe5ccb19ba6\2a5bd02710e975a7\72AC1A7958D262B7,0:56320,2016-12-16 11:23:38-994,2016-12-16 11:23:39-000
Success : RANDOM_WRITE : test1\c5a5e5562b038073\6670af231c096f09,0:40960,2016-12-16 11:23:39-000,2016-12-16 11:23:39-002
Success : LS : test2\a94a8fe5ccb19ba6\,0:-1,2016-12-16 11:23:39-002,2016-12-16 11:23:39-002
Success : CREATE_FILE : test2\a94a8fe5ccb19ba6\2a5bd02710e975a7\272255747706273C,0:2443597,2016-12-16 11:23:39-223,2016-12-16 11:23:39-579
Success : APPEND : test1\c5a5e5562b038073\b0c5d70d7f040bfa,0:42252288,2016-12-16 11:23:39-579,2016-12-16 11:23:39-579
Success : LS : test2\a94a8fe5ccb19ba6\2a5bd02710e975a7\,0:-1,2016-12-16 11:23:39-579,2016-12-16 11:23:39-579
Success : SEQ_WRITE : test2\a94a8fe5ccb19ba6\384E54C74BF74DCC,0:53821440,2016-12-16 11:23:40-607,2016-12-16 11:23:47-290
Success : CREATE_FILE : test2\a94a8fe5ccb19ba6\06D006D834578469,0:387553,2016-12-16 11:23:47-290,2016-12-16 11:23:48-004
Success : APPEND : test2\a94a8fe5ccb19ba6\2a5bd02710e975a7\44B0429044D74C34,0:45120512,2016-12-16 11:23:48-004,2016-12-16 11:23:48-004
Success : SEQ_WRITE : test2\a94a8fe5ccb19ba6\34970841479378A2,0:7058432,2016-12-16 11:23:48-004,2016-12-16 11:23:48-958
Success : SEQ_WRITE : test2\a94a8fe5ccb19ba6\2a5bd02710e975a7\1EB1A58E2D8A34FD,0:34183168,2016-12-16 11:23:48-958,2016-12-16 11:23:53-310
Success : RANDOM_WRITE : test2\a94a8fe5ccb19ba6\34970841479378A2,0:49152,2016-12-16 11:23:53-310,2016-12-16 11:23:53-316
Success : RANDOM_READ : test1\c5a5e5562b038073\a39ea9c72a98de10\aa61f113a9b13deb,0:27648,2016-12-16 11:23:53-316,2016-12-16 11:23:53-320
Success : SEQ_READ : test2\a94a8fe5ccb19ba6\0BF717F13870CD34,0:13859840,2016-12-16 11:23:53-320,2016-12-16 11:23:53-564
Success : APPEND : test2\a94a8fe5ccb19ba6\2a5bd02710e975a7\6E1DFB082DF5BE53,0:45203456,2016-12-16 11:23:53-564,2016-12-16 11:23:53-564
Success : LS : test2\a94a8fe5ccb19ba6\,0:-1,2016-12-16 11:23:53-564,2016-12-16 11:23:53-564
Success : CREATE_FILE : test2\a94a8fe5ccb19ba6\2a5bd02710e975a7\5C8331132BD8BB95,0:1174534,2016-12-16 11:23:53-565,2016-12-16 11:23:54-157
Success : APPEND : test2\a94a8fe5ccb19ba6\2a5bd02710e975a7\78AE251552B5E4A8,0:29529088,2016-12-16 11:23:54-157,2016-12-16 11:23:54-157
Success : RANDOM_READ : test1\9832710c94f11d2b,0:53248,2016-12-16 11:23:54-157,2016-12-16 11:23:54-163
Success : LS : test2\a94a8fe5ccb19ba6\2a5bd02710e975a7\,0:-1,2016-12-16 11:23:54-163,2016-12-16 11:23:54-163
Success : CREATE_FILE : test2\a94a8fe5ccb19ba6\76809F7A36894291,0:2829657,2016-12-16 11:23:54-163,2016-12-16 11:23:54-711
Success : LS : test2\a94a8fe5ccb19ba6\,0:-1,2016-12-16 11:23:54-711,2016-12-16 11:23:54-711
