Fail : LS : test1,0:-1,2016-12-15 10:11:58-654,2016-12-15 10:11:58-655
Reason : java.lang.StringIndexOutOfBoundsException: String index out of range: -1
Success : SEQ_READ : test1\f71b43c3136efa4f\9f93e73d6896cb7b\6670af231c096f09,0:129,2016-12-15 10:11:58-794,2016-12-15 10:11:59-054
Success : SEQ_READ : test2\a94a8fe5ccb19ba6\2a5bd02710e975a7\254d76d2609fec03,0:2291,2016-12-15 10:11:59-132,2016-12-15 10:11:59-285
Success : CREATE_FILE : test2\a94a8fe5ccb19ba6\088237507E24938C,0:987684,2016-12-15 10:11:59-360,2016-12-15 10:11:59-692
Success : LS : test2\a94a8fe5ccb19ba6\,0:-1,2016-12-15 10:11:59-815,2016-12-15 10:12:00-023
Success : CREATE_FILE : test2\a94a8fe5ccb19ba6\734CDD0A4BE6A040,0:1482836,2016-12-15 10:12:00-105,2016-12-15 10:12:00-922
Success : LS : test1\c5a5e5562b038073\a39ea9c72a98de10\,0:-1,2016-12-15 10:12:01-011,2016-12-15 10:12:01-211
Success : SEQ_READ : test1\c5a5e5562b038073\6670af231c096f09,0:46,2016-12-15 10:12:01-381,2016-12-15 10:12:01-557
Success : SEQ_READ : test2\1a7683b6645f9b6a,0:14529,2016-12-15 10:12:01-668,2016-12-15 10:12:01-857
Success : SEQ_READ : test1\c5a5e5562b038073\a39ea9c72a98de10\4a90c52e52d54ede,0:1048,2016-12-15 10:12:01-953,2016-12-15 10:12:02-095
Success : LS : test2\a94a8fe5ccb19ba6\,0:-1,2016-12-15 10:12:02-197,2016-12-15 10:12:02-377
Success : CREATE_FILE : test2\a94a8fe5ccb19ba6\2a5bd02710e975a7\6F2CEBBA70FBA1BE,0:1670031,2016-12-15 10:12:02-473,2016-12-15 10:12:03-469
Success : SEQ_READ : test2\8da7cc13802eefe0,0:22987191,2016-12-15 10:12:03-582,2016-12-15 10:12:03-746
Success : LS : test2\a94a8fe5ccb19ba6\,0:-1,2016-12-15 10:12:03-836,2016-12-15 10:12:03-993
Success : LS : test2\a94a8fe5ccb19ba6\2a5bd02710e975a7\,0:-1,2016-12-15 10:12:04-075,2016-12-15 10:12:04-277
Success : CREATE_FILE : test2\a94a8fe5ccb19ba6\16D6C26E171C55E0,0:2218788,2016-12-15 10:12:04-381,2016-12-15 10:12:06-806
Success : LS : test1\c5a5e5562b038073\,0:-1,2016-12-15 10:12:07-028,2016-12-15 10:12:07-566
Success : LS : test2\a94a8fe5ccb19ba6\,0:-1,2016-12-15 10:12:07-737,2016-12-15 10:12:07-913
Success : CREATE_FILE : test2\a94a8fe5ccb19ba6\2a5bd02710e975a7\225B9F230B12E32A,0:4069705,2016-12-15 10:12:08-012,2016-12-15 10:12:11-737
Fail : LS : test1,0:-1,2016-12-15 10:12:11-852,2016-12-15 10:12:11-853
Reason : java.lang.StringIndexOutOfBoundsException: String index out of range: -1
Success : SEQ_READ : test1\c5a5e5562b038073\b0c5d70d7f040bfa,0:17408,2016-12-15 10:12:11-942,2016-12-15 10:12:12-119
Success : SEQ_READ : test2\a94a8fe5ccb19ba6\2a5bd02710e975a7\178db47a574c645f,0:257,2016-12-15 10:12:12-218,2016-12-15 10:12:12-408
Success : LS : test2\a94a8fe5ccb19ba6\2a5bd02710e975a7\,0:-1,2016-12-15 10:12:12-507,2016-12-15 10:12:12-704
Success : CREATE_FILE : test2\a94a8fe5ccb19ba6\11C1A4677E878E48,0:2923300,2016-12-15 10:12:12-813,2016-12-15 10:12:15-105
Success : SEQ_READ : test2\acde102dac5bbe15,0:6030,2016-12-15 10:12:15-222,2016-12-15 10:12:15-456
Success : SEQ_READ : test2\49f03965cf98b1f5,0:1634,2016-12-15 10:12:15-530,2016-12-15 10:12:15-665
Success : SEQ_READ : test2\8da7cc13802eefe0,0:22987191,2016-12-15 10:12:15-757,2016-12-15 10:12:15-900
Success : LS : test1\c5a5e5562b038073\a39ea9c72a98de10\,0:-1,2016-12-15 10:12:15-976,2016-12-15 10:12:16-118
Success : LS : test1\c5a5e5562b038073\,0:-1,2016-12-15 10:12:16-198,2016-12-15 10:12:16-352
Success : LS : test2\a94a8fe5ccb19ba6\,0:-1,2016-12-15 10:12:16-426,2016-12-15 10:12:16-607
Success : CREATE_FILE : test2\a94a8fe5ccb19ba6\2a5bd02710e975a7\60BB92B861822ED6,0:2141305,2016-12-15 10:12:16-718,2016-12-15 10:12:18-192
Success : LS : test1\f71b43c3136efa4f\52481749c0cdecd6\,0:-1,2016-12-15 10:12:18-298,2016-12-15 10:12:18-530
Success : LS : test1\c5a5e5562b038073\a39ea9c72a98de10\,0:-1,2016-12-15 10:12:18-674,2016-12-15 10:12:18-996
Success : LS : test2\a94a8fe5ccb19ba6\2a5bd02710e975a7\,0:-1,2016-12-15 10:12:19-188,2016-12-15 10:12:19-833
Success : CREATE_FILE : test2\a94a8fe5ccb19ba6\2a5bd02710e975a7\1442B3812AB0320B,0:863022,2016-12-15 10:12:20-040,2016-12-15 10:12:20-328
Success : LS : test1\f71b43c3136efa4f\9f93e73d6896cb7b\,0:-1,2016-12-15 10:12:20-448,2016-12-15 10:12:20-598
Success : LS : test1\c5a5e5562b038073\a39ea9c72a98de10\,0:-1,2016-12-15 10:12:20-668,2016-12-15 10:12:20-809
Fail : LS : test1,0:-1,2016-12-15 10:12:20-879,2016-12-15 10:12:20-880
Reason : java.lang.StringIndexOutOfBoundsException: String index out of range: -1
Success : LS : test1\c5a5e5562b038073\0189424a5a60fed3\,0:-1,2016-12-15 10:12:21-000,2016-12-15 10:12:21-180
Success : LS : test1\f71b43c3136efa4f\,0:-1,2016-12-15 10:12:21-261,2016-12-15 10:12:21-425
Success : LS : test2\a94a8fe5ccb19ba6\2a5bd02710e975a7\,0:-1,2016-12-15 10:12:21-521,2016-12-15 10:12:21-718
Success : CREATE_FILE : test2\a94a8fe5ccb19ba6\4AC8FBD445E99434,0:2446628,2016-12-15 10:12:21-833,2016-12-15 10:12:23-599
Fail : LS : test1,0:-1,2016-12-15 10:12:23-714,2016-12-15 10:12:23-715
Reason : java.lang.StringIndexOutOfBoundsException: String index out of range: -1
Success : LS : test2\a94a8fe5ccb19ba6\,0:-1,2016-12-15 10:12:23-830,2016-12-15 10:12:24-018
Success : CREATE_FILE : test2\a94a8fe5ccb19ba6\2a5bd02710e975a7\780E1784171FEAE7,0:3888399,2016-12-15 10:12:24-103,2016-12-15 10:12:27-450
Success : LS : test1\c5a5e5562b038073\a39ea9c72a98de10\,0:-1,2016-12-15 10:12:27-570,2016-12-15 10:12:27-736
Success : LS : test1\c5a5e5562b038073\a39ea9c72a98de10\,0:-1,2016-12-15 10:12:27-841,2016-12-15 10:12:28-057
Success : LS : test1\c5a5e5562b038073\,0:-1,2016-12-15 10:12:28-133,2016-12-15 10:12:28-324
Success : LS : test1\f71b43c3136efa4f\52481749c0cdecd6\,0:-1,2016-12-15 10:12:28-423,2016-12-15 10:12:28-605
Success : LS : test2\a94a8fe5ccb19ba6\2a5bd02710e975a7\,0:-1,2016-12-15 10:12:28-676,2016-12-15 10:12:28-832
Success : CREATE_FILE : test2\a94a8fe5ccb19ba6\1F98530C3976E0E0,0:88541,2016-12-15 10:12:28-922,2016-12-15 10:12:29-114
Success : LS : test2\a94a8fe5ccb19ba6\,0:-1,2016-12-15 10:12:29-205,2016-12-15 10:12:29-479
Success : CREATE_FILE : test2\a94a8fe5ccb19ba6\2a5bd02710e975a7\2BAC1F8815441A2D,0:456083,2016-12-15 10:12:29-555,2016-12-15 10:12:29-784
Success : LS : test2\a94a8fe5ccb19ba6\2a5bd02710e975a7\,0:-1,2016-12-15 10:12:29-900,2016-12-15 10:12:30-086
Success : CREATE_FILE : test2\a94a8fe5ccb19ba6\2a5bd02710e975a7\7A93EC6675C08C4E,0:2540371,2016-12-15 10:12:30-170,2016-12-15 10:12:32-275
Success : LS : test2\a94a8fe5ccb19ba6\2a5bd02710e975a7\,0:-1,2016-12-15 10:12:32-396,2016-12-15 10:12:32-581
Success : CREATE_FILE : test2\a94a8fe5ccb19ba6\268CAFC3679D6A5E,0:1540220,2016-12-15 10:12:32-653,2016-12-15 10:12:33-442
Success : LS : test2\a94a8fe5ccb19ba6\,0:-1,2016-12-15 10:12:33-555,2016-12-15 10:12:33-752
Success : CREATE_FILE : test2\a94a8fe5ccb19ba6\2a5bd02710e975a7\32BADA2E31AD14CB,0:3544683,2016-12-15 10:12:33-828,2016-12-15 10:12:36-739
Success : LS : test2\a94a8fe5ccb19ba6\2a5bd02710e975a7\,0:-1,2016-12-15 10:12:36-830,2016-12-15 10:12:36-994
Success : CREATE_FILE : test2\a94a8fe5ccb19ba6\2a5bd02710e975a7\066878F06F14E458,0:2165295,2016-12-15 10:12:37-107,2016-12-15 10:12:38-635
Success : LS : test1\f71b43c3136efa4f\52481749c0cdecd6\,0:-1,2016-12-15 10:12:38-732,2016-12-15 10:12:38-970
Success : LS : test1\f71b43c3136efa4f\,0:-1,2016-12-15 10:12:39-041,2016-12-15 10:12:39-192
Success : LS : test2\a94a8fe5ccb19ba6\2a5bd02710e975a7\,0:-1,2016-12-15 10:12:39-262,2016-12-15 10:12:39-470
Success : CREATE_FILE : test2\a94a8fe5ccb19ba6\1040E1B006C6287B,0:3176173,2016-12-15 10:12:39-586,2016-12-15 10:12:42-080
Success : LS : test2\a94a8fe5ccb19ba6\,0:-1,2016-12-15 10:12:42-157,2016-12-15 10:12:42-344
Success : CREATE_FILE : test2\a94a8fe5ccb19ba6\043B59CE41FA49CA,0:1365521,2016-12-15 10:12:42-438,2016-12-15 10:12:43-156
Success : LS : test2\a94a8fe5ccb19ba6\,0:-1,2016-12-15 10:12:43-251,2016-12-15 10:12:43-416
Success : CREATE_FILE : test2\a94a8fe5ccb19ba6\3A9FD84A7D8AD2DD,0:171941,2016-12-15 10:12:43-513,2016-12-15 10:12:43-680
Success : LS : test1\c5a5e5562b038073\,0:-1,2016-12-15 10:12:43-777,2016-12-15 10:12:43-970
Success : LS : test2\a94a8fe5ccb19ba6\2a5bd02710e975a7\,0:-1,2016-12-15 10:12:44-073,2016-12-15 10:12:44-253
Success : LS : test2\a94a8fe5ccb19ba6\,0:-1,2016-12-15 10:12:44-370,2016-12-15 10:12:44-540
Success : CREATE_FILE : test2\a94a8fe5ccb19ba6\2a5bd02710e975a7\5D8E0050430D46D8,0:2620793,2016-12-15 10:12:44-615,2016-12-15 10:12:46-595
Success : LS : test2\a94a8fe5ccb19ba6\2a5bd02710e975a7\,0:-1,2016-12-15 10:12:46-677,2016-12-15 10:12:46-831
Success : CREATE_FILE : test2\a94a8fe5ccb19ba6\2a5bd02710e975a7\3FF1249A2C663FAD,0:3817847,2016-12-15 10:12:46-902,2016-12-15 10:12:50-107
Success : SEQ_READ : test1\c5a5e5562b038073\fbe0d7653f0909cb,0:1611,2016-12-15 10:12:50-226,2016-12-15 10:12:50-421
Success : LS : test1\f71b43c3136efa4f\,0:-1,2016-12-15 10:12:50-500,2016-12-15 10:12:50-634
Success : LS : test2\a94a8fe5ccb19ba6\2a5bd02710e975a7\,0:-1,2016-12-15 10:12:50-736,2016-12-15 10:12:50-890
Success : CREATE_FILE : test2\a94a8fe5ccb19ba6\2a5bd02710e975a7\22622E205E851290,0:4084249,2016-12-15 10:12:50-979,2016-12-15 10:12:54-450
Success : LS : test2\a94a8fe5ccb19ba6\2a5bd02710e975a7\,0:-1,2016-12-15 10:12:54-571,2016-12-15 10:12:54-743
Success : CREATE_FILE : test2\a94a8fe5ccb19ba6\275505C56B61BCFC,0:2439250,2016-12-15 10:12:54-823,2016-12-15 10:12:56-584
Success : LS : test2\a94a8fe5ccb19ba6\,0:-1,2016-12-15 10:12:56-677,2016-12-15 10:12:56-842
Success : CREATE_FILE : test2\a94a8fe5ccb19ba6\2a5bd02710e975a7\206517F91E34EA57,0:2049077,2016-12-15 10:12:56-920,2016-12-15 10:12:58-237
Success : LS : test1\c5a5e5562b038073\,0:-1,2016-12-15 10:12:58-328,2016-12-15 10:12:58-485
Success : LS : test1\f71b43c3136efa4f\9f93e73d6896cb7b\,0:-1,2016-12-15 10:12:58-591,2016-12-15 10:12:58-769
Fail : LS : test1,0:-1,2016-12-15 10:12:58-841,2016-12-15 10:12:58-841
Reason : java.lang.StringIndexOutOfBoundsException: String index out of range: -1
Success : LS : test1\f71b43c3136efa4f\52481749c0cdecd6\,0:-1,2016-12-15 10:12:58-910,2016-12-15 10:12:59-073
Success : LS : test2\a94a8fe5ccb19ba6\2a5bd02710e975a7\,0:-1,2016-12-15 10:12:59-154,2016-12-15 10:12:59-347
Success : CREATE_FILE : test2\a94a8fe5ccb19ba6\2a5bd02710e975a7\5EFFA7CC5AFBD5A8,0:424149,2016-12-15 10:12:59-457,2016-12-15 10:12:59-647
Success : LS : test2\a94a8fe5ccb19ba6\2a5bd02710e975a7\,0:-1,2016-12-15 10:12:59-719,2016-12-15 10:12:59-906
Success : CREATE_FILE : test2\a94a8fe5ccb19ba6\2a5bd02710e975a7\029B1B491205F76E,0:1362594,2016-12-15 10:13:00-002,2016-12-15 10:13:00-603
Success : LS : test2\a94a8fe5ccb19ba6\,0:-1,2016-12-15 10:13:00-701,2016-12-15 10:13:00-869
Success : LS : test2\a94a8fe5ccb19ba6\2a5bd02710e975a7\,0:-1,2016-12-15 10:13:00-942,2016-12-15 10:13:01-124
Success : LS : test2\a94a8fe5ccb19ba6\2a5bd02710e975a7\,0:-1,2016-12-15 10:13:01-235,2016-12-15 10:13:01-421
Success : CREATE_FILE : test2\a94a8fe5ccb19ba6\2B8F2F6958184A86,0:600285,2016-12-15 10:13:01-516,2016-12-15 10:13:01-742
Success : LS : test2\a94a8fe5ccb19ba6\,0:-1,2016-12-15 10:13:01-814,2016-12-15 10:13:01-997
Success : CREATE_FILE : test2\a94a8fe5ccb19ba6\107293BF1BD68F83,0:617149,2016-12-15 10:13:02-098,2016-12-15 10:13:02-314
Success : LS : test2\a94a8fe5ccb19ba6\,0:-1,2016-12-15 10:13:02-431,2016-12-15 10:13:02-611
Success : CREATE_FILE : test2\a94a8fe5ccb19ba6\2a5bd02710e975a7\43FE529D69117E09,0:3412559,2016-12-15 10:13:02-691,2016-12-15 10:13:05-433
Success : LS : test2\a94a8fe5ccb19ba6\2a5bd02710e975a7\,0:-1,2016-12-15 10:13:05-514,2016-12-15 10:13:05-667
Success : CREATE_FILE : test2\a94a8fe5ccb19ba6\2a5bd02710e975a7\60A705854EB6ABB4,0:2016050,2016-12-15 10:13:05-764,2016-12-15 10:13:07-135
Success : SEQ_READ : test1\c5a5e5562b038073\c7abaf0419c47a1d,0:762529,2016-12-15 10:13:07-232,2016-12-15 10:13:07-412
Success : SEQ_READ : test1\f71b43c3136efa4f\9f93e73d6896cb7b\6670af231c096f09,0:129,2016-12-15 10:13:07-510,2016-12-15 10:13:07-650
Success : LS : test2\a94a8fe5ccb19ba6\2a5bd02710e975a7\,0:-1,2016-12-15 10:13:07-730,2016-12-15 10:13:07-910
Success : CREATE_FILE : test2\a94a8fe5ccb19ba6\2a5bd02710e975a7\7B0610262441F241,0:3863852,2016-12-15 10:13:07-992,2016-12-15 10:13:11-236
Success : LS : test2\a94a8fe5ccb19ba6\2a5bd02710e975a7\,0:-1,2016-12-15 10:13:11-350,2016-12-15 10:13:11-544
Success : CREATE_FILE : test2\a94a8fe5ccb19ba6\2a5bd02710e975a7\7F3C1DC2439AC6C7,0:1494646,2016-12-15 10:13:11-621,2016-12-15 10:13:12-396
Success : LS : test2\a94a8fe5ccb19ba6\2a5bd02710e975a7\,0:-1,2016-12-15 10:13:12-496,2016-12-15 10:13:12-715
Success : CREATE_FILE : test2\a94a8fe5ccb19ba6\2a5bd02710e975a7\3971C59D3F81E5A9,0:3138638,2016-12-15 10:13:12-824,2016-12-15 10:13:15-465
Success : LS : test2\a94a8fe5ccb19ba6\2a5bd02710e975a7\,0:-1,2016-12-15 10:13:15-583,2016-12-15 10:13:15-794
Success : CREATE_FILE : test2\a94a8fe5ccb19ba6\2a5bd02710e975a7\7EA726443061665D,0:1482522,2016-12-15 10:13:15-901,2016-12-15 10:13:16-663
Fail : LS : test1,0:-1,2016-12-15 10:13:16-771,2016-12-15 10:13:16-771
Reason : java.lang.StringIndexOutOfBoundsException: String index out of range: -1
Success : LS : test1\c5a5e5562b038073\0189424a5a60fed3\,0:-1,2016-12-15 10:13:16-888,2016-12-15 10:13:17-093
Success : LS : test2\a94a8fe5ccb19ba6\,0:-1,2016-12-15 10:13:17-211,2016-12-15 10:13:17-417
Success : LS : test1\c5a5e5562b038073\0189424a5a60fed3\,0:-1,2016-12-15 10:13:17-506,2016-12-15 10:13:17-643
Success : SEQ_READ : test1\f71b43c3136efa4f\52481749c0cdecd6\6670af231c096f09,0:129,2016-12-15 10:13:17-718,2016-12-15 10:13:17-853
Success : LS : test2\a94a8fe5ccb19ba6\2a5bd02710e975a7\,0:-1,2016-12-15 10:13:17-954,2016-12-15 10:13:18-161
Success : CREATE_FILE : test2\a94a8fe5ccb19ba6\4642344734691357,0:4002387,2016-12-15 10:13:18-235,2016-12-15 10:13:22-087
Success : LS : test1\f71b43c3136efa4f\c7d9912886e5ccc7\,0:-1,2016-12-15 10:13:22-212,2016-12-15 10:13:22-409
Success : SEQ_READ : test2\a94a8fe5ccb19ba6\2a5bd02710e975a7\178db47a574c645f,0:257,2016-12-15 10:13:22-483,2016-12-15 10:13:22-618
Success : LS : test2\a94a8fe5ccb19ba6\,0:-1,2016-12-15 10:13:22-692,2016-12-15 10:13:22-846
Success : CREATE_FILE : test2\a94a8fe5ccb19ba6\2a5bd02710e975a7\155D2B7D40B72424,0:2107114,2016-12-15 10:13:22-943,2016-12-15 10:13:24-344
Success : LS : test2\a94a8fe5ccb19ba6\2a5bd02710e975a7\,0:-1,2016-12-15 10:13:24-462,2016-12-15 10:13:24-688
Success : CREATE_FILE : test2\a94a8fe5ccb19ba6\5E20512439850DDF,0:3568317,2016-12-15 10:13:24-798,2016-12-15 10:13:27-652
Success : LS : test2\a94a8fe5ccb19ba6\,0:-1,2016-12-15 10:13:27-732,2016-12-15 10:13:27-947
Success : CREATE_FILE : test2\a94a8fe5ccb19ba6\4658483454F05B61,0:4039765,2016-12-15 10:13:28-025,2016-12-15 10:13:31-494
Success : LS : test2\a94a8fe5ccb19ba6\,0:-1,2016-12-15 10:13:31-600,2016-12-15 10:13:31-775
Success : LS : test1\f71b43c3136efa4f\52481749c0cdecd6\,0:-1,2016-12-15 10:13:31-895,2016-12-15 10:13:32-093
Success : LS : test1\f71b43c3136efa4f\52481749c0cdecd6\,0:-1,2016-12-15 10:13:32-186,2016-12-15 10:13:32-362
Success : LS : test1\f71b43c3136efa4f\83404ffd78f534ff\,0:-1,2016-12-15 10:13:32-481,2016-12-15 10:13:32-634
Success : LS : test2\a94a8fe5ccb19ba6\,0:-1,2016-12-15 10:13:32-706,2016-12-15 10:13:32-860
Success : CREATE_FILE : test2\a94a8fe5ccb19ba6\2a5bd02710e975a7\6F13D52A2D3EFB60,0:1638329,2016-12-15 10:13:32-932,2016-12-15 10:13:33-830
Success : SEQ_READ : test1\c5a5e5562b038073\2015a7ab48ae9a58,0:28672,2016-12-15 10:13:33-905,2016-12-15 10:13:34-096
Success : SEQ_READ : test2\8da7cc13802eefe0,0:22987191,2016-12-15 10:13:34-204,2016-12-15 10:13:34-387
Success : LS : test2\a94a8fe5ccb19ba6\2a5bd02710e975a7\,0:-1,2016-12-15 10:13:34-463,2016-12-15 10:13:34-627
Fail : LS : test1,0:-1,2016-12-15 10:13:34-726,2016-12-15 10:13:34-726
Reason : java.lang.StringIndexOutOfBoundsException: String index out of range: -1
Success : LS : test2\a94a8fe5ccb19ba6\2a5bd02710e975a7\,0:-1,2016-12-15 10:13:34-804,2016-12-15 10:13:34-959
Success : CREATE_FILE : test2\a94a8fe5ccb19ba6\422AEAC630061687,0:533199,2016-12-15 10:13:35-046,2016-12-15 10:13:35-318
Success : LS : test2\a94a8fe5ccb19ba6\,0:-1,2016-12-15 10:13:35-432,2016-12-15 10:13:35-602
Success : CREATE_FILE : test2\a94a8fe5ccb19ba6\1B05FA1B1DF74AF8,0:3327264,2016-12-15 10:13:35-672,2016-12-15 10:13:38-323
Success : LS : test1\f71b43c3136efa4f\9f93e73d6896cb7b\,0:-1,2016-12-15 10:13:38-442,2016-12-15 10:13:38-601
Success : LS : test1\f71b43c3136efa4f\9f93e73d6896cb7b\,0:-1,2016-12-15 10:13:38-671,2016-12-15 10:13:38-816
Success : LS : test2\a94a8fe5ccb19ba6\,0:-1,2016-12-15 10:13:38-925,2016-12-15 10:13:39-139
Success : CREATE_FILE : test2\a94a8fe5ccb19ba6\574D4F175245030A,0:3432613,2016-12-15 10:13:39-261,2016-12-15 10:13:42-611
Success : LS : test2\a94a8fe5ccb19ba6\,0:-1,2016-12-15 10:13:42-825,2016-12-15 10:13:43-692
Success : CREATE_FILE : test2\a94a8fe5ccb19ba6\148041C311D9D1AA,0:744421,2016-12-15 10:13:43-910,2016-12-15 10:13:44-170
Success : LS : test2\a94a8fe5ccb19ba6\,0:-1,2016-12-15 10:13:44-288,2016-12-15 10:13:44-499
Success : CREATE_FILE : test2\a94a8fe5ccb19ba6\0C450A9B2323A1CE,0:122436,2016-12-15 10:13:44-577,2016-12-15 10:13:44-730
Success : LS : test2\a94a8fe5ccb19ba6\,0:-1,2016-12-15 10:13:44-822,2016-12-15 10:13:45-024
Success : CREATE_FILE : test2\a94a8fe5ccb19ba6\0606A93B13C9C41E,0:2286064,2016-12-15 10:13:45-098,2016-12-15 10:13:46-691
Fail : LS : test1,0:-1,2016-12-15 10:13:46-809,2016-12-15 10:13:46-809
Reason : java.lang.StringIndexOutOfBoundsException: String index out of range: -1
Success : SEQ_READ : test2\8da7cc13802eefe0,0:22987191,2016-12-15 10:13:46-922,2016-12-15 10:13:47-110
Success : LS : test1\c5a5e5562b038073\,0:-1,2016-12-15 10:13:47-203,2016-12-15 10:13:47-350
Success : LS : test1\f71b43c3136efa4f\52481749c0cdecd6\,0:-1,2016-12-15 10:13:47-428,2016-12-15 10:13:47-586
Success : LS : test2\a94a8fe5ccb19ba6\,0:-1,2016-12-15 10:13:47-658,2016-12-15 10:13:47-829
Success : LS : test2\a94a8fe5ccb19ba6\,0:-1,2016-12-15 10:13:47-903,2016-12-15 10:13:48-107
Success : CREATE_FILE : test2\a94a8fe5ccb19ba6\2a5bd02710e975a7\1536641E3F756CCB,0:1759232,2016-12-15 10:13:48-196,2016-12-15 10:13:49-242
Success : LS : test2\a94a8fe5ccb19ba6\,0:-1,2016-12-15 10:13:49-364,2016-12-15 10:13:49-536
Fail : LS : test1,0:-1,2016-12-15 10:13:49-611,2016-12-15 10:13:49-611
Reason : java.lang.StringIndexOutOfBoundsException: String index out of range: -1
Success : SEQ_READ : test1\c5a5e5562b038073\68ad3077ff5a452a,0:383,2016-12-15 10:13:49-707,2016-12-15 10:13:49-882
Success : SEQ_READ : test2\6c33a983eec1b409,0:2291,2016-12-15 10:13:49-974,2016-12-15 10:13:50-157
Fail : LS : test1,0:-1,2016-12-15 10:13:50-272,2016-12-15 10:13:50-272
Reason : java.lang.StringIndexOutOfBoundsException: String index out of range: -1
Success : LS : test2\a94a8fe5ccb19ba6\2a5bd02710e975a7\,0:-1,2016-12-15 10:13:50-360,2016-12-15 10:13:50-530
Success : CREATE_FILE : test2\a94a8fe5ccb19ba6\2a5bd02710e975a7\1855D96E08ECB061,0:3059701,2016-12-15 10:13:50-608,2016-12-15 10:13:52-966
Fail : LS : test1,0:-1,2016-12-15 10:13:53-047,2016-12-15 10:13:53-048
Reason : java.lang.StringIndexOutOfBoundsException: String index out of range: -1
Success : LS : test1\f71b43c3136efa4f\52481749c0cdecd6\,0:-1,2016-12-15 10:13:53-142,2016-12-15 10:13:53-290
Success : LS : test2\a94a8fe5ccb19ba6\2a5bd02710e975a7\,0:-1,2016-12-15 10:13:53-369,2016-12-15 10:13:53-546
Success : CREATE_FILE : test2\a94a8fe5ccb19ba6\66DF52160F66E8B6,0:2941499,2016-12-15 10:13:53-618,2016-12-15 10:13:55-875
Success : LS : test2\a94a8fe5ccb19ba6\,0:-1,2016-12-15 10:13:55-996,2016-12-15 10:13:56-186
Success : CREATE_FILE : test2\a94a8fe5ccb19ba6\2a5bd02710e975a7\1758B79F310003E3,0:1674968,2016-12-15 10:13:56-295,2016-12-15 10:13:57-246
Success : LS : test1\f71b43c3136efa4f\,0:-1,2016-12-15 10:13:57-369,2016-12-15 10:13:57-527
Success : LS : test1\f71b43c3136efa4f\,0:-1,2016-12-15 10:13:57-625,2016-12-15 10:13:57-768
Success : LS : test2\a94a8fe5ccb19ba6\2a5bd02710e975a7\,0:-1,2016-12-15 10:13:57-837,2016-12-15 10:13:58-038
Success : CREATE_FILE : test2\a94a8fe5ccb19ba6\0037BD6F4422612A,0:2666352,2016-12-15 10:13:58-151,2016-12-15 10:14:00-061
Success : LS : test2\a94a8fe5ccb19ba6\,0:-1,2016-12-15 10:14:00-134,2016-12-15 10:14:00-286
Success : CREATE_FILE : test2\a94a8fe5ccb19ba6\2a5bd02710e975a7\2C668F1E63132431,0:3528722,2016-12-15 10:14:00-384,2016-12-15 10:14:03-264
Success : LS : test2\a94a8fe5ccb19ba6\2a5bd02710e975a7\,0:-1,2016-12-15 10:14:03-374,2016-12-15 10:14:03-582
Success : CREATE_FILE : test2\a94a8fe5ccb19ba6\1C79D8F74475B00A,0:2795859,2016-12-15 10:14:03-695,2016-12-15 10:14:05-810
Fail : LS : test1,0:-1,2016-12-15 10:14:05-904,2016-12-15 10:14:05-904
Reason : java.lang.StringIndexOutOfBoundsException: String index out of range: -1
Success : LS : test2\a94a8fe5ccb19ba6\2a5bd02710e975a7\,0:-1,2016-12-15 10:14:05-976,2016-12-15 10:14:06-191
Success : LS : test2\a94a8fe5ccb19ba6\,0:-1,2016-12-15 10:14:06-291,2016-12-15 10:14:06-461
Success : CREATE_FILE : test2\a94a8fe5ccb19ba6\2a5bd02710e975a7\331E01811EBC5A45,0:3240609,2016-12-15 10:14:06-578,2016-12-15 10:14:09-133
Success : LS : test2\a94a8fe5ccb19ba6\2a5bd02710e975a7\,0:-1,2016-12-15 10:14:09-242,2016-12-15 10:14:09-411
Success : CREATE_FILE : test2\a94a8fe5ccb19ba6\2a5bd02710e975a7\1F18DE1A02C1D932,0:3090815,2016-12-15 10:14:09-527,2016-12-15 10:14:11-963
Success : LS : test1\f71b43c3136efa4f\,0:-1,2016-12-15 10:14:12-034,2016-12-15 10:14:12-176
Success : LS : test2\a94a8fe5ccb19ba6\2a5bd02710e975a7\,0:-1,2016-12-15 10:14:12-249,2016-12-15 10:14:12-440
Success : CREATE_FILE : test2\a94a8fe5ccb19ba6\2a5bd02710e975a7\509A5DD239B007CB,0:3950722,2016-12-15 10:14:12-552,2016-12-15 10:14:15-902
Success : LS : test1\f71b43c3136efa4f\83404ffd78f534ff\,0:-1,2016-12-15 10:14:16-020,2016-12-15 10:14:16-229
Success : LS : test1\c5a5e5562b038073\0189424a5a60fed3\,0:-1,2016-12-15 10:14:16-357,2016-12-15 10:14:16-525
Fail : LS : test1,0:-1,2016-12-15 10:14:16-643,2016-12-15 10:14:16-643
Reason : java.lang.StringIndexOutOfBoundsException: String index out of range: -1
Success : LS : test2\a94a8fe5ccb19ba6\,0:-1,2016-12-15 10:14:16-738,2016-12-15 10:14:16-940
Success : LS : test1\f71b43c3136efa4f\52481749c0cdecd6\,0:-1,2016-12-15 10:14:17-057,2016-12-15 10:14:17-249
Success : LS : test2\a94a8fe5ccb19ba6\2a5bd02710e975a7\,0:-1,2016-12-15 10:14:17-371,2016-12-15 10:14:17-550
Success : CREATE_FILE : test2\a94a8fe5ccb19ba6\7EFF541939F2376D,0:2455077,2016-12-15 10:14:17-628,2016-12-15 10:14:19-365
Success : SEQ_READ : test1\c5a5e5562b038073\0189424a5a60fed3\46a8219c2ae6c782,0:1544228,2016-12-15 10:14:19-474,2016-12-15 10:14:19-643
Success : SEQ_READ : test1\c5a5e5562b038073\a39ea9c72a98de10\41288c58009f7f6a,0:477,2016-12-15 10:14:19-719,2016-12-15 10:14:19-860
Success : LS : test2\a94a8fe5ccb19ba6\,0:-1,2016-12-15 10:14:19-946,2016-12-15 10:14:20-127
Success : LS : test2\a94a8fe5ccb19ba6\,0:-1,2016-12-15 10:14:20-222,2016-12-15 10:14:20-427
Success : LS : test2\a94a8fe5ccb19ba6\,0:-1,2016-12-15 10:14:20-521,2016-12-15 10:14:20-690
Success : CREATE_FILE : test2\a94a8fe5ccb19ba6\2a5bd02710e975a7\7262DCB21B9C0A10,0:3910610,2016-12-15 10:14:20-760,2016-12-15 10:14:24-030
Success : LS : test2\a94a8fe5ccb19ba6\2a5bd02710e975a7\,0:-1,2016-12-15 10:14:24-115,2016-12-15 10:14:24-277
Success : CREATE_FILE : test2\a94a8fe5ccb19ba6\2016E97F20ABDBD8,0:2624973,2016-12-15 10:14:24-355,2016-12-15 10:14:26-301
Success : LS : test1\f71b43c3136efa4f\52481749c0cdecd6\,0:-1,2016-12-15 10:14:26-400,2016-12-15 10:14:26-597
Success : LS : test2\a94a8fe5ccb19ba6\2a5bd02710e975a7\,0:-1,2016-12-15 10:14:26-672,2016-12-15 10:14:26-836
Success : LS : test2\a94a8fe5ccb19ba6\2a5bd02710e975a7\,0:-1,2016-12-15 10:14:26-953,2016-12-15 10:14:27-150
Success : LS : test2\a94a8fe5ccb19ba6\,0:-1,2016-12-15 10:14:27-274,2016-12-15 10:14:27-455
Success : LS : test2\a94a8fe5ccb19ba6\,0:-1,2016-12-15 10:14:27-548,2016-12-15 10:14:27-754
Success : LS : test2\a94a8fe5ccb19ba6\,0:-1,2016-12-15 10:14:27-845,2016-12-15 10:14:28-046
Success : CREATE_FILE : test2\a94a8fe5ccb19ba6\09463C473B21B2D8,0:330322,2016-12-15 10:14:28-150,2016-12-15 10:14:28-350
Success : LS : test2\a94a8fe5ccb19ba6\,0:-1,2016-12-15 10:14:28-434,2016-12-15 10:14:28-646
Success : CREATE_FILE : test2\a94a8fe5ccb19ba6\159D7AE43195FE46,0:2477945,2016-12-15 10:14:28-797,2016-12-15 10:14:30-572
Success : SEQ_READ : test1\c5a5e5562b038073\7b7f22b30cf50087,0:3126,2016-12-15 10:14:30-648,2016-12-15 10:14:30-789
Success : LS : test2\a94a8fe5ccb19ba6\,0:-1,2016-12-15 10:14:30-887,2016-12-15 10:14:31-045
Success : CREATE_FILE : test2\a94a8fe5ccb19ba6\2a5bd02710e975a7\6800F0B21A577C70,0:3760214,2016-12-15 10:14:31-142,2016-12-15 10:14:34-220
Success : LS : test1\f71b43c3136efa4f\,0:-1,2016-12-15 10:14:34-340,2016-12-15 10:14:34-490
Success : LS : test2\a94a8fe5ccb19ba6\2a5bd02710e975a7\,0:-1,2016-12-15 10:14:34-563,2016-12-15 10:14:34-720
Success : CREATE_FILE : test2\a94a8fe5ccb19ba6\38BD200558402D19,0:2385452,2016-12-15 10:14:34-825,2016-12-15 10:14:36-465
Success : LS : test1\c5a5e5562b038073\,0:-1,2016-12-15 10:14:36-537,2016-12-15 10:14:36-687
Success : LS : test2\a94a8fe5ccb19ba6\2a5bd02710e975a7\,0:-1,2016-12-15 10:14:36-803,2016-12-15 10:14:37-011
Success : LS : test1\f71b43c3136efa4f\,0:-1,2016-12-15 10:14:37-110,2016-12-15 10:14:37-286
Success : LS : test2\a94a8fe5ccb19ba6\2a5bd02710e975a7\,0:-1,2016-12-15 10:14:37-405,2016-12-15 10:14:37-574
Success : LS : test2\a94a8fe5ccb19ba6\,0:-1,2016-12-15 10:14:37-683,2016-12-15 10:14:37-846
Success : CREATE_FILE : test2\a94a8fe5ccb19ba6\2a5bd02710e975a7\67385887399E1E05,0:362723,2016-12-15 10:14:37-923,2016-12-15 10:14:38-100
Success : LS : test1\f71b43c3136efa4f\c7d9912886e5ccc7\,0:-1,2016-12-15 10:14:38-221,2016-12-15 10:14:38-376
Fail : LS : test1,0:-1,2016-12-15 10:14:38-476,2016-12-15 10:14:38-476
Reason : java.lang.StringIndexOutOfBoundsException: String index out of range: -1
Success : SEQ_READ : test2\a94a8fe5ccb19ba6\2a5bd02710e975a7\178db47a574c645f,0:257,2016-12-15 10:14:38-552,2016-12-15 10:14:38-699
Success : LS : test2\a94a8fe5ccb19ba6\2a5bd02710e975a7\,0:-1,2016-12-15 10:14:38-770,2016-12-15 10:14:38-931
Success : CREATE_FILE : test2\a94a8fe5ccb19ba6\2a5bd02710e975a7\38BB976567F40D21,0:1918301,2016-12-15 10:14:39-001,2016-12-15 10:14:40-199
Success : LS : test2\a94a8fe5ccb19ba6\,0:-1,2016-12-15 10:14:40-312,2016-12-15 10:14:40-484
Success : LS : test2\a94a8fe5ccb19ba6\2a5bd02710e975a7\,0:-1,2016-12-15 10:14:40-599,2016-12-15 10:14:40-762
Success : CREATE_FILE : test2\a94a8fe5ccb19ba6\065C0BBD0E9492D5,0:1723310,2016-12-15 10:14:40-834,2016-12-15 10:14:41-809
Success : LS : test2\a94a8fe5ccb19ba6\,0:-1,2016-12-15 10:14:41-908,2016-12-15 10:14:42-121
Success : CREATE_FILE : test2\a94a8fe5ccb19ba6\2a5bd02710e975a7\7303469629FA83D7,0:1994922,2016-12-15 10:14:42-223,2016-12-15 10:14:43-505
Success : LS : test2\a94a8fe5ccb19ba6\2a5bd02710e975a7\,0:-1,2016-12-15 10:14:43-619,2016-12-15 10:14:43-783
Success : LS : test2\a94a8fe5ccb19ba6\2a5bd02710e975a7\,0:-1,2016-12-15 10:14:43-875,2016-12-15 10:14:44-071
Success : CREATE_FILE : test2\a94a8fe5ccb19ba6\0116118025B8EE5E,0:1362074,2016-12-15 10:14:44-156,2016-12-15 10:14:44-812
Success : LS : test2\a94a8fe5ccb19ba6\,0:-1,2016-12-15 10:14:44-885,2016-12-15 10:14:45-035
Success : LS : test2\a94a8fe5ccb19ba6\,0:-1,2016-12-15 10:14:45-122,2016-12-15 10:14:45-289
Success : CREATE_FILE : test2\a94a8fe5ccb19ba6\722D26076A987C43,0:2678438,2016-12-15 10:14:45-398,2016-12-15 10:14:47-395
Success : LS : test2\a94a8fe5ccb19ba6\,0:-1,2016-12-15 10:14:47-469,2016-12-15 10:14:47-632
Success : CREATE_FILE : test2\a94a8fe5ccb19ba6\22678FBF44BD76CE,0:3272892,2016-12-15 10:14:47-706,2016-12-15 10:14:50-320
Success : LS : test1\c5a5e5562b038073\,0:-1,2016-12-15 10:14:50-391,2016-12-15 10:14:50-536
Success : LS : test1\f71b43c3136efa4f\,0:-1,2016-12-15 10:14:50-632,2016-12-15 10:14:50-765
Success : LS : test2\a94a8fe5ccb19ba6\,0:-1,2016-12-15 10:14:50-835,2016-12-15 10:14:50-993
Success : LS : test2\a94a8fe5ccb19ba6\,0:-1,2016-12-15 10:14:51-106,2016-12-15 10:14:51-287
Success : CREATE_FILE : test2\a94a8fe5ccb19ba6\2a5bd02710e975a7\35D09FC52C768005,0:2616627,2016-12-15 10:14:51-407,2016-12-15 10:14:53-367
Success : LS : test2\a94a8fe5ccb19ba6\2a5bd02710e975a7\,0:-1,2016-12-15 10:14:53-476,2016-12-15 10:14:53-655
Success : CREATE_FILE : test2\a94a8fe5ccb19ba6\2a5bd02710e975a7\5C4F824E518A438A,0:684283,2016-12-15 10:14:53-738,2016-12-15 10:14:53-939
Success : LS : test2\a94a8fe5ccb19ba6\2a5bd02710e975a7\,0:-1,2016-12-15 10:14:54-035,2016-12-15 10:14:54-245
Success : CREATE_FILE : test2\a94a8fe5ccb19ba6\3230A1D276632AC5,0:3164626,2016-12-15 10:14:54-356,2016-12-15 10:14:56-829
Success : LS : test1\f71b43c3136efa4f\9f93e73d6896cb7b\,0:-1,2016-12-15 10:14:56-943,2016-12-15 10:14:57-152
Success : LS : test2\a94a8fe5ccb19ba6\,0:-1,2016-12-15 10:14:57-242,2016-12-15 10:14:57-412
Success : CREATE_FILE : test2\a94a8fe5ccb19ba6\3917974C10569854,0:3516158,2016-12-15 10:14:57-509,2016-12-15 10:15:00-317
Success : LS : test2\a94a8fe5ccb19ba6\,0:-1,2016-12-15 10:15:00-432,2016-12-15 10:15:00-658
Success : CREATE_FILE : test2\a94a8fe5ccb19ba6\145ED32A2E9B1296,0:1549610,2016-12-15 10:15:00-776,2016-12-15 10:15:01-595
Success : LS : test2\a94a8fe5ccb19ba6\,0:-1,2016-12-15 10:15:01-680,2016-12-15 10:15:01-840
Success : SEQ_READ : test1\c5a5e5562b038073\b0c5d70d7f040bfa,0:17408,2016-12-15 10:15:01-921,2016-12-15 10:15:02-060
Success : LS : test2\a94a8fe5ccb19ba6\2a5bd02710e975a7\,0:-1,2016-12-15 10:15:02-138,2016-12-15 10:15:02-319
Success : LS : test2\a94a8fe5ccb19ba6\,0:-1,2016-12-15 10:15:02-409,2016-12-15 10:15:02-582
Success : LS : test2\a94a8fe5ccb19ba6\2a5bd02710e975a7\,0:-1,2016-12-15 10:15:02-657,2016-12-15 10:15:02-812
Success : CREATE_FILE : test2\a94a8fe5ccb19ba6\2a5bd02710e975a7\5F1960513D025BE1,0:3838293,2016-12-15 10:15:02-883,2016-12-15 10:15:06-092
Success : LS : test2\a94a8fe5ccb19ba6\2a5bd02710e975a7\,0:-1,2016-12-15 10:15:06-162,2016-12-15 10:15:06-313
Success : CREATE_FILE : test2\a94a8fe5ccb19ba6\2a5bd02710e975a7\6873A81F34ADD410,0:340560,2016-12-15 10:15:06-432,2016-12-15 10:15:06-649
Success : LS : test2\a94a8fe5ccb19ba6\2a5bd02710e975a7\,0:-1,2016-12-15 10:15:06-764,2016-12-15 10:15:06-952
Success : CREATE_FILE : test2\a94a8fe5ccb19ba6\2a5bd02710e975a7\6EB51F1D616CE6A1,0:1082254,2016-12-15 10:15:07-067,2016-12-15 10:15:07-383
Success : SEQ_READ : test1\c5a5e5562b038073\c7abaf0419c47a1d,0:762529,2016-12-15 10:15:07-477,2016-12-15 10:15:07-665
Success : LS : test2\a94a8fe5ccb19ba6\2a5bd02710e975a7\,0:-1,2016-12-15 10:15:07-739,2016-12-15 10:15:07-909
Success : CREATE_FILE : test2\a94a8fe5ccb19ba6\03B3DBE6234F55E4,0:842495,2016-12-15 10:15:08-009,2016-12-15 10:15:08-256
Success : LS : test2\a94a8fe5ccb19ba6\,0:-1,2016-12-15 10:15:08-371,2016-12-15 10:15:08-594
Success : CREATE_FILE : test2\a94a8fe5ccb19ba6\21A3833545E810E0,0:2453303,2016-12-15 10:15:08-666,2016-12-15 10:15:10-426
Success : LS : test2\a94a8fe5ccb19ba6\,0:-1,2016-12-15 10:15:10-499,2016-12-15 10:15:10-756
Success : CREATE_FILE : test2\a94a8fe5ccb19ba6\1F35CDC62B860FF2,0:3697183,2016-12-15 10:15:10-863,2016-12-15 10:15:13-914
Success : SEQ_READ : test2\acde102dac5bbe15,0:6030,2016-12-15 10:15:14-030,2016-12-15 10:15:14-179
Success : LS : test2\a94a8fe5ccb19ba6\2a5bd02710e975a7\,0:-1,2016-12-15 10:15:14-302,2016-12-15 10:15:14-515
Success : LS : test2\a94a8fe5ccb19ba6\,0:-1,2016-12-15 10:15:14-616,2016-12-15 10:15:14-776
Success : CREATE_FILE : test2\a94a8fe5ccb19ba6\2a5bd02710e975a7\49D99C0C0E7BB9B0,0:3397387,2016-12-15 10:15:14-892,2016-12-15 10:15:17-623
Success : LS : test2\a94a8fe5ccb19ba6\2a5bd02710e975a7\,0:-1,2016-12-15 10:15:17-700,2016-12-15 10:15:17-887
Success : CREATE_FILE : test2\a94a8fe5ccb19ba6\2a5bd02710e975a7\05A012393CDE27B1,0:3731434,2016-12-15 10:15:17-989,2016-12-15 10:15:21-060
Success : LS : test2\a94a8fe5ccb19ba6\2a5bd02710e975a7\,0:-1,2016-12-15 10:15:21-159,2016-12-15 10:15:21-363
Success : CREATE_FILE : test2\a94a8fe5ccb19ba6\77802FB67B34D050,0:1310243,2016-12-15 10:15:21-483,2016-12-15 10:15:22-055
Success : LS : test2\a94a8fe5ccb19ba6\2a5bd02710e975a7\,0:-1,2016-12-15 10:15:22-178,2016-12-15 10:15:22-360
Success : LS : test1\c5a5e5562b038073\,0:-1,2016-12-15 10:15:22-457,2016-12-15 10:15:22-600
Success : LS : test2\a94a8fe5ccb19ba6\,0:-1,2016-12-15 10:15:22-674,2016-12-15 10:15:22-885
Success : CREATE_FILE : test2\a94a8fe5ccb19ba6\6B45AF1F55157607,0:2416947,2016-12-15 10:15:23-006,2016-12-15 10:15:24-737
Success : LS : test2\a94a8fe5ccb19ba6\,0:-1,2016-12-15 10:15:24-824,2016-12-15 10:15:24-982
Success : CREATE_FILE : test2\a94a8fe5ccb19ba6\2a5bd02710e975a7\5B3BC9F60F05F8A8,0:651683,2016-12-15 10:15:25-055,2016-12-15 10:15:25-266
Success : LS : test2\a94a8fe5ccb19ba6\2a5bd02710e975a7\,0:-1,2016-12-15 10:15:25-360,2016-12-15 10:15:25-522
Success : CREATE_FILE : test2\a94a8fe5ccb19ba6\2a5bd02710e975a7\251493210C2A826E,0:1813174,2016-12-15 10:15:25-605,2016-12-15 10:15:26-688
Success : LS : test2\a94a8fe5ccb19ba6\2a5bd02710e975a7\,0:-1,2016-12-15 10:15:26-756,2016-12-15 10:15:26-907
Success : CREATE_FILE : test2\a94a8fe5ccb19ba6\6691C5D8777780E7,0:1693310,2016-12-15 10:15:26-976,2016-12-15 10:15:27-884
Success : LS : test1\f71b43c3136efa4f\,0:-1,2016-12-15 10:15:28-007,2016-12-15 10:15:28-177
Success : LS : test1\f71b43c3136efa4f\c7d9912886e5ccc7\,0:-1,2016-12-15 10:15:28-251,2016-12-15 10:15:28-392
Success : SEQ_READ : test1\c5a5e5562b038073\738537f9a40e568b,0:17984,2016-12-15 10:15:28-494,2016-12-15 10:15:28-690
Success : LS : test1\c5a5e5562b038073\,0:-1,2016-12-15 10:15:28-813,2016-12-15 10:15:28-977
Success : LS : test2\a94a8fe5ccb19ba6\,0:-1,2016-12-15 10:15:29-050,2016-12-15 10:15:29-196
Success : CREATE_FILE : test2\a94a8fe5ccb19ba6\2a5bd02710e975a7\68F31EF2358FA4E0,0:1054089,2016-12-15 10:15:29-293,2016-12-15 10:15:29-569
Success : LS : test2\a94a8fe5ccb19ba6\2a5bd02710e975a7\,0:-1,2016-12-15 10:15:29-679,2016-12-15 10:15:29-834
Success : CREATE_FILE : test2\a94a8fe5ccb19ba6\2a5bd02710e975a7\6160A0AF50C5EC5A,0:2073242,2016-12-15 10:15:29-908,2016-12-15 10:15:31-254
Success : LS : test2\a94a8fe5ccb19ba6\2a5bd02710e975a7\,0:-1,2016-12-15 10:15:31-343,2016-12-15 10:15:31-499
Success : CREATE_FILE : test2\a94a8fe5ccb19ba6\6C8F9E881718F02C,0:1885948,2016-12-15 10:15:31-583,2016-12-15 10:15:32-744
Success : LS : test2\a94a8fe5ccb19ba6\2a5bd02710e975a7\,0:-1,2016-12-15 10:15:32-815,2016-12-15 10:15:32-967
Success : LS : test1\f71b43c3136efa4f\,0:-1,2016-12-15 10:15:33-039,2016-12-15 10:15:33-181
Success : LS : test2\a94a8fe5ccb19ba6\,0:-1,2016-12-15 10:15:33-253,2016-12-15 10:15:33-409
Success : SEQ_READ : test2\a94a8fe5ccb19ba6\2a5bd02710e975a7\3eef580036f1724a,0:257,2016-12-15 10:15:33-480,2016-12-15 10:15:33-665
Success : LS : test2\a94a8fe5ccb19ba6\,0:-1,2016-12-15 10:15:33-782,2016-12-15 10:15:33-964
Success : CREATE_FILE : test2\a94a8fe5ccb19ba6\121E5DCF10B364A9,0:1344511,2016-12-15 10:15:34-068,2016-12-15 10:15:34-658
Success : LS : test2\a94a8fe5ccb19ba6\,0:-1,2016-12-15 10:15:34-734,2016-12-15 10:15:34-893
Success : CREATE_FILE : test2\a94a8fe5ccb19ba6\78BE7F9747F77B24,0:239005,2016-12-15 10:15:34-986,2016-12-15 10:15:35-183
Success : LS : test2\a94a8fe5ccb19ba6\2a5bd02710e975a7\,0:-1,2016-12-15 10:15:35-285,2016-12-15 10:15:35-451
Success : LS : test2\a94a8fe5ccb19ba6\2a5bd02710e975a7\,0:-1,2016-12-15 10:15:35-542,2016-12-15 10:15:35-709
Success : LS : test1\c5a5e5562b038073\a39ea9c72a98de10\,0:-1,2016-12-15 10:15:35-781,2016-12-15 10:15:35-913
Success : LS : test2\a94a8fe5ccb19ba6\,0:-1,2016-12-15 10:15:36-014,2016-12-15 10:15:36-195
Success : CREATE_FILE : test2\a94a8fe5ccb19ba6\752205653FB2F476,0:2625467,2016-12-15 10:15:36-309,2016-12-15 10:15:38-316
Success : LS : test2\a94a8fe5ccb19ba6\,0:-1,2016-12-15 10:15:38-411,2016-12-15 10:15:38-629
Success : CREATE_FILE : test2\a94a8fe5ccb19ba6\4BD60E7A0065ECC1,0:2027877,2016-12-15 10:15:38-702,2016-12-15 10:15:40-016
Success : LS : test1\f71b43c3136efa4f\,0:-1,2016-12-15 10:15:40-131,2016-12-15 10:15:40-341
Success : LS : test2\a94a8fe5ccb19ba6\,0:-1,2016-12-15 10:15:40-410,2016-12-15 10:15:40-607
Success : LS : test2\a94a8fe5ccb19ba6\,0:-1,2016-12-15 10:15:40-708,2016-12-15 10:15:40-935
Success : LS : test2\a94a8fe5ccb19ba6\,0:-1,2016-12-15 10:15:41-052,2016-12-15 10:15:41-280
Success : CREATE_FILE : test2\a94a8fe5ccb19ba6\4427CE337A173DBC,0:2986518,2016-12-15 10:15:41-356,2016-12-15 10:15:43-647
Success : LS : test2\a94a8fe5ccb19ba6\,0:-1,2016-12-15 10:15:43-719,2016-12-15 10:15:43-930
Success : CREATE_FILE : test2\a94a8fe5ccb19ba6\2a5bd02710e975a7\7D1C5FA63853B5AA,0:515394,2016-12-15 10:15:44-036,2016-12-15 10:15:44-325
Success : LS : test2\a94a8fe5ccb19ba6\2a5bd02710e975a7\,0:-1,2016-12-15 10:15:44-434,2016-12-15 10:15:44-645
Success : CREATE_FILE : test2\a94a8fe5ccb19ba6\2a5bd02710e975a7\504805DE6F760838,0:963869,2016-12-15 10:15:44-717,2016-12-15 10:15:44-989
Success : LS : test1\f71b43c3136efa4f\,0:-1,2016-12-15 10:15:45-098,2016-12-15 10:15:45-281
Success : LS : test2\a94a8fe5ccb19ba6\,0:-1,2016-12-15 10:15:45-389,2016-12-15 10:15:45-555
Success : LS : test2\a94a8fe5ccb19ba6\,0:-1,2016-12-15 10:15:45-649,2016-12-15 10:15:45-824
Success : LS : test2\a94a8fe5ccb19ba6\,0:-1,2016-12-15 10:15:45-894,2016-12-15 10:15:46-144
Success : LS : test2\a94a8fe5ccb19ba6\2a5bd02710e975a7\,0:-1,2016-12-15 10:15:46-236,2016-12-15 10:15:46-446
Success : CREATE_FILE : test2\a94a8fe5ccb19ba6\16B9761E44A31611,0:3789022,2016-12-15 10:15:46-563,2016-12-15 10:15:49-696
Success : LS : test1\c5a5e5562b038073\,0:-1,2016-12-15 10:15:49-824,2016-12-15 10:15:50-011
Success : LS : test2\a94a8fe5ccb19ba6\,0:-1,2016-12-15 10:15:50-121,2016-12-15 10:15:50-283
Success : LS : test2\a94a8fe5ccb19ba6\,0:-1,2016-12-15 10:15:50-383,2016-12-15 10:15:50-544
Success : LS : test2\a94a8fe5ccb19ba6\,0:-1,2016-12-15 10:15:50-622,2016-12-15 10:15:50-782
Success : CREATE_FILE : test2\a94a8fe5ccb19ba6\2a5bd02710e975a7\492F52E131C24D79,0:3173377,2016-12-15 10:15:50-885,2016-12-15 10:15:53-378
Success : LS : test2\a94a8fe5ccb19ba6\2a5bd02710e975a7\,0:-1,2016-12-15 10:15:53-479,2016-12-15 10:15:53-649
Success : CREATE_FILE : test2\a94a8fe5ccb19ba6\21A037EA44EF147E,0:1466881,2016-12-15 10:15:53-721,2016-12-15 10:15:54-468
Success : LS : test2\a94a8fe5ccb19ba6\2a5bd02710e975a7\,0:-1,2016-12-15 10:15:54-550,2016-12-15 10:15:54-746
Success : LS : test2\a94a8fe5ccb19ba6\,0:-1,2016-12-15 10:15:54-817,2016-12-15 10:15:54-982
Success : CREATE_FILE : test2\a94a8fe5ccb19ba6\586ECAC72011EE74,0:1663809,2016-12-15 10:15:55-077,2016-12-15 10:15:56-000
Success : LS : test2\a94a8fe5ccb19ba6\,0:-1,2016-12-15 10:15:56-108,2016-12-15 10:15:56-286
Success : CREATE_FILE : test2\a94a8fe5ccb19ba6\2a5bd02710e975a7\2C4B8DA34FC8E68A,0:1656260,2016-12-15 10:15:56-378,2016-12-15 10:15:57-290
Success : LS : test2\a94a8fe5ccb19ba6\2a5bd02710e975a7\,0:-1,2016-12-15 10:15:57-389,2016-12-15 10:15:57-547
Success : CREATE_FILE : test2\a94a8fe5ccb19ba6\2a5bd02710e975a7\7BC5FC682A91753B,0:9835,2016-12-15 10:15:57-640,2016-12-15 10:15:57-803
Success : LS : test2\a94a8fe5ccb19ba6\2a5bd02710e975a7\,0:-1,2016-12-15 10:15:57-914,2016-12-15 10:15:58-095
Success : CREATE_FILE : test2\a94a8fe5ccb19ba6\217DCC7C4087AFAD,0:1456423,2016-12-15 10:15:58-252,2016-12-15 10:15:58-982
Success : LS : test2\a94a8fe5ccb19ba6\,0:-1,2016-12-15 10:15:59-094,2016-12-15 10:15:59-299
Success : CREATE_FILE : test2\a94a8fe5ccb19ba6\2a5bd02710e975a7\640D763C2B592087,0:597924,2016-12-15 10:15:59-412,2016-12-15 10:15:59-625
Success : SEQ_READ : test1\f71b43c3136efa4f\9f93e73d6896cb7b\6670af231c096f09,0:129,2016-12-15 10:15:59-698,2016-12-15 10:15:59-833
Success : LS : test2\a94a8fe5ccb19ba6\2a5bd02710e975a7\,0:-1,2016-12-15 10:15:59-902,2016-12-15 10:16:00-104
Fail : LS : test1,0:-1,2016-12-15 10:16:00-177,2016-12-15 10:16:00-178
Reason : java.lang.StringIndexOutOfBoundsException: String index out of range: -1
Success : LS : test2\a94a8fe5ccb19ba6\2a5bd02710e975a7\,0:-1,2016-12-15 10:16:00-261,2016-12-15 10:16:00-422
Success : CREATE_FILE : test2\a94a8fe5ccb19ba6\2a5bd02710e975a7\1E0401953C52690C,0:1135499,2016-12-15 10:16:00-524,2016-12-15 10:16:00-897
Success : LS : test2\a94a8fe5ccb19ba6\,0:-1,2016-12-15 10:16:00-968,2016-12-15 10:16:01-137
Success : SEQ_READ : test1\c5a5e5562b038073\0caa882bd1034750,0:324096,2016-12-15 10:16:01-224,2016-12-15 10:16:01-365
Success : LS : test2\a94a8fe5ccb19ba6\,0:-1,2016-12-15 10:16:01-441,2016-12-15 10:16:01-602
Fail : LS : test1,0:-1,2016-12-15 10:16:01-699,2016-12-15 10:16:01-700
Reason : java.lang.StringIndexOutOfBoundsException: String index out of range: -1
Success : LS : test2\a94a8fe5ccb19ba6\,0:-1,2016-12-15 10:16:01-800,2016-12-15 10:16:01-994
Success : LS : test2\a94a8fe5ccb19ba6\2a5bd02710e975a7\,0:-1,2016-12-15 10:16:02-079,2016-12-15 10:16:02-283
Success : CREATE_FILE : test2\a94a8fe5ccb19ba6\5A93030C567890AA,0:2038879,2016-12-15 10:16:02-393,2016-12-15 10:16:03-701
Success : LS : test1\f71b43c3136efa4f\83404ffd78f534ff\,0:-1,2016-12-15 10:16:03-813,2016-12-15 10:16:03-959
Success : SEQ_READ : test1\c5a5e5562b038073\c7734a16bf12bb03,0:364726,2016-12-15 10:16:04-074,2016-12-15 10:16:04-260
Fail : LS : test1,0:-1,2016-12-15 10:16:04-355,2016-12-15 10:16:04-355
Reason : java.lang.StringIndexOutOfBoundsException: String index out of range: -1
Success : LS : test1\f71b43c3136efa4f\9f93e73d6896cb7b\,0:-1,2016-12-15 10:16:04-463,2016-12-15 10:16:04-606
Success : LS : test1\f71b43c3136efa4f\c7d9912886e5ccc7\,0:-1,2016-12-15 10:16:04-696,2016-12-15 10:16:04-891
Success : LS : test2\a94a8fe5ccb19ba6\,0:-1,2016-12-15 10:16:05-011,2016-12-15 10:16:05-215
Success : CREATE_FILE : test2\a94a8fe5ccb19ba6\2a5bd02710e975a7\32A4A5294D6D3F1F,0:3988735,2016-12-15 10:16:05-333,2016-12-15 10:16:08-744
Success : LS : test2\a94a8fe5ccb19ba6\2a5bd02710e975a7\,0:-1,2016-12-15 10:16:08-833,2016-12-15 10:16:09-019
Success : LS : test1\c5a5e5562b038073\0189424a5a60fed3\,0:-1,2016-12-15 10:16:09-104,2016-12-15 10:16:09-242
Success : SEQ_READ : test1\c5a5e5562b038073\0189424a5a60fed3\feb6a1968982109d,0:20126138,2016-12-15 10:16:09-352,2016-12-15 10:16:09-492
Success : LS : test2\a94a8fe5ccb19ba6\2a5bd02710e975a7\,0:-1,2016-12-15 10:16:09-568,2016-12-15 10:16:09-786
Success : CREATE_FILE : test2\a94a8fe5ccb19ba6\3770382857BA2A62,0:2003183,2016-12-15 10:16:09-874,2016-12-15 10:16:11-178
Success : LS : test1\c5a5e5562b038073\a39ea9c72a98de10\,0:-1,2016-12-15 10:16:11-291,2016-12-15 10:16:11-447
Success : LS : test2\a94a8fe5ccb19ba6\,0:-1,2016-12-15 10:16:11-543,2016-12-15 10:16:11-716
Success : CREATE_FILE : test2\a94a8fe5ccb19ba6\28B109DB43E7C6B3,0:2129344,2016-12-15 10:16:11-788,2016-12-15 10:16:13-197
Success : LS : test1\c5a5e5562b038073\0189424a5a60fed3\,0:-1,2016-12-15 10:16:13-275,2016-12-15 10:16:13-431
Success : LS : test1\f71b43c3136efa4f\52481749c0cdecd6\,0:-1,2016-12-15 10:16:13-541,2016-12-15 10:16:13-716
Success : LS : test2\a94a8fe5ccb19ba6\,0:-1,2016-12-15 10:16:13-818,2016-12-15 10:16:14-055
Success : CREATE_FILE : test2\a94a8fe5ccb19ba6\2a5bd02710e975a7\23BC15217939DE9E,0:3335819,2016-12-15 10:16:14-172,2016-12-15 10:16:16-833
Success : LS : test2\a94a8fe5ccb19ba6\2a5bd02710e975a7\,0:-1,2016-12-15 10:16:16-903,2016-12-15 10:16:17-087
Success : CREATE_FILE : test2\a94a8fe5ccb19ba6\173513D408ECFE41,0:885249,2016-12-15 10:16:17-169,2016-12-15 10:16:17-406
Success : LS : test1\f71b43c3136efa4f\,0:-1,2016-12-15 10:16:17-484,2016-12-15 10:16:17-651
Success : LS : test2\a94a8fe5ccb19ba6\2a5bd02710e975a7\,0:-1,2016-12-15 10:16:17-742,2016-12-15 10:16:17-898
Success : LS : test2\a94a8fe5ccb19ba6\,0:-1,2016-12-15 10:16:17-969,2016-12-15 10:16:18-123
Success : CREATE_FILE : test2\a94a8fe5ccb19ba6\1413DA3E294A0909,0:2334085,2016-12-15 10:16:18-193,2016-12-15 10:16:19-816
Success : LS : test2\a94a8fe5ccb19ba6\,0:-1,2016-12-15 10:16:19-925,2016-12-15 10:16:20-132
Success : CREATE_FILE : test2\a94a8fe5ccb19ba6\2a5bd02710e975a7\6D56543F0F148F17,0:2018675,2016-12-15 10:16:20-234,2016-12-15 10:16:21-502
Success : LS : test1\c5a5e5562b038073\,0:-1,2016-12-15 10:16:21-587,2016-12-15 10:16:21-780
Success : LS : test1\c5a5e5562b038073\0189424a5a60fed3\,0:-1,2016-12-15 10:16:21-892,2016-12-15 10:16:22-088
Success : LS : test2\a94a8fe5ccb19ba6\,0:-1,2016-12-15 10:16:22-196,2016-12-15 10:16:22-405
Success : LS : test2\a94a8fe5ccb19ba6\2a5bd02710e975a7\,0:-1,2016-12-15 10:16:22-513,2016-12-15 10:16:22-677
Success : CREATE_FILE : test2\a94a8fe5ccb19ba6\51129560514AB0C0,0:2759807,2016-12-15 10:16:22-755,2016-12-15 10:16:24-834
Success : LS : test1\f71b43c3136efa4f\,0:-1,2016-12-15 10:16:24-912,2016-12-15 10:16:25-051
Success : LS : test1\c5a5e5562b038073\0189424a5a60fed3\,0:-1,2016-12-15 10:16:25-121,2016-12-15 10:16:25-277
Success : LS : test2\a94a8fe5ccb19ba6\,0:-1,2016-12-15 10:16:25-350,2016-12-15 10:16:25-511
Success : CREATE_FILE : test2\a94a8fe5ccb19ba6\2a5bd02710e975a7\419959D639F16A36,0:924778,2016-12-15 10:16:25-615,2016-12-15 10:16:25-857
Success : LS : test2\a94a8fe5ccb19ba6\2a5bd02710e975a7\,0:-1,2016-12-15 10:16:25-955,2016-12-15 10:16:26-120
Success : CREATE_FILE : test2\a94a8fe5ccb19ba6\535C6DC25DD7985C,0:1102955,2016-12-15 10:16:26-240,2016-12-15 10:16:26-562
Success : LS : test2\a94a8fe5ccb19ba6\,0:-1,2016-12-15 10:16:26-645,2016-12-15 10:16:26-804
Success : CREATE_FILE : test2\a94a8fe5ccb19ba6\2a5bd02710e975a7\3D980A7245C5197E,0:3577130,2016-12-15 10:16:26-876,2016-12-15 10:16:29-805
Success : LS : test2\a94a8fe5ccb19ba6\,0:-1,2016-12-15 10:16:29-914,2016-12-15 10:16:30-116
Success : LS : test2\a94a8fe5ccb19ba6\2a5bd02710e975a7\,0:-1,2016-12-15 10:16:30-235,2016-12-15 10:16:30-433
Fail : LS : test1,0:-1,2016-12-15 10:16:30-529,2016-12-15 10:16:30-529
Reason : java.lang.StringIndexOutOfBoundsException: String index out of range: -1
Success : LS : test2\a94a8fe5ccb19ba6\2a5bd02710e975a7\,0:-1,2016-12-15 10:16:30-647,2016-12-15 10:16:30-817
Success : CREATE_FILE : test2\a94a8fe5ccb19ba6\2a5bd02710e975a7\75EFC7844D8B7FBF,0:402671,2016-12-15 10:16:30-910,2016-12-15 10:16:31-121
Success : LS : test1\c5a5e5562b038073\,0:-1,2016-12-15 10:16:31-229,2016-12-15 10:16:31-421
Success : LS : test1\c5a5e5562b038073\,0:-1,2016-12-15 10:16:31-539,2016-12-15 10:16:31-733
Success : LS : test1\f71b43c3136efa4f\,0:-1,2016-12-15 10:16:31-804,2016-12-15 10:16:32-003
Success : LS : test2\a94a8fe5ccb19ba6\2a5bd02710e975a7\,0:-1,2016-12-15 10:16:32-105,2016-12-15 10:16:32-279
Success : LS : test2\a94a8fe5ccb19ba6\2a5bd02710e975a7\,0:-1,2016-12-15 10:16:32-394,2016-12-15 10:16:32-580
Success : LS : test2\a94a8fe5ccb19ba6\2a5bd02710e975a7\,0:-1,2016-12-15 10:16:32-663,2016-12-15 10:16:32-819
Success : CREATE_FILE : test2\a94a8fe5ccb19ba6\39C22AE51E867B7F,0:3085843,2016-12-15 10:16:32-923,2016-12-15 10:16:35-377
Fail : LS : test1,0:-1,2016-12-15 10:16:35-482,2016-12-15 10:16:35-482
Reason : java.lang.StringIndexOutOfBoundsException: String index out of range: -1
Success : LS : test2\a94a8fe5ccb19ba6\,0:-1,2016-12-15 10:16:35-594,2016-12-15 10:16:35-766
Success : LS : test1\f71b43c3136efa4f\,0:-1,2016-12-15 10:16:35-868,2016-12-15 10:16:36-056
Success : LS : test2\a94a8fe5ccb19ba6\2a5bd02710e975a7\,0:-1,2016-12-15 10:16:36-159,2016-12-15 10:16:36-370
Success : LS : test2\a94a8fe5ccb19ba6\,0:-1,2016-12-15 10:16:36-456,2016-12-15 10:16:36-670
Success : CREATE_FILE : test2\a94a8fe5ccb19ba6\2a5bd02710e975a7\02B7D4883F4FDBD5,0:2392620,2016-12-15 10:16:36-751,2016-12-15 10:16:38-427
Success : LS : test1\f71b43c3136efa4f\83404ffd78f534ff\,0:-1,2016-12-15 10:16:38-536,2016-12-15 10:16:38-682
Success : LS : test2\a94a8fe5ccb19ba6\2a5bd02710e975a7\,0:-1,2016-12-15 10:16:38-752,2016-12-15 10:16:38-913
Success : CREATE_FILE : test2\a94a8fe5ccb19ba6\2a5bd02710e975a7\172D93940175D743,0:2272959,2016-12-15 10:16:39-034,2016-12-15 10:16:40-591
Success : LS : test1\f71b43c3136efa4f\9f93e73d6896cb7b\,0:-1,2016-12-15 10:16:40-705,2016-12-15 10:16:40-899
Success : LS : test1\f71b43c3136efa4f\9f93e73d6896cb7b\,0:-1,2016-12-15 10:16:41-001,2016-12-15 10:16:41-150
Success : LS : test2\a94a8fe5ccb19ba6\2a5bd02710e975a7\,0:-1,2016-12-15 10:16:41-251,2016-12-15 10:16:41-417
Success : CREATE_FILE : test2\a94a8fe5ccb19ba6\2a5bd02710e975a7\40AFEAFB61A7C1ED,0:660617,2016-12-15 10:16:41-489,2016-12-15 10:16:41-743
Success : LS : test2\a94a8fe5ccb19ba6\2a5bd02710e975a7\,0:-1,2016-12-15 10:16:41-850,2016-12-15 10:16:42-054
Success : CREATE_FILE : test2\a94a8fe5ccb19ba6\7999D1425C6D4DF7,0:594223,2016-12-15 10:16:42-167,2016-12-15 10:16:42-382
Success : LS : test1\c5a5e5562b038073\,0:-1,2016-12-15 10:16:42-482,2016-12-15 10:16:42-637
Success : LS : test2\a94a8fe5ccb19ba6\,0:-1,2016-12-15 10:16:42-706,2016-12-15 10:16:42-909
Success : LS : test2\a94a8fe5ccb19ba6\,0:-1,2016-12-15 10:16:43-028,2016-12-15 10:16:43-203
Success : CREATE_FILE : test2\a94a8fe5ccb19ba6\2a5bd02710e975a7\5E920AD744B8CAE9,0:351298,2016-12-15 10:16:43-319,2016-12-15 10:16:43-563
Success : LS : test2\a94a8fe5ccb19ba6\2a5bd02710e975a7\,0:-1,2016-12-15 10:16:43-678,2016-12-15 10:16:43-846
Success : CREATE_FILE : test2\a94a8fe5ccb19ba6\2a5bd02710e975a7\693C2FF049A8FCF7,0:801260,2016-12-15 10:16:43-936,2016-12-15 10:16:44-157
Success : LS : test2\a94a8fe5ccb19ba6\2a5bd02710e975a7\,0:-1,2016-12-15 10:16:44-232,2016-12-15 10:16:44-417
Success : CREATE_FILE : test2\a94a8fe5ccb19ba6\74DC83A957576B78,0:2353837,2016-12-15 10:16:44-524,2016-12-15 10:16:46-160
Success : LS : test2\a94a8fe5ccb19ba6\,0:-1,2016-12-15 10:16:46-235,2016-12-15 10:16:46-389
Success : CREATE_FILE : test2\a94a8fe5ccb19ba6\5459AF5B40DE5A57,0:2997006,2016-12-15 10:16:46-482,2016-12-15 10:16:48-803
Success : LS : test1\f71b43c3136efa4f\52481749c0cdecd6\,0:-1,2016-12-15 10:16:48-896,2016-12-15 10:16:49-038
Success : LS : test2\a94a8fe5ccb19ba6\,0:-1,2016-12-15 10:16:49-111,2016-12-15 10:16:49-331
Success : LS : test2\a94a8fe5ccb19ba6\,0:-1,2016-12-15 10:16:49-429,2016-12-15 10:16:49-590
Success : CREATE_FILE : test2\a94a8fe5ccb19ba6\0CC6C324401EAD31,0:3927395,2016-12-15 10:16:49-675,2016-12-15 10:16:52-953
Success : LS : test1\c5a5e5562b038073\0189424a5a60fed3\,0:-1,2016-12-15 10:16:53-067,2016-12-15 10:16:53-255
Success : SEQ_READ : test2\49f03965cf98b1f5,0:1634,2016-12-15 10:16:53-367,2016-12-15 10:16:53-541
Success : LS : test2\a94a8fe5ccb19ba6\2a5bd02710e975a7\,0:-1,2016-12-15 10:16:53-626,2016-12-15 10:16:53-792
Success : LS : test2\a94a8fe5ccb19ba6\,0:-1,2016-12-15 10:16:53-868,2016-12-15 10:16:54-049
Success : CREATE_FILE : test2\a94a8fe5ccb19ba6\637754166F763219,0:3310701,2016-12-15 10:16:54-126,2016-12-15 10:16:56-744
Success : LS : test1\f71b43c3136efa4f\83404ffd78f534ff\,0:-1,2016-12-15 10:16:56-817,2016-12-15 10:16:56-957
Success : LS : test1\f71b43c3136efa4f\52481749c0cdecd6\,0:-1,2016-12-15 10:16:57-072,2016-12-15 10:16:57-252
Success : LS : test2\a94a8fe5ccb19ba6\,0:-1,2016-12-15 10:16:57-364,2016-12-15 10:16:57-522
Success : CREATE_FILE : test2\a94a8fe5ccb19ba6\36FBC5B3169398AD,0:3703117,2016-12-15 10:16:57-696,2016-12-15 10:17:00-819
Success : LS : test2\a94a8fe5ccb19ba6\,0:-1,2016-12-15 10:17:00-941,2016-12-15 10:17:01-113
Success : CREATE_FILE : test2\a94a8fe5ccb19ba6\2a5bd02710e975a7\45AFB60263F2FF71,0:1678753,2016-12-15 10:17:01-231,2016-12-15 10:17:02-211
Success : LS : test1\f71b43c3136efa4f\9f93e73d6896cb7b\,0:-1,2016-12-15 10:17:02-328,2016-12-15 10:17:02-525
Success : LS : test2\a94a8fe5ccb19ba6\2a5bd02710e975a7\,0:-1,2016-12-15 10:17:02-650,2016-12-15 10:17:02-818
Success : LS : test2\a94a8fe5ccb19ba6\2a5bd02710e975a7\,0:-1,2016-12-15 10:17:02-889,2016-12-15 10:17:03-039
Success : CREATE_FILE : test2\a94a8fe5ccb19ba6\5136239742AF6FAC,0:4091357,2016-12-15 10:17:03-110,2016-12-15 10:17:07-049
Success : LS : test2\a94a8fe5ccb19ba6\,0:-1,2016-12-15 10:17:07-155,2016-12-15 10:17:07-407
Success : CREATE_FILE : test2\a94a8fe5ccb19ba6\2a5bd02710e975a7\0872C177263184CD,0:2128277,2016-12-15 10:17:07-528,2016-12-15 10:17:08-939
Success : LS : test2\a94a8fe5ccb19ba6\2a5bd02710e975a7\,0:-1,2016-12-15 10:17:09-043,2016-12-15 10:17:09-204
