Success : SEQ_READ : test1\c5a5e5562b038073\2015a7ab48ae9a58,0:13312,2016-12-17 10:52:49-214,2016-12-17 10:52:49-304
Success : SEQ_READ : test1\c5a5e5562b038073\767c14c8beb1e835,0:2453504,2016-12-17 10:52:49-305,2016-12-17 10:52:49-310
Success : CREATE_FILE : test2\a94a8fe5ccb19ba6\178FF7D528F43033,0:2670483,2016-12-17 10:52:49-311,2016-12-17 10:52:49-316
Fail : SEQ_READ : test2\8da7cc13802eefe0,0:20758528,2016-12-17 10:52:49-316,2016-12-17 10:52:49-436
Reason : newTester.DHTException: no result
Success : LS : test2\a94a8fe5ccb19ba6\,0:-1,2016-12-17 10:52:49-436,2016-12-17 10:52:49-486
Success : CREATE_FILE : test2\a94a8fe5ccb19ba6\7830D8577045574C,0:2657158,2016-12-17 10:52:49-487,2016-12-17 10:52:49-493
Success : LS : test2\a94a8fe5ccb19ba6\,0:-1,2016-12-17 10:52:49-493,2016-12-17 10:52:49-553
Success : CREATE_FILE : test2\a94a8fe5ccb19ba6\574EF5D20107DC33,0:3858167,2016-12-17 10:52:49-554,2016-12-17 10:52:49-559
Success : LS : test2\a94a8fe5ccb19ba6\,0:-1,2016-12-17 10:52:49-559,2016-12-17 10:52:49-615
Success : CREATE_FILE : test2\a94a8fe5ccb19ba6\2a5bd02710e975a7\2E6E500A1A78E753,0:1634476,2016-12-17 10:52:49-616,2016-12-17 10:52:49-621
Success : LS : test2\a94a8fe5ccb19ba6\2a5bd02710e975a7\,0:-1,2016-12-17 10:52:49-622,2016-12-17 10:52:49-625
Success : CREATE_FILE : test2\a94a8fe5ccb19ba6\1C6CFCB25A481236,0:634739,2016-12-17 10:52:49-626,2016-12-17 10:52:49-629
Success : SEQ_READ : test2\bc9c8ba7ff351f3e,0:154624,2016-12-17 10:52:49-630,2016-12-17 10:52:49-633
Success : SEQ_READ : test1\f71b43c3136efa4f\52481749c0cdecd6\6670af231c096f09,0:129,2016-12-17 10:52:49-633,2016-12-17 10:52:49-693
Success : SEQ_READ : test1\c5a5e5562b038073\767c14c8beb1e835,0:3512320,2016-12-17 10:52:49-693,2016-12-17 10:52:49-697
Success : SEQ_READ : test1\c5a5e5562b038073\738537f9a40e568b,0:2048,2016-12-17 10:52:49-698,2016-12-17 10:52:49-752
Success : SEQ_READ : test2\6c33a983eec1b409,0:0,2016-12-17 10:52:49-753,2016-12-17 10:52:49-756
Success : SEQ_READ : test2\acde102dac5bbe15,0:5120,2016-12-17 10:52:49-756,2016-12-17 10:52:49-759
Success : LS : test2\a94a8fe5ccb19ba6\,0:-1,2016-12-17 10:52:49-759,2016-12-17 10:52:49-797
Success : CREATE_FILE : test2\a94a8fe5ccb19ba6\7B6C2CB523E3C160,0:569580,2016-12-17 10:52:49-797,2016-12-17 10:52:49-838
Success : SEQ_READ : test2\a94a8fe5ccb19ba6\2a5bd02710e975a7\254d76d2609fec03,0:1024,2016-12-17 10:52:49-839,2016-12-17 10:52:49-841
Success : SEQ_READ : test2\acde102dac5bbe15,0:0,2016-12-17 10:52:49-841,2016-12-17 10:52:49-845
Success : SEQ_READ : test1\c5a5e5562b038073\a39ea9c72a98de10\41288c58009f7f6a,0:477,2016-12-17 10:52:49-845,2016-12-17 10:52:49-889
Success : LS : test2\a94a8fe5ccb19ba6\,0:-1,2016-12-17 10:52:49-889,2016-12-17 10:52:49-936
Success : CREATE_FILE : test2\a94a8fe5ccb19ba6\2a5bd02710e975a7\75E058E57DEA3A48,0:84302,2016-12-17 10:52:49-936,2016-12-17 10:52:49-939
Success : LS : test2\a94a8fe5ccb19ba6\2a5bd02710e975a7\,0:-1,2016-12-17 10:52:49-939,2016-12-17 10:52:49-942
Success : CREATE_FILE : test2\a94a8fe5ccb19ba6\75F93FDE568C6D8C,0:1019514,2016-12-17 10:52:49-942,2016-12-17 10:52:49-946
Success : LS : test2\a94a8fe5ccb19ba6\,0:-1,2016-12-17 10:52:49-946,2016-12-17 10:52:49-995
Success : CREATE_FILE : test2\a94a8fe5ccb19ba6\6D2250C84DF9D28F,0:1176249,2016-12-17 10:52:49-996,2016-12-17 10:52:49-999
Success : SEQ_READ : test1\c5a5e5562b038073\2015a7ab48ae9a58,0:3072,2016-12-17 10:52:49-999,2016-12-17 10:52:50-043
Success : LS : test2\a94a8fe5ccb19ba6\,0:-1,2016-12-17 10:52:50-043,2016-12-17 10:52:50-086
Success : CREATE_FILE : test2\a94a8fe5ccb19ba6\4CF8617B14221333,0:2479850,2016-12-17 10:52:50-086,2016-12-17 10:52:50-090
Success : LS : test2\a94a8fe5ccb19ba6\,0:-1,2016-12-17 10:52:50-090,2016-12-17 10:52:50-138
Success : CREATE_FILE : test2\a94a8fe5ccb19ba6\2a5bd02710e975a7\5DC4FB426B706285,0:511368,2016-12-17 10:52:50-138,2016-12-17 10:52:50-141
Success : LS : test2\a94a8fe5ccb19ba6\2a5bd02710e975a7\,0:-1,2016-12-17 10:52:50-142,2016-12-17 10:52:50-145
Success : CREATE_FILE : test2\a94a8fe5ccb19ba6\6BA32DF253153BF3,0:431887,2016-12-17 10:52:50-145,2016-12-17 10:52:50-149
Success : LS : test2\a94a8fe5ccb19ba6\,0:-1,2016-12-17 10:52:50-149,2016-12-17 10:52:50-204
Success : CREATE_FILE : test2\a94a8fe5ccb19ba6\0C6B51842B0C4C9F,0:299503,2016-12-17 10:52:50-204,2016-12-17 10:52:50-246
Success : LS : test2\a94a8fe5ccb19ba6\,0:-1,2016-12-17 10:52:50-246,2016-12-17 10:52:50-287
Success : CREATE_FILE : test2\a94a8fe5ccb19ba6\4F98D1FE6DC1880C,0:2592284,2016-12-17 10:52:50-288,2016-12-17 10:52:50-328
Success : SEQ_READ : test1\c5a5e5562b038073\2015a7ab48ae9a58,0:11264,2016-12-17 10:52:50-329,2016-12-17 10:52:50-372
Success : SEQ_READ : test2\a94a8fe5ccb19ba6\2a5bd02710e975a7\254d76d2609fec03,0:1024,2016-12-17 10:52:50-372,2016-12-17 10:52:50-376
Success : SEQ_READ : test1\f71b43c3136efa4f\9f93e73d6896cb7b\6670af231c096f09,0:129,2016-12-17 10:52:50-376,2016-12-17 10:52:50-380
Success : LS : test2\a94a8fe5ccb19ba6\,0:-1,2016-12-17 10:52:50-380,2016-12-17 10:52:50-434
Success : CREATE_FILE : test2\a94a8fe5ccb19ba6\6D1A96921A98FC74,0:783525,2016-12-17 10:52:50-435,2016-12-17 10:52:50-438
Success : LS : test2\a94a8fe5ccb19ba6\,0:-1,2016-12-17 10:52:50-438,2016-12-17 10:52:50-480
Fail : CREATE_FILE : test2\a94a8fe5ccb19ba6\75A4695F0C94333F,0:2567994,2016-12-17 10:52:50-481,2016-12-17 10:52:50-554
Reason : newTester.DHTException: no result
Success : LS : test2\a94a8fe5ccb19ba6\,0:-1,2016-12-17 10:52:50-554,2016-12-17 10:52:50-597
Success : CREATE_FILE : test2\a94a8fe5ccb19ba6\1C3484353901E256,0:1526284,2016-12-17 10:52:50-598,2016-12-17 10:52:50-600
Success : SEQ_READ : test1\c5a5e5562b038073\6670af231c096f09,0:46,2016-12-17 10:52:50-600,2016-12-17 10:52:50-604
Success : SEQ_READ : test1\c5a5e5562b038073\0189424a5a60fed3\46a8219c2ae6c782,0:1399808,2016-12-17 10:52:50-604,2016-12-17 10:52:50-608
Success : LS : test2\a94a8fe5ccb19ba6\,0:-1,2016-12-17 10:52:50-608,2016-12-17 10:52:50-650
Success : CREATE_FILE : test2\a94a8fe5ccb19ba6\24FAA3FB2DB27933,0:1626368,2016-12-17 10:52:50-651,2016-12-17 10:52:50-655
Success : LS : test2\a94a8fe5ccb19ba6\,0:-1,2016-12-17 10:52:50-655,2016-12-17 10:52:50-695
Success : CREATE_FILE : test2\a94a8fe5ccb19ba6\2a5bd02710e975a7\10B7BB7950A7AD73,0:2508781,2016-12-17 10:52:50-695,2016-12-17 10:52:50-739
Success : LS : test2\a94a8fe5ccb19ba6\2a5bd02710e975a7\,0:-1,2016-12-17 10:52:50-739,2016-12-17 10:52:50-743
Fail : CREATE_FILE : test2\a94a8fe5ccb19ba6\2a5bd02710e975a7\0581DAB07CF6364D,0:3781304,2016-12-17 10:52:50-743,2016-12-17 10:52:50-824
Reason : newTester.DHTException: no result
Success : LS : test2\a94a8fe5ccb19ba6\2a5bd02710e975a7\,0:-1,2016-12-17 10:52:50-824,2016-12-17 10:52:50-827
Fail : CREATE_FILE : test2\a94a8fe5ccb19ba6\2a5bd02710e975a7\73573B5B6818FC49,0:1927161,2016-12-17 10:52:50-828,2016-12-17 10:52:50-910
Reason : newTester.DHTException: no result
Success : LS : test2\a94a8fe5ccb19ba6\2a5bd02710e975a7\,0:-1,2016-12-17 10:52:50-910,2016-12-17 10:52:50-914
Success : CREATE_FILE : test2\a94a8fe5ccb19ba6\13470DBB30BE5076,0:2300537,2016-12-17 10:52:50-914,2016-12-17 10:52:50-917
Success : LS : test2\a94a8fe5ccb19ba6\,0:-1,2016-12-17 10:52:50-917,2016-12-17 10:52:50-953
Success : CREATE_FILE : test2\a94a8fe5ccb19ba6\2a5bd02710e975a7\0630AC0D79FFF843,0:2799557,2016-12-17 10:52:50-953,2016-12-17 10:52:50-956
Success : LS : test2\a94a8fe5ccb19ba6\2a5bd02710e975a7\,0:-1,2016-12-17 10:52:50-956,2016-12-17 10:52:50-959
Success : CREATE_FILE : test2\a94a8fe5ccb19ba6\2a5bd02710e975a7\72582DC4410716B3,0:1161255,2016-12-17 10:52:50-959,2016-12-17 10:52:50-962
Success : LS : test2\a94a8fe5ccb19ba6\2a5bd02710e975a7\,0:-1,2016-12-17 10:52:50-962,2016-12-17 10:52:50-965
Success : CREATE_FILE : test2\a94a8fe5ccb19ba6\7616E98D37942DA6,0:3688443,2016-12-17 10:52:50-965,2016-12-17 10:52:50-970
Success : LS : test2\a94a8fe5ccb19ba6\,0:-1,2016-12-17 10:52:50-970,2016-12-17 10:52:51-009
Fail : CREATE_FILE : test2\a94a8fe5ccb19ba6\54C6D94958124F1D,0:200545,2016-12-17 10:52:51-010,2016-12-17 10:52:51-080
Reason : newTester.DHTException: no result
Success : LS : test2\a94a8fe5ccb19ba6\,0:-1,2016-12-17 10:52:51-080,2016-12-17 10:52:51-117
Success : CREATE_FILE : test2\a94a8fe5ccb19ba6\2a5bd02710e975a7\79124A876343446B,0:486321,2016-12-17 10:52:51-118,2016-12-17 10:52:51-120
Success : LS : test2\a94a8fe5ccb19ba6\2a5bd02710e975a7\,0:-1,2016-12-17 10:52:51-121,2016-12-17 10:52:51-124
Success : CREATE_FILE : test2\a94a8fe5ccb19ba6\2a5bd02710e975a7\7FE7545F3017698A,0:4018643,2016-12-17 10:52:51-124,2016-12-17 10:52:51-127
Success : SEQ_READ : test1\c5a5e5562b038073\fbe0d7653f0909cb,0:0,2016-12-17 10:52:51-127,2016-12-17 10:52:51-130
Success : LS : test2\a94a8fe5ccb19ba6\2a5bd02710e975a7\,0:-1,2016-12-17 10:52:51-130,2016-12-17 10:52:51-133
Success : CREATE_FILE : test2\a94a8fe5ccb19ba6\2B41DE79228E3EE2,0:3639229,2016-12-17 10:52:51-133,2016-12-17 10:52:51-137
Success : LS : test2\a94a8fe5ccb19ba6\,0:-1,2016-12-17 10:52:51-138,2016-12-17 10:52:51-182
Success : CREATE_FILE : test2\a94a8fe5ccb19ba6\20D240464981D938,0:2353004,2016-12-17 10:52:51-183,2016-12-17 10:52:51-223
Success : LS : test2\a94a8fe5ccb19ba6\,0:-1,2016-12-17 10:52:51-224,2016-12-17 10:52:51-264
Success : CREATE_FILE : test2\a94a8fe5ccb19ba6\2164EB0120ABEFC2,0:1668264,2016-12-17 10:52:51-264,2016-12-17 10:52:51-269
Success : LS : test2\a94a8fe5ccb19ba6\,0:-1,2016-12-17 10:52:51-269,2016-12-17 10:52:51-332
Success : CREATE_FILE : test2\a94a8fe5ccb19ba6\347FE6DD7D725486,0:2319654,2016-12-17 10:52:51-332,2016-12-17 10:52:51-337
Success : LS : test2\a94a8fe5ccb19ba6\,0:-1,2016-12-17 10:52:51-337,2016-12-17 10:52:51-393
Success : CREATE_FILE : test2\a94a8fe5ccb19ba6\22F0898A1FFBCFED,0:2616370,2016-12-17 10:52:51-393,2016-12-17 10:52:51-396
Success : SEQ_READ : test1\f71b43c3136efa4f\c7d9912886e5ccc7\6670af231c096f09,0:129,2016-12-17 10:52:51-396,2016-12-17 10:52:51-448
Success : SEQ_READ : test2\1a7683b6645f9b6a,0:3072,2016-12-17 10:52:51-448,2016-12-17 10:52:51-452
Success : LS : test2\a94a8fe5ccb19ba6\,0:-1,2016-12-17 10:52:51-452,2016-12-17 10:52:51-497
Success : CREATE_FILE : test2\a94a8fe5ccb19ba6\2EB4DE13545754E9,0:2187155,2016-12-17 10:52:51-498,2016-12-17 10:52:51-551
Success : LS : test2\a94a8fe5ccb19ba6\,0:-1,2016-12-17 10:52:51-551,2016-12-17 10:52:51-596
Success : CREATE_FILE : test2\a94a8fe5ccb19ba6\2a5bd02710e975a7\7C1996392DDD7EA2,0:501595,2016-12-17 10:52:51-596,2016-12-17 10:52:51-599
Success : LS : test2\a94a8fe5ccb19ba6\2a5bd02710e975a7\,0:-1,2016-12-17 10:52:51-599,2016-12-17 10:52:51-602
Success : CREATE_FILE : test2\a94a8fe5ccb19ba6\5D7F992805870FF6,0:4001040,2016-12-17 10:52:51-602,2016-12-17 10:52:51-606
Success : SEQ_READ : test1\c5a5e5562b038073\88fe52fe40fa2264,0:2048,2016-12-17 10:52:51-606,2016-12-17 10:52:51-610
Success : SEQ_READ : test1\c5a5e5562b038073\a39ea9c72a98de10\4a90c52e52d54ede,0:0,2016-12-17 10:52:51-610,2016-12-17 10:52:51-615
Success : LS : test2\a94a8fe5ccb19ba6\,0:-1,2016-12-17 10:52:51-615,2016-12-17 10:52:51-672
Success : CREATE_FILE : test2\a94a8fe5ccb19ba6\02150EFB7780F0DD,0:2317640,2016-12-17 10:52:51-673,2016-12-17 10:52:51-676
Success : SEQ_READ : test1\c5a5e5562b038073\a39ea9c72a98de10\aa61f113a9b13deb,0:438,2016-12-17 10:52:51-676,2016-12-17 10:52:51-681
Fail : SEQ_READ : test2\8da7cc13802eefe0,0:20344832,2016-12-17 10:52:51-681,2016-12-17 10:52:51-753
Reason : newTester.DHTException: no result
Success : LS : test2\a94a8fe5ccb19ba6\,0:-1,2016-12-17 10:52:51-753,2016-12-17 10:52:51-822
Success : CREATE_FILE : test2\a94a8fe5ccb19ba6\3C6528E433CABD53,0:3100632,2016-12-17 10:52:51-822,2016-12-17 10:52:51-826
Success : LS : test2\a94a8fe5ccb19ba6\,0:-1,2016-12-17 10:52:51-826,2016-12-17 10:52:51-868
Success : CREATE_FILE : test2\a94a8fe5ccb19ba6\55A60DD77C2EC6B3,0:2208572,2016-12-17 10:52:51-868,2016-12-17 10:52:51-872
Success : LS : test2\a94a8fe5ccb19ba6\,0:-1,2016-12-17 10:52:51-872,2016-12-17 10:52:51-909
Success : CREATE_FILE : test2\a94a8fe5ccb19ba6\2a5bd02710e975a7\73056591576644F7,0:854795,2016-12-17 10:52:51-909,2016-12-17 10:52:51-914
Success : LS : test2\a94a8fe5ccb19ba6\2a5bd02710e975a7\,0:-1,2016-12-17 10:52:51-914,2016-12-17 10:52:51-917
Success : CREATE_FILE : test2\a94a8fe5ccb19ba6\5AD7A25E11BB7B5D,0:3650173,2016-12-17 10:52:51-917,2016-12-17 10:52:51-920
Success : LS : test2\a94a8fe5ccb19ba6\,0:-1,2016-12-17 10:52:51-920,2016-12-17 10:52:51-957
Success : CREATE_FILE : test2\a94a8fe5ccb19ba6\30C8B16C1547AF36,0:2570132,2016-12-17 10:52:51-957,2016-12-17 10:52:51-962
Success : SEQ_READ : test2\bc9c8ba7ff351f3e,0:108544,2016-12-17 10:52:51-962,2016-12-17 10:52:51-965
Success : SEQ_READ : test2\a94a8fe5ccb19ba6\2a5bd02710e975a7\254d76d2609fec03,0:2048,2016-12-17 10:52:51-965,2016-12-17 10:52:51-969
Success : LS : test2\a94a8fe5ccb19ba6\,0:-1,2016-12-17 10:52:51-969,2016-12-17 10:52:52-007
Success : CREATE_FILE : test2\a94a8fe5ccb19ba6\2a5bd02710e975a7\4D9764330EE36738,0:3265954,2016-12-17 10:52:52-007,2016-12-17 10:52:52-010
Success : LS : test2\a94a8fe5ccb19ba6\2a5bd02710e975a7\,0:-1,2016-12-17 10:52:52-010,2016-12-17 10:52:52-014
Success : CREATE_FILE : test2\a94a8fe5ccb19ba6\5CE831B43E7C9456,0:604309,2016-12-17 10:52:52-014,2016-12-17 10:52:52-017
Success : LS : test2\a94a8fe5ccb19ba6\,0:-1,2016-12-17 10:52:52-017,2016-12-17 10:52:52-059
Success : CREATE_FILE : test2\a94a8fe5ccb19ba6\40BA63BC10498A57,0:4066774,2016-12-17 10:52:52-059,2016-12-17 10:52:52-062
Success : LS : test2\a94a8fe5ccb19ba6\,0:-1,2016-12-17 10:52:52-062,2016-12-17 10:52:52-103
Success : CREATE_FILE : test2\a94a8fe5ccb19ba6\505608AC6931E23B,0:1127843,2016-12-17 10:52:52-103,2016-12-17 10:52:52-143
Success : LS : test2\a94a8fe5ccb19ba6\,0:-1,2016-12-17 10:52:52-143,2016-12-17 10:52:52-186
Success : CREATE_FILE : test2\a94a8fe5ccb19ba6\2a5bd02710e975a7\5909E57701D46BD8,0:634170,2016-12-17 10:52:52-186,2016-12-17 10:52:52-189
Success : SEQ_READ : test1\c5a5e5562b038073\0189424a5a60fed3\46a8219c2ae6c782,0:818176,2016-12-17 10:52:52-189,2016-12-17 10:52:52-193
Success : LS : test2\a94a8fe5ccb19ba6\2a5bd02710e975a7\,0:-1,2016-12-17 10:52:52-193,2016-12-17 10:52:52-197
Success : CREATE_FILE : test2\a94a8fe5ccb19ba6\73E5040628FFB087,0:2851967,2016-12-17 10:52:52-197,2016-12-17 10:52:52-233
Success : LS : test2\a94a8fe5ccb19ba6\,0:-1,2016-12-17 10:52:52-233,2016-12-17 10:52:52-271
Success : CREATE_FILE : test2\a94a8fe5ccb19ba6\2516129764CF8293,0:1682191,2016-12-17 10:52:52-272,2016-12-17 10:52:52-275
Success : LS : test2\a94a8fe5ccb19ba6\,0:-1,2016-12-17 10:52:52-275,2016-12-17 10:52:52-317
Success : CREATE_FILE : test2\a94a8fe5ccb19ba6\2a5bd02710e975a7\12445B740CED2BE9,0:2574354,2016-12-17 10:52:52-317,2016-12-17 10:52:52-321
Success : LS : test2\a94a8fe5ccb19ba6\2a5bd02710e975a7\,0:-1,2016-12-17 10:52:52-321,2016-12-17 10:52:52-324
Fail : CREATE_FILE : test2\a94a8fe5ccb19ba6\41F5F0CA46E9B363,0:2799001,2016-12-17 10:52:52-325,2016-12-17 10:52:52-399
Reason : newTester.DHTException: no result
Success : LS : test2\a94a8fe5ccb19ba6\,0:-1,2016-12-17 10:52:52-399,2016-12-17 10:52:52-439
Fail : CREATE_FILE : test2\a94a8fe5ccb19ba6\64C100AD4026BCB5,0:1050913,2016-12-17 10:52:52-439,2016-12-17 10:52:52-514
Reason : newTester.DHTException: no result
Success : LS : test2\a94a8fe5ccb19ba6\,0:-1,2016-12-17 10:52:52-514,2016-12-17 10:52:52-556
Success : CREATE_FILE : test2\a94a8fe5ccb19ba6\525A0D3E22897BB4,0:1349799,2016-12-17 10:52:52-556,2016-12-17 10:52:52-560
Success : LS : test2\a94a8fe5ccb19ba6\,0:-1,2016-12-17 10:52:52-560,2016-12-17 10:52:52-597
Success : CREATE_FILE : test2\a94a8fe5ccb19ba6\5573AEFB3C7686AB,0:3376334,2016-12-17 10:52:52-597,2016-12-17 10:52:52-601
Success : LS : test2\a94a8fe5ccb19ba6\,0:-1,2016-12-17 10:52:52-601,2016-12-17 10:52:52-650
Success : CREATE_FILE : test2\a94a8fe5ccb19ba6\2E61A9297AE60B7C,0:989659,2016-12-17 10:52:52-651,2016-12-17 10:52:52-654
Success : LS : test2\a94a8fe5ccb19ba6\,0:-1,2016-12-17 10:52:52-654,2016-12-17 10:52:52-692
Success : CREATE_FILE : test2\a94a8fe5ccb19ba6\5A3870562DCB0A5F,0:2675630,2016-12-17 10:52:52-692,2016-12-17 10:52:52-695
Success : LS : test2\a94a8fe5ccb19ba6\,0:-1,2016-12-17 10:52:52-696,2016-12-17 10:52:52-737
Fail : CREATE_FILE : test2\a94a8fe5ccb19ba6\7D231B863AA4DE90,0:2385087,2016-12-17 10:52:52-737,2016-12-17 10:52:52-812
Reason : newTester.DHTException: no result
Success : LS : test2\a94a8fe5ccb19ba6\,0:-1,2016-12-17 10:52:52-812,2016-12-17 10:52:52-858
Success : CREATE_FILE : te