Success : CREATE_FILE : test2\a94a8fe5ccb19ba6\2a5bd02710e975a7\4F5540053C6B804B,0:929078,2016-12-12 10:00:58-894,2016-12-12 10:01:00-005
Fail : LS : test2\a94a8fe5ccb19ba6\2a5bd02710e975a7\,0:-1,2016-12-12 10:01:00-128,2016-12-12 10:01:00-251
Reason : hadoop4j.NoImplementionException: not supported by openstack
Success : CREATE_FILE : test2\a94a8fe5ccb19ba6\2a5bd02710e975a7\37C23E030E9EFECC,0:2474532,2016-12-12 10:01:00-355,2016-12-12 10:01:02-835
Fail : LS : test2\a94a8fe5ccb19ba6\2a5bd02710e975a7\,0:-1,2016-12-12 10:01:02-977,2016-12-12 10:01:03-077
Reason : hadoop4j.NoImplementionException: not supported by openstack
Success : CREATE_FILE : test2\a94a8fe5ccb19ba6\6FB9C3C0208F698E,0:2544546,2016-12-12 10:01:03-172,2016-12-12 10:01:05-602
Fail : LS : test2\a94a8fe5ccb19ba6\,0:-1,2016-12-12 10:01:05-728,2016-12-12 10:01:05-840
Reason : hadoop4j.NoImplementionException: not supported by openstack
Success : CREATE_FILE : test2\a94a8fe5ccb19ba6\2a5bd02710e975a7\652E2CB61F07FD08,0:244002,2016-12-12 10:01:05-968,2016-12-12 10:01:06-665
Fail : LS : test2\a94a8fe5ccb19ba6\2a5bd02710e975a7\,0:-1,2016-12-12 10:01:06-789,2016-12-12 10:01:06-869
Reason : hadoop4j.NoImplementionException: not supported by openstack
Success : CREATE_FILE : test2\a94a8fe5ccb19ba6\6B5A00BF7EED28D8,0:2343541,2016-12-12 10:01:06-955,2016-12-12 10:01:09-067
Fail : LS : test2\a94a8fe5ccb19ba6\,0:-1,2016-12-12 10:01:09-199,2016-12-12 10:01:09-287
Reason : hadoop4j.NoImplementionException: not supported by openstack
Success : CREATE_FILE : test2\a94a8fe5ccb19ba6\2C804C0455428373,0:2245145,2016-12-12 10:01:09-408,2016-12-12 10:01:11-708
Fail : LS : test2\a94a8fe5ccb19ba6\,0:-1,2016-12-12 10:01:11-837,2016-12-12 10:01:11-917
Reason : hadoop4j.NoImplementionException: not supported by openstack
Success : CREATE_FILE : test2\a94a8fe5ccb19ba6\2a5bd02710e975a7\1B9595BE0E350EE6,0:723542,2016-12-12 10:01:12-003,2016-12-12 10:01:12-659
Fail : LS : test2\a94a8fe5ccb19ba6\2a5bd02710e975a7\,0:-1,2016-12-12 10:01:12-786,2016-12-12 10:01:12-875
Reason : hadoop4j.NoImplementionException: not supported by openstack
Success : CREATE_FILE : test2\a94a8fe5ccb19ba6\2a5bd02710e975a7\7616AC1D5BF18954,0:1406805,2016-12-12 10:01:12-966,2016-12-12 10:01:14-251
Fail : LS : test2\a94a8fe5ccb19ba6\2a5bd02710e975a7\,0:-1,2016-12-12 10:01:14-372,2016-12-12 10:01:14-445
Reason : hadoop4j.NoImplementionException: not supported by openstack
Success : CREATE_FILE : test2\a94a8fe5ccb19ba6\2a5bd02710e975a7\4CDFD3DC0FA3A739,0:229016,2016-12-12 10:01:14-532,2016-12-12 10:01:15-389
Fail : LS : test2\a94a8fe5ccb19ba6\2a5bd02710e975a7\,0:-1,2016-12-12 10:01:15-516,2016-12-12 10:01:15-603
Reason : hadoop4j.NoImplementionException: not supported by openstack
Success : CREATE_FILE : test2\a94a8fe5ccb19ba6\62512C976DCC1433,0:2430131,2016-12-12 10:01:15-709,2016-12-12 10:01:17-811
Fail : LS : test2\a94a8fe5ccb19ba6\,0:-1,2016-12-12 10:01:17-939,2016-12-12 10:01:18-079
Reason : hadoop4j.NoImplementionException: not supported by openstack
Success : CREATE_FILE : test2\a94a8fe5ccb19ba6\695245487CC89ED9,0:3027583,2016-12-12 10:01:18-181,2016-12-12 10:01:21-085
Fail : LS : test2\a94a8fe5ccb19ba6\,0:-1,2016-12-12 10:01:21-165,2016-12-12 10:01:21-270
Reason : hadoop4j.NoImplementionException: not supported by openstack
Success : CREATE_FILE : test2\a94a8fe5ccb19ba6\3BA623ED7F000972,0:3060909,2016-12-12 10:01:21-392,2016-12-12 10:01:24-868
Fail : LS : test2\a94a8fe5ccb19ba6\,0:-1,2016-12-12 10:01:24-961,2016-12-12 10:01:25-041
Reason : hadoop4j.NoImplementionException: not supported by openstack
Success : CREATE_FILE : test2\a94a8fe5ccb19ba6\0620810D3FE79FB7,0:608919,2016-12-12 10:01:25-186,2016-12-12 10:01:26-019
Fail : LS : test2\a94a8fe5ccb19ba6\,0:-1,2016-12-12 10:01:26-144,2016-12-12 10:01:26-228
Reason : hadoop4j.NoImplementionException: not supported by openstack
Success : CREATE_FILE : test2\a94a8fe5ccb19ba6\783FC0C7503DC6A7,0:701744,2016-12-12 10:01:26-347,2016-12-12 10:01:27-327
Fail : LS : test2\a94a8fe5ccb19ba6\,0:-1,2016-12-12 10:01:27-454,2016-12-12 10:01:27-557
Reason : hadoop4j.NoImplementionException: not supported by openstack
Success : CREATE_FILE : test2\a94a8fe5ccb19ba6\790C92DA6885E271,0:1253427,2016-12-12 10:01:27-640,2016-12-12 10:01:29-206
Fail : LS : test2\a94a8fe5ccb19ba6\,0:-1,2016-12-12 10:01:29-331,2016-12-12 10:01:29-435
Reason : hadoop4j.NoImplementionException: not supported by openstack
Success : CREATE_FILE : test2\a94a8fe5ccb19ba6\44FFAD323C91A0E2,0:1862428,2016-12-12 10:01:29-549,2016-12-12 10:01:31-224
Fail : LS : test2\a94a8fe5ccb19ba6\,0:-1,2016-12-12 10:01:31-300,2016-12-12 10:01:31-385
Reason : hadoop4j.NoImplementionException: not supported by openstack
Success : CREATE_FILE : test2\a94a8fe5ccb19ba6\2320B2EF4F4FCDB4,0:400755,2016-12-12 10:01:31-464,2016-12-12 10:01:32-145
Fail : LS : test2\a94a8fe5ccb19ba6\,0:-1,2016-12-12 10:01:32-272,2016-12-12 10:01:32-418
Reason : hadoop4j.NoImplementionException: not supported by openstack
Success : CREATE_FILE : test2\a94a8fe5ccb19ba6\582764246DF59FE6,0:2488872,2016-12-12 10:01:32-549,2016-12-12 10:01:34-795
Fail : LS : test2\a94a8fe5ccb19ba6\,0:-1,2016-12-12 10:01:34-920,2016-12-12 10:01:35-039
Reason : hadoop4j.NoImplementionException: not supported by openstack
Success : CREATE_FILE : test2\a94a8fe5ccb19ba6\2a5bd02710e975a7\6E69BF873D50EFB5,0:3092607,2016-12-12 10:01:35-139,2016-12-12 10:01:38-158
Fail : LS : test2\a94a8fe5ccb19ba6\2a5bd02710e975a7\,0:-1,2016-12-12 10:01:38-285,2016-12-12 10:01:38-362
Reason : hadoop4j.NoImplementionException: not supported by openstack
Success : CREATE_FILE : test2\a94a8fe5ccb19ba6\12C97EEA563F4130,0:1335166,2016-12-12 10:01:38-453,2016-12-12 10:01:39-598
Fail : LS : test2\a94a8fe5ccb19ba6\,0:-1,2016-12-12 10:01:39-722,2016-12-12 10:01:39-831
Reason : hadoop4j.NoImplementionException: not supported by openstack
Success : CREATE_FILE : test2\a94a8fe5ccb19ba6\1DD56BC920601D86,0:3983173,2016-12-12 10:01:39-928,2016-12-12 10:01:43-873
Fail : LS : test2\a94a8fe5ccb19ba6\,0:-1,2016-12-12 10:01:43-995,2016-12-12 10:01:44-072
Reason : hadoop4j.NoImplementionException: not supported by openstack
Success : CREATE_FILE : test2\a94a8fe5ccb19ba6\176690CE5A700F36,0:1835540,2016-12-12 10:01:44-151,2016-12-12 10:01:46-319
Fail : LS : test2\a94a8fe5ccb19ba6\,0:-1,2016-12-12 10:01:46-404,2016-12-12 10:01:46-493
Reason : hadoop4j.NoImplementionException: not supported by openstack
Success : CREATE_FILE : test2\a94a8fe5ccb19ba6\7EC0D8E801775641,0:1532012,2016-12-12 10:01:46-573,2016-12-12 10:01:47-854
Fail : LS : test2\a94a8fe5ccb19ba6\,0:-1,2016-12-12 10:01:47-980,2016-12-12 10:01:48-060
Reason : hadoop4j.NoImplementionException: not supported by openstack
Success : CREATE_FILE : test2\a94a8fe5ccb19ba6\2a5bd02710e975a7\6731C2247B7D7167,0:1674639,2016-12-12 10:01:48-137,2016-12-12 10:01:49-806
Fail : LS : test2\a94a8fe5ccb19ba6\2a5bd02710e975a7\,0:-1,2016-12-12 10:01:49-926,2016-12-12 10:01:50-009
Reason : hadoop4j.NoImplementionException: not supported by openstack
Success : CREATE_FILE : test2\a94a8fe5ccb19ba6\6FAA1E4267A74367,0:2715361,2016-12-12 10:01:50-127,2016-12-12 10:01:52-602
Fail : LS : test2\a94a8fe5ccb19ba6\,0:-1,2016-12-12 10:01:52-701,2016-12-12 10:01:52-794
Reason : hadoop4j.NoImplementionException: not supported by openstack
Success : CREATE_FILE : test2\a94a8fe5ccb19ba6\2a5bd02710e975a7\4DE2824443CB610B,0:2952310,2016-12-12 10:01:52-905,2016-12-12 10:01:55-996
Fail : LS : test2\a94a8fe5ccb19ba6\2a5bd02710e975a7\,0:-1,2016-12-12 10:01:56-080,2016-12-12 10:01:56-144
Reason : hadoop4j.NoImplementionException: not supported by openstack
Success : CREATE_FILE : test2\a94a8fe5ccb19ba6\432A136865633CA7,0:3826208,2016-12-12 10:01:56-220,2016-12-12 10:02:00-081
Fail : LS : test2\a94a8fe5ccb19ba6\,0:-1,2016-12-12 10:02:00-208,2016-12-12 10:02:00-290
Reason : hadoop4j.NoImplementionException: not supported by openstack
Success : CREATE_FILE : test2\a94a8fe5ccb19ba6\1E860C3A11F409C7,0:1089270,2016-12-12 10:02:00-399,2016-12-12 10:02:04-285
Fail : LS : test2\a94a8fe5ccb19ba6\,0:-1,2016-12-12 10:02:04-410,2016-12-12 10:02:04-487
Reason : hadoop4j.NoImplementionException: not supported by openstack
Success : CREATE_FILE : test2\a94a8fe5ccb19ba6\2a5bd02710e975a7\10C123A367819645,0:2718851,2016-12-12 10:02:04-617,2016-12-12 10:02:07-390
Fail : LS : test2\a94a8fe5ccb19ba6\2a5bd02710e975a7\,0:-1,2016-12-12 10:02:07-515,2016-12-12 10:02:07-591
Reason : hadoop4j.NoImplementionException: not supported by openstack
Success : CREATE_FILE : test2\a94a8fe5ccb19ba6\2a5bd02710e975a7\430C22797860C62B,0:3730386,2016-12-12 10:02:07-707,2016-12-12 10:02:11-604
Fail : LS : test2\a94a8fe5ccb19ba6\2a5bd02710e975a7\,0:-1,2016-12-12 10:02:11-725,2016-12-12 10:02:11-854
Reason : hadoop4j.NoImplementionException: not supported by openstack
Success : CREATE_FILE : test2\a94a8fe5ccb19ba6\3E23D3914FCA54B6,0:1855424,2016-12-12 10:02:11-962,2016-12-12 10:02:13-756
Fail : LS : test2\a94a8fe5ccb19ba6\,0:-1,2016-12-12 10:02:13-854,2016-12-12 10:02:13-940
Reason : hadoop4j.NoImplementionException: not supported by openstack
Success : CREATE_FILE : test2\a94a8fe5ccb19ba6\24ADBF9D6EE0B2E6,0:1097531,2016-12-12 10:02:14-025,2016-12-12 10:02:14-927
Fail : LS : test2\a94a8fe5ccb19ba6\,0:-1,2016-12-12 10:02:15-054,2016-12-12 10:02:15-181
Reason : hadoop4j.NoImplementionException: not supported by openstack
Success : CREATE_FILE : test2\a94a8fe5ccb19ba6\2a5bd02710e975a7\2197C19524F638A4,0:2842731,2016-12-12 10:02:15-290,2016-12-12 10:02:18-048
Fail : LS : test2\a94a8fe5ccb19ba6\2a5bd02710e975a7\,0:-1,2016-12-12 10:02:18-164,2016-12-12 10:02:18-263
Reason : hadoop4j.NoImplementionException: not supported by openstack
Success : CREATE_FILE : test2\a94a8fe5ccb19ba6\2a5bd02710e975a7\5A5EEC0357C29E58,0:563017,2016-12-12 10:02:18-355,2016-12-12 10:02:18-893
Fail : LS : test2\a94a8fe5ccb19ba6\2a5bd02710e975a7\,0:-1,2016-12-12 10:02:19-019,2016-12-12 10:02:19-126
Reason : hadoop4j.NoImplementionException: not supported by openstack
