Fail : CREATE_FILE : test4\a94a8fe5ccb19ba6\2a5bd02710e975a7\5752428D763C70ED,0:0,2016-12-02 16:51:38-790,2016-12-02 16:51:39-266
Reason : ConnectionException{status=0}
Fail : LS : test4\a94a8fe5ccb19ba6\2a5bd02710e975a7\,0:-1,2016-12-02 16:51:39-389,2016-12-02 16:51:39-475
Reason : hadoop4j.NoImplementionException: not supported by openstack
Success : DELETE : test4\a94a8fe5ccb19ba6\2a5bd02710e975a7\178db47a574c645f,0:257,2016-12-02 16:51:39-566,2016-12-02 16:51:39-699
Fail : LS : test4\a94a8fe5ccb19ba6\2a5bd02710e975a7\,0:-1,2016-12-02 16:51:39-800,2016-12-02 16:51:39-865
Reason : hadoop4j.NoImplementionException: not supported by openstack
Success : DELETE : test4\6c33a983eec1b409,0:2291,2016-12-02 16:51:39-943,2016-12-02 16:51:40-065
Fail : LS : test4,0:-1,2016-12-02 16:51:40-188,2016-12-02 16:51:40-188
Reason : java.lang.StringIndexOutOfBoundsException: String index out of range: -2
Success : DELETE : test4\a94a8fe5ccb19ba6\2a5bd02710e975a7\254d76d2609fec03,0:2291,2016-12-02 16:51:40-279,2016-12-02 16:51:40-423
Fail : LS : test4\a94a8fe5ccb19ba6\2a5bd02710e975a7\,0:-1,2016-12-02 16:51:40-516,2016-12-02 16:51:40-583
Reason : hadoop4j.NoImplementionException: not supported by openstack
Success : DELETE : test4\49f03965cf98b1f5,0:1634,2016-12-02 16:51:40-693,2016-12-02 16:51:41-280
Fail : LS : test4,0:-1,2016-12-02 16:51:41-407,2016-12-02 16:51:41-407
Reason : java.lang.StringIndexOutOfBoundsException: String index out of range: -2
Fail : CREATE_FILE : test4\a94a8fe5ccb19ba6\2a5bd02710e975a7\22E8432D47956C89,0:0,2016-12-02 16:51:41-547,2016-12-02 16:51:41-930
Reason : ConnectionException{status=0}
Fail : LS : test4\a94a8fe5ccb19ba6\2a5bd02710e975a7\,0:-1,2016-12-02 16:51:42-050,2016-12-02 16:51:42-129
Reason : hadoop4j.NoImplementionException: not supported by openstack
Success : DELETE : test4\a94a8fe5ccb19ba6\2a5bd02710e975a7\3eef580036f1724a,0:257,2016-12-02 16:51:42-209,2016-12-02 16:51:42-345
Fail : LS : test4\a94a8fe5ccb19ba6\2a5bd02710e975a7\,0:-1,2016-12-02 16:51:42-445,2016-12-02 16:51:42-517
Reason : hadoop4j.NoImplementionException: not supported by openstack
Success : DELETE : test4\a94a8fe5ccb19ba6\4b6fcb2d521ef0fd,0:2291,2016-12-02 16:51:42-607,2016-12-02 16:51:42-733
Fail : LS : test4\a94a8fe5ccb19ba6\,0:-1,2016-12-02 16:51:42-851,2016-12-02 16:51:42-923
Reason : hadoop4j.NoImplementionException: not supported by openstack
Fail : DELETE : test4\a94a8fe5ccb19ba6\2a5bd02710e975a7\5752428D763C70ED,0:0,2016-12-02 16:51:43-004,2016-12-02 16:51:43-069
Reason : hadoop4j.NoImplementionException: not supported by openstack
Fail : LS : test4\a94a8fe5ccb19ba6\2a5bd02710e975a7\,0:-1,2016-12-02 16:51:43-167,2016-12-02 16:51:43-443
Reason : hadoop4j.NoImplementionException: not supported by openstack
Success : DELETE : test4\acde102dac5bbe15,0:6030,2016-12-02 16:51:43-543,2016-12-02 16:51:44-510
Fail : LS : test4,0:-1,2016-12-02 16:51:44-614,2016-12-02 16:51:44-614
Reason : java.lang.StringIndexOutOfBoundsException: String index out of range: -2
Fail : CREATE_FILE : test4\a94a8fe5ccb19ba6\5DC6853768D72B72,0:0,2016-12-02 16:51:44-742,2016-12-02 16:51:45-735
Reason : ConnectionException{status=0}
Fail : LS : test4\a94a8fe5ccb19ba6\,0:-1,2016-12-02 16:51:45-814,2016-12-02 16:51:45-879
Reason : hadoop4j.NoImplementionException: not supported by openstack
Fail : CREATE_FILE : test4\a94a8fe5ccb19ba6\341C583E42C77EE0,0:0,2016-12-02 16:51:45-985,2016-12-02 16:51:46-304
Reason : ConnectionException{status=0}
Fail : LS : test4\a94a8fe5ccb19ba6\,0:-1,2016-12-02 16:51:46-423,2016-12-02 16:51:46-497
Reason : hadoop4j.NoImplementionException: not supported by openstack
Fail : CREATE_FILE : test4\a94a8fe5ccb19ba6\2a5bd02710e975a7\7739F7DB4FFCD1F2,0:0,2016-12-02 16:51:46-576,2016-12-02 16:51:46-966
Reason : ConnectionException{status=0}
Fail : LS : test4\a94a8fe5ccb19ba6\2a5bd02710e975a7\,0:-1,2016-12-02 16:51:47-138,2016-12-02 16:51:47-207
Reason : hadoop4j.NoImplementionException: not supported by openstack
Fail : CREATE_FILE : test4\a94a8fe5ccb19ba6\7B66A85B 33F9C5E,0:0,2016-12-02 16:51:47-319,2016-12-02 16:51:47-663
Reason : ConnectionException{status=0}
Fail : LS : test4\a94a8fe5ccb19ba6\,0:-1,2016-12-02 16:51:47-791,2016-12-02 16:51:47-865
Reason : hadoop4j.NoImplementionException: not supported by openstack
Fail : CREATE_FILE : test4\a94a8fe5ccb19ba6\6C463C1E42F8834B,0:0,2016-12-02 16:51:47-981,2016-12-02 16:51:48-318
Reason : ConnectionException{status=0}
Fail : LS : test4\a94a8fe5ccb19ba6\,0:-1,2016-12-02 16:51:48-442,2016-12-02 16:51:48-518
Reason : hadoop4j.NoImplementionException: not supported by openstack
Fail : DELETE : test4\a94a8fe5ccb19ba6\7B66A85B 33F9C5E,0:0,2016-12-02 16:51:48-606,2016-12-02 16:51:48-699
Reason : hadoop4j.NoImplementionException: not supported by openstack
Fail : LS : test4\a94a8fe5ccb19ba6\,0:-1,2016-12-02 16:51:48-796,2016-12-02 16:51:48-861
Reason : hadoop4j.NoImplementionException: not supported by openstack
Fail : CREATE_FILE : test4\a94a8fe5ccb19ba6\2a5bd02710e975a7\58716BE86E2FEC2C,0:0,2016-12-02 16:51:48-941,2016-12-02 16:51:49-273
Reason : ConnectionException{status=0}
Fail : LS : test4\a94a8fe5ccb19ba6\2a5bd02710e975a7\,0:-1,2016-12-02 16:51:49-378,2016-12-02 16:51:49-445
Reason : hadoop4j.NoImplementionException: not supported by openstack
Success : DELETE : test4\8da7cc13802eefe0,0:2291,2016-12-02 16:51:49-523,2016-12-02 16:51:49-636
Fail : LS : test4,0:-1,2016-12-02 16:51:49-755,2016-12-02 16:51:49-755
Reason : java.lang.StringIndexOutOfBoundsException: String index out of range: -2
Fail : CREATE_FILE : test4\a94a8fe5ccb19ba6\2a5bd02710e975a7\376F05DE7457BE8B,0:0,2016-12-02 16:51:49-855,2016-12-02 16:51:50-707
Reason : ConnectionException{status=0}
Fail : LS : test4\a94a8fe5ccb19ba6\2a5bd02710e975a7\,0:-1,2016-12-02 16:51:50-826,2016-12-02 16:51:50-899
Reason : hadoop4j.NoImplementionException: not supported by openstack
Success : DELETE : test4\bc9c8ba7ff351f3e,0:217984,2016-12-02 16:51:50-978,2016-12-02 16:51:51-136
Fail : LS : test4,0:-1,2016-12-02 16:51:51-259,2016-12-02 16:51:51-259
Reason : java.lang.StringIndexOutOfBoundsException: String index out of range: -2
Success : DELETE : test4\1a7683b6645f9b6a,0:14529,2016-12-02 16:51:51-357,2016-12-02 16:51:51-467
Fail : LS : test4,0:-1,2016-12-02 16:51:51-573,2016-12-02 16:51:51-573
Reason : java.lang.StringIndexOutOfBoundsException: String index out of range: -2
Fail : DELETE : test4\a94a8fe5ccb19ba6\341C583E42C77EE0,0:0,2016-12-02 16:51:51-659,2016-12-02 16:51:51-721
Reason : hadoop4j.NoImplementionException: not supported by openstack
Fail : LS : test4\a94a8fe5ccb19ba6\,0:-1,2016-12-02 16:51:51-798,2016-12-02 16:51:51-868
Reason : hadoop4j.NoImplementionException: not supported by openstack
Fail : DELETE : test4\a94a8fe5ccb19ba6\2a5bd02710e975a7\58716BE86E2FEC2C,0:0,2016-12-02 16:51:51-976,2016-12-02 16:51:52-044
Reason : hadoop4j.NoImplementionException: not supported by openstack
Fail : LS : test4\a94a8fe5ccb19ba6\2a5bd02710e975a7\,0:-1,2016-12-02 16:51:52-120,2016-12-02 16:51:52-216
Reason : hadoop4j.NoImplementionException: not supported by openstack
Fail : CREATE_FILE : test4\a94a8fe5ccb19ba6\2a5bd02710e975a7\362C99226770DCF5,0:0,2016-12-02 16:51:52-305,2016-12-02 16:51:52-702
Reason : ConnectionException{status=0}
Fail : LS : test4\a94a8fe5ccb19ba6\2a5bd02710e975a7\,0:-1,2016-12-02 16:51:52-829,2016-12-02 16:51:52-931
Reason : hadoop4j.NoImplementionException: not supported by openstack
Fail : CREATE_FILE : test4\a94a8fe5ccb19ba6\6FBBBE7B3FF08C81,0:0,2016-12-02 16:51:53-059,2016-12-02 16:51:53-407
Reason : ConnectionException{status=0}
Fail : LS : test4\a94a8fe5ccb19ba6\,0:-1,2016-12-02 16:51:53-533,2016-12-02 16:51:53-614
Reason : hadoop4j.NoImplementionException: not supported by openstack
Fail : DELETE : test4\a94a8fe5ccb19ba6\6C463C1E42F8834B,0:0,2016-12-02 16:51:53-738,2016-12-02 16:51:53-815
Reason : hadoop4j.NoImplementionException: not supported by openstack
Fail : LS : test4\a94a8fe5ccb19ba6\,0:-1,2016-12-02 16:51:53-936,2016-12-02 16:51:54-009
Reason : hadoop4j.NoImplementionException: not supported by openstack
Fail : CREATE_FILE : test4\a94a8fe5ccb19ba6\2a5bd02710e975a7\7BA80D08 9EC6471,0:0,2016-12-02 16:51:54-098,2016-12-02 16:51:54-421
Reason : ConnectionException{status=0}
Fail : LS : test4\a94a8fe5ccb19ba6\2a5bd02710e975a7\,0:-1,2016-12-02 16:51:54-537,2016-12-02 16:51:54-609
Reason : hadoop4j.NoImplementionException: not supported by openstack
Fail : CREATE_FILE : test4\a94a8fe5ccb19ba6\238EC48C 8CC7A90,0:0,2016-12-02 16:51:54-697,2016-12-02 16:51:55-004
Reason : ConnectionException{status=0}
Fail : LS : test4\a94a8fe5ccb19ba6\,0:-1,2016-12-02 16:51:55-105,2016-12-02 16:51:55-183
Reason : hadoop4j.NoImplementionException: not supported by openstack
Fail : DELETE : test4\a94a8fe5ccb19ba6\2a5bd02710e975a7\376F05DE7457BE8B,0:0,2016-12-02 16:51:55-261,2016-12-02 16:51:55-324
Reason : hadoop4j.NoImplementionException: not supported by openstack
Fail : LS : test4\a94a8fe5ccb19ba6\2a5bd02710e975a7\,0:-1,2016-12-02 16:51:55-407,2016-12-02 16:51:55-478
Reason : hadoop4j.NoImplementionException: not supported by openstack
Fail : CREATE_FILE : test4\a94a8fe5ccb19ba6\40C4AA61 81F4BD2,0:0,2016-12-02 16:51:55-553,2016-12-02 16:51:55-930
Reason : ConnectionException{status=0}
Fail : LS : test4\a94a8fe5ccb19ba6\,0:-1,2016-12-02 16:51:56-053,2016-12-02 16:51:56-129
Reason : hadoop4j.NoImplementionException: not supported by openstack
Fail : DELETE : test4\a94a8fe5ccb19ba6\5DC6853768D72B72,0:0,2016-12-02 16:51:56-240,2016-12-02 16:51:56-306
Reason : hadoop4j.NoImplementionException: not supported by openstack
Fail : LS : test4\a94a8fe5ccb19ba6\,0:-1,2016-12-02 16:51:56-405,2016-12-02 16:51:56-473
Reason : hadoop4j.NoImplementionException: not supported by openstack
Fail : CREATE_FILE : test4\a94a8fe5ccb19ba6\29ACE0FF3F081E1E,0:0,2016-12-02 16:51:56-578,2016-12-02 16:51:56-992
Reason : ConnectionException{status=0}
Fail : LS : test4\a94a8fe5ccb19ba6\,0:-1,2016-12-02 16:51:57-112,2016-12-02 16:51:57-218
Reason : hadoop4j.NoImplementionException: not supported by openstack
Fail : CREATE_FILE : test4\a94a8fe5ccb19ba6\2a5bd02710e975a7\4E987D223D08B825,0:0,2016-12-02 16:51:57-336,2016-12-02 16:51:57-662
Reason : ConnectionException{status=0}
Fail : LS : test4\a94a8fe5ccb19ba6\2a5bd02710e975a7\,0:-1,2016-12-02 16:51:57-749,2016-12-02 16:51:57-840
Reason : hadoop4j.NoImplementionException: not supported by openstack
Fail : DELETE : test4\a94a8fe5ccb19ba6\238EC48C 8CC7A90,0:0,2016-12-02 16:51:57-955,2016-12-02 16:51:58-024
Reason : hadoop4j.NoImplementionException: not supported by openstack
Fail : LS : test4\a94a8fe5ccb19ba6\,0:-1,2016-12-02 16:51:58-145,2016-12-02 16:51:58-264
Reason : hadoop4j.NoImplementionException: not supported by openstack
Fail : CREATE_FILE : test4\a94a8fe5ccb19ba6\ BACAC626939D97D,0:0,2016-12-02 16:51:58-380,2016-12-02 16:51:58-726
Reason : ConnectionException{status=0}
Fail : LS : test4\a94a8fe5ccb19ba6\,0:-1,2016-12-02 16:51:58-865,2016-12-02 16:51:58-945
Reason : hadoop4j.NoImplementionException: not supported by openstack
Fail : DELETE : test4\a94a8fe5ccb19ba6\2a5bd02710e975a7\362C99226770DCF5,0:0,2016-12-02 16:51:59-072,2016-12-02 16:51:59-148
Reason : hadoop4j.NoImplementionException: not supported by openstack
Fail : LS : test4\a94a8fe5ccb19ba6\2a5bd02710e975a7\,0:-1,2016-12-02 16:51:59-276,2016-12-02 16:51:59-351
Reason : hadoop4j.NoImplementionException: not supported by openstack
Fail : DELETE : test4\a94a8fe5ccb19ba6\2a5bd02710e975a7\4E987D223D08B825,0:0,2016-12-02 16:51:59-429,2016-12-02 16:51:59-532
Reason : hadoop4j.NoImplementionException: not supported by openstack
Fail : LS : test4\a94a8fe5ccb19ba6\2a5bd02710e975a7\,0:-1,2016-12-02 16:51:59-658,2016-12-02 16:51:59-763
Reason : hadoop4j.NoImplementionException: not supported by openstack
Fail : CREATE_FILE : test4\a94a8fe5ccb19ba6\59AAFE773EEB3AB2,0:0,2016-12-02 16:51:59-872,2016-12-02 16:52:00-211
Reason : ConnectionException{status=0}
Fail : LS : test4\a94a8fe5ccb19ba6\,0:-1,2016-12-02 16:52:00-339,2016-12-02 16:52:00-414
Reason : hadoop4j.NoImplementionException: not supported by openstack
Fail : DELETE : test4\a94a8fe5ccb19ba6\ BACAC626939D97D,0:0,2016-12-02 16:52:00-496,2016-12-02 16:52:00-569
Reason : hadoop4j.NoImplementionException: not supported by openstack
Fail : LS : test4\a94a8fe5ccb19ba6\,0:-1,2016-12-02 16:52:00-659,2016-12-02 16:52:00-734
Reason : hadoop4j.NoImplementionException: not supported by openstack
Fail : CREATE_FILE : test4\a94a8fe5ccb19ba6\2a5bd02710e975a7\798157D5155CD65E,0:0,2016-12-02 16:52:00-821,2016-12-02 16:52:01-193
Reason : ConnectionException{status=0}
Fail : LS : test4\a94a8fe5ccb19ba6\2a5bd02710e975a7\,0:-1,2016-12-02 16:52:01-272,2016-12-02 16:52:01-337
Reason : hadoop4j.NoImplementionException: not supported by openstack
Fail : CREATE_FILE : test4\a94a8fe5ccb19ba6\1F92CBB05036FB87,0:0,2016-12-02 16:52:01-425,2016-12-02 16:52:01-766
Reason : ConnectionException{status=0}
Fail : LS : test4\a94a8fe5ccb19ba6\,0:-1,2016-12-02 16:52:01-938,2016-12-02 16:52:02-044
Reason : hadoop4j.NoImplementionException: not supported by openstack
Fail : CREATE_FILE : test4\a94a8fe5ccb19ba6\490AAE13 AF42411,0:0,2016-12-02 16:52:02-154,2016-12-02 16:52:02-520
Reason : ConnectionException{status=0}
Fail : LS : test4\a94a8fe5ccb19ba6\,0:-1,2016-12-02 16:52:02-645,2016-12-02 16:52:02-719
Reason : hadoop4j.NoImplementionException: not supported by openstack
Fail : DELETE : test4\a94a8fe5ccb19ba6\1F92CBB05036FB87,0:0,2016-12-02 16:52:02-874,2016-12-02 16:52:02-979
Reason : hadoop4j.NoImplementionException: not supported by openstack
Fail : LS : test4\a94a8fe5ccb19ba6\,0:-1,2016-12-02 16:52:03-098,2016-12-02 16:52:03-174
Reason : hadoop4j.NoImplementionException: not supported by openstack
Fail : CREATE_FILE : test4\a94a8fe5ccb19ba6\1BC1F4003D787059,0:0,2016-12-02 16:52:03-293,2016-12-02 16:52:03-692
Reason : ConnectionException{status=0}
Fail : LS : test4\a94a8fe5ccb19ba6\,0:-1,2016-12-02 16:52:03-774,2016-12-02 16:52:03-837
Reason : hadoop4j.NoImplementionException: not supported by openstack
Fail : DELETE : test4\a94a8fe5ccb19ba6\2a5bd02710e975a7\7BA80D08 9EC6471,0:0,2016-12-02 16:52:03-913,2016-12-02 16:52:03-997
Reason : hadoop4j.NoImplementionException: not supported by openstack
Fail : LS : test4\a94a8fe5ccb19ba6\2a5bd02710e975a7\,0:-1,2016-12-02 16:52:04-095,2016-12-02 16:52:04-159
Reason : hadoop4j.NoImplementionException: not supported by openstack
Fail : DELETE : test4\a94a8fe5ccb19ba6\59AAFE773EEB3AB2,0:0,2016-12-02 16:52:04-233,2016-12-02 16:52:04-328
Reason : hadoop4j.NoImplementionException: not supported by openstack
Fail : LS : test4\a94a8fe5ccb19ba6\,0:-1,2016-12-02 16:52:04-440,2016-12-02 16:52:04-508
Reason : hadoop4j.NoImplementionException: not supported by openstack
Fail : CREATE_FILE : test4\a94a8fe5ccb19ba6\35F710D65D5E3307,0:0,2016-12-02 16:52:04-584,2016-12-02 16:52:04-940
Reason : ConnectionException{status=0}
Fail : LS : test4\a94a8fe5ccb19ba6\,0:-1,2016-12-02 16:52:05-059,2016-12-02 16:52:05-161
Reason : hadoop4j.NoImplementionException: not supported by openstack
Fail : DELETE : test4\a94a8fe5ccb19ba6\40C4AA61 81F4BD2,0:0,2016-12-02 16:52:05-255,2016-12-02 16:52:05-350
Reason : hadoop4j.NoImplementionException: not supported by openstack
Fail : LS : test4\a94a8fe5ccb19ba6\,0:-1,2016-12-02 16:52:05-446,2016-12-02 16:52:05-542
Reason : hadoop4j.NoImplementionException: not supported by openstack
Fail : DELETE : test4\a94a8fe5ccb19ba6\490AAE13 AF42411,0:0,2016-12-02 16:52:05-628,2016-12-02 16:52:05-707
Reason : hadoop4j.NoImplementionException: not supported by openstack
Fail : LS : test4\a94a8fe5ccb19ba6\,0:-1,2016-12-02 16:52:05-821,2016-12-02 16:52:05-891
Reason : hadoop4j.NoImplementionException: not supported by openstack
Fail : DELETE : test4\a94a8fe5ccb19ba6\2a5bd02710e975a7\7739F7DB4FFCD1F2,0:0,2016-12-02 16:52:06-011,2016-12-02 16:52:06-079
Reason : hadoop4j.NoImplementionException: not supported by openstack
Fail : LS : test4\a94a8fe5ccb19ba6\2a5bd02710e975a7\,0:-1,2016-12-02 16:52:06-252,2016-12-02 16:52:06-333
Reason : hadoop4j.NoImplementionException: not supported by openstack
Fail : DELETE : test4\a94a8fe5ccb19ba6\1BC1F4003D787059,0:0,2016-12-02 16:52:06-429,2016-12-02 16:52:06-496
Reason : hadoop4j.NoImplementionException: not supported by openstack
Fail : LS : test4\a94a8fe5ccb19ba6\,0:-1,2016-12-02 16:52:06-589,2016-12-02 16:52:06-659
Reason : hadoop4j.NoImplementionException: not supported by openstack
Fail : DELETE : test4\a94a8fe5ccb19ba6\2a5bd02710e975a7\798157D5155CD65E,0:0,2016-12-02 16:52:06-749,2016-12-02 16:52:06-812
Reason : hadoop4j.NoImplementionException: not supported by openstack
Fail : LS : test4\a94a8fe5ccb19ba6\2a5bd02710e975a7\,0:-1,2016-12-02 16:52:06-890,2016-12-02 16:52:06-953
Reason : hadoop4j.NoImplementionException: not supported by openstack
Fail : CREATE_FILE : test4\a94a8fe5ccb19ba6\6A36197F64C3133A,0:0,2016-12-02 16:52:07-035,2016-12-02 16:52:07-684
Reason : ConnectionException{status=0}
Fail : LS : test4\a94a8fe5ccb19ba6\,0:-1,2016-12-02 16:52:07-791,2016-12-02 16:52:07-892
Reason : hadoop4j.NoImplementionException: not supported by openstack
Fail : CREATE_FILE : test4\a94a8fe5ccb19ba6\2a5bd02710e975a7\ 48C00203457AA7F,0:0,2016-12-02 16:52:07-981,2016-12-02 16:52:08-318
Reason : ConnectionException{status=0}
Fail : LS : test4\a94a8fe5ccb19ba6\2a5bd02710e975a7\,0:-1,2016-12-02 16:52:08-416,2016-12-02 16:52:08-486
Reason : hadoop4j.NoImplementionException: not supported by openstack
Fail : DELETE : test4\a94a8fe5ccb19ba6\6FBBBE7B3FF08C81,0:0,2016-12-02 16:52:08-574,2016-12-02 16:52:08-644
Reason : hadoop4j.NoImplementionException: not supported by openstack
Fail : LS : test4\a94a8fe5ccb19ba6\,0:-1,2016-12-02 16:52:08-733,2016-12-02 16:52:08-826
Reason : hadoop4j.NoImplementionException: not supported by openstack
Fail : DELETE : test4\a94a8fe5ccb19ba6\2a5bd02710e975a7\22E8432D47956C89,0:0,2016-12-02 16:52:08-910,2016-12-02 16:52:08-981
Reason : hadoop4j.NoImplementionException: not supported by openstack
Fail : LS : test4\a94a8fe5ccb19ba6\2a5bd02710e975a7\,0:-1,2016-12-02 16:52:09-077,2016-12-02 16:52:09-145
Reason : hadoop4j.NoImplementionException: not supported by openstack
Fail : CREATE_FILE : test4\a94a8fe5ccb19ba6\46AB0EE51A0B9F92,0:0,2016-12-02 16:52:09-230,2016-12-02 16:52:09-595
Reason : ConnectionException{status=0}
Fail : LS : test4\a94a8fe5ccb19ba6\,0:-1,2016-12-02 16:52:09-685,2016-12-02 16:52:09-756
Reason : hadoop4j.NoImplementionException: not supported by openstack
Fail : DELETE : test4\a94a8fe5ccb19ba6\29ACE0FF3F081E1E,0:0,2016-12-02 16:52:09-837,2016-12-02 16:52:09-901
Reason : hadoop4j.NoImplementionException: not supported by openstack
Fail : LS : test4\a94a8fe5ccb19ba6\,0:-1,2016-12-02 16:52:09-979,2016-12-02 16:52:10-043
Reason : hadoop4j.NoImplementionException: not supported by openstack
Fail : CREATE_FILE : test4\a94a8fe5ccb19ba6\6F41040834CB07E4,0:0,2016-12-02 16:52:10-121,2016-12-02 16:52:10-830
Reason : ConnectionException{status=0}
Fail : LS : test4\a94a8fe5ccb19ba6\,0:-1,2016-12-02 16:52:10-961,2016-12-02 16:52:11-070
Reason : hadoop4j.NoImplementionException: not supported by openstack
Fail : DELETE : test4\a94a8fe5ccb19ba6\35F710D65D5E3307,0:0,2016-12-02 16:52:11-191,2016-12-02 16:52:11-292
Reason : hadoop4j.NoImplementionException: not supported by openstack
Fail : LS : test4\a94a8fe5ccb19ba6\,0:-1,2016-12-02 16:52:11-384,2016-12-02 16:52:11-457
Reason : hadoop4j.NoImplementionException: not supported by openstack
Fail : DELETE : test4\a94a8fe5ccb19ba6\46AB0EE51A0B9F92,0:0,2016-12-02 16:52:11-564,2016-12-02 16:52:11-668
Reason : hadoop4j.NoImplementionException: not supported by openstack
Fail : LS : test4\a94a8fe5ccb19ba6\,0:-1,2016-12-02 16:52:11-760,2016-12-02 16:52:11-866
Reason : hadoop4j.NoImplementionException: not supported by openstack
Fail : CREATE_FILE : test4\a94a8fe5ccb19ba6\4AB65D453A12D275,0:0,2016-12-02 16:52:11-967,2016-12-02 16:52:12-586
Reason : ConnectionException{status=0}
Fail : LS : test4\a94a8fe5ccb19ba6\,0:-1,2016-12-02 16:52:12-681,2016-12-02 16:52:12-749
Reason : hadoop4j.NoImplementionException: not supported by openstack
Fail : CREATE_FILE : test4\a94a8fe5ccb19ba6\2a5bd02710e975a7\6239030B7D86B9ED,0:0,2016-12-02 16:52:12-826,2016-12-02 16:52:13-141
Reason : ConnectionException{status=0}
Fail : LS : test4\a94a8fe5ccb19ba6\2a5bd02710e975a7\,0:-1,2016-12-02 16:52:13-242,2016-12-02 16:52:13-308
Reason : hadoop4j.NoImplementionException: not supported by openstack
Fail : DELETE : test4\a94a8fe5ccb19ba6\4AB65D453A12D275,0:0,2016-12-02 16:52:13-388,2016-12-02 16:52:13-452
Reason : hadoop4j.NoImplementionException: not supported by openstack
Fail : LS : test4\a94a8fe5ccb19ba6\,0:-1,2016-12-02 16:52:13-531,2016-12-02 16:52:13-618
Reason : hadoop4j.NoImplementionException: not supported by openstack
Fail : CREATE_FILE : test4\a94a8fe5ccb19ba6\763D84E35FF2296B,0:0,2016-12-02 16:52:13-701,2016-12-02 16:52:14-069
Reason : ConnectionException{status=0}
Fail : LS : test4\a94a8fe5ccb19ba6\,0:-1,2016-12-02 16:52:14-194,2016-12-02 16:52:14-271
Reason : hadoop4j.NoImplementionException: not supported by openstack
Fail : DELETE : test4\a94a8fe5ccb19ba6\6F41040834CB07E4,0:0,2016-12-02 16:52:14-385,2016-12-02 16:52:14-454
Reason : hadoop4j.NoImplementionException: not supported by openstack
Fail : LS : test4\a94a8fe5ccb19ba6\,0:-1,2016-12-02 16:52:14-539,2016-12-02 16:52:14-604
Reason : hadoop4j.NoImplementionException: not supported by openstack
Fail : CREATE_FILE : test4\a94a8fe5ccb19ba6\2a5bd02710e975a7\73174D15541E5F97,0:0,2016-12-02 16:52:14-681,2016-12-02 16:52:15-017
Reason : ConnectionException{status=0}
Fail : LS : test4\a94a8fe5ccb19ba6\2a5bd02710e975a7\,0:-1,2016-12-02 16:52:15-136,2016-12-02 16:52:15-209
Reason : hadoop4j.NoImplementionException: not supported by openstack
Fail : CREATE_FILE : test4\a94a8fe5ccb19ba6\2a5bd02710e975a7\20C01B42206907E6,0:0,2016-12-02 16:52:15-295,2016-12-02 16:52:15-640
Reason : ConnectionException{status=0}
Fail : LS : test4\a94a8fe5ccb19ba6\2a5bd02710e975a7\,0:-1,2016-12-02 16:52:15-720,2016-12-02 16:52:15-835
Reason : hadoop4j.NoImplementionException: not supported by openstack
Fail : CREATE_FILE : test4\a94a8fe5ccb19ba6\3DC0C48821540121,0:0,2016-12-02 16:52:15-938,2016-12-02 16:52:16-539
Reason : ConnectionException{status=0}
Fail : LS : test4\a94a8fe5ccb19ba6\,0:-1,2016-12-02 16:52:16-654,2016-12-02 16:52:16-725
Reason : hadoop4j.NoImplementionException: not supported by openstack
Fail : DELETE : test4\a94a8fe5ccb19ba6\6A36197F64C3133A,0:0,2016-12-02 16:52:16-828,2016-12-02 16:52:16-904
Reason : hadoop4j.NoImplementionException: not supported by openstack
Fail : LS : test4\a94a8fe5ccb19ba6\,0:-1,2016-12-02 16:52:17-025,2016-12-02 16:52:17-109
Reason : hadoop4j.NoImplementionException: not supported by openstack
Fail : CREATE_FILE : test4\a94a8fe5ccb19ba6\2a5bd02710e975a7\4C9DC1BB371BB0CC,0:0,2016-12-02 16:52:17-233,2016-12-02 16:52:17-649
Reason : ConnectionException{status=0}
Fail : LS : test4\a94a8fe5ccb19ba6\2a5bd02710e975a7\,0:-1,2016-12-02 16:52:17-768,2016-12-02 16:52:17-870
Reason : hadoop4j.NoImplementionException: not supported by openstack
Fail : CREATE_FILE : test4\a94a8fe5ccb19ba6\417C93A91B8EEE22,0:0,2016-12-02 16:52:17-997,2016-12-02 16:52:18-363
Reason : ConnectionException{status=0}
Fail : LS : test4\a94a8fe5ccb19ba6\,0:-1,2016-12-02 16:52:18-480,2016-12-02 16:52:18-550
Reason : hadoop4j.NoImplementionException: not supported by openstack
Fail : CREATE_FILE : test4\a94a8fe5ccb19ba6\2B67EA957FA44C3B,0:0,2016-12-02 16:52:18-637,2016-12-02 16:52:18-985
Reason : ConnectionException{status=0}
Fail : LS : test4\a94a8fe5ccb19ba6\,0:-1,2016-12-02 16:52:19-098,2016-12-02 16:52:19-166
Reason : hadoop4j.NoImplementionException: not supported by openstack
Fail : CREATE_FILE : test4\a94a8fe5ccb19ba6\ B32528D37DD593D,0:0,2016-12-02 16:52:19-275,2016-12-02 16:52:19-595
Reason : ConnectionException{status=0}
Fail : LS : test4\a94a8fe5ccb19ba6\,0:-1,2016-12-02 16:52:19-697,2016-12-02 16:52:19-765
Reason : hadoop4j.NoImplementionException: not supported by openstack
Fail : DELETE : test4\a94a8fe5ccb19ba6\2a5bd02710e975a7\4C9DC1BB371BB0CC,0:0,2016-12-02 16:52:19-894,2016-12-02 16:52:19-997
Reason : hadoop4j.NoImplementionException: not supported by openstack
Fail : LS : test4\a94a8fe5ccb19ba6\2a5bd02710e975a7\,0:-1,2016-12-02 16:52:20-105,2016-12-02 16:52:20-173
Reason : hadoop4j.NoImplementionException: not supported by openstack
Fail : CREATE_FILE : test4\a94a8fe5ccb19ba6\2a5bd02710e975a7\360D690D7CF298D3,0:0,2016-12-02 16:52:20-300,2016-12-02 16:52:20-641
Reason : ConnectionException{status=0}
Fail : LS : test4\a94a8fe5ccb19ba6\2a5bd02710e975a7\,0:-1,2016-12-02 16:52:20-758,2016-12-02 16:52:20-863
Reason : hadoop4j.NoImplementionException: not supported by openstack
Fail : CREATE_FILE : test4\a94a8fe5ccb19ba6\5C7929447AD2BE18,0:0,2016-12-02 16:52:20-976,2016-12-02 16:52:21-310
Reason : ConnectionException{status=0}
Fail : LS : test4\a94a8fe5ccb19ba6\,0:-1,2016-12-02 16:52:21-442,2016-12-02 16:52:21-515
Reason : hadoop4j.NoImplementionException: not supported by openstack
Fail : DELETE : test4\a94a8fe5ccb19ba6\ B32528D37DD593D,0:0,2016-12-02 16:52:21-602,2016-12-02 16:52:21-671
Reason : hadoop4j.NoImplementionException: not supported by openstack
Fail : LS : test4\a94a8fe5ccb19ba6\,0:-1,2016-12-02 16:52:21-747,2016-12-02 16:52:21-809
Reason : hadoop4j.NoImplementionException: not supported by openstack
Fail : DELETE : test4\a94a8fe5ccb19ba6\2a5bd02710e975a7\6239030B7D86B9ED,0:0,2016-12-02 16:52:21-930,2016-12-02 16:52:21-992
Reason : hadoop4j.NoImplementionException: not supported by openstack
Fail : LS : test4\a94a8fe5ccb19ba6\2a5bd02710e975a7\,0:-1,2016-12-02 16:52:22-075,2016-12-02 16:52:22-140
Reason : hadoop4j.NoImplementionException: not supported by openstack
Fail : CREATE_FILE : test4\a94a8fe5ccb19ba6\3CA4564C64200A90,0:0,2016-12-02 16:52:22-220,2016-12-02 16:52:22-558
Reason : ConnectionException{status=0}
Fail : LS : test4\a94a8fe5ccb19ba6\,0:-1,2016-12-02 16:52:22-681,2016-12-02 16:52:22-754
Reason : hadoop4j.NoImplementionException: not supported by openstack
Fail : CREATE_FILE : test4\a94a8fe5ccb19ba6\2a5bd02710e975a7\6224F36712D2F297,0:0,2016-12-02 16:52:22-877,2016-12-02 16:52:23-235
Reason : ConnectionException{status=0}
Fail : LS : test4\a94a8fe5ccb19ba6\2a5bd02710e975a7\,0:-1,2016-12-02 16:52:23-359,2016-12-02 16:52:23-440
Reason : hadoop4j.NoImplementionException: not supported by openstack
Fail : CREATE_FILE : test4\a94a8fe5ccb19ba6\2a5bd02710e975a7\7A6DB5C76BBE555A,0:0,2016-12-02 16:52:23-559,2016-12-02 16:52:23-921
Reason : ConnectionException{status=0}
Fail : LS : test4\a94a8fe5ccb19ba6\2a5bd02710e975a7\,0:-1,2016-12-02 16:52:24-049,2016-12-02 16:52:24-126
Reason : hadoop4j.NoImplementionException: not supported by openstack
Fail : CREATE_FILE : test4\a94a8fe5ccb19ba6\ 5A9F4EB124501E1,0:0,2016-12-02 16:52:24-227,2016-12-02 16:52:24-544
Reason : ConnectionException{status=0}
Fail : LS : test4\a94a8fe5ccb19ba6\,0:-1,2016-12-02 16:52:24-628,2016-12-02 16:52:24-694
Reason : hadoop4j.NoImplementionException: not supported by openstack
Fail : CREATE_FILE : test4\a94a8fe5ccb19ba6\2a5bd02710e975a7\7F9FF23F491B45F9,0:0,2016-12-02 16:52:24-770,2016-12-02 16:52:25-070
Reason : ConnectionException{status=0}
Fail : LS : test4\a94a8fe5ccb19ba6\2a5bd02710e975a7\,0:-1,2016-12-02 16:52:25-154,2016-12-02 16:52:25-219
Reason : hadoop4j.NoImplementionException: not supported by openstack
Fail : CREATE_FILE : test4\a94a8fe5ccb19ba6\13D5A99656A47963,0:0,2016-12-02 16:52:25-299,2016-12-02 16:52:25-622
Reason : ConnectionException{status=0}
Fail : LS : test4\a94a8fe5ccb19ba6\,0:-1,2016-12-02 16:52:25-741,2016-12-02 16:52:25-862
Reason : hadoop4j.NoImplementionException: not supported by openstack
Fail : DELETE : test4\a94a8fe5ccb19ba6\2a5bd02710e975a7\7F9FF23F491B45F9,0:0,2016-12-02 16:52:25-958,2016-12-02 16:52:26-018
Reason : hadoop4j.NoImplementionException: not supported by openstack
Fail : LS : test4\a94a8fe5ccb19ba6\2a5bd02710e975a7\,0:-1,2016-12-02 16:52:26-134,2016-12-02 16:52:26-205
Reason : hadoop4j.NoImplementionException: not supported by openstack
Fail : CREATE_FILE : test4\a94a8fe5ccb19ba6\7837F26E563B6AE1,0:0,2016-12-02 16:52:26-328,2016-12-02 16:52:26-686
Reason : ConnectionException{status=0}
Fail : LS : test4\a94a8fe5ccb19ba6\,0:-1,2016-12-02 16:52:26-814,2016-12-02 16:52:26-888
Reason : hadoop4j.NoImplementionException: not supported by openstack
Fail : CREATE_FILE : test4\a94a8fe5ccb19ba6\2a5bd02710e975a7\  20F712 FE8435A,0:0,2016-12-02 16:52:26-978,2016-12-02 16:52:27-316
Reason : ConnectionException{status=0}
Fail : LS : test4\a94a8fe5ccb19ba6\2a5bd02710e975a7\,0:-1,2016-12-02 16:52:27-428,2016-12-02 16:52:27-504
Reason : hadoop4j.NoImplementionException: not supported by openstack
Fail : CREATE_FILE : test4\a94a8fe5ccb19ba6\3D7BD294 7243B7A,0:0,2016-12-02 16:52:27-596,2016-12-02 16:52:27-981
Reason : ConnectionException{status=0}
Fail : LS : test4\a94a8fe5ccb19ba6\,0:-1,2016-12-02 16:52:28-106,2016-12-02 16:52:28-178
Reason : hadoop4j.NoImplementionException: not supported by openstack
Fail : DELETE : test4\a94a8fe5ccb19ba6\2a5bd02710e975a7\6224F36712D2F297,0:0,2016-12-02 16:52:28-283,2016-12-02 16:52:28-385
Reason : hadoop4j.NoImplementionException: not supported by openstack
Fail : LS : test4\a94a8fe5ccb19ba6\2a5bd02710e975a7\,0:-1,2016-12-02 16:52:28-478,2016-12-02 16:52:28-543
Reason : hadoop4j.NoImplementionException: not supported by openstack
Fail : DELETE : test4\a94a8fe5ccb19ba6\2a5bd02710e975a7\  20F712 FE8435A,0:0,2016-12-02 16:52:28-667,2016-12-02 16:52:28-738
Reason : hadoop4j.NoImplementionException: not supported by openstack
Fail : LS : test4\a94a8fe5ccb19ba6\2a5bd02710e975a7\,0:-1,2016-12-02 16:52:28-843,2016-12-02 16:52:28-912
Reason : hadoop4j.NoImplementionException: not supported by openstack
Fail : DELETE : test4\a94a8fe5ccb19ba6\13D5A99656A47963,0:0,2016-12-02 16:52:29-022,2016-12-02 16:52:29-126
Reason : hadoop4j.NoImplementionException: not supported by openstack
Fail : LS : test4\a94a8fe5ccb19ba6\,0:-1,2016-12-02 16:52:29-231,2016-12-02 16:52:29-317
Reason : hadoop4j.NoImplementionException: not supported by openstack
Fail : CREATE_FILE : test4\a94a8fe5ccb19ba6\2a5bd02710e975a7\497B1AFA168417BF,0:0,2016-12-02 16:52:29-402,2016-12-02 16:52:29-772
Reason : ConnectionException{status=0}
Fail : LS : test4\a94a8fe5ccb19ba6\2a5bd02710e975a7\,0:-1,2016-12-02 16:52:29-901,2016-12-02 16:52:29-970
Reason : hadoop4j.NoImplementionException: not supported by openstack
Fail : DELETE : test4\a94a8fe5ccb19ba6\5C7929447AD2BE18,0:0,2016-12-02 16:52:30-048,2016-12-02 16:52:30-111
Reason : hadoop4j.NoImplementionException: not supported by openstack
Fail : LS : test4\a94a8fe5ccb19ba6\,0:-1,2016-12-02 16:52:30-190,2016-12-02 16:52:30-258
Reason : hadoop4j.NoImplementionException: not supported by openstack
Fail : DELETE : test4\a94a8fe5ccb19ba6\763D84E35FF2296B,0:0,2016-12-02 16:52:30-334,2016-12-02 16:52:30-402
Reason : hadoop4j.NoImplementionException: not supported by openstack
Fail : LS : test4\a94a8fe5ccb19ba6\,0:-1,2016-12-02 16:52:30-486,2016-12-02 16:52:30-565
Reason : hadoop4j.NoImplementionException: not supported by openstack
Fail : CREATE_FILE : test4\a94a8fe5ccb19ba6\2a5bd02710e975a7\609FB6574B0B1756,0:0,2016-12-02 16:52:30-649,2016-12-02 16:52:31-251
Reason : ConnectionException{status=0}
Fail : LS : test4\a94a8fe5ccb19ba6\2a5bd02710e975a7\,0:-1,2016-12-02 16:52:31-339,2016-12-02 16:52:31-414
Reason : hadoop4j.NoImplementionException: not supported by openstack
Fail : CREATE_FILE : test4\a94a8fe5ccb19ba6\49EC3FD058DB73D9,0:0,2016-12-02 16:52:31-501,2016-12-02 16:52:31-873
Reason : ConnectionException{status=0}
Fail : LS : test4\a94a8fe5ccb19ba6\,0:-1,2016-12-02 16:52:31-999,2016-12-02 16:52:32-078
Reason : hadoop4j.NoImplementionException: not supported by openstack
Fail : CREATE_FILE : test4\a94a8fe5ccb19ba6\2a5bd02710e975a7\77E64DCF3FF2C5B2,0:0,2016-12-02 16:52:32-193,2016-12-02 16:52:32-561
Reason : ConnectionException{status=0}
Fail : LS : test4\a94a8fe5ccb19ba6\2a5bd02710e975a7\,0:-1,2016-12-02 16:52:32-682,2016-12-02 16:52:32-786
Reason : hadoop4j.NoImplementionException: not supported by openstack
Fail : CREATE_FILE : test4\a94a8fe5ccb19ba6\39410A8F7040A3D2,0:0,2016-12-02 16:52:32-879,2016-12-02 16:52:33-342
Reason : ConnectionException{status=0}
Fail : LS : test4\a94a8fe5ccb19ba6\,0:-1,2016-12-02 16:52:33-479,2016-12-02 16:52:33-559
Reason : hadoop4j.NoImplementionException: not supported by openstack
Fail : DELETE : test4\a94a8fe5ccb19ba6\2a5bd02710e975a7\77E64DCF3FF2C5B2,0:0,2016-12-02 16:52:33-645,2016-12-02 16:52:33-726
Reason : hadoop4j.NoImplementionException: not supported by openstack
Fail : LS : test4\a94a8fe5ccb19ba6\2a5bd02710e975a7\,0:-1,2016-12-02 16:52:33-840,2016-12-02 16:52:33-916
Reason : hadoop4j.NoImplementionException: not supported by openstack
Fail : DELETE : test4\a94a8fe5ccb19ba6\3D7BD294 7243B7A,0:0,2016-12-02 16:52:34-026,2016-12-02 16:52:34-094
Reason : hadoop4j.NoImplementionException: not supported by openstack
Fail : LS : test4\a94a8fe5ccb19ba6\,0:-1,2016-12-02 16:52:34-169,2016-12-02 16:52:34-275
Reason : hadoop4j.NoImplementionException: not supported by openstack
Fail : CREATE_FILE : test4\a94a8fe5ccb19ba6\592ADA3F130FF8ED,0:0,2016-12-02 16:52:34-385,2016-12-02 16:52:34-751
Reason : ConnectionException{status=0}
Fail : LS : test4\a94a8fe5ccb19ba6\,0:-1,2016-12-02 16:52:34-877,2016-12-02 16:52:34-985
Reason : hadoop4j.NoImplementionException: not supported by openstack
Fail : CREATE_FILE : test4\a94a8fe5ccb19ba6\ AD68D603EDE7DF9,0:0,2016-12-02 16:52:35-086,2016-12-02 16:52:35-429
Reason : ConnectionException{status=0}
Fail : LS : test4\a94a8fe5ccb19ba6\,0:-1,2016-12-02 16:52:35-554,2016-12-02 16:52:35-644
Reason : hadoop4j.NoImplementionException: not supported by openstack
Fail : CREATE_FILE : test4\a94a8fe5ccb19ba6\4117309516444DAB,0:0,2016-12-02 16:52:35-730,2016-12-02 16:52:36-232
Reason : ConnectionException{status=0}
Fail : LS : test4\a94a8fe5ccb19ba6\,0:-1,2016-12-02 16:52:36-359,2016-12-02 16:52:36-460
Reason : hadoop4j.NoImplementionException: not supported by openstack
Fail : CREATE_FILE : test4\a94a8fe5ccb19ba6\7BE7E0457C40EDBA,0:0,2016-12-02 16:52:36-553,2016-12-02 16:52:36-930
Reason : ConnectionException{status=0}
Fail : LS : test4\a94a8fe5ccb19ba6\,0:-1,2016-12-02 16:52:37-007,2016-12-02 16:52:37-086
Reason : hadoop4j.NoImplementionException: not supported by openstack
Fail : CREATE_FILE : test4\a94a8fe5ccb19ba6\2a5bd02710e975a7\147E32686DB2A60A,0:0,2016-12-02 16:52:37-166,2016-12-02 16:52:37-610
Reason : ConnectionException{status=0}
Fail : LS : test4\a94a8fe5ccb19ba6\2a5bd02710e975a7\,0:-1,2016-12-02 16:52:37-689,2016-12-02 16:52:37-795
Reason : hadoop4j.NoImplementionException: not supported by openstack
Fail : CREATE_FILE : test4\a94a8fe5ccb19ba6\4AA5DE64 F4673EE,0:0,2016-12-02 16:52:37-896,2016-12-02 16:52:38-294
Reason : ConnectionException{status=0}
Fail : LS : test4\a94a8fe5ccb19ba6\,0:-1,2016-12-02 16:52:38-421,2016-12-02 16:52:38-528
Reason : hadoop4j.NoImplementionException: not supported by openstack
Fail : DELETE : test4\a94a8fe5ccb19ba6\2a5bd02710e975a7\147E32686DB2A60A,0:0,2016-12-02 16:52:38-625,2016-12-02 16:52:38-721
Reason : hadoop4j.NoImplementionException: not supported by openstack
Fail : LS : test4\a94a8fe5ccb19ba6\2a5bd02710e975a7\,0:-1,2016-12-02 16:52:38-810,2016-12-02 16:52:38-915
Reason : hadoop4j.NoImplementionException: not supported by openstack
Fail : DELETE : test4\a94a8fe5ccb19ba6\2a5bd02710e975a7\497B1AFA168417BF,0:0,2016-12-02 16:52:39-026,2016-12-02 16:52:39-128
Reason : hadoop4j.NoImplementionException: not supported by openstack
Fail : LS : test4\a94a8fe5ccb19ba6\2a5bd02710e975a7\,0:-1,2016-12-02 16:52:39-223,2016-12-02 16:52:39-289
Reason : hadoop4j.NoImplementionException: not supported by openstack
Fail : DELETE : test4\a94a8fe5ccb19ba6\7BE7E0457C40EDBA,0:0,2016-12-02 16:52:39-371,2016-12-02 16:52:39-441
Reason : hadoop4j.NoImplementionException: not supported by openstack
Fail : LS : test4\a94a8fe5ccb19ba6\,0:-1,2016-12-02 16:52:39-525,2016-12-02 16:52:39-596
Reason : hadoop4j.NoImplementionException: not supported by openstack
Fail : DELETE : test4\a94a8fe5ccb19ba6\ AD68D603EDE7DF9,0:0,2016-12-02 16:52:39-681,2016-12-02 16:52:39-744
Reason : hadoop4j.NoImplementionException: not supported by openstack
Fail : LS : test4\a94a8fe5ccb19ba6\,0:-1,2016-12-02 16:52:39-819,2016-12-02 16:52:39-912
Reason : hadoop4j.NoImplementionException: not supported by openstack
Fail : CREATE_FILE : test4\a94a8fe5ccb19ba6\296F526239B70ADE,0:0,2016-12-02 16:52:40-039,2016-12-02 16:52:40-441
Reason : ConnectionException{status=0}
Fail : LS : test4\a94a8fe5ccb19ba6\,0:-1,2016-12-02 16:52:40-557,2016-12-02 16:52:40-630
Reason : hadoop4j.NoImplementionException: not supported by openstack
Fail : DELETE : test4\a94a8fe5ccb19ba6\3CA4564C64200A90,0:0,2016-12-02 16:52:40-716,2016-12-02 16:52:40-781
Reason : hadoop4j.NoImplementionException: not supported by openstack
Fail : LS : test4\a94a8fe5ccb19ba6\,0:-1,2016-12-02 16:52:40-866,2016-12-02 16:52:40-937
Reason : hadoop4j.NoImplementionException: not supported by openstack
Fail : CREATE_FILE : test4\a94a8fe5ccb19ba6\ 5A16DAE352052D6,0:0,2016-12-02 16:52:41-023,2016-12-02 16:52:41-377
Reason : ConnectionException{status=0}
Fail : LS : test4\a94a8fe5ccb19ba6\,0:-1,2016-12-02 16:52:41-465,2016-12-02 16:52:41-541
Reason : hadoop4j.NoImplementionException: not supported by openstack
