Success : SEQ_READ : test2\acde102dac5bbe15,0:4096,2016-12-17 23:26:38-211,2016-12-17 23:26:38-214
Success : RANDOM_WRITE : test1\c5a5e5562b038073\c7abaf0419c47a1d,0:48128,2016-12-17 23:26:38-214,2016-12-17 23:26:38-218
Success : RANDOM_WRITE : test2\bc9c8ba7ff351f3e,0:60416,2016-12-17 23:26:38-218,2016-12-17 23:26:38-222
Success : RANDOM_WRITE : test1\9832710c94f11d2b,0:5120,2016-12-17 23:26:38-222,2016-12-17 23:26:38-224
Success : CREATE_FILE : test2\a94a8fe5ccb19ba6\2a5bd02710e975a7\30CA06DE4691ECBB,0:908006,2016-12-17 23:26:38-224,2016-12-17 23:26:38-437
Success : LS : test2\a94a8fe5ccb19ba6\2a5bd02710e975a7\,0:-1,2016-12-17 23:26:38-437,2016-12-17 23:26:38-437
Success : CREATE_FILE : test2\a94a8fe5ccb19ba6\2a5bd02710e975a7\52C111CE2F0F0E55,0:1992674,2016-12-17 23:26:38-438,2016-12-17 23:26:38-679
Success : LS : test2\a94a8fe5ccb19ba6\2a5bd02710e975a7\,0:-1,2016-12-17 23:26:38-679,2016-12-17 23:26:38-680
Success : CREATE_FILE : test2\a94a8fe5ccb19ba6\6A7B1448173F2B0C,0:3345702,2016-12-17 23:26:38-680,2016-12-17 23:26:39-148
Success : RANDOM_WRITE : test2\a94a8fe5ccb19ba6\4b6fcb2d521ef0fd,0:2048,2016-12-17 23:26:39-148,2016-12-17 23:26:39-151
Success : RANDOM_WRITE : test1\f71b43c3136efa4f\9f93e73d6896cb7b\6670af231c096f09,0:129,2016-12-17 23:26:39-152,2016-12-17 23:26:39-153
Success : SEQ_READ : test1\c5a5e5562b038073\6670af231c096f09,0:46,2016-12-17 23:26:39-154,2016-12-17 23:26:39-155
Fail : RANDOM_WRITE : test2\6c33a983eec1b409,0:0,2016-12-17 23:26:39-155,2016-12-17 23:26:39-513
Reason : RESTAPI.NoImplementionException: read failure
Success : SEQ_READ : test1\c5a5e5562b038073\a39ea9c72a98de10\4a90c52e52d54ede,0:1024,2016-12-17 23:26:39-513,2016-12-17 23:26:39-515
Success : LS : test2\a94a8fe5ccb19ba6\,0:-1,2016-12-17 23:26:39-515,2016-12-17 23:26:39-515
Success : CREATE_FILE : test2\a94a8fe5ccb19ba6\6819BE552151F59F,0:2724179,2016-12-17 23:26:39-515,2016-12-17 23:26:39-836
Success : LS : test2\a94a8fe5ccb19ba6\,0:-1,2016-12-17 23:26:39-836,2016-12-17 23:26:39-836
Success : CREATE_FILE : test2\a94a8fe5ccb19ba6\6B6C0DF64E431ABA,0:4042830,2016-12-17 23:26:39-837,2016-12-17 23:26:40-170
Fail : RANDOM_WRITE : test2\a94a8fe5ccb19ba6\4b6fcb2d521ef0fd,0:0,2016-12-17 23:26:40-170,2016-12-17 23:26:40-172
Reason : RESTAPI.NoImplementionException: read failure
Success : RANDOM_WRITE : test1\9832710c94f11d2b,0:2048,2016-12-17 23:26:40-172,2016-12-17 23:26:40-174
Success : LS : test2\a94a8fe5ccb19ba6\,0:-1,2016-12-17 23:26:40-174,2016-12-17 23:26:40-174
Success : CREATE_FILE : test2\a94a8fe5ccb19ba6\2A9D0B0734EF24C0,0:564156,2016-12-17 23:26:40-175,2016-12-17 23:26:40-324
Success : LS : test2\a94a8fe5ccb19ba6\,0:-1,2016-12-17 23:26:40-325,2016-12-17 23:26:40-325
Success : CREATE_FILE : test2\a94a8fe5ccb19ba6\2a5bd02710e975a7\26943713401F4F9E,0:589697,2016-12-17 23:26:40-325,2016-12-17 23:26:40-469
Success : LS : test2\a94a8fe5ccb19ba6\2a5bd02710e975a7\,0:-1,2016-12-17 23:26:40-469,2016-12-17 23:26:40-469
Success : CREATE_FILE : test2\a94a8fe5ccb19ba6\62A5C080135C1FF0,0:2150506,2016-12-17 23:26:40-470,2016-12-17 23:26:40-692
Success : LS : test2\a94a8fe5ccb19ba6\,0:-1,2016-12-17 23:26:40-692,2016-12-17 23:26:40-692
Success : CREATE_FILE : test2\a94a8fe5ccb19ba6\2a5bd02710e975a7\69BDFEC7389659AE,0:876929,2016-12-17 23:26:40-692,2016-12-17 23:26:40-878
Success : SEQ_READ : test2\1a7683b6645f9b6a,0:5120,2016-12-17 23:26:40-878,2016-12-17 23:26:40-879
Success : RANDOM_WRITE : test2\bc9c8ba7ff351f3e,0:65536,2016-12-17 23:26:40-880,2016-12-17 23:26:40-882
Success : RANDOM_WRITE : test2\1a7683b6645f9b6a,0:14336,2016-12-17 23:26:40-882,2016-12-17 23:26:40-884
Success : LS : test2\a94a8fe5ccb19ba6\2a5bd02710e975a7\,0:-1,2016-12-17 23:26:40-884,2016-12-17 23:26:40-884
Success : CREATE_FILE : test2\a94a8fe5ccb19ba6\5C2A07EB79FD8368,0:1854216,2016-12-17 23:26:40-884,2016-12-17 23:26:41-304
Success : LS : test2\a94a8fe5ccb19ba6\,0:-1,2016-12-17 23:26:41-304,2016-12-17 23:26:41-304
Success : CREATE_FILE : test2\a94a8fe5ccb19ba6\2a5bd02710e975a7\703086E202FB218E,0:554216,2016-12-17 23:26:41-304,2016-12-17 23:26:41-480
Success : LS : test2\a94a8fe5ccb19ba6\2a5bd02710e975a7\,0:-1,2016-12-17 23:26:41-480,2016-12-17 23:26:41-480
Success : CREATE_FILE : test2\a94a8fe5ccb19ba6\2a5bd02710e975a7\0CA47ED406560874,0:1753696,2016-12-17 23:26:41-480,2016-12-17 23:26:41-713
Success : LS : test2\a94a8fe5ccb19ba6\2a5bd02710e975a7\,0:-1,2016-12-17 23:26:41-713,2016-12-17 23:26:41-713
Success : CREATE_FILE : test2\a94a8fe5ccb19ba6\541263C16BD9EDF0,0:701036,2016-12-17 23:26:41-714,2016-12-17 23:26:41-907
Success : RANDOM_WRITE : test2\a94a8fe5ccb19ba6\4b6fcb2d521ef0fd,0:1024,2016-12-17 23:26:41-908,2016-12-17 23:26:41-909
Success : RANDOM_WRITE : test1\c5a5e5562b038073\b0c5d70d7f040bfa,0:3072,2016-12-17 23:26:41-909,2016-12-17 23:26:41-911
Success : LS : test2\a94a8fe5ccb19ba6\,0:-1,2016-12-17 23:26:41-911,2016-12-17 23:26:41-911
Success : CREATE_FILE : test2\a94a8fe5ccb19ba6\24AC14882885B9F9,0:957413,2016-12-17 23:26:41-911,2016-12-17 23:26:42-078
Success : LS : test2\a94a8fe5ccb19ba6\,0:-1,2016-12-17 23:26:42-079,2016-12-17 23:26:42-079
Success : CREATE_FILE : test2\a94a8fe5ccb19ba6\5FA2CD09047ABAF1,0:2890951,2016-12-17 23:26:42-079,2016-12-17 23:26:42-563
Success : LS : test2\a94a8fe5ccb19ba6\,0:-1,2016-12-17 23:26:42-564,2016-12-17 23:26:42-564
Success : CREATE_FILE : test2\a94a8fe5ccb19ba6\626BF85001B976DA,0:1325995,2016-12-17 23:26:42-565,2016-12-17 23:26:43-019
Success : LS : test2\a94a8fe5ccb19ba6\,0:-1,2016-12-17 23:26:43-020,2016-12-17 23:26:43-020
Success : CREATE_FILE : test2\a94a8fe5ccb19ba6\4C477BEF64A1FA95,0:3000835,2016-12-17 23:26:43-021,2016-12-17 23:26:43-480
Fail : SEQ_READ : test2\a94a8fe5ccb19ba6\4b6fcb2d521ef0fd,0:0,2016-12-17 23:26:43-480,2016-12-17 23:26:43-482
Reason : RESTAPI.NoImplementionException: read failure
Success : LS : test2\a94a8fe5ccb19ba6\,0:-1,2016-12-17 23:26:43-482,2016-12-17 23:26:43-482
Success : CREATE_FILE : test2\a94a8fe5ccb19ba6\7312270713885E50,0:1388267,2016-12-17 23:26:43-482,2016-12-17 23:26:43-680
Success : LS : test2\a94a8fe5ccb19ba6\,0:-1,2016-12-17 23:26:43-680,2016-12-17 23:26:43-680
Success : CREATE_FILE : test2\a94a8fe5ccb19ba6\21EEE4A0420A5FB9,0:506482,2016-12-17 23:26:43-681,2016-12-17 23:26:43-829
Success : LS : test2\a94a8fe5ccb19ba6\,0:-1,2016-12-17 23:26:43-830,2016-12-17 23:26:43-830
Success : CREATE_FILE : test2\a94a8fe5ccb19ba6\3586B36C6FDD3EE3,0:2285403,2016-12-17 23:26:43-830,2016-12-17 23:26:44-046
Success : LS : test2\a94a8fe5ccb19ba6\,0:-1,2016-12-17 23:26:44-047,2016-12-17 23:26:44-047
Success : CREATE_FILE : test2\a94a8fe5ccb19ba6\0049D6DF5DF075D0,0:1369594,2016-12-17 23:26:44-047,2016-12-17 23:26:44-243
Success : RANDOM_WRITE : test1\f71b43c3136efa4f\83404ffd78f534ff\6670af231c096f09,0:129,2016-12-17 23:26:44-244,2016-12-17 23:26:44-245
Success : RANDOM_WRITE : test1\c5a5e5562b038073\f72cdbcd84f047a5,0:4096,2016-12-17 23:26:44-245,2016-12-17 23:26:44-247
Success : SEQ_READ : test1\c5a5e5562b038073\2015a7ab48ae9a58,0:21504,2016-12-17 23:26:44-247,2016-12-17 23:26:44-251
Fail : RANDOM_WRITE : test2\a94a8fe5ccb19ba6\2a5bd02710e975a7\254d76d2609fec03,0:0,2016-12-17 23:26:44-252,2016-12-17 23:26:44-254
Reason : RESTAPI.NoImplementionException: read failure
Success : LS : test2\a94a8fe5ccb19ba6\,0:-1,2016-12-17 23:26:44-254,2016-12-17 23:26:44-254
Success : CREATE_FILE : test2\a94a8fe5ccb19ba6\3B8B4E19464D450F,0:563730,2016-12-17 23:26:44-255,2016-12-17 23:26:44-851
Success : LS : test2\a94a8fe5ccb19ba6\,0:-1,2016-12-17 23:26:44-851,2016-12-17 23:26:44-851
Success : CREATE_FILE : test2\a94a8fe5ccb19ba6\044A54A951FD5AD7,0:2208024,2016-12-17 23:26:44-852,2016-12-17 23:26:45-146
Success : LS : test2\a94a8fe5ccb19ba6\,0:-1,2016-12-17 23:26:45-146,2016-12-17 23:26:45-146
Success : CREATE_FILE : test2\a94a8fe5ccb19ba6\1E58EEED273F224C,0:2810243,2016-12-17 23:26:45-146,2016-12-17 23:26:45-398
Success : SEQ_READ : test1\c5a5e5562b038073\c7abaf0419c47a1d,0:247808,2016-12-17 23:26:45-398,2016-12-17 23:26:45-404
Success : RANDOM_WRITE : test2\49f03965cf98b1f5,0:1024,2016-12-17 23:26:45-404,2016-12-17 23:26:45-405
Success : RANDOM_WRITE : test1\c5a5e5562b038073\68ad3077ff5a452a,0:383,2016-12-17 23:26:45-405,2016-12-17 23:26:45-407
Success : LS : test2\a94a8fe5ccb19ba6\,0:-1,2016-12-17 23:26:45-407,2016-12-17 23:26:45-407
Success : CREATE_FILE : test2\a94a8fe5ccb19ba6\2a5bd02710e975a7\254E234B22C8618D,0:151527,2016-12-17 23:26:45-407,2016-12-17 23:26:45-581
Success : LS : test2\a94a8fe5ccb19ba6\2a5bd02710e975a7\,0:-1,2016-12-17 23:26:45-582,2016-12-17 23:26:45-582
Success : CREATE_FILE : test2\a94a8fe5ccb19ba6\2a5bd02710e975a7\294B774769801094,0:3444558,2016-12-17 23:26:45-582,2016-12-17 23:26:45-866
Success : LS : test2\a94a8fe5ccb19ba6\2a5bd02710e975a7\,0:-1,2016-12-17 23:26:45-866,2016-12-17 23:26:45-866
Success : CREATE_FILE : test2\a94a8fe5ccb19ba6\2a5bd02710e975a7\673C1D483E3C2477,0:1711192,2016-12-17 23:26:45-867,2016-12-17 23:26:46-071
Success : LS : test2\a94a8fe5ccb19ba6\2a5bd02710e975a7\,0:-1,2016-12-17 23:26:46-072,2016-12-17 23:26:46-072
Success : CREATE_FILE : test2\a94a8fe5ccb19ba6\3BCACCA26238ACCF,0:1140763,2016-12-17 23:26:46-072,2016-12-17 23:26:46-268
Success : LS : test2\a94a8fe5ccb19ba6\,0:-1,2016-12-17 23:26:46-268,2016-12-17 23:26:46-268
Success : CREATE_FILE : test2\a94a8fe5ccb19ba6\423C012C034F7668,0:864843,2016-12-17 23:26:46-269,2016-12-17 23:26:46-887
Success : LS : test2\a94a8fe5ccb19ba6\,0:-1,2016-12-17 23:26:46-887,2016-12-17 23:26:46-887
Success : CREATE_FILE : test2\a94a8fe5ccb19ba6\2a5bd02710e975a7\56A207631AFCFC1F,0:3702494,2016-12-17 23:26:46-888,2016-12-17 23:26:47-343
Success : LS : test2\a94a8fe5ccb19ba6\2a5bd02710e975a7\,0:-1,2016-12-17 23:26:47-343,2016-12-17 23:26:47-344
Success : CREATE_FILE : test2\a94a8fe5ccb19ba6\78FF6AA00F5DD125,0:3763551,2016-12-17 23:26:47-344,2016-12-17 23:26:47-642
Success : LS : test2\a94a8fe5ccb19ba6\,0:-1,2016-12-17 23:26:47-642,2016-12-17 23:26:47-642
Success : CREATE_FILE : test2\a94a8fe5ccb19ba6\2a5bd02710e975a7\4D1DBD8D3EBA2732,0:3484828,2016-12-17 23:26:47-642,2016-12-17 23:26:48-012
Success : LS : test2\a94a8fe5ccb19ba6\2a5bd02710e975a7\,0:-1,2016-12-17 23:26:48-013,2016-12-17 23:26:48-013
Success : CREATE_FILE : test2\a94a8fe5ccb19ba6\4A9AE00C186069FC,0:3839976,2016-12-17 23:26:48-013,2016-12-17 23:26:48-319
Success : RANDOM_WRITE : test1\c5a5e5562b038073\2015a7ab48ae9a58,0:28672,2016-12-17 23:26:48-319,2016-12-17 23:26:48-323
Success : SEQ_READ : test2\49f03965cf98b1f5,0:1024,2016-12-17 23:26:48-323,2016-12-17 23:26:48-325
Success : LS : test2\a94a8fe5ccb19ba6\,0:-1,2016-12-17 23:26:48-325,2016-12-17 23:26:48-325
Success : CREATE_FILE : test2\a94a8fe5ccb19ba6\40343A3831815BC2,0:976301,2016-12-17 23:26:48-325,2016-12-17 23:26:48-490
Success : LS : test2\a94a8fe5ccb19ba6\,0:-1,2016-12-17 23:26:48-491,2016-12-17 23:26:48-491
Success : CREATE_FILE : test2\a94a8fe5ccb19ba6\45CB54870F890BC4,0:1790944,2016-12-17 23:26:48-491,2016-12-17 23:26:48-952
Success : LS : test2\a94a8fe5ccb19ba6\,0:-1,2016-12-17 23:26:48-952,2016-12-17 23:26:48-952
Success : CREATE_FILE : test2\a94a8fe5ccb19ba6\6E6AE836170698FA,0:1480173,2016-12-17 23:26:48-952,2016-12-17 23:26:49-148
Success : RANDOM_WRITE : test1\c5a5e5562b038073\0caa882bd1034750,0:37888,2016-12-17 23:26:49-148,2016-12-17 23:26:49-150
Success : RANDOM_WRITE : test1\9832710c94f11d2b,0:57344,2016-12-17 23:26:49-150,2016-12-17 23:26:49-153
Success : LS : test2\a94a8fe5ccb19ba6\,0:-1,2016-12-17 23:26:49-153,2016-12-17 23:26:49-153
Success : CREATE_FILE : test2\a94a8fe5ccb19ba6\5E7588A426745894,0:3581720,2016-12-17 23:26:49-153,2016-12-17 23:26:49-504
Success : LS : test2\a94a8fe5ccb19ba6\,0:-1,2016-12-17 23:26:49-504,2016-12-17 23:26:49-504
Success : CREATE_FILE : test2\a94a8fe5ccb19ba6\2a5bd02710e975a7\2974747229138AFB,0:2788411,2016-12-17 23:26:49-504,2016-12-17 23:26:49-746
Success : LS : test2\a94a8fe5ccb19ba6\2a5bd02710e975a7\,0:-1,2016-12-17 23:26:49-746,2016-12-17 23:26:49-746
Success : CREATE_FILE : test2\a94a8fe5ccb19ba6\0EA52983479A3497,0:2090911,2016-12-17 23:26:49-747,2016-12-17 23:26:50-097
Success : SEQ_READ : test1\c5a5e5562b038073\738537f9a40e568b,0:16384,2016-12-17 23:26:50-097,2016-12-17 23:26:50-099
Success : SEQ_READ : test2\8da7cc13802eefe0,0:10466304,2016-12-17 23:26:50-099,2016-12-17 23:26:50-254
Success : LS : test2\a94a8fe5ccb19ba6\,0:-1,2016-12-17 23:26:50-254,2016-12-17 23:26:50-254
Success : CREATE_FILE : test2\a94a8fe5ccb19ba6\2a5bd02710e975a7\032F9AF37C81726D,0:4028546,2016-12-17 23:26:50-254,2016-12-17 23:26:50-957
Success : LS : test2\a94a8fe5ccb19ba6\2a5bd02710e975a7\,0:-1,2016-12-17 23:26:50-958,2016-12-17 23:26:50-958
Success : CREATE_FILE : test2\a94a8fe5ccb19ba6\2a5bd02710e975a7\24EBCDE47BDDBE1A,0:3270417,2016-12-17 23:26:50-958,2016-12-17 23:26:51-349
Success : LS : test2\a94a8fe5ccb19ba6\2a5bd02710e975a7\,0:-1,2016-12-17 23:26:51-349,2016-12-17 23:26:51-349
Success : CREATE_FILE : test2\a94a8fe5ccb19ba6\2a5bd02710e975a7\419CC5C84BCB1DA9,0:112748,2016-12-17 23:26:51-349,2016-12-17 23:26:51-600
Success : RANDOM_WRITE : test1\c5a5e5562b038073\3c16ab634e85296e,0:20480,2016-12-17 23:26:51-600,2016-12-17 23:26:51-602
Success : RANDOM_WRITE : test1\c5a5e5562b038073\6670af231c096f09,0:46,2016-12-17 23:26:51-602,2016-12-17 23:26:51-603
Success : RANDOM_WRITE : test1\c5a5e5562b038073\767c14c8beb1e835,0:24576,2016-12-17 23:26:51-603,2016-12-17 23:26:51-605
Success : LS : test2\a94a8fe5ccb19ba6\2a5bd02710e975a7\,0:-1,2016-12-17 23:26:51-605,2016-12-17 23:26:51-605
Success : CREATE_FILE : test2\a94a8fe5ccb19ba6\6390DAC23C1D388D,0:11984,2016-12-17 23:26:51-605,2016-12-17 23:26:51-699
Success : LS : test2\a94a8fe5ccb19ba6\,0:-1,2016-12-17 23:26:51-699,2016-12-17 23:26:51-699
Success : CREATE_FILE : test2\a94a8fe5ccb19ba6\6BBD324451195CA7,0:2354936,2016-12-17 23:26:51-700,2016-12-17 23:26:52-021
Success : LS : test2\a94a8fe5ccb19ba6\,0:-1,2016-12-17 23:26:52-021,2016-12-17 23:26:52-021
Success : CREATE_FILE : test2\a94a8fe5ccb19ba6\2a5bd02710e975a7\187AFC5A57C41AF4,0:364266,2016-12-17 23:26:52-021,2016-12-17 23:26:52-256
Success : RANDOM_WRITE : test1\c5a5e5562b038073\05d1f0ed74e78555,0:41984,2016-12-17 23:26:52-257,2016-12-17 23:26:52-259
Success : SEQ_READ : test1\c5a5e5562b038073\767c14c8beb1e835,0:1588224,2016-12-17 23:26:52-259,2016-12-17 23:26:52-286
Success : LS : test2\a94a8fe5ccb19ba6\2a5bd02710e975a7\,0:-1,2016-12-17 23:26:52-286,2016-12-17 23:26:52-286
Success : CREATE_FILE : test2\a94a8fe5ccb19ba6\709321D4065E1AA3,0:203248,2016-12-17 23:26:52-287,2016-12-17 23:26:52-416
Success : LS : test2\a94a8fe5ccb19ba6\,0:-1,2016-12-17 23:26:52-416,2016-12-17 23:26:52-416
Success : CREATE_FILE : test2\a94a8fe5ccb19ba6\7E5F65967AA92309,0:1667844,2016-12-17 23:26:52-416,2016-12-17 23:26:52-886
Success : LS : test2\a94a8fe5ccb19ba6\,0:-1,2016-12-17 23:26:52-886,2016-12-17 23:26:52-886
Success : CREATE_FILE : test2\a94a8fe5ccb19ba6\2a5bd02710e975a7\6BD50F3F617CD789,0:2624497,2016-12-17 23:26:52-886,2016-12-17 23:26:53-130
Success : LS : test2\a94a8fe5ccb19ba6\2a5bd02710e975a7\,0:-1,2016-12-17 23:26:53-130,2016-12-17 23:26:53-130
Success : CREATE_FILE : test2\a94a8fe5ccb19ba6\0EA2C8B730345B6E,0:2917186,2016-12-17 23:26:53-131,2016-12-17 23:26:53-393
Success : SEQ_READ : test2\8da7cc13802eefe0,0:1538048,2016-12-17 23:26:53-394,2016-12-17 23:26:53-420
Success : RANDOM_WRITE : test1\c5a5e5562b038073\767c14c8beb1e835,0:20480,2016-12-17 23:26:53-421,2016-12-17 23:26:53-422
Success : LS : test2\a94a8fe5ccb19ba6\,0:-1,2016-12-17 23:26:53-422,2016-12-17 23:26:53-422
Success : CREATE_FILE : test2\a94a8fe5ccb19ba6\518532556F2C71A5,0:2495040,2016-12-17 23:26:53-422,2016-12-17 23:26:53-670
Success : LS : test2\a94a8fe5ccb19ba6\,0:-1,2016-12-17 23:26:53-670,2016-12-17 23:26:53-670
Success : CREATE_FILE : test2\a94a8fe5ccb19ba6\2a5bd02710e975a7\60EBAC692459B123,0:841263,2016-12-17 23:26:53-670,2016-12-17 23:26:53-865
Success : LS : test2\a94a8fe5ccb19ba6\2a5bd02710e975a7\,0:-1,2016-12-17 23:26:53-865,2016-12-17 23:26:53-865
Success : CREATE_FILE : test2\a94a8fe5ccb19ba6\1FA49AF91763C61A,0:493132,2016-12-17 23:26:53-866,2016-12-17 23:26:54-011
Success : LS : test2\a94a8fe5ccb19ba6\,0:-1,2016-12-17 23:26:54-012,2016-12-17 23:26:54-012
Success : CREATE_FILE : test2\a94a8fe5ccb19ba6\4D97B7BD38E681A0,0:2468820,2016-12-17 23:26:54-012,2016-12-17 23:26:54-543
Success : SEQ_READ : test2\acde102dac5bbe15,0:1024,2016-12-17 23:26:54-544,2016-12-17 23:26:54-545
Success : LS : test2\a94a8fe5ccb19ba6\,0:-1,2016-12-17 23:26:54-545,2016-12-17 23:26:54-545
Success : CREATE_FILE : test2\a94a8fe5ccb19ba6\7CCCDD3C5D9CED6B,0:3329757,2016-12-17 23:26:54-545,2016-12-17 23:26:54-821
Success : LS : test2\a94a8fe5ccb19ba6\,0:-1,2016-12-17 23:26:54-821,2016-12-17 23:26:54-821
Success : CREATE_FILE : test2\a94a8fe5ccb19ba6\71C495FF63C1FEE6,0:1416757,2016-12-17 23:26:54-821,2016-12-17 23:26:55-012
Success : LS : test2\a94a8fe5ccb19ba6\,0:-1,2016-12-17 23:26:55-012,2016-12-17 23:26:55-012
Success : CREATE_FILE : test2\a94a8fe5ccb19ba6\2a5bd02710e975a7\4E383796587303F4,0:3912308,2016-12-17 23:26:55-012,2016-12-17 23:26:55-395
Success : SEQ_READ : test1\c5a5e5562b038073\2015a7ab48ae9a58,0:16384,2016-12-17 23:26:55-395,2016-12-17 23:26:55-397
Success : SEQ_READ : test2\6c33a983eec1b409,0:1024,2016-12-17 23:26:55-397,2016-12-17 23:26:55-398
Success : RANDOM_WRITE : test1\c5a5e5562b038073\a39ea9c72a98de10\aa61f113a9b13deb,0:438,2016-12-17 23:26:55-398,2016-12-17 23:26:55-399
Success : SEQ_READ : test2\a94a8fe5ccb19ba6\2a5bd02710e975a7\178db47a574c645f,0:257,2016-12-17 23:26:55-399,2016-12-17 23:26:55-400
Success : LS : test2\a94a8fe5ccb19ba6\2a5bd02710e975a7\,0:-1,2016-12-17 23:26:55-400,2016-12-17 23:26:55-400
Success : CREATE_FILE : test2\a94a8fe5ccb19ba6\3D80D1531BBE5C69,0:3511029,2016-12-17 23:26:55-401,2016-12-17 23:26:55-760
Success : LS : test2\a94a8fe5ccb19ba6\,0:-1,2016-12-17 23:26:55-760,2016-12-17 23:26:55-760
Success : CREATE_FILE : test2\a94a8fe5ccb19ba6\2a5bd02710e975a7\7D94B11D3D3D40B9,0:3855355,2016-12-17 23:26:55-760,2016-12-17 23:26:56-138
Success : LS : test2\a94a8fe5ccb19ba6\2a5bd02710e975a7\,0:-1,2016-12-17 23:26:56-138,2016-12-17 23:26:56-138
Success : CREATE_FILE : test2\a94a8fe5ccb19ba6\2BFAC94D3967A16E,0:3320226,2016-12-17 23:26:56-138,2016-12-17 23:26:56-810
Success : RANDOM_WRITE : test2\1a7683b6645f9b6a,0:7168,2016-12-17 23:26:56-810,2016-12-17 23:26:56-811
Success : SEQ_READ : test1\c5a5e5562b038073\f72cdbcd84f047a5,0:10240,2016-12-17 23:26:56-812,2016-12-17 23:26:56-813
Success : LS : test2\a94a8fe5ccb19ba6\,0:-1,2016-12-17 23:26:56-813,2016-12-17 23:26:56-813
Success : CREATE_FILE : test2\a94a8fe5ccb19ba6\6933A9B96D9AC39B,0:831384,2016-12-17 23:26:56-814,2016-12-17 23:26:57-141
Success : LS : test2\a94a8fe5ccb19ba6\,0:-1,2016-12-17 23:26:57-141,2016-12-17 23:26:57-141
Success : CREATE_FILE : test2\a94a8fe5ccb19ba6\2a5bd02710e975a7\5D22E0924A5E7D1C,0:3681676,2016-12-17 23:26:57-141,2016-12-17 23:26:57-540
Success : LS : test2\a94a8fe5ccb19ba6\2a5bd02710e975a7\,0:-1,2016-12-17 23:26:57-541,2016-12-17 23:26:57-541
Success : CREATE_FILE : test2\a94a8fe5ccb19ba6\4C21677007CF9D27,0:3839019,2016-12-17 23:26:57-541,2016-12-17 23:26:58-332
Success : LS : test2\a94a8fe5ccb19ba6\,0:-1,2016-12-17 23:26:58-332,2016-12-17 23:26:58-332
Success : CREATE_FILE : test2\a94a8fe5ccb19ba6\2a5bd02710e975a7\0D81337E7B5B6E45,0:3821794,2016-12-17 23:26:58-333,2016-12-17 23:26:58-934
Success : LS : test2\a94a8fe5ccb19ba6\2a5bd02710e975a7\,0:-1,2016-12-17 23:26:58-934,2016-12-17 23:26:58-934
Success : CREATE_FILE : test2\a94a8fe5ccb19ba6\2a5bd02710e975a7\7E4E9A6B5997B1C9,0:3559507,2016-12-17 23:26:58-935,2016-12-17 23:26:59-232
Success : SEQ_READ : test1\c5a5e5562b038073\2015a7ab48ae9a58,0:2048,2016-12-17 23:26:59-232,2016-12-17 23:26:59-233
Success : LS : test2\a94a8fe5ccb19ba6\2a5bd02710e975a7\,0:-1,2016-12-17 23:26:59-233,2016-12-17 23:26:59-233
Success : CREATE_FILE : test2\a94a8fe5ccb19ba6\7D61BD521A40BD7A,0:62451,2016-12-17 23:26:59-233,2016-12-17 23:26:59-359
Success : LS : test2\a94a8fe5ccb19ba6\,0:-1,2016-12-17 23:26:59-359,2016-12-17 23:26:59-359
Success : CREATE_FILE : test2\a94a8fe5ccb19ba6\2a5bd02710e975a7\0FF05EF91E340E88,0:1444042,2016-12-17 23:26:59-359,2016-12-17 23:26:59-554
Success : LS : test2\a94a8fe5ccb19ba6\2a5bd02710e975a7\,0:-1,2016-12-17 23:26:59-554,2016-12-17 23:26:59-554
Success : CREATE_FILE : test2\a94a8fe5ccb19ba6\6D4175CE00ED9118,0:1514446,2016-12-17 23:26:59-555,2016-12-17 23:26:59-831
Success : LS : test2\a94a8fe5ccb19ba6\,0:-1,2016-12-17 23:26:59-831,2016-12-17 23:26:59-831
Success : CREATE_FILE : test2\a94a8fe5ccb19ba6\46B160F85DA79C46,0:757021,2016-12-17 23:26:59-831,2016-12-17 23:27:00-248
Success : LS : test2\a94a8fe5ccb19ba6\,0:-1,2016-12-17 23:27:00-248,2016-12-17 23:27:00-248
Success : CREATE_FILE : test2\a94a8fe5ccb19ba6\174811A413D8D80E,0:2232302,2016-12-17 23:27:00-248,2016-12-17 23:27:00-497
Success : SEQ_READ : test1\c5a5e5562b038073\a39ea9c72a98de10\aa61f113a9b13deb,0:438,2016-12-17 23:27:00-497,2016-12-17 23:27:00-499
Success : LS : test2\a94a8fe5ccb19ba6\,0:-1,2016-12-17 23:27:00-499,2016-12-17 23:27:00-500
Success : CREATE_FILE : test2\a94a8fe5ccb19ba6\2a5bd02710e975a7\7885309C3904CD0D,0:3739631,2016-12-17 23:27:00-500,2016-12-17 23:27:00-808
Success : LS : test2\a94a8fe5ccb19ba6\2a5bd02710e975a7\,0:-1,2016-12-17 23:27:00-808,2016-12-17 23:27:00-808
Success : CREATE_FILE : test2\a94a8fe5ccb19ba6\2a5bd02710e975a7\5EE85BE954D54B3D,0:3389996,2016-12-17 23:27:00-808,2016-12-17 23:27:01-091
Success : LS : test2\a94a8fe5ccb19ba6\2a5bd02710e975a7\,0:-1,2016-12-17 23:27:01-092,2016-12-17 23:27:01-092
Success : CREATE_FILE : test2\a94a8fe5ccb19ba6\1EEF007C3E69038D,0:1396972,2016-12-17 23:27:01-092,2016-12-17 23:27:01-298
Success : LS : test2\a94a8fe5ccb19ba6\,0:-1,2016-12-17 23:27:01-298,2016-12-17 23:27:01-298
Success : CREATE_FILE : test2\a94a8fe5ccb19ba6\2a5bd02710e975a7\684C4AB74A95CAC2,0:2987925,2016-12-17 23:27:01-298,2016-12-17 23:27:01-669
Success : RANDOM_WRITE : test2\49f03965cf98b1f5,0:1024,2016-12-17 23:27:01-669,2016-12-17 23:27:01-670
Success : SEQ_READ : test2\1a7683b6645f9b6a,0:9216,2016-12-17 23:27:01-670,2016-12-17 23:27:01-672
Success : LS : test2\a94a8fe5ccb19ba6\2a5bd02710e975a7\,0:-1,2016-12-17 23:27:01-672,2016-12-17 23:27:01-672
Success : CREATE_FILE : test2\a94a8fe5ccb19ba6\3BE9475D01A21FF0,0:1977201,2016-12-17 23:27:01-672,2016-12-17 23:27:01-965
Success : LS : test2\a94a8fe5ccb19ba6\,0:-1,2016-12-17 23:27:01-965,2016-12-17 23:27:01-965
Success : CREATE_FILE : test2\a94a8fe5ccb19ba6\371FD0F7539E86C6,0:1794444,2016-12-17 23:27:01-965,2016-12-17 23:27:02-664
Success : LS : test2\a94a8fe5ccb19ba6\,0:-1,2016-12-17 23:27:02-664,2016-12-17 23:27:02-664
Success : CREATE_FILE : test2\a94a8fe5ccb19ba6\409B889A62A1EA0F,0:260320,2016-12-17 23:27:02-664,2016-12-17 23:27:03-318
Success : LS : test2\a94a8fe5ccb19ba6\,0:-1,2016-12-17 23:27:03-318,2016-12-17 23:27:03-318
Success : CREATE_FILE : test2\a94a8fe5ccb19ba6\2a5bd02710e975a7\0BA42F5C69C2D375,0:1796262,2016-12-17 23:27:03-318,2016-12-17 23:27:03-904
Success : RANDOM_WRITE : test1\c5a5e5562b038073\6670af231c096f09,0:46,2016-12-17 23:27:03-904,2016-12-17 23:27:03-905
Success : RANDOM_WRITE : test2\bc9c8ba7ff351f3e,0:4096,2016-12-17 23:27:03-905,2016-12-17 23:27:03-907
Fail : SEQ_READ : test1\c5a5e5562b038073\fbe0d7653f0909cb,0:0,2016-12-17 23:27:03-907,2016-12-17 23:27:03-966
Reason : RESTAPI.NoImplementionException: read failure
Success : LS : test2\a94a8fe5ccb19ba6\2a5bd02710e975a7\,0:-1,2016-12-17 23:27:03-966,2016-12-17 23:27:03-966
Success : CREATE_FILE : test2\a94a8fe5ccb19ba6\2a5bd02710e975a7\6AFD51771264DB54,0:147320,2016-12-17 23:27:03-966,2016-12-17 23:27:04-222
Success : LS : test2\a94a8fe5ccb19ba6\2a5bd02710e975a7\,0:-1,2016-12-17 23:27:04-222,2016-12-17 23:27:04-222
Success : CREATE_FILE : test2\a94a8fe5ccb19ba6\2a5bd02710e975a7\0C2A666D00ADBBE2,0:2662986,2016-12-17 23:27:04-222,2016-12-17 23:27:04-730
Success : LS : test2\a94a8fe5ccb19ba6\2a5bd02710e975a7\,0:-1,2016-12-17 23:27:04-730,2016-12-17 23:27:04-730
Success : CREATE_FILE : test2\a94a8fe5ccb19ba6\3771F03167479F9D,0:2627073,2016-12-17 23:27:04-730,2016-12-17 23:27:05-202
Success : SEQ_READ : test1\c5a5e5562b038073\a39ea9c72a98de10\aa61f113a9b13deb,0:438,2016-12-17 23:27:05-202,2016-12-17 23:27:05-204
Success : LS : test2\a94a8fe5ccb19ba6\,0:-1,2016-12-17 23:27:05-204,2016-12-17 23:27:05-204
Success : CREATE_FILE : test2\a94a8fe5ccb19ba6\2a5bd02710e975a7\6EDDAB7752700A9C,0:65725,2016-12-17 23:27:05-204,2016-12-17 23:27:05-422
Success : LS : test2\a94a8fe5ccb19ba6\2a5bd02710e975a7\,0:-1,2016-12-17 23:27:05-422,2016-12-17 23:27:05-422
Success : CREATE_FILE : test2\a94a8fe5ccb19ba6\4FEE926F21FFAD64,0:46050,2016-12-17 23:27:05-423,2016-12-17 23:27:05-937
Success : LS : test2\a94a8fe5ccb19ba6\,0:-1,2016-12-17 23:27:05-937,2016-12-17 23:27:05-937
Success : CREATE_FILE : test2\a94a8fe5ccb19ba6\01E59BF8650F154F,0:2020483,2016-12-17 23:27:05-937,2016-12-17 23:27:06-223
Success : LS : test2\a94a8fe5ccb19ba6\,0:-1,2016-12-17 23:27:06-223,2016-12-17 23:27:06-223
Success : CREATE_FILE : test2\a94a8fe5ccb19ba6\515B58E262B38E6E,0:1698651,2016-12-17 23:27:06-223,2016-12-17 23:27:06-496
Success : RANDOM_WRITE : test2\a94a8fe5ccb19ba6\2a5bd02710e975a7\178db47a574c645f,0:257,2016-12-17 23:27:06-496,2016-12-17 23:27:06-497
Success : LS : test2\a94a8fe5ccb19ba6\,0:-1,2016-12-17 23:27:06-497,2016-12-17 23:27:06-497
Success : CREATE_FILE : test2\a94a8fe5ccb19ba6\46D7505E19C8F375,0:806843,2016-12-17 23:27:06-498,2016-12-17 23:27:06-766
Success : LS : test2\a94a8fe5ccb19ba6\,0:-1,2016-12-17 23:27:06-766,2016-12-17 23:27:06-766
Success : CREATE_FILE : test2\a94a8fe5ccb19ba6\1AFD7E0C0D5D9069,0:760584,2016-12-17 23:27:06-766,2016-12-17 23:27:07-017
Success : LS : test2\a94a8fe5ccb19ba6\,0:-1,2016-12-17 23:27:07-018,2016-12-17 23:27:07-018
Success : CREATE_FILE : test2\a94a8fe5ccb19ba6\2a5bd02710e975a7\103CF89D43C5E852,0:491913,2016-12-17 23:27:07-018,2016-12-17 23:27:07-421
Success : LS : test2\a94a8fe5ccb19ba6\2a5bd02710e975a7\,0:-1,2016-12-17 23:27:07-421,2016-12-17 23:27:07-421
Success : CREATE_FILE : test2\a94a8fe5ccb19ba6\23F67B9A741D4FF0,0:3437795,2016-12-17 23:27:07-422,2016-12-17 23:27:07-928
Success : RANDOM_WRITE : test1\f71b43c3136efa4f\c7d9912886e5ccc7\6670af231c096f09,0:129,2016-12-17 23:27:07-929,2016-12-17 23:27:07-930
Fail : RANDOM_WRITE : test2\a94a8fe5ccb19ba6\4b6fcb2d521ef0fd,0:0,2016-12-17 23:27:07-930,2016-12-17 23:27:07-933
Reason : RESTAPI.NoImplementionException: read failure
Success : RANDOM_WRITE : test1\c5a5e5562b038073\b0c5d70d7f040bfa,0:15360,2016-12-17 23:27:07-933,2016-12-17 23:27:07-934
Success : LS : test2\a94a8fe5ccb19ba6\,0:-1,2016-12-17 23:27:07-934,2016-12-17 23:27:07-935
Success : CREATE_FILE : test2\a94a8fe5ccb19ba6\2a5bd02710e975a7\190B2E87783C26B6,0:2539786,2016-12-17 23:27:07-935,2016-12-17 23:27:08-249
Success : LS : test2\a94a8fe5ccb19ba6\2a5bd02710e975a7\,0:-1,2016-12-17 23:27:08-250,2016-12-17 23:27:08-250
Success : CREATE_FILE : test2\a94a8fe5ccb19ba6\04D56EE9012038EF,0:3783243,2016-12-17 23:27:08-250,2016-12-17 23:27:08-846
Success : LS : test2\a94a8fe5ccb19ba6\,0:-1,2016-12-17 23:27:08-847,2016-12-17 23:27:08-847
Success : CREATE_FILE : test2\a94a8fe5ccb19ba6\2a5bd02710e975a7\16F2F9B97D824C5C,0:2598397,2016-12-17 23:27:08-847,2016-12-17 23:27:09-655
Success : LS : test2\a94a8fe5ccb19ba6\2a5bd02710e975a7\,0:-1,2016-12-17 23:27:09-655,2016-12-17 23:27:09-655
Success : CREATE_FILE : test2\a94a8fe5ccb19ba6\611C319917520E88,0:1170035,2016-12-17 23:27:09-655,2016-12-17 23:27:10-110
Fail : RANDOM_WRITE : test2\a94a8fe5ccb19ba6\4b6fcb2d521ef0fd,0:0,2016-12-17 23:27:10-110,2016-12-17 23:27:10-112
Reason : RESTAPI.NoImplementionException: read failure
Success : SEQ_READ : test2\8da7cc13802eefe0,0:10865664,2016-12-17 23:27:10-112,2016-12-17 23:27:10-297
Success : SEQ_READ : test1\c5a5e5562b038073\6670af231c096f09,0:46,2016-12-17 23:27:10-297,2016-12-17 23:27:10-298
Fail : SEQ_READ : test1\c5a5e5562b038073\a39ea9c72a98de10\11562aa867a5f398,0:0,2016-12-17 23:27:10-298,2016-12-17 23:27:10-300
Reason : RESTAPI.NoImplementionException: read failure
Success : LS : test2\a94a8fe5ccb19ba6\,0:-1,2016-12-17 23:27:10-300,2016-12-17 23:27:10-300
Success : CREATE_FILE : test2\a94a8fe5ccb19ba6\7C215FC44F6599DD,0:2069937,2016-12-17 23:27:10-300,2016-12-17 23:27:10-691
Success : LS : test2\a94a8fe5ccb19ba6\,0:-1,2016-12-17 23:27:10-691,2016-12-17 23:27:10-691
Success : CREATE_FILE : test2\a94a8fe5ccb19ba6\2a5bd02710e975a7\5AFBACE01577F6B6,0:2549413,2016-12-17 23:27:10-691,2016-12-17 23:27:11-038
Success : LS : test2\a94a8fe5ccb19ba6\2a5bd02710e975a7\,0:-1,2016-12-17 23:27:11-038,2016-12-17 23:27:11-038
Success : CREATE_FILE : test2\a94a8fe5ccb19ba6\2C1B84A92AA1FB41,0:381969,2016-12-17 23:27:11-039,2016-12-17 23:27:11-275
Success : SEQ_READ : test2\a94a8fe5ccb19ba6\2a5bd02710e975a7\254d76d2609fec03,0:1024,2016-12-17 23:27:11-275,2016-12-17 23:27:11-277
Success : RANDOM_WRITE : test1\c5a5e5562b038073\6670af231c096f09,0:46,2016-12-17 23:27:11-277,2016-12-17 23:27:11-278
Success : SEQ_READ : test1\f71b43c3136efa4f\9f93e73d6896cb7b\6670af231c096f09,0:129,2016-12-17 23:27:11-278,2016-12-17 23:27:11-279
Success : LS : test2\a94a8fe5ccb19ba6\,0:-1,2016-12-17 23:27:11-279,2016-12-17 23:27:11-279
Success : CREATE_FILE : test2\a94a8fe5ccb19ba6\500E1997084A02D1,0:1279012,2016-12-17 23:27:11-279,2016-12-17 23:27:11-576
Success : LS : test2\a94a8fe5ccb19ba6\,0:-1,2016-12-17 23:27:11-576,2016-12-17 23:27:11-577
Success : CREATE_FILE : test2\a94a8fe5ccb19ba6\3D9AAA9C27154F42,0:4060349,2016-12-17 23:27:11-577,2016-12-17 23:27:12-182
Success : LS : test2\a94a8fe5ccb19ba6\,0:-1,2016-12-17 23:27:12-182,2016-12-17 23:27:12-182
Success : CREATE_FILE : test2\a94a8fe5ccb19ba6\2a5bd02710e975a7\5F06ECE62F5675CD,0:1264360,2016-12-17 23:27:12-182,2016-12-17 23:27:12-521
Success : SEQ_READ : test1\f71b43c3136efa4f\83404ffd78f534ff\6670af231c096f09,0:129,2016-12-17 23:27:12-521,2016-12-17 23:27:12-523
Success : SEQ_READ : test2\a94a8fe5ccb19ba6\2a5bd02710e975a7\3eef580036f1724a,0:257,2016-12-17 23:27:12-523,2016-12-17 23:27:12-524
Success : LS : test2\a94a8fe5ccb19ba6\2a5bd02710e975a7\,0:-1,2016-12-17 23:27:12-524,2016-12-17 23:27:12-524
Success : CREATE_FILE : test2\a94a8fe5ccb19ba6\2a5bd02710e975a7\2C04AAE53567E9AF,0:1404476,2016-12-17 23:27:12-524,2016-12-17 23:27:13-035
Success : LS : test2\a94a8fe5ccb19ba6\2a5bd02710e975a7\,0:-1,2016-12-17 23:27:13-035,2016-12-17 23:27:13-035
Success : CREATE_FILE : test2\a94a8fe5ccb19ba6\2a5bd02710e975a7\3B0FC2592E654B55,0:1267554,2016-12-17 23:27:13-035,2016-12-17 23:27:13-263
Success : LS : test2\a94a8fe5ccb19ba6\2a5bd02710e975a7\,0:-1,2016-12-17 23:27:13-263,2016-12-17 23:27:13-263
Success : CREATE_FILE : test2\a94a8fe5ccb19ba6\2a5bd02710e975a7\53AFD3BA259D3A9C,0:3837827,2016-12-17 23:27:13-263,2016-12-17 23:27:13-717
Success : LS : test2\a94a8fe5ccb19ba6\2a5bd02710e975a7\,0:-1,2016-12-17 23:27:13-717,2016-12-17 23:27:13-717
Success : CREATE_FILE : test2\a94a8fe5ccb19ba6\43AE784A78379ED2,0:3832776,2016-12-17 23:27:13-718,2016-12-17 23:27:14-172
Fail : SEQ_READ : test2\a94a8fe5ccb19ba6\4b6fcb2d521ef0fd,0:0,2016-12-17 23:27:14-172,2016-12-17 23:27:14-173
Reason : RESTAPI.NoImplementionException: read failure
Success : RANDOM_WRITE : test1\f71b43c3136efa4f\83404ffd78f534ff\6670af231c096f09,0:129,2016-12-17 23:27:14-173,2016-12-17 23:27:14-174
Success : LS : test2\a94a8fe5ccb19ba6\,0:-1,2016-12-17 23:27:14-174,2016-12-17 23:27:14-174
Success : CREATE_FILE : test2\a94a8fe5ccb19ba6\7EDCB5CD5C9E216C,0:4036974,2016-12-17 23:27:14-175,2016-12-17 23:27:14-540
Success : LS : test2\a94a8fe5ccb19ba6\,0:-1,2016-12-17 23:27:14-540,2016-12-17 23:27:14-540
Success : CREATE_FILE : test2\a94a8fe5ccb19ba6\2a5bd02710e975a7\04BF96EC6B97CA3B,0:2710238,2016-12-17 23:27:14-540,2016-12-17 23:27:15-035
Success : LS : test2\a94a8fe5ccb19ba6\2a5bd02710e975a7\,0:-1,2016-12-17 23:27:15-035,2016-12-17 23:27:15-035
Success : CREATE_FILE : test2\a94a8fe5ccb19ba6\5A466FC65DAA952E,0:1684506,2016-12-17 23:27:15-035,2016-12-17 23:27:15-730
Success : LS : test2\a94a8fe5ccb19ba6\,0:-1,2016-12-17 23:27:15-730,2016-12-17 23:27:15-730
Success : CREATE_FILE : test2\a94a8fe5ccb19ba6\2a5bd02710e975a7\0D232B8563E5AD19,0:3609154,2016-12-17 23:27:15-730,2016-12-17 23:27:16-481
Success : LS : test2\a94a8fe5ccb19ba6\2a5bd02710e975a7\,0:-1,2016-12-17 23:27:16-481,2016-12-17 23:27:16-481
Success : CREATE_FILE : test2\a94a8fe5ccb19ba6\32ED742E273580EE,0:2295781,2016-12-17 23:27:16-482,2016-12-17 23:27:16-820
Fail : RANDOM_WRITE : test1\c5a5e5562b038073\a39ea9c72a98de10\4a90c52e52d54ede,0:0,2016-12-17 23:27:16-820,2016-12-17 23:27:16-830
Reason : RESTAPI.NoImplementionException: read failure
Fail : SEQ_READ : test2\1a7683b6645f9b6a,0:0,2016-12-17 23:27:16-830,2016-12-17 23:27:16-832
Reason : RESTAPI.NoImplementionException: read failure
Success : LS : test2\a94a8fe5ccb19ba6\,0:-1,2016-12-17 23:27:16-832,2016-12-17 23:27:16-832
Success : CREATE_FILE : test2\a94a8fe5ccb19ba6\2a5bd02710e975a7\5903E31678FF7D2B,0:1990041,2016-12-17 23:27:16-833,2016-12-17 23:27:17-265
Success : LS : test2\a94a8fe5ccb19ba6\2a5bd02710e975a7\,0:-1,2016-12-17 23:27:17-265,2016-12-17 23:27:17-265
Success : CREATE_FILE : test2\a94a8fe5ccb19ba6\442009F212F445EA,0:3903506,2016-12-17 23:27:17-265,2016-12-17 23:27:17-774
Success : LS : test2\a94a8fe5ccb19ba6\,0:-1,2016-12-17 23:27:17-774,2016-12-17 23:27:17-774
Success : CREATE_FILE : test2\a94a8fe5ccb19ba6\074A1B222658E829,0:1518303,2016-12-17 23:27:17-775,2016-12-17 23:27:18-176
Success : LS : test2\a94a8fe5ccb19ba6\,0:-1,2016-12-17 23:27:18-176,2016-12-17 23:27:18-176
Success : CREATE_FILE : test2\a94a8fe5ccb19ba6\07F73B3C68C1CB22,0:1655831,2016-12-17 23:27:18-176,2016-12-17 23:27:18-915
Success : SEQ_READ : test1\c5a5e5562b038073\0189424a5a60fed3\feb6a1968982109d,0:9043968,2016-12-17 23:27:18-915,2016-12-17 23:27:19-067
Success : LS : test2\a94a8fe5ccb19ba6\,0:-1,2016-12-17 23:27:19-067,2016-12-17 23:27:19-067
Success : CREATE_FILE : test2\a94a8fe5ccb19ba6\5C0168B678CFB29A,0:2891378,2016-12-17 23:27:19-068,2016-12-17 23:27:19-421
Success : LS : test2\a94a8fe5ccb19ba6\,0:-1,2016-12-17 23:27:19-421,2016-12-17 23:27:19-421
Success : CREATE_FILE : test2\a94a8fe5ccb19ba6\7D4BE132615D7E5B,0:345630,2016-12-17 23:27:19-421,2016-12-17 23:27:19-572
Success : LS : test2\a94a8fe5ccb19ba6\,0:-1,2016-12-17 23:27:19-572,2016-12-17 23:27:19-572
Success : CREATE_FILE : test2\a94a8fe5ccb19ba6\5AA1C2966DEA8AE7,0:3429206,2016-12-17 23:27:19-572,2016-12-17 23:27:19-891
Success : SEQ_READ : test1\c5a5e5562b038073\68ad3077ff5a452a,0:383,2016-12-17 23:27:19-891,2016-12-17 23:27:19-893
Success : LS : test2\a94a8fe5ccb19ba6\,0:-1,2016-12-17 23:27:19-893,2016-12-17 23:27:19-893
Success : CREATE_FILE : test2\a94a8fe5ccb19ba6\0272222336965B0D,0:3380889,2016-12-17 23:27:19-893,2016-12-17 23:27:20-261
Success : LS : test2\a94a8fe5ccb19ba6\,0:-1,2016-12-17 23:27:20-261,2016-12-17 23:27:20-261
Success : CREATE_FILE : test2\a94a8fe5ccb19ba6\2a5bd02710e975a7\53E4D51C7C144D1C,0:2884270,2016-12-17 23:27:20-261,2016-12-17 23:27:20-617
Success : LS : test2\a94a8fe5ccb19ba6\2a5bd02710e975a7\,0:-1,2016-12-17 23:27:20-617,2016-12-17 23:27:20-617
Success : CREATE_FILE : test2\a94a8fe5ccb19ba6\2E2C859D4984AEED,0:2525575,2016-12-17 23:27:20-617,2016-12-17 23:27:21-765
Success : LS : test2\a94a8fe5ccb19ba6\,0:-1,2016-12-17 23:27:21-765,2016-12-17 23:27:21-765
Success : CREATE_FILE : test2\a94a8fe5ccb19ba6\19AC2A0C0AD65D3E,0:3569563,2016-12-17 23:27:21-765,2016-12-17 23:27:22-534
Success : LS : test2\a94a8fe5ccb19ba6\,0:-1,2016-12-17 23:27:22-534,2016-12-17 23:27:22-534
Success : CREATE_FILE : test2\a94a8fe5ccb19ba6\6625A165579E5D63,0:3362562,2016-12-17 23:27:22-534,2016-12-17 23:27:23-819
Success : SEQ_READ : test2\a94a8fe5ccb19ba6\2a5bd02710e975a7\254d76d2609fec03,0:2048,2016-12-17 23:27:23-819,2016-12-17 23:27:23-820
Success : LS : test2\a94a8fe5ccb19ba6\,0:-1,2016-12-17 23:27:23-820,2016-12-17 23:27:23-820
Success : CREATE_FILE : test2\a94a8fe5ccb19ba6\2a5bd02710e975a7\0C95C6EC3FAEDAD8,0:3181742,2016-12-17 23:27:23-821,2016-12-17 23:27:24-191
Success : LS : test2\a94a8fe5ccb19ba6\2a5bd02710e975a7\,0:-1,2016-12-17 23:27:24-191,2016-12-17 23:27:24-191
Success : CREATE_FILE : test2\a94a8fe5ccb19ba6\4707ACB233D592F7,0:3130087,2016-12-17 23:27:24-191,2016-12-17 23:27:24-932
Success : LS : test2\a94a8fe5ccb19ba6\,0:-1,2016-12-17 23:27:24-932,2016-12-17 23:27:24-932
Success : CREATE_FILE : test2\a94a8fe5ccb19ba6\2a5bd02710e975a7\7E4DCE5803D7AEEB,0:1557412,2016-12-17 23:27:24-932,2016-12-17 23:27:25-293
Success : LS : test2\a94a8fe5ccb19ba6\2a5bd02710e975a7\,0:-1,2016-12-17 23:27:25-293,2016-12-17 23:27:25-293
Success : CREATE_FILE : test2\a94a8fe5ccb19ba6\2a5bd02710e975a7\4362BA141ABADC9C,0:2632222,2016-12-17 23:27:25-293,2016-12-17 23:27:25-621
Success : SEQ_READ : test2\acde102dac5bbe15,0:3072,2016-12-17 23:27:25-621,2016-12-17 23:27:25-622
Success : RANDOM_WRITE : test1\c5a5e5562b038073\0caa882bd1034750,0:50176,2016-12-17 23:27:25-622,2016-12-17 23:27:25-624
Success : SEQ_READ : test2\1a7683b6645f9b6a,0:7168,2016-12-17 23:27:25-624,2016-12-17 23:27:25-625
Success : LS : test2\a94a8fe5ccb19ba6\2a5bd02710e975a7\,0:-1,2016-12-17 23:27:25-626,2016-12-17 23:27:25-626
Success : CREATE_FILE : test2\a94a8fe5ccb19ba6\2a5bd02710e975a7\50A4BABD7E653A8D,0:2158912,2016-12-17 23:27:25-626,2016-12-17 23:27:25-959
Success : LS : test2\a94a8fe5ccb19ba6\2a5bd02710e975a7\,0:-1,2016-12-17 23:27:25-959,2016-12-17 23:27:25-959
Success : CREATE_FILE : test2\a94a8fe5ccb19ba6\101E739A2C6941E8,0:1588811,2016-12-17 23:27:25-960,2016-12-17 23:27:26-232
Success : RANDOM_WRITE : test2\a94a8fe5ccb19ba6\2a5bd02710e975a7\3eef580036f1724a,0:257,2016-12-17 23:27:26-232,2016-12-17 23:27:26-233
Success : LS : test2\a94a8fe5ccb19ba6\,0:-1,2016-12-17 23:27:26-233,2016-12-17 23:27:26-233
Success : CREATE_FILE : test2\a94a8fe5ccb19ba6\13C4960B5C404AF5,0:3096995,2016-12-17 23:27:26-233,2016-12-17 23:27:26-575
Success : LS : test2\a94a8fe5ccb19ba6\,0:-1,2016-12-17 23:27:26-575,2016-12-17 23:27:26-575
Success : CREATE_FILE : test2\a94a8fe5ccb19ba6\2a5bd02710e975a7\2FB579722E592A20,0:3713924,2016-12-17 23:27:26-575,2016-12-17 23:27:27-519
Success : LS : test2\a94a8fe5ccb19ba6\2a5bd02710e975a7\,0:-1,2016-12-17 23:27:27-519,2016-12-17 23:27:27-519
Success : CREATE_FILE : test2\a94a8fe5ccb19ba6\0B3B43B43F755583,0:3402687,2016-12-17 23:27:27-519,2016-12-17 23:27:28-502
Success : LS : test2\a94a8fe5ccb19ba6\,0:-1,2016-12-17 23:27:28-502,2016-12-17 23:27:28-502
Success : CREATE_FILE : test2\a94a8fe5ccb19ba6\2a5bd02710e975a7\1A14205363B3A101,0:90683,2016-12-17 23:27:28-502,2016-12-17 23:27:28-967
Success : LS : test2\a94a8fe5ccb19ba6\2a5bd02710e975a7\,0:-1,2016-12-17 23:27:28-967,2016-12-17 23:27:28-967
Success : CREATE_FILE : test2\a94a8fe5ccb19ba6\2a5bd02710e975a7\228C243B423E18AC,0:273320,2016-12-17 23:27:28-967,2016-12-17 23:27:29-285
Success : LS : test2\a94a8fe5ccb19ba6\2a5bd02710e975a7\,0:-1,2016-12-17 23:27:29-285,2016-12-17 23:27:29-285
Success : CREATE_FILE : test2\a94a8fe5ccb19ba6\2C6EDA554381AD6B,0:2128177,2016-12-17 23:27:29-285,2016-12-17 23:27:29-762
Success : LS : test2\a94a8fe5ccb19ba6\,0:-1,2016-12-17 23:27:29-762,2016-12-17 23:27:29-762
Success : CREATE_FILE : test2\a94a8fe5ccb19ba6\79E1C07B4BE08215,0:1093011,2016-12-17 23:27:29-762,2016-12-17 23:27:30-105
Success : LS : test2\a94a8fe5ccb19ba6\,0:-1,2016-12-17 23:27:30-105,2016-12-17 23:27:30-105
Success : CREATE_FILE : test2\a94a8fe5ccb19ba6\4A96BF2D65F99DE7,0:2671900,2016-12-17 23:27:30-105,2016-12-17 23:27:30-720
Success : LS : test2\a94a8fe5ccb19ba6\,0:-1,2016-12-17 23:27:30-720,2016-12-17 23:27:30-720
Success : CREATE_FILE : test2\a94a8fe5ccb19ba6\2a5bd02710e975a7\429A58B662CF4773,0:3958854,2016-12-17 23:27:30-720,2016-12-17 23:27:31-562
Success : LS : test2\a94a8fe5ccb19ba6\2a5bd02710e975a7\,0:-1,2016-12-17 23:27:31-562,2016-12-17 23:27:31-562
Success : CREATE_FILE : test2\a94a8fe5ccb19ba6\70353D856F7990FB,0:1088599,2016-12-17 23:27:31-562,2016-12-17 23:27:31-821
Success : LS : test2\a94a8fe5ccb19ba6\,0:-1,2016-12-17 23:27:31-821,2016-12-17 23:27:31-821
Success : CREATE_FILE : test2\a94a8fe5ccb19ba6\658B3D43203FE1AF,0:608955,2016-12-17 23:27:31-821,2016-12-17 23:27:32-031
Fail : RANDOM_WRITE : test1\c5a5e5562b038073\a39ea9c72a98de10\4a90c52e52d54ede,0:0,2016-12-17 23:27:32-031,2016-12-17 23:27:32-040
Reason : RESTAPI.NoImplementionException: read failure
Success : LS : test2\a94a8fe5ccb19ba6\,0:-1,2016-12-17 23:27:32-040,2016-12-17 23:27:32-040
Success : CREATE_FILE : test2\a94a8fe5ccb19ba6\65E0F03805CD37C6,0:1383348,2016-12-17 23:27:32-040,2016-12-17 23:27:32-268
Success : LS : test2\a94a8fe5ccb19ba6\,0:-1,2016-12-17 23:27:32-268,2016-12-17 23:27:32-268
Success : CREATE_FILE : test2\a94a8fe5ccb19ba6\2a5bd02710e975a7\79BFCF173144D144,0:838778,2016-12-17 23:27:32-268,2016-12-17 23:27:32-647
Success : LS : test2\a94a8fe5ccb19ba6\2a5bd02710e975a7\,0:-1,2016-12-17 23:27:32-647,2016-12-17 23:27:32-647
Success : CREATE_FILE : test2\a94a8fe5ccb19ba6\5EFB097160A8DAEA,0:2671357,2016-12-17 23:27:32-647,2016-12-17 23:27:33-050
Success : LS : test2\a94a8fe5ccb19ba6\,0:-1,2016-12-17 23:27:33-050,2016-12-17 23:27:33-050
Success : CREATE_FILE : test2\a94a8fe5ccb19ba6\73067D95133F5806,0:2157186,2016-12-17 23:27:33-050,2016-12-17 23:27:33-755
Success : LS : test2\a94a8fe5ccb19ba6\,0:-1,2016-12-17 23:27:33-755,2016-12-17 23:27:33-755
Success : CREATE_FILE : test2\a94a8fe5ccb19ba6\2a5bd02710e975a7\27188E446255BE37,0:847919,2016-12-17 23:27:33-755,2016-12-17 23:27:34-858
Success : LS : test2\a94a8fe5ccb19ba6\2a5bd02710e975a7\,0:-1,2016-12-17 23:27:34-858,2016-12-17 23:27:34-858
Success : CREATE_FILE : test2\a94a8fe5ccb19ba6\368094206D288F20,0:3517898,2016-12-17 23:27:34-859,2016-12-17 23:27:35-270
Success : LS : test2\a94a8fe5ccb19ba6\,0:-1,2016-12-17 23:27:35-270,2016-12-17 23:27:35-270
Success : CREATE_FILE : test2\a94a8fe5ccb19ba6\350DD93B0EC7F0F8,0:1768405,2016-12-17 23:27:35-270,2016-12-17 23:27:35-711
Success : LS : test2\a94a8fe5ccb19ba6\,0:-1,2016-12-17 23:27:35-711,2016-12-17 23:27:35-711
Success : CREATE_FILE : test2\a94a8fe5ccb19ba6\2a5bd02710e975a7\3563BF433125EBCD,0:2425920,2016-12-17 23:27:35-712,2016-12-17 23:27:36-085
Success : LS : test2\a94a8fe5ccb19ba6\2a5bd02710e975a7\,0:-1,2016-12-17 23:27:36-085,2016-12-17 23:27:36-085
Success : CREATE_FILE : test2\a94a8fe5ccb19ba6\2A13BA762BA6C62A,0:1115750,2016-12-17 23:27:36-085,2016-12-17 23:27:36-865
Success : LS : test2\a94a8fe5ccb19ba6\,0:-1,2016-12-17 23:27:36-865,2016-12-17 23:27:36-865
Success : CREATE_FILE : test2\a94a8fe5ccb19ba6\2a5bd02710e975a7\311BAE74519C3233,0:3199766,2016-12-17 23:27:36-865,2016-12-17 23:27:37-398
Success : LS : test2\a94a8fe5ccb19ba6\2a5bd02710e975a7\,0:-1,2016-12-17 23:27:37-398,2016-12-17 23:27:37-398
Success : CREATE_FILE : test2\a94a8fe5ccb19ba6\2a5bd02710e975a7\253C301C0EA42FA5,0:4012869,2016-12-17 23:27:37-398,2016-12-17 23:27:38-011
Success : LS : test2\a94a8fe5ccb19ba6\2a5bd02710e975a7\,0:-1,2016-12-17 23:27:38-011,2016-12-17 23:27:38-011
Success : CREATE_FILE : test2\a94a8fe5ccb19ba6\2a5bd02710e975a7\20C1EB674F845B39,0:1109271,2016-12-17 23:27:38-011,2016-12-17 23:27:38-294
Success : SEQ_READ : test1\c5a5e5562b038073\b0c5d70d7f040bfa,0:11264,2016-12-17 23:27:38-294,2016-12-17 23:27:38-296
Success : RANDOM_WRITE : test1\c5a5e5562b038073\68ad3077ff5a452a,0:383,2016-12-17 23:27:38-296,2016-12-17 23:27:38-297
Success : LS : test2\a94a8fe5ccb19ba6\2a5bd02710e975a7\,0:-1,2016-12-17 23:27:38-297,2016-12-17 23:27:38-297
Success : CREATE_FILE : test2\a94a8fe5ccb19ba6\19B84A2E3745F3FD,0:3655682,2016-12-17 23:27:38-297,2016-12-17 23:27:38-701
Success : LS : test2\a94a8fe5ccb19ba6\,0:-1,2016-12-17 23:27:38-701,2016-12-17 23:27:38-701
Success : CREATE_FILE : test2\a94a8fe5ccb19ba6\2a5bd02710e975a7\473A69847EB63BDC,0:2934633,2016-12-17 23:27:38-701,2016-12-17 23:27:39-316
Success : LS : test2\a94a8fe5ccb19ba6\2a5bd02710e975a7\,0:-1,2016-12-17 23:27:39-316,2016-12-17 23:27:39-316
Success : CREATE_FILE : test2\a94a8fe5ccb19ba6\2a5bd02710e975a7\1AFEB00C319AC2D6,0:1751102,2016-12-17 23:27:39-316,2016-12-17 23:27:40-244
Success : LS : test2\a94a8fe5ccb19ba6\2a5bd02710e975a7\,0:-1,2016-12-17 23:27:40-244,2016-12-17 23:27:40-244
Success : CREATE_FILE : test2\a94a8fe5ccb19ba6\68CEB62F42AC8475,0:1669714,2016-12-17 23:27:40-244,2016-12-17 23:27:40-690
Success : LS : test2\a94a8fe5ccb19ba6\,0:-1,2016-12-17 23:27:40-690,2016-12-17 23:27:40-690
