Success : CREATE_FILE : test2\a94a8fe5ccb19ba6\2a5bd02710e975a7\009D4FFA26ADA143,0:2375912,2016-12-17 10:49:24-660,2016-12-17 10:49:24-673
Success : LS : test2\a94a8fe5ccb19ba6\2a5bd02710e975a7\,0:-1,2016-12-17 10:49:24-674,2016-12-17 10:49:24-685
Success : CREATE_FILE : test2\a94a8fe5ccb19ba6\31DDBD003C7D30A8,0:712092,2016-12-17 10:49:24-686,2016-12-17 10:49:24-697
Success : SEQ_READ : test2\49f03965cf98b1f5,0:0,2016-12-17 10:49:24-697,2016-12-17 10:49:24-708
Success : SEQ_READ : test2\a94a8fe5ccb19ba6\2a5bd02710e975a7\254d76d2609fec03,0:0,2016-12-17 10:49:24-708,2016-12-17 10:49:24-721
Success : SEQ_READ : test2\acde102dac5bbe15,0:1024,2016-12-17 10:49:24-721,2016-12-17 10:49:24-735
Success : SEQ_READ : test2\bc9c8ba7ff351f3e,0:25600,2016-12-17 10:49:24-735,2016-12-17 10:49:24-747
Success : SEQ_READ : test1\c5a5e5562b038073\0189424a5a60fed3\46a8219c2ae6c782,0:184320,2016-12-17 10:49:24-748,2016-12-17 10:49:24-758
Success : LS : test2\a94a8fe5ccb19ba6\,0:-1,2016-12-17 10:49:24-759,2016-12-17 10:49:24-772
Success : CREATE_FILE : test2\a94a8fe5ccb19ba6\4B3E54DF51F3AB0D,0:1990867,2016-12-17 10:49:24-773,2016-12-17 10:49:24-784
Success : LS : test2\a94a8fe5ccb19ba6\,0:-1,2016-12-17 10:49:24-784,2016-12-17 10:49:24-795
Success : CREATE_FILE : test2\a94a8fe5ccb19ba6\7BDD41B668D8F0F5,0:45059,2016-12-17 10:49:24-796,2016-12-17 10:49:24-807
Success : SEQ_READ : test1\c5a5e5562b038073\88fe52fe40fa2264,0:2048,2016-12-17 10:49:24-808,2016-12-17 10:49:24-819
Success : SEQ_READ : test1\c5a5e5562b038073\05d1f0ed74e78555,0:35840,2016-12-17 10:49:24-820,2016-12-17 10:49:24-831
Success : SEQ_READ : test1\c5a5e5562b038073\6670af231c096f09,0:46,2016-12-17 10:49:24-831,2016-12-17 10:49:24-842
Success : SEQ_READ : test2\6c33a983eec1b409,0:1024,2016-12-17 10:49:24-843,2016-12-17 10:49:24-853
Success : SEQ_READ : test1\c5a5e5562b038073\a39ea9c72a98de10\f398de59988a85e5,0:0,2016-12-17 10:49:24-853,2016-12-17 10:49:24-859
Success : LS : test2\a94a8fe5ccb19ba6\,0:-1,2016-12-17 10:49:24-860,2016-12-17 10:49:24-871
Success : CREATE_FILE : test2\a94a8fe5ccb19ba6\2a5bd02710e975a7\3A9A911201A6F136,0:2968351,2016-12-17 10:49:24-872,2016-12-17 10:49:24-883
Success : LS : test2\a94a8fe5ccb19ba6\2a5bd02710e975a7\,0:-1,2016-12-17 10:49:24-884,2016-12-17 10:49:24-893
Fail : CREATE_FILE : test2\a94a8fe5ccb19ba6\1A011E2106E2EABD,0:2676446,2016-12-17 10:49:24-894,2016-12-17 10:49:24-904
Reason : newTester.DHTException: no result
Success : SEQ_READ : test2\49f03965cf98b1f5,0:0,2016-12-17 10:49:24-905,2016-12-17 10:49:24-914
Success : LS : test2\a94a8fe5ccb19ba6\,0:-1,2016-12-17 10:49:24-915,2016-12-17 10:49:24-923
Success : CREATE_FILE : test2\a94a8fe5ccb19ba6\07D7F7845DBC6837,0:1306951,2016-12-17 10:49:24-924,2016-12-17 10:49:24-933
Success : LS : test2\a94a8fe5ccb19ba6\,0:-1,2016-12-17 10:49:24-933,2016-12-17 10:49:24-943
Success : CREATE_FILE : test2\a94a8fe5ccb19ba6\2a5bd02710e975a7\2EF1B0ED594FB4CC,0:247968,2016-12-17 10:49:24-943,2016-12-17 10:49:24-952
Success : LS : test2\a94a8fe5ccb19ba6\2a5bd02710e975a7\,0:-1,2016-12-17 10:49:24-952,2016-12-17 10:49:24-967
Success : CREATE_FILE : test2\a94a8fe5ccb19ba6\2a5bd02710e975a7\1D55B5B765DDCC13,0:1167686,2016-12-17 10:49:24-968,2016-12-17 10:49:24-983
Success : LS : test2\a94a8fe5ccb19ba6\2a5bd02710e975a7\,0:-1,2016-12-17 10:49:24-983,2016-12-17 10:49:24-993
Success : CREATE_FILE : test2\a94a8fe5ccb19ba6\2a5bd02710e975a7\1797843C5C634171,0:2082823,2016-12-17 10:49:24-994,2016-12-17 10:49:25-002
Success : LS : test2\a94a8fe5ccb19ba6\2a5bd02710e975a7\,0:-1,2016-12-17 10:49:25-003,2016-12-17 10:49:25-012
Success : CREATE_FILE : test2\a94a8fe5ccb19ba6\2a5bd02710e975a7\44AF056E3107E09F,0:3607792,2016-12-17 10:49:25-012,2016-12-17 10:49:25-024
Success : LS : test2\a94a8fe5ccb19ba6\2a5bd02710e975a7\,0:-1,2016-12-17 10:49:25-025,2016-12-17 10:49:25-038
Success : CREATE_FILE : test2\a94a8fe5ccb19ba6\070AFC940202DCFE,0:3845341,2016-12-17 10:49:25-038,2016-12-17 10:49:25-050
Success : SEQ_READ : test2\bc9c8ba7ff351f3e,0:14336,2016-12-17 10:49:25-050,2016-12-17 10:49:25-067
Success : SEQ_READ : test1\f71b43c3136efa4f\9f93e73d6896cb7b\6670af231c096f09,0:129,2016-12-17 10:49:25-068,2016-12-17 10:49:25-080
Success : SEQ_READ : test1\f71b43c3136efa4f\83404ffd78f534ff\6670af231c096f09,0:129,2016-12-17 10:49:25-080,2016-12-17 10:49:25-092
Success : LS : test2\a94a8fe5ccb19ba6\,0:-1,2016-12-17 10:49:25-093,2016-12-17 10:49:25-108
Success : CREATE_FILE : test2\a94a8fe5ccb19ba6\2a5bd02710e975a7\0743C7CA1DF5BF24,0:529835,2016-12-17 10:49:25-108,2016-12-17 10:49:25-119
Success : LS : test2\a94a8fe5ccb19ba6\2a5bd02710e975a7\,0:-1,2016-12-17 10:49:25-119,2016-12-17 10:49:25-132
Success : CREATE_FILE : test2\a94a8fe5ccb19ba6\2a5bd02710e975a7\57D5234F704C2A66,0:1628430,2016-12-17 10:49:25-132,2016-12-17 10:49:25-146
Success : LS : test2\a94a8fe5ccb19ba6\2a5bd02710e975a7\,0:-1,2016-12-17 10:49:25-146,2016-12-17 10:49:25-159
Success : CREATE_FILE : test2\a94a8fe5ccb19ba6\2a5bd02710e975a7\2B713EA0097C1468,0:911569,2016-12-17 10:49:25-159,2016-12-17 10:49:25-171
Success : LS : test2\a94a8fe5ccb19ba6\2a5bd02710e975a7\,0:-1,2016-12-17 10:49:25-171,2016-12-17 10:49:25-184
Fail : CREATE_FILE : test2\a94a8fe5ccb19ba6\671B9DDB1A3B492A,0:3660140,2016-12-17 10:49:25-184,2016-12-17 10:49:25-192
Reason : newTester.DHTException: no result
Success : SEQ_READ : test2\49f03965cf98b1f5,0:1024,2016-12-17 10:49:25-192,2016-12-17 10:49:25-204
Success : SEQ_READ : test1\c5a5e5562b038073\0189424a5a60fed3\feb6a1968982109d,0:19367936,2016-12-17 10:49:25-204,2016-12-17 10:49:25-213
Success : LS : test2\a94a8fe5ccb19ba6\,0:-1,2016-12-17 10:49:25-213,2016-12-17 10:49:25-228
Success : CREATE_FILE : test2\a94a8fe5ccb19ba6\59D72F55668D30F5,0:716373,2016-12-17 10:49:25-229,2016-12-17 10:49:25-241
Success : LS : test2\a94a8fe5ccb19ba6\,0:-1,2016-12-17 10:49:25-241,2016-12-17 10:49:25-255
Success : CREATE_FILE : test2\a94a8fe5ccb19ba6\2a5bd02710e975a7\02EBC86C0D6008DD,0:1559095,2016-12-17 10:49:25-256,2016-12-17 10:49:25-274
Success : LS : test2\a94a8fe5ccb19ba6\2a5bd02710e975a7\,0:-1,2016-12-17 10:49:25-274,2016-12-17 10:49:25-290
Fail : CREATE_FILE : test2\a94a8fe5ccb19ba6\503E8E4F172A6ADB,0:1064780,2016-12-17 10:49:25-290,2016-12-17 10:49:25-306
Reason : newTester.DHTException: no result
Fail : SEQ_READ : test1\c5a5e5562b038073\7b7f22b30cf50087,0:3072,2016-12-17 10:49:25-306,2016-12-17 10:49:25-320
Reason : newTester.DHTException: no result
Success : LS : test2\a94a8fe5ccb19ba6\,0:-1,2016-12-17 10:49:25-321,2016-12-17 10:49:25-334
Success : CREATE_FILE : test2\a94a8fe5ccb19ba6\7BC8D19B24E93510,0:663572,2016-12-17 10:49:25-335,2016-12-17 10:49:25-347
Success : LS : test2\a94a8fe5ccb19ba6\,0:-1,2016-12-17 10:49:25-347,2016-12-17 10:49:25-359
Success : CREATE_FILE : test2\a94a8fe5ccb19ba6\2a5bd02710e975a7\2BE18B3C76C184C6,0:2794047,2016-12-17 10:49:25-359,2016-12-17 10:49:25-371
Success : LS : test2\a94a8fe5ccb19ba6\2a5bd02710e975a7\,0:-1,2016-12-17 10:49:25-371,2016-12-17 10:49:25-382
Success : CREATE_FILE : test2\a94a8fe5ccb19ba6\2a5bd02710e975a7\631C7BD549B5144A,0:3982429,2016-12-17 10:49:25-382,2016-12-17 10:49:25-399
Success : LS : test2\a94a8fe5ccb19ba6\2a5bd02710e975a7\,0:-1,2016-12-17 10:49:25-399,2016-12-17 10:49:25-431
Success : CREATE_FILE : test2\a94a8fe5ccb19ba6\7728C712422D1C73,0:1021735,2016-12-17 10:49:25-432,2016-12-17 10:49:25-445
Success : LS : test2\a94a8fe5ccb19ba6\,0:-1,2016-12-17 10:49:25-445,2016-12-17 10:49:25-469
Success : CREATE_FILE : test2\a94a8fe5ccb19ba6\2a5bd02710e975a7\7A51274835B9EFDF,0:114568,2016-12-17 10:49:25-470,2016-12-17 10:49:25-481
Success : LS : test2\a94a8fe5ccb19ba6\2a5bd02710e975a7\,0:-1,2016-12-17 10:49:25-481,2016-12-17 10:49:25-492
Success : CREATE_FILE : test2\a94a8fe5ccb19ba6\1242A82B4DAF246D,0:81414,2016-12-17 10:49:25-492,2016-12-17 10:49:25-504
Fail : SEQ_READ : test1\c5a5e5562b038073\7b7f22b30cf50087,0:0,2016-12-17 10:49:25-504,2016-12-17 10:49:25-520
Reason : newTester.DHTException: no result
Success : SEQ_READ : test1\c5a5e5562b038073\738537f9a40e568b,0:10240,2016-12-17 10:49:25-521,2016-12-17 10:49:25-539
Success : LS : test2\a94a8fe5ccb19ba6\,0:-1,2016-12-17 10:49:25-539,2016-12-17 10:49:25-552
Success : CREATE_FILE : test2\a94a8fe5ccb19ba6\4CCDF9D537716E1C,0:456023,2016-12-17 10:49:25-553,2016-12-17 10:49:25-573
Success : LS : test2\a94a8fe5ccb19ba6\,0:-1,2016-12-17 10:49:25-574,2016-12-17 10:49:25-598
Success : CREATE_FILE : test2\a94a8fe5ccb19ba6\64EEFDEF270E9CF5,0:3827601,2016-12-17 10:49:25-598,2016-12-17 10:49:25-614
Success : LS : test2\a94a8fe5ccb19ba6\,0:-1,2016-12-17 10:49:25-614,2016-12-17 10:49:25-629
Success : CREATE_FILE : test2\a94a8fe5ccb19ba6\2a5bd02710e975a7\288E639514201673,0:167868,2016-12-17 10:49:25-629,2016-12-17 10:49:25-640
Success : LS : test2\a94a8fe5ccb19ba6\2a5bd02710e975a7\,0:-1,2016-12-17 10:49:25-640,2016-12-17 10:49:25-651
Success : CREATE_FILE : test2\a94a8fe5ccb19ba6\380EB92549E402EA,0:1260209,2016-12-17 10:49:25-651,2016-12-17 10:49:25-664
Success : SEQ_READ : test1\c5a5e5562b038073\88fe52fe40fa2264,0:2048,2016-12-17 10:49:25-664,2016-12-17 10:49:25-674
Success : SEQ_READ : test1\c5a5e5562b038073\3c16ab634e85296e,0:104448,2016-12-17 10:49:25-674,2016-12-17 10:49:25-684
Success : SEQ_READ : test2\bc9c8ba7ff351f3e,0:68608,2016-12-17 10:49:25-684,2016-12-17 10:49:25-698
Success : LS : test2\a94a8fe5ccb19ba6\,0:-1,2016-12-17 10:49:25-698,2016-12-17 10:49:25-711
Success : CREATE_FILE : test2\a94a8fe5ccb19ba6\4D8B55B931E6DA59,0:3066690,2016-12-17 10:49:25-711,2016-12-17 10:49:25-723
Success : LS : test2\a94a8fe5ccb19ba6\,0:-1,2016-12-17 10:49:25-723,2016-12-17 10:49:25-744
Success : CREATE_FILE : test2\a94a8fe5ccb19ba6\732B46BE28C92C38,0:2703273,2016-12-17 10:49:25-744,2016-12-17 10:49:25-755
Success : LS : test2\a94a8fe5ccb19ba6\,0:-1,2016-12-17 10:49:25-755,2016-12-17 10:49:25-769
Success : CREATE_FILE : test2\a94a8fe5ccb19ba6\2a5bd02710e975a7\758366864F1ACFCC,0:2145250,2016-12-17 10:49:25-769,2016-12-17 10:49:25-781
Success : LS : test2\a94a8fe5ccb19ba6\2a5bd02710e975a7\,0:-1,2016-12-17 10:49:25-782,2016-12-17 10:49:25-792
Success : CREATE_FILE : test2\a94a8fe5ccb19ba6\46F597FD34F4F02C,0:381276,2016-12-17 10:49:25-793,2016-12-17 10:49:25-806
Success : SEQ_READ : test2\a94a8fe5ccb19ba6\4b6fcb2d521ef0fd,0:0,2016-12-17 10:49:25-807,2016-12-17 10:49:25-817
Success : SEQ_READ : test2\1a7683b6645f9b6a,0:4096,2016-12-17 10:49:25-817,2016-12-17 10:49:25-827
Success : SEQ_READ : test1\c5a5e5562b038073\a39ea9c72a98de10\11562aa867a5f398,0:0,2016-12-17 10:49:25-827,2016-12-17 10:49:25-840
Success : SEQ_READ : test2\49f03965cf98b1f5,0:1024,2016-12-17 10:49:25-840,2016-12-17 10:49:25-852
Success : LS : test2\a94a8fe5ccb19ba6\,0:-1,2016-12-17 10:49:25-852,2016-12-17 10:49:25-865
Success : CREATE_FILE : test2\a94a8fe5ccb19ba6\2a5bd02710e975a7\5959455C22AC5BAD,0:1451698,2016-12-17 10:49:25-865,2016-12-17 10:49:25-877
Success : LS : test2\a94a8fe5ccb19ba6\2a5bd02710e975a7\,0:-1,2016-12-17 10:49:25-877,2016-12-17 10:49:25-889
Success : CREATE_FILE : test2\a94a8fe5ccb19ba6\2a5bd02710e975a7\5DAA6F742324DA45,0:2843439,2016-12-17 10:49:25-889,2016-12-17 10:49:25-900
Success : LS : test2\a94a8fe5ccb19ba6\2a5bd02710e975a7\,0:-1,2016-12-17 10:49:25-901,2016-12-17 10:49:25-912
Success : CREATE_FILE : test2\a94a8fe5ccb19ba6\5733CC9107809F3D,0:3714134,2016-12-17 10:49:25-912,2016-12-17 10:49:25-923
Success : SEQ_READ : test1\c5a5e5562b038073\6670af231c096f09,0:46,2016-12-17 10:49:25-924,2016-12-17 10:49:25-942
Success : LS : test2\a94a8fe5ccb19ba6\,0:-1,2016-12-17 10:49:25-942,2016-12-17 10:49:25-957
Fail : CREATE_FILE : test2\a94a8fe5ccb19ba6\4A292D101E5BACBD,0:2730735,2016-12-17 10:49:25-958,2016-12-17 10:49:25-972
Reason : newTester.DHTException: no result
Success : LS : test2\a94a8fe5ccb19ba6\,0:-1,2016-12-17 10:49:25-972,2016-12-17 10:49:25-994
Success : CREATE_FILE : test2\a94a8fe5ccb19ba6\1CE755EB2EB83B81,0:3683946,2016-12-17 10:49:25-994,2016-12-17 10:49:26-011
Success : LS : test2\a94a8fe5ccb19ba6\,0:-1,2016-12-17 10:49:26-011,2016-12-17 10:49:26-030
Success : CREATE_FILE : test2\a94a8fe5ccb19ba6\168524DD27613530,0:875865,2016-12-17 10:49:26-030,2016-12-17 10:49:26-041
Success : LS : test2\a94a8fe5ccb19ba6\,0:-1,2016-12-17 10:49:26-041,2016-12-17 10:49:26-056
Success : CREATE_FILE : test2\a94a8fe5ccb19ba6\2A4B9C3B3D5B2D2A,0:3558866,2016-12-17 10:49:26-056,2016-12-17 10:49:26-071
Success : LS : test2\a94a8fe5ccb19ba6\,0:-1,2016-12-17 10:49:26-071,2016-12-17 10:49:26-086
Success : CREATE_FILE : test2\a94a8fe5ccb19ba6\2a5bd02710e975a7\4396C3AD553B255C,0:1178963,2016-12-17 10:49:26-087,2016-12-17 10:49:26-098
Success : SEQ_READ : test2\bc9c8ba7ff351f3e,0:121856,2016-12-17 10:49:26-098,2016-12-17 10:49:26-110
Success : SEQ_READ : test1\c5a5e5562b038073\fbe0d7653f0909cb,0:1024,2016-12-17 10:49:26-110,2016-12-17 10:49:26-123
Success : LS : test2\a94a8fe5ccb19ba6\2a5bd02710e975a7\,0:-1,2016-12-17 10:49:26-123,2016-12-17 10:49:26-136
Success : CREATE_FILE : test2\a94a8fe5ccb19ba6\61A9E28F76B49BC8,0:3052813,2016-12-17 10:49:26-136,2016-12-17 10:49:26-149
Success : LS : test2\a94a8fe5ccb19ba6\,0:-1,2016-12-17 10:49:26-150,2016-12-17 10:49:26-165
Success : CREATE_FILE : test2\a94a8fe5ccb19ba6\306DB07B099D8863,0:637507,2016-12-17 10:49:26-165,2016-12-17 10:49:26-181
Success : LS : test2\a94a8fe5ccb19ba6\,0:-1,2016-12-17 10:49:26-182,2016-12-17 10:49:26-198
Success : CREATE_FILE : test2\a94a8fe5ccb19ba6\2a5bd02710e975a7\6B0EC26A0A6F5EDA,0:2705768,2016-12-17 10:49:26-199,2016-12-17 10:49:26-215
Success : LS : test2\a94a8fe5ccb19ba6\2a5bd02710e975a7\,0:-1,2016-12-17 10:49:26-215,2016-12-17 10:49:26-230
Success : CREATE_FILE : test2\a94a8fe5ccb19ba6\2a5bd02710e975a7\23FAA35A64997A11,0:1800013,2016-12-17 10:49:26-230,2016-12-17 10:49:26-251
Success : LS : test2\a94a8fe5ccb19ba6\2a5bd02710e975a7\,0:-1,2016-12-17 10:49:26-251,2016-12-17 10:49:26-265
Success : CREATE_FILE : test2\a94a8fe5ccb19ba6\2a5bd02710e975a7\072363934FF2CF0F,0:3448081,2016-12-17 10:49:26-265,2016-12-17 10:49:26-280
Success : SEQ_READ : test1\f71b43c3136efa4f\52481749c0cdecd6\6670af231c096f09,0:129,2016-12-17 10:49:26-280,2016-12-17 10:49:26-297
Success : LS : test2\a94a8fe5ccb19ba6\2a5bd02710e975a7\,0:-1,2016-12-17 10:49:26-297,2016-12-17 10:49:26-311
Success : CREATE_FILE : test2\a94a8fe5ccb19ba6\2a5bd02710e975a7\736B9F657B0E37E5,0:31689,2016-12-17 10:49:26-311,2016-12-17 10:49:26-326
Success : LS : test2\a94a8fe5ccb19ba6\2a5bd02710e975a7\,0:-1,2016-12-17 10:49:26-326,2016-12-17 10:49:26-340
Success : CREATE_FILE : test2\a94a8fe5ccb19ba6\2a5bd02710e975a7\138A0FC4310D8192,0:3687360,2016-12-17 10:49:26-341,2016-12-17 10:49:26-363
Success : LS : test2\a94a8fe5ccb19ba6\2a5bd02710e975a7\,0:-1,2016-12-17 10:49:26-363,2016-12-17 10:49:26-377
Success : CREATE_FILE : test2\a94a8fe5ccb19ba6\2a5bd02710e975a7\4AEDD8184AFF3ADF,0:1126388,2016-12-17 10:49:26-377,2016-12-17 10:49:26-392
Success : LS : test2\a94a8fe5ccb19ba6\2a5bd02710e975a7\,0:-1,2016-12-17 10:49:26-392,2016-12-17 10:49:26-406
Success : CREATE_FILE : test2\a94a8fe5ccb19ba6\4274FAEE6CFC0491,0:78578,2016-12-17 10:49:26-407,2016-12-17 10:49:26-432
Success : LS : test2\a94a8fe5ccb19ba6\,0:-1,2016-12-17 10:49:26-432,2016-12-17 10:49:26-449
Success : CREATE_FILE : test2\a94a8fe5ccb19ba6\35D0F47B4779E547,0:2659448,2016-12-17 10:49:26-449,2016-12-17 10:49:26-463
Success : LS : test2\a94a8fe5ccb19ba6\,0:-1,2016-12-17 10:49:26-463,2016-12-17 10:49:26-481
Success : CREATE_FILE : test2\a94a8fe5ccb19ba6\2a5bd02710e975a7\595FE57500614738,0:2358394,2016-12-17 10:49:26-481,2016-12-17 10:49:26-498
Success : LS : test2\a94a8fe5ccb19ba6\2a5bd02710e975a7\,0:-1,2016-12-17 10:49:26-498,2016-12-17 10:49:26-513
Fail : CREATE_FILE : test2\a94a8fe5ccb19ba6\2a5bd02710e975a7\3FB5FB4B21B9F801,0:3627,2016-12-17 10:49:26-513,2016-12-17 10:49:26-529
Reason : newTester.DHTException: no result
Success : LS : test2\a94a8fe5ccb19ba6\2a5bd02710e975a7\,0:-1,2016-12-17 10:49:26-529,2016-12-17 10:49:26-544
Success : CREATE_FILE : test2\a94a8fe5ccb19ba6\2a5bd02710e975a7\46E9F44031328939,0:1479358,2016-12-17 10:49:26-544,2016-12-17 10:49:26-560
Success : LS : test2\a94a8fe5ccb19ba6\2a5bd02710e975a7\,0:-1,2016-12-17 10:49:26-560,2016-12-17 10:49:26-574
Success : CREATE_FILE : test2\a94a8fe5ccb19ba6\33D06EFE0353F969,0:1878378,2016-12-17 10:49:26-574,2016-12-17 10:49:26-588
Success : LS : test2\a94a8fe5ccb19ba6\,0:-1,2016-12-17 10:49:26-589,2016-12-17 10:49:26-606
Success : CREATE_FILE : test2\a94a8fe5ccb19ba6\2a5bd02710e975a7\3B03E33652B21971,0:2317007,2016-12-17 10:49:26-607,2016-12-17 10:49:26-625
Success : LS : test2\a94a8fe5ccb19ba6\2a5bd02710e975a7\,0:-1,2016-12-17 10:49:26-625,2016-12-17 10:49:26-642
Success : CREATE_FILE : test2\a94a8fe5ccb19ba6\2a5bd02710e975a7\165D2CE926C6DD99,0:3233014,2016-12-17 10:49:26-642,2016-12-17 10:49:26-657
Success : LS : test2\a94a8fe5ccb19ba6\2a5bd02710e975a7\,0:-1,2016-12-17 10:49:26-657,2016-12-17 10:49:26-672
Success : CREATE_FILE : test2\a94a8fe5ccb19ba6\04CB8EB83F82AB59,0:349042,2016-12-17 10:49:26-673,2016-12-17 10:49:26-688
Success : LS : test2\a94a8fe5ccb19ba6\,0:-1,2016-12-17 10:49:26-688,2016-12-17 10:49:26-707
Success : CREATE_FILE : test2\a94a8fe5ccb19ba6\63F3DE363914CA29,0:3212440,2016-12-17 10:49:26-707,2016-12-17 10:49:26-727
Success : SEQ_READ : test2\a94a8fe5ccb19ba6\2a5bd02710e975a7\254d76d2609fec03,0:1024,2016-12-17 10:49:26-727,2016-12-17 10:49:26-742
Success : LS : test2\a94a8fe5ccb19ba6\,0:-1,2016-12-17 10:49:26-742,2016-12-17 10:49:26-761
Success : CREATE_FILE : test2\a94a8fe5ccb19ba6\7E3752242EA50814,0:1883637,2016-12-17 10:49:26-761,2016-12-17 10:49:26-777
Success : LS : test2\a94a8fe5ccb19ba6\,0:-1,2016-12-17 10:49:26-777,2016-12-17 10:49:26-796
Fail : CREATE_FILE : test2\a94a8fe5ccb19ba6\2a5bd02710e975a7\21012DE3642B0E4E,0:2863576,2016-12-17 10:49:26-796,2016-12-17 10:49:26-813
Reason : newTester.DHTException: no result
Success : LS : test2\a94a8fe5ccb19ba6\2a5bd02710e975a7\,0:-1,2016-12-17 10:49:26-813,2016-12-17 10:49:26-829
Fail : CREATE_FILE : test2\a94a8fe5ccb19ba6\2a5bd02710e975a7\3870B23D7FD12DAD,0:1139097,2016-12-17 10:49:26-829,2016-12-17 10:49:26-851
Reason : newTester.DHTException: no result
Success : LS : test2\a94a8fe5ccb19ba6\2a5bd02710e975a7\,0:-1,2016-12-17 10:49:26-851,2016-12-17 10:49:26-867
Fail : CREATE_FILE : test2\a94a8fe5ccb19ba6\0516C119098C733E,0:3693623,2016-12-17 10:49:26-868,2016-12-17 10:49:26-885
Reason : newTester.DHTException: no result
Success : LS : test2\a94a8fe5ccb19ba6\,0:-1,2016-12-17 10:49:26-886,2016-12-17 10:49:26-905
Success : CREATE_FILE : test2\a94a8fe5ccb19ba6\2a5bd02710e975a7\49B3F79667D270DE,0:3420945,2016-12-17 10:49:26-905,2016-12-17 10:49:26-922
Success : LS : test2\a94a8fe5ccb19ba6\2a5bd02710e975a7\,0:-1,2016-12-17 10:49:26-922,2016-12-17 10:49:26-940
Success : CREATE_FILE : test2\a94a8fe5ccb19ba6\2a5bd02710e975a7\2B5DC86B7C08CCB9,0:2044894,2016-12-17 10:49:26-940,2016-12-17 10:49:26-960
Success : LS : test2\a94a8fe5ccb19ba6\2a5bd02710e975a7\,0:-1,2016-12-17 10:49:26-960,2016-12-17 10:49:26-977
Success : CREATE_FILE : test2\a94a8fe5ccb19ba6\3CCB6F0B4564A9AE,0:1295750,2016-12-17 10:49:26-978,2016-12-17 10:49:26-994
Success : LS : test2\a94a8fe5ccb19ba6\,0:-1,2016-12-17 10:49:26-994,2016-12-17 10:49:27-015
Success : CREATE_FILE : test2\a94a8fe5ccb19ba6\2a5bd02710e975a7\1BA52728359062AA,0:2513505,2016-12-17 10:49:27-015,2016-12-17 10:49:27-030
Success : LS : test2\a94a8fe5ccb19ba6\2a5bd02710e975a7\,0:-1,2016-12-17 10:49:27-030,2016-12-17 10:49:27-049
Success : CREATE_FILE : test2\a94a8fe5ccb19ba6\0CF9F91041733B55,0:4060129,2016-12-17 10:49:27-049,2016-12-17 10:49:27-065
Success : LS : test2\a94a8fe5ccb19ba6\,0:-1,2016-12-17 10:49:27-065,2016-12-17 10:49:27-086
Success : CREATE_FILE : test2\a94a8fe5ccb19ba6\535E78E3103CC87D,0:1665335,2016-12-17 10:49:27-086,2016-12-17 10:49:27-116
Success : LS : test2\a94a8fe5ccb19ba6\,0:-1,2016-12-17 10:49:27-116,2016-12-17 10:49:27-138
Success : CREATE_FILE : test2\a94a8fe5ccb19ba6\2a5bd02710e975a7\449BE28F16FD42C6,0:2047139,2016-12-17 10:49:27-138,2016-12-17 10:49:27-160
Success : LS : test2\a94a8fe5ccb19ba6\2a5bd02710e975a7\,0:-1,2016-12-17 10:49:27-160,2016-12-17 10:49:27-178
Success : CREATE_FILE : test2\a94a8fe5ccb19ba6\2a5bd02710e975a7\466AA1DC39B974D6,0:1660668,2016-12-17 10:49:27-178,2016-12-17 10:49:27-196
Success : LS : test2\a94a8fe5ccb19ba6\2a5bd02710e975a7\,0:-1,2016-12-17 10:49:27-196,2016-12-17 10:49:27-220
Success : CREATE_FILE : test2\a94a8fe5ccb19ba6\2a5bd02710e975a7\5C03CFB250675E1C,0:1853931,2016-12-17 10:49:27-220,2016-12-17 10:49:27-239
Success : LS : test2\a94a8fe5ccb19ba6\2a5bd02710e975a7\,0:-1,2016-12-17 10:49:27-239,2016-12-17 10:49:27-256
Success : CREATE_FILE : test2\a94a8fe5ccb19ba6\3E7EAAEA0BD27D7B,0:2477436,2016-12-17 10:49:27-257,2016-12-17 10:49:27-279
Success : LS : test2\a94a8fe5ccb19ba6\,0:-1,2016-12-17 10:49:27-279,2016-12-17 10:49:27-301
Success : CREATE_FILE : test2\a94a8fe5ccb19ba6\1526503844300075,0:3859160,2016-12-17 10:49:27-302,2016-12-17 10:49:27-324
Success : LS : test2\a94a8fe5ccb19ba6\,0:-1,2016-12-17 10:49:27-324,2016-12-17 10:49:27-346
Success : CREATE_FILE : test2\a94a8fe5ccb19ba6\2a5bd02710e975a7\7A928FC131C7DB69,0:4043658,2016-12-17 10:49:27-347,2016-12-17 10:49:27-365
Success : LS : test2\a94a8fe5ccb19ba6\2a5bd02710e975a7\,0:-1,2016-12-17 10:49:27-365,2016-12-17 10:49:27-383
Success : CREATE_FILE : test2\a94a8fe5ccb19ba6\722D61497A6F7E29,0:1500549,2016-12-17 10:49:27-383,2016-12-17 10:49:27-402
Success : LS : test2\a94a8fe5ccb19ba6\,0:-1,2016-12-17 10:49:27-402,2016-12-17 10:49:27-425
Success : CREATE_FILE : test2\a94a8fe5ccb19ba6\2a5bd02710e975a7\7F0037FC0E84325C,0:3447081,2016-12-17 10:49:27-425,2016-12-17 10:49:27-449
Success : LS : test2\a94a8fe5ccb19ba6\2a5bd02710e975a7\,0:-1,2016-12-17 10:49:27-449,2016-12-17 10:49:27-467
Success : CREATE_FILE : test2\a94a8fe5ccb19ba6\59C31F6E1BC8D709,0:2524254,2016-12-17 10:49:27-467,2016-12-17 10:49:27-486
Success : LS : test2\a94a8fe5ccb19ba6\,0:-1,2016-12-17 10:49:27-486,2016-12-17 10:49:27-511
Success : CREATE_FILE : test2\a94a8fe5ccb19ba6\2a5bd02710e975a7\6A7BF0B329BB8989,0:443763,2016-12-17 10:49:27-512,2016-12-17 10:49:27-531
Success : LS : test2\a94a8fe5ccb19ba6\2a5bd02710e975a7\,0:-1,2016-12-17 10:49:27-531,2016-12-17 10:49:27-556
Fail : CREATE_FILE : test2\a94a8fe5ccb19ba6\5408F3100E1A0355,0:788572,2016-12-17 10:49:27-557,2016-12-17 10:49:27-579
Reason : newTester.DHTException: no result
Success : LS : test2\a94a8fe5ccb19ba6\,0:-1,2016-12-17 10:49:27-579,2016-12-17 10:49:27-608
Success : CREATE_FILE : test2\a94a8fe5ccb19ba6\2a5bd02710e975a7\1762EC5D5119ADFA,0:272417,2016-12-17 10:49:27-609,2016-12-17 10:49:27-629
Success : LS : test2\a94a8fe5ccb19ba6\2a5bd02710e975a7\,0:-1,2016-12-17 10:49:27-630,2016-12-17 10:49:27-652
Success : CREATE_FILE : test2\a94a8fe5ccb19ba6\2B0E10F36D3084E7,0:2013582,2016-12-17 10:49:27-652,2016-12-17 10:49:27-671
Success : LS : test2\a94a8fe5ccb19ba6\,0:-1,2016-12-17 10:49:27-671,2016-12-17 10:49:27-695
Success : CREATE_FILE : test2\a94a8fe5ccb19ba6\2a5bd02710e975a7\14861FD968E77E01,0:3257356,2016-12-17 10:49:27-695,2016-12-17 10:49:27-720
Success : LS : test2\a94a8fe5ccb19ba6\2a5bd02710e975a7\,0:-1,2016-12-17 10:49:27-720,2016-12-17 10:49:27-741
Success : CREATE_FILE : test2\a94a8fe5ccb19ba6\7160FFD919A7F20A,0:621166,2016-12-17 10:49:27-741,2016-12-17 10:49:27-760
Success : LS : test2\a94a8fe5ccb19ba6\,0:-1,2016-12-17 10:49:27-760,2016-12-17 10:49:27-784
Success : CREATE_FILE : test2\a94a8fe5ccb19ba6\3416BE5A385EFFF3,0:497809,2016-12-17 10:49:27-784,2016-12-17 10:49:27-819
Success : LS : test2\a94a8fe5ccb19ba6\,0:-1,2016-12-17 10:49:27-819,2016-12-17 10:49:27-856
Success : CREATE_FILE : test2\a94a8fe5ccb19ba6\2a5bd02710e975a7\2C5F244D76FABFD3,0:135552,2016-12-17 10:49:27-856,2016-12-17 10:49:27-879
Success : LS : test2\a94a8fe5ccb19ba6\2a5bd02710e975a7\,0:-1,2016-12-17 10:49:27-879,2016-12-17 10:49:27-899
Success : CREATE_FILE : test2\a94a8fe5ccb19ba6\2a5bd02710e975a7\2FD412293AC95B79,0:1144288,2016-12-17 10:49:27-900,2016-12-17 10:49:27-919
Success : LS : test2\a94a8fe5ccb19ba6\2a5bd02710e975a7\,0:-1,2016-12-17 10:49:27-919,2016-12-17 10:49:27-939
Success : CREATE_FILE : test2\a94a8fe5ccb19ba6\4FC2B19E5F0078BF,0:2218492,2016-12-17 10:49:27-939,2016-12-17 10:49:27-962
Success : LS : test2\a94a8fe5ccb19ba6\,0:-1,2016-12-17 10:49:27-962,2016-12-17 10:49:27-991
Success : CREATE_FILE : test2\a94a8fe5ccb19ba6\5266CCBD0CBE6A2E,0:2860642,2016-12-17 10:49:27-991,2016-12-17 10:49:28-012
Success : LS : test2\a94a8fe5ccb19ba6\,0:-1,2016-12-17 10:49:28-012,2016-12-17 10:49:28-038
Success : CREATE_FILE : test2\a94a8fe5ccb19ba6\2a5bd02710e975a7\30968B6525F