Success : RANDOM_WRITE : test1\c5a5e5562b038073\6670af231c096f09,0:46,2016-12-17 23:18:17-707,2016-12-17 23:18:17-710
Success : RANDOM_WRITE : test2\a94a8fe5ccb19ba6\4b6fcb2d521ef0fd,0:2048,2016-12-17 23:18:17-711,2016-12-17 23:18:17-713
Success : SEQ_READ : test1\f71b43c3136efa4f\83404ffd78f534ff\6670af231c096f09,0:129,2016-12-17 23:18:17-713,2016-12-17 23:18:17-716
Success : CREATE_FILE : test2\a94a8fe5ccb19ba6\7E0A68224C6F4FD1,0:973921,2016-12-17 23:18:17-716,2016-12-17 23:18:18-270
Fail : RANDOM_WRITE : test2\49f03965cf98b1f5,0:0,2016-12-17 23:18:18-270,2016-12-17 23:18:18-274
Reason : RESTAPI.NoImplementionException: read failure
Success : RANDOM_WRITE : test1\c5a5e5562b038073\c7abaf0419c47a1d,0:39936,2016-12-17 23:18:18-274,2016-12-17 23:18:18-277
Success : LS : test2\a94a8fe5ccb19ba6\,0:-1,2016-12-17 23:18:18-277,2016-12-17 23:18:18-278
Success : CREATE_FILE : test2\a94a8fe5ccb19ba6\36B438C92731A92C,0:3743354,2016-12-17 23:18:18-278,2016-12-17 23:18:18-684
Fail : RANDOM_WRITE : test2\a94a8fe5ccb19ba6\4b6fcb2d521ef0fd,0:0,2016-12-17 23:18:18-685,2016-12-17 23:18:18-687
Reason : RESTAPI.NoImplementionException: read failure
Success : LS : test2\a94a8fe5ccb19ba6\,0:-1,2016-12-17 23:18:18-687,2016-12-17 23:18:18-687
Success : CREATE_FILE : test2\a94a8fe5ccb19ba6\01D047CE76DCF877,0:372699,2016-12-17 23:18:18-688,2016-12-17 23:18:18-870
Success : LS : test2\a94a8fe5ccb19ba6\,0:-1,2016-12-17 23:18:18-871,2016-12-17 23:18:18-871
Success : CREATE_FILE : test2\a94a8fe5ccb19ba6\014BCB1D669686E7,0:3621405,2016-12-17 23:18:18-871,2016-12-17 23:18:19-172
Success : RANDOM_WRITE : test1\c5a5e5562b038073\a39ea9c72a98de10\11562aa867a5f398,0:2048,2016-12-17 23:18:19-173,2016-12-17 23:18:19-175
Success : RANDOM_WRITE : test1\f71b43c3136efa4f\52481749c0cdecd6\6670af231c096f09,0:129,2016-12-17 23:18:19-176,2016-12-17 23:18:19-177
Success : LS : test2\a94a8fe5ccb19ba6\,0:-1,2016-12-17 23:18:19-177,2016-12-17 23:18:19-177
Success : CREATE_FILE : test2\a94a8fe5ccb19ba6\11153457352DEFD2,0:2031280,2016-12-17 23:18:19-178,2016-12-17 23:18:19-387
Success : LS : test2\a94a8fe5ccb19ba6\,0:-1,2016-12-17 23:18:19-388,2016-12-17 23:18:19-388
Success : CREATE_FILE : test2\a94a8fe5ccb19ba6\2a5bd02710e975a7\3EE4918451519150,0:707217,2016-12-17 23:18:19-388,2016-12-17 23:18:19-594
Success : LS : test2\a94a8fe5ccb19ba6\2a5bd02710e975a7\,0:-1,2016-12-17 23:18:19-595,2016-12-17 23:18:19-595
Success : CREATE_FILE : test2\a94a8fe5ccb19ba6\6435180E645B0AA7,0:2993156,2016-12-17 23:18:19-595,2016-12-17 23:18:20-025
Success : LS : test2\a94a8fe5ccb19ba6\,0:-1,2016-12-17 23:18:20-025,2016-12-17 23:18:20-025
Success : CREATE_FILE : test2\a94a8fe5ccb19ba6\432CACF528B19B08,0:3021931,2016-12-17 23:18:20-026,2016-12-17 23:18:20-429
Success : RANDOM_WRITE : test1\c5a5e5562b038073\c7734a16bf12bb03,0:29696,2016-12-17 23:18:20-429,2016-12-17 23:18:20-431
Success : SEQ_READ : test1\f71b43c3136efa4f\52481749c0cdecd6\6670af231c096f09,0:129,2016-12-17 23:18:20-431,2016-12-17 23:18:20-433
Success : RANDOM_WRITE : test1\f71b43c3136efa4f\52481749c0cdecd6\6670af231c096f09,0:129,2016-12-17 23:18:20-433,2016-12-17 23:18:20-434
Success : SEQ_READ : test1\f71b43c3136efa4f\c7d9912886e5ccc7\6670af231c096f09,0:129,2016-12-17 23:18:20-434,2016-12-17 23:18:20-435
Success : LS : test2\a94a8fe5ccb19ba6\,0:-1,2016-12-17 23:18:20-435,2016-12-17 23:18:20-435
Success : CREATE_FILE : test2\a94a8fe5ccb19ba6\2a5bd02710e975a7\5F1EA6305DDDEBA9,0:2274566,2016-12-17 23:18:20-436,2016-12-17 23:18:20-780
Fail : RANDOM_WRITE : test1\c5a5e5562b038073\fbe0d7653f0909cb,0:0,2016-12-17 23:18:20-781,2016-12-17 23:18:20-840
Reason : RESTAPI.NoImplementionException: read failure
Success : RANDOM_WRITE : test1\c5a5e5562b038073\0caa882bd1034750,0:20480,2016-12-17 23:18:20-841,2016-12-17 23:18:20-843
Success : SEQ_READ : test1\c5a5e5562b038073\767c14c8beb1e835,0:1970176,2016-12-17 23:18:20-843,2016-12-17 23:18:20-879
Success : RANDOM_WRITE : test2\bc9c8ba7ff351f3e,0:26624,2016-12-17 23:18:20-879,2016-12-17 23:18:20-881
Success : SEQ_READ : test1\c5a5e5562b038073\a39ea9c72a98de10\aa61f113a9b13deb,0:438,2016-12-17 23:18:20-881,2016-12-17 23:18:20-883
Success : LS : test2\a94a8fe5ccb19ba6\2a5bd02710e975a7\,0:-1,2016-12-17 23:18:20-883,2016-12-17 23:18:20-884
Success : RANDOM_WRITE : test2\1a7683b6645f9b6a,0:10240,2016-12-17 23:18:20-884,2016-12-17 23:18:20-885
Success : SEQ_READ : test1\c5a5e5562b038073\738537f9a40e568b,0:10240,2016-12-17 23:18:20-885,2016-12-17 23:18:20-887
Success : SEQ_READ : test1\c5a5e5562b038073\767c14c8beb1e835,0:25600,2016-12-17 23:18:20-887,2016-12-17 23:18:20-889
Success : RANDOM_WRITE : test1\c5a5e5562b038073\68ad3077ff5a452a,0:383,2016-12-17 23:18:20-889,2016-12-17 23:18:20-890
Success : SEQ_READ : test1\c5a5e5562b038073\7b7f22b30cf50087,0:1024,2016-12-17 23:18:20-890,2016-12-17 23:18:20-892
Success : RANDOM_WRITE : test2\a94a8fe5ccb19ba6\2a5bd02710e975a7\178db47a574c645f,0:257,2016-12-17 23:18:20-892,2016-12-17 23:18:20-893
Success : CREATE_FILE : test2\a94a8fe5ccb19ba6\03DD42FF52624C5B,0:618187,2016-12-17 23:18:20-894,2016-12-17 23:18:21-066
Success : RANDOM_WRITE : test1\c5a5e5562b038073\a39ea9c72a98de10\41288c58009f7f6a,0:477,2016-12-17 23:18:21-066,2016-12-17 23:18:21-067
Success : LS : test2\a94a8fe5ccb19ba6\,0:-1,2016-12-17 23:18:21-067,2016-12-17 23:18:21-067
Success : CREATE_FILE : test2\a94a8fe5ccb19ba6\1ED5A279079D2354,0:4024749,2016-12-17 23:18:21-068,2016-12-17 23:18:21-574
Success : RANDOM_WRITE : test1\c5a5e5562b038073\2d77b1044a6c5c82,0:59392,2016-12-17 23:18:21-574,2016-12-17 23:18:21-577
Success : RANDOM_WRITE : test2\bc9c8ba7ff351f3e,0:17408,2016-12-17 23:18:21-577,2016-12-17 23:18:21-579
Success : LS : test2\a94a8fe5ccb19ba6\,0:-1,2016-12-17 23:18:21-579,2016-12-17 23:18:21-579
Success : CREATE_FILE : test2\a94a8fe5ccb19ba6\2a5bd02710e975a7\470282B0046111AA,0:1849789,2016-12-17 23:18:21-579,2016-12-17 23:18:21-931
Success : LS : test2\a94a8fe5ccb19ba6\2a5bd02710e975a7\,0:-1,2016-12-17 23:18:21-931,2016-12-17 23:18:21-931
Success : CREATE_FILE : test2\a94a8fe5ccb19ba6\6083DF8012B9A05C,0:1722235,2016-12-17 23:18:21-932,2016-12-17 23:18:22-204
Success : LS : test2\a94a8fe5ccb19ba6\,0:-1,2016-12-17 23:18:22-204,2016-12-17 23:18:22-205
Success : CREATE_FILE : test2\a94a8fe5ccb19ba6\4DB30B0043F279CA,0:2897335,2016-12-17 23:18:22-205,2016-12-17 23:18:22-534
Success : SEQ_READ : test2\49f03965cf98b1f5,0:1024,2016-12-17 23:18:22-534,2016-12-17 23:18:22-535
Success : LS : test2\a94a8fe5ccb19ba6\,0:-1,2016-12-17 23:18:22-535,2016-12-17 23:18:22-535
Success : CREATE_FILE : test2\a94a8fe5ccb19ba6\48E3C4FD48AA311D,0:842413,2016-12-17 23:18:22-536,2016-12-17 23:18:22-732
Success : LS : test2\a94a8fe5ccb19ba6\,0:-1,2016-12-17 23:18:22-733,2016-12-17 23:18:22-733
Success : CREATE_FILE : test2\a94a8fe5ccb19ba6\647E92650C355632,0:3289252,2016-12-17 23:18:22-733,2016-12-17 23:18:23-779
Success : SEQ_READ : test1\c5a5e5562b038073\2d77b1044a6c5c82,0:83968,2016-12-17 23:18:23-780,2016-12-17 23:18:23-783
Success : SEQ_READ : test1\f71b43c3136efa4f\c7d9912886e5ccc7\6670af231c096f09,0:129,2016-12-17 23:18:23-783,2016-12-17 23:18:23-784
Success : LS : test2\a94a8fe5ccb19ba6\,0:-1,2016-12-17 23:18:23-784,2016-12-17 23:18:23-784
Success : CREATE_FILE : test2\a94a8fe5ccb19ba6\3E66CD495BD61379,0:2117409,2016-12-17 23:18:23-784,2016-12-17 23:18:24-181
Success : RANDOM_WRITE : test2\49f03965cf98b1f5,0:1024,2016-12-17 23:18:24-181,2016-12-17 23:18:24-182
Success : RANDOM_WRITE : test2\49f03965cf98b1f5,0:1024,2016-12-17 23:18:24-183,2016-12-17 23:18:24-184
Success : LS : test2\a94a8fe5ccb19ba6\,0:-1,2016-12-17 23:18:24-184,2016-12-17 23:18:24-184
Success : CREATE_FILE : test2\a94a8fe5ccb19ba6\2a5bd02710e975a7\06C26ECE18C45453,0:1043464,2016-12-17 23:18:24-184,2016-12-17 23:18:24-477
Success : RANDOM_WRITE : test2\1a7683b6645f9b6a,0:7168,2016-12-17 23:18:24-477,2016-12-17 23:18:24-478
Success : SEQ_READ : test1\c5a5e5562b038073\a39ea9c72a98de10\4a90c52e52d54ede,0:1024,2016-12-17 23:18:24-478,2016-12-17 23:18:24-479
Success : SEQ_READ : test1\c5a5e5562b038073\a39ea9c72a98de10\11562aa867a5f398,0:2048,2016-12-17 23:18:24-479,2016-12-17 23:18:24-481
Success : LS : test2\a94a8fe5ccb19ba6\2a5bd02710e975a7\,0:-1,2016-12-17 23:18:24-481,2016-12-17 23:18:24-481
Success : CREATE_FILE : test2\a94a8fe5ccb19ba6\2a5bd02710e975a7\5E140E5B6FA229ED,0:1561196,2016-12-17 23:18:24-481,2016-12-17 23:18:24-859
Success : LS : test2\a94a8fe5ccb19ba6\2a5bd02710e975a7\,0:-1,2016-12-17 23:18:24-859,2016-12-17 23:18:24-860
Success : CREATE_FILE : test2\a94a8fe5ccb19ba6\15788C5F7D67EE73,0:1103814,2016-12-17 23:18:24-860,2016-12-17 23:18:25-044
Success : LS : test2\a94a8fe5ccb19ba6\,0:-1,2016-12-17 23:18:25-044,2016-12-17 23:18:25-044
Success : CREATE_FILE : test2\a94a8fe5ccb19ba6\187FB18A12E32DE1,0:522092,2016-12-17 23:18:25-044,2016-12-17 23:18:25-479
Success : SEQ_READ : test2\bc9c8ba7ff351f3e,0:115712,2016-12-17 23:18:25-479,2016-12-17 23:18:25-483
Success : SEQ_READ : test2\8da7cc13802eefe0,0:13392896,2016-12-17 23:18:25-483,2016-12-17 23:18:25-705
Success : LS : test2\a94a8fe5ccb19ba6\,0:-1,2016-12-17 23:18:25-705,2016-12-17 23:18:25-705
Success : CREATE_FILE : test2\a94a8fe5ccb19ba6\2a5bd02710e975a7\3D1A24B97E6EF42A,0:3312405,2016-12-17 23:18:25-705,2016-12-17 23:18:26-131
Fail : RANDOM_WRITE : test2\49f03965cf98b1f5,0:0,2016-12-17 23:18:26-131,2016-12-17 23:18:26-132
Reason : RESTAPI.NoImplementionException: read failure
Success : LS : test2\a94a8fe5ccb19ba6\2a5bd02710e975a7\,0:-1,2016-12-17 23:18:26-133,2016-12-17 23:18:26-133
Success : CREATE_FILE : test2\a94a8fe5ccb19ba6\2a5bd02710e975a7\550C51171EB05B5C,0:1168347,2016-12-17 23:18:26-133,2016-12-17 23:18:26-325
Success : LS : test2\a94a8fe5ccb19ba6\2a5bd02710e975a7\,0:-1,2016-12-17 23:18:26-325,2016-12-17 23:18:26-325
Success : CREATE_FILE : test2\a94a8fe5ccb19ba6\40A5F74C456C1EFE,0:2843378,2016-12-17 23:18:26-326,2016-12-17 23:18:26-642
Success : LS : test2\a94a8fe5ccb19ba6\,0:-1,2016-12-17 23:18:26-642,2016-12-17 23:18:26-642
Success : CREATE_FILE : test2\a94a8fe5ccb19ba6\24A0B8092FAC4FB6,0:3079494,2016-12-17 23:18:26-643,2016-12-17 23:18:27-095
Success : LS : test2\a94a8fe5ccb19ba6\,0:-1,2016-12-17 23:18:27-096,2016-12-17 23:18:27-096
Success : CREATE_FILE : test2\a94a8fe5ccb19ba6\3433303F1B88BC7A,0:1378025,2016-12-17 23:18:27-096,2016-12-17 23:18:27-387
Success : LS : test2\a94a8fe5ccb19ba6\,0:-1,2016-12-17 23:18:27-387,2016-12-17 23:18:27-387
Success : CREATE_FILE : test2\a94a8fe5ccb19ba6\2AEA229B4A18A98D,0:1329246,2016-12-17 23:18:27-388,2016-12-17 23:18:27-759
Fail : RANDOM_WRITE : test1\c5a5e5562b038073\88fe52fe40fa2264,0:0,2016-12-17 23:18:27-759,2016-12-17 23:18:27-761
Reason : RESTAPI.NoImplementionException: read failure
Success : LS : test2\a94a8fe5ccb19ba6\,0:-1,2016-12-17 23:18:27-761,2016-12-17 23:18:27-761
Success : CREATE_FILE : test2\a94a8fe5ccb19ba6\2a5bd02710e975a7\4ACE3E8202CEE78E,0:3673042,2016-12-17 23:18:27-761,2016-12-17 23:18:28-160
Success : LS : test2\a94a8fe5ccb19ba6\2a5bd02710e975a7\,0:-1,2016-12-17 23:18:28-160,2016-12-17 23:18:28-160
Success : CREATE_FILE : test2\a94a8fe5ccb19ba6\79C41D277D2FD6B1,0:1229762,2016-12-17 23:18:28-161,2016-12-17 23:18:28-348
Success : RANDOM_WRITE : test1\c5a5e5562b038073\f72cdbcd84f047a5,0:5120,2016-12-17 23:18:28-349,2016-12-17 23:18:28-350
Success : LS : test2\a94a8fe5ccb19ba6\,0:-1,2016-12-17 23:18:28-350,2016-12-17 23:18:28-351
Success : CREATE_FILE : test2\a94a8fe5ccb19ba6\5EA58F9A77664000,0:2362222,2016-12-17 23:18:28-351,2016-12-17 23:18:28-582
Success : LS : test2\a94a8fe5ccb19ba6\,0:-1,2016-12-17 23:18:28-582,2016-12-17 23:18:28-582
Success : CREATE_FILE : test2\a94a8fe5ccb19ba6\7396A5FE16D9FC22,0:567234,2016-12-17 23:18:28-582,2016-12-17 23:18:28-743
Success : LS : test2\a94a8fe5ccb19ba6\,0:-1,2016-12-17 23:18:28-744,2016-12-17 23:18:28-744
Success : CREATE_FILE : test2\a94a8fe5ccb19ba6\46B400102953B746,0:2921444,2016-12-17 23:18:28-744,2016-12-17 23:18:29-008
Success : LS : test2\a94a8fe5ccb19ba6\,0:-1,2016-12-17 23:18:29-008,2016-12-17 23:18:29-008
Success : CREATE_FILE : test2\a94a8fe5ccb19ba6\2a5bd02710e975a7\4BA788656AE24160,0:1055254,2016-12-17 23:18:29-008,2016-12-17 23:18:29-571
Success : SEQ_READ : test1\c5a5e5562b038073\0189424a5a60fed3\46a8219c2ae6c782,0:1442816,2016-12-17 23:18:29-571,2016-12-17 23:18:29-594
Success : LS : test2\a94a8fe5ccb19ba6\2a5bd02710e975a7\,0:-1,2016-12-17 23:18:29-594,2016-12-17 23:18:29-594
Success : CREATE_FILE : test2\a94a8fe5ccb19ba6\4EF0665A70F919E7,0:2673995,2016-12-17 23:18:29-594,2016-12-17 23:18:30-007
Success : SEQ_READ : test2\a94a8fe5ccb19ba6\2a5bd02710e975a7\254d76d2609fec03,0:2048,2016-12-17 23:18:30-008,2016-12-17 23:18:30-009
Fail : RANDOM_WRITE : test2\acde102dac5bbe15,0:0,2016-12-17 23:18:30-009,2016-12-17 23:18:30-011
Reason : RESTAPI.NoImplementionException: read failure
Success : LS : test2\a94a8fe5ccb19ba6\,0:-1,2016-12-17 23:18:30-011,2016-12-17 23:18:30-011
Success : CREATE_FILE : test2\a94a8fe5ccb19ba6\2a5bd02710e975a7\3D0E00590B079096,0:1404512,2016-12-17 23:18:30-011,2016-12-17 23:18:30-212
Success : RANDOM_WRITE : test1\c5a5e5562b038073\0189424a5a60fed3\46a8219c2ae6c782,0:16384,2016-12-17 23:18:30-213,2016-12-17 23:18:30-215
Success : LS : test2\a94a8fe5ccb19ba6\2a5bd02710e975a7\,0:-1,2016-12-17 23:18:30-215,2016-12-17 23:18:30-215
Success : CREATE_FILE : test2\a94a8fe5ccb19ba6\6B73EFFA4C8D9482,0:2813559,2016-12-17 23:18:30-215,2016-12-17 23:18:30-464
Success : RANDOM_WRITE : test1\c5a5e5562b038073\f72cdbcd84f047a5,0:6144,2016-12-17 23:18:30-464,2016-12-17 23:18:30-465
Success : LS : test2\a94a8fe5ccb19ba6\,0:-1,2016-12-17 23:18:30-465,2016-12-17 23:18:30-465
Success : CREATE_FILE : test2\a94a8fe5ccb19ba6\5F9B7B4F66EA25BF,0:1024485,2016-12-17 23:18:30-466,2016-12-17 23:18:30-760
Success : LS : test2\a94a8fe5ccb19ba6\,0:-1,2016-12-17 23:18:30-761,2016-12-17 23:18:30-761
Success : CREATE_FILE : test2\a94a8fe5ccb19ba6\2a5bd02710e975a7\092CCBCA3E4939BD,0:1568953,2016-12-17 23:18:30-761,2016-12-17 23:18:31-278
Success : LS : test2\a94a8fe5ccb19ba6\2a5bd02710e975a7\,0:-1,2016-12-17 23:18:31-278,2016-12-17 23:18:31-278
Success : CREATE_FILE : test2\a94a8fe5ccb19ba6\361BD41F0FBA9FDE,0:3188101,2016-12-17 23:18:31-279,2016-12-17 23:18:31-890
Success : LS : test2\a94a8fe5ccb19ba6\,0:-1,2016-12-17 23:18:31-890,2016-12-17 23:18:31-890
Success : CREATE_FILE : test2\a94a8fe5ccb19ba6\2a5bd02710e975a7\16F3408A31EB24A7,0:2649475,2016-12-17 23:18:31-890,2016-12-17 23:18:32-148
Success : LS : test2\a94a8fe5ccb19ba6\2a5bd02710e975a7\,0:-1,2016-12-17 23:18:32-148,2016-12-17 23:18:32-149
Success : CREATE_FILE : test2\a94a8fe5ccb19ba6\4386184D45AC66D9,0:169537,2016-12-17 23:18:32-149,2016-12-17 23:18:32-316
Success : SEQ_READ : test1\c5a5e5562b038073\f72cdbcd84f047a5,0:10240,2016-12-17 23:18:32-316,2016-12-17 23:18:32-317
Success : LS : test2\a94a8fe5ccb19ba6\,0:-1,2016-12-17 23:18:32-317,2016-12-17 23:18:32-318
Success : CREATE_FILE : test2\a94a8fe5ccb19ba6\4D6042E110403484,0:2317834,2016-12-17 23:18:32-318,2016-12-17 23:18:32-549
Success : LS : test2\a94a8fe5ccb19ba6\,0:-1,2016-12-17 23:18:32-550,2016-12-17 23:18:32-550
Success : CREATE_FILE : test2\a94a8fe5ccb19ba6\0707D70057C62756,0:571215,2016-12-17 23:18:32-550,2016-12-17 23:18:32-782
Success : RANDOM_WRITE : test1\9832710c94f11d2b,0:19456,2016-12-17 23:18:32-782,2016-12-17 23:18:32-783
Success : LS : test2\a94a8fe5ccb19ba6\,0:-1,2016-12-17 23:18:32-783,2016-12-17 23:18:32-783
Success : CREATE_FILE : test2\a94a8fe5ccb19ba6\2198990C6D3ED9CD,0:1106523,2016-12-17 23:18:32-784,2016-12-17 23:18:33-294
Success : SEQ_READ : test1\c5a5e5562b038073\0189424a5a60fed3\46a8219c2ae6c782,0:411648,2016-12-17 23:18:33-294,2016-12-17 23:18:33-302
Success : LS : test2\a94a8fe5ccb19ba6\,0:-1,2016-12-17 23:18:33-303,2016-12-17 23:18:33-303
Success : CREATE_FILE : test2\a94a8fe5ccb19ba6\475B82032C72DCD8,0:2888119,2016-12-17 23:18:33-303,2016-12-17 23:18:33-799
Success : LS : test2\a94a8fe5ccb19ba6\,0:-1,2016-12-17 23:18:33-799,2016-12-17 23:18:33-799
Success : CREATE_FILE : test2\a94a8fe5ccb19ba6\2a5bd02710e975a7\308191BA2536EB1F,0:2707299,2016-12-17 23:18:33-800,2016-12-17 23:18:34-073
Fail : RANDOM_WRITE : test1\c5a5e5562b038073\88fe52fe40fa2264,0:0,2016-12-17 23:18:34-073,2016-12-17 23:18:34-075
Reason : RESTAPI.NoImplementionException: read failure
Success : LS : test2\a94a8fe5ccb19ba6\2a5bd02710e975a7\,0:-1,2016-12-17 23:18:34-076,2016-12-17 23:18:34-076
Success : CREATE_FILE : test2\a94a8fe5ccb19ba6\2a5bd02710e975a7\5A17362B07D68ED3,0:571504,2016-12-17 23:18:34-077,2016-12-17 23:18:34-287
Success : LS : test2\a94a8fe5ccb19ba6\2a5bd02710e975a7\,0:-1,2016-12-17 23:18:34-287,2016-12-17 23:18:34-287
Success : CREATE_FILE : test2\a94a8fe5ccb19ba6\2a5bd02710e975a7\555D9C32775A4214,0:2268021,2016-12-17 23:18:34-288,2016-12-17 23:18:34-525
Success : RANDOM_WRITE : test1\f71b43c3136efa4f\c7d9912886e5ccc7\6670af231c096f09,0:129,2016-12-17 23:18:34-526,2016-12-17 23:18:34-527
Success : LS : test2\a94a8fe5ccb19ba6\2a5bd02710e975a7\,0:-1,2016-12-17 23:18:34-527,2016-12-17 23:18:34-527
Success : CREATE_FILE : test2\a94a8fe5ccb19ba6\2a5bd02710e975a7\5761B4BF7ADA4991,0:2509721,2016-12-17 23:18:34-527,2016-12-17 23:18:34-763
Success : RANDOM_WRITE : test1\f71b43c3136efa4f\c7d9912886e5ccc7\6670af231c096f09,0:129,2016-12-17 23:18:34-763,2016-12-17 23:18:34-764
Success : LS : test2\a94a8fe5ccb19ba6\2a5bd02710e975a7\,0:-1,2016-12-17 23:18:34-764,2016-12-17 23:18:34-764
Success : CREATE_FILE : test2\a94a8fe5ccb19ba6\2a5bd02710e975a7\2740E4306D8D5D81,0:2690599,2016-12-17 23:18:34-764,2016-12-17 23:18:35-478
Success : LS : test2\a94a8fe5ccb19ba6\2a5bd02710e975a7\,0:-1,2016-12-17 23:18:35-478,2016-12-17 23:18:35-479
Success : CREATE_FILE : test2\a94a8fe5ccb19ba6\2a5bd02710e975a7\3165DDBD6C80FAC7,0:3550904,2016-12-17 23:18:35-479,2016-12-17 23:18:35-895
Success : SEQ_READ : test1\f71b43c3136efa4f\9f93e73d6896cb7b\6670af231c096f09,0:129,2016-12-17 23:18:35-895,2016-12-17 23:18:35-896
Success : SEQ_READ : test1\f71b43c3136efa4f\9f93e73d6896cb7b\6670af231c096f09,0:129,2016-12-17 23:18:35-896,2016-12-17 23:18:35-897
Success : LS : test2\a94a8fe5ccb19ba6\2a5bd02710e975a7\,0:-1,2016-12-17 23:18:35-898,2016-12-17 23:18:35-898
Success : CREATE_FILE : test2\a94a8fe5ccb19ba6\3F3F98C77F9B6863,0:1110888,2016-12-17 23:18:35-898,2016-12-17 23:18:36-109
Success : LS : test2\a94a8fe5ccb19ba6\,0:-1,2016-12-17 23:18:36-109,2016-12-17 23:18:36-109
Success : CREATE_FILE : test2\a94a8fe5ccb19ba6\5F00B128057BD51B,0:823444,2016-12-17 23:18:36-109,2016-12-17 23:18:36-303
Success : RANDOM_WRITE : test2\a94a8fe5ccb19ba6\4b6fcb2d521ef0fd,0:2048,2016-12-17 23:18:36-303,2016-12-17 23:18:36-304
Success : SEQ_READ : test2\bc9c8ba7ff351f3e,0:216064,2016-12-17 23:18:36-304,2016-12-17 23:18:36-309
Success : RANDOM_WRITE : test1\c5a5e5562b038073\a39ea9c72a98de10\41288c58009f7f6a,0:477,2016-12-17 23:18:36-309,2016-12-17 23:18:36-310
Success : LS : test2\a94a8fe5ccb19ba6\,0:-1,2016-12-17 23:18:36-310,2016-12-17 23:18:36-310
Success : CREATE_FILE : test2\a94a8fe5ccb19ba6\79EFDB5700A18E9B,0:2997836,2016-12-17 23:18:36-311,2016-12-17 23:18:36-687
Success : SEQ_READ : test1\c5a5e5562b038073\a39ea9c72a98de10\4a90c52e52d54ede,0:1024,2016-12-17 23:18:36-687,2016-12-17 23:18:36-688
Success : LS : test2\a94a8fe5ccb19ba6\,0:-1,2016-12-17 23:18:36-688,2016-12-17 23:18:36-688
Success : CREATE_FILE : test2\a94a8fe5ccb19ba6\1F6AE27024172EA2,0:456870,2016-12-17 23:18:36-689,2016-12-17 23:18:36-886
Success : LS : test2\a94a8fe5ccb19ba6\,0:-1,2016-12-17 23:18:36-886,2016-12-17 23:18:36-886
Success : CREATE_FILE : test2\a94a8fe5ccb19ba6\34C7FB55149CDA3E,0:3026281,2016-12-17 23:18:36-887,2016-12-17 23:18:37-328
Success : LS : test2\a94a8fe5ccb19ba6\,0:-1,2016-12-17 23:18:37-328,2016-12-17 23:18:37-328
Success : CREATE_FILE : test2\a94a8fe5ccb19ba6\2a5bd02710e975a7\28616FDE5F4DE64D,0:3536140,2016-12-17 23:18:37-328,2016-12-17 23:18:37-626
Success : LS : test2\a94a8fe5ccb19ba6\2a5bd02710e975a7\,0:-1,2016-12-17 23:18:37-627,2016-12-17 23:18:37-627
Success : CREATE_FILE : test2\a94a8fe5ccb19ba6\2a5bd02710e975a7\3C055E986DEDE87D,0:1809190,2016-12-17 23:18:37-627,2016-12-17 23:18:37-892
Success : LS : test2\a94a8fe5ccb19ba6\2a5bd02710e975a7\,0:-1,2016-12-17 23:18:37-892,2016-12-17 23:18:37-892
Success : CREATE_FILE : test2\a94a8fe5ccb19ba6\2a5bd02710e975a7\431ACF270A1505CC,0:1603979,2016-12-17 23:18:37-892,2016-12-17 23:18:38-095
Success : LS : test2\a94a8fe5ccb19ba6\2a5bd02710e975a7\,0:-1,2016-12-17 23:18:38-095,2016-12-17 23:18:38-095
Success : CREATE_FILE : test2\a94a8fe5ccb19ba6\2a5bd02710e975a7\201BE93B692C9231,0:2479131,2016-12-17 23:18:38-095,2016-12-17 23:18:38-345
Success : LS : test2\a94a8fe5ccb19ba6\2a5bd02710e975a7\,0:-1,2016-12-17 23:18:38-345,2016-12-17 23:18:38-345
Success : CREATE_FILE : test2\a94a8fe5ccb19ba6\25552B967EB7B4DB,0:3562313,2016-12-17 23:18:38-346,2016-12-17 23:18:38-890
Success : SEQ_READ : test1\c5a5e5562b038073\2015a7ab48ae9a58,0:11264,2016-12-17 23:18:38-891,2016-12-17 23:18:38-892
Success : LS : test2\a94a8fe5ccb19ba6\,0:-1,2016-12-17 23:18:38-892,2016-12-17 23:18:38-892
Success : CREATE_FILE : test2\a94a8fe5ccb19ba6\18DFFAE02539C5B4,0:3541166,2016-12-17 23:18:38-893,2016-12-17 23:18:39-229
Success : LS : test2\a94a8fe5ccb19ba6\,0:-1,2016-12-17 23:18:39-229,2016-12-17 23:18:39-229
Success : CREATE_FILE : test2\a94a8fe5ccb19ba6\2a5bd02710e975a7\54CE539E33B59314,0:2633129,2016-12-17 23:18:39-229,2016-12-17 23:18:39-680
Success : LS : test2\a94a8fe5ccb19ba6\2a5bd02710e975a7\,0:-1,2016-12-17 23:18:39-681,2016-12-17 23:18:39-681
Success : CREATE_FILE : test2\a94a8fe5ccb19ba6\0763D9B22ED7F944,0:2624499,2016-12-17 23:18:39-681,2016-12-17 23:18:39-919
Success : RANDOM_WRITE : test1\c5a5e5562b038073\767c14c8beb1e835,0:46080,2016-12-17 23:18:39-919,2016-12-17 23:18:39-921
Success : SEQ_READ : test2\8da7cc13802eefe0,0:5031936,2016-12-17 23:18:39-921,2016-12-17 23:18:40-006
Success : SEQ_READ : test1\f71b43c3136efa4f\9f93e73d6896cb7b\6670af231c096f09,0:129,2016-12-17 23:18:40-006,2016-12-17 23:18:40-007
Success : LS : test2\a94a8fe5ccb19ba6\,0:-1,2016-12-17 23:18:40-008,2016-12-17 23:18:40-008
Success : CREATE_FILE : test2\a94a8fe5ccb19ba6\761B18710539D2C2,0:849521,2016-12-17 23:18:40-008,2016-12-17 23:18:40-343
Success : SEQ_READ : test1\c5a5e5562b038073\88fe52fe40fa2264,0:1024,2016-12-17 23:18:40-343,2016-12-17 23:18:40-344
Success : LS : test2\a94a8fe5ccb19ba6\,0:-1,2016-12-17 23:18:40-344,2016-12-17 23:18:40-344
Success : CREATE_FILE : test2\a94a8fe5ccb19ba6\168EBA7951F4A0B9,0:2835968,2016-12-17 23:18:40-344,2016-12-17 23:18:40-651
Success : SEQ_READ : test1\c5a5e5562b038073\a39ea9c72a98de10\4a90c52e52d54ede,0:1024,2016-12-17 23:18:40-651,2016-12-17 23:18:40-653
Success : SEQ_READ : test1\f71b43c3136efa4f\52481749c0cdecd6\6670af231c096f09,0:129,2016-12-17 23:18:40-653,2016-12-17 23:18:40-654
Success : LS : test2\a94a8fe5ccb19ba6\,0:-1,2016-12-17 23:18:40-654,2016-12-17 23:18:40-654
Success : CREATE_FILE : test2\a94a8fe5ccb19ba6\1E8C8D527592C800,0:3914341,2016-12-17 23:18:40-654,2016-12-17 23:18:41-425
Success : SEQ_READ : test2\8da7cc13802eefe0,0:21715968,2016-12-17 23:18:41-425,2016-12-17 23:18:41-792
Success : LS : test2\a94a8fe5ccb19ba6\,0:-1,2016-12-17 23:18:41-792,2016-12-17 23:18:41-792
Success : CREATE_FILE : test2\a94a8fe5ccb19ba6\2a5bd02710e975a7\782C422457B0A60E,0:3759369,2016-12-17 23:18:41-792,2016-12-17 23:18:42-221
Success : LS : test2\a94a8fe5ccb19ba6\2a5bd02710e975a7\,0:-1,2016-12-17 23:18:42-221,2016-12-17 23:18:42-221
Success : CREATE_FILE : test2\a94a8fe5ccb19ba6\2a5bd02710e975a7\23B917005318E3E5,0:118139,2016-12-17 23:18:42-222,2016-12-17 23:18:42-840
Success : LS : test2\a94a8fe5ccb19ba6\2a5bd02710e975a7\,0:-1,2016-12-17 23:18:42-840,2016-12-17 23:18:42-840
Success : CREATE_FILE : test2\a94a8fe5ccb19ba6\671DB7F97EEEAD82,0:1878448,2016-12-17 23:18:42-841,2016-12-17 23:18:43-132
Success : SEQ_READ : test1\c5a5e5562b038073\738537f9a40e568b,0:9216,2016-12-17 23:18:43-132,2016-12-17 23:18:43-134
Success : LS : test2\a94a8fe5ccb19ba6\,0:-1,2016-12-17 23:18:43-135,2016-12-17 23:18:43-135
Success : CREATE_FILE : test2\a94a8fe5ccb19ba6\2a5bd02710e975a7\17EC977F0E9078E3,0:1849163,2016-12-17 23:18:43-135,2016-12-17 23:18:43-508
Success : LS : test2\a94a8fe5ccb19ba6\2a5bd02710e975a7\,0:-1,2016-12-17 23:18:43-509,2016-12-17 23:18:43-509
Success : CREATE_FILE : test2\a94a8fe5ccb19ba6\60F8BEA5696642A7,0:15962,2016-12-17 23:18:43-509,2016-12-17 23:18:43-605
Success : SEQ_READ : test1\f71b43c3136efa4f\9f93e73d6896cb7b\6670af231c096f09,0:129,2016-12-17 23:18:43-605,2016-12-17 23:18:43-607
Success : LS : test2\a94a8fe5ccb19ba6\,0:-1,2016-12-17 23:18:43-607,2016-12-17 23:18:43-607
Success : CREATE_FILE : test2\a94a8fe5ccb19ba6\22FA309A00AB59DD,0:2650539,2016-12-17 23:18:43-607,2016-12-17 23:18:43-862
Success : LS : test2\a94a8fe5ccb19ba6\,0:-1,2016-12-17 23:18:43-862,2016-12-17 23:18:43-862
Success : CREATE_FILE : test2\a94a8fe5ccb19ba6\2D64FD3822354EF4,0:4043643,2016-12-17 23:18:43-862,2016-12-17 23:18:44-385
Success : RANDOM_WRITE : test1\c5a5e5562b038073\a39ea9c72a98de10\aa61f113a9b13deb,0:438,2016-12-17 23:18:44-385,2016-12-17 23:18:44-386
Success : LS : test2\a94a8fe5ccb19ba6\,0:-1,2016-12-17 23:18:44-387,2016-12-17 23:18:44-387
Success : CREATE_FILE : test2\a94a8fe5ccb19ba6\2a5bd02710e975a7\2C3C6E76621C344F,0:860324,2016-12-17 23:18:44-387,2016-12-17 23:18:45-309
Success : SEQ_READ : test2\bc9c8ba7ff351f3e,0:37888,2016-12-17 23:18:45-309,2016-12-17 23:18:45-311
Success : SEQ_READ : test2\acde102dac5bbe15,0:4096,2016-12-17 23:18:45-312,2016-12-17 23:18:45-313
Success : LS : test2\a94a8fe5ccb19ba6\2a5bd02710e975a7\,0:-1,2016-12-17 23:18:45-313,2016-12-17 23:18:45-313
Success : CREATE_FILE : test2\a94a8fe5ccb19ba6\2a5bd02710e975a7\44BDB43D26C51C16,0:2456201,2016-12-17 23:18:45-314,2016-12-17 23:18:45-822
Fail : RANDOM_WRITE : test2\acde102dac5bbe15,0:0,2016-12-17 23:18:45-822,2016-12-17 23:18:45-824
Reason : RESTAPI.NoImplementionException: read failure
Success : RANDOM_WRITE : test1\c5a5e5562b038073\f72cdbcd84f047a5,0:15360,2016-12-17 23:18:45-824,2016-12-17 23:18:45-826
Success : LS : test2\a94a8fe5ccb19ba6\2a5bd02710e975a7\,0:-1,2016-12-17 23:18:45-826,2016-12-17 23:18:45-826
Success : CREATE_FILE : test2\a94a8fe5ccb19ba6\2a5bd02710e975a7\5C207AF42BDF39B9,0:2543701,2016-12-17 23:18:45-827,2016-12-17 23:18:46-151
Success : LS : test2\a94a8fe5ccb19ba6\2a5bd02710e975a7\,0:-1,2016-12-17 23:18:46-151,2016-12-17 23:18:46-152
Success : CREATE_FILE : test2\a94a8fe5ccb19ba6\2a5bd02710e975a7\28C3D871323BAFC9,0:2113633,2016-12-17 23:18:46-152,2016-12-17 23:18:46-458
Success : LS : test2\a94a8fe5ccb19ba6\2a5bd02710e975a7\,0:-1,2016-12-17 23:18:46-458,2016-12-17 23:18:46-458
Success : CREATE_FILE : test2\a94a8fe5ccb19ba6\3678062158E68750,0:3089377,2016-12-17 23:18:46-459,2016-12-17 23:18:47-090
Success : SEQ_READ : test1\f71b43c3136efa4f\52481749c0cdecd6\6670af231c096f09,0:129,2016-12-17 23:18:47-090,2016-12-17 23:18:47-092
Success : LS : test2\a94a8fe5ccb19ba6\,0:-1,2016-12-17 23:18:47-092,2016-12-17 23:18:47-092
Success : CREATE_FILE : test2\a94a8fe5ccb19ba6\71577A1D21525366,0:1873767,2016-12-17 23:18:47-093,2016-12-17 23:18:47-541
Success : LS : test2\a94a8fe5ccb19ba6\,0:-1,2016-12-17 23:18:47-541,2016-12-17 23:18:47-541
Success : CREATE_FILE : test2\a94a8fe5ccb19ba6\2a5bd02710e975a7\71274AE22390C617,0:3626503,2016-12-17 23:18:47-542,2016-12-17 23:18:47-919
Success : SEQ_READ : test1\c5a5e5562b038073\6670af231c096f09,0:46,2016-12-17 23:18:47-919,2016-12-17 23:18:47-921
Success : LS : test2\a94a8fe5ccb19ba6\2a5bd02710e975a7\,0:-1,2016-12-17 23:18:47-921,2016-12-17 23:18:47-921
Success : CREATE_FILE : test2\a94a8fe5ccb19ba6\770883EA4FBC3688,0:1248287,2016-12-17 23:18:47-922,2016-12-17 23:18:48-288
Success : LS : test2\a94a8fe5ccb19ba6\,0:-1,2016-12-17 23:18:48-288,2016-12-17 23:18:48-288
Success : CREATE_FILE : test2\a94a8fe5ccb19ba6\2a5bd02710e975a7\47DCBAF926179F57,0:92393,2016-12-17 23:18:48-288,2016-12-17 23:18:48-809
Success : LS : test2\a94a8fe5ccb19ba6\2a5bd02710e975a7\,0:-1,2016-12-17 23:18:48-809,2016-12-17 23:18:48-809
Success : CREATE_FILE : test2\a94a8fe5ccb19ba6\28B1DCA264C620D8,0:1614194,2016-12-17 23:18:48-809,2016-12-17 23:18:49-038
Success : LS : test2\a94a8fe5ccb19ba6\,0:-1,2016-12-17 23:18:49-038,2016-12-17 23:18:49-038
Success : CREATE_FILE : test2\a94a8fe5ccb19ba6\2a5bd02710e975a7\11B7FF532E549937,0:1640839,2016-12-17 23:18:49-038,2016-12-17 23:18:49-400
Success : LS : test2\a94a8fe5ccb19ba6\2a5bd02710e975a7\,0:-1,2016-12-17 23:18:49-401,2016-12-17 23:18:49-401
Success : CREATE_FILE : test2\a94a8fe5ccb19ba6\2a5bd02710e975a7\1B9E56E9286DAE9E,0:1149146,2016-12-17 23:18:49-401,2016-12-17 23:18:49-792
Success : LS : test2\a94a8fe5ccb19ba6\2a5bd02710e975a7\,0:-1,2016-12-17 23:18:49-792,2016-12-17 23:18:49-792
Success : CREATE_FILE : test2\a94a8fe5ccb19ba6\27CFEF7C082764F2,0:1538527,2016-12-17 23:18:49-793,2016-12-17 23:18:50-034
Success : LS : test2\a94a8fe5ccb19ba6\,0:-1,2016-12-17 23:18:50-035,2016-12-17 23:18:50-035
Success : CREATE_FILE : test2\a94a8fe5ccb19ba6\2a5bd02710e975a7\07EB07D45660940B,0:639150,2016-12-17 23:18:50-035,2016-12-17 23:18:50-210
Success : LS : test2\a94a8fe5ccb19ba6\2a5bd02710e975a7\,0:-1,2016-12-17 23:18:50-210,2016-12-17 23:18:50-210
Success : CREATE_FILE : test2\a94a8fe5ccb19ba6\2323031C6188CDD2,0:446063,2016-12-17 23:18:50-211,2016-12-17 23:18:50-480
Success : LS : test2\a94a8fe5ccb19ba6\,0:-1,2016-12-17 23:18:50-480,2016-12-17 23:18:50-480
Success : CREATE_FILE : test2\a94a8fe5ccb19ba6\0B3034FA02642126,0:2461897,2016-12-17 23:18:50-480,2016-12-17 23:18:51-029
Success : LS : test2\a94a8fe5ccb19ba6\,0:-1,2016-12-17 23:18:51-029,2016-12-17 23:18:51-029
Success : CREATE_FILE : test2\a94a8fe5ccb19ba6\12C34A0E11214AA1,0:2757479,2016-12-17 23:18:51-029,2016-12-17 23:18:51-553
Success : LS : test2\a94a8fe5ccb19ba6\,0:-1,2016-12-17 23:18:51-554,2016-12-17 23:18:51-554
Success : CREATE_FILE : test2\a94a8fe5ccb19ba6\2a5bd02710e975a7\448096AA64703D80,0:1774093,2016-12-17 23:18:51-554,2016-12-17 23:18:51-816
Success : RANDOM_WRITE : test1\c5a5e5562b038073\0189424a5a60fed3\46a8219c2ae6c782,0:57344,2016-12-17 23:18:51-816,2016-12-17 23:18:51-819
Success : LS : test2\a94a8fe5ccb19ba6\2a5bd02710e975a7\,0:-1,2016-12-17 23:18:51-819,2016-12-17 23:18:51-819
Success : CREATE_FILE : test2\a94a8fe5ccb19ba6\2F473F0840B2BAF1,0:2878562,2016-12-17 23:18:51-819,2016-12-17 23:18:52-177
Success : RANDOM_WRITE : test1\c5a5e5562b038073\c7abaf0419c47a1d,0:53248,2016-12-17 23:18:52-177,2016-12-17 23:18:52-180
Success : SEQ_READ : test2\a94a8fe5ccb19ba6\4b6fcb2d521ef0fd,0:1024,2016-12-17 23:18:52-180,2016-12-17 23:18:52-182
Success : LS : test2\a94a8fe5ccb19ba6\,0:-1,2016-12-17 23:18:52-182,2016-12-17 23:18:52-182
Success : CREATE_FILE : test2\a94a8fe5ccb19ba6\486627690FF2845D,0:469818,2016-12-17 23:18:52-182,2016-12-17 23:18:52-704
Success : LS : test2\a94a8fe5ccb19ba6\,0:-1,2016-12-17 23:18:52-704,2016-12-17 23:18:52-704
Success : CREATE_FILE : test2\a94a8fe5ccb19ba6\2a5bd02710e975a7\648CD60609DCD005,0:186314,2016-12-17 23:18:52-704,2016-12-17 23:18:52-927
Success : LS : test2\a94a8fe5ccb19ba6\2a5bd02710e975a7\,0:-1,2016-12-17 23:18:52-928,2016-12-17 23:18:52-928
Success : CREATE_FILE : test2\a94a8fe5ccb19ba6\2a5bd02710e975a7\748EB8726F49BFA2,0:3489605,2016-12-17 23:18:52-928,2016-12-17 23:18:53-343
Success : LS : test2\a94a8fe5ccb19ba6\2a5bd02710e975a7\,0:-1,2016-12-17 23:18:53-343,2016-12-17 23:18:53-343
Success : CREATE_FILE : test2\a94a8fe5ccb19ba6\672BA4DA32A27AB0,0:552566,2016-12-17 23:18:53-343,2016-12-17 23:18:53-555
Success : LS : test2\a94a8fe5ccb19ba6\,0:-1,2016-12-17 23:18:53-555,2016-12-17 23:18:53-555
Success : CREATE_FILE : test2\a94a8fe5ccb19ba6\51A419A6039055C9,0:1456738,2016-12-17 23:18:53-555,2016-12-17 23:18:54-001
Success : LS : test2\a94a8fe5ccb19ba6\,0:-1,2016-12-17 23:18:54-001,2016-12-17 23:18:54-001
Success : CREATE_FILE : test2\a94a8fe5ccb19ba6\2a5bd02710e975a7\47E26CC918581190,0:2384074,2016-12-17 23:18:54-001,2016-12-17 23:18:54-804
Success : LS : test2\a94a8fe5ccb19ba6\2a5bd02710e975a7\,0:-1,2016-12-17 23:18:54-804,2016-12-17 23:18:54-804
Success : CREATE_FILE : test2\a94a8fe5ccb19ba6\216A7EC335A06B09,0:2282674,2016-12-17 23:18:54-804,2016-12-17 23:18:55-116
Success : LS : test2\a94a8fe5ccb19ba6\,0:-1,2016-12-17 23:18:55-116,2016-12-17 23:18:55-116
Success : CREATE_FILE : test2\a94a8fe5ccb19ba6\34E44BC55B0F7AA4,0:3769364,2016-12-17 23:18:55-116,2016-12-17 23:18:55-609
Success : SEQ_READ : test1\c5a5e5562b038073\f72cdbcd84f047a5,0:14336,2016-12-17 23:18:55-609,2016-12-17 23:18:55-612
Success : LS : test2\a94a8fe5ccb19ba6\,0:-1,2016-12-17 23:18:55-612,2016-12-17 23:18:55-612
Success : CREATE_FILE : test2\a94a8fe5ccb19ba6\47EFBB0856AF2947,0:2916202,2016-12-17 23:18:55-612,2016-12-17 23:18:56-447
Success : LS : test2\a94a8fe5ccb19ba6\,0:-1,2016-12-17 23:18:56-447,2016-12-17 23:18:56-447
Success : CREATE_FILE : test2\a94a8fe5ccb19ba6\2a5bd02710e975a7\75D5B6E07F155221,0:2614827,2016-12-17 23:18:56-448,2016-12-17 23:18:57-163
Success : LS : test2\a94a8fe5ccb19ba6\2a5bd02710e975a7\,0:-1,2016-12-17 23:18:57-163,2016-12-17 23:18:57-164
Success : CREATE_FILE : test2\a94a8fe5ccb19ba6\4390E2261D547EE8,0:3250054,2016-12-17 23:18:57-164,2016-12-17 23:18:57-608
Success : SEQ_READ : test1\f71b43c3136efa4f\9f93e73d6896cb7b\6670af231c096f09,0:129,2016-12-17 23:18:57-608,2016-12-17 23:18:57-610
Success : LS : test2\a94a8fe5ccb19ba6\,0:-1,2016-12-17 23:18:57-610,2016-12-17 23:18:57-610
Success : CREATE_FILE : test2\a94a8fe5ccb19ba6\27C7865C79701CA4,0:693242,2016-12-17 23:18:57-610,2016-12-17 23:18:58-316
Success : LS : test2\a94a8fe5ccb19ba6\,0:-1,2016-12-17 23:18:58-316,2016-12-17 23:18:58-316
Success : CREATE_FILE : test2\a94a8fe5ccb19ba6\21F612C41FD66AC2,0:248589,2016-12-17 23:18:58-316,2016-12-17 23:18:58-498
Success : LS : test2\a94a8fe5ccb19ba6\,0:-1,2016-12-17 23:18:58-498,2016-12-17 23:18:58-498
Success : CREATE_FILE : test2\a94a8fe5ccb19ba6\4A5B0C80640631E5,0:2817598,2016-12-17 23:18:58-498,2016-12-17 23:18:58-790
Success : RANDOM_WRITE : test2\a94a8fe5ccb19ba6\2a5bd02710e975a7\254d76d2609fec03,0:2048,2016-12-17 23:18:58-790,2016-12-17 23:18:58-791
Success : LS : test2\a94a8fe5ccb19ba6\,0:-1,2016-12-17 23:18:58-791,2016-12-17 23:18:58-791
Success : CREATE_FILE : test2\a94a8fe5ccb19ba6\2119A466427439C8,0:2316432,2016-12-17 23:18:58-791,2016-12-17 23:18:59-097
Success : LS : test2\a94a8fe5ccb19ba6\,0:-1,2016-12-17 23:18:59-097,2016-12-17 23:18:59-097
Success : CREATE_FILE : test2\a94a8fe5ccb19ba6\2a5bd02710e975a7\4C56EE7407CBA5E6,0:983420,2016-12-17 23:18:59-098,2016-12-17 23:18:59-317
Success : LS : test2\a94a8fe5ccb19ba6\2a5bd02710e975a7\,0:-1,2016-12-17 23:18:59-317,2016-12-17 23:18:59-317
Success : CREATE_FILE : test2\a94a8fe5ccb19ba6\2a5bd02710e975a7\6B18482016088143,0:3369561,2016-12-17 23:18:59-318,2016-12-17 23:19:00-050
Success : RANDOM_WRITE : test1\f71b43c3136efa4f\9f93e73d6896cb7b\6670af231c096f09,0:129,2016-12-17 23:19:00-051,2016-12-17 23:19:00-052
Success : LS : test2\a94a8fe5ccb19ba6\2a5bd02710e975a7\,0:-1,2016-12-17 23:19:00-053,2016-12-17 23:19:00-053
Success : CREATE_FILE : test2\a94a8fe5ccb19ba6\2a5bd02710e975a7\758F09515ABC68C2,0:2506546,2016-12-17 23:19:00-053,2016-12-17 23:19:00-892
Success : LS : test2\a94a8fe5ccb19ba6\2a5bd02710e975a7\,0:-1,2016-12-17 23:19:00-892,2016-12-17 23:19:00-892
Success : CREATE_FILE : test2\a94a8fe5ccb19ba6\05EC45010D9CF391,0:2457198,2016-12-17 23:19:00-893,2016-12-17 23:19:01-563
Success : LS : test2\a94a8fe5ccb19ba6\,0:-1,2016-12-17 23:19:01-564,2016-12-17 23:19:01-564
Success : CREATE_FILE : test2\a94a8fe5ccb19ba6\2a5bd02710e975a7\3C2158BC7EB17F87,0:424923,2016-12-17 23:19:01-564,2016-12-17 23:19:01-754
Success : RANDOM_WRITE : test1\9832710c94f11d2b,0:24576,2016-12-17 23:19:01-754,2016-12-17 23:19:01-756
Success : LS : test2\a94a8fe5ccb19ba6\2a5bd02710e975a7\,0:-1,2016-12-17 23:19:01-756,2016-12-17 23:19:01-757
Success : CREATE_FILE : test2\a94a8fe5ccb19ba6\72EEA1EC516C8FEB,0:2005364,2016-12-17 23:19:01-757,2016-12-17 23:19:02-225
Success : LS : test2\a94a8fe5ccb19ba6\,0:-1,2016-12-17 23:19:02-225,2016-12-17 23:19:02-225
Success : CREATE_FILE : test2\a94a8fe5ccb19ba6\04B753685EBAF196,0:3552037,2016-12-17 23:19:02-226,2016-12-17 23:19:03-808
Success : LS : test2\a94a8fe5ccb19ba6\,0:-1,2016-12-17 23:19:03-808,2016-12-17 23:19:03-808
Success : CREATE_FILE : test2\a94a8fe5ccb19ba6\2a5bd02710e975a7\1986B717313EC503,0:749730,2016-12-17 23:19:03-809,2016-12-17 23:19:04-175
Success : LS : test2\a94a8fe5ccb19ba6\2a5bd02710e975a7\,0:-1,2016-12-17 23:19:04-175,2016-12-17 23:19:04-175
Success : CREATE_FILE : test2\a94a8fe5ccb19ba6\2A4A75185EBF2A94,0:1715556,2016-12-17 23:19:04-176,2016-12-17 23:19:04-442
Success : LS : test2\a94a8fe5ccb19ba6\,0:-1,2016-12-17 23:19:04-442,2016-12-17 23:19:04-442
Success : CREATE_FILE : test2\a94a8fe5ccb19ba6\50F9DC660AA7B9BD,0:1083129,2016-12-17 23:19:04-443,2016-12-17 23:19:04-790
Success : LS : test2\a94a8fe5ccb19ba6\,0:-1,2016-12-17 23:19:04-790,2016-12-17 23:19:04-790
Success : CREATE_FILE : test2\a94a8fe5ccb19ba6\2a5bd02710e975a7\77F003A94676033B,0:358343,2016-12-17 23:19:04-790,2016-12-17 23:19:04-988
Success : LS : test2\a94a8fe5ccb19ba6\2a5bd02710e975a7\,0:-1,2016-12-17 23:19:04-988,2016-12-17 23:19:04-988
Success : CREATE_FILE : test2\a94a8fe5ccb19ba6\1073C78B797A5750,0:3178822,2016-12-17 23:19:04-988,2016-12-17 23:19:05-448
Success : LS : test2\a94a8fe5ccb19ba6\,0:-1,2016-12-17 23:19:05-448,2016-12-17 23:19:05-448
Success : CREATE_FILE : test2\a94a8fe5ccb19ba6\2a5bd02710e975a7\496EC7827C2E8BAA,0:1205135,2016-12-17 23:19:05-448,2016-12-17 23:19:05-761
Success : SEQ_READ : test1\c5a5e5562b038073\a39ea9c72a98de10\aa61f113a9b13deb,0:438,2016-12-17 23:19:05-761,2016-12-17 23:19:05-762
Success : LS : test2\a94a8fe5ccb19ba6\2a5bd02710e975a7\,0:-1,2016-12-17 23:19:05-762,2016-12-17 23:19:05-762
Success : CREATE_FILE : test2\a94a8fe5ccb19ba6\2a5bd02710e975a7\5B91F5BD4A1BD6E9,0:1890772,2016-12-17 23:19:05-763,2016-12-17 23:19:06-395
Success : LS : test2\a94a8fe5ccb19ba6\2a5bd02710e975a7\,0:-1,2016-12-17 23:19:06-395,2016-12-17 23:19:06-395
Success : CREATE_FILE : test2\a94a8fe5ccb19ba6\2a5bd02710e975a7\758474F765F00563,0:1641022,2016-12-17 23:19:06-395,2016-12-17 23:19:06-849
Success : LS : test2\a94a8fe5ccb19ba6\2a5bd02710e975a7\,0:-1,2016-12-17 23:19:06-849,2016-12-17 23:19:06-849
Success : CREATE_FILE : test2\a94a8fe5ccb19ba6\39A5C1626FCBF9A0,0:3939236,2016-12-17 23:19:06-849,2016-12-17 23:19:07-477
Success : LS : test2\a94a8fe5ccb19ba6\,0:-1,2016-12-17 23:19:07-477,2016-12-17 23:19:07-477
Success : CREATE_FILE : test2\a94a8fe5ccb19ba6\2a5bd02710e975a7\70CFFCC3503E2C59,0:195565,2016-12-17 23:19:07-477,2016-12-17 23:19:07-877
Success : LS : test2\a94a8fe5ccb19ba6\2a5bd02710e975a7\,0:-1,2016-12-17 23:19:07-877,2016-12-17 23:19:07-877
Success : CREATE_FILE : test2\a94a8fe5ccb19ba6\00EF27277D32456D,0:2139285,2016-12-17 23:19:07-877,2016-12-17 23:19:08-175
Success : SEQ_READ : test1\c5a5e5562b038073\a39ea9c72a98de10\aa61f113a9b13deb,0:438,2016-12-17 23:19:08-176,2016-12-17 23:19:08-177
Success : LS : test2\a94a8fe5ccb19ba6\,0:-1,2016-12-17 23:19:08-177,2016-12-17 23:19:08-177
Success : CREATE_FILE : test2\a94a8fe5ccb19ba6\4852C15A0EF34B03,0:1226734,2016-12-17 23:19:08-177,2016-12-17 23:19:08-589
Success : LS : test2\a94a8fe5ccb19ba6\,0:-1,2016-12-17 23:19:08-589,2016-12-17 23:19:08-589
Success : CREATE_FILE : test2\a94a8fe5ccb19ba6\31FD30FF63BA6A3B,0:4041558,2016-12-17 23:19:08-589,2016-12-17 23:19:08-912
Success : SEQ_READ : test2\a94a8fe5ccb19ba6\2a5bd02710e975a7\3eef580036f1724a,0:257,2016-12-17 23:19:08-912,2016-12-17 23:19:08-913
Success : LS : test2\a94a8fe5ccb19ba6\,0:-1,2016-12-17 23:19:08-914,2016-12-17 23:19:08-914
Success : CREATE_FILE : test2\a94a8fe5ccb19ba6\2a5bd02710e975a7\6C9C418D0A47C8FE,0:1820761,2016-12-17 23:19:08-914,2016-12-17 23:19:09-538
Success : SEQ_READ : test1\c5a5e5562b038073\68ad3077ff5a452a,0:383,2016-12-17 23:19:09-538,2016-12-17 23:19:09-540
Success : LS : test2\a94a8fe5ccb19ba6\2a5bd02710e975a7\,0:-1,2016-12-17 23:19:09-540,2016-12-17 23:19:09-540
Success : CREATE_FILE : test2\a94a8fe5ccb19ba6\6BA01D8A3B6C6B1D,0:3967163,2016-12-17 23:19:09-541,2016-12-17 23:19:10-426
Success : LS : test2\a94a8fe5ccb19ba6\,0:-1,2016-12-17 23:19:10-426,2016-12-17 23:19:10-426
Success : CREATE_FILE : test2\a94a8fe5ccb19ba6\37AF280166AA3816,0:498676,2016-12-17 23:19:10-427,2016-12-17 23:19:11-315
Success : LS : test2\a94a8fe5ccb19ba6\,0:-1,2016-12-17 23:19:11-315,2016-12-17 23:19:11-315
Success : CREATE_FILE : test2\a94a8fe5ccb19ba6\2a5bd02710e975a7\33CD5EBE0F9CA345,0:338488,2016-12-17 23:19:11-315,2016-12-17 23:19:11-703
Success : LS : test2\a94a8fe5ccb19ba6\2a5bd02710e975a7\,0:-1,2016-12-17 23:19:11-704,2016-12-17 23:19:11-704
Success : CREATE_FILE : test2\a94a8fe5ccb19ba6\5DDB6D692843630A,0:19952,2016-12-17 23:19:11-704,2016-12-17 23:19:12-056
Success : RANDOM_WRITE : test1\c5a5e5562b038073\a39ea9c72a98de10\4a90c52e52d54ede,0:1024,2016-12-17 23:19:12-056,2016-12-17 23:19:12-057
Success : LS : test2\a94a8fe5ccb19ba6\,0:-1,2016-12-17 23:19:12-057,2016-12-17 23:19:12-058
Success : CREATE_FILE : test2\a94a8fe5ccb19ba6\0288244F67716A47,0:1460958,2016-12-17 23:19:12-058,2016-12-17 23:19:12-355
Success : LS : test2\a94a8fe5ccb19ba6\,0:-1,2016-12-17 23:19:12-355,2016-12-17 23:19:12-355
Success : CREATE_FILE : test2\a94a8fe5ccb19ba6\247A149B7478F439,0:2861955,2016-12-17 23:19:12-355,2016-12-17 23:19:12-768
Success : LS : test2\a94a8fe5ccb19ba6\,0:-1,2016-12-17 23:19:12-768,2016-12-17 23:19:12-768
Success : CREATE_FILE : test2\a94a8fe5ccb19ba6\2a5bd02710e975a7\52E59A28758CFC85,0:371176,2016-12-17 23:19:12-768,2016-12-17 23:19:13-047
Success : LS : test2\a94a8fe5ccb19ba6\2a5bd02710e975a7\,0:-1,2016-12-17 23:19:13-048,2016-12-17 23:19:13-048
Success : CREATE_FILE : test2\a94a8fe5ccb19ba6\5768F8CC2CC43FBA,0:3530605,2016-12-17 23:19:13-048,2016-12-17 23:19:13-782
Success : LS : test2\a94a8fe5ccb19ba6\,0:-1,2016-12-17 23:19:13-783,2016-12-17 23:19:13-783
Success : CREATE_FILE : test2\a94a8fe5ccb19ba6\2a5bd02710e975a7\5A1FC58D33698E2E,0:3925182,2016-12-17 23:19:13-783,2016-12-17 23:19:14-331
Success : LS : test2\a94a8fe5ccb19ba6\2a5bd02710e975a7\,0:-1,2016-12-17 23:19:14-331,2016-12-17 23:19:14-331
Success : CREATE_FILE : test2\a94a8fe5ccb19ba6\2C4EB2240775CD11,0:2552352,2016-12-17 23:19:14-331,2016-12-17 23:19:14-627
Success : LS : test2\a94a8fe5ccb19ba6\,0:-1,2016-12-17 23:19:14-627,2016-12-17 23:19:14-627
Success : CREATE_FILE : test2\a94a8fe5ccb19ba6\2a5bd02710e975a7\374C43EC26A219D7,0:246264,2016-12-17 23:19:14-628,2016-12-17 23:19:15-079
Success : LS : test2\a94a8fe5ccb19ba6\2a5bd02710e975a7\,0:-1,2016-12-17 23:19:15-079,2016-12-17 23:19:15-079
Success : CREATE_FILE : test2\a94a8fe5ccb19ba6\2a5bd02710e975a7\0D523ADA6610A18F,0:3995780,2016-12-17 23:19:15-080,2016-12-17 23:19:15-768
Success : LS : test2\a94a8fe5ccb19ba6\2a5bd02710e975a7\,0:-1,2016-12-17 23:19:15-768,2016-12-17 23:19:15-768
Success : CREATE_FILE : test2\a94a8fe5ccb19ba6\235F984A2D665B76,0:1361109,2016-12-17 23:19:15-768,2016-12-17 23:19:16-779
Success : LS : test2\a94a8fe5ccb19ba6\,0:-1,2016-12-17 23:19:16-779,2016-12-17 23:19:16-779
Success : CREATE_FILE : test2\a94a8fe5ccb19ba6\2a5bd02710e975a7\45B754F263E3FD30,0:2410823,2016-12-17 23:19:16-780,2016-12-17 23:19:17-239
Success : LS : test2\a94a8fe5ccb19ba6\2a5bd02710e975a7\,0:-1,2016-12-17 23:19:17-239,2016-12-17 23:19:17-239
Success : CREATE_FILE : test2\a94a8fe5ccb19ba6\2a5bd02710e975a7\43265A9122602EDB,0:3005718,2016-12-17 23:19:17-240,2016-12-17 23:19:17-815
Success : SEQ_READ : test2\8da7cc13802eefe0,0:14885888,2016-12-17 23:19:17-815,2016-12-17 23:19:18-089
Success : LS : test2\a94a8fe5ccb19ba6\2a5bd02710e975a7\,0:-1,2016-12-17 23:19:18-089,2016-12-17 23:19:18-089
Success : CREATE_FILE : test2\a94a8fe5ccb19ba6\2a5bd02710e975a7\11FD0048633EE06E,0:1340896,2016-12-17 23:19:18-090,2016-12-17 23:19:18-509
Success : LS : test2\a94a8fe5ccb19ba6\2a5bd02710e975a7\,0:-1,2016-12-17 23:19:18-510,2016-12-17 23:19:18-510
