Success : LS : test1\f71b43c3136efa4f\c7d9912886e5ccc7\,0:-1,2016-12-13 20:24:23-254,2016-12-13 20:24:23-423
Success : LS : test2\a94a8fe5ccb19ba6\,0:-1,2016-12-13 20:24:23-532,2016-12-13 20:24:23-719
Success : LS : test1\f71b43c3136efa4f\9f93e73d6896cb7b\,0:-1,2016-12-13 20:24:23-831,2016-12-13 20:24:23-902
Success : SEQ_READ : test1\c5a5e5562b038073\a39ea9c72a98de10\4a90c52e52d54ede,0:1048,2016-12-13 20:24:23-986,2016-12-13 20:24:24-051
Success : LS : test2\a94a8fe5ccb19ba6\2a5bd02710e975a7\,0:-1,2016-12-13 20:24:24-131,2016-12-13 20:24:24-222
Success : CREATE_FILE : test2\a94a8fe5ccb19ba6\2a5bd02710e975a7\5951EC5F4E5003C7,0:261757,2016-12-13 20:24:24-325,2016-12-13 20:24:25-149
Success : LS : test2\a94a8fe5ccb19ba6\2a5bd02710e975a7\,0:-1,2016-12-13 20:24:25-277,2016-12-13 20:24:25-382
Success : CREATE_FILE : test2\a94a8fe5ccb19ba6\0E0C82FF6E0F8749,0:894955,2016-12-13 20:24:25-480,2016-12-13 20:24:25-815
Success : LS : test2\a94a8fe5ccb19ba6\,0:-1,2016-12-13 20:24:25-892,2016-12-13 20:24:26-010
Success : CREATE_FILE : test2\a94a8fe5ccb19ba6\2a5bd02710e975a7\798C92B132D9FA06,0:492846,2016-12-13 20:24:26-136,2016-12-13 20:24:26-429
Success : LS : test2\a94a8fe5ccb19ba6\2a5bd02710e975a7\,0:-1,2016-12-13 20:24:26-555,2016-12-13 20:24:26-653
Success : LS : test2\a94a8fe5ccb19ba6\2a5bd02710e975a7\,0:-1,2016-12-13 20:24:26-737,2016-12-13 20:24:26-829
Success : SEQ_READ : test2\6c33a983eec1b409,0:2291,2016-12-13 20:24:26-950,2016-12-13 20:24:27-070
Success : SEQ_READ : test1\c5a5e5562b038073\a39ea9c72a98de10\41288c58009f7f6a,0:477,2016-12-13 20:24:27-182,2016-12-13 20:24:27-287
Success : SEQ_READ : test2\a94a8fe5ccb19ba6\2a5bd02710e975a7\254d76d2609fec03,0:2291,2016-12-13 20:24:30-047,2016-12-13 20:24:30-160
Success : LS : test1\c5a5e5562b038073\,0:-1,2016-12-13 20:24:32-303,2016-12-13 20:24:32-373
Success : LS : test1\c5a5e5562b038073\0189424a5a60fed3\,0:-1,2016-12-13 20:24:36-128,2016-12-13 20:24:36-202
Success : SEQ_READ : test2\6c33a983eec1b409,0:2291,2016-12-13 20:24:36-622,2016-12-13 20:24:36-714
Success : LS : test1\c5a5e5562b038073\a39ea9c72a98de10\,0:-1,2016-12-13 20:24:36-807,2016-12-13 20:24:36-872
Success : SEQ_READ : test1\c5a5e5562b038073\a39ea9c72a98de10\41288c58009f7f6a,0:477,2016-12-13 20:24:37-376,2016-12-13 20:24:37-445
Fail : LS : test1,0:-1,2016-12-13 20:24:37-783,2016-12-13 20:24:37-784
Reason : java.lang.StringIndexOutOfBoundsException: String index out of range: -1
Success : CREATE_FILE : test2\a94a8fe5ccb19ba6\2a5bd02710e975a7\52DBDE073983BA38,0:110971,2016-12-13 20:24:40-041,2016-12-13 20:24:40-242
Success : LS : test2\a94a8fe5ccb19ba6\2a5bd02710e975a7\,0:-1,2016-12-13 20:24:40-358,2016-12-13 20:24:40-470
Success : SEQ_READ : test1\f71b43c3136efa4f\52481749c0cdecd6\6670af231c096f09,0:129,2016-12-13 20:24:40-589,2016-12-13 20:24:40-678
Success : CREATE_FILE : test2\a94a8fe5ccb19ba6\5AF817FC505983D0,0:1029082,2016-12-13 20:24:41-920,2016-12-13 20:24:42-270
Success : LS : test2\a94a8fe5ccb19ba6\,0:-1,2016-12-13 20:24:42-380,2016-12-13 20:24:42-529
Success : LS : test1\c5a5e5562b038073\,0:-1,2016-12-13 20:24:43-568,2016-12-13 20:24:43-645
Success : LS : test2\a94a8fe5ccb19ba6\,0:-1,2016-12-13 20:24:44-574,2016-12-13 20:24:44-725
Success : SEQ_READ : test1\c5a5e5562b038073\fbe0d7653f0909cb,0:1611,2016-12-13 20:24:44-839,2016-12-13 20:24:44-923
Success : SEQ_READ : test2\6c33a983eec1b409,0:2291,2016-12-13 20:24:45-645,2016-12-13 20:24:45-712
Success : SEQ_READ : test1\f71b43c3136efa4f\c7d9912886e5ccc7\6670af231c096f09,0:129,2016-12-13 20:24:48-293,2016-12-13 20:24:48-377
Success : LS : test1\f71b43c3136efa4f\9f93e73d6896cb7b\,0:-1,2016-12-13 20:24:49-054,2016-12-13 20:24:49-153
Success : CREATE_FILE : test2\a94a8fe5ccb19ba6\2a5bd02710e975a7\15ACC4CE2C0D020C,0:618257,2016-12-13 20:24:52-667,2016-12-13 20:24:53-870
Success : LS : test2\a94a8fe5ccb19ba6\2a5bd02710e975a7\,0:-1,2016-12-13 20:24:53-986,2016-12-13 20:24:54-085
Success : CREATE_FILE : test2\a94a8fe5ccb19ba6\2a5bd02710e975a7\506F22C20BB87B47,0:1040645,2016-12-13 20:24:54-187,2016-12-13 20:24:54-605
Success : LS : test2\a94a8fe5ccb19ba6\2a5bd02710e975a7\,0:-1,2016-12-13 20:24:54-722,2016-12-13 20:24:54-822
Success : CREATE_FILE : test2\a94a8fe5ccb19ba6\0EA87E6C69F39C83,0:2555637,2016-12-13 20:24:55-394,2016-12-13 20:24:57-353
Success : LS : test1\f71b43c3136efa4f\,0:-1,2016-12-13 20:24:57-464,2016-12-13 20:24:57-533
Success : LS : test2\a94a8fe5ccb19ba6\,0:-1,2016-12-13 20:24:57-610,2016-12-13 20:24:57-727
Success : LS : test2\a94a8fe5ccb19ba6\,0:-1,2016-12-13 20:24:57-851,2016-12-13 20:24:57-980
Success : LS : test2\a94a8fe5ccb19ba6\2a5bd02710e975a7\,0:-1,2016-12-13 20:24:58-131,2016-12-13 20:24:58-218
Success : CREATE_FILE : test2\a94a8fe5ccb19ba6\2a5bd02710e975a7\5FD70C1264E81F95,0:998504,2016-12-13 20:24:58-349,2016-12-13 20:24:58-816
Success : LS : test2\a94a8fe5ccb19ba6\2a5bd02710e975a7\,0:-1,2016-12-13 20:24:58-896,2016-12-13 20:24:58-996
Success : LS : test2\a94a8fe5ccb19ba6\2a5bd02710e975a7\,0:-1,2016-12-13 20:24:59-121,2016-12-13 20:24:59-221
Success : CREATE_FILE : test2\a94a8fe5ccb19ba6\2a5bd02710e975a7\40CDB26C56FA7965,0:1542363,2016-12-13 20:24:59-331,2016-12-13 20:25:00-246
Success : SEQ_READ : test1\c5a5e5562b038073\3c16ab634e85296e,0:105016,2016-12-13 20:25:00-362,2016-12-13 20:25:00-459
Success : LS : test1\c5a5e5562b038073\a39ea9c72a98de10\,0:-1,2016-12-13 20:25:00-556,2016-12-13 20:25:00-648
Success : LS : test2\a94a8fe5ccb19ba6\2a5bd02710e975a7\,0:-1,2016-12-13 20:25:00-740,2016-12-13 20:25:00-827
Success : CREATE_FILE : test2\a94a8fe5ccb19ba6\2a5bd02710e975a7\03838CD76F15936F,0:1448842,2016-12-13 20:25:00-933,2016-12-13 20:25:01-772
Success : LS : test2\a94a8fe5ccb19ba6\2a5bd02710e975a7\,0:-1,2016-12-13 20:25:01-861,2016-12-13 20:25:01-951
Success : LS : test1\f71b43c3136efa4f\52481749c0cdecd6\,0:-1,2016-12-13 20:25:02-473,2016-12-13 20:25:02-566
Success : CREATE_FILE : test2\a94a8fe5ccb19ba6\79125E5F6CF3E7F3,0:3768471,2016-12-13 20:25:03-901,2016-12-13 20:25:07-190
Success : LS : test2\a94a8fe5ccb19ba6\,0:-1,2016-12-13 20:25:07-312,2016-12-13 20:25:07-468
Success : CREATE_FILE : test2\a94a8fe5ccb19ba6\38ED42F36C769B03,0:1639248,2016-12-13 20:25:07-555,2016-12-13 20:25:08-566
Success : LS : test2\a94a8fe5ccb19ba6\,0:-1,2016-12-13 20:25:08-663,2016-12-13 20:25:08-780
Success : CREATE_FILE : test2\a94a8fe5ccb19ba6\00363E800742A916,0:623553,2016-12-13 20:25:08-876,2016-12-13 20:25:09-243
Success : LS : test2\a94a8fe5ccb19ba6\,0:-1,2016-12-13 20:25:09-363,2016-12-13 20:25:09-488
Success : SEQ_READ : test1\f71b43c3136efa4f\52481749c0cdecd6\6670af231c096f09,0:129,2016-12-13 20:25:12-533,2016-12-13 20:25:12-606
Success : LS : test1\f71b43c3136efa4f\83404ffd78f534ff\,0:-1,2016-12-13 20:25:14-157,2016-12-13 20:25:14-228
Success : LS : test1\f71b43c3136efa4f\83404ffd78f534ff\,0:-1,2016-12-13 20:25:15-023,2016-12-13 20:25:15-091
Success : CREATE_FILE : test2\a94a8fe5ccb19ba6\60BFEB327ADB9552,0:1535507,2016-12-13 20:25:16-243,2016-12-13 20:25:17-178
Success : SEQ_READ : test1\c5a5e5562b038073\6670af231c096f09,0:46,2016-12-13 20:25:17-297,2016-12-13 20:25:17-371
Success : SEQ_READ : test1\c5a5e5562b038073\f72cdbcd84f047a5,0:17893,2016-12-13 20:25:17-453,2016-12-13 20:25:17-514
Success : LS : test2\a94a8fe5ccb19ba6\,0:-1,2016-12-13 20:25:17-594,2016-12-13 20:25:17-724
Success : LS : test2\a94a8fe5ccb19ba6\2a5bd02710e975a7\,0:-1,2016-12-13 20:25:17-824,2016-12-13 20:25:17-913
Success : LS : test2\a94a8fe5ccb19ba6\2a5bd02710e975a7\,0:-1,2016-12-13 20:25:17-988,2016-12-13 20:25:18-079
Success : SEQ_READ : test2\a94a8fe5ccb19ba6\2a5bd02710e975a7\178db47a574c645f,0:257,2016-12-13 20:25:18-654,2016-12-13 20:25:18-725
Success : CREATE_FILE : test2\a94a8fe5ccb19ba6\060B2DE666692201,0:2914466,2016-12-13 20:25:20-562,2016-12-13 20:25:22-895
Fail : LS : test1,0:-1,2016-12-13 20:25:22-978,2016-12-13 20:25:22-978
Reason : java.lang.StringIndexOutOfBoundsException: String index out of range: -1
Fail : LS : test1,0:-1,2016-12-13 20:25:23-052,2016-12-13 20:25:23-053
Reason : java.lang.StringIndexOutOfBoundsException: String index out of range: -1
Success : LS : test2\a94a8fe5ccb19ba6\,0:-1,2016-12-13 20:25:23-131,2016-12-13 20:25:23-243
Success : LS : test1\f71b43c3136efa4f\83404ffd78f534ff\,0:-1,2016-12-13 20:25:23-341,2016-12-13 20:25:23-405
Success : CREATE_FILE : test2\a94a8fe5ccb19ba6\51CC902E32C66CD2,0:3527872,2016-12-13 20:25:25-724,2016-12-13 20:25:28-761
Success : LS : test2\a94a8fe5ccb19ba6\,0:-1,2016-12-13 20:25:28-852,2016-12-13 20:25:28-964
Success : LS : test2\a94a8fe5ccb19ba6\2a5bd02710e975a7\,0:-1,2016-12-13 20:25:30-019,2016-12-13 20:25:30-148
Success : LS : test2\a94a8fe5ccb19ba6\,0:-1,2016-12-13 20:25:30-485,2016-12-13 20:25:30-619
Success : SEQ_READ : test1\f71b43c3136efa4f\9f93e73d6896cb7b\6670af231c096f09,0:129,2016-12-13 20:25:30-732,2016-12-13 20:25:30-824
Success : LS : test2\a94a8fe5ccb19ba6\,0:-1,2016-12-13 20:25:30-911,2016-12-13 20:25:31-026
Success : SEQ_READ : test1\c5a5e5562b038073\a39ea9c72a98de10\11562aa867a5f398,0:2752,2016-12-13 20:25:31-287,2016-12-13 20:25:31-367
Success : SEQ_READ : test1\c5a5e5562b038073\0caa882bd1034750,0:324096,2016-12-13 20:25:34-103,2016-12-13 20:25:34-180
Success : SEQ_READ : test1\c5a5e5562b038073\a39ea9c72a98de10\f398de59988a85e5,0:6743,2016-12-13 20:25:34-608,2016-12-13 20:25:34-685
Success : SEQ_READ : test2\a94a8fe5ccb19ba6\4b6fcb2d521ef0fd,0:2291,2016-12-13 20:25:35-635,2016-12-13 20:25:35-698
Fail : LS : test1,0:-1,2016-12-13 20:25:35-791,2016-12-13 20:25:35-791
Reason : java.lang.StringIndexOutOfBoundsException: String index out of range: -1
Success : CREATE_FILE : test2\a94a8fe5ccb19ba6\4A8410E902CA07BD,0:1276093,2016-12-13 20:25:40-250,2016-12-13 20:25:40-990
Success : LS : test2\a94a8fe5ccb19ba6\,0:-1,2016-12-13 20:25:41-116,2016-12-13 20:25:41-247
Success : LS : test1\c5a5e5562b038073\,0:-1,2016-12-13 20:25:41-493,2016-12-13 20:25:41-565
Fail : LS : test1,0:-1,2016-12-13 20:25:43-914,2016-12-13 20:25:43-915
Reason : java.lang.StringIndexOutOfBoundsException: String index out of range: -1
Success : SEQ_READ : test1\c5a5e5562b038073\f72cdbcd84f047a5,0:17893,2016-12-13 20:25:47-604,2016-12-13 20:25:47-672
Success : LS : test2\a94a8fe5ccb19ba6\,0:-1,2016-12-13 20:25:48-314,2016-12-13 20:25:48-441
Success : SEQ_READ : test1\c5a5e5562b038073\767c14c8beb1e835,0:3818496,2016-12-13 20:25:49-902,2016-12-13 20:25:49-974
Success : LS : test2\a94a8fe5ccb19ba6\,0:-1,2016-12-13 20:25:53-471,2016-12-13 20:25:53-597
Success : SEQ_READ : test1\c5a5e5562b038073\a39ea9c72a98de10\f398de59988a85e5,0:6743,2016-12-13 20:25:54-347,2016-12-13 20:25:54-450
Success : LS : test1\f71b43c3136efa4f\83404ffd78f534ff\,0:-1,2016-12-13 20:25:56-368,2016-12-13 20:25:56-428
Success : CREATE_FILE : test2\a94a8fe5ccb19ba6\2C44EC9A3C6AD4B2,0:3354027,2016-12-13 20:25:58-631,2016-12-13 20:26:01-534
Success : SEQ_READ : test2\a94a8fe5ccb19ba6\2a5bd02710e975a7\254d76d2609fec03,0:2291,2016-12-13 20:26:01-637,2016-12-13 20:26:01-710
Success : LS : test1\c5a5e5562b038073\,0:-1,2016-12-13 20:26:01-793,2016-12-13 20:26:01-860
Success : LS : test2\a94a8fe5ccb19ba6\,0:-1,2016-12-13 20:26:01-936,2016-12-13 20:26:02-050
Success : LS : test1\f71b43c3136efa4f\52481749c0cdecd6\,0:-1,2016-12-13 20:26:04-453,2016-12-13 20:26:04-552
Success : LS : test1\f71b43c3136efa4f\,0:-1,2016-12-13 20:26:06-317,2016-12-13 20:26:06-389
Success : CREATE_FILE : test2\a94a8fe5ccb19ba6\3DF18F41195EF6D2,0:1417458,2016-12-13 20:26:10-087,2016-12-13 20:26:10-938
Success : LS : test1\f71b43c3136efa4f\c7d9912886e5ccc7\,0:-1,2016-12-13 20:26:11-058,2016-12-13 20:26:11-154
Success : LS : test2\a94a8fe5ccb19ba6\,0:-1,2016-12-13 20:26:11-274,2016-12-13 20:26:11-401
Success : LS : test1\c5a5e5562b038073\a39ea9c72a98de10\,0:-1,2016-12-13 20:26:11-517,2016-12-13 20:26:11-586
Success : SEQ_READ : test2\a94a8fe5ccb19ba6\4b6fcb2d521ef0fd,0:2291,2016-12-13 20:26:15-317,2016-12-13 20:26:15-388
Success : LS : test2\a94a8fe5ccb19ba6\2a5bd02710e975a7\,0:-1,2016-12-13 20:26:19-778,2016-12-13 20:26:19-872
Success : SEQ_READ : test1\c5a5e5562b038073\c7abaf0419c47a1d,0:762529,2016-12-13 20:26:20-587,2016-12-13 20:26:20-668
Success : LS : test2\a94a8fe5ccb19ba6\,0:-1,2016-12-13 20:26:24-257,2016-12-13 20:26:24-383
Success : LS : test1\f71b43c3136efa4f\52481749c0cdecd6\,0:-1,2016-12-13 20:26:25-267,2016-12-13 20:26:25-337
Success : LS : test1\c5a5e5562b038073\,0:-1,2016-12-13 20:26:26-327,2016-12-13 20:26:26-399
Success : LS : test1\f71b43c3136efa4f\9f93e73d6896cb7b\,0:-1,2016-12-13 20:26:26-742,2016-12-13 20:26:26-845
Success : CREATE_FILE : test2\a94a8fe5ccb19ba6\53FFDACF3B28C83B,0:3010814,2016-12-13 20:26:29-182,2016-12-13 20:26:31-646
Success : LS : test1\f71b43c3136efa4f\83404ffd78f534ff\,0:-1,2016-12-13 20:26:31-737,2016-12-13 20:26:31-802
Success : SEQ_READ : test1\f71b43c3136efa4f\9f93e73d6896cb7b\6670af231c096f09,0:129,2016-12-13 20:26:31-881,2016-12-13 20:26:31-958
Success : LS : test1\f71b43c3136efa4f\c7d9912886e5ccc7\,0:-1,2016-12-13 20:26:32-076,2016-12-13 20:26:32-154
Success : LS : test2\a94a8fe5ccb19ba6\,0:-1,2016-12-13 20:26:32-276,2016-12-13 20:26:32-418
Success : SEQ_READ : test1\f71b43c3136efa4f\52481749c0cdecd6\6670af231c096f09,0:129,2016-12-13 20:26:32-540,2016-12-13 20:26:32-641
Success : CREATE_FILE : test2\a94a8fe5ccb19ba6\2a5bd02710e975a7\7B2AC26248C6C0F8,0:3985691,2016-12-13 20:26:32-826,2016-12-13 20:26:36-397
Success : LS : test1\c5a5e5562b038073\a39ea9c72a98de10\,0:-1,2016-12-13 20:26:36-521,2016-12-13 20:26:36-592
Success : LS : test2\a94a8fe5ccb19ba6\2a5bd02710e975a7\,0:-1,2016-12-13 20:26:36-717,2016-12-13 20:26:36-817
Success : SEQ_READ : test1\c5a5e5562b038073\6670af231c096f09,0:46,2016-12-13 20:26:37-928,2016-12-13 20:26:37-991
Success : LS : test2\a94a8fe5ccb19ba6\,0:-1,2016-12-13 20:26:38-433,2016-12-13 20:26:38-550
Success : SEQ_READ : test1\c5a5e5562b038073\0189424a5a60fed3\46a8219c2ae6c782,0:1544228,2016-12-13 20:26:39-007,2016-12-13 20:26:39-119
Success : SEQ_READ : test1\c5a5e5562b038073\0189424a5a60fed3\46a8219c2ae6c782,0:1544228,2016-12-13 20:26:39-370,2016-12-13 20:26:39-446
Success : CREATE_FILE : test2\a94a8fe5ccb19ba6\2a5bd02710e975a7\6B49CF300F5CD828,0:1428841,2016-12-13 20:26:40-192,2016-12-13 20:26:41-194
Success : LS : test2\a94a8fe5ccb19ba6\2a5bd02710e975a7\,0:-1,2016-12-13 20:26:41-320,2016-12-13 20:26:41-417
Success : LS : test2\a94a8fe5ccb19ba6\,0:-1,2016-12-13 20:26:42-482,2016-12-13 20:26:42-597
Success : CREATE_FILE : test2\a94a8fe5ccb19ba6\18FEB32E4FCBE435,0:2296050,2016-12-13 20:26:46-402,2016-12-13 20:26:48-179
Success : LS : test2\a94a8fe5ccb19ba6\,0:-1,2016-12-13 20:26:48-306,2016-12-13 20:26:48-429
Success : LS : test1\c5a5e5562b038073\0189424a5a60fed3\,0:-1,2016-12-13 20:26:48-520,2016-12-13 20:26:48-583
Success : CREATE_FILE : test2\a94a8fe5ccb19ba6\2a5bd02710e975a7\2D973D5D64C0BBA2,0:2689443,2016-12-13 20:26:50-909,2016-12-13 20:26:53-032
Success : LS : test2\a94a8fe5ccb19ba6\2a5bd02710e975a7\,0:-1,2016-12-13 20:26:53-152,2016-12-13 20:26:53-251
Success : CREATE_FILE : test2\a94a8fe5ccb19ba6\5736825E2D75E3C7,0:532567,2016-12-13 20:26:53-337,2016-12-13 20:26:53-632
Success : LS : test2\a94a8fe5ccb19ba6\,0:-1,2016-12-13 20:26:53-748,2016-12-13 20:26:53-865
Success : CREATE_FILE : test2\a94a8fe5ccb19ba6\5BBC65D83E017D33,0:2820220,2016-12-13 20:26:55-098,2016-12-13 20:26:57-411
Success : LS : test2\a94a8fe5ccb19ba6\2a5bd02710e975a7\,0:-1,2016-12-13 20:26:57-541,2016-12-13 20:26:57-637
Success : LS : test2\a94a8fe5ccb19ba6\,0:-1,2016-12-13 20:26:57-792,2016-12-13 20:26:57-943
Success : LS : test1\f71b43c3136efa4f\52481749c0cdecd6\,0:-1,2016-12-13 20:26:58-067,2016-12-13 20:26:58-167
Success : LS : test1\f71b43c3136efa4f\52481749c0cdecd6\,0:-1,2016-12-13 20:26:58-293,2016-12-13 20:26:58-365
Success : CREATE_FILE : test2\a94a8fe5ccb19ba6\215507AB0E0DBCBD,0:3547433,2016-12-13 20:27:02-753,2016-12-13 20:27:05-965
Success : LS : test2\a94a8fe5ccb19ba6\,0:-1,2016-12-13 20:27:06-084,2016-12-13 20:27:06-208
Success : CREATE_FILE : test2\a94a8fe5ccb19ba6\7D50D56C5BC3BB0C,0:2210347,2016-12-13 20:27:06-322,2016-12-13 20:27:08-495
Success : LS : test1\f71b43c3136efa4f\c7d9912886e5ccc7\,0:-1,2016-12-13 20:27:08-606,2016-12-13 20:27:08-676
Success : LS : test2\a94a8fe5ccb19ba6\,0:-1,2016-12-13 20:27:08-782,2016-12-13 20:27:08-906
Success : CREATE_FILE : test2\a94a8fe5ccb19ba6\7DA529252876ABA4,0:3940113,2016-12-13 20:27:09-032,2016-12-13 20:27:12-587
Success : LS : test1\f71b43c3136efa4f\c7d9912886e5ccc7\,0:-1,2016-12-13 20:27:12-707,2016-12-13 20:27:12-767
Success : LS : test2\a94a8fe5ccb19ba6\,0:-1,2016-12-13 20:27:12-855,2016-12-13 20:27:12-978
Success : CREATE_FILE : test2\a94a8fe5ccb19ba6\791784852973C740,0:2458868,2016-12-13 20:27:13-092,2016-12-13 20:27:15-375
Success : LS : test2\a94a8fe5ccb19ba6\,0:-1,2016-12-13 20:27:15-497,2016-12-13 20:27:15-632
Success : LS : test2\a94a8fe5ccb19ba6\,0:-1,2016-12-13 20:27:15-738,2016-12-13 20:27:15-858
Success : CREATE_FILE : test2\a94a8fe5ccb19ba6\4FF2651C273AB1CB,0:2677520,2016-12-13 20:27:15-971,2016-12-13 20:27:18-038
Success : SEQ_READ : test2\a94a8fe5ccb19ba6\4b6fcb2d521ef0fd,0:2291,2016-12-13 20:27:18-153,2016-12-13 20:27:18-220
Success : LS : test2\a94a8fe5ccb19ba6\,0:-1,2016-12-13 20:27:18-341,2016-12-13 20:27:18-499
Success : CREATE_FILE : test2\a94a8fe5ccb19ba6\2a5bd02710e975a7\2CA625F24EF53131,0:3311512,2016-12-13 20:27:25-709,2016-12-13 20:27:28-802
Success : LS : test2\a94a8fe5ccb19ba6\2a5bd02710e975a7\,0:-1,2016-12-13 20:27:28-892,2016-12-13 20:27:28-978
Success : CREATE_FILE : test2\a94a8fe5ccb19ba6\2a5bd02710e975a7\088CF65315D77790,0:2321332,2016-12-13 20:27:29-087,2016-12-13 20:27:31-263
Success : LS : test2\a94a8fe5ccb19ba6\2a5bd02710e975a7\,0:-1,2016-12-13 20:27:31-379,2016-12-13 20:27:31-473
Success : CREATE_FILE : test2\a94a8fe5ccb19ba6\2a5bd02710e975a7\38BD9B15198A66DE,0:2062487,2016-12-13 20:27:31-569,2016-12-13 20:27:33-109
Success : LS : test2\a94a8fe5ccb19ba6\2a5bd02710e975a7\,0:-1,2016-12-13 20:27:33-232,2016-12-13 20:27:33-364
Success : CREATE_FILE : test2\a94a8fe5ccb19ba6\0EFC6FC70E08E05D,0:1907998,2016-12-13 20:27:33-536,2016-12-13 20:27:34-900
Success : SEQ_READ : test1\c5a5e5562b038073\c7734a16bf12bb03,0:364726,2016-12-13 20:27:34-982,2016-12-13 20:27:35-047
Success : LS : test2\a94a8fe5ccb19ba6\,0:-1,2016-12-13 20:27:35-125,2016-12-13 20:27:35-239
Success : CREATE_FILE : test2\a94a8fe5ccb19ba6\2a5bd02710e975a7\6DBC27D018C36BEC,0:2462463,2016-12-13 20:27:35-355,2016-12-13 20:27:37-249
Success : LS : test1\c5a5e5562b038073\0189424a5a60fed3\,0:-1,2016-12-13 20:27:37-365,2016-12-13 20:27:37-460
Success : LS : test2\a94a8fe5ccb19ba6\2a5bd02710e975a7\,0:-1,2016-12-13 20:27:37-567,2016-12-13 20:27:37-660
Success : CREATE_FILE : test2\a94a8fe5ccb19ba6\2CEF6C4F4E5DF476,0:244677,2016-12-13 20:27:37-778,2016-12-13 20:27:37-955
Success : LS : test2\a94a8fe5ccb19ba6\,0:-1,2016-12-13 20:27:38-061,2016-12-13 20:27:38-187
Fail : LS : test1,0:-1,2016-12-13 20:27:38-300,2016-12-13 20:27:38-301
Reason : java.lang.StringIndexOutOfBoundsException: String index out of range: -1
Success : LS : test2\a94a8fe5ccb19ba6\2a5bd02710e975a7\,0:-1,2016-12-13 20:27:40-308,2016-12-13 20:27:40-407
Success : CREATE_FILE : test2\a94a8fe5ccb19ba6\2a5bd02710e975a7\70AFD50B39CA8F01,0:2280682,2016-12-13 20:27:40-691,2016-12-13 20:27:42-386
Success : LS : test1\c5a5e5562b038073\,0:-1,2016-12-13 20:27:42-507,2016-12-13 20:27:42-581
Success : LS : test2\a94a8fe5ccb19ba6\2a5bd02710e975a7\,0:-1,2016-12-13 20:27:42-657,2016-12-13 20:27:42-745
Success : CREATE_FILE : test2\a94a8fe5ccb19ba6\2a5bd02710e975a7\4F7B8BCD19891260,0:216944,2016-12-13 20:27:42-822,2016-12-13 20:27:42-972
Success : LS : test2\a94a8fe5ccb19ba6\2a5bd02710e975a7\,0:-1,2016-12-13 20:27:43-093,2016-12-13 20:27:43-195
Success : LS : test2\a94a8fe5ccb19ba6\,0:-1,2016-12-13 20:27:47-511,2016-12-13 20:27:47-644
Success : CREATE_FILE : test2\a94a8fe5ccb19ba6\2a5bd02710e975a7\1494500461A4756C,0:2055708,2016-12-13 20:27:48-776,2016-12-13 20:27:50-407
Fail : LS : test1,0:-1,2016-12-13 20:27:50-513,2016-12-13 20:27:50-514
Reason : java.lang.StringIndexOutOfBoundsException: String index out of range: -1
Success : LS : test2\a94a8fe5ccb19ba6\2a5bd02710e975a7\,0:-1,2016-12-13 20:27:50-594,2016-12-13 20:27:50-682
Success : CREATE_FILE : test2\a94a8fe5ccb19ba6\2a5bd02710e975a7\1C29EDAC7F2FFBF9,0:1707026,2016-12-13 20:27:53-067,2016-12-13 20:27:54-158
Success : LS : test2\a94a8fe5ccb19ba6\2a5bd02710e975a7\,0:-1,2016-12-13 20:27:54-264,2016-12-13 20:27:54-353
Success : CREATE_FILE : test2\a94a8fe5ccb19ba6\328D482410179C60,0:2302979,2016-12-13 20:27:54-436,2016-12-13 20:27:56-162
Success : LS : test2\a94a8fe5ccb19ba6\,0:-1,2016-12-13 20:27:56-269,2016-12-13 20:27:56-383
Success : CREATE_FILE : test2\a94a8fe5ccb19ba6\2a5bd02710e975a7\1DF5D7034F9E85D4,0:2346295,2016-12-13 20:27:56-464,2016-12-13 20:27:58-196
Success : LS : test2\a94a8fe5ccb19ba6\2a5bd02710e975a7\,0:-1,2016-12-13 20:27:58-318,2016-12-13 20:27:58-422
Success : CREATE_FILE : test2\a94a8fe5ccb19ba6\067E95EB0C74B0F7,0:535705,2016-12-13 20:27:58-536,2016-12-13 20:27:58-733
Success : LS : test1\c5a5e5562b038073\a39ea9c72a98de10\,0:-1,2016-12-13 20:27:58-817,2016-12-13 20:27:58-887
Success : LS : test1\f71b43c3136efa4f\83404ffd78f534ff\,0:-1,2016-12-13 20:27:58-965,2016-12-13 20:27:59-036
Success : LS : test2\a94a8fe5ccb19ba6\,0:-1,2016-12-13 20:27:59-114,2016-12-13 20:27:59-230
Success : CREATE_FILE : test2\a94a8fe5ccb19ba6\0E4FD8523C5EB359,0:3864089,2016-12-13 20:28:00-138,2016-12-13 20:28:03-631
Success : LS : test2\a94a8fe5ccb19ba6\,0:-1,2016-12-13 20:28:03-751,2016-12-13 20:28:03-945
Success : LS : test1\f71b43c3136efa4f\83404ffd78f534ff\,0:-1,2016-12-13 20:28:04-710,2016-12-13 20:28:04-781
Success : CREATE_FILE : test2\a94a8fe5ccb19ba6\2a5bd02710e975a7\0AC1FED676D4945C,0:1111767,2016-12-13 20:28:07-325,2016-12-13 20:28:08-051
Success : LS : test2\a94a8fe5ccb19ba6\2a5bd02710e975a7\,0:-1,2016-12-13 20:28:08-149,2016-12-13 20:28:08-239
Success : CREATE_FILE : test2\a94a8fe5ccb19ba6\2a5bd02710e975a7\494AEC745C409E57,0:3534540,2016-12-13 20:28:08-322,2016-12-13 20:28:11-273
Success : LS : test1\f71b43c3136efa4f\c7d9912886e5ccc7\,0:-1,2016-12-13 20:28:11-388,2016-12-13 20:28:11-463
Success : LS : test2\a94a8fe5ccb19ba6\2a5bd02710e975a7\,0:-1,2016-12-13 20:28:11-589,2016-12-13 20:28:11-687
Success : CREATE_FILE : test2\a94a8fe5ccb19ba6\2a5bd02710e975a7\56841C5A29B57747,0:1740391,2016-12-13 20:28:11-767,2016-12-13 20:28:12-947
Success : LS : test2\a94a8fe5ccb19ba6\2a5bd02710e975a7\,0:-1,2016-12-13 20:28:13-073,2016-12-13 20:28:13-208
Success : LS : test2\a94a8fe5ccb19ba6\2a5bd02710e975a7\,0:-1,2016-12-13 20:28:13-333,2016-12-13 20:28:13-465
Success : CREATE_FILE : test2\a94a8fe5ccb19ba6\2a5bd02710e975a7\07E96ADC2A7848DB,0:3980328,2016-12-13 20:28:13-592,2016-12-13 20:28:17-179
Success : SEQ_READ : test1\f71b43c3136efa4f\9f93e73d6896cb7b\6670af231c096f09,0:129,2016-12-13 20:28:17-289,2016-12-13 20:28:17-358
Success : SEQ_READ : test2\acde102dac5bbe15,0:6030,2016-12-13 20:28:17-440,2016-12-13 20:28:17-510
Success : LS : test2\a94a8fe5ccb19ba6\2a5bd02710e975a7\,0:-1,2016-12-13 20:28:17-630,2016-12-13 20:28:17-732
Success : CREATE_FILE : test2\a94a8fe5ccb19ba6\2a5bd02710e975a7\03A1C3311B2A2C96,0:3771938,2016-12-13 20:28:17-843,2016-12-13 20:28:21-241
Success : LS : test2\a94a8fe5ccb19ba6\,0:-1,2016-12-13 20:28:21-364,2016-12-13 20:28:21-521
Success : LS : test2\a94a8fe5ccb19ba6\2a5bd02710e975a7\,0:-1,2016-12-13 20:28:21-617,2016-12-13 20:28:21-743
Success : CREATE_FILE : test2\a94a8fe5ccb19ba6\22CABFD229D1BEF6,0:986054,2016-12-13 20:28:21-839,2016-12-13 20:28:22-635
Success : LS : test2\a94a8fe5ccb19ba6\,0:-1,2016-12-13 20:28:22-736,2016-12-13 20:28:22-858
Success : CREATE_FILE : test2\a94a8fe5ccb19ba6\0D5833A624FF5775,0:391008,2016-12-13 20:28:22-942,2016-12-13 20:28:23-160
Success : LS : test2\a94a8fe5ccb19ba6\,0:-1,2016-12-13 20:28:23-285,2016-12-13 20:28:23-411
Success : CREATE_FILE : test2\a94a8fe5ccb19ba6\54A7D4187C0E7800,0:408039,2016-12-13 20:28:23-692,2016-12-13 20:28:23-919
Success : LS : test2\a94a8fe5ccb19ba6\,0:-1,2016-12-13 20:28:24-042,2016-12-13 20:28:24-166
Success : LS : test1\c5a5e5562b038073\,0:-1,2016-12-13 20:28:24-545,2016-12-13 20:28:24-619
Success : LS : test1\c5a5e5562b038073\,0:-1,2016-12-13 20:28:25-270,2016-12-13 20:28:25-346
Success : CREATE_FILE : test2\a94a8fe5ccb19ba6\4433750C1BD8BBD4,0:1979561,2016-12-13 20:28:25-819,2016-12-13 20:28:27-228
Success : LS : test2\a94a8fe5ccb19ba6\,0:-1,2016-12-13 20:28:27-353,2016-12-13 20:28:27-495
Success : CREATE_FILE : test2\a94a8fe5ccb19ba6\139706DE2CB92FA2,0:1735877,2016-12-13 20:28:27-581,2016-12-13 20:28:28-832
Success : LS : test2\a94a8fe5ccb19ba6\,0:-1,2016-12-13 20:28:28-917,2016-12-13 20:28:29-027
Success : LS : test1\f71b43c3136efa4f\,0:-1,2016-12-13 20:28:29-356,2016-12-13 20:28:29-435
Success : SEQ_READ : test1\c5a5e5562b038073\7b7f22b30cf50087,0:3126,2016-12-13 20:28:34-952,2016-12-13 20:28:35-024
Success : CREATE_FILE : test2\a94a8fe5ccb19ba6\2167427B2D4A86F1,0:3720045,2016-12-13 20:28:35-282,2016-12-13 20:28:38-545
Success : LS : test2\a94a8fe5ccb19ba6\,0:-1,2016-12-13 20:28:38-684,2016-12-13 20:28:38-839
Success : LS : test2\a94a8fe5ccb19ba6\,0:-1,2016-12-13 20:28:38-935,2016-12-13 20:28:39-063
Success : CREATE_FILE : test2\a94a8fe5ccb19ba6\2a5bd02710e975a7\09147C7F4856CD63,0:3463664,2016-12-13 20:28:39-176,2016-12-13 20:28:42-179
Success : LS : test2\a94a8fe5ccb19ba6\2a5bd02710e975a7\,0:-1,2016-12-13 20:28:42-306,2016-12-13 20:28:42-411
Success : CREATE_FILE : test2\a94a8fe5ccb19ba6\007EB33C5010898D,0:109789,2016-12-13 20:28:42-528,2016-12-13 20:28:42-728
Success : LS : test1\c5a5e5562b038073\a39ea9c72a98de10\,0:-1,2016-12-13 20:28:42-849,2016-12-13 20:28:42-947
Success : LS : test2\a94a8fe5ccb19ba6\,0:-1,2016-12-13 20:28:43-038,2016-12-13 20:28:43-159
Success : CREATE_FILE : test2\a94a8fe5ccb19ba6\304724BE3F47DC52,0:2816050,2016-12-13 20:28:44-926,2016-12-13 20:28:47-482
Success : LS : test2\a94a8fe5ccb19ba6\,0:-1,2016-12-13 20:28:47-622,2016-12-13 20:28:47-761
Success : CREATE_FILE : test2\a94a8fe5ccb19ba6\7A01DE144189CE35,0:3036346,2016-12-13 20:28:47-884,2016-12-13 20:28:50-949
Success : LS : test2\a94a8fe5ccb19ba6\,0:-1,2016-12-13 20:28:51-074,2016-12-13 20:28:51-230
Success : CREATE_FILE : test2\a94a8fe5ccb19ba6\0C80C8171B91DBD7,0:4035626,2016-12-13 20:28:51-355,2016-12-13 20:28:55-071
Success : LS : test1\f71b43c3136efa4f\c7d9912886e5ccc7\,0:-1,2016-12-13 20:28:55-200,2016-12-13 20:28:55-294
Success : LS : test2\a94a8fe5ccb19ba6\,0:-1,2016-12-13 20:28:55-382,2016-12-13 20:28:55-533
Success : CREATE_FILE : test2\a94a8fe5ccb19ba6\6877B3B542606ACD,0:2136942,2016-12-13 20:28:55-642,2016-12-13 20:28:57-243
Success : LS : test1\f71b43c3136efa4f\83404ffd78f534ff\,0:-1,2016-12-13 20:28:57-369,2016-12-13 20:28:57-464
Success : LS : test2\a94a8fe5ccb19ba6\,0:-1,2016-12-13 20:28:57-555,2016-12-13 20:28:57-710
Success : CREATE_FILE : test2\a94a8fe5ccb19ba6\0F761F31518C96C0,0:3686400,2016-12-13 20:28:57-820,2016-12-13 20:29:01-148
Success : LS : test2\a94a8fe5ccb19ba6\2a5bd02710e975a7\,0:-1,2016-12-13 20:29:01-271,2016-12-13 20:29:01-395
Success : LS : test2\a94a8fe5ccb19ba6\,0:-1,2016-12-13 20:29:01-521,2016-12-13 20:29:01-649
Success : CREATE_FILE : test2\a94a8fe5ccb19ba6\2a5bd02710e975a7\73D0CD6B0B085F7D,0:2474427,2016-12-13 20:29:01-734,2016-12-13 20:29:03-693
Success : LS : test2\a94a8fe5ccb19ba6\2a5bd02710e975a7\,0:-1,2016-12-13 20:29:03-818,2016-12-13 20:29:03-920
Success : CREATE_FILE : test2\a94a8fe5ccb19ba6\2a5bd02710e975a7\2D9A94D75A04C3AE,0:889681,2016-12-13 20:29:04-022,2016-12-13 20:29:04-379
Success : LS : test2\a94a8fe5ccb19ba6\2a5bd02710e975a7\,0:-1,2016-12-13 20:29:04-503,2016-12-13 20:29:04-603
Success : CREATE_FILE : test2\a94a8fe5ccb19ba6\3D94719D2F84767A,0:3382127,2016-12-13 20:29:04-685,2016-12-13 20:29:07-544
Success : LS : test2\a94a8fe5ccb19ba6\,0:-1,2016-12-13 20:29:07-667,2016-12-13 20:29:07-787
Success : CREATE_FILE : test2\a94a8fe5ccb19ba6\4E202534202C188E,0:3217231,2016-12-13 20:29:07-876,2016-12-13 20:29:10-733
Success : LS : test2\a94a8fe5ccb19ba6\,0:-1,2016-12-13 20:29:10-818,2016-12-13 20:29:10-931
Success : CREATE_FILE : test2\a94a8fe5ccb19ba6\2a5bd02710e975a7\329BF8D111C5F068,0:2583895,2016-12-13 20:29:11-006,2016-12-13 20:29:13-062
Success : LS : test2\a94a8fe5ccb19ba6\2a5bd02710e975a7\,0:-1,2016-12-13 20:29:13-184,2016-12-13 20:29:13-308
Success : CREATE_FILE : test2\a94a8fe5ccb19ba6\2a5bd02710e975a7\19EC88E721F7BE06,0:1388597,2016-12-13 20:29:13-411,2016-12-13 20:29:14-196
Success : LS : test1\f71b43c3136efa4f\9f93e73d6896cb7b\,0:-1,2016-12-13 20:29:14-316,2016-12-13 20:29:14-388
Success : LS : test2\a94a8fe5ccb19ba6\2a5bd02710e975a7\,0:-1,2016-12-13 20:29:14-484,2016-12-13 20:29:14-576
Success : CREATE_FILE : test2\a94a8fe5ccb19ba6\7740CC2962C006A2,0:1518796,2016-12-13 20:29:14-680,2016-12-13 20:29:15-572
Success : LS : test2\a94a8fe5ccb19ba6\,0:-1,2016-12-13 20:29:15-687,2016-12-13 20:29:15-808
Success : LS : test1\f71b43c3136efa4f\52481749c0cdecd6\,0:-1,2016-12-13 20:29:16-675,2016-12-13 20:29:16-749
Fail : LS : test1,0:-1,2016-12-13 20:29:21-860,2016-12-13 20:29:21-860
Reason : java.lang.StringIndexOutOfBoundsException: String index out of range: -1
Success : LS : test1\f71b43c3136efa4f\9f93e73d6896cb7b\,0:-1,2016-12-13 20:29:22-347,2016-12-13 20:29:22-419
