Success : LS : test2\a94a8fe5ccb19ba6\,0:-1,2016-12-14 15:13:14-060,2016-12-14 15:13:14-253
Success : SEQ_READ : test1\9832710c94f11d2b,0:34310397,2016-12-14 15:13:14-341,2016-12-14 15:13:14-418
Success : SEQ_READ : test2\49f03965cf98b1f5,0:1634,2016-12-14 15:13:14-508,2016-12-14 15:13:14-577
Success : LS : test2\a94a8fe5ccb19ba6\,0:-1,2016-12-14 15:13:14-677,2016-12-14 15:13:15-105
Success : SEQ_READ : test2\a94a8fe5ccb19ba6\2a5bd02710e975a7\178db47a574c645f,0:257,2016-12-14 15:13:15-242,2016-12-14 15:13:15-336
Success : LS : test1\f71b43c3136efa4f\c7d9912886e5ccc7\,0:-1,2016-12-14 15:13:15-445,2016-12-14 15:13:15-693
Success : SEQ_READ : test1\f71b43c3136efa4f\c7d9912886e5ccc7\6670af231c096f09,0:129,2016-12-14 15:13:15-864,2016-12-14 15:13:16-129
Fail : LS : test1,0:-1,2016-12-14 15:13:16-357,2016-12-14 15:13:16-358
Reason : java.lang.StringIndexOutOfBoundsException: String index out of range: -1
Success : CREATE_FILE : test2\a94a8fe5ccb19ba6\7E4EEF7F7D1408C9,0:2224544,2016-12-14 15:13:16-611,2016-12-14 15:13:19-100
Success : SEQ_READ : test2\8da7cc13802eefe0,0:22987191,2016-12-14 15:13:19-213,2016-12-14 15:13:19-288
Fail : LS : test1,0:-1,2016-12-14 15:13:19-414,2016-12-14 15:13:19-415
Reason : java.lang.StringIndexOutOfBoundsException: String index out of range: -1
Success : SEQ_READ : test2\a94a8fe5ccb19ba6\2a5bd02710e975a7\3eef580036f1724a,0:257,2016-12-14 15:13:19-508,2016-12-14 15:13:19-866
Success : SEQ_READ : test2\acde102dac5bbe15,0:6030,2016-12-14 15:13:19-947,2016-12-14 15:13:20-038
Success : SEQ_READ : test1\f71b43c3136efa4f\c7d9912886e5ccc7\6670af231c096f09,0:129,2016-12-14 15:13:20-830,2016-12-14 15:13:21-817
Success : SEQ_READ : test2\1a7683b6645f9b6a,0:14529,2016-12-14 15:13:21-919,2016-12-14 15:13:22-029
Success : LS : test1\f71b43c3136efa4f\9f93e73d6896cb7b\,0:-1,2016-12-14 15:13:22-149,2016-12-14 15:13:22-849
Success : LS : test2\a94a8fe5ccb19ba6\,0:-1,2016-12-14 15:13:22-954,2016-12-14 15:13:23-083
Success : CREATE_FILE : test2\a94a8fe5ccb19ba6\2a5bd02710e975a7\69A4263D7963E3C0,0:3415906,2016-12-14 15:13:23-182,2016-12-14 15:13:28-661
Success : LS : test2\a94a8fe5ccb19ba6\2a5bd02710e975a7\,0:-1,2016-12-14 15:13:28-924,2016-12-14 15:13:29-000
Success : CREATE_FILE : test2\a94a8fe5ccb19ba6\2a5bd02710e975a7\0C1389D70184C7DD,0:2375942,2016-12-14 15:13:29-103,2016-12-14 15:13:31-503
Success : LS : test2\a94a8fe5ccb19ba6\2a5bd02710e975a7\,0:-1,2016-12-14 15:13:31-638,2016-12-14 15:13:31-756
Success : CREATE_FILE : test2\a94a8fe5ccb19ba6\6F9BF49954E2BF50,0:1495041,2016-12-14 15:13:31-847,2016-12-14 15:13:34-455
Success : LS : test2\a94a8fe5ccb19ba6\,0:-1,2016-12-14 15:13:34-582,2016-12-14 15:13:34-835
Success : CREATE_FILE : test2\a94a8fe5ccb19ba6\1A4E0F6F22FE1A7D,0:2553076,2016-12-14 15:13:34-955,2016-12-14 15:13:37-631
Success : LS : test2\a94a8fe5ccb19ba6\,0:-1,2016-12-14 15:13:37-762,2016-12-14 15:13:37-854
Success : CREATE_FILE : test2\a94a8fe5ccb19ba6\2a5bd02710e975a7\65CEBAE80D071CC1,0:446002,2016-12-14 15:13:37-934,2016-12-14 15:13:38-484
Success : LS : test2\a94a8fe5ccb19ba6\2a5bd02710e975a7\,0:-1,2016-12-14 15:13:38-594,2016-12-14 15:13:38-709
Success : CREATE_FILE : test2\a94a8fe5ccb19ba6\3D941DF517C463DC,0:905415,2016-12-14 15:13:38-823,2016-12-14 15:13:39-326
Success : LS : test1\c5a5e5562b038073\a39ea9c72a98de10\,0:-1,2016-12-14 15:13:39-452,2016-12-14 15:13:39-556
Success : LS : test1\f71b43c3136efa4f\83404ffd78f534ff\,0:-1,2016-12-14 15:13:39-649,2016-12-14 15:13:39-718
Success : SEQ_READ : test1\c5a5e5562b038073\2015a7ab48ae9a58,0:28672,2016-12-14 15:13:39-809,2016-12-14 15:13:39-909
Success : LS : test2\a94a8fe5ccb19ba6\,0:-1,2016-12-14 15:13:40-000,2016-12-14 15:13:40-277
Success : SEQ_READ : test1\c5a5e5562b038073\05d1f0ed74e78555,0:69632,2016-12-14 15:13:40-394,2016-12-14 15:13:40-484
Success : LS : test1\c5a5e5562b038073\0189424a5a60fed3\,0:-1,2016-12-14 15:13:40-577,2016-12-14 15:13:40-645
Success : LS : test2\a94a8fe5ccb19ba6\2a5bd02710e975a7\,0:-1,2016-12-14 15:13:40-768,2016-12-14 15:13:40-878
Success : SEQ_READ : test2\a94a8fe5ccb19ba6\2a5bd02710e975a7\178db47a574c645f,0:257,2016-12-14 15:13:40-993,2016-12-14 15:13:41-057
Success : LS : test2\a94a8fe5ccb19ba6\,0:-1,2016-12-14 15:13:41-181,2016-12-14 15:13:41-534
Success : CREATE_FILE : test2\a94a8fe5ccb19ba6\2a5bd02710e975a7\772723BF52118E01,0:246645,2016-12-14 15:13:41-660,2016-12-14 15:13:41-923
Success : LS : test2\a94a8fe5ccb19ba6\2a5bd02710e975a7\,0:-1,2016-12-14 15:13:42-038,2016-12-14 15:13:42-121
Success : CREATE_FILE : test2\a94a8fe5ccb19ba6\22E0C97C6021E8C7,0:1657233,2016-12-14 15:13:42-197,2016-12-14 15:13:44-824
Success : LS : test2\a94a8fe5ccb19ba6\,0:-1,2016-12-14 15:13:44-953,2016-12-14 15:13:45-071
Success : CREATE_FILE : test2\a94a8fe5ccb19ba6\19193E0A5621C784,0:3336029,2016-12-14 15:13:45-164,2016-12-14 15:13:48-282
Success : LS : test2\a94a8fe5ccb19ba6\,0:-1,2016-12-14 15:13:48-406,2016-12-14 15:13:48-505
Success : CREATE_FILE : test2\a94a8fe5ccb19ba6\280392E765625762,0:2942155,2016-12-14 15:13:48-631,2016-12-14 15:13:54-744
Success : LS : test2\a94a8fe5ccb19ba6\,0:-1,2016-12-14 15:13:54-859,2016-12-14 15:13:55-425
Success : CREATE_FILE : test2\a94a8fe5ccb19ba6\2a5bd02710e975a7\2FAEFA5835D7B69E,0:3924176,2016-12-14 15:13:55-534,2016-12-14 15:13:59-855
Success : LS : test2\a94a8fe5ccb19ba6\2a5bd02710e975a7\,0:-1,2016-12-14 15:13:59-934,2016-12-14 15:14:00-674
Success : CREATE_FILE : test2\a94a8fe5ccb19ba6\02AFA3BF13BE458C,0:2802967,2016-12-14 15:14:00-851,2016-12-14 15:14:04-765
Success : LS : test2\a94a8fe5ccb19ba6\,0:-1,2016-12-14 15:14:04-886,2016-12-14 15:14:05-232
Success : CREATE_FILE : test2\a94a8fe5ccb19ba6\2a5bd02710e975a7\186C3C5949CDB78E,0:109835,2016-12-14 15:14:05-402,2016-12-14 15:14:05-602
Success : LS : test1\f71b43c3136efa4f\,0:-1,2016-12-14 15:14:05-728,2016-12-14 15:14:05-814
Success : SEQ_READ : test1\c5a5e5562b038073\738537f9a40e568b,0:17984,2016-12-14 15:14:05-894,2016-12-14 15:14:05-956
Success : LS : test1\f71b43c3136efa4f\83404ffd78f534ff\,0:-1,2016-12-14 15:14:06-030,2016-12-14 15:14:06-118
Success : LS : test1\f71b43c3136efa4f\,0:-1,2016-12-14 15:14:06-205,2016-12-14 15:14:06-307
Success : LS : test1\c5a5e5562b038073\0189424a5a60fed3\,0:-1,2016-12-14 15:14:06-432,2016-12-14 15:14:06-520
Success : LS : test2\a94a8fe5ccb19ba6\2a5bd02710e975a7\,0:-1,2016-12-14 15:14:06-605,2016-12-14 15:14:06-682
Success : LS : test2\a94a8fe5ccb19ba6\2a5bd02710e975a7\,0:-1,2016-12-14 15:14:06-781,2016-12-14 15:14:06-898
Success : SEQ_READ : test1\f71b43c3136efa4f\52481749c0cdecd6\6670af231c096f09,0:129,2016-12-14 15:14:07-025,2016-12-14 15:14:07-114
Success : LS : test2\a94a8fe5ccb19ba6\,0:-1,2016-12-14 15:14:07-238,2016-12-14 15:14:07-337
Success : SEQ_READ : test1\c5a5e5562b038073\c7abaf0419c47a1d,0:762529,2016-12-14 15:14:07-454,2016-12-14 15:14:07-534
Success : LS : test1\f71b43c3136efa4f\83404ffd78f534ff\,0:-1,2016-12-14 15:14:07-617,2016-12-14 15:14:07-680
Success : LS : test2\a94a8fe5ccb19ba6\2a5bd02710e975a7\,0:-1,2016-12-14 15:14:07-756,2016-12-14 15:14:07-863
Success : CREATE_FILE : test2\a94a8fe5ccb19ba6\2a5bd02710e975a7\17C2874730B6B2F8,0:1093589,2016-12-14 15:14:07-939,2016-12-14 15:14:09-589
Success : LS : test2\a94a8fe5ccb19ba6\2a5bd02710e975a7\,0:-1,2016-12-14 15:14:09-687,2016-12-14 15:14:09-778
Success : CREATE_FILE : test2\a94a8fe5ccb19ba6\2a5bd02710e975a7\3FB0C4C1438A521D,0:1130472,2016-12-14 15:14:09-892,2016-12-14 15:14:10-562
Success : LS : test2\a94a8fe5ccb19ba6\2a5bd02710e975a7\,0:-1,2016-12-14 15:14:10-689,2016-12-14 15:14:10-774
Success : CREATE_FILE : test2\a94a8fe5ccb19ba6\1A964EA26081C80B,0:862177,2016-12-14 15:14:10-881,2016-12-14 15:14:11-369
Success : LS : test1\c5a5e5562b038073\0189424a5a60fed3\,0:-1,2016-12-14 15:14:11-474,2016-12-14 15:14:11-562
Success : LS : test2\a94a8fe5ccb19ba6\,0:-1,2016-12-14 15:14:11-684,2016-12-14 15:14:11-780
Success : SEQ_READ : test2\1a7683b6645f9b6a,0:14529,2016-12-14 15:14:11-905,2016-12-14 15:14:11-988
Success : LS : test1\c5a5e5562b038073\a39ea9c72a98de10\,0:-1,2016-12-14 15:14:12-090,2016-12-14 15:14:12-171
Success : SEQ_READ : test1\c5a5e5562b038073\7b7f22b30cf50087,0:3126,2016-12-14 15:14:12-256,2016-12-14 15:14:12-356
Success : SEQ_READ : test1\c5a5e5562b038073\b0c5d70d7f040bfa,0:17408,2016-12-14 15:14:12-486,2016-12-14 15:14:12-555
Success : LS : test2\a94a8fe5ccb19ba6\2a5bd02710e975a7\,0:-1,2016-12-14 15:14:12-656,2016-12-14 15:14:12-800
Success : LS : test1\c5a5e5562b038073\,0:-1,2016-12-14 15:14:12-880,2016-12-14 15:14:12-943
Success : LS : test2\a94a8fe5ccb19ba6\,0:-1,2016-12-14 15:14:13-022,2016-12-14 15:14:13-112
Success : CREATE_FILE : test2\a94a8fe5ccb19ba6\2a5bd02710e975a7\3A98A657300B9D51,0:2142417,2016-12-14 15:14:13-212,2016-12-14 15:14:17-523
Success : LS : test2\a94a8fe5ccb19ba6\2a5bd02710e975a7\,0:-1,2016-12-14 15:14:17-612,2016-12-14 15:14:17-929
Success : CREATE_FILE : test2\a94a8fe5ccb19ba6\2a5bd02710e975a7\20293FE3668E569B,0:1931242,2016-12-14 15:14:18-049,2016-12-14 15:14:20-131
Success : LS : test2\a94a8fe5ccb19ba6\2a5bd02710e975a7\,0:-1,2016-12-14 15:14:20-258,2016-12-14 15:14:20-652
Success : CREATE_FILE : test2\a94a8fe5ccb19ba6\745562CB7A953CC5,0:1294285,2016-12-14 15:14:20-775,2016-12-14 15:14:23-251
Success : LS : test2\a94a8fe5ccb19ba6\,0:-1,2016-12-14 15:14:23-344,2016-12-14 15:14:23-651
Success : CREATE_FILE : test2\a94a8fe5ccb19ba6\010C4F040994A167,0:189475,2016-12-14 15:14:23-758,2016-12-14 15:14:24-203
Success : LS : test2\a94a8fe5ccb19ba6\,0:-1,2016-12-14 15:14:24-331,2016-12-14 15:14:24-449
Success : CREATE_FILE : test2\a94a8fe5ccb19ba6\4AC247362D1CC432,0:1861980,2016-12-14 15:14:24-574,2016-12-14 15:14:26-994
Success : LS : test2\a94a8fe5ccb19ba6\,0:-1,2016-12-14 15:14:27-132,2016-12-14 15:14:29-807
Success : CREATE_FILE : test2\a94a8fe5ccb19ba6\2a5bd02710e975a7\21C791DA2A6AE5E3,0:825470,2016-12-14 15:14:29-944,2016-12-14 15:14:32-275
Success : LS : test2\a94a8fe5ccb19ba6\2a5bd02710e975a7\,0:-1,2016-12-14 15:14:32-360,2016-12-14 15:14:32-442
Success : CREATE_FILE : test2\a94a8fe5ccb19ba6\25BB00CA6C5BCC31,0:90309,2016-12-14 15:14:32-518,2016-12-14 15:14:33-750
Success : SEQ_READ : test2\49f03965cf98b1f5,0:1634,2016-12-14 15:14:33-874,2016-12-14 15:14:33-943
Success : LS : test2\a94a8fe5ccb19ba6\,0:-1,2016-12-14 15:14:34-020,2016-12-14 15:14:34-580
Success : LS : test2\a94a8fe5ccb19ba6\,0:-1,2016-12-14 15:14:34-662,2016-12-14 15:14:34-762
Success : SEQ_READ : test1\c5a5e5562b038073\c7734a16bf12bb03,0:364726,2016-12-14 15:14:34-844,2016-12-14 15:14:34-913
Success : LS : test2\a94a8fe5ccb19ba6\,0:-1,2016-12-14 15:14:35-000,2016-12-14 15:14:35-093
Success : LS : test1\f71b43c3136efa4f\c7d9912886e5ccc7\,0:-1,2016-12-14 15:14:35-172,2016-12-14 15:14:35-239
Success : SEQ_READ : test2\a94a8fe5ccb19ba6\4b6fcb2d521ef0fd,0:2291,2016-12-14 15:14:35-325,2016-12-14 15:14:35-931
Success : LS : test2\a94a8fe5ccb19ba6\,0:-1,2016-12-14 15:14:36-105,2016-12-14 15:14:36-959
Success : LS : test1\f71b43c3136efa4f\c7d9912886e5ccc7\,0:-1,2016-12-14 15:14:37-042,2016-12-14 15:14:37-103
Success : LS : test2\a94a8fe5ccb19ba6\,0:-1,2016-12-14 15:14:37-232,2016-12-14 15:14:37-970
Success : CREATE_FILE : test2\a94a8fe5ccb19ba6\32669F0C445042B1,0:3797255,2016-12-14 15:14:38-102,2016-12-14 15:14:45-604
Success : LS : test2\a94a8fe5ccb19ba6\,0:-1,2016-12-14 15:14:45-709,2016-12-14 15:14:45-971
Success : CREATE_FILE : test2\a94a8fe5ccb19ba6\2a5bd02710e975a7\361FC66859159EB0,0:1864791,2016-12-14 15:14:46-126,2016-12-14 15:14:47-867
Success : LS : test2\a94a8fe5ccb19ba6\2a5bd02710e975a7\,0:-1,2016-12-14 15:14:47-985,2016-12-14 15:14:48-070
Success : CREATE_FILE : test2\a94a8fe5ccb19ba6\4A84BE431B49B15A,0:2200710,2016-12-14 15:14:48-175,2016-12-14 15:14:52-608
Success : LS : test2\a94a8fe5ccb19ba6\,0:-1,2016-12-14 15:14:52-737,2016-12-14 15:14:53-325
Success : CREATE_FILE : test2\a94a8fe5ccb19ba6\65FEDB117BCFC891,0:521177,2016-12-14 15:14:53-470,2016-12-14 15:14:53-989
Success : LS : test2\a94a8fe5ccb19ba6\,0:-1,2016-12-14 15:14:54-119,2016-12-14 15:14:54-264
Success : CREATE_FILE : test2\a94a8fe5ccb19ba6\5862049F61B6B1F8,0:1489671,2016-12-14 15:14:54-391,2016-12-14 15:14:56-166
Success : LS : test2\a94a8fe5ccb19ba6\,0:-1,2016-12-14 15:14:56-286,2016-12-14 15:15:01-476
Success : CREATE_FILE : test2\a94a8fe5ccb19ba6\27E2CA184BA5BE02,0:804533,2016-12-14 15:15:01-634,2016-12-14 15:15:02-429
Success : LS : test2\a94a8fe5ccb19ba6\,0:-1,2016-12-14 15:15:02-511,2016-12-14 15:15:02-727
Success : LS : test2\a94a8fe5ccb19ba6\2a5bd02710e975a7\,0:-1,2016-12-14 15:15:02-842,2016-12-14 15:15:02-940
Fail : LS : test1,0:-1,2016-12-14 15:15:03-036,2016-12-14 15:15:03-036
Reason : java.lang.StringIndexOutOfBoundsException: String index out of range: -1
Success : SEQ_READ : test1\c5a5e5562b038073\0189424a5a60fed3\46a8219c2ae6c782,0:1544228,2016-12-14 15:15:03-135,2016-12-14 15:15:03-209
Success : LS : test1\f71b43c3136efa4f\9f93e73d6896cb7b\,0:-1,2016-12-14 15:15:03-292,2016-12-14 15:15:03-392
Success : LS : test1\f71b43c3136efa4f\52481749c0cdecd6\,0:-1,2016-12-14 15:15:03-498,2016-12-14 15:15:03-569
Fail : LS : test1,0:-1,2016-12-14 15:15:03-647,2016-12-14 15:15:03-647
Reason : java.lang.StringIndexOutOfBoundsException: String index out of range: -1
Success : SEQ_READ : test1\c5a5e5562b038073\6670af231c096f09,0:46,2016-12-14 15:15:03-755,2016-12-14 15:15:03-855
Success : LS : test2\a94a8fe5ccb19ba6\,0:-1,2016-12-14 15:15:03-938,2016-12-14 15:15:04-025
Success : LS : test2\a94a8fe5ccb19ba6\,0:-1,2016-12-14 15:15:04-124,2016-12-14 15:15:05-480
Success : CREATE_FILE : test2\a94a8fe5ccb19ba6\7E16504C2B8DCE27,0:1384511,2016-12-14 15:15:05-561,2016-12-14 15:15:08-521
Success : LS : test2\a94a8fe5ccb19ba6\,0:-1,2016-12-14 15:15:08-629,2016-12-14 15:15:08-719
Success : CREATE_FILE : test2\a94a8fe5ccb19ba6\7EBD9F4A35558FFF,0:2982121,2016-12-14 15:15:08-828,2016-12-14 15:15:12-343
Success : LS : test2\a94a8fe5ccb19ba6\,0:-1,2016-12-14 15:15:12-446,2016-12-14 15:15:12-782
Success : CREATE_FILE : test2\a94a8fe5ccb19ba6\7F3BC33B416D5B29,0:477823,2016-12-14 15:15:13-014,2016-12-14 15:15:16-317
Success : LS : test2\a94a8fe5ccb19ba6\,0:-1,2016-12-14 15:15:16-441,2016-12-14 15:15:17-025
Success : CREATE_FILE : test2\a94a8fe5ccb19ba6\2D91894A0C7C7D9B,0:1354895,2016-12-14 15:15:17-149,2016-12-14 15:15:18-774
Success : LS : test2\a94a8fe5ccb19ba6\,0:-1,2016-12-14 15:15:18-895,2016-12-14 15:15:19-329
Success : CREATE_FILE : test2\a94a8fe5ccb19ba6\7BF4FD3C2E68646E,0:1891359,2016-12-14 15:15:19-452,2016-12-14 15:15:23-511
Success : LS : test2\a94a8fe5ccb19ba6\,0:-1,2016-12-14 15:15:23-587,2016-12-14 15:15:24-277
Success : CREATE_FILE : test2\a94a8fe5ccb19ba6\45152C3B2EB32B90,0:3379502,2016-12-14 15:15:24-398,2016-12-14 15:15:31-305
Success : SEQ_READ : test1\c5a5e5562b038073\a39ea9c72a98de10\4a90c52e52d54ede,0:1048,2016-12-14 15:15:31-430,2016-12-14 15:15:31-504
Success : SEQ_READ : test2\a94a8fe5ccb19ba6\4b6fcb2d521ef0fd,0:2291,2016-12-14 15:15:31-584,2016-12-14 15:15:31-686
Success : SEQ_READ : test1\c5a5e5562b038073\7b7f22b30cf50087,0:3126,2016-12-14 15:15:31-804,2016-12-14 15:15:31-874
Success : LS : test1\f71b43c3136efa4f\,0:-1,2016-12-14 15:15:31-988,2016-12-14 15:15:32-054
Success : LS : test1\c5a5e5562b038073\a39ea9c72a98de10\,0:-1,2016-12-14 15:15:32-165,2016-12-14 15:15:32-241
Success : LS : test2\a94a8fe5ccb19ba6\,0:-1,2016-12-14 15:15:32-319,2016-12-14 15:15:32-649
Success : LS : test1\c5a5e5562b038073\a39ea9c72a98de10\,0:-1,2016-12-14 15:15:32-758,2016-12-14 15:15:32-829
Success : SEQ_READ : test1\c5a5e5562b038073\3c16ab634e85296e,0:105016,2016-12-14 15:15:32-908,2016-12-14 15:15:32-973
Success : LS : test2\a94a8fe5ccb19ba6\,0:-1,2016-12-14 15:15:33-054,2016-12-14 15:15:33-244
Success : CREATE_FILE : test2\a94a8fe5ccb19ba6\2a5bd02710e975a7\48FCD48B3138C27D,0:3069705,2016-12-14 15:15:33-319,2016-12-14 15:15:38-384
Success : LS : test2\a94a8fe5ccb19ba6\2a5bd02710e975a7\,0:-1,2016-12-14 15:15:38-531,2016-12-14 15:15:38-893
Success : CREATE_FILE : test2\a94a8fe5ccb19ba6\4E16394C41581C16,0:4079981,2016-12-14 15:15:39-013,2016-12-14 15:15:46-465
Success : LS : test2\a94a8fe5ccb19ba6\,0:-1,2016-12-14 15:15:46-592,2016-12-14 15:15:46-941
Success : CREATE_FILE : test2\a94a8fe5ccb19ba6\2a5bd02710e975a7\18A9A1647E6B1DDB,0:727660,2016-12-14 15:15:47-119,2016-12-14 15:15:47-980
Success : LS : test2\a94a8fe5ccb19ba6\2a5bd02710e975a7\,0:-1,2016-12-14 15:15:48-147,2016-12-14 15:15:49-185
Success : CREATE_FILE : test2\a94a8fe5ccb19ba6\2a5bd02710e975a7\34C603332E9C4A9D,0:1804913,2016-12-14 15:15:49-302,2016-12-14 15:15:52-252
Success : LS : test2\a94a8fe5ccb19ba6\2a5bd02710e975a7\,0:-1,2016-12-14 15:15:52-377,2016-12-14 15:15:52-553
Success : CREATE_FILE : test2\a94a8fe5ccb19ba6\75BE2F4921577FD6,0:1582255,2016-12-14 15:15:52-702,2016-12-14 15:15:54-874
Success : LS : test2\a94a8fe5ccb19ba6\,0:-1,2016-12-14 15:15:55-003,2016-12-14 15:15:55-650
Success : CREATE_FILE : test2\a94a8fe5ccb19ba6\2a5bd02710e975a7\14B619106A6F1960,0:1313003,2016-12-14 15:15:55-766,2016-12-14 15:15:58-461
Success : LS : test2\a94a8fe5ccb19ba6\2a5bd02710e975a7\,0:-1,2016-12-14 15:15:58-639,2016-12-14 15:15:59-362
Success : CREATE_FILE : test2\a94a8fe5ccb19ba6\43BB2DA77110EA36,0:3740652,2016-12-14 15:15:59-467,2016-12-14 15:16:05-070
Success : LS : test1\f71b43c3136efa4f\9f93e73d6896cb7b\,0:-1,2016-12-14 15:16:05-203,2016-12-14 15:16:05-273
Success : LS : test1\f71b43c3136efa4f\c7d9912886e5ccc7\,0:-1,2016-12-14 15:16:05-392,2016-12-14 15:16:05-463
Success : LS : test1\c5a5e5562b038073\0189424a5a60fed3\,0:-1,2016-12-14 15:16:05-541,2016-12-14 15:16:05-602
Success : SEQ_READ : test2\1a7683b6645f9b6a,0:14529,2016-12-14 15:16:05-678,2016-12-14 15:16:05-740
Fail : LS : test1,0:-1,2016-12-14 15:16:05-842,2016-12-14 15:16:05-842
Reason : java.lang.StringIndexOutOfBoundsException: String index out of range: -1
Success : LS : test1\c5a5e5562b038073\,0:-1,2016-12-14 15:16:05-961,2016-12-14 15:16:06-029
Success : LS : test2\a94a8fe5ccb19ba6\,0:-1,2016-12-14 15:16:06-151,2016-12-14 15:16:06-475
Success : LS : test2\a94a8fe5ccb19ba6\,0:-1,2016-12-14 15:16:06-593,2016-12-14 15:16:07-079
Success : CREATE_FILE : test2\a94a8fe5ccb19ba6\4F0BA94A31FF87DB,0:1212663,2016-12-14 15:16:07-158,2016-12-14 15:16:08-364
Success : LS : test2\a94a8fe5ccb19ba6\,0:-1,2016-12-14 15:16:08-490,2016-12-14 15:16:08-720
Success : CREATE_FILE : test2\a94a8fe5ccb19ba6\2a5bd02710e975a7\439C682318E6CEB0,0:1784999,2016-12-14 15:16:08-841,2016-12-14 15:16:14-587
Success : LS : test2\a94a8fe5ccb19ba6\2a5bd02710e975a7\,0:-1,2016-12-14 15:16:14-722,2016-12-14 15:16:15-084
Success : CREATE_FILE : test2\a94a8fe5ccb19ba6\2a5bd02710e975a7\6C8412446DF9028A,0:3728216,2016-12-14 15:16:15-209,2016-12-14 15:16:19-926
Success : LS : test2\a94a8fe5ccb19ba6\2a5bd02710e975a7\,0:-1,2016-12-14 15:16:20-046,2016-12-14 15:16:22-183
Success : CREATE_FILE : test2\a94a8fe5ccb19ba6\108C9DD87367D586,0:3362550,2016-12-14 15:16:22-373,2016-12-14 15:16:25-926
Success : LS : test2\a94a8fe5ccb19ba6\,0:-1,2016-12-14 15:16:26-157,2016-12-14 15:16:26-265
Success : CREATE_FILE : test2\a94a8fe5ccb19ba6\2a5bd02710e975a7\6E1CF05408D1413B,0:3326449,2016-12-14 15:16:26-343,2016-12-14 15:16:30-983
Success : LS : test2\a94a8fe5ccb19ba6\2a5bd02710e975a7\,0:-1,2016-12-14 15:16:31-097,2016-12-14 15:16:31-312
Success : CREATE_FILE : test2\a94a8fe5ccb19ba6\31920D6B2C88977F,0:3382589,2016-12-14 15:16:31-488,2016-12-14 15:16:36-910
Success : LS : test2\a94a8fe5ccb19ba6\,0:-1,2016-12-14 15:16:37-012,2016-12-14 15:16:37-457
Success : CREATE_FILE : test2\a94a8fe5ccb19ba6\66967C8152D88F32,0:3330540,2016-12-14 15:16:37-610,2016-12-14 15:16:41-461
Success : LS : test2\a94a8fe5ccb19ba6\,0:-1,2016-12-14 15:16:41-560,2016-12-14 15:16:45-252
Success : CREATE_FILE : test2\a94a8fe5ccb19ba6\2a5bd02710e975a7\51807C5609633C2C,0:1740169,2016-12-14 15:16:45-370,2016-12-14 15:16:46-823
Fail : LS : test1,0:-1,2016-12-14 15:16:46-949,2016-12-14 15:16:46-949
Reason : java.lang.StringIndexOutOfBoundsException: String index out of range: -1
Success : LS : test1\f71b43c3136efa4f\,0:-1,2016-12-14 15:16:47-036,2016-12-14 15:16:47-138
Fail : LS : test1,0:-1,2016-12-14 15:16:47-230,2016-12-14 15:16:47-231
Reason : java.lang.StringIndexOutOfBoundsException: String index out of range: -1
Success : LS : test1\c5a5e5562b038073\,0:-1,2016-12-14 15:16:47-351,2016-12-14 15:16:47-425
Success : SEQ_READ : test1\c5a5e5562b038073\f72cdbcd84f047a5,0:17893,2016-12-14 15:16:47-507,2016-12-14 15:16:47-569
Success : SEQ_READ : test1\c5a5e5562b038073\f72cdbcd84f047a5,0:17893,2016-12-14 15:16:47-643,2016-12-14 15:16:47-703
Success : LS : test2\a94a8fe5ccb19ba6\2a5bd02710e975a7\,0:-1,2016-12-14 15:16:47-776,2016-12-14 15:16:47-853
Success : LS : test1\f71b43c3136efa4f\52481749c0cdecd6\,0:-1,2016-12-14 15:16:47-953,2016-12-14 15:16:48-053
Success : LS : test2\a94a8fe5ccb19ba6\,0:-1,2016-12-14 15:16:48-146,2016-12-14 15:16:48-239
Success : SEQ_READ : test1\c5a5e5562b038073\b0c5d70d7f040bfa,0:17408,2016-12-14 15:16:48-338,2016-12-14 15:16:48-446
Success : LS : test1\f71b43c3136efa4f\9f93e73d6896cb7b\,0:-1,2016-12-14 15:16:48-568,2016-12-14 15:16:48-643
Success : LS : test2\a94a8fe5ccb19ba6\2a5bd02710e975a7\,0:-1,2016-12-14 15:16:48-730,2016-12-14 15:16:48-807
Success : CREATE_FILE : test2\a94a8fe5ccb19ba6\2a5bd02710e975a7\76F6C2FC5D9E93FC,0:1369962,2016-12-14 15:16:48-890,2016-12-14 15:16:54-521
Success : LS : test2\a94a8fe5ccb19ba6\2a5bd02710e975a7\,0:-1,2016-12-14 15:16:54-606,2016-12-14 15:16:54-760
Success : CREATE_FILE : test2\a94a8fe5ccb19ba6\5AFA66C95757A526,0:1481634,2016-12-14 15:16:54-844,2016-12-14 15:16:56-048
Success : LS : test2\a94a8fe5ccb19ba6\,0:-1,2016-12-14 15:16:56-174,2016-12-14 15:16:56-393
Success : CREATE_FILE : test2\a94a8fe5ccb19ba6\2a5bd02710e975a7\40A7C88A3F3FA0F8,0:550992,2016-12-14 15:16:56-503,2016-12-14 15:16:56-978
Success : SEQ_READ : test1\c5a5e5562b038073\0caa882bd1034750,0:324096,2016-12-14 15:16:57-103,2016-12-14 15:16:57-200
Success : LS : test1\c5a5e5562b038073\,0:-1,2016-12-14 15:16:57-303,2016-12-14 15:16:58-144
Success : LS : test2\a94a8fe5ccb19ba6\,0:-1,2016-12-14 15:16:58-243,2016-12-14 15:16:58-366
Success : SEQ_READ : test1\c5a5e5562b038073\f72cdbcd84f047a5,0:17893,2016-12-14 15:16:58-472,2016-12-14 15:16:59-306
Success : LS : test2\a94a8fe5ccb19ba6\2a5bd02710e975a7\,0:-1,2016-12-14 15:16:59-576,2016-12-14 15:17:00-489
Success : SEQ_READ : test1\c5a5e5562b038073\3c16ab634e85296e,0:105016,2016-12-14 15:17:00-609,2016-12-14 15:17:00-710
Success : LS : test1\f71b43c3136efa4f\c7d9912886e5ccc7\,0:-1,2016-12-14 15:17:00-803,2016-12-14 15:17:00-918
Success : LS : test2\a94a8fe5ccb19ba6\2a5bd02710e975a7\,0:-1,2016-12-14 15:17:00-996,2016-12-14 15:17:01-182
Success : CREATE_FILE : test2\a94a8fe5ccb19ba6\2a5bd02710e975a7\1B230AD570290EA9,0:2181227,2016-12-14 15:17:01-289,2016-12-14 15:17:04-344
Success : LS : test2\a94a8fe5ccb19ba6\2a5bd02710e975a7\,0:-1,2016-12-14 15:17:04-468,2016-12-14 15:17:04-741
Success : CREATE_FILE : test2\a94a8fe5ccb19ba6\2a5bd02710e975a7\001CE10912BCCA46,0:3939638,2016-12-14 15:17:04-827,2016-12-14 15:17:08-872
Success : LS : test2\a94a8fe5ccb19ba6\2a5bd02710e975a7\,0:-1,2016-12-14 15:17:09-002,2016-12-14 15:17:09-111
Success : CREATE_FILE : test2\a94a8fe5ccb19ba6\7CAF5EFC3612D0A3,0:3250885,2016-12-14 15:17:09-191,2016-12-14 15:17:14-146
Success : LS : test2\a94a8fe5ccb19ba6\,0:-1,2016-12-14 15:17:14-303,2016-12-14 15:17:14-470
Success : CREATE_FILE : test2\a94a8fe5ccb19ba6\2a5bd02710e975a7\6BB9671553D1104D,0:2137380,2016-12-14 15:17:14-578,2016-12-14 15:17:16-764
Success : LS : test2\a94a8fe5ccb19ba6\2a5bd02710e975a7\,0:-1,2016-12-14 15:17:16-885,2016-12-14 15:17:16-970
Success : CREATE_FILE : test2\a94a8fe5ccb19ba6\70937F627C11512A,0:2460398,2016-12-14 15:17:17-068,2016-12-14 15:17:20-755
Success : LS : test2\a94a8fe5ccb19ba6\,0:-1,2016-12-14 15:17:20-878,2016-12-14 15:17:21-724
Success : CREATE_FILE : test2\a94a8fe5ccb19ba6\2a5bd02710e975a7\29825CB100A02B49,0:2047628,2016-12-14 15:17:21-878,2016-12-14 15:17:24-251
Success : LS : test2\a94a8fe5ccb19ba6\2a5bd02710e975a7\,0:-1,2016-12-14 15:17:24-342,2016-12-14 15:17:24-836
Success : CREATE_FILE : test2\a94a8fe5ccb19ba6\1D833D925149791B,0:2343761,2016-12-14 15:17:24-949,2016-12-14 15:17:27-148
Success : LS : test1\f71b43c3136efa4f\52481749c0cdecd6\,0:-1,2016-12-14 15:17:27-273,2016-12-14 15:17:27-405
Success : SEQ_READ : test1\c5a5e5562b038073\05d1f0ed74e78555,0:69632,2016-12-14 15:17:27-527,2016-12-14 15:17:27-600
Success : LS : test1\c5a5e5562b038073\0189424a5a60fed3\,0:-1,2016-12-14 15:17:27-727,2016-12-14 15:17:27-799
Fail : LS : test1,0:-1,2016-12-14 15:17:27-880,2016-12-14 15:17:27-880
Reason : java.lang.StringIndexOutOfBoundsException: String index out of range: -1
Success : SEQ_READ : test2\a94a8fe5ccb19ba6\2a5bd02710e975a7\254d76d2609fec03,0:2291,2016-12-14 15:17:27-953,2016-12-14 15:17:28-051
Success : LS : test2\a94a8fe5ccb19ba6\2a5bd02710e975a7\,0:-1,2016-12-14 15:17:28-140,2016-12-14 15:17:28-267
Success : LS : test1\c5a5e5562b038073\0189424a5a60fed3\,0:-1,2016-12-14 15:17:28-373,2016-12-14 15:17:28-472
Success : LS : test2\a94a8fe5ccb19ba6\,0:-1,2016-12-14 15:17:28-591,2016-12-14 15:17:28-699
Success : LS : test2\a94a8fe5ccb19ba6\,0:-1,2016-12-14 15:17:28-823,2016-12-14 15:17:28-919
Success : LS : test2\a94a8fe5ccb19ba6\2a5bd02710e975a7\,0:-1,2016-12-14 15:17:29-054,2016-12-14 15:17:29-147
Success : LS : test1\f71b43c3136efa4f\52481749c0cdecd6\,0:-1,2016-12-14 15:17:29-230,2016-12-14 15:17:29-299
Success : LS : test2\a94a8fe5ccb19ba6\,0:-1,2016-12-14 15:17:29-391,2016-12-14 15:17:29-537
Success : CREATE_FILE : test2\a94a8fe5ccb19ba6\58A4DA5E4BEA40B5,0:1479483,2016-12-14 15:17:29-637,2016-12-14 15:17:30-948
Success : LS : test2\a94a8fe5ccb19ba6\,0:-1,2016-12-14 15:17:31-066,2016-12-14 15:17:31-382
Success : CREATE_FILE : test2\a94a8fe5ccb19ba6\2a5bd02710e975a7\08F5727138798961,0:3102998,2016-12-14 15:17:31-466,2016-12-14 15:17:34-973
Success : LS : test2\a94a8fe5ccb19ba6\2a5bd02710e975a7\,0:-1,2016-12-14 15:17:35-099,2016-12-14 15:17:35-393
Success : CREATE_FILE : test2\a94a8fe5ccb19ba6\53B17AD720054318,0:1830037,2016-12-14 15:17:35-501,2016-12-14 15:17:38-196
Success : LS : test2\a94a8fe5ccb19ba6\,0:-1,2016-12-14 15:17:38-318,2016-12-14 15:17:38-596
Success : CREATE_FILE : test2\a94a8fe5ccb19ba6\3EC317EE048375D5,0:1549036,2016-12-14 15:17:38-677,2016-12-14 15:17:40-235
Success : LS : test1\c5a5e5562b038073\,0:-1,2016-12-14 15:17:40-360,2016-12-14 15:17:40-448
Success : SEQ_READ : test1\c5a5e5562b038073\6670af231c096f09,0:46,2016-12-14 15:17:40-538,2016-12-14 15:17:40-624
Success : LS : test2\a94a8fe5ccb19ba6\,0:-1,2016-12-14 15:17:40-713,2016-12-14 15:17:40-804
Success : LS : test1\f71b43c3136efa4f\9f93e73d6896cb7b\,0:-1,2016-12-14 15:17:40-881,2016-12-14 15:17:40-947
Success : LS : test1\f71b43c3136efa4f\c7d9912886e5ccc7\,0:-1,2016-12-14 15:17:41-046,2016-12-14 15:17:41-117
Success : SEQ_READ : test2\bc9c8ba7ff351f3e,0:217984,2016-12-14 15:17:41-205,2016-12-14 15:17:41-306
Success : LS : test1\c5a5e5562b038073\a39ea9c72a98de10\,0:-1,2016-12-14 15:17:41-400,2016-12-14 15:17:41-465
Success : LS : test1\f71b43c3136efa4f\52481749c0cdecd6\,0:-1,2016-12-14 15:17:41-580,2016-12-14 15:17:41-641
Success : LS : test1\f71b43c3136efa4f\9f93e73d6896cb7b\,0:-1,2016-12-14 15:17:41-718,2016-12-14 15:17:41-779
Success : LS : test2\a94a8fe5ccb19ba6\2a5bd02710e975a7\,0:-1,2016-12-14 15:17:41-887,2016-12-14 15:17:42-005
Success : LS : test1\f71b43c3136efa4f\,0:-1,2016-12-14 15:17:42-114,2016-12-14 15:17:42-198
Fail : LS : test1,0:-1,2016-12-14 15:17:42-309,2016-12-14 15:17:42-309
Reason : java.lang.StringIndexOutOfBoundsException: String index out of range: -1
Success : LS : test2\a94a8fe5ccb19ba6\2a5bd02710e975a7\,0:-1,2016-12-14 15:17:42-392,2016-12-14 15:17:42-611
Success : LS : test2\a94a8fe5ccb19ba6\,0:-1,2016-12-14 15:17:42-706,2016-12-14 15:17:43-078
Success : LS : test2\a94a8fe5ccb19ba6\,0:-1,2016-12-14 15:17:43-218,2016-12-14 15:17:43-325
Success : CREATE_FILE : test2\a94a8fe5ccb19ba6\56B2D56109AF8F84,0:278190,2016-12-14 15:17:43-418,2016-12-14 15:17:43-922
Success : LS : test2\a94a8fe5ccb19ba6\2a5bd02710e975a7\,0:-1,2016-12-14 15:17:44-048,2016-12-14 15:17:44-284
Success : LS : test2\a94a8fe5ccb19ba6\,0:-1,2016-12-14 15:17:44-361,2016-12-14 15:17:44-452
Fail : LS : test1,0:-1,2016-12-14 15:17:44-541,2016-12-14 15:17:44-541
Reason : java.lang.StringIndexOutOfBoundsException: String index out of range: -1
Success : LS : test1\c5a5e5562b038073\,0:-1,2016-12-14 15:17:44-623,2016-12-14 15:17:44-686
Success : LS : test1\f71b43c3136efa4f\c7d9912886e5ccc7\,0:-1,2016-12-14 15:17:44-764,2016-12-14 15:17:44-827
Success : LS : test1\f71b43c3136efa4f\,0:-1,2016-12-14 15:17:44-972,2016-12-14 15:17:45-238
Success : LS : test1\f71b43c3136efa4f\c7d9912886e5ccc7\,0:-1,2016-12-14 15:17:45-318,2016-12-14 15:17:45-381
Success : LS : test1\f71b43c3136efa4f\52481749c0cdecd6\,0:-1,2016-12-14 15:17:45-461,2016-12-14 15:17:45-523
Success : LS : test2\a94a8fe5ccb19ba6\2a5bd02710e975a7\,0:-1,2016-12-14 15:17:45-600,2016-12-14 15:17:45-679
Success : LS : test2\a94a8fe5ccb19ba6\2a5bd02710e975a7\,0:-1,2016-12-14 15:17:45-761,2016-12-14 15:17:45-844
Success : LS : test2\a94a8fe5ccb19ba6\,0:-1,2016-12-14 15:17:45-921,2016-12-14 15:17:46-319
Success : CREATE_FILE : test2\a94a8fe5ccb19ba6\64D7E2E43219492B,0:1561081,2016-12-14 15:17:46-402,2016-12-14 15:17:48-127
Success : LS : test2\a94a8fe5ccb19ba6\,0:-1,2016-12-14 15:17:48-242,2016-12-14 15:17:48-688
Success : CREATE_FILE : test2\a94a8fe5ccb19ba6\55324AE15095B99E,0:1928429,2016-12-14 15:17:48-803,2016-12-14 15:17:50-938
Success : LS : test2\a94a8fe5ccb19ba6\,0:-1,2016-12-14 15:17:51-060,2016-12-14 15:17:51-169
Success : CREATE_FILE : test2\a94a8fe5ccb19ba6\2D2B58AF4DAE1E50,0:2542823,2016-12-14 15:17:51-272,2016-12-14 15:17:53-929
Success : LS : test2\a94a8fe5ccb19ba6\,0:-1,2016-12-14 15:17:54-051,2016-12-14 15:17:54-147
Success : CREATE_FILE : test2\a94a8fe5ccb19ba6\2a5bd02710e975a7\02C79C2A3B27D8F7,0:588430,2016-12-14 15:17:54-222,2016-12-14 15:17:55-190
Success : LS : test1\f71b43c3136efa4f\,0:-1,2016-12-14 15:17:55-321,2016-12-14 15:17:55-425
Fail : LS : test1,0:-1,2016-12-14 15:17:55-518,2016-12-14 15:17:55-518
Reason : java.lang.StringIndexOutOfBoundsException: String index out of range: -1
Success : LS : test1\f71b43c3136efa4f\83404ffd78f534ff\,0:-1,2016-12-14 15:17:55-598,2016-12-14 15:17:55-662
Success : LS : test1\c5a5e5562b038073\,0:-1,2016-12-14 15:17:55-739,2016-12-14 15:17:55-805
Success : LS : test1\f71b43c3136efa4f\52481749c0cdecd6\,0:-1,2016-12-14 15:17:55-881,2016-12-14 15:17:55-945
Success : LS : test2\a94a8fe5ccb19ba6\,0:-1,2016-12-14 15:17:56-022,2016-12-14 15:17:56-116
Success : LS : test1\c5a5e5562b038073\0189424a5a60fed3\,0:-1,2016-12-14 15:17:56-194,2016-12-14 15:17:56-263
Success : LS : test1\c5a5e5562b038073\0189424a5a60fed3\,0:-1,2016-12-14 15:17:56-341,2016-12-14 15:17:56-405
Success : LS : test1\f71b43c3136efa4f\83404ffd78f534ff\,0:-1,2016-12-14 15:17:56-488,2016-12-14 15:17:56-622
Success : LS : test2\a94a8fe5ccb19ba6\2a5bd02710e975a7\,0:-1,2016-12-14 15:17:56-702,2016-12-14 15:17:56-781
Success : CREATE_FILE : test2\a94a8fe5ccb19ba6\3FB3859B457A1B85,0:3883959,2016-12-14 15:17:56-858,2016-12-14 15:18:00-941
Success : LS : test2\a94a8fe5ccb19ba6\,0:-1,2016-12-14 15:18:01-065,2016-12-14 15:18:01-267
Success : CREATE_FILE : test2\a94a8fe5ccb19ba6\6DC9564C6AB738BD,0:3146026,2016-12-14 15:18:01-367,2016-12-14 15:18:04-597
Success : LS : test2\a94a8fe5ccb19ba6\,0:-1,2016-12-14 15:18:04-676,2016-12-14 15:18:04-766
Success : CREATE_FILE : test2\a94a8fe5ccb19ba6\2a5bd02710e975a7\2E4A73DD667904F1,0:3093517,2016-12-14 15:18:04-846,2016-12-14 15:18:08-174
Success : LS : test2\a94a8fe5ccb19ba6\2a5bd02710e975a7\,0:-1,2016-12-14 15:18:08-296,2016-12-14 15:18:08-415
Success : CREATE_FILE : test2\a94a8fe5ccb19ba6\674929B9029ECA3D,0:556496,2016-12-14 15:18:08-539,2016-12-14 15:18:09-208
Success : LS : test2\a94a8fe5ccb19ba6\,0:-1,2016-12-14 15:18:09-332,2016-12-14 15:18:09-551
Success : CREATE_FILE : test2\a94a8fe5ccb19ba6\0A7CFEFD795FD9E1,0:1252992,2016-12-14 15:18:09-668,2016-12-14 15:18:10-743
Success : LS : test2\a94a8fe5ccb19ba6\,0:-1,2016-12-14 15:18:10-872,2016-12-14 15:18:11-198
Success : CREATE_FILE : test2\a94a8fe5ccb19ba6\2a5bd02710e975a7\3CCEE1823C19C69B,0:1863502,2016-12-14 15:18:11-321,2016-12-14 15:18:14-800
Success : SEQ_READ : test2\a94a8fe5ccb19ba6\2a5bd02710e975a7\3eef580036f1724a,0:257,2016-12-14 15:18:14-918,2016-12-14 15:18:15-021
Success : SEQ_READ : test2\bc9c8ba7ff351f3e,0:217984,2016-12-14 15:18:15-114,2016-12-14 15:18:15-228
Success : LS : test2\a94a8fe5ccb19ba6\2a5bd02710e975a7\,0:-1,2016-12-14 15:18:15-310,2016-12-14 15:18:15-388
Success : LS : test1\f71b43c3136efa4f\,0:-1,2016-12-14 15:18:15-489,2016-12-14 15:18:15-554
Success : LS : test1\c5a5e5562b038073\0189424a5a60fed3\,0:-1,2016-12-14 15:18:15-662,2016-12-14 15:18:15-732
Success : SEQ_READ : test1\c5a5e5562b038073\a39ea9c72a98de10\11562aa867a5f398,0:2752,2016-12-14 15:18:15-850,2016-12-14 15:18:15-953
Success : LS : test1\f71b43c3136efa4f\c7d9912886e5ccc7\,0:-1,2016-12-14 15:18:16-079,2016-12-14 15:18:16-153
Success : LS : test2\a94a8fe5ccb19ba6\,0:-1,2016-12-14 15:18:16-231,2016-12-14 15:18:16-363
Success : LS : test2\a94a8fe5ccb19ba6\2a5bd02710e975a7\,0:-1,2016-12-14 15:18:16-472,2016-12-14 15:18:16-556
Success : LS : test2\a94a8fe5ccb19ba6\2a5bd02710e975a7\,0:-1,2016-12-14 15:18:16-658,2016-12-14 15:18:16-743
Success : CREATE_FILE : test2\a94a8fe5ccb19ba6\6FF08D7F6953F198,0:3650948,2016-12-14 15:18:16-862,2016-12-14 15:18:21-786
Success : LS : test2\a94a8fe5ccb19ba6\,0:-1,2016-12-14 15:18:21-914,2016-12-14 15:18:22-115
Success : CREATE_FILE : test2\a94a8fe5ccb19ba6\2a5bd02710e975a7\668C3DEB5DC7679D,0:3870142,2016-12-14 15:18:22-220,2016-12-14 15:18:27-131
Success : LS : test2\a94a8fe5ccb19ba6\2a5bd02710e975a7\,0:-1,2016-12-14 15:18:27-253,2016-12-14 15:18:27-347
Success : CREATE_FILE : test2\a94a8fe5ccb19ba6\145AB39D28430035,0:2750205,2016-12-14 15:18:27-471,2016-12-14 15:18:30-110
Success : LS : test2\a94a8fe5ccb19ba6\,0:-1,2016-12-14 15:18:30-233,2016-12-14 15:18:30-364
Success : CREATE_FILE : test2\a94a8fe5ccb19ba6\631884F82509B8AA,0:25140,2016-12-14 15:18:30-491,2016-12-14 15:18:30-889
Success : LS : test2\a94a8fe5ccb19ba6\,0:-1,2016-12-14 15:18:31-014,2016-12-14 15:18:31-148
Success : CREATE_FILE : test2\a94a8fe5ccb19ba6\5463C5014F36AE72,0:2928570,2016-12-14 15:18:31-241,2016-12-14 15:18:34-051
Success : LS : test2\a94a8fe5ccb19ba6\,0:-1,2016-12-14 15:18:34-168,2016-12-14 15:18:34-347
Success : CREATE_FILE : test2\a94a8fe5ccb19ba6\2AAB16BA3D7AE349,0:1144690,2016-12-14 15:18:34-470,2016-12-14 15:18:35-436
Success : LS : test2\a94a8fe5ccb19ba6\,0:-1,2016-12-14 15:18:35-562,2016-12-14 15:18:35-680
