Success : SEQ_READ : test2\acde102dac5bbe15,0:0,2016-12-17 10:46:14-686,2016-12-17 10:46:14-698
Success : SEQ_READ : test2\acde102dac5bbe15,0:3072,2016-12-17 10:46:14-698,2016-12-17 10:46:14-707
Success : SEQ_READ : test2\49f03965cf98b1f5,0:0,2016-12-17 10:46:14-707,2016-12-17 10:46:14-718
Success : SEQ_READ : test2\a94a8fe5ccb19ba6\4b6fcb2d521ef0fd,0:1024,2016-12-17 10:46:14-719,2016-12-17 10:46:14-729
Success : SEQ_READ : test2\a94a8fe5ccb19ba6\2a5bd02710e975a7\178db47a574c645f,0:257,2016-12-17 10:46:14-729,2016-12-17 10:46:14-739
Success : CREATE_FILE : test2\a94a8fe5ccb19ba6\3F9C3172216EFAD8,0:1785702,2016-12-17 10:46:14-740,2016-12-17 10:46:14-754
Success : LS : test2\a94a8fe5ccb19ba6\,0:-1,2016-12-17 10:46:14-755,2016-12-17 10:46:14-770
Fail : CREATE_FILE : test2\a94a8fe5ccb19ba6\2a5bd02710e975a7\759D79C7673DDA03,0:2424732,2016-12-17 10:46:14-771,2016-12-17 10:46:14-777
Reason : newTester.DHTException: no result
Success : LS : test2\a94a8fe5ccb19ba6\2a5bd02710e975a7\,0:-1,2016-12-17 10:46:14-778,2016-12-17 10:46:14-788
Success : CREATE_FILE : test2\a94a8fe5ccb19ba6\2a5bd02710e975a7\1FE758BC2446FA87,0:3209163,2016-12-17 10:46:14-789,2016-12-17 10:46:14-800
Success : SEQ_READ : test1\c5a5e5562b038073\c7abaf0419c47a1d,0:750592,2016-12-17 10:46:14-801,2016-12-17 10:46:14-811
Success : SEQ_READ : test1\c5a5e5562b038073\f72cdbcd84f047a5,0:16384,2016-12-17 10:46:14-811,2016-12-17 10:46:14-821
Success : SEQ_READ : test2\a94a8fe5ccb19ba6\2a5bd02710e975a7\178db47a574c645f,0:257,2016-12-17 10:46:14-822,2016-12-17 10:46:14-832
Success : LS : test2\a94a8fe5ccb19ba6\2a5bd02710e975a7\,0:-1,2016-12-17 10:46:14-832,2016-12-17 10:46:14-840
Success : CREATE_FILE : test2\a94a8fe5ccb19ba6\5537A1167FA01665,0:3022980,2016-12-17 10:46:14-841,2016-12-17 10:46:14-849
Success : LS : test2\a94a8fe5ccb19ba6\,0:-1,2016-12-17 10:46:14-850,2016-12-17 10:46:14-858
Success : CREATE_FILE : test2\a94a8fe5ccb19ba6\1593C7701580748D,0:2886241,2016-12-17 10:46:14-859,2016-12-17 10:46:14-871
Success : LS : test2\a94a8fe5ccb19ba6\,0:-1,2016-12-17 10:46:14-871,2016-12-17 10:46:14-884
Success : CREATE_FILE : test2\a94a8fe5ccb19ba6\2a5bd02710e975a7\17B78583779A364A,0:1824712,2016-12-17 10:46:14-884,2016-12-17 10:46:14-892
Success : LS : test2\a94a8fe5ccb19ba6\2a5bd02710e975a7\,0:-1,2016-12-17 10:46:14-892,2016-12-17 10:46:14-903
Success : CREATE_FILE : test2\a94a8fe5ccb19ba6\217734CE5939EF46,0:397465,2016-12-17 10:46:14-904,2016-12-17 10:46:14-911
Success : SEQ_READ : test1\c5a5e5562b038073\0caa882bd1034750,0:205824,2016-12-17 10:46:14-911,2016-12-17 10:46:14-924
Fail : SEQ_READ : test2\a94a8fe5ccb19ba6\2a5bd02710e975a7\3eef580036f1724a,0:257,2016-12-17 10:46:14-924,2016-12-17 10:46:14-936
Reason : newTester.DHTException: no result
Success : SEQ_READ : test1\c5a5e5562b038073\a39ea9c72a98de10\41288c58009f7f6a,0:477,2016-12-17 10:46:14-936,2016-12-17 10:46:14-949
Success : SEQ_READ : test2\acde102dac5bbe15,0:3072,2016-12-17 10:46:14-950,2016-12-17 10:46:14-960
Success : SEQ_READ : test2\6c33a983eec1b409,0:0,2016-12-17 10:46:14-960,2016-12-17 10:46:14-974
Success : LS : test2\a94a8fe5ccb19ba6\,0:-1,2016-12-17 10:46:14-974,2016-12-17 10:46:14-988
Success : CREATE_FILE : test2\a94a8fe5ccb19ba6\7FEFFE3163EBC1C2,0:2533696,2016-12-17 10:46:14-989,2016-12-17 10:46:15-001
Success : LS : test2\a94a8fe5ccb19ba6\,0:-1,2016-12-17 10:46:15-002,2016-12-17 10:46:15-016
Success : CREATE_FILE : test2\a94a8fe5ccb19ba6\2a5bd02710e975a7\6967EDC71D1C330A,0:3296492,2016-12-17 10:46:15-016,2016-12-17 10:46:15-031
Success : SEQ_READ : test1\f71b43c3136efa4f\c7d9912886e5ccc7\6670af231c096f09,0:129,2016-12-17 10:46:15-031,2016-12-17 10:46:15-045
Success : SEQ_READ : test2\49f03965cf98b1f5,0:1024,2016-12-17 10:46:15-045,2016-12-17 10:46:15-058
Success : SEQ_READ : test1\c5a5e5562b038073\fbe0d7653f0909cb,0:0,2016-12-17 10:46:15-058,2016-12-17 10:46:15-086
Success : LS : test2\a94a8fe5ccb19ba6\2a5bd02710e975a7\,0:-1,2016-12-17 10:46:15-086,2016-12-17 10:46:15-102
Success : CREATE_FILE : test2\a94a8fe5ccb19ba6\61C593F75141BEA9,0:2395387,2016-12-17 10:46:15-103,2016-12-17 10:46:15-115
Success : LS : test2\a94a8fe5ccb19ba6\,0:-1,2016-12-17 10:46:15-116,2016-12-17 10:46:15-133
Success : CREATE_FILE : test2\a94a8fe5ccb19ba6\5C2E041B5CA39A57,0:2750485,2016-12-17 10:46:15-133,2016-12-17 10:46:15-141
Success : LS : test2\a94a8fe5ccb19ba6\,0:-1,2016-12-17 10:46:15-142,2016-12-17 10:46:15-153
Fail : CREATE_FILE : test2\a94a8fe5ccb19ba6\2a5bd02710e975a7\77F120B629A99280,0:1371330,2016-12-17 10:46:15-153,2016-12-17 10:46:15-168
Reason : newTester.DHTException: no result
Success : LS : test2\a94a8fe5ccb19ba6\2a5bd02710e975a7\,0:-1,2016-12-17 10:46:15-168,2016-12-17 10:46:15-184
Success : CREATE_FILE : test2\a94a8fe5ccb19ba6\3AC721175FD4980A,0:4088165,2016-12-17 10:46:15-185,2016-12-17 10:46:15-202
Success : SEQ_READ : test1\c5a5e5562b038073\3c16ab634e85296e,0:93184,2016-12-17 10:46:15-203,2016-12-17 10:46:15-214
Success : SEQ_READ : test1\c5a5e5562b038073\c7734a16bf12bb03,0:111616,2016-12-17 10:46:15-214,2016-12-17 10:46:15-221
Success : SEQ_READ : test2\a94a8fe5ccb19ba6\2a5bd02710e975a7\254d76d2609fec03,0:1024,2016-12-17 10:46:15-221,2016-12-17 10:46:15-229
Success : LS : test2\a94a8fe5ccb19ba6\,0:-1,2016-12-17 10:46:15-229,2016-12-17 10:46:15-238
Success : CREATE_FILE : test2\a94a8fe5ccb19ba6\0F90A70C2AF94466,0:444101,2016-12-17 10:46:15-238,2016-12-17 10:46:15-246
Success : LS : test2\a94a8fe5ccb19ba6\,0:-1,2016-12-17 10:46:15-247,2016-12-17 10:46:15-255
Success : CREATE_FILE : test2\a94a8fe5ccb19ba6\466EF6E55048F353,0:2492381,2016-12-17 10:46:15-255,2016-12-17 10:46:15-265
Success : LS : test2\a94a8fe5ccb19ba6\,0:-1,2016-12-17 10:46:15-265,2016-12-17 10:46:15-282
Success : CREATE_FILE : test2\a94a8fe5ccb19ba6\2a5bd02710e975a7\25234A394D36E2E6,0:3332235,2016-12-17 10:46:15-282,2016-12-17 10:46:15-290
Success : SEQ_READ : test1\9832710c94f11d2b,0:29046784,2016-12-17 10:46:15-290,2016-12-17 10:46:15-301
Success : SEQ_READ : test1\c5a5e5562b038073\0189424a5a60fed3\46a8219c2ae6c782,0:702464,2016-12-17 10:46:15-301,2016-12-17 10:46:15-311
Success : LS : test2\a94a8fe5ccb19ba6\2a5bd02710e975a7\,0:-1,2016-12-17 10:46:15-311,2016-12-17 10:46:15-322
Success : CREATE_FILE : test2\a94a8fe5ccb19ba6\299FB0BB63FE4191,0:365453,2016-12-17 10:46:15-322,2016-12-17 10:46:15-331
Success : LS : test2\a94a8fe5ccb19ba6\,0:-1,2016-12-17 10:46:15-331,2016-12-17 10:46:15-343
Fail : CREATE_FILE : test2\a94a8fe5ccb19ba6\2C7C72174C843B4B,0:2984110,2016-12-17 10:46:15-343,2016-12-17 10:46:15-358
Reason : newTester.DHTException: no result
Success : LS : test2\a94a8fe5ccb19ba6\,0:-1,2016-12-17 10:46:15-358,2016-12-17 10:46:15-371
Success : CREATE_FILE : test2\a94a8fe5ccb19ba6\2a5bd02710e975a7\5117FE4130DC1E37,0:3401102,2016-12-17 10:46:15-371,2016-12-17 10:46:15-388
Success : LS : test2\a94a8fe5ccb19ba6\2a5bd02710e975a7\,0:-1,2016-12-17 10:46:15-388,2016-12-17 10:46:15-401
Success : CREATE_FILE : test2\a94a8fe5ccb19ba6\2a5bd02710e975a7\7BC3D15E75913D93,0:2625387,2016-12-17 10:46:15-401,2016-12-17 10:46:15-411
Success : LS : test2\a94a8fe5ccb19ba6\2a5bd02710e975a7\,0:-1,2016-12-17 10:46:15-412,2016-12-17 10:46:15-429
Success : CREATE_FILE : test2\a94a8fe5ccb19ba6\45A6C0CF5C882B3D,0:2930648,2016-12-17 10:46:15-429,2016-12-17 10:46:15-443
Success : SEQ_READ : test1\f71b43c3136efa4f\52481749c0cdecd6\6670af231c096f09,0:129,2016-12-17 10:46:15-443,2016-12-17 10:46:15-460
Success : SEQ_READ : test1\c5a5e5562b038073\b0c5d70d7f040bfa,0:12288,2016-12-17 10:46:15-460,2016-12-17 10:46:15-502
Success : SEQ_READ : test1\c5a5e5562b038073\0189424a5a60fed3\46a8219c2ae6c782,0:1312768,2016-12-17 10:46:15-502,2016-12-17 10:46:15-511
Fail : SEQ_READ : test1\c5a5e5562b038073\7b7f22b30cf50087,0:0,2016-12-17 10:46:15-512,2016-12-17 10:46:15-523
Reason : newTester.DHTException: no result
Success : LS : test2\a94a8fe5ccb19ba6\,0:-1,2016-12-17 10:46:15-523,2016-12-17 10:46:15-539
Success : CREATE_FILE : test2\a94a8fe5ccb19ba6\45E519C758244000,0:2583596,2016-12-17 10:46:15-540,2016-12-17 10:46:15-554
Success : LS : test2\a94a8fe5ccb19ba6\,0:-1,2016-12-17 10:46:15-554,2016-12-17 10:46:15-572
Success : CREATE_FILE : test2\a94a8fe5ccb19ba6\2a5bd02710e975a7\312F4BCD01091559,0:3092923,2016-12-17 10:46:15-573,2016-12-17 10:46:15-590
Success : LS : test2\a94a8fe5ccb19ba6\2a5bd02710e975a7\,0:-1,2016-12-17 10:46:15-590,2016-12-17 10:46:15-606
Success : CREATE_FILE : test2\a94a8fe5ccb19ba6\2a5bd02710e975a7\7D37B49433F58CB2,0:3457185,2016-12-17 10:46:15-606,2016-12-17 10:46:15-623
Success : SEQ_READ : test1\c5a5e5562b038073\738537f9a40e568b,0:11264,2016-12-17 10:46:15-623,2016-12-17 10:46:15-639
Fail : SEQ_READ : test2\8da7cc13802eefe0,0:20544512,2016-12-17 10:46:15-639,2016-12-17 10:46:15-654
Reason : newTester.DHTException: no result
Success : LS : test2\a94a8fe5ccb19ba6\2a5bd02710e975a7\,0:-1,2016-12-17 10:46:15-654,2016-12-17 10:46:15-670
Success : CREATE_FILE : test2\a94a8fe5ccb19ba6\22724CB0614C2B65,0:1386915,2016-12-17 10:46:15-670,2016-12-17 10:46:15-683
Success : LS : test2\a94a8fe5ccb19ba6\,0:-1,2016-12-17 10:46:15-683,2016-12-17 10:46:15-700
Success : CREATE_FILE : test2\a94a8fe5ccb19ba6\2a5bd02710e975a7\0F13216A50B8DE78,0:2822612,2016-12-17 10:46:15-701,2016-12-17 10:46:15-715
Success : LS : test2\a94a8fe5ccb19ba6\2a5bd02710e975a7\,0:-1,2016-12-17 10:46:15-715,2016-12-17 10:46:15-731
Success : CREATE_FILE : test2\a94a8fe5ccb19ba6\020DCE853F2B96A4,0:697749,2016-12-17 10:46:15-731,2016-12-17 10:46:15-758
Success : SEQ_READ : test1\c5a5e5562b038073\2015a7ab48ae9a58,0:15360,2016-12-17 10:46:15-758,2016-12-17 10:46:15-771
Success : SEQ_READ : test2\1a7683b6645f9b6a,0:6144,2016-12-17 10:46:15-771,2016-12-17 10:46:15-781
Success : LS : test2\a94a8fe5ccb19ba6\,0:-1,2016-12-17 10:46:15-782,2016-12-17 10:46:15-801
Fail : CREATE_FILE : test2\a94a8fe5ccb19ba6\0DC27BC557F4818D,0:3077674,2016-12-17 10:46:15-802,2016-12-17 10:46:15-813
Reason : newTester.DHTException: no result
Success : LS : test2\a94a8fe5ccb19ba6\,0:-1,2016-12-17 10:46:15-813,2016-12-17 10:46:15-829
Success : CREATE_FILE : test2\a94a8fe5ccb19ba6\2a5bd02710e975a7\46C3E1530409F367,0:1796423,2016-12-17 10:46:15-829,2016-12-17 10:46:15-846
Success : LS : test2\a94a8fe5ccb19ba6\2a5bd02710e975a7\,0:-1,2016-12-17 10:46:15-846,2016-12-17 10:46:15-864
Success : CREATE_FILE : test2\a94a8fe5ccb19ba6\2a5bd02710e975a7\049215BD7FA760B4,0:37083,2016-12-17 10:46:15-864,2016-12-17 10:46:15-875
Success : LS : test2\a94a8fe5ccb19ba6\2a5bd02710e975a7\,0:-1,2016-12-17 10:46:15-875,2016-12-17 10:46:15-886
Success : CREATE_FILE : test2\a94a8fe5ccb19ba6\14CD14272FB195BD,0:3036036,2016-12-17 10:46:15-886,2016-12-17 10:46:15-898
Success : SEQ_READ : test2\6c33a983eec1b409,0:2048,2016-12-17 10:46:15-898,2016-12-17 10:46:15-909
Success : LS : test2\a94a8fe5ccb19ba6\,0:-1,2016-12-17 10:46:15-910,2016-12-17 10:46:15-924
Success : CREATE_FILE : test2\a94a8fe5ccb19ba6\7B4EECB101BB64F5,0:3470402,2016-12-17 10:46:15-924,2016-12-17 10:46:15-938
Success : LS : test2\a94a8fe5ccb19ba6\,0:-1,2016-12-17 10:46:15-938,2016-12-17 10:46:15-952
Success : CREATE_FILE : test2\a94a8fe5ccb19ba6\70A34A3F4DDAAEC7,0:3656128,2016-12-17 10:46:15-953,2016-12-17 10:46:15-968
Success : LS : test2\a94a8fe5ccb19ba6\,0:-1,2016-12-17 10:46:15-968,2016-12-17 10:46:15-990
Success : CREATE_FILE : test2\a94a8fe5ccb19ba6\2a5bd02710e975a7\2D19743C5FDB444D,0:4006650,2016-12-17 10:46:15-991,2016-12-17 10:46:16-006
Success : LS : test2\a94a8fe5ccb19ba6\2a5bd02710e975a7\,0:-1,2016-12-17 10:46:16-006,2016-12-17 10:46:16-021
Success : CREATE_FILE : test2\a94a8fe5ccb19ba6\44F356B90C3AB243,0:2373423,2016-12-17 10:46:16-021,2016-12-17 10:46:16-034
Success : LS : test2\a94a8fe5ccb19ba6\,0:-1,2016-12-17 10:46:16-035,2016-12-17 10:46:16-049
Fail : CREATE_FILE : test2\a94a8fe5ccb19ba6\2a5bd02710e975a7\5415197D518325B6,0:2490208,2016-12-17 10:46:16-050,2016-12-17 10:46:16-063
Reason : newTester.DHTException: no result
Success : LS : test2\a94a8fe5ccb19ba6\2a5bd02710e975a7\,0:-1,2016-12-17 10:46:16-063,2016-12-17 10:46:16-076
Success : CREATE_FILE : test2\a94a8fe5ccb19ba6\2FA21EEC12C8AFC7,0:3719828,2016-12-17 10:46:16-076,2016-12-17 10:46:16-095
Success : LS : test2\a94a8fe5ccb19ba6\,0:-1,2016-12-17 10:46:16-095,2016-12-17 10:46:16-109
Success : CREATE_FILE : test2\a94a8fe5ccb19ba6\16B4DC4C2A532902,0:3271779,2016-12-17 10:46:16-110,2016-12-17 10:46:16-125
Success : LS : test2\a94a8fe5ccb19ba6\,0:-1,2016-12-17 10:46:16-125,2016-12-17 10:46:16-141
Success : CREATE_FILE : test2\a94a8fe5ccb19ba6\173566D003CFA9BF,0:1079900,2016-12-17 10:46:16-141,2016-12-17 10:46:16-153
Success : LS : test2\a94a8fe5ccb19ba6\,0:-1,2016-12-17 10:46:16-153,2016-12-17 10:46:16-169
Success : CREATE_FILE : test2\a94a8fe5ccb19ba6\2a5bd02710e975a7\4E304D6309E331AA,0:538929,2016-12-17 10:46:16-169,2016-12-17 10:46:16-181
Success : LS : test2\a94a8fe5ccb19ba6\2a5bd02710e975a7\,0:-1,2016-12-17 10:46:16-182,2016-12-17 10:46:16-196
Fail : CREATE_FILE : test2\a94a8fe5ccb19ba6\1C1248C66BAB0842,0:3624428,2016-12-17 10:46:16-196,2016-12-17 10:46:16-212
Reason : newTester.DHTException: no result
Success : LS : test2\a94a8fe5ccb19ba6\,0:-1,2016-12-17 10:46:16-212,2016-12-17 10:46:16-230
Success : CREATE_FILE : test2\a94a8fe5ccb19ba6\2a5bd02710e975a7\16EA84B94669AC60,0:3794238,2016-12-17 10:46:16-230,2016-12-17 10:46:16-244
Fail : SEQ_READ : test2\a94a8fe5ccb19ba6\2a5bd02710e975a7\3eef580036f1724a,0:257,2016-12-17 10:46:16-244,2016-12-17 10:46:16-259
Reason : newTester.DHTException: no result
Success : SEQ_READ : test2\bc9c8ba7ff351f3e,0:134144,2016-12-17 10:46:16-259,2016-12-17 10:46:16-281
Success : LS : test2\a94a8fe5ccb19ba6\2a5bd02710e975a7\,0:-1,2016-12-17 10:46:16-281,2016-12-17 10:46:16-296
Success : CREATE_FILE : test2\a94a8fe5ccb19ba6\2a5bd02710e975a7\535CF6A15BDF7609,0:3089404,2016-12-17 10:46:16-297,2016-12-17 10:46:16-313
Success : LS : test2\a94a8fe5ccb19ba6\2a5bd02710e975a7\,0:-1,2016-12-17 10:46:16-313,2016-12-17 10:46:16-328
Fail : CREATE_FILE : test2\a94a8fe5ccb19ba6\2a5bd02710e975a7\68B5BCA15755CEAF,0:1545278,2016-12-17 10:46:16-328,2016-12-17 10:46:16-346
Reason : newTester.DHTException: no result
Success : LS : test2\a94a8fe5ccb19ba6\2a5bd02710e975a7\,0:-1,2016-12-17 10:46:16-346,2016-12-17 10:46:16-360
Success : CREATE_FILE : test2\a94a8fe5ccb19ba6\2a5bd02710e975a7\63EE4FD76F07EC71,0:3759021,2016-12-17 10:46:16-360,2016-12-17 10:46:16-374
Success : LS : test2\a94a8fe5ccb19ba6\2a5bd02710e975a7\,0:-1,2016-12-17 10:46:16-375,2016-12-17 10:46:16-389
Success : CREATE_FILE : test2\a94a8fe5ccb19ba6\2a5bd02710e975a7\26C7FA957297D7C3,0:2517394,2016-12-17 10:46:16-389,2016-12-17 10:46:16-411
Success : SEQ_READ : test1\f71b43c3136efa4f\9f93e73d6896cb7b\6670af231c096f09,0:129,2016-12-17 10:46:16-411,2016-12-17 10:46:16-424
Success : LS : test2\a94a8fe5ccb19ba6\2a5bd02710e975a7\,0:-1,2016-12-17 10:46:16-424,2016-12-17 10:46:16-438
Success : CREATE_FILE : test2\a94a8fe5ccb19ba6\23EC083F1D29861D,0:2962508,2016-12-17 10:46:16-439,2016-12-17 10:46:16-452
Success : LS : test2\a94a8fe5ccb19ba6\,0:-1,2016-12-17 10:46:16-452,2016-12-17 10:46:16-468
Fail : CREATE_FILE : test2\a94a8fe5ccb19ba6\2a5bd02710e975a7\4623FD9622909E52,0:3071552,2016-12-17 10:46:16-469,2016-12-17 10:46:16-484
Reason : newTester.DHTException: no result
Success : LS : test2\a94a8fe5ccb19ba6\2a5bd02710e975a7\,0:-1,2016-12-17 10:46:16-484,2016-12-17 10:46:16-498
Success : CREATE_FILE : test2\a94a8fe5ccb19ba6\2a5bd02710e975a7\6623EC3772F1D38C,0:365206,2016-12-17 10:46:16-499,2016-12-17 10:46:16-513
Success : LS : test2\a94a8fe5ccb19ba6\2a5bd02710e975a7\,0:-1,2016-12-17 10:46:16-513,2016-12-17 10:46:16-527
Success : CREATE_FILE : test2\a94a8fe5ccb19ba6\2a5bd02710e975a7\1EA6A4C75E69A920,0:931418,2016-12-17 10:46:16-528,2016-12-17 10:46:16-541
Success : LS : test2\a94a8fe5ccb19ba6\2a5bd02710e975a7\,0:-1,2016-12-17 10:46:16-541,2016-12-17 10:46:16-556
Fail : CREATE_FILE : test2\a94a8fe5ccb19ba6\5994B7FF18008F69,0:3425770,2016-12-17 10:46:16-557,2016-12-17 10:46:16-584
Reason : newTester.DHTException: no result
Success : SEQ_READ : test1\f71b43c3136efa4f\9f93e73d6896cb7b\6670af231c096f09,0:129,2016-12-17 10:46:16-585,2016-12-17 10:46:16-599
Success : LS : test2\a94a8fe5ccb19ba6\,0:-1,2016-12-17 10:46:16-599,2016-12-17 10:46:16-619
Success : CREATE_FILE : test2\a94a8fe5ccb19ba6\2a5bd02710e975a7\516C44696AD457B3,0:1911156,2016-12-17 10:46:16-619,2016-12-17 10:46:16-633
Success : LS : test2\a94a8fe5ccb19ba6\2a5bd02710e975a7\,0:-1,2016-12-17 10:46:16-633,2016-12-17 10:46:16-647
Success : CREATE_FILE : test2\a94a8fe5ccb19ba6\0E11ED0C7B83AD9B,0:3603953,2016-12-17 10:46:16-648,2016-12-17 10:46:16-664
Success : LS : test2\a94a8fe5ccb19ba6\,0:-1,2016-12-17 10:46:16-664,2016-12-17 10:46:16-682
Success : CREATE_FILE : test2\a94a8fe5ccb19ba6\2E9F91060124FB80,0:2884649,2016-12-17 10:46:16-682,2016-12-17 10:46:16-700
Success : LS : test2\a94a8fe5ccb19ba6\,0:-1,2016-12-17 10:46:16-700,2016-12-17 10:46:16-718
Success : CREATE_FILE : test2\a94a8fe5ccb19ba6\0E21D9606A3E8E3D,0:188023,2016-12-17 10:46:16-719,2016-12-17 10:46:16-738
Success : LS : test2\a94a8fe5ccb19ba6\,0:-1,2016-12-17 10:46:16-739,2016-12-17 10:46:16-757
Success : CREATE_FILE : test2\a94a8fe5ccb19ba6\618CAB98390B714E,0:1051357,2016-12-17 10:46:16-757,2016-12-17 10:46:16-776
Success : LS : test2\a94a8fe5ccb19ba6\,0:-1,2016-12-17 10:46:16-776,2016-12-17 10:46:16-794
Success : CREATE_FILE : test2\a94a8fe5ccb19ba6\614947D9737F1559,0:801957,2016-12-17 10:46:16-795,2016-12-17 10:46:16-814
Success : LS : test2\a94a8fe5ccb19ba6\,0:-1,2016-12-17 10:46:16-814,2016-12-17 10:46:16-833
Fail : CREATE_FILE : test2\a94a8fe5ccb19ba6\069C3234090870D4,0:3477928,2016-12-17 10:46:16-834,2016-12-17 10:46:16-863
Reason : newTester.DHTException: no result
Success : LS : test2\a94a8fe5ccb19ba6\,0:-1,2016-12-17 10:46:16-864,2016-12-17 10:46:16-884
Success : CREATE_FILE : test2\a94a8fe5ccb19ba6\2E2F475F46D009B4,0:3658166,2016-12-17 10:46:16-884,2016-12-17 10:46:16-900
Success : LS : test2\a94a8fe5ccb19ba6\,0:-1,2016-12-17 10:46:16-900,2016-12-17 10:46:16-919
Success : CREATE_FILE : test2\a94a8fe5ccb19ba6\2a5bd02710e975a7\185BDE094789C19F,0:4009264,2016-12-17 10:46:16-920,2016-12-17 10:46:16-935
Success : LS : test2\a94a8fe5ccb19ba6\2a5bd02710e975a7\,0:-1,2016-12-17 10:46:16-935,2016-12-17 10:46:16-952
Success : CREATE_FILE : test2\a94a8fe5ccb19ba6\5CD74ECE652D5893,0:4095071,2016-12-17 10:46:16-953,2016-12-17 10:46:16-969
Success : LS : test2\a94a8fe5ccb19ba6\,0:-1,2016-12-17 10:46:16-969,2016-12-17 10:46:16-989
Success : CREATE_FILE : test2\a94a8fe5ccb19ba6\5EFF1F1B20B6CD47,0:533905,2016-12-17 10:46:16-989,2016-12-17 10:46:17-005
Success : LS : test2\a94a8fe5ccb19ba6\,0:-1,2016-12-17 10:46:17-005,2016-12-17 10:46:17-025
Success : CREATE_FILE : test2\a94a8fe5ccb19ba6\2a5bd02710e975a7\193DF38F53263622,0:1605390,2016-12-17 10:46:17-026,2016-12-17 10:46:17-045
Success : SEQ_READ : test1\c5a5e5562b038073\a39ea9c72a98de10\f398de59988a85e5,0:1024,2016-12-17 10:46:17-046,2016-12-17 10:46:17-062
Success : SEQ_READ : test1\c5a5e5562b038073\a39ea9c72a98de10\4a90c52e52d54ede,0:0,2016-12-17 10:46:17-062,2016-12-17 10:46:17-079
Success : SEQ_READ : test1\c5a5e5562b038073\a39ea9c72a98de10\f398de59988a85e5,0:4096,2016-12-17 10:46:17-080,2016-12-17 10:46:17-095
Success : SEQ_READ : test1\c5a5e5562b038073\767c14c8beb1e835,0:2755584,2016-12-17 10:46:17-095,2016-12-17 10:46:17-111
Success : LS : test2\a94a8fe5ccb19ba6\2a5bd02710e975a7\,0:-1,2016-12-17 10:46:17-111,2016-12-17 10:46:17-128
Success : CREATE_FILE : test2\a94a8fe5ccb19ba6\2AA60B44051021B4,0:2223011,2016-12-17 10:46:17-128,2016-12-17 10:46:17-145
Success : LS : test2\a94a8fe5ccb19ba6\,0:-1,2016-12-17 10:46:17-145,2016-12-17 10:46:17-168
Success : CREATE_FILE : test2\a94a8fe5ccb19ba6\2a5bd02710e975a7\7B3F4EF84F31BA17,0:1172874,2016-12-17 10:46:17-168,2016-12-17 10:46:17-185
Success : LS : test2\a94a8fe5ccb19ba6\2a5bd02710e975a7\,0:-1,2016-12-17 10:46:17-186,2016-12-17 10:46:17-203
Success : CREATE_FILE : test2\a94a8fe5ccb19ba6\2a5bd02710e975a7\752DF31246DEE2EA,0:1609966,2016-12-17 10:46:17-203,2016-12-17 10:46:17-221
Success : SEQ_READ : test1\f71b43c3136efa4f\9f93e73d6896cb7b\6670af231c096f09,0:129,2016-12-17 10:46:17-221,2016-12-17 10:46:17-238
Success : SEQ_READ : test2\bc9c8ba7ff351f3e,0:23552,2016-12-17 10:46:17-238,2016-12-17 10:46:17-255
Success : SEQ_READ : test1\f71b43c3136efa4f\c7d9912886e5ccc7\6670af231c096f09,0:129,2016-12-17 10:46:17-255,2016-12-17 10:46:17-278
Success : LS : test2\a94a8fe5ccb19ba6\2a5bd02710e975a7\,0:-1,2016-12-17 10:46:17-278,2016-12-17 10:46:17-296
Success : CREATE_FILE : test2\a94a8fe5ccb19ba6\2a5bd02710e975a7\6E824C9F47D7B66C,0:982917,2016-12-17 10:46:17-297,2016-12-17 10:46:17-319
Success : LS : test2\a94a8fe5ccb19ba6\2a5bd02710e975a7\,0:-1,2016-12-17 10:46:17-319,2016-12-17 10:46:17-338
Success : CREATE_FILE : test2\a94a8fe5ccb19ba6\2a5bd02710e975a7\4A4DA8035F94BE6A,0:526744,2016-12-17 10:46:17-338,2016-12-17 10:46:17-357
Success : LS : test2\a94a8fe5ccb19ba6\2a5bd02710e975a7\,0:-1,2016-12-17 10:46:17-357,2016-12-17 10:46:17-375
Success : CREATE_FILE : test2\a94a8fe5ccb19ba6\4C5A0B8114B998DD,0:1448452,2016-12-17 10:46:17-376,2016-12-17 10:46:17-394
Success : SEQ_READ : test1\c5a5e5562b038073\6670af231c096f09,0:46,2016-12-17 10:46:17-394,2016-12-17 10:46:17-424
Success : SEQ_READ : test2\6c33a983eec1b409,0:0,2016-12-17 10:46:17-425,2016-12-17 10:46:17-443
Success : SEQ_READ : test1\c5a5e5562b038073\b0c5d70d7f040bfa,0:6144,2016-12-17 10:46:17-443,2016-12-17 10:46:17-463
Success : LS : test2\a94a8fe5ccb19ba6\,0:-1,2016-12-17 10:46:17-463,2016-12-17 10:46:17-492
Success : CREATE_FILE : test2\a94a8fe5ccb19ba6\65017A8E73FF0AB5,0:2567003,2016-12-17 10:46:17-492,2016-12-17 10:46:17-512
Success : LS : test2\a94a8fe5ccb19ba6\,0:-1,2016-12-17 10:46:17-513,2016-12-17 10:46:17-535
Success : CREATE_FILE : test2\a94a8fe5ccb19ba6\34E03A84268B2B8E,0:3926581,2016-12-17 10:46:17-535,2016-12-17 10:46:17-572
Success : LS : test2\a94a8fe5ccb19ba6\,0:-1,2016-12-17 10:46:17-573,2016-12-17 10:46:17-603
Success : CREATE_FILE : test2\a94a8fe5ccb19ba6\2a5bd02710e975a7\7504930C59C9165D,0:549276,2016-12-17 10:46:17-603,2016-12-17 10:46:17-622
Success : LS : test2\a94a8fe5ccb19ba6\2a5bd02710e975a7\,0:-1,2016-12-17 10:46:17-622,2016-12-17 10:46:17-644
Success : CREATE_FILE : test2\a94a8fe5ccb19ba6\2a5bd02710e975a7\3B9396C84647E991,0:1369356,2016-12-17 10:46:17-644,2016-12-17 10:46:17-668
Success : LS : test2\a94a8fe5ccb19ba6\2a5bd02710e975a7\,0:-1,2016-12-17 10:46:17-668,2016-12-17 10:46:17-687
Success : CREATE_FILE : test2\a94a8fe5ccb19ba6\7A26D0D860C0B2B1,0:3627011,2016-12-17 10:46:17-687,2016-12-17 10:46:17-706
Success : LS : test2\a94a8fe5ccb19ba6\,0:-1,2016-12-17 10:46:17-706,2016-12-17 10:46:17-729
Fail : CREATE_FILE : test2\a94a8fe5ccb19ba6\3D2EF4F178D10A72,0:2557831,2016-12-17 10:46:17-729,2016-12-17 10:46:17-751
Reason : newTester.DHTException: no result
Success : LS : test2\a94a8fe5ccb19ba6\,0:-1,2016-12-17 10:46:17-751,2016-12-17 10:46:17-776
Success : CREATE_FILE : test2\a94a8fe5ccb19ba6\2a5bd02710e975a7\21A5BB74149C65D0,0:3300446,2016-12-17 10:46:17-777,2016-12-17 10:46:17-800
Success : LS : test2\a94a8fe5ccb19ba6\2a5bd02710e975a7\,0:-1,2016-12-17 10:46:17-800,2016-12-17 10:46:17-819
Success : CREATE_FILE : test2\a94a8fe5ccb19ba6\2a5bd02710e975a7\4C503EA93E3F45A4,0:121046,2016-12-17 10:46:17-820,2016-12-17 10:46:17-839
Success : LS : test2\a94a8fe5ccb19ba6\2a5bd02710e975a7\,0:-1,2016-12-17 10:46:17-839,2016-12-17 10:46:17-859
Success : CREATE_FILE : test2\a94a8fe5ccb19ba6\2a5bd02710e975a7\00E1365A6F6ABE3F,0:120860,2016-12-17 10:46:17-859,2016-12-17 10:46:17-878
Success : LS : test2\a94a8fe5ccb19ba6\2a5bd02710e975a7\,0:-1,2016-12-17 10:46:17-878,2016-12-17 10:46:17-897
Success : CREATE_FILE : test2\a94a8fe5ccb19ba6\1114B12E34F1111F,0:1083541,2016-12-17 10:46:17-898,2016-12-17 10:46:17-916
Success : SEQ_READ : test1\c5a5e5562b038073\a39ea9c72a98de10\11562aa867a5f398,0:1024,2016-12-17 10:46:17-917,2016-12-17 10:46:17-944
Success : LS : test2\a94a8fe5ccb19ba6\,0:-1,2016-12-17 10:46:17-944,2016-12-17 10:46:17-970
Success : CREATE_FILE : test2\a94a8fe5ccb19ba6\2F87EA4E74784149,0:3923301,2016-12-17 10:46:17-970,2016-12-17 10:46:17-993
Success : LS : test2\a94a8fe5ccb19ba6\,0:-1,2016-12-17 10:46:17-993,2016-12-17 10:46:18-019
Success : CREATE_FILE : test2\a94a8fe5ccb19ba6\40898F7436BA32C7,0:3021235,2016-12-17 10:46:18-019,2016-12-17 10:46:18-062
Success : LS : test2\a94a8fe5ccb19ba6\,0:-1,2016-12-17 10:46:18-062,2016-12-17 10:46:18-099
Success : CREATE_FILE : test2\a94a8fe5ccb19ba6\2a5bd02710e975a7\5E1914C92AE89315,0:358692,2016-12-17 10:46:18-099,2016-12-17 10:46:18-131
Success : LS : test2\a94a8fe5ccb19ba6\2a5bd02710e975a7\,0:-1,2016-12-17 10:46:18-131,2016-12-17 10:46:18-161
Fail : CREATE_FILE : test2\a94a8fe5ccb19ba6\17A3593A6AD75421,0:1200487,2016-12-17 10:46:18-162,2016-12-17 10:46:18-185
Reason : newTester.DHTException: no result
Success : LS : test2\a94a8fe5ccb19ba6\,0:-1,2016-12-17 10:46:18-185,2016-12-17 10:46:18-211
Success : CREATE_FILE : test2\a94a8fe5ccb19ba6\2a5bd02710e975a7\00821A0C709C68BE,0:3942751,2016-12-17 10:46:18-211,2016-12-17 10:46:18-242
Success : LS : test2\a94a8fe5ccb19ba6\2a5bd02710e975a7\,0:-1,2016-12-17 10:46:18-242,2016-12-17 10:46:18-270
Success : CREATE_FILE : test2\a94a8fe5ccb19ba6\73B563AC0F914AAA,0:2533974,2016-12-17 10:46:18-271,2016-12-17 10:46:18-291
Success : LS : test2\a94a8fe5ccb19ba6\,0:-1,2016-12-17 10:46:18-291,2016-12-17 10:46:18-317
Success : CREATE_FILE : test2\a94a8fe5ccb19ba6\0962C94F323C7E7C,0:778565,2016-12-17 10:46:18-317,2016-12-17 10:46:18-341
Success : LS : test2\a94a8fe5ccb19ba6\,0:-1,2016-12-17 10:46:18-341,2016-12-17 10:46:18-368
Success : CREATE_FILE : test2\a94a8fe5ccb19ba6\2a5bd02710e975a7\46D0D3B061963208,0:1058058,2016-12-17 10:46:18-368,2016-12-17 10:46:18-392
Success : LS : test2\a94a8fe5ccb19ba6\2a5bd02710e975a7\,0:-1,2016-12-17 10:46:18-392,2016-12-17 10:46:18-416
Fail : CREATE_FILE : test2\a94a8fe5ccb19ba6\2a5bd02710e975a7\57A25E7A32910522,0:355138,2016-12-17 10:46:18-416,2016-12-17 10:46:18-440
Reason : newTester.DHTException: no result
Success : LS : test2\a94a8fe5ccb19ba6\2a5bd02710e975a7\,0:-1,2016-12-17 10:46:18-441,2016-12-17 10:46:18-463
Success : CREATE_FILE : test2\a94a8fe5ccb19ba6\5DC20C5636A88CEA,0:1277209,2016-12-17 10:46:18-463,2016-12-17 10:46:18-483
Success : LS : test2\a94a8fe5ccb19ba6\,0:-1,2016-12-17 10:46:18-483,2016-12-17 10:46:18-509
Success : CREATE_FILE : test2\a94a8fe5ccb19ba6\000CA5FC10433DF2,0:3398748,2016-12-17 10:46:18-510,2016-12-17 10:46:18-537
Success : LS : test2\a94a8fe5ccb19ba6\,0:-1,2016-12-17 10:46:18-537,2016-12-17 10:46:18-567
Success : CREATE_FILE : test2\a94a8fe5ccb19ba6\2a5bd02710e975a7\3039ED7E3E0973A9,0:2872117,2016-12-17 10:46:18-567,2016-12-17 10:46:18-613
Success : LS : test2\a94a8fe5ccb19ba6\2a5bd02710e975a7\,0:-1,2016-12-17 10:46:18-613,2016-12-17 10:46:18-641
Success : CREATE_FILE : test2\a94a8fe5ccb19ba6\5033AD426436726C,0:511063,2016-12-17 10:46:18-641,2016-12-17 10:46:18-663
Success : LS : test2\a94a8fe5ccb19ba6\,0:-1,2016-12-17 10:46:18-663,2016-12-17 10:46:18-690
Success : CREATE_FILE : test2\a94a8fe5ccb19ba6\204A2C4A0A1F6455,0:2681549,2016-12-17 10:46:18-691,2016-12-17 10:46:18-712
Success : LS : test2\a94a8fe5ccb19ba6\,0:-1,2016-12-17 10:46:18-712,2016-12-17 10:46:18-739
Success : CREATE_FILE : test2\a94a8fe5ccb19ba6\7DFFB36409AD66B4,0:968686,2016-12-17 10:46:18-739,2016-12-17 10:46:18-768
Success : LS : test2\a94a8fe5ccb19ba6\,0:-1,2016-12-17 10:46:18-768,2016-12-17 10:46:18-798
Success : CREATE_FILE : test2\a94a8fe5ccb19ba6\2a5bd02710e975a7\0E2F79E21E2C467C,0:1401643,2016-12-17 10:46:18-798,2016-12-17 10:46:18-823
Success : LS : test2\a94a8fe5ccb19ba6\2a5bd02710e975a7\,0:-1,2016-12-17 10:46:18-823,2016-12-17 10:46:18-849
Success : CREATE_FILE : test2\a94a8fe5ccb19ba6\2a5bd02710e975a7\0629CC1E33AB339C,0:1683652,2016-12-17 10:46:18-849,2016-12-17 10:46:18-872
Success : LS : test2\a94a8fe5ccb19ba6\2a5bd02710e975a7\,0:-1,2016-12-17 10:46:18-872,2016-12-17 10:46:18-897
Success : CREATE_FILE : test2\a94a8fe5ccb19ba6\6CF03A6801C5FF81,0:2724120,2016-12-17 10:46:18-898,2016-12-17 10:46:18-939
Success : LS : test2\a94a8fe5ccb19ba6\,0:-1,2016-12-17 10:46:18-939,2016-12-17 10:46:18-990
Success : CREATE_FILE : test2\a94a8fe5ccb19ba6\720A6A5F2DDE790F,0:1753287,2016-12-17 10:46:18-990,2016-12-17 10:46:19-014
Success : SEQ_READ : test1\c5a5e5562b038073\6670af231c096f09,0:46,2016-12-17 10:46:19-014,2016-12-17 10:46:19-037
Success : LS : test2\a94a8fe5ccb19ba6\,0:-1,2016-12-17 10:46:19-037,2016-12-17 10:46:19-067
Success : CREATE_FILE : test2\a94a8fe5ccb19ba6\2a5bd02710e975a7\2E4BD7D912A3A94B,0:2840102,2016-12-17 10:46:19-067,2016-12-17 10:46:19-091
Success : LS : test2\a94a8fe5ccb19ba6\2a5bd02710e975a7\,0:-1,2016-12-17 10:46:19-091,2016-12-17 10:46:19-114
Fail : CREATE_FILE : test2\a94a8fe5ccb19ba6\5FC1F3624BB333D3,0:1123223,2016-12-17 10:46:19-114,2016-12-17 10:46:19-143
Reason : newTester.DHTException: no result
Success : LS : test2\a94a8fe5ccb19ba6\,0:-1,2016-12-17 10:46:19-143,2016-12-17 10:46:19-183
Success : CREATE_FILE : test2\a94a8fe5ccb19ba6\2a5bd02710e975a7\399363184777861E,0:3953647,2016-12-17 10:46:19-183,2016-12-17 10:46:19-207
Success : LS : test2\a94a8fe5ccb19ba6\2a5bd02710e975a7\,0:-1,2016-12-17 10:46:19-207,2016-12-17 10:46:19-232
Success : CREATE_FILE : test2\a94a8fe5ccb19ba6\2D5405E0608F96FD,0:2835144,2016-12-17 10:46:19-232,2016-12-17 10:46:19-257
Success : LS : test2\a94a8fe5ccb19ba6\,0:-1,2016-12-17 10:46:19-257,2016-12-17 10:46:19-287
Success : CREATE_FILE : test2\a94a8fe5ccb19ba6\2F137BB33CA2C960,0:3507767,2016-12-17 10:46:19-287,2016-12-17 10:46:19-311
Success : LS : test2\a94a8fe5ccb19ba6\,0:-1,2016-12-17 10:46:19-312,2016-12-17 10:46:19-342
Success : CREATE_FILE : test2\a94a8fe5ccb19ba6\1D9B42373781F9BF,0:505153,2016-12-17 10:46:19-342,2016-12-17 10:46:19-373
Success : LS : test2\a94a8fe5ccb19ba6\,0:-1,2016-12-17 10:46:19-373,2016-12-17 10:46:19-403
Success : CREATE_FILE : test2\a94a8fe5ccb19ba6\39436D2772C57F88,0:3349906,2016-12-17 10:46:19-403,2016-12-17 10:46:19-426
Success : LS : test2\a94a8fe5ccb19ba6\,0:-1,2016-12-17 10:46:19-426,2016-12-17 10:46:19-456
Success : CREATE_FILE : test2\a94a8fe5ccb19ba6\5E5D506165D88F70,0:1205619,2016-12-17 10:46:19-456,2016-12-17 10:46:19-481
Success : LS : test2\a94a8fe5ccb19ba6\,0:-1,2016-12-17 10:46:19-481,2016-12-17 10:46:19-512
Success : CREATE_FILE : test2\a94a8fe5ccb19ba6\2a5bd02710e975a7\0D8F91D606F4EE2F,0:1751766,2016-12-17 10:46:19-512,2016-12-17 10:46:19-536
Success : LS : test2\a94a8fe5ccb19ba6\2a5bd02710e975a7\,0:-1,2016-12-17 10:46:19-536,2016-12-17 10:46:19-562
Success : CREATE_FILE : test2\a94a8fe5ccb19ba6\294F424352A6E74B,0:1453799,2016-12-17 10:46:19-562,2016-12-17 10:46:19-586
Success : LS : test2\a94a8fe5ccb19ba6\,0:-1,2016-12-17 10:46:19-586,2016-12-17 10:46:19-617
Fail : CREATE_FILE : test2\a94a8fe5ccb19ba6\2a5bd02710e975a7\7D1364A25DF616C4,0:2582656,2016-12-17 10:46:19-617,2016-12-17 10:46:19-646
Reason : newTester.DHTException: no result
Success : LS : test2\a94a8fe5ccb19ba6\2a5bd02710e975a7\,0:-1,2016-12-17 10:46:19-646,2016-12-17 10:46:19-671
Success : CREATE_FILE : test2\a94a8fe5ccb19ba6\2a5bd02710e975a7\5544C9D65E8EA619,0:1913945,2016-12-17 10:46:19-671,2016-12-17 10:46:19-697
Success : LS : test2\a94a8fe5ccb19ba6\2a5bd02710e975a7\,0:-1,2016-12-17 10:46:19-697,2016-12-17 10:46:19-722
Fail : CREATE_FILE : test2\a94a8fe5ccb19ba6\2a5bd02710e975a7\5A6B3C474CCF4945,0:2764418,2016-12-17 10:46:19-722,2016-12-17 10:46:19-764
Reason : newTester.DHTException: no result
Success : LS : test2\a94a8fe5ccb19ba6\2a5bd02710e975a7\,0:-1,2016-12-17 10:46:19-764,2016-12-17 10:46:19-798
Success : CREATE_FILE : test2\a94a8fe5ccb19ba6\391AE4DB1F4FBA27,0:3591602,2016-12-17 10:46:19-798,2016-12-17 10:46:19-822
Success : LS : test2\a94a8fe5ccb19ba6\,0:-1,2016-12-17 10:46:19-822,2016-12-17 10:46:19-854
Success : CREATE_FILE : test2\a94a8fe5ccb19ba6\2a5bd02710e975a7\65985BEF41674F88,0:3354931,2016-12-17 10:46:19-854,2016-12-17 10:46:19-878
Success : LS : test2\a94a8fe5ccb19ba6\2a5bd02710e975a7\,0:-1,2016-12-17 10:46:19-878,2016-12-17 10:46:19-903
Success : CREATE_FILE : test2\a94a8fe5ccb19ba6\172E591E12D7EFE1,0:3142245,2016-12-17 10:46:19-904,2016-12-17 10:46:19-929
Success : LS : test2\a94a8fe5ccb19ba6\,0:-1,2016-12-17 10:46:19-929,2016-12-17 10:46:19-962
Success : CREATE_FILE : test2\a94a8fe5ccb19ba6\2a5bd02710e975a7\485C9A530B63A81A,0:1625611,2016-12-17 10:46:19-962,2016-12-17 10:46:19-987
Success : LS : test2\a94a8fe5ccb19ba6\2a5bd02710e975a7\,0:-1,2016-12-17 10:46:19-988,2016-12-17 10:46:20-013
Success : CREATE_FILE : test2\a94a8fe5ccb19ba6\2a5bd02710e975a7\7733239A1614D6CE,0:671122,2016-12-17 10:46:20-013,2016-12-17 10:46:20-039
Success : SEQ_READ : test2\1a7683b6645f9b6a,0:9216,2016-12-17 10:46:20-039,2016-12-17 10:46:20-064
Success : LS : test2\a94a8fe5ccb19ba6\2a5bd02710e975a7\,0:-1,2016-12-17 10:46:20-064,2016-12-17 10:46:20-089
Success : CREATE_FILE : test2\a94a8fe5ccb19ba6\2a5bd02710e975a7\0AE38109289665E6,0:37093,2016-12-17 10:46:20-089,2016-12-17 10:46:20-115
Success : LS : test2\a94a8fe5ccb19ba6\2a5bd02710e975a7\,0:-1,2016-12-17 10:46:20-116,2016-12-17 10:46:20-141
Fail : CREATE_FILE : test2\a94a8fe5ccb19ba6\51B8BF0103F9F67E,0:1178244,2016-12-17 10:46:20-141,2016-12-17 10:46:20-173
Reason : newTester.DHTException: no result
Success : LS : test2\a94a8fe5ccb19ba6\,0:-1,2016-12-17 10:46:20-173,2016-12-17 10:46:20-206
Success : CREATE_FILE : test2\a94a8fe5ccb19ba6\2623A5A30EE24271,0:60892,2016-12-17 10:46:20-206,2016-12-17 10:46:20-231
Success : LS : test2\a94a8fe5ccb19ba6\,0:-1,2016-12-17 10:46:20-231,2016-12-17 10:46:20-265
Success : CREATE_FILE : test2\a94a8fe5ccb19ba6\2a5bd02710e975a7\161FB97E51C93B0C,0:2562672,2016-12-17 10:46:20-266,2016-12-17 10:46:20-291
Success : LS : test2\a94a8fe5ccb19ba6\2a5bd02710e975a7\,0:-1,2016-12-17 10:46:20-291,2016-12-17 10:46:20-317
Success : CREATE_FILE : test2\a94a8fe5ccb19ba6\2a5bd02710e975a7\0390E9AC720FBF09,0:318622,2016-12-17 10:46:20-318,2016-12-17 10:46:20-352
Success : LS : test2\a94a8fe5ccb19ba6\2a5bd02710e975a7\,0:-1,2016-12-17 10:46:20-352,2016-12-17 10:46:20-378
Success : CREATE_FILE : test2\a94a8fe5ccb19ba6\2a5bd02710e975a7\76A858EA3C16B72A,0:3490735,2016-12-17 10:46:20-379,2016-12-17 10:46:20-410
Success : SEQ_READ : test1\9832710c94f11d2b,0:17106944,2016-12-17 10:46:20-410,2016-12-17 10:46:20-443
Success : LS : test2\a94a8fe5ccb19ba6\2a5bd02710e975a7\,0:-1,2016-12-17 10:46:20-444,2016-12-17 10:46:20-473
Fail : CREATE_FILE : test2\a94a8fe5ccb19ba6\196926E365728F6F,0:2634362,2016-12-17 10:46:20-473,2016-12-17 10:46:20-505
Reason : newTester.DHTException: no result
Success : LS : test2\a94a8fe5ccb19ba6\,0:-1,2016-12-17 10:46:20-505,2016-12-17 10:46:20-539
Success : CREATE_FILE : test2\a94a8fe5ccb19ba6\2a5bd02710e975a7\727F5A9B55689EB2,0:2951566,2016-12-17 10:46:20-539,2016-12-17 10:46:20-566
Success : LS : test2\a94a8fe5ccb19ba6\2a5bd02710e975a7\,0:-1,2016-12-17 10:46:20-566,2016-12-17 10:46:20-593
Success : CREATE_FILE : test2\a94a8fe5ccb19ba6\2a5bd02710e975a7\5432A1361B0210D8,0:2310083,2016-12-17 10:46:20-593,2016-12-17 10:46:20-619
Success : LS : test2\a94a8fe5ccb19ba6\2a5bd02710e975a7\,0:-1,2016-12-17 10:46:20-619,2016-12-17 10:46:20-646
Fail : CREATE_FILE : test2\a94a8fe5ccb19ba6\2a5bd02710e975a7\6068C56E78459A8F,0:3016687,2016-12-17 10:46:20-646,2016-12-17 10:46:20-679
Reason : newTester.DHTException: no result
Success : LS : test2\a94a8fe5ccb19ba6\2a5bd02710e975a7\,0:-1,2016-12-17 10:46:20-679,2016-12-17 10:46:20-707
Success : CREATE_FILE : test2\a94a8fe5ccb19ba6\5F6712BE4FA19839,0:2129686,2016-12-17 10:46:20-707,2016-12-17 10:46:20-733
Success : LS : test2\a94a8fe5ccb19ba6\,0:-1,2016-12-17 10:46:20-733,2016-12-17 10:46:20-767
Success : CREATE_FILE : test2\a94a8fe5ccb19ba6\2a5bd02710e975a7\44E7C0F54F091F8F,0:791165,2016-12-17 10:46:20-768,2016-12-17 10:46:20-794
Success : LS : test2\a94a8fe5ccb19ba6\2a5bd02710e975a7\,0:-1,2016-12-17 10:46:20-794,2016-12-17 10:46:20-821
Success : CREATE_FILE : test2\a94a8fe5ccb19ba6\51AD6E6E28EF0395,0:974566,2016-12-17 10:46:20-822,2016-12-17 10:46:20-871
Success : LS : test2\a94a8fe5ccb19ba6\,0:-1,2016-12-17 10:46:20-871,2016-12-17 10:46:20-906
Success : CREATE_FILE : test2\a94a8fe5ccb19ba6\2a5bd02710e975a7\2904253250AAE01B,0:699336,2016-12-17 10:46:20-906,2016-12-17 10:46:20-935
Success : LS : test2\a94a8fe5ccb19ba6\2a5bd02710e975a7\,0:-1,2016-12-17 10:46:20-936,2016-12-17 10:46:20-964
Success : CREATE_FILE : test2\a94a8fe5ccb19ba6\05659E6B25CF71CA,0:1124699,2016-12-17 10:46:20-965,2016-12-17 10:46:21-000
Success : LS : test2\a94a8fe5ccb19ba6\,0:-1,2016-12-17 10:46:21-000,2016-12-17 10:46:21-035
Success : CREATE_FILE : test2\a94a8fe5ccb19ba6\42B56BEA40451CCA,0:3685275,2016-12-17 10:46:21-036,2016-12-17 10:46:21-071
Success : LS : test2\a94a8fe5ccb19ba6\,0:-1,2016-12-17 10:46:21-071,2016-12-17 10:46:21-108
Success : CREATE_FILE : test2\a94a8fe5ccb19ba6\4AC96D5A629CCF95,0:616103,2016-12-17 10:46:21-108,2016-12-17 10:46:21-136
Success : SEQ_READ : test1\c5a5e5562b038073\3c16ab634e85296e,0:32768,2016-12-17 10:46:21-136,2016-12-17 10:46:21-165
Success : SEQ_READ : test1\f71b43c3136efa4f\c7d9912886e5ccc7\6670af231c096f09,0:129,2016-12-17 10:46:21-165,2016-12-17 10:46:21-201
Success : LS : test2\a94a8fe5ccb19ba6\,0:-1,2016-12-17 10:46:21-201,2016-12-17 10:46:21-237
Success : CREATE_FILE : test2\a94a8fe5ccb19ba6\2a5bd02710e975a7\3B679BF47F699FBD,0:3260012,2016-12-17 10:46:21-237,2016-12-17 10:46:21-270
Success : LS : test2\a94a8fe5ccb19ba6\2a5bd02710e975a7\,0:-1,2016-12-17 10:46:21-270,2016-12-17 10:46:21-299
Success : CREATE_FILE : test2\a94a8fe5ccb19ba6\2a5bd02710e975a7\523C4251403CDB50,0:1665947,2016-12-17 10:46:21-299,2016-12-17 10:46:21-327
Success : LS : test2\a94a8fe5ccb19ba6\2a5bd02710e975a7\,0:-1,2016-12-17 10:46:21-327,2016-12-17 10:46:21-355
Success : CREATE_FILE : test2\a94a8fe5ccb19ba6\57FE7824343F8C9D,0:3085739,2016-12-17 10:46:21-355,2016-12-17 10:46:21-397
Success : LS : test2\a94a8fe5ccb19ba6\,0:-1,2016-12-17 10:46:21-397,2016-12-17 10:46:21-452
Success : CREATE_FILE : test2\a94a8fe5ccb19ba6\2a5bd02710e975a7\2A2B2FC47C1DF0A8,0:1144922,2016-12-17 10:46:21-452,2016-12-17 10:46:21-481
Success : LS : test2\a94a8fe5ccb19ba6\2a5bd02710e975a7\,0:-1,2016-12-17 10:46:21-481,2016-12-17 10:46:21-510
Success : CREATE_FILE : test2\a94a8fe5ccb19ba6\6A2F6B857361C87F,0:287089,2016-12-17 10:46:21-510,2016-12-17 10:46:21-540
Success : LS : test2\a94a8fe5ccb19ba6\,0:-1,2016-12-17 10:46:21-540,2016-12-17 10:46:21-578
Success : CREATE_FILE : test2\a94a8fe5ccb19ba6\4BEA000A5C47816F,0:3651921,2016-12-17 10:46:21-578,2016-12-17 10:46:21-607
Success : LS : test2\a94a8fe5ccb19ba6\,0:-1,2016-12-17 10:46:21-607,2016-12-17 10:46:21-645
Fail : CREATE_FILE : test2\a94a8fe5ccb19ba6\4292DE435606296F,0:541118,2016-12-17 10:46:21-645,2016-12-17 10:46:21-686
Reason : newTester.DHTException: no result
Success : LS : test2\a94a8fe5ccb19ba6\,0:-1,2016-12-17 10:46:21-686,2016-12-17 10:46:21-724
Fail : CREATE_FILE : test2\a94a8fe5ccb19ba6\7AF960E11A389108,0:2847554,2016-12-17 10:46:21-724,2016-12-17 10:46:21-760
Reason : newTester.DHTException: no result
Success : LS : test2\a94a8fe5ccb19ba6\,0:-1,2016-12-17 10:46:21-760,2016-12-17 10:46:21-797
Success : CREATE_FILE : test2\a94a8fe5ccb19ba6\2a5bd02710e975a7\200F865306FD30B1,0:2825393,2016-12-17 10:46:21-797,2016-12-17 10:46:21-827
Success : LS : test2\a94a8fe5ccb19ba6\2a5bd02710e975a7\,0:-1,2016-12-17 10:46:21-827,2016-12-17 10:46:21-856
Success : CREATE_FILE : test2\a94a8fe5ccb19ba6\203443E57747DB1F,0:318283,2016-12-17 10:46:21-856,2016-12-17 10:46:21-887
Success : SEQ_READ : test1\f71b43c3136efa4f\9f93e73d6896cb7b\6670af231c096f09,0:129,2016-12-17 10:46:21-887,2016-12-17 10:46:21-916
Success : SEQ_READ : test1\c5a5e5562b038073\a39ea9c72a98de10\4a90c52e52d54ede,0:1024,2016-12-17 10:46:21-916,2016-12-17 10:46:21-945
Success : LS : test2\a94a8fe5ccb19ba6\,0:-1,2016-12-17 10:46:21-945,2016-12-17 10:46:21-985
Success : CREATE_FILE : test2\a94a8fe5ccb19ba6\2a5bd02710e975a7\22E9EDA01007F436,0:1384212,2016-12-17 10:46:21-985,2016-12-17 10:46:22-017
Success : LS : test2\a94a8fe5ccb19ba6\2a5bd02710e975a7\,0:-1,2016-12-17 10:46:22-017,2016-12-17 10:46:22-047
Success : CREATE_FILE : test2\a94a8fe5ccb19ba6\1809DAAD7E1DEF92,0:3750029,2016-12-17 10:46:22-047,2016-12-17 10:46:22-076
Success : LS : test2\a94a8fe5ccb19ba6\,0:-1,2016-12-17 10:46:22-076,2016-12-17 10:46:22-115
Success : CREATE_FILE : test2\a94a8fe5ccb19ba6\2a5bd02710e975a7\66B1098D665662BF,0:2217717,2016-12-17 10:46:22-115,2016-12-17 10:46:22-144
Success : LS : test2\a94a8fe5ccb19ba6\2a5bd02710e975a7\,0:-1,2016-12-17 10:46:22-144,2016-12-17 10:46:22-174
Success : CREATE_FILE : test2\a94a8fe5ccb19ba6\202AB4D920E48E70,0:3686846,2016-12-17 10:46:22-174,2016-12-17 10:46:22-205
Success : LS : test2\a94a8fe5ccb19ba6\,0:-1,2016-12-17 10:46:22-205,2016-12-17 10:46:22-244
Fail : CREATE_FILE : test2\a94a8fe5ccb19ba6\3058D0F95FCD3BBD,0:3706764,2016-12-17 10:46:22-244,2016-12-17 10:46:22-286
Reason : newTester.DHTException: no result
Success : SEQ_READ : test2\6c33a983eec1b409,0:0,2016-12-17 10:46:22-286,2016-12-17 10:46:22-317
Success : LS : test2\a94a8fe5ccb19ba6\,0:-1,2016-12-17 10:46:22-317,2016-12-17 10:46:22-356
Success : CREATE_FILE : test2\a94a8fe5ccb19ba6\79E4EE6C1F805AC5,0:830312,2016-12-17 10:46:22-356,2016-12-17 10:46:22-387
Success : LS : test2\a94a8fe5ccb19ba6\,0:-1,2016-12-17 10:46:22-387,2016-12-17 10:46:22-426
Success : CREATE_FILE : test2\a94a8fe5ccb19ba6\144E076D0ADFBCFF,0:3808798,2016-12-17 10:46:22-426,2016-12-17 10:46:22-459
Success : LS : test2\a94a8fe5ccb19ba6\,0:-1,2016-12-17 10:46:22-459,2016-12-17 10:46:22-499
Success : CREATE_FILE : test2\a94a8fe5ccb19ba6\74EEBBBA50C49038,0:3562772,2016-12-17 10:46:22-499,2016-12-17 10:46:22-529
Success : LS : test2\a94a8fe5ccb19ba6\,0:-1,2016-12-17 10:46:22-529,2016-12-17 10:46:22-569
Success : CREATE_FILE : test2\a94a8fe5ccb19ba6\4689E6256091DCF0,0:3114694,2016-12-17 10:46:22-569,2016-12-17 10:46:22-601
Success : LS : test2\a94a8fe5ccb19ba6\,0:-1,2016-12-17 10:46:22-601,2016-12-17 10:46:22-641
Success : CREATE_FILE : test2\a94a8fe5ccb19ba6\7778FB53632FC0F4,0:2444817,2016-12-17 10:46:22-641,2016-12-17 10:46:22-677
Success : LS : test2\a94a8fe5ccb19ba6\,0:-1,2016-12-17 10:46:22-677,2016-12-17 10:46:22-717
Fail : CREATE_FILE : test2\a94a8fe5ccb19ba6\2a5bd02710e975a7\7B8347B34EAB5CB7,0:2758827,2016-12-17 10:46:22-718,2016-12-17 10:46:22-756
Reason : newTester.DHTException: no result
Success : SEQ_READ : test2\acde102dac5bbe15,0:4096,2016-12-17 10:46:22-756,2016-12-17 10:46:22-810
Success : LS : test2\a94a8fe5ccb19ba6\2a5bd02710e975a7\,0:-1,2016-12-17 10:46:22-810,2016-12-17 10:46:22-842
Success : CREATE_FILE : test2\a94a8fe5ccb19ba6\2a5bd02710e975a7\6DA1BD28046A9252,0:3294754,2016-12-17 10:46:22-842,2016-12-17 10:46:22-874
Success : LS : test2\a94a8fe5ccb19ba6\2a5bd02710e975a7\,0:-1,2016-12-17 10:46:22-874,2016-12-17 10:46:22-906
Success : CREATE_FILE : test2\a94a8fe5ccb19ba6\3276647177B1B2C3,0:872380,2016-12-17 10:46:22-907,2016-12-17 10:46:22-950
Success : LS : test2\a94a8fe5ccb19ba6\,0:-1,2016-12-17 10:46:22-950,2016-12-17 10:46:22-992
Success : CREATE_FILE : test2\a94a8fe5ccb19ba6\2a5bd02710e975a7\177ABF4953F929CD,0:1556528,2016-12-17 10:46:22-992,2016-12-17 10:46:23-049
Success : LS : test2\a94a8fe5ccb19ba6\2a5bd02710e975a7\,0:-1,2016-12-17 10:46:23-049,2016-12-17 10:46:23-088
Success : CREATE_FILE : test2\a94a8fe5ccb19ba6\5D48A4C55DEB8445,0:494959,2016-12-17 10:46:23-088,2016-12-17 10:46:23-120
Success : LS : test2\a94a8fe5ccb19ba6\,0:-1,2016-12-17 10:46:23-120,2016-12-17 10:46:23-165
Success : CREATE_FILE : test2\a94a8fe5ccb19ba6\2a5bd02710e975a7\4ED8216D6146905A,0:1542704,2016-12-17 10:46:23-165,2016-12-17 10:46:23-199
Success : LS : test2\a94a8fe5ccb19ba6\2a5bd02710e975a7\,0:-1,2016-12-17 10:46:23-199,2016-12-17 10:46:23-232
Success : CREATE_FILE : test2\a94a8fe5ccb19ba6\2a5bd02710e975a7\7A48EDD9769DFEFE,0:897905,2016-12-17 10:46:23-232,2016-12-17 10:46:23-266
Success : LS : test2\a94a8fe5ccb19ba6\2a5bd02710e975a7\,0:-1,2016-12-17 10:46:23-266,2016-12-17 10:46:23-299
Fail : CREATE_FILE : test2\a94a8fe5ccb19ba6\616D2CFC425284BE,0:3388396,2016-12-17 10:46:23-300,2016-12-17 10:46:23-362
Reason : newTester.DHTException: no result
Success : LS : test2\a94a8fe5ccb19ba6\,0:-1,2016-12-17 10:46:23-362,2016-12-17 10:46:23-427
Fail : CREATE_FILE : test2\a94a8fe5ccb19ba6\314773D3146B38E6,0:1930064,2016-12-17 10:46:23-427,2016-12-17 10:46:23-471
Reason : newTester.DHTException: no result
Success : LS : test2\a94a8fe5ccb19ba6\,0:-1,2016-12-17 10:46:23-471,2016-12-17 10:46:23-514
Success : CREATE_FILE : test2\a94a8fe5ccb19ba6\71653FA15F377CA5,0:817253,2016-12-17 10:46:23-515,2016-12-17 10:46:23-583
Success : LS : test2\a94a8fe5ccb19ba6\,0:-1,2016-12-17 10:46:23-583,2016-12-17 10:46:23-651
Success : CREATE_FILE : test2\a94a8fe5ccb19ba6\2a5bd02710e975a7\348615BC02EDF2CD,0:3929094,2016-12-17 10:46:23-652,2016-12-17 10:46:23-695
Success : LS : test2\a94a8fe5ccb19ba6\2a5bd02710e975a7\,0:-1,2016-12-17 10:46:23-695,2016-12-17 10:46:23-740
Success : CREATE_FILE : test2\a94a8fe5ccb19ba6\2a5bd02710e975a7\7742788C191C5B29,0:3341637,2016-12-17 10:46:23-740,2016-12-17 10:46:23-794
Success : LS : test2\a94a8fe5ccb19ba6\2a5bd02710e975a7\,0:-1,2016-12-17 10:46:23-794,2016-12-17 10:46:23-849
Success : CREATE_FILE : test2\a94a8fe5ccb19ba6\2a5bd02710e975a7\0D97DEBD092938CB,0:2177203,2016-12-17 10:46:23-850,2016-12-17 10:46:23-921
Fail : SEQ_READ : test2\a94a8fe5ccb19ba6\2a5bd02710e975a7\3eef580036f1724a,0:257,2016-12-17 10:46:23-921,2016-12-17 10:46:23-992
Reason : newTester.DHTException: no result
Success : LS : test2\a94a8fe5ccb19ba6\2a5bd02710e975a7\,0:-1,2016-12-17 10:46:23-992,2016-12-17 10:46:24-061
Success : CREATE_FILE : test2\a94a8fe5ccb19ba6\2a5bd02710e975a7\3761986162F6D1C1,0:3156173,2016-12-17 10:46:24-061,2016-12-17 10:46:24-101
Success : LS : test2\a94a8fe5ccb19ba6\2a5bd02710e975a7\,0:-1,2016-12-17 10:46:24-101,2016-12-17 10:46:24-135
Success : CREATE_FILE : test2\a94a8fe5ccb19ba6\0354D00B24971195,0:3116574,2016-12-17 10:46:24-135,2016-12-17 10:46:24-180
Success : LS : test2\a94a8fe5ccb19ba6\,0:-1,2016-12-17 10:46:24-180,2016-12-17 10:46:24-232
Success : CREATE_FILE : test2\a94a8fe5ccb19ba6\35932B6E0CCE56C3,0:4038130,2016-12-17 10:46:24-232,2016-12-17 10:46:24-283
Success : LS : test2\a94a8fe5ccb19ba6\,0:-1,2016-12-17 10:46:24-283,2016-12-17 10:46:24-335
Success : CREATE_FILE : test2\a94a8fe5ccb19ba6\5646E3AF16D5DC70,0:1750090,2016-12-17 10:46:24-335,2016-12-17 10:46:24-368
Success : LS : test2\a94a8fe5ccb19ba6\,0:-1,2016-12-17 10:46:24-369,2016-12-17 10:46:24-413
Success : CREATE_FILE : test2\a94a8fe5ccb19ba6\2B2F76CF1986B8EE,0:3251696,2016-12-17 10:46:24-413,2016-12-17 10:46:24-449
Success : LS : test2\a94a8fe5ccb19ba6\,0:-1,2016-12-17 10:46:24-449,2016-12-17 10:46:24-496
Success : CREATE_FILE : test2\a94a8fe5ccb19ba6\508DE7CB6DD4B761,0:2124802,2016-12-17 10:46:24-497,2016-12-17 10:46:24-551
Success : LS : test2\a94a8fe5ccb19ba6\,0:-1,2016-12-17 10:46:24-551,2016-12-17 10:46:24-596
Success : CREATE_FILE : test2\a94a8fe5ccb19ba6\705C1B3D002F311A,0:3217596,2016-12-17 10:46:24-596,2016-12-17 10:46:24-630
Success : LS : test2\a94a8fe5ccb19ba6\,0:-1,2016-12-17 10:46:24-630,2016-12-17 10:46:24-675
Fail : CREATE_FILE : test2\a94a8fe5ccb19ba6\5E6D84943AABBBCC,0:3452984,2016-12-17 10:46:24-675,2016-12-17 10:46:24-718
Reason : newTester.DHTException: no result
Success : LS : test2\a94a8fe5ccb19ba6\,0:-1,2016-12-17 10:46:24-718,2016-12-17 10:46:24-763
Success : CREATE_FILE : test2\a94a8fe5ccb19ba6\0010216439566786,0:906528,2016-12-17 10:46:24-763,2016-12-17 10:46:24-799
Success : LS : test2\a94a8fe5ccb19ba6\,0:-1,2016-12-17 10:46:24-799,2016-12-17 10:46:24-845
Success : CREATE_FILE : test2\a94a8fe5ccb19ba6\2a5bd02710e975a7\5A46A5AE54EF72F2,0:1419719,2016-12-17 10:46:24-845,2016-12-17 10:46:24-888
Success : LS : test2\a94a8fe5ccb19ba6\2a5bd02710e975a7\,0:-1,2016-12-17 10:46:24-888,2016-12-17 10:46:24-931
Fail : CREATE_FILE : test2\a94a8fe5ccb19ba6\2a5bd02710e975a7\1F4DA7224D1407E7,0:3789062,2016-12-17 10:46:24-932,2016-12-17 10:46:24-984
Reason : newTester.DHTException: no result
Success : LS : test2\a94a8fe5ccb19ba6\2a5bd02710e975a7\,0:-1,2016-12-17 10:46:24-984,2016-12-17 10:46:25-019
Success : CREATE_FILE : test2\a94a8fe5ccb19ba6\7662278141A122CE,0:1388027,2016-12-17 10:46:25-019,2016-12-17 10:46:25-057
Success : LS : test2\a94a8fe5ccb19ba6\,0:-1,2016-12-17 10:46:25-057,2016-12-17 10:46:25-104
Success : CREATE_FILE : test2\a94a8fe5ccb19ba6\0BE00D3F04CF77FA,0:3813595,2016-12-17 10:46:25-104,2016-12-17 10:46:25-138
Success : LS : test2\a94a8fe5ccb19ba6\,0:-1,2016-12-17 10:46:25-138,2016-12-17 10:46:25-184
Fail : CREATE_FILE : test2\a94a8fe5ccb19ba6\2a5bd02710e975a7\047B33774BD9254C,0:2098023,2016-12-17 10:46:25-184,2016-12-17 10:46:25-230
Reason : newTester.DHTException: no result
Success : LS : test2\a94a8fe5ccb19ba6\2a5bd02710e975a7\,0:-1,2016-12-17 10:46:25-230,2016-12-17 10:46:25-266
Success : CREATE_FILE : test2\a94a8fe5ccb19ba6\2a5bd02710e975a7\28BB475169E25A09,0:4047162,2016-12-17 10:46:25-266,2016-12-17 10:46:25-303
Success : LS : test2\a94a8fe5ccb19ba6\2a5bd02710e975a7\,0:-1,2016-12-17