Success : RANDOM_READ : test2\8da7cc13802eefe0,12515597:12544269,2016-12-12 11:08:32-834,2016-12-12 11:08:33-003
Success : RANDOM_READ : test2\8da7cc13802eefe0,17520965:17542469,2016-12-12 11:08:33-102,2016-12-12 11:08:33-204
Success : CREATE_FILE : test2\a94a8fe5ccb19ba6\517F247558D18BA5,0:676554,2016-12-12 11:08:33-308,2016-12-12 11:08:35-629
Success : LS : test2\a94a8fe5ccb19ba6\,0:-1,2016-12-12 11:08:35-774,2016-12-12 11:08:36-094
Success : CREATE_FILE : test2\a94a8fe5ccb19ba6\2a5bd02710e975a7\197B88F10FCB8181,0:1280583,2016-12-12 11:08:36-304,2016-12-12 11:08:39-809
Success : LS : test2\a94a8fe5ccb19ba6\2a5bd02710e975a7\,0:-1,2016-12-12 11:08:39-938,2016-12-12 11:08:40-020
Success : CREATE_FILE : test2\a94a8fe5ccb19ba6\2a5bd02710e975a7\0D457C371E84F1D6,0:762414,2016-12-12 11:08:40-132,2016-12-12 11:08:40-813
Success : RANDOM_READ : test1\c5a5e5562b038073\738537f9a40e568b,9770:15914,2016-12-12 11:08:40-900,2016-12-12 11:08:40-967
Success : LS : test2\a94a8fe5ccb19ba6\2a5bd02710e975a7\,0:-1,2016-12-12 11:08:41-057,2016-12-12 11:08:41-133
Success : CREATE_FILE : test2\a94a8fe5ccb19ba6\508CB5AE7DEA11D0,0:2234465,2016-12-12 11:08:41-218,2016-12-12 11:08:43-246
Fail : LS : test1,0:-1,2016-12-12 11:08:43-422,2016-12-12 11:08:43-422
Reason : java.lang.StringIndexOutOfBoundsException: String index out of range: -2
Success : LS : test2\a94a8fe5ccb19ba6\,0:-1,2016-12-12 11:08:43-552,2016-12-12 11:08:43-695
Success : RANDOM_READ : test2\a94a8fe5ccb19ba6\2a5bd02710e975a7\178db47a574c645f,0:257,2016-12-12 11:08:43-788,2016-12-12 11:08:43-855
Success : LS : test2\a94a8fe5ccb19ba6\,0:-1,2016-12-12 11:08:43-946,2016-12-12 11:08:44-020
Success : LS : test2\a94a8fe5ccb19ba6\2a5bd02710e975a7\,0:-1,2016-12-12 11:08:44-111,2016-12-12 11:08:44-184
Success : LS : test2\a94a8fe5ccb19ba6\,0:-1,2016-12-12 11:08:44-292,2016-12-12 11:08:44-371
Success : CREATE_FILE : test2\a94a8fe5ccb19ba6\2a5bd02710e975a7\1DB2B16A6D3DB4A7,0:494344,2016-12-12 11:08:44-448,2016-12-12 11:08:45-206
Success : LS : test2\a94a8fe5ccb19ba6\2a5bd02710e975a7\,0:-1,2016-12-12 11:08:45-326,2016-12-12 11:08:45-414
Success : CREATE_FILE : test2\a94a8fe5ccb19ba6\4C4625EB2EAB4C74,0:699172,2016-12-12 11:08:45-500,2016-12-12 11:08:46-191
Success : LS : test2\a94a8fe5ccb19ba6\,0:-1,2016-12-12 11:08:46-315,2016-12-12 11:08:46-428
Success : LS : test2\a94a8fe5ccb19ba6\2a5bd02710e975a7\,0:-1,2016-12-12 11:08:46-547,2016-12-12 11:08:46-634
Success : LS : test2\a94a8fe5ccb19ba6\,0:-1,2016-12-12 11:08:46-717,2016-12-12 11:08:46-819
Success : LS : test1\f71b43c3136efa4f\52481749c0cdecd6\,0:-1,2016-12-12 11:08:46-904,2016-12-12 11:08:46-971
Success : LS : test2\a94a8fe5ccb19ba6\,0:-1,2016-12-12 11:08:47-055,2016-12-12 11:08:47-149
Success : CREATE_FILE : test2\a94a8fe5ccb19ba6\2a5bd02710e975a7\6BE2EF2C505B4A77,0:1382794,2016-12-12 11:08:47-247,2016-12-12 11:08:48-687
Success : LS : test2\a94a8fe5ccb19ba6\2a5bd02710e975a7\,0:-1,2016-12-12 11:08:48-813,2016-12-12 11:08:48-931
Success : CREATE_FILE : test2\a94a8fe5ccb19ba6\0DD8308244DC2E06,0:2354958,2016-12-12 11:08:49-024,2016-12-12 11:08:51-980
Success : LS : test2\a94a8fe5ccb19ba6\,0:-1,2016-12-12 11:08:52-074,2016-12-12 11:08:52-182
Success : CREATE_FILE : test2\a94a8fe5ccb19ba6\2a5bd02710e975a7\361F34376A5B05FA,0:2703433,2016-12-12 11:08:52-259,2016-12-12 11:08:55-161
Success : RANDOM_READ : test1\c5a5e5562b038073\a39ea9c72a98de10\f398de59988a85e5,2074:3098,2016-12-12 11:08:55-290,2016-12-12 11:08:55-373
Success : LS : test2\a94a8fe5ccb19ba6\,0:-1,2016-12-12 11:08:55-465,2016-12-12 11:08:55-544
Success : LS : test1\f71b43c3136efa4f\,0:-1,2016-12-12 11:08:55-668,2016-12-12 11:08:55-755
Success : RANDOM_READ : test2\a94a8fe5ccb19ba6\4b6fcb2d521ef0fd,121:2169,2016-12-12 11:08:55-868,2016-12-12 11:08:55-936
Success : LS : test1\f71b43c3136efa4f\83404ffd78f534ff\,0:-1,2016-12-12 11:08:56-021,2016-12-12 11:08:56-103
Success : LS : test2\a94a8fe5ccb19ba6\2a5bd02710e975a7\,0:-1,2016-12-12 11:08:56-194,2016-12-12 11:08:56-263
Success : CREATE_FILE : test2\a94a8fe5ccb19ba6\30188F2B77D1D457,0:161435,2016-12-12 11:08:56-391,2016-12-12 11:08:57-006
Success : LS : test1\f71b43c3136efa4f\52481749c0cdecd6\,0:-1,2016-12-12 11:08:57-134,2016-12-12 11:08:57-250
Success : LS : test1\f71b43c3136efa4f\,0:-1,2016-12-12 11:08:57-371,2016-12-12 11:08:57-460
Success : LS : test1\c5a5e5562b038073\0189424a5a60fed3\,0:-1,2016-12-12 11:08:57-606,2016-12-12 11:08:57-687
Success : LS : test1\c5a5e5562b038073\a39ea9c72a98de10\,0:-1,2016-12-12 11:08:57-792,2016-12-12 11:08:57-876
Success : LS : test1\c5a5e5562b038073\a39ea9c72a98de10\,0:-1,2016-12-12 11:08:57-956,2016-12-12 11:08:58-033
Success : LS : test2\a94a8fe5ccb19ba6\,0:-1,2016-12-12 11:08:58-152,2016-12-12 11:08:58-229
Success : LS : test2\a94a8fe5ccb19ba6\,0:-1,2016-12-12 11:08:58-335,2016-12-12 11:08:58-445
Success : CREATE_FILE : test2\a94a8fe5ccb19ba6\6B47464134D07204,0:986060,2016-12-12 11:08:58-553,2016-12-12 11:08:59-398
Success : LS : test1\f71b43c3136efa4f\9f93e73d6896cb7b\,0:-1,2016-12-12 11:08:59-505,2016-12-12 11:08:59-572
Fail : LS : test1,0:-1,2016-12-12 11:08:59-659,2016-12-12 11:08:59-659
Reason : java.lang.StringIndexOutOfBoundsException: String index out of range: -2
Success : LS : test2\a94a8fe5ccb19ba6\2a5bd02710e975a7\,0:-1,2016-12-12 11:08:59-735,2016-12-12 11:08:59-803
Success : LS : test2\a94a8fe5ccb19ba6\,0:-1,2016-12-12 11:08:59-878,2016-12-12 11:08:59-951
Success : LS : test2\a94a8fe5ccb19ba6\,0:-1,2016-12-12 11:09:00-030,2016-12-12 11:09:00-108
Success : CREATE_FILE : test2\a94a8fe5ccb19ba6\66DA29F275CF26AD,0:1711379,2016-12-12 11:09:00-189,2016-12-12 11:09:01-694
Success : LS : test2\a94a8fe5ccb19ba6\,0:-1,2016-12-12 11:09:01-821,2016-12-12 11:09:01-908
Success : CREATE_FILE : test2\a94a8fe5ccb19ba6\16F53C58282392F1,0:1136893,2016-12-12 11:09:01-993,2016-12-12 11:09:02-992
Success : LS : test2\a94a8fe5ccb19ba6\,0:-1,2016-12-12 11:09:03-113,2016-12-12 11:09:03-197
Success : CREATE_FILE : test2\a94a8fe5ccb19ba6\2a5bd02710e975a7\4DCCAD0201222ADC,0:1296783,2016-12-12 11:09:03-314,2016-12-12 11:09:05-116
Success : LS : test2\a94a8fe5ccb19ba6\,0:-1,2016-12-12 11:09:05-239,2016-12-12 11:09:05-483
Success : RANDOM_READ : test1\c5a5e5562b038073\88fe52fe40fa2264,2760:2760,2016-12-12 11:09:05-605,2016-12-12 11:09:05-708
Success : LS : test1\c5a5e5562b038073\,0:-1,2016-12-12 11:09:05-828,2016-12-12 11:09:05-913
Success : LS : test2\a94a8fe5ccb19ba6\2a5bd02710e975a7\,0:-1,2016-12-12 11:09:05-996,2016-12-12 11:09:06-062
Success : CREATE_FILE : test2\a94a8fe5ccb19ba6\68936F67004C8F3C,0:739140,2016-12-12 11:09:06-161,2016-12-12 11:09:07-856
Success : LS : test2\a94a8fe5ccb19ba6\,0:-1,2016-12-12 11:09:07-982,2016-12-12 11:09:08-095
Success : CREATE_FILE : test2\a94a8fe5ccb19ba6\096CD2CB38483D63,0:1134948,2016-12-12 11:09:08-208,2016-12-12 11:09:09-334
Success : LS : test2\a94a8fe5ccb19ba6\,0:-1,2016-12-12 11:09:09-455,2016-12-12 11:09:09-542
Success : CREATE_FILE : test2\a94a8fe5ccb19ba6\2a5bd02710e975a7\11B0606C78077396,0:2658888,2016-12-12 11:09:09-625,2016-12-12 11:09:12-340
Success : LS : test2\a94a8fe5ccb19ba6\,0:-1,2016-12-12 11:09:12-460,2016-12-12 11:09:12-561
Success : RANDOM_READ : test1\c5a5e5562b038073\2015a7ab48ae9a58,8192:18432,2016-12-12 11:09:12-691,2016-12-12 11:09:12-761
Success : LS : test2\a94a8fe5ccb19ba6\2a5bd02710e975a7\,0:-1,2016-12-12 11:09:12-847,2016-12-12 11:09:12-918
Success : LS : test2\a94a8fe5ccb19ba6\2a5bd02710e975a7\,0:-1,2016-12-12 11:09:13-002,2016-12-12 11:09:13-075
Success : CREATE_FILE : test2\a94a8fe5ccb19ba6\239640313E007EB0,0:431575,2016-12-12 11:09:13-152,2016-12-12 11:09:13-928
Success : LS : test2\a94a8fe5ccb19ba6\,0:-1,2016-12-12 11:09:14-055,2016-12-12 11:09:14-139
Success : CREATE_FILE : test2\a94a8fe5ccb19ba6\41148B5B207E9722,0:3711822,2016-12-12 11:09:14-224,2016-12-12 11:09:18-143
Success : LS : test2\a94a8fe5ccb19ba6\,0:-1,2016-12-12 11:09:18-267,2016-12-12 11:09:18-388
Success : CREATE_FILE : test2\a94a8fe5ccb19ba6\2E30C17F20ADBF94,0:1086832,2016-12-12 11:09:18-474,2016-12-12 11:09:19-422
Success : LS : test2\a94a8fe5ccb19ba6\,0:-1,2016-12-12 11:09:19-542,2016-12-12 11:09:19-658
Success : CREATE_FILE : test2\a94a8fe5ccb19ba6\2a5bd02710e975a7\55F576CA45C2FD61,0:636562,2016-12-12 11:09:19-783,2016-12-12 11:09:20-578
Success : LS : test2\a94a8fe5ccb19ba6\,0:-1,2016-12-12 11:09:20-703,2016-12-12 11:09:20-785
Success : LS : test1\f71b43c3136efa4f\c7d9912886e5ccc7\,0:-1,2016-12-12 11:09:20-885,2016-12-12 11:09:20-985
Success : LS : test1\c5a5e5562b038073\,0:-1,2016-12-12 11:09:21-076,2016-12-12 11:09:21-141
Success : LS : test1\f71b43c3136efa4f\52481749c0cdecd6\,0:-1,2016-12-12 11:09:21-218,2016-12-12 11:09:21-281
Success : RANDOM_READ : test2\acde102dac5bbe15,5813:5813,2016-12-12 11:09:21-371,2016-12-12 11:09:21-441
Success : LS : test2\a94a8fe5ccb19ba6\2a5bd02710e975a7\,0:-1,2016-12-12 11:09:21-530,2016-12-12 11:09:21-604
Success : CREATE_FILE : test2\a94a8fe5ccb19ba6\2C1A72E305E76DFC,0:3521981,2016-12-12 11:09:21-686,2016-12-12 11:09:24-970
Success : LS : test2\a94a8fe5ccb19ba6\,0:-1,2016-12-12 11:09:25-088,2016-12-12 11:09:25-166
Success : CREATE_FILE : test2\a94a8fe5ccb19ba6\2183569C0B24FC68,0:248494,2016-12-12 11:09:25-264,2016-12-12 11:09:25-863
Success : LS : test1\f71b43c3136efa4f\,0:-1,2016-12-12 11:09:25-978,2016-12-12 11:09:26-064
Success : LS : test2\a94a8fe5ccb19ba6\,0:-1,2016-12-12 11:09:26-192,2016-12-12 11:09:26-311
Success : CREATE_FILE : test2\a94a8fe5ccb19ba6\7588AB551125A7E0,0:3067153,2016-12-12 11:09:26-426,2016-12-12 11:09:30-488
Success : LS : test2\a94a8fe5ccb19ba6\,0:-1,2016-12-12 11:09:30-574,2016-12-12 11:09:30-688
Success : CREATE_FILE : test2\a94a8fe5ccb19ba6\190A72240255F53E,0:181141,2016-12-12 11:09:30-776,2016-12-12 11:09:31-364
Success : LS : test2\a94a8fe5ccb19ba6\,0:-1,2016-12-12 11:09:31-490,2016-12-12 11:09:31-613
Success : CREATE_FILE : test2\a94a8fe5ccb19ba6\2a5bd02710e975a7\5CC5EB7A1AD0A0BC,0:614770,2016-12-12 11:09:31-738,2016-12-12 11:09:33-146
Success : LS : test2\a94a8fe5ccb19ba6\2a5bd02710e975a7\,0:-1,2016-12-12 11:09:33-271,2016-12-12 11:09:33-356
Success : CREATE_FILE : test2\a94a8fe5ccb19ba6\537C19F14BDDC69E,0:2082450,2016-12-12 11:09:33-495,2016-12-12 11:09:35-721
Success : LS : test2\a94a8fe5ccb19ba6\,0:-1,2016-12-12 11:09:35-839,2016-12-12 11:09:36-320
Success : CREATE_FILE : test2\a94a8fe5ccb19ba6\2a5bd02710e975a7\7E2E2EA11C4F8D19,0:344774,2016-12-12 11:09:36-446,2016-12-12 11:09:37-202
Success : RANDOM_READ : test1\c5a5e5562b038073\88fe52fe40fa2264,2359:2359,2016-12-12 11:09:37-325,2016-12-12 11:09:37-396
Success : LS : test2\a94a8fe5ccb19ba6\2a5bd02710e975a7\,0:-1,2016-12-12 11:09:37-516,2016-12-12 11:09:37-620
Success : CREATE_FILE : test2\a94a8fe5ccb19ba6\7718D122427D420E,0:709796,2016-12-12 11:09:37-732,2016-12-12 11:09:38-721
Success : LS : test2\a94a8fe5ccb19ba6\,0:-1,2016-12-12 11:09:38-843,2016-12-12 11:09:38-964
Success : CREATE_FILE : test2\a94a8fe5ccb19ba6\5693553151278DB5,0:3418638,2016-12-12 11:09:39-091,2016-12-12 11:09:42-666
Success : LS : test2\a94a8fe5ccb19ba6\,0:-1,2016-12-12 11:09:42-751,2016-12-12 11:09:42-823
Success : CREATE_FILE : test2\a94a8fe5ccb19ba6\7EBC09F85FD94506,0:2521685,2016-12-12 11:09:42-908,2016-12-12 11:09:45-963
Success : LS : test2\a94a8fe5ccb19ba6\,0:-1,2016-12-12 11:09:46-089,2016-12-12 11:09:46-305
