Success : RANDOM_READ : test1\c5a5e5562b038073\a39ea9c72a98de10\aa61f113a9b13deb,0:438,2016-12-15 16:37:43-933,2016-12-15 16:37:43-937
Success : RANDOM_READ : test1\c5a5e5562b038073\7b7f22b30cf50087,0:1,2016-12-15 16:37:43-938,2016-12-15 16:37:43-939
Success : RANDOM_READ : test1\c5a5e5562b038073\2d77b1044a6c5c82,0:65536,2016-12-15 16:37:43-939,2016-12-15 16:37:43-948
Success : CREATE_FILE : test2\a94a8fe5ccb19ba6\2a5bd02710e975a7\7BB1E79F229792FC,0:3368958,2016-12-15 16:37:43-949,2016-12-15 16:37:44-473
Success : LS : test2\a94a8fe5ccb19ba6\2a5bd02710e975a7\,0:-1,2016-12-15 16:37:44-473,2016-12-15 16:37:44-473
Success : RANDOM_READ : test1\c5a5e5562b038073\2d77b1044a6c5c82,0:20480,2016-12-15 16:37:45-673,2016-12-15 16:37:45-677
Success : CREATE_FILE : test2\a94a8fe5ccb19ba6\457C728057E6A0E0,0:3833532,2016-12-15 16:37:48-906,2016-12-15 16:37:49-501
Success : SEQ_READ : test1\c5a5e5562b038073\c7734a16bf12bb03,0:256000,2016-12-15 16:37:49-501,2016-12-15 16:37:49-527
Success : LS : test2\a94a8fe5ccb19ba6\,0:-1,2016-12-15 16:37:49-528,2016-12-15 16:37:49-528
Success : SEQ_READ : test1\c5a5e5562b038073\a39ea9c72a98de10\11562aa867a5f398,0:2048,2016-12-15 16:37:51-723,2016-12-15 16:37:51-725
Success : CREATE_FILE : test2\a94a8fe5ccb19ba6\10C0C3D16B45D81B,0:1640193,2016-12-15 16:37:51-772,2016-12-15 16:37:52-196
Success : LS : test2\a94a8fe5ccb19ba6\,0:-1,2016-12-15 16:37:52-196,2016-12-15 16:37:52-196
Success : RANDOM_READ : test1\f71b43c3136efa4f\52481749c0cdecd6\6670af231c096f09,0:129,2016-12-15 16:37:54-942,2016-12-15 16:37:54-944
Success : RANDOM_READ : test1\c5a5e5562b038073\05d1f0ed74e78555,0:64512,2016-12-15 16:37:55-259,2016-12-15 16:37:55-266
Success : CREATE_FILE : test2\a94a8fe5ccb19ba6\2a5bd02710e975a7\16F6BA9C34F172B3,0:357039,2016-12-15 16:37:55-899,2016-12-15 16:37:56-005
Success : LS : test2\a94a8fe5ccb19ba6\2a5bd02710e975a7\,0:-1,2016-12-15 16:37:56-006,2016-12-15 16:37:56-006
Success : RANDOM_READ : test1\c5a5e5562b038073\767c14c8beb1e835,0:35840,2016-12-15 16:37:59-218,2016-12-15 16:37:59-223
Success : CREATE_FILE : test2\a94a8fe5ccb19ba6\557586123ADFC89B,0:3379390,2016-12-15 16:37:59-812,2016-12-15 16:38:00-288
Success : LS : test2\a94a8fe5ccb19ba6\,0:-1,2016-12-15 16:38:00-289,2016-12-15 16:38:00-289
Success : RANDOM_READ : test1\f71b43c3136efa4f\c7d9912886e5ccc7\6670af231c096f09,0:129,2016-12-15 16:38:01-906,2016-12-15 16:38:01-909
Success : CREATE_FILE : test2\a94a8fe5ccb19ba6\3DAAA9F0117D82E8,0:2643159,2016-12-15 16:38:04-619,2016-12-15 16:38:05-012
Success : LS : test2\a94a8fe5ccb19ba6\,0:-1,2016-12-15 16:38:05-012,2016-12-15 16:38:05-012
Success : RANDOM_READ : test2\a94a8fe5ccb19ba6\2a5bd02710e975a7\3eef580036f1724a,0:257,2016-12-15 16:38:06-461,2016-12-15 16:38:06-463
Success : CREATE_FILE : test2\a94a8fe5ccb19ba6\15F10D175BA73FE3,0:3625431,2016-12-15 16:38:09-693,2016-12-15 16:38:10-228
Success : LS : test2\a94a8fe5ccb19ba6\,0:-1,2016-12-15 16:38:10-228,2016-12-15 16:38:10-229
Success : SEQ_READ : test1\c5a5e5562b038073\738537f9a40e568b,0:14336,2016-12-15 16:38:10-344,2016-12-15 16:38:10-347
Success : RANDOM_READ : test1\c5a5e5562b038073\767c14c8beb1e835,0:46080,2016-12-15 16:38:10-489,2016-12-15 16:38:10-494
Success : SEQ_READ : test1\c5a5e5562b038073\b0c5d70d7f040bfa,0:12288,2016-12-15 16:38:12-631,2016-12-15 16:38:12-634
Success : SEQ_READ : test1\c5a5e5562b038073\7b7f22b30cf50087,0:2048,2016-12-15 16:38:12-971,2016-12-15 16:38:12-973
Success : SEQ_READ : test1\c5a5e5562b038073\767c14c8beb1e835,0:3169280,2016-12-15 16:38:14-148,2016-12-15 16:38:14-424
Success : SEQ_READ : test1\c5a5e5562b038073\738537f9a40e568b,0:5120,2016-12-15 16:38:14-635,2016-12-15 16:38:14-638
Success : SEQ_READ : test2\6c33a983eec1b409,0:1024,2016-12-15 16:38:15-146,2016-12-15 16:38:15-147
Success : SEQ_READ : test1\c5a5e5562b038073\a39ea9c72a98de10\aa61f113a9b13deb,0:438,2016-12-15 16:38:16-334,2016-12-15 16:38:16-335
Success : SEQ_READ : test1\f71b43c3136efa4f\52481749c0cdecd6\6670af231c096f09,0:129,2016-12-15 16:38:18-071,2016-12-15 16:38:18-072
Success : RANDOM_READ : test2\a94a8fe5ccb19ba6\2a5bd02710e975a7\3eef580036f1724a,0:257,2016-12-15 16:38:19-153,2016-12-15 16:38:19-155
Success : RANDOM_READ : test1\f71b43c3136efa4f\c7d9912886e5ccc7\6670af231c096f09,0:129,2016-12-15 16:38:21-429,2016-12-15 16:38:21-431
Success : CREATE_FILE : test2\a94a8fe5ccb19ba6\2a5bd02710e975a7\1564F45F39331C33,0:2522368,2016-12-15 16:38:21-794,2016-12-15 16:38:22-400
Success : LS : test2\a94a8fe5ccb19ba6\2a5bd02710e975a7\,0:-1,2016-12-15 16:38:22-400,2016-12-15 16:38:22-400
Success : CREATE_FILE : test2\a94a8fe5ccb19ba6\5BE7BF3A7F9A5706,0:2266265,2016-12-15 16:38:23-025,2016-12-15 16:38:23-455
Success : LS : test2\a94a8fe5ccb19ba6\,0:-1,2016-12-15 16:38:23-456,2016-12-15 16:38:23-456
Success : CREATE_FILE : test2\a94a8fe5ccb19ba6\2a5bd02710e975a7\3AEB9D8670F8E117,0:829914,2016-12-15 16:38:25-801,2016-12-15 16:38:25-981
Success : LS : test2\a94a8fe5ccb19ba6\2a5bd02710e975a7\,0:-1,2016-12-15 16:38:25-981,2016-12-15 16:38:25-982
Success : CREATE_FILE : test2\a94a8fe5ccb19ba6\2a5bd02710e975a7\4F406CE946AAEEF8,0:3724109,2016-12-15 16:38:26-642,2016-12-15 16:38:27-177
Success : LS : test2\a94a8fe5ccb19ba6\2a5bd02710e975a7\,0:-1,2016-12-15 16:38:27-177,2016-12-15 16:38:27-177
Success : SEQ_READ : test1\c5a5e5562b038073\a39ea9c72a98de10\aa61f113a9b13deb,0:438,2016-12-15 16:38:29-833,2016-12-15 16:38:29-835
Success : SEQ_READ : test1\c5a5e5562b038073\c7abaf0419c47a1d,0:203776,2016-12-15 16:38:29-982,2016-12-15 16:38:30-002
Success : SEQ_READ : test1\c5a5e5562b038073\b0c5d70d7f040bfa,0:5120,2016-12-15 16:38:31-514,2016-12-15 16:38:31-517
Success : SEQ_READ : test1\c5a5e5562b038073\a39ea9c72a98de10\aa61f113a9b13deb,0:438,2016-12-15 16:38:32-597,2016-12-15 16:38:32-599
Success : RANDOM_READ : test2\49f03965cf98b1f5,0:1,2016-12-15 16:38:34-099,2016-12-15 16:38:34-100
Success : SEQ_READ : test1\f71b43c3136efa4f\9f93e73d6896cb7b\6670af231c096f09,0:129,2016-12-15 16:38:34-755,2016-12-15 16:38:34-756
Success : SEQ_READ : test1\c5a5e5562b038073\c7734a16bf12bb03,0:306176,2016-12-15 16:38:34-999,2016-12-15 16:38:35-027
Success : RANDOM_READ : test1\c5a5e5562b038073\68ad3077ff5a452a,0:383,2016-12-15 16:38:37-083,2016-12-15 16:38:37-084
Success : RANDOM_READ : test2\acde102dac5bbe15,0:5120,2016-12-15 16:38:41-357,2016-12-15 16:38:41-359
Success : RANDOM_READ : test1\c5a5e5562b038073\c7734a16bf12bb03,0:32768,2016-12-15 16:38:41-750,2016-12-15 16:38:41-755
Success : CREATE_FILE : test2\a94a8fe5ccb19ba6\1110D4E45A5E681A,0:401274,2016-12-15 16:38:42-416,2016-12-15 16:38:42-570
Success : LS : test2\a94a8fe5ccb19ba6\,0:-1,2016-12-15 16:38:42-570,2016-12-15 16:38:42-570
Success : CREATE_FILE : test2\a94a8fe5ccb19ba6\7237E0871D68755F,0:1844599,2016-12-15 16:38:42-570,2016-12-15 16:38:42-841
Success : LS : test2\a94a8fe5ccb19ba6\,0:-1,2016-12-15 16:38:42-841,2016-12-15 16:38:42-841
