Success : LS : test1\f71b43c3136efa4f\83404ffd78f534ff\,0:-1,2016-12-15 14:40:05-534,2016-12-15 14:40:05-796
Success : LS : test1\f71b43c3136efa4f\52481749c0cdecd6\,0:-1,2016-12-15 14:40:05-878,2016-12-15 14:40:06-045
Success : CREATE_FILE : test2\a94a8fe5ccb19ba6\2a5bd02710e975a7\20AFDF1878EAA2C2,0:97325,2016-12-15 14:40:06-156,2016-12-15 14:40:06-369
Success : SEQ_READ : test1\f71b43c3136efa4f\52481749c0cdecd6\6670af231c096f09,0:129,2016-12-15 14:40:06-491,2016-12-15 14:40:06-646
Success : LS : test2\a94a8fe5ccb19ba6\2a5bd02710e975a7\,0:-1,2016-12-15 14:40:06-734,2016-12-15 14:40:06-934
Success : CREATE_FILE : test2\a94a8fe5ccb19ba6\53DDCB223FF9D457,0:989587,2016-12-15 14:40:07-059,2016-12-15 14:40:07-470
Success : LS : test2\a94a8fe5ccb19ba6\,0:-1,2016-12-15 14:40:07-592,2016-12-15 14:40:07-829
Success : CREATE_FILE : test2\a94a8fe5ccb19ba6\452648610018A7CA,0:103582,2016-12-15 14:40:07-940,2016-12-15 14:40:08-155
Success : LS : test2\a94a8fe5ccb19ba6\,0:-1,2016-12-15 14:40:08-269,2016-12-15 14:40:08-513
Success : CREATE_FILE : test2\a94a8fe5ccb19ba6\2FC14F127FA9DDCE,0:3724652,2016-12-15 14:40:09-131,2016-12-15 14:40:12-639
Success : LS : test2\a94a8fe5ccb19ba6\,0:-1,2016-12-15 14:40:12-720,2016-12-15 14:40:12-920
Success : LS : test1\c5a5e5562b038073\0189424a5a60fed3\,0:-1,2016-12-15 14:40:13-041,2016-12-15 14:40:13-242
Success : LS : test2\a94a8fe5ccb19ba6\,0:-1,2016-12-15 14:40:13-363,2016-12-15 14:40:13-559
Success : CREATE_FILE : test2\a94a8fe5ccb19ba6\2a5bd02710e975a7\7B3715164C2CF3CA,0:1738496,2016-12-15 14:40:13-653,2016-12-15 14:40:14-690
Success : LS : test2\a94a8fe5ccb19ba6\,0:-1,2016-12-15 14:40:14-761,2016-12-15 14:40:14-920
Success : LS : test2\a94a8fe5ccb19ba6\,0:-1,2016-12-15 14:40:14-996,2016-12-15 14:40:15-170
Success : LS : test2\a94a8fe5ccb19ba6\2a5bd02710e975a7\,0:-1,2016-12-15 14:40:15-287,2016-12-15 14:40:15-444
Success : LS : test1\f71b43c3136efa4f\,0:-1,2016-12-15 14:40:15-559,2016-12-15 14:40:15-736
Success : SEQ_READ : test2\1a7683b6645f9b6a,0:14529,2016-12-15 14:40:15-822,2016-12-15 14:40:15-982
Success : LS : test1\f71b43c3136efa4f\c7d9912886e5ccc7\,0:-1,2016-12-15 14:40:17-100,2016-12-15 14:40:17-265
Success : CREATE_FILE : test2\a94a8fe5ccb19ba6\45E4DC047355CC78,0:2590237,2016-12-15 14:40:17-539,2016-12-15 14:40:19-655
Success : SEQ_READ : test2\6c33a983eec1b409,0:2291,2016-12-15 14:40:19-743,2016-12-15 14:40:19-945
Success : LS : test1\f71b43c3136efa4f\,0:-1,2016-12-15 14:40:20-048,2016-12-15 14:40:20-269
Success : LS : test2\a94a8fe5ccb19ba6\,0:-1,2016-12-15 14:40:20-359,2016-12-15 14:40:20-565
Success : CREATE_FILE : test2\a94a8fe5ccb19ba6\2a5bd02710e975a7\6B51C7CA5D3A650D,0:3836156,2016-12-15 14:40:20-657,2016-12-15 14:40:24-552
Success : LS : test1\f71b43c3136efa4f\83404ffd78f534ff\,0:-1,2016-12-15 14:40:24-661,2016-12-15 14:40:24-815
Success : LS : test2\a94a8fe5ccb19ba6\,0:-1,2016-12-15 14:40:24-912,2016-12-15 14:40:25-078
Success : LS : test2\a94a8fe5ccb19ba6\2a5bd02710e975a7\,0:-1,2016-12-15 14:40:25-175,2016-12-15 14:40:25-405
Success : CREATE_FILE : test2\a94a8fe5ccb19ba6\07B193360BA7B1A6,0:3693290,2016-12-15 14:40:25-510,2016-12-15 14:40:29-220
Success : LS : test2\a94a8fe5ccb19ba6\,0:-1,2016-12-15 14:40:29-313,2016-12-15 14:40:29-488
Success : LS : test1\f71b43c3136efa4f\,0:-1,2016-12-15 14:40:29-607,2016-12-15 14:40:29-810
Success : LS : test2\a94a8fe5ccb19ba6\,0:-1,2016-12-15 14:40:29-880,2016-12-15 14:40:30-115
Success : LS : test1\c5a5e5562b038073\,0:-1,2016-12-15 14:40:30-230,2016-12-15 14:40:30-386
Success : LS : test2\a94a8fe5ccb19ba6\,0:-1,2016-12-15 14:40:30-498,2016-12-15 14:40:30-690
Success : CREATE_FILE : test2\a94a8fe5ccb19ba6\040467F63A160AF9,0:494955,2016-12-15 14:40:30-787,2016-12-15 14:40:31-039
Success : LS : test1\f71b43c3136efa4f\,0:-1,2016-12-15 14:40:31-155,2016-12-15 14:40:31-366
Success : LS : test1\c5a5e5562b038073\a39ea9c72a98de10\,0:-1,2016-12-15 14:40:31-478,2016-12-15 14:40:31-671
Success : LS : test2\a94a8fe5ccb19ba6\,0:-1,2016-12-15 14:40:31-769,2016-12-15 14:40:31-988
Success : LS : test2\a94a8fe5ccb19ba6\,0:-1,2016-12-15 14:40:32-108,2016-12-15 14:40:32-307
Success : CREATE_FILE : test2\a94a8fe5ccb19ba6\4C2EBE3D090FF88B,0:1485146,2016-12-15 14:40:32-422,2016-12-15 14:40:33-232
Success : LS : test2\a94a8fe5ccb19ba6\,0:-1,2016-12-15 14:40:33-302,2016-12-15 14:40:33-480
Success : CREATE_FILE : test2\a94a8fe5ccb19ba6\642760B7014F550A,0:3894311,2016-12-15 14:40:33-746,2016-12-15 14:40:37-475
Success : LS : test2\a94a8fe5ccb19ba6\,0:-1,2016-12-15 14:40:37-595,2016-12-15 14:40:37-791
Success : LS : test1\c5a5e5562b038073\,0:-1,2016-12-15 14:40:37-890,2016-12-15 14:40:38-091
Success : LS : test2\a94a8fe5ccb19ba6\,0:-1,2016-12-15 14:40:38-215,2016-12-15 14:40:38-406
Success : LS : test1\f71b43c3136efa4f\,0:-1,2016-12-15 14:40:38-503,2016-12-15 14:40:38-684
Success : LS : test1\c5a5e5562b038073\0189424a5a60fed3\,0:-1,2016-12-15 14:40:38-773,2016-12-15 14:40:38-916
Success : LS : test2\a94a8fe5ccb19ba6\,0:-1,2016-12-15 14:40:38-990,2016-12-15 14:40:39-223
Success : LS : test1\f71b43c3136efa4f\83404ffd78f534ff\,0:-1,2016-12-15 14:40:39-349,2016-12-15 14:40:39-506
Success : CREATE_FILE : test2\a94a8fe5ccb19ba6\3FEFB0B477BB2068,0:2257308,2016-12-15 14:40:40-555,2016-12-15 14:40:42-305
Success : LS : test2\a94a8fe5ccb19ba6\,0:-1,2016-12-15 14:40:42-418,2016-12-15 14:40:42-650
Success : LS : test1\f71b43c3136efa4f\c7d9912886e5ccc7\,0:-1,2016-12-15 14:40:42-758,2016-12-15 14:40:42-914
Success : LS : test2\a94a8fe5ccb19ba6\,0:-1,2016-12-15 14:40:42-993,2016-12-15 14:40:43-203
Success : LS : test2\a94a8fe5ccb19ba6\2a5bd02710e975a7\,0:-1,2016-12-15 14:40:43-314,2016-12-15 14:40:43-527
Fail : LS : test1,0:-1,2016-12-15 14:40:43-637,2016-12-15 14:40:43-638
Reason : java.lang.StringIndexOutOfBoundsException: String index out of range: -1
Success : CREATE_FILE : test2\a94a8fe5ccb19ba6\275C480260C12A24,0:3017161,2016-12-15 14:40:43-737,2016-12-15 14:40:46-368
Success : SEQ_READ : test2\acde102dac5bbe15,0:6030,2016-12-15 14:40:46-480,2016-12-15 14:40:46-628
Success : LS : test1\f71b43c3136efa4f\c7d9912886e5ccc7\,0:-1,2016-12-15 14:40:46-735,2016-12-15 14:40:46-889
Success : LS : test2\a94a8fe5ccb19ba6\,0:-1,2016-12-15 14:40:46-991,2016-12-15 14:40:47-200
Success : LS : test2\a94a8fe5ccb19ba6\2a5bd02710e975a7\,0:-1,2016-12-15 14:40:47-305,2016-12-15 14:40:47-472
Success : SEQ_READ : test1\c5a5e5562b038073\c7734a16bf12bb03,0:364726,2016-12-15 14:40:47-894,2016-12-15 14:40:48-058
Success : LS : test1\f71b43c3136efa4f\52481749c0cdecd6\,0:-1,2016-12-15 14:40:48-174,2016-12-15 14:40:48-398
Success : CREATE_FILE : test2\a94a8fe5ccb19ba6\2a5bd02710e975a7\6F802A6156A5C4A3,0:3932300,2016-12-15 14:40:51-093,2016-12-15 14:40:55-150
Success : LS : test2\a94a8fe5ccb19ba6\2a5bd02710e975a7\,0:-1,2016-12-15 14:40:55-250,2016-12-15 14:40:55-423
Success : LS : test1\f71b43c3136efa4f\,0:-1,2016-12-15 14:40:55-549,2016-12-15 14:40:55-763
Success : SEQ_READ : test1\c5a5e5562b038073\0189424a5a60fed3\feb6a1968982109d,0:20126138,2016-12-15 14:40:55-844,2016-12-15 14:40:56-032
Success : LS : test2\a94a8fe5ccb19ba6\,0:-1,2016-12-15 14:40:56-115,2016-12-15 14:40:56-283
Success : LS : test2\a94a8fe5ccb19ba6\2a5bd02710e975a7\,0:-1,2016-12-15 14:40:56-391,2016-12-15 14:40:56-588
Success : SEQ_READ : test1\c5a5e5562b038073\a39ea9c72a98de10\f398de59988a85e5,0:6743,2016-12-15 14:40:56-677,2016-12-15 14:40:56-816
Success : LS : test1\f71b43c3136efa4f\,0:-1,2016-12-15 14:40:56-891,2016-12-15 14:40:57-033
Success : CREATE_FILE : test2\a94a8fe5ccb19ba6\0555805850341EC0,0:2154092,2016-12-15 14:40:58-136,2016-12-15 14:40:59-893
Success : LS : test2\a94a8fe5ccb19ba6\,0:-1,2016-12-15 14:40:59-978,2016-12-15 14:41:00-214
Success : CREATE_FILE : test2\a94a8fe5ccb19ba6\0D97BA713A59ACCC,0:66522,2016-12-15 14:41:00-340,2016-12-15 14:41:00-522
Success : LS : test2\a94a8fe5ccb19ba6\,0:-1,2016-12-15 14:41:00-643,2016-12-15 14:41:00-830
Success : CREATE_FILE : test2\a94a8fe5ccb19ba6\2a5bd02710e975a7\1C214CEB7E615AAF,0:1025131,2016-12-15 14:41:00-950,2016-12-15 14:41:01-252
Success : LS : test2\a94a8fe5ccb19ba6\2a5bd02710e975a7\,0:-1,2016-12-15 14:41:01-377,2016-12-15 14:41:01-544
Fail : LS : test1,0:-1,2016-12-15 14:41:01-639,2016-12-15 14:41:01-639
Reason : java.lang.StringIndexOutOfBoundsException: String index out of range: -1
Success : LS : test1\f71b43c3136efa4f\83404ffd78f534ff\,0:-1,2016-12-15 14:41:02-192,2016-12-15 14:41:02-385
Success : LS : test1\f71b43c3136efa4f\9f93e73d6896cb7b\,0:-1,2016-12-15 14:41:03-712,2016-12-15 14:41:03-870
Success : CREATE_FILE : test2\a94a8fe5ccb19ba6\0F1B2B6F1AA29E79,0:1361765,2016-12-15 14:41:03-985,2016-12-15 14:41:04-687
Success : LS : test2\a94a8fe5ccb19ba6\,0:-1,2016-12-15 14:41:04-805,2016-12-15 14:41:05-015
Success : LS : test2\a94a8fe5ccb19ba6\,0:-1,2016-12-15 14:41:07-024,2016-12-15 14:41:07-249
Fail : LS : test1,0:-1,2016-12-15 14:41:07-565,2016-12-15 14:41:07-565
Reason : java.lang.StringIndexOutOfBoundsException: String index out of range: -1
Success : SEQ_READ : test1\f71b43c3136efa4f\52481749c0cdecd6\6670af231c096f09,0:129,2016-12-15 14:41:08-100,2016-12-15 14:41:08-268
Success : CREATE_FILE : test2\a94a8fe5ccb19ba6\0252D67C12A61E74,0:2004178,2016-12-15 14:41:10-044,2016-12-15 14:41:11-521
Success : LS : test2\a94a8fe5ccb19ba6\,0:-1,2016-12-15 14:41:11-612,2016-12-15 14:41:11-826
Success : CREATE_FILE : test2\a94a8fe5ccb19ba6\0A25153E2BD99A7C,0:463601,2016-12-15 14:41:11-927,2016-12-15 14:41:12-173
Success : LS : test1\f71b43c3136efa4f\83404ffd78f534ff\,0:-1,2016-12-15 14:41:12-255,2016-12-15 14:41:12-446
Success : LS : test2\a94a8fe5ccb19ba6\,0:-1,2016-12-15 14:41:12-553,2016-12-15 14:41:12-739
Success : CREATE_FILE : test2\a94a8fe5ccb19ba6\31AA6B2852378601,0:3380394,2016-12-15 14:41:12-840,2016-12-15 14:41:15-734
Success : LS : test2\a94a8fe5ccb19ba6\,0:-1,2016-12-15 14:41:15-843,2016-12-15 14:41:16-055
Success : LS : test1\c5a5e5562b038073\0189424a5a60fed3\,0:-1,2016-12-15 14:41:16-139,2016-12-15 14:41:16-340
Success : LS : test1\f71b43c3136efa4f\52481749c0cdecd6\,0:-1,2016-12-15 14:41:16-448,2016-12-15 14:41:16-595
Success : LS : test2\a94a8fe5ccb19ba6\,0:-1,2016-12-15 14:41:16-666,2016-12-15 14:41:16-871
Success : CREATE_FILE : test2\a94a8fe5ccb19ba6\5A902D653CB6C959,0:322669,2016-12-15 14:41:16-980,2016-12-15 14:41:17-206
Success : LS : test2\a94a8fe5ccb19ba6\,0:-1,2016-12-15 14:41:17-315,2016-12-15 14:41:17-548
Success : CREATE_FILE : test2\a94a8fe5ccb19ba6\649A62EA0B3C8554,0:3112895,2016-12-15 14:41:17-667,2016-12-15 14:41:20-260
Success : LS : test2\a94a8fe5ccb19ba6\2a5bd02710e975a7\,0:-1,2016-12-15 14:41:20-373,2016-12-15 14:41:20-609
Success : LS : test2\a94a8fe5ccb19ba6\,0:-1,2016-12-15 14:41:20-695,2016-12-15 14:41:20-874
Success : CREATE_FILE : test2\a94a8fe5ccb19ba6\4DEE4B1E5DB595DF,0:3520191,2016-12-15 14:41:20-945,2016-12-15 14:41:24-143
Success : LS : test2\a94a8fe5ccb19ba6\,0:-1,2016-12-15 14:41:24-248,2016-12-15 14:41:24-497
Success : CREATE_FILE : test2\a94a8fe5ccb19ba6\0231E97D3801198E,0:316666,2016-12-15 14:41:24-608,2016-12-15 14:41:24-797
Success : LS : test2\a94a8fe5ccb19ba6\,0:-1,2016-12-15 14:41:24-909,2016-12-15 14:41:25-134
Success : CREATE_FILE : test2\a94a8fe5ccb19ba6\2357445909150EEC,0:426095,2016-12-15 14:41:26-916,2016-12-15 14:41:27-117
Success : LS : test2\a94a8fe5ccb19ba6\,0:-1,2016-12-15 14:41:27-218,2016-12-15 14:41:27-428
Success : CREATE_FILE : test2\a94a8fe5ccb19ba6\54EDE02C27E256F7,0:2606784,2016-12-15 14:41:28-221,2016-12-15 14:41:30-149
Success : LS : test1\f71b43c3136efa4f\9f93e73d6896cb7b\,0:-1,2016-12-15 14:41:30-268,2016-12-15 14:41:30-459
Success : LS : test2\a94a8fe5ccb19ba6\,0:-1,2016-12-15 14:41:30-564,2016-12-15 14:41:30-766
Success : CREATE_FILE : test2\a94a8fe5ccb19ba6\2a5bd02710e975a7\37AFB40D60A583C1,0:1351595,2016-12-15 14:41:30-879,2016-12-15 14:41:31-514
Success : LS : test2\a94a8fe5ccb19ba6\2a5bd02710e975a7\,0:-1,2016-12-15 14:41:31-633,2016-12-15 14:41:31-820
Success : LS : test1\f71b43c3136efa4f\9f93e73d6896cb7b\,0:-1,2016-12-15 14:41:32-072,2016-12-15 14:41:32-234
Success : LS : test1\c5a5e5562b038073\0189424a5a60fed3\,0:-1,2016-12-15 14:41:32-356,2016-12-15 14:41:32-515
Success : SEQ_READ : test1\f71b43c3136efa4f\c7d9912886e5ccc7\6670af231c096f09,0:129,2016-12-15 14:41:33-499,2016-12-15 14:41:33-673
Success : SEQ_READ : test1\c5a5e5562b038073\6670af231c096f09,0:46,2016-12-15 14:41:33-958,2016-12-15 14:41:34-150
Success : LS : test1\f71b43c3136efa4f\c7d9912886e5ccc7\,0:-1,2016-12-15 14:41:34-671,2016-12-15 14:41:34-822
Success : LS : test2\a94a8fe5ccb19ba6\,0:-1,2016-12-15 14:41:36-769,2016-12-15 14:41:36-967
Success : SEQ_READ : test1\c5a5e5562b038073\0caa882bd1034750,0:324096,2016-12-15 14:41:39-347,2016-12-15 14:41:39-546
Success : CREATE_FILE : test2\a94a8fe5ccb19ba6\2091A93F2851A697,0:1546945,2016-12-15 14:41:40-696,2016-12-15 14:41:41-523
Success : LS : test1\c5a5e5562b038073\a39ea9c72a98de10\,0:-1,2016-12-15 14:41:41-599,2016-12-15 14:41:41-758
Success : LS : test2\a94a8fe5ccb19ba6\,0:-1,2016-12-15 14:41:41-831,2016-12-15 14:41:42-052
Success : LS : test2\a94a8fe5ccb19ba6\2a5bd02710e975a7\,0:-1,2016-12-15 14:41:42-147,2016-12-15 14:41:42-361
Success : CREATE_FILE : test2\a94a8fe5ccb19ba6\2a5bd02710e975a7\5149414D4523876B,0:206525,2016-12-15 14:41:43-495,2016-12-15 14:41:43-720
Success : LS : test2\a94a8fe5ccb19ba6\2a5bd02710e975a7\,0:-1,2016-12-15 14:41:43-825,2016-12-15 14:41:44-008
Success : LS : test1\f71b43c3136efa4f\c7d9912886e5ccc7\,0:-1,2016-12-15 14:41:46-227,2016-12-15 14:41:46-377
Success : LS : test1\f71b43c3136efa4f\52481749c0cdecd6\,0:-1,2016-12-15 14:41:47-593,2016-12-15 14:41:47-785
Success : CREATE_FILE : test2\a94a8fe5ccb19ba6\2a5bd02710e975a7\4B23751F50E3F7B0,0:2865337,2016-12-15 14:41:49-367,2016-12-15 14:41:51-751
Success : LS : test2\a94a8fe5ccb19ba6\2a5bd02710e975a7\,0:-1,2016-12-15 14:41:51-874,2016-12-15 14:41:52-139
Success : CREATE_FILE : test2\a94a8fe5ccb19ba6\2a5bd02710e975a7\7C694FD148643A01,0:607744,2016-12-15 14:41:52-242,2016-12-15 14:41:52-452
Success : LS : test1\f71b43c3136efa4f\83404ffd78f534ff\,0:-1,2016-12-15 14:41:52-545,2016-12-15 14:41:52-708
Success : LS : test2\a94a8fe5ccb19ba6\2a5bd02710e975a7\,0:-1,2016-12-15 14:41:52-783,2016-12-15 14:41:52-957
Success : CREATE_FILE : test2\a94a8fe5ccb19ba6\193B7D071D9D6784,0:901287,2016-12-15 14:41:53-031,2016-12-15 14:41:53-311
Success : LS : test1\f71b43c3136efa4f\83404ffd78f534ff\,0:-1,2016-12-15 14:41:53-391,2016-12-15 14:41:53-533
Success : LS : test2\a94a8fe5ccb19ba6\,0:-1,2016-12-15 14:41:53-648,2016-12-15 14:41:53-834
Success : LS : test1\c5a5e5562b038073\0189424a5a60fed3\,0:-1,2016-12-15 14:41:54-048,2016-12-15 14:41:54-216
Success : LS : test1\f71b43c3136efa4f\,0:-1,2016-12-15 14:41:54-548,2016-12-15 14:41:54-745
Success : LS : test1\f71b43c3136efa4f\c7d9912886e5ccc7\,0:-1,2016-12-15 14:41:55-385,2016-12-15 14:41:55-575
Success : CREATE_FILE : test2\a94a8fe5ccb19ba6\1D9A47C27F7661B5,0:4027829,2016-12-15 14:41:56-423,2016-12-15 14:41:59-989
Fail : LS : test1,0:-1,2016-12-15 14:42:00-077,2016-12-15 14:42:00-078
Reason : java.lang.StringIndexOutOfBoundsException: String index out of range: -1
Success : LS : test1\f71b43c3136efa4f\9f93e73d6896cb7b\,0:-1,2016-12-15 14:42:00-189,2016-12-15 14:42:00-400
Success : LS : test2\a94a8fe5ccb19ba6\,0:-1,2016-12-15 14:42:00-500,2016-12-15 14:42:00-714
Success : CREATE_FILE : test2\a94a8fe5ccb19ba6\2a5bd02710e975a7\1B98DFD16F240B2F,0:3207141,2016-12-15 14:42:00-824,2016-12-15 14:42:03-466
Success : LS : test1\f71b43c3136efa4f\83404ffd78f534ff\,0:-1,2016-12-15 14:42:03-547,2016-12-15 14:42:03-695
Fail : LS : test1,0:-1,2016-12-15 14:42:03-795,2016-12-15 14:42:03-795
Reason : java.lang.StringIndexOutOfBoundsException: String index out of range: -1
Success : LS : test1\f71b43c3136efa4f\,0:-1,2016-12-15 14:42:03-891,2016-12-15 14:42:04-091
Success : LS : test2\a94a8fe5ccb19ba6\2a5bd02710e975a7\,0:-1,2016-12-15 14:42:04-206,2016-12-15 14:42:04-393
Success : LS : test1\c5a5e5562b038073\,0:-1,2016-12-15 14:42:04-490,2016-12-15 14:42:04-693
Success : LS : test1\f71b43c3136efa4f\83404ffd78f534ff\,0:-1,2016-12-15 14:42:04-767,2016-12-15 14:42:04-908
Success : CREATE_FILE : test2\a94a8fe5ccb19ba6\2a5bd02710e975a7\2B76D2B2076E4514,0:2515302,2016-12-15 14:42:04-978,2016-12-15 14:42:06-880
Success : LS : test2\a94a8fe5ccb19ba6\2a5bd02710e975a7\,0:-1,2016-12-15 14:42:06-966,2016-12-15 14:42:07-199
Success : LS : test2\a94a8fe5ccb19ba6\,0:-1,2016-12-15 14:42:07-313,2016-12-15 14:42:07-558
Success : LS : test2\a94a8fe5ccb19ba6\2a5bd02710e975a7\,0:-1,2016-12-15 14:42:07-676,2016-12-15 14:42:07-904
Success : CREATE_FILE : test2\a94a8fe5ccb19ba6\5D5B62820827BBB8,0:600388,2016-12-15 14:42:08-012,2016-12-15 14:42:08-261
Success : LS : test2\a94a8fe5ccb19ba6\,0:-1,2016-12-15 14:42:08-373,2016-12-15 14:42:08-604
Success : CREATE_FILE : test2\a94a8fe5ccb19ba6\1BCF1F3355AFA7BE,0:3060571,2016-12-15 14:42:08-714,2016-12-15 14:42:11-161
Success : LS : test1\c5a5e5562b038073\a39ea9c72a98de10\,0:-1,2016-12-15 14:42:11-277,2016-12-15 14:42:11-494
Success : LS : test2\a94a8fe5ccb19ba6\,0:-1,2016-12-15 14:42:11-612,2016-12-15 14:42:11-787
Success : SEQ_READ : test1\c5a5e5562b038073\a39ea9c72a98de10\11562aa867a5f398,0:2752,2016-12-15 14:42:11-901,2016-12-15 14:42:12-053
Success : CREATE_FILE : test2\a94a8fe5ccb19ba6\2a5bd02710e975a7\22897A0320CDBDFC,0:2283704,2016-12-15 14:42:12-170,2016-12-15 14:42:13-811
Success : LS : test1\f71b43c3136efa4f\83404ffd78f534ff\,0:-1,2016-12-15 14:42:13-892,2016-12-15 14:42:14-084
Success : LS : test1\f71b43c3136efa4f\83404ffd78f534ff\,0:-1,2016-12-15 14:42:14-171,2016-12-15 14:42:14-359
Success : LS : test2\a94a8fe5ccb19ba6\2a5bd02710e975a7\,0:-1,2016-12-15 14:42:14-473,2016-12-15 14:42:14-685
Success : CREATE_FILE : test2\a94a8fe5ccb19ba6\21ADC7083E257753,0:2695723,2016-12-15 14:42:14-758,2016-12-15 14:42:16-793
Success : SEQ_READ : test1\c5a5e5562b038073\a39ea9c72a98de10\aa61f113a9b13deb,0:438,2016-12-15 14:42:16-910,2016-12-15 14:42:17-108
Success : LS : test2\a94a8fe5ccb19ba6\,0:-1,2016-12-15 14:42:17-197,2016-12-15 14:42:17-396
Success : CREATE_FILE : test2\a94a8fe5ccb19ba6\2a5bd02710e975a7\59DE1424232772C6,0:2832549,2016-12-15 14:42:17-515,2016-12-15 14:42:19-861
Success : LS : test2\a94a8fe5ccb19ba6\2a5bd02710e975a7\,0:-1,2016-12-15 14:42:19-968,2016-12-15 14:42:20-189
Success : CREATE_FILE : test2\a94a8fe5ccb19ba6\2F51DC9D390AD0C9,0:2305399,2016-12-15 14:42:20-581,2016-12-15 14:42:22-372
Success : LS : test2\a94a8fe5ccb19ba6\,0:-1,2016-12-15 14:42:22-488,2016-12-15 14:42:22-716
Success : CREATE_FILE : test2\a94a8fe5ccb19ba6\341C123D6F686736,0:1077804,2016-12-15 14:42:22-840,2016-12-15 14:42:23-200
Success : LS : test1\f71b43c3136efa4f\52481749c0cdecd6\,0:-1,2016-12-15 14:42:23-317,2016-12-15 14:42:23-504
Success : LS : test2\a94a8fe5ccb19ba6\,0:-1,2016-12-15 14:42:23-613,2016-12-15 14:42:23-834
Success : CREATE_FILE : test2\a94a8fe5ccb19ba6\5EF8E7D6238980B1,0:1130285,2016-12-15 14:42:23-935,2016-12-15 14:42:24-365
Success : LS : test2\a94a8fe5ccb19ba6\,0:-1,2016-12-15 14:42:24-442,2016-12-15 14:42:24-634
Success : CREATE_FILE : test2\a94a8fe5ccb19ba6\7990687C086EBE5F,0:2263501,2016-12-15 14:42:24-996,2016-12-15 14:42:26-822
Success : LS : test2\a94a8fe5ccb19ba6\,0:-1,2016-12-15 14:42:26-895,2016-12-15 14:42:27-083
Success : CREATE_FILE : test2\a94a8fe5ccb19ba6\6823BF30147ECCC1,0:674593,2016-12-15 14:42:27-234,2016-12-15 14:42:27-506
Success : LS : test2\a94a8fe5ccb19ba6\,0:-1,2016-12-15 14:42:27-601,2016-12-15 14:42:27-789
Success : CREATE_FILE : test2\a94a8fe5ccb19ba6\2a5bd02710e975a7\393A776A383B88F2,0:3036555,2016-12-15 14:42:28-466,2016-12-15 14:42:30-930
Success : LS : test2\a94a8fe5ccb19ba6\2a5bd02710e975a7\,0:-1,2016-12-15 14:42:31-049,2016-12-15 14:42:31-256
Success : CREATE_FILE : test2\a94a8fe5ccb19ba6\1A726F185EC0B66F,0:2967809,2016-12-15 14:42:31-375,2016-12-15 14:42:33-738
Success : LS : test2\a94a8fe5ccb19ba6\,0:-1,2016-12-15 14:42:33-861,2016-12-15 14:42:34-096
Success : LS : test1\c5a5e5562b038073\,0:-1,2016-12-15 14:42:34-237,2016-12-15 14:42:34-413
Success : LS : test2\a94a8fe5ccb19ba6\2a5bd02710e975a7\,0:-1,2016-12-15 14:42:34-533,2016-12-15 14:42:34-761
Success : CREATE_FILE : test2\a94a8fe5ccb19ba6\3A11ABDA2363E384,0:2258302,2016-12-15 14:42:34-885,2016-12-15 14:42:36-957
Success : SEQ_READ : test2\a94a8fe5ccb19ba6\2a5bd02710e975a7\178db47a574c645f,0:257,2016-12-15 14:42:37-071,2016-12-15 14:42:37-249
Success : LS : test2\a94a8fe5ccb19ba6\,0:-1,2016-12-15 14:42:37-327,2016-12-15 14:42:37-549
Success : CREATE_FILE : test2\a94a8fe5ccb19ba6\5248DD5A316A3786,0:855705,2016-12-15 14:42:37-661,2016-12-15 14:42:37-927
Fail : LS : test1,0:-1,2016-12-15 14:42:38-013,2016-12-15 14:42:38-013
Reason : java.lang.StringIndexOutOfBoundsException: String index out of range: -1
Success : LS : test2\a94a8fe5ccb19ba6\,0:-1,2016-12-15 14:42:38-125,2016-12-15 14:42:38-348
Fail : LS : test1,0:-1,2016-12-15 14:42:38-457,2016-12-15 14:42:38-457
Reason : java.lang.StringIndexOutOfBoundsException: String index out of range: -1
Success : CREATE_FILE : test2\a94a8fe5ccb19ba6\2a5bd02710e975a7\7756FCCE2F8AEA91,0:3304584,2016-12-15 14:42:39-178,2016-12-15 14:42:42-099
Success : SEQ_READ : test2\bc9c8ba7ff351f3e,0:217984,2016-12-15 14:42:42-186,2016-12-15 14:42:42-378
Success : LS : test2\a94a8fe5ccb19ba6\2a5bd02710e975a7\,0:-1,2016-12-15 14:42:42-450,2016-12-15 14:42:42-618
Success : CREATE_FILE : test2\a94a8fe5ccb19ba6\2a5bd02710e975a7\4D9C8417126EA22A,0:205668,2016-12-15 14:42:42-712,2016-12-15 14:42:42-886
Success : LS : test2\a94a8fe5ccb19ba6\2a5bd02710e975a7\,0:-1,2016-12-15 14:42:42-980,2016-12-15 14:42:43-211
Success : CREATE_FILE : test2\a94a8fe5ccb19ba6\2a5bd02710e975a7\4885E7D774FDEE0F,0:417760,2016-12-15 14:42:43-321,2016-12-15 14:42:43-533
Success : LS : test2\a94a8fe5ccb19ba6\2a5bd02710e975a7\,0:-1,2016-12-15 14:42:43-602,2016-12-15 14:42:43-806
Success : LS : test1\f71b43c3136efa4f\52481749c0cdecd6\,0:-1,2016-12-15 14:42:43-994,2016-12-15 14:42:44-154
Success : LS : test1\c5a5e5562b038073\,0:-1,2016-12-15 14:42:44-259,2016-12-15 14:42:44-430
Success : LS : test1\f71b43c3136efa4f\,0:-1,2016-12-15 14:42:44-842,2016-12-15 14:42:44-976
Success : CREATE_FILE : test2\a94a8fe5ccb19ba6\31B3F8B770D3000F,0:752823,2016-12-15 14:42:45-047,2016-12-15 14:42:45-283
Success : LS : test2\a94a8fe5ccb19ba6\,0:-1,2016-12-15 14:42:45-392,2016-12-15 14:42:45-573
Success : CREATE_FILE : test2\a94a8fe5ccb19ba6\35F36D9A3E20B607,0:3041644,2016-12-15 14:42:49-519,2016-12-15 14:42:51-949
Success : LS : test1\f71b43c3136efa4f\c7d9912886e5ccc7\,0:-1,2016-12-15 14:42:52-069,2016-12-15 14:42:52-251
Success : LS : test2\a94a8fe5ccb19ba6\,0:-1,2016-12-15 14:42:52-370,2016-12-15 14:42:52-620
Success : LS : test1\f71b43c3136efa4f\c7d9912886e5ccc7\,0:-1,2016-12-15 14:42:52-744,2016-12-15 14:42:52-955
Success : CREATE_FILE : test2\a94a8fe5ccb19ba6\292A3D931CC01EE6,0:2543115,2016-12-15 14:42:53-808,2016-12-15 14:42:55-705
Success : LS : test1\f71b43c3136efa4f\83404ffd78f534ff\,0:-1,2016-12-15 14:42:55-801,2016-12-15 14:42:55-950
Success : LS : test2\a94a8fe5ccb19ba6\,0:-1,2016-12-15 14:42:56-052,2016-12-15 14:42:56-224
Success : LS : test1\f71b43c3136efa4f\c7d9912886e5ccc7\,0:-1,2016-12-15 14:42:56-325,2016-12-15 14:42:56-477
Success : LS : test1\f71b43c3136efa4f\,0:-1,2016-12-15 14:42:58-114,2016-12-15 14:42:58-269
Success : LS : test2\a94a8fe5ccb19ba6\,0:-1,2016-12-15 14:42:59-844,2016-12-15 14:43:00-004
Success : LS : test1\c5a5e5562b038073\,0:-1,2016-12-15 14:43:00-089,2016-12-15 14:43:00-243
Success : SEQ_READ : test2\8da7cc13802eefe0,0:22987191,2016-12-15 14:43:02-055,2016-12-15 14:43:02-227
Success : CREATE_FILE : test2\a94a8fe5ccb19ba6\0035A17A0304983F,0:756133,2016-12-15 14:43:02-318,2016-12-15 14:43:02-554
Success : LS : test2\a94a8fe5ccb19ba6\,0:-1,2016-12-15 14:43:02-671,2016-12-15 14:43:03-057
Success : CREATE_FILE : test2\a94a8fe5ccb19ba6\75E9595859310F2A,0:3631671,2016-12-15 14:43:03-215,2016-12-15 14:43:06-388
Success : LS : test1\f71b43c3136efa4f\9f93e73d6896cb7b\,0:-1,2016-12-15 14:43:06-520,2016-12-15 14:43:06-722
Success : LS : test2\a94a8fe5ccb19ba6\,0:-1,2016-12-15 14:43:06-803,2016-12-15 14:43:06-987
Success : CREATE_FILE : test2\a94a8fe5ccb19ba6\2a5bd02710e975a7\13A4AFA72DEE7E72,0:3002516,2016-12-15 14:43:07-110,2016-12-15 14:43:09-650
Success : LS : test2\a94a8fe5ccb19ba6\2a5bd02710e975a7\,0:-1,2016-12-15 14:43:09-721,2016-12-15 14:43:09-897
Success : LS : test1\c5a5e5562b038073\a39ea9c72a98de10\,0:-1,2016-12-15 14:43:10-009,2016-12-15 14:43:10-201
Success : SEQ_READ : test1\c5a5e5562b038073\c7734a16bf12bb03,0:364726,2016-12-15 14:43:10-320,2016-12-15 14:43:10-519
Success : LS : test2\a94a8fe5ccb19ba6\,0:-1,2016-12-15 14:43:12-331,2016-12-15 14:43:12-525
Success : CREATE_FILE : test2\a94a8fe5ccb19ba6\10B52A5B57547773,0:23186,2016-12-15 14:43:13-250,2016-12-15 14:43:13-442
Success : LS : test2\a94a8fe5ccb19ba6\,0:-1,2016-12-15 14:43:13-559,2016-12-15 14:43:13-777
Success : CREATE_FILE : test2\a94a8fe5ccb19ba6\2a5bd02710e975a7\2A2E62FF777B0C0D,0:3885208,2016-12-15 14:43:14-102,2016-12-15 14:43:17-413
Success : LS : test2\a94a8fe5ccb19ba6\,0:-1,2016-12-15 14:43:17-519,2016-12-15 14:43:17-769
Success : LS : test2\a94a8fe5ccb19ba6\2a5bd02710e975a7\,0:-1,2016-12-15 14:43:17-840,2016-12-15 14:43:18-016
Fail : LS : test1,0:-1,2016-12-15 14:43:19-065,2016-12-15 14:43:19-065
Reason : java.lang.StringIndexOutOfBoundsException: String index out of range: -1
Success : SEQ_READ : test1\c5a5e5562b038073\88fe52fe40fa2264,0:2854,2016-12-15 14:43:19-138,2016-12-15 14:43:19-287
Success : LS : test1\f71b43c3136efa4f\c7d9912886e5ccc7\,0:-1,2016-12-15 14:43:19-598,2016-12-15 14:43:19-789
Success : CREATE_FILE : test2\a94a8fe5ccb19ba6\2a5bd02710e975a7\703A02133B39ABBD,0:4025505,2016-12-15 14:43:20-201,2016-12-15 14:43:23-760
Fail : LS : test1,0:-1,2016-12-15 14:43:23-833,2016-12-15 14:43:23-834
Reason : java.lang.StringIndexOutOfBoundsException: String index out of range: -1
Success : LS : test2\a94a8fe5ccb19ba6\2a5bd02710e975a7\,0:-1,2016-12-15 14:43:23-907,2016-12-15 14:43:24-077
Success : CREATE_FILE : test2\a94a8fe5ccb19ba6\794C24A71D37C7F9,0:2013232,2016-12-15 14:43:24-190,2016-12-15 14:43:25-527
Success : LS : test2\a94a8fe5ccb19ba6\2a5bd02710e975a7\,0:-1,2016-12-15 14:43:25-625,2016-12-15 14:43:25-797
Success : LS : test2\a94a8fe5ccb19ba6\,0:-1,2016-12-15 14:43:25-917,2016-12-15 14:43:26-137
Success : CREATE_FILE : test2\a94a8fe5ccb19ba6\55C8F1267AA9B359,0:3905499,2016-12-15 14:43:26-259,2016-12-15 14:43:29-691
Success : LS : test2\a94a8fe5ccb19ba6\,0:-1,2016-12-15 14:43:29-773,2016-12-15 14:43:29-945
Success : CREATE_FILE : test2\a94a8fe5ccb19ba6\664717DE0DD726AD,0:1575565,2016-12-15 14:43:30-067,2016-12-15 14:43:30-952
Success : LS : test1\f71b43c3136efa4f\52481749c0cdecd6\,0:-1,2016-12-15 14:43:31-036,2016-12-15 14:43:31-230
Success : LS : test2\a94a8fe5ccb19ba6\,0:-1,2016-12-15 14:43:31-304,2016-12-15 14:43:31-504
Success : CREATE_FILE : test2\a94a8fe5ccb19ba6\2a5bd02710e975a7\142BF8290424F852,0:1336267,2016-12-15 14:43:31-624,2016-12-15 14:43:32-511
Success : LS : test2\a94a8fe5ccb19ba6\2a5bd02710e975a7\,0:-1,2016-12-15 14:43:32-634,2016-12-15 14:43:32-823
Success : LS : test2\a94a8fe5ccb19ba6\2a5bd02710e975a7\,0:-1,2016-12-15 14:43:32-894,2016-12-15 14:43:33-059
Success : LS : test1\c5a5e5562b038073\,0:-1,2016-12-15 14:43:33-770,2016-12-15 14:43:33-928
Success : CREATE_FILE : test2\a94a8fe5ccb19ba6\2a5bd02710e975a7\3234911C0281A4A1,0:1075317,2016-12-15 14:43:34-699,2016-12-15 14:43:35-035
Success : LS : test2\a94a8fe5ccb19ba6\2a5bd02710e975a7\,0:-1,2016-12-15 14:43:35-107,2016-12-15 14:43:35-276
Success : LS : test1\f71b43c3136efa4f\,0:-1,2016-12-15 14:43:35-602,2016-12-15 14:43:35-802
Success : LS : test1\f71b43c3136efa4f\9f93e73d6896cb7b\,0:-1,2016-12-15 14:43:37-423,2016-12-15 14:43:37-587
Success : LS : test1\f71b43c3136efa4f\83404ffd78f534ff\,0:-1,2016-12-15 14:43:38-636,2016-12-15 14:43:38-796
Success : LS : test1\f71b43c3136efa4f\c7d9912886e5ccc7\,0:-1,2016-12-15 14:43:38-920,2016-12-15 14:43:39-117
Success : CREATE_FILE : test2\a94a8fe5ccb19ba6\36130D476746303D,0:3764067,2016-12-15 14:43:40-344,2016-12-15 14:43:43-511
Success : LS : test2\a94a8fe5ccb19ba6\,0:-1,2016-12-15 14:43:43-587,2016-12-15 14:43:43-774
Success : LS : test1\f71b43c3136efa4f\52481749c0cdecd6\,0:-1,2016-12-15 14:43:43-983,2016-12-15 14:43:44-145
Success : LS : test1\f71b43c3136efa4f\9f93e73d6896cb7b\,0:-1,2016-12-15 14:43:44-667,2016-12-15 14:43:44-818
Success : CREATE_FILE : test2\a94a8fe5ccb19ba6\2a5bd02710e975a7\7F5434DC393CC28F,0:2022730,2016-12-15 14:43:47-658,2016-12-15 14:43:49-009
Success : SEQ_READ : test2\1a7683b6645f9b6a,0:14529,2016-12-15 14:43:49-094,2016-12-15 14:43:49-288
Success : LS : test2\a94a8fe5ccb19ba6\2a5bd02710e975a7\,0:-1,2016-12-15 14:43:49-404,2016-12-15 14:43:49-632
Success : CREATE_FILE : test2\a94a8fe5ccb19ba6\6C43A0CF5AD7AC19,0:3813409,2016-12-15 14:43:50-773,2016-12-15 14:43:54-232
Success : LS : test2\a94a8fe5ccb19ba6\,0:-1,2016-12-15 14:43:54-334,2016-12-15 14:43:54-560
Success : CREATE_FILE : test2\a94a8fe5ccb19ba6\2a5bd02710e975a7\09221DCE6DA0D153,0:3237599,2016-12-15 14:43:54-664,2016-12-15 14:43:57-267
Success : LS : test1\f71b43c3136efa4f\83404ffd78f534ff\,0:-1,2016-12-15 14:43:57-359,2016-12-15 14:43:57-503
Success : LS : test2\a94a8fe5ccb19ba6\2a5bd02710e975a7\,0:-1,2016-12-15 14:43:57-574,2016-12-15 14:43:57-777
Success : CREATE_FILE : test2\a94a8fe5ccb19ba6\492B9C4B0BBC3D70,0:1223538,2016-12-15 14:43:57-859,2016-12-15 14:43:58-341
Success : LS : test2\a94a8fe5ccb19ba6\,0:-1,2016-12-15 14:43:58-453,2016-12-15 14:43:58-725
Success : CREATE_FILE : test2\a94a8fe5ccb19ba6\2a5bd02710e975a7\6D47FA6D7AB12093,0:1413033,2016-12-15 14:43:58-838,2016-12-15 14:43:59-589
Success : LS : test2\a94a8fe5ccb19ba6\2a5bd02710e975a7\,0:-1,2016-12-15 14:43:59-671,2016-12-15 14:43:59-870
Success : LS : test2\a94a8fe5ccb19ba6\2a5bd02710e975a7\,0:-1,2016-12-15 14:43:59-941,2016-12-15 14:44:00-118
Success : CREATE_FILE : test2\a94a8fe5ccb19ba6\6C434C8E7DC538BB,0:799334,2016-12-15 14:44:00-188,2016-12-15 14:44:00-407
Success : LS : test2\a94a8fe5ccb19ba6\,0:-1,2016-12-15 14:44:00-478,2016-12-15 14:44:00-658
Success : CREATE_FILE : test2\a94a8fe5ccb19ba6\2a5bd02710e975a7\3F655C26630AC442,0:1350694,2016-12-15 14:44:05-136,2016-12-15 14:44:05-751
Success : LS : test2\a94a8fe5ccb19ba6\,0:-1,2016-12-15 14:44:05-829,2016-12-15 14:44:06-032
Success : LS : test2\a94a8fe5ccb19ba6\2a5bd02710e975a7\,0:-1,2016-12-15 14:44:06-143,2016-12-15 14:44:06-351
Success : CREATE_FILE : test2\a94a8fe5ccb19ba6\6EDB965A769C01A8,0:3707836,2016-12-15 14:44:06-670,2016-12-15 14:44:09-838
Success : LS : test2\a94a8fe5ccb19ba6\,0:-1,2016-12-15 14:44:09-946,2016-12-15 14:44:10-138
Success : CREATE_FILE : test2\a94a8fe5ccb19ba6\72D32D9C30ECD495,0:919095,2016-12-15 14:44:10-230,2016-12-15 14:44:10-529
Success : LS : test2\a94a8fe5ccb19ba6\,0:-1,2016-12-15 14:44:10-641,2016-12-15 14:44:10-843
Success : CREATE_FILE : test2\a94a8fe5ccb19ba6\5BC83988495F20CC,0:3444228,2016-12-15 14:44:11-080,2016-12-15 14:44:13-976
Success : LS : test2\a94a8fe5ccb19ba6\,0:-1,2016-12-15 14:44:14-092,2016-12-15 14:44:14-282
Success : CREATE_FILE : test2\a94a8fe5ccb19ba6\5D19612178B313CC,0:1217124,2016-12-15 14:44:14-402,2016-12-15 14:44:14-971
Success : LS : test2\a94a8fe5ccb19ba6\,0:-1,2016-12-15 14:44:15-042,2016-12-15 14:44:15-269
Success : CREATE_FILE : test2\a94a8fe5ccb19ba6\2a5bd02710e975a7\534FFC7439EEBABD,0:2306518,2016-12-15 14:44:15-374,2016-12-15 14:44:17-503
Success : LS : test1\f71b43c3136efa4f\,0:-1,2016-12-15 14:44:17-622,2016-12-15 14:44:17-852
Success : LS : test2\a94a8fe5ccb19ba6\2a5bd02710e975a7\,0:-1,2016-12-15 14:44:17-923,2016-12-15 14:44:18-082
Success : CREATE_FILE : test2\a94a8fe5ccb19ba6\57D7B39A57764C1C,0:2279818,2016-12-15 14:44:18-179,2016-12-15 14:44:19-780
Success : LS : test1\f71b43c3136efa4f\83404ffd78f534ff\,0:-1,2016-12-15 14:44:19-896,2016-12-15 14:44:20-087
Success : LS : test2\a94a8fe5ccb19ba6\,0:-1,2016-12-15 14:44:20-202,2016-12-15 14:44:20-408
Success : CREATE_FILE : test2\a94a8fe5ccb19ba6\2a5bd02710e975a7\2550A8AC78718536,0:3770469,2016-12-15 14:44:20-526,2016-12-15 14:44:23-705
Success : LS : test1\f71b43c3136efa4f\c7d9912886e5ccc7\,0:-1,2016-12-15 14:44:23-790,2016-12-15 14:44:23-925
Success : LS : test2\a94a8fe5ccb19ba6\,0:-1,2016-12-15 14:44:23-996,2016-12-15 14:44:24-168
Success : LS : test1\f71b43c3136efa4f\,0:-1,2016-12-15 14:44:24-239,2016-12-15 14:44:24-372
Success : SEQ_READ : test2\acde102dac5bbe15,0:6030,2016-12-15 14:44:24-442,2016-12-15 14:44:24-576
Success : LS : test1\f71b43c3136efa4f\,0:-1,2016-12-15 14:44:24-648,2016-12-15 14:44:24-782
Success : LS : test2\a94a8fe5ccb19ba6\2a5bd02710e975a7\,0:-1,2016-12-15 14:44:24-874,2016-12-15 14:44:25-085
Success : CREATE_FILE : test2\a94a8fe5ccb19ba6\2a5bd02710e975a7\461D825076EDD500,0:3764021,2016-12-15 14:44:25-191,2016-12-15 14:44:28-338
Success : LS : test2\a94a8fe5ccb19ba6\,0:-1,2016-12-15 14:44:28-411,2016-12-15 14:44:28-582
Fail : LS : test1,0:-1,2016-12-15 14:44:28-696,2016-12-15 14:44:28-696
Reason : java.lang.StringIndexOutOfBoundsException: String index out of range: -1
Success : LS : test2\a94a8fe5ccb19ba6\2a5bd02710e975a7\,0:-1,2016-12-15 14:44:28-777,2016-12-15 14:44:28-982
Success : CREATE_FILE : test2\a94a8fe5ccb19ba6\2a5bd02710e975a7\32E93C7676A74590,0:2713756,2016-12-15 14:44:29-058,2016-12-15 14:44:31-130
Success : LS : test2\a94a8fe5ccb19ba6\2a5bd02710e975a7\,0:-1,2016-12-15 14:44:31-213,2016-12-15 14:44:31-440
Success : CREATE_FILE : test2\a94a8fe5ccb19ba6\2BF049B14D8DF2C3,0:3386556,2016-12-15 14:44:31-541,2016-12-15 14:44:34-309
Success : LS : test1\f71b43c3136efa4f\83404ffd78f534ff\,0:-1,2016-12-15 14:44:34-380,2016-12-15 14:44:34-521
Success : LS : test2\a94a8fe5ccb19ba6\,0:-1,2016-12-15 14:44:34-596,2016-12-15 14:44:34-774
Success : CREATE_FILE : test2\a94a8fe5ccb19ba6\2a5bd02710e975a7\00E5650842B27DD9,0:766099,2016-12-15 14:44:34-871,2016-12-15 14:44:35-095
Success : SEQ_READ : test1\c5a5e5562b038073\05d1f0ed74e78555,0:69632,2016-12-15 14:44:35-190,2016-12-15 14:44:35-332
Success : LS : test2\a94a8fe5ccb19ba6\2a5bd02710e975a7\,0:-1,2016-12-15 14:44:35-413,2016-12-15 14:44:35-615
Success : CREATE_FILE : test2\a94a8fe5ccb19ba6\06635CFA5F1DFBBD,0:883041,2016-12-15 14:44:35-728,2016-12-15 14:44:35-970
Success : LS : test2\a94a8fe5ccb19ba6\2a5bd02710e975a7\,0:-1,2016-12-15 14:44:36-038,2016-12-15 14:44:36-206
Success : LS : test2\a94a8fe5ccb19ba6\,0:-1,2016-12-15 14:44:36-286,2016-12-15 14:44:36-534
Success : CREATE_FILE : test2\a94a8fe5ccb19ba6\2a5bd02710e975a7\04EB7F5B401D7252,0:3014831,2016-12-15 14:44:36-611,2016-12-15 14:44:39-002
Success : LS : test1\c5a5e5562b038073\,0:-1,2016-12-15 14:44:39-113,2016-12-15 14:44:39-264
Success : LS : test2\a94a8fe5ccb19ba6\2a5bd02710e975a7\,0:-1,2016-12-15 14:44:39-364,2016-12-15 14:44:39-583
Success : LS : test2\a94a8fe5ccb19ba6\,0:-1,2016-12-15 14:44:39-667,2016-12-15 14:44:39-886
Success : LS : test2\a94a8fe5ccb19ba6\2a5bd02710e975a7\,0:-1,2016-12-15 14:44:40-000,2016-12-15 14:44:40-201
Success : CREATE_FILE : test2\a94a8fe5ccb19ba6\2152C3852041C7E2,0:576479,2016-12-15 14:44:40-302,2016-12-15 14:44:40-530
Success : SEQ_READ : test2\a94a8fe5ccb19ba6\2a5bd02710e975a7\254d76d2609fec03,0:2291,2016-12-15 14:44:40-630,2016-12-15 14:44:40-774
Success : LS : test2\a94a8fe5ccb19ba6\,0:-1,2016-12-15 14:44:40-878,2016-12-15 14:44:41-115
Success : CREATE_FILE : test2\a94a8fe5ccb19ba6\2a5bd02710e975a7\728620D90B8F44B9,0:149175,2016-12-15 14:44:41-680,2016-12-15 14:44:41-860
Success : LS : test2\a94a8fe5ccb19ba6\2a5bd02710e975a7\,0:-1,2016-12-15 14:44:41-930,2016-12-15 14:44:42-090
Success : LS : test1\f71b43c3136efa4f\c7d9912886e5ccc7\,0:-1,2016-12-15 14:44:43-493,2016-12-15 14:44:43-652
Success : LS : test1\f71b43c3136efa4f\,0:-1,2016-12-15 14:44:45-674,2016-12-15 14:44:45-831
Success : CREATE_FILE : test2\a94a8fe5ccb19ba6\346CD06E5074E310,0:3429929,2016-12-15 14:44:48-077,2016-12-15 14:44:51-161
Success : SEQ_READ : test1\c5a5e5562b038073\738537f9a40e568b,0:17984,2016-12-15 14:44:51-232,2016-12-15 14:44:51-372
Success : LS : test2\a94a8fe5ccb19ba6\,0:-1,2016-12-15 14:44:51-447,2016-12-15 14:44:51-645
Success : CREATE_FILE : test2\a94a8fe5ccb19ba6\6E02740D0657944D,0:269099,2016-12-15 14:44:51-757,2016-12-15 14:44:51-932
Success : LS : test2\a94a8fe5ccb19ba6\,0:-1,2016-12-15 14:44:52-002,2016-12-15 14:44:52-176
Success : CREATE_FILE : test2\a94a8fe5ccb19ba6\582A9B7438EFBF88,0:2798435,2016-12-15 14:44:53-320,2016-12-15 14:44:55-493
Success : LS : test2\a94a8fe5ccb19ba6\,0:-1,2016-12-15 14:44:55-591,2016-12-15 14:44:55-799
Success : CREATE_FILE : test2\a94a8fe5ccb19ba6\2a5bd02710e975a7\1142B8106A8FBE9C,0:2551964,2016-12-15 14:44:55-892,2016-12-15 14:44:57-978
Success : LS : test2\a94a8fe5ccb19ba6\2a5bd02710e975a7\,0:-1,2016-12-15 14:44:58-083,2016-12-15 14:44:58-253
Success : CREATE_FILE : test2\a94a8fe5ccb19ba6\2a5bd02710e975a7\0B25C37913045FD7,0:2085401,2016-12-15 14:44:58-348,2016-12-15 14:44:59-741
Success : LS : test2\a94a8fe5ccb19ba6\,0:-1,2016-12-15 14:44:59-822,2016-12-15 14:44:59-987
Success : LS : test2\a94a8fe5ccb19ba6\2a5bd02710e975a7\,0:-1,2016-12-15 14:45:00-073,2016-12-15 14:45:00-243
Success : CREATE_FILE : test2\a94a8fe5ccb19ba6\2a5bd02710e975a7\589532B33B924723,0:4010778,2016-12-15 14:45:00-358,2016-12-15 14:45:03-837
Success : LS : test1\f71b43c3136efa4f\83404ffd78f534ff\,0:-1,2016-12-15 14:45:03-951,2016-12-15 14:45:04-107
Success : LS : test1\f71b43c3136efa4f\c7d9912886e5ccc7\,0:-1,2016-12-15 14:45:04-177,2016-12-15 14:45:04-321
Success : LS : test2\a94a8fe5ccb19ba6\2a5bd02710e975a7\,0:-1,2016-12-15 14:45:04-420,2016-12-15 14:45:04-644
Success : CREATE_FILE : test2\a94a8fe5ccb19ba6\7665A5531B7FEC8A,0:3051835,2016-12-15 14:45:04-749,2016-12-15 14:45:07-225
Success : LS : test2\a94a8fe5ccb19ba6\,0:-1,2016-12-15 14:45:07-354,2016-12-15 14:45:07-574
Success : CREATE_FILE : test2\a94a8fe5ccb19ba6\2a5bd02710e975a7\18AB140724A083D0,0:1881703,2016-12-15 14:45:07-706,2016-12-15 14:45:08-906
Success : LS : test2\a94a8fe5ccb19ba6\2a5bd02710e975a7\,0:-1,2016-12-15 14:45:08-981,2016-12-15 14:45:09-198
