Success : SEQ_READ : test2\a94a8fe5ccb19ba6\4b6fcb2d521ef0fd,0:12,2016-12-14 13:17:36-325,2016-12-14 13:17:36-478
Success : SEQ_READ : test1\c5a5e5562b038073\0caa882bd1034750,0:12,2016-12-14 13:17:36-606,2016-12-14 13:17:36-710
Fail : CREATE_FILE : test2\a94a8fe5ccb19ba6\1262460D5D035563,0:1067984,2016-12-14 13:17:36-831,2016-12-14 13:17:37-039
Reason : RESTAPI.NoImplementionException: not supported by openstack
Success : LS : test2\a94a8fe5ccb19ba6\,0:-1,2016-12-14 13:17:37-170,2016-12-14 13:17:37-251
Fail : CREATE_FILE : test2\a94a8fe5ccb19ba6\68685D2A38A5CB32,0:1696913,2016-12-14 13:17:37-364,2016-12-14 13:17:38-218
Reason : RESTAPI.NoImplementionException: not supported by openstack
Success : LS : test2\a94a8fe5ccb19ba6\,0:-1,2016-12-14 13:17:38-307,2016-12-14 13:17:38-382
Fail : CREATE_FILE : test2\a94a8fe5ccb19ba6\0D4A265522566ACE,0:429354,2016-12-14 13:17:38-503,2016-12-14 13:17:38-677
Reason : RESTAPI.NoImplementionException: not supported by openstack
Success : LS : test2\a94a8fe5ccb19ba6\,0:-1,2016-12-14 13:17:38-798,2016-12-14 13:17:38-908
Fail : CREATE_FILE : test2\a94a8fe5ccb19ba6\2a5bd02710e975a7\03A46FEF7488C7BA,0:3493592,2016-12-14 13:17:39-011,2016-12-14 13:17:41-728
Reason : RESTAPI.NoImplementionException: not supported by openstack
Success : LS : test2\a94a8fe5ccb19ba6\2a5bd02710e975a7\,0:-1,2016-12-14 13:17:41-889,2016-12-14 13:17:41-969
Fail : CREATE_FILE : test2\a94a8fe5ccb19ba6\7EDAB16459267F3A,0:2357416,2016-12-14 13:17:42-091,2016-12-14 13:17:43-612
Reason : RESTAPI.NoImplementionException: not supported by openstack
Success : LS : test1\c5a5e5562b038073\,0:-1,2016-12-14 13:17:43-740,2016-12-14 13:17:43-817
Success : LS : test2\a94a8fe5ccb19ba6\,0:-1,2016-12-14 13:17:43-944,2016-12-14 13:17:44-015
Success : SEQ_READ : test1\c5a5e5562b038073\88fe52fe40fa2264,0:12,2016-12-14 13:17:44-104,2016-12-14 13:17:44-170
Success : LS : test1\f71b43c3136efa4f\52481749c0cdecd6\,0:-1,2016-12-14 13:17:44-250,2016-12-14 13:17:44-318
Success : LS : test2\a94a8fe5ccb19ba6\2a5bd02710e975a7\,0:-1,2016-12-14 13:17:44-436,2016-12-14 13:17:44-506
Success : LS : test2\a94a8fe5ccb19ba6\,0:-1,2016-12-14 13:17:44-589,2016-12-14 13:17:44-658
Fail : CREATE_FILE : test2\a94a8fe5ccb19ba6\2a5bd02710e975a7\456B552B7DBE6877,0:4095115,2016-12-14 13:17:44-736,2016-12-14 13:17:48-027
Reason : RESTAPI.NoImplementionException: not supported by openstack
Success : LS : test2\a94a8fe5ccb19ba6\2a5bd02710e975a7\,0:-1,2016-12-14 13:17:48-164,2016-12-14 13:17:48-251
Fail : CREATE_FILE : test2\a94a8fe5ccb19ba6\2a5bd02710e975a7\7A542B11656AA1B1,0:307091,2016-12-14 13:17:48-350,2016-12-14 13:17:48-453
Reason : RESTAPI.NoImplementionException: not supported by openstack
Success : LS : test1\c5a5e5562b038073\,0:-1,2016-12-14 13:17:48-555,2016-12-14 13:17:48-623
Success : LS : test2\a94a8fe5ccb19ba6\2a5bd02710e975a7\,0:-1,2016-12-14 13:17:48-729,2016-12-14 13:17:48-793
Success : LS : test2\a94a8fe5ccb19ba6\,0:-1,2016-12-14 13:17:48-913,2016-12-14 13:17:48-984
Fail : LS : test1,0:-1,2016-12-14 13:17:51-378,2016-12-14 13:17:51-379
Reason : java.lang.StringIndexOutOfBoundsException: String index out of range: -1
Fail : CREATE_FILE : test2\a94a8fe5ccb19ba6\2a5bd02710e975a7\6136D14D658A0CFE,0:1215178,2016-12-14 13:17:55-460,2016-12-14 13:17:55-802
Reason : RESTAPI.NoImplementionException: not supported by openstack
Success : LS : test2\a94a8fe5ccb19ba6\2a5bd02710e975a7\,0:-1,2016-12-14 13:17:55-928,2016-12-14 13:17:56-006
Success : LS : test1\c5a5e5562b038073\a39ea9c72a98de10\,0:-1,2016-12-14 13:17:56-521,2016-12-14 13:17:56-592
Success : SEQ_READ : test1\c5a5e5562b038073\c7abaf0419c47a1d,0:12,2016-12-14 13:17:58-366,2016-12-14 13:17:58-436
Fail : LS : test1,0:-1,2016-12-14 13:18:00-669,2016-12-14 13:18:00-670
Reason : java.lang.StringIndexOutOfBoundsException: String index out of range: -1
Success : SEQ_READ : test1\c5a5e5562b038073\0189424a5a60fed3\feb6a1968982109d,0:12,2016-12-14 13:18:01-707,2016-12-14 13:18:01-780
Success : LS : test1\f71b43c3136efa4f\c7d9912886e5ccc7\,0:-1,2016-12-14 13:18:01-861,2016-12-14 13:18:01-942
Success : LS : test1\c5a5e5562b038073\,0:-1,2016-12-14 13:18:02-139,2016-12-14 13:18:02-210
Fail : CREATE_FILE : test2\a94a8fe5ccb19ba6\36C19DF406C613B0,0:2718121,2016-12-14 13:18:08-283,2016-12-14 13:18:10-211
Reason : RESTAPI.NoImplementionException: not supported by openstack
Fail : LS : test1,0:-1,2016-12-14 13:18:10-333,2016-12-14 13:18:10-333
Reason : java.lang.StringIndexOutOfBoundsException: String index out of range: -1
Success : LS : test2\a94a8fe5ccb19ba6\,0:-1,2016-12-14 13:18:10-416,2016-12-14 13:18:10-500
Fail : CREATE_FILE : test2\a94a8fe5ccb19ba6\2a5bd02710e975a7\7F09D0CD3FF54440,0:3189511,2016-12-14 13:18:11-276,2016-12-14 13:18:13-612
Reason : RESTAPI.NoImplementionException: not supported by openstack
Success : LS : test1\f71b43c3136efa4f\c7d9912886e5ccc7\,0:-1,2016-12-14 13:18:13-741,2016-12-14 13:18:13-843
Success : LS : test2\a94a8fe5ccb19ba6\2a5bd02710e975a7\,0:-1,2016-12-14 13:18:13-938,2016-12-14 13:18:14-005
Success : LS : test2\a94a8fe5ccb19ba6\,0:-1,2016-12-14 13:18:14-263,2016-12-14 13:18:14-333
Success : SEQ_READ : test1\c5a5e5562b038073\b0c5d70d7f040bfa,0:12,2016-12-14 13:18:14-409,2016-12-14 13:18:14-472
Success : LS : test2\a94a8fe5ccb19ba6\,0:-1,2016-12-14 13:18:18-938,2016-12-14 13:18:19-013
Success : LS : test1\f71b43c3136efa4f\9f93e73d6896cb7b\,0:-1,2016-12-14 13:18:19-134,2016-12-14 13:18:19-201
Success : SEQ_READ : test1\f71b43c3136efa4f\52481749c0cdecd6\6670af231c096f09,0:12,2016-12-14 13:18:19-309,2016-12-14 13:18:19-409
Success : LS : test1\c5a5e5562b038073\,0:-1,2016-12-14 13:18:20-109,2016-12-14 13:18:20-171
Success : SEQ_READ : test2\1a7683b6645f9b6a,0:12,2016-12-14 13:18:24-540,2016-12-14 13:18:24-607
Success : LS : test1\c5a5e5562b038073\,0:-1,2016-12-14 13:18:24-684,2016-12-14 13:18:24-754
Fail : CREATE_FILE : test2\a94a8fe5ccb19ba6\2a5bd02710e975a7\7242BADA7A7F3837,0:2697582,2016-12-14 13:18:24-866,2016-12-14 13:18:26-842
Reason : RESTAPI.NoImplementionException: not supported by openstack
Success : LS : test2\a94a8fe5ccb19ba6\,0:-1,2016-12-14 13:18:26-969,2016-12-14 13:18:27-040
Success : SEQ_READ : test2\6c33a983eec1b409,0:12,2016-12-14 13:18:27-140,2016-12-14 13:18:27-202
Success : LS : test2\a94a8fe5ccb19ba6\2a5bd02710e975a7\,0:-1,2016-12-14 13:18:27-319,2016-12-14 13:18:27-388
Success : SEQ_READ : test1\c5a5e5562b038073\3c16ab634e85296e,0:12,2016-12-14 13:18:28-232,2016-12-14 13:18:28-330
Success : SEQ_READ : test1\c5a5e5562b038073\a39ea9c72a98de10\aa61f113a9b13deb,0:12,2016-12-14 13:18:30-902,2016-12-14 13:18:31-002
Success : LS : test1\f71b43c3136efa4f\83404ffd78f534ff\,0:-1,2016-12-14 13:18:31-435,2016-12-14 13:18:31-511
Success : SEQ_READ : test1\c5a5e5562b038073\767c14c8beb1e835,0:12,2016-12-14 13:18:32-094,2016-12-14 13:18:32-157
Fail : CREATE_FILE : test2\a94a8fe5ccb19ba6\5C4B12577DCE234A,0:1553755,2016-12-14 13:18:32-853,2016-12-14 13:18:33-558
Reason : RESTAPI.NoImplementionException: not supported by openstack
Success : LS : test2\a94a8fe5ccb19ba6\,0:-1,2016-12-14 13:18:33-688,2016-12-14 13:18:33-773
Fail : LS : test1,0:-1,2016-12-14 13:18:34-798,2016-12-14 13:18:34-798
Reason : java.lang.StringIndexOutOfBoundsException: String index out of range: -1
Success : LS : test1\f71b43c3136efa4f\,0:-1,2016-12-14 13:18:36-210,2016-12-14 13:18:36-283
Success : SEQ_READ : test1\c5a5e5562b038073\738537f9a40e568b,0:12,2016-12-14 13:18:42-827,2016-12-14 13:18:42-899
Success : LS : test1\f71b43c3136efa4f\52481749c0cdecd6\,0:-1,2016-12-14 13:18:43-375,2016-12-14 13:18:43-448
Success : LS : test1\f71b43c3136efa4f\52481749c0cdecd6\,0:-1,2016-12-14 13:18:44-123,2016-12-14 13:18:44-185
Fail : CREATE_FILE : test2\a94a8fe5ccb19ba6\77623BD85DE27D60,0:1883786,2016-12-14 13:18:45-047,2016-12-14 13:18:46-060
Reason : RESTAPI.NoImplementionException: not supported by openstack
Success : LS : test2\a94a8fe5ccb19ba6\,0:-1,2016-12-14 13:18:46-194,2016-12-14 13:18:46-263
Success : LS : test2\a94a8fe5ccb19ba6\,0:-1,2016-12-14 13:18:46-340,2016-12-14 13:18:46-413
Fail : CREATE_FILE : test2\a94a8fe5ccb19ba6\139ED3402A45D305,0:687164,2016-12-14 13:18:46-491,2016-12-14 13:18:46-656
Reason : RESTAPI.NoImplementionExcep