Success : LS : test1\f71b43c3136efa4f\9f93e73d6896cb7b\,0:-1,2016-12-14 15:13:13-771,2016-12-14 15:13:13-969
Success : LS : test1\f71b43c3136efa4f\52481749c0cdecd6\,0:-1,2016-12-14 15:13:14-061,2016-12-14 15:13:14-126
Success : LS : test2\a94a8fe5ccb19ba6\,0:-1,2016-12-14 15:13:14-209,2016-12-14 15:13:14-336
Success : CREATE_FILE : test2\a94a8fe5ccb19ba6\2a5bd02710e975a7\2EA4665A021B6696,0:2454178,2016-12-14 15:13:14-426,2016-12-14 15:13:18-335
Success : SEQ_READ : test1\c5a5e5562b038073\2015a7ab48ae9a58,0:28672,2016-12-14 15:13:18-447,2016-12-14 15:13:18-543
Success : LS : test1\f71b43c3136efa4f\,0:-1,2016-12-14 15:13:18-633,2016-12-14 15:13:18-701
Success : LS : test1\c5a5e5562b038073\0189424a5a60fed3\,0:-1,2016-12-14 15:13:18-776,2016-12-14 15:13:18-875
Success : SEQ_READ : test1\c5a5e5562b038073\2d77b1044a6c5c82,0:764416,2016-12-14 15:13:18-973,2016-12-14 15:13:19-047
Success : LS : test2\a94a8fe5ccb19ba6\,0:-1,2016-12-14 15:13:19-156,2016-12-14 15:13:19-242
Success : LS : test1\f71b43c3136efa4f\52481749c0cdecd6\,0:-1,2016-12-14 15:13:19-339,2016-12-14 15:13:19-421
Success : LS : test2\a94a8fe5ccb19ba6\,0:-1,2016-12-14 15:13:19-509,2016-12-14 15:13:20-016
Success : LS : test1\c5a5e5562b038073\,0:-1,2016-12-14 15:13:20-113,2016-12-14 15:13:20-873
Success : LS : test2\a94a8fe5ccb19ba6\,0:-1,2016-12-14 15:13:21-882,2016-12-14 15:13:22-144
Success : LS : test2\a94a8fe5ccb19ba6\2a5bd02710e975a7\,0:-1,2016-12-14 15:13:22-910,2016-12-14 15:13:23-034
Success : CREATE_FILE : test2\a94a8fe5ccb19ba6\24CE35A60834BBD6,0:1817280,2016-12-14 15:13:23-127,2016-12-14 15:13:24-769
Success : LS : test2\a94a8fe5ccb19ba6\,0:-1,2016-12-14 15:13:24-852,2016-12-14 15:13:24-935
Success : CREATE_FILE : test2\a94a8fe5ccb19ba6\2a5bd02710e975a7\2285BEB54879318A,0:681484,2016-12-14 15:13:25-021,2016-12-14 15:13:25-427
Success : LS : test2\a94a8fe5ccb19ba6\2a5bd02710e975a7\,0:-1,2016-12-14 15:13:25-541,2016-12-14 15:13:25-622
Success : CREATE_FILE : test2\a94a8fe5ccb19ba6\2a5bd02710e975a7\24CD05CD2A12CEE9,0:1232613,2016-12-14 15:13:25-726,2016-12-14 15:13:28-109
Success : LS : test2\a94a8fe5ccb19ba6\2a5bd02710e975a7\,0:-1,2016-12-14 15:13:28-387,2016-12-14 15:13:28-782
Success : CREATE_FILE : test2\a94a8fe5ccb19ba6\2a5bd02710e975a7\5088D6893BABD4C0,0:2869595,2016-12-14 15:13:28-913,2016-12-14 15:13:32-121
Success : LS : test1\f71b43c3136efa4f\52481749c0cdecd6\,0:-1,2016-12-14 15:13:32-250,2016-12-14 15:13:32-328
Success : SEQ_READ : test1\c5a5e5562b038073\a39ea9c72a98de10\11562aa867a5f398,0:2752,2016-12-14 15:13:32-416,2016-12-14 15:13:32-515
Success : SEQ_READ : test1\c5a5e5562b038073\f72cdbcd84f047a5,0:17893,2016-12-14 15:13:32-595,2016-12-14 15:13:32-658
Success : SEQ_READ : test2\a94a8fe5ccb19ba6\2a5bd02710e975a7\254d76d2609fec03,0:2291,2016-12-14 15:13:32-779,2016-12-14 15:13:32-845
Success : LS : test1\c5a5e5562b038073\0189424a5a60fed3\,0:-1,2016-12-14 15:13:32-956,2016-12-14 15:13:33-026
Success : LS : test1\f71b43c3136efa4f\,0:-1,2016-12-14 15:13:33-103,2016-12-14 15:13:33-185
Success : LS : test1\c5a5e5562b038073\a39ea9c72a98de10\,0:-1,2016-12-14 15:13:33-361,2016-12-14 15:13:33-430
Success : LS : test2\a94a8fe5ccb19ba6\2a5bd02710e975a7\,0:-1,2016-12-14 15:13:33-510,2016-12-14 15:13:33-615
Fail : LS : test1,0:-1,2016-12-14 15:13:33-714,2016-12-14 15:13:33-715
Reason : java.lang.StringIndexOutOfBoundsException: String index out of range: -1
Success : LS : test2\a94a8fe5ccb19ba6\2a5bd02710e975a7\,0:-1,2016-12-14 15:13:33-808,2016-12-14 15:13:33-920
Success : CREATE_FILE : test2\a94a8fe5ccb19ba6\749E239E14907622,0:1115076,2016-12-14 15:13:34-015,2016-12-14 15:13:34-826
Success : LS : test2\a94a8fe5ccb19ba6\,0:-1,2016-12-14 15:13:34-950,2016-12-14 15:13:35-039
Success : CREATE_FILE : test2\a94a8fe5ccb19ba6\4D3B503272D017A7,0:1348351,2016-12-14 15:13:35-120,2016-12-14 15:13:36-078
Success : LS : test2\a94a8fe5ccb19ba6\,0:-1,2016-12-14 15:13:36-212,2016-12-14 15:13:36-315
Success : CREATE_FILE : test2\a94a8fe5ccb19ba6\2a5bd02710e975a7\1A639A6844EBFCAB,0:3854719,2016-12-14 15:13:36-436,2016-12-14 15:13:41-347
Success : LS : test2\a94a8fe5ccb19ba6\2a5bd02710e975a7\,0:-1,2016-12-14 15:13:41-431,2016-12-14 15:13:41-532
Success : CREATE_FILE : test2\a94a8fe5ccb19ba6\171023D30F0CD020,0:3439332,2016-12-14 15:13:41-621,2016-12-14 15:13:45-050
Success : LS : test2\a94a8fe5ccb19ba6\,0:-1,2016-12-14 15:13:45-155,2016-12-14 15:13:45-412
Success : LS : test2\a94a8fe5ccb19ba6\,0:-1,2016-12-14 15:13:45-540,2016-12-14 15:13:45-680
Success : LS : test1\f71b43c3136efa4f\52481749c0cdecd6\,0:-1,2016-12-14 15:13:45-785,2016-12-14 15:13:45-855
Success : SEQ_READ : test1\c5a5e5562b038073\0189424a5a60fed3\feb6a1968982109d,0:20126138,2016-12-14 15:13:45-931,2016-12-14 15:13:46-000
Success : SEQ_READ : test1\c5a5e5562b038073\0189424a5a60fed3\46a8219c2ae6c782,0:1544228,2016-12-14 15:13:46-078,2016-12-14 15:13:46-164
Success : LS : test1\f71b43c3136efa4f\83404ffd78f534ff\,0:-1,2016-12-14 15:13:46-274,2016-12-14 15:13:46-575
Success : LS : test2\a94a8fe5ccb19ba6\,0:-1,2016-12-14 15:13:46-697,2016-12-14 15:13:47-216
Success : LS : test1\f71b43c3136efa4f\c7d9912886e5ccc7\,0:-1,2016-12-14 15:13:47-339,2016-12-14 15:13:47-408
Success : SEQ_READ : test1\c5a5e5562b038073\767c14c8beb1e835,0:3818496,2016-12-14 15:13:47-482,2016-12-14 15:13:47-568
Success : LS : test1\c5a5e5562b038073\0189424a5a60fed3\,0:-1,2016-12-14 15:13:47-657,2016-12-14 15:13:47-738
Success : LS : test2\a94a8fe5ccb19ba6\,0:-1,2016-12-14 15:13:47-829,2016-12-14 15:13:47-956
Success : CREATE_FILE : test2\a94a8fe5ccb19ba6\2a5bd02710e975a7\0F71CD79280C6A00,0:2863394,2016-12-14 15:13:48-047,2016-12-14 15:13:51-599
Success : LS : test2\a94a8fe5ccb19ba6\2a5bd02710e975a7\,0:-1,2016-12-14 15:13:51-883,2016-12-14 15:13:52-173
Success : CREATE_FILE : test2\a94a8fe5ccb19ba6\1B7F33CD40856410,0:1625770,2016-12-14 15:13:52-365,2016-12-14 15:13:55-268
Success : LS : test2\a94a8fe5ccb19ba6\,0:-1,2016-12-14 15:13:55-388,2016-12-14 15:13:55-559
Success : CREATE_FILE : test2\a94a8fe5ccb19ba6\305081593B4AD13D,0:841871,2016-12-14 15:13:55-638,2016-12-14 15:13:56-158
Success : LS : test2\a94a8fe5ccb19ba6\,0:-1,2016-12-14 15:13:56-283,2016-12-14 15:13:56-370
Success : CREATE_FILE : test2\a94a8fe5ccb19ba6\64122B31357E0F48,0:591601,2016-12-14 15:13:56-447,2016-12-14 15:13:57-309
Success : LS : test2\a94a8fe5ccb19ba6\,0:-1,2016-12-14 15:13:57-433,2016-12-14 15:13:57-555
Success : CREATE_FILE : test2\a94a8fe5ccb19ba6\704EBD93619C2344,0:509445,2016-12-14 15:13:57-671,2016-12-14 15:13:57-968
Success : LS : test2\a94a8fe5ccb19ba6\2a5bd02710e975a7\,0:-1,2016-12-14 15:13:58-095,2016-12-14 15:13:58-176
Success : LS : test1\f71b43c3136efa4f\,0:-1,2016-12-14 15:13:58-301,2016-12-14 15:13:58-385
Fail : LS : test1,0:-1,2016-12-14 15:13:58-503,2016-12-14 15:13:58-504
Reason : java.lang.StringIndexOutOfBoundsException: String index out of range: -1
Success : LS : test2\a94a8fe5ccb19ba6\,0:-1,2016-12-14 15:13:58-601,2016-12-14 15:13:58-714
Success : SEQ_READ : test1\9832710c94f11d2b,0:34310397,2016-12-14 15:13:58-831,2016-12-14 15:13:58-905
Success : LS : test1\c5a5e5562b038073\0189424a5a60fed3\,0:-1,2016-12-14 15:13:59-007,2016-12-14 15:13:59-086
Success : SEQ_READ : test2\acde102dac5bbe15,0:6030,2016-12-14 15:13:59-180,2016-12-14 15:13:59-506
Success : LS : test2\a94a8fe5ccb19ba6\2a5bd02710e975a7\,0:-1,2016-12-14 15:13:59-592,2016-12-14 15:13:59-862
Success : LS : test1\f71b43c3136efa4f\c7d9912886e5ccc7\,0:-1,2016-12-14 15:13:59-940,2016-12-14 15:14:00-005
Success : LS : test2\a94a8fe5ccb19ba6\,0:-1,2016-12-14 15:14:00-084,2016-12-14 15:14:00-669
Success : CREATE_FILE : test2\a94a8fe5ccb19ba6\2a5bd02710e975a7\557DB081234AD3B0,0:3911455,2016-12-14 15:14:00-832,2016-12-14 15:14:05-223
Success : LS : test2\a94a8fe5ccb19ba6\2a5bd02710e975a7\,0:-1,2016-12-14 15:14:05-340,2016-12-14 15:14:05-453
Success : CREATE_FILE : test2\a94a8fe5ccb19ba6\381C712954E7B446,0:1133513,2016-12-14 15:14:05-530,2016-12-14 15:14:09-313
Success : LS : test2\a94a8fe5ccb19ba6\,0:-1,2016-12-14 15:14:09-441,2016-12-14 15:14:09-738
Success : CREATE_FILE : test2\a94a8fe5ccb19ba6\0DCE408C5058F0F1,0:2965119,2016-12-14 15:14:09-898,2016-12-14 15:14:12-708
Success : LS : test2\a94a8fe5ccb19ba6\,0:-1,2016-12-14 15:14:12-790,2016-12-14 15:14:12-877
Success : CREATE_FILE : test2\a94a8fe5ccb19ba6\2a5bd02710e975a7\5BA19ACA4200D1E6,0:893730,2016-12-14 15:14:12-959,2016-12-14 15:14:13-512
Success : LS : test2\a94a8fe5ccb19ba6\2a5bd02710e975a7\,0:-1,2016-12-14 15:14:13-641,2016-12-14 15:14:14-192
Success : CREATE_FILE : test2\a94a8fe5ccb19ba6\1013B0D639638215,0:1303668,2016-12-14 15:14:14-315,2016-12-14 15:14:17-675
Success : LS : test2\a94a8fe5ccb19ba6\,0:-1,2016-12-14 15:14:17-753,2016-12-14 15:14:17-926
Success : CREATE_FILE : test2\a94a8fe5ccb19ba6\17725A36208AFFC3,0:2172970,2016-12-14 15:14:18-012,2016-12-14 15:14:20-848
Success : LS : test1\f71b43c3136efa4f\52481749c0cdecd6\,0:-1,2016-12-14 15:14:20-981,2016-12-14 15:14:21-086
Success : LS : test2\a94a8fe5ccb19ba6\,0:-1,2016-12-14 15:14:21-211,2016-12-14 15:14:21-313
Success : LS : test2\a94a8fe5ccb19ba6\,0:-1,2016-12-14 15:14:21-436,2016-12-14 15:14:21-733
Success : SEQ_READ : test1\c5a5e5562b038073\a39ea9c72a98de10\4a90c52e52d54ede,0:1048,2016-12-14 15:14:21-851,2016-12-14 15:14:21-924
Success : LS : test1\c5a5e5562b038073\0189424a5a60fed3\,0:-1,2016-12-14 15:14:22-029,2016-12-14 15:14:22-120
Success : LS : test1\c5a5e5562b038073\,0:-1,2016-12-14 15:14:22-214,2016-12-14 15:14:22-275
Success : LS : test1\f71b43c3136efa4f\9f93e73d6896cb7b\,0:-1,2016-12-14 15:14:22-438,2016-12-14 15:14:22-502
Success : LS : test1\f71b43c3136efa4f\83404ffd78f534ff\,0:-1,2016-12-14 15:14:22-620,2016-12-14 15:14:22-691
Success : LS : test1\f71b43c3136efa4f\c7d9912886e5ccc7\,0:-1,2016-12-14 15:14:22-801,2016-12-14 15:14:22-890
Success : LS : test1\f71b43c3136efa4f\83404ffd78f534ff\,0:-1,2016-12-14 15:14:22-976,2016-12-14 15:14:23-040
Success : LS : test1\c5a5e5562b038073\0189424a5a60fed3\,0:-1,2016-12-14 15:14:23-159,2016-12-14 15:14:23-228
Success : LS : test2\a94a8fe5ccb19ba6\,0:-1,2016-12-14 15:14:23-322,2016-12-14 15:14:23-656
Success : CREATE_FILE : test2\a94a8fe5ccb19ba6\2a5bd02710e975a7\6BDDEA6F65469670,0:2837065,2016-12-14 15:14:23-793,2016-12-14 15:14:29-581
Success : LS : test2\a94a8fe5ccb19ba6\2a5bd02710e975a7\,0:-1,2016-12-14 15:14:29-659,2016-12-14 15:14:31-779
Success : CREATE_FILE : test2\a94a8fe5ccb19ba6\2a5bd02710e975a7\1228C74B3C61F8CE,0:1628719,2016-12-14 15:14:31-921,2016-12-14 15:14:34-081
Success : LS : test2\a94a8fe5ccb19ba6\2a5bd02710e975a7\,0:-1,2016-12-14 15:14:34-157,2016-12-14 15:14:34-577
Success : CREATE_FILE : test2\a94a8fe5ccb19ba6\6DABACAC34DAA160,0:3956723,2016-12-14 15:14:34-701,2016-12-14 15:14:38-864
Success : LS : test2\a94a8fe5ccb19ba6\,0:-1,2016-12-14 15:14:38-986,2016-12-14 15:14:39-110
Success : CREATE_FILE : test2\a94a8fe5ccb19ba6\2a5bd02710e975a7\4FD9AE452A55FDF7,0:372058,2016-12-14 15:14:39-195,2016-12-14 15:14:39-530
Success : LS : test1\f71b43c3136efa4f\,0:-1,2016-12-14 15:14:39-654,2016-12-14 15:14:39-748
Success : LS : test2\a94a8fe5ccb19ba6\,0:-1,2016-12-14 15:14:39-838,2016-12-14 15:14:39-921
Success : SEQ_READ : test1\c5a5e5562b038073\b0c5d70d7f040bfa,0:17408,2016-12-14 15:14:40-021,2016-12-14 15:14:40-086
Success : SEQ_READ : test2\8da7cc13802eefe0,0:22987191,2016-12-14 15:14:40-208,2016-12-14 15:14:40-287
Success : LS : test2\a94a8fe5ccb19ba6\2a5bd02710e975a7\,0:-1,2016-12-14 15:14:40-389,2016-12-14 15:14:40-496
Success : LS : test1\f71b43c3136efa4f\83404ffd78f534ff\,0:-1,2016-12-14 15:14:40-597,2016-12-14 15:14:40-658
Success : LS : test1\f71b43c3136efa4f\52481749c0cdecd6\,0:-1,2016-12-14 15:14:40-755,2016-12-14 15:14:40-822
Success : LS : test1\f71b43c3136efa4f\83404ffd78f534ff\,0:-1,2016-12-14 15:14:40-899,2016-12-14 15:14:40-962
Success : LS : test2\a94a8fe5ccb19ba6\2a5bd02710e975a7\,0:-1,2016-12-14 15:14:41-037,2016-12-14 15:14:41-263
Success : CREATE_FILE : test2\a94a8fe5ccb19ba6\2a5bd02710e975a7\0F0F2A8846E0A235,0:2178695,2016-12-14 15:14:41-372,2016-12-14 15:14:45-431
Success : LS : test2\a94a8fe5ccb19ba6\2a5bd02710e975a7\,0:-1,2016-12-14 15:14:45-551,2016-12-14 15:14:45-952
Success : CREATE_FILE : test2\a94a8fe5ccb19ba6\11122A0710902DCD,0:3164875,2016-12-14 15:14:46-110,2016-12-14 15:14:52-129
Success : LS : test2\a94a8fe5ccb19ba6\,0:-1,2016-12-14 15:14:52-253,2016-12-14 15:14:53-307
Success : CREATE_FILE : test2\a94a8fe5ccb19ba6\5B4340B4586C1767,0:2208903,2016-12-14 15:14:53-424,2016-12-14 15:14:56-410
Success : LS : test2\a94a8fe5ccb19ba6\,0:-1,2016-12-14 15:14:56-492,2016-12-14 15:15:01-487
Success : CREATE_FILE : test2\a94a8fe5ccb19ba6\2a5bd02710e975a7\5C1B8B6F72A430D2,0:2894362,2016-12-14 15:15:01-596,2016-12-14 15:15:05-471
Success : LS : test2\a94a8fe5ccb19ba6\2a5bd02710e975a7\,0:-1,2016-12-14 15:15:05-551,2016-12-14 15:15:08-296
Success : CREATE_FILE : test2\a94a8fe5ccb19ba6\17D5A5F54224DEA9,0:2569957,2016-12-14 15:15:08-431,2016-12-14 15:15:11-443
Success : SEQ_READ : test1\c5a5e5562b038073\7b7f22b30cf50087,0:3126,2016-12-14 15:15:11-568,2016-12-14 15:15:11-650
Fail : LS : test1,0:-1,2016-12-14 15:15:11-750,2016-12-14 15:15:11-750
Reason : java.lang.StringIndexOutOfBoundsException: String index out of range: -1
Fail : LS : test1,0:-1,2016-12-14 15:15:11-828,2016-12-14 15:15:11-828
Reason : java.lang.StringIndexOutOfBoundsException: String index out of range: -1
Success : SEQ_READ : test2\a94a8fe5ccb19ba6\2a5bd02710e975a7\254d76d2609fec03,0:2291,2016-12-14 15:15:11-906,2016-12-14 15:15:11-967
Success : SEQ_READ : test2\a94a8fe5ccb19ba6\2a5bd02710e975a7\3eef580036f1724a,0:257,2016-12-14 15:15:12-048,2016-12-14 15:15:12-129
Success : LS : test2\a94a8fe5ccb19ba6\,0:-1,2016-12-14 15:15:12-227,2016-12-14 15:15:12-353
Success : SEQ_READ : test1\c5a5e5562b038073\6670af231c096f09,0:46,2016-12-14 15:15:12-674,2016-12-14 15:15:12-993
Success : LS : test1\c5a5e5562b038073\a39ea9c72a98de10\,0:-1,2016-12-14 15:15:13-131,2016-12-14 15:15:14-065
Success : LS : test1\c5a5e5562b038073\,0:-1,2016-12-14 15:15:14-158,2016-12-14 15:15:14-223
Success : LS : test2\a94a8fe5ccb19ba6\2a5bd02710e975a7\,0:-1,2016-12-14 15:15:14-300,2016-12-14 15:15:15-991
Success : LS : test2\a94a8fe5ccb19ba6\,0:-1,2016-12-14 15:15:16-107,2016-12-14 15:15:16-803
Success : CREATE_FILE : test2\a94a8fe5ccb19ba6\526C8DF151E34115,0:2921633,2016-12-14 15:15:16-896,2016-12-14 15:15:20-764
Success : LS : test2\a94a8fe5ccb19ba6\,0:-1,2016-12-14 15:15:20-887,2016-12-14 15:15:22-071
Success : CREATE_FILE : test2\a94a8fe5ccb19ba6\0CC8F06F0EB8C64D,0:166425,2016-12-14 15:15:22-191,2016-12-14 15:15:23-230
Success : LS : test2\a94a8fe5ccb19ba6\,0:-1,2016-12-14 15:15:23-357,2016-12-14 15:15:24-269
Success : CREATE_FILE : test2\a94a8fe5ccb19ba6\03255D767551A3AA,0:2160567,2016-12-14 15:15:24-438,2016-12-14 15:15:26-565
Success : LS : test2\a94a8fe5ccb19ba6\,0:-1,2016-12-14 15:15:26-688,2016-12-14 15:15:27-223
Success : CREATE_FILE : test2\a94a8fe5ccb19ba6\2a5bd02710e975a7\2F3B350942207F58,0:502583,2016-12-14 15:15:27-307,2016-12-14 15:15:28-029
Success : LS : test2\a94a8fe5ccb19ba6\2a5bd02710e975a7\,0:-1,2016-12-14 15:15:28-106,2016-12-14 15:15:31-990
Success : CREATE_FILE : test2\a94a8fe5ccb19ba6\156F25D93046584E,0:122380,2016-12-14 15:15:32-101,2016-12-14 15:15:32-638
Success : LS : test1\f71b43c3136efa4f\9f93e73d6896cb7b\,0:-1,2016-12-14 15:15:32-755,2016-12-14 15:15:32-823
Success : LS : test1\f71b43c3136efa4f\52481749c0cdecd6\,0:-1,2016-12-14 15:15:32-903,2016-12-14 15:15:32-968
Success : SEQ_READ : test1\f71b43c3136efa4f\c7d9912886e5ccc7\6670af231c096f09,0:129,2016-12-14 15:15:33-049,2016-12-14 15:15:33-112
Success : LS : test2\a94a8fe5ccb19ba6\2a5bd02710e975a7\,0:-1,2016-12-14 15:15:33-186,2016-12-14 15:15:33-265
Success : LS : test2\a94a8fe5ccb19ba6\,0:-1,2016-12-14 15:15:33-924,2016-12-14 15:15:34-018
Success : SEQ_READ : test1\c5a5e5562b038073\f72cdbcd84f047a5,0:17893,2016-12-14 15:15:34-139,2016-12-14 15:15:34-219
Success : SEQ_READ : test2\8da7cc13802eefe0,0:22987191,2016-12-14 15:15:34-352,2016-12-14 15:15:34-570
Success : LS : test2\a94a8fe5ccb19ba6\,0:-1,2016-12-14 15:15:34-761,2016-12-14 15:15:35-541
Success : LS : test1\c5a5e5562b038073\0189424a5a60fed3\,0:-1,2016-12-14 15:15:35-811,2016-12-14 15:15:36-281
Success : LS : test1\f71b43c3136efa4f\9f93e73d6896cb7b\,0:-1,2016-12-14 15:15:36-411,2016-12-14 15:15:36-502
Success : LS : test2\a94a8fe5ccb19ba6\,0:-1,2016-12-14 15:15:36-583,2016-12-14 15:15:38-450
Success : CREATE_FILE : test2\a94a8fe5ccb19ba6\2a5bd02710e975a7\65E6D96F64296D8F,0:2205086,2016-12-14 15:15:38-604,2016-12-14 15:15:40-703
Success : LS : test2\a94a8fe5ccb19ba6\2a5bd02710e975a7\,0:-1,2016-12-14 15:15:40-830,2016-12-14 15:15:41-511
Success : CREATE_FILE : test2\a94a8fe5ccb19ba6\48D06B5003AD2ED1,0:2581077,2016-12-14 15:15:41-590,2016-12-14 15:15:46-211
Success : LS : test2\a94a8fe5ccb19ba6\,0:-1,2016-12-14 15:15:46-337,2016-12-14 15:15:46-933
Success : CREATE_FILE : test2\a94a8fe5ccb19ba6\20356C6C5E7EA6BE,0:706108,2016-12-14 15:15:47-098,2016-12-14 15:15:47-989
Success : SEQ_READ : test1\c5a5e5562b038073\fbe0d7653f0909cb,0:1611,2016-12-14 15:15:48-111,2016-12-14 15:15:48-193
Success : LS : test2\a94a8fe5ccb19ba6\,0:-1,2016-12-14 15:15:48-275,2016-12-14 15:15:49-187
Success : LS : test1\f71b43c3136efa4f\52481749c0cdecd6\,0:-1,2016-12-14 15:15:49-303,2016-12-14 15:15:49-374
Success : SEQ_READ : test1\c5a5e5562b038073\0caa882bd1034750,0:324096,2016-12-14 15:15:49-482,2016-12-14 15:15:49-562
Success : LS : test1\f71b43c3136efa4f\83404ffd78f534ff\,0:-1,2016-12-14 15:15:49-661,2016-12-14 15:15:49-724
Success : LS : test1\f71b43c3136efa4f\52481749c0cdecd6\,0:-1,2016-12-14 15:15:49-846,2016-12-14 15:15:49-916
Success : LS : test2\a94a8fe5ccb19ba6\,0:-1,2016-12-14 15:15:49-992,2016-12-14 15:15:51-249
Success : LS : test2\a94a8fe5ccb19ba6\,0:-1,2016-12-14 15:15:51-371,2016-12-14 15:15:52-534
Success : CREATE_FILE : test2\a94a8fe5ccb19ba6\2441679F153D6038,0:2045578,2016-12-14 15:15:52-697,2016-12-14 15:15:55-638
Success : LS : test2\a94a8fe5ccb19ba6\,0:-1,2016-12-14 15:15:55-762,2016-12-14 15:15:56-294
Success : CREATE_FILE : test2\a94a8fe5ccb19ba6\2a5bd02710e975a7\11972DC22C8F0BEB,0:556197,2016-12-14 15:15:56-404,2016-12-14 15:15:58-848
Success : LS : test2\a94a8fe5ccb19ba6\2a5bd02710e975a7\,0:-1,2016-12-14 15:15:58-969,2016-12-14 15:15:59-587
Success : CREATE_FILE : test2\a94a8fe5ccb19ba6\7730288B7216CBC3,0:966050,2016-12-14 15:15:59-714,2016-12-14 15:16:00-725
Success : LS : test2\a94a8fe5ccb19ba6\,0:-1,2016-12-14 15:16:00-849,2016-12-14 15:16:01-107
Success : CREATE_FILE : test2\a94a8fe5ccb19ba6\2a5bd02710e975a7\0B061F9E2EE4087F,0:772015,2016-12-14 15:16:01-221,2016-12-14 15:16:02-338
Success : LS : test2\a94a8fe5ccb19ba6\2a5bd02710e975a7\,0:-1,2016-12-14 15:16:02-500,2016-12-14 15:16:03-746
Success : CREATE_FILE : test2\a94a8fe5ccb19ba6\71B31F3E7DAE19A2,0:1452488,2016-12-14 15:16:03-861,2016-12-14 15:16:06-141
Success : LS : test2\a94a8fe5ccb19ba6\,0:-1,2016-12-14 15:16:06-459,2016-12-14 15:16:07-059
Success : CREATE_FILE : test2\a94a8fe5ccb19ba6\12B742AD3E2D9D45,0:3644773,2016-12-14 15:16:07-143,2016-12-14 15:16:15-198
Success : LS : test2\a94a8fe5ccb19ba6\,0:-1,2016-12-14 15:16:15-282,2016-12-14 15:16:15-567
Success : CREATE_FILE : test2\a94a8fe5ccb19ba6\2a5bd02710e975a7\147EC7E87AC06703,0:2855145,2016-12-14 15:16:15-688,2016-12-14 15:16:21-067
Success : LS : test2\a94a8fe5ccb19ba6\2a5bd02710e975a7\,0:-1,2016-12-14 15:16:21-188,2016-12-14 15:16:22-192
Success : CREATE_FILE : test2\a94a8fe5ccb19ba6\2a5bd02710e975a7\612DD85679AB32C7,0:558088,2016-12-14 15:16:22-314,2016-12-14 15:16:22-892
Success : LS : test2\a94a8fe5ccb19ba6\2a5bd02710e975a7\,0:-1,2016-12-14 15:16:23-015,2016-12-14 15:16:23-100
Success : LS : test1\f71b43c3136efa4f\52481749c0cdecd6\,0:-1,2016-12-14 15:16:23-177,2016-12-14 15:16:23-295
Success : SEQ_READ : test2\bc9c8ba7ff351f3e,0:217984,2016-12-14 15:16:23-428,2016-12-14 15:16:23-503
Success : LS : test1\f71b43c3136efa4f\52481749c0cdecd6\,0:-1,2016-12-14 15:16:23-581,2016-12-14 15:16:23-682
Success : LS : test1\c5a5e5562b038073\0189424a5a60fed3\,0:-1,2016-12-14 15:16:23-773,2016-12-14 15:16:23-837
Success : LS : test1\c5a5e5562b038073\0189424a5a60fed3\,0:-1,2016-12-14 15:16:23-911,2016-12-14 15:16:23-977
Success : LS : test2\a94a8fe5ccb19ba6\,0:-1,2016-12-14 15:16:24-065,2016-12-14 15:16:24-169
Success : LS : test1\f71b43c3136efa4f\52481749c0cdecd6\,0:-1,2016-12-14 15:16:24-280,2016-12-14 15:16:24-347
Success : LS : test1\f71b43c3136efa4f\,0:-1,2016-12-14 15:16:24-449,2016-12-14 15:16:25-092
Success : LS : test2\a94a8fe5ccb19ba6\2a5bd02710e975a7\,0:-1,2016-12-14 15:16:25-223,2016-12-14 15:16:26-133
Success : CREATE_FILE : test2\a94a8fe5ccb19ba6\2a5bd02710e975a7\7AB0D64515472EEE,0:3357325,2016-12-14 15:16:26-220,2016-12-14 15:16:30-529
Success : LS : test2\a94a8fe5ccb19ba6\2a5bd02710e975a7\,0:-1,2016-12-14 15:16:30-654,2016-12-14 15:16:31-309
Success : CREATE_FILE : test2\a94a8fe5ccb19ba6\2a5bd02710e975a7\13E18BA71D2B9D98,0:487868,2016-12-14 15:16:31-489,2016-12-14 15:16:31-951
Success : LS : test2\a94a8fe5ccb19ba6\2a5bd02710e975a7\,0:-1,2016-12-14 15:16:32-077,2016-12-14 15:16:32-199
Success : CREATE_FILE : test2\a94a8fe5ccb19ba6\1148C3F5062FA172,0:3160076,2016-12-14 15:16:32-298,2016-12-14 15:16:37-428
Success : LS : test2\a94a8fe5ccb19ba6\,0:-1,2016-12-14 15:16:37-564,2016-12-14 15:16:37-879
Success : CREATE_FILE : test2\a94a8fe5ccb19ba6\7B32B5B33F2A7F1F,0:3113558,2016-12-14 15:16:38-002,2016-12-14 15:16:44-659
Success : LS : test2\a94a8fe5ccb19ba6\,0:-1,2016-12-14 15:16:44-777,2016-12-14 15:16:45-612
Success : CREATE_FILE : test2\a94a8fe5ccb19ba6\3EED64364296B7B8,0:770761,2016-12-14 15:16:45-729,2016-12-14 15:16:46-307
Success : LS : test2\a94a8fe5ccb19ba6\,0:-1,2016-12-14 15:16:46-418,2016-12-14 15:16:46-508
Success : CREATE_FILE : test2\a94a8fe5ccb19ba6\2a5bd02710e975a7\4160602A30F3E881,0:3037162,2016-12-14 15:16:46-608,2016-12-14 15:16:53-217
Success : LS : test1\f71b43c3136efa4f\c7d9912886e5ccc7\,0:-1,2016-12-14 15:16:53-338,2016-12-14 15:16:53-442
Success : SEQ_READ : test2\8da7cc13802eefe0,0:22987191,2016-12-14 15:16:53-535,2016-12-14 15:16:53-603
Success : LS : test1\f71b43c3136efa4f\c7d9912886e5ccc7\,0:-1,2016-12-14 15:16:53-681,2016-12-14 15:16:53-743
Success : LS : test1\f71b43c3136efa4f\52481749c0cdecd6\,0:-1,2016-12-14 15:16:53-828,2016-12-14 15:16:54-209
Success : SEQ_READ : test1\c5a5e5562b038073\7b7f22b30cf50087,0:3126,2016-12-14 15:16:54-288,2016-12-14 15:16:54-347
Success : LS : test1\f71b43c3136efa4f\9f93e73d6896cb7b\,0:-1,2016-12-14 15:16:54-423,2016-12-14 15:16:54-502
Success : SEQ_READ : test1\c5a5e5562b038073\0189424a5a60fed3\feb6a1968982109d,0:20126138,2016-12-14 15:16:54-620,2016-12-14 15:16:54-710
Fail : LS : test1,0:-1,2016-12-14 15:16:54-796,2016-12-14 15:16:54-796
Reason : java.lang.StringIndexOutOfBoundsException: String index out of range: -1
Success : LS : test2\a94a8fe5ccb19ba6\,0:-1,2016-12-14 15:16:54-879,2016-12-14 15:16:55-397
Success : SEQ_READ : test1\c5a5e5562b038073\a39ea9c72a98de10\f398de59988a85e5,0:6743,2016-12-14 15:16:55-510,2016-12-14 15:16:55-570
Success : LS : test2\a94a8fe5ccb19ba6\2a5bd02710e975a7\,0:-1,2016-12-14 15:16:55-674,2016-12-14 15:16:55-787
Success : CREATE_FILE : test2\a94a8fe5ccb19ba6\20719E26449E089D,0:180591,2016-12-14 15:16:55-867,2016-12-14 15:16:56-381
Success : LS : test2\a94a8fe5ccb19ba6\,0:-1,2016-12-14 15:16:56-491,2016-12-14 15:16:56-642
Success : CREATE_FILE : test2\a94a8fe5ccb19ba6\5343AD4F6128563F,0:2394666,2016-12-14 15:16:56-726,2016-12-14 15:17:00-751
Success : LS : test2\a94a8fe5ccb19ba6\,0:-1,2016-12-14 15:17:00-849,2016-12-14 15:17:01-183
Success : CREATE_FILE : test2\a94a8fe5ccb19ba6\2a5bd02710e975a7\25875D532FD116E6,0:1998647,2016-12-14 15:17:01-321,2016-12-14 15:17:03-756
Success : LS : test2\a94a8fe5ccb19ba6\2a5bd02710e975a7\,0:-1,2016-12-14 15:17:03-876,2016-12-14 15:17:04-505
Success : CREATE_FILE : test2\a94a8fe5ccb19ba6\7453F34A1411C68C,0:3204628,2016-12-14 15:17:04-603,2016-12-14 15:17:07-790
Success : LS : test2\a94a8fe5ccb19ba6\,0:-1,2016-12-14 15:17:07-912,2016-12-14 15:17:08-035
Success : CREATE_FILE : test2\a94a8fe5ccb19ba6\2a5bd02710e975a7\21EFB4CC437EBA15,0:1518347,2016-12-14 15:17:08-123,2016-12-14 15:17:09-760
Success : SEQ_READ : test1\c5a5e5562b038073\3c16ab634e85296e,0:105016,2016-12-14 15:17:09-935,2016-12-14 15:17:10-036
Success : SEQ_READ : test2\1a7683b6645f9b6a,0:14529,2016-12-14 15:17:10-133,2016-12-14 15:17:10-198
Success : LS : test1\c5a5e5562b038073\a39ea9c72a98de10\,0:-1,2016-12-14 15:17:10-276,2016-12-14 15:17:10-339
Success : SEQ_READ : test1\c5a5e5562b038073\6670af231c096f09,0:46,2016-12-14 15:17:10-419,2016-12-14 15:17:10-495
Success : SEQ_READ : test1\c5a5e5562b038073\a39ea9c72a98de10\41288c58009f7f6a,0:477,2016-12-14 15:17:10-574,2016-12-14 15:17:10-661
Success : LS : test2\a94a8fe5ccb19ba6\2a5bd02710e975a7\,0:-1,2016-12-14 15:17:10-757,2016-12-14 15:17:10-869
Success : CREATE_FILE : test2\a94a8fe5ccb19ba6\6FAE99BD202017B8,0:4065685,2016-12-14 15:17:10-956,2016-12-14 15:17:15-127
Success : LS : test2\a94a8fe5ccb19ba6\,0:-1,2016-12-14 15:17:15-255,2016-12-14 15:17:15-360
Success : CREATE_FILE : test2\a94a8fe5ccb19ba6\2a5bd02710e975a7\111E9A500935786B,0:3994544,2016-12-14 15:17:15-474,2016-12-14 15:17:20-918
Success : LS : test2\a94a8fe5ccb19ba6\2a5bd02710e975a7\,0:-1,2016-12-14 15:17:21-001,2016-12-14 15:17:21-721
Success : CREATE_FILE : test2\a94a8fe5ccb19ba6\7F60723338FF1D42,0:1712644,2016-12-14 15:17:21-837,2016-12-14 15:17:23-189
Success : LS : test2\a94a8fe5ccb19ba6\,0:-1,2016-12-14 15:17:23-280,2016-12-14 15:17:23-446
Success : CREATE_FILE : test2\a94a8fe5ccb19ba6\121E4C226833BAB8,0:1696068,2016-12-14 15:17:23-536,2016-12-14 15:17:25-192
Success : LS : test2\a94a8fe5ccb19ba6\,0:-1,2016-12-14 15:17:25-324,2016-12-14 15:17:26-083
Success : CREATE_FILE : test2\a94a8fe5ccb19ba6\2294CF752CC552E5,0:4067276,2016-12-14 15:17:26-198,2016-12-14 15:17:30-247
Success : LS : test2\a94a8fe5ccb19ba6\,0:-1,2016-12-14 15:17:30-360,2016-12-14 15:17:30-490
Success : CREATE_FILE : test2\a94a8fe5ccb19ba6\464590705F6F9723,0:183697,2016-12-14 15:17:30-606,2016-12-14 15:17:31-162
Success : LS : test2\a94a8fe5ccb19ba6\,0:-1,2016-12-14 15:17:31-294,2016-12-14 15:17:31-410
Success : CREATE_FILE : test2\a94a8fe5ccb19ba6\2a5bd02710e975a7\660C81E107F925D8,0:3316414,2016-12-14 15:17:31-487,2016-12-14 15:17:35-236
Success : LS : test2\a94a8fe5ccb19ba6\2a5bd02710e975a7\,0:-1,2016-12-14 15:17:35-343,2016-12-14 15:17:35-464
Success : CREATE_FILE : test2\a94a8fe5ccb19ba6\61334AE72A0D3E33,0:1962149,2016-12-14 15:17:35-555,2016-12-14 15:17:38-327
Success : LS : test2\a94a8fe5ccb19ba6\,0:-1,2016-12-14 15:17:38-423,2016-12-14 15:17:38-604
Success : CREATE_FILE : test2\a94a8fe5ccb19ba6\2a5bd02710e975a7\5744E5C66948B565,0:1658581,2016-12-14 15:17:38-682,2016-12-14 15:17:40-621
Success : LS : test2\a94a8fe5ccb19ba6\2a5bd02710e975a7\,0:-1,2016-12-14 15:17:40-712,2016-12-14 15:17:40-806
Success : CREATE_FILE : test2\a94a8fe5ccb19ba6\2B472E20180641A3,0:3162966,2016-12-14 15:17:40-885,2016-12-14 15:17:44-065
Success : SEQ_READ : test1\c5a5e5562b038073\a39ea9c72a98de10\4a90c52e52d54ede,0:1048,2016-12-14 15:17:44-162,2016-12-14 15:17:44-221
Fail : LS : test1,0:-1,2016-12-14 15:17:44-297,2016-12-14 15:17:44-298
Reason : java.lang.StringIndexOutOfBoundsException: String index out of range: -1
Success : LS : test2\a94a8fe5ccb19ba6\,0:-1,2016-12-14 15:17:44-377,2016-12-14 15:17:44-469
Success : LS : test1\c5a5e5562b038073\0189424a5a60fed3\,0:-1,2016-12-14 15:17:44-556,2016-12-14 15:17:44-622
Fail : LS : test1,0:-1,2016-12-14 15:17:44-700,2016-12-14 15:17:44-700
Reason : java.lang.StringIndexOutOfBoundsException: String index out of range: -1
Success : LS : test2\a94a8fe5ccb19ba6\,0:-1,2016-12-14 15:17:44-778,2016-12-14 15:17:44-927
Success : LS : test1\f71b43c3136efa4f\9f93e73d6896cb7b\,0:-1,2016-12-14 15:17:45-261,2016-12-14 15:17:45-324
Success : LS : test1\f71b43c3136efa4f\52481749c0cdecd6\,0:-1,2016-12-14 15:17:45-402,2016-12-14 15:17:45-464
Success : LS : test1\f71b43c3136efa4f\c7d9912886e5ccc7\,0:-1,2016-12-14 15:17:45-543,2016-12-14 15:17:45-606
Success : LS : test2\a94a8fe5ccb19ba6\,0:-1,2016-12-14 15:17:45-734,2016-12-14 15:17:45-826
Success : LS : test1\f71b43c3136efa4f\83404ffd78f534ff\,0:-1,2016-12-14 15:17:45-907,2016-12-14 15:17:46-293
Success : LS : test1\f71b43c3136efa4f\9f93e73d6896cb7b\,0:-1,2016-12-14 15:17:46-373,2016-12-14 15:17:46-437
Success : LS : test2\a94a8fe5ccb19ba6\,0:-1,2016-12-14 15:17:46-512,2016-12-14 15:17:46-639
Success : CREATE_FILE : test2\a94a8fe5ccb19ba6\50E711725FC02246,0:1773762,2016-12-14 15:17:46-764,2016-12-14 15:17:48-676
Success : LS : test2\a94a8fe5ccb19ba6\,0:-1,2016-12-14 15:17:48-798,2016-12-14 15:17:49-040
Success : CREATE_FILE : test2\a94a8fe5ccb19ba6\7CAEB21D6DA063B3,0:3459623,2016-12-14 15:17:49-157,2016-12-14 15:17:52-960
Success : LS : test2\a94a8fe5ccb19ba6\,0:-1,2016-12-14 15:17:53-081,2016-12-14 15:17:53-257
Success : CREATE_FILE : test2\a94a8fe5ccb19ba6\2a5bd02710e975a7\1F32D6564E4ECD43,0:2137655,2016-12-14 15:17:53-382,2016-12-14 15:17:55-525
Success : LS : test2\a94a8fe5ccb19ba6\2a5bd02710e975a7\,0:-1,2016-12-14 15:17:55-607,2016-12-14 15:17:55-712
Success : LS : test1\f71b43c3136efa4f\c7d9912886e5ccc7\,0:-1,2016-12-14 15:17:55-790,2016-12-14 15:17:55-854
Success : LS : test1\c5a5e5562b038073\a39ea9c72a98de10\,0:-1,2016-12-14 15:17:55-933,2016-12-14 15:17:55-995
Success : SEQ_READ : test1\c5a5e5562b038073\68ad3077ff5a452a,0:383,2016-12-14 15:17:56-075,2016-12-14 15:17:56-153
Success : LS : test1\c5a5e5562b038073\0189424a5a60fed3\,0:-1,2016-12-14 15:17:56-230,2016-12-14 15:17:56-293
Fail : LS : test1,0:-1,2016-12-14 15:17:56-371,2016-12-14 15:17:56-372
Reason : java.lang.StringIndexOutOfBoundsException: String index out of range: -1
Success : LS : test1\c5a5e5562b038073\a39ea9c72a98de10\,0:-1,2016-12-14 15:17:56-453,2016-12-14 15:17:56-533
Success : LS : test1\f71b43c3136efa4f\83404ffd78f534ff\,0:-1,2016-12-14 15:17:56-619,2016-12-14 15:17:56-683
Success : LS : test1\c5a5e5562b038073\,0:-1,2016-12-14 15:17:56-766,2016-12-14 15:17:56-831
Success : LS : test2\a94a8fe5ccb19ba6\,0:-1,2016-12-14 15:17:56-908,2016-12-14 15:17:56-996
Success : LS : test2\a94a8fe5ccb19ba6\2a5bd02710e975a7\,0:-1,2016-12-14 15:17:57-093,2016-12-14 15:17:57-183
Success : CREATE_FILE : test2\a94a8fe5ccb19ba6\2a5bd02710e975a7\7105922F10AD9AF4,0:1109150,2016-12-14 15:17:57-294,2016-12-14 15:17:58-222
Success : LS : test2\a94a8fe5ccb19ba6\2a5bd02710e975a7\,0:-1,2016-12-14 15:17:58-341,2016-12-14 15:17:58-461
Success : CREATE_FILE : test2\a94a8fe5ccb19ba6\7490D5EC08D6D6A1,0:2997713,2016-12-14 15:17:58-559,2016-12-14 15:18:01-636
Success : LS : test2\a94a8fe5ccb19ba6\,0:-1,2016-12-14 15:18:01-805,2016-12-14 15:18:01-916
Success : CREATE_FILE : test2\a94a8fe5ccb19ba6\002C34F37CEAD785,0:2125617,2016-12-14 15:18:02-041,2016-12-14 15:18:04-233
Success : LS : test2\a94a8fe5ccb19ba6\2a5bd02710e975a7\,0:-1,2016-12-14 15:18:04-355,2016-12-14 15:18:04-480
Success : LS : test1\f71b43c3136efa4f\9f93e73d6896cb7b\,0:-1,2016-12-14 15:18:04-585,2016-12-14 15:18:04-651
Success : LS : test1\f71b43c3136efa4f\9f93e73d6896cb7b\,0:-1,2016-12-14 15:18:04-728,2016-12-14 15:18:04-791
Success : LS : test2\a94a8fe5ccb19ba6\2a5bd02710e975a7\,0:-1,2016-12-14 15:18:04-868,2016-12-14 15:18:04-948
Success : LS : test1\f71b43c3136efa4f\c7d9912886e5ccc7\,0:-1,2016-12-14 15:18:05-025,2016-12-14 15:18:05-102
Fail : LS : test1,0:-1,2016-12-14 15:18:05-189,2016-12-14 15:18:05-189
Reason : java.lang.StringIndexOutOfBoundsException: String index out of range: -1
Success : LS : test1\f71b43c3136efa4f\52481749c0cdecd6\,0:-1,2016-12-14 15:18:05-315,2016-12-14 15:18:05-386
Success : LS : test2\a94a8fe5ccb19ba6\,0:-1,2016-12-14 15:18:05-471,2016-12-14 15:18:05-581
Success : CREATE_FILE : test2\a94a8fe5ccb19ba6\248413D229742D2F,0:1905497,2016-12-14 15:18:05-659,2016-12-14 15:18:07-800
Success : LS : test2\a94a8fe5ccb19ba6\,0:-1,2016-12-14 15:18:07-919,2016-12-14 15:18:08-187
Success : CREATE_FILE : test2\a94a8fe5ccb19ba6\2a5bd02710e975a7\671824F570318E28,0:1353701,2016-12-14 15:18:08-303,2016-12-14 15:18:09-538
Success : LS : test2\a94a8fe5ccb19ba6\2a5bd02710e975a7\,0:-1,2016-12-14 15:18:09-660,2016-12-14 15:18:09-779
Success : CREATE_FILE : test2\a94a8fe5ccb19ba6\4CFAA36B0C00B56D,0:403383,2016-12-14 15:18:09-897,2016-12-14 15:18:10-368
Success : LS : test2\a94a8fe5ccb19ba6\,0:-1,2016-12-14 15:18:10-486,2016-12-14 15:18:10-757
Success : CREATE_FILE : test2\a94a8fe5ccb19ba6\762C1C266D825E9B,0:65896,2016-12-14 15:18:10-878,2016-12-14 15:18:11-186
Success : LS : test2\a94a8fe5ccb19ba6\,0:-1,2016-12-14 15:18:11-312,2016-12-14 15:18:11-430
Success : CREATE_FILE : test2\a94a8fe5ccb19ba6\2a5bd02710e975a7\016F2C6230F444D9,0:3058219,2016-12-14 15:18:11-549,2016-12-14 15:18:15-086
Success : LS : test2\a94a8fe5ccb19ba6\2a5bd02710e975a7\,0:-1,2016-12-14 15:18:15-173,2016-12-14 15:18:15-258
Success : CREATE_FILE : test2\a94a8fe5ccb19ba6\4FC135C306584F65,0:3316587,2016-12-14 15:18:15-337,2016-12-14 15:18:18-845
Success : LS : test1\f71b43c3136efa4f\,0:-1,2016-12-14 15:18:18-961,2016-12-14 15:18:19-031
Success : LS : test2\a94a8fe5ccb19ba6\,0:-1,2016-12-14 15:18:19-149,2016-12-14 15:18:19-281
Success : LS : test2\a94a8fe5ccb19ba6\,0:-1,2016-12-14 15:18:19-388,2016-12-14 15:18:19-715
Success : LS : test2\a94a8fe5ccb19ba6\2a5bd02710e975a7\,0:-1,2016-12-14 15:18:19-839,2016-12-14 15:18:19-953
Success : LS : test2\a94a8fe5ccb19ba6\,0:-1,2016-12-14 15:18:20-065,2016-12-14 15:18:20-173
Success : LS : test1\f71b43c3136efa4f\83404ffd78f534ff\,0:-1,2016-12-14 15:18:20-276,2016-12-14 15:18:20-378
Success : LS : test2\a94a8fe5ccb19ba6\,0:-1,2016-12-14 15:18:20-458,2016-12-14 15:18:20-553
Success : CREATE_FILE : test2\a94a8fe5ccb19ba6\2a5bd02710e975a7\3A7A3BB964B74D2C,0:678582,2016-12-14 15:18:20-629,2016-12-14 15:18:21-855
Success : LS : test2\a94a8fe5ccb19ba6\2a5bd02710e975a7\,0:-1,2016-12-14 15:18:21-962,2016-12-14 15:18:22-112
Success : CREATE_FILE : test2\a94a8fe5ccb19ba6\0E34B26114B0259B,0:2891808,2016-12-14 15:18:22-220,2016-12-14 15:18:25-462
Success : LS : test2\a94a8fe5ccb19ba6\,0:-1,2016-12-14 15:18:25-581,2016-12-14 15:18:25-763
