Fail : LS : test1\c5a5e5562b038073\0189424a5a60fed3\,0:-1,2016-12-12 10:25:44-575,2016-12-12 10:25:44-739
Reason : hadoop4j.NoImplementionException: not supported by openstack
Fail : LS : test1\f71b43c3136efa4f\9f93e73d6896cb7b\,0:-1,2016-12-12 10:25:44-836,2016-12-12 10:25:44-927
Reason : hadoop4j.NoImplementionException: not supported by openstack
Fail : LS : test2\a94a8fe5ccb19ba6\2a5bd02710e975a7\,0:-1,2016-12-12 10:25:45-039,2016-12-12 10:25:45-127
Reason : hadoop4j.NoImplementionException: not supported by openstack
Success : CREATE_FILE : test2\a94a8fe5ccb19ba6\2a5bd02710e975a7\3CDA6005601436DD,0:3698852,2016-12-12 10:25:45-256,2016-12-12 10:25:48-939
Fail : LS : test2\a94a8fe5ccb19ba6\2a5bd02710e975a7\,0:-1,2016-12-12 10:25:49-068,2016-12-12 10:25:49-149
Reason : hadoop4j.NoImplementionException: not supported by openstack
Success : CREATE_FILE : test2\a94a8fe5ccb19ba6\7FB7BC3928C32513,0:1878286,2016-12-12 10:25:49-255,2016-12-12 10:25:50-787
Fail : LS : test2\a94a8fe5ccb19ba6\,0:-1,2016-12-12 10:25:50-914,2016-12-12 10:25:51-000
Reason : hadoop4j.NoImplementionException: not supported by openstack
Success : CREATE_FILE : test2\a94a8fe5ccb19ba6\42C443D3243FB10A,0:2123804,2016-12-12 10:25:51-083,2016-12-12 10:25:52-976
Fail : LS : test2\a94a8fe5ccb19ba6\,0:-1,2016-12-12 10:25:53-052,2016-12-12 10:25:53-124
Reason : hadoop4j.NoImplementionException: not supported by openstack
Success : CREATE_FILE : test2\a94a8fe5ccb19ba6\2a5bd02710e975a7\3F47AF3A7A6AD30B,0:3170907,2016-12-12 10:25:53-203,2016-12-12 10:25:56-107
Fail : LS : test2\a94a8fe5ccb19ba6\2a5bd02710e975a7\,0:-1,2016-12-12 10:25:56-228,2016-12-12 10:25:56-310
Reason : hadoop4j.NoImplementionException: not supported by openstack
Success : CREATE_FILE : test2\a94a8fe5ccb19ba6\69EF18CF663A04DF,0:2063377,2016-12-12 10:25:56-392,2016-12-12 10:25:58-229
Fail : LS : test1\c5a5e5562b038073\,0:-1,2016-12-12 10:25:58-356,2016-12-12 10:25:58-452
Reason : hadoop4j.NoImplementionException: not supported by openstack
Fail : LS : test1\f71b43c3136efa4f\52481749c0cdecd6\,0:-1,2016-12-12 10:25:58-571,2016-12-12 10:25:58-642
Reason : hadoop4j.NoImplementionException: not supported by openstack
Fail : LS : test2\a94a8fe5ccb19ba6\,0:-1,2016-12-12 10:25:58-733,2016-12-12 10:25:58-827
Reason : hadoop4j.NoImplementionException: not supported by openstack
Success : CREATE_FILE : test2\a94a8fe5ccb19ba6\4E147DB454CF0C12,0:1970319,2016-12-12 10:25:58-916,2016-12-12 10:26:01-019
Fail : LS : test2\a94a8fe5ccb19ba6\,0:-1,2016-12-12 10:26:01-144,2016-12-12 10:26:01-223
Reason : hadoop4j.NoImplementionException: not supported by openstack
Success : CREATE_FILE : test2\a94a8fe5ccb19ba6\18D3E6D3003D3981,0:3056926,2016-12-12 10:26:01-322,2016-12-12 10:26:04-032
Fail : LS : test2\a94a8fe5ccb19ba6\,0:-1,2016-12-12 10:26:04-160,2016-12-12 10:26:04-239
Reason : hadoop4j.NoImplementionException: not supported by openstack
Success : CREATE_FILE : test2\a94a8fe5ccb19ba6\567BD0E40EF5DBF1,0:833362,2016-12-12 10:26:04-317,2016-12-12 10:26:05-025
Fail : LS : test2\a94a8fe5ccb19ba6\,0:-1,2016-12-12 10:26:05-103,2016-12-12 10:26:05-172
Reason : hadoop4j.NoImplementionException: not supported by openstack
Success : CREATE_FILE : test2\a94a8fe5ccb19ba6\6ED108131CCF6EA0,0:2490539,2016-12-12 10:26:05-267,2016-12-12 10:26:07-532
Fail : LS : test2\a94a8fe5ccb19ba6\,0:-1,2016-12-12 10:26:07-660,2016-12-12 10:26:07-746
Reason : hadoop4j.NoImplementionException: not supported by openstack
Fail : LS : test1\f71b43c3136efa4f\52481749c0cdecd6\,0:-1,2016-12-12 10:26:07-834,2016-12-12 10:26:07-904
Reason : hadoop4j.NoImplementionException: not supported by openstack
Fail : LS : test1,0:-1,2016-12-12 10:26:07-980,2016-12-12 10:26:07-980
Reason : java.lang.StringIndexOutOfBoundsException: String index out of range: -2
Fail : LS : test2\a94a8fe5ccb19ba6\,0:-1,2016-12-12 10:26:08-059,2016-12-12 10:26:08-152
Reason : hadoop4j.NoImplementionException: not supported by openstack
Fail : LS : test1\c5a5e5562b038073\a39ea9c72a98de10\,0:-1,2016-12-12 10:26:08-239,2016-12-12 10:26:08-330
Reason : hadoop4j.NoImplementionException: not supported by openstack
Fail : LS : test2\a94a8fe5ccb19ba6\,0:-1,2016-12-12 10:26:08-417,2016-12-12 10:26:08-489
Reason : hadoop4j.NoImplementionException: not supported by openstack
Success : CREATE_FILE : test2\a94a8fe5ccb19ba6\604487362381F27B,0:1984807,2016-12-12 10:26:08-567,2016-12-12 10:26:10-377
Fail : LS : test1\f71b43c3136efa4f\52481749c0cdecd6\,0:-1,2016-12-12 10:26:10-492,2016-12-12 10:26:10-580
Reason : hadoop4j.NoImplementionException: not supported by openstack
Fail : LS : test1\f71b43c3136efa4f\52481749c0cdecd6\,0:-1,2016-12-12 10:26:10-667,2016-12-12 10:26:10-742
Reason : hadoop4j.NoImplementionException: not supported by openstack
Fail : LS : test1\f71b43c3136efa4f\,0:-1,2016-12-12 10:26:10-827,2016-12-12 10:26:10-894
Reason : hadoop4j.NoImplementionException: not supported by openstack
Fail : LS : test1\c5a5e5562b038073\a39ea9c72a98de10\,0:-1,2016-12-12 10:26:10-975,2016-12-12 10:26:11-040
Reason : hadoop4j.NoImplementionException: not supported by openstack
Fail : LS : test1,0:-1,2016-12-12 10:26:11-146,2016-12-12 10:26:11-146
Reason : java.lang.StringIndexOutOfBoundsException: String index out of range: -2
Fail : LS : test2\a94a8fe5ccb19ba6\,0:-1,2016-12-12 10:26:11-223,2016-12-12 10:26:11-347
Reason : hadoop4j.NoImplementionException: not supported by openstack
Success : CREATE_FILE : test2\a94a8fe5ccb19ba6\1689C7017C4AEE3E,0:1472740,2016-12-12 10:26:11-429,2016-12-12 10:26:13-205
Fail : LS : test2\a94a8fe5ccb19ba6\,0:-1,2016-12-12 10:26:13-333,2016-12-12 10:26:13-439
Reason : hadoop4j.NoImplementionException: not supported by openstack
Success : CREATE_FILE : test2\a94a8fe5ccb19ba6\60041A6F553D8530,0:512568,2016-12-12 10:26:13-534,2016-12-12 10:26:14-218
Fail : LS : test2\a94a8fe5ccb19ba6\,0:-1,2016-12-12 10:26:14-345,2016-12-12 10:26:14-422
Reason : hadoop4j.NoImplementionException: not supported by openstack
Fail : LS : test1,0:-1,2016-12-12 10:26:14-498,2016-12-12 10:26:14-498
Reason : java.lang.StringIndexOutOfBoundsException: String index out of range: -2
Fail : LS : test1\f71b43c3136efa4f\c7d9912886e5ccc7\,0:-1,2016-12-12 10:26:14-574,2016-12-12 10:26:14-643
Reason : hadoop4j.NoImplementionException: not supported by openstack
Fail : LS : test2\a94a8fe5ccb19ba6\,0:-1,2016-12-12 10:26:14-720,2016-12-12 10:26:14-797
Reason : hadoop4j.NoImplementionException: not supported by openstack
Fail : LS : test2\a94a8fe5ccb19ba6\2a5bd02710e975a7\,0:-1,2016-12-12 10:26:14-876,2016-12-12 10:26:14-966
Reason : hadoop4j.NoImplementionException: not supported by openstack
Fail : LS : test2\a94a8fe5ccb19ba6\,0:-1,2016-12-12 10:26:15-054,2016-12-12 10:26:15-124
Reason : hadoop4j.NoImplementionException: not supported by openstack
Success : CREATE_FILE : test2\a94a8fe5ccb19ba6\69AAB802650954FB,0:2947121,2016-12-12 10:26:15-242,2016-12-12 10:26:18-272
Fail : LS : test2\a94a8fe5ccb19ba6\,0:-1,2016-12-12 10:26:18-394,2016-12-12 10:26:18-472
Reason : hadoop4j.NoImplementionException: not supported by openstack
Success : CREATE_FILE : test2\a94a8fe5ccb19ba6\7DAC9FB04649FDA8,0:3463196,2016-12-12 10:26:18-554,2016-12-12 10:26:21-811
Fail : LS : test2\a94a8fe5ccb19ba6\,0:-1,2016-12-12 10:26:21-939,2016-12-12 10:26:22-032
Reason : hadoop4j.NoImplementionException: not supported by openstack
Fail : LS : test1\f71b43c3136efa4f\52481749c0cdecd6\,0:-1,2016-12-12 10:26:22-117,2016-12-12 10:26:22-207
Reason : hadoop4j.NoImplementionException: not supported by openstack
Fail : LS : test2\a94a8fe5ccb19ba6\2a5bd02710e975a7\,0:-1,2016-12-12 10:26:22-294,2016-12-12 10:26:22-358
Reason : hadoop4j.NoImplementionException: not supported by openstack
Fail : LS : test2\a94a8fe5ccb19ba6\,0:-1,2016-12-12 10:26:22-453,2016-12-12 10:26:22-522
Reason : hadoop4j.NoImplementionException: not supported by openstack
Success : CREATE_FILE : test2\a94a8fe5ccb19ba6\588BB10528116BF7,0:2391126,2016-12-12 10:26:22-638,2016-12-12 10:26:24-974
Fail : LS : test2\a94a8fe5ccb19ba6\,0:-1,2016-12-12 10:26:25-100,2016-12-12 10:26:25-232
Reason : hadoop4j.NoImplementionException: not supported by openstack
Success : CREATE_FILE : test2\a94a8fe5ccb19ba6\36B783F00D02784E,0:1762677,2016-12-12 10:26:25-336,2016-12-12 10:26:26-877
Fail : LS : test2\a94a8fe5ccb19ba6\,0:-1,2016-12-12 10:26:27-004,2016-12-12 10:26:27-082
Reason : hadoop4j.NoImplementionException: not supported by openstack
Success : CREATE_FILE : test2\a94a8fe5ccb19ba6\0135014B1EE0B92D,0:1578277,2016-12-12 10:26:27-202,2016-12-12 10:26:28-605
Fail : LS : test2\a94a8fe5ccb19ba6\,0:-1,2016-12-12 10:26:28-733,2016-12-12 10:26:28-811
Reason : hadoop4j.NoImplementionException: not supported by openstack
Success : CREATE_FILE : test2\a94a8fe5ccb19ba6\5B5F68717FB08A32,0:4087581,2016-12-12 10:26:28-899,2016-12-12 10:26:32-848
Fail : LS : test1\c5a5e5562b038073\0189424a5a60fed3\,0:-1,2016-12-12 10:26:32-970,2016-12-12 10:26:33-049
Reason : hadoop4j.NoImplementionException: not supported by openstack
Fail : LS : test1,0:-1,2016-12-12 10:26:33-131,2016-12-12 10:26:33-131
Reason : java.lang.StringIndexOutOfBoundsException: String index out of range: -2
Fail : LS : test2\a94a8fe5ccb19ba6\,0:-1,2016-12-12 10:26:33-220,2016-12-12 10:26:33-292
Reason : hadoop4j.NoImplementionException: not supported by openstack
Fail : LS : test1\f71b43c3136efa4f\c7d9912886e5ccc7\,0:-1,2016-12-12 10:26:33-416,2016-12-12 10:26:33-503
Reason : hadoop4j.NoImplementionException: not supported by openstack
Fail : LS : test2\a94a8fe5ccb19ba6\,0:-1,2016-12-12 10:26:33-641,2016-12-12 10:26:33-712
Reason : hadoop4j.NoImplementionException: not supported by openstack
Success : CREATE_FILE : test2\a94a8fe5ccb19ba6\28FFA0932822A152,0:2467294,2016-12-12 10:26:33-788,2016-12-12 10:26:35-931
Fail : LS : test2\a94a8fe5ccb19ba6\,0:-1,2016-12-12 10:26:36-059,2016-12-12 10:26:36-142
Reason : hadoop4j.NoImplementionException: not supported by openstack
Success : CREATE_FILE : test2\a94a8fe5ccb19ba6\72A24DAA745A7191,0:40090,2016-12-12 10:26:36-222,2016-12-12 10:26:36-811
Fail : LS : test2\a94a8fe5ccb19ba6\,0:-1,2016-12-12 10:26:36-938,2016-12-12 10:26:37-015
Reason : hadoop4j.NoImplementionException: not supported by openstack
Success : CREATE_FILE : test2\a94a8fe5ccb19ba6\7D9D3BB256AE4162,0:695596,2016-12-12 10:26:37-093,2016-12-12 10:26:37-740
Fail : LS : test2\a94a8fe5ccb19ba6\,0:-1,2016-12-12 10:26:37-830,2016-12-12 10:26:37-911
Reason : hadoop4j.NoImplementionException: not supported by openstack
Fail : LS : test2\a94a8fe5ccb19ba6\2a5bd02710e975a7\,0:-1,2016-12-12 10:26:37-997,2016-12-12 10:26:38-061
Reason : hadoop4j.NoImplementionException: not supported by openstack
Fail : LS : test2\a94a8fe5ccb19ba6\2a5bd02710e975a7\,0:-1,2016-12-12 10:26:38-159,2016-12-12 10:26:38-225
Reason : hadoop4j.NoImplementionException: not supported by openstack
Fail : LS : test1\f71b43c3136efa4f\,0:-1,2016-12-12 10:26:38-339,2016-12-12 10:26:38-408
Reason : hadoop4j.NoImplementionException: not supported by openstack
Fail : LS : test2\a94a8fe5ccb19ba6\,0:-1,2016-12-12 10:26:38-492,2016-12-12 10:26:38-579
Reason : hadoop4j.NoImplementionException: not supported by openstack
Success : CREATE_FILE : test2\a94a8fe5ccb19ba6\2a5bd02710e975a7\58AD18A13685BC40,0:1229428,2016-12-12 10:26:38-668,2016-12-12 10:26:39-823
Fail : LS : test2\a94a8fe5ccb19ba6\2a5bd02710e975a7\,0:-1,2016-12-12 10:26:39-940,2016-12-12 10:26:40-036
Reason : hadoop4j.NoImplementionException: not supported by openstack
Success : CREATE_FILE : test2\a94a8fe5ccb19ba6\619177D471E30B56,0:3416580,2016-12-12 10:26:40-128,2016-12-12 10:26:43-640
Fail : LS : test2\a94a8fe5ccb19ba6\,0:-1,2016-12-12 10:26:43-748,2016-12-12 10:26:43-828
Reason : hadoop4j.NoImplementionException: not supported by openstack
Success : CREATE_FILE : test2\a94a8fe5ccb19ba6\74444EF9658763CD,0:715334,2016-12-12 10:26:43-912,2016-12-12 10:26:44-602
Fail : LS : test1\f71b43c3136efa4f\c7d9912886e5ccc7\,0:-1,2016-12-12 10:26:44-678,2016-12-12 10:26:44-750
Reason : hadoop4j.NoImplementionException: not supported by openstack
Fail : LS : test1\c5a5e5562b038073\0189424a5a60fed3\,0:-1,2016-12-12 10:26:44-829,2016-12-12 10:26:44-895
Reason : hadoop4j.NoImplementionException: not supported by openstack
Fail : LS : test2\a94a8fe5ccb19ba6\2a5bd02710e975a7\,0:-1,2016-12-12 10:26:44-972,2016-12-12 10:26:45-035
Reason : hadoop4j.NoImplementionException: not supported by openstack
Fail : LS : test1,0:-1,2016-12-12 10:26:45-109,2016-12-12 10:26:45-109
Reason : java.lang.StringIndexOutOfBoundsException: String index out of range: -2
Fail : LS : test1\c5a5e5562b038073\0189424a5a60fed3\,0:-1,2016-12-12 10:26:45-186,2016-12-12 10:26:45-248
Reason : hadoop4j.NoImplementionException: not supported by openstack
Fail : LS : test2\a94a8fe5ccb19ba6\,0:-1,2016-12-12 10:26:45-352,2016-12-12 10:26:45-425
Reason : hadoop4j.NoImplementionException: not supported by openstack
Success : CREATE_FILE : test2\a94a8fe5ccb19ba6\24EDB6AD77920FD1,0:2642401,2016-12-12 10:26:45-506,2016-12-12 10:26:48-080
Fail : LS : test2\a94a8fe5ccb19ba6\,0:-1,2016-12-12 10:26:48-202,2016-12-12 10:26:48-303
Reason : hadoop4j.NoImplementionException: not supported by openstack
Success : CREATE_FILE : test2\a94a8fe5ccb19ba6\1CF41204426467D5,0:1278011,2016-12-12 10:26:48-410,2016-12-12 10:26:49-574
Fail : LS : test2\a94a8fe5ccb19ba6\,0:-1,2016-12-12 10:26:49-702,2016-12-12 10:26:49-780
Reason : hadoop4j.NoImplementionException: not supported by openstack
