Success : CREATE_FILE : test2\a94a8fe5ccb19ba6\5D2742E2672C0151,0:704293,2016-12-17 23:24:45-595,2016-12-17 23:24:45-979
Success : LS : test2\a94a8fe5ccb19ba6\,0:-1,2016-12-17 23:24:45-979,2016-12-17 23:24:45-979
Success : SEQ_READ : test2\1a7683b6645f9b6a,0:14336,2016-12-17 23:24:45-980,2016-12-17 23:24:45-984
Success : SEQ_READ : test2\6c33a983eec1b409,0:1024,2016-12-17 23:24:45-985,2016-12-17 23:24:45-986
Success : SEQ_READ : test2\6c33a983eec1b409,0:2048,2016-12-17 23:24:45-986,2016-12-17 23:24:45-987
Success : CREATE_FILE : test2\a94a8fe5ccb19ba6\2a5bd02710e975a7\7162DD1B17E612F9,0:966556,2016-12-17 23:24:45-988,2016-12-17 23:24:46-181
Success : LS : test2\a94a8fe5ccb19ba6\2a5bd02710e975a7\,0:-1,2016-12-17 23:24:46-182,2016-12-17 23:24:46-182
Success : SEQ_READ : test2\a94a8fe5ccb19ba6\2a5bd02710e975a7\178db47a574c645f,0:257,2016-12-17 23:24:46-182,2016-12-17 23:24:46-184
Fail : RANDOM_WRITE : test1\c5a5e5562b038073\a39ea9c72a98de10\11562aa867a5f398,0:0,2016-12-17 23:24:46-186,2016-12-17 23:24:46-191
Reason : RESTAPI.NoImplementionException: read failure
Success : RANDOM_WRITE : test2\8da7cc13802eefe0,0:44032,2016-12-17 23:24:46-192,2016-12-17 23:24:46-194
Success : CREATE_FILE : test2\a94a8fe5ccb19ba6\2a5bd02710e975a7\67A2EB781712B613,0:1067352,2016-12-17 23:24:46-195,2016-12-17 23:24:46-369
Success : LS : test2\a94a8fe5ccb19ba6\2a5bd02710e975a7\,0:-1,2016-12-17 23:24:46-369,2016-12-17 23:24:46-369
Success : RANDOM_WRITE : test1\c5a5e5562b038073\0189424a5a60fed3\46a8219c2ae6c782,0:12288,2016-12-17 23:24:46-370,2016-12-17 23:24:46-371
Success : RANDOM_WRITE : test2\a94a8fe5ccb19ba6\4b6fcb2d521ef0fd,0:1024,2016-12-17 23:24:46-375,2016-12-17 23:24:46-376
Success : CREATE_FILE : test2\a94a8fe5ccb19ba6\2a5bd02710e975a7\39C46FB437359907,0:522283,2016-12-17 23:24:46-376,2016-12-17 23:24:46-603
Success : LS : test2\a94a8fe5ccb19ba6\2a5bd02710e975a7\,0:-1,2016-12-17 23:24:46-604,2016-12-17 23:24:46-604
Success : SEQ_READ : test2\a94a8fe5ccb19ba6\4b6fcb2d521ef0fd,0:1024,2016-12-17 23:24:46-604,2016-12-17 23:24:46-605
Success : CREATE_FILE : test2\a94a8fe5ccb19ba6\0C61753F5845A8A4,0:100234,2016-12-17 23:24:46-608,2016-12-17 23:24:46-882
Success : LS : test2\a94a8fe5ccb19ba6\,0:-1,2016-12-17 23:24:46-883,2016-12-17 23:24:46-883
Success : SEQ_READ : test1\c5a5e5562b038073\a39ea9c72a98de10\aa61f113a9b13deb,0:438,2016-12-17 23:24:46-883,2016-12-17 23:24:46-885
Fail : SEQ_READ : test2\a94a8fe5ccb19ba6\4b6fcb2d521ef0fd,0:0,2016-12-17 23:24:46-887,2016-12-17 23:24:46-889
Reason : RESTAPI.NoImplementionException: read failure
Success : RANDOM_WRITE : test1\c5a5e5562b038073\0189424a5a60fed3\feb6a1968982109d,0:51200,2016-12-17 23:24:46-897,2016-12-17 23:24:46-899
Success : SEQ_READ : test1\c5a5e5562b038073\0189424a5a60fed3\46a8219c2ae6c782,0:632832,2016-12-17 23:24:46-902,2016-12-17 23:24:46-916
Success : CREATE_FILE : test2\a94a8fe5ccb19ba6\189343011884DFFF,0:2558897,2016-12-17 23:24:46-916,2016-12-17 23:24:47-213
Success : LS : test2\a94a8fe5ccb19ba6\,0:-1,2016-12-17 23:24:47-213,2016-12-17 23:24:47-213
Success : SEQ_READ : test2\a94a8fe5ccb19ba6\2a5bd02710e975a7\3eef580036f1724a,0:257,2016-12-17 23:24:47-214,2016-12-17 23:24:47-215
Fail : SEQ_READ : test2\acde102dac5bbe15,0:0,2016-12-17 23:24:47-215,2016-12-17 23:24:47-217
Reason : RESTAPI.NoImplementionException: read failure
Success : CREATE_FILE : test2\a94a8fe5ccb19ba6\75ED1601262A6147,0:1204085,2016-12-17 23:24:47-217,2016-12-17 23:24:47-455
Success : LS : test2\a94a8fe5ccb19ba6\,0:-1,2016-12-17 23:24:47-456,2016-12-17 23:24:47-456
Success : CREATE_FILE : test2\a94a8fe5ccb19ba6\705BE2750F2A0410,0:3060818,2016-12-17 23:24:47-456,2016-12-17 23:24:47-810
Success : LS : test2\a94a8fe5ccb19ba6\,0:-1,2016-12-17 23:24:47-811,2016-12-17 23:24:47-811
Success : CREATE_FILE : test2\a94a8fe5ccb19ba6\0A779A574581F035,0:3367652,2016-12-17 23:24:47-811,2016-12-17 23:24:48-278
Success : LS : test2\a94a8fe5ccb19ba6\,0:-1,2016-12-17 23:24:48-278,2016-12-17 23:24:48-278
Success : CREATE_FILE : test2\a94a8fe5ccb19ba6\2a5bd02710e975a7\7447A9801C0858E2,0:3875750,2016-12-17 23:24:48-279,2016-12-17 23:24:48-582
Success : LS : test2\a94a8fe5ccb19ba6\2a5bd02710e975a7\,0:-1,2016-12-17 23:24:48-582,2016-12-17 23:24:48-582
Success : CREATE_FILE : test2\a94a8fe5ccb19ba6\2a5bd02710e975a7\7AC88454743D6AEE,0:1538729,2016-12-17 23:24:48-583,2016-12-17 23:24:48-787
Success : LS : test2\a94a8fe5ccb19ba6\2a5bd02710e975a7\,0:-1,2016-12-17 23:24:48-788,2016-12-17 23:24:48-788
Success : CREATE_FILE : test2\a94a8fe5ccb19ba6\2865899C0E07E92A,0:3939085,2016-12-17 23:24:48-788,2016-12-17 23:24:49-110
Success : LS : test2\a94a8fe5ccb19ba6\,0:-1,2016-12-17 23:24:49-110,2016-12-17 23:24:49-110
Success : CREATE_FILE : test2\a94a8fe5ccb19ba6\60DC3F92396C4B07,0:2032666,2016-12-17 23:24:49-111,2016-12-17 23:24:49-548
Success : LS : test2\a94a8fe5ccb19ba6\,0:-1,2016-12-17 23:24:49-549,2016-12-17 23:24:49-549
Success : CREATE_FILE : test2\a94a8fe5ccb19ba6\2a5bd02710e975a7\187FBA10710F3F4B,0:1909435,2016-12-17 23:24:49-549,2016-12-17 23:24:49-871
Success : LS : test2\a94a8fe5ccb19ba6\2a5bd02710e975a7\,0:-1,2016-12-17 23:24:49-871,2016-12-17 23:24:49-871
Success : CREATE_FILE : test2\a94a8fe5ccb19ba6\2a5bd02710e975a7\1A67DD9139877EB5,0:1092095,2016-12-17 23:24:49-872,2016-12-17 23:24:50-103
Success : LS : test2\a94a8fe5ccb19ba6\2a5bd02710e975a7\,0:-1,2016-12-17 23:24:50-103,2016-12-17 23:24:50-103
Success : CREATE_FILE : test2\a94a8fe5ccb19ba6\2a5bd02710e975a7\65B62B6840C1C9F9,0:3345458,2016-12-17 23:24:50-104,2016-12-17 23:24:50-397
Success : LS : test2\a94a8fe5ccb19ba6\2a5bd02710e975a7\,0:-1,2016-12-17 23:24:50-398,2016-12-17 23:24:50-398
Success : CREATE_FILE : test2\a94a8fe5ccb19ba6\2a5bd02710e975a7\1CD78CBB7E9E911C,0:3653853,2016-12-17 23:24:50-398,2016-12-17 23:24:50-702
Success : LS : test2\a94a8fe5ccb19ba6\2a5bd02710e975a7\,0:-1,2016-12-17 23:24:50-702,2016-12-17 23:24:50-702
Success : CREATE_FILE : test2\a94a8fe5ccb19ba6\09E4A0765126A99A,0:1207253,2016-12-17 23:24:50-703,2016-12-17 23:24:51-008
Success : LS : test2\a94a8fe5ccb19ba6\,0:-1,2016-12-17 23:24:51-009,2016-12-17 23:24:51-009
Success : CREATE_FILE : test2\a94a8fe5ccb19ba6\7E4FF0666E7B3AC9,0:2972396,2016-12-17 23:24:51-010,2016-12-17 23:24:51-438
Success : LS : test2\a94a8fe5ccb19ba6\,0:-1,2016-12-17 23:24:51-439,2016-12-17 23:24:51-439
Success : CREATE_FILE : test2\a94a8fe5ccb19ba6\1FA2176B3DB6878C,0:3795658,2016-12-17 23:24:51-439,2016-12-17 23:24:51-885
Success : LS : test2\a94a8fe5ccb19ba6\,0:-1,2016-12-17 23:24:51-886,2016-12-17 23:24:51-886
Success : RANDOM_WRITE : test1\c5a5e5562b038073\2d77b1044a6c5c82,0:8192,2016-12-17 23:24:51-887,2016-12-17 23:24:51-889
Success : RANDOM_WRITE : test1\c5a5e5562b038073\2015a7ab48ae9a58,0:15360,2016-12-17 23:24:51-890,2016-12-17 23:24:51-892
Success : CREATE_FILE : test2\a94a8fe5ccb19ba6\2a5bd02710e975a7\08D8EF841C547375,0:2645290,2016-12-17 23:24:51-893,2016-12-17 23:24:52-512
Success : LS : test2\a94a8fe5ccb19ba6\2a5bd02710e975a7\,0:-1,2016-12-17 23:24:52-513,2016-12-17 23:24:52-513
Success : CREATE_FILE : test2\a94a8fe5ccb19ba6\4C14DF343687619D,0:179586,2016-12-17 23:24:52-514,2016-12-17 23:24:53-062
Success : LS : test2\a94a8fe5ccb19ba6\,0:-1,2016-12-17 23:24:53-063,2016-12-17 23:24:53-064
Success : CREATE_FILE : test2\a94a8fe5ccb19ba6\4773129A3657A3B6,0:2990097,2016-12-17 23:24:53-065,2016-12-17 23:24:53-362
Success : LS : test2\a94a8fe5ccb19ba6\,0:-1,2016-12-17 23:24:53-363,2016-12-17 23:24:53-363
Success : CREATE_FILE : test2\a94a8fe5ccb19ba6\1853F7BF4BD026A4,0:1834898,2016-12-17 23:24:53-364,2016-12-17 23:24:53-588
Success : LS : test2\a94a8fe5ccb19ba6\,0:-1,2016-12-17 23:24:53-588,2016-12-17 23:24:53-588
Success : SEQ_READ : test1\f71b43c3136efa4f\c7d9912886e5ccc7\6670af231c096f09,0:129,2016-12-17 23:24:53-588,2016-12-17 23:24:53-589
Success : SEQ_READ : test1\f71b43c3136efa4f\c7d9912886e5ccc7\6670af231c096f09,0:129,2016-12-17 23:24:53-590,2016-12-17 23:24:53-591
Success : CREATE_FILE : test2\a94a8fe5ccb19ba6\668C953256E8AEC0,0:261831,2016-12-17 23:24:53-597,2016-12-17 23:24:53-811
Success : LS : test2\a94a8fe5ccb19ba6\,0:-1,2016-12-17 23:24:53-811,2016-12-17 23:24:53-811
Success : CREATE_FILE : test2\a94a8fe5ccb19ba6\2a5bd02710e975a7\43DEB22E3FB05299,0:77831,2016-12-17 23:24:53-811,2016-12-17 23:24:53-971
Success : LS : test2\a94a8fe5ccb19ba6\2a5bd02710e975a7\,0:-1,2016-12-17 23:24:53-972,2016-12-17 23:24:53-972
Success : CREATE_FILE : test2\a94a8fe5ccb19ba6\2a5bd02710e975a7\6D7D47F41325D067,0:478056,2016-12-17 23:24:53-972,2016-12-17 23:24:54-145
Success : LS : test2\a94a8fe5ccb19ba6\2a5bd02710e975a7\,0:-1,2016-12-17 23:24:54-146,2016-12-17 23:24:54-146
Success : CREATE_FILE : test2\a94a8fe5ccb19ba6\2a5bd02710e975a7\5DA6CA576FF01010,0:322449,2016-12-17 23:24:54-146,2016-12-17 23:24:54-317
Success : LS : test2\a94a8fe5ccb19ba6\2a5bd02710e975a7\,0:-1,2016-12-17 23:24:54-318,2016-12-17 23:24:54-318
Success : RANDOM_WRITE : test1\c5a5e5562b038073\738537f9a40e568b,0:4096,2016-12-17 23:24:54-318,2016-12-17 23:24:54-320
Success : CREATE_FILE : test2\a94a8fe5ccb19ba6\3C37DB3634B7E94A,0:1362948,2016-12-17 23:24:54-320,2016-12-17 23:24:54-510
Success : LS : test2\a94a8fe5ccb19ba6\,0:-1,2016-12-17 23:24:54-511,2016-12-17 23:24:54-511
Success : RANDOM_WRITE : test1\f71b43c3136efa4f\9f93e73d6896cb7b\6670af231c096f09,0:129,2016-12-17 23:24:54-511,2016-12-17 23:24:54-512
Success : CREATE_FILE : test2\a94a8fe5ccb19ba6\5DC61842400128D7,0:2534400,2016-12-17 23:24:54-512,2016-12-17 23:24:54-754
Success : LS : test2\a94a8fe5ccb19ba6\,0:-1,2016-12-17 23:24:54-754,2016-12-17 23:24:54-754
Success : CREATE_FILE : test2\a94a8fe5ccb19ba6\1A8742B0576E463D,0:2871275,2016-12-17 23:24:54-754,2016-12-17 23:24:55-194
Success : LS : test2\a94a8fe5ccb19ba6\,0:-1,2016-12-17 23:24:55-195,2016-12-17 23:24:55-195
Success : CREATE_FILE : test2\a94a8fe5ccb19ba6\06B8828223873FCD,0:3450981,2016-12-17 23:24:55-195,2016-12-17 23:24:55-696
Success : LS : test2\a94a8fe5ccb19ba6\,0:-1,2016-12-17 23:24:55-696,2016-12-17 23:24:55-696
Success : RANDOM_WRITE : test1\c5a5e5562b038073\b0c5d70d7f040bfa,0:8192,2016-12-17 23:24:55-696,2016-12-17 23:24:55-698
Success : CREATE_FILE : test2\a94a8fe5ccb19ba6\37B42840305E1CF0,0:1869368,2016-12-17 23:24:55-698,2016-12-17 23:24:56-197
Success : LS : test2\a94a8fe5ccb19ba6\,0:-1,2016-12-17 23:24:56-197,2016-12-17 23:24:56-197
Success : CREATE_FILE : test2\a94a8fe5ccb19ba6\441751CB3EE5F1CC,0:3519174,2016-12-17 23:24:56-197,2016-12-17 23:24:56-574
Success : LS : test2\a94a8fe5ccb19ba6\,0:-1,2016-12-17 23:24:56-574,2016-12-17 23:24:56-574
Success : RANDOM_WRITE : test1\c5a5e5562b038073\0189424a5a60fed3\46a8219c2ae6c782,0:55296,2016-12-17 23:24:56-574,2016-12-17 23:24:56-577
Success : SEQ_READ : test1\f71b43c3136efa4f\c7d9912886e5ccc7\6670af231c096f09,0:129,2016-12-17 23:24:56-577,2016-12-17 23:24:56-578
Success : SEQ_READ : test2\bc9c8ba7ff351f3e,0:142336,2016-12-17 23:24:56-591,2016-12-17 23:24:56-594
Success : CREATE_FILE : test2\a94a8fe5ccb19ba6\2a5bd02710e975a7\1C47359C1C8558E0,0:742348,2016-12-17 23:24:56-599,2016-12-17 23:24:56-979
Success : LS : test2\a94a8fe5ccb19ba6\2a5bd02710e975a7\,0:-1,2016-12-17 23:24:56-979,2016-12-17 23:24:56-979
Success : CREATE_FILE : test2\a94a8fe5ccb19ba6\565ECBDD26711ECA,0:2418365,2016-12-17 23:24:56-979,2016-12-17 23:24:57-740
Success : LS : test2\a94a8fe5ccb19ba6\,0:-1,2016-12-17 23:24:57-740,2016-12-17 23:24:57-740
Success : CREATE_FILE : test2\a94a8fe5ccb19ba6\5E0AC10425641CE1,0:3434707,2016-12-17 23:24:57-741,2016-12-17 23:24:58-368
Success : LS : test2\a94a8fe5ccb19ba6\,0:-1,2016-12-17 23:24:58-369,2016-12-17 23:24:58-369
Success : SEQ_READ : test1\c5a5e5562b038073\2015a7ab48ae9a58,0:14336,2016-12-17 23:24:58-370,2016-12-17 23:24:58-372
Success : CREATE_FILE : test2\a94a8fe5ccb19ba6\2a5bd02710e975a7\630370685F8607C7,0:1678444,2016-12-17 23:24:58-373,2016-12-17 23:24:58-890
Success : LS : test2\a94a8fe5ccb19ba6\2a5bd02710e975a7\,0:-1,2016-12-17 23:24:58-891,2016-12-17 23:24:58-891
Success : SEQ_READ : test1\c5a5e5562b038073\68ad3077ff5a452a,0:383,2016-12-17 23:24:58-891,2016-12-17 23:24:58-892
Success : CREATE_FILE : test2\a94a8fe5ccb19ba6\47C3B67266E35B97,0:2593481,2016-12-17 23:24:58-896,2016-12-17 23:24:59-186
Success : LS : test2\a94a8fe5ccb19ba6\,0:-1,2016-12-17 23:24:59-186,2016-12-17 23:24:59-186
Fail : RANDOM_WRITE : test2\acde102dac5bbe15,0:0,2016-12-17 23:24:59-187,2016-12-17 23:24:59-189
Reason : RESTAPI.NoImplementionException: read failure
Success : SEQ_READ : test2\a94a8fe5ccb19ba6\4b6fcb2d521ef0fd,0:1024,2016-12-17 23:24:59-189,2016-12-17 23:24:59-190
Success : RANDOM_WRITE : test2\acde102dac5bbe15,0:4096,2016-12-17 23:24:59-190,2016-12-17 23:24:59-191
Success : CREATE_FILE : test2\a94a8fe5ccb19ba6\2a5bd02710e975a7\508424170921C2FA,0:2760589,2016-12-17 23:24:59-197,2016-12-17 23:24:59-524
Success : LS : test2\a94a8fe5ccb19ba6\2a5bd02710e975a7\,0:-1,2016-12-17 23:24:59-524,2016-12-17 23:24:59-524
Success : CREATE_FILE : test2\a94a8fe5ccb19ba6\00E8F468100D3EFC,0:455372,2016-12-17 23:24:59-525,2016-12-17 23:24:59-773
Success : LS : test2\a94a8fe5ccb19ba6\,0:-1,2016-12-17 23:24:59-773,2016-12-17 23:24:59-773
Success : CREATE_FILE : test2\a94a8fe5ccb19ba6\18F74B546372F94D,0:3415023,2016-12-17 23:24:59-774,2016-12-17 23:25:00-171
Success : LS : test2\a94a8fe5ccb19ba6\,0:-1,2016-12-17 23:25:00-171,2016-12-17 23:25:00-171
Success : CREATE_FILE : test2\a94a8fe5ccb19ba6\2a5bd02710e975a7\4392E3BD59839DBE,0:943122,2016-12-17 23:25:00-172,2016-12-17 23:25:00-371
Success : LS : test2\a94a8fe5ccb19ba6\2a5bd02710e975a7\,0:-1,2016-12-17 23:25:00-371,2016-12-17 23:25:00-371
Success : CREATE_FILE : test2\a94a8fe5ccb19ba6\5269A982249CC60D,0:1640662,2016-12-17 23:25:00-372,2016-12-17 23:25:00-667
Success : LS : test2\a94a8fe5ccb19ba6\,0:-1,2016-12-17 23:25:00-667,2016-12-17 23:25:00-667
Success : CREATE_FILE : test2\a94a8fe5ccb19ba6\2a5bd02710e975a7\2379BDD863CF357F,0:3810993,2016-12-17 23:25:00-668,2016-12-17 23:25:01-175
Success : LS : test2\a94a8fe5ccb19ba6\2a5bd02710e975a7\,0:-1,2016-12-17 23:25:01-175,2016-12-17 23:25:01-175
Success : CREATE_FILE : test2\a94a8fe5ccb19ba6\424A87537782EBCF,0:2434341,2016-12-17 23:25:01-176,2016-12-17 23:25:01-650
Success : LS : test2\a94a8fe5ccb19ba6\,0:-1,2016-12-17 23:25:01-651,2016-12-17 23:25:01-651
Fail : SEQ_READ : test2\a94a8fe5ccb19ba6\4b6fcb2d521ef0fd,0:0,2016-12-17 23:25:01-651,2016-12-17 23:25:01-653
Reason : RESTAPI.NoImplementionException: read failure
Success : CREATE_FILE : test2\a94a8fe5ccb19ba6\2FD704641BEB7CEE,0:2849103,2016-12-17 23:25:01-653,2016-12-17 23:25:02-255
Success : LS : test2\a94a8fe5ccb19ba6\,0:-1,2016-12-17 23:25:02-256,2016-12-17 23:25:02-256
Success : CREATE_FILE : test2\a94a8fe5ccb19ba6\3A0CC97A671F6686,0:3949431,2016-12-17 23:25:02-257,2016-12-17 23:25:02-773
Success : LS : test2\a94a8fe5ccb19ba6\,0:-1,2016-12-17 23:25:02-774,2016-12-17 23:25:02-774
Success : RANDOM_WRITE : test1\c5a5e5562b038073\0189424a5a60fed3\46a8219c2ae6c782,0:64512,2016-12-17 23:25:02-775,2016-12-17 23:25:02-779
Success : CREATE_FILE : test2\a94a8fe5ccb19ba6\3405D84F0090824A,0:1999524,2016-12-17 23:25:02-779,2016-12-17 23:25:03-076
Success : LS : test2\a94a8fe5ccb19ba6\,0:-1,2016-12-17 23:25:03-076,2016-12-17 23:25:03-076
Success : SEQ_READ : test1\f71b43c3136efa4f\9f93e73d6896cb7b\6670af231c096f09,0:129,2016-12-17 23:25:03-076,2016-12-17 23:25:03-078
Success : CREATE_FILE : test2\a94a8fe5ccb19ba6\0070BF1A27ECB52D,0:3408858,2016-12-17 23:25:03-078,2016-12-17 23:25:03-644
Success : LS : test2\a94a8fe5ccb19ba6\,0:-1,2016-12-17 23:25:03-645,2016-12-17 23:25:03-645
Success : CREATE_FILE : test2\a94a8fe5ccb19ba6\2a5bd02710e975a7\27B81389546F2608,0:2517455,2016-12-17 23:25:03-645,2016-12-17 23:25:04-660
Success : LS : test2\a94a8fe5ccb19ba6\2a5bd02710e975a7\,0:-1,2016-12-17 23:25:04-660,2016-12-17 23:25:04-660
Success : RANDOM_WRITE : test1\c5a5e5562b038073\2d77b1044a6c5c82,0:54272,2016-12-17 23:25:04-660,2016-12-17 23:25:04-663
Success : CREATE_FILE : test2\a94a8fe5ccb19ba6\6817498F42C919DB,0:1965713,2016-12-17 23:25:04-664,2016-12-17 23:25:05-273
Success : LS : test2\a94a8fe5ccb19ba6\,0:-1,2016-12-17 23:25:05-274,2016-12-17 23:25:05-274
Success : SEQ_READ : test1\c5a5e5562b038073\05d1f0ed74e78555,0:25600,2016-12-17 23:25:05-274,2016-12-17 23:25:05-277
Fail : RANDOM_WRITE : test1\c5a5e5562b038073\f72cdbcd84f047a5,0:0,2016-12-17 23:25:05-278,2016-12-17 23:25:05-282
Reason : RESTAPI.NoImplementionException: read failure
Success : CREATE_FILE : test2\a94a8fe5ccb19ba6\2a5bd02710e975a7\0A5B2E2545B314DA,0:721241,2016-12-17 23:25:05-284,2016-12-17 23:25:05-747
Success : LS : test2\a94a8fe5ccb19ba6\2a5bd02710e975a7\,0:-1,2016-12-17 23:25:05-748,2016-12-17 23:25:05-748
Success : RANDOM_WRITE : test2\a94a8fe5ccb19ba6\2a5bd02710e975a7\254d76d2609fec03,0:2048,2016-12-17 23:25:05-748,2016-12-17 23:25:05-749
Success : CREATE_FILE : test2\a94a8fe5ccb19ba6\2a5bd02710e975a7\7FE0C8DB1D5F845B,0:259970,2016-12-17 23:25:05-749,2016-12-17 23:25:05-980
Success : LS : test2\a94a8fe5ccb19ba6\2a5bd02710e975a7\,0:-1,2016-12-17 23:25:05-980,2016-12-17 23:25:05-980
Success : SEQ_READ : test1\c5a5e5562b038073\0189424a5a60fed3\46a8219c2ae6c782,0:992256,2016-12-17 23:25:05-980,2016-12-17 23:25:05-999
Success : CREATE_FILE : test2\a94a8fe5ccb19ba6\2a5bd02710e975a7\1953EC217D355E53,0:336852,2016-12-17 23:25:05-999,2016-12-17 23:25:06-264
Success : LS : test2\a94a8fe5ccb19ba6\2a5bd02710e975a7\,0:-1,2016-12-17 23:25:06-265,2016-12-17 23:25:06-265
Success : CREATE_FILE : test2\a94a8fe5ccb19ba6\247570F046B90ABF,0:2944024,2016-12-17 23:25:06-265,2016-12-17 23:25:06-669
Success : LS : test2\a94a8fe5ccb19ba6\,0:-1,2016-12-17 23:25:06-669,2016-12-17 23:25:06-669
Success : CREATE_FILE : test2\a94a8fe5ccb19ba6\0FDE8FF52838D72C,0:1934265,2016-12-17 23:25:06-669,2016-12-17 23:25:07-169
Success : LS : test2\a94a8fe5ccb19ba6\,0:-1,2016-12-17 23:25:07-169,2016-12-17 23:25:07-169
Success : CREATE_FILE : test2\a94a8fe5ccb19ba6\2a5bd02710e975a7\54A84CCF3B256556,0:3148790,2016-12-17 23:25:07-169,2016-12-17 23:25:07-497
Success : LS : test2\a94a8fe5ccb19ba6\2a5bd02710e975a7\,0:-1,2016-12-17 23:25:07-497,2016-12-17 23:25:07-497
Fail : RANDOM_WRITE : test1\c5a5e5562b038073\a39ea9c72a98de10\11562aa867a5f398,0:0,2016-12-17 23:25:07-497,2016-12-17 23:25:07-499
Reason : RESTAPI.NoImplementionException: read failure
Success : CREATE_FILE : test2\a94a8fe5ccb19ba6\5F4CEDAA7E538FBA,0:1953637,2016-12-17 23:25:07-504,2016-12-17 23:25:08-064
Success : LS : test2\a94a8fe5ccb19ba6\,0:-1,2016-12-17 23:25:08-064,2016-12-17 23:25:08-065
Success : SEQ_READ : test1\f71b43c3136efa4f\c7d9912886e5ccc7\6670af231c096f09,0:129,2016-12-17 23:25:08-065,2016-12-17 23:25:08-066
Success : CREATE_FILE : test2\a94a8fe5ccb19ba6\2a5bd02710e975a7\4E13C6DB5CD538C3,0:2610256,2016-12-17 23:25:08-068,2016-12-17 23:25:08-316
Success : LS : test2\a94a8fe5ccb19ba6\2a5bd02710e975a7\,0:-1,2016-12-17 23:25:08-316,2016-12-17 23:25:08-317
Success : CREATE_FILE : test2\a94a8fe5ccb19ba6\3996A73B17A666B0,0:2246765,2016-12-17 23:25:08-317,2016-12-17 23:25:08-620
Success : LS : test2\a94a8fe5ccb19ba6\,0:-1,2016-12-17 23:25:08-620,2016-12-17 23:25:08-620
Success : CREATE_FILE : test2\a94a8fe5ccb19ba6\2a5bd02710e975a7\00550A6601CB543C,0:725456,2016-12-17 23:25:08-620,2016-12-17 23:25:08-837
Success : LS : test2\a94a8fe5ccb19ba6\2a5bd02710e975a7\,0:-1,2016-12-17 23:25:08-837,2016-12-17 23:25:08-837
Success : CREATE_FILE : test2\a94a8fe5ccb19ba6\2a5bd02710e975a7\6E08351E7830D89F,0:2631833,2016-12-17 23:25:08-837,2016-12-17 23:25:09-123
Success : LS : test2\a94a8fe5ccb19ba6\2a5bd02710e975a7\,0:-1,2016-12-17 23:25:09-124,2016-12-17 23:25:09-124
Success : SEQ_READ : test1\c5a5e5562b038073\0caa882bd1034750,0:300032,2016-12-17 23:25:09-124,2016-12-17 23:25:09-131
Success : CREATE_FILE : test2\a94a8fe5ccb19ba6\06CF24F33973BF8A,0:307178,2016-12-17 23:25:09-131,2016-12-17 23:25:09-509
Success : LS : test2\a94a8fe5ccb19ba6\,0:-1,2016-12-17 23:25:09-509,2016-12-17 23:25:09-509
Fail : RANDOM_WRITE : test1\c5a5e5562b038073\7b7f22b30cf50087,0:0,2016-12-17 23:25:09-509,2016-12-17 23:25:09-728
Reason : RESTAPI.NoImplementionException: read failure
Success : CREATE_FILE : test2\a94a8fe5ccb19ba6\2a5bd02710e975a7\631554FE53EF1BC3,0:2670496,2016-12-17 23:25:09-728,2016-12-17 23:25:10-469
Success : LS : test2\a94a8fe5ccb19ba6\2a5bd02710e975a7\,0:-1,2016-12-17 23:25:10-469,2016-12-17 23:25:10-469
Success : CREATE_FILE : test2\a94a8fe5ccb19ba6\485BF2776ED9E4F8,0:4038226,2016-12-17 23:25:10-469,2016-12-17 23:25:10-920
Success : LS : test2\a94a8fe5ccb19ba6\,0:-1,2016-12-17 23:25:10-921,2016-12-17 23:25:10-921
Success : CREATE_FILE : test2\a94a8fe5ccb19ba6\7584E9374D740565,0:1212463,2016-12-17 23:25:10-921,2016-12-17 23:25:11-203
Success : LS : test2\a94a8fe5ccb19ba6\,0:-1,2016-12-17 23:25:11-204,2016-12-17 23:25:11-204
Success : CREATE_FILE : test2\a94a8fe5ccb19ba6\2a5bd02710e975a7\3CCFF63342ECBBE0,0:3266741,2016-12-17 23:25:11-204,2016-12-17 23:25:11-804
Success : LS : test2\a94a8fe5ccb19ba6\2a5bd02710e975a7\,0:-1,2016-12-17 23:25:11-804,2016-12-17 23:25:11-805
Success : CREATE_FILE : test2\a94a8fe5ccb19ba6\2FF27B122F218624,0:1478329,2016-12-17 23:25:11-805,2016-12-17 23:25:12-554
Success : LS : test2\a94a8fe5ccb19ba6\,0:-1,2016-12-17 23:25:12-554,2016-12-17 23:25:12-554
Success : CREATE_FILE : test2\a94a8fe5ccb19ba6\25B880595CFFF506,0:3208956,2016-12-17 23:25:12-554,2016-12-17 23:25:13-123
Success : LS : test2\a94a8fe5ccb19ba6\,0:-1,2016-12-17 23:25:13-123,2016-12-17 23:25:13-123
Success : CREATE_FILE : test2\a94a8fe5ccb19ba6\0E8B21C31D91AC14,0:1309473,2016-12-17 23:25:13-123,2016-12-17 23:25:13-785
Success : LS : test2\a94a8fe5ccb19ba6\,0:-1,2016-12-17 23:25:13-785,2016-12-17 23:25:13-785
Success : CREATE_FILE : test2\a94a8fe5ccb19ba6\6B9FD74E35EF6358,0:2983592,2016-12-17 23:25:13-786,2016-12-17 23:25:14-185
Success : LS : test2\a94a8fe5ccb19ba6\,0:-1,2016-12-17 23:25:14-185,2016-12-17 23:25:14-185
Success : CREATE_FILE : test2\a94a8fe5ccb19ba6\5DE75F1E1D7E09C4,0:213043,2016-12-17 23:25:14-185,2016-12-17 23:25:14-406
Success : LS : test2\a94a8fe5ccb19ba6\,0:-1,2016-12-17 23:25:14-406,2016-12-17 23:25:14-406
Success : CREATE_FILE : test2\a94a8fe5ccb19ba6\2a5bd02710e975a7\3299DB595DABF8EC,0:1856827,2016-12-17 23:25:14-407,2016-12-17 23:25:14-693
Success : LS : test2\a94a8fe5ccb19ba6\2a5bd02710e975a7\,0:-1,2016-12-17 23:25:14-693,2016-12-17 23:25:14-693
Success : CREATE_FILE : test2\a94a8fe5ccb19ba6\36EB15273C8133DE,0:3433081,2016-12-17 23:25:14-693,2016-12-17 23:25:15-125
Success : LS : test2\a94a8fe5ccb19ba6\,0:-1,2016-12-17 23:25:15-125,2016-12-17 23:25:15-125
Success : CREATE_FILE : test2\a94a8fe5ccb19ba6\2a5bd02710e975a7\08B43A862FFB7C1A,0:443413,2016-12-17 23:25:15-126,2016-12-17 23:25:15-591
Success : LS : test2\a94a8fe5ccb19ba6\2a5bd02710e975a7\,0:-1,2016-12-17 23:25:15-591,2016-12-17 23:25:15-591
Success : CREATE_FILE : test2\a94a8fe5ccb19ba6\0B04CBE3342D8408,0:636759,2016-12-17 23:25:15-591,2016-12-17 23:25:16-302
Success : LS : test2\a94a8fe5ccb19ba6\,0:-1,2016-12-17 23:25:16-302,2016-12-17 23:25:16-302
Success : CREATE_FILE : test2\a94a8fe5ccb19ba6\00711C2F082ED883,0:3993532,2016-12-17 23:25:16-303,2016-12-17 23:25:16-818
Success : LS : test2\a94a8fe5ccb19ba6\,0:-1,2016-12-17 23:25:16-818,2016-12-17 23:25:16-818
Success : CREATE_FILE : test2\a94a8fe5ccb19ba6\0BEFBF3866B530F9,0:816830,2016-12-17 23:25:16-819,2016-12-17 23:25:17-076
Success : LS : test2\a94a8fe5ccb19ba6\,0:-1,2016-12-17 23:25:17-076,2016-12-17 23:25:17-076
Success : CREATE_FILE : test2\a94a8fe5ccb19ba6\354E95E0405E001D,0:1163769,2016-12-17 23:25:17-076,2016-12-17 23:25:17-410
Success : LS : test2\a94a8fe5ccb19ba6\,0:-1,2016-12-17 23:25:17-410,2016-12-17 23:25:17-410
Success : CREATE_FILE : test2\a94a8fe5ccb19ba6\755380232DC27083,0:656404,2016-12-17 23:25:17-410,2016-12-17 23:25:17-650
Success : LS : test2\a94a8fe5ccb19ba6\,0:-1,2016-12-17 23:25:17-651,2016-12-17 23:25:17-651
Success : CREATE_FILE : test2\a94a8fe5ccb19ba6\35E6E0F123E6751C,0:1773451,2016-12-17 23:25:17-651,2016-12-17 23:25:18-298
Success : LS : test2\a94a8fe5ccb19ba6\,0:-1,2016-12-17 23:25:18-298,2016-12-17 23:25:18-298
Success : CREATE_FILE : test2\a94a8fe5ccb19ba6\6F685FF3699D799E,0:3619068,2016-12-17 23:25:18-298,2016-12-17 23:25:18-626
Success : LS : test2\a94a8fe5ccb19ba6\,0:-1,2016-12-17 23:25:18-626,2016-12-17 23:25:18-626
Success : CREATE_FILE : test2\a94a8fe5ccb19ba6\189AFBCA186ACDA0,0:1257761,2016-12-17 23:25:18-626,2016-12-17 23:25:18-897
Success : LS : test2\a94a8fe5ccb19ba6\,0:-1,2016-12-17 23:25:18-897,2016-12-17 23:25:18-897
Success : CREATE_FILE : test2\a94a8fe5ccb19ba6\0CB758B35899F72A,0:1461434,2016-12-17 23:25:18-897,2016-12-17 23:25:19-209
Success : LS : test2\a94a8fe5ccb19ba6\,0:-1,2016-12-17 23:25:19-209,2016-12-17 23:25:19-209
Success : CREATE_FILE : test2\a94a8fe5ccb19ba6\2a5bd02710e975a7\27368F7B7218BB91,0:3116626,2016-12-17 23:25:19-209,2016-12-17 23:25:19-771
Success : LS : test2\a94a8fe5ccb19ba6\2a5bd02710e975a7\,0:-1,2016-12-17 23:25:19-771,2016-12-17 23:25:19-771
Success : CREATE_FILE : test2\a94a8fe5ccb19ba6\2E8F790A72001A44,0:2659426,2016-12-17 23:25:19-771,2016-12-17 23:25:20-098
Success : LS : test2\a94a8fe5ccb19ba6\,0:-1,2016-12-17 23:25:20-098,2016-12-17 23:25:20-098
Success : CREATE_FILE : test2\a94a8fe5ccb19ba6\7614D2851C9BD742,0:1398335,2016-12-17 23:25:20-098,2016-12-17 23:25:20-431
Success : LS : test2\a94a8fe5ccb19ba6\,0:-1,2016-12-17 23:25:20-431,2016-12-17 23:25:20-431
Success : SEQ_READ : test1\c5a5e5562b038073\a39ea9c72a98de10\11562aa867a5f398,0:1024,2016-12-17 23:25:20-431,2016-12-17 23:25:20-432
Success : RANDOM_WRITE : test2\6c33a983eec1b409,0:1024,2016-12-17 23:25:20-432,2016-12-17 23:25:20-434
Success : SEQ_READ : test1\c5a5e5562b038073\2015a7ab48ae9a58,0:3072,2016-12-17 23:25:20-434,2016-12-17 23:25:20-435
Success : RANDOM_WRITE : test2\a94a8fe5ccb19ba6\4b6fcb2d521ef0fd,0:2048,2016-12-17 23:25:20-438,2016-12-17 23:25:20-439
Success : CREATE_FILE : test2\a94a8fe5ccb19ba6\2a5bd02710e975a7\0AE743065405DD0A,0:2847943,2016-12-17 23:25:20-442,2016-12-17 23:25:20-801
Success : LS : test2\a94a8fe5ccb19ba6\2a5bd02710e975a7\,0:-1,2016-12-17 23:25:20-801,2016-12-17 23:25:20-801
Success : SEQ_READ : test1\c5a5e5562b038073\c7734a16bf12bb03,0:11264,2016-12-17 23:25:20-801,2016-12-17 23:25:20-803
Success : CREATE_FILE : test2\a94a8fe5ccb19ba6\1700E7F23AE44F7E,0:2234204,2016-12-17 23:25:20-805,2016-12-17 23:25:21-231
Success : LS : test2\a94a8fe5ccb19ba6\,0:-1,2016-12-17 23:25:21-231,2016-12-17 23:25:21-231
Success : CREATE_FILE : test2\a94a8fe5ccb19ba6\2a5bd02710e975a7\7D58689952C13B8E,0:734424,2016-12-17 23:25:21-231,2016-12-17 23:25:21-565
Success : LS : test2\a94a8fe5ccb19ba6\2a5bd02710e975a7\,0:-1,2016-12-17 23:25:21-566,2016-12-17 23:25:21-566
Success : SEQ_READ : test2\1a7683b6645f9b6a,0:11264,2016-12-17 23:25:21-566,2016-12-17 23:25:21-567
Success : CREATE_FILE : test2\a94a8fe5ccb19ba6\2a5bd02710e975a7\5147893516FD2F00,0:3175570,2016-12-17 23:25:21-575,2016-12-17 23:25:22-154
Success : LS : test2\a94a8fe5ccb19ba6\2a5bd02710e975a7\,0:-1,2016-12-17 23:25:22-154,2016-12-17 23:25:22-155
Success : CREATE_FILE : test2\a94a8fe5ccb19ba6\6FFE528D00A76554,0:3853905,2016-12-17 23:25:22-155,2016-12-17 23:25:22-744
Success : LS : test2\a94a8fe5ccb19ba6\,0:-1,2016-12-17 23:25:22-744,2016-12-17 23:25:22-744
Success : CREATE_FILE : test2\a94a8fe5ccb19ba6\2a5bd02710e975a7\67A7B55770218E5A,0:1725901,2016-12-17 23:25:22-745,2016-12-17 23:25:23-253
Success : LS : test2\a94a8fe5ccb19ba6\2a5bd02710e975a7\,0:-1,2016-12-17 23:25:23-253,2016-12-17 23:25:23-254
Success : SEQ_READ : test1\f71b43c3136efa4f\52481749c0cdecd6\6670af231c096f09,0:129,2016-12-17 23:25:23-254,2016-12-17 23:25:23-255
Success : CREATE_FILE : test2\a94a8fe5ccb19ba6\2a5bd02710e975a7\120648D7225C58A4,0:1110274,2016-12-17 23:25:23-264,2016-12-17 23:25:23-932
Success : LS : test2\a94a8fe5ccb19ba6\2a5bd02710e975a7\,0:-1,2016-12-17 23:25:23-932,2016-12-17 23:25:23-932
Success : CREATE_FILE : test2\a94a8fe5ccb19ba6\6F7E473403298500,0:1051446,2016-12-17 23:25:23-932,2016-12-17 23:25:24-271
Success : LS : test2\a94a8fe5ccb19ba6\,0:-1,2016-12-17 23:25:24-271,2016-12-17 23:25:24-271
Success : SEQ_READ : test1\c5a5e5562b038073\c7734a16bf12bb03,0:162816,2016-12-17 23:25:24-271,2016-12-17 23:25:24-276
Success : RANDOM_WRITE : test1\c5a5e5562b038073\767c14c8beb1e835,0:8192,2016-12-17 23:25:24-278,2016-12-17 23:25:24-279
Success : CREATE_FILE : test2\a94a8fe5ccb19ba6\2a5bd02710e975a7\149639404C5905F4,0:2609181,2016-12-17 23:25:24-280,2016-12-17 23:25:24-541
Success : LS : test2\a94a8fe5ccb19ba6\2a5bd02710e975a7\,0:-1,2016-12-17 23:25:24-541,2016-12-17 23:25:24-541
Success : CREATE_FILE : test2\a94a8fe5ccb19ba6\2a5bd02710e975a7\77E5F1340089A175,0:2819387,2016-12-17 23:25:24-541,2016-12-17 23:25:25-042
Success : LS : test2\a94a8fe5ccb19ba6\2a5bd02710e975a7\,0:-1,2016-12-17 23:25:25-042,2016-12-17 23:25:25-042
Success : CREATE_FILE : test2\a94a8fe5ccb19ba6\673C9822340316D8,0:3186278,2016-12-17 23:25:25-042,2016-12-17 23:25:25-602
Success : LS : test2\a94a8fe5ccb19ba6\,0:-1,2016-12-17 23:25:25-602,2016-12-17 23:25:25-602
Success : CREATE_FILE : test2\a94a8fe5ccb19ba6\2a5bd02710e975a7\626D24AD1352EFCC,0:3569017,2016-12-17 23:25:25-602,2016-12-17 23:25:25-954
Success : LS : test2\a94a8fe5ccb19ba6\2a5bd02710e975a7\,0:-1,2016-12-17 23:25:25-954,2016-12-17 23:25:25-954
Success : CREATE_FILE : test2\a94a8fe5ccb19ba6\2a5bd02710e975a7\07FA990704189515,0:867831,2016-12-17 23:25:25-954,2016-12-17 23:25:26-209
Success : LS : test2\a94a8fe5ccb19ba6\2a5bd02710e975a7\,0:-1,2016-12-17 23:25:26-209,2016-12-17 23:25:26-209
Success : CREATE_FILE : test2\a94a8fe5ccb19ba6\2a5bd02710e975a7\32E17A2B7B1D9F69,0:2227099,2016-12-17 23:25:26-209,2016-12-17 23:25:26-572
Success : LS : test2\a94a8fe5ccb19ba6\2a5bd02710e975a7\,0:-1,2016-12-17 23:25:26-572,2016-12-17 23:25:26-573
Success : CREATE_FILE : test2\a94a8fe5ccb19ba6\421CCF6916311E31,0:485106,2016-12-17 23:25:26-573,2016-12-17 23:25:26-775
Success : LS : test2\a94a8fe5ccb19ba6\,0:-1,2016-12-17 23:25:26-775,2016-12-17 23:25:26-775
Success : CREATE_FILE : test2\a94a8fe5ccb19ba6\7557DE2026F2A1A8,0:1763723,2016-12-17 23:25:26-776,2016-12-17 23:25:27-239
Success : LS : test2\a94a8fe5ccb19ba6\,0:-1,2016-12-17 23:25:27-240,2016-12-17 23:25:27-240
Success : CREATE_FILE : test2\a94a8fe5ccb19ba6\666A7A854D2326CA,0:333308,2016-12-17 23:25:27-240,2016-12-17 23:25:27-777
Success : LS : test2\a94a8fe5ccb19ba6\,0:-1,2016-12-17 23:25:27-777,2016-12-17 23:25:27-777
Success : SEQ_READ : test1\c5a5e5562b038073\a39ea9c72a98de10\41288c58009f7f6a,0:477,2016-12-17 23:25:27-778,2016-12-17 23:25:27-779
Success : RANDOM_WRITE : test1\c5a5e5562b038073\0caa882bd1034750,0:26624,2016-12-17 23:25:27-779,2016-12-17 23:25:27-781
Success : CREATE_FILE : test2\a94a8fe5ccb19ba6\2a5bd02710e975a7\4707D9415945366B,0:205403,2016-12-17 23:25:27-781,2016-12-17 23:25:28-119
Success : LS : test2\a94a8fe5ccb19ba6\2a5bd02710e975a7\,0:-1,2016-12-17 23:25:28-119,2016-12-17 23:25:28-119
Success : CREATE_FILE : test2\a94a8fe5ccb19ba6\5C5BCF952D64A419,0:1163555,2016-12-17 23:25:28-119,2016-12-17 23:25:28-674
Success : LS : test2\a94a8fe5ccb19ba6\,0:-1,2016-12-17 23:25:28-674,2016-12-17 23:25:28-674
Success : CREATE_FILE : test2\a94a8fe5ccb19ba6\5B260CCE5F769D66,0:2112623,2016-12-17 23:25:28-674,2016-12-17 23:25:28-960
Success : LS : test2\a94a8fe5ccb19ba6\,0:-1,2016-12-17 23:25:28-960,2016-12-17 23:25:28-960
Success : SEQ_READ : test1\c5a5e5562b038073\6670af231c096f09,0:46,2016-12-17 23:25:28-960,2016-12-17 23:25:28-962
Success : CREATE_FILE : test2\a94a8fe5ccb19ba6\3EC26D4D05CCB630,0:3532272,2016-12-17 23:25:28-971,2016-12-17 23:25:29-367
Success : LS : test2\a94a8fe5ccb19ba6\,0:-1,2016-12-17 23:25:29-367,2016-12-17 23:25:29-367
Success : CREATE_FILE : test2\a94a8fe5ccb19ba6\64568C874D405B5E,0:2970407,2016-12-17 23:25:29-367,2016-12-17 23:25:30-030
Success : LS : test2\a94a8fe5ccb19ba6\,0:-1,2016-12-17 23:25:30-030,2016-12-17 23:25:30-030
Success : CREATE_FILE : test2\a94a8fe5ccb19ba6\2526621D138FE478,0:2469871,2016-12-17 23:25:30-030,2016-12-17 23:25:30-384
Success : LS : test2\a94a8fe5ccb19ba6\,0:-1,2016-12-17 23:25:30-384,2016-12-17 23:25:30-384
Success : CREATE_FILE : test2\a94a8fe5ccb19ba6\71EE6E7327A7ADC5,0:2371403,2016-12-17 23:25:30-385,2016-12-17 23:25:31-133
Success : LS : test2\a94a8fe5ccb19ba6\,0:-1,2016-12-17 23:25:31-133,2016-12-17 23:25:31-133
Success : CREATE_FILE : test2\a94a8fe5ccb19ba6\2a5bd02710e975a7\42526CE4401A9456,0:3137528,2016-12-17 23:25:31-133,2016-12-17 23:25:31-457
Success : LS : test2\a94a8fe5ccb19ba6\2a5bd02710e975a7\,0:-1,2016-12-17 23:25:31-457,2016-12-17 23:25:31-457
Success : CREATE_FILE : test2\a94a8fe5ccb19ba6\0120EC5D588079FF,0:2873950,2016-12-17 23:25:31-457,2016-12-17 23:25:31-852
Success : LS : test2\a94a8fe5ccb19ba6\,0:-1,2016-12-17 23:25:31-852,2016-12-17 23:25:31-852
Fail : SEQ_READ : test1\c5a5e5562b038073\a39ea9c72a98de10\11562aa867a5f398,0:0,2016-12-17 23:25:31-852,2016-12-17 23:25:31-854
Reason : RESTAPI.NoImplementionException: read failure
Success : CREATE_FILE : test2\a94a8fe5ccb19ba6\2324F7E20E2F5C09,0:3250615,2016-12-17 23:25:31-854,2016-12-17 23:25:32-484
Success : LS : test2\a94a8fe5ccb19ba6\,0:-1,2016-12-17 23:25:32-484,2016-12-17 23:25:32-484
Success : SEQ_READ : test1\c5a5e5562b038073\0189424a5a60fed3\feb6a1968982109d,0:13124608,2016-12-17 23:25:32-484,2016-12-17 23:25:32-720
Success : CREATE_FILE : test2\a94a8fe5ccb19ba6\2BEE1EAB0250B509,0:703668,2016-12-17 23:25:32-720,2016-12-17 23:25:32-998
Success : LS : test2\a94a8fe5ccb19ba6\,0:-1,2016-12-17 23:25:32-998,2016-12-17 23:25:32-998
Success : CREATE_FILE : test2\a94a8fe5ccb19ba6\00E77C6C7C10CCD2,0:1944746,2016-12-17 23:25:32-998,2016-12-17 23:25:33-590
Success : LS : test2\a94a8fe5ccb19ba6\,0:-1,2016-12-17 23:25:33-590,2016-12-17 23:25:33-590
Success : CREATE_FILE : test2\a94a8fe5ccb19ba6\361991F162D34EAF,0:922591,2016-12-17 23:25:33-590,2016-12-17 23:25:34-213
Success : LS : test2\a94a8fe5ccb19ba6\,0:-1,2016-12-17 23:25:34-213,2016-12-17 23:25:34-213
Success : CREATE_FILE : test2\a94a8fe5ccb19ba6\2a5bd02710e975a7\50EDB3F40A80DFF3,0:816629,2016-12-17 23:25:34-214,2016-12-17 23:25:34-537
Success : LS : test2\a94a8fe5ccb19ba6\2a5bd02710e975a7\,0:-1,2016-12-17 23:25:34-537,2016-12-17 23:25:34-537
Success : SEQ_READ : test1\f71b43c3136efa4f\c7d9912886e5ccc7\6670af231c096f09,0:129,2016-12-17 23:25:34-537,2016-12-17 23:25:34-539
Success : RANDOM_WRITE : test1\c5a5e5562b038073\a39ea9c72a98de10\aa61f113a9b13deb,0:438,2016-12-17 23:25:34-539,2016-12-17 23:25:34-540
Success : CREATE_FILE : test2\a94a8fe5ccb19ba6\42740BB90B6D6CF5,0:2655799,2016-12-17 23:25:34-543,2016-12-17 23:25:35-076
Success : LS : test2\a94a8fe5ccb19ba6\,0:-1,2016-12-17 23:25:35-076,2016-12-17 23:25:35-076
Success : CREATE_FILE : test2\a94a8fe5ccb19ba6\2a5bd02710e975a7\5ABD121402DCFD7C,0:2840488,2016-12-17 23:25:35-077,2016-12-17 23:25:35-445
Success : LS : test2\a94a8fe5ccb19ba6\2a5bd02710e975a7\,0:-1,2016-12-17 23:25:35-445,2016-12-17 23:25:35-445
Success : CREATE_FILE : test2\a94a8fe5ccb19ba6\2a5bd02710e975a7\2BBC7D134FCD3E1C,0:2633092,2016-12-17 23:25:35-445,2016-12-17 23:25:36-039
Success : LS : test2\a94a8fe5ccb19ba6\2a5bd02710e975a7\,0:-1,2016-12-17 23:25:36-039,2016-12-17 23:25:36-039
Success : CREATE_FILE : test2\a94a8fe5ccb19ba6\2a5bd02710e975a7\7A434BD75C377111,0:3624077,2016-12-17 23:25:36-039,2016-12-17 23:25:37-260
Success : LS : test2\a94a8fe5ccb19ba6\2a5bd02710e975a7\,0:-1,2016-12-17 23:25:37-261,2016-12-17 23:25:37-261
Success : RANDOM_WRITE : test1\c5a5e5562b038073\2d77b1044a6c5c82,0:64512,2016-12-17 23:25:37-261,2016-12-17 23:25:37-264
Success : RANDOM_WRITE : test1\c5a5e5562b038073\767c14c8beb1e835,0:18432,2016-12-17 23:25:37-270,2016-12-17 23:25:37-272
Success : CREATE_FILE : test2\a94a8fe5ccb19ba6\2a5bd02710e975a7\77C9A10A61967579,0:388098,2016-12-17 23:25:37-273,2016-12-17 23:25:37-585
Success : LS : test2\a94a8fe5ccb19ba6\2a5bd02710e975a7\,0:-1,2016-12-17 23:25:37-586,2016-12-17 23:25:37-586
Success : RANDOM_WRITE : test1\c5a5e5562b038073\767c14c8beb1e835,0:32768,2016-12-17 23:25:37-586,2016-12-17 23:25:37-588
Success : CREATE_FILE : test2\a94a8fe5ccb19ba6\2EB2D95A314B0A93,0:2919770,2016-12-17 23:25:37-589,2016-12-17 23:25:37-877
Success : LS : test2\a94a8fe5ccb19ba6\,0:-1,2016-12-17 23:25:37-877,2016-12-17 23:25:37-877
Success : RANDOM_WRITE : test1\c5a5e5562b038073\a39ea9c72a98de10\4a90c52e52d54ede,0:1024,2016-12-17 23:25:37-877,2016-12-17 23:25:37-878
Success : RANDOM_WRITE : test2\1a7683b6645f9b6a,0:14336,2016-12-17 23:25:37-879,2016-12-17 23:25:37-880
Success : CREATE_FILE : test2\a94a8fe5ccb19ba6\31A07EEB290A7CD9,0:142614,2016-12-17 23:25:37-880,2016-12-17 23:25:38-057
Success : LS : test2\a94a8fe5ccb19ba6\,0:-1,2016-12-17 23:25:38-057,2016-12-17 23:25:38-057
Success : CREATE_FILE : test2\a94a8fe5ccb19ba6\0314E96E6BF64378,0:1603738,2016-12-17 23:25:38-057,2016-12-17 23:25:38-446
Success : LS : test2\a94a8fe5ccb19ba6\,0:-1,2016-12-17 23:25:38-447,2016-12-17 23:25:38-447
Success : CREATE_FILE : test2\a94a8fe5ccb19ba6\2a5bd02710e975a7\5C14D5B318409338,0:3300733,2016-12-17 23:25:38-447,2016-12-17 23:25:39-186
Success : LS : test2\a94a8fe5ccb19ba6\2a5bd02710e975a7\,0:-1,2016-12-17 23:25:39-186,2016-12-17 23:25:39-186
Success : CREATE_FILE : test2\a94a8fe5ccb19ba6\487087AB24BB8096,0:970255,2016-12-17 23:25:39-186,2016-12-17 23:25:39-842
Success : LS : test2\a94a8fe5ccb19ba6\,0:-1,2016-12-17 23:25:39-842,2016-12-17 23:25:39-842
Success : RANDOM_WRITE : test1\f71b43c3136efa4f\c7d9912886e5ccc7\6670af231c096f09,0:129,2016-12-17 23:25:39-842,2016-12-17 23:25:39-844
Fail : SEQ_READ : test2\a94a8fe5ccb19ba6\2a5bd02710e975a7\254d76d2609fec03,0:0,2016-12-17 23:25:39-864,2016-12-17 23:25:39-866
Reason : RESTAPI.NoImplementionException: read failure
Success : CREATE_FILE : test2\a94a8fe5ccb19ba6\2E6EF7AF651A77DE,0:3700943,2016-12-17 23:25:39-868,2016-12-17 23:25:40-253
Success : LS : test2\a94a8fe5ccb19ba6\,0:-1,2016-12-17 23:25:40-253,2016-12-17 23:25:40-253
Success : CREATE_FILE : test2\a94a8fe5ccb19ba6\4C16AB7F5E381F0F,0:1456932,2016-12-17 23:25:40-253,2016-12-17 23:25:40-603
Success : LS : test2\a94a8fe5ccb19ba6\,0:-1,2016-12-17 23:25:40-603,2016-12-17 23:25:40-603
Success : CREATE_FILE : test2\a94a8fe5ccb19ba6\0B028B8721CB6590,0:2791048,2016-12-17 23:25:40-603,2016-12-17 23:25:41-106
Success : LS : test2\a94a8fe5ccb19ba6\,0:-1,2016-12-17 23:25:41-106,2016-12-17 23:25:41-106
Success : CREATE_FILE : test2\a94a8fe5ccb19ba6\6FDBD63B31DDD742,0:2642670,2016-12-17 23:25:41-106,2016-12-17 23:25:41-858
Success : LS : test2\a94a8fe5ccb19ba6\,0:-1,2016-12-17 23:25:41-859,2016-12-17 23:25:41-859
Success : CREATE_FILE : test2\a94a8fe5ccb19ba6\2a5bd02710e975a7\76C5953D3B86A149,0:1269742,2016-12-17 23:25:41-859,2016-12-17 23:25:42-138
Success : LS : test2\a94a8fe5ccb19ba6\2a5bd02710e975a7\,0:-1,2016-12-17 23:25:42-138,2016-12-17 23:25:42-138
Success : CREATE_FILE : test2\a94a8fe5ccb19ba6\2a5bd02710e975a7\486B051D032199DE,0:2214201,2016-12-17 23:25:42-138,2016-12-17 23:25:42-474
Success : LS : test2\a94a8fe5ccb19ba6\2a5bd02710e975a7\,0:-1,2016-12-17 23:25:42-474,2016-12-17 23:25:42-474
Success : CREATE_FILE : test2\a94a8fe5ccb19ba6\2146FE4C713817DB,0:1385212,2016-12-17 23:25:42-475,2016-12-17 23:25:43-375
Success : LS : test2\a94a8fe5ccb19ba6\,0:-1,2016-12-17 23:25:43-376,2016-12-17 23:25:43-376
Success : CREATE_FILE : test2\a94a8fe5ccb19ba6\1DB3D1AF27A32D43,0:2964386,2016-12-17 23:25:43-376,2016-12-17 23:25:44-087
Success : LS : test2\a94a8fe5ccb19ba6\,0:-1,2016-12-17 23:25:44-087,2016-12-17 23:25:44-087
Success : CREATE_FILE : test2\a94a8fe5ccb19ba6\0CCEABEA349AE84B,0:605689,2016-12-17 23:25:44-087,2016-12-17 23:25:44-511
Success : LS : test2\a94a8fe5ccb19ba6\,0:-1,2016-12-17 23:25:44-511,2016-12-17 23:25:44-511
Success : CREATE_FILE : test2\a94a8fe5ccb19ba6\2a5bd02710e975a7\3E8BE73F0872ED30,0:444278,2016-12-17 23:25:44-511,2016-12-17 23:25:44-773
Success : LS : test2\a94a8fe5ccb19ba6\2a5bd02710e975a7\,0:-1,2016-12-17 23:25:44-773,2016-12-17 23:25:44-773
Success : CREATE_FILE : test2\a94a8fe5ccb19ba6\6ED6BDCD4E1025F8,0:2471182,2016-12-17 23:25:44-773,2016-12-17 23:25:45-439
Success : LS : test2\a94a8fe5ccb19ba6\,0:-1,2016-12-17 23:25:45-439,2016-12-17 23:25:45-439
Success : CREATE_FILE : test2\a94a8fe5ccb19ba6\2a5bd02710e975a7\7A2BFD865E2D3928,0:1987684,2016-12-17 23:25:45-439,2016-12-17 23:25:45-801
Success : LS : test2\a94a8fe5ccb19ba6\2a5bd02710e975a7\,0:-1,2016-12-17 23:25:45-801,2016-12-17 23:25:45-801
