Fail : SEQ_READ : test1\c5a5e5562b038073\a39ea9c72a98de10\41288c58009f7f6a,0:477,2016-12-17 10:29:18-344,2016-12-17 10:29:18-356
Reason : newTester.DHTException: no result
Fail : CREATE_FILE : test2\a94a8fe5ccb19ba6\2a5bd02710e975a7\12E88DF950D7D76B,0:2051575,2016-12-17 10:29:18-357,2016-12-17 10:29:18-364
Reason : newTester.DHTException: no result
Fail : LS : test2\a94a8fe5ccb19ba6\2a5bd02710e975a7\,0:-1,2016-12-17 10:29:18-365,2016-12-17 10:29:18-371
Reason : newTester.DHTException: no result
Fail : CREATE_FILE : test2\a94a8fe5ccb19ba6\2a5bd02710e975a7\299EC2E601233930,0:3115855,2016-12-17 10:29:18-372,2016-12-17 10:29:18-380
Reason : newTester.DHTException: no result
Fail : LS : test2\a94a8fe5ccb19ba6\2a5bd02710e975a7\,0:-1,2016-12-17 10:29:18-380,2016-12-17 10:29:18-388
Reason : newTester.DHTException: no result
Fail : CREATE_FILE : test2\a94a8fe5ccb19ba6\2a5bd02710e975a7\5F24B1391DC5C8A3,0:1749488,2016-12-17 10:29:18-388,2016-12-17 10:29:18-399
Reason : newTester.DHTException: no result
Fail : SEQ_READ : test2\acde102dac5bbe15,0:2048,2016-12-17 10:29:18-400,2016-12-17 10:29:18-408
Reason : newTester.DHTException: no result
Fail : SEQ_READ : test2\a94a8fe5ccb19ba6\2a5bd02710e975a7\3eef580036f1724a,0:257,2016-12-17 10:29:18-409,2016-12-17 10:29:18-416
Reason : newTester.DHTException: no result
Fail : LS : test2\a94a8fe5ccb19ba6\2a5bd02710e975a7\,0:-1,2016-12-17 10:29:18-416,2016-12-17 10:29:18-423
Reason : newTester.DHTException: no result
Fail : CREATE_FILE : test2\a94a8fe5ccb19ba6\2a5bd02710e975a7\6B9FB2D86997FF3F,0:2938211,2016-12-17 10:29:18-424,2016-12-17 10:29:18-432
Reason : newTester.DHTException: no result
Fail : LS : test2\a94a8fe5ccb19ba6\2a5bd02710e975a7\,0:-1,2016-12-17 10:29:18-432,2016-12-17 10:29:18-440
Reason : newTester.DHTException: no result
Fail : CREATE_FILE : test2\a94a8fe5ccb19ba6\2a5bd02710e975a7\0D1002E0409A54BA,0:1749019,2016-12-17 10:29:18-441,2016-12-17 10:29:18-449
Reason : newTester.DHTException: no result
Fail : LS : test2\a94a8fe5ccb19ba6\2a5bd02710e975a7\,0:-1,2016-12-17 10:29:18-449,2016-12-17 10:29:18-464
Reason : newTester.DHTException: no result
Fail : CREATE_FILE : test2\a94a8fe5ccb19ba6\5EC1C399145401DC,0:3317427,2016-12-17 10:29:18-465,2016-12-17 10:29:18-477
Reason : newTester.DHTException: no result
Fail : LS : test2\a94a8fe5ccb19ba6\,0:-1,2016-12-17 10:29:18-477,2016-12-17 10:29:18-485
Reason : newTester.DHTException: no result
Fail : CREATE_FILE : test2\a94a8fe5ccb19ba6\2a5bd02710e975a7\438E438520E99C07,0:185623,2016-12-17 10:29:18-486,2016-12-17 10:29:18-494
Reason : newTester.DHTException: no result
Fail : SEQ_READ : test1\c5a5e5562b038073\6670af231c096f09,0:46,2016-12-17 10:29:18-495,2016-12-17 10:29:18-502
Reason : newTester.DHTException: no result
Fail : SEQ_READ : test2\a94a8fe5ccb19ba6\2a5bd02710e975a7\3eef580036f1724a,0:257,2016-12-17 10:29:18-503,2016-12-17 10:29:18-516
Reason : newTester.DHTException: no result
Fail : SEQ_READ : test2\bc9c8ba7ff351f3e,0:89088,2016-12-17 10:29:18-517,2016-12-17 10:29:18-524
Reason : newTester.DHTException: no result
Fail : LS : test2\a94a8fe5ccb19ba6\2a5bd02710e975a7\,0:-1,2016-12-17 10:29:18-524,2016-12-17 10:29:18-533
Reason : newTester.DHTException: no result
Fail : CREATE_FILE : test2\a94a8fe5ccb19ba6\6B50B02B6FF1B4E6,0:182101,2016-12-17 10:29:18-533,2016-12-17 10:29:18-543
Reason : newTester.DHTException: no result
Fail : LS : test2\a94a8fe5ccb19ba6\,0:-1,2016-12-17 10:29:18-543,2016-12-17 10:29:18-560
Reason : newTester.DHTException: no result
Fail : CREATE_FILE : test2\a94a8fe5ccb19ba6\0A8C10DA0A9CEF1E,0:115007,2016-12-17 10:29:18-560,2016-12-17 10:29:18-568
Reason : newTester.DHTException: no result
Fail : LS : test2\a94a8fe5ccb19ba6\,0:-1,2016-12-17 10:29:18-568,2016-12-17 10:29:18-578
Reason : newTester.DHTException: no result
Fail : CREATE_FILE : test2\a94a8fe5ccb19ba6\2a5bd02710e975a7\418E56ED4102D052,0:1910811,2016-12-17 10:29:18-579,2016-12-17 10:29:18-585
Reason : newTester.DHTException: no result
Fail : SEQ_READ : test2\bc9c8ba7ff351f3e,0:86016,2016-12-17 10:29:18-585,2016-12-17 10:29:18-594
Reason : newTester.DHTException: no result
Fail : SEQ_READ : test1\c5a5e5562b038073\c7abaf0419c47a1d,0:176128,2016-12-17 10:29:18-594,2016-12-17 10:29:18-606
Reason : newTester.DHTException: no result
Fail : LS : test2\a94a8fe5ccb19ba6\2a5bd02710e975a7\,0:-1,2016-12-17 10:29:18-606,2016-12-17 10:29:18-614
Reason : newTester.DHTException: no result
Fail : CREATE_FILE : test2\a94a8fe5ccb19ba6\2a5bd02710e975a7\2A6D53C166A4F538,0:2465212,2016-12-17 10:29:18-620,2016-12-17 10:29:18-646
Reason : newTester.DHTException: no result
Fail : LS : test2\a94a8fe5ccb19ba6\2a5bd02710e975a7\,0:-1,2016-12-17 10:29:18-646,2016-12-17 10:29:18-654
Reason : newTester.DHTException: no result
Fail : CREATE_FILE : test2\a94a8fe5ccb19ba6\4649D60E7499D2EE,0:1442987,2016-12-17 10:29:18-654,2016-12-17 10:29:18-670
Reason : newTester.DHTException: no result
Fail : LS : test2\a94a8fe5ccb19ba6\,0:-1,2016-12-17 10:29:18-670,2016-12-17 10:29:18-684
Reason : newTester.DHTException: no result
Fail : CREATE_FILE : test2\a94a8fe5ccb19ba6\2a5bd02710e975a7\4C7BBBD1330CF5DC,0:941124,2016-12-17 10:29:18-685,2016-12-17 10:29:18-697
Reason : newTester.DHTException: no result
Fail : LS : test2\a94a8fe5ccb19ba6\2a5bd02710e975a7\,0:-1,2016-12-17 10:29:18-698,2016-12-17 10:29:18-709
Reason : newTester.DHTException: no result
Fail : CREATE_FILE : test2\a94a8fe5ccb19ba6\3DF1A8F21951DC02,0:2572805,2016-12-17 10:29:18-710,2016-12-17 10:29:18-718
Reason : newTester.DHTException: no result
Fail : LS : test2\a94a8fe5ccb19ba6\,0:-1,2016-12-17 10:29:18-718,2016-12-17 10:29:18-730
Reason : newTester.DHTException: no result
Fail : CREATE_FILE : test2\a94a8fe5ccb19ba6\717189A821BA188F,0:2867721,2016-12-17 10:29:18-731,2016-12-17 10:29:18-738
Reason : newTester.DHTException: no result
Fail : SEQ_READ : test1\c5a5e5562b038073\f72cdbcd84f047a5,0:7168,2016-12-17 10:29:18-738,2016-12-17 10:29:18-745
Reason : newTester.DHTException: no result
Fail : LS : test2\a94a8fe5ccb19ba6\,0:-1,2016-12-17 10:29:18-745,2016-12-17 10:29:18-751
Reason : newTester.DHTException: no result
Fail : CREATE_FILE : test2\a94a8fe5ccb19ba6\2a5bd02710e975a7\627BD8C21790F170,0:474103,2016-12-17 10:29:18-751,2016-12-17 10:29:18-759
Reason : newTester.DHTException: no result
Fail : LS : test2\a94a8fe5ccb19ba6\2a5bd02710e975a7\,0:-1,2016-12-17 10:29:18-759,2016-12-17 10:29:18-766
Reason : newTester.DHTException: no result
Fail : CREATE_FILE : test2\a94a8fe5ccb19ba6\252AE7571DDD3DD0,0:893356,2016-12-17 10:29:18-766,2016-12-17 10:29:18-775
Reason : newTester.DHTException: no result
Fail : LS : test2\a94a8fe5ccb19ba6\,0:-1,2016-12-17 10:29:18-775,2016-12-17 10:29:18-784
Reason : newTester.DHTException: no result
Fail : CREATE_FILE : test2\a94a8fe5ccb19ba6\6CDA0717393B6ADA,0:3931196,2016-12-17 10:29:18-785,2016-12-17 10:29:18-791
Reason : newTester.DHTException: no result
Fail : LS : test2\a94a8fe5ccb19ba6\,0:-1,2016-12-17 10:29:18-791,2016-12-17 10:29:18-800
Reason : newTester.DHTException: no result
Fail : CREATE_FILE : test2\a94a8fe5ccb19ba6\2a5bd02710e975a7\7EE72CFF204CB6E1,0:3760036,2016-12-17 10:29:18-800,2016-12-17 10:29:18-807
Reason : newTester.DHTException: no result
Fail : SEQ_READ : test1\f71b43c3136efa4f\83404ffd78f534ff\6670af231c096f09,0:129,2016-12-17 10:29:18-808,2016-12-17 10:29:18-815
Reason : newTester.DHTException: no result
Fail : SEQ_READ : test2\a94a8fe5ccb19ba6\2a5bd02710e975a7\3eef580036f1724a,0:257,2016-12-17 10:29:18-815,2016-12-17 10:29:18-821
Reason : newTester.DHTException: no result
Fail : SEQ_READ : test1\c5a5e5562b038073\738537f9a40e568b,0:9216,2016-12-17 10:29:18-821,2016-12-17 10:29:18-828
Reason : newTester.DHTException: no result
Fail : LS : test2\a94a8fe5ccb19ba6\2a5bd02710e975a7\,0:-1,2016-12-17 10:29:18-828,2016-12-17 10:29:18-834
Reason : newTester.DHTException: no result
Fail : CREATE_FILE : test2\a94a8fe5ccb19ba6\2a5bd02710e975a7\6A95051756268B33,0:2491701,2016-12-17 10:29:18-834,2016-12-17 10:29:18-840
Reason : newTester.DHTException: no result
Fail : LS : test2\a94a8fe5ccb19ba6\2a5bd02710e975a7\,0:-1,2016-12-17 10:29:18-841,2016-12-17 10:29:18-848
Reason : newTester.DHTException: no result
Fail : CREATE_FILE : test2\a94a8fe5ccb19ba6\2a5bd02710e975a7\652BCE504956F0BC,0:98524,2016-12-17 10:29:18-849,2016-12-17 10:29:18-855
Reason : newTester.DHTException: no result
Fail : SEQ_READ : test1\c5a5e5562b038073\c7734a16bf12bb03,0:254976,2016-12-17 10:29:18-856,2016-12-17 10:29:18-863
Reason : newTester.DHTException: no result
Fail : LS : test2\a94a8fe5ccb19ba6\2a5bd02710e975a7\,0:-1,2016-12-17 10:29:18-863,2016-12-17 10:29:18-879
Reason : newTester.DHTException: no result
Fail : CREATE_FILE : test2\a94a8fe5ccb19ba6\2a5bd02710e975a7\4B3C53E473A3EC49,0:2921268,2016-12-17 10:29:18-880,2016-12-17 10:29:18-887
Reason : newTester.DHTException: no result
Fail : LS : test2\a94a8fe5ccb19ba6\2a5bd02710e975a7\,0:-1,2016-12-17 10:29:18-887,2016-12-17 10:29:18-894
Reason : newTester.DHTException: no result
Fail : CREATE_FILE : test2\a94a8fe5ccb19ba6\2a5bd02710e975a7\7AAD802174CB2753,0:2902108,2016-12-17 10:29:18-894,2016-12-17 10:29:18-904
Reason : newTester.DHTException: no result
Fail : LS : test2\a94a8fe5ccb19ba6\2a5bd02710e975a7\,0:-1,2016-12-17 10:29:18-904,2016-12-17 10:29:18-913
Reason : newTester.DHTException: no result
Fail : CREATE_FILE : test2\a94a8fe5ccb19ba6\2a5bd02710e975a7\022858FC1A13E79F,0:2978418,2016-12-17 10:29:18-913,2016-12-17 10:29:18-921
Reason : newTester.DHTException: no result
Fail : LS : test2\a94a8fe5ccb19ba6\2a5bd02710e975a7\,0:-1,2016-12-17 10:29:18-921,2016-12-17 10:29:18-931
Reason : newTester.DHTException: no result
Fail : CREATE_FILE : test2\a94a8fe5ccb19ba6\2a5bd02710e975a7\423D294E52EE84D2,0:885494,2016-12-17 10:29:18-932,2016-12-17 10:29:18-940
Reason : newTester.DHTException: no result
Fail : LS : test2\a94a8fe5ccb19ba6\2a5bd02710e975a7\,0:-1,2016-12-17 10:29:18-940,2016-12-17 10:29:18-947
Reason : newTester.DHTException: no result
Fail : CREATE_FILE : test2\a94a8fe5ccb19ba6\618F7B26704DEC78,0:3366719,2016-12-17 10:29:18-948,2016-12-17 10:29:18-956
Reason : newTester.DHTException: no result
Fail : LS : test2\a94a8fe5ccb19ba6\,0:-1,2016-12-17 10:29:18-956,2016-12-17 10:29:18-963
Reason : newTester.DHTException: no result
Fail : CREATE_FILE : test2\a94a8fe5ccb19ba6\6F48097C53EDDF16,0:3989206,2016-12-17 10:29:18-963,2016-12-17 10:29:18-972
Reason : newTester.DHTException: no result
Fail : LS : test2\a94a8fe5ccb19ba6\,0:-1,2016-12-17 10:29:18-972,2016-12-17 10:29:18-980
Reason : newTester.DHTException: no result
Fail : SEQ_READ : test1\f71b43c3136efa4f\c7d9912886e5ccc7\6670af231c096f09,0:129,2016-12-17 10:29:18-980,2016-12-17 10:29:18-989
Reason : newTester.DHTException: no result
Fail : SEQ_READ : test1\c5a5e5562b038073\7b7f22b30cf50087,0:1024,2016-12-17 10:29:18-990,2016-12-17 10:29:19-000
Reason : newTester.DHTException: no result
Fail : SEQ_READ : test2\49f03965cf98b1f5,0:0,2016-12-17 10:29:19-001,2016-12-17 10:29:19-009
Reason : newTester.DHTException: no result
Fail : CREATE_FILE : test2\a94a8fe5ccb19ba6\2a5bd02710e975a7\42EA846B2C3395F0,0:3983559,2016-12-17 10:29:19-009,2016-12-17 10:29:19-016
Reason : newTester.DHTException: no result
Fail : LS : test2\a94a8fe5ccb19ba6\2a5bd02710e975a7\,0:-1,2016-12-17 10:29:19-017,2016-12-17 10:29:19-056
Reason : newTester.DHTException: no result
Fail : CREATE_FILE : test2\a94a8fe5ccb19ba6\2a5bd02710e975a7\4AFFA8E172DDF0A1,0:3281116,2016-12-17 10:29:19-057,2016-12-17 10:29:19-064
Reason : newTester.DHTException: no result
Fail : LS : test2\a94a8fe5ccb19ba6\2a5bd02710e975a7\,0:-1,2016-12-17 10:29:19-064,2016-12-17 10:29:19-073
Reason : newTester.DHTException: no result
Fail : CREATE_FILE : test2\a94a8fe5ccb19ba6\2a5bd02710e975a7\2442D93715B4B6B4,0:3082046,2016-12-17 10:29:19-073,2016-12-17 10:29:19-081
Reason : newTester.DHTException: no result
Fail : LS : test2\a94a8fe5ccb19ba6\2a5bd02710e975a7\,0:-1,2016-12-17 10:29:19-081,2016-12-17 10:29:19-090
Reason : newTester.DHTException: no result
Fail : CREATE_FILE : test2\a94a8fe5ccb19ba6\70FFDE29103B45AC,0:1522033,2016-12-17 10:29:19-091,2016-12-17 10:29:19-100
Reason : newTester.DHTException: no result
Fail : SEQ_READ : test1\c5a5e5562b038073\2d77b1044a6c5c82,0:196608,2016-12-17 10:29:19-100,2016-12-17 10:29:19-107
Reason : newTester.DHTException: no result
Fail : SEQ_READ : test1\c5a5e5562b038073\88fe52fe40fa2264,0:1024,2016-12-17 10:29:19-107,2016-12-17 10:29:19-115
Reason : newTester.DHTException: no result
Fail : SEQ_READ : test1\c5a5e5562b038073\6670af231c096f09,0:46,2016-12-17 10:29:19-116,2016-12-17 10:29:19-124
Reason : newTester.DHTException: no result
Fail : LS : test2\a94a8fe5ccb19ba6\,0:-1,2016-12-17 10:29:19-124,2016-12-17 10:29:19-133
Reason : newTester.DHTException: no result
Fail : CREATE_FILE : test2\a94a8fe5ccb19ba6\2F7217F751D0DBD4,0:420419,2016-12-17 10:29:19-133,2016-12-17 10:29:19-151
Reason : newTester.DHTException: no result
Fail : LS : test2\a94a8fe5ccb19ba6\,0:-1,2016-12-17 10:29:19-151,2016-12-17 10:29:19-162
Reason : newTester.DHTException: no result
Fail : CREATE_FILE : test2\a94a8fe5ccb19ba6\28CEB4356D42B43F,0:3754487,2016-12-17 10:29:19-162,2016-12-17 10:29:19-171
Reason : newTester.DHTException: no result
Fail : LS : test2\a94a8fe5ccb19ba6\,0:-1,2016-12-17 10:29:19-171,2016-12-17 10:29:19-187
Reason : newTester.DHTException: no result
Fail : CREATE_FILE : test2\a94a8fe5ccb19ba6\2a5bd02710e975a7\6F4E912768E38F4C,0:3675485,2016-12-17 10:29:19-188,2016-12-17 10:29:19-197
Reason : newTester.DHTException: no result
Fail : SEQ_READ : test1\c5a5e5562b038073\767c14c8beb1e835,0:876544,2016-12-17 10:29:19-197,2016-12-17 10:29:19-211
Reason : newTester.DHTException: no result
Fail : SEQ_READ : test1\c5a5e5562b038073\6670af231c096f09,0:46,2016-12-17 10:29:19-211,2016-12-17 10:29:19-221
Reason : newTester.DHTException: no result
Fail : LS : test2\a94a8fe5ccb19ba6\2a5bd02710e975a7\,0:-1,2016-12-17 10:29:19-221,2016-12-17 10:29:19-230
Reason : newTester.DHTException: no result
Fail : CREATE_FILE : test2\a94a8fe5ccb19ba6\2a5bd02710e975a7\03DE0D475201A7B0,0:2988248,2016-12-17 10:29:19-231,2016-12-17 10:29:19-240
Reason : newTester.DHTException: no result
Fail : LS : test2\a94a8fe5ccb19ba6\2a5bd02710e975a7\,0:-1,2016-12-17 10:29:19-240,2016-12-17 10:29:19-250
Reason : newTester.DHTException: no result
Fail : CREATE_FILE : test2\a94a8fe5ccb19ba6\2a5bd02710e975a7\584FF3D21BD734C3,0:424977,2016-12-17 10:29:19-252,2016-12-17 10:29:19-271
Reason : newTester.DHTException: no result
Fail : LS : test2\a94a8fe5ccb19ba6\2a5bd02710e975a7\,0:-1,2016-12-17 10:29:19-271,2016-12-17 10:29:19-285
Reason : newTester.DHTException: no result
Fail : CREATE_FILE : test2\a94a8fe5ccb19ba6\5E3889D96BC91E10,0:2371342,2016-12-17 10:29:19-285,2016-12-17 10:29:19-297
Reason : newTester.DHTException: no result
Fail : SEQ_READ : test1\f71b43c3136efa4f\c7d9912886e5ccc7\6670af231c096f09,0:129,2016-12-17 10:29:19-298,2016-12-17 10:29:19-310
Reason : newTester.DHTException: no result
Fail : LS : test2\a94a8fe5ccb19ba6\,0:-1,2016-12-17 10:29:19-310,2016-12-17 10:29:19-320
Reason : newTester.DHTException: no result
Fail : CREATE_FILE : test2\a94a8fe5ccb19ba6\6BB2112F1F7220C9,0:1866016,2016-12-17 10:29:19-324,2016-12-17 10:29:19-331
Reason : newTester.DHTException: no result
Fail : LS : test2\a94a8fe5ccb19ba6\,0:-1,2016-12-17 10:29:19-332,2016-12-17 10:29:19-341
Reason : newTester.DHTException: no result
Fail : CREATE_FILE : test2\a94a8fe5ccb19ba6\2a5bd02710e975a7\663EA4643E1D10C9,0:590315,2016-12-17 10:29:19-341,2016-12-17 10:29:19-349
Reason : newTester.DHTException: no result
Fail : LS : test2\a94a8fe5ccb19ba6\2a5bd02710e975a7\,0:-1,2016-12-17 10:29:19-349,2016-12-17 10:29:19-358
Reason : newTester.DHTException: no result
Fail : CREATE_FILE : test2\a94a8fe5ccb19ba6\1F63B52B1EDBD1D2,0:103739,2016-12-17 10:29:19-359,2016-12-17 10:29:19-368
Reason : newTester.DHTException: no result
Fail : LS : test2\a94a8fe5ccb19ba6\,0:-1,2016-12-17 10:29:19-368,2016-12-17 10:29:19-378
Reason : newTester.DHTException: no result
Fail : CREATE_FILE : test2\a94a8fe5ccb19ba6\2802E735529D10B9,0:175872,2016-12-17 10:29:19-378,2016-12-17 10:29:19-413
Reason : newTester.DHTException: no result
Fail : LS : test2\a94a8fe5ccb19ba6\,0:-1,2016-12-17 10:29:19-413,2016-12-17 10:29:19-423
Reason : newTester.DHTException: no result
Fail : CREATE_FILE : test2\a94a8fe5ccb19ba6\4FC54719596917F6,0:863213,2016-12-17 10:29:19-423,2016-12-17 10:29:19-431
Reason : newTester.DHTException: no result
Fail : SEQ_READ : test1\c5a5e5562b038073\a39ea9c72a98de10\4a90c52e52d54ede,0:1024,2016-12-17 10:29:19-434,2016-12-17 10:29:19-441
Reason : newTester.DHTException: no result
Fail : SEQ_READ : test1\c5a5e5562b038073\a39ea9c72a98de10\f398de59988a85e5,0:1024,2016-12-17 10:29:19-441,2016-12-17 10:29:19-450
Reason : newTester.DHTException: no result
Fail : LS : test2\a94a8fe5ccb19ba6\,0:-1,2016-12-17 10:29:19-450,2016-12-17 10:29:19-457
Reason : newTester.DHTException: no result
Fail : CREATE_FILE : test2\a94a8fe5ccb19ba6\2893AA190340E2AA,0:3010510,2016-12-17 10:29:19-458,2016-12-17 10:29:19-466
Reason : newTester.DHTException: no result
Fail : LS : test2\a94a8fe5ccb19ba6\,0:-1,2016-12-17 10:29:19-466,2016-12-17 10:29:19-477
Reason : newTester.DHTException: no result
Fail : CREATE_FILE : test2\a94a8fe5ccb19ba6\362417150B2F05F9,0:791217,2016-12-17 10:29:19-477,2016-12-17 10:29:19-484
Reason : newTester.DHTException: no result
Fail : LS : test2\a94a8fe5ccb19ba6\,0:-1,2016-12-17 10:29:19-486,2016-12-17 10:29:19-497
Reason : newTester.DHTException: no result
Fail : CREATE_FILE : test2\a94a8fe5ccb19ba6\6BD88C0367E074FC,0:279318,2016-12-17 10:29:19-497,2016-12-17 10:29:19-504
Reason : newTester.DHTException: no result
Fail : LS : test2\a94a8fe5ccb19ba6\,0:-1,2016-12-17 10:29:19-504,2016-12-17 10:29:19-512
Reason : newTester.DHTException: no result
Fail : CREATE_FILE : test2\a94a8fe5ccb19ba6\2a5bd02710e975a7\062C55E132A6B104,0:579008,2016-12-17 10:29:19-512,2016-12-17 10:29:19-521
Reason : newTester.DHTException: no result
Fail : LS : test2\a94a8fe5ccb19ba6\2a5bd02710e975a7\,0:-1,2016-12-17 10:29:19-521,2016-12-17 10:29:19-528
Reason : newTester.DHTException: no result
Fail : CREATE_FILE : test2\a94a8fe5ccb19ba6\2a5bd02710e975a7\1D07FC6B44647DAF,0:3572193,2016-12-17 10:29:19-528,2016-12-17 10:29:19-535
Reason : newTester.DHTException: no result
Fail : SEQ_READ : test1\c5a5e5562b038073\a39ea9c72a98de10\41288c58009f7f6a,0:477,2016-12-17 10:29:19-536,2016-12-17 10:29:19-545
Reason : newTester.DHTException: no result
Fail : SEQ_READ : test1\f71b43c3136efa4f\c7d9912886e5ccc7\6670af231c096f09,0:129,2016-12-17 10:29:19-545,2016-12-17 10:29:19-553
Reason : newTester.DHTException: no result
Fail : LS : test2\a94a8fe5ccb19ba6\2a5bd02710e975a7\,0:-1,2016-12-17 10:29:19-555,2016-12-17 10:29:19-566
Reason : newTester.DHTException: no result
Fail : CREATE_FILE : test2\a94a8fe5ccb19ba6\0A9669455CB33BB8,0:40507,2016-12-17 10:29:19-566,2016-12-17 10:29:19-574
Reason : newTester.DHTException: no result
Fail : LS : test2\a94a8fe5ccb19ba6\,0:-1,2016-12-17 10:29:19-574,2016-12-17 10:29:19-583
Reason : newTester.DHTException: no result
Fail : CREATE_FILE : test2\a94a8fe5ccb19ba6\17841CC1509F5056,0:2509790,2016-12-17 10:29:19-583,2016-12-17 10:29:19-592
Reason : newTester.DHTException: no result
Fail : LS : test2\a94a8fe5ccb19ba6\,0:-1,2016-12-17 10:29:19-592,2016-12-17 10:29:19-602
Reason : newTester.DHTException: no result
Fail : CREATE_FILE : test2\a94a8fe5ccb19ba6\2a5bd02710e975a7\100FD5E26EBE2EBD,0:292250,2016-12-17 10:29:19-602,2016-12-17 10:29:19-613
Reason : newTester.DHTException: no result
Fail : LS : test2\a94a8fe5ccb19ba6\2a5bd02710e975a7\,0:-1,2016-12-17 10:29:19-613,2016-12-17 10:29:19-624
Reason : newTester.DHTException: no result
Fail : CREATE_FILE : test2\a94a8fe5ccb19ba6\2a5bd02710e975a7\2EDCC8460850A67C,0:2588425,2016-12-17 10:29:19-624,2016-12-17 10:29:19-635
Reason : newTester.DHTException: no result
Fail : LS : test2\a94a8fe5ccb19ba6\2a5bd02710e975a7\,0:-1,2016-12-17 10:29:19-636,2016-12-17 10:29:19-647
Reason : newTester.DHTException: no result
Fail : CREATE_FILE : test2\a94a8fe5ccb19ba6\2940A41419F9DDF3,0:2956311,2016-12-17 10:29:19-648,2016-12-17 10:29:19-658
Reason : newTester.DHTException: no result
Fail : LS : test2\a94a8fe5ccb19ba6\,0:-1,2016-12-17 10:29:19-659,2016-12-17 10:29:19-672
Reason : newTester.DHTException: no result
Fail : CREATE_FILE : test2\a94a8fe5ccb19ba6\2a5bd02710e975a7\38A1A9922D1BF238,0:1223257,2016-12-17 10:29:19-672,2016-12-17 10:29:19-683
Reason : newTester.DHTException: no result
Fail : LS : test2\a94a8fe5ccb19ba6\2a5bd02710e975a7\,0:-1,2016-12-17 10:29:19-683,2016-12-17 10:29:19-692
Reason : newTester.DHTException: no result
Fail : CREATE_FILE : test2\a94a8fe5ccb19ba6\2a5bd02710e975a7\683161150738CBB6,0:1997034,2016-12-17 10:29:19-692,2016-12-17 10:29:19-700
Reason : newTester.DHTException: no result
Fail : LS : test2\a94a8fe5ccb19ba6\2a5bd02710e975a7\,0:-1,2016-12-17 10:29:19-700,2016-12-17 10:29:19-708
Reason : newTester.DHTException: no result
Fail : CREATE_FILE : test2\a94a8fe5ccb19ba6\2a5bd02710e975a7\156C032908629A59,0:2449331,2016-12-17 10:29:19-708,2016-12-17 10:29:19-717
Reason : newTester.DHTException: no result
Fail : LS : test2\a94a8fe5ccb19ba6\2a5bd02710e975a7\,0:-1,2016-12-17 10:29:19-717,2016-12-17 10:29:19-735
Reason : newTester.DHTException: no result
Fail : CREATE_FILE : test2\a94a8fe5ccb19ba6\2a5bd02710e975a7\7F1D3AD63BB9D0AB,0:3337479,2016-12-17 10:29:19-736,2016-12-17 10:29:19-748
Reason : newTester.DHTException: no result
Fail : LS : test2\a94a8fe5ccb19ba6\2a5bd02710e975a7\,0:-1,2016-12-17 10:29:19-748,2016-12-17 10:29:19-758
Reason : newTester.DHTException: no result
Fail : CREATE_FILE : test2\a94a8fe5ccb19ba6\2a5bd02710e975a7\70FD863C5B96F617,0:1396508,2016-12-17 10:29:19-758,2016-12-17 10:29:19-771
Reason : newTester.DHTException: no result
Fail : SEQ_READ : test1\c5a5e5562b038073\3c16ab634e85296e,0:66560,2016-12-17 10:29:19-771,2016-12-17 10:29:19-782
Reason : newTester.DHTException: no result
Fail : SEQ_READ : test2\a94a8fe5ccb19ba6\2a5bd02710e975a7\3eef580036f1724a,0:257,2016-12-17 10:29:19-783,2016-12-17 10:29:19-792
Reason : newTester.DHTException: no result
Fail : LS : test2\a94a8fe5ccb19ba6\2a5bd02710e975a7\,0:-1,2016-12-17 10:29:19-792,2016-12-17 10:29:19-801
Reason : newTester.DHTException: no result
Fail : CREATE_FILE : test2\a94a8fe5ccb19ba6\2a5bd02710e975a7\2E59A3AB772D1AE1,0:3986588,2016-12-17 10:29:19-802,2016-12-17 10:29:19-811
Reason : newTester.DHTException: no result
Fail : LS : test2\a94a8fe5ccb19ba6\2a5bd02710e975a7\,0:-1,2016-12-17 10:29:19-811,2016-12-17 10:29:19-818
Reason : newTester.DHTException: no result
Fail : CREATE_FILE : test2\a94a8fe5ccb19ba6\2a5bd02710e975a7\7E0BF8AF490EF57A,0:1202870,2016-12-17 10:29:19-818,2016-12-17 10:29:19-827
Reason : newTester.DHTException: no result
Fail : LS : test2\a94a8fe5ccb19ba6\2a5bd02710e975a7\,0:-1,2016-12-17 10:29:19-827,2016-12-17 10:29:19-835
Reason : newTester.DHTException: no result
Fail : CREATE_FILE : test2\a94a8fe5ccb19ba6\78A84C9922678342,0:1657619,2016-12-17 10:29:19-835,2016-12-17 10:29:19-843
Reason : newTester.DHTException: no result
Fail : LS : test2\a94a8fe5ccb19ba6\,0:-1,2016-12-17 10:29:19-843,2016-12-17 10:29:19-850
Reason : newTester.DHTException: no result
Fail : CREATE_FILE : test2\a94a8fe5ccb19ba6\2a5bd02710e975a7\378CB1F754E076BC,0:2240324,2016-12-17 10:29:19-850,2016-12-17 10:29:19-859
Reason : newTester.DHTException: no result
Fail : SEQ_READ : test2\a94a8fe5ccb19ba6\2a5bd02710e975a7\178db47a574c645f,0:257,2016-12-17 10:29:19-859,2016-12-17 10:29:19-866
Reason : newTester.DHTException: no result
Fail : SEQ_READ : test2\a94a8fe5ccb19ba6\4b6fcb2d521ef0fd,0:0,2016-12-17 10:29:19-867,2016-12-17 10:29:19-874
Reason : newTester.DHTException: no result
Fail : LS : test2\a94a8fe5ccb19ba6\2a5bd02710e975a7\,0:-1,2016-12-17 10:29:19-874,2016-12-17 10:29:19-882
Reason : newTester.DHTException: no result
Fail : CREATE_FILE : test2\a94a8fe5ccb19ba6\744ADC624C068A79,0:1230044,2016-12-17 10:29:19-882,2016-12-17 10:29:19-890
Reason : newTester.DHTException: no result
Fail : LS : test2\a94a8fe5ccb19ba6\,0:-1,2016-12-17 10:29:19-890,2016-12-17 10:29:19-898
Reason : newTester.DHTException: no result
Fail : CREATE_FILE : test2\a94a8fe5ccb19ba6\0CC7D1D55CB8FBEA,0:2447495,2016-12-17 10:29:19-898,2016-12-17 10:29:19-906
Reason : newTester.DHTException: no result
Fail : LS : test2\a94a8fe5ccb19ba6\,0:-1,2016-12-17 10:29:19-906,2016-12-17 10:29:19-917
Reason : newTester.DHTException: no result
Fail : CREATE_FILE : test2\a94a8fe5ccb19ba6\3B149C5475291FD9,0:2373658,2016-12-17 10:29:19-917,2016-12-17 10:29:19-927
Reason : newTester.DHTException: no result
Fail : LS : test2\a94a8fe5ccb19ba6\,0:-1,2016-12-17 10:29:19-927,2016-12-17 10:29:19-939
Reason : newTester.DHTException: no result
Fail : CREATE_FILE : test2\a94a8fe5ccb19ba6\2B6CE759658B0E4E,0:167028,2016-12-17 10:29:19-940,2016-12-17 10:29:19-948
Reason : newTester.DHTException: no result
Fail : LS : test2\a94a8fe5ccb19ba6\,0:-1,2016-12-17 10:29:19-949,2016-12-17 10:29:19-959
Reason : newTester.DHTException: no result
Fail : CREATE_FILE : test2\a94a8fe5ccb19ba6\7F582E494A110139,0:3688687,2016-12-17 10:29:19-959,2016-12-17 10:29:19-969
Reason : newTester.DHTException: no result
Fail : SEQ_READ : test1\c5a5e5562b038073\a39ea9c72a98de10\f398de59988a85e5,0:6144,2016-12-17 10:29:19-969,2016-12-17 10:29:19-986
Reason : newTester.DHTException: no result
Fail : LS : test2\a94a8fe5ccb19ba6\,0:-1,2016-12-17 10:29:19-986,2016-12-17 10:29:19-998
Reason : newTester.DHTException: no result
Fail : CREATE_FILE : test2\a94a8fe5ccb19ba6\2a5bd02710e975a7\5F25B3934CED4EA5,0:1598116,2016-12-17 10:29:19-998,2016-12-17 10:29:20-022
Reason : newTester.DHTException: no result
Fail : LS : test2\a94a8fe5ccb19ba6\2a5bd02710e975a7\,0:-1,2016-12-17 10:29:20-022,2016-12-17 10:29:20-037
Reason : newTester.DHTException: no result
Fail : CREATE_FILE : test2\a94a8fe5ccb19ba6\4D8AF42D16EB92CE,0:3176618,2016-12-17 10:29:20-038,2016-12-17 10:29:20-052
Reason : newTester.DHTException: no result
Fail : LS : test2\a94a8fe5ccb19ba6\,0:-1,2016-12-17 10:29:20-053,2016-12-17 10:29:20-066
Reason : newTester.DHTException: no result
Fail : CREATE_FILE : test2\a94a8fe5ccb19ba6\2a5bd02710e975a7\452829AB54683C38,0:398447,2016-12-17 10:29:20-067,2016-12-17 10:29:20-087
Reason : newTester.DHTException: no result
Fail : LS : test2\a94a8fe5ccb19ba6\2a5bd02710e975a7\,0:-1,2016-12-17 10:29:20-087,2016-12-17 10:29:20-103
Reason : newTester.DHTException: no result
Fail : CREATE_FILE : test2\a94a8fe5ccb19ba6\36179D796735EB01,0:3560720,2016-12-17 10:29:20-103,2016-12-17 10:29:20-116
Reason : newTester.DHTException: no result
Fail : LS : test2\a94a8fe5ccb19ba6\,0:-1,2016-12-17 10:29:20-116,2016-12-17 10:29:20-133
Reason : newTester.DHTException: no result
Fail : CREATE_FILE : test2\a94a8fe5ccb19ba6\2a5bd02710e975a7\6DB73AB306406AF7,0:2737595,2016-12-17 10:29:20-133,2016-12-17 10:29:20-148
Reason : newTester.DHTException: no result
Fail : LS : test2\a94a8fe5ccb19ba6\2a5bd02710e975a7\,0:-1,2016-12-17 10:29:20-149,2016-12-17 10:29:20-166
Reason : newTester.DHTException: no result
Fail : CREATE_FILE : test2\a94a8fe5ccb19ba6\2a5bd02710e975a7\6FE66B465FAD0480,0:2957126,2016-12-17 10:29:20-166,2016-12-17 10:29:20-182
Reason : newTester.DHTException: no result
Fail : SEQ_READ : test1\c5a5e5562b038073\2015a7ab48ae9a58,0:8192,2016-12-17 10:29:20-182,2016-12-17 10:29:20-197
Reason : newTester.DHTException: no result
Fail : LS : test2\a94a8fe5ccb19ba6\2a5bd02710e975a7\,0:-1,2016-12-17 10:29:20-199,2016-12-17 10:29:20-220
Reason : newTester.DHTException: no result
Fail : CREATE_FILE : test2\a94a8fe5ccb19ba6\4295F192033A5929,0:3876253,2016-12-17 10:29:20-227,2016-12-17 10:29:20-240
Reason : newTester.DHTException: no result
Fail : LS : test2\a94a8fe5ccb19ba6\,0:-1,2016-12-17 10:29:20-240,2016-12-17 10:29:20-252
Reason : newTester.DHTException: no result
Fail : CREATE_FILE : test2\a94a8fe5ccb19ba6\2a5bd02710e975a7\4479DC7D72A6126F,0:3557202,2016-12-17 10:29:20-252,2016-12-17 10:29:20-264
Reason : newTester.DHTException: no result
Fail : LS : test2\a94a8fe5ccb19ba6\2a5bd02710e975a7\,0:-1,2016-12-17 10:29:20-264,2016-12-17 10:29:20-274
Reason : newTester.DHTException: no result
Fail : CREATE_FILE : test2\a94a8fe5ccb19ba6\2a5bd02710e975a7\3200191C314439F6,0:2136190,2016-12-17 10:29:20-274,2016-12-17 10:29:20-285
Reason : newTester.DHTException: no result
Fail : LS : test2\a94a8fe5ccb19ba6\2a5bd02710e975a7\,0:-1,2016-12-17 10:29:20-285,2016-12-17 10:29:20-296
Reason : newTester.DHTException: no result
Fail : CREATE_FILE : test2\a94a8fe5ccb19ba6\0E83AE54236C4155,0:3893948,2016-12-17 10:29:20-296,2016-12-17 10:29:20-306
Reason : newTester.DHTException: no result
Fail : LS : test2\a94a8fe5ccb19ba6\,0:-1,2016-12-17 10:29:20-307,2016-12-17 10:29:20-315
Reason : newTester.DHTException: no result
Fail : CREATE_FILE : test2\a94a8fe5ccb19ba6\2a5bd02710e975a7\6B4EE62C1860471B,0:3695620,2016-12-17 10:29:20-315,2016-12-17 10:29:20-327
Reason : newTester.DHTException: no result
Fail : LS : test2\a94a8fe5ccb19ba6\2a5bd02710e975a7\,0:-1,2016-12-17 10:29:20-327,2016-12-17 10:29:20-336
Reason : newTester.DHTException: no result
Fail : CREATE_FILE : test2\a94a8fe5ccb19ba6\600E5BDC6E7C698C,0:280609,2016-12-17 10:29:20-336,2016-12-17 10:29:20-345
Reason : newTester.DHTException: no result
Fail : SEQ_READ : test2\1a7683b6645f9b6a,0:12288,2016-12-17 10:29:20-345,2016-12-17 10:29:20-356
Reason : newTester.DHTException: no result
Fail : SEQ_READ : test1\f71b43c3136efa4f\c7d9912886e5ccc7\6670af231c096f09,0:129,2016-12-17 10:29:20-356,2016-12-17 10:29:20-364
Reason : newTester.DHTException: no result
Fail : LS : test2\a94a8fe5ccb19ba6\,0:-1,2016-12-17 10:29:20-365,2016-12-17 10:29:20-374
Reason : newTester.DHTException: no result
Fail : CREATE_FILE : test2\a94a8fe5ccb19ba6\72CE856D6DB8E5CB,0:3207019,2016-12-17 10:29:20-375,2016-12-17 10:29:20-386
Reason : newTester.DHTException: no result
Fail : LS : test2\a94a8fe5ccb19ba6\,0:-1,2016-12-17 10:29:20-386,2016-12-17 10:29:20-396
Reason : newTester.DHTException: no result
Fail : CREATE_FILE : test2\a94a8fe5ccb19ba6\09F4D7F11E18B508,0:3826525,2016-12-17 10:29:20-397,2016-12-17 10:29:20-409
Reason : newTester.DHTException: no result
Fail : LS : test2\a94a8fe5ccb19ba6\,0:-1,2016-12-17 10:29:20-410,2016-12-17 10:29:20-420
Reason : newTester.DHTException: no result
Fail : CREATE_FILE : test2\a94a8fe5ccb19ba6\5F4080C36D4F25F1,0:3580884,2016-12-17 10:29:20-420,2016-12-17 10:29:20-431
Reason : newTester.DHTException: no result
Fail : LS : test2\a94a8fe5ccb19ba6\,0:-1,2016-12-17 10:29:20-431,2016-12-17 10:29:20-442
Reason : newTester.DHTException: no result
Fail : CREATE_FILE : test2\a94a8fe5ccb19ba6\2a5bd02710e975a7\2B9144CA62422CDF,0:1324425,2016-12-17 10:29:20-442,2016-12-17 10:29:20-476
Reason : newTester.DHTException: no result
Fail : LS : test2\a94a8fe5ccb19ba6\2a5bd02710e975a7\,0:-1,2016-12-17 10:29:20-477,2016-12-17 10:29:20-492
Reason : newTester.DHTException: no result
Fail : CREATE_FILE : test2\a94a8fe5ccb19ba6\1A04E8DA586E43A1,0:1111741,2016-12-17 10:29:20-492,2016-12-17 10:29:20-503
Reason : newTester.DHTException: no result
Fail : LS : test2\a94a8fe5ccb19ba6\,0:-1,2016-12-17 10:29:20-503,2016-12-17 10:29:20-530
Reason : newTester.DHTException: no result
Fail : CREATE_FILE : test2\a94a8fe5ccb19ba6\79E249382D095913,0:1487537,2016-12-17 10:29:20-531,2016-12-17 10:29:20-547
Reason : newTester.DHTException: no result
Fail : LS : test2\a94a8fe5ccb19ba6\,0:-1,2016-12-17 10:29:20-547,2016-12-17 10:29:20-561
Reason : newTester.DHTException: no result
Fail : CREATE_FILE : test2\a94a8fe5ccb19ba6\2D3CC25A1EC89813,0:1128028,2016-12-17 10:29:20-561,2016-12-17 10:29:20-575
Reason : newTester.DHTException: no result
Fail : LS : test2\a94a8fe5ccb19ba6\,0:-1,2016-12-17 10:29:20-576,2016-12-17 10:29:20-590
Reason : newTester.DHTException: no result
Fail : CREATE_FILE : test2\a94a8fe5ccb19ba6\62B1387B27A0F14B,0:1852419,2016-12-17 10:29:20-590,2016-12-17 10:29:20-602
Reason : newTester.DHTException: no result
Fail : LS : test2\a94a8fe5ccb19ba6\,0:-1,2016-12-17 10:29:20-602,2016-12-17 10:29:20-618
Reason : newTester.DHTException: no result
Fail : CREATE_FILE : test2\a94a8fe5ccb19ba6\554E1492312D3514,0:2249891,2016-12-17 10:29:20-618,2016-12-17 10:29:20-629
Reason : newTester.DHTException: no result
Fail : LS : test2\a94a8fe5ccb19ba6\,0:-1,2016-12-17 10:29:20-629,2016-12-17 10:29:20-657
Reason : newTester.DHTException: no result
Fail : CREATE_FILE : test2\a94a8fe5ccb19ba6\4C76D7DF6B6836DD,0:3927211,2016-12-17 10:29:20-661,2016-12-17 10:29:20-672
Reason : newTester.DHTException: no result
Fail : LS : test2\a94a8fe5ccb19ba6\,0:-1,2016-12-17 10:29:20-672,2016-12-17 10:29:20-682
Reason : newTester.DHTException: no result
Fail : CREATE_FILE : test2\a94a8fe5ccb19ba6\039017B55474662B,0:3426896,2016-12-17 10:29:20-683,2016-12-17 10:29:20-696
Reason : newTester.DHTException: no result
Fail : LS : test2\a94a8fe5ccb19ba6\,0:-1,2016-12-17 10:29:20-696,2016-12-17 10:29:20-708
Reason : newTester.DHTException: no result
Fail : CREATE_FILE : test2\a94a8fe5ccb19ba6\08C5F77C11716E1F,0:3561731,2016-12-17 10:29:20-708,2016-12-17 10:29:20-722
Reason : newTester.DHTException: no result
Fail : LS : test2\a94a8fe5ccb19ba6\,0:-1,2016-12-17 10:29:20-722,2016-12-17 10:29:20-731
Reason : newTester.DHTException: no result
Fail : CREATE_FILE : test2\a94a8fe5ccb19ba6\2a5bd02710e975a7\4D473EC12C733628,0:2001547,2016-12-17 10:29:20-731,2016-12-17 10:29:20-740
Reason : newTester.DHTException: no result
Fail : LS : test2\a94a8fe5ccb19ba6\2a5bd02710e975a7\,0:-1,2016-12-17 10:29:20-740,2016-12-17 10:29:20-749
Reason : newTester.DHTException: no result
Fail : CREATE_FILE : test2\a94a8fe5ccb19ba6\4E460AAE1186E3B8,0:3208667,2016-12-17 10:29:20-749,2016-12-17 10:29:20-758
Reason : newTester.DHTException: no result
Fail : LS : test2\a94a8fe5ccb19ba6\,0:-1,2016-12-17 10:29:20-758,2016-12-17 10:29:20-768
Reason : newTester.DHTException: no result
Fail : CREATE_FILE : test2\a94a8fe5ccb19ba6\2a5bd02710e975a7\25313DFD2D8601D0,0:1675267,2016-12-17 10:29:20-768,2016-12-17 10:29:20-777
Reason : newTester.DHTException: no result
Fail : LS : test2\a94a8fe5ccb19ba6\2a5bd02710e975a7\,0:-1,2016-12-17 10:29:20-777,2016-12-17 10:29:20-786
Reason : newTester.DHTException: no result
Fail : CREATE_FILE : test2\a94a8fe5ccb19ba6\2a5bd02710e975a7\478E65C52A65560E,0:3556119,2016-12-17 10:29:20-786,2016-12-17 10:29:20-797
Reason : newTester.DHTException: no result
Fail : SEQ_READ : test1\f71b43c3136efa4f\52481749c0cdecd6\6670af231c096f09,0:129,2016-12-17 10:29:20-797,2016-12-17 10:29:20-808
Reason : newTester.DHTException: no result
Fail : SEQ_READ : test1\c5a5e5562b038073\05d1f0ed74e78555,0:37888,2016-12-17 10:29:20-808,2016-12-17 10:29:20-817
Reason : newTester.DHTException: no result
Fail : LS : test2\a94a8fe5ccb19ba6\2a5bd02710e975a7\,0:-1,2016-12-17 10:29:20-817,2016-12-17 10:29:20-827
Reason : newTester.DHTException: no result
Fail : CREATE_FILE : test2\a94a8fe5ccb19ba6\2a5bd02710e975a7\28DDE0272968E673,0:1932888,2016-12-17 10:29:20-827,2016-12-17 10:29:20-838
Reason : newTester.DHTException: no result
Fail : LS : test2\a94a8fe5ccb19ba6\2a5bd02710e975a7\,0:-1,2016-12-17 10:29:20-838,2016-12-17 10:29:20-853
Reason : newTester.DHTException: no result
Fail : CREATE_FILE : test2\a94a8fe5ccb19ba6\2a5bd02710e975a7\2E622A22456BF42B,0:2877888,2016-12-17 10:29:20-853,2016-12-17 10:29:20-864
Reason : newTester.DHTException: no result
Fail : LS : test2\a94a8fe5ccb19ba6\2a5bd02710e975a7\,0:-1,2016-12-17 10:29:20-864,2016-12-17 10:29:20-874
Reason : newTester.DHTException: no result
Fail : CREATE_FILE : test2\a94a8fe5ccb19ba6\20B852D12E037D73,0:3586268,2016-12-17 10:29:20-874,2016-12-17 10:29:20-885
Reason : newTester.DHTException: no result
Fail : LS : test2\a94a8fe5ccb19ba6\,0:-1,2016-12-17 10:29:20-885,2016-12-17 10:29:20-895
Reason : newTester.DHTException: no result
Fail : CREATE_FILE : test2\a94a8fe5ccb19ba6\2a5bd02710e975a7\7A38EBA739058F7B,0:134768,2016-12-17 10:29:20-896,2016-12-17 10:29:20-905
Reason : newTester.DHTException: no result
Fail : LS : test2\a94a8fe5ccb19ba6\2a5bd02710e975a7\,0:-1,2016-12-17 10:29:20-905,2016-12-17 10:29:20-915
Reason : newTester.DHTException: no result
Fail : CREATE_FILE : test2\a94a8fe5ccb19ba6\3896BC025342C219,0:288533,2016-12-17 10:29:20-915,2016-12-17 10:29:20-925
Reason : newTester.DHTException: no result
Fail : LS : test2\a94a8fe5ccb19ba6\,0:-1,2016-12-17 10:29:20-925,2016-12-17 10:29:20-935
Reason : newTester.DHTException: no result
Fail : CREATE_FILE : test2\a94a8fe5ccb19ba6\2a5bd02710e975a7\5384CD632131145B,0:3107839,2016-12-17 10:29:20-935,2016-12-17 10:29:20-944
Reason : newTester.DHTException: no result
Fail : LS : test2\a94a8fe5ccb19ba6\2a5bd02710e975a7\,0:-1,2016-12-17 10:29:20-945,2016-12-17 10:29:20-954
Reason : newTester.DHTException: no result
Fail : CREATE_FILE : test2\a94a8fe5ccb19ba6\2a5bd02710e975a7\5842AFB565BCF9B1,0:337147,2016-12-17 10:29:20-954,2016-12-17 10:29:20-967
Reason : newTester.DHTException: no result
Fail : LS : test2\a94a8fe5ccb19ba6\2a5bd02710e975a7\,0:-1,2016-12-17 10:29:20-967,2016-12-17 10:29:20-977
Reason : newTester.DHTException: no result
Fail : CREATE_FILE : test2\a94a8fe5ccb19ba6\2a5bd02710e975a7\5E144EB84CD3C34B,0:3033263,2016-12-17 10:29:20-977,2016-12-17 10:29:20-989
Reason : newTester.DHTException: no result
Fail : LS : test2\a94a8fe5ccb19ba6\2a5bd02710e975a7\,0:-1,2016-12-17 10:29:20-989,2016-12-17 10:29:20-999
Reason : newTester.DHTException: no result
Fail : CREATE_FILE : test2\a94a8fe5ccb19ba6\369DA38E38885B42,0:2524542,2016-12-17 10:29:20-999,2016-12-17 10:29:21-009
Reason : newTester.DHTException: no result
Fail : LS : test2\a94a8fe5ccb19ba6\,0:-1,2016-12-17 10:29:21-009,2016-12-17 10:29:21-018
Reason : newTester.DHTException: no result
Fail : CREATE_FILE : test2\a94a8fe5ccb19ba6\2a5bd02710e975a7\15120C2E75B7F7AA,0:2032935,2016-12-17 10:29:21-019,2016-12-17 10:29:21-028
Reason : newTester.DHTException: no result
Fail : LS : test2\a94a8fe5ccb19ba6\2a5bd02710e975a7\,0:-1,2016-12-17 10:29:21-028,2016-12-17 10:29:21-038
Reason : newTester.DHTException: no result
Fail : CREATE_FILE : test2\a94a8fe5ccb19ba6\1F055B1D65A6D680,0:458144,2016-12-17 10:29:21-038,2016-12-17 10:29:21-050
Reason : newTester.DHTException: no result
Fail : LS : test2\a94a8fe5ccb19ba6\,0:-1,2016-12-17 10:29:21-050,2016-12-17 10:29:21-060
Reason : newTester.DHTException: no result
Fail : CREATE_FILE : test2\a94a8fe5ccb19ba6\2a5bd02710e975a7\2EE55462064C8A7A,0:164295,2016-12-17 10:29:21-060,2016-12-17 10:29:21-078
Reason : newTester.DHTException: no result
Fail : SEQ_READ : test1\c5a5e5562b038073\a39ea9c72a98de10\11562aa867a5f398,0:0,2016-12-17 10:29:21-078,2016-12-17 10:29:21-088
Reason : newTester.DHTException: no result
Fail : SEQ_READ : test1\c5a5e5562b038073\a39ea9c72a98de10\aa61f113a9b13deb,0:438,2016-12-17 10:29:21-088,2016-12-17 10:29:21-099
Reason : newTester.DHTException: no result
Fail : LS : test2\a94a8fe5ccb19ba6\2a5bd02710e975a7\,0:-1,2016-12-17 10:29:21-099,2016-12-17 10:29:21-110
Reason : newTester.DHTException: no result
Fail : CREATE_FILE : test2\a94a8fe5ccb19ba6\2a5bd02710e975a7\5201EBF9428CC601,0:3038223,2016-12-17 10:29:21-110,2016-12-17 10:29:21-120
Reason : newTester.DHTException: no result
Fail : LS : test2\a94a8fe5ccb19ba6\2a5bd02710e975a7\,0:-1,2016-12-17 10:29:21-120,2016-12-17 10:29:21-130
Reason : newTester.DHTException: no result
Fail : CREATE_FILE : test2\a94a8fe5ccb19ba6\6FD013460C33C522,0:2367241,2016-12-17 10:29:21-130,2016-12-17 10:29:21-140
Reason : newTester.DHTException: no result
Fail : LS : test2\a94a8fe5ccb19ba6\,0:-1,2016-12-17 10:29:21-140,2016-12-17 10:29:21-150
Reason : newTester.DHTException: no result
Fail : CREATE_FILE : test2\a94a8fe5ccb19ba6\263D02AD32BA2B79,0:1761829,2016-12-17 10:29:21-150,2016-12-17 10:29:21-160
Reason : newTester.DHTException: no result
Fail : SEQ_READ : test2\acde102dac5bbe15,0:3072,2016-12-17 10:29:21-160,2016-12-17 10:29:21-172
Reason : newTester.DHTException: no result
Fail : LS : test2\a94a8fe5ccb19ba6\,0:-1,2016-12-17 10:29:21-172,2016-12-17 10:29:21-183
Reason : newTester.DHTException: no result
Fail : CREATE_FILE : test2\a94a8fe5ccb19ba6\19FE634432D6192E,0:2635576,2016-12-17 10:29:21-183,2016-12-17 10:29:21-194
Reason : newTester.DHTException: no result
Fail : LS : test2\a94a8fe5ccb19ba6\,0:-1,2016-12-17 10:29:21-194,2016-12-17 10:29:21-204
Reason : newTester.DHTException: no result
Fail : CREATE_FILE : test2\a94a8fe5ccb19ba6\3445CA9037DF7D90,0:1591729,2016-12-17 10:29:21-204,2016-12-17 10:29:21-218
Reason : newTester.DHTException: no result
Fail : LS : test2\a94a8fe5ccb19ba6\,0:-1,2016-12-17 10:29:21-218,2016-12-17 10:29:21-230
Reason : newTester.DHTException: no result
Fail : CREATE_FILE : test2\a94a8fe5ccb19ba6\2a5bd02710e975a7\378D04462ACA731F,0:2970212,2016-12-17 10:29:21-230,2016-12-17 10:29:21-241
Reason : newTester.DHTException: no result
Fail : LS : test2\a94a8fe5ccb19ba6\2a5bd02710e975a7\,0:-1,2016-12-17 10:29:21-241,2016-12-17 10:29:21-252
Reason : newTester.DHTException: no result
Fail : CREATE_FILE : test2\a94a8fe5ccb19ba6\2a5bd02710e975a7\35F7F5205B8B6755,0:2667435,2016-12-17 10:29:21-252,2016-12-17 10:29:21-263
Reason : newTester.DHTException: no result
Fail : LS : test2\a94a8fe5ccb19ba6\2a5bd02710e975a7\,0:-1,2016-12-17 10:29:21-263,2016-12-17 10:29:21-273
Reason : newTester.DHTException: no result
Fail : CREATE_FILE : test2\a94a8fe5ccb19ba6\74834D4C348BFCD8,0:852942,2016-12-17 10:29:21-274,2016-12-17 10:29:21-284
Reason : newTester.DHTException: no result
Fail : LS : test2\a94a8fe5ccb19ba6\,0:-1,2016-12-17 10:29:21-285,2016-12-17 10:29:21-295
Reason : newTester.DHTException: no result
Fail : CREATE_FILE : test2\a94a8fe5ccb19ba6\2F20105F348F323D,0:1281003,2016-12-17 10:29:21-295,2016-12-17 10:29:21-306
Reason : newTester.DHTException: no result
Fail : LS : test2\a94a8fe5ccb19ba6\,0:-1,2016-12-17 10:29:21-306,2016-12-17 10:29:21-316
Reason : newTester.DHTException: no result
Fail : CREATE_FILE : test2\a94a8fe5ccb19ba6\2a5bd02710e975a7\4B74AC4348004F7F,0:3271923,2016-12-17 10:29:21-317,2016-12-17 10:29:21-327
Reason : newTester.DHTException: no result
Fail : LS : test2\a94a8fe5ccb19ba6\2a5bd02710e975a7\,0:-1,2016-12-17 10:29:21-327,2016-12-17 10:29:21-338
Reason : newTester.DHTException: no result
Fail : CREATE_FILE : test2\a94a8fe5ccb19ba6\667B67B76BBDDBD2,0:1415313,2016-12-17 10:29:21-338,2016-12-17 10:29:21-349
Reason : newTester.DHTException: no result
Fail : LS : test2\a94a8fe5ccb19ba6\,0:-1,2016-12-17 10:29:21-349,2016-12-17 10:29:21-360
Reason : newTester.DHTException: no result
Fail : CREATE_FILE : test2\a94a8fe5ccb19ba6\5BB2FF831814EBC0,0:2675927,2016-12-17 10:29:21-360,2016-12-17 10:29:21-371
Reason : newTester.DHTException: no result
Fail : LS : test2\a94a8fe5ccb19ba6\,0:-1,2016-12-17 10:29:21-371,2016-12-17 10:29:21-382
Reason : newTester.DHTException: no result
Fail : CREATE_FILE : test2\a94a8fe5ccb19ba6\586CAA5E15ABCD85,0:3015954,2016-12-17 10:29:21-382,2016-12-17 10:29:21-393
Reason : newTester.DHTException: no result
Fail : LS : test2\a94a8fe5ccb19ba6\,0:-1,2016-12-17 10:29:21-393,2016-12-17 10:29:21-404
Reason : newTester.DHTException: no result
Fail : CREATE_FILE : test2\a94a8fe5ccb19ba6\2a5bd02710e975a7\1C0B5B0149E81D1C,0:1389327,2016-12-17 10:29:21-404,2016-12-17 10:29:21-415
Reason : newTester.DHTException: no result
Fail : LS : test2\a94a8fe5ccb19ba6\2a5bd02710e975a7\,0:-1,2016-12-17 10:29:21-415,2016-12-17 10:29:21-426
Reason : newTester.DHTException: no result
Fail : CREATE_FILE : test2\a94a8fe5ccb19ba6\2a5bd02710e975a7\598D3C33412DC02F,0:361046,2016-12-17 10:29:21-427,2016-12-17 10:29:21-440
Reason : newTester.DHTException: no result
Fail : LS : test2\a94a8fe5ccb19ba6\2a5bd02710e975a7\,0:-1,2016-12-17 10:29:21-440,2016-12-17 10:29:21-453
Reason : newTester.DHTException: no result
Fail : CREATE_FILE : test2\a94a8fe5ccb19ba6\2a5bd02710e975a7\10D869450FC68213,0:3626834,2016-12-17 10:29:21-453,2016-12-17 10:29:21-465
Reason : newTester.DHTException: no result
Fail : LS : test2\a94a8fe5ccb19ba6\2a5bd02710e975a7\,0:-1,2016-12-17 10:29:21-465,2016-12-17 10:29:21-478
Reason : newTester.DHTException: no result
Fail : CREATE_FILE : test2\a94a8fe5ccb19ba6\07CA835E34B0D865,0:1446903,2016-12-17 10:29:21-478,2016-12-17 10:29:21-491
Reason : newTester.DHTException: no result
Fail : LS : test2\a94a8fe5ccb19ba6\,0:-1,2016-12-17 10:29:21-491,2016-12-17 10:29:21-503
Reason : newTester.DHTException: no result
Fail : CREATE_FILE : test2\a94a8fe5ccb19ba6\508710771B72482F,0:2900420,2016-12-17 10:29:21-503,2016-12-17 10:29:21-518
Reason : newTester.DHTException: no result
Fail : LS : test2\a94a8fe5ccb19ba6\,0:-1,2016-12-17 10:29:21-519,2016-12-17 10:29:21-530
Reason : newTester.DHTException: no result
Fail : CREATE_FILE : test2\a94a8fe5ccb19ba6\300A7E5F5D59BDC6,0:2131170,2016-12-17 10:29:21-531,2016-12-17 10:29:21-543
Reason : newTester.DHTException: no result
Fail : LS : test2\a94a8fe5ccb19ba6\,0:-1,2016-12-17 10:29:21-543,2016-12-17 10:29:21-555
Reason : newTester.DHTException: no result
Fail : CREATE_FILE : test2\a94a8fe5ccb19ba6\2a5bd02710e975a7\47F634343D196253,0:402818,2016-12-17 10:29:21-555,2016-12-17 10:29:21-569
Reason : newTester.DHTException: no result
Fail : LS : test2\a94a8fe5ccb19ba6\2a5bd02710e975a7\,0:-1,2016-12-17 10:29:21-569,2016-12-17 10:29:21-586
Reason : newTester.DHTException: no result
Fail : CREATE_FILE : test2\a94a8fe5ccb19ba6\2a5bd02710e975a7\4B9E8E94541136B4,0:273078,2016-12-17 10:29:21-586,2016-12-17 10:29:21-599
Reason : newTester.DHTException: no result
Fail : LS : test2\a94a8fe5ccb19ba6\2a5bd02710e975a7\,0:-1,2016-12-17 10:29:21-599,2016-12-17 10:29:21-611
Reason : newTester.DHTException: no result
Fail : CREATE_FILE : test2\a94a8fe5ccb19ba6\2a5bd02710e975a7\7ABDB0EF02D3C43E,0:2464723,2016-12-17 10:29:21-611,2016-12-17 10:29:21-623
Reason : newTester.DHTException: no result
Fail : LS : test2\a94a8fe5ccb19ba6\2a5bd02710e975a7\,0:-1,2016-12-17 10:29:21-623,2016-12-17 10:29:21-636
Reason : newTester.DHTException: no result
Fail : CREATE_FILE : test2\a94a8fe5ccb19ba6\0218F9995CA788DD,0:813348,2016-12-17 10:29:21-636,2016-12-17 10:29:21-648
Reason : newTester.DHTException: no result
Fail : LS : test2\a94a8fe5ccb19ba6\,0:-1,2016-12-17 10:29:21-648,2016-12-17 10:29:21-660
Reason : newTester.DHTException: no result
Fail : CREATE_FILE : test2\a94a8fe5ccb19ba6\2a5bd02710e975a7\0B58D802511C11F9,0:2092044,2016-12-17 10:29:21-660,2016-12-17 10:29:21-672
Reason : newTester.DHTException: no result
Fail : LS : test2\a94a8fe5ccb19ba6\2a5bd02710e975a7\,0:-1,2016-12-17 10:29:21-672,2016-12-17 10:29:21-684
Reason : newTester.DHTException: no result
Fail : CREATE_FILE : test2\a94a8fe5ccb19ba6\2a5bd02710e975a7\1090B21812E872C1,0:348753,2016-12-17 10:29:21-684,2016-12-17 10:29:21-697
Reason : newTester.DHTException: no result
Fail : LS : test2\a94a8fe5ccb19ba6\2a5bd02710e975a7\,0:-1,2016-12-17 10:29:21-697,2016-12-17 10:29:21-709
Reason : newTester.DHTException: no result
Fail : CREATE_FILE : test2\a94a8fe5ccb19ba6\1904358B107A72FB,0:196713,2016-12-17 10:29:21-710,2016-12-17 10:29:21-723
Reason : newTester.DHTException: no result
Fail : LS : test2\a94a8fe5ccb19ba6\,0:-1,2016-12-17 10:29:21-723,2016-12-17 10:29:21-735
Reason : newTester.DHTException: no result
Fail : CREATE_FILE : test2\a94a8fe5ccb19ba6\2a5bd02710e975a7\7B38D05706BBD83A,0:2778016,2016-12-17 10:29:21-735,2016-12-17 10:29:21-748
Reason : newTester.DHTException: no result
Fail : LS : test2\a94a8fe5ccb19ba6\2a5bd02710e975a7\,0:-1,2016-12-17 10:29:21-748,2016-12-17 10:29:21-762
Reason : newTester.DHTException: no result
Fail : CREATE_FILE : test2\a94a8fe5ccb19ba6\2F2D2B4A53CCC47F,0:1999919,2016-12-17 10:29:21-763,2016-12-17 10:29:21-775
Reason : newTester.DHTException: no result
Fail : LS : test2\a94a8fe5ccb19ba6\,0:-1,2016-12-17 10:29:21-775,2016-12-17 10:29:21-787
Reason : newTester.DHTException: no result
Fail : CREATE_FILE : test2\a94a8fe5ccb19ba6\2FA3DB41290722A1,0:3114926,2016-12-17 10:29:21-787,2016-12-17 10:29:21-799
Reason : newTester.DHTException: no result
Fail : LS : test2\a94a8fe5ccb19ba6\,0:-1,2016-12-17 10:29:21-799,2016-12-17 10:29:21-817
Reason : newTester.DHTException: no result
Fail : CREATE_FILE : test2\a94a8fe5ccb19ba6\4A0B7060150F9F42,0:3659699,2016-12-17 10:29:21-817,2016-12-17 10:29:21-829
Reason : newTester.DHTException: no result
Fail : LS : test2\a94a8fe5ccb19ba6\,0:-1,2016-12-17 10:29:21-829,2016-12-17 10:29:21-841
Reason : newTester.DHTException: no result
Fail : CREATE_FILE : test2\a94a8fe5ccb19ba6\2a5bd02710e975a7\220478C568108072,0:294238,2016-12-17 10:29:21-841,2016-12-17 10:29:21-853
Reason : newTester.DHTException: no result
Fail : LS : test2\a94a8fe5ccb19ba6\2a5bd02710e975a7\,0:-1,2016-12-17 10:29:21-853,2016-12-17 10:29:21-865
Reason : newTester.DHTException: no result
Fail : CREATE_FILE : test2\a94a8fe5ccb19ba6\03EFC06C1179179D,0:2897512,2016-12-17 10:29:21-866,2016-12-17 10:29:21-878
Reason : newTester.DHTException: no result
Fail : LS : test2\a94a8fe5ccb19ba6\,0:-1,2016-12-17 10:29:21-878,2016-12-17 10:29:21-890
Reason : newTester.DHTException: no result
Fail : CREATE_FILE : test2\a94a8fe5ccb19ba6\5238089F18C0DB41,0:3341565,2016-12-17 10:29:21-890,2016-12-17 10:29:21-902
Reason : newTester.DHTException: no result
Fail : LS : test2\a94a8fe5ccb19ba6\,0:-1,2016-12-17 10:29:21-902,2016-12-17 10:29:21-914
Reason : newTester.DHTException: no result
Fail : CREATE_FILE : test2\a94a8fe5ccb19ba6\2a5bd02710e975a7\6457C2C15D01731B,0:3553099,2016-12-17 10:29:21-915,2016-12-17 10:29:21-927
Reason : newTester.DHTException: no result
Fail : LS : test2\a94a8fe5ccb19ba6\2a5bd02710e975a7\,0:-1,2016-12-17 10:29:21-927,2016-12-17 10:29:21-939
Reason : newTester.DHTException: no result
Fail : CREATE_FILE : test2\a94a8fe5ccb19ba6\2a5bd02710e975a7\30D6CB6524F28341,0:2038382,2016-12-17 10:29:21-940,2016-12-17 10:29:21-953
Reason : newTester.DHTException: no result
Fail : LS : test2\a94a8fe5ccb19ba6\2a5bd02710e975a7\,0:-1,2016-12-17 10:29:21-953,2016-12-17 10:29:21-968
Reason : newTester.DHTException: no result
Fail : CREATE_FILE : test2\a94a8fe5ccb19ba6\3A36C22C25EB4037,0:3834252,2016-12-17 10:29:21-968,2016-12-17 10:29:21-981
Reason : newTester.DHTException: no result
Fail : LS : test2\a94a8fe5ccb19ba6\,0:-1,2016-12-17 10:29:21-981,2016-12-17 10:29:21-995
Reason : newTester.DHTException: no result
Fail : CREATE_FILE : test2\a94a8fe5ccb19ba6\1F92DF447B32467B,0:2476107,2016-12-17 10:29:21-995,2016-12-17 10:29:22-008
Reason : newTester.DHTException: no result
Fail : LS : test2\a94a8fe5ccb19ba6\,0:-1,2016-12-17 10:29:22-008,2016-12-17 10:29:22-021
Reason : newTester.DHTException: no result
Fail : CREATE_FILE : test2\a94a8fe5ccb19ba6\2a5bd02710e975a7\7BA2ACB929543660,0:2435071,2016-12-17 10:29:22-021,2016-12-17 10:29:22-033
Reason : newTester.DHTException: no result
Fail : LS : test2\a94a8fe5ccb19ba6\2a5bd02710e975a7\,0:-1,2016-12-17 10:29:22-033,2016-12-17 10:29:22-046
Reason : newTester.DHTException: no result
Fail : CREATE_FILE : test2\a94a8fe5ccb19ba6\2a5bd02710e975a7\2ED0FCB93241F9E1,0:3136943,2016-12-17 10:29:22-046,2016-12-17 10:29:22-059
Reason : newTester.DHTException: no result
Fail : LS : test2\a94a8fe5ccb19ba6\2a5bd02710e975a7\,0:-1,2016-12-17 10:29:22-059,2016-12-17 10:29:22-071
Reason : newTester.DHTException: no result
Fail : CREATE_FILE : test2\a94a8fe5ccb19ba6\12C684B46C494DFC,0:702195,2016-12-17 10:29:22-071,2016-12-17 10:29:22-084
Reason : newTester.DHTException: no result
Fail : LS : test2\a94a8fe5ccb19ba6\,0:-1,2016-12-17 10:29:22-084,2016-12-17 10:29:22-097
Reason : newTester.DHTException: no result
Fail : CREATE_FILE : test2\a94a8fe5ccb19ba6\2a5bd02710e975a7\677EDF5544CDCD54,0:1348161,2016-12-17 10:29:22-097,2016-12-17 10:29:22-110
Reason : newTester.DHTException: no result
Fail : LS : test2\a94a8fe5ccb19ba6\2a5bd02710e975a7\,0:-1,2016-12-17 10:29:22-110,2016-12-17 10:29:22-123
Reason : newTester.DHTException: no result
Fail : CREATE_FILE : test2\a94a8fe5ccb19ba6\2a5bd02710e975a7\3B05A4CB6FC6B427,0:2941350,2016-12-17 10:29:22-124,2016-12-17 10:29:22-137
Reason : newTester.DHTException: no result
Fail : LS : test2\a94a8fe5ccb19ba6\2a5bd02710e975a7\,0:-1,2016-12-17 10:29:22-137,2016-12-17 10:29:22-150
Reason : newTester.DHTException: no result
Fail : CREATE_FILE : test2\a94a8fe5ccb19ba6\2a5bd02710e975a7\6C02B4172D1CB58A,0:934633,2016-12-17 10:29:22-150,2016-12-17 10:29:22-164
Reason : newTester.DHTException: no result
Fail : LS : test2\a94a8fe5ccb19ba6\2a5bd02710e975a7\,0:-1,2016-12-17 10:29:22-164,2016-12-17 10:29:22-177
Reason : newTester.DHTException: no result
Fail : CREATE_FILE : test2\a94a8fe5ccb19ba6\122B1CD300EEDA01,0:2856876,2016-12-17 10:29:22-177,2016-12-17 10:29:22-190
Reason : newTester.DHTException: no result
Fail : LS : test2\a94a8fe5ccb19ba6\,0:-1,2016-12-17 10:29:22-190,2016-12-17 10:29:22-203
Reason : newTester.DHTException: no result
Fail : CREATE_FILE : test2\a94a8fe5ccb19ba6\05957A8622397355,0:1978716,2016-12-17 10:29:22-203,2016-12-17 10:29:22-216
Reason : newTester.DHTException: no result
Fail : LS : test2\a94a8fe5ccb19ba6\,0:-1,2016-12-17 10:29:22-216,2016-12-17 10:29:22-229
Reason : newTester.DHTException: no result
Fail : CREATE_FILE : test2\a94a8fe5ccb19ba6\2a5bd02710e975a7\18079D05520D57EB,0:2948985,2016-12-17 10:29:22-229,2016-12-17 10:29:22-243
Reason : newTester.DHTException: no result
Fail : LS : test2\a94a8fe5ccb19ba6\2a5bd02710e975a7\,0:-1,2016-12-17 10:29:22-243,2016-12-17 10:29:22-257
Reason : newTester.DHTException: no result
Fail : CREATE_FILE : test2\a94a8fe5ccb19ba6\12E683B740E8D851,0:16322,2016-12-17 10:29:22-257,2016-12-17 10:29:22-272
Reason : newTester.DHTException: no result
Fail : LS : test2\a94a8fe5ccb19ba6\,0:-1,2016-12-17 10:29:22-272,2016-12-17 10:29:22-284
Reason : newTester.DHTException: no result
Fail : CREATE_FILE : test2\a94a8fe5ccb19ba6\2a5bd02710e975a7\194B77C76FF6F23D,0:3442029,2016-12-17 10:29:22-285,2016-12-17 10:29:22-300
Reason : newTester.DHTException: no result
Fail : LS : test2\a94a8fe5ccb19ba6\2a5bd02710e975a7\,0:-1,2016-12-17 10:29:22-300,2016-12-17 10:29:22-315
Reason : newTester.DHTException: no result
Fail : CREATE_FILE : test2\a94a8fe5ccb19ba6\38E5736D278AF216,0:1786777,2016-12-17 10:29:22-315,2016-12-17 10:29:22-330
Reason : newTester.DHTException: no result
Fail : LS : test2\a94a8fe5ccb19ba6\,0:-1,2016-12-17 10:29:22-330,2016-12-17 10:29:22-343
Reason : newTester.DHTException: no result
Fail : CREATE_FILE : test2\a94a8fe5ccb19ba6\6CB7AFAB40083A13,0:3391558,2016-12-17 10:29:22-343,2016-12-17 10:29:22-361
Reason : newTester.DHTException: no result
Fail : LS : test2\a94a8fe5ccb19ba6\,0:-1,2016-12-17 10:29:22-361,2016-12-17 10:29:22-381
Reason : newTester.DHTException: no result
Fail : CREATE_FILE : test2\a94a8fe5ccb19ba6\18E2E412435430E0,0:2220228,2016-12-17 10:29:22-381,2016-12-17 10:29:22-395
Reason : newTester.DHTException: no result
Fail : LS : test2\a94a8fe5ccb19ba6\,0:-1,2016-12-17 10:29:22-395,2016-12-17 10:29:22-408
Reason : newTester.DHTException: no result
Fail : CREATE_FILE : test2\a94a8fe5ccb19ba6\2a5bd02710e975a7\511B3EE3796DE7FF,0:2280712,2016-12-17 10:29:22-409,2016-12-17 10:29:22-422
Reason : newTester.DHTException: no result
Fail : LS : test2\a94a8fe5ccb19ba6\2a5bd02710e975a7\,0:-1,2016-12-17 10:29:22-422,2016-12-17 10:29:22-437
Reason : newTester.DHTException: no result
Fail : CREATE_FILE : test2\a94a8fe5ccb19ba6\44A714002E9612CA,0:3588232,2016-12-17 10:29:22-437,2016-12-17 10:29:22-451
Reason : newTester.DHTException: no result
Fail : LS : test2\a94a8fe5ccb19ba6\,0:-1,2016-12-17 10:29:22-451,2016-12-17 10:29:22-471
Reason : newTester.DHTException: no result
Fail : CREATE_FILE : test2\a94a8fe5ccb19ba6\01145C2D3B1B48BC,0:1840025,2016-12-17 10:29:22-471,2016-12-17 10:29:22-485
Reason : newTester.DHTException: no result
Fail : SEQ_READ : test1\f71b43c3136efa4f\c7d9912886e5ccc7\6670af231c096f09,0:129,2016-12-17 10:29:22-485,2016-12-17 10:29:22-498
Reason : newTester.DHTException: no result
Fail : LS : test2\a94a8fe5ccb19ba6\,0:-1,2016-12-17 10:29:22-498,2016-12-17 10:29:22-517
Reason : newTester.DHTException: no result
Fail : CREATE_FILE : test2\a94a8fe5ccb19ba6\2a5bd02710e975a7\221C01665DEA4BD4,0:1898003,2016-12-17 10:29:22-517,2016-12-17 10:29:22-540
Reason : newTester.DHTException: no result
Fail : LS : test2\a94a8fe5ccb19ba6\2a5bd02710e975a7\,0:-1,2016-12-17 10:29:22-540,2016-12-17 10:29:22-553
Reason : newTester.DHTException: no result
Fail : CREATE_FILE : test2\a94a8fe5ccb19ba6\1F3884B30BBF27CA,0:1706073,2016-12-17 10:29:22-554,2016-12-17 10:29:22-567
Reason : newTester.DHTException: no result
Fail : LS : test2\a94a8fe5ccb19ba6\,0:-1,2016-12-17 10:29:22-567,2016-12-17 10:29:22-581
Reason : newTester.DHTException: no result
Fail : CREATE_FILE : test2\a94a8fe5ccb19ba6\2a5bd02710e975a7\63BB624667E49690,0:73894,2016-12-17 10:29:22-581,2016-12-17 10:29:22-596
Reason : newTester.DHTException: no result
Fail : LS : test2\a94a8fe5ccb19ba6\2a5bd02710e975a7\,0:-1,2016-12-17 10:29:22-596,2016-12-17 10:29:22-610
Reason : newTester.DHTException: no result
Fail : CREATE_FILE : test2\a94a8fe5ccb19ba6\2F75CFBE516F548F,0:2933046,2016-12-17 10:29:22-610,2016-12-17 10:29:22-624
Reason : newTester.DHTException: no result
Fail : LS : test2\a94a8fe5ccb19ba6\,0:-1,2016-12-17 10:29:22-624,2016-12-17 10:29:22-638
Reason : newTest