Success : SEQ_READ : test1\c5a5e5562b038073\3c16ab634e85296e,0:105016,2016-12-15 10:25:00-851,2016-12-15 10:25:01-124
Success : CREATE_FILE : test2\a94a8fe5ccb19ba6\149185B32C41357B,0:1118807,2016-12-15 10:25:01-244,2016-12-15 10:25:01-681
Success : LS : test2\a94a8fe5ccb19ba6\,0:-1,2016-12-15 10:25:01-754,2016-12-15 10:25:01-971
Success : CREATE_FILE : test2\a94a8fe5ccb19ba6\2a5bd02710e975a7\10EF510447814C61,0:3527246,2016-12-15 10:25:02-076,2016-12-15 10:25:05-485
Success : LS : test2\a94a8fe5ccb19ba6\2a5bd02710e975a7\,0:-1,2016-12-15 10:25:05-583,2016-12-15 10:25:05-762
Success : CREATE_FILE : test2\a94a8fe5ccb19ba6\112DC74B2075379A,0:2508420,2016-12-15 10:25:05-873,2016-12-15 10:25:07-775
Success : LS : test1\f71b43c3136efa4f\9f93e73d6896cb7b\,0:-1,2016-12-15 10:25:07-858,2016-12-15 10:25:08-055
Success : LS : test1\f71b43c3136efa4f\,0:-1,2016-12-15 10:25:08-166,2016-12-15 10:25:08-372
Success : LS : test2\a94a8fe5ccb19ba6\,0:-1,2016-12-15 10:25:08-492,2016-12-15 10:25:08-715
Success : SEQ_READ : test1\c5a5e5562b038073\0caa882bd1034750,0:324096,2016-12-15 10:25:08-827,2016-12-15 10:25:09-022
Success : CREATE_FILE : test2\a94a8fe5ccb19ba6\2a5bd02710e975a7\79F807821236AFE1,0:1788820,2016-12-15 10:25:09-098,2016-12-15 10:25:10-167
Success : LS : test2\a94a8fe5ccb19ba6\,0:-1,2016-12-15 10:25:10-287,2016-12-15 10:25:10-507
Success : LS : test2\a94a8fe5ccb19ba6\2a5bd02710e975a7\,0:-1,2016-12-15 10:25:10-628,2016-12-15 10:25:10-837
Success : LS : test2\a94a8fe5ccb19ba6\2a5bd02710e975a7\,0:-1,2016-12-15 10:25:10-958,2016-12-15 10:25:11-165
Success : CREATE_FILE : test2\a94a8fe5ccb19ba6\1CC50CCD5B78D0CA,0:2922277,2016-12-15 10:25:11-277,2016-12-15 10:25:13-671
Fail : LS : test1,0:-1,2016-12-15 10:25:13-747,2016-12-15 10:25:13-747
Reason : java.lang.StringIndexOutOfBoundsException: String index out of range: -1
Success : LS : test2\a94a8fe5ccb19ba6\,0:-1,2016-12-15 10:25:13-864,2016-12-15 10:25:14-095
Success : SEQ_READ : test2\6c33a983eec1b409,0:2291,2016-12-15 10:25:14-207,2016-12-15 10:25:14-402
Success : CREATE_FILE : test2\a94a8fe5ccb19ba6\22447EB26420165E,0:3311771,2016-12-15 10:25:14-722,2016-12-15 10:25:17-512
Success : SEQ_READ : test2\a94a8fe5ccb19ba6\2a5bd02710e975a7\254d76d2609fec03,0:2291,2016-12-15 10:25:17-620,2016-12-15 10:25:17-768
Success : LS : test2\a94a8fe5ccb19ba6\,0:-1,2016-12-15 10:25:17-839,2016-12-15 10:25:18-100
Success : CREATE_FILE : test2\a94a8fe5ccb19ba6\7AE7FD1C41766734,0:2883529,2016-12-15 10:25:18-171,2016-12-15 10:25:20-393
Success : LS : test2\a94a8fe5ccb19ba6\,0:-1,2016-12-15 10:25:20-465,2016-12-15 10:25:20-623
Success : CREATE_FILE : test2\a94a8fe5ccb19ba6\2a5bd02710e975a7\0E6C0FEE535FD967,0:837891,2016-12-15 10:25:20-716,2016-12-15 10:25:20-951
Success : SEQ_READ : test1\f71b43c3136efa4f\52481749c0cdecd6\6670af231c096f09,0:129,2016-12-15 10:25:21-036,2016-12-15 10:25:21-175
Success : LS : test2\a94a8fe5ccb19ba6\2a5bd02710e975a7\,0:-1,2016-12-15 10:25:21-247,2016-12-15 10:25:21-410
Success : SEQ_READ : test2\6c33a983eec1b409,0:2291,2016-12-15 10:25:21-481,2016-12-15 10:25:21-710
Success : LS : test1\f71b43c3136efa4f\9f93e73d6896cb7b\,0:-1,2016-12-15 10:25:21-830,2016-12-15 10:25:21-989
Success : CREATE_FILE : test2\a94a8fe5ccb19ba6\00B8E3832A8D02CA,0:2197550,2016-12-15 10:25:23-125,2016-12-15 10:25:24-538
Success : LS : test2\a94a8fe5ccb19ba6\,0:-1,2016-12-15 10:25:24-622,2016-12-15 10:25:24-784
Success : CREATE_FILE : test2\a94a8fe5ccb19ba6\2a5bd02710e975a7\3D7570ED301A18DE,0:619505,2016-12-15 10:25:24-898,2016-12-15 10:25:25-144
Fail : LS : test1,0:-1,2016-12-15 10:25:25-255,2016-12-15 10:25:25-255
Reason : java.lang.StringIndexOutOfBoundsException: String index out of range: -1
Success : LS : test2\a94a8fe5ccb19ba6\2a5bd02710e975a7\,0:-1,2016-12-15 10:25:25-372,2016-12-15 10:25:25-550
Success : LS : test1\f71b43c3136efa4f\52481749c0cdecd6\,0:-1,2016-12-15 10:25:25-892,2016-12-15 10:25:26-080
Fail : LS : test1,0:-1,2016-12-15 10:25:26-177,2016-12-15 10:25:26-177
Reason : java.lang.StringIndexOutOfBoundsException: String index out of range: -1
Success : CREATE_FILE : test2\a94a8fe5ccb19ba6\2a5bd02710e975a7\1844B0AB7CBD4EA7,0:1311991,2016-12-15 10:25:26-290,2016-12-15 10:25:26-854
Success : LS : test2\a94a8fe5ccb19ba6\2a5bd02710e975a7\,0:-1,2016-12-15 10:25:26-941,2016-12-15 10:25:27-114
Success : SEQ_READ : test2\acde102dac5bbe15,0:6030,2016-12-15 10:25:27-185,2016-12-15 10:25:27-364
Success : SEQ_READ : test1\c5a5e5562b038073\fbe0d7653f0909cb,0:1611,2016-12-15 10:25:27-470,2016-12-15 10:25:27-683
Success : LS : test1\f71b43c3136efa4f\9f93e73d6896cb7b\,0:-1,2016-12-15 10:25:27-762,2016-12-15 10:25:27-915
Success : LS : test2\a94a8fe5ccb19ba6\2a5bd02710e975a7\,0:-1,2016-12-15 10:25:27-986,2016-12-15 10:25:28-138
Success : CREATE_FILE : test2\a94a8fe5ccb19ba6\70A887731A067CFE,0:3578053,2016-12-15 10:25:28-256,2016-12-15 10:25:31-161
Success : SEQ_READ : test2\acde102dac5bbe15,0:6030,2016-12-15 10:25:31-279,2016-12-15 10:25:31-428
Success : LS : test1\c5a5e5562b038073\,0:-1,2016-12-15 10:25:31-524,2016-12-15 10:25:31-714
Success : LS : test2\a94a8fe5ccb19ba6\,0:-1,2016-12-15 10:25:31-786,2016-12-15 10:25:31-954
Success : LS : test1\f71b43c3136efa4f\,0:-1,2016-12-15 10:25:32-051,2016-12-15 10:25:32-244
Success : CREATE_FILE : test2\a94a8fe5ccb19ba6\63FDEADC1F7EE814,0:2077527,2016-12-15 10:25:32-962,2016-12-15 10:25:34-343
Fail : LS : test1,0:-1,2016-12-15 10:25:34-437,2016-12-15 10:25:34-437
Reason : java.lang.StringIndexOutOfBoundsException: String index out of range: -1
Success : LS : test2\a94a8fe5ccb19ba6\,0:-1,2016-12-15 10:25:34-556,2016-12-15 10:25:34-828
Success : CREATE_FILE : test2\a94a8fe5ccb19ba6\2a5bd02710e975a7\47D697805DCA3EB0,0:2510119,2016-12-15 10:25:34-947,2016-12-15 10:25:36-765
Success : SEQ_READ : test1\f71b43c3136efa4f\52481749c0cdecd6\6670af231c096f09,0:129,2016-12-15 10:25:36-879,2016-12-15 10:25:37-066
Success : LS : test2\a94a8fe5ccb19ba6\2a5bd02710e975a7\,0:-1,2016-12-15 10:25:37-164,2016-12-15 10:25:37-347
Success : CREATE_FILE : test2\a94a8fe5ccb19ba6\2a5bd02710e975a7\1016659067B23345,0:863913,2016-12-15 10:25:37-446,2016-12-15 10:25:37-787
Success : LS : test1\f71b43c3136efa4f\83404ffd78f534ff\,0:-1,2016-12-15 10:25:37-908,2016-12-15 10:25:38-070
Success : LS : test2\a94a8fe5ccb19ba6\2a5bd02710e975a7\,0:-1,2016-12-15 10:25:38-138,2016-12-15 10:25:38-362
Success : CREATE_FILE : test2\a94a8fe5ccb19ba6\61FB59737B94F190,0:2905345,2016-12-15 10:25:38-473,2016-12-15 10:25:40-695
Success : LS : test2\a94a8fe5ccb19ba6\,0:-1,2016-12-15 10:25:40-767,2016-12-15 10:25:40-977
Success : LS : test2\a94a8fe5ccb19ba6\,0:-1,2016-12-15 10:25:42-119,2016-12-15 10:25:42-285
Success : LS : test1\f71b43c3136efa4f\52481749c0cdecd6\,0:-1,2016-12-15 10:25:42-358,2016-12-15 10:25:42-494
Success : LS : test1\c5a5e5562b038073\,0:-1,2016-12-15 10:25:42-942,2016-12-15 10:25:43-150
Success : LS : test2\a94a8fe5ccb19ba6\2a5bd02710e975a7\,0:-1,2016-12-15 10:25:43-221,2016-12-15 10:25:43-456
Success : SEQ_READ : test1\c5a5e5562b038073\767c14c8beb1e835,0:3818496,2016-12-15 10:25:43-574,2016-12-15 10:25:43-733
Success : LS : test1\f71b43c3136efa4f\,0:-1,2016-12-15 10:25:43-806,2016-12-15 10:25:43-958
Success : CREATE_FILE : test2\a94a8fe5ccb19ba6\2a5bd02710e975a7\0FFB015F571B49D1,0:2979636,2016-12-15 10:25:44-047,2016-12-15 10:25:46-483
Success : LS : test1\c5a5e5562b038073\,0:-1,2016-12-15 10:25:46-603,2016-12-15 10:25:46-753
Success : LS : test1\f71b43c3136efa4f\83404ffd78f534ff\,0:-1,2016-12-15 10:25:46-867,2016-12-15 10:25:47-028
Success : LS : test2\a94a8fe5ccb19ba6\2a5bd02710e975a7\,0:-1,2016-12-15 10:25:47-141,2016-12-15 10:25:47-338
Success : CREATE_FILE : test2\a94a8fe5ccb19ba6\5AAE2A123A16C977,0:1010509,2016-12-15 10:25:47-416,2016-12-15 10:25:47-669
Success : LS : test2\a94a8fe5ccb19ba6\,0:-1,2016-12-15 10:25:47-776,2016-12-15 10:25:48-007
Success : CREATE_FILE : test2\a94a8fe5ccb19ba6\2a5bd02710e975a7\33F55E3075311C58,0:2677789,2016-12-15 10:25:51-157,2016-12-15 10:25:53-221
Success : LS : test2\a94a8fe5ccb19ba6\,0:-1,2016-12-15 10:25:53-326,2016-12-15 10:25:53-489
Success : LS : test2\a94a8fe5ccb19ba6\2a5bd02710e975a7\,0:-1,2016-12-15 10:25:53-601,2016-12-15 10:25:53-773
Success : LS : test2\a94a8fe5ccb19ba6\2a5bd02710e975a7\,0:-1,2016-12-15 10:25:53-889,2016-12-15 10:25:54-086
Success : CREATE_FILE : test2\a94a8fe5ccb19ba6\2a5bd02710e975a7\7B0893E235B368CB,0:1944070,2016-12-15 10:25:54-160,2016-12-15 10:25:55-411
Success : LS : test2\a94a8fe5ccb19ba6\2a5bd02710e975a7\,0:-1,2016-12-15 10:25:55-521,2016-12-15 10:25:55-748
Success : CREATE_FILE : test2\a94a8fe5ccb19ba6\2a5bd02710e975a7\733DCBD42089A876,0:2975756,2016-12-15 10:25:55-852,2016-12-15 10:25:58-170
Success : LS : test1\c5a5e5562b038073\,0:-1,2016-12-15 10:25:58-282,2016-12-15 10:25:58-477
Success : LS : test1\f71b43c3136efa4f\c7d9912886e5ccc7\,0:-1,2016-12-15 10:25:58-588,2016-12-15 10:25:58-784
Success : LS : test2\a94a8fe5ccb19ba6\2a5bd02710e975a7\,0:-1,2016-12-15 10:25:58-899,2016-12-15 10:25:59-110
Success : SEQ_READ : test1\9832710c94f11d2b,0:34310397,2016-12-15 10:25:59-184,2016-12-15 10:25:59-322
Success : LS : test1\c5a5e5562b038073\a39ea9c72a98de10\,0:-1,2016-12-15 10:26:01-709,2016-12-15 10:26:01-959
Success : LS : test2\a94a8fe5ccb19ba6\,0:-1,2016-12-15 10:26:03-648,2016-12-15 10:26:03-867
Success : LS : test1\f71b43c3136efa4f\c7d9912886e5ccc7\,0:-1,2016-12-15 10:26:04-584,2016-12-15 10:26:04-755
Success : CREATE_FILE : test2\a94a8fe5ccb19ba6\5A97F99342779DBD,0:664911,2016-12-15 10:26:04-827,2016-12-15 10:26:05-037
Success : SEQ_READ : test1\c5a5e5562b038073\738537f9a40e568b,0:17984,2016-12-15 10:26:05-118,2016-12-15 10:26:05-262
Success : LS : test2\a94a8fe5ccb19ba6\,0:-1,2016-12-15 10:26:05-336,2016-12-15 10:26:05-540
Success : LS : test2\a94a8fe5ccb19ba6\,0:-1,2016-12-15 10:26:05-641,2016-12-15 10:26:05-804
Success : LS : test1\f71b43c3136efa4f\,0:-1,2016-12-15 10:26:05-901,2016-12-15 10:26:06-069
Success : SEQ_READ : test1\f71b43c3136efa4f\52481749c0cdecd6\6670af231c096f09,0:129,2016-12-15 10:26:06-145,2016-12-15 10:26:06-275
Success : SEQ_READ : test1\f71b43c3136efa4f\9f93e73d6896cb7b\6670af231c096f09,0:129,2016-12-15 10:26:06-344,2016-12-15 10:26:06-563
Success : LS : test1\f71b43c3136efa4f\9f93e73d6896cb7b\,0:-1,2016-12-15 10:26:06-633,2016-12-15 10:26:06-769
Success : LS : test1\c5a5e5562b038073\,0:-1,2016-12-15 10:26:07-306,2016-12-15 10:26:07-505
Success : LS : test1\f71b43c3136efa4f\9f93e73d6896cb7b\,0:-1,2016-12-15 10:26:07-622,2016-12-15 10:26:07-763
Fail : LS : test1,0:-1,2016-12-15 10:26:07-879,2016-12-15 10:26:07-879
Reason : java.lang.StringIndexOutOfBoundsException: String index out of range: -1
Success : LS : test1\f71b43c3136efa4f\9f93e73d6896cb7b\,0:-1,2016-12-15 10:26:08-307,2016-12-15 10:26:08-507
Success : SEQ_READ : test2\1a7683b6645f9b6a,0:14529,2016-12-15 10:26:08-949,2016-12-15 10:26:09-127
Success : LS : test1\f71b43c3136efa4f\c7d9912886e5ccc7\,0:-1,2016-12-15 10:26:09-443,2016-12-15 10:26:09-580
Success : SEQ_READ : test1\c5a5e5562b038073\3c16ab634e85296e,0:105016,2016-12-15 10:26:11-590,2016-12-15 10:26:11-798
Success : CREATE_FILE : test2\a94a8fe5ccb19ba6\74D6B779325CCFBC,0:753244,2016-12-15 10:26:12-931,2016-12-15 10:26:13-185
Success : LS : test2\a94a8fe5ccb19ba6\,0:-1,2016-12-15 10:26:13-276,2016-12-15 10:26:13-441
Success : LS : test1\f71b43c3136efa4f\52481749c0cdecd6\,0:-1,2016-12-15 10:26:14-120,2016-12-15 10:26:14-281
Fail : LS : test1,0:-1,2016-12-15 10:26:14-379,2016-12-15 10:26:14-379
Reason : java.lang.StringIndexOutOfBoundsException: String index out of range: -1
Success : LS : test2\a94a8fe5ccb19ba6\,0:-1,2016-12-15 10:26:16-636,2016-12-15 10:26:16-817
Success : CREATE_FILE : test2\a94a8fe5ccb19ba6\3CA491C27FBAE1DD,0:4044469,2016-12-15 10:26:17-768,2016-12-15 10:26:21-349
Success : LS : test1\f71b43c3136efa4f\83404ffd78f534ff\,0:-1,2016-12-15 10:26:21-423,2016-12-15 10:26:21-615
Success : LS : test2\a94a8fe5ccb19ba6\,0:-1,2016-12-15 10:26:21-686,2016-12-15 10:26:21-916
Success : CREATE_FILE : test2\a94a8fe5ccb19ba6\2a5bd02710e975a7\717AB04E3C4A2E8B,0:3775699,2016-12-15 10:26:22-037,2016-12-15 10:26:25-342
Success : LS : test1\f71b43c3136efa4f\,0:-1,2016-12-15 10:26:25-444,2016-12-15 10:26:25-595
Success : LS : test2\a94a8fe5ccb19ba6\2a5bd02710e975a7\,0:-1,2016-12-15 10:26:25-667,2016-12-15 10:26:25-865
Success : CREATE_FILE : test2\a94a8fe5ccb19ba6\2a5bd02710e975a7\2AB5A95A03BED0F0,0:981618,2016-12-15 10:26:25-991,2016-12-15 10:26:26-266
Success : LS : test1\c5a5e5562b038073\a39ea9c72a98de10\,0:-1,2016-12-15 10:26:26-357,2016-12-15 10:26:26-501
Success : LS : test2\a94a8fe5ccb19ba6\2a5bd02710e975a7\,0:-1,2016-12-15 10:26:26-612,2016-12-15 10:26:26-816
Success : SEQ_READ : test1\c5a5e5562b038073\767c14c8beb1e835,0:3818496,2016-12-15 10:26:26-914,2016-12-15 10:26:27-065
Success : SEQ_READ : test1\c5a5e5562b038073\b0c5d70d7f040bfa,0:17408,2016-12-15 10:26:28-847,2016-12-15 10:26:29-027
Success : CREATE_FILE : test2\a94a8fe5ccb19ba6\71500FEA779481D6,0:2152539,2016-12-15 10:26:29-140,2016-12-15 10:26:30-516
Success : LS : test1\f71b43c3136efa4f\83404ffd78f534ff\,0:-1,2016-12-15 10:26:30-630,2016-12-15 10:26:30-818
Success : LS : test2\a94a8fe5ccb19ba6\,0:-1,2016-12-15 10:26:30-895,2016-12-15 10:26:31-085
Success : SEQ_READ : test2\acde102dac5bbe15,0:6030,2016-12-15 10:26:31-184,2016-12-15 10:26:31-377
Success : SEQ_READ : test2\a94a8fe5ccb19ba6\2a5bd02710e975a7\3eef580036f1724a,0:257,2016-12-15 10:26:31-699,2016-12-15 10:26:31-896
Success : LS : test1\c5a5e5562b038073\,0:-1,2016-12-15 10:26:33-729,2016-12-15 10:26:33-879
Success : CREATE_FILE : test2\a94a8fe5ccb19ba6\2a5bd02710e975a7\22F47B7D3741245A,0:3531721,2016-12-15 10:26:33-950,2016-12-15 10:26:36-975
Success : LS : test1\c5a5e5562b038073\0189424a5a60fed3\,0:-1,2016-12-15 10:26:37-093,2016-12-15 10:26:37-292
Success : LS : test2\a94a8fe5ccb19ba6\2a5bd02710e975a7\,0:-1,2016-12-15 10:26:37-392,2016-12-15 10:26:37-608
Success : CREATE_FILE : test2\a94a8fe5ccb19ba6\2a5bd02710e975a7\1881D3E700A4C0CE,0:1167058,2016-12-15 10:26:37-716,2016-12-15 10:26:38-126
Success : SEQ_READ : test1\c5a5e5562b038073\a39ea9c72a98de10\41288c58009f7f6a,0:477,2016-12-15 10:26:38-196,2016-12-15 10:26:38-383
Success : LS : test2\a94a8fe5ccb19ba6\2a5bd02710e975a7\,0:-1,2016-12-15 10:26:38-483,2016-12-15 10:26:38-699
Success : CREATE_FILE : test2\a94a8fe5ccb19ba6\2a5bd02710e975a7\60FCD18C607E4626,0:3007857,2016-12-15 10:26:38-820,2016-12-15 10:26:41-180
Success : LS : test2\a94a8fe5ccb19ba6\2a5bd02710e975a7\,0:-1,2016-12-15 10:26:41-251,2016-12-15 10:26:41-468
Success : CREATE_FILE : test2\a94a8fe5ccb19ba6\2a5bd02710e975a7\0CAA31580698B7C9,0:1065869,2016-12-15 10:26:41-587,2016-12-15 10:26:41-916
Success : SEQ_READ : test1\f71b43c3136efa4f\52481749c0cdecd6\6670af231c096f09,0:129,2016-12-15 10:26:42-034,2016-12-15 10:26:42-188
Success : LS : test2\a94a8fe5ccb19ba6\2a5bd02710e975a7\,0:-1,2016-12-15 10:26:42-260,2016-12-15 10:26:42-419
Success : SEQ_READ : test1\c5a5e5562b038073\738537f9a40e568b,0:17984,2016-12-15 10:26:42-731,2016-12-15 10:26:42-866
Success : LS : test2\a94a8fe5ccb19ba6\,0:-1,2016-12-15 10:26:43-033,2016-12-15 10:26:43-194
Success : CREATE_FILE : test2\a94a8fe5ccb19ba6\2a5bd02710e975a7\6BF6199A42DD93A2,0:2326055,2016-12-15 10:26:43-639,2016-12-15 10:26:45-269
Success : LS : test1\c5a5e5562b038073\a39ea9c72a98de10\,0:-1,2016-12-15 10:26:45-373,2016-12-15 10:26:45-522
Success : LS : test2\a94a8fe5ccb19ba6\2a5bd02710e975a7\,0:-1,2016-12-15 10:26:45-622,2016-12-15 10:26:45-797
Success : SEQ_READ : test1\f71b43c3136efa4f\83404ffd78f534ff\6670af231c096f09,0:129,2016-12-15 10:26:45-894,2016-12-15 10:26:46-037
Success : LS : test1\f71b43c3136efa4f\c7d9912886e5ccc7\,0:-1,2016-12-15 10:26:46-267,2016-12-15 10:26:46-424
Success : SEQ_READ : test1\c5a5e5562b038073\3c16ab634e85296e,0:105016,2016-12-15 10:26:46-510,2016-12-15 10:26:46-647
Success : LS : test2\a94a8fe5ccb19ba6\2a5bd02710e975a7\,0:-1,2016-12-15 10:26:48-510,2016-12-15 10:26:48-675
Success : CREATE_FILE : test2\a94a8fe5ccb19ba6\6B9D55953EE1DC49,0:3537179,2016-12-15 10:26:49-689,2016-12-15 10:26:52-576
Success : LS : test2\a94a8fe5ccb19ba6\,0:-1,2016-12-15 10:26:52-648,2016-12-15 10:26:52-833
Success : SEQ_READ : test1\c5a5e5562b038073\6670af231c096f09,0:46,2016-12-15 10:26:52-945,2016-12-15 10:26:53-098
Success : LS : test2\a94a8fe5ccb19ba6\,0:-1,2016-12-15 10:26:53-171,2016-12-15 10:26:53-337
Success : LS : test2\a94a8fe5ccb19ba6\,0:-1,2016-12-15 10:26:53-433,2016-12-15 10:26:53-607
Success : SEQ_READ : test1\c5a5e5562b038073\c7734a16bf12bb03,0:364726,2016-12-15 10:26:54-418,2016-12-15 10:26:54-625
Success : LS : test1\c5a5e5562b038073\,0:-1,2016-12-15 10:26:54-699,2016-12-15 10:26:54-895
Success : LS : test1\f71b43c3136efa4f\,0:-1,2016-12-15 10:26:54-967,2016-12-15 10:26:55-104
Success : LS : test1\f71b43c3136efa4f\c7d9912886e5ccc7\,0:-1,2016-12-15 10:26:55-873,2016-12-15 10:26:56-058
Fail : LS : test1,0:-1,2016-12-15 10:27:02-095,2016-12-15 10:27:02-095
Reason : java.lang.StringIndexOutOfBoundsException: String index out of range: -1
Fail : LS : test1,0:-1,2016-12-15 10:27:02-463,2016-12-15 10:27:02-463
Reason : java.lang.StringIndexOutOfBoundsException: String index out of range: -1
Success : CREATE_FILE : test2\a94a8fe5ccb19ba6\150D333824941FC0,0:3604862,2016-12-15 10:27:02-643,2016-12-15 10:27:05-630
Success : LS : test2\a94a8fe5ccb19ba6\,0:-1,2016-12-15 10:27:05-704,2016-12-15 10:27:05-912
Success : CREATE_FILE : test2\a94a8fe5ccb19ba6\2a5bd02710e975a7\1C523EDC3C8AAC46,0:657384,2016-12-15 10:27:06-018,2016-12-15 10:27:06-245
Success : LS : test2\a94a8fe5ccb19ba6\,0:-1,2016-12-15 10:27:06-319,2016-12-15 10:27:06-480
Success : LS : test1\f71b43c3136efa4f\83404ffd78f534ff\,0:-1,2016-12-15 10:27:06-580,2016-12-15 10:27:06-726
Success : LS : test2\a94a8fe5ccb19ba6\2a5bd02710e975a7\,0:-1,2016-12-15 10:27:06-825,2016-12-15 10:27:07-026
Success : CREATE_FILE : test2\a94a8fe5ccb19ba6\6F56534C4EA2CB49,0:1854089,2016-12-15 10:27:07-195,2016-12-15 10:27:08-324
Success : SEQ_READ : test1\c5a5e5562b038073\767c14c8beb1e835,0:3818496,2016-12-15 10:27:08-394,2016-12-15 10:27:08-553
Success : LS : test2\a94a8fe5ccb19ba6\,0:-1,2016-12-15 10:27:08-626,2016-12-15 10:27:08-793
Success : LS : test1\c5a5e5562b038073\0189424a5a60fed3\,0:-1,2016-12-15 10:27:08-889,2016-12-15 10:27:09-093
Success : LS : test1\c5a5e5562b038073\0189424a5a60fed3\,0:-1,2016-12-15 10:27:09-242,2016-12-15 10:27:09-417
Success : LS : test1\f71b43c3136efa4f\52481749c0cdecd6\,0:-1,2016-12-15 10:27:09-754,2016-12-15 10:27:09-948
Success : CREATE_FILE : test2\a94a8fe5ccb19ba6\2a5bd02710e975a7\68B397F84D566C8B,0:2041727,2016-12-15 10:27:10-870,2016-12-15 10:27:12-407
Success : LS : test2\a94a8fe5ccb19ba6\2a5bd02710e975a7\,0:-1,2016-12-15 10:27:12-501,2016-12-15 10:27:12-662
Success : LS : test1\c5a5e5562b038073\,0:-1,2016-12-15 10:27:13-532,2016-12-15 10:27:13-729
Success : LS : test1\c5a5e5562b038073\,0:-1,2016-12-15 10:27:15-977,2016-12-15 10:27:16-142
Success : SEQ_READ : test1\c5a5e5562b038073\b0c5d70d7f040bfa,0:17408,2016-12-15 10:27:18-207,2016-12-15 10:27:18-343
Success : SEQ_READ : test2\a94a8fe5ccb19ba6\2a5bd02710e975a7\254d76d2609fec03,0:2291,2016-12-15 10:27:19-188,2016-12-15 10:27:19-405
Success : LS : test1\f71b43c3136efa4f\9f93e73d6896cb7b\,0:-1,2016-12-15 10:27:20-069,2016-12-15 10:27:20-230
Success : CREATE_FILE : test2\a94a8fe5ccb19ba6\35E739650A5375E4,0:935168,2016-12-15 10:27:20-303,2016-12-15 10:27:20-554
Success : LS : test2\a94a8fe5ccb19ba6\,0:-1,2016-12-15 10:27:20-667,2016-12-15 10:27:20-841
Fail : LS : test1,0:-1,2016-12-15 10:27:25-383,2016-12-15 10:27:25-383
Reason : java.lang.StringIndexOutOfBoundsException: String index out of range: -1
Success : CREATE_FILE : test2\a94a8fe5ccb19ba6\50070F9604553F53,0:3444966,2016-12-15 10:27:25-645,2016-12-15 10:27:28-470
Success : LS : test1\f71b43c3136efa4f\52481749c0cdecd6\,0:-1,2016-12-15 10:27:28-576,2016-12-15 10:27:28-728
Success : LS : test2\a94a8fe5ccb19ba6\,0:-1,2016-12-15 10:27:28-813,2016-12-15 10:27:28-987
Success : CREATE_FILE : test2\a94a8fe5ccb19ba6\5F054CA261E6CEEC,0:1604163,2016-12-15 10:27:29-098,2016-12-15 10:27:29-981
Success : LS : test2\a94a8fe5ccb19ba6\,0:-1,2016-12-15 10:27:30-091,2016-12-15 10:27:30-268
Success : CREATE_FILE : test2\a94a8fe5ccb19ba6\2a5bd02710e975a7\00275657798AFE02,0:3282605,2016-12-15 10:27:30-340,2016-12-15 10:27:32-969
Success : LS : test2\a94a8fe5ccb19ba6\,0:-1,2016-12-15 10:27:33-042,2016-12-15 10:27:33-210
Success : LS : test2\a94a8fe5ccb19ba6\2a5bd02710e975a7\,0:-1,2016-12-15 10:27:33-282,2016-12-15 10:27:33-438
Success : LS : test1\f71b43c3136efa4f\52481749c0cdecd6\,0:-1,2016-12-15 10:27:33-558,2016-12-15 10:27:33-756
Success : CREATE_FILE : test2\a94a8fe5ccb19ba6\2a5bd02710e975a7\0C4B316F22B04D9E,0:2802324,2016-12-15 10:27:34-406,2016-12-15 10:27:36-480
Success : LS : test2\a94a8fe5ccb19ba6\,0:-1,2016-12-15 10:27:36-597,2016-12-15 10:27:36-800
Success : LS : test2\a94a8fe5ccb19ba6\2a5bd02710e975a7\,0:-1,2016-12-15 10:27:36-890,2016-12-15 10:27:37-050
Success : LS : test1\f71b43c3136efa4f\,0:-1,2016-12-15 10:27:37-146,2016-12-15 10:27:37-303
Success : LS : test2\a94a8fe5ccb19ba6\,0:-1,2016-12-15 10:27:40-806,2016-12-15 10:27:41-024
Success : LS : test1\f71b43c3136efa4f\,0:-1,2016-12-15 10:27:43-717,2016-12-15 10:27:43-868
Success : CREATE_FILE : test2\a94a8fe5ccb19ba6\2a5bd02710e975a7\0A61524F45E6E76A,0:1681273,2016-12-15 10:27:44-058,2016-12-15 10:27:45-002
Success : LS : test2\a94a8fe5ccb19ba6\2a5bd02710e975a7\,0:-1,2016-12-15 10:27:45-083,2016-12-15 10:27:45-239
Success : CREATE_FILE : test2\a94a8fe5ccb19ba6\13483A6127347C90,0:3954437,2016-12-15 10:27:46-201,2016-12-15 10:27:49-582
Success : LS : test2\a94a8fe5ccb19ba6\,0:-1,2016-12-15 10:27:49-683,2016-12-15 10:27:49-892
Success : CREATE_FILE : test2\a94a8fe5ccb19ba6\2a5bd02710e975a7\77D07EE350D81749,0:2640280,2016-12-15 10:27:50-015,2016-12-15 10:27:51-962
Success : LS : test2\a94a8fe5ccb19ba6\2a5bd02710e975a7\,0:-1,2016-12-15 10:27:52-046,2016-12-15 10:27:52-277
Success : CREATE_FILE : test2\a94a8fe5ccb19ba6\7701408E33BCEE08,0:1618666,2016-12-15 10:27:52-358,2016-12-15 10:27:53-237
Fail : LS : test1,0:-1,2016-12-15 10:27:53-363,2016-12-15 10:27:53-363
Reason : java.lang.StringIndexOutOfBoundsException: String index out of range: -1
Success : LS : test1\f71b43c3136efa4f\83404ffd78f534ff\,0:-1,2016-12-15 10:27:53-475,2016-12-15 10:27:53-672
Success : LS : test2\a94a8fe5ccb19ba6\,0:-1,2016-12-15 10:27:53-786,2016-12-15 10:27:54-047
Success : LS : test1\f71b43c3136efa4f\,0:-1,2016-12-15 10:27:54-167,2016-12-15 10:27:54-361
Success : LS : test2\a94a8fe5ccb19ba6\2a5bd02710e975a7\,0:-1,2016-12-15 10:27:54-468,2016-12-15 10:27:54-702
Fail : LS : test1,0:-1,2016-12-15 10:27:55-615,2016-12-15 10:27:55-616
Reason : java.lang.StringIndexOutOfBoundsException: String index out of range: -1
Success : CREATE_FILE : test2\a94a8fe5ccb19ba6\1B11B9AF6735D715,0:1822204,2016-12-15 10:27:55-695,2016-12-15 10:27:56-782
Success : LS : test2\a94a8fe5ccb19ba6\,0:-1,2016-12-15 10:27:56-878,2016-12-15 10:27:57-079
Success : LS : test2\a94a8fe5ccb19ba6\,0:-1,2016-12-15 10:27:57-163,2016-12-15 10:27:57-327
Success : LS : test2\a94a8fe5ccb19ba6\2a5bd02710e975a7\,0:-1,2016-12-15 10:27:57-426,2016-12-15 10:27:57-626
Success : SEQ_READ : test2\1a7683b6645f9b6a,0:14529,2016-12-15 10:27:57-729,2016-12-15 10:27:57-939
Success : CREATE_FILE : test2\a94a8fe5ccb19ba6\03C26D8E5831ADFD,0:1699048,2016-12-15 10:27:58-017,2016-12-15 10:27:58-995
Success : LS : test2\a94a8fe5ccb19ba6\,0:-1,2016-12-15 10:27:59-106,2016-12-15 10:27:59-326
Success : CREATE_FILE : test2\a94a8fe5ccb19ba6\70B8848F43184A6C,0:2809381,2016-12-15 10:27:59-444,2016-12-15 10:28:01-554
Success : LS : test2\a94a8fe5ccb19ba6\,0:-1,2016-12-15 10:28:01-670,2016-12-15 10:28:01-921
Success : CREATE_FILE : test2\a94a8fe5ccb19ba6\798B4C5A01ED6440,0:2763991,2016-12-15 10:28:02-040,2016-12-15 10:28:04-080
Success : LS : test1\f71b43c3136efa4f\52481749c0cdecd6\,0:-1,2016-12-15 10:28:04-200,2016-12-15 10:28:04-383
Success : LS : test2\a94a8fe5ccb19ba6\,0:-1,2016-12-15 10:28:04-453,2016-12-15 10:28:04-618
Success : LS : test2\a94a8fe5ccb19ba6\,0:-1,2016-12-15 10:28:05-066,2016-12-15 10:28:05-291
Success : LS : test2\a94a8fe5ccb19ba6\,0:-1,2016-12-15 10:28:05-407,2016-12-15 10:28:05-598
Success : LS : test2\a94a8fe5ccb19ba6\2a5bd02710e975a7\,0:-1,2016-12-15 10:28:06-084,2016-12-15 10:28:06-330
Success : LS : test2\a94a8fe5ccb19ba6\,0:-1,2016-12-15 10:28:07-230,2016-12-15 10:28:07-449
Success : LS : test1\c5a5e5562b038073\0189424a5a60fed3\,0:-1,2016-12-15 10:28:07-624,2016-12-15 10:28:07-803
Success : LS : test2\a94a8fe5ccb19ba6\2a5bd02710e975a7\,0:-1,2016-12-15 10:28:08-341,2016-12-15 10:28:08-553
Success : LS : test2\a94a8fe5ccb19ba6\2a5bd02710e975a7\,0:-1,2016-12-15 10:28:08-660,2016-12-15 10:28:08-846
Success : CREATE_FILE : test2\a94a8fe5ccb19ba6\50639C232896502D,0:1010775,2016-12-15 10:28:09-049,2016-12-15 10:28:09-313
Success : LS : test2\a94a8fe5ccb19ba6\,0:-1,2016-12-15 10:28:09-419,2016-12-15 10:28:09-598
Success : CREATE_FILE : test2\a94a8fe5ccb19ba6\2a5bd02710e975a7\4174E51C6317FFC2,0:548038,2016-12-15 10:28:09-695,2016-12-15 10:28:09-924
Success : LS : test1\f71b43c3136efa4f\c7d9912886e5ccc7\,0:-1,2016-12-15 10:28:10-021,2016-12-15 10:28:10-188
Success : LS : test2\a94a8fe5ccb19ba6\2a5bd02710e975a7\,0:-1,2016-12-15 10:28:10-310,2016-12-15 10:28:10-524
Fail : LS : test1,0:-1,2016-12-15 10:28:11-109,2016-12-15 10:28:11-109
Reason : java.lang.StringIndexOutOfBoundsException: String index out of range: -1
Success : LS : test1\c5a5e5562b038073\a39ea9c72a98de10\,0:-1,2016-12-15 10:28:12-032,2016-12-15 10:28:12-225
Success : LS : test2\a94a8fe5ccb19ba6\2a5bd02710e975a7\,0:-1,2016-12-15 10:28:12-301,2016-12-15 10:28:12-472
Success : LS : test1\f71b43c3136efa4f\52481749c0cdecd6\,0:-1,2016-12-15 10:28:13-531,2016-12-15 10:28:13-732
Success : LS : test1\f71b43c3136efa4f\9f93e73d6896cb7b\,0:-1,2016-12-15 10:28:13-991,2016-12-15 10:28:14-159
Fail : LS : test1,0:-1,2016-12-15 10:28:14-445,2016-12-15 10:28:14-446
Reason : java.lang.StringIndexOutOfBoundsException: String index out of range: -1
Success : LS : test1\f71b43c3136efa4f\c7d9912886e5ccc7\,0:-1,2016-12-15 10:28:15-001,2016-12-15 10:28:15-221
Success : LS : test1\f71b43c3136efa4f\c7d9912886e5ccc7\,0:-1,2016-12-15 10:28:15-382,2016-12-15 10:28:15-516
Success : LS : test2\a94a8fe5ccb19ba6\,0:-1,2016-12-15 10:28:15-647,2016-12-15 10:28:15-822
Success : CREATE_FILE : test2\a94a8fe5ccb19ba6\5B29449E40E5AA8C,0:1630368,2016-12-15 10:28:16-785,2016-12-15 10:28:17-701
Success : LS : test1\f71b43c3136efa4f\,0:-1,2016-12-15 10:28:17-770,2016-12-15 10:28:17-933
Success : LS : test2\a94a8fe5ccb19ba6\,0:-1,2016-12-15 10:28:18-048,2016-12-15 10:28:18-253
Success : LS : test1\c5a5e5562b038073\,0:-1,2016-12-15 10:28:20-537,2016-12-15 10:28:20-693
Success : LS : test2\a94a8fe5ccb19ba6\2a5bd02710e975a7\,0:-1,2016-12-15 10:28:20-766,2016-12-15 10:28:20-919
Success : SEQ_READ : test2\a94a8fe5ccb19ba6\4b6fcb2d521ef0fd,0:2291,2016-12-15 10:28:23-374,2016-12-15 10:28:23-523
Success : CREATE_FILE : test2\a94a8fe5ccb19ba6\5F20FEF67B0C9358,0:838813,2016-12-15 10:28:23-886,2016-12-15 10:28:24-130
Success : LS : test2\a94a8fe5ccb19ba6\,0:-1,2016-12-15 10:28:24-216,2016-12-15 10:28:24-369
Success : LS : test2\a94a8fe5ccb19ba6\2a5bd02710e975a7\,0:-1,2016-12-15 10:28:25-516,2016-12-15 10:28:25-690
Success : CREATE_FILE : test2\a94a8fe5ccb19ba6\02E0AD891D4E3B0E,0:1521286,2016-12-15 10:28:26-556,2016-12-15 10:28:27-346
Success : LS : test2\a94a8fe5ccb19ba6\,0:-1,2016-12-15 10:28:27-416,2016-12-15 10:28:27-572
Success : LS : test2\a94a8fe5ccb19ba6\2a5bd02710e975a7\,0:-1,2016-12-15 10:28:28-284,2016-12-15 10:28:28-453
Success : LS : test1\f71b43c3136efa4f\,0:-1,2016-12-15 10:28:28-828,2016-12-15 10:28:28-982
Success : SEQ_READ : test2\bc9c8ba7ff351f3e,0:217984,2016-12-15 10:28:29-329,2016-12-15 10:28:29-526
Success : SEQ_READ : test1\f71b43c3136efa4f\c7d9912886e5ccc7\6670af231c096f09,0:129,2016-12-15 10:28:29-638,2016-12-15 10:28:29-792
Success : LS : test1\f71b43c3136efa4f\9f93e73d6896cb7b\,0:-1,2016-12-15 10:28:29-902,2016-12-15 10:28:30-071
Success : CREATE_FILE : test2\a94a8fe5ccb19ba6\13046EC261C840ED,0:913275,2016-12-15 10:28:30-162,2016-12-15 10:28:30-401
Success : LS : test1\f71b43c3136efa4f\83404ffd78f534ff\,0:-1,2016-12-15 10:28:30-473,2016-12-15 10:28:30-607
Success : LS : test2\a94a8fe5ccb19ba6\,0:-1,2016-12-15 10:28:30-678,2016-12-15 10:28:30-938
Success : LS : test1\f71b43c3136efa4f\9f93e73d6896cb7b\,0:-1,2016-12-15 10:28:31-233,2016-12-15 10:28:31-399
Success : CREATE_FILE : test2\a94a8fe5ccb19ba6\2a5bd02710e975a7\1672B3CB231EE6DD,0:1259639,2016-12-15 10:28:32-422,2016-12-15 10:28:32-926
Success : LS : test2\a94a8fe5ccb19ba6\,0:-1,2016-12-15 10:28:33-030,2016-12-15 10:28:33-214
Success : LS : test2\a94a8fe5ccb19ba6\2a5bd02710e975a7\,0:-1,2016-12-15 10:28:33-294,2016-12-15 10:28:33-446
Success : LS : test2\a94a8fe5ccb19ba6\2a5bd02710e975a7\,0:-1,2016-12-15 10:28:33-519,2016-12-15 10:28:33-670
Success : LS : test1\c5a5e5562b038073\0189424a5a60fed3\,0:-1,2016-12-15 10:28:33-742,2016-12-15 10:28:33-926
Fail : LS : test1,0:-1,2016-12-15 10:28:34-027,2016-12-15 10:28:34-027
Reason : java.lang.StringIndexOutOfBoundsException: String index out of range: -1
Success : CREATE_FILE : test2\a94a8fe5ccb19ba6\2C184946668B64B7,0:3657680,2016-12-15 10:28:34-585,2016-12-15 10:28:37-576
Success : LS : test2\a94a8fe5ccb19ba6\,0:-1,2016-12-15 10:28:37-676,2016-12-15 10:28:37-879
Success : LS : test1\c5a5e5562b038073\a39ea9c72a98de10\,0:-1,2016-12-15 10:28:37-981,2016-12-15 10:28:38-128
Success : CREATE_FILE : test2\a94a8fe5ccb19ba6\2a5bd02710e975a7\605903F72EB1AA9C,0:3285540,2016-12-15 10:28:38-232,2016-12-15 10:28:40-967
Success : LS : test1\f71b43c3136efa4f\9f93e73d6896cb7b\,0:-1,2016-12-15 10:28:41-090,2016-12-15 10:28:41-269
Success : LS : test2\a94a8fe5ccb19ba6\2a5bd02710e975a7\,0:-1,2016-12-15 10:28:41-351,2016-12-15 10:28:41-510
Success : CREATE_FILE : test2\a94a8fe5ccb19ba6\2FE5EA456A65DD7B,0:3687536,2016-12-15 10:28:41-634,2016-12-15 10:28:44-854
Success : LS : test2\a94a8fe5ccb19ba6\,0:-1,2016-12-15 10:28:44-953,2016-12-15 10:28:45-126
Success : CREATE_FILE : test2\a94a8fe5ccb19ba6\54BE215A7BA3ED19,0:2623719,2016-12-15 10:28:45-247,2016-12-15 10:28:47-233
Success : LS : test2\a94a8fe5ccb19ba6\,0:-1,2016-12-15 10:28:47-344,2016-12-15 10:28:47-559
Success : LS : test1\c5a5e5562b038073\a39ea9c72a98de10\,0:-1,2016-12-15 10:28:47-669,2016-12-15 10:28:47-866
Success : LS : test1\c5a5e5562b038073\0189424a5a60fed3\,0:-1,2016-12-15 10:28:47-977,2016-12-15 10:28:48-138
Success : CREATE_FILE : test2\a94a8fe5ccb19ba6\699C0CC73D63ECAE,0:1763944,2016-12-15 10:28:48-583,2016-12-15 10:28:49-693
Success : LS : test2\a94a8fe5ccb19ba6\,0:-1,2016-12-15 10:28:49-805,2016-12-15 10:28:49-988
Success : CREATE_FILE : test2\a94a8fe5ccb19ba6\2a5bd02710e975a7\60A7AC146EDC530E,0:3030494,2016-12-15 10:28:50-107,2016-12-15 10:28:52-488
Success : LS : test2\a94a8fe5ccb19ba6\2a5bd02710e975a7\,0:-1,2016-12-15 10:28:52-587,2016-12-15 10:28:52-817
Success : CREATE_FILE : test2\a94a8fe5ccb19ba6\1B7E8A9C0ECE57C4,0:565047,2016-12-15 10:28:52-924,2016-12-15 10:28:53-118
Success : LS : test1\c5a5e5562b038073\a39ea9c72a98de10\,0:-1,2016-12-15 10:28:53-196,2016-12-15 10:28:53-364
Success : LS : test2\a94a8fe5ccb19ba6\,0:-1,2016-12-15 10:28:53-435,2016-12-15 10:28:53-648
Success : SEQ_READ : test2\acde102dac5bbe15,0:6030,2016-12-15 10:28:53-751,2016-12-15 10:28:53-904
Success : CREATE_FILE : test2\a94a8fe5ccb19ba6\52EFCE2A4E8475FE,0:2586535,2016-12-15 10:28:54-600,2016-12-15 10:28:56-564
Success : LS : test2\a94a8fe5ccb19ba6\,0:-1,2016-12-15 10:28:56-645,2016-12-15 10:28:56-811
Success : CREATE_FILE : test2\a94a8fe5ccb19ba6\2a5bd02710e975a7\11C5279A359232A3,0:3060949,2016-12-15 10:28:56-908,2016-12-15 10:28:59-311
Success : LS : test1\f71b43c3136efa4f\83404ffd78f534ff\,0:-1,2016-12-15 10:28:59-446,2016-12-15 10:28:59-620
Success : LS : test2\a94a8fe5ccb19ba6\2a5bd02710e975a7\,0:-1,2016-12-15 10:28:59-734,2016-12-15 10:28:59-930
Success : CREATE_FILE : test2\a94a8fe5ccb19ba6\4BE3DBD276F41664,0:3876523,2016-12-15 10:29:00-046,2016-12-15 10:29:03-316
Fail : LS : test1,0:-1,2016-12-15 10:29:03-416,2016-12-15 10:29:03-416
Reason : java.lang.StringIndexOutOfBoundsException: String index out of range: -1
Success : SEQ_READ : test1\f71b43c3136efa4f\83404ffd78f534ff\6670af231c096f09,0:129,2016-12-15 10:29:03-501,2016-12-15 10:29:03-671
Fail : LS : test1,0:-1,2016-12-15 10:29:03-745,2016-12-15 10:29:03-746
Reason : java.lang.StringIndexOutOfBoundsException: String index out of range: -1
Success : SEQ_READ : test1\c5a5e5562b038073\a39ea9c72a98de10\41288c58009f7f6a,0:477,2016-12-15 10:29:03-853,2016-12-15 10:29:04-069
Success : LS : test2\a94a8fe5ccb19ba6\,0:-1,2016-12-15 10:29:04-144,2016-12-15 10:29:04-371
Success : CREATE_FILE : test2\a94a8fe5ccb19ba6\61BA3A710377A8A2,0:1667426,2016-12-15 10:29:04-490,2016-12-15 10:29:05-429
Success : LS : test1\f71b43c3136efa4f\,0:-1,2016-12-15 10:29:05-499,2016-12-15 10:29:05-685
Success : LS : test2\a94a8fe5ccb19ba6\,0:-1,2016-12-15 10:29:05-782,2016-12-15 10:29:05-997
Success : CREATE_FILE : test2\a94a8fe5ccb19ba6\7FA1130A220B1680,0:1058895,2016-12-15 10:29:06-110,2016-12-15 10:29:06-417
Success : LS : test1\c5a5e5562b038073\0189424a5a60fed3\,0:-1,2016-12-15 10:29:06-531,2016-12-15 10:29:06-695
Success : LS : test2\a94a8fe5ccb19ba6\,0:-1,2016-12-15 10:29:06-808,2016-12-15 10:29:07-062
Success : CREATE_FILE : test2\a94a8fe5ccb19ba6\2a5bd02710e975a7\60827E0204A0C732,0:967047,2016-12-15 10:29:07-164,2016-12-15 10:29:07-423
Success : LS : test2\a94a8fe5ccb19ba6\2a5bd02710e975a7\,0:-1,2016-12-15 10:29:07-494,2016-12-15 10:29:07-681
Success : CREATE_FILE : test2\a94a8fe5ccb19ba6\0095E73974AA7425,0:986554,2016-12-15 10:29:09-147,2016-12-15 10:29:09-410
Success : LS : test2\a94a8fe5ccb19ba6\,0:-1,2016-12-15 10:29:09-506,2016-12-15 10:29:09-736
Success : LS : test2\a94a8fe5ccb19ba6\,0:-1,2016-12-15 10:29:11-389,2016-12-15 10:29:11-601
Success : SEQ_READ : test1\c5a5e5562b038073\a39ea9c72a98de10\f398de59988a85e5,0:6743,2016-12-15 10:29:11-914,2016-12-15 10:29:12-076
Success : LS : test1\c5a5e5562b038073\a39ea9c72a98de10\,0:-1,2016-12-15 10:29:12-651,2016-12-15 10:29:12-800
Success : CREATE_FILE : test2\a94a8fe5ccb19ba6\119D8B0B5E8FF156,0:2780521,2016-12-15 10:29:12-870,2016-12-15 10:29:15-392
Success : LS : test1\c5a5e5562b038073\0189424a5a60fed3\,0:-1,2016-12-15 10:29:15-463,2016-12-15 10:29:15-603
Success : LS : test2\a94a8fe5ccb19ba6\,0:-1,2016-12-15 10:29:15-681,2016-12-15 10:29:15-895
Success : SEQ_READ : test1\c5a5e5562b038073\c7734a16bf12bb03,0:364726,2016-12-15 10:29:16-005,2016-12-15 10:29:16-201
Success : LS : test1\f71b43c3136efa4f\,0:-1,2016-12-15 10:29:16-365,2016-12-15 10:29:16-564
Success : LS : test2\a94a8fe5ccb19ba6\,0:-1,2016-12-15 10:29:16-682,2016-12-15 10:29:16-873
Success : CREATE_FILE : test2\a94a8fe5ccb19ba6\2a5bd02710e975a7\5CF493F94C4A98D2,0:3532315,2016-12-15 10:29:16-952,2016-12-15 10:29:20-027
Success : LS : test2\a94a8fe5ccb19ba6\2a5bd02710e975a7\,0:-1,2016-12-15 10:29:20-141,2016-12-15 10:29:20-336
Success : LS : test1\f71b43c3136efa4f\52481749c0cdecd6\,0:-1,2016-12-15 10:29:21-183,2016-12-15 10:29:21-409
Success : LS : test1\f71b43c3136efa4f\c7d9912886e5ccc7\,0:-1,2016-12-15 10:29:21-690,2016-12-15 10:29:21-882
Success : CREATE_FILE : test2\a94a8fe5ccb19ba6\795B16C36CAE35B5,0:610104,2016-12-15 10:29:22-227,2016-12-15 10:29:22-462
Success : LS : test2\a94a8fe5ccb19ba6\,0:-1,2016-12-15 10:29:22-537,2016-12-15 10:29:22-706
Fail : LS : test1,0:-1,2016-12-15 10:29:23-565,2016-12-15 10:29:23-565
Reason : java.lang.StringIndexOutOfBoundsException: String index out of range: -1
Success : LS : test1\f71b43c3136efa4f\83404ffd78f534ff\,0:-1,2016-12-15 10:29:24-092,2016-12-15 10:29:24-247
Success : CREATE_FILE : test2\a94a8fe5ccb19ba6\6E252F564A638422,0:3462018,2016-12-15 10:29:25-158,2016-12-15 10:29:28-015
Success : LS : test2\a94a8fe5ccb19ba6\,0:-1,2016-12-15 10:29:28-117,2016-12-15 10:29:28-454
Success : CREATE_FILE : test2\a94a8fe5ccb19ba6\2a5bd02710e975a7\77F1C08C67D5604F,0:3391409,2016-12-15 10:29:28-574,2016-12-15 10:29:31-349
Fail : LS : test1,0:-1,2016-12-15 10:29:31-422,2016-12-15 10:29:31-422
Reason : java.lang.StringIndexOutOfBoundsException: String index out of range: -1
Success : LS : test2\a94a8fe5ccb19ba6\2a5bd02710e975a7\,0:-1,2016-12-15 10:29:31-493,2016-12-15 10:29:31-658
Success : CREATE_FILE : test2\a94a8fe5ccb19ba6\344B916D129EADC5,0:194416,2016-12-15 10:29:31-782,2016-12-15 10:29:31-961
Success : LS : test2\a94a8fe5ccb19ba6\,0:-1,2016-12-15 10:29:32-058,2016-12-15 10:29:32-277
Success : CREATE_FILE : test2\a94a8fe5ccb19ba6\144EEF882E20FB58,0:123207,2016-12-15 10:29:32-393,2016-12-15 10:29:32-603
Success : LS : test2\a94a8fe5ccb19ba6\,0:-1,2016-12-15 10:29:32-720,2016-12-15 10:29:32-916
Success : CREATE_FILE : test2\a94a8fe5ccb19ba6\4986D9FA0C0A85BF,0:3870985,2016-12-15 10:29:34-248,2016-12-15 10:29:37-605
Success : LS : test1\f71b43c3136efa4f\9f93e73d6896cb7b\,0:-1,2016-12-15 10:29:37-715,2016-12-15 10:29:37-915
Fail : LS : test1,0:-1,2016-12-15 10:29:38-011,2016-12-15 10:29:38-011
Reason : java.lang.StringIndexOutOfBoundsException: String index out of range: -1
Success : LS : test1\f71b43c3136efa4f\52481749c0cdecd6\,0:-1,2016-12-15 10:29:38-089,2016-12-15 10:29:38-322
Success : LS : test2\a94a8fe5ccb19ba6\,0:-1,2016-12-15 10:29:38-418,2016-12-15 10:29:38-615
Success : CREATE_FILE : test2\a94a8fe5ccb19ba6\29814B200081FA99,0:2350334,2016-12-15 10:29:38-723,2016-12-15 10:29:40-409
Success : LS : test2\a94a8fe5ccb19ba6\,0:-1,2016-12-15 10:29:40-522,2016-12-15 10:29:40-696
Success : CREATE_FILE : test2\a94a8fe5ccb19ba6\627CB33A470B07C8,0:2168988,2016-12-15 10:29:40-773,2016-12-15 10:29:42-270
Success : LS : test1\c5a5e5562b038073\,0:-1,2016-12-15 10:29:42-347,2016-12-15 10:29:42-480
Success : LS : test2\a94a8fe5ccb19ba6\,0:-1,2016-12-15 10:29:42-554,2016-12-15 10:29:42-717
Fail : LS : test1,0:-1,2016-12-15 10:29:42-840,2016-12-15 10:29:42-840
Reason : java.lang.StringIndexOutOfBoundsException: String index out of range: -1
Success : LS : test1\f71b43c3136efa4f\83404ffd78f534ff\,0:-1,2016-12-15 10:29:43-320,2016-12-15 10:29:43-529
Success : LS : test1\c5a5e5562b038073\a39ea9c72a98de10\,0:-1,2016-12-15 10:29:45-248,2016-12-15 10:29:45-402
Success : CREATE_FILE : test2\a94a8fe5ccb19ba6\2a5bd02710e975a7\24DC97776C6E717F,0:1975387,2016-12-15 10:29:45-513,2016-12-15 10:29:46-778
Success : LS : test1\f71b43c3136efa4f\83404ffd78f534ff\,0:-1,2016-12-15 10:29:46-886,2016-12-15 10:29:47-038
Fail : LS : test1,0:-1,2016-12-15 10:29:47-132,2016-12-15 10:29:47-132
Reason : java.lang.StringIndexOutOfBoundsException: String index out of range: -1
Success : LS : test2\a94a8fe5ccb19ba6\,0:-1,2016-12-15 10:29:47-229,2016-12-15 10:29:47-407
Success : LS : test2\a94a8fe5ccb19ba6\2a5bd02710e975a7\,0:-1,2016-12-15 10:29:47-522,2016-12-15 10:29:47-737
Success : SEQ_READ : test2\bc9c8ba7ff351f3e,0:217984,2016-12-15 10:29:47-842,2016-12-15 10:29:47-995
Success : CREATE_FILE : test2\a94a8fe5ccb19ba6\2a5bd02710e975a7\6A8C60D23EFE2886,0:3415042,2016-12-15 10:29:48-218,2016-12-15 10:29:51-031
Success : LS : test2\a94a8fe5ccb19ba6\2a5bd02710e975a7\,0:-1,2016-12-15 10:29:51-101,2016-12-15 10:29:51-285
Success : CREATE_FILE : test2\a94a8fe5ccb19ba6\6E61E64E7F9029E1,0:473913,2016-12-15 10:29:51-358,2016-12-15 10:29:51-539
Success : LS : test2\a94a8fe5ccb19ba6\,0:-1,2016-12-15 10:29:51-635,2016-12-15 10:29:51-801
Fail : LS : test1,0:-1,2016-12-15 10:29:52-789,2016-12-15 10:29:52-789
Reason : java.lang.StringIndexOutOfBoundsException: String index out of range: -1
Success : CREATE_FILE : test2\a94a8fe5ccb19ba6\2a5bd02710e975a7\0EE3CD307601A93F,0:308537,2016-12-15 10:29:53-288,2016-12-15 10:29:53-470
Success : LS : test2\a94a8fe5ccb19ba6\2a5bd02710e975a7\,0:-1,2016-12-15 10:29:53-589,2016-12-15 10:29:53-794
Success : LS : test1\c5a5e5562b038073\,0:-1,2016-12-15 10:29:53-913,2016-12-15 10:29:54-067
Success : LS : test2\a94a8fe5ccb19ba6\,0:-1,2016-12-15 10:29:54-366,2016-12-15 10:29:54-528
Success : LS : test2\a94a8fe5ccb19ba6\,0:-1,2016-12-15 10:29:55-735,2016-12-15 10:29:55-918
Fail : LS : test1,0:-1,2016-12-15 10:29:56-608,2016-12-15 10:29:56-609
Reason : java.lang.StringIndexOutOfBoundsException: String index out of range: -1
Success : CREATE_FILE : test2\a94a8fe5ccb19ba6\2a5bd02710e975a7\3082BA3004E720E1,0:2426842,2016-12-15 10:29:56-927,2016-12-15 10:29:58-663
Success : LS : test2\a94a8fe5ccb19ba6\,0:-1,2016-12-15 10:29:58-738,2016-12-15 10:29:58-959
Success : LS : test2\a94a8fe5ccb19ba6\2a5bd02710e975a7\,0:-1,2016-12-15 10:29:59-073,2016-12-15 10:29:59-279
