Success : LS : test1\f71b43c3136efa4f\83404ffd78f534ff\,0:-1,2016-12-14 15:26:51-496,2016-12-14 15:26:51-995
Success : LS : test1\f71b43c3136efa4f\c7d9912886e5ccc7\,0:-1,2016-12-14 15:26:52-104,2016-12-14 15:26:52-316
Success : LS : test1\f71b43c3136efa4f\c7d9912886e5ccc7\,0:-1,2016-12-14 15:26:52-436,2016-12-14 15:26:52-595
Success : SEQ_READ : test2\a94a8fe5ccb19ba6\2a5bd02710e975a7\178db47a574c645f,0:257,2016-12-14 15:26:52-703,2016-12-14 15:26:52-875
Success : LS : test1\c5a5e5562b038073\,0:-1,2016-12-14 15:26:52-958,2016-12-14 15:26:53-145
Success : CREATE_FILE : test2\a94a8fe5ccb19ba6\7ADC3A8123504384,0:361477,2016-12-14 15:26:53-255,2016-12-14 15:26:53-517
Success : LS : test2\a94a8fe5ccb19ba6\,0:-1,2016-12-14 15:26:53-602,2016-12-14 15:26:53-750
Success : CREATE_FILE : test2\a94a8fe5ccb19ba6\51F4CF3A5646F5A2,0:3818828,2016-12-14 15:26:53-827,2016-12-14 15:26:57-019
Success : LS : test2\a94a8fe5ccb19ba6\,0:-1,2016-12-14 15:26:57-150,2016-12-14 15:26:57-336
Success : CREATE_FILE : test2\a94a8fe5ccb19ba6\2a5bd02710e975a7\51A9B2641EF88AE2,0:2465352,2016-12-14 15:26:57-453,2016-12-14 15:26:59-205
Success : LS : test2\a94a8fe5ccb19ba6\2a5bd02710e975a7\,0:-1,2016-12-14 15:26:59-304,2016-12-14 15:26:59-458
Success : CREATE_FILE : test2\a94a8fe5ccb19ba6\2a5bd02710e975a7\5736A2CD5BAE0A1D,0:1599730,2016-12-14 15:26:59-595,2016-12-14 15:27:00-396
Success : LS : test2\a94a8fe5ccb19ba6\2a5bd02710e975a7\,0:-1,2016-12-14 15:27:00-504,2016-12-14 15:27:00-679
Success : CREATE_FILE : test2\a94a8fe5ccb19ba6\15EB9BC478BCF2CE,0:232002,2016-12-14 15:27:00-777,2016-12-14 15:27:00-976
Success : SEQ_READ : test1\c5a5e5562b038073\7b7f22b30cf50087,0:3126,2016-12-14 15:27:01-084,2016-12-14 15:27:01-303
Success : LS : test2\a94a8fe5ccb19ba6\,0:-1,2016-12-14 15:27:01-409,2016-12-14 15:27:01-564
Success : CREATE_FILE : test2\a94a8fe5ccb19ba6\1DEBFC2D61C2EB16,0:2153659,2016-12-14 15:27:01-638,2016-12-14 15:27:03-075
Success : LS : test2\a94a8fe5ccb19ba6\,0:-1,2016-12-14 15:27:03-146,2016-12-14 15:27:03-310
Success : CREATE_FILE : test2\a94a8fe5ccb19ba6\34C852406334646F,0:3408960,2016-12-14 15:27:03-386,2016-12-14 15:27:06-098
Success : LS : test2\a94a8fe5ccb19ba6\,0:-1,2016-12-14 15:27:06-214,2016-12-14 15:27:06-408
Success : CREATE_FILE : test2\a94a8fe5ccb19ba6\45329F8E4DC55223,0:329570,2016-12-14 15:27:06-491,2016-12-14 15:27:06-712
Success : LS : test1\f71b43c3136efa4f\83404ffd78f534ff\,0:-1,2016-12-14 15:27:06-834,2016-12-14 15:27:07-017
Success : SEQ_READ : test1\c5a5e5562b038073\68ad3077ff5a452a,0:383,2016-12-14 15:27:07-136,2016-12-14 15:27:07-308
Success : SEQ_READ : test1\c5a5e5562b038073\88fe52fe40fa2264,0:2854,2016-12-14 15:27:07-409,2016-12-14 15:27:07-608
Success : LS : test1\f71b43c3136efa4f\9f93e73d6896cb7b\,0:-1,2016-12-14 15:27:07-724,2016-12-14 15:27:07-926
Success : LS : test2\a94a8fe5ccb19ba6\,0:-1,2016-12-14 15:27:08-008,2016-12-14 15:27:08-199
Success : CREATE_FILE : test2\a94a8fe5ccb19ba6\5F49605672F5F73F,0:557565,2016-12-14 15:27:08-316,2016-12-14 15:27:08-559
Success : LS : test2\a94a8fe5ccb19ba6\2a5bd02710e975a7\,0:-1,2016-12-14 15:27:08-651,2016-12-14 15:27:08-871
Success : LS : test1\f71b43c3136efa4f\52481749c0cdecd6\,0:-1,2016-12-14 15:27:08-951,2016-12-14 15:27:09-092
Success : LS : test2\a94a8fe5ccb19ba6\,0:-1,2016-12-14 15:27:09-191,2016-12-14 15:27:09-347
Success : CREATE_FILE : test2\a94a8fe5ccb19ba6\42E411C3188BF762,0:3059936,2016-12-14 15:27:09-433,2016-12-14 15:27:12-119
Success : LS : test2\a94a8fe5ccb19ba6\,0:-1,2016-12-14 15:27:12-195,2016-12-14 15:27:12-390
Success : CREATE_FILE : test2\a94a8fe5ccb19ba6\2a5bd02710e975a7\3A9D81102276BB01,0:2556347,2016-12-14 15:27:12-489,2016-12-14 15:27:14-378
Success : LS : test2\a94a8fe5ccb19ba6\2a5bd02710e975a7\,0:-1,2016-12-14 15:27:14-492,2016-12-14 15:27:14-674
Success : CREATE_FILE : test2\a94a8fe5ccb19ba6\2a5bd02710e975a7\7C031DB53C1F7CE1,0:792924,2016-12-14 15:27:14-748,2016-12-14 15:27:14-998
Success : LS : test1\f71b43c3136efa4f\83404ffd78f534ff\,0:-1,2016-12-14 15:27:15-119,2016-12-14 15:27:15-321
Success : LS : test2\a94a8fe5ccb19ba6\,0:-1,2016-12-14 15:27:15-428,2016-12-14 15:27:15-613
Success : LS : test1\f71b43c3136efa4f\,0:-1,2016-12-14 15:27:15-736,2016-12-14 15:27:15-894
Success : SEQ_READ : test2\bc9c8ba7ff351f3e,0:217984,2016-12-14 15:27:15-967,2016-12-14 15:27:16-177
Success : LS : test2\a94a8fe5ccb19ba6\2a5bd02710e975a7\,0:-1,2016-12-14 15:27:16-264,2016-12-14 15:27:16-458
Success : CREATE_FILE : test2\a94a8fe5ccb19ba6\2DBBD31D66AC2B34,0:1616861,2016-12-14 15:27:16-580,2016-12-14 15:27:17-462
Success : LS : test2\a94a8fe5ccb19ba6\,0:-1,2016-12-14 15:27:17-559,2016-12-14 15:27:17-720
Success : CREATE_FILE : test2\a94a8fe5ccb19ba6\60B864861495A5B1,0:163085,2016-12-14 15:27:17-801,2016-12-14 15:27:17-981
Success : LS : test2\a94a8fe5ccb19ba6\,0:-1,2016-12-14 15:27:18-053,2016-12-14 15:27:18-230
Success : CREATE_FILE : test2\a94a8fe5ccb19ba6\11D8A111772DA7FD,0:2967850,2016-12-14 15:27:18-330,2016-12-14 15:27:20-629
Success : LS : test2\a94a8fe5ccb19ba6\,0:-1,2016-12-14 15:27:20-729,2016-12-14 15:27:20-917
Success : CREATE_FILE : test2\a94a8fe5ccb19ba6\6DE502FF236EE5F1,0:2493249,2016-12-14 15:27:20-990,2016-12-14 15:27:22-836
Success : LS : test2\a94a8fe5ccb19ba6\2a5bd02710e975a7\,0:-1,2016-12-14 15:27:22-953,2016-12-14 15:27:23-116
Success : LS : test2\a94a8fe5ccb19ba6\,0:-1,2016-12-14 15:27:23-235,2016-12-14 15:27:23-416
Success : LS : test2\a94a8fe5ccb19ba6\,0:-1,2016-12-14 15:27:23-502,2016-12-14 15:27:23-740
Success : CREATE_FILE : test2\a94a8fe5ccb19ba6\11C9210437447597,0:3511139,2016-12-14 15:27:23-855,2016-12-14 15:27:26-680
Success : LS : test2\a94a8fe5ccb19ba6\,0:-1,2016-12-14 15:27:26-767,2016-12-14 15:27:26-961
Success : CREATE_FILE : test2\a94a8fe5ccb19ba6\7193A84275AD2EFF,0:680582,2016-12-14 15:27:27-041,2016-12-14 15:27:27-312
Success : LS : test2\a94a8fe5ccb19ba6\,0:-1,2016-12-14 15:27:27-424,2016-12-14 15:27:27-639
Success : SEQ_READ : test2\acde102dac5bbe15,0:6030,2016-12-14 15:27:27-744,2016-12-14 15:27:27-895
Fail : LS : test1,0:-1,2016-12-14 15:27:27-980,2016-12-14 15:27:27-981
Reason : java.lang.StringIndexOutOfBoundsException: String index out of range: -1
Success : LS : test2\a94a8fe5ccb19ba6\2a5bd02710e975a7\,0:-1,2016-12-14 15:27:28-055,2016-12-14 15:27:28-213
Success : LS : test2\a94a8fe5ccb19ba6\,0:-1,2016-12-14 15:27:28-297,2016-12-14 15:27:28-503
Success : LS : test1\f71b43c3136efa4f\9f93e73d6896cb7b\,0:-1,2016-12-14 15:27:28-611,2016-12-14 15:27:28-812
Success : LS : test2\a94a8fe5ccb19ba6\,0:-1,2016-12-14 15:27:28-922,2016-12-14 15:27:29-094
Success : LS : test2\a94a8fe5ccb19ba6\,0:-1,2016-12-14 15:27:29-191,2016-12-14 15:27:29-334
Success : CREATE_FILE : test2\a94a8fe5ccb19ba6\6A5119555EB487FF,0:2800894,2016-12-14 15:27:29-405,2016-12-14 15:27:31-518
Success : LS : test2\a94a8fe5ccb19ba6\,0:-1,2016-12-14 15:27:31-600,2016-12-14 15:27:31-786
Success : CREATE_FILE : test2\a94a8fe5ccb19ba6\2a5bd02710e975a7\19115C41168C8FA6,0:53269,2016-12-14 15:27:31-898,2016-12-14 15:27:32-105
Success : LS : test2\a94a8fe5ccb19ba6\2a5bd02710e975a7\,0:-1,2016-12-14 15:27:32-180,2016-12-14 15:27:32-379
Success : CREATE_FILE : test2\a94a8fe5ccb19ba6\2a5bd02710e975a7\5FE9E1437E6768C4,0:376417,2016-12-14 15:27:32-465,2016-12-14 15:27:32-682
Success : SEQ_READ : test1\f71b43c3136efa4f\c7d9912886e5ccc7\6670af231c096f09,0:129,2016-12-14 15:27:32-777,2016-12-14 15:27:32-946
Success : LS : test1\f71b43c3136efa4f\c7d9912886e5ccc7\,0:-1,2016-12-14 15:27:33-025,2016-12-14 15:27:33-182
Success : LS : test1\c5a5e5562b038073\a39ea9c72a98de10\,0:-1,2016-12-14 15:27:33-257,2016-12-14 15:27:33-407
Success : LS : test2\a94a8fe5ccb19ba6\2a5bd02710e975a7\,0:-1,2016-12-14 15:27:33-511,2016-12-14 15:27:33-662
Success : LS : test1\c5a5e5562b038073\,0:-1,2016-12-14 15:27:33-755,2016-12-14 15:27:33-898
Success : LS : test1\c5a5e5562b038073\0189424a5a60fed3\,0:-1,2016-12-14 15:27:33-968,2016-12-14 15:27:34-116
Success : SEQ_READ : test2\1a7683b6645f9b6a,0:14529,2016-12-14 15:27:34-223,2016-12-14 15:27:34-410
Success : LS : test2\a94a8fe5ccb19ba6\2a5bd02710e975a7\,0:-1,2016-12-14 15:27:34-516,2016-12-14 15:27:34-718
Success : CREATE_FILE : test2\a94a8fe5ccb19ba6\0A6C21F63313B1FD,0:504825,2016-12-14 15:27:34-840,2016-12-14 15:27:35-116
Success : LS : test2\a94a8fe5ccb19ba6\,0:-1,2016-12-14 15:27:35-224,2016-12-14 15:27:35-422
Success : CREATE_FILE : test2\a94a8fe5ccb19ba6\2a5bd02710e975a7\646ED8653F5245D2,0:614563,2016-12-14 15:27:35-533,2016-12-14 15:27:35-763
Success : LS : test2\a94a8fe5ccb19ba6\2a5bd02710e975a7\,0:-1,2016-12-14 15:27:35-842,2016-12-14 15:27:35-997
Success : CREATE_FILE : test2\a94a8fe5ccb19ba6\4FBC0BD96AEF154D,0:1803592,2016-12-14 15:27:36-072,2016-12-14 15:27:37-177
Success : LS : test2\a94a8fe5ccb19ba6\,0:-1,2016-12-14 15:27:37-281,2016-12-14 15:27:37-433
Success : CREATE_FILE : test2\a94a8fe5ccb19ba6\2a5bd02710e975a7\5781E28F38B37F18,0:3205436,2016-12-14 15:27:37-523,2016-12-14 15:27:40-065
Success : LS : test2\a94a8fe5ccb19ba6\2a5bd02710e975a7\,0:-1,2016-12-14 15:27:40-183,2016-12-14 15:27:40-379
Success : CREATE_FILE : test2\a94a8fe5ccb19ba6\2a5bd02710e975a7\1DB39DF85A04029C,0:2029453,2016-12-14 15:27:40-494,2016-12-14 15:27:41-816
Success : LS : test2\a94a8fe5ccb19ba6\2a5bd02710e975a7\,0:-1,2016-12-14 15:27:41-895,2016-12-14 15:27:42-040
Success : CREATE_FILE : test2\a94a8fe5ccb19ba6\2a5bd02710e975a7\20A2CF515D8ADFFD,0:2686172,2016-12-14 15:27:42-118,2016-12-14 15:27:44-145
Success : LS : test2\a94a8fe5ccb19ba6\2a5bd02710e975a7\,0:-1,2016-12-14 15:27:44-256,2016-12-14 15:27:44-458
Success : CREATE_FILE : test2\a94a8fe5ccb19ba6\2a5bd02710e975a7\09F5403C30280ECC,0:3179512,2016-12-14 15:27:44-531,2016-12-14 15:27:47-042
Success : LS : test1\f71b43c3136efa4f\9f93e73d6896cb7b\,0:-1,2016-12-14 15:27:47-135,2016-12-14 15:27:47-314
Success : LS : test2\a94a8fe5ccb19ba6\,0:-1,2016-12-14 15:27:47-388,2016-12-14 15:27:47-572
Fail : LS : test1,0:-1,2016-12-14 15:27:47-665,2016-12-14 15:27:47-665
Reason : java.lang.StringIndexOutOfBoundsException: String index out of range: -1
Success : LS : test2\a94a8fe5ccb19ba6\2a5bd02710e975a7\,0:-1,2016-12-14 15:27:47-772,2016-12-14 15:27:47-969
Success : LS : test1\c5a5e5562b038073\0189424a5a60fed3\,0:-1,2016-12-14 15:27:48-044,2016-12-14 15:27:48-180
Success : LS : test1\c5a5e5562b038073\,0:-1,2016-12-14 15:27:48-262,2016-12-14 15:27:48-398
Success : LS : test1\c5a5e5562b038073\a39ea9c72a98de10\,0:-1,2016-12-14 15:27:48-491,2016-12-14 15:27:48-693
Success : LS : test2\a94a8fe5ccb19ba6\,0:-1,2016-12-14 15:27:48-805,2016-12-14 15:27:49-019
Fail : LS : test1,0:-1,2016-12-14 15:27:49-143,2016-12-14 15:27:49-144
Reason : java.lang.StringIndexOutOfBoundsException: String index out of range: -1
Success : SEQ_READ : test2\a94a8fe5ccb19ba6\4b6fcb2d521ef0fd,0:2291,2016-12-14 15:27:49-232,2016-12-14 15:27:49-368
Success : LS : test2\a94a8fe5ccb19ba6\2a5bd02710e975a7\,0:-1,2016-12-14 15:27:49-473,2016-12-14 15:27:49-648
Success : CREATE_FILE : test2\a94a8fe5ccb19ba6\2a5bd02710e975a7\335A63D146624DED,0:4074825,2016-12-14 15:27:49-720,2016-12-14 15:27:53-247
Success : LS : test2\a94a8fe5ccb19ba6\2a5bd02710e975a7\,0:-1,2016-12-14 15:27:53-318,2016-12-14 15:27:53-494
Success : CREATE_FILE : test2\a94a8fe5ccb19ba6\7FD259E43344340E,0:1266311,2016-12-14 15:27:53-569,2016-12-14 15:27:54-088
Success : LS : test2\a94a8fe5ccb19ba6\,0:-1,2016-12-14 15:27:54-159,2016-12-14 15:27:54-360
Success : CREATE_FILE : test2\a94a8fe5ccb19ba6\2a5bd02710e975a7\562459007EB100F1,0:686079,2016-12-14 15:27:54-455,2016-12-14 15:27:54-691
Success : LS : test2\a94a8fe5ccb19ba6\2a5bd02710e975a7\,0:-1,2016-12-14 15:27:54-781,2016-12-14 15:27:54-987
Success : CREATE_FILE : test2\a94a8fe5ccb19ba6\2FC0CBFE32C3C920,0:1898024,2016-12-14 15:27:55-098,2016-12-14 15:27:56-330
Success : LS : test2\a94a8fe5ccb19ba6\,0:-1,2016-12-14 15:27:56-427,2016-12-14 15:27:56-578
Success : CREATE_FILE : test2\a94a8fe5ccb19ba6\2272F0F5365795CF,0:405929,2016-12-14 15:27:56-682,2016-12-14 15:27:56-858
Success : LS : test1\f71b43c3136efa4f\52481749c0cdecd6\,0:-1,2016-12-14 15:27:56-937,2016-12-14 15:27:57-078
Success : SEQ_READ : test1\c5a5e5562b038073\f72cdbcd84f047a5,0:17893,2016-12-14 15:27:57-149,2016-12-14 15:27:57-310
Success : LS : test1\f71b43c3136efa4f\,0:-1,2016-12-14 15:27:57-419,2016-12-14 15:27:57-595
Success : SEQ_READ : test1\c5a5e5562b038073\68ad3077ff5a452a,0:383,2016-12-14 15:27:57-668,2016-12-14 15:27:57-850
Success : SEQ_READ : test1\f71b43c3136efa4f\c7d9912886e5ccc7\6670af231c096f09,0:129,2016-12-14 15:27:57-953,2016-12-14 15:27:58-147
Success : SEQ_READ : test1\c5a5e5562b038073\0189424a5a60fed3\feb6a1968982109d,0:20126138,2016-12-14 15:27:58-220,2016-12-14 15:27:58-407
Success : SEQ_READ : test1\c5a5e5562b038073\738537f9a40e568b,0:17984,2016-12-14 15:27:58-481,2016-12-14 15:27:58-620
Success : LS : test2\a94a8fe5ccb19ba6\,0:-1,2016-12-14 15:27:58-698,2016-12-14 15:27:58-843
Success : SEQ_READ : test1\c5a5e5562b038073\a39ea9c72a98de10\f398de59988a85e5,0:6743,2016-12-14 15:27:58-928,2016-12-14 15:27:59-063
Success : LS : test2\a94a8fe5ccb19ba6\2a5bd02710e975a7\,0:-1,2016-12-14 15:27:59-138,2016-12-14 15:27:59-282
Success : LS : test1\c5a5e5562b038073\a39ea9c72a98de10\,0:-1,2016-12-14 15:27:59-357,2016-12-14 15:27:59-540
Success : LS : test2\a94a8fe5ccb19ba6\,0:-1,2016-12-14 15:28:00-146,2016-12-14 15:28:00-291
Success : CREATE_FILE : test2\a94a8fe5ccb19ba6\726265856148A3FA,0:3125360,2016-12-14 15:28:00-381,2016-12-14 15:28:04-272
Success : LS : test2\a94a8fe5ccb19ba6\,0:-1,2016-12-14 15:28:04-398,2016-12-14 15:28:04-607
Success : CREATE_FILE : test2\a94a8fe5ccb19ba6\7C84FFAE790C8BEF,0:2898680,2016-12-14 15:28:04-730,2016-12-14 15:28:06-931
Success : LS : test2\a94a8fe5ccb19ba6\,0:-1,2016-12-14 15:28:07-042,2016-12-14 15:28:07-206
Success : CREATE_FILE : test2\a94a8fe5ccb19ba6\2a5bd02710e975a7\2AC96FA92F4B2639,0:1817258,2016-12-14 15:28:07-297,2016-12-14 15:28:08-504
Success : LS : test2\a94a8fe5ccb19ba6\2a5bd02710e975a7\,0:-1,2016-12-14 15:28:08-608,2016-12-14 15:28:08-779
Success : CREATE_FILE : test2\a94a8fe5ccb19ba6\61B268EE152A83AE,0:2584040,2016-12-14 15:28:08-902,2016-12-14 15:28:10-771
Success : SEQ_READ : test2\a94a8fe5ccb19ba6\2a5bd02710e975a7\3eef580036f1724a,0:257,2016-12-14 15:28:10-886,2016-12-14 15:28:11-042
Fail : LS : test1,0:-1,2016-12-14 15:28:11-120,2016-12-14 15:28:11-121
Reason : java.lang.StringIndexOutOfBoundsException: String index out of range: -1
Success : LS : test1\c5a5e5562b038073\,0:-1,2016-12-14 15:28:11-217,2016-12-14 15:28:11-449
Success : SEQ_READ : test1\f71b43c3136efa4f\83404ffd78f534ff\6670af231c096f09,0:129,2016-12-14 15:28:11-543,2016-12-14 15:28:11-689
Success : LS : test2\a94a8fe5ccb19ba6\,0:-1,2016-12-14 15:28:11-783,2016-12-14 15:28:11-973
Success : LS : test2\a94a8fe5ccb19ba6\,0:-1,2016-12-14 15:28:12-056,2016-12-14 15:28:12-201
Success : LS : test2\a94a8fe5ccb19ba6\,0:-1,2016-12-14 15:28:12-273,2016-12-14 15:28:12-419
Success : SEQ_READ : test1\c5a5e5562b038073\3c16ab634e85296e,0:105016,2016-12-14 15:28:12-522,2016-12-14 15:28:12-691
Success : LS : test2\a94a8fe5ccb19ba6\,0:-1,2016-12-14 15:28:12-775,2016-12-14 15:28:12-953
Success : CREATE_FILE : test2\a94a8fe5ccb19ba6\4738C0213D98FBCC,0:1143823,2016-12-14 15:28:13-025,2016-12-14 15:28:13-383
Success : LS : test2\a94a8fe5ccb19ba6\,0:-1,2016-12-14 15:28:13-470,2016-12-14 15:28:13-627
Success : CREATE_FILE : test2\a94a8fe5ccb19ba6\2a5bd02710e975a7\4E073A161B878A36,0:276330,2016-12-14 15:28:13-696,2016-12-14 15:28:13-902
Success : LS : test2\a94a8fe5ccb19ba6\2a5bd02710e975a7\,0:-1,2016-12-14 15:28:13-979,2016-12-14 15:28:14-127
Success : CREATE_FILE : test2\a94a8fe5ccb19ba6\18E29C83301FF287,0:2268708,2016-12-14 15:28:14-200,2016-12-14 15:28:15-810
Success : LS : test2\a94a8fe5ccb19ba6\,0:-1,2016-12-14 15:28:15-924,2016-12-14 15:28:16-114
Success : CREATE_FILE : test2\a94a8fe5ccb19ba6\443948E8507EAF7C,0:139009,2016-12-14 15:28:16-210,2016-12-14 15:28:16-394
Success : LS : test2\a94a8fe5ccb19ba6\,0:-1,2016-12-14 15:28:16-503,2016-12-14 15:28:16-712
Success : CREATE_FILE : test2\a94a8fe5ccb19ba6\52AFE5D65737252C,0:571529,2016-12-14 15:28:16-827,2016-12-14 15:28:17-040
Success : LS : test2\a94a8fe5ccb19ba6\,0:-1,2016-12-14 15:28:17-143,2016-12-14 15:28:17-299
Success : CREATE_FILE : test2\a94a8fe5ccb19ba6\2a5bd02710e975a7\70D09E230730272C,0:619622,2016-12-14 15:28:17-418,2016-12-14 15:28:17-634
Success : LS : test2\a94a8fe5ccb19ba6\2a5bd02710e975a7\,0:-1,2016-12-14 15:28:17-731,2016-12-14 15:28:17-890
Success : CREATE_FILE : test2\a94a8fe5ccb19ba6\0D37BD7E1A48CFFD,0:1835652,2016-12-14 15:28:17-970,2016-12-14 15:28:19-101
Success : LS : test2\a94a8fe5ccb19ba6\,0:-1,2016-12-14 15:28:19-184,2016-12-14 15:28:19-330
Success : SEQ_READ : test1\c5a5e5562b038073\68ad3077ff5a452a,0:383,2016-12-14 15:28:19-399,2016-12-14 15:28:19-537
Success : SEQ_READ : test2\49f03965cf98b1f5,0:1634,2016-12-14 15:28:19-614,2016-12-14 15:28:19-750
Success : LS : test2\a94a8fe5ccb19ba6\,0:-1,2016-12-14 15:28:19-822,2016-12-14 15:28:19-977
Success : LS : test2\a94a8fe5ccb19ba6\,0:-1,2016-12-14 15:28:20-081,2016-12-14 15:28:20-325
Success : LS : test1\f71b43c3136efa4f\c7d9912886e5ccc7\,0:-1,2016-12-14 15:28:20-434,2016-12-14 15:28:20-598
Success : LS : test1\f71b43c3136efa4f\,0:-1,2016-12-14 15:28:20-673,2016-12-14 15:28:20-828
Success : SEQ_READ : test2\49f03965cf98b1f5,0:1634,2016-12-14 15:28:20-916,2016-12-14 15:28:21-060
Success : LS : test2\a94a8fe5ccb19ba6\2a5bd02710e975a7\,0:-1,2016-12-14 15:28:21-134,2016-12-14 15:28:21-276
Success : SEQ_READ : test1\c5a5e5562b038073\a39ea9c72a98de10\f398de59988a85e5,0:6743,2016-12-14 15:28:21-351,2016-12-14 15:28:21-519
Success : LS : test2\a94a8fe5ccb19ba6\,0:-1,2016-12-14 15:28:21-617,2016-12-14 15:28:21-775
Success : CREATE_FILE : test2\a94a8fe5ccb19ba6\2a5bd02710e975a7\4724111972BB47AE,0:2514760,2016-12-14 15:28:21-851,2016-12-14 15:28:23-734
Success : LS : test2\a94a8fe5ccb19ba6\2a5bd02710e975a7\,0:-1,2016-12-14 15:28:23-807,2016-12-14 15:28:23-972
Success : CREATE_FILE : test2\a94a8fe5ccb19ba6\53D6F8AD12CE4154,0:1687945,2016-12-14 15:28:24-045,2016-12-14 15:28:24-991
Success : LS : test2\a94a8fe5ccb19ba6\,0:-1,2016-12-14 15:28:25-112,2016-12-14 15:28:25-299
Success : CREATE_FILE : test2\a94a8fe5ccb19ba6\2a5bd02710e975a7\14990E62696D6B06,0:1464845,2016-12-14 15:28:25-378,2016-12-14 15:28:26-108
Success : LS : test2\a94a8fe5ccb19ba6\2a5bd02710e975a7\,0:-1,2016-12-14 15:28:26-206,2016-12-14 15:28:26-359
Success : CREATE_FILE : test2\a94a8fe5ccb19ba6\2a5bd02710e975a7\2ED682777072EFE3,0:96199,2016-12-14 15:28:26-462,2016-12-14 15:28:26-656
Success : LS : test2\a94a8fe5ccb19ba6\,0:-1,2016-12-14 15:28:26-735,2016-12-14 15:28:26-944
Success : LS : test1\f71b43c3136efa4f\c7d9912886e5ccc7\,0:-1,2016-12-14 15:28:27-025,2016-12-14 15:28:27-191
Success : LS : test1\c5a5e5562b038073\a39ea9c72a98de10\,0:-1,2016-12-14 15:28:27-286,2016-12-14 15:28:27-430
Success : LS : test1\c5a5e5562b038073\,0:-1,2016-12-14 15:28:27-530,2016-12-14 15:28:27-679
Success : LS : test1\c5a5e5562b038073\0189424a5a60fed3\,0:-1,2016-12-14 15:28:27-754,2016-12-14 15:28:27-896
Success : LS : test1\c5a5e5562b038073\0189424a5a60fed3\,0:-1,2016-12-14 15:28:28-001,2016-12-14 15:28:28-161
Success : LS : test2\a94a8fe5ccb19ba6\2a5bd02710e975a7\,0:-1,2016-12-14 15:28:28-271,2016-12-14 15:28:28-439
Success : LS : test2\a94a8fe5ccb19ba6\2a5bd02710e975a7\,0:-1,2016-12-14 15:28:28-542,2016-12-14 15:28:28-694
Success : LS : test2\a94a8fe5ccb19ba6\2a5bd02710e975a7\,0:-1,2016-12-14 15:28:28-766,2016-12-14 15:28:28-966
Success : CREATE_FILE : test2\a94a8fe5ccb19ba6\2a5bd02710e975a7\1B82AFFB4645DCE7,0:377586,2016-12-14 15:28:29-081,2016-12-14 15:28:29-277
Success : LS : test2\a94a8fe5ccb19ba6\2a5bd02710e975a7\,0:-1,2016-12-14 15:28:29-373,2016-12-14 15:28:29-567
Success : CREATE_FILE : test2\a94a8fe5ccb19ba6\2a5bd02710e975a7\331D08E118A9B814,0:3881830,2016-12-14 15:28:29-652,2016-12-14 15:28:32-978
Success : LS : test2\a94a8fe5ccb19ba6\2a5bd02710e975a7\,0:-1,2016-12-14 15:28:33-048,2016-12-14 15:28:33-228
Success : CREATE_FILE : test2\a94a8fe5ccb19ba6\2a5bd02710e975a7\645ADC0A34C94E75,0:3495500,2016-12-14 15:28:33-342,2016-12-14 15:28:36-360
Success : LS : test2\a94a8fe5ccb19ba6\2a5bd02710e975a7\,0:-1,2016-12-14 15:28:36-431,2016-12-14 15:28:36-581
Success : CREATE_FILE : test2\a94a8fe5ccb19ba6\0D6407862F31CDB2,0:221356,2016-12-14 15:28:36-676,2016-12-14 15:28:36-873
Success : LS : test2\a94a8fe5ccb19ba6\,0:-1,2016-12-14 15:28:36-946,2016-12-14 15:28:37-129
Success : CREATE_FILE : test2\a94a8fe5ccb19ba6\2a5bd02710e975a7\3A3AB14F542576C1,0:773655,2016-12-14 15:28:37-203,2016-12-14 15:28:37-449
Success : LS : test2\a94a8fe5ccb19ba6\2a5bd02710e975a7\,0:-1,2016-12-14 15:28:37-520,2016-12-14 15:28:37-671
Success : CREATE_FILE : test2\a94a8fe5ccb19ba6\2a5bd02710e975a7\65C2D6A565DC96C4,0:798588,2016-12-14 15:28:37-745,2016-12-14 15:28:37-966
Success : SEQ_READ : test2\a94a8fe5ccb19ba6\2a5bd02710e975a7\3eef580036f1724a,0:257,2016-12-14 15:28:38-042,2016-12-14 15:28:38-179
Success : LS : test1\f71b43c3136efa4f\83404ffd78f534ff\,0:-1,2016-12-14 15:28:38-251,2016-12-14 15:28:38-434
Success : LS : test2\a94a8fe5ccb19ba6\,0:-1,2016-12-14 15:28:38-529,2016-12-14 15:28:38-686
Fail : LS : test1,0:-1,2016-12-14 15:28:38-776,2016-12-14 15:28:38-776
Reason : java.lang.StringIndexOutOfBoundsException: String index out of range: -1
Success : LS : test1\f71b43c3136efa4f\9f93e73d6896cb7b\,0:-1,2016-12-14 15:28:38-850,2016-12-14 15:28:39-029
Fail : LS : test1,0:-1,2016-12-14 15:28:39-101,2016-12-14 15:28:39-101
Reason : java.lang.StringIndexOutOfBoundsException: String index out of range: -1
Success : LS : test1\f71b43c3136efa4f\52481749c0cdecd6\,0:-1,2016-12-14 15:28:39-172,2016-12-14 15:28:39-308
Success : LS : test1\f71b43c3136efa4f\52481749c0cdecd6\,0:-1,2016-12-14 15:28:39-381,2016-12-14 15:28:39-571
Success : LS : test2\a94a8fe5ccb19ba6\,0:-1,2016-12-14 15:28:39-675,2016-12-14 15:28:39-878
Success : LS : test2\a94a8fe5ccb19ba6\2a5bd02710e975a7\,0:-1,2016-12-14 15:28:39-971,2016-12-14 15:28:40-114
Success : CREATE_FILE : test2\a94a8fe5ccb19ba6\78207D1432D37674,0:1571036,2016-12-14 15:28:40-194,2016-12-14 15:28:41-078
Success : LS : test2\a94a8fe5ccb19ba6\,0:-1,2016-12-14 15:28:41-213,2016-12-14 15:28:41-373
Success : CREATE_FILE : test2\a94a8fe5ccb19ba6\2a5bd02710e975a7\19553D745D7896D6,0:996576,2016-12-14 15:28:41-474,2016-12-14 15:28:41-764
Success : LS : test2\a94a8fe5ccb19ba6\2a5bd02710e975a7\,0:-1,2016-12-14 15:28:41-860,2016-12-14 15:28:42-012
Success : CREATE_FILE : test2\a94a8fe5ccb19ba6\427A646168AD8E89,0:349636,2016-12-14 15:28:42-085,2016-12-14 15:28:42-263
Success : LS : test2\a94a8fe5ccb19ba6\,0:-1,2016-12-14 15:28:42-365,2016-12-14 15:28:42-528
Success : CREATE_FILE : test2\a94a8fe5ccb19ba6\2a5bd02710e975a7\2D4A174B24594F8F,0:3341666,2016-12-14 15:28:42-638,2016-12-14 15:28:45-297
Success : LS : test2\a94a8fe5ccb19ba6\2a5bd02710e975a7\,0:-1,2016-12-14 15:28:45-367,2016-12-14 15:28:45-575
Success : CREATE_FILE : test2\a94a8fe5ccb19ba6\2a5bd02710e975a7\1E6E16EE7FD94657,0:12610,2016-12-14 15:28:45-666,2016-12-14 15:28:45-838
Success : LS : test1\f71b43c3136efa4f\52481749c0cdecd6\,0:-1,2016-12-14 15:28:45-938,2016-12-14 15:28:46-163
Success : SEQ_READ : test2\a94a8fe5ccb19ba6\4b6fcb2d521ef0fd,0:2291,2016-12-14 15:28:46-243,2016-12-14 15:28:46-402
Success : LS : test1\c5a5e5562b038073\a39ea9c72a98de10\,0:-1,2016-12-14 15:28:46-506,2016-12-14 15:28:46-662
Success : LS : test1\c5a5e5562b038073\a39ea9c72a98de10\,0:-1,2016-12-14 15:28:46-734,2016-12-14 15:28:46-910
Success : LS : test2\a94a8fe5ccb19ba6\,0:-1,2016-12-14 15:28:47-009,2016-12-14 15:28:47-175
Success : LS : test2\a94a8fe5ccb19ba6\,0:-1,2016-12-14 15:28:47-272,2016-12-14 15:28:47-430
Success : SEQ_READ : test2\a94a8fe5ccb19ba6\4b6fcb2d521ef0fd,0:2291,2016-12-14 15:28:47-518,2016-12-14 15:28:47-704
Success : LS : test2\a94a8fe5ccb19ba6\2a5bd02710e975a7\,0:-1,2016-12-14 15:28:47-795,2016-12-14 15:28:47-998
Success : LS : test1\f71b43c3136efa4f\52481749c0cdecd6\,0:-1,2016-12-14 15:28:48-070,2016-12-14 15:28:48-207
Success : LS : test1\f71b43c3136efa4f\c7d9912886e5ccc7\,0:-1,2016-12-14 15:28:48-277,2016-12-14 15:28:48-419
Success : LS : test2\a94a8fe5ccb19ba6\2a5bd02710e975a7\,0:-1,2016-12-14 15:28:48-490,2016-12-14 15:28:48-681
Success : CREATE_FILE : test2\a94a8fe5ccb19ba6\2a5bd02710e975a7\7FF5F49E7842CE04,0:1682402,2016-12-14 15:28:48-782,2016-12-14 15:28:49-773
Success : LS : test2\a94a8fe5ccb19ba6\2a5bd02710e975a7\,0:-1,2016-12-14 15:28:49-872,2016-12-14 15:28:50-062
Success : CREATE_FILE : test2\a94a8fe5ccb19ba6\6528A713088898EB,0:2044503,2016-12-14 15:28:50-178,2016-12-14 15:28:51-496
Success : LS : test2\a94a8fe5ccb19ba6\,0:-1,2016-12-14 15:28:51-596,2016-12-14 15:28:51-787
Success : CREATE_FILE : test2\a94a8fe5ccb19ba6\2a5bd02710e975a7\0A35210011D71772,0:123438,2016-12-14 15:28:51-860,2016-12-14 15:28:52-064
Success : LS : test2\a94a8fe5ccb19ba6\2a5bd02710e975a7\,0:-1,2016-12-14 15:28:52-168,2016-12-14 15:28:52-319
Success : CREATE_FILE : test2\a94a8fe5ccb19ba6\2a5bd02710e975a7\0B0A9BD978754D58,0:1233634,2016-12-14 15:28:52-424,2016-12-14 15:28:52-909
Fail : LS : test1,0:-1,2016-12-14 15:28:53-014,2016-12-14 15:28:53-014
Reason : java.lang.StringIndexOutOfBoundsException: String index out of range: -1
Success : LS : test1\f71b43c3136efa4f\83404ffd78f534ff\,0:-1,2016-12-14 15:28:53-091,2016-12-14 15:28:53-235
Success : LS : test1\f71b43c3136efa4f\83404ffd78f534ff\,0:-1,2016-12-14 15:28:53-304,2016-12-14 15:28:53-466
Success : LS : test2\a94a8fe5ccb19ba6\2a5bd02710e975a7\,0:-1,2016-12-14 15:28:53-558,2016-12-14 15:28:53-742
Success : LS : test2\a94a8fe5ccb19ba6\,0:-1,2016-12-14 15:28:53-831,2016-12-14 15:28:54-039
Success : LS : test2\a94a8fe5ccb19ba6\2a5bd02710e975a7\,0:-1,2016-12-14 15:28:54-110,2016-12-14 15:28:54-297
Success : LS : test2\a94a8fe5ccb19ba6\2a5bd02710e975a7\,0:-1,2016-12-14 15:28:54-369,2016-12-14 15:28:54-546
Success : CREATE_FILE : test2\a94a8fe5ccb19ba6\191587AB3016AB45,0:1065158,2016-12-14 15:28:54-626,2016-12-14 15:28:54-932
Success : LS : test2\a94a8fe5ccb19ba6\,0:-1,2016-12-14 15:28:55-009,2016-12-14 15:28:55-161
Success : CREATE_FILE : test2\a94a8fe5ccb19ba6\7BF23392084701FC,0:429008,2016-12-14 15:28:55-264,2016-12-14 15:28:55-453
Success : LS : test2\a94a8fe5ccb19ba6\,0:-1,2016-12-14 15:28:55-545,2016-12-14 15:28:55-744
Success : CREATE_FILE : test2\a94a8fe5ccb19ba6\7AB19BD41CB5161D,0:1542699,2016-12-14 15:28:55-839,2016-12-14 15:28:56-648
Success : LS : test2\a94a8fe5ccb19ba6\,0:-1,2016-12-14 15:28:56-720,2016-12-14 15:28:56-874
Success : CREATE_FILE : test2\a94a8fe5ccb19ba6\2a5bd02710e975a7\048BB0DF06831917,0:1475200,2016-12-14 15:28:56-957,2016-12-14 15:28:57-663
Success : LS : test2\a94a8fe5ccb19ba6\2a5bd02710e975a7\,0:-1,2016-12-14 15:28:57-778,2016-12-14 15:28:57-984
Success : CREATE_FILE : test2\a94a8fe5ccb19ba6\533E3E3018AE4119,0:1480050,2016-12-14 15:28:58-090,2016-12-14 15:28:58-839
Success : LS : test2\a94a8fe5ccb19ba6\,0:-1,2016-12-14 15:28:58-948,2016-12-14 15:28:59-122
Success : CREATE_FILE : test2\a94a8fe5ccb19ba6\2a5bd02710e975a7\2DB971983138F715,0:3307840,2016-12-14 15:28:59-252,2016-12-14 15:29:01-908
Success : LS : test2\a94a8fe5ccb19ba6\2a5bd02710e975a7\,0:-1,2016-12-14 15:29:01-995,2016-12-14 15:29:02-177
Success : CREATE_FILE : test2\a94a8fe5ccb19ba6\2a5bd02710e975a7\3552563F1CC987CF,0:3728723,2016-12-14 15:29:02-263,2016-12-14 15:29:05-413
Success : LS : test1\c5a5e5562b038073\,0:-1,2016-12-14 15:29:05-513,2016-12-14 15:29:05-700
Success : LS : test2\a94a8fe5ccb19ba6\,0:-1,2016-12-14 15:29:05-807,2016-12-14 15:29:06-011
Success : LS : test1\f71b43c3136efa4f\c7d9912886e5ccc7\,0:-1,2016-12-14 15:29:06-087,2016-12-14 15:29:06-246
Success : LS : test2\a94a8fe5ccb19ba6\,0:-1,2016-12-14 15:29:06-319,2016-12-14 15:29:06-465
Success : LS : test1\c5a5e5562b038073\a39ea9c72a98de10\,0:-1,2016-12-14 15:29:06-590,2016-12-14 15:29:06-729
Success : SEQ_READ : test2\a94a8fe5ccb19ba6\2a5bd02710e975a7\3eef580036f1724a,0:257,2016-12-14 15:29:06-802,2016-12-14 15:29:06-936
Success : LS : test1\c5a5e5562b038073\0189424a5a60fed3\,0:-1,2016-12-14 15:29:07-007,2016-12-14 15:29:07-192
Success : SEQ_READ : test1\c5a5e5562b038073\7b7f22b30cf50087,0:3126,2016-12-14 15:29:07-284,2016-12-14 15:29:07-423
Success : LS : test2\a94a8fe5ccb19ba6\2a5bd02710e975a7\,0:-1,2016-12-14 15:29:07-534,2016-12-14 15:29:07-691
Success : CREATE_FILE : test2\a94a8fe5ccb19ba6\274F21C748613E1E,0:634207,2016-12-14 15:29:07-763,2016-12-14 15:29:08-015
Success : LS : test2\a94a8fe5ccb19ba6\,0:-1,2016-12-14 15:29:08-098,2016-12-14 15:29:08-305
Success : CREATE_FILE : test2\a94a8fe5ccb19ba6\4E77F9D21F14F8EC,0:3476236,2016-12-14 15:29:08-420,2016-12-14 15:29:11-203
Success : LS : test2\a94a8fe5ccb19ba6\,0:-1,2016-12-14 15:29:11-296,2016-12-14 15:29:11-503
Success : CREATE_FILE : test2\a94a8fe5ccb19ba6\2a5bd02710e975a7\13898B5F2C386DF8,0:3885323,2016-12-14 15:29:11-586,2016-12-14 15:29:14-896
Success : LS : test2\a94a8fe5ccb19ba6\2a5bd02710e975a7\,0:-1,2016-12-14 15:29:14-974,2016-12-14 15:29:15-114
Success : CREATE_FILE : test2\a94a8fe5ccb19ba6\3269ECFD40821445,0:267597,2016-12-14 15:29:15-184,2016-12-14 15:29:15-356
Success : LS : test2\a94a8fe5ccb19ba6\,0:-1,2016-12-14 15:29:15-451,2016-12-14 15:29:15-654
Success : CREATE_FILE : test2\a94a8fe5ccb19ba6\574B54E13D318440,0:2977092,2016-12-14 15:29:15-728,2016-12-14 15:29:18-026
Success : LS : test2\a94a8fe5ccb19ba6\,0:-1,2016-12-14 15:29:18-097,2016-12-14 15:29:18-236
Success : CREATE_FILE : test2\a94a8fe5ccb19ba6\3551E2167D6B0441,0:1902057,2016-12-14 15:29:18-307,2016-12-14 15:29:19-532
Fail : LS : test1,0:-1,2016-12-14 15:29:19-645,2016-12-14 15:29:19-646
Reason : java.lang.StringIndexOutOfBoundsException: String index out of range: -1
Success : LS : test1\f71b43c3136efa4f\52481749c0cdecd6\,0:-1,2016-12-14 15:29:19-726,2016-12-14 15:29:19-862
Success : LS : test1\f71b43c3136efa4f\83404ffd78f534ff\,0:-1,2016-12-14 15:29:19-933,2016-12-14 15:29:20-101
Success : SEQ_READ : test2\a94a8fe5ccb19ba6\2a5bd02710e975a7\178db47a574c645f,0:257,2016-12-14 15:29:20-171,2016-12-14 15:29:20-302
Success : LS : test1\f71b43c3136efa4f\c7d9912886e5ccc7\,0:-1,2016-12-14 15:29:20-391,2016-12-14 15:29:20-529
Success : LS : test2\a94a8fe5ccb19ba6\,0:-1,2016-12-14 15:29:20-602,2016-12-14 15:29:20-751
Success : SEQ_READ : test1\c5a5e5562b038073\0189424a5a60fed3\46a8219c2ae6c782,0:1544228,2016-12-14 15:29:20-830,2016-12-14 15:29:21-035
Fail : LS : test1,0:-1,2016-12-14 15:29:21-107,2016-12-14 15:29:21-107
Reason : java.lang.StringIndexOutOfBoundsException: String index out of range: -1
Success : LS : test2\a94a8fe5ccb19ba6\,0:-1,2016-12-14 15:29:21-180,2016-12-14 15:29:21-328
Success : CREATE_FILE : test2\a94a8fe5ccb19ba6\2a5bd02710e975a7\14E1BCFC0397A6A7,0:3294980,2016-12-14 15:29:21-400,2016-12-14 15:29:24-059
Success : LS : test1\f71b43c3136efa4f\9f93e73d6896cb7b\,0:-1,2016-12-14 15:29:24-129,2016-12-14 15:29:24-274
Success : LS : test2\a94a8fe5ccb19ba6\2a5bd02710e975a7\,0:-1,2016-12-14 15:29:24-350,2016-12-14 15:29:24-493
Success : CREATE_FILE : test2\a94a8fe5ccb19ba6\77BB10427C7C68AC,0:1304938,2016-12-14 15:29:24-573,2016-12-14 15:29:25-145
Success : LS : test2\a94a8fe5ccb19ba6\,0:-1,2016-12-14 15:29:25-217,2016-12-14 15:29:25-407
Success : CREATE_FILE : test2\a94a8fe5ccb19ba6\2a5bd02710e975a7\6837D6823A0DFF81,0:2676026,2016-12-14 15:29:25-481,2016-12-14 15:29:27-410
Success : LS : test2\a94a8fe5ccb19ba6\2a5bd02710e975a7\,0:-1,2016-12-14 15:29:27-517,2016-12-14 15:29:27-686
Success : CREATE_FILE : test2\a94a8fe5ccb19ba6\0E3E7035061A39A7,0:2554616,2016-12-14 15:29:27-780,2016-12-14 15:29:29-705
Success : LS : test2\a94a8fe5ccb19ba6\,0:-1,2016-12-14 15:29:29-787,2016-12-14 15:29:29-933
Success : CREATE_FILE : test2\a94a8fe5ccb19ba6\2494A09067B73CAB,0:2237944,2016-12-14 15:29:30-016,2016-12-14 15:29:31-567
Success : SEQ_READ : test1\c5a5e5562b038073\a39ea9c72a98de10\aa61f113a9b13deb,0:438,2016-12-14 15:29:31-666,2016-12-14 15:29:31-812
Success : LS : test1\f71b43c3136efa4f\83404ffd78f534ff\,0:-1,2016-12-14 15:29:31-882,2016-12-14 15:29:32-042
Fail : LS : test1,0:-1,2016-12-14 15:29:32-112,2016-12-14 15:29:32-113
Reason : java.lang.StringIndexOutOfBoundsException: String index out of range: -1
Success : LS : test1\c5a5e5562b038073\a39ea9c72a98de10\,0:-1,2016-12-14 15:29:32-193,2016-12-14 15:29:32-349
Success : LS : test2\a94a8fe5ccb19ba6\,0:-1,2016-12-14 15:29:32-421,2016-12-14 15:29:32-584
Success : LS : test1\c5a5e5562b038073\,0:-1,2016-12-14 15:29:32-675,2016-12-14 15:29:32-820
Success : LS : test1\f71b43c3136efa4f\52481749c0cdecd6\,0:-1,2016-12-14 15:29:32-903,2016-12-14 15:29:33-055
Success : LS : test1\f71b43c3136efa4f\9f93e73d6896cb7b\,0:-1,2016-12-14 15:29:33-127,2016-12-14 15:29:33-263
Success : LS : test2\a94a8fe5ccb19ba6\2a5bd02710e975a7\,0:-1,2016-12-14 15:29:33-335,2016-12-14 15:29:33-492
Success : LS : test2\a94a8fe5ccb19ba6\,0:-1,2016-12-14 15:29:33-577,2016-12-14 15:29:33-771
Success : CREATE_FILE : test2\a94a8fe5ccb19ba6\055F6FA53B18352D,0:925360,2016-12-14 15:29:33-857,2016-12-14 15:29:34-141
Success : LS : test2\a94a8fe5ccb19ba6\,0:-1,2016-12-14 15:29:34-217,2016-12-14 15:29:34-371
Success : CREATE_FILE : test2\a94a8fe5ccb19ba6\0449E5BD57B33C21,0:376221,2016-12-14 15:29:34-448,2016-12-14 15:29:34-637
Success : LS : test2\a94a8fe5ccb19ba6\,0:-1,2016-12-14 15:29:34-713,2016-12-14 15:29:34-866
Success : CREATE_FILE : test2\a94a8fe5ccb19ba6\2a5bd02710e975a7\579FA3DA28DFD6A7,0:239738,2016-12-14 15:29:34-936,2016-12-14 15:29:35-114
Success : LS : test2\a94a8fe5ccb19ba6\2a5bd02710e975a7\,0:-1,2016-12-14 15:29:35-209,2016-12-14 15:29:35-396
Success : CREATE_FILE : test2\a94a8fe5ccb19ba6\2607D3CA59DB2FE8,0:1960650,2016-12-14 15:29:35-467,2016-12-14 15:29:36-703
Success : LS : test2\a94a8fe5ccb19ba6\,0:-1,2016-12-14 15:29:36-804,2016-12-14 15:29:37-005
Success : CREATE_FILE : test2\a94a8fe5ccb19ba6\2a5bd02710e975a7\1A50B69C372700CA,0:175388,2016-12-14 15:29:37-094,2016-12-14 15:29:37-301
Success : LS : test2\a94a8fe5ccb19ba6\2a5bd02710e975a7\,0:-1,2016-12-14 15:29:37-393,2016-12-14 15:29:37-542
Success : CREATE_FILE : test2\a94a8fe5ccb19ba6\2a5bd02710e975a7\46A9B0F9626A54C4,0:3454405,2016-12-14 15:29:37-633,2016-12-14 15:29:40-605
Success : SEQ_READ : test1\c5a5e5562b038073\88fe52fe40fa2264,0:2854,2016-12-14 15:29:40-722,2016-12-14 15:29:40-873
Success : LS : test1\f71b43c3136efa4f\,0:-1,2016-12-14 15:29:40-983,2016-12-14 15:29:41-135
Success : LS : test2\a94a8fe5ccb19ba6\,0:-1,2016-12-14 15:29:41-223,2016-12-14 15:29:41-449
Fail : LS : test1,0:-1,2016-12-14 15:29:41-547,2016-12-14 15:29:41-547
Reason : java.lang.StringIndexOutOfBoundsException: String index out of range: -1
Success : LS : test1\f71b43c3136efa4f\,0:-1,2016-12-14 15:29:41-661,2016-12-14 15:29:41-862
Success : LS : test2\a94a8fe5ccb19ba6\2a5bd02710e975a7\,0:-1,2016-12-14 15:29:41-986,2016-12-14 15:29:42-159
Success : LS : test1\c5a5e5562b038073\,0:-1,2016-12-14 15:29:42-233,2016-12-14 15:29:42-375
Success : LS : test2\a94a8fe5ccb19ba6\2a5bd02710e975a7\,0:-1,2016-12-14 15:29:42-447,2016-12-14 15:29:42-588
Success : CREATE_FILE : test2\a94a8fe5ccb19ba6\2a5bd02710e975a7\7C23F28063B83A0E,0:2718004,2016-12-14 15:29:42-679,2016-12-14 15:29:44-718
Success : LS : test2\a94a8fe5ccb19ba6\2a5bd02710e975a7\,0:-1,2016-12-14 15:29:44-844,2016-12-14 15:29:45-010
Success : CREATE_FILE : test2\a94a8fe5ccb19ba6\1C2A6E0238A8BEA6,0:2095507,2016-12-14 15:29:45-084,2016-12-14 15:29:46-451
Success : LS : test2\a94a8fe5ccb19ba6\,0:-1,2016-12-14 15:29:46-558,2016-12-14 15:29:46-716
Success : CREATE_FILE : test2\a94a8fe5ccb19ba6\2a5bd02710e975a7\3E1E7C6F1CB5FD9A,0:986171,2016-12-14 15:29:46-809,2016-12-14 15:29:47-079
Success : LS : test2\a94a8fe5ccb19ba6\2a5bd02710e975a7\,0:-1,2016-12-14 15:29:47-190,2016-12-14 15:29:47-402
Success : CREATE_FILE : test2\a94a8fe5ccb19ba6\55659CC30393E7DF,0:3768105,2016-12-14 15:29:47-474,2016-12-14 15:29:50-613
Success : LS : test2\a94a8fe5ccb19ba6\,0:-1,2016-12-14 15:29:50-712,2016-12-14 15:29:50-905
Success : CREATE_FILE : test2\a94a8fe5ccb19ba6\2a5bd02710e975a7\06C3333A56EACFC5,0:300705,2016-12-14 15:29:50-987,2016-12-14 15:29:51-167
Fail : LS : test1,0:-1,2016-12-14 15:29:51-249,2016-12-14 15:29:51-249
Reason : java.lang.StringIndexOutOfBoundsException: String index out of range: -1
Success : LS : test1\f71b43c3136efa4f\83404ffd78f534ff\,0:-1,2016-12-14 15:29:51-327,2016-12-14 15:29:51-516
Fail : LS : test1,0:-1,2016-12-14 15:29:51-619,2016-12-14 15:29:51-620
Reason : java.lang.StringIndexOutOfBoundsException: String index out of range: -1
Success : LS : test2\a94a8fe5ccb19ba6\2a5bd02710e975a7\,0:-1,2016-12-14 15:29:51-699,2016-12-14 15:29:51-893
Success : LS : test1\c5a5e5562b038073\0189424a5a60fed3\,0:-1,2016-12-14 15:29:51-979,2016-12-14 15:29:52-153
Success : LS : test1\f71b43c3136efa4f\9f93e73d6896cb7b\,0:-1,2016-12-14 15:29:52-258,2016-12-14 15:29:52-402
Success : LS : test1\c5a5e5562b038073\,0:-1,2016-12-14 15:29:52-475,2016-12-14 15:29:52-677
Success : LS : test2\a94a8fe5ccb19ba6\2a5bd02710e975a7\,0:-1,2016-12-14 15:29:52-798,2016-12-14 15:29:52-997
Success : CREATE_FILE : test2\a94a8fe5ccb19ba6\2a5bd02710e975a7\4BA8D9917D3C1BEE,0:398331,2016-12-14 15:29:53-089,2016-12-14 15:29:53-325
Success : LS : test2\a94a8fe5ccb19ba6\2a5bd02710e975a7\,0:-1,2016-12-14 15:29:53-419,2016-12-14 15:29:53-576
Success : CREATE_FILE : test2\a94a8fe5ccb19ba6\2a5bd02710e975a7\0ABA07800E870011,0:1126498,2016-12-14 15:29:53-649,2016-12-14 15:29:54-012
Success : LS : test2\a94a8fe5ccb19ba6\2a5bd02710e975a7\,0:-1,2016-12-14 15:29:54-089,2016-12-14 15:29:54-260
Success : CREATE_FILE : test2\a94a8fe5ccb19ba6\45C4E96667B4319E,0:1113812,2016-12-14 15:29:54-342,2016-12-14 15:29:54-719
Success : LS : test2\a94a8fe5ccb19ba6\,0:-1,2016-12-14 15:29:54-832,2016-12-14 15:29:55-028
Success : CREATE_FILE : test2\a94a8fe5ccb19ba6\15BAD7A7741BD2CA,0:2208336,2016-12-14 15:29:55-152,2016-12-14 15:29:56-633
Success : LS : test2\a94a8fe5ccb19ba6\,0:-1,2016-12-14 15:29:56-708,2016-12-14 15:29:56-913
Success : CREATE_FILE : test2\a94a8fe5ccb19ba6\2a5bd02710e975a7\54E67A365A0B330E,0:2162999,2016-12-14 15:29:57-001,2016-12-14 15:29:58-461
Success : LS : test2\a94a8fe5ccb19ba6\2a5bd02710e975a7\,0:-1,2016-12-14 15:29:58-582,2016-12-14 15:29:58-770
Success : CREATE_FILE : test2\a94a8fe5ccb19ba6\2a5bd02710e975a7\39F2E7587CF9FC8B,0:1159701,2016-12-14 15:29:58-875,2016-12-14 15:29:59-275
Success : LS : test2\a94a8fe5ccb19ba6\2a5bd02710e975a7\,0:-1,2016-12-14 15:29:59-379,2016-12-14 15:29:59-531
Success : CREATE_FILE : test2\a94a8fe5ccb19ba6\1D696161541980E6,0:918671,2016-12-14 15:29:59-606,2016-12-14 15:29:59-838
Success : LS : test2\a94a8fe5ccb19ba6\,0:-1,2016-12-14 15:29:59-956,2016-12-14 15:30:00-126
Success : LS : test2\a94a8fe5ccb19ba6\,0:-1,2016-12-14 15:30:00-198,2016-12-14 15:30:00-338
Success : LS : test1\c5a5e5562b038073\a39ea9c72a98de10\,0:-1,2016-12-14 15:30:00-421,2016-12-14 15:30:00-558
Success : LS : test1\f71b43c3136efa4f\9f93e73d6896cb7b\,0:-1,2016-12-14 15:30:00-628,2016-12-14 15:30:00-796
Fail : LS : test1,0:-1,2016-12-14 15:30:00-896,2016-12-14 15:30:00-896
Reason : java.lang.StringIndexOutOfBoundsException: String index out of range: -1
Success : CREATE_FILE : test2\a94a8fe5ccb19ba6\632A68E21A15FD12,0:266912,2016-12-14 15:30:00-968,2016-12-14 15:30:01-168
Success : LS : test1\f71b43c3136efa4f\52481749c0cdecd6\,0:-1,2016-12-14 15:30:01-278,2016-12-14 15:30:01-514
Success : SEQ_READ : test1\c5a5e5562b038073\7b7f22b30cf50087,0:3126,2016-12-14 15:30:01-611,2016-12-14 15:30:01-763
Success : LS : test1\f71b43c3136efa4f\,0:-1,2016-12-14 15:30:01-838,2016-12-14 15:30:01-995
Success : LS : test1\c5a5e5562b038073\,0:-1,2016-12-14 15:30:02-097,2016-12-14 15:30:02-261
Fail : LS : test1,0:-1,2016-12-14 15:30:02-333,2016-12-14 15:30:02-333
Reason : java.lang.StringIndexOutOfBoundsException: String index out of range: -1
Success : LS : test1\f71b43c3136efa4f\,0:-1,2016-12-14 15:30:02-406,2016-12-14 15:30:02-542
Success : LS : test2\a94a8fe5ccb19ba6\,0:-1,2016-12-14 15:30:02-639,2016-12-14 15:30:02-819
Success : CREATE_FILE : test2\a94a8fe5ccb19ba6\7C3BEA165895893F,0:2953489,2016-12-14 15:30:02-945,2016-12-14 15:30:05-295
Success : LS : test2\a94a8fe5ccb19ba6\,0:-1,2016-12-14 15:30:05-385,2016-12-14 15:30:05-555
Success : CREATE_FILE : test2\a94a8fe5ccb19ba6\2a5bd02710e975a7\3991310B32D938AE,0:3925396,2016-12-14 15:30:05-634,2016-12-14 15:30:09-043
Success : LS : test2\a94a8fe5ccb19ba6\2a5bd02710e975a7\,0:-1,2016-12-14 15:30:09-121,2016-12-14 15:30:09-270
Success : CREATE_FILE : test2\a94a8fe5ccb19ba6\2a5bd02710e975a7\686FB2845D9C8754,0:2389936,2016-12-14 15:30:09-373,2016-12-14 15:30:11-118
Success : LS : test2\a94a8fe5ccb19ba6\2a5bd02710e975a7\,0:-1,2016-12-14 15:30:11-192,2016-12-14 15:30:11-338
Success : CREATE_FILE : test2\a94a8fe5ccb19ba6\2C9073E11DED3440,0:3896928,2016-12-14 15:30:11-466,2016-12-14 15:30:14-849
Success : LS : test2\a94a8fe5ccb19ba6\,0:-1,2016-12-14 15:30:14-946,2016-12-14 15:30:15-102
Success : CREATE_FILE : test2\a94a8fe5ccb19ba6\2a5bd02710e975a7\4C397F7D2FA791AB,0:3337016,2016-12-14 15:30:15-193,2016-12-14 15:30:18-221
Success : LS : test1\c5a5e5562b038073\,0:-1,2016-12-14 15:30:18-339,2016-12-14 15:30:18-513
Success : LS : test1\c5a5e5562b038073\a39ea9c72a98de10\,0:-1,2016-12-14 15:30:18-588,2016-12-14 15:30:18-726
Success : LS : test1\f71b43c3136efa4f\,0:-1,2016-12-14 15:30:18-798,2016-12-14 15:30:18-963
Success : LS : test1\f71b43c3136efa4f\,0:-1,2016-12-14 15:30:19-036,2016-12-14 15:30:19-182
Success : SEQ_READ : test2\a94a8fe5ccb19ba6\2a5bd02710e975a7\254d76d2609fec03,0:2291,2016-12-14 15:30:19-260,2016-12-14 15:30:19-395
Success : LS : test1\f71b43c3136efa4f\,0:-1,2016-12-14 15:30:19-487,2016-12-14 15:30:19-677
Success : LS : test1\f71b43c3136efa4f\,0:-1,2016-12-14 15:30:19-768,2016-12-14 15:30:19-944
Success : LS : test2\a94a8fe5ccb19ba6\2a5bd02710e975a7\,0:-1,2016-12-14 15:30:20-018,2016-12-14 15:30:20-172
Success : LS : test1\c5a5e5562b038073\a39ea9c72a98de10\,0:-1,2016-12-14 15:30:20-255,2016-12-14 15:30:20-396
Success : LS : test2\a94a8fe5ccb19ba6\,0:-1,2016-12-14 15:30:20-492,2016-12-14 15:30:20-682
Success : SEQ_READ : test2\a94a8fe5ccb19ba6\2a5bd02710e975a7\178db47a574c645f,0:257,2016-12-14 15:30:20-757,2016-12-14 15:30:20-898
Success : LS : test2\a94a8fe5ccb19ba6\2a5bd02710e975a7\,0:-1,2016-12-14 15:30:20-977,2016-12-14 15:30:21-136
Success : CREATE_FILE : test2\a94a8fe5ccb19ba6\2a5bd02710e975a7\75C398321AD17C73,0:1453266,2016-12-14 15:30:21-211,2016-12-14 15:30:21-950
Success : LS : test2\a94a8fe5ccb19ba6\2a5bd02710e975a7\,0:-1,2016-12-14 15:30:22-051,2016-12-14 15:30:22-219
Success : CREATE_FILE : test2\a94a8fe5ccb19ba6\168E75886F1ADC09,0:1658000,2016-12-14 15:30:22-292,2016-12-14 15:30:23-212
Success : LS : test2\a94a8fe5ccb19ba6\,0:-1,2016-12-14 15:30:23-323,2016-12-14 15:30:23-491
Success : CREATE_FILE : test2\a94a8fe5ccb19ba6\1BBFDE1145E5A67F,0:99696,2016-12-14 15:30:23-566,2016-12-14 15:30:23-732
Success : LS : test2\a94a8fe5ccb19ba6\,0:-1,2016-12-14 15:30:23-833,2016-12-14 15:30:23-975
Success : CREATE_FILE : test2\a94a8fe5ccb19ba6\2a5bd02710e975a7\7FB14C6D6C954D9C,0:2494601,2016-12-14 15:30:24-055,2016-12-14 15:30:25-845
Success : LS : test1\c5a5e5562b038073\a39ea9c72a98de10\,0:-1,2016-12-14 15:30:25-952,2016-12-14 15:30:26-117
Success : LS : test1\f71b43c3136efa4f\9f93e73d6896cb7b\,0:-1,2016-12-14 15:30:26-204,2016-12-14 15:30:26-396
Success : LS : test1\c5a5e5562b038073\a39ea9c72a98de10\,0:-1,2016-12-14 15:30:26-498,2016-12-14 15:30:26-666
Success : LS : test2\a94a8fe5ccb19ba6\2a5bd02710e975a7\,0:-1,2016-12-14 15:30:26-758,2016-12-14 15:30:26-912
Fail : LS : test1,0:-1,2016-12-14 15:30:26-993,2016-12-14 15:30:26-993
Reason : java.lang.StringIndexOutOfBoundsException: String index out of range: -1
Fail : LS : test1,0:-1,2016-12-14 15:30:27-079,2016-12-14 15:30:27-079
Reason : java.lang.StringIndexOutOfBoundsException: String index out of range: -1
Success : LS : test2\a94a8fe5ccb19ba6\,0:-1,2016-12-14 15:30:27-157,2016-12-14 15:30:27-316
Success : LS : test1\f71b43c3136efa4f\52481749c0cdecd6\,0:-1,2016-12-14 15:30:27-396,2016-12-14 15:30:27-540
Success : LS : test1\c5a5e5562b038073\0189424a5a60fed3\,0:-1,2016-12-14 15:30:27-612,2016-12-14 15:30:27-771
Success : LS : test2\a94a8fe5ccb19ba6\2a5bd02710e975a7\,0:-1,2016-12-14 15:30:27-847,2016-12-14 15:30:27-999
Success : CREATE_FILE : test2\a94a8fe5ccb19ba6\2a5bd02710e975a7\4B5E06207FE8F4FB,0:1276677,2016-12-14 15:30:28-072,2016-12-14 15:30:28-597
Success : LS : test2\a94a8fe5ccb19ba6\2a5bd02710e975a7\,0:-1,2016-12-14 15:30:28-675,2016-12-14 15:30:28-820
Success : CREATE_FILE : test2\a94a8fe5ccb19ba6\732ECD7E6581FA23,0:1792480,2016-12-14 15:30:28-899,2016-12-14 15:30:29-957
Success : LS : test2\a94a8fe5ccb19ba6\,0:-1,2016-12-14 15:30:30-050,2016-12-14 15:30:30-243
Success : CREATE_FILE : test2\a94a8fe5ccb19ba6\72D0238F17D8972F,0:2515989,2016-12-14 15:30:30-387,2016-12-14 15:30:32-180
Success : SEQ_READ : test1\c5a5e5562b038073\a39ea9c72a98de10\41288c58009f7f6a,0:477,2016-12-14 15:30:32-253,2016-12-14 15:30:32-401
Success : SEQ_READ : test1\c5a5e5562b038073\767c14c8beb1e835,0:3818496,2016-12-14 15:30:32-472,2016-12-14 15:30:32-617
Success : LS : test1\f71b43c3136efa4f\83404ffd78f534ff\,0:-1,2016-12-14 15:30:32-691,2016-12-14 15:30:32-856
Success : LS : test2\a94a8fe5ccb19ba6\2a5bd02710e975a7\,0:-1,2016-12-14 15:30:32-929,2016-12-14 15:30:33-104
Fail : LS : test1,0:-1,2016-12-14 15:30:33-181,2016-12-14 15:30:33-182
Reason : java.lang.StringIndexOutOfBoundsException: String index out of range: -1
Success : LS : test2\a94a8fe5ccb19ba6\,0:-1,2016-12-14 15:30:33-265,2016-12-14 15:30:33-412
Success : LS : test2\a94a8fe5ccb19ba6\,0:-1,2016-12-14 15:30:33-511,2016-12-14 15:30:33-684
Success : CREATE_FILE : test2\a94a8fe5ccb19ba6\3F21B08C15137BE3,0:1253289,2016-12-14 15:30:33-763,2016-12-14 15:30:34-538
Success : LS : test2\a94a8fe5ccb19ba6\,0:-1,2016-12-14 15:30:34-619,2016-12-14 15:30:34-764
Success : CREATE_FILE : test2\a94a8fe5ccb19ba6\2a5bd02710e975a7\67FE3FD661EBC484,0:3396710,2016-12-14 15:30:34-838,2016-12-14 15:30:37-531
Success : LS : test2\a94a8fe5ccb19ba6\2a5bd02710e975a7\,0:-1,2016-12-14 15:30:37-609,2016-12-14 15:30:37-768
Success : CREATE_FILE : test2\a94a8fe5ccb19ba6\398876975061398D,0:3731271,2016-12-14 15:30:37-847,2016-12-14 15:30:41-089
Success : LS : test2\a94a8fe5ccb19ba6\,0:-1,2016-12-14 15:30:41-206,2016-12-14 15:30:41-369
Success : CREATE_FILE : test2\a94a8fe5ccb19ba6\2CFF9CFC2670D945,0:772625,2016-12-14 15:30:41-446,2016-12-14 15:30:41-676
Success : LS : test2\a94a8fe5ccb19ba6\,0:-1,2016-12-14 15:30:41-756,2016-12-14 15:30:41-923
Success : CREATE_FILE : test2\a94a8fe5ccb19ba6\2a5bd02710e975a7\354F7596469B07D7,0:2384527,2016-12-14 15:30:42-006,2016-12-14 15:30:43-692
Success : LS : test2\a94a8fe5ccb19ba6\2a5bd02710e975a7\,0:-1,2016-12-14 15:30:43-766,2016-12-14 15:30:43-947
Success : CREATE_FILE : test2\a94a8fe5ccb19ba6\6D2EAAC13C5CA1E3,0:2752334,2016-12-14 15:30:44-028,2016-12-14 15:30:46-068
Success : LS : test2\a94a8fe5ccb19ba6\,0:-1,2016-12-14 15:30:46-147,2016-12-14 15:30:46-293
Success : LS : test2\a94a8fe5ccb19ba6\2a5bd02710e975a7\,0:-1,2016-12-14 15:30:46-368,2016-12-14 15:30:46-514
Success : LS : test1\c5a5e5562b038073\0189424a5a60fed3\,0:-1,2016-12-14 15:30:46-590,2016-12-14 15:30:46-725
Success : SEQ_READ : test2\49f03965cf98b1f5,0:1634,2016-12-14 15:30:46-800,2016-12-14 15:30:46-947
Success : LS : test1\f71b43c3136efa4f\c7d9912886e5ccc7\,0:-1,2016-12-14 15:30:47-054,2016-12-14 15:30:47-211
Success : LS : test1\f71b43c3136efa4f\,0:-1,2016-12-14 15:30:47-285,2016-12-14 15:30:47-424
Success : LS : test2\a94a8fe5ccb19ba6\,0:-1,2016-12-14 15:30:47-517,2016-12-14 15:30:47-687
Success : CREATE_FILE : test2\a94a8fe5ccb19ba6\2a5bd02710e975a7\446013236A20672C,0:3624061,2016-12-14 15:30:47-768,2016-12-14 15:30:50-664
Success : LS : test2\a94a8fe5ccb19ba6\2a5bd02710e975a7\,0:-1,2016-12-14 15:30:50-735,2016-12-14 15:30:50-887
Success : CREATE_FILE : test2\a94a8fe5ccb19ba6\2a5bd02710e975a7\509FD50C667E1E00,0:3598551,2016-12-14 15:30:51-000,2016-12-14 15:30:53-979
Success : LS : test2\a94a8fe5ccb19ba6\2a5bd02710e975a7\,0:-1,2016-12-14 15:30:54-065,2016-12-14 15:30:54-222
Success : CREATE_FILE : test2\a94a8fe5ccb19ba6\15013B8C518AE10D,0:915579,2016-12-14 15:30:54-296,2016-12-14 15:30:54-539
Success : LS : test2\a94a8fe5ccb19ba6\,0:-1,2016-12-14 15:30:54-617,2016-12-14 15:30:54-784
Success : CREATE_FILE : test2\a94a8fe5ccb19ba6\7865198A2582D681,0:3671714,2016-12-14 15:30:54-855,2016-12-14 15:30:57-888
Success : LS : test2\a94a8fe5ccb19ba6\,0:-1,2016-12-14 15:30:58-007,2016-12-14 15:30:58-169
Success : CREATE_FILE : test2\a94a8fe5ccb19ba6\2F35EBAF23301CED,0:1517777,2016-12-14 15:30:58-278,2016-12-14 15:30:59-074
Success : LS : test2\a94a8fe5ccb19ba6\,0:-1,2016-12-14 15:30:59-173,2016-12-14 15:30:59-334
Success : CREATE_FILE : test2\a94a8fe5ccb19ba6\23054B8A13A0A815,0:3114433,2016-12-14 15:30:59-410,2016-12-14 15:31:01-854
Success : LS : test2\a94a8fe5ccb19ba6\,0:-1,2016-12-14 15:31:01-947,2016-12-14 15:31:02-110
Success : CREATE_FILE : test2\a94a8fe5ccb19ba6\66B8C3D621C6E476,0:1672387,2016-12-14 15:31:02-225,2016-12-14 15:31:03-161
Success : LS : test2\a94a8fe5ccb19ba6\,0:-1,2016-12-14 15:31:03-241,2016-12-14 15:31:03-396
Success : CREATE_FILE : test2\a94a8fe5ccb19ba6\6A3F918A5D568594,0:3876661,2016-12-14 15:31:03-482,2016-12-14 15:31:06-716
Success : LS : test2\a94a8fe5ccb19ba6\,0:-1,2016-12-14 15:31:06-790,2016-12-14 15:31:06-947
Success : CREATE_FILE : test2\a94a8fe5ccb19ba6\2a5bd02710e975a7\029EEF2D234BF4C8,0:3202597,2016-12-14 15:31:07-045,2016-12-14 15:31:09-536
Success : LS : test1\f71b43c3136efa4f\c7d9912886e5ccc7\,0:-1,2016-12-14 15:31:09-654,2016-12-14 15:31:09-808
Success : LS : test2\a94a8fe5ccb19ba6\2a5bd02710e975a7\,0:-1,2016-12-14 15:31:09-907,2016-12-14 15:31:10-109
Success : SEQ_READ : test1\c5a5e5562b038073\68ad3077ff5a452a,0:383,2016-12-14 15:31:10-207,2016-12-14 15:31:10-379
Success : LS : test2\a94a8fe5ccb19ba6\,0:-1,2016-12-14 15:31:10-461,2016-12-14 15:31:10-639
Success : SEQ_READ : test1\c5a5e5562b038073\2d77b1044a6c5c82,0:764416,2016-12-14 15:31:10-719,2016-12-14 15:31:10-856
Success : LS : test2\a94a8fe5ccb19ba6\,0:-1,2016-12-14 15:31:10-933,2016-12-14 15:31:11-084
Success : SEQ_READ : test2\a94a8fe5ccb19ba6\4b6fcb2d521ef0fd,0:2291,2016-12-14 15:31:11-160,2016-12-14 15:31:11-295
Fail : LS : test1,0:-1,2016-12-14 15:31:11-370,2016-12-14 15:31:11-370
Reason : java.lang.StringIndexOutOfBoundsException: String index out of range: -1
Success : SEQ_READ : test1\c5a5e5562b038073\a39ea9c72a98de10\f398de59988a85e5,0:6743,2016-12-14 15:31:11-438,2016-12-14 15:31:11-583
Success : LS : test2\a94a8fe5ccb19ba6\2a5bd02710e975a7\,0:-1,2016-12-14 15:31:11-656,2016-12-14 15:31:11-861
Success : LS : test2\a94a8fe5ccb19ba6\,0:-1,2016-12-14 15:31:11-939,2016-12-14 15:31:12-105
Success : SEQ_READ : test1\c5a5e5562b038073\fbe0d7653f0909cb,0:1611,2016-12-14 15:31:12-628,2016-12-14 15:31:12-779
Success : LS : test2\a94a8fe5ccb19ba6\2a5bd02710e975a7\,0:-1,2016-12-14 15:31:12-853,2016-12-14 15:31:13-053
Success : CREATE_FILE : test2\a94a8fe5ccb19ba6\2a5bd02710e975a7\6F35B30F371AAC85,0:1170529,2016-12-14 15:31:13-628,2016-12-14 15:31:14-041
Success : LS : test2\a94a8fe5ccb19ba6\2a5bd02710e975a7\,0:-1,2016-12-14 15:31:14-120,2016-12-14 15:31:14-304
Success : CREATE_FILE : test2\a94a8fe5ccb19ba6\5BB09B6A19D7891D,0:4004981,2016-12-14 15:31:14-415,2016-12-14 15:31:17-796
Success : LS : test2\a94a8fe5ccb19ba6\,0:-1,2016-12-14 15:31:17-871,2016-12-14 15:31:18-023
Success : CREATE_FILE : test2\a94a8fe5ccb19ba6\5EFDC900330A3103,0:878355,2016-12-14 15:31:18-108,2016-12-14 15:31:18-378
Success : LS : test1\f71b43c3136efa4f\c7d9912886e5ccc7\,0:-1,2016-12-14 15:31:18-450,2016-12-14 15:31:18-590
Success : SEQ_READ : test1\c5a5e5562b038073\7b7f22b30cf50087,0:3126,2016-12-14 15:31:18-676,2016-12-14 15:31:18-818
Success : LS : test2\a94a8fe5ccb19ba6\,0:-1,2016-12-14 15:31:18-889,2016-12-14 15:31:19-033
Success : LS : test1\c5a5e5562b038073\,0:-1,2016-12-14 15:31:19-107,2016-12-14 15:31:19-292
Success : LS : test1\f71b43c3136efa4f\83404ffd78f534ff\,0:-1,2016-12-14 15:31:19-364,2016-12-14 15:31:19-548
Fail : LS : test1,0:-1,2016-12-14 15:31:19-648,2016-12-14 15:31:19-649
Reason : java.lang.StringIndexOutOfBoundsException: String index out of range: -1
Success : SEQ_READ : test1\c5a5e5562b038073\0caa882bd1034750,0:324096,2016-12-14 15:31:19-724,2016-12-14 15:31:19-867
Success : LS : test1\c5a5e5562b038073\0189424a5a60fed3\,0:-1,2016-12-14 15:31:19-965,2016-12-14 15:31:20-114
Success : LS : test2\a94a8fe5ccb19ba6\,0:-1,2016-12-14 15:31:20-186,2016-12-14 15:31:20-339
Success : CREATE_FILE : test2\a94a8fe5ccb19ba6\101F3151622EC6BA,0:3827436,2016-12-14 15:31:20-432,2016-12-14 15:31:23-707
Success : LS : test2\a94a8fe5ccb19ba6\,0:-1,2016-12-14 15:31:23-798,2016-12-14 15:31:23-954
Success : CREATE_FILE : test2\a94a8fe5ccb19ba6\3378471B355D7080,0:1993012,2016-12-14 15:31:24-043,2016-12-14 15:31:25-335
Success : LS : test2\a94a8fe5ccb19ba6\,0:-1,2016-12-14 15:31:25-452,2016-12-14 15:31:25-654
Success : CREATE_FILE : test2\a94a8fe5ccb19ba6\2a5bd02710e975a7\112DAC9073574BEE,0:1397852,2016-12-14 15:31:25-730,2016-12-14 15:31:26-443
Success : LS : test2\a94a8fe5ccb19ba6\2a5bd02710e975a7\,0:-1,2016-12-14 15:31:26-520,2016-12-14 15:31:26-710
Success : CREATE_FILE : test2\a94a8fe5ccb19ba6\2a5bd02710e975a7\4CE0FF6A404966CA,0:3789615,2016-12-14 15:31:26-817,2016-12-14 15:31:30-012
Success : LS : test2\a94a8fe5ccb19ba6\2a5bd02710e975a7\,0:-1,2016-12-14 15:31:30-093,2016-12-14 15:31:30-243
Success : CREATE_FILE : test2\a94a8fe5ccb19ba6\2a5bd02710e975a7\225D7B2229AB4D4A,0:376587,2016-12-14 15:31:30-315,2016-12-14 15:31:30-489
Success : LS : test2\a94a8fe5ccb19ba6\2a5bd02710e975a7\,0:-1,2016-12-14 15:31:30-559,2016-12-14 15:31:30-727
Success : CREATE_FILE : test2\a94a8fe5ccb19ba6\560ACE203EBD47E9,0:2405103,2016-12-14 15:31:30-828,2016-12-14 15:31:32-538
Success : LS : test2\a94a8fe5ccb19ba6\,0:-1,2016-12-14 15:31:32-644,2016-12-14 15:31:32-793
Success : CREATE_FILE : test2\a94a8fe5ccb19ba6\2a5bd02710e975a7\6E4CA8E22E04B43A,0:4038230,2016-12-14 15:31:32-890,2016-12-14 15:31:36-305
Success : LS : test2\a94a8fe5ccb19ba6\,0:-1,2016-12-14 15:31:36-381,2016-12-14 15:31:36-537
Success : SEQ_READ : test1\f71b43c3136efa4f\52481749c0cdecd6\6670af231c096f09,0:129,2016-12-14 15:31:36-630,2016-12-14 15:31:36-772
Fail : LS : test1,0:-1,2016-12-14 15:31:36-841,2016-12-14 15:31:36-841
Reason : java.lang.StringIndexOutOfBoundsException: String index out of range: -1
Success : LS : test1\f71b43c3136efa4f\83404ffd78f534ff\,0:-1,2016-12-14 15:31:36-912,2016-12-14 15:31:37-063
Success : SEQ_READ : test2\49f03965cf98b1f5,0:1634,2016-12-14 15:31:37-154,2016-12-14 15:31:37-325
Success : LS : test1\f71b43c3136efa4f\,0:-1,2016-12-14 15:31:37-395,2016-12-14 15:31:37-538
Success : LS : test1\c5a5e5562b038073\,0:-1,2016-12-14 15:31:37-609,2016-12-14 15:31:37-743
Success : LS : test1\c5a5e5562b038073\,0:-1,2016-12-14 15:31:37-825,2016-12-14 15:31:37-961
Success : LS : test1\c5a5e5562b038073\a39ea9c72a98de10\,0:-1,2016-12-14 15:31:38-056,2016-12-14 15:31:38-198
Success : LS : test2\a94a8fe5ccb19ba6\2a5bd02710e975a7\,0:-1,2016-12-14 15:31:38-306,2016-12-14 15:31:38-471
Success : CREATE_FILE : test2\a94a8fe5ccb19ba6\2a5bd02710e975a7\338466363019A5B4,0:1568480,2016-12-14 15:31:38-548,2016-12-14 15:31:39-352
Success : LS : test2\a94a8fe5ccb19ba6\2a5bd02710e975a7\,0:-1,2016-12-14 15:31:39-426,2016-12-14 15:31:39-576
Success : CREATE_FILE : test2\a94a8fe5ccb19ba6\591FACFA2A279B62,0:3962997,2016-12-14 15:31:39-648,2016-12-14 15:31:42-997
Success : LS : test2\a94a8fe5ccb19ba6\,0:-1,2016-12-14 15:31:43-075,2016-12-14 15:31:43-280
Success : CREATE_FILE : test2\a94a8fe5ccb19ba6\68406E395B8525D6,0:3864615,2016-12-14 15:31:43-403,2016-12-14 15:31:46-659
Success : LS : test2\a94a8fe5ccb19ba6\,0:-1,2016-12-14 15:31:46-736,2016-12-14 15:31:46-942
Success : CREATE_FILE : test2\a94a8fe5ccb19ba6\0CE79861741F5ADE,0:340771,2016-12-14 15:31:47-027,2016-12-14 15:31:47-218
Success : LS : test2\a94a8fe5ccb19ba6\,0:-1,2016-12-14 15:31:47-299,2016-12-14 15:31:47-453
Success : CREATE_FILE : test2\a94a8fe5ccb19ba6\2a5bd02710e975a7\6F2C78C0118AA075,0:2320262,2016-12-14 15:31:47-547,2016-12-14 15:31:49-235
Success : LS : test2\a94a8fe5ccb19ba6\2a5bd02710e975a7\,0:-1,2016-12-14 15:31:49-348,2016-12-14 15:31:49-508
Success : CREATE_FILE : test2\a94a8fe5ccb19ba6\2a5bd02710e975a7\726D9C97068C8D89,0:3950420,2016-12-14 15:31:49-584,2016-12-14 15:31:52-862
Success : LS : test1\f71b43c3136efa4f\9f93e73d6896cb7b\,0:-1,2016-12-14 15:31:52-971,2016-12-14 15:31:53-146
Success : LS : test1\f71b43c3136efa4f\,0:-1,2016-12-14 15:31:53-226,2016-12-14 15:31:53-396
Success : LS : test2\a94a8fe5ccb19ba6\2a5bd02710e975a7\,0:-1,2016-12-14 15:31:53-467,2016-12-14 15:31:53-621
Success : LS : test1\c5a5e5562b038073\a39ea9c72a98de10\,0:-1,2016-12-14 15:31:53-712,2016-12-14 15:31:53-872
Success : LS : test1\f71b43c3136efa4f\9f93e73d6896cb7b\,0:-1,2016-12-14 15:31:53-943,2016-12-14 15:31:54-093
Success : LS : test1\c5a5e5562b038073\a39ea9c72a98de10\,0:-1,2016-12-14 15:31:54-172,2016-12-14 15:31:54-317
Fail : LS : test1,0:-1,2016-12-14 15:31:54-387,2016-12-14 15:31:54-387
Reason : java.lang.StringIndexOutOfBoundsException: String index out of range: -1
Fail : LS : test1,0:-1,2016-12-14 15:31:54-457,2016-12-14 15:31:54-457
Reason : java.lang.StringIndexOutOfBoundsException: String index out of range: -1
Success : LS : test1\c5a5e5562b038073\a39ea9c72a98de10\,0:-1,2016-12-14 15:31:54-527,2016-12-14 15:31:54-665
Success : LS : test2\a94a8fe5ccb19ba6\2a5bd02710e975a7\,0:-1,2016-12-14 15:31:54-738,2016-12-14 15:31:54-883
Success : CREATE_FILE : test2\a94a8fe5ccb19ba6\2a5bd02710e975a7\642FDDBA28D80B6C,0:3639342,2016-12-14 15:31:54-952,2016-12-14 15:31:57-949
Success : LS : test2\a94a8fe5ccb19ba6\2a5bd02710e975a7\,0:-1,2016-12-14 15:31:58-060,2016-12-14 15:31:58-232
Success : CREATE_FILE : test2\a94a8fe5ccb19ba6\2a5bd02710e975a7\2A1FFFEE6BD67793,0:3506096,2016-12-14 15:31:58-304,2016-12-14 15:32:01-115
Success : LS : test2\a94a8fe5ccb19ba6\2a5bd02710e975a7\,0:-1,2016-12-14 15:32:01-209,2016-12-14 15:32:01-375
Success : CREATE_FILE : test2\a94a8fe5ccb19ba6\2a5bd02710e975a7\6F9D0635653712B8,0:2403226,2016-12-14 15:32:01-451,2016-12-14 15:32:03-139
Success : LS : test2\a94a8fe5ccb19ba6\2a5bd02710e975a7\,0:-1,2016-12-14 15:32:03-215,2016-12-14 15:32:03-366
