Success : SEQ_READ : test1\f71b43c3136efa4f\9f93e73d6896cb7b\6670af231c096f09,0:129,2016-12-16 15:00:41-068,2016-12-16 15:00:42-087
Success : SEQ_READ : test1\c5a5e5562b038073\a39ea9c72a98de10\11562aa867a5f398,0:2752,2016-12-16 15:00:42-088,2016-12-16 15:00:42-760
Success : SEQ_READ : test1\c5a5e5562b038073\6670af231c096f09,0:46,2016-12-16 15:00:42-761,2016-12-16 15:00:43-083
Success : CREATE_FILE : test2\a94a8fe5ccb19ba6\701E8A4E58C6F325,0:1580809,2016-12-16 15:00:43-084,2016-12-16 15:00:44-059
Success : SEQ_READ : test2\49f03965cf98b1f5,0:1634,2016-12-16 15:00:44-060,2016-12-16 15:00:44-328
Fail : LS : test2\a94a8fe5ccb19ba6\,0:-1,2016-12-16 15:00:44-328,2016-12-16 15:00:44-407
Reason : RESTAPI.NoImplementionException: not implemented ls
Success : CREATE_FILE : test2\a94a8fe5ccb19ba6\2a5bd02710e975a7\39E37F901C566B52,0:2359933,2016-12-16 15:00:44-407,2016-12-16 15:00:46-196
Success : SEQ_READ : test1\c5a5e5562b038073\0189424a5a60fed3\46a8219c2ae6c782,0:1544228,2016-12-16 15:00:46-196,2016-12-16 15:00:46-449
Success : SEQ_READ : test2\bc9c8ba7ff351f3e,0:217984,2016-12-16 15:00:46-449,2016-12-16 15:00:46-774
Success : SEQ_READ : test2\1a7683b6645f9b6a,0:14529,2016-12-16 15:00:46-775,2016-12-16 15:00:47-078
Fail : LS : test2\a94a8fe5ccb19ba6\2a5bd02710e975a7\,0:-1,2016-12-16 15:00:47-079,2016-12-16 15:00:47-172
Reason : RESTAPI.NoImplementionException: not implemented ls
Success : CREATE_FILE : test2\a94a8fe5ccb19ba6\2a5bd02710e975a7\27EBA7873DF11265,0:2643078,2016-12-16 15:00:47-172,2016-12-16 15:00:54-145
Fail : LS : test2\a94a8fe5ccb19ba6\2a5bd02710e975a7\,0:-1,2016-12-16 15:00:54-145,2016-12-16 15:00:54-264
Reason : RESTAPI.NoImplementionException: not implemented ls
Success : CREATE_FILE : test2\a94a8fe5ccb19ba6\6DE569914314A640,0:2025159,2016-12-16 15:00:54-265,2016-12-16 15:00:55-680
Fail : LS : test2\a94a8fe5ccb19ba6\,0:-1,2016-12-16 15:00:55-680,2016-12-16 15:00:55-765
Reason : RESTAPI.NoImplementionException: not implemented ls
Success : CREATE_FILE : test2\a94a8fe5ccb19ba6\2a5bd02710e975a7\5EB880BF11CA0828,0:3505525,2016-12-16 15:00:55-765,2016-12-16 15:00:58-882
Fail : LS : test2\a94a8fe5ccb19ba6\2a5bd02710e975a7\,0:-1,2016-12-16 15:00:58-882,2016-12-16 15:00:59-116
Reason : RESTAPI.NoImplementionException: not implemented ls
Success : CREATE_FILE : test2\a94a8fe5ccb19ba6\76CD68653D17B118,0:1773252,2016-12-16 15:00:59-116,2016-12-16 15:01:00-312
Success : SEQ_READ : test1\c5a5e5562b038073\767c14c8beb1e835,0:3818496,2016-12-16 15:01:00-312,2016-12-16 15:01:00-579
Success : SEQ_READ : test1\c5a5e5562b038073\c7734a16bf12bb03,0:364726,2016-12-16 15:01:00-580,2016-12-16 15:01:00-821
Fail : LS : test2\a94a8fe5ccb19ba6\,0:-1,2016-12-16 15:01:00-821,2016-12-16 15:01:00-916
Reason : RESTAPI.NoImplementionException: not implemented ls
Success : CREATE_FILE : test2\a94a8fe5ccb19ba6\0C29574E4C6F9E36,0:1754859,2016-12-16 15:01:00-916,2016-12-16 15:01:02-021
Success : SEQ_READ : test2\bc9c8ba7ff351f3e,0:217984,2016-12-16 15:01:02-021,2016-12-16 15:01:02-322
Fail : LS : test2\a94a8fe5ccb19ba6\,0:-1,2016-12-16 15:01:02-322,2016-12-16 15:01:02-399
Reason : RESTAPI.NoImplementionException: not implemented ls
Success : CREATE_FILE : test2\a94a8fe5ccb19ba6\153B2CCE22A92FFC,0:1762181,2016-12-16 15:01:02-399,2016-12-16 15:01:03-604
Success : SEQ_READ : test1\c5a5e5562b038073\0caa882bd1034750,0:324096,2016-12-16 15:01:03-605,2016-12-16 15:01:03-963
Fail : LS : test2\a94a8fe5ccb19ba6\,0:-1,2016-12-16 15:01:03-964,2016-12-16 15:01:04-052
Reason : RESTAPI.NoImplementionException: not implemented ls
Success : CREATE_FILE : test2\a94a8fe5ccb19ba6\2a5bd02710e975a7\04BB989E2FBBC2FF,0:2431425,2016-12-16 15:01:04-052,2016-12-16 15:01:05-899
Fail : LS : test2\a94a8fe5ccb19ba6\2a5bd02710e975a7\,0:-1,2016-12-16 15:01:05-899,2016-12-16 15:01:06-017
Reason : RESTAPI.NoImplementionException: not implemented ls
Success : CREATE_FILE : test2\a94a8fe5ccb19ba6\733317827D4D8232,0:486204,2016-12-16 15:01:06-027,2016-12-16 15:01:06-327
Fail : LS : test2\a94a8fe5ccb19ba6\,0:-1,2016-12-16 15:01:06-327,2016-12-16 15:01:06-425
Reason : RESTAPI.NoImplementionException: not implemented ls
Success : CREATE_FILE : test2\a94a8fe5ccb19ba6\2a5bd02710e975a7\47466DD21946B03A,0:2831031,2016-12-16 15:01:06-865,2016-12-16 15:01:09-116
Fail : LS : test2\a94a8fe5ccb19ba6\2a5bd02710e975a7\,0:-1,2016-12-16 15:01:09-116,2016-12-16 15:01:09-224
Reason : RESTAPI.NoImplementionException: not implemented ls
Success : CREATE_FILE : test2\a94a8fe5ccb19ba6\0F4417554DFB60E2,0:1591067,2016-12-16 15:01:09-224,2016-12-16 15:01:10-214
Success : SEQ_READ : test1\c5a5e5562b038073\2d77b1044a6c5c82,0:764416,2016-12-16 15:01:10-214,2016-12-16 15:01:10-482
Fail : LS : test2\a94a8fe5ccb19ba6\,0:-1,2016-12-16 15:01:10-482,2016-12-16 15:01:10-570
Reason : RESTAPI.NoImplementionException: not implemented ls
Success : CREATE_FILE : test2\a94a8fe5ccb19ba6\2a5bd02710e975a7\0254B2FF0A22ED74,0:2328707,2016-12-16 15:01:10-570,2016-12-16 15:01:12-246
Success : SEQ_READ : test1\c5a5e5562b038073\c7abaf0419c47a1d,0:762529,2016-12-16 15:01:12-246,2016-12-16 15:01:12-484
Fail : LS : test2\a94a8fe5ccb19ba6\2a5bd02710e975a7\,0:-1,2016-12-16 15:01:12-485,2016-12-16 15:01:12-589
Reason : RESTAPI.NoImplementionException: not implemented ls
Success : CREATE_FILE : test2\a94a8fe5ccb19ba6\2a5bd02710e975a7\2CBAEFB274B55C11,0:1787806,2016-12-16 15:01:14-290,2016-12-16 15:01:15-424
Fail : LS : test2\a94a8fe5ccb19ba6\2a5bd02710e975a7\,0:-1,2016-12-16 15:01:15-424,2016-12-16 15:01:15-519
Reason : RESTAPI.NoImplementionException: not implemented ls
Success : CREATE_FILE : test2\a94a8fe5ccb19ba6\453B879F6BD14DB8,0:1558472,2016-12-16 15:01:17-140,2016-12-16 15:01:18-023
Fail : LS : test2\a94a8fe5ccb19ba6\,0:-1,2016-12-16 15:01:18-023,2016-12-16 15:01:18-129
Reason : RESTAPI.NoImplementionException: not implemented ls
Success : CREATE_FILE : test2\a94a8fe5ccb19ba6\2a5bd02710e975a7\0F8F253F3C7F84F1,0:2967673,2016-12-16 15:01:18-766,2016-12-16 15:01:21-132
Fail : LS : test2\a94a8fe5ccb19ba6\2a5bd02710e975a7\,0:-1,2016-12-16 15:01:21-132,2016-12-16 15:01:21-340
Reason : RESTAPI.NoImplementionException: not implemented ls
Success : CREATE_FILE : test2\a94a8fe5ccb19ba6\2359B9F911BD687F,0:1120479,2016-12-16 15:01:21-340,2016-12-16 15:01:21-976
Success : SEQ_READ : test1\c5a5e5562b038073\a39ea9c72a98de10\11562aa867a5f398,0:2752,2016-12-16 15:01:21-977,2016-12-16 15:01:22-264
Fail : LS : test2\a94a8fe5ccb19ba6\,0:-1,2016-12-16 15:01:22-264,2016-12-16 15:01:22-465
Reason : RESTAPI.NoImplementionException: not implemented ls
Success : CREATE_FILE : test2\a94a8fe5ccb19ba6\0DD940BC0C002310,0:577768,2016-12-16 15:01:22-466,2016-12-16 15:01:23-043
Fail : LS : test2\a94a8fe5ccb19ba6\,0:-1,2016-12-16 15:01:23-043,2016-12-16 15:01:23-169
Reason : RESTAPI.NoImplementionException: not implemented ls
Success : CREATE_FILE : test2\a94a8fe5ccb19ba6\2a5bd02710e975a7\4A2641F86B174AE8,0:1693570,2016-12-16 15:01:23-906,2016-12-16 15:01:24-947
Fail : LS : test2\a94a8fe5ccb19ba6\2a5bd02710e975a7\,0:-1,2016-12-16 15:01:24-947,2016-12-16 15:01:25-032
Reason : RESTAPI.NoImplementionException: not implemented ls
Success : SEQ_READ : test1\c5a5e5562b038073\7b7f22b30cf50087,0:3126,2016-12-16 15:01:27-152,2016-12-16 15:01:27-494
Success : CREATE_FILE : test2\a94a8fe5ccb19ba6\52C93BAA2DD3A409,0:1388787,2016-12-16 15:01:27-674,2016-12-16 15:01:28-365
Fail : LS : test2\a94a8fe5ccb19ba6\,0:-1,2016-12-16 15:01:28-365,2016-12-16 15:01:28-477
Reason : RESTAPI.NoImplementionException: not implemented ls
Success : CREATE_FILE : test2\a94a8fe5ccb19ba6\2a5bd02710e975a7\1953095675C37452,0:1728617,2016-12-16 15:01:28-477,2016-12-16 15:01:29-548
Fail : LS : test2\a94a8fe5ccb19ba6\2a5bd02710e975a7\,0:-1,2016-12-16 15:01:29-548,2016-12-16 15:01:29-713
Reason : RESTAPI.NoImplementionException: not implemented ls
Success : CREATE_FILE : test2\a94a8fe5ccb19ba6\1400B1D31C0F7E8C,0:3942831,2016-12-16 15:01:30-311,2016-12-16 15:01:33-556
Fail : LS : test2\a94a8fe5ccb19ba6\,0:-1,2016-12-16 15:01:33-556,2016-12-16 15:01:33-677
Reason : RESTAPI.NoImplementionException: not implemented ls
Success : CREATE_FILE : test2\a94a8fe5ccb19ba6\627DA8AE7B265F2D,0:3618938,2016-12-16 15:01:33-677,2016-12-16 15:01:36-783
Success : SEQ_READ : test1\c5a5e5562b038073\c7734a16bf12bb03,0:364726,2016-12-16 15:01:36-783,2016-12-16 15:01:37-090
Fail : LS : test2\a94a8fe5ccb19ba6\,0:-1,2016-12-16 15:01:37-090,2016-12-16 15:01:37-170
Reason : RESTAPI.NoImplementionException: not implemented ls
Success : CREATE_FILE : test2\a94a8fe5ccb19ba6\2a5bd02710e975a7\1A6CD11C05F3578A,0:433830,2016-12-16 15:01:37-170,2016-12-16 15:01:37-458
Fail : LS : test2\a94a8fe5ccb19ba6\2a5bd02710e975a7\,0:-1,2016-12-16 15:01:37-459,2016-12-16 15:01:37-535
Reason : RESTAPI.NoImplementionException: not implemented ls
Success : CREATE_FILE : test2\a94a8fe5ccb19ba6\2a5bd02710e975a7\1962A4E54CFC7080,0:3372163,2016-12-16 15:01:37-535,2016-12-16 15:01:40-202
Fail : LS : test2\a94a8fe5ccb19ba6\2a5bd02710e975a7\,0:-1,2016-12-16 15:01:40-202,2016-12-16 15:01:40-303
Reason : RESTAPI.NoImplementionException: not implemented ls
Success : CREATE_FILE : test2\a94a8fe5ccb19ba6\4D68DA86639C5779,0:1451151,2016-12-16 15:01:40-303,2016-12-16 15:01:41-135
Fail : LS : test2\a94a8fe5ccb19ba6\,0:-1,2016-12-16 15:01:41-136,2016-12-16 15:01:41-269
Reason : RESTAPI.NoImplementionException: not implemented ls
Success : CREATE_FILE : test2\a94a8fe5ccb19ba6\2a5bd02710e975a7\0F62157107BBA49E,0:207851,2016-12-16 15:01:41-269,2016-12-16 15:01:41-547
Fail : LS : test2\a94a8fe5ccb19ba6\2a5bd02710e975a7\,0:-1,2016-12-16 15:01:41-548,2016-12-16 15:01:41-683
Reason : RESTAPI.NoImplementionException: not implemented ls
Success : CREATE_FILE : test2\a94a8fe5ccb19ba6\2a5bd02710e975a7\3125D3D962CB4712,0:2509489,2016-12-16 15:01:41-684,2016-12-16 15:01:43-821
Fail : LS : test2\a94a8fe5ccb19ba6\2a5bd02710e975a7\,0:-1,2016-12-16 15:01:43-822,2016-12-16 15:01:43-922
Reason : RESTAPI.NoImplementionException: not implemented ls
Success : CREATE_FILE : test2\a94a8fe5ccb19ba6\2a5bd02710e975a7\15898E2D0679D24C,0:79378,2016-12-16 15:01:43-922,2016-12-16 15:01:44-314
Fail : LS : test2\a94a8fe5ccb19ba6\2a5bd02710e975a7\,0:-1,2016-12-16 15:01:44-314,2016-12-16 15:01:44-422
Reason : RESTAPI.NoImplementionException: not implemented ls
Success : CREATE_FILE : test2\a94a8fe5ccb19ba6\50F24E0217D2A920,0:3421988,2016-12-16 15:01:44-423,2016-12-16 15:01:47-442
Fail : LS : test2\a94a8fe5ccb19ba6\,0:-1,2016-12-16 15:01:47-442,2016-12-16 15:01:47-559
Reason : RESTAPI.NoImplementionException: not implemented ls
Success : CREATE_FILE : test2\a94a8fe5ccb19ba6\585E60801FE12291,0:2127052,2016-12-16 15:01:47-559,2016-12-16 15:01:49-426
Success : SEQ_READ : test1\c5a5e5562b038073\738537f9a40e568b,0:17984,2016-12-16 15:01:49-426,2016-12-16 15:01:49-769
Fail : LS : test2\a94a8fe5ccb19ba6\,0:-1,2016-12-16 15:01:49-770,2016-12-16 15:01:49-867
Reason : RESTAPI.NoImplementionException: not implemented ls
Success : CREATE_FILE : test2\a94a8fe5ccb19ba6\2a5bd02710e975a7\517672B91A806E1D,0:3561790,2016-12-16 15:01:49-867,2016-12-16 15:01:52-829
Fail : LS : test2\a94a8fe5ccb19ba6\2a5bd02710e975a7\,0:-1,2016-12-16 15:01:52-829,2016-12-16 15:01:52-946
Reason : RESTAPI.NoImplementionException: not implemented ls
Success : CREATE_FILE : test2\a94a8fe5ccb19ba6\047D046413A172AB,0:2896614,2016-12-16 15:01:52-947,2016-12-16 15:01:55-224
Success : SEQ_READ : test1\c5a5e5562b038073\c7734a16bf12bb03,0:364726,2016-12-16 15:01:55-224,2016-12-16 15:01:55-490
Fail : LS : test2\a94a8fe5ccb19ba6\,0:-1,2016-12-16 15:01:55-490,2016-12-16 15:01:55-576
Reason : RESTAPI.NoImplementionException: not implemented ls
Success : CREATE_FILE : test2\a94a8fe5ccb19ba6\1CA9434D0AC99559,0:602225,2016-12-16 15:01:55-576,2016-12-16 15:01:55-978
Success : SEQ_READ : test1\c5a5e5562b038073\c7734a16bf12bb03,0:364726,2016-12-16 15:01:55-978,2016-12-16 15:01:56-334
Fail : LS : test2\a94a8fe5ccb19ba6\,0:-1,2016-12-16 15:01:56-334,2016-12-16 15:01:56-445
Reason : RESTAPI.NoImplementionException: not implemented ls
Success : CREATE_FILE : test2\a94a8fe5ccb19ba6\2a5bd02710e975a7\393C4E1E1F63CBE0,0:3211709,2016-12-16 15:01:56-446,2016-12-16 15:01:58-938
Fail : LS : test2\a94a8fe5ccb19ba6\2a5bd02710e975a7\,0:-1,2016-12-16 15:01:58-938,2016-12-16 15:01:59-035
Reason : RESTAPI.NoImplementionException: not implemented ls
Success : CREATE_FILE : test2\a94a8fe5ccb19ba6\2a5bd02710e975a7\013AE3036818CDD8,0:2611304,2016-12-16 15:01:59-035,2016-12-16 15:02:01-056
Success : SEQ_READ : test1\c5a5e5562b038073\7b7f22b30cf50087,0:3126,2016-12-16 15:02:01-056,2016-12-16 15:02:01-327
Success : SEQ_READ : test1\9832710c94f11d2b,0:34310397,2016-12-16 15:02:01-327,2016-12-16 15:02:01-623
Fail : LS : test2\a94a8fe5ccb19ba6\2a5bd02710e975a7\,0:-1,2016-12-16 15:02:01-624,2016-12-16 15:02:01-724
Reason : RESTAPI.NoImplementionException: not implemented ls
Success : CREATE_FILE : test2\a94a8fe5ccb19ba6\2a5bd02710e975a7\202CA3380A9F842A,0:2355390,2016-12-16 15:02:01-724,2016-12-16 15:02:03-450
Fail : LS : test2\a94a8fe5ccb19ba6\2a5bd02710e975a7\,0:-1,2016-12-16 15:02:03-451,2016-12-16 15:02:03-539
Reason : RESTAPI.NoImplementionException: not implemented ls
Success : CREATE_FILE : test2\a94a8fe5ccb19ba6\62F9D04855527D33,0:1721454,2016-12-16 15:02:03-539,2016-12-16 15:02:04-545
Success : SEQ_READ : test1\c5a5e5562b038073\738537f9a40e568b,0:17984,2016-12-16 15:02:04-545,2016-12-16 15:02:08-183
Fail : LS : test2\a94a8fe5ccb19ba6\,0:-1,2016-12-16 15:02:08-184,2016-12-16 15:02:08-294
Reason : RESTAPI.NoImplementionException: not implemented ls
Success : CREATE_FILE : test2\a94a8fe5ccb19ba6\2a5bd02710e975a7\35C6C01630227FF8,0:3835511,2016-12-16 15:02:08-294,2016-12-16 15:02:11-676
Fail : LS : test2\a94a8fe5ccb19ba6\2a5bd02710e975a7\,0:-1,2016-12-16 15:02:11-676,2016-12-16 15:02:11-777
Reason : RESTAPI.NoImplementionException: not implemented ls
Success : CREATE_FILE : test2\a94a8fe5ccb19ba6\2a5bd02710e975a7\63ECCDD901188FB4,0:2582686,2016-12-16 15:02:11-778,2016-12-16 15:02:13-661
Success : SEQ_READ : test1\f71b43c3136efa4f\83404ffd78f534ff\6670af231c096f09,0:129,2016-12-16 15:02:13-661,2016-12-16 15:02:13-943
Fail : LS : test2\a94a8fe5ccb19ba6\2a5bd02710e975a7\,0:-1,2016-12-16 15:02:13-943,2016-12-16 15:02:14-020
Reason : RESTAPI.NoImplementionException: not implemented ls
Success : CREATE_FILE : test2\a94a8fe5ccb19ba6\55A8755B1D5B8305,0:2796871,2016-12-16 15:02:14-419,2016-12-16 15:02:16-567
Fail : LS : test2\a94a8fe5ccb19ba6\,0:-1,2016-12-16 15:02:16-567,2016-12-16 15:02:16-656
Reason : RESTAPI.NoImplementionException: not implemented ls
Success : CREATE_FILE : test2\a94a8fe5ccb19ba6\1203E66F33369A11,0:3277369,2016-12-16 15:02:16-657,2016-12-16 15:02:19-293
Fail : LS : test2\a94a8fe5ccb19ba6\,0:-1,2016-12-16 15:02:19-293,2016-12-16 15:02:19-415
Reason : RESTAPI.NoImplementionException: not implemented ls
Success : CREATE_FILE : test2\a94a8fe5ccb19ba6\085BD2D86B4F4B60,0:2394873,2016-12-16 15:02:19-415,2016-12-16 15:02:21-663
Fail : LS : test2\a94a8fe5ccb19ba6\,0:-1,2016-12-16 15:02:21-663,2016-12-16 15:02:21-777
Reason : RESTAPI.NoImplementionException: not implemented ls
Success : CREATE_FILE : test2\a94a8fe5ccb19ba6\2a5bd02710e975a7\00E257AC7AC76DF4,0:2010430,2016-12-16 15:02:21-777,2016-12-16 15:02:23-122
Fail : LS : test2\a94a8fe5ccb19ba6\2a5bd02710e975a7\,0:-1,2016-12-16 15:02:23-122,2016-12-16 15:02:23-202
Reason : RESTAPI.NoImplementionException: not implemented ls
Success : CREATE_FILE : test2\a94a8fe5ccb19ba6\2F146CB8411E06C1,0:2493021,2016-12-16 15:02:23-203,2016-12-16 15:02:25-048
Fail : LS : test2\a94a8fe5ccb19ba6\,0:-1,2016-12-16 15:02:25-048,2016-12-16 15:02:25-141
Reason : RESTAPI.NoImplementionException: not implemented ls
Success : CREATE_FILE : test2\a94a8fe5ccb19ba6\2a5bd02710e975a7\69EBAAD815C811B2,0:2850108,2016-12-16 15:02:25-141,2016-12-16 15:02:27-334
Fail : LS : test2\a94a8fe5ccb19ba6\2a5bd02710e975a7\,0:-1,2016-12-16 15:02:27-334,2016-12-16 15:02:27-455
Reason : RESTAPI.NoImplementionException: not implemented ls
Success : CREATE_FILE : test2\a94a8fe5ccb19ba6\213F02793445BF1C,0:2463455,2016-12-16 15:02:27-455,2016-12-16 15:02:29-259
Fail : LS : test2\a94a8fe5ccb19ba6\,0:-1,2016-12-16 15:02:29-259,2016-12-16 15:02:29-362
Reason : RESTAPI.NoImplementionException: not implemented ls
Success : CREATE_FILE : test2\a94a8fe5ccb19ba6\2a5bd02710e975a7\71B235763AFD22B9,0:3669659,2016-12-16 15:02:29-362,2016-12-16 15:0