Success : RANDOM_READ : test1\c5a5e5562b038073\68ad3077ff5a452a,0:383,2016-12-12 11:54:53-225,2016-12-12 11:54:53-390
Success : RANDOM_READ : test1\c5a5e5562b038073\767c14c8beb1e835,1909334:1968726,2016-12-12 11:54:53-533,2016-12-12 11:54:53-626
Success : RANDOM_READ : test1\c5a5e5562b038073\7b7f22b30cf50087,448:2496,2016-12-12 11:54:53-732,2016-12-12 11:54:53-815
Success : SEQ_READ : test1\c5a5e5562b038073\a39ea9c72a98de10\f398de59988a85e5,2319:6415,2016-12-12 11:54:53-900,2016-12-12 11:54:53-974
Success : LS : test2\a94a8fe5ccb19ba6\2a5bd02710e975a7\,0:-1,2016-12-12 11:54:54-052,2016-12-12 11:54:54-156
Success : CREATE_FILE : test2\a94a8fe5ccb19ba6\5429A596535478A7,0:3185730,2016-12-12 11:54:54-263,2016-12-12 11:54:57-421
Success : SEQ_READ : test2\49f03965cf98b1f5,424:1448,2016-12-12 11:54:57-536,2016-12-12 11:54:57-629
Fail : LS : test1,0:-1,2016-12-12 11:54:57-737,2016-12-12 11:54:57-737
Reason : java.lang.StringIndexOutOfBoundsException: String index out of range: -2
Success : SEQ_READ : test1\c5a5e5562b038073\2015a7ab48ae9a58,1562:11802,2016-12-12 11:54:57-817,2016-12-12 11:54:57-912
Success : SEQ_READ : test2\a94a8fe5ccb19ba6\2a5bd02710e975a7\3eef580036f1724a,0:257,2016-12-12 11:54:58-004,2016-12-12 11:54:58-067
Success : SEQ_READ : test1\f71b43c3136efa4f\52481749c0cdecd6\6670af231c096f09,0:129,2016-12-12 11:54:58-187,2016-12-12 11:54:58-257
Success : LS : test2\a94a8fe5ccb19ba6\,0:-1,2016-12-12 11:54:58-336,2016-12-12 11:54:58-441
Success : CREATE_FILE : test2\a94a8fe5ccb19ba6\7290C83D434CD4A9,0:1528064,2016-12-12 11:54:58-563,2016-12-12 11:54:59-964
Success : LS : test2\a94a8fe5ccb19ba6\,0:-1,2016-12-12 11:55:00-049,2016-12-12 11:55:00-139
Success : CREATE_FILE : test2\a94a8fe5ccb19ba6\6E42DF10325E927B,0:515563,2016-12-12 11:55:00-216,2016-12-12 11:55:00-676
Success : LS : test2\a94a8fe5ccb19ba6\2a5bd02710e975a7\,0:-1,2016-12-12 11:55:00-799,2016-12-12 11:55:00-883
Success : RANDOM_READ : test1\f71b43c3136efa4f\52481749c0cdecd6\6670af231c096f09,0:129,2016-12-12 11:55:00-998,2016-12-12 11:55:01-065
Success : SEQ_READ : test1\c5a5e5562b038073\88fe52fe40fa2264,1970:1970,2016-12-12 11:55:01-140,2016-12-12 11:55:01-201
Success : SEQ_READ : test1\f71b43c3136efa4f\9f93e73d6896cb7b\6670af231c096f09,0:129,2016-12-12 11:55:01-305,2016-12-12 11:55:01-401
Success : SEQ_READ : test2\1a7683b6645f9b6a,266:13578,2016-12-12 11:55:01-495,2016-12-12 11:55:01-557
Success : LS : test1\f71b43c3136efa4f\c7d9912886e5ccc7\,0:-1,2016-12-12 11:55:01-632,2016-12-12 11:55:01-696
Success : LS : test2\a94a8fe5ccb19ba6\,0:-1,2016-12-12 11:55:01-774,2016-12-12 11:55:01-886
Success : CREATE_FILE : test2\a94a8fe5ccb19ba6\216CF018691D87C8,0:2596214,2016-12-12 11:55:02-069,2016-12-12 11:55:04-862
Fail : LS : test1,0:-1,2016-12-12 11:55:04-984,2016-12-12 11:55:04-985
Reason : java.lang.StringIndexOutOfBoundsException: String index out of range: -2
Success : LS : test2\a94a8fe5ccb19ba6\,0:-1,2016-12-12 11:55:05-077,2016-12-12 11:55:05-166
Fail : LS : test1,0:-1,2016-12-12 11:55:05-281,2016-12-12 11:55:05-281
Reason : java.lang.StringIndexOutOfBoundsException: String index out of range: -2
Success : RANDOM_READ : test2\bc9c8ba7ff351f3e,75868:104540,2016-12-12 11:55:05-406,2016-12-12 11:55:05-482
Success : SEQ_READ : test1\c5a5e5562b038073\a39ea9c72a98de10\aa61f113a9b13deb,0:438,2016-12-12 11:55:05-562,2016-12-12 11:55:05-656
Success : SEQ_READ : test2\a94a8fe5ccb19ba6\2a5bd02710e975a7\178db47a574c645f,0:257,2016-12-12 11:55:05-745,2016-12-12 11:55:05-814
Success : LS : test2\a94a8fe5ccb19ba6\,0:-1,2016-12-12 11:55:05-899,2016-12-12 11:55:05-987
Success : CREATE_FILE : test2\a94a8fe5ccb19ba6\2D3E2AC92E8B9571,0:1040139,2016-12-12 11:55:06-095,2016-12-12 11:55:06-875
Success : SEQ_READ : test2\a94a8fe5ccb19ba6\2a5bd02710e975a7\3eef580036f1724a,0:257,2016-12-12 11:55:07-001,2016-12-12 11:55:07-072
Success : LS : test2\a94a8fe5ccb19ba6\,0:-1,2016-12-12 11:55:07-191,2016-12-12 11:55:07-287
Success : RANDOM_READ : test1\c5a5e5562b038073\a39ea9c72a98de10\11562aa867a5f398,2413:2413,2016-12-12 11:55:07-407,2016-12-12 11:55:07-479
Success : LS : test1\f71b43c3136efa4f\9f93e73d6896cb7b\,0:-1,2016-12-12 11:55:07-557,2016-12-12 11:55:07-620
Success : LS : test2\a94a8fe5ccb19ba6\,0:-1,2016-12-12 11:55:07-694,2016-12-12 11:55:07-815
Success : CREATE_FILE : test2\a94a8fe5ccb19ba6\2a5bd02710e975a7\389BC32B57FBC4EF,0:2825528,2016-12-12 11:55:07-917,2016-12-12 11:55:10-427
Success : LS : test2\a94a8fe5ccb19ba6\2a5bd02710e975a7\,0:-1,2016-12-12 11:55:10-554,2016-12-12 11:55:10-669
Success : CREATE_FILE : test2\a94a8fe5ccb19ba6\2a5bd02710e975a7\52356471719F9370,0:1939261,2016-12-12 11:55:10-762,2016-12-12 11:55:12-827
Success : LS : test2\a94a8fe5ccb19ba6\2a5bd02710e975a7\,0:-1,2016-12-12 11:55:12-952,2016-12-12 11:55:13-037
Success : CREATE_FILE : test2\a94a8fe5ccb19ba6\42207BAB65EE21E5,0:537328,2016-12-12 11:55:13-128,2016-12-12 11:55:13-758
Success : SEQ_READ : test1\c5a5e5562b038073\a39ea9c72a98de10\11562aa867a5f398,267:2315,2016-12-12 11:55:13-882,2016-12-12 11:55:13-984
Success : RANDOM_READ : test2\8da7cc13802eefe0,17083400:17145864,2016-12-12 11:55:14-078,2016-12-12 11:55:14-149
Success : SEQ_READ : test2\bc9c8ba7ff351f3e,5888:107264,2016-12-12 11:55:14-226,2016-12-12 11:55:14-308
Success : RANDOM_READ : test2\acde102dac5bbe15,2599:5671,2016-12-12 11:55:14-399,2016-12-12 11:55:14-491
Success : SEQ_READ : test1\c5a5e5562b038073\7b7f22b30cf50087,2190:2190,2016-12-12 11:55:14-574,2016-12-12 11:55:14-723
Success : RANDOM_READ : test2\6c33a983eec1b409,368:368,2016-12-12 11:55:14-803,2016-12-12 11:55:14-866
Success : SEQ_READ : test1\c5a5e5562b038073\738537f9a40e568b,7463:13607,2016-12-12 11:55:14-949,2016-12-12 11:55:15-012
Fail : LS : test1,0:-1,2016-12-12 11:55:15-087,2016-12-12 11:55:15-087
Reason : java.lang.StringIndexOutOfBoundsException: String index out of range: -2
Success : LS : test2\a94a8fe5ccb19ba6\,0:-1,2016-12-12 11:55:15-161,2016-12-12 11:55:15-291
Success : LS : test2\a94a8fe5ccb19ba6\,0:-1,2016-12-12 11:55:15-399,2016-12-12 11:55:15-489
Success : CREATE_FILE : test2\a94a8fe5ccb19ba6\5170AE9C2E59E27D,0:3490739,2016-12-12 11:55:15-607,2016-12-12 11:55:19-150
Success : SEQ_READ : test1\c5a5e5562b038073\c7abaf0419c47a1d,50402:511202,2016-12-12 11:55:19-276,2016-12-12 11:55:19-356
Success : SEQ_READ : test1\c5a5e5562b038073\a39ea9c72a98de10\4a90c52e52d54ede,23:1047,2016-12-12 11:55:19-437,2016-12-12 11:55:19-506
Success : LS : test1\c5a5e5562b038073\a39ea9c72a98de10\,0:-1,2016-12-12 11:55:19-611,2016-12-12 11:55:19-674
Success : LS : test1\f71b43c3136efa4f\,0:-1,2016-12-12 11:55:19-787,2016-12-12 11:55:19-860
Success : LS : test2\a94a8fe5ccb19ba6\2a5bd02710e975a7\,0:-1,2016-12-12 11:55:19-982,2016-12-12 11:55:20-064
Success : LS : test2\a94a8fe5ccb19ba6\,0:-1,2016-12-12 11:55:20-138,2016-12-12 11:55:20-222
Success : CREATE_FILE : test2\a94a8fe5ccb19ba6\421120512C09E995,0:825897,2016-12-12 11:55:20-332,2016-12-12 11:55:22-177
Success : RANDOM_READ : test1\c5a5e5562b038073\767c14c8beb1e835,3012879:3030287,2016-12-12 11:55:22-475,2016-12-12 11:55:22-870
Success : RANDOM_READ : test2\6c33a983eec1b409,1748:1748,2016-12-12 11:55:22-987,2016-12-12 11:55:23-054
Success : SEQ_READ : test1\c5a5e5562b038073\3c16ab634e85296e,2559:104959,2016-12-12 11:55:23-209,2016-12-12 11:55:23-270
Success : LS : test1\f71b43c3136efa4f\,0:-1,2016-12-12 11:55:23-348,2016-12-12 11:55:23-446
Success : SEQ_READ : test1\c5a5e5562b038073\738537f9a40e568b,7123:14291,2016-12-12 11:55:23-549,2016-12-12 11:55:23-629
Success : LS : test2\a94a8fe5ccb19ba6\,0:-1,2016-12-12 11:55:23-725,2016-12-12 11:55:23-818
Success : CREATE_FILE : test2\a94a8fe5ccb19ba6\2A89FFE3169A7172,0:17462,2016-12-12 11:55:23-903,2016-12-12 11:55:24-447
Success : LS : test2\a94a8fe5ccb19ba6\,0:-1,2016-12-12 11:55:24-570,2016-12-12 11:55:24-683
Success : CREATE_FILE : test2\a94a8fe5ccb19ba6\2a5bd02710e975a7\0D25CEFD50E70EC1,0:3179122,2016-12-12 11:55:24-777,2016-12-12 11:55:28-022
Success : SEQ_READ : test1\c5a5e5562b038073\a39ea9c72a98de10\f398de59988a85e5,2943:4991,2016-12-12 11:55:28-146,2016-12-12 11:55:28-247
Success : SEQ_READ : test2\1a7683b6645f9b6a,21:13333,2016-12-12 11:55:28-340,2016-12-12 11:55:28-403
Success : LS : test2\a94a8fe5ccb19ba6\2a5bd02710e975a7\,0:-1,2016-12-12 11:55:28-511,2016-12-12 11:55:28-618
Success : RANDOM_READ : test1\c5a5e5562b038073\c7734a16bf12bb03,175624:232968,2016-12-12 11:55:28-720,2016-12-12 11:55:28-790
Success : LS : test2\a94a8fe5ccb19ba6\2a5bd02710e975a7\,0:-1,2016-12-12 11:55:28-867,2016-12-12 11:55:28-978
Success : CREATE_FILE : test2\a94a8fe5ccb19ba6\686E17157BBE327A,0:424561,2016-12-12 11:55:29-102,2016-12-12 11:55:29-849
Success : LS : test2\a94a8fe5ccb19ba6\,0:-1,2016-12-12 11:55:29-939,2016-12-12 11:55:30-036
Success : CREATE_FILE : test2\a94a8fe5ccb19ba6\2a5bd02710e975a7\648A28E330642AFE,0:2972765,2016-12-12 11:55:30-113,2016-12-12 11:55:33-153
Fail : LS : test1,0:-1,2016-12-12 11:55:33-255,2016-12-12 11:55:33-256
Reason : java.lang.StringIndexOutOfBoundsException: String index out of range: -2
Success : RANDOM_READ : test1\f71b43c3136efa4f\9f93e73d6896cb7b\6670af231c096f09,0:129,2016-12-12 11:55:33-376,2016-12-12 11:55:33-454
Success : RANDOM_READ : test1\c5a5e5562b038073\05d1f0ed74e78555,96:65632,2016-12-12 11:55:33-534,2016-12-12 11:55:33-596
Success : SEQ_READ : test2\a94a8fe5ccb19ba6\2a5bd02710e975a7\178db47a574c645f,0:257,2016-12-12 11:55:33-716,2016-12-12 11:55:33-784
Success : LS : test2\a94a8fe5ccb19ba6\2a5bd02710e975a7\,0:-1,2016-12-12 11:55:33-858,2016-12-12 11:55:33-967
Success : CREATE_FILE : test2\a94a8fe5ccb19ba6\2a5bd02710e975a7\7F385E4676952A8A,0:3932353,2016-12-12 11:55:34-093,2016-12-12 11:55:38-209
Success : LS : test2\a94a8fe5ccb19ba6\2a5bd02710e975a7\,0:-1,2016-12-12 11:55:38-335,2016-12-12 11:55:38-453
Success : CREATE_FILE : test2\a94a8fe5ccb19ba6\38BF09E82AB628A4,0:888032,2016-12-12 11:55:38-562,2016-12-12 11:55:39-585
Success : LS : test2\a94a8fe5ccb19ba6\,0:-1,2016-12-12 11:55:39-709,2016-12-12 11:55:39-806
Success : CREATE_FILE : test2\a94a8fe5ccb19ba6\2a5bd02710e975a7\13F34AB66F089039,0:21188,2016-12-12 11:55:39-886,2016-12-12 11:55:40-414
Success : LS : test2\a94a8fe5ccb19ba6\2a5bd02710e975a7\,0:-1,2016-12-12 11:55:40-538,2016-12-12 11:55:40-624
Fail : LS : test1,0:-1,2016-12-12 11:55:40-703,2016-12-12 11:55:40-703
Reason : java.lang.StringIndexOutOfBoundsException: String index out of range: -2
Success : LS : test1\c5a5e5562b038073\a39ea9c72a98de10\,0:-1,2016-12-12 11:55:40-780,2016-12-12 11:55:40-876
Success : LS : test2\a94a8fe5ccb19ba6\2a5bd02710e975a7\,0:-1,2016-12-12 11:55:40-972,2016-12-12 11:55:41-048
Success : CREATE_FILE : test2\a94a8fe5ccb19ba6\3D15E6125BE5C5D1,0:3515372,2016-12-12 11:55:41-125,2016-12-12 11:55:44-617
Success : LS : test2\a94a8fe5ccb19ba6\,0:-1,2016-12-12 11:55:44-729,2016-12-12 11:55:44-824
Success : CREATE_FILE : test2\a94a8fe5ccb19ba6\6ACCFE0D21F9E186,0:3315780,2016-12-12 11:55:44-910,2016-12-12 11:55:48-181
Success : LS : test2\a94a8fe5ccb19ba6\,0:-1,2016-12-12 11:55:48-282,2016-12-12 11:55:48-369
Success : CREATE_FILE : test2\a94a8fe5ccb19ba6\2a5bd02710e975a7\5F67562B20598F4B,0:2613781,2016-12-12 11:55:48-468,2016-12-12 11:55:51-217
Success : LS : test2\a94a8fe5ccb19ba6\2a5bd02710e975a7\,0:-1,2016-12-12 11:55:51-292,2016-12-12 11:55:51-363
Success : SEQ_READ : test2\a94a8fe5ccb19ba6\2a5bd02710e975a7\3eef580036f1724a,0:257,2016-12-12 11:55:51-489,2016-12-12 11:55:51-550
Success : LS : test1\f71b43c3136efa4f\52481749c0cdecd6\,0:-1,2016-12-12 11:55:51-625,2016-12-12 11:55:51-693
Success : LS : test1\f71b43c3136efa4f\52481749c0cdecd6\,0:-1,2016-12-12 11:55:51-768,2016-12-12 11:55:51-860
Success : LS : test2\a94a8fe5ccb19ba6\2a5bd02710e975a7\,0:-1,2016-12-12 11:55:51-968,2016-12-12 11:55:52-078
Success : LS : test2\a94a8fe5ccb19ba6\2a5bd02710e975a7\,0:-1,2016-12-12 11:55:52-173,2016-12-12 11:55:52-289
Success : CREATE_FILE : test2\a94a8fe5ccb19ba6\1CDBB1A27DF0B6C5,0:4082911,2016-12-12 11:55:52-389,2016-12-12 11:55:56-364
Success : LS : test2\a94a8fe5ccb19ba6\,0:-1,2016-12-12 11:55:56-486,2016-12-12 11:55:56-584
Success : CREATE_FILE : test2\a94a8fe5ccb19ba6\42ABDDB07E37C77A,0:40634,2016-12-12 11:55:56-693,2016-12-12 11:55:57-257
Success : LS : test2\a94a8fe5ccb19ba6\,0:-1,2016-12-12 11:55:57-377,2016-12-12 11:55:57-475
Success : SEQ_READ : test1\f71b43c3136efa4f\52481749c0cdecd6\6670af231c096f09,0:129,2016-12-12 11:55:57-600,2016-12-12 11:55:57-673
Success : LS : test1\f71b43c3136efa4f\c7d9912886e5ccc7\,0:-1,2016-12-12 11:55:57-787,2016-12-12 11:55:57-858
Success : LS : test1\f71b43c3136efa4f\52481749c0cdecd6\,0:-1,2016-12-12 11:55:57-981,2016-12-12 11:55:58-067
Success : RANDOM_READ : test1\c5a5e5562b038073\88fe52fe40fa2264,2114:2114,2016-12-12 11:55:58-179,2016-12-12 11:55:58-249
Success : LS : test2\a94a8fe5ccb19ba6\,0:-1,2016-12-12 11:55:58-356,2016-12-12 11:55:58-444
Success : CREATE_FILE : test2\a94a8fe5ccb19ba6\66527ED23B8DACFF,0:2030377,2016-12-12 11:55:58-543,2016-12-12 11:56:00-722
Success : LS : test2\a94a8fe5ccb19ba6\,0:-1,2016-12-12 11:56:00-840,2016-12-12 11:56:00-938
Success : LS : test1\f71b43c3136efa4f\,0:-1,2016-12-12 11:56:01-055,2016-12-12 11:56:01-141
Success : SEQ_READ : test1\f71b43c3136efa4f\83404ffd78f534ff\6670af231c096f09,0:129,2016-12-12 11:56:01-214,2016-12-12 11:56:01-274
Success : LS : test2\a94a8fe5ccb19ba6\,0:-1,2016-12-12 11:56:01-370,2016-12-12 11:56:01-464
Success : LS : test2\a94a8fe5ccb19ba6\,0:-1,2016-12-12 11:56:01-556,2016-12-12 11:56:01-644
Success : CREATE_FILE : test2\a94a8fe5ccb19ba6\2a5bd02710e975a7\6768001F3A53D872,0:441483,2016-12-12 11:56:01-751,2016-12-12 11:56:02-455
Success : LS : test2\a94a8fe5ccb19ba6\2a5bd02710e975a7\,0:-1,2016-12-12 11:56:02-579,2016-12-12 11:56:02-697
Success : CREATE_FILE : test2\a94a8fe5ccb19ba6\793548952CCEC754,0:2126277,2016-12-12 11:56:02-818,2016-12-12 11:56:05-050
Success : LS : test2\a94a8fe5ccb19ba6\,0:-1,2016-12-12 11:56:05-172,2016-12-12 11:56:05-263
Success : CREATE_FILE : test2\a94a8fe5ccb19ba6\6CEC1CF611DDE5F3,0:1044332,2016-12-12 11:56:05-374,2016-12-12 11:56:06-213
Success : SEQ_READ : test2\a94a8fe5ccb19ba6\2a5bd02710e975a7\3eef580036f1724a,0:257,2016-12-12 11:56:06-287,2016-12-12 11:56:06-346
Success : LS : test2\a94a8fe5ccb19ba6\2a5bd02710e975a7\,0:-1,2016-12-12 11:56:06-422,2016-12-12 11:56:06-493
Success : LS : test2\a94a8fe5ccb19ba6\,0:-1,2016-12-12 11:56:06-568,2016-12-12 11:56:06-664
Success : LS : test2\a94a8fe5ccb19ba6\,0:-1,2016-12-12 11:56:06-786,2016-12-12 11:56:06-909
Success : CREATE_FILE : test2\a94a8fe5ccb19ba6\2a5bd02710e975a7\5A5BD6B8694374A1,0:1490492,2016-12-12 11:56:07-022,2016-12-12 11:56:08-306
Success : LS : test2\a94a8fe5ccb19ba6\2a5bd02710e975a7\,0:-1,2016-12-12 11:56:08-431,2016-12-12 11:56:08-549
Success : CREATE_FILE : test2\a94a8fe5ccb19ba6\5E29CEA53445CAD1,0:699311,2016-12-12 11:56:08-652,2016-12-12 11:56:09-244
Success : LS : test2\a94a8fe5ccb19ba6\,0:-1,2016-12-12 11:56:09-318,2016-12-12 11:56:09-397
Success : CREATE_FILE : test2\a94a8fe5ccb19ba6\2B13A31F648ABC78,0:3958528,2016-12-12 11:56:09-502,2016-12-12 11:56:13-497
Success : LS : test2\a94a8fe5ccb19ba6\,0:-1,2016-12-12 11:56:13-619,2016-12-12 11:56:13-722
Success : LS : test1\c5a5e5562b038073\,0:-1,2016-12-12 11:56:13-838,2016-12-12 11:56:13-909
Fail : LS : test1,0:-1,2016-12-12 11:56:13-986,2016-12-12 11:56:13-986
Reason : java.lang.StringIndexOutOfBoundsException: String index out of range: -2
Success : LS : test2\a94a8fe5ccb19ba6\,0:-1,2016-12-12 11:56:14-059,2016-12-12 11:56:14-148
Success : CREATE_FILE : test2\a94a8fe5ccb19ba6\59FA8D09037D1BD3,0:3965013,2016-12-12 11:56:14-222,2016-12-12 11:56:18-195
Success : LS : test2\a94a8fe5ccb19ba6\,0:-1,2016-12-12 11:56:18-271,2016-12-12 11:56:18-401
Success : CREATE_FILE : test2\a94a8fe5ccb19ba6\2a5bd02710e975a7\5150A06C4464A528,0:30690,2016-12-12 11:56:18-474,2016-12-12 11:56:18-953
Success : LS : test2\a94a8fe5ccb19ba6\2a5bd02710e975a7\,0:-1,2016-12-12 11:56:19-027,2016-12-12 11:56:19-101
Success : CREATE_FILE : test2\a94a8fe5ccb19ba6\1788E2B91E3E13AB,0:1748062,2016-12-12 11:56:19-176,2016-12-12 11:56:20-608
Success : LS : test1\c5a5e5562b038073\,0:-1,2016-12-12 11:56:20-736,2016-12-12 11:56:20-814
Success : LS : test1\c5a5e5562b038073\,0:-1,2016-12-12 11:56:20-898,2016-12-12 11:56:20-964
Success : RANDOM_READ : test1\c5a5e5562b038073\738537f9a40e568b,8210:14354,2016-12-12 11:56:21-040,2016-12-12 11:56:21-137
Success : RANDOM_READ : test2\a94a8fe5ccb19ba6\2a5bd02710e975a7\254d76d2609fec03,285:1309,2016-12-12 11:56:21-235,2016-12-12 11:56:21-299
Success : LS : test2\a94a8fe5ccb19ba6\,0:-1,2016-12-12 11:56:21-374,2016-12-12 11:56:21-493
Success : CREATE_FILE : test2\a94a8fe5ccb19ba6\6E58B8232DB73B78,0:1514885,2016-12-12 11:56:21-606,2016-12-12 11:56:22-854
Success : LS : test2\a94a8fe5ccb19ba6\,0:-1,2016-12-12 11:56:22-979,2016-12-12 11:56:23-093
Success : CREATE_FILE : test2\a94a8fe5ccb19ba6\2a5bd02710e975a7\192C835C3DFAE237,0:1231650,2016-12-12 11:56:23-209,2016-12-12 11:56:24-166
Success : LS : test1\c5a5e5562b038073\0189424a5a60fed3\,0:-1,2016-12-12 11:56:24-242,2016-12-12 11:56:24-302
Success : LS : test1\f71b43c3136efa4f\,0:-1,2016-12-12 11:56:24-407,2016-12-12 11:56:24-476
Success : LS : test1\f71b43c3136efa4f\,0:-1,2016-12-12 11:56:24-588,2016-12-12 11:56:24-660
Success : LS : test1\f71b43c3136efa4f\c7d9912886e5ccc7\,0:-1,2016-12-12 11:56:24-739,2016-12-12 11:56:24-802
Success : SEQ_READ : test1\c5a5e5562b038073\68ad3077ff5a452a,0:383,2016-12-12 11:56:24-913,2016-12-12 11:56:24-981
Success : SEQ_READ : test1\c5a5e5562b038073\68ad3077ff5a452a,0:383,2016-12-12 11:56:25-086,2016-12-12 11:56:25-153
Success : SEQ_READ : test1\f71b43c3136efa4f\c7d9912886e5ccc7\6670af231c096f09,0:129,2016-12-12 11:56:25-226,2016-12-12 11:56:25-286
Success : LS : test2\a94a8fe5ccb19ba6\,0:-1,2016-12-12 11:56:25-389,2016-12-12 11:56:25-483
Success : RANDOM_READ : test2\a94a8fe5ccb19ba6\2a5bd02710e975a7\254d76d2609fec03,199:2247,2016-12-12 11:56:25-593,2016-12-12 11:56:25-677
Success : LS : test2\a94a8fe5ccb19ba6\2a5bd02710e975a7\,0:-1,2016-12-12 11:56:25-784,2016-12-12 11:56:25-887
Success : CREATE_FILE : test2\a94a8fe5ccb19ba6\7970C3B710E31A7D,0:2208614,2016-12-12 11:56:26-011,2016-12-12 11:56:28-677
Success : SEQ_READ : test1\c5a5e5562b038073\738537f9a40e568b,10257:12305,2016-12-12 11:56:28-793,2016-12-12 11:56:28-862
Fail : LS : test1,0:-1,2016-12-12 11:56:28-936,2016-12-12 11:56:28-936
Reason : java.lang.StringIndexOutOfBoundsException: String index out of range: -2
Success : RANDOM_READ : test2\1a7683b6645f9b6a,8523:11595,2016-12-12 11:56:29-011,2016-12-12 11:56:29-077
Success : LS : test2\a94a8fe5ccb19ba6\2a5bd02710e975a7\,0:-1,2016-12-12 11:56:29-194,2016-12-12 11:56:29-320
Success : LS : test1\f71b43c3136efa4f\52481749c0cdecd6\,0:-1,2016-12-12 11:56:29-400,2016-12-12 11:56:29-465
Success : LS : test2\a94a8fe5ccb19ba6\,0:-1,2016-12-12 11:56:29-543,2016-12-12 11:56:29-625
Success : CREATE_FILE : test2\a94a8fe5ccb19ba6\088100980E5E918F,0:696593,2016-12-12 11:56:29-707,2016-12-12 11:56:30-475
Success : LS : test2\a94a8fe5ccb19ba6\,0:-1,2016-12-12 11:56:30-599,2016-12-12 11:56:30-699
Success : CREATE_FILE : test2\a94a8fe5ccb19ba6\2a5bd02710e975a7\79C7024C36CAFCB7,0:3106437,2016-12-12 11:56:30-781,2016-12-12 11:56:34-024
Success : LS : test1\c5a5e5562b038073\,0:-1,2016-12-12 11:56:34-148,2016-12-12 11:56:34-224
Success : LS : test2\a94a8fe5ccb19ba6\2a5bd02710e975a7\,0:-1,2016-12-12 11:56:34-311,2016-12-12 11:56:34-386
Success : SEQ_READ : test2\49f03965cf98b1f5,180:1204,2016-12-12 11:56:34-490,2016-12-12 11:56:34-579
Success : LS : test2\a94a8fe5ccb19ba6\2a5bd02710e975a7\,0:-1,2016-12-12 11:56:34-695,2016-12-12 11:56:34-775
Success : CREATE_FILE : test2\a94a8fe5ccb19ba6\2a5bd02710e975a7\402465881DB00B2E,0:3777839,2016-12-12 11:56:34-887,2016-12-12 11:56:38-575
Success : LS : test2\a94a8fe5ccb19ba6\2a5bd02710e975a7\,0:-1,2016-12-12 11:56:38-699,2016-12-12 11:56:38-784
Success : CREATE_FILE : test2\a94a8fe5ccb19ba6\2a5bd02710e975a7\2A3B9F3928609FD0,0:2886013,2016-12-12 11:56:38-896,2016-12-12 11:56:41-941
Success : LS : test2\a94a8fe5ccb19ba6\2a5bd02710e975a7\,0:-1,2016-12-12 11:56:42-043,2016-12-12 11:56:42-116
Success : CREATE_FILE : test2\a94a8fe5ccb19ba6\57887A3439AE8EB8,0:1054000,2016-12-12 11:56:42-205,2016-12-12 11:56:43-222
Success : LS : test2\a94a8fe5ccb19ba6\,0:-1,2016-12-12 11:56:43-343,2016-12-12 11:56:43-442
Success : CREATE_FILE : test2\a94a8fe5ccb19ba6\2a5bd02710e975a7\775890C6057215E5,0:1034426,2016-12-12 11:56:43-567,2016-12-12 11:56:44-329
Success : LS : test1\f71b43c3136efa4f\52481749c0cdecd6\,0:-1,2016-12-12 11:56:44-454,2016-12-12 11:56:44-527
Success : SEQ_READ : test1\c5a5e5562b038073\a39ea9c72a98de10\41288c58009f7f6a,0:477,2016-12-12 11:56:44-635,2016-12-12 11:56:44-699
Success : LS : test1\f71b43c3136efa4f\,0:-1,2016-12-12 11:56:44-827,2016-12-12 11:56:44-895
Success : LS : test1\f71b43c3136efa4f\83404ffd78f534ff\,0:-1,2016-12-12 11:56:44-978,2016-12-12 11:56:45-040
Success : LS : test2\a94a8fe5ccb19ba6\2a5bd02710e975a7\,0:-1,2016-12-12 11:56:45-144,2016-12-12 11:56:45-222
Success : CREATE_FILE : test2\a94a8fe5ccb19ba6\2a5bd02710e975a7\28E0BE7F52D9E85E,0:1930406,2016-12-12 11:56:45-347,2016-12-12 11:56:47-282
Fail : LS : test1,0:-1,2016-12-12 11:56:47-407,2016-12-12 11:56:47-407
Reason : java.lang.StringIndexOutOfBoundsException: String index out of range: -2
Success : RANDOM_READ : test1\c5a5e5562b038073\2d77b1044a6c5c82,490255:490255,2016-12-12 11:56:47-527,2016-12-12 11:56:47-632
Success : SEQ_READ : test1\c5a5e5562b038073\a39ea9c72a98de10\f398de59988a85e5,3089:6161,2016-12-12 11:56:47-728,2016-12-12 11:56:47-794
Success : RANDOM_READ : test2\a94a8fe5ccb19ba6\2a5bd02710e975a7\3eef580036f1724a,0:257,2016-12-12 11:56:47-889,2016-12-12 11:56:47-960
Fail : LS : test1,0:-1,2016-12-12 11:56:48-040,2016-12-12 11:56:48-040
Reason : java.lang.StringIndexOutOfBoundsException: String index out of range: -2
Success : LS : test2\a94a8fe5ccb19ba6\2a5bd02710e975a7\,0:-1,2016-12-12 11:56:48-116,2016-12-12 11:56:48-188
Success : CREATE_FILE : test2\a94a8fe5ccb19ba6\4661644921C5508C,0:1622594,2016-12-12 11:56:48-263,2016-12-12 11:56:49-827
Success : LS : test2\a94a8fe5ccb19ba6\,0:-1,2016-12-12 11:56:49-948,2016-12-12 11:56:50-243
Success : CREATE_FILE : test2\a94a8fe5ccb19ba6\37B6B47907E50B43,0:3394755,2016-12-12 11:56:50-369,2016-12-12 11:56:53-712
Success : RANDOM_READ : test1\c5a5e5562b038073\88fe52fe40fa2264,2075:2075,2016-12-12 11:56:53-839,2016-12-12 11:56:53-916
Success : SEQ_READ : test1\c5a5e5562b038073\767c14c8beb1e835,2986657:3131041,2016-12-12 11:56:54-002,2016-12-12 11:56:54-080
Fail : LS : test1,0:-1,2016-12-12 11:56:54-158,2016-12-12 11:56:54-158
Reason : java.lang.StringIndexOutOfBoundsException: String index out of range: -2
Success : LS : test2\a94a8fe5ccb19ba6\2a5bd02710e975a7\,0:-1,2016-12-12 11:56:54-231,2016-12-12 11:56:54-302
Success : LS : test1\f71b43c3136efa4f\52481749c0cdecd6\,0:-1,2016-12-12 11:56:54-380,2016-12-12 11:56:54-490
Success : LS : test2\a94a8fe5ccb19ba6\,0:-1,2016-12-12 11:56:54-599,2016-12-12 11:56:54-689
Success : CREATE_FILE : test2\a94a8fe5ccb19ba6\7FE9EECA5BCB6EFB,0:1580437,2016-12-12 11:56:54-769,2016-12-12 11:56:56-092
Success : LS : test2\a94a8fe5ccb19ba6\,0:-1,2016-12-12 11:56:56-218,2016-12-12 11:56:56-343
Success : CREATE_FILE : test2\a94a8fe5ccb19ba6\07E7543D41DA5A92,0:1820725,2016-12-12 11:56:56-468,2016-12-12 11:56:58-130
Success : LS : test1\f71b43c3136efa4f\83404ffd78f534ff\,0:-1,2016-12-12 11:56:58-252,2016-12-12 11:56:58-322
Success : LS : test1\f71b43c3136efa4f\83404ffd78f534ff\,0:-1,2016-12-12 11:56:58-396,2016-12-12 11:56:58-492
Success : LS : test2\a94a8fe5ccb19ba6\,0:-1,2016-12-12 11:56:58-580,2016-12-12 11:56:58-664
Success : RANDOM_READ : test2\6c33a983eec1b409,2121:2121,2016-12-12 11:56:58-764,2016-12-12 11:56:58-827
Success : LS : test1\f71b43c3136efa4f\c7d9912886e5ccc7\,0:-1,2016-12-12 11:56:58-951,2016-12-12 11:56:59-028
Success : LS : test1\f71b43c3136efa4f\52481749c0cdecd6\,0:-1,2016-12-12 11:56:59-198,2016-12-12 11:56:59-260
Success : LS : test2\a94a8fe5ccb19ba6\,0:-1,2016-12-12 11:56:59-334,2016-12-12 11:56:59-453
Success : CREATE_FILE : test2\a94a8fe5ccb19ba6\6B9AE7194E4A5460,0:141397,2016-12-12 11:56:59-546,2016-12-12 11:57:00-267
Fail : LS : test1,0:-1,2016-12-12 11:57:00-392,2016-12-12 11:57:00-393
Reason : java.lang.StringIndexOutOfBoundsException: String index out of range: -2
Success : LS : test1\c5a5e5562b038073\0189424a5a60fed3\,0:-1,2016-12-12 11:57:00-518,2016-12-12 11:57:00-591
Success : LS : test2\a94a8fe5ccb19ba6\,0:-1,2016-12-12 11:57:00-684,2016-12-12 11:57:00-766
Success : LS : test2\a94a8fe5ccb19ba6\,0:-1,2016-12-12 11:57:00-875,2016-12-12 11:57:01-318
Success : LS : test2\a94a8fe5ccb19ba6\,0:-1,2016-12-12 11:57:01-445,2016-12-12 11:57:01-541
Success : CREATE_FILE : test2\a94a8fe5ccb19ba6\2a5bd02710e975a7\390625DA5311F9BB,0:3099907,2016-12-12 11:57:01-665,2016-12-12 11:57:05-257
Success : LS : test2\a94a8fe5ccb19ba6\2a5bd02710e975a7\,0:-1,2016-12-12 11:57:05-381,2016-12-12 11:57:05-492
Success : CREATE_FILE : test2\a94a8fe5ccb19ba6\6192E66113B0E76D,0:6580,2016-12-12 11:57:05-595,2016-12-12 11:57:06-175
Success : LS : test1\c5a5e5562b038073\a39ea9c72a98de10\,0:-1,2016-12-12 11:57:06-285,2016-12-12 11:57:06-384
Success : LS : test1\c5a5e5562b038073\a39ea9c72a98de10\,0:-1,2016-12-12 11:57:06-500,2016-12-12 11:57:06-571
Success : LS : test2\a94a8fe5ccb19ba6\,0:-1,2016-12-12 11:57:06-666,2016-12-12 11:57:06-749
Success : CREATE_FILE : test2\a94a8fe5ccb19ba6\166C1E5D08A9E25D,0:2899277,2016-12-12 11:57:06-843,2016-12-12 11:57:09-703
Success : LS : test2\a94a8fe5ccb19ba6\,0:-1,2016-12-12 11:57:09-829,2016-12-12 11:57:09-955
Success : CREATE_FILE : test2\a94a8fe5ccb19ba6\396CAD0E6C7F221E,0:242971,2016-12-12 11:57:10-057,2016-12-12 11:57:10-581
Success : LS : test2\a94a8fe5ccb19ba6\,0:-1,2016-12-12 11:57:10-698,2016-12-12 11:57:10-793
Success : CREATE_FILE : test2\a94a8fe5ccb19ba6\2a5bd02710e975a7\2C11B56D31C7E138,0:319296,2016-12-12 11:57:10-868,2016-12-12 11:57:11-602
Success : LS : test2\a94a8fe5ccb19ba6\2a5bd02710e975a7\,0:-1,2016-12-12 11:57:11-722,2016-12-12 11:57:11-804
Success : CREATE_FILE : test2\a94a8fe5ccb19ba6\2a5bd02710e975a7\58949D2A754F2FB2,0:1594292,2016-12-12 11:57:11-886,2016-12-12 11:57:13-555
Success : LS : test2\a94a8fe5ccb19ba6\2a5bd02710e975a7\,0:-1,2016-12-12 11:57:13-680,2016-12-12 11:57:13-766
Success : CREATE_FILE : test2\a94a8fe5ccb19ba6\2a5bd02710e975a7\2F87BC8F68961BAE,0:1264971,2016-12-12 11:57:13-873,2016-12-12 11:57:14-912
Success : RANDOM_READ : test2\a94a8fe5ccb19ba6\2a5bd02710e975a7\178db47a574c645f,0:257,2016-12-12 11:57:15-026,2016-12-12 11:57:15-115
Success : LS : test1\f71b43c3136efa4f\52481749c0cdecd6\,0:-1,2016-12-12 11:57:15-189,2016-12-12 11:57:15-275
Success : LS : test2\a94a8fe5ccb19ba6\2a5bd02710e975a7\,0:-1,2016-12-12 11:57:15-394,2016-12-12 11:57:15-482
Success : LS : test2\a94a8fe5ccb19ba6\2a5bd02710e975a7\,0:-1,2016-12-12 11:57:15-592,2016-12-12 11:57:15-709
Success : CREATE_FILE : test2\a94a8fe5ccb19ba6\2a5bd02710e975a7\600FB6F219493CF1,0:2725285,2016-12-12 11:57:15-836,2016-12-12 11:57:18-580
Success : LS : test2\a94a8fe5ccb19ba6\2a5bd02710e975a7\,0:-1,2016-12-12 11:57:18-703,2016-12-12 11:57:18-788
Success : CREATE_FILE : test2\a94a8fe5ccb19ba6\4EA96AA24B6050CB,0:2146155,2016-12-12 11:57:18-907,2016-12-12 11:57:20-895
Success : LS : test1\f71b43c3136efa4f\,0:-1,2016-12-12 11:57:21-005,2016-12-12 11:57:21-071
Success : LS : test1\c5a5e5562b038073\a39ea9c72a98de10\,0:-1,2016-12-12 11:57:21-145,2016-12-12 11:57:21-205
Success : LS : test2\a94a8fe5ccb19ba6\,0:-1,2016-12-12 11:57:21-280,2016-12-12 11:57:21-364
Success : RANDOM_READ : test2\6c33a983eec1b409,128:2176,2016-12-12 11:57:21-440,2016-12-12 11:57:21-498
Success : LS : test2\a94a8fe5ccb19ba6\,0:-1,2016-12-12 11:57:21-618,2016-12-12 11:57:21-727
Success : CREATE_FILE : test2\a94a8fe5ccb19ba6\01A633395775827B,0:3876029,2016-12-12 11:57:21-842,2016-12-12 11:57:25-984
Success : LS : test2\a94a8fe5ccb19ba6\,0:-1,2016-12-12 11:57:26-094,2016-12-12 11:57:26-187
Success : LS : test1\f71b43c3136efa4f\52481749c0cdecd6\,0:-1,2016-12-12 11:57:26-284,2016-12-12 11:57:26-385
Success : LS : test1\f71b43c3136efa4f\52481749c0cdecd6\,0:-1,2016-12-12 11:57:26-506,2016-12-12 11:57:26-611
Success : LS : test2\a94a8fe5ccb19ba6\,0:-1,2016-12-12 11:57:26-704,2016-12-12 11:57:26-817
Success : LS : test2\a94a8fe5ccb19ba6\,0:-1,2016-12-12 11:57:26-903,2016-12-12 11:57:26-991
Success : CREATE_FILE : test2\a94a8fe5ccb19ba6\6A308410778E1968,0:4070251,2016-12-12 11:57:27-072,2016-12-12 11:57:31-599
Success : LS : test2\a94a8fe5ccb19ba6\,0:-1,2016-12-12 11:57:31-723,2016-12-12 11:57:31-829
Success : CREATE_FILE : test2\a94a8fe5ccb19ba6\2a5bd02710e975a7\7888E4023EA4E30E,0:2324371,2016-12-12 11:57:31-922,2016-12-12 11:57:34-166
Success : LS : test2\a94a8fe5ccb19ba6\2a5bd02710e975a7\,0:-1,2016-12-12 11:57:34-337,2016-12-12 11:57:34-447
Success : CREATE_FILE : test2\a94a8fe5ccb19ba6\7FEDB5DD775B0C0C,0:979976,2016-12-12 11:57:34-543,2016-12-12 11:57:35-334
Success : LS : test1\f71b43c3136efa4f\c7d9912886e5ccc7\,0:-1,2016-12-12 11:57:35-456,2016-12-12 11:57:35-541
Success : LS : test2\a94a8fe5ccb19ba6\,0:-1,2016-12-12 11:57:35-625,2016-12-12 11:57:35-724
Success : LS : test1\f71b43c3136efa4f\83404ffd78f534ff\,0:-1,2016-12-12 11:57:35-808,2016-12-12 11:57:35-872
Success : LS : test2\a94a8fe5ccb19ba6\,0:-1,2016-12-12 11:57:35-952,2016-12-12 11:57:36-036
Success : CREATE_FILE : test2\a94a8fe5ccb19ba6\63821BB90407C7F6,0:2758757,2016-12-12 11:57:36-111,2016-12-12 11:57:38-679
Success : LS : test2\a94a8fe5ccb19ba6\,0:-1,2016-12-12 11:57:38-809,2016-12-12 11:57:38-903
Success : CREATE_FILE : test2\a94a8fe5ccb19ba6\2a5bd02710e975a7\3C4B084E7ADED393,0:107323,2016-12-12 11:57:38-989,2016-12-12 11:57:39-638
Success : LS : test1\c5a5e5562b038073\a39ea9c72a98de10\,0:-1,2016-12-12 11:57:39-758,2016-12-12 11:57:39-832
Success : LS : test1\c5a5e5562b038073\0189424a5a60fed3\,0:-1,2016-12-12 11:57:39-908,2016-12-12 11:57:39-972
Success : LS : test1\f71b43c3136efa4f\52481749c0cdecd6\,0:-1,2016-12-12 11:57:40-046,2016-12-12 11:57:40-149
Success : SEQ_READ : test2\49f03965cf98b1f5,576:1600,2016-12-12 11:57:40-251,2016-12-12 11:57:40-352
Success : RANDOM_READ : test1\c5a5e5562b038073\0189424a5a60fed3\feb6a1968982109d,14951966:14998046,2016-12-12 11:57:40-442,2016-12-12 11:57:40-549
Success : LS : test2\a94a8fe5ccb19ba6\2a5bd02710e975a7\,0:-1,2016-12-12 11:57:40-645,2016-12-12 11:57:40-743
Success : CREATE_FILE : test2\a94a8fe5ccb19ba6\2a5bd02710e975a7\3EB35B841741A62D,0:3556244,2016-12-12 11:57:40-866,2016-12-12 11:57:44-594
Success : LS : test1\c5a5e5562b038073\,0:-1,2016-12-12 11:57:44-788,2016-12-12 11:57:45-214
Success : RANDOM_READ : test1\c5a5e5562b038073\0189424a5a60fed3\46a8219c2ae6c782,1157119:1191935,2016-12-12 11:57:45-481,2016-12-12 11:57:45-672
Success : LS : test2\a94a8fe5ccb19ba6\2a5bd02710e975a7\,0:-1,2016-12-12 11:57:45-764,2016-12-12 11:57:45-849
Success : CREATE_FILE : test2\a94a8fe5ccb19ba6\2a5bd02710e975a7\777ADF5E3E3DBC7E,0:2548131,2016-12-12 11:57:45-924,2016-12-12 11:57:48-406
Success : LS : test2\a94a8fe5ccb19ba6\2a5bd02710e975a7\,0:-1,2016-12-12 11:57:48-522,2016-12-12 11:57:48-642
Success : CREATE_FILE : test2\a94a8fe5ccb19ba6\2a5bd02710e975a7\1A50AE8C01D60DE9,0:3287642,2016-12-12 11:57:48-740,2016-12-12 11:57:52-179
Success : LS : test2\a94a8fe5ccb19ba6\2a5bd02710e975a7\,0:-1,2016-12-12 11:57:52-299,2016-12-12 11:57:52-414
Success : CREATE_FILE : test2\a94a8fe5ccb19ba6\2a5bd02710e975a7\68F7977F62946ABB,0:1862355,2016-12-12 11:57:52-526,2016-12-12 11:57:54-308
Success : LS : test2\a94a8fe5ccb19ba6\2a5bd02710e975a7\,0:-1,2016-12-12 11:57:54-433,2016-12-12 11:57:54-544
Success : CREATE_FILE : test2\a94a8fe5ccb19ba6\2a5bd02710e975a7\2AB56CD84628C30C,0:1848742,2016-12-12 11:57:54-637,2016-12-12 11:57:56-142
Success : LS : test1\f71b43c3136efa4f\52481749c0cdecd6\,0:-1,2016-12-12 11:57:56-259,2016-12-12 11:57:56-338
Success : LS : test1\f71b43c3136efa4f\9f93e73d6896cb7b\,0:-1,2016-12-12 11:57:56-455,2016-12-12 11:57:56-522
Success : SEQ_READ : test2\6c33a983eec1b409,1420:1420,2016-12-12 11:57:56-597,2016-12-12 11:57:56-681
Success : LS : test2\a94a8fe5ccb19ba6\2a5bd02710e975a7\,0:-1,2016-12-12 11:57:56-798,2016-12-12 11:57:56-902
Success : CREATE_FILE : test2\a94a8fe5ccb19ba6\2a5bd02710e975a7\6EA57515101236F4,0:1128523,2016-12-12 11:57:56-990,2016-12-12 11:57:57-696
Success : LS : test2\a94a8fe5ccb19ba6\2a5bd02710e975a7\,0:-1,2016-12-12 11:57:57-792,2016-12-12 11:57:57-889
Success : CREATE_FILE : test2\a94a8fe5ccb19ba6\2a5bd02710e975a7\2EAA443978FDDF7C,0:373290,2016-12-12 11:57:57-980,2016-12-12 11:57:58-605
Success : LS : test2\a94a8fe5ccb19ba6\2a5bd02710e975a7\,0:-1,2016-12-12 11:57:58-740,2016-12-12 11:57:58-858
Success : CREATE_FILE : test2\a94a8fe5ccb19ba6\2a5bd02710e975a7\6A5619405C625E2F,0:2149319,2016-12-12 11:57:58-982,2016-12-12 11:58:01-126
Success : LS : test1\c5a5e5562b038073\a39ea9c72a98de10\,0:-1,2016-12-12 11:58:01-245,2016-12-12 11:58:01-332
Success : LS : test1\c5a5e5562b038073\,0:-1,2016-12-12 11:58:01-414,2016-12-12 11:58:01-474
Success : RANDOM_READ : test2\1a7683b6645f9b6a,1043:8211,2016-12-12 11:58:01-571,2016-12-12 11:58:01-672
Success : LS : test2\a94a8fe5ccb19ba6\2a5bd02710e975a7\,0:-1,2016-12-12 11:58:01-793,2016-12-12 11:58:01-878
Success : CREATE_FILE : test2\a94a8fe5ccb19ba6\2a5bd02710e975a7\08E232B65FE1F127,0:3851156,2016-12-12 11:58:01-955,2016-12-12 11:58:05-658
Success : LS : test2\a94a8fe5ccb19ba6\2a5bd02710e975a7\,0:-1,2016-12-12 11:58:05-782,2016-12-12 11:58:05-869
Success : CREATE_FILE : test2\a94a8fe5ccb19ba6\77B5199D680A795D,0:3582496,2016-12-12 11:58:05-970,2016-12-12 11:58:09-481
Success : LS : test2\a94a8fe5ccb19ba6\,0:-1,2016-12-12 11:58:09-556,2016-12-12 11:58:09-635
Success : CREATE_FILE : test2\a94a8fe5ccb19ba6\4A4CD080346ADD93,0:193138,2016-12-12 11:58:09-713,2016-12-12 11:58:10-566
Success : LS : test1\f71b43c3136efa4f\c7d9912886e5ccc7\,0:-1,2016-12-12 11:58:10-689,2016-12-12 11:58:10-764
Success : SEQ_READ : test1\c5a5e5562b038073\738537f9a40e568b,958:16318,2016-12-12 11:58:10-881,2016-12-12 11:58:10-978
Success : LS : test2\a94a8fe5ccb19ba6\,0:-1,2016-12-12 11:58:11-088,2016-12-12 11:58:11-197
Success : LS : test2\a94a8fe5ccb19ba6\,0:-1,2016-12-12 11:58:11-291,2016-12-12 11:58:11-375
Success : CREATE_FILE : test2\a94a8fe5ccb19ba6\3AF8991069CA8E30,0:2557299,2016-12-12 11:58:11-476,2016-12-12 11:58:13-869
Success : LS : test2\a94a8fe5ccb19ba6\,0:-1,2016-12-12 11:58:13-988,2016-12-12 11:58:14-080
Success : CREATE_FILE : test2\a94a8fe5ccb19ba6\4A476A086EB60D99,0:1882037,2016-12-12 11:58:14-179,2016-12-12 11:58:15-805
Success : LS : test2\a94a8fe5ccb19ba6\,0:-1,2016-12-12 11:58:15-930,2016-12-12 11:58:16-029
Success : CREATE_FILE : test2\a94a8fe5ccb19ba6\2a5bd02710e975a7\0DD8619B775983CC,0:2918326,2016-12-12 11:58:16-149,2016-12-12 11:58:19-355
Success : LS : test1\f71b43c3136efa4f\9f93e73d6896cb7b\,0:-1,2016-12-12 11:58:19-479,2016-12-12 11:58:19-582
Success : RANDOM_READ : test1\c5a5e5562b038073\a39ea9c72a98de10\11562aa867a5f398,324:324,2016-12-12 11:58:19-692,2016-12-12 11:58:19-791
Success : LS : test1\f71b43c3136efa4f\9f93e73d6896cb7b\,0:-1,2016-12-12 11:58:19-881,2016-12-12 11:58:19-985
Success : SEQ_READ : test1\f71b43c3136efa4f\c7d9912886e5ccc7\6670af231c096f09,0:129,2016-12-12 11:58:20-074,2016-12-12 11:58:20-150
Success : LS : test2\a94a8fe5ccb19ba6\2a5bd02710e975a7\,0:-1,2016-12-12 11:58:20-228,2016-12-12 11:58:20-339
Success : CREATE_FILE : test2\a94a8fe5ccb19ba6\2a5bd02710e975a7\04BE49300659D060,0:3048082,2016-12-12 11:58:20-453,2016-12-12 11:58:23-390
Success : LS : test2\a94a8fe5ccb19ba6\2a5bd02710e975a7\,0:-1,2016-12-12 11:58:23-513,2016-12-12 11:58:23-632
Success : CREATE_FILE : test2\a94a8fe5ccb19ba6\2a5bd02710e975a7\65B71DE3053EBC0F,0:4008754,2016-12-12 11:58:23-734,2016-12-12 11:58:27-606
Success : LS : test1\c5a5e5562b038073\a39ea9c72a98de10\,0:-1,2016-12-12 11:58:27-724,2016-12-12 11:58:27-794
Success : LS : test1\f71b43c3136efa4f\9f93e73d6896cb7b\,0:-1,2016-12-12 11:58:27-900,2016-12-12 11:58:27-974
Success : SEQ_READ : test1\c5a5e5562b038073\a39ea9c72a98de10\41288c58009f7f6a,0:477,2016-12-12 11:58:28-100,2016-12-12 11:58:28-201
Success : LS : test2\a94a8fe5ccb19ba6\2a5bd02710e975a7\,0:-1,2016-12-12 11:58:28-294,2016-12-12 11:58:28-380
Success : CREATE_FILE : test2\a94a8fe5ccb19ba6\2a5bd02710e975a7\47A0B6DC76D084C9,0:217179,2016-12-12 11:58:28-456,2016-12-12 11:58:29-157
Success : LS : test2\a94a8fe5ccb19ba6\2a5bd02710e975a7\,0:-1,2016-12-12 11:58:29-287,2016-12-12 11:58:29-406
Success : CREATE_FILE : test2\a94a8fe5ccb19ba6\57F72C85178353CF,0:649578,2016-12-12 11:58:29-503,2016-12-12 11:58:30-372
Success : LS : test2\a94a8fe5ccb19ba6\,0:-1,2016-12-12 11:58:30-493,2016-12-12 11:58:30-606
Success : CREATE_FILE : test2\a94a8fe5ccb19ba6\67AEA48E4CC6D7F5,0:542809,2016-12-12 11:58:30-727,2016-12-12 11:58:31-487
Success : LS : test2\a94a8fe5ccb19ba6\,0:-1,2016-12-12 11:58:31-603,2016-12-12 11:58:31-730
Success : CREATE_FILE : test2\a94a8fe5ccb19ba6\54632640466A42D8,0:2013972,2016-12-12 11:58:31-835,2016-12-12 11:58:33-765
Success : RANDOM_READ : test1\c5a5e5562b038073\c7abaf0419c47a1d,636887:673751,2016-12-12 11:58:33-883,2016-12-12 11:58:33-959
Success : LS : test1\f71b43c3136efa4f\52481749c0cdecd6\,0:-1,2016-12-12 11:58:34-042,2016-12-12 11:58:34-125
Success : LS : test2\a94a8fe5ccb19ba6\,0:-1,2016-12-12 11:58:34-211,2016-12-12 11:58:34-336
Success : CREATE_FILE : test2\a94a8fe5ccb19ba6\1B587ACD4C07163F,0:3811170,2016-12-12 11:58:34-450,2016-12-12 11:58:38-593
Success : LS : test2\a94a8fe5ccb19ba6\,0:-1,2016-12-12 11:58:38-719,2016-12-12 11:58:38-850
Success : CREATE_FILE : test2\a94a8fe5ccb19ba6\2a5bd02710e975a7\3AF2E33B3C32162D,0:145995,2016-12-12 11:58:38-975,2016-12-12 11:58:39-574
Success : LS : test2\a94a8fe5ccb19ba6\2a5bd02710e975a7\,0:-1,2016-12-12 11:58:39-699,2016-12-12 11:58:39-812
Success : CREATE_FILE : test2\a94a8fe5ccb19ba6\00FCBD66028D641E,0:1177855,2016-12-12 11:58:39-906,2016-12-12 11:58:41-098
Success : LS : test2\a94a8fe5ccb19ba6\,0:-1,2016-12-12 11:58:41-222,2016-12-12 11:58:41-323
Success : CREATE_FILE : test2\a94a8fe5ccb19ba6\2a5bd02710e975a7\797A1B6B366818D8,0:1528950,2016-12-12 11:58:41-436,2016-12-12 11:58:42-965
Success : LS : test2\a94a8fe5ccb19ba6\,0:-1,2016-12-12 11:58:43-090,2016-12-12 11:58:43-191
Success : LS : test1\c5a5e5562b038073\,0:-1,2016-12-12 11:58:43-303,2016-12-12 11:58:43-373
Success : LS : test1\f71b43c3136efa4f\83404ffd78f534ff\,0:-1,2016-12-12 11:58:43-492,2016-12-12 11:58:43-565
Success : LS : test1\f71b43c3136efa4f\,0:-1,2016-12-12 11:58:43-640,2016-12-12 11:58:43-703
Success : LS : test2\a94a8fe5ccb19ba6\2a5bd02710e975a7\,0:-1,2016-12-12 11:58:43-776,2016-12-12 11:58:43-885
Success : CREATE_FILE : test2\a94a8fe5ccb19ba6\2a5bd02710e975a7\33EC3DC55563885E,0:839419,2016-12-12 11:58:43-974,2016-12-12 11:58:45-000
Success : LS : test1\f71b43c3136efa4f\52481749c0cdecd6\,0:-1,2016-12-12 11:58:45-097,2016-12-12 11:58:45-158
Success : LS : test1\f71b43c3136efa4f\52481749c0cdecd6\,0:-1,2016-12-12 11:58:45-233,2016-12-12 11:58:45-331
Success : RANDOM_READ : test2\a94a8fe5ccb19ba6\4b6fcb2d521ef0fd,973:973,2016-12-12 11:58:45-416,2016-12-12 11:58:45-515
Success : LS : test1\f71b43c3136efa4f\,0:-1,2016-12-12 11:58:45-602,2016-12-12 11:58:45-703
Success : SEQ_READ : test1\c5a5e5562b038073\fbe0d7653f0909cb,1201:1201,2016-12-12 11:58:45-798,2016-12-12 11:58:45-865
Success : LS : test2\a94a8fe5ccb19ba6\2a5bd02710e975a7\,0:-1,2016-12-12 11:58:45-940,2016-12-12 11:58:46-033
Success : CREATE_FILE : test2\a94a8fe5ccb19ba6\2a5bd02710e975a7\2F69B62974792915,0:2793568,2016-12-12 11:58:46-139,2016-12-12 11:58:49-970
Success : RANDOM_READ : test1\c5a5e5562b038073\738537f9a40e568b,3044:17380,2016-12-12 11:58:50-090,2016-12-12 11:58:50-191
Success : LS : test1\c5a5e5562b038073\0189424a5a60fed3\,0:-1,2016-12-12 11:58:50-280,2016-12-12 11:58:50-345
Success : SEQ_READ : test2\49f03965cf98b1f5,649:649,2016-12-12 11:58:50-463,2016-12-12 11:58:50-532
Success : LS : test2\a94a8fe5ccb19ba6\2a5bd02710e975a7\,0:-1,2016-12-12 11:58:50-656,2016-12-12 11:58:50-760
Success : CREATE_FILE : test2\a94a8fe5ccb19ba6\275F94E823F361DD,0:848231,2016-12-12 11:58:50-846,2016-12-12 11:58:51-641
Success : LS : test2\a94a8fe5ccb19ba6\,0:-1,2016-12-12 11:58:51-756,2016-12-12 11:58:51-847
Success : CREATE_FILE : test2\a94a8fe5ccb19ba6\2a5bd02710e975a7\509D00C22C2A054E,0:189413,2016-12-12 11:58:51-926,2016-12-12 11:58:52-745
Success : LS : test2\a94a8fe5ccb19ba6\2a5bd02710e975a7\,0:-1,2016-12-12 11:58:52-869,2016-12-12 11:58:52-954
Success : CREATE_FILE : test2\a94a8fe5ccb19ba6\2a5bd02710e975a7\7890BD1A053EC221,0:963533,2016-12-12 11:58:53-031,2016-12-12 11:58:54-023
Success : RANDOM_READ : test1\f71b43c3136efa4f\9f93e73d6896cb7b\6670af231c096f09,0:129,2016-12-12 11:58:54-115,2016-12-12 11:58:54-175
Success : LS : test1\c5a5e5562b038073\,0:-1,2016-12-12 11:58:54-249,2016-12-12 11:58:54-344
Success : LS : test1\c5a5e5562b038073\a39ea9c72a98de10\,0:-1,2016-12-12 11:58:54-439,2016-12-12 11:58:54-543
Success : LS : test1\f71b43c3136efa4f\83404ffd78f534ff\,0:-1,2016-12-12 11:58:54-638,2016-12-12 11:58:54-701
Success : LS : test2\a94a8fe5ccb19ba6\,0:-1,2016-12-12 11:58:54-803,2016-12-12 11:58:54-891
Success : LS : test2\a94a8fe5ccb19ba6\2a5bd02710e975a7\,0:-1,2016-12-12 11:58:55-013,2016-12-12 11:58:55-087
Success : CREATE_FILE : test2\a94a8fe5ccb19ba6\3151B39525C2D1A2,0:2369248,2016-12-12 11:58:55-172,2016-12-12 11:58:57-424
Success : LS : test2\a94a8fe5ccb19ba6\,0:-1,2016-12-12 11:58:57-548,2016-12-12 11:58:57-645
Success : CREATE_FILE : test2\a94a8fe5ccb19ba6\2a5bd02710e975a7\189F39870E1D1B99,0:2460222,2016-12-12 11:58:57-746,2016-12-12 11:59:00-303
Success : LS : test1\c5a5e5562b038073\a39ea9c72a98de10\,0:-1,2016-12-12 11:59:00-424,2016-12-12 11:59:00-498
Success : LS : test1\f71b43c3136efa4f\c7d9912886e5ccc7\,0:-1,2016-12-12 11:59:00-594,2016-12-12 11:59:00-657
Success : LS : test2\a94a8fe5ccb19ba6\2a5bd02710e975a7\,0:-1,2016-12-12 11:59:00-748,2016-12-12 11:59:00-821
Success : CREATE_FILE : test2\a94a8fe5ccb19ba6\2a5bd02710e975a7\2AE59565536ACE4E,0:2215869,2016-12-12 11:59:00-943,2016-12-12 11:59:03-141
Success : LS : test2\a94a8fe5ccb19ba6\2a5bd02710e975a7\,0:-1,2016-12-12 11:59:03-224,2016-12-12 11:59:03-298
Success : CREATE_FILE : test2\a94a8fe5ccb19ba6\6951417A6892137E,0:1090911,2016-12-12 11:59:03-410,2016-12-12 11:59:04-228
Success : LS : test2\a94a8fe5ccb19ba6\,0:-1,2016-12-12 11:59:04-347,2016-12-12 11:59:04-445
Success : CREATE_FILE : test2\a94a8fe5ccb19ba6\7A4172B51F1C39A5,0:3404171,2016-12-12 11:59:04-563,2016-12-12 11:59:08-251
Success : LS : test2\a94a8fe5ccb19ba6\,0:-1,2016-12-12 11:59:08-373,2016-12-12 11:59:08-472
Success : CREATE_FILE : test2\a94a8fe5ccb19ba6\59ED332F231DDD41,0:3215961,2016-12-12 11:59:08-577,2016-12-12 11:59:11-814
Success : SEQ_READ : test1\c5a5e5562b038073\6670af231c096f09,0:46,2016-12-12 11:59:11-938,2016-12-12 11:59:12-005
Success : LS : test1\c5a5e5562b038073\0189424a5a60fed3\,0:-1,2016-12-12 11:59:12-107,2016-12-12 11:59:12-192
Success : LS : test2\a94a8fe5ccb19ba6\,0:-1,2016-12-12 11:59:12-268,2016-12-12 11:59:12-357
Success : CREATE_FILE : test2\a94a8fe5ccb19ba6\3D7960ED60AFF905,0:2846503,2016-12-12 11:59:12-454,2016-12-12 11:59:15-119
Success : LS : test2\a94a8fe5ccb19ba6\,0:-1,2016-12-12 11:59:15-196,2016-12-12 11:59:15-281
Success : CREATE_FILE : test2\a94a8fe5ccb19ba6\2a5bd02710e975a7\73ABBE9869F02280,0:480687,2016-12-12 11:59:15-356,2016-12-12 11:59:16-002
Success : LS : test2\a94a8fe5ccb19ba6\2a5bd02710e975a7\,0:-1,2016-12-12 11:59:16-129,2016-12-12 11:59:16-213
Success : CREATE_FILE : test2\a94a8fe5ccb19ba6\2a5bd02710e975a7\0E467BE227FB889D,0:3657718,2016-12-12 11:59:16-341,2016-12-12 11:59:20-142
Success : LS : test2\a94a8fe5ccb19ba6\2a5bd02710e975a7\,0:-1,2016-12-12 11:59:20-262,2016-12-12 11:59:20-374
Success : CREATE_FILE : test2\a94a8fe5ccb19ba6\1D0F593B76C25157,0:528454,2016-12-12 11:59:20-478,2016-12-12 11:59:21-216
Success : LS : test2\a94a8fe5ccb19ba6\,0:-1,2016-12-12 11:59:21-291,2016-12-12 11:59:21-377
Success : CREATE_FILE : test2\a94a8fe5ccb19ba6\3B62BB5E6D260FA9,0:2748622,2016-12-12 11:59:21-469,2016-12-12 11:59:24-076
Success : LS : test1\c5a5e5562b038073\0189424a5a60fed3\,0:-1,2016-12-12 11:59:24-167,2016-12-12 11:59:24-233
Success : LS : test2\a94a8fe5ccb19ba6\,0:-1,2016-12-12 11:59:24-338,2016-12-12 11:59:24-453
Success : LS : test1\f71b43c3136efa4f\9f93e73d6896cb7b\,0:-1,2016-12-12 11:59:24-576,2016-12-12 11:59:24-654
Success : LS : test1\c5a5e5562b038073\a39ea9c72a98de10\,0:-1,2016-12-12 11:59:24-749,2016-12-12 11:59:24-835
Success : LS : test2\a94a8fe5ccb19ba6\,0:-1,2016-12-12 11:59:24-955,2016-12-12 11:59:25-132
Success : CREATE_FILE : test2\a94a8fe5ccb19ba6\7CF23D3C0AF4AECC,0:1123845,2016-12-12 11:59:25-247,2016-12-12 11:59:26-318
Success : LS : test2\a94a8fe5ccb19ba6\,0:-1,2016-12-12 11:59:26-443,2016-12-12 11:59:26-543
Success : CREATE_FILE : test2\a94a8fe5ccb19ba6\2B374EA86BE26012,0:3697785,2016-12-12 11:59:26-652,2016-12-12 11:59:30-395
Success : LS : test1\f71b43c3136efa4f\,0:-1,2016-12-12 11:59:30-469,2016-12-12 11:59:30-536
Success : LS : test1\f71b43c3136efa4f\c7d9912886e5ccc7\,0:-1,2016-12-12 11:59:30-609,2016-12-12 11:59:30-676
Success : LS : test2\a94a8fe5ccb19ba6\,0:-1,2016-12-12 11:59:30-753,2016-12-12 11:59:30-861
Success : LS : test2\a94a8fe5ccb19ba6\,0:-1,2016-12-12 11:59:30-972,2016-12-12 11:59:31-086
Success : CREATE_FILE : test2\a94a8fe5ccb19ba6\57692E0142ED10D6,0:3731842,2016-12-12 11:59:31-177,2016-12-12 11:59:34-901
Success : LS : test2\a94a8fe5ccb19ba6\,0:-1,2016-12-12 11:59:35-025,2016-12-12 11:59:35-154
Success : CREATE_FILE : test2\a94a8fe5ccb19ba6\2a5bd02710e975a7\65D5E51B05AB04CB,0:1596592,2016-12-12 11:59:35-278,2016-12-12 11:59:36-831
Success : LS : test2\a94a8fe5ccb19ba6\2a5bd02710e975a7\,0:-1,2016-12-12 11:59:36-953,2016-12-12 11:59:37-066
Success : CREATE_FILE : test2\a94a8fe5ccb19ba6\0D191EAB13EA4DC9,0:2120574,2016-12-12 11:59:37-175,2016-12-12 11:59:39-103
Success : LS : test2\a94a8fe5ccb19ba6\,0:-1,2016-12-12 11:59:39-183,2016-12-12 11:59:39-265
Success : LS : test1\c5a5e5562b038073\,0:-1,2016-12-12 11:59:39-342,2016-12-12 11:59:39-446
Success : LS : test1\f71b43c3136efa4f\52481749c0cdecd6\,0:-1,2016-12-12 11:59:39-542,2016-12-12 11:59:39-615
Success : LS : test2\a94a8fe5ccb19ba6\,0:-1,2016-12-12 11:59:39-689,2016-12-12 11:59:39-774
Success : CREATE_FILE : test2\a94a8fe5ccb19ba6\2a5bd02710e975a7\21287CEA2D3CC896,0:226122,2016-12-12 11:59:39-855,2016-12-12 11:59:41-081
Success : LS : test2\a94a8fe5ccb19ba6\2a5bd02710e975a7\,0:-1,2016-12-12 11:59:41-206,2016-12-12 11:59:41-290
Success : CREATE_FILE : test2\a94a8fe5ccb19ba6\2a5bd02710e975a7\0EADA7904CF9D6E1,0:815288,2016-12-12 11:59:41-401,2016-12-12 11:59:42-213
Success : LS : test2\a94a8fe5ccb19ba6\2a5bd02710e975a7\,0:-1,2016-12-12 11:59:42-326,2016-12-12 11:59:42-407
Success : CREATE_FILE : test2\a94a8fe5ccb19ba6\2E2713CD76F97940,0:2263304,2016-12-12 11:59:42-506,2016-12-12 11:59:44-579
Fail : LS : test1,0:-1,2016-12-12 11:59:44-704,2016-12-12 11:59:44-705
Reason : java.lang.StringIndexOutOfBoundsException: String index out of range: -2
Success : LS : test1\f71b43c3136efa4f\83404ffd78f534ff\,0:-1,2016-12-12 11:59:44-821,2016-12-12 11:59:44-927
Success : LS : test2\a94a8fe5ccb19ba6\,0:-1,2016-12-12 11:59:45-025,2016-12-12 11:59:45-112
Success : CREATE_FILE : test2\a94a8fe5ccb19ba6\7C4309541597E83C,0:1263346,2016-12-12 11:59:45-191,2016-12-12 11:59:46-278
Success : LS : test2\a94a8fe5ccb19ba6\,0:-1,2016-12-12 11:59:46-401,2016-12-12 11:59:46-614
Success : CREATE_FILE : test2\a94a8fe5ccb19ba6\2E469BC223CD105D,0:2291987,2016-12-12 11:59:46-775,2016-12-12 11:59:48-896
Success : LS : test1\f71b43c3136efa4f\c7d9912886e5ccc7\,0:-1,2016-12-12 11:59:49-016,2016-12-12 11:59:49-088
Success : RANDOM_READ : test1\f71b43c3136efa4f\9f93e73d6896cb7b\6670af231c096f09,0:129,2016-12-12 11:59:49-164,2016-12-12 11:59:49-265
Success : LS : test2\a94a8fe5ccb19ba6\,0:-1,2016-12-12 11:59:49-388,2016-12-12 11:59:49-489
Success : CREATE_FILE : test2\a94a8fe5ccb19ba6\2a5bd02710e975a7\101A63E403080C64,0:3821431,2016-12-12 11:59:49-602,2016-12-12 11:59:53-302
Success : LS : test2\a94a8fe5ccb19ba6\2a5bd02710e975a7\,0:-1,2016-12-12 11:59:53-427,2016-12-12 11:59:53-518
Success : CREATE_FILE : test2\a94a8fe5ccb19ba6\392C778C6DD9A6C6,0:1860098,2016-12-12 11:59:53-598,2016-12-12 11:59:55-191
Success : RANDOM_READ : test1\c5a5e5562b038073\c7734a16bf12bb03,73398:81590,2016-12-12 11:59:55-315,2016-12-12 11:59:55-424
Success : LS : test2\a94a8fe5ccb19ba6\,0:-1,2016-12-12 11:59:55-524,2016-12-12 11:59:55-617
Success : CREATE_FILE : test2\a94a8fe5ccb19ba6\6AC70249494D99D3,0:1227121,2016-12-12 11:59:55-719,2016-12-12 11:59:56-967
Success : LS : test2\a94a8fe5ccb19ba6\,0:-1,2016-12-12 11:59:57-083,2016-12-12 11:59:57-178
Success : CREATE_FILE : test2\a94a8fe5ccb19ba6\731FBA3D7388086C,0:807549,2016-12-12 11:59:57-252,2016-12-12 11:59:58-221
Success : LS : test2\a94a8fe5ccb19ba6\,0:-1,2016-12-12 11:59:58-346,2016-12-12 11:59:58-478
Success : CREATE_FILE : test2\a94a8fe5ccb19ba6\433ACC3159E5EC64,0:1913612,2016-12-12 11:59:58-599,2016-12-12 12:00:00-267
Success : LS : test2\a94a8fe5ccb19ba6\,0:-1,2016-12-12 12:00:00-341,2016-12-12 12:00:00-424
Success : CREATE_FILE : test2\a94a8fe5ccb19ba6\2a5bd02710e975a7\27F13C491C3FC42D,0:807563,2016-12-12 12:00:00-498,2016-12-12 12:00:01-291
Success : LS : test2\a94a8fe5ccb19ba6\2a5bd02710e975a7\,0:-1,2016-12-12 12:00:01-422,2016-12-12 12:00:01-503
