Fail : DELETE : test2\49f03965cf98b1f5,0:1634,2016-12-12 09:51:25-787,2016-12-12 09:51:25-949
Reason : hadoop4j.NoImplementionException: not supported by openstack
Fail : LS : test2,0:-1,2016-12-12 09:51:26-040,2016-12-12 09:51:26-040
Reason : java.lang.StringIndexOutOfBoundsException: String index out of range: -2
Success : CREATE_FILE : test2\a94a8fe5ccb19ba6\7ABBABE9755FA0F1,0:1720,2016-12-12 09:51:26-166,2016-12-12 09:51:26-626
Fail : LS : test2\a94a8fe5ccb19ba6\,0:-1,2016-12-12 09:51:26-752,2016-12-12 09:51:26-870
Reason : hadoop4j.NoImplementionException: not supported by openstack
Fail : DELETE : test2\6c33a983eec1b409,0:2291,2016-12-12 09:51:26-965,2016-12-12 09:51:27-069
Reason : hadoop4j.NoImplementionException: not supported by openstack
Fail : LS : test2,0:-1,2016-12-12 09:51:27-164,2016-12-12 09:51:27-164
Reason : java.lang.StringIndexOutOfBoundsException: String index out of range: -2
Fail : DELETE : test2\acde102dac5bbe15,0:6030,2016-12-12 09:51:27-290,2016-12-12 09:51:27-359
Reason : hadoop4j.NoImplementionException: not supported by openstack
Fail : LS : test2,0:-1,2016-12-12 09:51:27-454,2016-12-12 09:51:27-454
Reason : java.lang.StringIndexOutOfBoundsException: String index out of range: -2
Fail : DELETE : test2\bc9c8ba7ff351f3e,0:217984,2016-12-12 09:51:27-550,2016-12-12 09:51:27-617
Reason : hadoop4j.NoImplementionException: not supported by openstack
Fail : LS : test2,0:-1,2016-12-12 09:51:27-693,2016-12-12 09:51:27-693
Reason : java.lang.StringIndexOutOfBoundsException: String index out of range: -2
Fail : DELETE : test2\1a7683b6645f9b6a,0:14529,2016-12-12 09:51:27-814,2016-12-12 09:51:27-887
Reason : hadoop4j.NoImplementionException: not supported by openstack
Fail : LS : test2,0:-1,2016-12-12 09:51:27-973,2016-12-12 09:51:27-973
Reason : java.lang.StringIndexOutOfBoundsException: String index out of range: -2
Success : CREATE_FILE : test2\a94a8fe5ccb19ba6\2a5bd02710e975a7\7450F04139EFDAE1,0:2290,2016-12-12 09:51:28-088,2016-12-12 09:51:29-061
Fail : LS : test2\a94a8fe5ccb19ba6\2a5bd02710e975a7\,0:-1,2016-12-12 09:51:29-187,2016-12-12 09:51:29-288
Reason : hadoop4j.NoImplementionException: not supported by openstack
Fail : DELETE : test2\a94a8fe5ccb19ba6\2a5bd02710e975a7\3eef580036f1724a,0:257,2016-12-12 09:51:29-377,2016-12-12 09:51:29-483
Reason : hadoop4j.NoImplementionException: not supported by openstack
Fail : LS : test2\a94a8fe5ccb19ba6\2a5bd02710e975a7\,0:-1,2016-12-12 09:51:29-583,2016-12-12 09:51:29-689
Reason : hadoop4j.NoImplementionException: not supported by openstack
Fail : DELETE : test2\a94a8fe5ccb19ba6\2a5bd02710e975a7\178db47a574c645f,0:257,2016-12-12 09:51:29-832,2016-12-12 09:51:29-925
Reason : hadoop4j.NoImplementionException: not supported by openstack
Fail : LS : test2\a94a8fe5ccb19ba6\2a5bd02710e975a7\,0:-1,2016-12-12 09:51:30-015,2016-12-12 09:51:30-115
Reason : hadoop4j.NoImplementionException: not supported by openstack
Fail : DELETE : test2\8da7cc13802eefe0,0:2291,2016-12-12 09:51:30-242,2016-12-12 09:51:30-807
Reason : hadoop4j.NoImplementionException: not supported by openstack
Fail : LS : test2,0:-1,2016-12-12 09:51:30-883,2016-12-12 09:51:30-883
Reason : java.lang.StringIndexOutOfBoundsException: String index out of range: -2
Success : DELETE : test2\a94a8fe5ccb19ba6\7ABBABE9755FA0F1,0:0,2016-12-12 09:51:31-004,2016-12-12 09:51:31-949
Fail : LS : test2\a94a8fe5ccb19ba6\,0:-1,2016-12-12 09:51:32-078,2016-12-12 09:51:32-209
Reason : hadoop4j.NoImplementionException: not supported by openstack
Success : CREATE_FILE : test2\a94a8fe5ccb19ba6\2a5bd02710e975a7\11F4DCCD70472926,0:1008,2016-12-12 09:51:32-309,2016-12-12 09:51:32-755
Fail : LS : test2\a94a8fe5ccb19ba6\2a5bd02710e975a7\,0:-1,2016-12-12 09:51:32-899,2016-12-12 09:51:33-000
Reason : hadoop4j.NoImplementionException: not supported by openstack
Success : CREATE_FILE : test2\a94a8fe5ccb19ba6\2a5bd02710e975a7\2B9FB4D42C392C2C,0:2401,2016-12-12 09:51:33-092,2016-12-12 09:51:33-473
Fail : LS : test2\a94a8fe5ccb19ba6\2a5bd02710e975a7\,0:-1,2016-12-12 09:51:33-600,2016-12-12 09:51:33-694
Reason : hadoop4j.NoImplementionException: not supported by openstack
Success : DELETE : test2\a94a8fe5ccb19ba6\2a5bd02710e975a7\7450F04139EFDAE1,0:0,2016-12-12 09:51:33-779,2016-12-12 09:51:33-910
Fail : LS : test2\a94a8fe5ccb19ba6\2a5bd02710e975a7\,0:-1,2016-12-12 09:51:34-033,2016-12-12 09:51:34-138
Reason : hadoop4j.NoImplementionException: not supported by openstack
Success : CREATE_FILE : test2\a94a8fe5ccb19ba6\2a5bd02710e975a7\5BA58B9900D0BC45,0:3172,2016-12-12 09:51:34-259,2016-12-12 09:51:35-062
Fail : LS : test2\a94a8fe5ccb19ba6\2a5bd02710e975a7\,0:-1,2016-12-12 09:51:35-185,2016-12-12 09:51:35-259
Reason : hadoop4j.NoImplementionException: not supported by openstack
Fail : DELETE : test2\a94a8fe5ccb19ba6\4b6fcb2d521ef0fd,0:2291,2016-12-12 09:51:35-377,2016-12-12 09:51:35-446
Reason : hadoop4j.NoImplementionException: not supported by openstack
Fail : LS : test2\a94a8fe5ccb19ba6\,0:-1,2016-12-12 09:51:35-553,2016-12-12 09:51:35-666
Reason : hadoop4j.NoImplementionException: not supported by openstack
Success : CREATE_FILE : test2\a94a8fe5ccb19ba6\2a5bd02710e975a7\26B0481C437C4C70,0:3451,2016-12-12 09:51:35-764,2016-12-12 09:51:36-185
Fail : LS : test2\a94a8fe5ccb19ba6\2a5bd02710e975a7\,0:-1,2016-12-12 09:51:36-305,2016-12-12 09:51:36-376
Reason : hadoop4j.NoImplementionException: not supported by openstack
Success : CREATE_FILE : test2\a94a8fe5ccb19ba6\2a5bd02710e975a7\402A513561E6F515,0:1144,2016-12-12 09:51:36-459,2016-12-12 09:51:36-830
Fail : LS : test2\a94a8fe5ccb19ba6\2a5bd02710e975a7\,0:-1,2016-12-12 09:51:36-956,2016-12-12 09:51:37-030
Reason : hadoop4j.NoImplementionException: not supported by openstack
Success : CREATE_FILE : test2\a94a8fe5ccb19ba6\09039889089945F0,0:993,2016-12-12 09:51:37-141,2016-12-12 09:51:37-603
Fail : LS : test2\a94a8fe5ccb19ba6\,0:-1,2016-12-12 09:51:37-729,2016-12-12 09:51:37-807
Reason : hadoop4j.NoImplementionException: not supported by openstack
Success : CREATE_FILE : test2\a94a8fe5ccb19ba6\4B9D245479DC5A3D,0:351,2016-12-12 09:51:37-923,2016-12-12 09:51:38-323
Fail : LS : test2\a94a8fe5ccb19ba6\,0:-1,2016-12-12 09:51:38-450,2016-12-12 09:51:38-525
Reason : hadoop4j.NoImplementionException: not supported by openstack
Success : DELETE : test2\a94a8fe5ccb19ba6\09039889089945F0,0:0,2016-12-12 09:51:38-623,2016-12-12 09:51:38-922
Fail : LS : test2\a94a8fe5ccb19ba6\,0:-1,2016-12-12 09:51:39-048,2016-12-12 09:51:39-122
Reason : hadoop4j.NoImplementionException: not supported by openstack
Success : CREATE_FILE : test2\a94a8fe5ccb19ba6\2a5bd02710e975a7\63AC5685251A1A44,0:203,2016-12-12 09:51:39-226,2016-12-12 09:51:39-844
Fail : LS : test2\a94a8fe5ccb19ba6\2a5bd02710e975a7\,0:-1,2016-12-12 09:51:39-971,2016-12-12 09:51:40-056
Reason : hadoop4j.NoImplementionException: not supported by openstack
Success : CREATE_FILE : test2\a94a8fe5ccb19ba6\292CEB063C52EE99,0:324,2016-12-12 09:51:40-148,2016-12-12 09:51:40-524
Fail : LS : test2\a94a8fe5ccb19ba6\,0:-1,2016-12-12 09:51:40-650,2016-12-12 09:51:40-733
Reason : hadoop4j.NoImplementionException: not supported by openstack
Success : CREATE_FILE : test2\a94a8fe5ccb19ba6\65B14A5C2D1D3164,0:1412,2016-12-12 09:51:40-830,2016-12-12 09:51:41-194
Fail : LS : test2\a94a8fe5ccb19ba6\,0:-1,2016-12-12 09:51:41-317,2016-12-12 09:51:41-390
Reason : hadoop4j.NoImplementionException: not supported by openstack
Success : DELETE : test2\a94a8fe5ccb19ba6\2a5bd02710e975a7\63AC5685251A1A44,0:0,2016-12-12 09:51:41-516,2016-12-12 09:51:41-645
Fail : LS : test2\a94a8fe5ccb19ba6\2a5bd02710e975a7\,0:-1,2016-12-12 09:51:41-780,2016-12-12 09:51:41-853
Reason : hadoop4j.NoImplementionException: not supported by openstack
Success : CREATE_FILE : test2\a94a8fe5ccb19ba6\5F8B659359ADFAFC,0:2040,2016-12-12 09:51:41-970,2016-12-12 09:51:42-421
Fail : LS : test2\a94a8fe5ccb19ba6\,0:-1,2016-12-12 09:51:42-507,2016-12-12 09:51:42-579
Reason : hadoop4j.NoImplementionException: not supported by openstack
Success : DELETE : test2\a94a8fe5ccb19ba6\65B14A5C2D1D3164,0:0,2016-12-12 09:51:42-655,2016-12-12 09:51:42-808
Fail : LS : test2\a94a8fe5ccb19ba6\,0:-1,2016-12-12 09:51:42-916,2016-12-12 09:51:42-992
Reason : hadoop4j.NoImplementionException: not supported by openstack
Success : CREATE_FILE : test2\a94a8fe5ccb19ba6\2a5bd02710e975a7\0D90E1BC5F555E01,0:1068,2016-12-12 09:51:43-071,2016-12-12 09:51:43-443
Fail : LS : test2\a94a8fe5ccb19ba6\2a5bd02710e975a7\,0:-1,2016-12-12 09:51:43-560,2016-12-12 09:51:43-659
Reason : hadoop4j.NoImplementionException: not supported by openstack
Success : DELETE : test2\a94a8fe5ccb19ba6\5F8B659359ADFAFC,0:0,2016-12-12 09:51:43-755,2016-12-12 09:51:43-859
Fail : LS : test2\a94a8fe5ccb19ba6\,0:-1,2016-12-12 09:51:43-967,2016-12-12 09:51:44-035
Reason : hadoop4j.NoImplementionException: not supported by openstack
Success : DELETE : test2\a94a8fe5ccb19ba6\2a5bd02710e975a7\11F4DCCD70472926,0:0,2016-12-12 09:51:44-113,2016-12-12 09:51:44-231
Fail : LS : test2\a94a8fe5ccb19ba6\2a5bd02710e975a7\,0:-1,2016-12-12 09:51:44-323,2016-12-12 09:51:44-419
Reason : hadoop4j.NoImplementionException: not supported by openstack
Success : CREATE_FILE : test2\a94a8fe5ccb19ba6\0387EB5579F7E55D,0:893,2016-12-12 09:51:44-515,2016-12-12 09:51:44-886
Fail : LS : test2\a94a8fe5ccb19ba6\,0:-1,2016-12-12 09:51:45-003,2016-12-12 09:51:45-086
Reason : hadoop4j.NoImplementionException: not supported by openstack
Success : DELETE : test2\a94a8fe5ccb19ba6\2a5bd02710e975a7\0D90E1BC5F555E01,0:0,2016-12-12 09:51:45-169,2016-12-12 09:51:45-288
Fail : LS : test2\a94a8fe5ccb19ba6\2a5bd02710e975a7\,0:-1,2016-12-12 09:51:45-379,2016-12-12 09:51:45-453
Reason : hadoop4j.NoImplementionException: not supported by openstack
Success : CREATE_FILE : test2\a94a8fe5ccb19ba6\741D446537121BB1,0:2751,2016-12-12 09:51:45-540,2016-12-12 09:51:45-901
Fail : LS : test2\a94a8fe5ccb19ba6\,0:-1,2016-12-12 09:51:46-025,2016-12-12 09:51:46-092
Reason : hadoop4j.NoImplementionException: not supported by openstack
Success : DELETE : test2\a94a8fe5ccb19ba6\4B9D245479DC5A3D,0:0,2016-12-12 09:51:46-209,2016-12-12 09:51:46-366
Fail : LS : test2\a94a8fe5ccb19ba6\,0:-1,2016-12-12 09:51:46-491,2016-12-12 09:51:46-566
Reason : hadoop4j.NoImplementionException: not supported by openstack
Success : DELETE : test2\a94a8fe5ccb19ba6\0387EB5579F7E55D,0:0,2016-12-12 09:51:46-645,2016-12-12 09:51:46-789
Fail : LS : test2\a94a8fe5ccb19ba6\,0:-1,2016-12-12 09:51:46-915,2016-12-12 09:51:47-020
Reason : hadoop4j.NoImplementionException: not supported by openstack
Success : CREATE_FILE : test2\a94a8fe5ccb19ba6\3F09DA7D355701B5,0:467,2016-12-12 09:51:47-114,2016-12-12 09:51:47-594
Fail : LS : test2\a94a8fe5ccb19ba6\,0:-1,2016-12-12 09:51:47-720,2016-12-12 09:51:47-827
Reason : hadoop4j.NoImplementionException: not supported by openstack
Success : DELETE : test2\a94a8fe5ccb19ba6\2a5bd02710e975a7\26B0481C437C4C70,0:0,2016-12-12 09:51:47-953,2016-12-12 09:51:48-101
Fail : LS : test2\a94a8fe5ccb19ba6\2a5bd02710e975a7\,0:-1,2016-12-12 09:51:48-226,2016-12-12 09:51:48-309
Reason : hadoop4j.NoImplementionException: not supported by openstack
Success : DELETE : test2\a94a8fe5ccb19ba6\2a5bd02710e975a7\402A513561E6F515,0:0,2016-12-12 09:51:48-392,2016-12-12 09:51:48-517
Fail : LS : test2\a94a8fe5ccb19ba6\2a5bd02710e975a7\,0:-1,2016-12-12 09:51:48-603,2016-12-12 09:51:48-673
Reason : hadoop4j.NoImplementionException: not supported by openstack
Success : DELETE : test2\a94a8fe5ccb19ba6\2a5bd02710e975a7\2B9FB4D42C392C2C,0:0,2016-12-12 09:51:48-749,2016-12-12 09:51:48-868
Fail : LS : test2\a94a8fe5ccb19ba6\2a5bd02710e975a7\,0:-1,2016-12-12 09:51:48-974,2016-12-12 09:51:49-047
Reason : hadoop4j.NoImplementionException: not supported by openstack
Success : DELETE : test2\a94a8fe5ccb19ba6\2a5bd02710e975a7\5BA58B9900D0BC45,0:0,2016-12-12 09:51:49-154,2016-12-12 09:51:49-266
Fail : LS : test2\a94a8fe5ccb19ba6\2a5bd02710e975a7\,0:-1,2016-12-12 09:51:49-374,2016-12-12 09:51:49-446
Reason : hadoop4j.NoImplementionException: not supported by openstack
Success : DELETE : test2\a94a8fe5ccb19ba6\292CEB063C52EE99,0:0,2016-12-12 09:51:49-523,2016-12-12 09:51:49-670
Fail : LS : test2\a94a8fe5ccb19ba6\,0:-1,2016-12-12 09:51:49-794,2016-12-12 09:51:49-869
Reason : hadoop4j.NoImplementionException: not supported by openstack
Success : CREATE_FILE : test2\a94a8fe5ccb19ba6\2a5bd02710e975a7\274DB5F1088586C3,0:1121,2016-12-12 09:51:49-989,2016-12-12 09:51:50-416
Fail : LS : test2\a94a8fe5ccb19ba6\2a5bd02710e975a7\,0:-1,2016-12-12 09:51:50-541,2016-12-12 09:51:50-645
Reason : hadoop4j.NoImplementionException: not supported by openstack
Fail : DELETE : test2\a94a8fe5ccb19ba6\2a5bd02710e975a7\254d76d2609fec03,0:2291,2016-12-12 09:51:50-766,2016-12-12 09:51:50-835
Reason : hadoop4j.NoImplementionException: not supported by openstack
Fail : LS : test2\a94a8fe5ccb19ba6\2a5bd02710e975a7\,0:-1,2016-12-12 09:51:50-960,2016-12-12 09:51:51-068
Reason : hadoop4j.NoImplementionException: not supported by openstack
Success : DELETE : test2\a94a8fe5ccb19ba6\3F09DA7D355701B5,0:0,2016-12-12 09:51:51-192,2016-12-12 09:51:51-325
Fail : LS : test2\a94a8fe5ccb19ba6\,0:-1,2016-12-12 09:51:51-425,2016-12-12 09:51:51-502
Reason : hadoop4j.NoImplementionException: not supported by openstack
Success : CREATE_FILE : test2\a94a8fe5ccb19ba6\2a5bd02710e975a7\292097757A6B9D29,0:677,2016-12-12 09:51:51-595,2016-12-12 09:51:51-997
Fail : LS : test2\a94a8fe5ccb19ba6\2a5bd02710e975a7\,0:-1,2016-12-12 09:51:52-110,2016-12-12 09:51:52-177
Reason : hadoop4j.NoImplementionException: not supported by openstack
Success : DELETE : test2\a94a8fe5ccb19ba6\2a5bd02710e975a7\274DB5F1088586C3,0:0,2016-12-12 09:51:52-287,2016-12-12 09:51:52-404
Fail : LS : test2\a94a8fe5ccb19ba6\2a5bd02710e975a7\,0:-1,2016-12-12 09:51:52-512,2016-12-12 09:51:52-580
Reason : hadoop4j.NoImplementionException: not supported by openstack
Success : CREATE_FILE : test2\a94a8fe5ccb19ba6\12E2370D391C72BD,0:2242,2016-12-12 09:51:52-696,2016-12-12 09:51:53-122
Fail : LS : test2\a94a8fe5ccb19ba6\,0:-1,2016-12-12 09:51:53-231,2016-12-12 09:51:53-300
Reason : hadoop4j.NoImplementionException: not supported by openstack
Success : DELETE : test2\a94a8fe5ccb19ba6\741D446537121BB1,0:0,2016-12-12 09:51:53-378,2016-12-12 09:51:53-491
Fail : LS : test2\a94a8fe5ccb19ba6\,0:-1,2016-12-12 09:51:53-615,2016-12-12 09:51:53-719
Reason : hadoop4j.NoImplementionException: not supported by openstack
Success : CREATE_FILE : test2\a94a8fe5ccb19ba6\2a5bd02710e975a7\13CD8F336E5545FF,0:2582,2016-12-12 09:51:53-842,2016-12-12 09:51:54-330
Fail : LS : test2\a94a8fe5ccb19ba6\2a5bd02710e975a7\,0:-1,2016-12-12 09:51:54-436,2016-12-12 09:51:54-507
Reason : hadoop4j.NoImplementionException: not supported by openstack
Success : CREATE_FILE : test2\a94a8fe5ccb19ba6\48940B8D5A256882,0:289,2016-12-12 09:51:54-593,2016-12-12 09:51:55-424
Fail : LS : test2\a94a8fe5ccb19ba6\,0:-1,2016-12-12 09:51:55-542,2016-12-12 09:51:55-659
Reason : hadoop4j.NoImplementionException: not supported by openstack
Success : DELETE : test2\a94a8fe5ccb19ba6\2a5bd02710e975a7\13CD8F336E5545FF,0:0,2016-12-12 09:51:55-763,2016-12-12 09:51:55-875
Fail : LS : test2\a94a8fe5ccb19ba6\2a5bd02710e975a7\,0:-1,2016-12-12 09:51:55-983,2016-12-12 09:51:56-078
Reason : hadoop4j.NoImplementionException: not supported by openstack
Success : CREATE_FILE : test2\a94a8fe5ccb19ba6\021E67B2449DB9A9,0:1593,2016-12-12 09:51:56-165,2016-12-12 09:51:56-599
Fail : LS : test2\a94a8fe5ccb19ba6\,0:-1,2016-12-12 09:51:56-726,2016-12-12 09:51:56-884
Reason : hadoop4j.NoImplementionException: not supported by openstack
Success : CREATE_FILE : test2\a94a8fe5ccb19ba6\2a5bd02710e975a7\6099DD9F547D163F,0:680,2016-12-12 09:51:56-965,2016-12-12 09:51:57-342
Fail : LS : test2\a94a8fe5ccb19ba6\2a5bd02710e975a7\,0:-1,2016-12-12 09:51:57-445,2016-12-12 09:51:57-513
Reason : hadoop4j.NoImplementionException: not supported by openstack
Success : CREATE_FILE : test2\a94a8fe5ccb19ba6\492C201C3935D5C8,0:3004,2016-12-12 09:51:57-597,2016-12-12 09:51:58-043
Fail : LS : test2\a94a8fe5ccb19ba6\,0:-1,2016-12-12 09:51:58-178,2016-12-12 09:51:58-274
Reason : hadoop4j.NoImplementionException: not supported by openstack
Success : CREATE_FILE : test2\a94a8fe5ccb19ba6\2a5bd02710e975a7\00AB597B6C1D4DF9,0:2902,2016-12-12 09:51:58-370,2016-12-12 09:51:58-814
Fail : LS : test2\a94a8fe5ccb19ba6\2a5bd02710e975a7\,0:-1,2016-12-12 09:51:58-935,2016-12-12 09:51:59-010
Reason : hadoop4j.NoImplementionException: not supported by openstack
Success : DELETE : test2\a94a8fe5ccb19ba6\12E2370D391C72BD,0:0,2016-12-12 09:51:59-088,2016-12-12 09:51:59-196
Fail : LS : test2\a94a8fe5ccb19ba6\,0:-1,2016-12-12 09:51:59-305,2016-12-12 09:51:59-374
Reason : hadoop4j.NoImplementionException: not supported by openstack
Success : DELETE : test2\a94a8fe5ccb19ba6\2a5bd02710e975a7\6099DD9F547D163F,0:0,2016-12-12 09:51:59-552,2016-12-12 09:52:00-110
Fail : LS : test2\a94a8fe5ccb19ba6\2a5bd02710e975a7\,0:-1,2016-12-12 09:52:00-238,2016-12-12 09:52:00-338
Reason : hadoop4j.NoImplementionException: not supported by openstack
Success : CREATE_FILE : test2\a94a8fe5ccb19ba6\2a5bd02710e975a7\2BE5BD046C269F96,0:2910,2016-12-12 09:52:00-429,2016-12-12 09:52:00-820
Fail : LS : test2\a94a8fe5ccb19ba6\2a5bd02710e975a7\,0:-1,2016-12-12 09:52:00-922,2016-12-12 09:52:00-989
Reason : hadoop4j.NoImplementionException: not supported by openstack
Success : CREATE_FILE : test2\a94a8fe5ccb19ba6\7D5F8730004A1FAC,0:588,2016-12-12 09:52:01-107,2016-12-12 09:52:01-496
Fail : LS : test2\a94a8fe5ccb19ba6\,0:-1,2016-12-12 09:52:01-624,2016-12-12 09:52:01-730
Reason : hadoop4j.NoImplementionException: not supported by openstack
Success : DELETE : test2\a94a8fe5ccb19ba6\492C201C3935D5C8,0:0,2016-12-12 09:52:01-853,2016-12-12 09:52:01-970
Fail : LS : test2\a94a8fe5ccb19ba6\,0:-1,2016-12-12 09:52:02-087,2016-12-12 09:52:02-158
Reason : hadoop4j.NoImplementionException: not supported by openstack
Success : CREATE_FILE : test2\a94a8fe5ccb19ba6\2a5bd02710e975a7\5A5ED40561B4BB92,0:604,2016-12-12 09:52:02-248,2016-12-12 09:52:02-638
Fail : LS : test2\a94a8fe5ccb19ba6\2a5bd02710e975a7\,0:-1,2016-12-12 09:52:02-759,2016-12-12 09:52:02-842
Reason : hadoop4j.NoImplementionException: not supported by openstack
Success : CREATE_FILE : test2\a94a8fe5ccb19ba6\102136F37B534D8F,0:3764,2016-12-12 09:52:02-954,2016-12-12 09:52:03-355
Fail : LS : test2\a94a8fe5ccb19ba6\,0:-1,2016-12-12 09:52:03-472,2016-12-12 09:52:03-544
Reason : hadoop4j.NoImplementionException: not supported by openstack
Success : DELETE : test2\a94a8fe5ccb19ba6\7D5F8730004A1FAC,0:0,2016-12-12 09:52:03-626,2016-12-12 09:52:03-791
Fail : LS : test2\a94a8fe5ccb19ba6\,0:-1,2016-12-12 09:52:03-914,2016-12-12 09:52:03-989
Reason : hadoop4j.NoImplementionException: not supported by openstack
Success : CREATE_FILE : test2\a94a8fe5ccb19ba6\2C7C22BD64260190,0:466,2016-12-12 09:52:04-108,2016-12-12 09:52:04-637
Fail : LS : test2\a94a8fe5ccb19ba6\,0:-1,2016-12-12 09:52:04-764,2016-12-12 09:52:04-884
Reason : hadoop4j.NoImplementionException: not supported by openstack
Success : DELETE : test2\a94a8fe5ccb19ba6\2a5bd02710e975a7\00AB597B6C1D4DF9,0:0,2016-12-12 09:52:05-009,2016-12-12 09:52:05-127
Fail : LS : test2\a94a8fe5ccb19ba6\2a5bd02710e975a7\,0:-1,2016-12-12 09:52:05-250,2016-12-12 09:52:05-322
Reason : hadoop4j.NoImplementionException: not supported by openstack
Success : DELETE : test2\a94a8fe5ccb19ba6\102136F37B534D8F,0:0,2016-12-12 09:52:05-402,2016-12-12 09:52:05-607
Fail : LS : test2\a94a8fe5ccb19ba6\,0:-1,2016-12-12 09:52:05-721,2016-12-12 09:52:05-826
Reason : hadoop4j.NoImplementionException: not supported by openstack
Success : DELETE : test2\a94a8fe5ccb19ba6\2a5bd02710e975a7\2BE5BD046C269F96,0:0,2016-12-12 09:52:05-947,2016-12-12 09:52:06-069
Fail : LS : test2\a94a8fe5ccb19ba6\2a5bd02710e975a7\,0:-1,2016-12-12 09:52:06-187,2016-12-12 09:52:06-267
Reason : hadoop4j.NoImplementionException: not supported by openstack
Success : CREATE_FILE : test2\a94a8fe5ccb19ba6\0C5AC12A6DA284BD,0:2875,2016-12-12 09:52:06-352,2016-12-12 09:52:06-749
Fail : LS : test2\a94a8fe5ccb19ba6\,0:-1,2016-12-12 09:52:06-857,2016-12-12 09:52:06-957
Reason : hadoop4j.NoImplementionException: not supported by openstack
Success : DELETE : test2\a94a8fe5ccb19ba6\48940B8D5A256882,0:0,2016-12-12 09:52:07-068,2016-12-12 09:52:07-235
Fail : LS : test2\a94a8fe5ccb19ba6\,0:-1,2016-12-12 09:52:07-359,2016-12-12 09:52:07-461
Reason : hadoop4j.NoImplementionException: not supported by openstack
Success : DELETE : test2\a94a8fe5ccb19ba6\021E67B2449DB9A9,0:0,2016-12-12 09:52:07-560,2016-12-12 09:52:07-696
Fail : LS : test2\a94a8fe5ccb19ba6\,0:-1,2016-12-12 09:52:07-823,2016-12-12 09:52:07-895
Reason : hadoop4j.NoImplementionException: not supported by openstack
Success : DELETE : test2\a94a8fe5ccb19ba6\2C7C22BD64260190,0:0,2016-12-12 09:52:08-014,2016-12-12 09:52:08-160
Fail : LS : test2\a94a8fe5ccb19ba6\,0:-1,2016-12-12 09:52:08-278,2016-12-12 09:52:08-350
Reason : hadoop4j.NoImplementionException: not supported by openstack
Success : CREATE_FILE : test2\a94a8fe5ccb19ba6\4393E9176F4466A1,0:1662,2016-12-12 09:52:08-460,2016-12-12 09:52:08-993
Fail : LS : test2\a94a8fe5ccb19ba6\,0:-1,2016-12-12 09:52:09-121,2016-12-12 09:52:09-195
Reason : hadoop4j.NoImplementionException: not supported by openstack
Success : DELETE : test2\a94a8fe5ccb19ba6\0C5AC12A6DA284BD,0:0,2016-12-12 09:52:09-322,2016-12-12 09:52:09-444
Fail : LS : test2\a94a8fe5ccb19ba6\,0:-1,2016-12-12 09:52:09-540,2016-12-12 09:52:09-605
Reason : hadoop4j.NoImplementionException: not supported by openstack
Success : DELETE : test2\a94a8fe5ccb19ba6\2a5bd02710e975a7\292097757A6B9D29,0:0,2016-12-12 09:52:09-690,2016-12-12 09:52:09-796
Fail : LS : test2\a94a8fe5ccb19ba6\2a5bd02710e975a7\,0:-1,2016-12-12 09:52:09-897,2016-12-12 09:52:09-963
Reason : hadoop4j.NoImplementionException: not supported by openstack
Success : CREATE_FILE : test2\a94a8fe5ccb19ba6\2a5bd02710e975a7\6D86ED0E18599D6C,0:2424,2016-12-12 09:52:10-040,2016-12-12 09:52:10-453
Fail : LS : test2\a94a8fe5ccb19ba6\2a5bd02710e975a7\,0:-1,2016-12-12 09:52:10-578,2016-12-12 09:52:10-653
Reason : hadoop4j.NoImplementionException: not supported by openstack
Success : CREATE_FILE : test2\a94a8fe5ccb19ba6\6C6D7B62459BD461,0:3038,2016-12-12 09:52:10-731,2016-12-12 09:52:11-199
Fail : LS : test2\a94a8fe5ccb19ba6\,0:-1,2016-12-12 09:52:11-326,2016-12-12 09:52:11-399
Reason : hadoop4j.NoImplementionException: not supported by openstack
Success : DELETE : test2\a94a8fe5ccb19ba6\4393E9176F4466A1,0:0,2016-12-12 09:52:11-480,2016-12-12 09:52:11-632
Fail : LS : test2\a94a8fe5ccb19ba6\,0:-1,2016-12-12 09:52:11-742,2016-12-12 09:52:11-812
Reason : hadoop4j.NoImplementionException: not supported by openstack
Success : DELETE : test2\a94a8fe5ccb19ba6\2a5bd02710e975a7\5A5ED40561B4BB92,0:0,2016-12-12 09:52:11-890,2016-12-12 09:52:12-035
Fail : LS : test2\a94a8fe5ccb19ba6\2a5bd02710e975a7\,0:-1,2016-12-12 09:52:12-160,2016-12-12 09:52:12-264
Reason : hadoop4j.NoImplementionException: not supported by openstack
Success : CREATE_FILE : test2\a94a8fe5ccb19ba6\2DA1586831F14CB3,0:17,2016-12-12 09:52:12-356,2016-12-12 09:52:12-752
Fail : LS : test2\a94a8fe5ccb19ba6\,0:-1,2016-12-12 09:52:12-830,2016-12-12 09:52:12-891
Reason : hadoop4j.NoImplementionException: not supported by openstack
Success : CREATE_FILE : test2\a94a8fe5ccb19ba6\2a5bd02710e975a7\10E4FDDC366AABBF,0:2768,2016-12-12 09:52:12-967,2016-12-12 09:52:13-371
Fail : LS : test2\a94a8fe5ccb19ba6\2a5bd02710e975a7\,0:-1,2016-12-12 09:52:13-496,2016-12-12 09:52:13-600
Reason : hadoop4j.NoImplementionException: not supported by openstack
Success : DELETE : test2\a94a8fe5ccb19ba6\2DA1586831F14CB3,0:0,2016-12-12 09:52:13-695,2016-12-12 09:52:13-844
Fail : LS : test2\a94a8fe5ccb19ba6\,0:-1,2016-12-12 09:52:13-965,2016-12-12 09:52:14-064
Reason : hadoop4j.NoImplementionException: not supported by openstack
Success : CREATE_FILE : test2\a94a8fe5ccb19ba6\0F38EB6837EF068B,0:206,2016-12-12 09:52:14-182,2016-12-12 09:52:14-848
Fail : LS : test2\a94a8fe5ccb19ba6\,0:-1,2016-12-12 09:52:14-974,2016-12-12 09:52:15-079
Reason : hadoop4j.NoImplementionException: not supported by openstack
Success : DELETE : test2\a94a8fe5ccb19ba6\6C6D7B62459BD461,0:0,2016-12-12 09:52:15-175,2016-12-12 09:52:15-682
Fail : LS : test2\a94a8fe5ccb19ba6\,0:-1,2016-12-12 09:52:15-760,2016-12-12 09:52:15-846
Reason : hadoop4j.NoImplementionException: not supported by openstack
Success : DELETE : test2\a94a8fe5ccb19ba6\2a5bd02710e975a7\10E4FDDC366AABBF,0:0,2016-12-12 09:52:15-931,2016-12-12 09:52:16-052
Fail : LS : test2\a94a8fe5ccb19ba6\2a5bd02710e975a7\,0:-1,2016-12-12 09:52:16-170,2016-12-12 09:52:16-270
Reason : hadoop4j.NoImplementionException: not supported by openstack
Success : DELETE : test2\a94a8fe5ccb19ba6\2a5bd02710e975a7\6D86ED0E18599D6C,0:0,2016-12-12 09:52:16-376,2016-12-12 09:52:16-500
Fail : LS : test2\a94a8fe5ccb19ba6\2a5bd02710e975a7\,0:-1,2016-12-12 09:52:16-624,2016-12-12 09:52:16-700
Reason : hadoop4j.NoImplementionException: not supported by openstack
Success : DELETE : test2\a94a8fe5ccb19ba6\0F38EB6837EF068B,0:0,2016-12-12 09:52:16-807,2016-12-12 09:52:16-931
Fail : LS : test2\a94a8fe5ccb19ba6\,0:-1,2016-12-12 09:52:17-053,2016-12-12 09:52:17-126
Reason : hadoop4j.NoImplementionException: not supported by openstack
Success : CREATE_FILE : test2\a94a8fe5ccb19ba6\2a5bd02710e975a7\54B2830B4C3FCAB5,0:62,2016-12-12 09:52:17-227,2016-12-12 09:52:17-719
Fail : LS : test2\a94a8fe5ccb19ba6\2a5bd02710e975a7\,0:-1,2016-12-12 09:52:17-853,2016-12-12 09:52:17-927
Reason : hadoop4j.NoImplementionException: not supported by openstack
Success : DELETE : test2\a94a8fe5ccb19ba6\2a5bd02710e975a7\54B2830B4C3FCAB5,0:0,2016-12-12 09:52:18-005,2016-12-12 09:52:18-132
Fail : LS : test2\a94a8fe5ccb19ba6\2a5bd02710e975a7\,0:-1,2016-12-12 09:52:18-237,2016-12-12 09:52:18-334
Reason : hadoop4j.NoImplementionException: not supported by openstack
Success : CREATE_FILE : test2\a94a8fe5ccb19ba6\1855837344AF1E81,0:2807,2016-12-12 09:52:18-425,2016-12-12 09:52:18-900
Fail : LS : test2\a94a8fe5ccb19ba6\,0:-1,2016-12-12 09:52:19-021,2016-12-12 09:52:19-127
Reason : hadoop4j.NoImplementionException: not supported by openstack
Success : CREATE_FILE : test2\a94a8fe5ccb19ba6\2a5bd02710e975a7\4763827737644CE9,0:457,2016-12-12 09:52:19-228,2016-12-12 09:52:19-670
Fail : LS : test2\a94a8fe5ccb19ba6\2a5bd02710e975a7\,0:-1,2016-12-12 09:52:19-788,2016-12-12 09:52:19-861
Reason : hadoop4j.NoImplementionException: not supported by openstack
Success : CREATE_FILE : test2\a94a8fe5ccb19ba6\7885699D3E3259E9,0:4012,2016-12-12 09:52:19-939,2016-12-12 09:52:20-360
Fail : LS : test2\a94a8fe5ccb19ba6\,0:-1,2016-12-12 09:52:20-479,2016-12-12 09:52:20-551
Reason : hadoop4j.NoImplementionException: not supported by openstack
Success : DELETE : test2\a94a8fe5ccb19ba6\2a5bd02710e975a7\4763827737644CE9,0:0,2016-12-12 09:52:20-627,2016-12-12 09:52:20-795
Fail : LS : test2\a94a8fe5ccb19ba6\2a5bd02710e975a7\,0:-1,2016-12-12 09:52:20-921,2016-12-12 09:52:20-995
Reason : hadoop4j.NoImplementionException: not supported by openstack
Success : CREATE_FILE : test2\a94a8fe5ccb19ba6\1F9C061415540B27,0:645,2016-12-12 09:52:21-073,2016-12-12 09:52:21-438
Fail : LS : test2\a94a8fe5ccb19ba6\,0:-1,2016-12-12 09:52:21-535,2016-12-12 09:52:21-601
Reason : hadoop4j.NoImplementionException: not supported by openstack
Success : CREATE_FILE : test2\a94a8fe5ccb19ba6\7D75579876BEB270,0:2504,2016-12-12 09:52:21-681,2016-12-12 09:52:22-062
Fail : LS : test2\a94a8fe5ccb19ba6\,0:-1,2016-12-12 09:52:22-190,2016-12-12 09:52:22-262
Reason : hadoop4j.NoImplementionException: not supported by openstack
Success : CREATE_FILE : test2\a94a8fe5ccb19ba6\2a5bd02710e975a7\60F8CECD2A00580C,0:386,2016-12-12 09:52:22-368,2016-12-12 09:52:22-787
Fail : LS : test2\a94a8fe5ccb19ba6\2a5bd02710e975a7\,0:-1,2016-12-12 09:52:22-912,2016-12-12 09:52:22-991
Reason : hadoop4j.NoImplementionException: not supported by openstack
Success : CREATE_FILE : test2\a94a8fe5ccb19ba6\2a5bd02710e975a7\29B6E225750B1A60,0:3882,2016-12-12 09:52:23-113,2016-12-12 09:52:23-592
Fail : LS : test2\a94a8fe5ccb19ba6\2a5bd02710e975a7\,0:-1,2016-12-12 09:52:23-715,2016-12-12 09:52:23-791
Reason : hadoop4j.NoImplementionException: not supported by openstack
Success : DELETE : test2\a94a8fe5ccb19ba6\7885699D3E3259E9,0:0,2016-12-12 09:52:23-869,2016-12-12 09:52:23-978
Fail : LS : test2\a94a8fe5ccb19ba6\,0:-1,2016-12-12 09:52:24-155,2016-12-12 09:52:24-247
Reason : hadoop4j.NoImplementionException: not supported by openstack
Success : CREATE_FILE : test2\a94a8fe5ccb19ba6\688CC1605024B686,0:1960,2016-12-12 09:52:24-371,2016-12-12 09:52:24-752
Fail : LS : test2\a94a8fe5ccb19ba6\,0:-1,2016-12-12 09:52:24-826,2016-12-12 09:52:24-888
Reason : hadoop4j.NoImplementionException: not supported by openstack
Success : DELETE : test2\a94a8fe5ccb19ba6\2a5bd02710e975a7\29B6E225750B1A60,0:0,2016-12-12 09:52:24-965,2016-12-12 09:52:25-377
Fail : LS : test2\a94a8fe5ccb19ba6\2a5bd02710e975a7\,0:-1,2016-12-12 09:52:25-508,2016-12-12 09:52:25-722
Reason : hadoop4j.NoImplementionException: not supported by openstack
Success : DELETE : test2\a94a8fe5ccb19ba6\7D75579876BEB270,0:0,2016-12-12 09:52:25-847,2016-12-12 09:52:26-049
Fail : LS : test2\a94a8fe5ccb19ba6\,0:-1,2016-12-12 09:52:26-175,2016-12-12 09:52:26-266
Reason : hadoop4j.NoImplementionException: not supported by openstack
Success : DELETE : test2\a94a8fe5ccb19ba6\2a5bd02710e975a7\60F8CECD2A00580C,0:0,2016-12-12 09:52:26-378,2016-12-12 09:52:26-505
Fail : LS : test2\a94a8fe5ccb19ba6\2a5bd02710e975a7\,0:-1,2016-12-12 09:52:26-622,2016-12-12 09:52:26-726
Reason : hadoop4j.NoImplementionException: not supported by openstack
Success : CREATE_FILE : test2\a94a8fe5ccb19ba6\336E99253EC6CBD3,0:3045,2016-12-12 09:52:26-850,2016-12-12 09:52:27-226
Fail : LS : test2\a94a8fe5ccb19ba6\,0:-1,2016-12-12 09:52:27-343,2016-12-12 09:52:27-414
Reason : hadoop4j.NoImplementionException: not supported by openstack
Success : CREATE_FILE : test2\a94a8fe5ccb19ba6\11AA22D97AC50F97,0:1455,2016-12-12 09:52:27-503,2016-12-12 09:52:27-890
Fail : LS : test2\a94a8fe5ccb19ba6\,0:-1,2016-12-12 09:52:28-016,2016-12-12 09:52:28-088
Reason : hadoop4j.NoImplementionException: not supported by openstack
Success : CREATE_FILE : test2\a94a8fe5ccb19ba6\71A02420591B5A4C,0:2868,2016-12-12 09:52:28-209,2016-12-12 09:52:28-708
Fail : LS : test2\a94a8fe5ccb19ba6\,0:-1,2016-12-12 09:52:28-832,2016-12-12 09:52:28-909
Reason : hadoop4j.NoImplementionException: not supported by openstack
Success : DELETE : test2\a94a8fe5ccb19ba6\1F9C061415540B27,0:0,2016-12-12 09:52:28-986,2016-12-12 09:52:29-095
Fail : LS : test2\a94a8fe5ccb19ba6\,0:-1,2016-12-12 09:52:29-203,2016-12-12 09:52:29-298
Reason : hadoop4j.NoImplementionException: not supported by openstack
Success : CREATE_FILE : test2\a94a8fe5ccb19ba6\5E1DE8660FBD45B0,0:1746,2016-12-12 09:52:29-388,2016-12-12 09:52:29-805
Fail : LS : test2\a94a8fe5ccb19ba6\,0:-1,2016-12-12 09:52:29-968,2016-12-12 09:52:30-050
Reason : hadoop4j.NoImplementionException: not supported by openstack
