Success : LS : test1\c5a5e5562b038073\a39ea9c72a98de10\,0:-1,2016-12-13 11:57:12-843,2016-12-13 11:57:13-018
Success : SEQ_READ : test2\a94a8fe5ccb19ba6\2a5bd02710e975a7\178db47a574c645f,0:257,2016-12-13 11:57:13-141,2016-12-13 11:57:13-226
Success : CREATE_FILE : test2\a94a8fe5ccb19ba6\2a5bd02710e975a7\34845FF57F2FDC3F,0:1542239,2016-12-13 11:57:13-346,2016-12-13 11:57:14-285
Success : SEQ_READ : test1\c5a5e5562b038073\738537f9a40e568b,0:17984,2016-12-13 11:57:14-381,2016-12-13 11:57:14-452
Success : SEQ_READ : test2\bc9c8ba7ff351f3e,0:217984,2016-12-13 11:57:14-571,2016-12-13 11:57:14-645
Success : SEQ_READ : test2\a94a8fe5ccb19ba6\4b6fcb2d521ef0fd,0:2291,2016-12-13 11:57:14-728,2016-12-13 11:57:14-820
Success : SEQ_READ : test1\9832710c94f11d2b,0:34310397,2016-12-13 11:57:14-915,2016-12-13 11:57:14-988
Success : LS : test2\a94a8fe5ccb19ba6\2a5bd02710e975a7\,0:-1,2016-12-13 11:57:15-097,2016-12-13 11:57:15-222
Success : LS : test2\a94a8fe5ccb19ba6\2a5bd02710e975a7\,0:-1,2016-12-13 11:57:15-305,2016-12-13 11:57:15-516
Success : CREATE_FILE : test2\a94a8fe5ccb19ba6\2a5bd02710e975a7\5063896C4785F50F,0:2045252,2016-12-13 11:57:15-624,2016-12-13 11:57:17-090
Success : LS : test2\a94a8fe5ccb19ba6\2a5bd02710e975a7\,0:-1,2016-12-13 11:57:17-178,2016-12-13 11:57:17-271
Success : CREATE_FILE : test2\a94a8fe5ccb19ba6\70485E5E5FA461AD,0:2817348,2016-12-13 11:57:17-376,2016-12-13 11:57:20-224
Success : LS : test1\f71b43c3136efa4f\,0:-1,2016-12-13 11:57:20-330,2016-12-13 11:57:20-393
Success : SEQ_READ : test1\c5a5e5562b038073\a39ea9c72a98de10\f398de59988a85e5,0:6743,2016-12-13 11:57:20-469,2016-12-13 11:57:20-529
Success : SEQ_READ : test1\c5a5e5562b038073\7b7f22b30cf50087,0:3126,2016-12-13 11:57:20-604,2016-12-13 11:57:20-672
Success : SEQ_READ : test1\c5a5e5562b038073\a39ea9c72a98de10\aa61f113a9b13deb,0:438,2016-12-13 11:57:20-781,2016-12-13 11:57:20-868
Success : LS : test1\c5a5e5562b038073\0189424a5a60fed3\,0:-1,2016-12-13 11:57:20-983,2016-12-13 11:57:21-062
Success : SEQ_READ : test1\c5a5e5562b038073\3c16ab634e85296e,0:105016,2016-12-13 11:57:21-145,2016-12-13 11:57:21-244
Fail : LS : test1,0:-1,2016-12-13 11:57:21-340,2016-12-13 11:57:21-340
Reason : java.lang.StringIndexOutOfBoundsException: String index out of range: -1
Success : LS : test2\a94a8fe5ccb19ba6\2a5bd02710e975a7\,0:-1,2016-12-13 11:57:21-417,2016-12-13 11:57:21-511
Success : SEQ_READ : test1\c5a5e5562b038073\a39ea9c72a98de10\4a90c52e52d54ede,0:1048,2016-12-13 11:57:21-622,2016-12-13 11:57:21-724
Success : LS : test1\f71b43c3136efa4f\,0:-1,2016-12-13 11:57:21-823,2016-12-13 11:57:21-888
Success : SEQ_READ : test1\f71b43c3136efa4f\c7d9912886e5ccc7\6670af231c096f09,0:129,2016-12-13 11:57:22-005,2016-12-13 11:57:22-076
Success : LS : test2\a94a8fe5ccb19ba6\,0:-1,2016-12-13 11:57:22-193,2016-12-13 11:57:22-302
Success : LS : test2\a94a8fe5ccb19ba6\,0:-1,2016-12-13 11:57:22-422,2016-12-13 11:57:22-886
Success : LS : test2\a94a8fe5ccb19ba6\,0:-1,2016-12-13 11:57:22-982,2016-12-13 11:57:23-089
Success : SEQ_READ : test2\a94a8fe5ccb19ba6\2a5bd02710e975a7\178db47a574c645f,0:257,2016-12-13 11:57:23-172,2016-12-13 11:57:23-860
Success : CREATE_FILE : test2\a94a8fe5ccb19ba6\6CF3367943BECC4A,0:4095191,2016-12-13 11:57:23-948,2016-12-13 11:57:27-510
Success : SEQ_READ : test1\c5a5e5562b038073\f72cdbcd84f047a5,0:17893,2016-12-13 11:57:27-632,2016-12-13 11:57:27-704
Success : SEQ_READ : test1\c5a5e5562b038073\7b7f22b30cf50087,0:3126,2016-12-13 11:57:27-800,2016-12-13 11:57:27-897
Success : LS : test2\a94a8fe5ccb19ba6\2a5bd02710e975a7\,0:-1,2016-12-13 11:57:27-992,2016-12-13 11:57:28-075
Success : LS : test1\f71b43c3136efa4f\52481749c0cdecd6\,0:-1,2016-12-13 11:57:28-173,2016-12-13 11:57:28-271
Success : SEQ_READ : test1\c5a5e5562b038073\7b7f22b30cf50087,0:3126,2016-12-13 11:57:28-360,2016-12-13 11:57:28-422
Success : LS : test1\f71b43c3136efa4f\9f93e73d6896cb7b\,0:-1,2016-12-13 11:57:28-502,2016-12-13 11:57:28-600
Success : LS : test2\a94a8fe5ccb19ba6\,0:-1,2016-12-13 11:57:28-716,2016-12-13 11:57:28-836
Success : CREATE_FILE : test2\a94a8fe5ccb19ba6\2a5bd02710e975a7\122DDFB2590C4889,0:119982,2016-12-13 11:57:28-925,2016-12-13 11:57:29-077
Success : LS : test1\f71b43c3136efa4f\83404ffd78f534ff\,0:-1,2016-12-13 11:57:29-158,2016-12-13 11:57:29-225
Success : LS : test2\a94a8fe5ccb19ba6\2a5bd02710e975a7\,0:-1,2016-12-13 11:57:29-302,2016-12-13 11:57:29-406
Success : LS : test2\a94a8fe5ccb19ba6\2a5bd02710e975a7\,0:-1,2016-12-13 11:57:29-518,2016-12-13 11:57:29-605
Success : CREATE_FILE : test2\a94a8fe5ccb19ba6\2a5bd02710e975a7\13E8E90130395D8B,0:504431,2016-12-13 11:57:29-712,2016-12-13 11:57:29-943
Success : LS : test2\a94a8fe5ccb19ba6\2a5bd02710e975a7\,0:-1,2016-12-13 11:57:30-069,2016-12-13 11:57:30-168
Success : CREATE_FILE : test2\a94a8fe5ccb19ba6\2a5bd02710e975a7\5589F6586C2C3A51,0:4011236,2016-12-13 11:57:30-290,2016-12-13 11:57:33-661
Success : LS : test2\a94a8fe5ccb19ba6\2a5bd02710e975a7\,0:-1,2016-12-13 11:57:33-775,2016-12-13 11:57:33-859
Success : CREATE_FILE : test2\a94a8fe5ccb19ba6\2a5bd02710e975a7\7B511CC1455D9D5B,0:1144026,2016-12-13 11:57:33-946,2016-12-13 11:57:34-356
Success : LS : test2\a94a8fe5ccb19ba6\2a5bd02710e975a7\,0:-1,2016-12-13 11:57:34-481,2016-12-13 11:57:34-571
Success : CREATE_FILE : test2\a94a8fe5ccb19ba6\1E83402B006FF727,0:480557,2016-12-13 11:57:34-680,2016-12-13 11:57:34-837
Success : LS : test1\f71b43c3136efa4f\83404ffd78f534ff\,0:-1,2016-12-13 11:57:34-942,2016-12-13 11:57:35-012
Success : LS : test2\a94a8fe5ccb19ba6\,0:-1,2016-12-13 11:57:35-099,2016-12-13 11:57:35-216
Success : LS : test2\a94a8fe5ccb19ba6\,0:-1,2016-12-13 11:57:35-310,2016-12-13 11:57:35-408
Success : CREATE_FILE : test2\a94a8fe5ccb19ba6\7C9821132823A9F2,0:2570466,2016-12-13 11:57:35-511,2016-12-13 11:57:37-387
Success : LS : test2\a94a8fe5ccb19ba6\,0:-1,2016-12-13 11:57:37-509,2016-12-13 11:57:37-615
Success : CREATE_FILE : test2\a94a8fe5ccb19ba6\1D0F0D6C6F8E0EB1,0:2650012,2016-12-13 11:57:37-730,2016-12-13 11:57:39-795
Success : LS : test2\a94a8fe5ccb19ba6\,0:-1,2016-12-13 11:57:39-919,2016-12-13 11:57:40-027
Success : CREATE_FILE : test2\a94a8fe5ccb19ba6\001EB3CA4573C739,0:1841284,2016-12-13 11:57:40-108,2016-12-13 11:57:41-587
Success : LS : test2\a94a8fe5ccb19ba6\,0:-1,2016-12-13 11:57:41-710,2016-12-13 11:57:41-836
Success : CREATE_FILE : test2\a94a8fe5ccb19ba6\2a5bd02710e975a7\488E7C9E77372AA9,0:1234949,2016-12-13 11:57:41-961,2016-12-13 11:57:42-697
Success : LS : test2\a94a8fe5ccb19ba6\2a5bd02710e975a7\,0:-1,2016-12-13 11:57:42-813,2016-12-13 11:57:42-904
Success : CREATE_FILE : test2\a94a8fe5ccb19ba6\2a5bd02710e975a7\1CA7D0955E0CC80D,0:569764,2016-12-13 11:57:42-980,2016-12-13 11:57:43-172
Success : SEQ_READ : test1\c5a5e5562b038073\6670af231c096f09,0:46,2016-12-13 11:57:43-297,2016-12-13 11:57:43-370
Success : LS : test1\f71b43c3136efa4f\52481749c0cdecd6\,0:-1,2016-12-13 11:57:43-466,2016-12-13 11:57:43-564
Success : LS : test1\c5a5e5562b038073\,0:-1,2016-12-13 11:57:43-652,2016-12-13 11:57:43-749
Success : LS : test1\f71b43c3136efa4f\9f93e73d6896cb7b\,0:-1,2016-12-13 11:57:43-844,2016-12-13 11:57:43-925
Success : LS : test1\c5a5e5562b038073\0189424a5a60fed3\,0:-1,2016-12-13 11:57:44-012,2016-12-13 11:57:44-085
Success : LS : test2\a94a8fe5ccb19ba6\2a5bd02710e975a7\,0:-1,2016-12-13 11:57:44-169,2016-12-13 11:57:44-252
Success : CREATE_FILE : test2\a94a8fe5ccb19ba6\1D5604C239AEEE7C,0:3359669,2016-12-13 11:57:44-361,2016-12-13 11:57:47-157
Success : LS : test2\a94a8fe5ccb19ba6\,0:-1,2016-12-13 11:57:47-241,2016-12-13 11:57:47-334
Success : CREATE_FILE : test2\a94a8fe5ccb19ba6\2a5bd02710e975a7\0E0D2C3E31877200,0:231863,2016-12-13 11:57:47-411,2016-12-13 11:57:47-541
Success : LS : test1\f71b43c3136efa4f\52481749c0cdecd6\,0:-1,2016-12-13 11:57:47-659,2016-12-13 11:57:47-730
Fail : LS : test1,0:-1,2016-12-13 11:57:47-842,2016-12-13 11:57:47-842
Reason : java.lang.StringIndexOutOfBoundsException: String index out of range: -1
Success : LS : test2\a94a8fe5ccb19ba6\,0:-1,2016-12-13 11:57:47-925,2016-12-13 11:57:48-044
Success : SEQ_READ : test2\6c33a983eec1b409,0:2291,2016-12-13 11:57:48-175,2016-12-13 11:57:48-278
Success : SEQ_READ : test1\c5a5e5562b038073\fbe0d7653f0909cb,0:1611,2016-12-13 11:57:48-400,2016-12-13 11:57:48-494
Success : LS : test2\a94a8fe5ccb19ba6\2a5bd02710e975a7\,0:-1,2016-12-13 11:57:48-583,2016-12-13 11:57:48-663
Success : CREATE_FILE : test2\a94a8fe5ccb19ba6\3A606B2B363E441B,0:3265211,2016-12-13 11:57:48-738,2016-12-13 11:57:51-650
Success : LS : test2\a94a8fe5ccb19ba6\,0:-1,2016-12-13 11:57:51-767,2016-12-13 11:57:51-873
Success : CREATE_FILE : test2\a94a8fe5ccb19ba6\108C10F911BC7666,0:82310,2016-12-13 11:57:51-996,2016-12-13 11:57:52-253
Success : LS : test1\f71b43c3136efa4f\9f93e73d6896cb7b\,0:-1,2016-12-13 11:57:52-375,2016-12-13 11:57:52-447
Success : LS : test1\f71b43c3136efa4f\,0:-1,2016-12-13 11:57:52-541,2016-12-13 11:57:52-604
Success : SEQ_READ : test1\f71b43c3136efa4f\c7d9912886e5ccc7\6670af231c096f09,0:129,2016-12-13 11:57:52-716,2016-12-13 11:57:52-785
Success : LS : test1\f71b43c3136efa4f\,0:-1,2016-12-13 11:57:52-861,2016-12-13 11:57:52-928
Success : LS : test2\a94a8fe5ccb19ba6\,0:-1,2016-12-13 11:57:53-012,2016-12-13 11:57:53-113
Success : LS : test2\a94a8fe5ccb19ba6\,0:-1,2016-12-13 11:57:53-195,2016-12-13 11:57:53-292
Success : CREATE_FILE : test2\a94a8fe5ccb19ba6\2a5bd02710e975a7\528B221966D7645A,0:3378754,2016-12-13 11:57:53-385,2016-12-13 11:57:56-309
Success : LS : test2\a94a8fe5ccb19ba6\2a5bd02710e975a7\,0:-1,2016-12-13 11:57:56-433,2016-12-13 11:57:56-523
Success : CREATE_FILE : test2\a94a8fe5ccb19ba6\2a5bd02710e975a7\62F7B1E3052477AD,0:1436238,2016-12-13 11:57:56-648,2016-12-13 11:57:57-424
Success : LS : test1\f71b43c3136efa4f\,0:-1,2016-12-13 11:57:57-549,2016-12-13 11:57:57-651
Fail : LS : test1,0:-1,2016-12-13 11:57:57-741,2016-12-13 11:57:57-741
Reason : java.lang.StringIndexOutOfBoundsException: String index out of range: -1
Success : LS : test2\a94a8fe5ccb19ba6\2a5bd02710e975a7\,0:-1,2016-12-13 11:57:57-818,2016-12-13 11:57:57-900
Success : CREATE_FILE : test2\a94a8fe5ccb19ba6\2a5bd02710e975a7\08733E590204B2EF,0:3288187,2016-12-13 11:57:57-998,2016-12-13 11:58:00-649
Success : LS : test2\a94a8fe5ccb19ba6\2a5bd02710e975a7\,0:-1,2016-12-13 11:58:00-769,2016-12-13 11:58:00-857
Success : CREATE_FILE : test2\a94a8fe5ccb19ba6\2a5bd02710e975a7\3111F2365B40B078,0:978510,2016-12-13 11:58:00-966,2016-12-13 11:58:01-263
Success : LS : test2\a94a8fe5ccb19ba6\2a5bd02710e975a7\,0:-1,2016-12-13 11:58:01-383,2016-12-13 11:58:01-500
Success : CREATE_FILE : test2\a94a8fe5ccb19ba6\7A80D12720C9CDCC,0:3562030,2016-12-13 11:58:01-610,2016-12-13 11:58:04-507
Success : LS : test2\a94a8fe5ccb19ba6\,0:-1,2016-12-13 11:58:04-623,2016-12-13 11:58:04-739
Success : CREATE_FILE : test2\a94a8fe5ccb19ba6\2FBBE02A1F872636,0:2414481,2016-12-13 11:58:04-829,2016-12-13 11:58:06-652
Success : LS : test2\a94a8fe5ccb19ba6\,0:-1,2016-12-13 11:58:06-761,2016-12-13 11:58:06-869
Success : CREATE_FILE : test2\a94a8fe5ccb19ba6\2a5bd02710e975a7\19A5FFE83E86595C,0:1662015,2016-12-13 11:58:06-970,2016-12-13 11:58:08-540
Success : LS : test2\a94a8fe5ccb19ba6\,0:-1,2016-12-13 11:58:08-669,2016-12-13 11:58:08-778
Success : LS : test2\a94a8fe5ccb19ba6\2a5bd02710e975a7\,0:-1,2016-12-13 11:58:08-893,2016-12-13 11:58:08-983
Success : LS : test2\a94a8fe5ccb19ba6\2a5bd02710e975a7\,0:-1,2016-12-13 11:58:09-106,2016-12-13 11:58:09-192
Success : LS : test1\f71b43c3136efa4f\,0:-1,2016-12-13 11:58:09-271,2016-12-13 11:58:09-334
Fail : LS : test1,0:-1,2016-12-13 11:58:09-444,2016-12-13 11:58:09-444
Reason : java.lang.StringIndexOutOfBoundsException: String index out of range: -1
Success : SEQ_READ : test1\c5a5e5562b038073\a39ea9c72a98de10\11562aa867a5f398,0:2752,2016-12-13 11:58:09-526,2016-12-13 11:58:09-586
Success : LS : test2\a94a8fe5ccb19ba6\2a5bd02710e975a7\,0:-1,2016-12-13 11:58:09-661,2016-12-13 11:58:09-777
Success : CREATE_FILE : test2\a94a8fe5ccb19ba6\189C04D61CF27A67,0:2041626,2016-12-13 11:58:09-870,2016-12-13 11:58:11-283
Success : LS : test1\f71b43c3136efa4f\83404ffd78f534ff\,0:-1,2016-12-13 11:58:11-360,2016-12-13 11:58:11-433
Success : SEQ_READ : test1\c5a5e5562b038073\a39ea9c72a98de10\aa61f113a9b13deb,0:438,2016-12-13 11:58:11-537,2016-12-13 11:58:11-641
Success : LS : test1\f71b43c3136efa4f\,0:-1,2016-12-13 11:58:11-756,2016-12-13 11:58:11-836
Success : LS : test2\a94a8fe5ccb19ba6\,0:-1,2016-12-13 11:58:11-911,2016-12-13 11:58:12-026
Success : CREATE_FILE : test2\a94a8fe5ccb19ba6\1B41DA325E420148,0:1216832,2016-12-13 11:58:12-198,2016-12-13 11:58:12-846
Success : LS : test2\a94a8fe5ccb19ba6\,0:-1,2016-12-13 11:58:12-968,2016-12-13 11:58:13-098
Success : CREATE_FILE : test2\a94a8fe5ccb19ba6\5E1719427EB4E73C,0:2728402,2016-12-13 11:58:13-191,2016-12-13 11:58:15-304
Success : LS : test2\a94a8fe5ccb19ba6\,0:-1,2016-12-13 11:58:15-417,2016-12-13 11:58:15-523
Success : CREATE_FILE : test2\a94a8fe5ccb19ba6\5B793F0D7BDE0131,0:304826,2016-12-13 11:58:15-600,2016-12-13 11:58:15-759
Success : SEQ_READ : test2\49f03965cf98b1f5,0:1634,2016-12-13 11:58:15-862,2016-12-13 11:58:15-957
Success : SEQ_READ : test2\bc9c8ba7ff351f3e,0:217984,2016-12-13 11:58:16-076,2016-12-13 11:58:16-147
Success : LS : test1\c5a5e5562b038073\0189424a5a60fed3\,0:-1,2016-12-13 11:58:16-248,2016-12-13 11:58:16-315
Success : LS : test1\c5a5e5562b038073\a39ea9c72a98de10\,0:-1,2016-12-13 11:58:16-434,2016-12-13 11:58:16-517
Success : LS : test2\a94a8fe5ccb19ba6\,0:-1,2016-12-13 11:58:16-597,2016-12-13 11:58:16-734
Success : LS : test2\a94a8fe5ccb19ba6\,0:-1,2016-12-13 11:58:16-845,2016-12-13 11:58:16-972
Success : CREATE_FILE : test2\a94a8fe5ccb19ba6\4173600B071364E2,0:1264587,2016-12-13 11:58:17-061,2016-12-13 11:58:17-624
Success : LS : test2\a94a8fe5ccb19ba6\,0:-1,2016-12-13 11:58:17-750,2016-12-13 11:58:17-858
Success : CREATE_FILE : test2\a94a8fe5ccb19ba6\2a5bd02710e975a7\661116CE612727CC,0:1853237,2016-12-13 11:58:17-970,2016-12-13 11:58:19-393
Success : SEQ_READ : test2\a94a8fe5ccb19ba6\2a5bd02710e975a7\3eef580036f1724a,0:257,2016-12-13 11:58:19-515,2016-12-13 11:58:19-678
Success : LS : test1\f71b43c3136efa4f\c7d9912886e5ccc7\,0:-1,2016-12-13 11:58:19-793,2016-12-13 11:58:19-886
Success : LS : test2\a94a8fe5ccb19ba6\,0:-1,2016-12-13 11:58:19-973,2016-12-13 11:58:20-075
Success : LS : test2\a94a8fe5ccb19ba6\2a5bd02710e975a7\,0:-1,2016-12-13 11:58:20-160,2016-12-13 11:58:20-239
Success : CREATE_FILE : test2\a94a8fe5ccb19ba6\504E93285DFA3663,0:3574347,2016-12-13 11:58:20-314,2016-12-13 11:58:23-236
Success : LS : test2\a94a8fe5ccb19ba6\,0:-1,2016-12-13 11:58:23-318,2016-12-13 11:58:23-411
Success : CREATE_FILE : test2\a94a8fe5ccb19ba6\04759C465EBCA548,0:2466024,2016-12-13 11:58:23-579,2016-12-13 11:58:25-411
Success : LS : test2\a94a8fe5ccb19ba6\,0:-1,2016-12-13 11:58:25-535,2016-12-13 11:58:25-641
Success : CREATE_FILE : test2\a94a8fe5ccb19ba6\5B7CCC183EDDE667,0:3053055,2016-12-13 11:58:25-717,2016-12-13 11:58:28-117
Success : LS : test2\a94a8fe5ccb19ba6\,0:-1,2016-12-13 11:58:28-231,2016-12-13 11:58:28-366
Success : CREATE_FILE : test2\a94a8fe5ccb19ba6\4763C4B845FB8B9D,0:3628995,2016-12-13 11:58:28-487,2016-12-13 11:58:31-514
Success : LS : test1\f71b43c3136efa4f\,0:-1,2016-12-13 11:58:31-639,2016-12-13 11:58:31-734
Success : LS : test1\f71b43c3136efa4f\,0:-1,2016-12-13 11:58:31-824,2016-12-13 11:58:31-888
Success : LS : test2\a94a8fe5ccb19ba6\,0:-1,2016-12-13 11:58:31-996,2016-12-13 11:58:32-106
Success : CREATE_FILE : test2\a94a8fe5ccb19ba6\533F5FAD77ABADD5,0:1965838,2016-12-13 11:58:32-198,2016-12-13 11:58:33-679
Success : LS : test2\a94a8fe5ccb19ba6\,0:-1,2016-12-13 11:58:33-803,2016-12-13 11:58:33-908
Success : CREATE_FILE : test2\a94a8fe5ccb19ba6\77D24C02509A1C83,0:216736,2016-12-13 11:58:33-996,2016-12-13 11:58:34-173
Success : LS : test2\a94a8fe5ccb19ba6\,0:-1,2016-12-13 11:58:34-285,2016-12-13 11:58:34-390
Success : CREATE_FILE : test2\a94a8fe5ccb19ba6\0A449AF719058574,0:269307,2016-12-13 11:58:34-508,2016-12-13 11:58:34-724
Success : LS : test2\a94a8fe5ccb19ba6\,0:-1,2016-12-13 11:58:34-849,2016-12-13 11:58:34-951
Success : CREATE_FILE : test2\a94a8fe5ccb19ba6\2a5bd02710e975a7\7E32AE822B781418,0:2304601,2016-12-13 11:58:35-039,2016-12-13 11:58:36-746
Success : LS : test2\a94a8fe5ccb19ba6\2a5bd02710e975a7\,0:-1,2016-12-13 11:58:36-866,2016-12-13 11:58:36-988
Success : CREATE_FILE : test2\a94a8fe5ccb19ba6\7A2A3B287BC557DA,0:1265215,2016-12-13 11:58:37-101,2016-12-13 11:58:37-721
Success : LS : test1\f71b43c3136efa4f\83404ffd78f534ff\,0:-1,2016-12-13 11:58:37-844,2016-12-13 11:58:37-916
Success : LS : test1\f71b43c3136efa4f\52481749c0cdecd6\,0:-1,2016-12-13 11:58:37-997,2016-12-13 11:58:38-062
Success : SEQ_READ : test1\c5a5e5562b038073\a39ea9c72a98de10\f398de59988a85e5,0:6743,2016-12-13 11:58:38-146,2016-12-13 11:58:38-209
Fail : LS : test1,0:-1,2016-12-13 11:58:38-285,2016-12-13 11:58:38-285
Reason : java.lang.StringIndexOutOfBoundsException: String index out of range: -1
Success : LS : test2\a94a8fe5ccb19ba6\,0:-1,2016-12-13 11:58:38-361,2016-12-13 11:58:38-483
Success : CREATE_FILE : test2\a94a8fe5ccb19ba6\2a5bd02710e975a7\6A6265BE2B6961AE,0:4050802,2016-12-13 11:58:38-602,2016-12-13 11:58:42-146
Success : LS : test2\a94a8fe5ccb19ba6\2a5bd02710e975a7\,0:-1,2016-12-13 11:58:42-270,2016-12-13 11:58:42-383
Success : CREATE_FILE : test2\a94a8fe5ccb19ba6\7F363B65545EEECB,0:205922,2016-12-13 11:58:42-471,2016-12-13 11:58:42-651
Success : LS : test2\a94a8fe5ccb19ba6\,0:-1,2016-12-13 11:58:42-759,2016-12-13 11:58:42-886
Success : CREATE_FILE : test2\a94a8fe5ccb19ba6\2a5bd02710e975a7\091B93AE4CC6E7D7,0:2017314,2016-12-13 11:58:42-971,2016-12-13 11:58:44-371
Success : LS : test1\f71b43c3136efa4f\c7d9912886e5ccc7\,0:-1,2016-12-13 11:58:44-489,2016-12-13 11:58:44-578
Success : LS : test1\f71b43c3136efa4f\,0:-1,2016-12-13 11:58:44-667,2016-12-13 11:58:44-729
Success : LS : test1\f71b43c3136efa4f\c7d9912886e5ccc7\,0:-1,2016-12-13 11:58:44-824,2016-12-13 11:58:44-898
Success : LS : test1\c5a5e5562b038073\0189424a5a60fed3\,0:-1,2016-12-13 11:58:44-975,2016-12-13 11:58:45-037
Success : LS : test1\f71b43c3136efa4f\83404ffd78f534ff\,0:-1,2016-12-13 11:58:45-113,2016-12-13 11:58:45-211
Success : LS : test2\a94a8fe5ccb19ba6\2a5bd02710e975a7\,0:-1,2016-12-13 11:58:45-300,2016-12-13 11:58:45-386
Success : CREATE_FILE : test2\a94a8fe5ccb19ba6\2CBA3F5A2C689CB1,0:2384067,2016-12-13 11:58:45-492,2016-12-13 11:58:47-156
Success : LS : test2\a94a8fe5ccb19ba6\,0:-1,2016-12-13 11:58:47-238,2016-12-13 11:58:47-334
Success : CREATE_FILE : test2\a94a8fe5ccb19ba6\762EB59702F4F81C,0:2811025,2016-12-13 11:58:47-410,2016-12-13 11:58:49-671
Fail : LS : test1,0:-1,2016-12-13 11:58:49-792,2016-12-13 11:58:49-792
Reason : java.lang.StringIndexOutOfBoundsException: String index out of range: -1
Success : LS : test1\f71b43c3136efa4f\52481749c0cdecd6\,0:-1,2016-12-13 11:58:49-878,2016-12-13 11:58:49-952
Success : LS : test1\c5a5e5562b038073\0189424a5a60fed3\,0:-1,2016-12-13 11:58:50-036,2016-12-13 11:58:50-122
Success : SEQ_READ : test1\c5a5e5562b038073\68ad3077ff5a452a,0:383,2016-12-13 11:58:50-208,2016-12-13 11:58:50-273
Success : LS : test2\a94a8fe5ccb19ba6\,0:-1,2016-12-13 11:58:50-350,2016-12-13 11:58:50-474
Success : CREATE_FILE : test2\a94a8fe5ccb19ba6\2D8EDA9F4251A192,0:3705102,2016-12-13 11:58:50-561,2016-12-13 11:58:53-593
Success : LS : test2\a94a8fe5ccb19ba6\,0:-1,2016-12-13 11:58:53-720,2016-12-13 11:58:53-826
Success : CREATE_FILE : test2\a94a8fe5ccb19ba6\2a5bd02710e975a7\0E9A5C82567CA338,0:2443503,2016-12-13 11:58:53-925,2016-12-13 11:58:55-828
Success : LS : test2\a94a8fe5ccb19ba6\2a5bd02710e975a7\,0:-1,2016-12-13 11:58:55-955,2016-12-13 11:58:56-047
Success : CREATE_FILE : test2\a94a8fe5ccb19ba6\2a5bd02710e975a7\68488A4550D1C472,0:1971639,2016-12-13 11:58:56-132,2016-12-13 11:58:57-444
Success : SEQ_READ : test2\1a7683b6645f9b6a,0:14529,2016-12-13 11:58:57-569,2016-12-13 11:58:57-640
Fail : LS : test1,0:-1,2016-12-13 11:58:57-742,2016-12-13 11:58:57-742
Reason : java.lang.StringIndexOutOfBoundsException: String index out of range: -1
Success : SEQ_READ : test1\c5a5e5562b038073\a39ea9c72a98de10\41288c58009f7f6a,0:477,2016-12-13 11:58:57-840,2016-12-13 11:58:57-915
Success : LS : test2\a94a8fe5ccb19ba6\2a5bd02710e975a7\,0:-1,2016-12-13 11:58:57-994,2016-12-13 11:58:58-069
Success : LS : test1\c5a5e5562b038073\0189424a5a60fed3\,0:-1,2016-12-13 11:58:58-151,2016-12-13 11:58:58-267
Success : LS : test1\f71b43c3136efa4f\52481749c0cdecd6\,0:-1,2016-12-13 11:58:58-356,2016-12-13 11:58:58-453
Success : LS : test2\a94a8fe5ccb19ba6\2a5bd02710e975a7\,0:-1,2016-12-13 11:58:58-555,2016-12-13 11:58:58-637
Success : CREATE_FILE : test2\a94a8fe5ccb19ba6\2a5bd02710e975a7\7D136FB535F3CE02,0:448164,2016-12-13 11:58:58-732,2016-12-13 11:58:59-073
Success : SEQ_READ : test1\9832710c94f11d2b,0:34310397,2016-12-13 11:58:59-159,2016-12-13 11:58:59-233
Success : LS : test1\f71b43c3136efa4f\9f93e73d6896cb7b\,0:-1,2016-12-13 11:58:59-312,2016-12-13 11:58:59-373
Success : LS : test1\f71b43c3136efa4f\c7d9912886e5ccc7\,0:-1,2016-12-13 11:58:59-477,2016-12-13 11:58:59-626
Success : LS : test1\f71b43c3136efa4f\83404ffd78f534ff\,0:-1,2016-12-13 11:58:59-733,2016-12-13 11:58:59-794
Success : LS : test1\f71b43c3136efa4f\,0:-1,2016-12-13 11:58:59-878,2016-12-13 11:58:59-964
Success : LS : test2\a94a8fe5ccb19ba6\2a5bd02710e975a7\,0:-1,2016-12-13 11:59:00-050,2016-12-13 11:59:00-126
Success : CREATE_FILE : test2\a94a8fe5ccb19ba6\2a5bd02710e975a7\511E2A932C336254,0:683662,2016-12-13 11:59:00-201,2016-12-13 11:59:01-096
Success : LS : test2\a94a8fe5ccb19ba6\2a5bd02710e975a7\,0:-1,2016-12-13 11:59:01-220,2016-12-13 11:59:01-337
Success : CREATE_FILE : test2\a94a8fe5ccb19ba6\28866E0644FFF056,0:321035,2016-12-13 11:59:01-453,2016-12-13 11:59:01-700
Success : LS : test1\f71b43c3136efa4f\c7d9912886e5ccc7\,0:-1,2016-12-13 11:59:01-825,2016-12-13 11:59:01-925
Success : SEQ_READ : test2\a94a8fe5ccb19ba6\2a5bd02710e975a7\3eef580036f1724a,0:257,2016-12-13 11:59:02-007,2016-12-13 11:59:02-071
Success : LS : test1\c5a5e5562b038073\a39ea9c72a98de10\,0:-1,2016-12-13 11:59:02-156,2016-12-13 11:59:02-223
Success : LS : test2\a94a8fe5ccb19ba6\,0:-1,2016-12-13 11:59:02-303,2016-12-13 11:59:02-425
Success : CREATE_FILE : test2\a94a8fe5ccb19ba6\2a5bd02710e975a7\3099E5E640277A6E,0:2772686,2016-12-13 11:59:02-562,2016-12-13 11:59:04-850
Success : LS : test2\a94a8fe5ccb19ba6\2a5bd02710e975a7\,0:-1,2016-12-13 11:59:04-967,2016-12-13 11:59:05-051
Success : CREATE_FILE : test2\a94a8fe5ccb19ba6\2a5bd02710e975a7\746A92B6735E1C0A,0:966827,2016-12-13 11:59:05-137,2016-12-13 11:59:05-511
Success : LS : test2\a94a8fe5ccb19ba6\,0:-1,2016-12-13 11:59:05-661,2016-12-13 11:59:05-787
Success : LS : test2\a94a8fe5ccb19ba6\2a5bd02710e975a7\,0:-1,2016-12-13 11:59:05-903,2016-12-13 11:59:05-991
Success : LS : test2\a94a8fe5ccb19ba6\2a5bd02710e975a7\,0:-1,2016-12-13 11:59:06-065,2016-12-13 11:59:06-139
Success : CREATE_FILE : test2\a94a8fe5ccb19ba6\78028BE12761E676,0:1900242,2016-12-13 11:59:06-216,2016-12-13 11:59:07-559
Success : LS : test2\a94a8fe5ccb19ba6\,0:-1,2016-12-13 11:59:07-678,2016-12-13 11:59:07-817
Success : CREATE_FILE : test2\a94a8fe5ccb19ba6\35EE935E3CC0ED23,0:334040,2016-12-13 11:59:07-909,2016-12-13 11:59:08-087
Success : LS : test2\a94a8fe5ccb19ba6\,0:-1,2016-12-13 11:59:08-168,2016-12-13 11:59:08-264
Success : CREATE_FILE : test2\a94a8fe5ccb19ba6\6500B3D77EA0F0CD,0:780283,2016-12-13 11:59:08-338,2016-12-13 11:59:08-592
Success : LS : test2\a94a8fe5ccb19ba6\,0:-1,2016-12-13 11:59:08-701,2016-12-13 11:59:08-836
Success : CREATE_FILE : test2\a94a8fe5ccb19ba6\54D89EDC778D85D9,0:317409,2016-12-13 11:59:08-949,2016-12-13 11:59:09-121
Success : LS : test2\a94a8fe5ccb19ba6\,0:-1,2016-12-13 11:59:09-249,2016-12-13 11:59:09-356
Success : CREATE_FILE : test2\a94a8fe5ccb19ba6\5FF586724E948EE2,0:2061046,2016-12-13 11:59:09-467,2016-12-13 11:59:11-056
Success : LS : test2\a94a8fe5ccb19ba6\,0:-1,2016-12-13 11:59:11-169,2016-12-13 11:59:11-269
Success : SEQ_READ : test1\c5a5e5562b038073\0189424a5a60fed3\46a8219c2ae6c782,0:1544228,2016-12-13 11:59:11-349,2016-12-13 11:59:11-418
Fail : LS : test1,0:-1,2016-12-13 11:59:11-495,2016-12-13 11:59:11-495
Reason : java.lang.StringIndexOutOfBoundsException: String index out of range: -1
Success : SEQ_READ : test1\c5a5e5562b038073\767c14c8beb1e835,0:3818496,2016-12-13 11:59:11-574,2016-12-13 11:59:11-680
Success : SEQ_READ : test1\c5a5e5562b038073\0189424a5a60fed3\46a8219c2ae6c782,0:1544228,2016-12-13 11:59:11-793,2016-12-13 11:59:11-871
Success : LS : test2\a94a8fe5ccb19ba6\,0:-1,2016-12-13 11:59:11-978,2016-12-13 11:59:12-071
Success : CREATE_FILE : test2\a94a8fe5ccb19ba6\1209A83C2EC0E1E2,0:2093850,2016-12-13 11:59:12-188,2016-12-13 11:59:13-632
Success : LS : test2\a94a8fe5ccb19ba6\2a5bd02710e975a7\,0:-1,2016-12-13 11:59:13-756,2016-12-13 11:59:13-846
Success : LS : test2\a94a8fe5ccb19ba6\,0:-1,2016-12-13 11:59:13-962,2016-12-13 11:59:14-060
Success : LS : test1\f71b43c3136efa4f\52481749c0cdecd6\,0:-1,2016-12-13 11:59:14-148,2016-12-13 11:59:14-214
Fail : LS : test1,0:-1,2016-12-13 11:59:14-292,2016-12-13 11:59:14-293
Reason : java.lang.StringIndexOutOfBoundsException: String index out of range: -1
Success : LS : test2\a94a8fe5ccb19ba6\,0:-1,2016-12-13 11:59:14-368,2016-12-13 11:59:14-461
Success : CREATE_FILE : test2\a94a8fe5ccb19ba6\2a5bd02710e975a7\643D2C13331D9C28,0:2917983,2016-12-13 11:59:14-539,2016-12-13 11:59:16-715
Success : LS : test2\a94a8fe5ccb19ba6\2a5bd02710e975a7\,0:-1,2016-12-13 11:59:16-841,2016-12-13 11:59:16-929
Success : LS : test1\f71b43c3136efa4f\52481749c0cdecd6\,0:-1,2016-12-13 11:59:17-011,2016-12-13 11:59:17-083
Success : LS : test2\a94a8fe5ccb19ba6\2a5bd02710e975a7\,0:-1,2016-12-13 11:59:17-168,2016-12-13 11:59:17-248
Success : CREATE_FILE : test2\a94a8fe5ccb19ba6\756357E25E98D9FA,0:3549008,2016-12-13 11:59:17-323,2016-12-13 11:59:20-127
Success : LS : test2\a94a8fe5ccb19ba6\,0:-1,2016-12-13 11:59:20-208,2016-12-13 11:59:20-309
Success : CREATE_FILE : test2\a94a8fe5ccb19ba6\2a5bd02710e975a7\7418FF864BC7CD37,0:2502688,2016-12-13 11:59:20-412,2016-12-13 11:59:22-321
Success : LS : test2\a94a8fe5ccb19ba6\2a5bd02710e975a7\,0:-1,2016-12-13 11:59:22-445,2016-12-13 11:59:22-544
Success : CREATE_FILE : test2\a94a8fe5ccb19ba6\2a5bd02710e975a7\78F57D64707B2776,0:3129348,2016-12-13 11:59:22-630,2016-12-13 11:59:25-098
Success : LS : test2\a94a8fe5ccb19ba6\2a5bd02710e975a7\,0:-1,2016-12-13 11:59:25-224,2016-12-13 11:59:25-320
Success : CREATE_FILE : test2\a94a8fe5ccb19ba6\2a5bd02710e975a7\65938570062E781D,0:646711,2016-12-13 11:59:25-419,2016-12-13 11:59:25-706
Success : SEQ_READ : test1\c5a5e5562b038073\2d77b1044a6c5c82,0:764416,2016-12-13 11:59:25-833,2016-12-13 11:59:25-914
Success : LS : test1\f71b43c3136efa4f\83404ffd78f534ff\,0:-1,2016-12-13 11:59:26-003,2016-12-13 11:59:26-074
Success : LS : test1\f71b43c3136efa4f\,0:-1,2016-12-13 11:59:26-160,2016-12-13 11:59:26-226
Success : LS : test1\f71b43c3136efa4f\c7d9912886e5ccc7\,0:-1,2016-12-13 11:59:26-302,2016-12-13 11:59:26-366
Success : LS : test2\a94a8fe5ccb19ba6\2a5bd02710e975a7\,0:-1,2016-12-13 11:59:26-442,2016-12-13 11:59:26-522
Success : CREATE_FILE : test2\a94a8fe5ccb19ba6\79E93D193BB7811F,0:1918451,2016-12-13 11:59:26-596,2016-12-13 11:59:27-840
Success : LS : test2\a94a8fe5ccb19ba6\,0:-1,2016-12-13 11:59:27-962,2016-12-13 11:59:28-095
Success : CREATE_FILE : test2\a94a8fe5ccb19ba6\32B9115556B1C229,0:241122,2016-12-13 11:59:28-214,2016-12-13 11:59:28-588
Success : LS : test2\a94a8fe5ccb19ba6\,0:-1,2016-12-13 11:59:28-704,2016-12-13 11:59:28-809
Success : CREATE_FILE : test2\a94a8fe5ccb19ba6\6458D71267592C18,0:2327582,2016-12-13 11:59:28-914,2016-12-13 11:59:30-580
Success : SEQ_READ : test1\c5a5e5562b038073\2d77b1044a6c5c82,0:764416,2016-12-13 11:59:30-701,2016-12-13 11:59:30-782
Fail : LS : test1,0:-1,2016-12-13 11:59:30-875,2016-12-13 11:59:30-875
Reason : java.lang.StringIndexOutOfBoundsException: String index out of range: -1
Success : LS : test2\a94a8fe5ccb19ba6\2a5bd02710e975a7\,0:-1,2016-12-13 11:59:30-979,2016-12-13 11:59:31-064
Success : LS : test2\a94a8fe5ccb19ba6\,0:-1,2016-12-13 11:59:31-139,2016-12-13 11:59:31-242
Success : CREATE_FILE : test2\a94a8fe5ccb19ba6\7395D56E7A925E66,0:2310890,2016-12-13 11:59:31-318,2016-12-13 11:59:32-957
Success : LS : test2\a94a8fe5ccb19ba6\,0:-1,2016-12-13 11:59:33-083,2016-12-13 11:59:33-205
Success : CREATE_FILE : test2\a94a8fe5ccb19ba6\0FBC86B547E20C00,0:2196914,2016-12-13 11:59:33-327,2016-12-13 11:59:34-947
Success : LS : test2\a94a8fe5ccb19ba6\,0:-1,2016-12-13 11:59:35-062,2016-12-13 11:59:35-165
Success : CREATE_FILE : test2\a94a8fe5ccb19ba6\2a5bd02710e975a7\6BBAFD2535837ED4,0:4007811,2016-12-13 11:59:35-246,2016-12-13 11:59:39-320
Success : LS : test2\a94a8fe5ccb19ba6\2a5bd02710e975a7\,0:-1,2016-12-13 11:59:39-445,2016-12-13 11:59:39-540
Success : CREATE_FILE : test2\a94a8fe5ccb19ba6\2a5bd02710e975a7\26457DC22006D5A8,0:3622238,2016-12-13 11:59:39-658,2016-12-13 11:59:42-990
Success : LS : test1\f71b43c3136efa4f\c7d9912886e5ccc7\,0:-1,2016-12-13 11:59:43-101,2016-12-13 11:59:43-167
Success : SEQ_READ : test1\c5a5e5562b038073\c7734a16bf12bb03,0:364726,2016-12-13 11:59:43-241,2016-12-13 11:59:43-313
Success : LS : test1\f71b43c3136efa4f\9f93e73d6896cb7b\,0:-1,2016-12-13 11:59:43-388,2016-12-13 11:59:43-448
Success : LS : test1\f71b43c3136efa4f\83404ffd78f534ff\,0:-1,2016-12-13 11:59:43-523,2016-12-13 11:59:43-627
Success : LS : test2\a94a8fe5ccb19ba6\,0:-1,2016-12-13 11:59:43-719,2016-12-13 11:59:43-854
Success : LS : test2\a94a8fe5ccb19ba6\2a5bd02710e975a7\,0:-1,2016-12-13 11:59:43-956,2016-12-13 11:59:44-042
Success : CREATE_FILE : test2\a94a8fe5ccb19ba6\15BC9BF67EE2BE8F,0:2094014,2016-12-13 11:59:44-134,2016-12-13 11:59:45-766
Success : SEQ_READ : test1\c5a5e5562b038073\767c14c8beb1e835,0:3818496,2016-12-13 11:59:45-891,2016-12-13 11:59:45-969
Success : LS : test1\c5a5e5562b038073\0189424a5a60fed3\,0:-1,2016-12-13 11:59:46-048,2016-12-13 11:59:46-112
Success : LS : test1\c5a5e5562b038073\,0:-1,2016-12-13 11:59:46-186,2016-12-13 11:59:46-251
Success : LS : test2\a94a8fe5ccb19ba6\,0:-1,2016-12-13 11:59:46-368,2016-12-13 11:59:46-499
Success : CREATE_FILE : test2\a94a8fe5ccb19ba6\0132216C19B28E58,0:1080692,2016-12-13 11:59:46-620,2016-12-13 11:59:47-205
Success : LS : test2\a94a8fe5ccb19ba6\,0:-1,2016-12-13 11:59:47-289,2016-12-13 11:59:47-383
Success : CREATE_FILE : test2\a94a8fe5ccb19ba6\7231C1417F62C4B2,0:1380429,2016-12-13 11:59:47-468,2016-12-13 11:59:48-260
Success : LS : test2\a94a8fe5ccb19ba6\,0:-1,2016-12-13 11:59:48-384,2016-12-13 11:59:48-493
Success : CREATE_FILE : test2\a94a8fe5ccb19ba6\08931A5A2C6AF3E3,0:2757098,2016-12-13 11:59:48-583,2016-12-13 11:59:50-743
Success : LS : test2\a94a8fe5ccb19ba6\,0:-1,2016-12-13 11:59:50-857,2016-12-13 11:59:50-996
Success : CREATE_FILE : test2\a94a8fe5ccb19ba6\2a5bd02710e975a7\0BC2D7F7045F2032,0:3886696,2016-12-13 11:59:51-081,2016-12-13 11:59:55-579
Success : LS : test1\f71b43c3136efa4f\,0:-1,2016-12-13 11:59:55-706,2016-12-13 11:59:55-795
Success : LS : test1\f71b43c3136efa4f\52481749c0cdecd6\,0:-1,2016-12-13 11:59:55-917,2016-12-13 11:59:55-992
Fail : LS : test1,0:-1,2016-12-13 11:59:56-077,2016-12-13 11:59:56-077
Reason : java.lang.StringIndexOutOfBoundsException: String index out of range: -1
Success : LS : test2\a94a8fe5ccb19ba6\2a5bd02710e975a7\,0:-1,2016-12-13 11:59:56-163,2016-12-13 11:59:56-243
Success : LS : test2\a94a8fe5ccb19ba6\,0:-1,2016-12-13 11:59:56-322,2016-12-13 11:59:56-476
Success : LS : test2\a94a8fe5ccb19ba6\2a5bd02710e975a7\,0:-1,2016-12-13 11:59:56-560,2016-12-13 11:59:56-663
Success : CREATE_FILE : test2\a94a8fe5ccb19ba6\583B32CA661663A8,0:176498,2016-12-13 11:59:56-753,2016-12-13 11:59:56-945
Success : LS : test2\a94a8fe5ccb19ba6\,0:-1,2016-12-13 11:59:57-070,2016-12-13 11:59:57-176
Success : CREATE_FILE : test2\a94a8fe5ccb19ba6\2a5bd02710e975a7\10BB1BAC60681DD7,0:291776,2016-12-13 11:59:57-255,2016-12-13 11:59:57-483
Success : LS : test2\a94a8fe5ccb19ba6\2a5bd02710e975a7\,0:-1,2016-12-13 11:59:57-593,2016-12-13 11:59:57-677
Success : LS : test1\c5a5e5562b038073\a39ea9c72a98de10\,0:-1,2016-12-13 11:59:57-752,2016-12-13 11:59:57-843
Success : LS : test2\a94a8fe5ccb19ba6\2a5bd02710e975a7\,0:-1,2016-12-13 11:59:57-950,2016-12-13 11:59:58-030
Success : LS : test2\a94a8fe5ccb19ba6\2a5bd02710e975a7\,0:-1,2016-12-13 11:59:58-124,2016-12-13 11:59:58-208
Success : CREATE_FILE : test2\a94a8fe5ccb19ba6\5B0A68D25058E033,0:2135739,2016-12-13 11:59:58-285,2016-12-13 12:00:00-074
Success : LS : test2\a94a8fe5ccb19ba6\,0:-1,2016-12-13 12:00:00-199,2016-12-13 12:00:00-342
Success : CREATE_FILE : test2\a94a8fe5ccb19ba6\08548FE23A5446F0,0:3128319,2016-12-13 12:00:00-467,2016-12-13 12:00:03-331
Success : LS : test2\a94a8fe5ccb19ba6\,0:-1,2016-12-13 12:00:03-454,2016-12-13 12:00:03-586
Success : CREATE_FILE : test2\a94a8fe5ccb19ba6\2a5bd02710e975a7\6D9A79DA77660F09,0:921027,2016-12-13 12:00:03-706,2016-12-13 12:00:04-127
Success : LS : test2\a94a8fe5ccb19ba6\2a5bd02710e975a7\,0:-1,2016-12-13 12:00:04-246,2016-12-13 12:00:04-339
Success : CREATE_FILE : test2\a94a8fe5ccb19ba6\77B63192797B8CCD,0:4038855,2016-12-13 12:00:04-430,2016-12-13 12:00:07-916
Success : LS : test2\a94a8fe5ccb19ba6\2a5bd02710e975a7\,0:-1,2016-12-13 12:00:08-042,2016-12-13 12:00:08-125
Success : LS : test2\a94a8fe5ccb19ba6\,0:-1,2016-12-13 12:00:08-207,2016-12-13 12:00:08-305
Success : CREATE_FILE : test2\a94a8fe5ccb19ba6\2a5bd02710e975a7\00B4F152096B5D03,0:1652605,2016-12-13 12:00:08-379,2016-12-13 12:00:09-628
Success : LS : test2\a94a8fe5ccb19ba6\2a5bd02710e975a7\,0:-1,2016-12-13 12:00:09-745,2016-12-13 12:00:09-854
Success : CREATE_FILE : test2\a94a8fe5ccb19ba6\2a5bd02710e975a7\6B4D64D00654171D,0:2887441,2016-12-13 12:00:09-972,2016-12-13 12:00:12-351
Success : LS : test2\a94a8fe5ccb19ba6\2a5bd02710e975a7\,0:-1,2016-12-13 12:00:12-476,2016-12-13 12:00:12-564
Success : CREATE_FILE : test2\a94a8fe5ccb19ba6\2a5bd02710e975a7\1E0B146D112EF5B9,0:1637036,2016-12-13 12:00:12-659,2016-12-13 12:00:13-911
Success : LS : test2\a94a8fe5ccb19ba6\2a5bd02710e975a7\,0:-1,2016-12-13 12:00:14-041,2016-12-13 12:00:14-131
Success : CREATE_FILE : test2\a94a8fe5ccb19ba6\2a5bd02710e975a7\3061BA857D9E96C7,0:4003293,2016-12-13 12:00:14-218,2016-12-13 12:00:18-073
Success : LS : test2\a94a8fe5ccb19ba6\2a5bd02710e975a7\,0:-1,2016-12-13 12:00:18-198,2016-12-13 12:00:18-312
Success : CREATE_FILE : test2\a94a8fe5ccb19ba6\6F1332B562B50F35,0:490370,2016-12-13 12:00:18-403,2016-12-13 12:00:18-609
Success : LS : test1\f71b43c3136efa4f\,0:-1,2016-12-13 12:00:18-734,2016-12-13 12:00:18-809
Fail : LS : test1,0:-1,2016-12-13 12:00:18-932,2016-12-13 12:00:18-932
Reason : java.lang.StringIndexOutOfBoundsException: String index out of range: -1
Success : LS : test2\a94a8fe5ccb19ba6\,0:-1,2016-12-13 12:00:19-019,2016-12-13 12:00:19-118
Success : LS : test2\a94a8fe5ccb19ba6\,0:-1,2016-12-13 12:00:19-241,2016-12-13 12:00:19-348
Success : CREATE_FILE : test2\a94a8fe5ccb19ba6\7964EFB34407A1DF,0:743128,2016-12-13 12:00:19-464,2016-12-13 12:00:20-097
Success : LS : test2\a94a8fe5ccb19ba6\,0:-1,2016-12-13 12:00:20-190,2016-12-13 12:00:20-287
Success : CREATE_FILE : test2\a94a8fe5ccb19ba6\5C356CFC155C1A77,0:392674,2016-12-13 12:00:20-366,2016-12-13 12:00:20-665
Success : LS : test2\a94a8fe5ccb19ba6\,0:-1,2016-12-13 12:00:20-783,2016-12-13 12:00:20-925
Success : CREATE_FILE : test2\a94a8fe5ccb19ba6\16F32D701028AC7D,0:2302983,2016-12-13 12:00:21-031,2016-12-13 12:00:22-910
Success : LS : test2\a94a8fe5ccb19ba6\,0:-1,2016-12-13 12:00:23-053,2016-12-13 12:00:23-168
Success : CREATE_FILE : test2\a94a8fe5ccb19ba6\2a5bd02710e975a7\27420734312F83CA,0:2602005,2016-12-13 12:00:23-300,2016-12-13 12:00:25-441
Success : LS : test1\f71b43c3136efa4f\,0:-1,2016-12-13 12:00:25-562,2016-12-13 12:00:25-663
Success : LS : test1\f71b43c3136efa4f\52481749c0cdecd6\,0:-1,2016-12-13 12:00:25-764,2016-12-13 12:00:25-863
Success : LS : test2\a94a8fe5ccb19ba6\2a5bd02710e975a7\,0:-1,2016-12-13 12:00:25-952,2016-12-13 12:00:26-037
Success : LS : test2\a94a8fe5ccb19ba6\,0:-1,2016-12-13 12:00:26-122,2016-12-13 12:00:26-223
Success : LS : test2\a94a8fe5ccb19ba6\2a5bd02710e975a7\,0:-1,2016-12-13 12:00:26-305,2016-12-13 12:00:26-397
Success : CREATE_FILE : test2\a94a8fe5ccb19ba6\2a5bd02710e975a7\0D60267324D1E04A,0:1869993,2016-12-13 12:00:26-474,2016-12-13 12:00:27-731
Fail : LS : test1,0:-1,2016-12-13 12:00:27-850,2016-12-13 12:00:27-850
Reason : java.lang.StringIndexOutOfBoundsException: String index out of range: -1
Fail : LS : test1,0:-1,2016-12-13 12:00:27-974,2016-12-13 12:00:27-974
Reason : java.lang.StringIndexOutOfBoundsException: String index out of range: -1
Success : LS : test1\c5a5e5562b038073\a39ea9c72a98de10\,0:-1,2016-12-13 12:00:28-087,2016-12-13 12:00:28-189
Success : LS : test1\f71b43c3136efa4f\,0:-1,2016-12-13 12:00:28-280,2016-12-13 12:00:28-344
Success : LS : test1\f71b43c3136efa4f\,0:-1,2016-12-13 12:00:28-419,2016-12-13 12:00:28-521
Success : LS : test2\a94a8fe5ccb19ba6\2a5bd02710e975a7\,0:-1,2016-12-13 12:00:28-610,2016-12-13 12:00:28-726
Success : CREATE_FILE : test2\a94a8fe5ccb19ba6\71CCA4630693AA60,0:1236222,2016-12-13 12:00:28-837,2016-12-13 12:00:29-390
Success : LS : test1\f71b43c3136efa4f\9f93e73d6896cb7b\,0:-1,2016-12-13 12:00:29-510,2016-12-13 12:00:29-611
Success : LS : test2\a94a8fe5ccb19ba6\2a5bd02710e975a7\,0:-1,2016-12-13 12:00:29-700,2016-12-13 12:00:29-791
Success : LS : test1\f71b43c3136efa4f\52481749c0cdecd6\,0:-1,2016-12-13 12:00:29-868,2016-12-13 12:00:29-929
Success : LS : test1\f71b43c3136efa4f\9f93e73d6896cb7b\,0:-1,2016-12-13 12:00:30-048,2016-12-13 12:00:30-117
Success : LS : test1\f71b43c3136efa4f\c7d9912886e5ccc7\,0:-1,2016-12-13 12:00:30-207,2016-12-13 12:00:30-270
Success : LS : test1\f71b43c3136efa4f\9f93e73d6896cb7b\,0:-1,2016-12-13 12:00:30-343,2016-12-13 12:00:31-104
Success : LS : test2\a94a8fe5ccb19ba6\,0:-1,2016-12-13 12:00:31-195,2016-12-13 12:00:31-346
Success : LS : test2\a94a8fe5ccb19ba6\,0:-1,2016-12-13 12:00:31-465,2016-12-13 12:00:32-139
Success : CREATE_FILE : test2\a94a8fe5ccb19ba6\566423504F1284BD,0:2431584,2016-12-13 12:00:32-226,2016-12-13 12:00:34-007
Success : SEQ_READ : test1\c5a5e5562b038073\738537f9a40e568b,0:17984,2016-12-13 12:00:34-127,2016-12-13 12:00:34-239
Success : LS : test1\f71b43c3136efa4f\52481749c0cdecd6\,0:-1,2016-12-13 12:00:34-351,2016-12-13 12:00:34-449
Success : SEQ_READ : test2\8da7cc13802eefe0,0:22987191,2016-12-13 12:00:34-570,2016-12-13 12:00:34-651
Success : SEQ_READ : test1\c5a5e5562b038073\fbe0d7653f0909cb,0:1611,2016-12-13 12:00:34-747,2016-12-13 12:00:34-811
Success : LS : test2\a94a8fe5ccb19ba6\,0:-1,2016-12-13 12:00:34-919,2016-12-13 12:00:35-163
Success : CREATE_FILE : test2\a94a8fe5ccb19ba6\3BA5CF01633A5649,0:705667,2016-12-13 12:00:35-246,2016-12-13 12:00:35-531
Success : LS : test2\a94a8fe5ccb19ba6\,0:-1,2016-12-13 12:00:35-606,2016-12-13 12:00:35-697
Success : CREATE_FILE : test2\a94a8fe5ccb19ba6\5B14222817EBEFA8,0:3773290,2016-12-13 12:00:35-796,2016-12-13 12:00:39-298
Success : LS : test2\a94a8fe5ccb19ba6\,0:-1,2016-12-13 12:00:39-416,2016-12-13 12:00:39-523
Success : CREATE_FILE : test2\a94a8fe5ccb19ba6\15254A892CEBB82B,0:762949,2016-12-13 12:00:39-599,2016-12-13 12:00:40-036
Success : LS : test2\a94a8fe5ccb19ba6\2a5bd02710e975a7\,0:-1,2016-12-13 12:00:40-162,2016-12-13 12:00:40-252
Success : LS : test1\c5a5e5562b038073\a39ea9c72a98de10\,0:-1,2016-12-13 12:00:40-379,2016-12-13 12:00:40-454
Fail : LS : test1,0:-1,2016-12-13 12:00:40-561,2016-12-13 12:00:40-561
Reason : java.lang.StringIndexOutOfBoundsException: String index out of range: -1
Success : LS : test2\a94a8fe5ccb19ba6\2a5bd02710e975a7\,0:-1,2016-12-13 12:00:40-686,2016-12-13 12:00:40-794
Success : LS : test2\a94a8fe5ccb19ba6\,0:-1,2016-12-13 12:00:40-970,2016-12-13 12:00:41-071
Success : CREATE_FILE : test2\a94a8fe5ccb19ba6\5CDE6CE74D1550B8,0:3052594,2016-12-13 12:00:41-159,2016-12-13 12:00:43-802
Success : LS : test2\a94a8fe5ccb19ba6\,0:-1,2016-12-13 12:00:43-925,2016-12-13 12:00:44-054
Success : CREATE_FILE : test2\a94a8fe5ccb19ba6\047DFF4E48AC7C8B,0:2049021,2016-12-13 12:00:44-139,2016-12-13 12:00:45-787
Success : LS : test1\f71b43c3136efa4f\9f93e73d6896cb7b\,0:-1,2016-12-13 12:00:45-911,2016-12-13 12:00:45-985
Success : LS : test1\f71b43c3136efa4f\9f93e73d6896cb7b\,0:-1,2016-12-13 12:00:46-093,2016-12-13 12:00:46-194
Success : LS : test2\a94a8fe5ccb19ba6\,0:-1,2016-12-13 12:00:46-285,2016-12-13 12:00:46-380
Success : LS : test1\f71b43c3136efa4f\83404ffd78f534ff\,0:-1,2016-12-13 12:00:46-492,2016-12-13 12:00:46-564
Success : LS : test2\a94a8fe5ccb19ba6\,0:-1,2016-12-13 12:00:46-674,2016-12-13 12:00:46-777
Success : CREATE_FILE : test2\a94a8fe5ccb19ba6\420517DE31CCDEF1,0:11297,2016-12-13 12:00:46-905,2016-12-13 12:00:47-051
Success : LS : test2\a94a8fe5ccb19ba6\,0:-1,2016-12-13 12:00:47-146,2016-12-13 12:00:47-241
Success : CREATE_FILE : test2\a94a8fe5ccb19ba6\1D1A75764ACC0B98,0:466211,2016-12-13 12:00:47-331,2016-12-13 12:00:47-470
Success : LS : test2\a94a8fe5ccb19ba6\,0:-1,2016-12-13 12:00:47-582,2016-12-13 12:00:47-687
Success : CREATE_FILE : test2\a94a8fe5ccb19ba6\655C267F3713D83F,0:1012743,2016-12-13 12:00:47-778,2016-12-13 12:00:48-013
Success : LS : test1\c5a5e5562b038073\0189424a5a60fed3\,0:-1,2016-12-13 12:00:48-137,2016-12-13 12:00:48-212
Success : LS : test2\a94a8fe5ccb19ba6\,0:-1,2016-12-13 12:00:48-291,2016-12-13 12:00:48-422
Success : CREATE_FILE : test2\a94a8fe5ccb19ba6\168F0B27356CDDAD,0:569941,2016-12-13 12:00:48-540,2016-12-13 12:00:48-726
Success : LS : test2\a94a8fe5ccb19ba6\,0:-1,2016-12-13 12:00:48-841,2016-12-13 12:00:48-945
Success : CREATE_FILE : test2\a94a8fe5ccb19ba6\7C6BF7141B73E579,0:2995184,2016-12-13 12:00:49-064,2016-12-13 12:00:51-683
Success : LS : test2\a94a8fe5ccb19ba6\,0:-1,2016-12-13 12:00:51-808,2016-12-13 12:00:51-916
Success : CREATE_FILE : test2\a94a8fe5ccb19ba6\2a5bd02710e975a7\0AE69C8453A0F5DB,0:3005999,2016-12-13 12:00:52-030,2016-12-13 12:00:55-000
Success : LS : test2\a94a8fe5ccb19ba6\2a5bd02710e975a7\,0:-1,2016-12-13 12:00:55-119,2016-12-13 12:00:55-242
Success : CREATE_FILE : test2\a94a8fe5ccb19ba6\49EF61CA4A7BB115,0:3703140,2016-12-13 12:00:55-353,2016-12-13 12:00:59-197
Success : LS : test2\a94a8fe5ccb19ba6\,0:-1,2016-12-13 12:00:59-276,2016-12-13 12:00:59-378
Success : CREATE_FILE : test2\a94a8fe5ccb19ba6\4A0150936400799A,0:3712589,2016-12-13 12:00:59-473,2016-12-13 12:01:02-695
Success : LS : test2\a94a8fe5ccb19ba6\,0:-1,2016-12-13 12:01:02-819,2016-12-13 12:01:02-925
Success : CREATE_FILE : test2\a94a8fe5ccb19ba6\130A7B1625096591,0:2120335,2016-12-13 12:01:03-003,2016-12-13 12:01:04-921
Success : LS : test2\a94a8fe5ccb19ba6\2a5bd02710e975a7\,0:-1,2016-12-13 12:01:05-037,2016-12-13 12:01:05-121
Success : LS : test1\c5a5e5562b038073\,0:-1,2016-12-13 12:01:05-210,2016-12-13 12:01:05-275
Success : LS : test1\f71b43c3136efa4f\c7d9912886e5ccc7\,0:-1,2016-12-13 12:01:05-403,2016-12-13 12:01:05-475
Success : LS : test2\a94a8fe5ccb19ba6\2a5bd02710e975a7\,0:-1,2016-12-13 12:01:05-593,2016-12-13 12:01:05-677
Success : LS : test2\a94a8fe5ccb19ba6\,0:-1,2016-12-13 12:01:05-751,2016-12-13 12:01:05-894
Success : CREATE_FILE : test2\a94a8fe5ccb19ba6\2a5bd02710e975a7\4CCE8EBC5890CEAF,0:449038,2016-12-13 12:01:06-004,2016-12-13 12:01:06-227
Success : LS : test2\a94a8fe5ccb19ba6\2a5bd02710e975a7\,0:-1,2016-12-13 12:01:06-351,2016-12-13 12:01:06-467
Success : CREATE_FILE : test2\a94a8fe5ccb19ba6\410C2CF535C85171,0:2423857,2016-12-13 12:01:06-571,2016-12-13 12:01:09-633
Success : LS : test2\a94a8fe5ccb19ba6\,0:-1,2016-12-13 12:01:09-755,2016-12-13 12:01:09-861
Success : CREATE_FILE : test2\a94a8fe5ccb19ba6\1AF29F14409CDB30,0:3773812,2016-12-13 12:01:09-981,2016-12-13 12:01:13-265
Success : LS : test1\c5a5e5562b038073\0189424a5a60fed3\,0:-1,2016-12-13 12:01:13-379,2016-12-13 12:01:13-447
Success : LS : test2\a94a8fe5ccb19ba6\,0:-1,2016-12-13 12:01:13-552,2016-12-13 12:01:13-655
Fail : LS : test1,0:-1,2016-12-13 12:01:13-730,2016-12-13 12:01:13-730
Reason : java.lang.StringIndexOutOfBoundsException: String index out of range: -1
Success : LS : test1\c5a5e5562b038073\,0:-1,2016-12-13 12:01:13-838,2016-12-13 12:01:13-907
Success : LS : test2\a94a8fe5ccb19ba6\,0:-1,2016-12-13 12:01:13-982,2016-12-13 12:01:14-084
Success : CREATE_FILE : test2\a94a8fe5ccb19ba6\2a5bd02710e975a7\715DFE9F68B382D1,0:2908690,2016-12-13 12:01:14-225,2016-12-13 12:01:16-770
Success : LS : test2\a94a8fe5ccb19ba6\2a5bd02710e975a7\,0:-1,2016-12-13 12:01:16-895,2016-12-13 12:01:16-982
Success : CREATE_FILE : test2\a94a8fe5ccb19ba6\6BC23A41116C9C35,0:3322685,2016-12-13 12:01:17-081,2016-12-13 12:01:19-946
Success : LS : test2\a94a8fe5ccb19ba6\,0:-1,2016-12-13 12:01:20-068,2016-12-13 12:01:20-178
Success : CREATE_FILE : test2\a94a8fe5ccb19ba6\2a5bd02710e975a7\1D98E39E0D26092B,0:2400935,2016-12-13 12:01:20-259,2016-12-13 12:01:22-109
Fail : LS : test1,0:-1,2016-12-13 12:01:22-237,2016-12-13 12:01:22-237
Reason : java.lang.StringIndexOutOfBoundsException: String index out of range: -1
Success : LS : test2\a94a8fe5ccb19ba6\,0:-1,2016-12-13 12:01:22-334,2016-12-13 12:01:22-456
Success : LS : test1\f71b43c3136efa4f\c7d9912886e5ccc7\,0:-1,2016-12-13 12:01:22-580,2016-12-13 12:01:22-681
Success : LS : test2\a94a8fe5ccb19ba6\2a5bd02710e975a7\,0:-1,2016-12-13 12:01:22-774,2016-12-13 12:01:22-888
Success : CREATE_FILE : test2\a94a8fe5ccb19ba6\3E6ED0565B917898,0:1245205,2016-12-13 12:01:22-974,2016-12-13 12:01:23-567
Success : LS : test2\a94a8fe5ccb19ba6\,0:-1,2016-12-13 12:01:23-690,2016-12-13 12:01:23-833
Success : CREATE_FILE : test2\a94a8fe5ccb19ba6\3E4195C85C9FAE61,0:619377,2016-12-13 12:01:23-955,2016-12-13 12:01:24-163
Success : LS : test2\a94a8fe5ccb19ba6\,0:-1,2016-12-13 12:01:24-261,2016-12-13 12:01:24-395
Success : CREATE_FILE : test2\a94a8fe5ccb19ba6\2a5bd02710e975a7\6E1081382962AD0F,0:2786737,2016-12-13 12:01:24-516,2016-12-13 12:01:26-662
Success : LS : test2\a94a8fe5ccb19ba6\2a5bd02710e975a7\,0:-1,2016-12-13 12:01:26-778,2016-12-13 12:01:26-894
Success : CREATE_FILE : test2\a94a8fe5ccb19ba6\2a5bd02710e975a7\5E53313925BBA587,0:3661551,2016-12-13 12:01:26-989,2016-12-13 12:01:30-262
Success : LS : test1\f71b43c3136efa4f\52481749c0cdecd6\,0:-1,2016-12-13 12:01:30-382,2016-12-13 12:01:30-503
Success : LS : test1\f71b43c3136efa4f\,0:-1,2016-12-13 12:01:30-577,2016-12-13 12:01:30-676
Success : LS : test2\a94a8fe5ccb19ba6\2a5bd02710e975a7\,0:-1,2016-12-13 12:01:30-777,2016-12-13 12:01:30-862
Success : CREATE_FILE : test2\a94a8fe5ccb19ba6\2a5bd02710e975a7\3E00C7391027774F,0:3264793,2016-12-13 12:01:30-948,2016-12-13 12:01:33-653
Success : LS : test2\a94a8fe5ccb19ba6\2a5bd02710e975a7\,0:-1,2016-12-13 12:01:33-765,2016-12-13 12:01:33-848
Success : CREATE_FILE : test2\a94a8fe5ccb19ba6\29BB9F02302CBCA2,0:1308419,2016-12-13 12:01:33-957,2016-12-13 12:01:34-695
Success : LS : test2\a94a8fe5ccb19ba6\,0:-1,2016-12-13 12:01:34-818,2016-12-13 12:01:34-926
Success : CREATE_FILE : test2\a94a8fe5ccb19ba6\63FD62DE3764A115,0:773183,2016-12-13 12:01:35-011,2016-12-13 12:01:35-306
Success : LS : test2\a94a8fe5ccb19ba6\,0:-1,2016-12-13 12:01:35-385,2016-12-13 12:01:35-480
Success : CREATE_FILE : test2\a94a8fe5ccb19ba6\4B791A595E7B58D9,0:3368438,2016-12-13 12:01:35-581,2016-12-13 12:01:38-420
Success : LS : test2\a94a8fe5ccb19ba6\,0:-1,2016-12-13 12:01:38-493,2016-12-13 12:01:38-587
Success : CREATE_FILE : test2\a94a8fe5ccb19ba6\288DE4E4615949FF,0:2091426,2016-12-13 12:01:38-665,2016-12-13 12:01:40-766
Success : LS : test1\f71b43c3136efa4f\c7d9912886e5ccc7\,0:-1,2016-12-13 12:01:40-890,2016-12-13 12:01:40-965
Success : LS : test2\a94a8fe5ccb19ba6\2a5bd02710e975a7\,0:-1,2016-12-13 12:01:41-068,2016-12-13 12:01:41-151
Success : LS : test1\c5a5e5562b038073\0189424a5a60fed3\,0:-1,2016-12-13 12:01:41-234,2016-12-13 12:01:41-299
Success : SEQ_READ : test1\c5a5e5562b038073\2015a7ab48ae9a58,0:28672,2016-12-13 12:01:41-377,2016-12-13 12:01:41-462
Success : LS : test2\a94a8fe5ccb19ba6\,0:-1,2016-12-13 12:01:41-544,2016-12-13 12:01:41-637
Success : LS : test1\f71b43c3136efa4f\c7d9912886e5ccc7\,0:-1,2016-12-13 12:01:41-712,2016-12-13 12:01:41-784
Fail : LS : test1,0:-1,2016-12-13 12:01:41-902,2016-12-13 12:01:41-902
Reason : java.lang.StringIndexOutOfBoundsException: String index out of range: -1
Success : LS : test1\c5a5e5562b038073\,0:-1,2016-12-13 12:01:41-993,2016-12-13 12:01:42-095
Success : LS : test2\a94a8fe5ccb19ba6\,0:-1,2016-12-13 12:01:42-189,2016-12-13 12:01:42-287
Success : CREATE_FILE : test2\a94a8fe5ccb19ba6\5932E4F21306D464,0:3441931,2016-12-13 12:01:42-375,2016-12-13 12:01:45-302
Success : LS : test1\c5a5e5562b038073\a39ea9c72a98de10\,0:-1,2016-12-13 12:01:45-424,2016-12-13 12:01:45-527
Success : LS : test1\f71b43c3136efa4f\52481749c0cdecd6\,0:-1,2016-12-13 12:01:45-624,2016-12-13 12:01:45-689
Success : LS : test1\f71b43c3136efa4f\,0:-1,2016-12-13 12:01:45-808,2016-12-13 12:01:45-877
Success : LS : test2\a94a8fe5ccb19ba6\,0:-1,2016-12-13 12:01:45-979,2016-12-13 12:01:46-112
Success : LS : test2\a94a8fe5ccb19ba6\,0:-1,2016-12-13 12:01:46-205,2016-12-13 12:01:46-339
Success : CREATE_FILE : test2\a94a8fe5ccb19ba6\0D07A7066CBA7334,0:3483505,2016-12-13 12:01:46-463,2016-12-13 12:01:49-307
Success : LS : test2\a94a8fe5ccb19ba6\,0:-1,2016-12-13 12:01:49-427,2016-12-13 12:01:49-567
Success : CREATE_FILE : test2\a94a8fe5ccb19ba6\287F54724FAE520E,0:33554,2016-12-13 12:01:49-656,2016-12-13 12:01:49-798
Success : LS : test1\c5a5e5562b038073\,0:-1,2016-12-13 12:01:49-919,2016-12-13 12:01:49-991
Success : LS : test1\c5a5e5562b038073\0189424a5a60fed3\,0:-1,2016-12-13 12:01:50-077,2016-12-13 12:01:50-144
Success : LS : test1\c5a5e5562b038073\0189424a5a60fed3\,0:-1,2016-12-13 12:01:50-230,2016-12-13 12:01:50-295
Success : LS : test1\f71b43c3136efa4f\,0:-1,2016-12-13 12:01:50-373,2016-12-13 12:01:50-435
Success : LS : test1\c5a5e5562b038073\0189424a5a60fed3\,0:-1,2016-12-13 12:01:50-509,2016-12-13 12:01:50-572
Success : LS : test2\a94a8fe5ccb19ba6\,0:-1,2016-12-13 12:01:50-660,2016-12-13 12:01:50-784
Success : CREATE_FILE : test2\a94a8fe5ccb19ba6\46ECA0B224FFBAB7,0:900779,2016-12-13 12:01:50-878,2016-12-13 12:01:51-142
Success : LS : test2\a94a8fe5ccb19ba6\,0:-1,2016-12-13 12:01:51-253,2016-12-13 12:01:51-389
Success : CREATE_FILE : test2\a94a8fe5ccb19ba6\1D7029282FF82E48,0:625134,2016-12-13 12:01:51-489,2016-12-13 12:01:52-349
Fail : LS : test1,0:-1,2016-12-13 12:01:52-467,2016-12-13 12:01:52-467
Reason : java.lang.StringIndexOutOfBoundsException: String index out of range: -1
Success : LS : test2\a94a8fe5ccb19ba6\,0:-1,2016-12-13 12:01:52-552,2016-12-13 12:01:52-652
Success : SEQ_READ : test1\c5a5e5562b038073\0caa882bd1034750,0:324096,2016-12-13 12:01:52-768,2016-12-13 12:01:52-841
Success : SEQ_READ : test2\6c33a983eec1b409,0:2291,2016-12-13 12:01:52-915,2016-12-13 12:01:53-004
Success : LS : test2\a94a8fe5ccb19ba6\,0:-1,2016-12-13 12:01:53-091,2016-12-13 12:01:53-201
Success : CREATE_FILE : test2\a94a8fe5ccb19ba6\4CAAFDC531711DFA,0:3660910,2016-12-13 12:01:53-283,2016-12-13 12:01:56-464
Success : LS : test2\a94a8fe5ccb19ba6\,0:-1,2016-12-13 12:01:56-575,2016-12-13 12:01:56-674
Success : CREATE_FILE : test2\a94a8fe5ccb19ba6\04833FEB1B22196C,0:1074671,2016-12-13 12:01:56-795,2016-12-13 12:01:57-241
Fail : LS : test1,0:-1,2016-12-13 12:01:57-350,2016-12-13 12:01:57-350
Reason : java.lang.StringIndexOutOfBoundsException: String index out of range: -1
Success : LS : test1\c5a5e5562b038073\0189424a5a60fed3\,0:-1,2016-12-13 12:01:57-429,2016-12-13 12:01:57-529
Fail : LS : test1,0:-1,2016-12-13 12:01:57-618,2016-12-13 12:01:57-618
Reason : java.lang.StringIndexOutOfBoundsException: String index out of range: -1
Success : LS : test2\a94a8fe5ccb19ba6\2a5bd02710e975a7\,0:-1,2016-12-13 12:01:57-709,2016-12-13 12:01:57-787
Success : LS : test2\a94a8fe5ccb19ba6\,0:-1,2016-12-13 12:01:57-885,2016-12-13 12:01:57-988
Success : CREATE_FILE : test2\a94a8fe5ccb19ba6\2a5bd02710e975a7\352ED19D275CDE5A,0:2430451,2016-12-13 12:01:58-071,2016-12-13 12:01:59-850
Fail : LS : test1,0:-1,2016-12-13 12:01:59-968,2016-12-13 12:01:59-968
Reason : java.lang.StringIndexOutOfBoundsException: String index out of range: -1
Success : LS : test2\a94a8fe5ccb19ba6\2a5bd02710e975a7\,0:-1,2016-12-13 12:02:00-088,2016-12-13 12:02:00-186
Success : CREATE_FILE : test2\a94a8fe5ccb19ba6\2a5bd02710e975a7\54819DB1796730C6,0:1741335,2016-12-13 12:02:00-265,2016-12-13 12:02:01-520
Success : LS : test2\a94a8fe5ccb19ba6\2a5bd02710e975a7\,0:-1,2016-12-13 12:02:01-641,2016-12-13 12:02:01-725
Success : CREATE_FILE : test2\a94a8fe5ccb19ba6\2a5bd02710e975a7\373260320329378C,0:3278532,2016-12-13 12:02:01-825,2016-12-13 12:02:04-579
Success : LS : test2\a94a8fe5ccb19ba6\2a5bd02710e975a7\,0:-1,2016-12-13 12:02:04-705,2016-12-13 12:02:04-822
Success : CREATE_FILE : test2\a94a8fe5ccb19ba6\7A2D264C55ABD664,0:1387749,2016-12-13 12:02:04-938,2016-12-13 12:02:05-667
Success : LS : test2\a94a8fe5ccb19ba6\,0:-1,2016-12-13 12:02:05-787,2016-12-13 12:02:05-894
Success : CREATE_FILE : test2\a94a8fe5ccb19ba6\4A06702B39D4108E,0:3312722,2016-12-13 12:02:05-989,2016-12-13 12:02:08-666
Success : LS : test2\a94a8fe5ccb19ba6\,0:-1,2016-12-13 12:02:08-791,2016-12-13 12:02:08-899
Success : CREATE_FILE : test2\a94a8fe5ccb19ba6\2a5bd02710e975a7\75785D2F5AC15683,0:3613901,2016-12-13 12:02:09-016,2016-12-13 12:02:12-347
Success : LS : test2\a94a8fe5ccb19ba6\2a5bd02710e975a7\,0:-1,2016-12-13 12:02:12-467,2016-12-13 12:02:12-554
Success : LS : test2\a94a8fe5ccb19ba6\,0:-1,2016-12-13 12:02:12-669,2016-12-13 12:02:12-775
Success : LS : test1\f71b43c3136efa4f\,0:-1,2016-12-13 12:02:12-871,2016-12-13 12:02:12-974
Success : SEQ_READ : test1\f71b43c3136efa4f\83404ffd78f534ff\6670af231c096f09,0:129,2016-12-13 12:02:13-096,2016-12-13 12:02:13-166
Success : LS : test2\a94a8fe5ccb19ba6\2a5bd02710e975a7\,0:-1,2016-12-13 12:02:13-243,2016-12-13 12:02:13-362
Success : CREATE_FILE : test2\a94a8fe5ccb19ba6\4AE06BBF1B4B3C9B,0:301988,2016-12-13 12:02:13-452,2016-12-13 12:02:13-692
Success : LS : test2\a94a8fe5ccb19ba6\,0:-1,2016-12-13 12:02:13-816,2016-12-13 12:02:13-958
Success : CREATE_FILE : test2\a94a8fe5ccb19ba6\295BDE5D3311C255,0:234881,2016-12-13 12:02:14-077,2016-12-13 12:02:14-233
Success : LS : test2\a94a8fe5ccb19ba6\,0:-1,2016-12-13 12:02:14-333,2016-12-13 12:02:14-430
Success : CREATE_FILE : test2\a94a8fe5ccb19ba6\2a5bd02710e975a7\3B1541445A3C3315,0:994604,2016-12-13 12:02:14-543,2016-12-13 12:02:14-811
Success : LS : test2\a94a8fe5ccb19ba6\2a5bd02710e975a7\,0:-1,2016-12-13 12:02:14-938,2016-12-13 12:02:15-059
