Success : SEQ_READ : test1\c5a5e5562b038073\c7734a16bf12bb03,0:289792,2016-12-17 23:20:24-795,2016-12-17 23:20:24-803
Success : CREATE_FILE : test2\a94a8fe5ccb19ba6\2a5bd02710e975a7\49CB06383D4B8069,0:1451675,2016-12-17 23:20:24-804,2016-12-17 23:20:25-628
Success : SEQ_READ : test1\9832710c94f11d2b,0:4430848,2016-12-17 23:20:25-628,2016-12-17 23:20:25-705
Success : SEQ_READ : test1\f71b43c3136efa4f\83404ffd78f534ff\6670af231c096f09,0:129,2016-12-17 23:20:25-705,2016-12-17 23:20:25-708
Success : SEQ_READ : test1\c5a5e5562b038073\a39ea9c72a98de10\41288c58009f7f6a,0:477,2016-12-17 23:20:25-709,2016-12-17 23:20:25-710
Success : RANDOM_WRITE : test1\c5a5e5562b038073\2015a7ab48ae9a58,0:17408,2016-12-17 23:20:25-710,2016-12-17 23:20:25-711
Success : SEQ_READ : test2\6c33a983eec1b409,0:1024,2016-12-17 23:20:25-712,2016-12-17 23:20:25-713
Success : SEQ_READ : test2\a94a8fe5ccb19ba6\2a5bd02710e975a7\178db47a574c645f,0:257,2016-12-17 23:20:25-713,2016-12-17 23:20:25-714
Success : RANDOM_WRITE : test1\f71b43c3136efa4f\9f93e73d6896cb7b\6670af231c096f09,0:129,2016-12-17 23:20:25-714,2016-12-17 23:20:25-716
Success : SEQ_READ : test1\c5a5e5562b038073\7b7f22b30cf50087,0:2048,2016-12-17 23:20:25-717,2016-12-17 23:20:25-717
Success : SEQ_READ : test2\8da7cc13802eefe0,0:8614912,2016-12-17 23:20:25-718,2016-12-17 23:20:25-861
Success : SEQ_READ : test1\c5a5e5562b038073\c7734a16bf12bb03,0:135168,2016-12-17 23:20:25-861,2016-12-17 23:20:25-865
Success : RANDOM_WRITE : test2\a94a8fe5ccb19ba6\2a5bd02710e975a7\178db47a574c645f,0:257,2016-12-17 23:20:25-865,2016-12-17 23:20:25-867
Success : RANDOM_WRITE : test2\a94a8fe5ccb19ba6\2a5bd02710e975a7\178db47a574c645f,0:257,2016-12-17 23:20:25-867,2016-12-17 23:20:25-868
Success : SEQ_READ : test1\c5a5e5562b038073\88fe52fe40fa2264,0:2048,2016-12-17 23:20:25-869,2016-12-17 23:20:25-870
Success : RANDOM_WRITE : test1\c5a5e5562b038073\6670af231c096f09,0:46,2016-12-17 23:20:25-870,2016-12-17 23:20:25-871
Success : LS : test2\a94a8fe5ccb19ba6\2a5bd02710e975a7\,0:-1,2016-12-17 23:20:25-871,2016-12-17 23:20:25-871
Success : CREATE_FILE : test2\a94a8fe5ccb19ba6\6DD02ECC2CB7FC0D,0:1594137,2016-12-17 23:20:25-872,2016-12-17 23:20:26-283
Success : SEQ_READ : test1\c5a5e5562b038073\3c16ab634e85296e,0:93184,2016-12-17 23:20:26-283,2016-12-17 23:20:26-286
Success : RANDOM_WRITE : test2\1a7683b6645f9b6a,0:5120,2016-12-17 23:20:26-286,2016-12-17 23:20:26-287
Success : SEQ_READ : test2\6c33a983eec1b409,0:2048,2016-12-17 23:20:26-287,2016-12-17 23:20:26-288
Success : SEQ_READ : test1\c5a5e5562b038073\88fe52fe40fa2264,0:2048,2016-12-17 23:20:26-289,2016-12-17 23:20:26-290
Fail : SEQ_READ : test2\6c33a983eec1b409,0:0,2016-12-17 23:20:26-290,2016-12-17 23:20:26-649
Reason : RESTAPI.NoImplementionException: read failure
Success : SEQ_READ : test1\c5a5e5562b038073\a39ea9c72a98de10\aa61f113a9b13deb,0:438,2016-12-17 23:20:26-650,2016-12-17 23:20:26-651
Success : SEQ_READ : test1\f71b43c3136efa4f\9f93e73d6896cb7b\6670af231c096f09,0:129,2016-12-17 23:20:26-651,2016-12-17 23:20:26-652
Success : RANDOM_WRITE : test2\6c33a983eec1b409,0:1024,2016-12-17 23:20:26-653,2016-12-17 23:20:26-654
Success : RANDOM_WRITE : test2\a94a8fe5ccb19ba6\2a5bd02710e975a7\254d76d2609fec03,0:2048,2016-12-17 23:20:26-654,2016-12-17 23:20:26-655
Success : RANDOM_WRITE : test2\a94a8fe5ccb19ba6\2a5bd02710e975a7\254d76d2609fec03,0:2048,2016-12-17 23:20:26-655,2016-12-17 23:20:26-656
Fail : SEQ_READ : test1\c5a5e5562b038073\a39ea9c72a98de10\4a90c52e52d54ede,0:0,2016-12-17 23:20:26-656,2016-12-17 23:20:26-666
Reason : RESTAPI.NoImplementionException: read failure
Success : LS : test2\a94a8fe5ccb19ba6\,0:-1,2016-12-17 23:20:26-666,2016-12-17 23:20:26-666
Success : CREATE_FILE : test2\a94a8fe5ccb19ba6\2a5bd02710e975a7\70AE38462737179F,0:4008132,2016-12-17 23:20:26-666,2016-12-17 23:20:26-984
Success : LS : test2\a94a8fe5ccb19ba6\2a5bd02710e975a7\,0:-1,2016-12-17 23:20:26-985,2016-12-17 23:20:26-985
Success : CREATE_FILE : test2\a94a8fe5ccb19ba6\160C45EF77A5F0E4,0:623031,2016-12-17 23:20:26-985,2016-12-17 23:20:27-250
Success : LS : test2\a94a8fe5ccb19ba6\,0:-1,2016-12-17 23:20:27-250,2016-12-17 23:20:27-251
Success : CREATE_FILE : test2\a94a8fe5ccb19ba6\3DC6E4E038DC9E43,0:67464,2016-12-17 23:20:27-251,2016-12-17 23:20:27-351
Success : LS : test2\a94a8fe5ccb19ba6\,0:-1,2016-12-17 23:20:27-351,2016-12-17 23:20:27-351
Success : CREATE_FILE : test2\a94a8fe5ccb19ba6\2a5bd02710e975a7\41EF268279BFF631,0:2213791,2016-12-17 23:20:27-352,2016-12-17 23:20:27-584
Success : SEQ_READ : test1\c5a5e5562b038073\3c16ab634e85296e,0:22528,2016-12-17 23:20:27-584,2016-12-17 23:20:27-586
Fail : SEQ_READ : test2\49f03965cf98b1f5,0:0,2016-12-17 23:20:27-586,2016-12-17 23:20:27-588
Reason : RESTAPI.NoImplementionException: read failure
Success : RANDOM_WRITE : test1\c5a5e5562b038073\3c16ab634e85296e,0:13312,2016-12-17 23:20:27-588,2016-12-17 23:20:27-590
Success : SEQ_READ : test1\c5a5e5562b038073\a39ea9c72a98de10\4a90c52e52d54ede,0:1024,2016-12-17 23:20:27-590,2016-12-17 23:20:27-591
Success : RANDOM_WRITE : test1\9832710c94f11d2b,0:15360,2016-12-17 23:20:27-591,2016-12-17 23:20:27-592
Success : SEQ_READ : test1\f71b43c3136efa4f\c7d9912886e5ccc7\6670af231c096f09,0:129,2016-12-17 23:20:27-592,2016-12-17 23:20:27-593
Success : RANDOM_WRITE : test1\c5a5e5562b038073\767c14c8beb1e835,0:9216,2016-12-17 23:20:27-594,2016-12-17 23:20:27-595
Success : SEQ_READ : test1\c5a5e5562b038073\3c16ab634e85296e,0:39936,2016-12-17 23:20:27-595,2016-12-17 23:20:27-597
Success : LS : test2\a94a8fe5ccb19ba6\2a5bd02710e975a7\,0:-1,2016-12-17 23:20:27-597,2016-12-17 23:20:27-597
Success : CREATE_FILE : test2\a94a8fe5ccb19ba6\4FE713A27F944354,0:1312442,2016-12-17 23:20:27-597,2016-12-17 23:20:27-804
Success : LS : test2\a94a8fe5ccb19ba6\,0:-1,2016-12-17 23:20:27-804,2016-12-17 23:20:27-804
Success : CREATE_FILE : test2\a94a8fe5ccb19ba6\2a5bd02710e975a7\34D4CC844DDD13B0,0:3326623,2016-12-17 23:20:27-804,2016-12-17 23:20:28-081
Success : LS : test2\a94a8fe5ccb19ba6\2a5bd02710e975a7\,0:-1,2016-12-17 23:20:28-082,2016-12-17 23:20:28-082
Success : CREATE_FILE : test2\a94a8fe5ccb19ba6\206CA8AE3780BF34,0:2803009,2016-12-17 23:20:28-082,2016-12-17 23:20:28-436
Success : LS : test2\a94a8fe5ccb19ba6\,0:-1,2016-12-17 23:20:28-437,2016-12-17 23:20:28-437
Success : CREATE_FILE : test2\a94a8fe5ccb19ba6\0E2266BB6418499E,0:2547448,2016-12-17 23:20:28-437,2016-12-17 23:20:29-091
Success : LS : test2\a94a8fe5ccb19ba6\,0:-1,2016-12-17 23:20:29-091,2016-12-17 23:20:29-091
Success : CREATE_FILE : test2\a94a8fe5ccb19ba6\5A0ED69935E4E2A4,0:982363,2016-12-17 23:20:29-092,2016-12-17 23:20:29-306
Success : LS : test2\a94a8fe5ccb19ba6\,0:-1,2016-12-17 23:20:29-307,2016-12-17 23:20:29-307
Success : CREATE_FILE : test2\a94a8fe5ccb19ba6\72B9F67C397733EC,0:3589128,2016-12-17 23:20:29-307,2016-12-17 23:20:29-656
Success : LS : test2\a94a8fe5ccb19ba6\,0:-1,2016-12-17 23:20:29-657,2016-12-17 23:20:29-657
Success : CREATE_FILE : test2\a94a8fe5ccb19ba6\2a5bd02710e975a7\6BCEA7EA262952F0,0:1253823,2016-12-17 23:20:29-657,2016-12-17 23:20:29-854
Success : SEQ_READ : test2\bc9c8ba7ff351f3e,0:28672,2016-12-17 23:20:29-854,2016-12-17 23:20:29-856
Success : RANDOM_WRITE : test1\c5a5e5562b038073\a39ea9c72a98de10\f398de59988a85e5,0:6144,2016-12-17 23:20:29-856,2016-12-17 23:20:29-857
Success : RANDOM_WRITE : test1\c5a5e5562b038073\a39ea9c72a98de10\4a90c52e52d54ede,0:1024,2016-12-17 23:20:29-857,2016-12-17 23:20:29-858
Success : RANDOM_WRITE : test2\8da7cc13802eefe0,0:47104,2016-12-17 23:20:29-858,2016-12-17 23:20:29-860
Success : RANDOM_WRITE : test2\a94a8fe5ccb19ba6\2a5bd02710e975a7\178db47a574c645f,0:257,2016-12-17 23:20:29-860,2016-12-17 23:20:29-861
Fail : SEQ_READ : test2\49f03965cf98b1f5,0:0,2016-12-17 23:20:29-862,2016-12-17 23:20:29-863
Reason : RESTAPI.NoImplementionException: read failure
Success : SEQ_READ : test1\c5a5e5562b038073\c7734a16bf12bb03,0:325632,2016-12-17 23:20:29-863,2016-12-17 23:20:29-870
Fail : RANDOM_WRITE : test2\a94a8fe5ccb19ba6\4b6fcb2d521ef0fd,0:0,2016-12-17 23:20:29-870,2016-12-17 23:20:29-872
Reason : RESTAPI.NoImplementionException: read failure
Success : RANDOM_WRITE : test1\c5a5e5562b038073\0caa882bd1034750,0:26624,2016-12-17 23:20:29-872,2016-12-17 23:20:29-873
Success : SEQ_READ : test2\49f03965cf98b1f5,0:1024,2016-12-17 23:20:29-873,2016-12-17 23:20:29-874
Success : LS : test2\a94a8fe5ccb19ba6\2a5bd02710e975a7\,0:-1,2016-12-17 23:20:29-874,2016-12-17 23:20:29-874
Success : CREATE_FILE : test2\a94a8fe5ccb19ba6\2a5bd02710e975a7\67A06BE52BB391FA,0:3710785,2016-12-17 23:20:29-875,2016-12-17 23:20:30-176
Success : LS : test2\a94a8fe5ccb19ba6\2a5bd02710e975a7\,0:-1,2016-12-17 23:20:30-177,2016-12-17 23:20:30-177
Success : CREATE_FILE : test2\a94a8fe5ccb19ba6\2a5bd02710e975a7\3C4ABCDC48BE1F06,0:2672123,2016-12-17 23:20:30-177,2016-12-17 23:20:30-542
Success : LS : test2\a94a8fe5ccb19ba6\2a5bd02710e975a7\,0:-1,2016-12-17 23:20:30-543,2016-12-17 23:20:30-543
Success : CREATE_FILE : test2\a94a8fe5ccb19ba6\02AD5E5C388E938A,0:254871,2016-12-17 23:20:30-543,2016-12-17 23:20:30-772
Success : LS : test2\a94a8fe5ccb19ba6\,0:-1,2016-12-17 23:20:30-773,2016-12-17 23:20:30-773
Success : CREATE_FILE : test2\a94a8fe5ccb19ba6\44FB009257159182,0:88001,2016-12-17 23:20:30-773,2016-12-17 23:20:30-925
Success : LS : test2\a94a8fe5ccb19ba6\,0:-1,2016-12-17 23:20:30-926,2016-12-17 23:20:30-926
Success : CREATE_FILE : test2\a94a8fe5ccb19ba6\568D2AC123EC5B93,0:1228763,2016-12-17 23:20:30-926,2016-12-17 23:20:31-236
Success : SEQ_READ : test1\c5a5e5562b038073\3c16ab634e85296e,0:39936,2016-12-17 23:20:31-237,2016-12-17 23:20:31-239
Success : RANDOM_WRITE : test1\c5a5e5562b038073\738537f9a40e568b,0:6144,2016-12-17 23:20:31-239,2016-12-17 23:20:31-241
Success : SEQ_READ : test2\bc9c8ba7ff351f3e,0:39936,2016-12-17 23:20:31-241,2016-12-17 23:20:31-243
Success : RANDOM_WRITE : test1\c5a5e5562b038073\3c16ab634e85296e,0:6144,2016-12-17 23:20:31-243,2016-12-17 23:20:31-244
Success : RANDOM_WRITE : test1\c5a5e5562b038073\a39ea9c72a98de10\4a90c52e52d54ede,0:1024,2016-12-17 23:20:31-244,2016-12-17 23:20:31-246
Success : RANDOM_WRITE : test1\c5a5e5562b038073\c7abaf0419c47a1d,0:62464,2016-12-17 23:20:31-246,2016-12-17 23:20:31-248
Success : SEQ_READ : test1\c5a5e5562b038073\f72cdbcd84f047a5,0:17408,2016-12-17 23:20:31-248,2016-12-17 23:20:31-249
Success : SEQ_READ : test1\f71b43c3136efa4f\9f93e73d6896cb7b\6670af231c096f09,0:129,2016-12-17 23:20:31-249,2016-12-17 23:20:31-250
Success : RANDOM_WRITE : test1\c5a5e5562b038073\a39ea9c72a98de10\4a90c52e52d54ede,0:1024,2016-12-17 23:20:31-251,2016-12-17 23:20:31-252
Success : SEQ_READ : test1\c5a5e5562b038073\c7734a16bf12bb03,0:73728,2016-12-17 23:20:31-252,2016-12-17 23:20:31-254
Success : LS : test2\a94a8fe5ccb19ba6\,0:-1,2016-12-17 23:20:31-254,2016-12-17 23:20:31-254
Success : CREATE_FILE : test2\a94a8fe5ccb19ba6\2a5bd02710e975a7\7B145B6A3215B8FB,0:3339920,2016-12-17 23:20:31-255,2016-12-17 23:20:31-958
Success : LS : test2\a94a8fe5ccb19ba6\2a5bd02710e975a7\,0:-1,2016-12-17 23:20:31-958,2016-12-17 23:20:31-958
Success : CREATE_FILE : test2\a94a8fe5ccb19ba6\2a5bd02710e975a7\6566A80E3C7BC4D2,0:2576235,2016-12-17 23:20:31-958,2016-12-17 23:20:32-428
Success : LS : test2\a94a8fe5ccb19ba6\2a5bd02710e975a7\,0:-1,2016-12-17 23:20:32-428,2016-12-17 23:20:32-428
Success : CREATE_FILE : test2\a94a8fe5ccb19ba6\5D255FE874489C82,0:1922691,2016-12-17 23:20:32-428,2016-12-17 23:20:32-691
Success : LS : test2\a94a8fe5ccb19ba6\,0:-1,2016-12-17 23:20:32-692,2016-12-17 23:20:32-692
Success : CREATE_FILE : test2\a94a8fe5ccb19ba6\2a5bd02710e975a7\6271A7E837C93085,0:3925767,2016-12-17 23:20:32-692,2016-12-17 23:20:33-290
Success : SEQ_READ : test1\c5a5e5562b038073\fbe0d7653f0909cb,0:1024,2016-12-17 23:20:33-291,2016-12-17 23:20:33-293
Success : RANDOM_WRITE : test1\c5a5e5562b038073\3c16ab634e85296e,0:20480,2016-12-17 23:20:33-293,2016-12-17 23:20:33-296
Fail : SEQ_READ : test2\49f03965cf98b1f5,0:0,2016-12-17 23:20:33-296,2016-12-17 23:20:33-299
Reason : RESTAPI.NoImplementionException: read failure
Success : SEQ_READ : test1\c5a5e5562b038073\6670af231c096f09,0:46,2016-12-17 23:20:33-299,2016-12-17 23:20:33-300
Success : SEQ_READ : test1\c5a5e5562b038073\7b7f22b30cf50087,0:2048,2016-12-17 23:20:33-301,2016-12-17 23:20:33-302
Success : LS : test2\a94a8fe5ccb19ba6\2a5bd02710e975a7\,0:-1,2016-12-17 23:20:33-302,2016-12-17 23:20:33-303
Success : CREATE_FILE : test2\a94a8fe5ccb19ba6\4BF21ECF37D05D30,0:3228475,2016-12-17 23:20:33-303,2016-12-17 23:20:33-781
Success : LS : test2\a94a8fe5ccb19ba6\,0:-1,2016-12-17 23:20:33-781,2016-12-17 23:20:33-781
Success : CREATE_FILE : test2\a94a8fe5ccb19ba6\50C6EEED222C198B,0:1292949,2016-12-17 23:20:33-782,2016-12-17 23:20:34-096
Success : LS : test2\a94a8fe5ccb19ba6\,0:-1,2016-12-17 23:20:34-096,2016-12-17 23:20:34-096
Success : CREATE_FILE : test2\a94a8fe5ccb19ba6\2a5bd02710e975a7\77596BF43E0F9338,0:3322044,2016-12-17 23:20:34-096,2016-12-17 23:20:34-405
Success : LS : test2\a94a8fe5ccb19ba6\2a5bd02710e975a7\,0:-1,2016-12-17 23:20:34-406,2016-12-17 23:20:34-406
Success : CREATE_FILE : test2\a94a8fe5ccb19ba6\3DC5A30528158F38,0:2756499,2016-12-17 23:20:34-407,2016-12-17 23:20:34-747
Success : LS : test2\a94a8fe5ccb19ba6\,0:-1,2016-12-17 23:20:34-747,2016-12-17 23:20:34-747
Success : CREATE_FILE : test2\a94a8fe5ccb19ba6\2a5bd02710e975a7\2A33E5D01B85364B,0:3796663,2016-12-17 23:20:34-747,2016-12-17 23:20:35-062
Success : LS : test2\a94a8fe5ccb19ba6\2a5bd02710e975a7\,0:-1,2016-12-17 23:20:35-062,2016-12-17 23:20:35-062
Success : CREATE_FILE : test2\a94a8fe5ccb19ba6\2a5bd02710e975a7\4D8D818B3F7166DA,0:3035396,2016-12-17 23:20:35-062,2016-12-17 23:20:35-335
Success : LS : test2\a94a8fe5ccb19ba6\2a5bd02710e975a7\,0:-1,2016-12-17 23:20:35-335,2016-12-17 23:20:35-335
Success : CREATE_FILE : test2\a94a8fe5ccb19ba6\2CF7053979608A03,0:3176837,2016-12-17 23:20:35-335,2016-12-17 23:20:35-661
Success : LS : test2\a94a8fe5ccb19ba6\,0:-1,2016-12-17 23:20:35-662,2016-12-17 23:20:35-662
Success : CREATE_FILE : test2\a94a8fe5ccb19ba6\040F96D31F4377EA,0:3291815,2016-12-17 23:20:35-662,2016-12-17 23:20:36-028
Success : LS : test2\a94a8fe5ccb19ba6\,0:-1,2016-12-17 23:20:36-028,2016-12-17 23:20:36-028
Success : CREATE_FILE : test2\a94a8fe5ccb19ba6\2a5bd02710e975a7\7CDA6D2531FD5EE5,0:2493287,2016-12-17 23:20:36-029,2016-12-17 23:20:36-385
Success : LS : test2\a94a8fe5ccb19ba6\2a5bd02710e975a7\,0:-1,2016-12-17 23:20:36-385,2016-12-17 23:20:36-386
Success : CREATE_FILE : test2\a94a8fe5ccb19ba6\4106497467864C9B,0:2763441,2016-12-17 23:20:36-386,2016-12-17 23:20:36-690
Success : RANDOM_WRITE : test1\c5a5e5562b038073\fbe0d7653f0909cb,0:1024,2016-12-17 23:20:36-690,2016-12-17 23:20:36-692
Fail : SEQ_READ : test1\c5a5e5562b038073\b0c5d70d7f040bfa,0:0,2016-12-17 23:20:36-692,2016-12-17 23:20:36-694
Reason : RESTAPI.NoImplementionException: read failure
Success : SEQ_READ : test1\f71b43c3136efa4f\c7d9912886e5ccc7\6670af231c096f09,0:129,2016-12-17 23:20:36-694,2016-12-17 23:20:36-695
Success : SEQ_READ : test1\c5a5e5562b038073\a39ea9c72a98de10\41288c58009f7f6a,0:477,2016-12-17 23:20:36-695,2016-12-17 23:20:36-696
Fail : RANDOM_WRITE : test2\a94a8fe5ccb19ba6\4b6fcb2d521ef0fd,0:0,2016-12-17 23:20:36-696,2016-12-17 23:20:36-698
Reason : RESTAPI.NoImplementionException: read failure
Success : RANDOM_WRITE : test2\6c33a983eec1b409,0:2048,2016-12-17 23:20:36-698,2016-12-17 23:20:36-699
Success : LS : test2\a94a8fe5ccb19ba6\,0:-1,2016-12-17 23:20:36-699,2016-12-17 23:20:36-699
Success : CREATE_FILE : test2\a94a8fe5ccb19ba6\42908B0F4C0FFF57,0:108482,2016-12-17 23:20:36-699,2016-12-17 23:20:36-946
Success : LS : test2\a94a8fe5ccb19ba6\,0:-1,2016-12-17 23:20:36-946,2016-12-17 23:20:36-946
Success : CREATE_FILE : test2\a94a8fe5ccb19ba6\0517FBD36D6168DA,0:3912623,2016-12-17 23:20:36-947,2016-12-17 23:20:37-347
Success : LS : test2\a94a8fe5ccb19ba6\,0:-1,2016-12-17 23:20:37-347,2016-12-17 23:20:37-347
Success : CREATE_FILE : test2\a94a8fe5ccb19ba6\2a5bd02710e975a7\1106A2527CDA3DD9,0:2180178,2016-12-17 23:20:37-347,2016-12-17 23:20:38-241
Success : LS : test2\a94a8fe5ccb19ba6\2a5bd02710e975a7\,0:-1,2016-12-17 23:20:38-242,2016-12-17 23:20:38-242
Success : CREATE_FILE : test2\a94a8fe5ccb19ba6\02DB7F63633ED304,0:1000125,2016-12-17 23:20:38-242,2016-12-17 23:20:38-970
Success : LS : test2\a94a8fe5ccb19ba6\,0:-1,2016-12-17 23:20:38-970,2016-12-17 23:20:38-970
Success : CREATE_FILE : test2\a94a8fe5ccb19ba6\2a5bd02710e975a7\681E609C779DDED2,0:3915974,2016-12-17 23:20:38-970,2016-12-17 23:20:39-601
Success : LS : test2\a94a8fe5ccb19ba6\2a5bd02710e975a7\,0:-1,2016-12-17 23:20:39-601,2016-12-17 23:20:39-601
Success : CREATE_FILE : test2\a94a8fe5ccb19ba6\7935A1BB3D1925A5,0:3421392,2016-12-17 23:20:39-602,2016-12-17 23:20:40-025
Success : LS : test2\a94a8fe5ccb19ba6\,0:-1,2016-12-17 23:20:40-025,2016-12-17 23:20:40-025
Success : CREATE_FILE : test2\a94a8fe5ccb19ba6\2a5bd02710e975a7\64907F52552DA7CE,0:3239614,2016-12-17 23:20:40-025,2016-12-17 23:20:40-524
Success : LS : test2\a94a8fe5ccb19ba6\2a5bd02710e975a7\,0:-1,2016-12-17 23:20:40-524,2016-12-17 23:20:40-524
Success : CREATE_FILE : test2\a94a8fe5ccb19ba6\2a5bd02710e975a7\0DDFDABE7E0530EE,0:1931027,2016-12-17 23:20:40-524,2016-12-17 23:20:40-752
Success : LS : test2\a94a8fe5ccb19ba6\2a5bd02710e975a7\,0:-1,2016-12-17 23:20:40-752,2016-12-17 23:20:40-752
Success : CREATE_FILE : test2\a94a8fe5ccb19ba6\14CD1EDC4DD021A2,0:2052899,2016-12-17 23:20:40-752,2016-12-17 23:20:41-014
Fail : SEQ_READ : test2\1a7683b6645f9b6a,0:0,2016-12-17 23:20:41-014,2016-12-17 23:20:41-016
Reason : RESTAPI.NoImplementionException: read failure
Success : SEQ_READ : test1\f71b43c3136efa4f\83404ffd78f534ff\6670af231c096f09,0:129,2016-12-17 23:20:41-016,2016-12-17 23:20:41-017
Success : RANDOM_WRITE : test1\c5a5e5562b038073\2015a7ab48ae9a58,0:1024,2016-12-17 23:20:41-018,2016-12-17 23:20:41-019
Success : RANDOM_WRITE : test1\c5a5e5562b038073\a39ea9c72a98de10\f398de59988a85e5,0:3072,2016-12-17 23:20:41-019,2016-12-17 23:20:41-020
Success : RANDOM_WRITE : test2\acde102dac5bbe15,0:2048,2016-12-17 23:20:41-020,2016-12-17 23:20:41-021
Success : SEQ_READ : test1\c5a5e5562b038073\68ad3077ff5a452a,0:383,2016-12-17 23:20:41-021,2016-12-17 23:20:41-022
Success : LS : test2\a94a8fe5ccb19ba6\,0:-1,2016-12-17 23:20:41-022,2016-12-17 23:20:41-023
Success : CREATE_FILE : test2\a94a8fe5ccb19ba6\2a5bd02710e975a7\5432751B0192994E,0:2601654,2016-12-17 23:20:41-023,2016-12-17 23:20:41-296
Success : LS : test2\a94a8fe5ccb19ba6\2a5bd02710e975a7\,0:-1,2016-12-17 23:20:41-296,2016-12-17 23:20:41-296
Success : CREATE_FILE : test2\a94a8fe5ccb19ba6\4FD4A9F8294462C7,0:859299,2016-12-17 23:20:41-296,2016-12-17 23:20:41-490
Success : LS : test2\a94a8fe5ccb19ba6\,0:-1,2016-12-17 23:20:41-490,2016-12-17 23:20:41-490
Success : CREATE_FILE : test2\a94a8fe5ccb19ba6\12AB81CD0365B4C2,0:1925631,2016-12-17 23:20:41-490,2016-12-17 23:20:41-933
Success : LS : test2\a94a8fe5ccb19ba6\,0:-1,2016-12-17 23:20:41-933,2016-12-17 23:20:41-933
Success : CREATE_FILE : test2\a94a8fe5ccb19ba6\350F24ED083D3E45,0:1460875,2016-12-17 23:20:41-933,2016-12-17 23:20:42-211
Success : LS : test2\a94a8fe5ccb19ba6\,0:-1,2016-12-17 23:20:42-211,2016-12-17 23:20:42-211
Success : CREATE_FILE : test2\a94a8fe5ccb19ba6\405470071E0DEACF,0:3232372,2016-12-17 23:20:42-211,2016-12-17 23:20:42-612
Success : LS : test2\a94a8fe5ccb19ba6\,0:-1,2016-12-17 23:20:42-613,2016-12-17 23:20:42-613
Success : CREATE_FILE : test2\a94a8fe5ccb19ba6\2a5bd02710e975a7\16D47DBB79798D6B,0:960337,2016-12-17 23:20:42-613,2016-12-17 23:20:43-003
Success : LS : test2\a94a8fe5ccb19ba6\2a5bd02710e975a7\,0:-1,2016-12-17 23:20:43-003,2016-12-17 23:20:43-003
Success : CREATE_FILE : test2\a94a8fe5ccb19ba6\2a5bd02710e975a7\31ABE0E524759D62,0:2920239,2016-12-17 23:20:43-004,2016-12-17 23:20:43-337
Success : LS : test2\a94a8fe5ccb19ba6\2a5bd02710e975a7\,0:-1,2016-12-17 23:20:43-337,2016-12-17 23:20:43-337
Success : CREATE_FILE : test2\a94a8fe5ccb19ba6\769D357500780238,0:149410,2016-12-17 23:20:43-338,2016-12-17 23:20:43-636
Success : SEQ_READ : test1\c5a5e5562b038073\2015a7ab48ae9a58,0:1024,2016-12-17 23:20:43-637,2016-12-17 23:20:43-638
Success : RANDOM_WRITE : test1\c5a5e5562b038073\0189424a5a60fed3\feb6a1968982109d,0:38912,2016-12-17 23:20:43-638,2016-12-17 23:20:43-640
Success : SEQ_READ : test2\a94a8fe5ccb19ba6\4b6fcb2d521ef0fd,0:2048,2016-12-17 23:20:43-641,2016-12-17 23:20:43-642
Success : SEQ_READ : test2\1a7683b6645f9b6a,0:13312,2016-12-17 23:20:43-642,2016-12-17 23:20:43-643
Success : RANDOM_WRITE : test2\bc9c8ba7ff351f3e,0:62464,2016-12-17 23:20:43-643,2016-12-17 23:20:43-645
Success : SEQ_READ : test2\a94a8fe5ccb19ba6\2a5bd02710e975a7\178db47a574c645f,0:257,2016-12-17 23:20:43-645,2016-12-17 23:20:43-647
Success : LS : test2\a94a8fe5ccb19ba6\,0:-1,2016-12-17 23:20:43-647,2016-12-17 23:20:43-647
Success : CREATE_FILE : test2\a94a8fe5ccb19ba6\2a5bd02710e975a7\60C0A8053B91CBA9,0:3411353,2016-12-17 23:20:43-647,2016-12-17 23:20:44-137
Success : LS : test2\a94a8fe5ccb19ba6\2a5bd02710e975a7\,0:-1,2016-12-17 23:20:44-137,2016-12-17 23:20:44-137
Success : CREATE_FILE : test2\a94a8fe5ccb19ba6\40FF2E4D727ADE53,0:2476306,2016-12-17 23:20:44-138,2016-12-17 23:20:44-531
Success : LS : test2\a94a8fe5ccb19ba6\,0:-1,2016-12-17 23:20:44-531,2016-12-17 23:20:44-531
Success : CREATE_FILE : test2\a94a8fe5ccb19ba6\0AE7839B49429899,0:287453,2016-12-17 23:20:44-532,2016-12-17 23:20:45-003
Success : LS : test2\a94a8fe5ccb19ba6\,0:-1,2016-12-17 23:20:45-004,2016-12-17 23:20:45-004
Success : CREATE_FILE : test2\a94a8fe5ccb19ba6\7CEE91595F00B2D5,0:2025492,2016-12-17 23:20:45-004,2016-12-17 23:20:45-695
Success : LS : test2\a94a8fe5ccb19ba6\,0:-1,2016-12-17 23:20:45-696,2016-12-17 23:20:45-696
Success : CREATE_FILE : test2\a94a8fe5ccb19ba6\50CC389C418326EA,0:3228659,2016-12-17 23:20:45-696,2016-12-17 23:20:46-270
Success : LS : test2\a94a8fe5ccb19ba6\,0:-1,2016-12-17 23:20:46-270,2016-12-17 23:20:46-270
Success : CREATE_FILE : test2\a94a8fe5ccb19ba6\36A2D6700F6E6DAF,0:3956786,2016-12-17 23:20:46-271,2016-12-17 23:20:46-640
Success : LS : test2\a94a8fe5ccb19ba6\,0:-1,2016-12-17 23:20:46-640,2016-12-17 23:20:46-640
Success : CREATE_FILE : test2\a94a8fe5ccb19ba6\596C9F656EC716C8,0:2797874,2016-12-17 23:20:46-641,2016-12-17 23:20:46-985
Success : SEQ_READ : test2\a94a8fe5ccb19ba6\2a5bd02710e975a7\178db47a574c645f,0:257,2016-12-17 23:20:46-986,2016-12-17 23:20:46-987
Success : SEQ_READ : test2\a94a8fe5ccb19ba6\2a5bd02710e975a7\3eef580036f1724a,0:257,2016-12-17 23:20:46-987,2016-12-17 23:20:46-988
Success : RANDOM_WRITE : test1\c5a5e5562b038073\68ad3077ff5a452a,0:383,2016-12-17 23:20:46-988,2016-12-17 23:20:46-989
Success : RANDOM_WRITE : test1\c5a5e5562b038073\05d1f0ed74e78555,0:13312,2016-12-17 23:20:46-990,2016-12-17 23:20:46-991
Success : SEQ_READ : test2\bc9c8ba7ff351f3e,0:15360,2016-12-17 23:20:46-991,2016-12-17 23:20:46-993
Success : LS : test2\a94a8fe5ccb19ba6\,0:-1,2016-12-17 23:20:46-993,2016-12-17 23:20:46-993
Success : CREATE_FILE : test2\a94a8fe5ccb19ba6\2a5bd02710e975a7\421505C619D2D245,0:1796024,2016-12-17 23:20:46-993,2016-12-17 23:20:47-451
Success : LS : test2\a94a8fe5ccb19ba6\2a5bd02710e975a7\,0:-1,2016-12-17 23:20:47-452,2016-12-17 23:20:47-452
Success : CREATE_FILE : test2\a94a8fe5ccb19ba6\2a5bd02710e975a7\6C10522950C083E2,0:662357,2016-12-17 23:20:47-452,2016-12-17 23:20:47-677
Success : LS : test2\a94a8fe5ccb19ba6\2a5bd02710e975a7\,0:-1,2016-12-17 23:20:47-677,2016-12-17 23:20:47-677
Success : CREATE_FILE : test2\a94a8fe5ccb19ba6\2a5bd02710e975a7\3C4BC2535FA736C7,0:3173520,2016-12-17 23:20:47-677,2016-12-17 23:20:48-076
Success : LS : test2\a94a8fe5ccb19ba6\2a5bd02710e975a7\,0:-1,2016-12-17 23:20:48-076,2016-12-17 23:20:48-076
Success : CREATE_FILE : test2\a94a8fe5ccb19ba6\54DA324430EDE328,0:3286700,2016-12-17 23:20:48-076,2016-12-17 23:20:48-423
Success : LS : test2\a94a8fe5ccb19ba6\,0:-1,2016-12-17 23:20:48-423,2016-12-17 23:20:48-423
Success : CREATE_FILE : test2\a94a8fe5ccb19ba6\2a5bd02710e975a7\604694811CF6C723,0:448755,2016-12-17 23:20:48-423,2016-12-17 23:20:48-669
Success : LS : test2\a94a8fe5ccb19ba6\2a5bd02710e975a7\,0:-1,2016-12-17 23:20:48-669,2016-12-17 23:20:48-669
Success : CREATE_FILE : test2\a94a8fe5ccb19ba6\2a5bd02710e975a7\0CAE8D37294AD355,0:1947361,2016-12-17 23:20:48-669,2016-12-17 23:20:48-861
Success : LS : test2\a94a8fe5ccb19ba6\2a5bd02710e975a7\,0:-1,2016-12-17 23:20:48-861,2016-12-17 23:20:48-861
Success : CREATE_FILE : test2\a94a8fe5ccb19ba6\7DB1120011CE65E4,0:483997,2016-12-17 23:20:48-861,2016-12-17 23:20:49-005
Success : LS : test2\a94a8fe5ccb19ba6\,0:-1,2016-12-17 23:20:49-005,2016-12-17 23:20:49-005
Success : CREATE_FILE : test2\a94a8fe5ccb19ba6\2a5bd02710e975a7\515576535748A4F4,0:2697072,2016-12-17 23:20:49-006,2016-12-17 23:20:49-255
Success : RANDOM_WRITE : test2\8da7cc13802eefe0,0:31744,2016-12-17 23:20:49-255,2016-12-17 23:20:49-257
Success : RANDOM_WRITE : test1\c5a5e5562b038073\0caa882bd1034750,0:25600,2016-12-17 23:20:49-257,2016-12-17 23:20:49-258
Success : RANDOM_WRITE : test1\f71b43c3136efa4f\c7d9912886e5ccc7\6670af231c096f09,0:129,2016-12-17 23:20:49-258,2016-12-17 23:20:49-259
Success : SEQ_READ : test2\49f03965cf98b1f5,0:1024,2016-12-17 23:20:49-259,2016-12-17 23:20:49-260
Success : SEQ_READ : test2\6c33a983eec1b409,0:1024,2016-12-17 23:20:49-260,2016-12-17 23:20:49-261
Success : SEQ_READ : test1\f71b43c3136efa4f\9f93e73d6896cb7b\6670af231c096f09,0:129,2016-12-17 23:20:49-261,2016-12-17 23:20:49-262
Success : LS : test2\a94a8fe5ccb19ba6\2a5bd02710e975a7\,0:-1,2016-12-17 23:20:49-262,2016-12-17 23:20:49-262
Success : CREATE_FILE : test2\a94a8fe5ccb19ba6\672E9DCB201DF9F3,0:768971,2016-12-17 23:20:49-262,2016-12-17 23:20:49-741
Success : LS : test2\a94a8fe5ccb19ba6\,0:-1,2016-12-17 23:20:49-741,2016-12-17 23:20:49-741
Success : CREATE_FILE : test2\a94a8fe5ccb19ba6\6A124E1F29360D84,0:3979716,2016-12-17 23:20:49-741,2016-12-17 23:20:50-076
Success : LS : test2\a94a8fe5ccb19ba6\,0:-1,2016-12-17 23:20:50-076,2016-12-17 23:20:50-076
Success : CREATE_FILE : test2\a94a8fe5ccb19ba6\07D38FAB2BDB6927,0:2704028,2016-12-17 23:20:50-076,2016-12-17 23:20:50-665
Success : LS : test2\a94a8fe5ccb19ba6\,0:-1,2016-12-17 23:20:50-665,2016-12-17 23:20:50-665
Success : CREATE_FILE : test2\a94a8fe5ccb19ba6\48BC585E5ED64CFE,0:1615795,2016-12-17 23:20:50-665,2016-12-17 23:20:51-071
Success : LS : test2\a94a8fe5ccb19ba6\,0:-1,2016-12-17 23:20:51-071,2016-12-17 23:20:51-071
Success : CREATE_FILE : test2\a94a8fe5ccb19ba6\2a5bd02710e975a7\01D234693AB99F42,0:2240713,2016-12-17 23:20:51-071,2016-12-17 23:20:51-402
Success : LS : test2\a94a8fe5ccb19ba6\2a5bd02710e975a7\,0:-1,2016-12-17 23:20:51-402,2016-12-17 23:20:51-402
Success : CREATE_FILE : test2\a94a8fe5ccb19ba6\76CBA6AE4A9E5625,0:2232838,2016-12-17 23:20:51-402,2016-12-17 23:20:51-874
Success : LS : test2\a94a8fe5ccb19ba6\,0:-1,2016-12-17 23:20:51-874,2016-12-17 23:20:51-874
Success : CREATE_FILE : test2\a94a8fe5ccb19ba6\2876128C253B0326,0:3532134,2016-12-17 23:20:51-874,2016-12-17 23:20:52-268
Success : SEQ_READ : test1\c5a5e5562b038073\f72cdbcd84f047a5,0:16384,2016-12-17 23:20:52-268,2016-12-17 23:20:52-271
Success : RANDOM_WRITE : test1\c5a5e5562b038073\0caa882bd1034750,0:20480,2016-12-17 23:20:52-271,2016-12-17 23:20:52-273
Success : LS : test2\a94a8fe5ccb19ba6\,0:-1,2016-12-17 23:20:52-273,2016-12-17 23:20:52-273
Success : CREATE_FILE : test2\a94a8fe5ccb19ba6\2E555358682D4CAE,0:2776327,2016-12-17 23:20:52-274,2016-12-17 23:20:52-563
Success : LS : test2\a94a8fe5ccb19ba6\,0:-1,2016-12-17 23:20:52-563,2016-12-17 23:20:52-563
Success : CREATE_FILE : test2\a94a8fe5ccb19ba6\2a5bd02710e975a7\5377FC417D4F92DD,0:1384925,2016-12-17 23:20:52-563,2016-12-17 23:20:52-883
Success : LS : test2\a94a8fe5ccb19ba6\2a5bd02710e975a7\,0:-1,2016-12-17 23:20:52-883,2016-12-17 23:20:52-883
Success : CREATE_FILE : test2\a94a8fe5ccb19ba6\7AD36B0D30EBC4FB,0:2839435,2016-12-17 23:20:52-883,2016-12-17 23:20:53-165
Success : LS : test2\a94a8fe5ccb19ba6\,0:-1,2016-12-17 23:20:53-165,2016-12-17 23:20:53-165
Success : CREATE_FILE : test2\a94a8fe5ccb19ba6\16DC92393D5186EB,0:2717065,2016-12-17 23:20:53-165,2016-12-17 23:20:53-476
Success : LS : test2\a94a8fe5ccb19ba6\,0:-1,2016-12-17 23:20:53-476,2016-12-17 23:20:53-476
Success : CREATE_FILE : test2\a94a8fe5ccb19ba6\142D8B5A1692773E,0:3847018,2016-12-17 23:20:53-476,2016-12-17 23:20:53-788
Success : LS : test2\a94a8fe5ccb19ba6\,0:-1,2016-12-17 23:20:53-788,2016-12-17 23:20:53-788
Success : CREATE_FILE : test2\a94a8fe5ccb19ba6\1EF6C6255AA76411,0:3119625,2016-12-17 23:20:53-788,2016-12-17 23:20:54-148
Success : LS : test2\a94a8fe5ccb19ba6\,0:-1,2016-12-17 23:20:54-148,2016-12-17 23:20:54-148
Success : CREATE_FILE : test2\a94a8fe5ccb19ba6\2a5bd02710e975a7\3202D3FC3F069530,0:181909,2016-12-17 23:20:54-148,2016-12-17 23:20:54-633
Success : LS : test2\a94a8fe5ccb19ba6\2a5bd02710e975a7\,0:-1,2016-12-17 23:20:54-633,2016-12-17 23:20:54-633
Success : CREATE_FILE : test2\a94a8fe5ccb19ba6\39D34D4451B57A76,0:3122317,2016-12-17 23:20:54-633,2016-12-17 23:20:55-078
Success : LS : test2\a94a8fe5ccb19ba6\,0:-1,2016-12-17 23:20:55-078,2016-12-17 23:20:55-078
Success : CREATE_FILE : test2\a94a8fe5ccb19ba6\2a5bd02710e975a7\7C74D3DA57ADB6BE,0:218563,2016-12-17 23:20:55-078,2016-12-17 23:20:55-303
Success : LS : test2\a94a8fe5ccb19ba6\2a5bd02710e975a7\,0:-1,2016-12-17 23:20:55-303,2016-12-17 23:20:55-303
Success : CREATE_FILE : test2\a94a8fe5ccb19ba6\4FF252E4261D3E8B,0:452244,2016-12-17 23:20:55-303,2016-12-17 23:20:55-540
Success : LS : test2\a94a8fe5ccb19ba6\,0:-1,2016-12-17 23:20:55-540,2016-12-17 23:20:55-540
Success : CREATE_FILE : test2\a94a8fe5ccb19ba6\2a5bd02710e975a7\376A645155458278,0:3559803,2016-12-17 23:20:55-541,2016-12-17 23:20:56-130
Success : LS : test2\a94a8fe5ccb19ba6\2a5bd02710e975a7\,0:-1,2016-12-17 23:20:56-130,2016-12-17 23:20:56-130
Success : CREATE_FILE : test2\a94a8fe5ccb19ba6\2a5bd02710e975a7\313AF6AB4753CD89,0:363927,2016-12-17 23:20:56-131,2016-12-17 23:20:56-441
Success : LS : test2\a94a8fe5ccb19ba6\2a5bd02710e975a7\,0:-1,2016-12-17 23:20:56-441,2016-12-17 23:20:56-441
Success : CREATE_FILE : test2\a94a8fe5ccb19ba6\2a5bd02710e975a7\112AA3F87A9CA828,0:3872902,2016-12-17 23:20:56-442,2016-12-17 23:20:57-000
Success : SEQ_READ : test1\c5a5e5562b038073\c7734a16bf12bb03,0:325632,2016-12-17 23:20:57-000,2016-12-17 23:20:57-007
Success : RANDOM_WRITE : test2\a94a8fe5ccb19ba6\2a5bd02710e975a7\3eef580036f1724a,0:257,2016-12-17 23:20:57-007,2016-12-17 23:20:57-008
Success : LS : test2\a94a8fe5ccb19ba6\2a5bd02710e975a7\,0:-1,2016-12-17 23:20:57-008,2016-12-17 23:20:57-008
Success : CREATE_FILE : test2\a94a8fe5ccb19ba6\3612DCB728A0FCCE,0:1551641,2016-12-17 23:20:57-008,2016-12-17 23:20:57-400
Success : LS : test2\a94a8fe5ccb19ba6\,0:-1,2016-12-17 23:20:57-400,2016-12-17 23:20:57-400
Success : CREATE_FILE : test2\a94a8fe5ccb19ba6\3360494B7AE6095A,0:2883171,2016-12-17 23:20:57-400,2016-12-17 23:20:57-850
Success : LS : test2\a94a8fe5ccb19ba6\,0:-1,2016-12-17 23:20:57-850,2016-12-17 23:20:57-850
Success : CREATE_FILE : test2\a94a8fe5ccb19ba6\2a5bd02710e975a7\6924D46B51020690,0:2415932,2016-12-17 23:20:57-851,2016-12-17 23:20:58-097
Success : LS : test2\a94a8fe5ccb19ba6\2a5bd02710e975a7\,0:-1,2016-12-17 23:20:58-097,2016-12-17 23:20:58-097
Success : CREATE_FILE : test2\a94a8fe5ccb19ba6\4235A2915867D272,0:97023,2016-12-17 23:20:58-097,2016-12-17 23:20:58-242
Success : LS : test2\a94a8fe5ccb19ba6\,0:-1,2016-12-17 23:20:58-242,2016-12-17 23:20:58-242
Success : CREATE_FILE : test2\a94a8fe5ccb19ba6\2a5bd02710e975a7\5991FF9244C1187E,0:450267,2016-12-17 23:20:58-243,2016-12-17 23:20:58-466
Success : LS : test2\a94a8fe5ccb19ba6\2a5bd02710e975a7\,0:-1,2016-12-17 23:20:58-467,2016-12-17 23:20:58-467
Success : CREATE_FILE : test2\a94a8fe5ccb19ba6\218C60836E0C844B,0:4068300,2016-12-17 23:20:58-467,2016-12-17 23:20:59-238
Success : LS : test2\a94a8fe5ccb19ba6\,0:-1,2016-12-17 23:20:59-238,2016-12-17 23:20:59-238
Success : CREATE_FILE : test2\a94a8fe5ccb19ba6\1168094E1F4AC22A,0:942811,2016-12-17 23:20:59-238,2016-12-17 23:20:59-624
Success : LS : test2\a94a8fe5ccb19ba6\,0:-1,2016-12-17 23:20:59-625,2016-12-17 23:20:59-625
Success : CREATE_FILE : test2\a94a8fe5ccb19ba6\365E1D3569A07B53,0:1058620,2016-12-17 23:20:59-625,2016-12-17 23:20:59-855
Success : LS : test2\a94a8fe5ccb19ba6\,0:-1,2016-12-17 23:20:59-855,2016-12-17 23:20:59-855
Success : CREATE_FILE : test2\a94a8fe5ccb19ba6\62FA1AF25F0201D6,0:278810,2016-12-17 23:20:59-855,2016-12-17 23:20:59-986
Success : LS : test2\a94a8fe5ccb19ba6\,0:-1,2016-12-17 23:20:59-986,2016-12-17 23:20:59-986
Success : CREATE_FILE : test2\a94a8fe5ccb19ba6\6CE4F69D3349928A,0:1310553,2016-12-17 23:20:59-986,2016-12-17 23:21:00-361
Success : LS : test2\a94a8fe5ccb19ba6\,0:-1,2016-12-17 23:21:00-361,2016-12-17 23:21:00-361
Success : CREATE_FILE : test2\a94a8fe5ccb19ba6\2a5bd02710e975a7\750E1EF607FC2267,0:1448470,2016-12-17 23:21:00-361,2016-12-17 23:21:00-648
Success : LS : test2\a94a8fe5ccb19ba6\2a5bd02710e975a7\,0:-1,2016-12-17 23:21:00-649,2016-12-17 23:21:00-649
Success : CREATE_FILE : test2\a94a8fe5ccb19ba6\1FD2980F1822771A,0:2160867,2016-12-17 23:21:00-649,2016-12-17 23:21:00-975
Success : RANDOM_WRITE : test1\f71b43c3136efa4f\c7d9912886e5ccc7\6670af231c096f09,0:129,2016-12-17 23:21:00-975,2016-12-17 23:21:00-976
Success : RANDOM_WRITE : test1\c5a5e5562b038073\a39ea9c72a98de10\aa61f113a9b13deb,0:438,2016-12-17 23:21:00-976,2016-12-17 23:21:00-976
Success : LS : test2\a94a8fe5ccb19ba6\,0:-1,2016-12-17 23:21:00-976,2016-12-17 23:21:00-976
Success : CREATE_FILE : test2\a94a8fe5ccb19ba6\160B5248233D5941,0:135734,2016-12-17 23:21:00-977,2016-12-17 23:21:01-379
Success : LS : test2\a94a8fe5ccb19ba6\,0:-1,2016-12-17 23:21:01-380,2016-12-17 23:21:01-380
Success : CREATE_FILE : test2\a94a8fe5ccb19ba6\2a5bd02710e975a7\28CF5DC06B3C14D5,0:1378029,2016-12-17 23:21:01-380,2016-12-17 23:21:01-884
Success : LS : test2\a94a8fe5ccb19ba6\2a5bd02710e975a7\,0:-1,2016-12-17 23:21:01-884,2016-12-17 23:21:01-884
Success : CREATE_FILE : test2\a94a8fe5ccb19ba6\2EC990FB480E0C2A,0:684536,2016-12-17 23:21:01-884,2016-12-17 23:21:02-307
Success : LS : test2\a94a8fe5ccb19ba6\,0:-1,2016-12-17 23:21:02-307,2016-12-17 23:21:02-307
Success : CREATE_FILE : test2\a94a8fe5ccb19ba6\2a5bd02710e975a7\6EA11E184738548B,0:2983931,2016-12-17 23:21:02-307,2016-12-17 23:21:02-637
Success : LS : test2\a94a8fe5ccb19ba6\2a5bd02710e975a7\,0:-1,2016-12-17 23:21:02-637,2016-12-17 23:21:02-637
Success : CREATE_FILE : test2\a94a8fe5ccb19ba6\1E56A74744761C63,0:1206329,2016-12-17 23:21:02-637,2016-12-17 23:21:02-885
Success : LS : test2\a94a8fe5ccb19ba6\,0:-1,2016-12-17 23:21:02-885,2016-12-17 23:21:02-885
Success : CREATE_FILE : test2\a94a8fe5ccb19ba6\15ADA54C62653DD7,0:2387144,2016-12-17 23:21:02-885,2016-12-17 23:21:03-499
Success : LS : test2\a94a8fe5ccb19ba6\,0:-1,2016-12-17 23:21:03-499,2016-12-17 23:21:03-499
Success : CREATE_FILE : test2\a94a8fe5ccb19ba6\1A9B548D44697120,0:779306,2016-12-17 23:21:03-499,2016-12-17 23:21:03-729
Success : LS : test2\a94a8fe5ccb19ba6\,0:-1,2016-12-17 23:21:03-729,2016-12-17 23:21:03-729
Success : CREATE_FILE : test2\a94a8fe5ccb19ba6\2C7B69E641EF488F,0:79789,2016-12-17 23:21:03-730,2016-12-17 23:21:03-850
Success : LS : test2\a94a8fe5ccb19ba6\,0:-1,2016-12-17 23:21:03-850,2016-12-17 23:21:03-850
Success : CREATE_FILE : test2\a94a8fe5ccb19ba6\2a5bd02710e975a7\798E4EF700C78775,0:179815,2016-12-17 23:21:03-850,2016-12-17 23:21:04-003
Success : LS : test2\a94a8fe5ccb19ba6\2a5bd02710e975a7\,0:-1,2016-12-17 23:21:04-003,2016-12-17 23:21:04-003
Success : CREATE_FILE : test2\a94a8fe5ccb19ba6\2a5bd02710e975a7\48CAD38032C10C42,0:3890115,2016-12-17 23:21:04-003,2016-12-17 23:21:04-308
Success : LS : test2\a94a8fe5ccb19ba6\2a5bd02710e975a7\,0:-1,2016-12-17 23:21:04-308,2016-12-17 23:21:04-308
Success : CREATE_FILE : test2\a94a8fe5ccb19ba6\2a5bd02710e975a7\66D8FB1904D5329A,0:1286952,2016-12-17 23:21:04-308,2016-12-17 23:21:05-236
Success : RANDOM_WRITE : test2\a94a8fe5ccb19ba6\2a5bd02710e975a7\3eef580036f1724a,0:257,2016-12-17 23:21:05-236,2016-12-17 23:21:05-237
Success : RANDOM_WRITE : test1\c5a5e5562b038073\7b7f22b30cf50087,0:3072,2016-12-17 23:21:05-237,2016-12-17 23:21:05-239
Success : RANDOM_WRITE : test1\c5a5e5562b038073\2d77b1044a6c5c82,0:4096,2016-12-17 23:21:05-239,2016-12-17 23:21:05-240
Success : LS : test2\a94a8fe5ccb19ba6\2a5bd02710e975a7\,0:-1,2016-12-17 23:21:05-240,2016-12-17 23:21:05-240
Success : CREATE_FILE : test2\a94a8fe5ccb19ba6\2a5bd02710e975a7\3B32F7AA5269F1B1,0:2976472,2016-12-17 23:21:05-240,2016-12-17 23:21:05-923
Success : LS : test2\a94a8fe5ccb19ba6\2a5bd02710e975a7\,0:-1,2016-12-17 23:21:05-923,2016-12-17 23:21:05-923
Success : CREATE_FILE : test2\a94a8fe5ccb19ba6\04932CFD302B8DB4,0:3201289,2016-12-17 23:21:05-923,2016-12-17 23:21:06-351
Success : LS : test2\a94a8fe5ccb19ba6\,0:-1,2016-12-17 23:21:06-352,2016-12-17 23:21:06-352
Success : CREATE_FILE : test2\a94a8fe5ccb19ba6\012E6D255598B28A,0:2188674,2016-12-17 23:21:06-352,2016-12-17 23:21:06-629
Success : LS : test2\a94a8fe5ccb19ba6\,0:-1,2016-12-17 23:21:06-630,2016-12-17 23:21:06-630
Success : CREATE_FILE : test2\a94a8fe5ccb19ba6\2a5bd02710e975a7\3C0383421EC3C29E,0:1817758,2016-12-17 23:21:06-630,2016-12-17 23:21:07-008
Success : LS : test2\a94a8fe5ccb19ba6\2a5bd02710e975a7\,0:-1,2016-12-17 23:21:07-008,2016-12-17 23:21:07-008
Success : CREATE_FILE : test2\a94a8fe5ccb19ba6\1FF2A9C85DCAD007,0:1651162,2016-12-17 23:21:07-008,2016-12-17 23:21:07-460
Success : LS : test2\a94a8fe5ccb19ba6\,0:-1,2016-12-17 23:21:07-460,2016-12-17 23:21:07-460
Success : CREATE_FILE : test2\a94a8fe5ccb19ba6\15DDDB6E30668C2B,0:3141479,2016-12-17 23:21:07-460,2016-12-17 23:21:08-413
Success : LS : test2\a94a8fe5ccb19ba6\,0:-1,2016-12-17 23:21:08-413,2016-12-17 23:21:08-413
Success : CREATE_FILE : test2\a94a8fe5ccb19ba6\2a5bd02710e975a7\3FA4DD535A874173,0:615971,2016-12-17 23:21:08-413,2016-12-17 23:21:08-657
Success : LS : test2\a94a8fe5ccb19ba6\2a5bd02710e975a7\,0:-1,2016-12-17 23:21:08-657,2016-12-17 23:21:08-657
Success : CREATE_FILE : test2\a94a8fe5ccb19ba6\2a5bd02710e975a7\25BC4CDE7185EF76,0:2050330,2016-12-17 23:21:08-657,2016-12-17 23:21:09-140
Success : LS : test2\a94a8fe5ccb19ba6\2a5bd02710e975a7\,0:-1,2016-12-17 23:21:09-140,2016-12-17 23:21:09-140
Success : CREATE_FILE : test2\a94a8fe5ccb19ba6\2a5bd02710e975a7\4520697E47475160,0:1022815,2016-12-17 23:21:09-140,2016-12-17 23:21:09-439
Success : LS : test2\a94a8fe5ccb19ba6\2a5bd02710e975a7\,0:-1,2016-12-17 23:21:09-439,2016-12-17 23:21:09-439
Success : CREATE_FILE : test2\a94a8fe5ccb19ba6\2a5bd02710e975a7\3C3941DC25040886,0:1350836,2016-12-17 23:21:09-439,2016-12-17 23:21:09-644
Success : LS : test2\a94a8fe5ccb19ba6\2a5bd02710e975a7\,0:-1,2016-12-17 23:21:09-645,2016-12-17 23:21:09-645
Success : CREATE_FILE : test2\a94a8fe5ccb19ba6\2a5bd02710e975a7\02D061A92C570CC1,0:3107757,2016-12-17 23:21:09-645,2016-12-17 23:21:09-956
Success : LS : test2\a94a8fe5ccb19ba6\2a5bd02710e975a7\,0:-1,2016-12-17 23:21:09-956,2016-12-17 23:21:09-956
Success : CREATE_FILE : test2\a94a8fe5ccb19ba6\2659BC2435F95EC6,0:3882985,2016-12-17 23:21:09-957,2016-12-17 23:21:10-349
Success : SEQ_READ : test1\c5a5e5562b038073\a39ea9c72a98de10\11562aa867a5f398,0:2048,2016-12-17 23:21:10-349,2016-12-17 23:21:10-351
Success : RANDOM_WRITE : test1\c5a5e5562b038073\2d77b1044a6c5c82,0:9216,2016-12-17 23:21:10-351,2016-12-17 23:21:10-352
Success : SEQ_READ : test1\c5a5e5562b038073\88fe52fe40fa2264,0:1024,2016-12-17 23:21:10-352,2016-12-17 23:21:10-353
Success : LS : test2\a94a8fe5ccb19ba6\,0:-1,2016-12-17 23:21:10-353,2016-12-17 23:21:10-353
Success : CREATE_FILE : test2\a94a8fe5ccb19ba6\2a5bd02710e975a7\2E53C24D5A996320,0:1716328,2016-12-17 23:21:10-353,2016-12-17 23:21:10-625
Success : LS : test2\a94a8fe5ccb19ba6\2a5bd02710e975a7\,0:-1,2016-12-17 23:21:10-625,2016-12-17 23:21:10-625
Success : CREATE_FILE : test2\a94a8fe5ccb19ba6\2a5bd02710e975a7\59591F073AD4B23C,0:447742,2016-12-17 23:21:10-626,2016-12-17 23:21:10-786
Success : LS : test2\a94a8fe5ccb19ba6\2a5bd02710e975a7\,0:-1,2016-12-17 23:21:10-786,2016-12-17 23:21:10-786
Success : CREATE_FILE : test2\a94a8fe5ccb19ba6\2a5bd02710e975a7\740EF15175B78D2F,0:2451298,2016-12-17 23:21:10-787,2016-12-17 23:21:11-209
Success : LS : test2\a94a8fe5ccb19ba6\2a5bd02710e975a7\,0:-1,2016-12-17 23:21:11-210,2016-12-17 23:21:11-210
Success : CREATE_FILE : test2\a94a8fe5ccb19ba6\4ADD186A32208D1E,0:2093602,2016-12-17 23:21:11-210,2016-12-17 23:21:11-489
Success : LS : test2\a94a8fe5ccb19ba6\,0:-1,2016-12-17 23:21:11-489,2016-12-17 23:21:11-489
Success : CREATE_FILE : test2\a94a8fe5ccb19ba6\0861A57B56A2182D,0:2335135,2016-12-17 23:21:11-489,2016-12-17 23:21:11-732
Success : LS : test2\a94a8fe5ccb19ba6\,0:-1,2016-12-17 23:21:11-732,2016-12-17 23:21:11-732
Success : CREATE_FILE : test2\a94a8fe5ccb19ba6\72B6593D55FFE4A5,0:793318,2016-12-17 23:21:11-732,2016-12-17 23:21:11-955
Success : LS : test2\a94a8fe5ccb19ba6\,0:-1,2016-12-17 23:21:11-955,2016-12-17 23:21:11-955
Success : CREATE_FILE : test2\a94a8fe5ccb19ba6\1872B77343A70926,0:2339771,2016-12-17 23:21:11-956,2016-12-17 23:21:12-348
Success : LS : test2\a94a8fe5ccb19ba6\,0:-1,2016-12-17 23:21:12-348,2016-12-17 23:21:12-348
Success : CREATE_FILE : test2\a94a8fe5ccb19ba6\2a5bd02710e975a7\7D51476465D6D33F,0:287960,2016-12-17 23:21:12-348,2016-12-17 23:21:12-526
Success : LS : test2\a94a8fe5ccb19ba6\2a5bd02710e975a7\,0:-1,2016-12-17 23:21:12-526,2016-12-17 23:21:12-526
Success : CREATE_FILE : test2\a94a8fe5ccb19ba6\2a5bd02710e975a7\55814939097BCF5D,0:511362,2016-12-17 23:21:12-526,2016-12-17 23:21:12-857
Success : LS : test2\a94a8fe5ccb19ba6\2a5bd02710e975a7\,0:-1,2016-12-17 23:21:12-857,2016-12-17 23:21:12-857
Success : CREATE_FILE : test2\a94a8fe5ccb19ba6\1E8AE23239FB6082,0:2480133,2016-12-17 23:21:12-857,2016-12-17 23:21:13-321
Success : LS : test2\a94a8fe5ccb19ba6\,0:-1,2016-12-17 23:21:13-321,2016-12-17 23:21:13-321
Success : CREATE_FILE : test2\a94a8fe5ccb19ba6\38D79EE9216E35DB,0:374645,2016-12-17 23:21:13-321,2016-12-17 23:21:13-645
Success : SEQ_READ : test1\c5a5e5562b038073\0189424a5a60fed3\46a8219c2ae6c782,0:1080320,2016-12-17 23:21:13-645,2016-12-17 23:21:13-664
Success : RANDOM_WRITE : test1\c5a5e5562b038073\6670af231c096f09,0:46,2016-12-17 23:21:13-664,2016-12-17 23:21:13-666
Success : LS : test2\a94a8fe5ccb19ba6\,0:-1,2016-12-17 23:21:13-666,2016-12-17 23:21:13-666
Success : CREATE_FILE : test2\a94a8fe5ccb19ba6\3995ECB14E598439,0:451611,2016-12-17 23:21:13-666,2016-12-17 23:21:14-250
Success : LS : test2\a94a8fe5ccb19ba6\,0:-1,2016-12-17 23:21:14-250,2016-12-17 23:21:14-250
Success : CREATE_FILE : test2\a94a8fe5ccb19ba6\11095ADC737AF4C8,0:1531579,2016-12-17 23:21:14-251,2016-12-17 23:21:15-862
Success : LS : test2\a94a8fe5ccb19ba6\,0:-1,2016-12-17 23:21:15-862,2016-12-17 23:21:15-862
Success : CREATE_FILE : test2\a94a8fe5ccb19ba6\2a5bd02710e975a7\216855A70EEAC399,0:824335,2016-12-17 23:21:15-863,2016-12-17 23:21:16-688
Success : LS : test2\a94a8fe5ccb19ba6\2a5bd02710e975a7\,0:-1,2016-12-17 23:21:16-688,2016-12-17 23:21:16-688
Success : CREATE_FILE : test2\a94a8fe5ccb19ba6\678C790826DC1DCF,0:1061611,2016-12-17 23:21:16-689,2016-12-17 23:21:17-180
Success : LS : test2\a94a8fe5ccb19ba6\,0:-1,2016-12-17 23:21:17-180,2016-12-17 23:21:17-180
Success : CREATE_FILE : test2\a94a8fe5ccb19ba6\2a5bd02710e975a7\2CE0BF2C373F11F0,0:2572346,2016-12-17 23:21:17-180,2016-12-17 23:21:17-692
Success : LS : test2\a94a8fe5ccb19ba6\2a5bd02710e975a7\,0:-1,2016-12-17 23:21:17-692,2016-12-17 23:21:17-692
Success : CREATE_FILE : test2\a94a8fe5ccb19ba6\665D0A9853273CD6,0:1977744,2016-12-17 23:21:17-692,2016-12-17 23:21:17-926
Success : LS : test2\a94a8fe5ccb19ba6\,0:-1,2016-12-17 23:21:17-926,2016-12-17 23:21:17-926
Success : CREATE_FILE : test2\a94a8fe5ccb19ba6\0F4FC697024FC53E,0:2766045,2016-12-17 23:21:17-926,2016-12-17 23:21:18-293
Success : LS : test2\a94a8fe5ccb19ba6\,0:-1,2016-12-17 23:21:18-293,2016-12-17 23:21:18-293
Success : CREATE_FILE : test2\a94a8fe5ccb19ba6\2a5bd02710e975a7\39A641834DA7EE99,0:3798930,2016-12-17 23:21:18-293,2016-12-17 23:21:18-822
Success : LS : test2\a94a8fe5ccb19ba6\2a5bd02710e975a7\,0:-1,2016-12-17 23:21:18-822,2016-12-17 23:21:18-822
Success : CREATE_FILE : test2\a94a8fe5ccb19ba6\705477604898FC04,0:2377647,2016-12-17 23:21:18-822,2016-12-17 23:21:19-101
Success : LS : test2\a94a8fe5ccb19ba6\,0:-1,2016-12-17 23:21:19-101,2016-12-17 23:21:19-101
Success : CREATE_FILE : test2\a94a8fe5ccb19ba6\2a5bd02710e975a7\373C6A0E5C45EE16,0:2176682,2016-12-17 23:21:19-101,2016-12-17 23:21:20-001
Success : LS : test2\a94a8fe5ccb19ba6\2a5bd02710e975a7\,0:-1,2016-12-17 23:21:20-002,2016-12-17 23:21:20-002
Success : CREATE_FILE : test2\a94a8fe5ccb19ba6\5244785F6B14C1BF,0:2275409,2016-12-17 23:21:20-002,2016-12-17 23:21:20-831
Success : LS : test2\a94a8fe5ccb19ba6\,0:-1,2016-12-17 23:21:20-831,2016-12-17 23:21:20-831
Success : CREATE_FILE : test2\a94a8fe5ccb19ba6\6F9F37D364F9E986,0:1163091,2016-12-17 23:21:20-831,2016-12-17 23:21:21-173
Fail : RANDOM_WRITE : test1\c5a5e5562b038073\a39ea9c72a98de10\11562aa867a5f398,0:0,2016-12-17 23:21:21-173,2016-12-17 23:21:21-175
Reason : RESTAPI.NoImplementionException: read failure
Success : SEQ_READ : test1\f71b43c3136efa4f\9f93e73d6896cb7b\6670af231c096f09,0:129,2016-12-17 23:21:21-175,2016-12-17 23:21:21-176
Fail : RANDOM_WRITE : test1\c5a5e5562b038073\a39ea9c72a98de10\11562aa867a5f398,0:0,2016-12-17 23:21:21-176,2016-12-17 23:21:21-178
Reason : RESTAPI.NoImplementionException: read failure
Success : SEQ_READ : test2\a94a8fe5ccb19ba6\4b6fcb2d521ef0fd,0:1024,2016-12-17 23:21:21-178,2016-12-17 23:21:21-179
Fail : RANDOM_WRITE : test2\acde102dac5bbe15,0:0,2016-12-17 23:21:21-179,2016-12-17 23:21:21-181
Reason : RESTAPI.NoImplementionException: read failure
Success : LS : test2\a94a8fe5ccb19ba6\,0:-1,2016-12-17 23:21:21-181,2016-12-17 23:21:21-181
Success : CREATE_FILE : test2\a94a8fe5ccb19ba6\136D43304F71D9F4,0:2182296,2016-12-17 23:21:21-181,2016-12-17 23:21:21-680
Success : LS : test2\a94a8fe5ccb19ba6\,0:-1,2016-12-17 23:21:21-680,2016-12-17 23:21:21-680
Success : CREATE_FILE : test2\a94a8fe5ccb19ba6\2a5bd02710e975a7\7EF1F7934C8230A5,0:3816996,2016-12-17 23:21:21-681,2016-12-17 23:21:22-186
Success : LS : test2\a94a8fe5ccb19ba6\2a5bd02710e975a7\,0:-1,2016-12-17 23:21:22-186,2016-12-17 23:21:22-186
Success : CREATE_FILE : test2\a94a8fe5ccb19ba6\25651FA3361739AD,0:2439421,2016-12-17 23:21:22-186,2016-12-17 23:21:23-199
Success : LS : test2\a94a8fe5ccb19ba6\,0:-1,2016-12-17 23:21:23-199,2016-12-17 23:21:23-199
Success : CREATE_FILE : test2\a94a8fe5ccb19ba6\2747F961575C0DEA,0:3112243,2016-12-17 23:21:23-199,2016-12-17 23:21:23-615
Success : LS : test2\a94a8fe5ccb19ba6\,0:-1,2016-12-17 23:21:23-615,2016-12-17 23:21:23-615
Success : CREATE_FILE : test2\a94a8fe5ccb19ba6\7278682B59E22376,0:3300661,2016-12-17 23:21:23-615,2016-12-17 23:21:24-445
Success : LS : test2\a94a8fe5ccb19ba6\,0:-1,2016-12-17 23:21:24-445,2016-12-17 23:21:24-445
Success : CREATE_FILE : test2\a94a8fe5ccb19ba6\2a5bd02710e975a7\6262E3326E898F74,0:2508260,2016-12-17 23:21:24-446,2016-12-17 23:21:25-059
Success : LS : test2\a94a8fe5ccb19ba6\2a5bd02710e975a7\,0:-1,2016-12-17 23:21:25-059,2016-12-17 23:21:25-059
Success : CREATE_FILE : test2\a94a8fe5ccb19ba6\2a5bd02710e975a7\6B0B4E84034DD50A,0:2912894,2016-12-17 23:21:25-059,2016-12-17 23:21:25-902
Success : LS : test2\a94a8fe5ccb19ba6\2a5bd02710e975a7\,0:-1,2016-12-17 23:21:25-902,2016-12-17 23:21:25-902
Success : CREATE_FILE : test2\a94a8fe5ccb19ba6\2a5bd02710e975a7\787092C65ABE81E3,0:1638528,2016-12-17 23:21:25-903,2016-12-17 23:21:27-616
Success : LS : test2\a94a8fe5ccb19ba6\2a5bd02710e975a7\,0:-1,2016-12-17 23:21:27-616,2016-12-17 23:21:27-616
Success : CREATE_FILE : test2\a94a8fe5ccb19ba6\6980287559786A6F,0:3557219,2016-12-17 23:21:27-616,2016-12-17 23:21:28-678
Fail : RANDOM_WRITE : test2\1a7683b6645f9b6a,0:0,2016-12-17 23:21:28-678,2016-12-17 23:21:28-682
Reason : RESTAPI.NoImplementionException: read failure
Success : LS : test2\a94a8fe5ccb19ba6\,0:-1,2016-12-17 23:21:28-682,2016-12-17 23:21:28-682
Success : CREATE_FILE : test2\a94a8fe5ccb19ba6\282677EE039D7FA1,0:1843171,2016-12-17 23:21:28-683,2016-12-17 23:21:30-276
Success : LS : test2\a94a8fe5ccb19ba6\,0:-1,2016-12-17 23:21:30-276,2016-12-17 23:21:30-276
Success : CREATE_FILE : test2\a94a8fe5ccb19ba6\4C6F52C0760148F5,0:24834,2016-12-17 23:21:30-277,2016-12-17 23:21:30-773
Success : LS : test2\a94a8fe5ccb19ba6\,0:-1,2016-12-17 23:21:30-773,2016-12-17 23:21:30-773
Success : CREATE_FILE : test2\a94a8fe5ccb19ba6\5E2A0B69377312BF,0:2236809,2016-12-17 23:21:30-773,2016-12-17 23:21:32-409
Success : LS : test2\a94a8fe5ccb19ba6\,0:-1,2016-12-17 23:21:32-409,2016-12-17 23:21:32-409
