Success : LS : test1\f71b43c3136efa4f\c7d9912886e5ccc7\,0:-1,2016-12-15 13:51:12-234,2016-12-15 13:51:12-595
Success : SEQ_READ : test2\bc9c8ba7ff351f3e,0:217984,2016-12-15 13:51:12-700,2016-12-15 13:51:12-933
Success : LS : test2\a94a8fe5ccb19ba6\2a5bd02710e975a7\,0:-1,2016-12-15 13:51:13-056,2016-12-15 13:51:13-251
Success : CREATE_FILE : test2\a94a8fe5ccb19ba6\2a5bd02710e975a7\310CF7192287A4E1,0:3471021,2016-12-15 13:51:13-331,2016-12-15 13:51:16-338
Success : LS : test1\c5a5e5562b038073\a39ea9c72a98de10\,0:-1,2016-12-15 13:51:16-412,2016-12-15 13:51:16-559
Success : LS : test2\a94a8fe5ccb19ba6\2a5bd02710e975a7\,0:-1,2016-12-15 13:51:16-656,2016-12-15 13:51:16-830
Success : LS : test1\f71b43c3136efa4f\c7d9912886e5ccc7\,0:-1,2016-12-15 13:51:16-928,2016-12-15 13:51:17-117
Success : LS : test2\a94a8fe5ccb19ba6\,0:-1,2016-12-15 13:51:17-903,2016-12-15 13:51:18-111
Success : LS : test2\a94a8fe5ccb19ba6\2a5bd02710e975a7\,0:-1,2016-12-15 13:51:19-484,2016-12-15 13:51:19-691
Success : SEQ_READ : test1\f71b43c3136efa4f\9f93e73d6896cb7b\6670af231c096f09,0:129,2016-12-15 13:51:20-529,2016-12-15 13:51:20-702
Success : SEQ_READ : test1\c5a5e5562b038073\68ad3077ff5a452a,0:383,2016-12-15 13:51:21-667,2016-12-15 13:51:21-816
Success : CREATE_FILE : test2\a94a8fe5ccb19ba6\6FA422B55E85AE38,0:4015792,2016-12-15 13:51:21-933,2016-12-15 13:51:25-266
Success : LS : test2\a94a8fe5ccb19ba6\,0:-1,2016-12-15 13:51:25-342,2016-12-15 13:51:25-508
Success : CREATE_FILE : test2\a94a8fe5ccb19ba6\4C693DB1747120C8,0:1765941,2016-12-15 13:51:25-629,2016-12-15 13:51:26-794
Success : LS : test1\f71b43c3136efa4f\,0:-1,2016-12-15 13:51:26-909,2016-12-15 13:51:27-112
Success : LS : test2\a94a8fe5ccb19ba6\,0:-1,2016-12-15 13:51:27-191,2016-12-15 13:51:27-358
Success : CREATE_FILE : test2\a94a8fe5ccb19ba6\2a5bd02710e975a7\69E20C0F2DDE7CF8,0:2588589,2016-12-15 13:51:27-456,2016-12-15 13:51:29-341
Success : LS : test2\a94a8fe5ccb19ba6\2a5bd02710e975a7\,0:-1,2016-12-15 13:51:29-455,2016-12-15 13:51:29-676
Success : LS : test2\a94a8fe5ccb19ba6\2a5bd02710e975a7\,0:-1,2016-12-15 13:51:29-791,2016-12-15 13:51:29-996
Success : SEQ_READ : test1\f71b43c3136efa4f\c7d9912886e5ccc7\6670af231c096f09,0:129,2016-12-15 13:51:30-116,2016-12-15 13:51:30-303
Success : LS : test1\f71b43c3136efa4f\9f93e73d6896cb7b\,0:-1,2016-12-15 13:51:30-425,2016-12-15 13:51:30-631
Success : SEQ_READ : test2\6c33a983eec1b409,0:2291,2016-12-15 13:51:32-448,2016-12-15 13:51:32-651
Success : LS : test1\f71b43c3136efa4f\83404ffd78f534ff\,0:-1,2016-12-15 13:51:32-981,2016-12-15 13:51:33-180
Success : LS : test1\f71b43c3136efa4f\c7d9912886e5ccc7\,0:-1,2016-12-15 13:51:33-299,2016-12-15 13:51:33-509
Success : SEQ_READ : test2\a94a8fe5ccb19ba6\4b6fcb2d521ef0fd,0:2291,2016-12-15 13:51:33-618,2016-12-15 13:51:33-806
Success : LS : test1\f71b43c3136efa4f\9f93e73d6896cb7b\,0:-1,2016-12-15 13:51:34-798,2016-12-15 13:51:35-033
Success : CREATE_FILE : test2\a94a8fe5ccb19ba6\62C511E336692E24,0:799910,2016-12-15 13:51:35-638,2016-12-15 13:51:35-866
Success : LS : test2\a94a8fe5ccb19ba6\,0:-1,2016-12-15 13:51:35-943,2016-12-15 13:51:36-100
Success : SEQ_READ : test2\a94a8fe5ccb19ba6\2a5bd02710e975a7\178db47a574c645f,0:257,2016-12-15 13:51:37-366,2016-12-15 13:51:37-502
Success : CREATE_FILE : test2\a94a8fe5ccb19ba6\03161A9260AF73D8,0:3620029,2016-12-15 13:51:37-782,2016-12-15 13:51:40-699
Success : SEQ_READ : test2\acde102dac5bbe15,0:6030,2016-12-15 13:51:40-773,2016-12-15 13:51:40-964
Success : LS : test2\a94a8fe5ccb19ba6\,0:-1,2016-12-15 13:51:41-067,2016-12-15 13:51:41-281
Success : LS : test2\a94a8fe5ccb19ba6\,0:-1,2016-12-15 13:51:41-378,2016-12-15 13:51:41-597
Success : LS : test1\c5a5e5562b038073\a39ea9c72a98de10\,0:-1,2016-12-15 13:51:41-718,2016-12-15 13:51:41-892
Success : LS : test1\f71b43c3136efa4f\9f93e73d6896cb7b\,0:-1,2016-12-15 13:51:42-303,2016-12-15 13:51:42-502
Success : SEQ_READ : test1\c5a5e5562b038073\6670af231c096f09,0:46,2016-12-15 13:51:42-580,2016-12-15 13:51:42-752
Success : LS : test1\f71b43c3136efa4f\83404ffd78f534ff\,0:-1,2016-12-15 13:51:43-612,2016-12-15 13:51:43-792
Success : LS : test1\f71b43c3136efa4f\83404ffd78f534ff\,0:-1,2016-12-15 13:51:43-881,2016-12-15 13:51:44-046
Success : LS : test2\a94a8fe5ccb19ba6\,0:-1,2016-12-15 13:51:44-300,2016-12-15 13:51:44-530
Fail : LS : test1,0:-1,2016-12-15 13:51:44-640,2016-12-15 13:51:44-641
Reason : java.lang.StringIndexOutOfBoundsException: String index out of range: -1
Success : SEQ_READ : test2\1a7683b6645f9b6a,0:14529,2016-12-15 13:51:46-330,2016-12-15 13:51:46-473
Success : LS : test2\a94a8fe5ccb19ba6\2a5bd02710e975a7\,0:-1,2016-12-15 13:51:47-381,2016-12-15 13:51:47-561
Success : SEQ_READ : test2\a94a8fe5ccb19ba6\2a5bd02710e975a7\3eef580036f1724a,0:257,2016-12-15 13:51:48-157,2016-12-15 13:51:48-315
Success : CREATE_FILE : test2\a94a8fe5ccb19ba6\2D485237284EED19,0:3252433,2016-12-15 13:51:48-460,2016-12-15 13:51:51-016
Success : SEQ_READ : test1\c5a5e5562b038073\0caa882bd1034750,0:324096,2016-12-15 13:51:51-089,2016-12-15 13:51:51-287
Success : LS : test2\a94a8fe5ccb19ba6\,0:-1,2016-12-15 13:51:51-363,2016-12-15 13:51:51-534
Success : CREATE_FILE : test2\a94a8fe5ccb19ba6\717A3D5A5FD1DCA4,0:980280,2016-12-15 13:51:51-649,2016-12-15 13:51:51-924
Success : SEQ_READ : test1\f71b43c3136efa4f\52481749c0cdecd6\6670af231c096f09,0:129,2016-12-15 13:51:51-997,2016-12-15 13:51:52-156
Fail : LS : test1,0:-1,2016-12-15 13:51:52-234,2016-12-15 13:51:52-235
Reason : java.lang.StringIndexOutOfBoundsException: String index out of range: -1
Success : LS : test2\a94a8fe5ccb19ba6\,0:-1,2016-12-15 13:51:52-311,2016-12-15 13:51:52-480
Success : CREATE_FILE : test2\a94a8fe5ccb19ba6\48A4FC891A30AA70,0:1477871,2016-12-15 13:51:52-579,2016-12-15 13:51:53-310
Success : SEQ_READ : test1\f71b43c3136efa4f\9f93e73d6896cb7b\6670af231c096f09,0:129,2016-12-15 13:51:53-429,2016-12-15 13:51:53-622
Success : SEQ_READ : test1\c5a5e5562b038073\05d1f0ed74e78555,0:69632,2016-12-15 13:51:53-724,2016-12-15 13:51:53-877
Success : LS : test2\a94a8fe5ccb19ba6\,0:-1,2016-12-15 13:51:53-997,2016-12-15 13:51:54-174
Success : LS : test2\a94a8fe5ccb19ba6\2a5bd02710e975a7\,0:-1,2016-12-15 13:51:56-315,2016-12-15 13:51:56-533
Success : CREATE_FILE : test2\a94a8fe5ccb19ba6\2a5bd02710e975a7\7C289D08128AD70F,0:4065109,2016-12-15 13:51:56-647,2016-12-15 13:52:00-149
Success : LS : test1\f71b43c3136efa4f\,0:-1,2016-12-15 13:52:00-275,2016-12-15 13:52:00-432
Success : LS : test2\a94a8fe5ccb19ba6\2a5bd02710e975a7\,0:-1,2016-12-15 13:52:00-506,2016-12-15 13:52:00-716
Fail : LS : test1,0:-1,2016-12-15 13:52:00-834,2016-12-15 13:52:00-835
Reason : java.lang.StringIndexOutOfBoundsException: String index out of range: -1
Success : SEQ_READ : test1\c5a5e5562b038073\3c16ab634e85296e,0:105016,2016-12-15 13:52:00-950,2016-12-15 13:52:01-157
Success : CREATE_FILE : test2\a94a8fe5ccb19ba6\1935B2A976F8AE64,0:3780980,2016-12-15 13:52:01-982,2016-12-15 13:52:05-405
Success : LS : test2\a94a8fe5ccb19ba6\,0:-1,2016-12-15 13:52:05-484,2016-12-15 13:52:05-682
Success : LS : test2\a94a8fe5ccb19ba6\,0:-1,2016-12-15 13:52:05-761,2016-12-15 13:52:05-986
Success : LS : test1\f71b43c3136efa4f\52481749c0cdecd6\,0:-1,2016-12-15 13:52:06-086,2016-12-15 13:52:06-235
Success : CREATE_FILE : test2\a94a8fe5ccb19ba6\2a5bd02710e975a7\70124154449ACFEE,0:2842956,2016-12-15 13:52:06-361,2016-12-15 13:52:08-791
Success : LS : test2\a94a8fe5ccb19ba6\2a5bd02710e975a7\,0:-1,2016-12-15 13:52:08-895,2016-12-15 13:52:09-067
Success : LS : test2\a94a8fe5ccb19ba6\2a5bd02710e975a7\,0:-1,2016-12-15 13:52:09-162,2016-12-15 13:52:09-368
Success : LS : test1\f71b43c3136efa4f\,0:-1,2016-12-15 13:52:09-452,2016-12-15 13:52:09-645
Success : LS : test1\c5a5e5562b038073\0189424a5a60fed3\,0:-1,2016-12-15 13:52:09-769,2016-12-15 13:52:09-926
Success : LS : test1\f71b43c3136efa4f\83404ffd78f534ff\,0:-1,2016-12-15 13:52:10-311,2016-12-15 13:52:10-453
Success : CREATE_FILE : test2\a94a8fe5ccb19ba6\34B8F3BC2C002074,0:1529248,2016-12-15 13:52:11-255,2016-12-15 13:52:12-077
Success : LS : test1\f71b43c3136efa4f\52481749c0cdecd6\,0:-1,2016-12-15 13:52:12-180,2016-12-15 13:52:12-370
Success : LS : test2\a94a8fe5ccb19ba6\,0:-1,2016-12-15 13:52:12-477,2016-12-15 13:52:12-712
Success : CREATE_FILE : test2\a94a8fe5ccb19ba6\4E521FEB007DC008,0:3208104,2016-12-15 13:52:14-206,2016-12-15 13:52:16-724
Success : LS : test2\a94a8fe5ccb19ba6\,0:-1,2016-12-15 13:52:16-829,2016-12-15 13:52:17-048
Success : LS : test2\a94a8fe5ccb19ba6\,0:-1,2016-12-15 13:52:17-158,2016-12-15 13:52:17-357
Success : LS : test2\a94a8fe5ccb19ba6\,0:-1,2016-12-15 13:52:17-475,2016-12-15 13:52:17-650
Success : CREATE_FILE : test2\a94a8fe5ccb19ba6\65ED87256CBBC728,0:760537,2016-12-15 13:52:17-740,2016-12-15 13:52:17-987
Success : LS : test2\a94a8fe5ccb19ba6\2a5bd02710e975a7\,0:-1,2016-12-15 13:52:18-103,2016-12-15 13:52:18-351
Success : LS : test2\a94a8fe5ccb19ba6\,0:-1,2016-12-15 13:52:18-448,2016-12-15 13:52:18-657
Success : CREATE_FILE : test2\a94a8fe5ccb19ba6\774D08956636B4F0,0:581857,2016-12-15 13:52:18-764,2016-12-15 13:52:19-012
Success : SEQ_READ : test2\acde102dac5bbe15,0:6030,2016-12-15 13:52:19-116,2016-12-15 13:52:19-262
Success : LS : test1\c5a5e5562b038073\0189424a5a60fed3\,0:-1,2016-12-15 13:52:19-338,2016-12-15 13:52:19-473
Success : LS : test2\a94a8fe5ccb19ba6\,0:-1,2016-12-15 13:52:19-576,2016-12-15 13:52:19-799
Success : CREATE_FILE : test2\a94a8fe5ccb19ba6\66A08FCB5CE4EA69,0:1314894,2016-12-15 13:52:19-885,2016-12-15 13:52:20-473
Success : LS : test1\f71b43c3136efa4f\52481749c0cdecd6\,0:-1,2016-12-15 13:52:20-581,2016-12-15 13:52:20-732
Success : LS : test2\a94a8fe5ccb19ba6\,0:-1,2016-12-15 13:52:20-853,2016-12-15 13:52:21-052
Success : LS : test2\a94a8fe5ccb19ba6\,0:-1,2016-12-15 13:52:23-039,2016-12-15 13:52:23-318
Success : LS : test1\c5a5e5562b038073\,0:-1,2016-12-15 13:52:23-435,2016-12-15 13:52:23-582
Success : LS : test1\f71b43c3136efa4f\c7d9912886e5ccc7\,0:-1,2016-12-15 13:52:24-386,2016-12-15 13:52:24-585
Success : LS : test1\f71b43c3136efa4f\c7d9912886e5ccc7\,0:-1,2016-12-15 13:52:26-202,2016-12-15 13:52:26-401
Success : LS : test1\c5a5e5562b038073\0189424a5a60fed3\,0:-1,2016-12-15 13:52:26-712,2016-12-15 13:52:26-869
Success : LS : test1\c5a5e5562b038073\0189424a5a60fed3\,0:-1,2016-12-15 13:52:26-939,2016-12-15 13:52:27-079
Success : CREATE_FILE : test2\a94a8fe5ccb19ba6\7FC2C67C5ACC527A,0:2792766,2016-12-15 13:52:27-442,2016-12-15 13:52:29-616
Success : LS : test2\a94a8fe5ccb19ba6\,0:-1,2016-12-15 13:52:29-730,2016-12-15 13:52:29-906
Success : CREATE_FILE : test2\a94a8fe5ccb19ba6\2a5bd02710e975a7\152DA3AB0133C573,0:2537825,2016-12-15 13:52:31-170,2016-12-15 13:52:32-988
Success : LS : test2\a94a8fe5ccb19ba6\2a5bd02710e975a7\,0:-1,2016-12-15 13:52:33-064,2016-12-15 13:52:33-286
Success : CREATE_FILE : test2\a94a8fe5ccb19ba6\46C6BE5E5BAFDD78,0:16769,2016-12-15 13:52:33-384,2016-12-15 13:52:33-549
Success : SEQ_READ : test1\f71b43c3136efa4f\83404ffd78f534ff\6670af231c096f09,0:129,2016-12-15 13:52:33-673,2016-12-15 13:52:33-830
Success : LS : test2\a94a8fe5ccb19ba6\,0:-1,2016-12-15 13:52:33-906,2016-12-15 13:52:34-117
Success : CREATE_FILE : test2\a94a8fe5ccb19ba6\5F7A992D713DD376,0:2650046,2016-12-15 13:52:34-202,2016-12-15 13:52:36-180
Success : LS : test2\a94a8fe5ccb19ba6\,0:-1,2016-12-15 13:52:36-286,2016-12-15 13:52:36-471
Success : CREATE_FILE : test2\a94a8fe5ccb19ba6\2a5bd02710e975a7\401CADEA220C1855,0:638911,2016-12-15 13:52:36-596,2016-12-15 13:52:36-855
Success : LS : test2\a94a8fe5ccb19ba6\2a5bd02710e975a7\,0:-1,2016-12-15 13:52:36-969,2016-12-15 13:52:37-153
Success : LS : test2\a94a8fe5ccb19ba6\2a5bd02710e975a7\,0:-1,2016-12-15 13:52:37-297,2016-12-15 13:52:37-473
Success : CREATE_FILE : test2\a94a8fe5ccb19ba6\2a5bd02710e975a7\36801CA85BBB07B1,0:3542819,2016-12-15 13:52:37-570,2016-12-15 13:52:40-483
Success : LS : test1\f71b43c3136efa4f\83404ffd78f534ff\,0:-1,2016-12-15 13:52:40-567,2016-12-15 13:52:40-717
Fail : LS : test1,0:-1,2016-12-15 13:52:40-804,2016-12-15 13:52:40-804
Reason : java.lang.StringIndexOutOfBoundsException: String index out of range: -1
Success : LS : test2\a94a8fe5ccb19ba6\2a5bd02710e975a7\,0:-1,2016-12-15 13:52:40-879,2016-12-15 13:52:41-066
Success : LS : test1\f71b43c3136efa4f\83404ffd78f534ff\,0:-1,2016-12-15 13:52:41-141,2016-12-15 13:52:41-309
Success : SEQ_READ : test1\c5a5e5562b038073\a39ea9c72a98de10\f398de59988a85e5,0:6743,2016-12-15 13:52:41-412,2016-12-15 13:52:41-597
Success : LS : test2\a94a8fe5ccb19ba6\2a5bd02710e975a7\,0:-1,2016-12-15 13:52:41-841,2016-12-15 13:52:42-013
Success : CREATE_FILE : test2\a94a8fe5ccb19ba6\5D52205268C4905F,0:1672892,2016-12-15 13:52:42-089,2016-12-15 13:52:43-024
Success : SEQ_READ : test2\49f03965cf98b1f5,0:1634,2016-12-15 13:52:43-112,2016-12-15 13:52:43-266
Success : LS : test2\a94a8fe5ccb19ba6\,0:-1,2016-12-15 13:52:43-353,2016-12-15 13:52:43-547
Success : CREATE_FILE : test2\a94a8fe5ccb19ba6\2a5bd02710e975a7\2CB6614A16D122F0,0:2526809,2016-12-15 13:52:43-647,2016-12-15 13:52:45-441
Success : LS : test2\a94a8fe5ccb19ba6\2a5bd02710e975a7\,0:-1,2016-12-15 13:52:45-545,2016-12-15 13:52:45-741
Success : CREATE_FILE : test2\a94a8fe5ccb19ba6\7B8F672B629CF6CA,0:195873,2016-12-15 13:52:46-321,2016-12-15 13:52:46-491
Success : LS : test2\a94a8fe5ccb19ba6\,0:-1,2016-12-15 13:52:46-575,2016-12-15 13:52:46-750
Success : LS : test1\f71b43c3136efa4f\,0:-1,2016-12-15 13:52:51-475,2016-12-15 13:52:51-627
Success : SEQ_READ : test1\c5a5e5562b038073\2d77b1044a6c5c82,0:764416,2016-12-15 13:52:51-996,2016-12-15 13:52:52-197
Fail : LS : test1,0:-1,2016-12-15 13:52:55-906,2016-12-15 13:52:55-906
Reason : java.lang.StringIndexOutOfBoundsException: String index out of range: -1
Success : CREATE_FILE : test2\a94a8fe5ccb19ba6\2a5bd02710e975a7\0A3CB51C7F30231A,0:3366519,2016-12-15 13:52:57-024,2016-12-15 13:52:59-693
Success : LS : test1\f71b43c3136efa4f\83404ffd78f534ff\,0:-1,2016-12-15 13:52:59-763,2016-12-15 13:52:59-954
Success : LS : test2\a94a8fe5ccb19ba6\2a5bd02710e975a7\,0:-1,2016-12-15 13:53:00-042,2016-12-15 13:53:00-204
Success : CREATE_FILE : test2\a94a8fe5ccb19ba6\1788EBBF6B199449,0:3622832,2016-12-15 13:53:00-300,2016-12-15 13:53:03-291
Success : LS : test1\c5a5e5562b038073\0189424a5a60fed3\,0:-1,2016-12-15 13:53:03-371,2016-12-15 13:53:03-511
Success : LS : test2\a94a8fe5ccb19ba6\,0:-1,2016-12-15 13:53:03-621,2016-12-15 13:53:03-803
Success : LS : test1\c5a5e5562b038073\0189424a5a60fed3\,0:-1,2016-12-15 13:53:03-920,2016-12-15 13:53:04-073
Fail : LS : test1,0:-1,2016-12-15 13:53:04-153,2016-12-15 13:53:04-153
Reason : java.lang.StringIndexOutOfBoundsException: String index out of range: -1
Success : LS : test2\a94a8fe5ccb19ba6\2a5bd02710e975a7\,0:-1,2016-12-15 13:53:04-232,2016-12-15 13:53:04-389
Success : CREATE_FILE : test2\a94a8fe5ccb19ba6\08C27F7E0CD1D37F,0:604164,2016-12-15 13:53:04-462,2016-12-15 13:53:04-699
Success : LS : test2\a94a8fe5ccb19ba6\,0:-1,2016-12-15 13:53:04-780,2016-12-15 13:53:04-995
Success : LS : test1\f71b43c3136efa4f\,0:-1,2016-12-15 13:53:05-546,2016-12-15 13:53:05-706
Success : CREATE_FILE : test2\a94a8fe5ccb19ba6\5D19E716696E0C56,0:1025123,2016-12-15 13:53:07-610,2016-12-15 13:53:07-887
Success : LS : test2\a94a8fe5ccb19ba6\,0:-1,2016-12-15 13:53:07-976,2016-12-15 13:53:08-185
Success : CREATE_FILE : test2\a94a8fe5ccb19ba6\3E20A31E2F64E2AA,0:2165661,2016-12-15 13:53:08-290,2016-12-15 13:53:09-721
Success : LS : test2\a94a8fe5ccb19ba6\,0:-1,2016-12-15 13:53:09-844,2016-12-15 13:53:10-032
Success : CREATE_FILE : test2\a94a8fe5ccb19ba6\411F96EB3A8319EF,0:3809695,2016-12-15 13:53:10-125,2016-12-15 13:53:13-259
Success : LS : test1\f71b43c3136efa4f\9f93e73d6896cb7b\,0:-1,2016-12-15 13:53:13-334,2016-12-15 13:53:13-470
Success : LS : test2\a94a8fe5ccb19ba6\,0:-1,2016-12-15 13:53:13-543,2016-12-15 13:53:13-746
Success : CREATE_FILE : test2\a94a8fe5ccb19ba6\6FD3B07C6EB9862D,0:1514164,2016-12-15 13:53:13-862,2016-12-15 13:53:14-656
Success : LS : test1\f71b43c3136efa4f\52481749c0cdecd6\,0:-1,2016-12-15 13:53:14-732,2016-12-15 13:53:14-928
Success : LS : test2\a94a8fe5ccb19ba6\,0:-1,2016-12-15 13:53:15-007,2016-12-15 13:53:15-217
Success : CREATE_FILE : test2\a94a8fe5ccb19ba6\4AA9E1551857C78D,0:3865708,2016-12-15 13:53:15-346,2016-12-15 13:53:18-521
Success : LS : test2\a94a8fe5ccb19ba6\,0:-1,2016-12-15 13:53:18-636,2016-12-15 13:53:18-867
Success : CREATE_FILE : test2\a94a8fe5ccb19ba6\79B016BB09AFEB36,0:2797349,2016-12-15 13:53:18-980,2016-12-15 13:53:21-076
Success : LS : test2\a94a8fe5ccb19ba6\2a5bd02710e975a7\,0:-1,2016-12-15 13:53:21-174,2016-12-15 13:53:21-403
Success : LS : test2\a94a8fe5ccb19ba6\,0:-1,2016-12-15 13:53:21-515,2016-12-15 13:53:21-689
Success : CREATE_FILE : test2\a94a8fe5ccb19ba6\2a5bd02710e975a7\13151B1175C6BBCF,0:3865745,2016-12-15 13:53:21-789,2016-12-15 13:53:25-081
Success : LS : test2\a94a8fe5ccb19ba6\2a5bd02710e975a7\,0:-1,2016-12-15 13:53:25-170,2016-12-15 13:53:25-342
Success : CREATE_FILE : test2\a94a8fe5ccb19ba6\2a5bd02710e975a7\4ED5EFC125ED4AF4,0:1855675,2016-12-15 13:53:25-419,2016-12-15 13:53:26-573
Success : LS : test2\a94a8fe5ccb19ba6\2a5bd02710e975a7\,0:-1,2016-12-15 13:53:26-682,2016-12-15 13:53:26-845
Success : CREATE_FILE : test2\a94a8fe5ccb19ba6\2a5bd02710e975a7\12037FE96DF00FEB,0:1210173,2016-12-15 13:53:26-926,2016-12-15 13:53:27-390
Success : LS : test2\a94a8fe5ccb19ba6\2a5bd02710e975a7\,0:-1,2016-12-15 13:53:27-459,2016-12-15 13:53:27-650
Success : CREATE_FILE : test2\a94a8fe5ccb19ba6\2a5bd02710e975a7\744C4384132B7807,0:2576731,2016-12-15 13:53:27-730,2016-12-15 13:53:29-599
Success : SEQ_READ : test1\c5a5e5562b038073\767c14c8beb1e835,0:3818496,2016-12-15 13:53:29-676,2016-12-15 13:53:29-843
Success : LS : test1\f71b43c3136efa4f\c7d9912886e5ccc7\,0:-1,2016-12-15 13:53:29-922,2016-12-15 13:53:30-066
Success : LS : test2\a94a8fe5ccb19ba6\2a5bd02710e975a7\,0:-1,2016-12-15 13:53:30-148,2016-12-15 13:53:30-316
Success : CREATE_FILE : test2\a94a8fe5ccb19ba6\2a5bd02710e975a7\31EB15BF1DAED14C,0:1198084,2016-12-15 13:53:30-409,2016-12-15 13:53:30-843
Success : LS : test1\f71b43c3136efa4f\,0:-1,2016-12-15 13:53:30-939,2016-12-15 13:53:31-081
Success : LS : test2\a94a8fe5ccb19ba6\2a5bd02710e975a7\,0:-1,2016-12-15 13:53:31-166,2016-12-15 13:53:31-331
Success : CREATE_FILE : test2\a94a8fe5ccb19ba6\2a5bd02710e975a7\2A77ED240BEDA76B,0:3514834,2016-12-15 13:53:31-427,2016-12-15 13:53:34-266
Success : LS : test2\a94a8fe5ccb19ba6\2a5bd02710e975a7\,0:-1,2016-12-15 13:53:34-369,2016-12-15 13:53:34-528
Success : CREATE_FILE : test2\a94a8fe5ccb19ba6\270177911E5872A3,0:642064,2016-12-15 13:53:34-608,2016-12-15 13:53:34-817
Success : LS : test1\f71b43c3136efa4f\,0:-1,2016-12-15 13:53:34-895,2016-12-15 13:53:35-065
Success : LS : test2\a94a8fe5ccb19ba6\,0:-1,2016-12-15 13:53:35-155,2016-12-15 13:53:35-354
Success : CREATE_FILE : test2\a94a8fe5ccb19ba6\4AB0CD2203CB2CD2,0:2965181,2016-12-15 13:53:35-458,2016-12-15 13:53:37-645
Success : LS : test2\a94a8fe5ccb19ba6\,0:-1,2016-12-15 13:53:37-717,2016-12-15 13:53:37-911
Success : CREATE_FILE : test2\a94a8fe5ccb19ba6\53CCDC855DE87494,0:1297717,2016-12-15 13:53:38-226,2016-12-15 13:53:38-768
Success : LS : test2\a94a8fe5ccb19ba6\,0:-1,2016-12-15 13:53:38-837,2016-12-15 13:53:39-057
Success : SEQ_READ : test1\c5a5e5562b038073\c7734a16bf12bb03,0:364726,2016-12-15 13:53:40-168,2016-12-15 13:53:40-315
Success : SEQ_READ : test1\c5a5e5562b038073\a39ea9c72a98de10\4a90c52e52d54ede,0:1048,2016-12-15 13:53:42-456,2016-12-15 13:53:42-613
Success : LS : test2\a94a8fe5ccb19ba6\2a5bd02710e975a7\,0:-1,2016-12-15 13:53:45-976,2016-12-15 13:53:46-184
Success : CREATE_FILE : test2\a94a8fe5ccb19ba6\2a5bd02710e975a7\0299806D4C797F74,0:2042274,2016-12-15 13:53:46-259,2016-12-15 13:53:47-609
Fail : LS : test1,0:-1,2016-12-15 13:53:47-723,2016-12-15 13:53:47-724
Reason : java.lang.StringIndexOutOfBoundsException: String index out of range: -1
Success : LS : test1\f71b43c3136efa4f\52481749c0cdecd6\,0:-1,2016-12-15 13:53:47-805,2016-12-15 13:53:47-950
Success : LS : test2\a94a8fe5ccb19ba6\2a5bd02710e975a7\,0:-1,2016-12-15 13:53:48-034,2016-12-15 13:53:48-268
Success : LS : test1\c5a5e5562b038073\,0:-1,2016-12-15 13:53:50-897,2016-12-15 13:53:51-055
Success : CREATE_FILE : test2\a94a8fe5ccb19ba6\7AC509400D972594,0:3465022,2016-12-15 13:53:51-616,2016-12-15 13:53:54-432
Success : LS : test2\a94a8fe5ccb19ba6\2a5bd02710e975a7\,0:-1,2016-12-15 13:53:54-549,2016-12-15 13:53:54-765
Success : LS : test2\a94a8fe5ccb19ba6\,0:-1,2016-12-15 13:53:54-888,2016-12-15 13:53:55-121
Success : LS : test2\a94a8fe5ccb19ba6\,0:-1,2016-12-15 13:53:55-232,2016-12-15 13:53:55-405
Success : LS : test1\f71b43c3136efa4f\c7d9912886e5ccc7\,0:-1,2016-12-15 13:53:55-500,2016-12-15 13:53:55-643
Success : LS : test2\a94a8fe5ccb19ba6\2a5bd02710e975a7\,0:-1,2016-12-15 13:53:55-715,2016-12-15 13:53:55-909
Success : CREATE_FILE : test2\a94a8fe5ccb19ba6\2a5bd02710e975a7\01A4FD8F643CE2B5,0:1142834,2016-12-15 13:53:56-234,2016-12-15 13:53:56-623
Success : LS : test2\a94a8fe5ccb19ba6\2a5bd02710e975a7\,0:-1,2016-12-15 13:53:56-734,2016-12-15 13:53:56-930
Success : LS : test2\a94a8fe5ccb19ba6\,0:-1,2016-12-15 13:53:58-039,2016-12-15 13:53:58-227
Success : CREATE_FILE : test2\a94a8fe5ccb19ba6\2a5bd02710e975a7\551A23D550EE31EB,0:2379465,2016-12-15 13:53:59-190,2016-12-15 13:54:00-850
Success : LS : test2\a94a8fe5ccb19ba6\2a5bd02710e975a7\,0:-1,2016-12-15 13:54:00-953,2016-12-15 13:54:01-155
Success : CREATE_FILE : test2\a94a8fe5ccb19ba6\7AFF6F453A218199,0:2225570,2016-12-15 13:54:01-237,2016-12-15 13:54:02-762
Success : LS : test2\a94a8fe5ccb19ba6\,0:-1,2016-12-15 13:54:02-879,2016-12-15 13:54:03-148
Success : CREATE_FILE : test2\a94a8fe5ccb19ba6\2a5bd02710e975a7\4034F41A5551C3F0,0:2755786,2016-12-15 13:54:03-251,2016-12-15 13:54:05-300
Success : LS : test2\a94a8fe5ccb19ba6\2a5bd02710e975a7\,0:-1,2016-12-15 13:54:05-373,2016-12-15 13:54:05-534
Success : CREATE_FILE : test2\a94a8fe5ccb19ba6\3318E34D4E3A0829,0:1006852,2016-12-15 13:54:05-641,2016-12-15 13:54:05-908
Success : LS : test1\f71b43c3136efa4f\c7d9912886e5ccc7\,0:-1,2016-12-15 13:54:06-039,2016-12-15 13:54:06-242
Success : LS : test2\a94a8fe5ccb19ba6\,0:-1,2016-12-15 13:54:06-361,2016-12-15 13:54:06-573
Success : CREATE_FILE : test2\a94a8fe5ccb19ba6\2a5bd02710e975a7\17E355D63CEDDD09,0:169493,2016-12-15 13:54:06-691,2016-12-15 13:54:06-894
Success : LS : test2\a94a8fe5ccb19ba6\2a5bd02710e975a7\,0:-1,2016-12-15 13:54:07-006,2016-12-15 13:54:07-180
Fail : LS : test1,0:-1,2016-12-15 13:54:07-264,2016-12-15 13:54:07-264
Reason : java.lang.StringIndexOutOfBoundsException: String index out of range: -1
Success : LS : test2\a94a8fe5ccb19ba6\2a5bd02710e975a7\,0:-1,2016-12-15 13:54:07-377,2016-12-15 13:54:07-566
Success : LS : test2\a94a8fe5ccb19ba6\,0:-1,2016-12-15 13:54:08-224,2016-12-15 13:54:08-500
Success : SEQ_READ : test2\49f03965cf98b1f5,0:1634,2016-12-15 13:54:08-603,2016-12-15 13:54:08-772
Success : CREATE_FILE : test2\a94a8fe5ccb19ba6\1005C6BD4580FFD5,0:2676946,2016-12-15 13:54:09-500,2016-12-15 13:54:11-501
Success : LS : test2\a94a8fe5ccb19ba6\,0:-1,2016-12-15 13:54:11-574,2016-12-15 13:54:11-798
Success : LS : test1\c5a5e5562b038073\0189424a5a60fed3\,0:-1,2016-12-15 13:54:14-488,2016-12-15 13:54:14-655
Success : CREATE_FILE : test2\a94a8fe5ccb19ba6\6BAEB39657E1ADFE,0:271096,2016-12-15 13:54:14-744,2016-12-15 13:54:14-950
Success : LS : test2\a94a8fe5ccb19ba6\,0:-1,2016-12-15 13:54:15-035,2016-12-15 13:54:15-298
Success : CREATE_FILE : test2\a94a8fe5ccb19ba6\59A8C8EA7D7A4715,0:3383002,2016-12-15 13:54:18-047,2016-12-15 13:54:20-922
Fail : LS : test1,0:-1,2016-12-15 13:54:21-023,2016-12-15 13:54:21-023
Reason : java.lang.StringIndexOutOfBoundsException: String index out of range: -1
Success : LS : test2\a94a8fe5ccb19ba6\,0:-1,2016-12-15 13:54:21-126,2016-12-15 13:54:21-307
Success : CREATE_FILE : test2\a94a8fe5ccb19ba6\3DEE7AEE537BAA49,0:1827836,2016-12-15 13:54:21-406,2016-12-15 13:54:22-496
Success : LS : test2\a94a8fe5ccb19ba6\,0:-1,2016-12-15 13:54:22-610,2016-12-15 13:54:22-806
Success : CREATE_FILE : test2\a94a8fe5ccb19ba6\2a5bd02710e975a7\747906F338D12093,0:2815849,2016-12-15 13:54:23-180,2016-12-15 13:54:25-310
Success : LS : test2\a94a8fe5ccb19ba6\2a5bd02710e975a7\,0:-1,2016-12-15 13:54:25-381,2016-12-15 13:54:25-588
Success : CREATE_FILE : test2\a94a8fe5ccb19ba6\52559F8E17577524,0:3242494,2016-12-15 13:54:26-110,2016-12-15 13:54:28-728
Success : SEQ_READ : test2\a94a8fe5ccb19ba6\2a5bd02710e975a7\178db47a574c645f,0:257,2016-12-15 13:54:28-799,2016-12-15 13:54:28-994
Success : LS : test2\a94a8fe5ccb19ba6\,0:-1,2016-12-15 13:54:29-108,2016-12-15 13:54:29-349
Success : CREATE_FILE : test2\a94a8fe5ccb19ba6\2a5bd02710e975a7\241AE664134841C1,0:3282154,2016-12-15 13:54:29-460,2016-12-15 13:54:32-081
Success : LS : test2\a94a8fe5ccb19ba6\2a5bd02710e975a7\,0:-1,2016-12-15 13:54:32-153,2016-12-15 13:54:32-318
Success : CREATE_FILE : test2\a94a8fe5ccb19ba6\2a5bd02710e975a7\6D5D036776C21166,0:3251130,2016-12-15 13:54:32-416,2016-12-15 13:54:35-048
Success : LS : test2\a94a8fe5ccb19ba6\2a5bd02710e975a7\,0:-1,2016-12-15 13:54:35-142,2016-12-15 13:54:35-311
Success : CREATE_FILE : test2\a94a8fe5ccb19ba6\2a5bd02710e975a7\6351AC3417DB78F6,0:3854473,2016-12-15 13:54:35-480,2016-12-15 13:54:38-782
Success : SEQ_READ : test2\6c33a983eec1b409,0:2291,2016-12-15 13:54:38-865,2016-12-15 13:54:39-008
Success : LS : test2\a94a8fe5ccb19ba6\2a5bd02710e975a7\,0:-1,2016-12-15 13:54:39-092,2016-12-15 13:54:39-294
Success : CREATE_FILE : test2\a94a8fe5ccb19ba6\2a5bd02710e975a7\1646DC7D214BEDBD,0:3605289,2016-12-15 13:54:39-386,2016-12-15 13:54:42-415
Success : LS : test1\f71b43c3136efa4f\83404ffd78f534ff\,0:-1,2016-12-15 13:54:42-528,2016-12-15 13:54:42-739
Success : LS : test2\a94a8fe5ccb19ba6\2a5bd02710e975a7\,0:-1,2016-12-15 13:54:42-850,2016-12-15 13:54:43-063
Success : CREATE_FILE : test2\a94a8fe5ccb19ba6\2a5bd02710e975a7\657D196033C03F59,0:1020157,2016-12-15 13:54:43-153,2016-12-15 13:54:43-412
Success : LS : test1\c5a5e5562b038073\0189424a5a60fed3\,0:-1,2016-12-15 13:54:43-522,2016-12-15 13:54:43-717
Success : SEQ_READ : test1\c5a5e5562b038073\767c14c8beb1e835,0:3818496,2016-12-15 13:54:43-835,2016-12-15 13:54:43-988
Success : LS : test1\f71b43c3136efa4f\52481749c0cdecd6\,0:-1,2016-12-15 13:54:44-094,2016-12-15 13:54:44-259
Success : LS : test2\a94a8fe5ccb19ba6\2a5bd02710e975a7\,0:-1,2016-12-15 13:54:44-373,2016-12-15 13:54:44-576
Success : SEQ_READ : test1\c5a5e5562b038073\738537f9a40e568b,0:17984,2016-12-15 13:54:44-695,2016-12-15 13:54:44-851
Success : LS : test2\a94a8fe5ccb19ba6\,0:-1,2016-12-15 13:54:44-969,2016-12-15 13:54:45-222
Success : LS : test1\f71b43c3136efa4f\83404ffd78f534ff\,0:-1,2016-12-15 13:54:46-327,2016-12-15 13:54:46-462
Success : CREATE_FILE : test2\a94a8fe5ccb19ba6\0671F76C4D351CE7,0:3473865,2016-12-15 13:54:47-025,2016-12-15 13:54:49-772
Success : LS : test2\a94a8fe5ccb19ba6\,0:-1,2016-12-15 13:54:49-855,2016-12-15 13:54:50-065
Success : LS : test2\a94a8fe5ccb19ba6\2a5bd02710e975a7\,0:-1,2016-12-15 13:54:50-167,2016-12-15 13:54:50-372
Success : SEQ_READ : test1\c5a5e5562b038073\a39ea9c72a98de10\4a90c52e52d54ede,0:1048,2016-12-15 13:54:51-459,2016-12-15 13:54:51-613
Success : LS : test1\c5a5e5562b038073\,0:-1,2016-12-15 13:54:51-715,2016-12-15 13:54:51-864
Success : LS : test2\a94a8fe5ccb19ba6\,0:-1,2016-12-15 13:54:52-215,2016-12-15 13:54:52-388
Success : SEQ_READ : test1\c5a5e5562b038073\7b7f22b30cf50087,0:3126,2016-12-15 13:54:54-593,2016-12-15 13:54:54-748
Success : CREATE_FILE : test2\a94a8fe5ccb19ba6\18792364154910B4,0:1754748,2016-12-15 13:54:54-818,2016-12-15 13:54:55-872
Success : LS : test2\a94a8fe5ccb19ba6\,0:-1,2016-12-15 13:54:55-945,2016-12-15 13:54:56-162
Success : CREATE_FILE : test2\a94a8fe5ccb19ba6\2a5bd02710e975a7\68B7A1D51D8FC67D,0:2696970,2016-12-15 13:54:56-238,2016-12-15 13:54:58-248
Success : LS : test1\f71b43c3136efa4f\52481749c0cdecd6\,0:-1,2016-12-15 13:54:58-320,2016-12-15 13:54:58-459
Success : LS : test2\a94a8fe5ccb19ba6\2a5bd02710e975a7\,0:-1,2016-12-15 13:54:58-562,2016-12-15 13:54:58-722
Success : CREATE_FILE : test2\a94a8fe5ccb19ba6\2a5bd02710e975a7\367CB8E70D44D7BA,0:1907311,2016-12-15 13:54:58-847,2016-12-15 13:55:00-024
Success : LS : test2\a94a8fe5ccb19ba6\2a5bd02710e975a7\,0:-1,2016-12-15 13:55:00-099,2016-12-15 13:55:00-255
Success : LS : test2\a94a8fe5ccb19ba6\2a5bd02710e975a7\,0:-1,2016-12-15 13:55:00-326,2016-12-15 13:55:00-485
Success : CREATE_FILE : test2\a94a8fe5ccb19ba6\208165B90C5E163D,0:518504,2016-12-15 13:55:00-555,2016-12-15 13:55:00-738
Fail : LS : test1,0:-1,2016-12-15 13:55:00-843,2016-12-15 13:55:00-844
Reason : java.lang.StringIndexOutOfBoundsException: String index out of range: -1
Success : LS : test1\f71b43c3136efa4f\c7d9912886e5ccc7\,0:-1,2016-12-15 13:55:00-955,2016-12-15 13:55:01-149
Success : LS : test2\a94a8fe5ccb19ba6\,0:-1,2016-12-15 13:55:01-228,2016-12-15 13:55:01-388
Success : CREATE_FILE : test2\a94a8fe5ccb19ba6\1B340CB07CF0C3C4,0:632212,2016-12-15 13:55:01-460,2016-12-15 13:55:01-694
Success : LS : test2\a94a8fe5ccb19ba6\,0:-1,2016-12-15 13:55:01-789,2016-12-15 13:55:01-958
Success : LS : test2\a94a8fe5ccb19ba6\2a5bd02710e975a7\,0:-1,2016-12-15 13:55:04-702,2016-12-15 13:55:04-891
Success : LS : test2\a94a8fe5ccb19ba6\,0:-1,2016-12-15 13:55:06-017,2016-12-15 13:55:06-232
Success : LS : test1\f71b43c3136efa4f\52481749c0cdecd6\,0:-1,2016-12-15 13:55:06-551,2016-12-15 13:55:06-706
Fail : LS : test1,0:-1,2016-12-15 13:55:06-859,2016-12-15 13:55:06-859
Reason : java.lang.StringIndexOutOfBoundsException: String index out of range: -1
Success : LS : test1\f71b43c3136efa4f\9f93e73d6896cb7b\,0:-1,2016-12-15 13:55:07-078,2016-12-15 13:55:07-238
Success : CREATE_FILE : test2\a94a8fe5ccb19ba6\2a5bd02710e975a7\5585E11A7F1CA691,0:1679047,2016-12-15 13:55:07-458,2016-12-15 13:55:08-366
Success : LS : test2\a94a8fe5ccb19ba6\2a5bd02710e975a7\,0:-1,2016-12-15 13:55:08-450,2016-12-15 13:55:08-620
Success : LS : test1\f71b43c3136efa4f\83404ffd78f534ff\,0:-1,2016-12-15 13:55:09-507,2016-12-15 13:55:09-735
Success : LS : test2\a94a8fe5ccb19ba6\,0:-1,2016-12-15 13:55:09-851,2016-12-15 13:55:10-104
Success : LS : test2\a94a8fe5ccb19ba6\2a5bd02710e975a7\,0:-1,2016-12-15 13:55:10-227,2016-12-15 13:55:10-396
Success : LS : test1\c5a5e5562b038073\a39ea9c72a98de10\,0:-1,2016-12-15 13:55:10-471,2016-12-15 13:55:10-606
Success : SEQ_READ : test1\c5a5e5562b038073\68ad3077ff5a452a,0:383,2016-12-15 13:55:11-120,2016-12-15 13:55:11-267
Success : LS : test1\f71b43c3136efa4f\,0:-1,2016-12-15 13:55:11-970,2016-12-15 13:55:12-122
Success : CREATE_FILE : test2\a94a8fe5ccb19ba6\5BC96BA40160C1F6,0:1525983,2016-12-15 13:55:12-307,2016-12-15 13:55:13-109
Success : SEQ_READ : test1\f71b43c3136efa4f\c7d9912886e5ccc7\6670af231c096f09,0:129,2016-12-15 13:55:13-187,2016-12-15 13:55:13-345
Success : LS : test2\a94a8fe5ccb19ba6\,0:-1,2016-12-15 13:55:13-416,2016-12-15 13:55:13-615
Success : CREATE_FILE : test2\a94a8fe5ccb19ba6\48F07A1D17E38923,0:3320362,2016-12-15 13:55:14-258,2016-12-15 13:55:16-867
Fail : LS : test1,0:-1,2016-12-15 13:55:16-987,2016-12-15 13:55:16-987
Reason : java.lang.StringIndexOutOfBoundsException: String index out of range: -1
Success : LS : test2\a94a8fe5ccb19ba6\,0:-1,2016-12-15 13:55:17-071,2016-12-15 13:55:17-271
Success : CREATE_FILE : test2\a94a8fe5ccb19ba6\6B8063301E10808B,0:3002408,2016-12-15 13:55:18-856,2016-12-15 13:55:21-211
Success : LS : test2\a94a8fe5ccb19ba6\2a5bd02710e975a7\,0:-1,2016-12-15 13:55:21-312,2016-12-15 13:55:21-491
Success : LS : test2\a94a8fe5ccb19ba6\,0:-1,2016-12-15 13:55:21-595,2016-12-15 13:55:21-823
Success : CREATE_FILE : test2\a94a8fe5ccb19ba6\7D04881466628AD9,0:2045901,2016-12-15 13:55:21-945,2016-12-15 13:55:23-252
Success : LS : test2\a94a8fe5ccb19ba6\,0:-1,2016-12-15 13:55:23-374,2016-12-15 13:55:23-551
Success : CREATE_FILE : test2\a94a8fe5ccb19ba6\582C1D4B6487A2B1,0:3228797,2016-12-15 13:55:23-666,2016-12-15 13:55:26-266
Success : LS : test2\a94a8fe5ccb19ba6\,0:-1,2016-12-15 13:55:26-385,2016-12-15 13:55:26-556
Success : CREATE_FILE : test2\a94a8fe5ccb19ba6\307E75765D4003AE,0:3776153,2016-12-15 13:55:26-628,2016-12-15 13:55:29-766
Success : LS : test2\a94a8fe5ccb19ba6\,0:-1,2016-12-15 13:55:29-879,2016-12-15 13:55:30-083
Success : CREATE_FILE : test2\a94a8fe5ccb19ba6\50AD5C7B153C1C68,0:3778783,2016-12-15 13:55:30-201,2016-12-15 13:55:33-428
Fail : LS : test1,0:-1,2016-12-15 13:55:33-497,2016-12-15 13:55:33-497
Reason : java.lang.StringIndexOutOfBoundsException: String index out of range: -1
Success : LS : test2\a94a8fe5ccb19ba6\2a5bd02710e975a7\,0:-1,2016-12-15 13:55:33-595,2016-12-15 13:55:33-784
Success : LS : test2\a94a8fe5ccb19ba6\,0:-1,2016-12-15 13:55:33-866,2016-12-15 13:55:34-023
Success : CREATE_FILE : test2\a94a8fe5ccb19ba6\5B382311008DD941,0:3191040,2016-12-15 13:55:34-129,2016-12-15 13:55:36-746
Success : LS : test2\a94a8fe5ccb19ba6\,0:-1,2016-12-15 13:55:36-848,2016-12-15 13:55:37-105
Success : CREATE_FILE : test2\a94a8fe5ccb19ba6\2a5bd02710e975a7\4C441C541D54E3A4,0:1391540,2016-12-15 13:55:37-271,2016-12-15 13:55:37-924
Success : LS : test2\a94a8fe5ccb19ba6\2a5bd02710e975a7\,0:-1,2016-12-15 13:55:38-040,2016-12-15 13:55:38-257
Success : CREATE_FILE : test2\a94a8fe5ccb19ba6\2a5bd02710e975a7\1A93DF744550641C,0:637161,2016-12-15 13:55:38-376,2016-12-15 13:55:38-618
Fail : LS : test1,0:-1,2016-12-15 13:55:38-712,2016-12-15 13:55:38-712
Reason : java.lang.StringIndexOutOfBoundsException: String index out of range: -1
Success : LS : test2\a94a8fe5ccb19ba6\2a5bd02710e975a7\,0:-1,2016-12-15 13:55:38-782,2016-12-15 13:55:39-000
Success : CREATE_FILE : test2\a94a8fe5ccb19ba6\1E6366086D1655F8,0:570822,2016-12-15 13:55:39-119,2016-12-15 13:55:39-329
Success : LS : test1\f71b43c3136efa4f\9f93e73d6896cb7b\,0:-1,2016-12-15 13:55:39-430,2016-12-15 13:55:39-622
Success : LS : test2\a94a8fe5ccb19ba6\,0:-1,2016-12-15 13:55:39-728,2016-12-15 13:55:40-037
Success : LS : test2\a94a8fe5ccb19ba6\,0:-1,2016-12-15 13:55:40-167,2016-12-15 13:55:40-425
Success : CREATE_FILE : test2\a94a8fe5ccb19ba6\151D961D5BEA2BA5,0:3534151,2016-12-15 13:55:40-495,2016-12-15 13:55:43-355
Success : LS : test2\a94a8fe5ccb19ba6\,0:-1,2016-12-15 13:55:43-445,2016-12-15 13:55:43-605
Success : CREATE_FILE : test2\a94a8fe5ccb19ba6\22133A7908745DAF,0:917360,2016-12-15 13:55:43-712,2016-12-15 13:55:44-010
Success : LS : test2\a94a8fe5ccb19ba6\,0:-1,2016-12-15 13:55:44-125,2016-12-15 13:55:44-313
Success : LS : test2\a94a8fe5ccb19ba6\,0:-1,2016-12-15 13:55:44-416,2016-12-15 13:55:44-630
Success : LS : test1\f71b43c3136efa4f\52481749c0cdecd6\,0:-1,2016-12-15 13:55:44-737,2016-12-15 13:55:44-962
Success : LS : test1\f71b43c3136efa4f\9f93e73d6896cb7b\,0:-1,2016-12-15 13:55:45-035,2016-12-15 13:55:45-174
Success : LS : test2\a94a8fe5ccb19ba6\,0:-1,2016-12-15 13:55:47-349,2016-12-15 13:55:47-570
Success : CREATE_FILE : test2\a94a8fe5ccb19ba6\64FD4BC23674CB23,0:1852809,2016-12-15 13:55:47-684,2016-12-15 13:55:48-869
Success : LS : test2\a94a8fe5ccb19ba6\,0:-1,2016-12-15 13:55:48-941,2016-12-15 13:55:49-190
Success : CREATE_FILE : test2\a94a8fe5ccb19ba6\2a5bd02710e975a7\77934AAB2610A017,0:1214982,2016-12-15 13:55:50-566,2016-12-15 13:55:51-029
Success : LS : test2\a94a8fe5ccb19ba6\2a5bd02710e975a7\,0:-1,2016-12-15 13:55:51-147,2016-12-15 13:55:51-378
Success : CREATE_FILE : test2\a94a8fe5ccb19ba6\2a5bd02710e975a7\4DCFEFAD352965F2,0:2850164,2016-12-15 13:55:51-498,2016-12-15 13:55:53-644
Success : LS : test2\a94a8fe5ccb19ba6\2a5bd02710e975a7\,0:-1,2016-12-15 13:55:53-722,2016-12-15 13:55:53-930
Success : LS : test2\a94a8fe5ccb19ba6\,0:-1,2016-12-15 13:55:56-695,2016-12-15 13:55:56-884
Success : LS : test2\a94a8fe5ccb19ba6\,0:-1,2016-12-15 13:55:57-062,2016-12-15 13:55:57-288
Success : SEQ_READ : test1\f71b43c3136efa4f\52481749c0cdecd6\6670af231c096f09,0:129,2016-12-15 13:55:57-400,2016-12-15 13:55:57-545
Success : CREATE_FILE : test2\a94a8fe5ccb19ba6\2a5bd02710e975a7\5F1F7F2A0B35D1BF,0:199598,2016-12-15 13:55:57-617,2016-12-15 13:55:57-861
Success : LS : test2\a94a8fe5ccb19ba6\2a5bd02710e975a7\,0:-1,2016-12-15 13:55:57-938,2016-12-15 13:55:58-103
Success : CREATE_FILE : test2\a94a8fe5ccb19ba6\2a5bd02710e975a7\069A3C74621677A3,0:1999695,2016-12-15 13:55:58-192,2016-12-15 13:55:59-475
Success : LS : test2\a94a8fe5ccb19ba6\2a5bd02710e975a7\,0:-1,2016-12-15 13:55:59-544,2016-12-15 13:55:59-742
Success : LS : test2\a94a8fe5ccb19ba6\2a5bd02710e975a7\,0:-1,2016-12-15 13:55:59-837,2016-12-15 13:56:00-006
Success : LS : test2\a94a8fe5ccb19ba6\,0:-1,2016-12-15 13:56:02-161,2016-12-15 13:56:02-381
Success : CREATE_FILE : test2\a94a8fe5ccb19ba6\2E8174AA24DFF3AA,0:3871338,2016-12-15 13:56:02-820,2016-12-15 13:56:06-074
Success : LS : test2\a94a8fe5ccb19ba6\,0:-1,2016-12-15 13:56:06-150,2016-12-15 13:56:06-335
Success : CREATE_FILE : test2\a94a8fe5ccb19ba6\028D0DE83203C6D4,0:3427886,2016-12-15 13:56:06-454,2016-12-15 13:56:09-221
Success : LS : test2\a94a8fe5ccb19ba6\,0:-1,2016-12-15 13:56:09-336,2016-12-15 13:56:09-513
Success : CREATE_FILE : test2\a94a8fe5ccb19ba6\2a5bd02710e975a7\133B228F6AA870F5,0:2849149,2016-12-15 13:56:09-629,2016-12-15 13:56:11-832
Success : LS : test2\a94a8fe5ccb19ba6\2a5bd02710e975a7\,0:-1,2016-12-15 13:56:11-906,2016-12-15 13:56:12-152
Success : CREATE_FILE : test2\a94a8fe5ccb19ba6\5431D26E5634EF39,0:22316,2016-12-15 13:56:12-227,2016-12-15 13:56:12-375
Success : LS : test2\a94a8fe5ccb19ba6\,0:-1,2016-12-15 13:56:12-469,2016-12-15 13:56:12-647
Success : CREATE_FILE : test2\a94a8fe5ccb19ba6\26FB9664684CA399,0:2639481,2016-12-15 13:56:12-758,2016-12-15 13:56:14-748
Success : LS : test2\a94a8fe5ccb19ba6\,0:-1,2016-12-15 13:56:14-869,2016-12-15 13:56:15-113
