Success : SEQ_READ : test1\f71b43c3136efa4f\9f93e73d6896cb7b\6670af231c096f09,0:129,2016-12-13 10:09:05-770,2016-12-13 10:09:05-918
Success : LS : test1\f71b43c3136efa4f\83404ffd78f534ff\,0:-1,2016-12-13 10:09:06-057,2016-12-13 10:09:06-179
Success : SEQ_READ : test2\a94a8fe5ccb19ba6\2a5bd02710e975a7\178db47a574c645f,0:257,2016-12-13 10:09:06-272,2016-12-13 10:09:06-335
Success : CREATE_FILE : test2\a94a8fe5ccb19ba6\0DF1F5E3619E2908,0:3232964,2016-12-13 10:09:06-412,2016-12-13 10:09:09-379
Success : LS : test2\a94a8fe5ccb19ba6\,0:-1,2016-12-13 10:09:09-507,2016-12-13 10:09:09-641
Success : CREATE_FILE : test2\a94a8fe5ccb19ba6\2a5bd02710e975a7\2A9B95FC4F67B795,0:2177230,2016-12-13 10:09:09-783,2016-12-13 10:09:11-563
Fail : LS : test1,0:-1,2016-12-13 10:09:11-691,2016-12-13 10:09:11-691
Reason : java.lang.StringIndexOutOfBoundsException: String index out of range: -2
Success : SEQ_READ : test1\c5a5e5562b038073\a39ea9c72a98de10\4a90c52e52d54ede,0:1024,2016-12-13 10:09:11-780,2016-12-13 10:09:11-869
Success : LS : test1\c5a5e5562b038073\0189424a5a60fed3\,0:-1,2016-12-13 10:09:11-954,2016-12-13 10:09:12-053
Success : LS : test1\f71b43c3136efa4f\,0:-1,2016-12-13 10:09:12-146,2016-12-13 10:09:12-236
Success : LS : test2\a94a8fe5ccb19ba6\,0:-1,2016-12-13 10:09:12-322,2016-12-13 10:09:12-426
Success : LS : test1\f71b43c3136efa4f\9f93e73d6896cb7b\,0:-1,2016-12-13 10:09:12-543,2016-12-13 10:09:12-645
Success : LS : test2\a94a8fe5ccb19ba6\2a5bd02710e975a7\,0:-1,2016-12-13 10:09:12-750,2016-12-13 10:09:12-872
Success : CREATE_FILE : test2\a94a8fe5ccb19ba6\2a5bd02710e975a7\3B90F56C13B5BA5F,0:2293332,2016-12-13 10:09:12-973,2016-12-13 10:09:15-011
Success : LS : test2\a94a8fe5ccb19ba6\2a5bd02710e975a7\,0:-1,2016-12-13 10:09:15-137,2016-12-13 10:09:15-224
Success : LS : test2\a94a8fe5ccb19ba6\,0:-1,2016-12-13 10:09:15-309,2016-12-13 10:09:15-431
Success : LS : test2\a94a8fe5ccb19ba6\,0:-1,2016-12-13 10:09:15-519,2016-12-13 10:09:15-657
Success : SEQ_READ : test1\c5a5e5562b038073\767c14c8beb1e835,0:818176,2016-12-13 10:09:15-770,2016-12-13 10:09:15-877
Success : LS : test2\a94a8fe5ccb19ba6\2a5bd02710e975a7\,0:-1,2016-12-13 10:09:15-990,2016-12-13 10:09:16-072
Success : CREATE_FILE : test2\a94a8fe5ccb19ba6\2a5bd02710e975a7\6F75431F43520892,0:2916174,2016-12-13 10:09:16-156,2016-12-13 10:09:18-616
Success : LS : test2\a94a8fe5ccb19ba6\2a5bd02710e975a7\,0:-1,2016-12-13 10:09:18-749,2016-12-13 10:09:18-837
Success : CREATE_FILE : test2\a94a8fe5ccb19ba6\2a5bd02710e975a7\2EB12521223C840A,0:3457402,2016-12-13 10:09:18-960,2016-12-13 10:09:23-179
Success : LS : test2\a94a8fe5ccb19ba6\2a5bd02710e975a7\,0:-1,2016-12-13 10:09:23-304,2016-12-13 10:09:23-390
Success : CREATE_FILE : test2\a94a8fe5ccb19ba6\25D62711418F7701,0:1581148,2016-12-13 10:09:23-472,2016-12-13 10:09:24-789
Success : SEQ_READ : test2\a94a8fe5ccb19ba6\2a5bd02710e975a7\3eef580036f1724a,0:257,2016-12-13 10:09:24-917,2016-12-13 10:09:24-988
Success : SEQ_READ : test2\49f03965cf98b1f5,0:0,2016-12-13 10:09:25-110,2016-12-13 10:09:25-179
Success : LS : test1\c5a5e5562b038073\a39ea9c72a98de10\,0:-1,2016-12-13 10:09:25-305,2016-12-13 10:09:25-379
Success : LS : test1\c5a5e5562b038073\a39ea9c72a98de10\,0:-1,2016-12-13 10:09:25-460,2016-12-13 10:09:25-531
Success : LS : test2\a94a8fe5ccb19ba6\,0:-1,2016-12-13 10:09:25-614,2016-12-13 10:09:25-703
Success : CREATE_FILE : test2\a94a8fe5ccb19ba6\4892918F6C4DF196,0:813940,2016-12-13 10:09:25-780,2016-12-13 10:09:26-319
Success : LS : test2\a94a8fe5ccb19ba6\,0:-1,2016-12-13 10:09:26-441,2016-12-13 10:09:26-543
Success : CREATE_FILE : test2\a94a8fe5ccb19ba6\6D35A340696106B9,0:266256,2016-12-13 10:09:26-624,2016-12-13 10:09:27-129
Success : LS : test1\f71b43c3136efa4f\,0:-1,2016-12-13 10:09:27-256,2016-12-13 10:09:27-328
Success : LS : test2\a94a8fe5ccb19ba6\,0:-1,2016-12-13 10:09:27-404,2016-12-13 10:09:27-520
Success : SEQ_READ : test1\c5a5e5562b038073\a39ea9c72a98de10\f398de59988a85e5,0:2048,2016-12-13 10:09:27-606,2016-12-13 10:09:27-688
Success : LS : test2\a94a8fe5ccb19ba6\,0:-1,2016-12-13 10:09:27-772,2016-12-13 10:09:28-059
Success : CREATE_FILE : test2\a94a8fe5ccb19ba6\50DE5B0D7B3B1ED0,0:986839,2016-12-13 10:09:28-183,2016-12-13 10:09:28-854
Success : LS : test2\a94a8fe5ccb19ba6\,0:-1,2016-12-13 10:09:28-997,2016-12-13 10:09:29-088
Success : CREATE_FILE : test2\a94a8fe5ccb19ba6\625CB47C3D093FBB,0:3948177,2016-12-13 10:09:29-213,2016-12-13 10:09:32-960
Success : LS : test2\a94a8fe5ccb19ba6\,0:-1,2016-12-13 10:09:33-067,2016-12-13 10:09:33-161
Success : CREATE_FILE : test2\a94a8fe5ccb19ba6\2a5bd02710e975a7\3BDB4C5F78F9F403,0:1403317,2016-12-13 10:09:33-262,2016-12-13 10:09:34-542
Success : SEQ_READ : test1\c5a5e5562b038073\fbe0d7653f0909cb,0:1024,2016-12-13 10:09:34-622,2016-12-13 10:09:34-684
Success : LS : test1\f71b43c3136efa4f\,0:-1,2016-12-13 10:09:34-759,2016-12-13 10:09:34-852
Success : SEQ_READ : test1\f71b43c3136efa4f\52481749c0cdecd6\6670af231c096f09,0:129,2016-12-13 10:09:34-962,2016-12-13 10:09:35-028
Success : LS : test2\a94a8fe5ccb19ba6\2a5bd02710e975a7\,0:-1,2016-12-13 10:09:35-103,2016-12-13 10:09:35-246
Success : CREATE_FILE : test2\a94a8fe5ccb19ba6\2a5bd02710e975a7\4BF419DE5E2C02E0,0:1404521,2016-12-13 10:09:35-376,2016-12-13 10:09:36-415
Success : LS : test2\a94a8fe5ccb19ba6\2a5bd02710e975a7\,0:-1,2016-12-13 10:09:36-540,2016-12-13 10:09:36-638
Success : CREATE_FILE : test2\a94a8fe5ccb19ba6\0FB555AA4805C8F8,0:2528844,2016-12-13 10:09:36-723,2016-12-13 10:09:38-988
Success : LS : test2\a94a8fe5ccb19ba6\,0:-1,2016-12-13 10:09:39-112,2016-12-13 10:09:39-246
Success : CREATE_FILE : test2\a94a8fe5ccb19ba6\11BA1EE528D79299,0:2837101,2016-12-13 10:09:39-343,2016-12-13 10:09:41-999
Success : LS : test2\a94a8fe5ccb19ba6\,0:-1,2016-12-13 10:09:42-126,2016-12-13 10:09:42-252
Success : CREATE_FILE : test2\a94a8fe5ccb19ba6\5355484D2488E3AB,0:3351420,2016-12-13 10:09:42-386,2016-12-13 10:09:45-666
Success : LS : test1\f71b43c3136efa4f\c7d9912886e5ccc7\,0:-1,2016-12-13 10:09:45-791,2016-12-13 10:09:45-894
Success : LS : test1\f71b43c3136efa4f\52481749c0cdecd6\,0:-1,2016-12-13 10:09:46-001,2016-12-13 10:09:46-068
Success : LS : test2\a94a8fe5ccb19ba6\,0:-1,2016-12-13 10:09:46-143,2016-12-13 10:09:46-243
Success : LS : test2\a94a8fe5ccb19ba6\,0:-1,2016-12-13 10:09:46-362,2016-12-13 10:09:46-480
Success : LS : test2\a94a8fe5ccb19ba6\,0:-1,2016-12-13 10:09:46-565,2016-12-13 10:09:46-655
Success : CREATE_FILE : test2\a94a8fe5ccb19ba6\2a5bd02710e975a7\49F08C614666BF23,0:1953675,2016-12-13 10:09:46-730,2016-12-13 10:09:48-413
Success : LS : test2\a94a8fe5ccb19ba6\2a5bd02710e975a7\,0:-1,2016-12-13 10:09:48-536,2016-12-13 10:09:48-650
Success : CREATE_FILE : test2\a94a8fe5ccb19ba6\2a5bd02710e975a7\4CB4747F1F71DACB,0:1318624,2016-12-13 10:09:48-751,2016-12-13 10:09:49-944
Success : LS : test2\a94a8fe5ccb19ba6\,0:-1,2016-12-13 10:09:50-065,2016-12-13 10:09:50-197
Fail : LS : test1,0:-1,2016-12-13 10:09:50-318,2016-12-13 10:09:50-318
Reason : java.lang.StringIndexOutOfBoundsException: String index out of range: -2
Success : LS : test1\f71b43c3136efa4f\9f93e73d6896cb7b\,0:-1,2016-12-13 10:09:50-403,2016-12-13 10:09:50-466
Success : LS : test2\a94a8fe5ccb19ba6\2a5bd02710e975a7\,0:-1,2016-12-13 10:09:50-540,2016-12-13 10:09:50-616
Success : LS : test2\a94a8fe5ccb19ba6\2a5bd02710e975a7\,0:-1,2016-12-13 10:09:50-718,2016-12-13 10:09:50-806
Success : CREATE_FILE : test2\a94a8fe5ccb19ba6\2a5bd02710e975a7\7C0EC761297D24D4,0:2278658,2016-12-13 10:09:50-907,2016-12-13 10:09:53-212
Success : LS : test2\a94a8fe5ccb19ba6\2a5bd02710e975a7\,0:-1,2016-12-13 10:09:53-333,2016-12-13 10:09:53-426
Success : CREATE_FILE : test2\a94a8fe5ccb19ba6\2a5bd02710e975a7\366BB99C2494B2DC,0:221860,2016-12-13 10:09:53-512,2016-12-13 10:09:54-121
Success : LS : test2\a94a8fe5ccb19ba6\2a5bd02710e975a7\,0:-1,2016-12-13 10:09:54-246,2016-12-13 10:09:54-337
Success : CREATE_FILE : test2\a94a8fe5ccb19ba6\050BDB5442592F57,0:3234944,2016-12-13 10:09:54-413,2016-12-13 10:09:57-380
Fail : LS : test1,0:-1,2016-12-13 10:09:57-501,2016-12-13 10:09:57-501
Reason : java.lang.StringIndexOutOfBoundsException: String index out of range: -2
Success : LS : test1\f71b43c3136efa4f\,0:-1,2016-12-13 10:09:57-582,2016-12-13 10:09:57-648
Fail : LS : test1,0:-1,2016-12-13 10:09:57-723,2016-12-13 10:09:57-723
Reason : java.lang.StringIndexOutOfBoundsException: String index out of range: -2
Success : LS : test2\a94a8fe5ccb19ba6\,0:-1,2016-12-13 10:09:57-797,2016-12-13 10:09:57-885
Success : CREATE_FILE : test2\a94a8fe5ccb19ba6\6FD1C8255D8B93DD,0:768814,2016-12-13 10:09:57-983,2016-12-13 10:09:58-624
Success : LS : test2\a94a8fe5ccb19ba6\,0:-1,2016-12-13 10:09:58-705,2016-12-13 10:09:58-791
Success : CREATE_FILE : test2\a94a8fe5ccb19ba6\6B6637BD02FEC20E,0:2836003,2016-12-13 10:09:58-870,2016-12-13 10:10:01-766
Success : LS : test2\a94a8fe5ccb19ba6\,0:-1,2016-12-13 10:10:01-882,2016-12-13 10:10:01-978
Success : CREATE_FILE : test2\a94a8fe5ccb19ba6\2a5bd02710e975a7\18BDA8145AD0A66D,0:1784395,2016-12-13 10:10:02-070,2016-12-13 10:10:03-705
Success : LS : test1\f71b43c3136efa4f\52481749c0cdecd6\,0:-1,2016-12-13 10:10:03-831,2016-12-13 10:10:03-935
Success : SEQ_READ : test1\c5a5e5562b038073\a39ea9c72a98de10\41288c58009f7f6a,0:477,2016-12-13 10:10:04-058,2016-12-13 10:10:04-128
Success : SEQ_READ : test2\49f03965cf98b1f5,0:1024,2016-12-13 10:10:04-247,2016-12-13 10:10:04-315
Success : LS : test2\a94a8fe5ccb19ba6\,0:-1,2016-12-13 10:10:04-434,2016-12-13 10:10:04-529
Success : LS : test1\c5a5e5562b038073\0189424a5a60fed3\,0:-1,2016-12-13 10:10:04-614,2016-12-13 10:10:04-677
Success : SEQ_READ : test2\acde102dac5bbe15,0:2048,2016-12-13 10:10:04-763,2016-12-13 10:10:04-824
Success : LS : test2\a94a8fe5ccb19ba6\2a5bd02710e975a7\,0:-1,2016-12-13 10:10:04-944,2016-12-13 10:10:05-030
Success : CREATE_FILE : test2\a94a8fe5ccb19ba6\2a5bd02710e975a7\707A28AB3D6A7240,0:2689683,2016-12-13 10:10:05-140,2016-12-13 10:10:07-554
Success : LS : test1\c5a5e5562b038073\0189424a5a60fed3\,0:-1,2016-12-13 10:10:07-643,2016-12-13 10:10:07-706
Success : LS : test1\f71b43c3136efa4f\52481749c0cdecd6\,0:-1,2016-12-13 10:10:07-781,2016-12-13 10:10:07-842
Success : LS : test2\a94a8fe5ccb19ba6\,0:-1,2016-12-13 10:10:07-915,2016-12-13 10:10:08-001
Success : LS : test1\f71b43c3136efa4f\,0:-1,2016-12-13 10:10:08-076,2016-12-13 10:10:08-145
Success : LS : test2\a94a8fe5ccb19ba6\2a5bd02710e975a7\,0:-1,2016-12-13 10:10:08-219,2016-12-13 10:10:08-323
Success : CREATE_FILE : test2\a94a8fe5ccb19ba6\2a5bd02710e975a7\6A23F968461B10B6,0:1209248,2016-12-13 10:10:08-420,2016-12-13 10:10:09-527
Success : LS : test2\a94a8fe5ccb19ba6\2a5bd02710e975a7\,0:-1,2016-12-13 10:10:09-646,2016-12-13 10:10:09-743
Success : CREATE_FILE : test2\a94a8fe5ccb19ba6\0F05FECB549D7ADB,0:3630850,2016-12-13 10:10:09-842,2016-12-13 10:10:13-549
Success : LS : test2\a94a8fe5ccb19ba6\,0:-1,2016-12-13 10:10:13-636,2016-12-13 10:10:13-725
Success : CREATE_FILE : test2\a94a8fe5ccb19ba6\32F28DE273701C10,0:2313333,2016-12-13 10:10:13-818,2016-12-13 10:10:16-032
Success : LS : test2\a94a8fe5ccb19ba6\2a5bd02710e975a7\,0:-1,2016-12-13 10:10:16-155,2016-12-13 10:10:16-272
Success : LS : test1\f71b43c3136efa4f\,0:-1,2016-12-13 10:10:16-365,2016-12-13 10:10:16-447
Success : SEQ_READ : test1\f71b43c3136efa4f\52481749c0cdecd6\6670af231c096f09,0:129,2016-12-13 10:10:16-527,2016-12-13 10:10:16-600
Success : LS : test2\a94a8fe5ccb19ba6\,0:-1,2016-12-13 10:10:16-678,2016-12-13 10:10:16-765
Success : CREATE_FILE : test2\a94a8fe5ccb19ba6\2a5bd02710e975a7\4E195E5013CF3491,0:502181,2016-12-13 10:10:16-840,2016-12-13 10:10:17-789
Success : LS : test2\a94a8fe5ccb19ba6\2a5bd02710e975a7\,0:-1,2016-12-13 10:10:17-905,2016-12-13 10:10:18-019
Success : CREATE_FILE : test2\a94a8fe5ccb19ba6\51F569ED55AD24B7,0:2537427,2016-12-13 10:10:18-112,2016-12-13 10:10:20-638
Success : SEQ_READ : test1\c5a5e5562b038073\fbe0d7653f0909cb,0:0,2016-12-13 10:10:20-750,2016-12-13 10:10:20-859
Success : SEQ_READ : test1\c5a5e5562b038073\a39ea9c72a98de10\11562aa867a5f398,0:2048,2016-12-13 10:10:20-971,2016-12-13 10:10:21-070
Success : LS : test1\c5a5e5562b038073\,0:-1,2016-12-13 10:10:21-190,2016-12-13 10:10:21-261
Success : LS : test1\c5a5e5562b038073\0189424a5a60fed3\,0:-1,2016-12-13 10:10:21-385,2016-12-13 10:10:21-486
Success : LS : test2\a94a8fe5ccb19ba6\2a5bd02710e975a7\,0:-1,2016-12-13 10:10:21-579,2016-12-13 10:10:21-693
Success : LS : test2\a94a8fe5ccb19ba6\,0:-1,2016-12-13 10:10:21-785,2016-12-13 10:10:21-908
Success : LS : test2\a94a8fe5ccb19ba6\,0:-1,2016-12-13 10:10:22-031,2016-12-13 10:10:22-165
Success : CREATE_FILE : test2\a94a8fe5ccb19ba6\77EC4D4E3E69D7E2,0:695258,2016-12-13 10:10:22-280,2016-12-13 10:10:23-435
Success : LS : test1\f71b43c3136efa4f\52481749c0cdecd6\,0:-1,2016-12-13 10:10:23-548,2016-12-13 10:10:23-635
Success : SEQ_READ : test1\c5a5e5562b038073\0189424a5a60fed3\46a8219c2ae6c782,0:514048,2016-12-13 10:10:23-721,2016-12-13 10:10:23-819
Success : LS : test2\a94a8fe5ccb19ba6\2a5bd02710e975a7\,0:-1,2016-12-13 10:10:23-931,2016-12-13 10:10:24-044
Success : LS : test2\a94a8fe5ccb19ba6\,0:-1,2016-12-13 10:10:24-128,2016-12-13 10:10:24-219
Success : CREATE_FILE : test2\a94a8fe5ccb19ba6\228E5E41412A4172,0:1652847,2016-12-13 10:10:24-295,2016-12-13 10:10:25-884
Success : LS : test2\a94a8fe5ccb19ba6\,0:-1,2016-12-13 10:10:26-006,2016-12-13 10:10:26-197
Success : CREATE_FILE : test2\a94a8fe5ccb19ba6\2a5bd02710e975a7\4696A71F7A0BC4CD,0:2914301,2016-12-13 10:10:26-281,2016-12-13 10:10:29-158
Success : LS : test2\a94a8fe5ccb19ba6\2a5bd02710e975a7\,0:-1,2016-12-13 10:10:29-233,2016-12-13 10:10:29-308
Success : CREATE_FILE : test2\a94a8fe5ccb19ba6\2a5bd02710e975a7\36092EEE19C6D379,0:422747,2016-12-13 10:10:29-410,2016-12-13 10:10:29-942
Success : LS : test2\a94a8fe5ccb19ba6\2a5bd02710e975a7\,0:-1,2016-12-13 10:10:30-060,2016-12-13 10:10:30-140
Success : CREATE_FILE : test2\a94a8fe5ccb19ba6\4700868F480DAEE3,0:3802336,2016-12-13 10:10:30-217,2016-12-13 10:10:33-872
Success : LS : test1\f71b43c3136efa4f\52481749c0cdecd6\,0:-1,2016-12-13 10:10:33-997,2016-12-13 10:10:34-068
Success : SEQ_READ : test1\c5a5e5562b038073\3c16ab634e85296e,0:34816,2016-12-13 10:10:34-182,2016-12-13 10:10:34-251
Success : LS : test1\f71b43c3136efa4f\,0:-1,2016-12-13 10:10:34-354,2016-12-13 10:10:34-419
Fail : LS : test1,0:-1,2016-12-13 10:10:34-502,2016-12-13 10:10:34-502
Reason : java.lang.StringIndexOutOfBoundsException: String index out of range: -2
Success : LS : test2\a94a8fe5ccb19ba6\,0:-1,2016-12-13 10:10:34-587,2016-12-13 10:10:34-678
Success : CREATE_FILE : test2\a94a8fe5ccb19ba6\0C85AE0D4659E455,0:3189620,2016-12-13 10:10:34-785,2016-12-13 10:10:37-815
Success : LS : test2\a94a8fe5ccb19ba6\,0:-1,2016-12-13 10:10:37-923,2016-12-13 10:10:38-054
Success : CREATE_FILE : test2\a94a8fe5ccb19ba6\2a5bd02710e975a7\5CB8D3CD3A57BC94,0:1619019,2016-12-13 10:10:38-170,2016-12-13 10:10:39-846
Success : LS : test2\a94a8fe5ccb19ba6\2a5bd02710e975a7\,0:-1,2016-12-13 10:10:39-969,2016-12-13 10:10:40-087
Success : CREATE_FILE : test2\a94a8fe5ccb19ba6\2a5bd02710e975a7\5FFD6C60340792E1,0:2309835,2016-12-13 10:10:40-182,2016-12-13 10:10:42-162
Success : LS : test1\f71b43c3136efa4f\52481749c0cdecd6\,0:-1,2016-12-13 10:10:42-287,2016-12-13 10:10:42-388
Success : LS : test1\f71b43c3136efa4f\c7d9912886e5ccc7\,0:-1,2016-12-13 10:10:42-478,2016-12-13 10:10:42-543
Success : LS : test2\a94a8fe5ccb19ba6\,0:-1,2016-12-13 10:10:42-617,2016-12-13 10:10:42-707
Success : LS : test1\c5a5e5562b038073\,0:-1,2016-12-13 10:10:42-799,2016-12-13 10:10:42-896
Success : LS : test2\a94a8fe5ccb19ba6\,0:-1,2016-12-13 10:10:42-987,2016-12-13 10:10:43-112
Success : LS : test2\a94a8fe5ccb19ba6\2a5bd02710e975a7\,0:-1,2016-12-13 10:10:43-235,2016-12-13 10:10:43-357
Success : CREATE_FILE : test2\a94a8fe5ccb19ba6\7419CECF0D202E5E,0:3545286,2016-12-13 10:10:43-464,2016-12-13 10:10:47-400
Success : LS : test2\a94a8fe5ccb19ba6\,0:-1,2016-12-13 10:10:47-517,2016-12-13 10:10:47-633
Success : CREATE_FILE : test2\a94a8fe5ccb19ba6\2a5bd02710e975a7\60F282B2482415A6,0:1655166,2016-12-13 10:10:47-758,2016-12-13 10:10:49-176
Success : LS : test1\f71b43c3136efa4f\52481749c0cdecd6\,0:-1,2016-12-13 10:10:49-300,2016-12-13 10:10:49-371
Success : LS : test1\c5a5e5562b038073\0189424a5a60fed3\,0:-1,2016-12-13 10:10:49-478,2016-12-13 10:10:49-544
Success : SEQ_READ : test1\c5a5e5562b038073\a39ea9c72a98de10\11562aa867a5f398,0:2048,2016-12-13 10:10:49-629,2016-12-13 10:10:49-720
Success : LS : test1\c5a5e5562b038073\,0:-1,2016-12-13 10:10:49-795,2016-12-13 10:10:49-856
Success : LS : test2\a94a8fe5ccb19ba6\2a5bd02710e975a7\,0:-1,2016-12-13 10:10:49-932,2016-12-13 10:10:50-012
Success : CREATE_FILE : test2\a94a8fe5ccb19ba6\2a5bd02710e975a7\009E0F73157EBCED,0:3867328,2016-12-13 10:10:50-114,2016-12-13 10:10:53-846
Success : LS : test2\a94a8fe5ccb19ba6\2a5bd02710e975a7\,0:-1,2016-12-13 10:10:53-971,2016-12-13 10:10:54-055
Success : CREATE_FILE : test2\a94a8fe5ccb19ba6\477DAB735B55ECBC,0:935969,2016-12-13 10:10:54-177,2016-12-13 10:10:55-128
Success : SEQ_READ : test1\c5a5e5562b038073\6670af231c096f09,0:46,2016-12-13 10:10:55-253,2016-12-13 10:10:55-325
Success : LS : test2\a94a8fe5ccb19ba6\,0:-1,2016-12-13 10:10:55-447,2016-12-13 10:10:55-546
Success : CREATE_FILE : test2\a94a8fe5ccb19ba6\183672E72FA781BB,0:1475624,2016-12-13 10:10:55-627,2016-12-13 10:10:56-857
Success : LS : test2\a94a8fe5ccb19ba6\,0:-1,2016-12-13 10:10:56-972,2016-12-13 10:10:57-104
Success : CREATE_FILE : test2\a94a8fe5ccb19ba6\06E75B471296641B,0:378096,2016-12-13 10:10:57-224,2016-12-13 10:10:58-007
Success : LS : test2\a94a8fe5ccb19ba6\,0:-1,2016-12-13 10:10:58-130,2016-12-13 10:10:58-230
Success : CREATE_FILE : test2\a94a8fe5ccb19ba6\0A1DC36C37E113AD,0:3170568,2016-12-13 10:10:58-345,2016-12-13 10:11:01-318
Success : LS : test2\a94a8fe5ccb19ba6\,0:-1,2016-12-13 10:11:01-443,2016-12-13 10:11:01-537
Success : CREATE_FILE : test2\a94a8fe5ccb19ba6\5A846BCC334D4A9F,0:3096307,2016-12-13 10:11:01-625,2016-12-13 10:11:04-824
Success : LS : test1\f71b43c3136efa4f\52481749c0cdecd6\,0:-1,2016-12-13 10:11:04-934,2016-12-13 10:11:05-004
Success : LS : test2\a94a8fe5ccb19ba6\2a5bd02710e975a7\,0:-1,2016-12-13 10:11:05-124,2016-12-13 10:11:05-210
Success : LS : test1\c5a5e5562b038073\a39ea9c72a98de10\,0:-1,2016-12-13 10:11:05-335,2016-12-13 10:11:05-406
Success : LS : test1\f71b43c3136efa4f\9f93e73d6896cb7b\,0:-1,2016-12-13 10:11:05-513,2016-12-13 10:11:05-579
Success : LS : test1\c5a5e5562b038073\0189424a5a60fed3\,0:-1,2016-12-13 10:11:05-704,2016-12-13 10:11:05-774
Success : SEQ_READ : test1\c5a5e5562b038073\f72cdbcd84f047a5,0:11264,2016-12-13 10:11:05-885,2016-12-13 10:11:05-953
Success : LS : test2\a94a8fe5ccb19ba6\,0:-1,2016-12-13 10:11:06-071,2016-12-13 10:11:06-166
Success : CREATE_FILE : test2\a94a8fe5ccb19ba6\6546EDC614A778D8,0:386215,2016-12-13 10:11:06-278,2016-12-13 10:11:06-942
Success : LS : test1\c5a5e5562b038073\,0:-1,2016-12-13 10:11:07-067,2016-12-13 10:11:07-139
Fail : LS : test1,0:-1,2016-12-13 10:11:07-259,2016-12-13 10:11:07-259
Reason : java.lang.StringIndexOutOfBoundsException: String index out of range: -2
Success : LS : test1\f71b43c3136efa4f\c7d9912886e5ccc7\,0:-1,2016-12-13 10:11:07-435,2016-12-13 10:11:07-507
Success : SEQ_READ : test1\f71b43c3136efa4f\52481749c0cdecd6\6670af231c096f09,0:129,2016-12-13 10:11:07-592,2016-12-13 10:11:07-659
Success : LS : test1\c5a5e5562b038073\,0:-1,2016-12-13 10:11:07-735,2016-12-13 10:11:08-150
Success : LS : test2\a94a8fe5ccb19ba6\,0:-1,2016-12-13 10:11:08-249,2016-12-13 10:11:08-375
Success : CREATE_FILE : test2\a94a8fe5ccb19ba6\2a5bd02710e975a7\46DC5B8D4897D045,0:3287858,2016-12-13 10:11:08-478,2016-12-13 10:11:12-187
Success : LS : test2\a94a8fe5ccb19ba6\2a5bd02710e975a7\,0:-1,2016-12-13 10:11:12-321,2016-12-13 10:11:12-439
Success : CREATE_FILE : test2\a94a8fe5ccb19ba6\6396EA4C018D8A1B,0:2856928,2016-12-13 10:11:12-551,2016-12-13 10:11:15-821
Success : LS : test1\f71b43c3136efa4f\,0:-1,2016-12-13 10:11:15-945,2016-12-13 10:11:16-030
Success : LS : test2\a94a8fe5ccb19ba6\,0:-1,2016-12-13 10:11:16-150,2016-12-13 10:11:16-252
Success : LS : test2\a94a8fe5ccb19ba6\,0:-1,2016-12-13 10:11:16-361,2016-12-13 10:11:16-497
Success : SEQ_READ : test2\49f03965cf98b1f5,0:1024,2016-12-13 10:11:16-592,2016-12-13 10:11:16-659
Success : LS : test2\a94a8fe5ccb19ba6\,0:-1,2016-12-13 10:11:16-735,2016-12-13 10:11:16-824
Success : CREATE_FILE : test2\a94a8fe5ccb19ba6\2a5bd02710e975a7\3D21B62E2D90166B,0:3936019,2016-12-13 10:11:16-899,2016-12-13 10:11:20-953
Success : LS : test2\a94a8fe5ccb19ba6\,0:-1,2016-12-13 10:11:21-073,2016-12-13 10:11:21-200
Success : LS : test1\c5a5e5562b038073\a39ea9c72a98de10\,0:-1,2016-12-13 10:11:21-283,2016-12-13 10:11:21-346
Fail : LS : test1,0:-1,2016-12-13 10:11:21-429,2016-12-13 10:11:21-429
Reason : java.lang.StringIndexOutOfBoundsException: String index out of range: -2
Success : LS : test2\a94a8fe5ccb19ba6\2a5bd02710e975a7\,0:-1,2016-12-13 10:11:21-530,2016-12-13 10:11:21-638
Success : CREATE_FILE : test2\a94a8fe5ccb19ba6\475443B839233D3B,0:3160316,2016-12-13 10:11:21-727,2016-12-13 10:11:24-825
Success : LS : test2\a94a8fe5ccb19ba6\,0:-1,2016-12-13 10:11:24-943,2016-12-13 10:11:25-080
Success : CREATE_FILE : test2\a94a8fe5ccb19ba6\1C7E702C657804FC,0:1913986,2016-12-13 10:11:25-205,2016-12-13 10:11:27-226
Success : LS : test2\a94a8fe5ccb19ba6\,0:-1,2016-12-13 10:11:27-351,2016-12-13 10:11:27-449
Success : CREATE_FILE : test2\a94a8fe5ccb19ba6\1C617EA55A8643F7,0:4089317,2016-12-13 10:11:27-536,2016-12-13 10:11:31-814
Success : LS : test1\f71b43c3136efa4f\9f93e73d6896cb7b\,0:-1,2016-12-13 10:11:31-888,2016-12-13 10:11:31-984
Success : LS : test1\c5a5e5562b038073\0189424a5a60fed3\,0:-1,2016-12-13 10:11:32-089,2016-12-13 10:11:32-157
Fail : LS : test1,0:-1,2016-12-13 10:11:32-276,2016-12-13 10:11:32-276
Reason : java.lang.StringIndexOutOfBoundsException: String index out of range: -2
Success : LS : test2\a94a8fe5ccb19ba6\,0:-1,2016-12-13 10:11:32-382,2016-12-13 10:11:32-490
Success : LS : test2\a94a8fe5ccb19ba6\,0:-1,2016-12-13 10:11:32-610,2016-12-13 10:11:32-739
Success : CREATE_FILE : test2\a94a8fe5ccb19ba6\2a5bd02710e975a7\103EBC4A48D9C395,0:3064304,2016-12-13 10:11:32-825,2016-12-13 10:11:35-932
Success : LS : test2\a94a8fe5ccb19ba6\2a5bd02710e975a7\,0:-1,2016-12-13 10:11:36-051,2016-12-13 10:11:36-131
Success : CREATE_FILE : test2\a94a8fe5ccb19ba6\174467540AE505E7,0:1362854,2016-12-13 10:11:36-204,2016-12-13 10:11:37-272
Success : SEQ_READ : test1\c5a5e5562b038073\738537f9a40e568b,0:16384,2016-12-13 10:11:37-399,2016-12-13 10:11:37-496
Success : LS : test1\c5a5e5562b038073\0189424a5a60fed3\,0:-1,2016-12-13 10:11:37-588,2016-12-13 10:11:37-657
Success : LS : test2\a94a8fe5ccb19ba6\2a5bd02710e975a7\,0:-1,2016-12-13 10:11:37-736,2016-12-13 10:11:37-810
Success : LS : test1\f71b43c3136efa4f\c7d9912886e5ccc7\,0:-1,2016-12-13 10:11:37-887,2016-12-13 10:11:37-948
Success : LS : test2\a94a8fe5ccb19ba6\,0:-1,2016-12-13 10:11:38-042,2016-12-13 10:11:38-129
Success : CREATE_FILE : test2\a94a8fe5ccb19ba6\2a5bd02710e975a7\0BE6C0202CF6C3D5,0:2415391,2016-12-13 10:11:38-230,2016-12-13 10:11:40-438
Success : LS : test2\a94a8fe5ccb19ba6\2a5bd02710e975a7\,0:-1,2016-12-13 10:11:40-558,2016-12-13 10:11:40-645
Success : CREATE_FILE : test2\a94a8fe5ccb19ba6\2661CB2B7A5A93F5,0:3526798,2016-12-13 10:11:40-724,2016-12-13 10:11:44-197
Success : LS : test1\c5a5e5562b038073\a39ea9c72a98de10\,0:-1,2016-12-13 10:11:44-308,2016-12-13 10:11:44-378
Success : SEQ_READ : test1\f71b43c3136efa4f\c7d9912886e5ccc7\6670af231c096f09,0:129,2016-12-13 10:11:44-502,2016-12-13 10:11:44-576
Success : LS : test1\f71b43c3136efa4f\c7d9912886e5ccc7\,0:-1,2016-12-13 10:11:44-700,2016-12-13 10:11:44-772
Success : LS : test1\f71b43c3136efa4f\c7d9912886e5ccc7\,0:-1,2016-12-13 10:11:44-894,2016-12-13 10:11:45-016
Success : LS : test2\a94a8fe5ccb19ba6\,0:-1,2016-12-13 10:11:45-134,2016-12-13 10:11:45-264
Success : CREATE_FILE : test2\a94a8fe5ccb19ba6\4AF13A9D68B68D3C,0:2032128,2016-12-13 10:11:45-378,2016-12-13 10:11:47-381
Success : SEQ_READ : test2\a94a8fe5ccb19ba6\2a5bd02710e975a7\3eef580036f1724a,0:257,2016-12-13 10:11:47-499,2016-12-13 10:11:47-572
Success : SEQ_READ : test1\c5a5e5562b038073\3c16ab634e85296e,0:92160,2016-12-13 10:11:47-667,2016-12-13 10:11:47-745
Success : LS : test2\a94a8fe5ccb19ba6\,0:-1,2016-12-13 10:11:47-845,2016-12-13 10:11:47-935
Success : LS : test2\a94a8fe5ccb19ba6\,0:-1,2016-12-13 10:11:48-022,2016-12-13 10:11:48-115
Success : CREATE_FILE : test2\a94a8fe5ccb19ba6\46F2F0B05207FE04,0:252460,2016-12-13 10:11:48-240,2016-12-13 10:11:48-831
Success : LS : test2\a94a8fe5ccb19ba6\,0:-1,2016-12-13 10:11:48-947,2016-12-13 10:11:49-075
Success : CREATE_FILE : test2\a94a8fe5ccb19ba6\2a5bd02710e975a7\659DDF9136F0D6AA,0:1076404,2016-12-13 10:11:49-188,2016-12-13 10:11:50-392
Success : LS : test2\a94a8fe5ccb19ba6\2a5bd02710e975a7\,0:-1,2016-12-13 10:11:50-517,2016-12-13 10:11:50-603
Success : CREATE_FILE : test2\a94a8fe5ccb19ba6\2a5bd02710e975a7\7E746CDE0132BB62,0:2864750,2016-12-13 10:11:50-708,2016-12-13 10:11:53-197
Success : SEQ_READ : test1\c5a5e5562b038073\0189424a5a60fed3\feb6a1968982109d,0:12739584,2016-12-13 10:11:53-321,2016-12-13 10:11:53-427
Success : LS : test2\a94a8fe5ccb19ba6\2a5bd02710e975a7\,0:-1,2016-12-13 10:11:53-524,2016-12-13 10:11:53-602
Success : CREATE_FILE : test2\a94a8fe5ccb19ba6\749449A770BFB2BE,0:2356375,2016-12-13 10:11:53-699,2016-12-13 10:11:56-087
Success : LS : test2\a94a8fe5ccb19ba6\,0:-1,2016-12-13 10:11:56-206,2016-12-13 10:11:56-314
Success : CREATE_FILE : test2\a94a8fe5ccb19ba6\37EB125772F91BBD,0:1229804,2016-12-13 10:11:56-398,2016-12-13 10:11:57-343
Success : LS : test2\a94a8fe5ccb19ba6\,0:-1,2016-12-13 10:11:57-463,2016-12-13 10:11:57-598
Success : CREATE_FILE : test2\a94a8fe5ccb19ba6\0585B6E71836CFED,0:1462377,2016-12-13 10:11:57-696,2016-12-13 10:11:58-942
Success : LS : test2\a94a8fe5ccb19ba6\,0:-1,2016-12-13 10:11:59-017,2016-12-13 10:11:59-106
Success : CREATE_FILE : test2\a94a8fe5ccb19ba6\2a5bd02710e975a7\237846AC08BEC605,0:3829963,2016-12-13 10:11:59-199,2016-12-13 10:12:03-103
Success : LS : test1\c5a5e5562b038073\,0:-1,2016-12-13 10:12:03-224,2016-12-13 10:12:03-295
Success : LS : test2\a94a8fe5ccb19ba6\2a5bd02710e975a7\,0:-1,2016-12-13 10:12:03-386,2016-12-13 10:12:03-463
Success : LS : test1\f71b43c3136efa4f\9f93e73d6896cb7b\,0:-1,2016-12-13 10:12:03-556,2016-12-13 10:12:03-645
Success : LS : test1\f71b43c3136efa4f\c7d9912886e5ccc7\,0:-1,2016-12-13 10:12:03-747,2016-12-13 10:12:03-844
Success : LS : test2\a94a8fe5ccb19ba6\2a5bd02710e975a7\,0:-1,2016-12-13 10:12:03-968,2016-12-13 10:12:04-065
Success : CREATE_FILE : test2\a94a8fe5ccb19ba6\07E06F8524D95AC7,0:3423898,2016-12-13 10:12:04-173,2016-12-13 10:12:07-538
Success : LS : test1\f71b43c3136efa4f\,0:-1,2016-12-13 10:12:07-639,2016-12-13 10:12:07-717
Success : LS : test1\f71b43c3136efa4f\52481749c0cdecd6\,0:-1,2016-12-13 10:12:07-792,2016-12-13 10:12:07-852
Success : LS : test1\f71b43c3136efa4f\83404ffd78f534ff\,0:-1,2016-12-13 10:12:07-927,2016-12-13 10:12:07-987
Success : LS : test2\a94a8fe5ccb19ba6\,0:-1,2016-12-13 10:12:08-061,2016-12-13 10:12:08-200
Success : LS : test1\c5a5e5562b038073\0189424a5a60fed3\,0:-1,2016-12-13 10:12:08-279,2016-12-13 10:12:08-342
Fail : LS : test1,0:-1,2016-12-13 10:12:08-464,2016-12-13 10:12:08-464
Reason : java.lang.StringIndexOutOfBoundsException: String index out of range: -2
Success : SEQ_READ : test1\f71b43c3136efa4f\83404ffd78f534ff\6670af231c096f09,0:129,2016-12-13 10:12:08-569,2016-12-13 10:12:08-669
Success : SEQ_READ : test1\f71b43c3136efa4f\52481749c0cdecd6\6670af231c096f09,0:129,2016-12-13 10:12:08-762,2016-12-13 10:12:08-844
Success : SEQ_READ : test1\c5a5e5562b038073\f72cdbcd84f047a5,0:12288,2016-12-13 10:12:08-933,2016-12-13 10:12:09-012
Success : SEQ_READ : test2\acde102dac5bbe15,0:0,2016-12-13 10:12:09-093,2016-12-13 10:12:09-221
Success : LS : test1\f71b43c3136efa4f\52481749c0cdecd6\,0:-1,2016-12-13 10:12:09-346,2016-12-13 10:12:10-238
Success : LS : test2\a94a8fe5ccb19ba6\,0:-1,2016-12-13 10:12:10-331,2016-12-13 10:12:10-467
Success : SEQ_READ : test1\c5a5e5562b038073\fbe0d7653f0909cb,0:0,2016-12-13 10:12:10-561,2016-12-13 10:12:11-244
Success : CREATE_FILE : test2\a94a8fe5ccb19ba6\1824F7DB1EEE1068,0:1414284,2016-12-13 10:12:11-357,2016-12-13 10:12:12-959
Success : LS : test2\a94a8fe5ccb19ba6\,0:-1,2016-12-13 10:12:13-084,2016-12-13 10:12:13-189
Success : LS : test1\f71b43c3136efa4f\83404ffd78f534ff\,0:-1,2016-12-13 10:12:13-305,2016-12-13 10:12:13-378
Success : LS : test2\a94a8fe5ccb19ba6\,0:-1,2016-12-13 10:12:13-457,2016-12-13 10:12:13-549
Success : CREATE_FILE : test2\a94a8fe5ccb19ba6\5A0BE2EA6C0E88AE,0:846921,2016-12-13 10:12:13-633,2016-12-13 10:12:14-347
Success : LS : test2\a94a8fe5ccb19ba6\,0:-1,2016-12-13 10:12:14-466,2016-12-13 10:12:14-566
Success : CREATE_FILE : test2\a94a8fe5ccb19ba6\2ACE8B0B2D7540A3,0:2512149,2016-12-13 10:12:14-645,2016-12-13 10:12:16-937
Success : LS : test2\a94a8fe5ccb19ba6\,0:-1,2016-12-13 10:12:17-057,2016-12-13 10:12:17-160
Success : CREATE_FILE : test2\a94a8fe5ccb19ba6\2a5bd02710e975a7\1C73A5BA5369D823,0:2718472,2016-12-13 10:12:17-267,2016-12-13 10:12:19-879
Success : LS : test2\a94a8fe5ccb19ba6\2a5bd02710e975a7\,0:-1,2016-12-13 10:12:19-953,2016-12-13 10:12:20-026
Success : CREATE_FILE : test2\a94a8fe5ccb19ba6\2a5bd02710e975a7\4E0533DC7526AABC,0:1306625,2016-12-13 10:12:20-100,2016-12-13 10:12:21-355
Success : LS : test1\c5a5e5562b038073\a39ea9c72a98de10\,0:-1,2016-12-13 10:12:21-479,2016-12-13 10:12:21-560
Success : LS : test1\c5a5e5562b038073\,0:-1,2016-12-13 10:12:21-647,2016-12-13 10:12:21-709
Success : LS : test2\a94a8fe5ccb19ba6\2a5bd02710e975a7\,0:-1,2016-12-13 10:12:21-810,2016-12-13 10:12:21-902
Success : CREATE_FILE : test2\a94a8fe5ccb19ba6\2a5bd02710e975a7\08217D9B18583BA3,0:3556263,2016-12-13 10:12:21-986,2016-12-13 10:12:25-530
Success : LS : test2\a94a8fe5ccb19ba6\2a5bd02710e975a7\,0:-1,2016-12-13 10:12:25-633,2016-12-13 10:12:25-715
Success : CREATE_FILE : test2\a94a8fe5ccb19ba6\2a5bd02710e975a7\29CCEA954A79F954,0:2041352,2016-12-13 10:12:25-792,2016-12-13 10:12:27-708
Success : LS : test2\a94a8fe5ccb19ba6\2a5bd02710e975a7\,0:-1,2016-12-13 10:12:27-827,2016-12-13 10:12:27-939
Success : CREATE_FILE : test2\a94a8fe5ccb19ba6\2a5bd02710e975a7\61E407E070CA5BD5,0:1814617,2016-12-13 10:12:28-031,2016-12-13 10:12:30-067
Fail : LS : test1,0:-1,2016-12-13 10:12:30-240,2016-12-13 10:12:30-240
Reason : java.lang.StringIndexOutOfBoundsException: String index out of range: -2
Success : LS : test1\c5a5e5562b038073\,0:-1,2016-12-13 10:12:30-355,2016-12-13 10:12:30-421
Success : LS : test2\a94a8fe5ccb19ba6\,0:-1,2016-12-13 10:12:30-533,2016-12-13 10:12:30-633
Success : LS : test2\a94a8fe5ccb19ba6\2a5bd02710e975a7\,0:-1,2016-12-13 10:12:30-741,2016-12-13 10:12:30-823
Success : CREATE_FILE : test2\a94a8fe5ccb19ba6\5B832D5442C88E2E,0:2196393,2016-12-13 10:12:30-932,2016-12-13 10:12:33-073
Success : LS : test2\a94a8fe5ccb19ba6\,0:-1,2016-12-13 10:12:33-194,2016-12-13 10:12:33-293
Success : CREATE_FILE : test2\a94a8fe5ccb19ba6\2a5bd02710e975a7\25F7546D505F95E9,0:1384595,2016-12-13 10:12:33-374,2016-12-13 10:12:34-516
Success : LS : test2\a94a8fe5ccb19ba6\2a5bd02710e975a7\,0:-1,2016-12-13 10:12:34-620,2016-12-13 10:12:34-707
Success : CREATE_FILE : test2\a94a8fe5ccb19ba6\293DCA4D7E44B195,0:3631327,2016-12-13 10:12:34-785,2016-12-13 10:12:38-503
Success : LS : test1\c5a5e5562b038073\0189424a5a60fed3\,0:-1,2016-12-13 10:12:38-631,2016-12-13 10:12:38-741
Success : LS : test2\a94a8fe5ccb19ba6\,0:-1,2016-12-13 10:12:38-892,2016-12-13 10:12:38-981
Success : LS : test1\c5a5e5562b038073\0189424a5a60fed3\,0:-1,2016-12-13 10:12:39-103,2016-12-13 10:12:39-181
Success : LS : test2\a94a8fe5ccb19ba6\,0:-1,2016-12-13 10:12:39-261,2016-12-13 10:12:39-392
Success : CREATE_FILE : test2\a94a8fe5ccb19ba6\62E96E6D51021490,0:315969,2016-12-13 10:12:39-512,2016-12-13 10:12:40-165
Success : LS : test2\a94a8fe5ccb19ba6\,0:-1,2016-12-13 10:12:40-291,2016-12-13 10:12:40-425
Success : CREATE_FILE : test2\a94a8fe5ccb19ba6\76CC3D0E3D9F533E,0:916277,2016-12-13 10:12:40-517,2016-12-13 10:12:41-517
Success : LS : test2\a94a8fe5ccb19ba6\,0:-1,2016-12-13 10:12:41-642,2016-12-13 10:12:41-768
Success : CREATE_FILE : test2\a94a8fe5ccb19ba6\1CBF367E08DC8C75,0:2323374,2016-12-13 10:12:41-855,2016-12-13 10:12:44-113
Success : LS : test1\f71b43c3136efa4f\,0:-1,2016-12-13 10:12:44-188,2016-12-13 10:12:44-249
Success : LS : test1\f71b43c3136efa4f\,0:-1,2016-12-13 10:12:44-324,2016-12-13 10:12:44-420
Success : LS : test1\f71b43c3136efa4f\9f93e73d6896cb7b\,0:-1,2016-12-13 10:12:44-511,2016-12-13 10:12:44-653
Success : LS : test1\f71b43c3136efa4f\9f93e73d6896cb7b\,0:-1,2016-12-13 10:12:44-759,2016-12-13 10:12:44-822
Success : LS : test2\a94a8fe5ccb19ba6\,0:-1,2016-12-13 10:12:44-895,2016-12-13 10:12:44-984
Success : CREATE_FILE : test2\a94a8fe5ccb19ba6\78503F6E70E9D641,0:413667,2016-12-13 10:12:45-082,2016-12-13 10:12:45-781
Success : LS : test2\a94a8fe5ccb19ba6\,0:-1,2016-12-13 10:12:45-896,2016-12-13 10:12:45-993
Success : CREATE_FILE : test2\a94a8fe5ccb19ba6\1271E3B966BDCC1C,0:25360,2016-12-13 10:12:46-080,2016-12-13 10:12:46-865
Success : LS : test2\a94a8fe5ccb19ba6\2a5bd02710e975a7\,0:-1,2016-12-13 10:12:46-943,2016-12-13 10:12:47-022
Success : LS : test2\a94a8fe5ccb19ba6\,0:-1,2016-12-13 10:12:47-099,2016-12-13 10:12:47-187
Success : LS : test1\f71b43c3136efa4f\9f93e73d6896cb7b\,0:-1,2016-12-13 10:12:47-270,2016-12-13 10:12:47-332
Success : LS : test2\a94a8fe5ccb19ba6\,0:-1,2016-12-13 10:12:47-434,2016-12-13 10:12:47-531
Success : CREATE_FILE : test2\a94a8fe5ccb19ba6\2a5bd02710e975a7\0A950FAC20F4876F,0:2998566,2016-12-13 10:12:47-607,2016-12-13 10:12:50-341
Success : LS : test2\a94a8fe5ccb19ba6\2a5bd02710e975a7\,0:-1,2016-12-13 10:12:50-467,2016-12-13 10:12:50-629
Success : CREATE_FILE : test2\a94a8fe5ccb19ba6\2a5bd02710e975a7\1A71367846A90B38,0:3415266,2016-12-13 10:12:50-714,2016-12-13 10:12:53-996
Success : LS : test1\f71b43c3136efa4f\,0:-1,2016-12-13 10:12:54-120,2016-12-13 10:12:54-224
Success : LS : test1\f71b43c3136efa4f\c7d9912886e5ccc7\,0:-1,2016-12-13 10:12:54-316,2016-12-13 10:12:54-381
Success : LS : test1\f71b43c3136efa4f\,0:-1,2016-12-13 10:12:54-456,2016-12-13 10:12:54-558
Success : LS : test1\f71b43c3136efa4f\,0:-1,2016-12-13 10:12:54-668,2016-12-13 10:12:54-761
Success : LS : test1\f71b43c3136efa4f\52481749c0cdecd6\,0:-1,2016-12-13 10:12:54-863,2016-12-13 10:12:54-930
Success : LS : test2\a94a8fe5ccb19ba6\2a5bd02710e975a7\,0:-1,2016-12-13 10:12:55-005,2016-12-13 10:12:55-117
Success : CREATE_FILE : test2\a94a8fe5ccb19ba6\4216CD6B187AAAA3,0:2931850,2016-12-13 10:12:55-218,2016-12-13 10:12:58-173
Success : LS : test1\c5a5e5562b038073\a39ea9c72a98de10\,0:-1,2016-12-13 10:12:58-289,2016-12-13 10:12:58-363
Success : LS : test1\f71b43c3136efa4f\52481749c0cdecd6\,0:-1,2016-12-13 10:12:58-440,2016-12-13 10:12:58-539
Success : LS : test2\a94a8fe5ccb19ba6\,0:-1,2016-12-13 10:12:58-624,2016-12-13 10:12:58-721
Success : SEQ_READ : test1\f71b43c3136efa4f\83404ffd78f534ff\6670af231c096f09,0:129,2016-12-13 10:12:58-799,2016-12-13 10:12:58-858
Success : LS : test2\a94a8fe5ccb19ba6\,0:-1,2016-12-13 10:12:58-937,2016-12-13 10:12:59-030
Success : CREATE_FILE : test2\a94a8fe5ccb19ba6\2a5bd02710e975a7\7D48C59119AF8644,0:3511960,2016-12-13 10:12:59-129,2016-12-13 10:13:03-104
Success : LS : test2\a94a8fe5ccb19ba6\2a5bd02710e975a7\,0:-1,2016-12-13 10:13:03-222,2016-12-13 10:13:03-341
Success : CREATE_FILE : test2\a94a8fe5ccb19ba6\4A1198734B70ACB4,0:1912913,2016-12-13 10:13:03-468,2016-12-13 10:13:05-185
Success : LS : test2\a94a8fe5ccb19ba6\2a5bd02710e975a7\,0:-1,2016-12-13 10:13:05-306,2016-12-13 10:13:05-426
Success : LS : test1\f71b43c3136efa4f\c7d9912886e5ccc7\,0:-1,2016-12-13 10:13:05-515,2016-12-13 10:13:05-607
Success : LS : test1\f71b43c3136efa4f\52481749c0cdecd6\,0:-1,2016-12-13 10:13:05-701,2016-12-13 10:13:05-881
Success : LS : test1\f71b43c3136efa4f\52481749c0cdecd6\,0:-1,2016-12-13 10:13:05-980,2016-12-13 10:13:06-063
Fail : LS : test1,0:-1,2016-12-13 10:13:06-158,2016-12-13 10:13:06-158
Reason : java.lang.StringIndexOutOfBoundsException: String index out of range: -2
Success : LS : test1\f71b43c3136efa4f\52481749c0cdecd6\,0:-1,2016-12-13 10:13:06-274,2016-12-13 10:13:06-369
Success : LS : test2\a94a8fe5ccb19ba6\,0:-1,2016-12-13 10:13:06-456,2016-12-13 10:13:06-589
Success : LS : test2\a94a8fe5ccb19ba6\,0:-1,2016-12-13 10:13:06-698,2016-12-13 10:13:06-823
Success : LS : test2\a94a8fe5ccb19ba6\,0:-1,2016-12-13 10:13:06-944,2016-12-13 10:13:07-047
Success : CREATE_FILE : test2\a94a8fe5ccb19ba6\4867CE1B3D13277C,0:426241,2016-12-13 10:13:07-159,2016-12-13 10:13:08-253
Success : LS : test1\f71b43c3136efa4f\9f93e73d6896cb7b\,0:-1,2016-12-13 10:13:08-377,2016-12-13 10:13:08-480
Success : LS : test1\f71b43c3136efa4f\52481749c0cdecd6\,0:-1,2016-12-13 10:13:08-596,2016-12-13 10:13:08-663
Success : SEQ_READ : test1\c5a5e5562b038073\fbe0d7653f0909cb,0:1024,2016-12-13 10:13:08-755,2016-12-13 10:13:08-825
Success : LS : test1\f71b43c3136efa4f\83404ffd78f534ff\,0:-1,2016-12-13 10:13:08-899,2016-12-13 10:13:09-327
Success : LS : test2\a94a8fe5ccb19ba6\2a5bd02710e975a7\,0:-1,2016-12-13 10:13:09-444,2016-12-13 10:13:09-527
Success : LS : test2\a94a8fe5ccb19ba6\,0:-1,2016-12-13 10:13:09-628,2016-12-13 10:13:09-761
Success : CREATE_FILE : test2\a94a8fe5ccb19ba6\3BC0EE24455E7673,0:3784586,2016-12-13 10:13:09-869,2016-12-13 10:13:13-638
Success : LS : test1\f71b43c3136efa4f\,0:-1,2016-12-13 10:13:13-747,2016-12-13 10:13:13-811
Success : LS : test1\c5a5e5562b038073\,0:-1,2016-12-13 10:13:13-887,2016-12-13 10:13:14-015
Success : LS : test1\c5a5e5562b038073\,0:-1,2016-12-13 10:13:14-091,2016-12-13 10:13:14-164
Success : LS : test2\a94a8fe5ccb19ba6\,0:-1,2016-12-13 10:13:14-240,2016-12-13 10:13:14-346
Success : CREATE_FILE : test2\a94a8fe5ccb19ba6\76585D695219C923,0:295065,2016-12-13 10:13:14-476,2016-12-13 10:13:15-075
Success : LS : test1\f71b43c3136efa4f\52481749c0cdecd6\,0:-1,2016-12-13 10:13:15-200,2016-12-13 10:13:15-299
Success : LS : test2\a94a8fe5ccb19ba6\,0:-1,2016-12-13 10:13:15-390,2016-12-13 10:13:15-483
Success : CREATE_FILE : test2\a94a8fe5ccb19ba6\293EE78B25691FFE,0:3209654,2016-12-13 10:13:15-581,2016-12-13 10:13:18-700
Success : LS : test2\a94a8fe5ccb19ba6\,0:-1,2016-12-13 10:13:18-824,2016-12-13 10:13:18-960
Success : CREATE_FILE : test2\a94a8fe5ccb19ba6\2a5bd02710e975a7\1EA9375B4B75B43C,0:1283807,2016-12-13 10:13:19-063,2016-12-13 10:13:20-205
Success : LS : test2\a94a8fe5ccb19ba6\2a5bd02710e975a7\,0:-1,2016-12-13 10:13:20-332,2016-12-13 10:13:20-433
Success : CREATE_FILE : test2\a94a8fe5ccb19ba6\1954E4236B3C06AC,0:8339,2016-12-13 10:13:20-519,2016-12-13 10:13:21-273
Success : SEQ_READ : test1\c5a5e5562b038073\2d77b1044a6c5c82,0:404480,2016-12-13 10:13:21-447,2016-12-13 10:13:21-518
Success : LS : test1\c5a5e5562b038073\,0:-1,2016-12-13 10:13:21-594,2016-12-13 10:13:21-722
Fail : LS : test1,0:-1,2016-12-13 10:13:21-845,2016-12-13 10:13:21-845
Reason : java.lang.StringIndexOutOfBoundsException: String index out of range: -2
Success : LS : test1\f71b43c3136efa4f\52481749c0cdecd6\,0:-1,2016-12-13 10:13:21-965,2016-12-13 10:13:22-057
Success : LS : test2\a94a8fe5ccb19ba6\,0:-1,2016-12-13 10:13:22-143,2016-12-13 10:13:22-237
Success : CREATE_FILE : test2\a94a8fe5ccb19ba6\4426CF357925B93F,0:14681,2016-12-13 10:13:22-327,2016-12-13 10:13:22-919
Success : LS : test2\a94a8fe5ccb19ba6\,0:-1,2016-12-13 10:13:23-026,2016-12-13 10:13:23-116
Success : CREATE_FILE : test2\a94a8fe5ccb19ba6\1B0E358C25DDF84C,0:2355303,2016-12-13 10:13:23-198,2016-12-13 10:13:25-352
Fail : LS : test1,0:-1,2016-12-13 10:13:25-472,2016-12-13 10:13:25-472
Reason : java.lang.StringIndexOutOfBoundsException: String index out of range: -2
Success : LS : test1\c5a5e5562b038073\0189424a5a60fed3\,0:-1,2016-12-13 10:13:25-560,2016-12-13 10:13:25-626
Success : LS : test1\f71b43c3136efa4f\9f93e73d6896cb7b\,0:-1,2016-12-13 10:13:25-712,2016-12-13 10:13:25-774
Success : LS : test1\c5a5e5562b038073\0189424a5a60fed3\,0:-1,2016-12-13 10:13:25-848,2016-12-13 10:13:25-917
Success : LS : test2\a94a8fe5ccb19ba6\,0:-1,2016-12-13 10:13:25-991,2016-12-13 10:13:26-127
Success : CREATE_FILE : test2\a94a8fe5ccb19ba6\5BD1C7F97CAF750A,0:1823800,2016-12-13 10:13:26-238,2016-12-13 10:13:27-792
Success : LS : test2\a94a8fe5ccb19ba6\,0:-1,2016-12-13 10:13:27-916,2016-12-13 10:13:28-045
Success : CREATE_FILE : test2\a94a8fe5ccb19ba6\2a5bd02710e975a7\55497FBB445D9B63,0:2293073,2016-12-13 10:13:28-133,2016-12-13 10:13:29-991
Success : LS : test1\f71b43c3136efa4f\,0:-1,2016-12-13 10:13:30-100,2016-12-13 10:13:30-166
Success : LS : test2\a94a8fe5ccb19ba6\,0:-1,2016-12-13 10:13:30-243,2016-12-13 10:13:30-335
Success : SEQ_READ : test2\acde102dac5bbe15,0:5120,2016-12-13 10:13:30-453,2016-12-13 10:13:30-521
Success : LS : test1\f71b43c3136efa4f\9f93e73d6896cb7b\,0:-1,2016-12-13 10:13:30-599,2016-12-13 10:13:30-661
Success : LS : test2\a94a8fe5ccb19ba6\2a5bd02710e975a7\,0:-1,2016-12-13 10:13:30-746,2016-12-13 10:13:30-819
Success : CREATE_FILE : test2\a94a8fe5ccb19ba6\2a5bd02710e975a7\3305056D3460A655,0:1470509,2016-12-13 10:13:30-936,2016-12-13 10:13:32-133
Success : LS : test2\a94a8fe5ccb19ba6\2a5bd02710e975a7\,0:-1,2016-12-13 10:13:32-207,2016-12-13 10:13:32-282
Success : CREATE_FILE : test2\a94a8fe5ccb19ba6\0A41BD8A5477E24C,0:686121,2016-12-13 10:13:32-357,2016-12-13 10:13:32-976
Success : LS : test1\f71b43c3136efa4f\,0:-1,2016-12-13 10:13:33-101,2016-12-13 10:13:33-203
Success : LS : test2\a94a8fe5ccb19ba6\,0:-1,2016-12-13 10:13:33-296,2016-12-13 10:13:33-421
Success : LS : test2\a94a8fe5ccb19ba6\,0:-1,2016-12-13 10:13:33-546,2016-12-13 10:13:33-652
Success : LS : test1\f71b43c3136efa4f\c7d9912886e5ccc7\,0:-1,2016-12-13 10:13:33-773,2016-12-13 10:13:33-885
Success : LS : test2\a94a8fe5ccb19ba6\,0:-1,2016-12-13 10:13:34-005,2016-12-13 10:13:34-145
Success : CREATE_FILE : test2\a94a8fe5ccb19ba6\2F7BF72017712E06,0:2178469,2016-12-13 10:13:34-243,2016-12-13 10:13:36-151
Success : LS : test2\a94a8fe5ccb19ba6\,0:-1,2016-12-13 10:13:36-275,2016-12-13 10:13:36-375
Success : CREATE_FILE : test2\a94a8fe5ccb19ba6\2a5bd02710e975a7\110E7E0562C064E2,0:1769932,2016-12-13 10:13:36-453,2016-12-13 10:13:38-082
Success : LS : test1\f71b43c3136efa4f\52481749c0cdecd6\,0:-1,2016-12-13 10:13:38-157,2016-12-13 10:13:38-219
Success : LS : test1\f71b43c3136efa4f\83404ffd78f534ff\,0:-1,2016-12-13 10:13:38-295,2016-12-13 10:13:38-382
Success : LS : test2\a94a8fe5ccb19ba6\2a5bd02710e975a7\,0:-1,2016-12-13 10:13:38-477,2016-12-13 10:13:38-555
Success : LS : test1\f71b43c3136efa4f\c7d9912886e5ccc7\,0:-1,2016-12-13 10:13:38-639,2016-12-13 10:13:38-698
Success : LS : test1\c5a5e5562b038073\0189424a5a60fed3\,0:-1,2016-12-13 10:13:38-819,2016-12-13 10:13:38-889
Success : LS : test2\a94a8fe5ccb19ba6\2a5bd02710e975a7\,0:-1,2016-12-13 10:13:39-007,2016-12-13 10:13:39-091
Success : CREATE_FILE : test2\a94a8fe5ccb19ba6\2a5bd02710e975a7\2C4D00E45968DB53,0:2867251,2016-12-13 10:13:39-188,2016-12-13 10:13:42-138
Success : LS : test1\c5a5e5562b038073\a39ea9c72a98de10\,0:-1,2016-12-13 10:13:42-256,2016-12-13 10:13:42-361
Success : LS : test1\c5a5e5562b038073\a39ea9c72a98de10\,0:-1,2016-12-13 10:13:42-508,2016-12-13 10:13:42-574
Success : LS : test2\a94a8fe5ccb19ba6\2a5bd02710e975a7\,0:-1,2016-12-13 10:13:42-665,2016-12-13 10:13:42-740
Success : CREATE_FILE : test2\a94a8fe5ccb19ba6\3246B61F718A2641,0:2977717,2016-12-13 10:13:42-827,2016-12-13 10:13:45-627
Success : LS : test2\a94a8fe5ccb19ba6\,0:-1,2016-12-13 10:13:45-710,2016-12-13 10:13:45-800
Success : CREATE_FILE : test2\a94a8fe5ccb19ba6\2a5bd02710e975a7\08120750742B88D2,0:2229658,2016-12-13 10:13:45-886,2016-12-13 10:13:47-896
Success : LS : test2\a94a8fe5ccb19ba6\2a5bd02710e975a7\,0:-1,2016-12-13 10:13:48-001,2016-12-13 10:13:48-076
Success : CREATE_FILE : test2\a94a8fe5ccb19ba6\47B2E15757FA9183,0:1063644,2016-12-13 10:13:48-160,2016-12-13 10:13:48-949
Success : LS : test2\a94a8fe5ccb19ba6\,0:-1,2016-12-13 10:13:49-040,2016-12-13 10:13:49-133
Success : CREATE_FILE : test2\a94a8fe5ccb19ba6\78722E17368056CE,0:2877437,2016-12-13 10:13:49-241,2016-12-13 10:13:51-892
Success : LS : test2\a94a8fe5ccb19ba6\2a5bd02710e975a7\,0:-1,2016-12-13 10:13:52-013,2016-12-13 10:13:52-096
Success : LS : test2\a94a8fe5ccb19ba6\,0:-1,2016-12-13 10:13:52-214,2016-12-13 10:13:52-331
Success : CREATE_FILE : test2\a94a8fe5ccb19ba6\2a5bd02710e975a7\233367BA0CC2F1E8,0:3113934,2016-12-13 10:13:52-450,2016-12-13 10:13:55-425
Success : LS : test2\a94a8fe5ccb19ba6\2a5bd02710e975a7\,0:-1,2016-12-13 10:13:55-511,2016-12-13 10:13:55-588
Success : CREATE_FILE : test2\a94a8fe5ccb19ba6\129B96086FC5A0B5,0:2131494,2016-12-13 10:13:55-676,2016-12-13 10:13:57-716
Success : LS : test2\a94a8fe5ccb19ba6\,0:-1,2016-12-13 10:13:57-823,2016-12-13 10:13:57-919
Success : CREATE_FILE : test2\a94a8fe5ccb19ba6\2a5bd02710e975a7\3DE3A7CB66043FFD,0:3260936,2016-12-13 10:13:58-001,2016-12-13 10:14:01-044
Success : LS : test2\a94a8fe5ccb19ba6\2a5bd02710e975a7\,0:-1,2016-12-13 10:14:01-160,2016-12-13 10:14:01-240
Success : CREATE_FILE : test2\a94a8fe5ccb19ba6\2a5bd02710e975a7\5A11C0463C0DBD98,0:2126345,2016-12-13 10:14:01-353,2016-12-13 10:14:03-373
Success : LS : test2\a94a8fe5ccb19ba6\2a5bd02710e975a7\,0:-1,2016-12-13 10:14:03-492,2016-12-13 10:14:03-578
Success : CREATE_FILE : test2\a94a8fe5ccb19ba6\55BB0A1468B3BF95,0:3667686,2016-12-13 10:14:03-683,2016-12-13 10:14:07-261
Success : LS : test1\c5a5e5562b038073\0189424a5a60fed3\,0:-1,2016-12-13 10:14:07-371,2016-12-13 10:14:07-438
Success : LS : test2\a94a8fe5ccb19ba6\,0:-1,2016-12-13 10:14:07-527,2016-12-13 10:14:07-623
Success : LS : test2\a94a8fe5ccb19ba6\,0:-1,2016-12-13 10:14:07-727,2016-12-13 10:14:07-839
Success : LS : test2\a94a8fe5ccb19ba6\,0:-1,2016-12-13 10:14:07-972,2016-12-13 10:14:08-064
Success : CREATE_FILE : test2\a94a8fe5ccb19ba6\15E138092374C08B,0:2951041,2016-12-13 10:14:08-152,2016-12-13 10:14:11-077
Success : LS : test2\a94a8fe5ccb19ba6\,0:-1,2016-12-13 10:14:11-187,2016-12-13 10:14:11-281
Success : CREATE_FILE : test2\a94a8fe5ccb19ba6\2a5bd02710e975a7\384AF3E51CF999B3,0:1449634,2016-12-13 10:14:11-368,2016-12-13 10:14:12-754
Success : LS : test2\a94a8fe5ccb19ba6\2a5bd02710e975a7\,0:-1,2016-12-13 10:14:12-867,2016-12-13 10:14:12-953
Success : CREATE_FILE : test2\a94a8fe5ccb19ba6\2ECE1A84463A7210,0:276674,2016-12-13 10:14:13-035,2016-12-13 10:14:13-632
Success : LS : test2\a94a8fe5ccb19ba6\,0:-1,2016-12-13 10:14:13-726,2016-12-13 10:14:13-822
