Success : LS : test1\c5a5e5562b038073\0189424a5a60fed3\,0:-1,2016-12-13 09:52:17-756,2016-12-13 09:52:17-933
Success : LS : test1\f71b43c3136efa4f\,0:-1,2016-12-13 09:52:18-063,2016-12-13 09:52:18-172
Success : CREATE_FILE : test2\a94a8fe5ccb19ba6\2a5bd02710e975a7\41BF5A823ED59775,0:3447269,2016-12-13 09:52:18-270,2016-12-13 09:52:21-538
Success : LS : test1\f71b43c3136efa4f\,0:-1,2016-12-13 09:52:21-666,2016-12-13 09:52:21-753
Success : LS : test1\f71b43c3136efa4f\52481749c0cdecd6\,0:-1,2016-12-13 09:52:21-840,2016-12-13 09:52:21-914
Success : SEQ_READ : test1\c5a5e5562b038073\767c14c8beb1e835,0:1401856,2016-12-13 09:52:22-029,2016-12-13 09:52:22-104
Success : LS : test2\a94a8fe5ccb19ba6\2a5bd02710e975a7\,0:-1,2016-12-13 09:52:22-181,2016-12-13 09:52:22-297
Success : CREATE_FILE : test2\a94a8fe5ccb19ba6\18B4DCCD123CD9FB,0:118389,2016-12-13 09:52:22-398,2016-12-13 09:52:22-818
Success : LS : test2\a94a8fe5ccb19ba6\,0:-1,2016-12-13 09:52:22-947,2016-12-13 09:52:23-085
Success : CREATE_FILE : test2\a94a8fe5ccb19ba6\6D093C1C700AF6D8,0:3887036,2016-12-13 09:52:23-209,2016-12-13 09:52:26-668
Success : LS : test2\a94a8fe5ccb19ba6\,0:-1,2016-12-13 09:52:26-791,2016-12-13 09:52:26-910
Success : CREATE_FILE : test2\a94a8fe5ccb19ba6\62D7579A06835C56,0:1915666,2016-12-13 09:52:27-019,2016-12-13 09:52:28-592
Success : LS : test2\a94a8fe5ccb19ba6\,0:-1,2016-12-13 09:52:28-717,2016-12-13 09:52:28-853
Success : CREATE_FILE : test2\a94a8fe5ccb19ba6\59F3CA19274B5E2F,0:858093,2016-12-13 09:52:28-970,2016-12-13 09:52:29-545
Success : LS : test1\f71b43c3136efa4f\,0:-1,2016-12-13 09:52:29-721,2016-12-13 09:52:29-785
Success : LS : test2\a94a8fe5ccb19ba6\2a5bd02710e975a7\,0:-1,2016-12-13 09:52:29-908,2016-12-13 09:52:29-994
Success : SEQ_READ : test1\f71b43c3136efa4f\52481749c0cdecd6\6670af231c096f09,0:129,2016-12-13 09:52:30-115,2016-12-13 09:52:30-186
Success : SEQ_READ : test1\c5a5e5562b038073\f72cdbcd84f047a5,0:16384,2016-12-13 09:52:30-278,2016-12-13 09:52:30-344
Success : LS : test2\a94a8fe5ccb19ba6\,0:-1,2016-12-13 09:52:30-463,2016-12-13 09:52:30-598
Success : CREATE_FILE : test2\a94a8fe5ccb19ba6\2a5bd02710e975a7\102FD2A76DC197E5,0:2659880,2016-12-13 09:52:30-722,2016-12-13 09:52:33-266
Success : LS : test2\a94a8fe5ccb19ba6\2a5bd02710e975a7\,0:-1,2016-12-13 09:52:33-389,2016-12-13 09:52:33-483
Success : CREATE_FILE : test2\a94a8fe5ccb19ba6\4DEAE17309D75D5A,0:2490491,2016-12-13 09:52:33-602,2016-12-13 09:52:35-758
Success : LS : test2\a94a8fe5ccb19ba6\,0:-1,2016-12-13 09:52:35-888,2016-12-13 09:52:35-991
Success : CREATE_FILE : test2\a94a8fe5ccb19ba6\7F9379A52FD40A00,0:3213581,2016-12-13 09:52:36-117,2016-12-13 09:52:39-062
Success : LS : test1\c5a5e5562b038073\,0:-1,2016-12-13 09:52:39-186,2016-12-13 09:52:39-258
Success : SEQ_READ : test1\c5a5e5562b038073\a39ea9c72a98de10\f398de59988a85e5,0:5120,2016-12-13 09:52:39-379,2016-12-13 09:52:39-447
Success : LS : test2\a94a8fe5ccb19ba6\2a5bd02710e975a7\,0:-1,2016-12-13 09:52:39-555,2016-12-13 09:52:39-631
Success : SEQ_READ : test2\a94a8fe5ccb19ba6\2a5bd02710e975a7\178db47a574c645f,0:257,2016-12-13 09:52:39-756,2016-12-13 09:52:39-823
Success : LS : test2\a94a8fe5ccb19ba6\,0:-1,2016-12-13 09:52:39-909,2016-12-13 09:52:39-999
Success : CREATE_FILE : test2\a94a8fe5ccb19ba6\323DB1CF39B853EA,0:1730994,2016-12-13 09:52:40-074,2016-12-13 09:52:41-488
Success : LS : test2\a94a8fe5ccb19ba6\,0:-1,2016-12-13 09:52:41-615,2016-12-13 09:52:41-712
Success : CREATE_FILE : test2\a94a8fe5ccb19ba6\2a5bd02710e975a7\779A1DA31B218280,0:2025437,2016-12-13 09:52:41-873,2016-12-13 09:52:43-661
Success : LS : test2\a94a8fe5ccb19ba6\2a5bd02710e975a7\,0:-1,2016-12-13 09:52:43-783,2016-12-13 09:52:43-867
Success : CREATE_FILE : test2\a94a8fe5ccb19ba6\62AA3D78110569C5,0:3238496,2016-12-13 09:52:43-973,2016-12-13 09:52:47-084
Success : SEQ_READ : test2\a94a8fe5ccb19ba6\2a5bd02710e975a7\254d76d2609fec03,0:2048,2016-12-13 09:52:47-208,2016-12-13 09:52:47-279
Success : LS : test1\f71b43c3136efa4f\c7d9912886e5ccc7\,0:-1,2016-12-13 09:52:47-394,2016-12-13 09:52:47-497
Success : SEQ_READ : test1\c5a5e5562b038073\7b7f22b30cf50087,0:1024,2016-12-13 09:52:47-620,2016-12-13 09:52:47-691
Success : LS : test2\a94a8fe5ccb19ba6\,0:-1,2016-12-13 09:52:47-809,2016-12-13 09:52:47-903
Success : LS : test2\a94a8fe5ccb19ba6\,0:-1,2016-12-13 09:52:47-998,2016-12-13 09:52:48-084
Success : CREATE_FILE : test2\a94a8fe5ccb19ba6\2a5bd02710e975a7\030876483DA58D65,0:989243,2016-12-13 09:52:48-210,2016-12-13 09:52:48-948
Success : LS : test2\a94a8fe5ccb19ba6\2a5bd02710e975a7\,0:-1,2016-12-13 09:52:49-041,2016-12-13 09:52:49-116
Success : CREATE_FILE : test2\a94a8fe5ccb19ba6\2a5bd02710e975a7\4CECFDB935F932E7,0:2886413,2016-12-13 09:52:49-214,2016-12-13 09:52:52-005
Success : LS : test2\a94a8fe5ccb19ba6\2a5bd02710e975a7\,0:-1,2016-12-13 09:52:52-083,2016-12-13 09:52:52-156
Success : CREATE_FILE : test2\a94a8fe5ccb19ba6\11CD30335CCE00B2,0:2959342,2016-12-13 09:52:52-231,2016-12-13 09:52:55-076
Success : LS : test1\f71b43c3136efa4f\9f93e73d6896cb7b\,0:-1,2016-12-13 09:52:55-150,2016-12-13 09:52:55-230
Success : LS : test1\f71b43c3136efa4f\c7d9912886e5ccc7\,0:-1,2016-12-13 09:52:55-312,2016-12-13 09:52:55-375
Success : LS : test2\a94a8fe5ccb19ba6\2a5bd02710e975a7\,0:-1,2016-12-13 09:52:55-492,2016-12-13 09:52:55-591
Success : LS : test2\a94a8fe5ccb19ba6\,0:-1,2016-12-13 09:52:55-678,2016-12-13 09:52:55-762
Success : CREATE_FILE : test2\a94a8fe5ccb19ba6\609AAAEB0B0661CC,0:2591910,2016-12-13 09:52:55-837,2016-12-13 09:52:58-266
Success : LS : test2\a94a8fe5ccb19ba6\,0:-1,2016-12-13 09:52:58-358,2016-12-13 09:52:58-446
Success : CREATE_FILE : test2\a94a8fe5ccb19ba6\2a5bd02710e975a7\6DC95F2369DDAB7B,0:4035126,2016-12-13 09:52:58-566,2016-12-13 09:53:02-446
Success : LS : test2\a94a8fe5ccb19ba6\2a5bd02710e975a7\,0:-1,2016-12-13 09:53:02-573,2016-12-13 09:53:02-657
Success : CREATE_FILE : test2\a94a8fe5ccb19ba6\2a5bd02710e975a7\530026CA577FE0D1,0:1488141,2016-12-13 09:53:02-756,2016-12-13 09:53:04-174
Success : LS : test2\a94a8fe5ccb19ba6\2a5bd02710e975a7\,0:-1,2016-12-13 09:53:04-251,2016-12-13 09:53:04-322
Success : CREATE_FILE : test2\a94a8fe5ccb19ba6\2a5bd02710e975a7\2F7BFB6C4827429D,0:1679477,2016-12-13 09:53:04-404,2016-12-13 09:53:05-797
Success : LS : test1\f71b43c3136efa4f\,0:-1,2016-12-13 09:53:05-922,2016-12-13 09:53:05-993
Success : SEQ_READ : test2\1a7683b6645f9b6a,0:12288,2016-12-13 09:53:06-117,2016-12-13 09:53:06-190
Success : LS : test1\c5a5e5562b038073\a39ea9c72a98de10\,0:-1,2016-12-13 09:53:06-318,2016-12-13 09:53:06-391
Success : SEQ_READ : test2\a94a8fe5ccb19ba6\2a5bd02710e975a7\178db47a574c645f,0:257,2016-12-13 09:53:06-491,2016-12-13 09:53:06-557
Success : LS : test2\a94a8fe5ccb19ba6\,0:-1,2016-12-13 09:53:06-671,2016-12-13 09:53:06-762
Success : LS : test1\c5a5e5562b038073\a39ea9c72a98de10\,0:-1,2016-12-13 09:53:06-843,2016-12-13 09:53:06-910
Success : LS : test2\a94a8fe5ccb19ba6\2a5bd02710e975a7\,0:-1,2016-12-13 09:53:06-996,2016-12-13 09:53:07-069
Success : CREATE_FILE : test2\a94a8fe5ccb19ba6\2a5bd02710e975a7\3C30652A372552D9,0:3772392,2016-12-13 09:53:07-160,2016-12-13 09:53:10-770
Success : LS : test1\c5a5e5562b038073\a39ea9c72a98de10\,0:-1,2016-12-13 09:53:10-896,2016-12-13 09:53:10-963
Success : LS : test1\c5a5e5562b038073\a39ea9c72a98de10\,0:-1,2016-12-13 09:53:11-037,2016-12-13 09:53:11-106
Success : LS : test2\a94a8fe5ccb19ba6\,0:-1,2016-12-13 09:53:11-191,2016-12-13 09:53:11-302
Fail : LS : test1,0:-1,2016-12-13 09:53:11-426,2016-12-13 09:53:11-426
Reason : java.lang.StringIndexOutOfBoundsException: String index out of range: -2
Success : SEQ_READ : test1\c5a5e5562b038073\a39ea9c72a98de10\f398de59988a85e5,0:6144,2016-12-13 09:53:11-545,2016-12-13 09:53:11-642
Success : LS : test2\a94a8fe5ccb19ba6\2a5bd02710e975a7\,0:-1,2016-12-13 09:53:11-732,2016-12-13 09:53:12-002
Success : CREATE_FILE : test2\a94a8fe5ccb19ba6\2a5bd02710e975a7\16C3A5532F4F4D16,0:1758280,2016-12-13 09:53:12-094,2016-12-13 09:53:13-597
Success : LS : test2\a94a8fe5ccb19ba6\2a5bd02710e975a7\,0:-1,2016-12-13 09:53:13-732,2016-12-13 09:53:13-833
Success : CREATE_FILE : test2\a94a8fe5ccb19ba6\5C8D1CCA0AA062D0,0:1120620,2016-12-13 09:53:13-945,2016-12-13 09:53:14-746
Fail : LS : test1,0:-1,2016-12-13 09:53:14-873,2016-12-13 09:53:14-873
Reason : java.lang.StringIndexOutOfBoundsException: String index out of range: -2
Success : SEQ_READ : test1\c5a5e5562b038073\05d1f0ed74e78555,0:29696,2016-12-13 09:53:14-960,2016-12-13 09:53:15-023
Success : LS : test1\f71b43c3136efa4f\83404ffd78f534ff\,0:-1,2016-12-13 09:53:15-131,2016-12-13 09:53:15-236
Success : LS : test1\f71b43c3136efa4f\9f93e73d6896cb7b\,0:-1,2016-12-13 09:53:15-358,2016-12-13 09:53:15-429
Success : LS : test2\a94a8fe5ccb19ba6\,0:-1,2016-12-13 09:53:15-507,2016-12-13 09:53:15-599
Success : CREATE_FILE : test2\a94a8fe5ccb19ba6\7FB0A66A08D3A7B9,0:3702622,2016-12-13 09:53:15-720,2016-12-13 09:53:19-495
Success : LS : test2\a94a8fe5ccb19ba6\,0:-1,2016-12-13 09:53:19-613,2016-12-13 09:53:19-708
Success : CREATE_FILE : test2\a94a8fe5ccb19ba6\65F8146D0C317FF1,0:1926168,2016-12-13 09:53:19-824,2016-12-13 09:53:21-488
Success : LS : test1\c5a5e5562b038073\,0:-1,2016-12-13 09:53:21-612,2016-12-13 09:53:21-694
Success : LS : test1\f71b43c3136efa4f\9f93e73d6896cb7b\,0:-1,2016-12-13 09:53:21-812,2016-12-13 09:53:21-888
Success : LS : test1\c5a5e5562b038073\a39ea9c72a98de10\,0:-1,2016-12-13 09:53:21-978,2016-12-13 09:53:22-042
Success : SEQ_READ : test1\f71b43c3136efa4f\c7d9912886e5ccc7\6670af231c096f09,0:129,2016-12-13 09:53:22-116,2016-12-13 09:53:22-196
Success : LS : test1\c5a5e5562b038073\0189424a5a60fed3\,0:-1,2016-12-13 09:53:22-275,2016-12-13 09:53:22-368
Success : LS : test2\a94a8fe5ccb19ba6\,0:-1,2016-12-13 09:53:22-469,2016-12-13 09:53:22-591
Success : CREATE_FILE : test2\a94a8fe5ccb19ba6\466223891924B810,0:1453247,2016-12-13 09:53:22-714,2016-12-13 09:53:24-026
Success : LS : test2\a94a8fe5ccb19ba6\,0:-1,2016-12-13 09:53:24-150,2016-12-13 09:53:24-241
Success : CREATE_FILE : test2\a94a8fe5ccb19ba6\17E356EF3F9B2C39,0:1765791,2016-12-13 09:53:24-353,2016-12-13 09:53:25-771
Success : LS : test2\a94a8fe5ccb19ba6\,0:-1,2016-12-13 09:53:25-896,2016-12-13 09:53:25-994
Success : LS : test1\f71b43c3136efa4f\,0:-1,2016-12-13 09:53:26-106,2016-12-13 09:53:26-206
Success : LS : test1\f71b43c3136efa4f\c7d9912886e5ccc7\,0:-1,2016-12-13 09:53:26-295,2016-12-13 09:53:26-397
Success : LS : test2\a94a8fe5ccb19ba6\,0:-1,2016-12-13 09:53:26-487,2016-12-13 09:53:26-620
Success : LS : test2\a94a8fe5ccb19ba6\,0:-1,2016-12-13 09:53:26-743,2016-12-13 09:53:26-843
Fail : LS : test1,0:-1,2016-12-13 09:53:26-942,2016-12-13 09:53:26-942
Reason : java.lang.StringIndexOutOfBoundsException: String index out of range: -2
Success : LS : test2\a94a8fe5ccb19ba6\,0:-1,2016-12-13 09:53:27-020,2016-12-13 09:53:27-142
Success : CREATE_FILE : test2\a94a8fe5ccb19ba6\2a5bd02710e975a7\168E60021562D070,0:3723902,2016-12-13 09:53:27-262,2016-12-13 09:53:30-897
Success : SEQ_READ : test1\c5a5e5562b038073\b0c5d70d7f040bfa,0:13312,2016-12-13 09:53:30-989,2016-12-13 09:53:31-070
Success : SEQ_READ : test1\f71b43c3136efa4f\9f93e73d6896cb7b\6670af231c096f09,0:129,2016-12-13 09:53:31-145,2016-12-13 09:53:31-204
Success : LS : test1\f71b43c3136efa4f\83404ffd78f534ff\,0:-1,2016-12-13 09:53:31-324,2016-12-13 09:53:31-397
Success : LS : test2\a94a8fe5ccb19ba6\2a5bd02710e975a7\,0:-1,2016-12-13 09:53:31-507,2016-12-13 09:53:31-589
Success : CREATE_FILE : test2\a94a8fe5ccb19ba6\49E049D04EE9D0D6,0:1643167,2016-12-13 09:53:31-667,2016-12-13 09:53:33-068
Success : LS : test2\a94a8fe5ccb19ba6\,0:-1,2016-12-13 09:53:33-184,2016-12-13 09:53:33-277
Success : CREATE_FILE : test2\a94a8fe5ccb19ba6\2045C62C05F8923B,0:3081287,2016-12-13 09:53:33-390,2016-12-13 09:53:36-210
Success : LS : test2\a94a8fe5ccb19ba6\,0:-1,2016-12-13 09:53:36-335,2016-12-13 09:53:36-456
Success : CREATE_FILE : test2\a94a8fe5ccb19ba6\2a5bd02710e975a7\0EA933875598869A,0:743566,2016-12-13 09:53:36-553,2016-12-13 09:53:37-402
Success : LS : test2\a94a8fe5ccb19ba6\2a5bd02710e975a7\,0:-1,2016-12-13 09:53:37-518,2016-12-13 09:53:37-632
Success : CREATE_FILE : test2\a94a8fe5ccb19ba6\67843458257EA692,0:1358593,2016-12-13 09:53:37-750,2016-12-13 09:53:38-859
Success : LS : test2\a94a8fe5ccb19ba6\,0:-1,2016-12-13 09:53:38-983,2016-12-13 09:53:39-077
Success : LS : test1\f71b43c3136efa4f\c7d9912886e5ccc7\,0:-1,2016-12-13 09:53:39-152,2016-12-13 09:53:39-215
Success : LS : test2\a94a8fe5ccb19ba6\,0:-1,2016-12-13 09:53:39-293,2016-12-13 09:53:39-377
Success : LS : test2\a94a8fe5ccb19ba6\,0:-1,2016-12-13 09:53:39-456,2016-12-13 09:53:39-541
Success : LS : test2\a94a8fe5ccb19ba6\,0:-1,2016-12-13 09:53:39-622,2016-12-13 09:53:39-738
Success : CREATE_FILE : test2\a94a8fe5ccb19ba6\0EA92CE62FE9053F,0:1431744,2016-12-13 09:53:39-845,2016-12-13 09:53:41-061
Success : LS : test2\a94a8fe5ccb19ba6\,0:-1,2016-12-13 09:53:41-186,2016-12-13 09:53:41-285
Success : CREATE_FILE : test2\a94a8fe5ccb19ba6\7A8A2F407831F8F7,0:2448071,2016-12-13 09:53:41-359,2016-12-13 09:53:43-496
Success : LS : test2\a94a8fe5ccb19ba6\,0:-1,2016-12-13 09:53:43-619,2016-12-13 09:53:43-715
Success : CREATE_FILE : test2\a94a8fe5ccb19ba6\2a5bd02710e975a7\53DFB5424F22E4F8,0:3530059,2016-12-13 09:53:43-796,2016-12-13 09:53:47-279
Success : LS : test2\a94a8fe5ccb19ba6\,0:-1,2016-12-13 09:53:47-403,2016-12-13 09:53:47-504
Success : LS : test2\a94a8fe5ccb19ba6\,0:-1,2016-12-13 09:53:47-605,2016-12-13 09:53:47-694
Success : LS : test1\f71b43c3136efa4f\,0:-1,2016-12-13 09:53:47-814,2016-12-13 09:53:47-883
Success : LS : test1\c5a5e5562b038073\,0:-1,2016-12-13 09:53:47-959,2016-12-13 09:53:48-041
Success : LS : test1\c5a5e5562b038073\0189424a5a60fed3\,0:-1,2016-12-13 09:53:48-141,2016-12-13 09:53:48-207
Success : LS : test2\a94a8fe5ccb19ba6\2a5bd02710e975a7\,0:-1,2016-12-13 09:53:48-301,2016-12-13 09:53:48-375
Success : CREATE_FILE : test2\a94a8fe5ccb19ba6\2a5bd02710e975a7\63DF00C6674A7A90,0:2151862,2016-12-13 09:53:48-450,2016-12-13 09:53:50-766
Success : LS : test2\a94a8fe5ccb19ba6\2a5bd02710e975a7\,0:-1,2016-12-13 09:53:50-887,2016-12-13 09:53:50-996
Success : CREATE_FILE : test2\a94a8fe5ccb19ba6\2a5bd02710e975a7\615DFD68361860AB,0:130105,2016-12-13 09:53:51-086,2016-12-13 09:53:51-781
Success : LS : test2\a94a8fe5ccb19ba6\2a5bd02710e975a7\,0:-1,2016-12-13 09:53:51-906,2016-12-13 09:53:51-992
Success : SEQ_READ : test1\c5a5e5562b038073\3c16ab634e85296e,0:9216,2016-12-13 09:53:52-070,2016-12-13 09:53:52-131
Success : LS : test1\c5a5e5562b038073\,0:-1,2016-12-13 09:53:52-208,2016-12-13 09:53:52-269
Success : LS : test1\f71b43c3136efa4f\,0:-1,2016-12-13 09:53:52-351,2016-12-13 09:53:52-431
Success : LS : test2\a94a8fe5ccb19ba6\2a5bd02710e975a7\,0:-1,2016-12-13 09:53:52-512,2016-12-13 09:53:52-584
Success : CREATE_FILE : test2\a94a8fe5ccb19ba6\521C4924487574D4,0:2926723,2016-12-13 09:53:52-659,2016-12-13 09:53:55-428
Success : LS : test2\a94a8fe5ccb19ba6\,0:-1,2016-12-13 09:53:55-551,2016-12-13 09:53:55-648
Success : CREATE_FILE : test2\a94a8fe5ccb19ba6\57E0AF972CD88541,0:976451,2016-12-13 09:53:55-762,2016-12-13 09:53:56-511
Success : LS : test2\a94a8fe5ccb19ba6\,0:-1,2016-12-13 09:53:56-636,2016-12-13 09:53:56-734
Success : CREATE_FILE : test2\a94a8fe5ccb19ba6\2a5bd02710e975a7\10D34051509E557D,0:2376879,2016-12-13 09:53:56-817,2016-12-13 09:53:58-823
Success : SEQ_READ : test1\c5a5e5562b038073\a39ea9c72a98de10\41288c58009f7f6a,0:477,2016-12-13 09:53:58-944,2016-12-13 09:53:59-066
Fail : LS : test1,0:-1,2016-12-13 09:53:59-142,2016-12-13 09:53:59-142
Reason : java.lang.StringIndexOutOfBoundsException: String index out of range: -2
Success : LS : test2\a94a8fe5ccb19ba6\,0:-1,2016-12-13 09:53:59-216,2016-12-13 09:53:59-342
Success : LS : test1\f71b43c3136efa4f\c7d9912886e5ccc7\,0:-1,2016-12-13 09:53:59-470,2016-12-13 09:53:59-567
Success : LS : test2\a94a8fe5ccb19ba6\2a5bd02710e975a7\,0:-1,2016-12-13 09:53:59-656,2016-12-13 09:53:59-757
Success : CREATE_FILE : test2\a94a8fe5ccb19ba6\2a5bd02710e975a7\6595AA3359963D79,0:879933,2016-12-13 09:53:59-851,2016-12-13 09:54:00-497
Success : LS : test2\a94a8fe5ccb19ba6\2a5bd02710e975a7\,0:-1,2016-12-13 09:54:00-624,2016-12-13 09:54:00-741
Success : CREATE_FILE : test2\a94a8fe5ccb19ba6\2a5bd02710e975a7\6D414464655AE4B9,0:1006501,2016-12-13 09:54:00-834,2016-12-13 09:54:01-583
Success : LS : test2\a94a8fe5ccb19ba6\2a5bd02710e975a7\,0:-1,2016-12-13 09:54:01-708,2016-12-13 09:54:01-824
Success : CREATE_FILE : test2\a94a8fe5ccb19ba6\2a5bd02710e975a7\126F87D15973B7FF,0:3934911,2016-12-13 09:54:01-949,2016-12-13 09:54:05-766
Success : LS : test2\a94a8fe5ccb19ba6\,0:-1,2016-12-13 09:54:05-890,2016-12-13 09:54:05-988
Success : LS : test1\f71b43c3136efa4f\c7d9912886e5ccc7\,0:-1,2016-12-13 09:54:06-109,2016-12-13 09:54:06-174
Success : LS : test1\f71b43c3136efa4f\52481749c0cdecd6\,0:-1,2016-12-13 09:54:06-292,2016-12-13 09:54:06-361
Success : LS : test1\f71b43c3136efa4f\,0:-1,2016-12-13 09:54:06-484,2016-12-13 09:54:06-554
Success : LS : test2\a94a8fe5ccb19ba6\2a5bd02710e975a7\,0:-1,2016-12-13 09:54:06-681,2016-12-13 09:54:06-848
Success : CREATE_FILE : test2\a94a8fe5ccb19ba6\2a5bd02710e975a7\7A3B1FAB20597A7B,0:4089148,2016-12-13 09:54:06-928,2016-12-13 09:54:10-824
Success : LS : test2\a94a8fe5ccb19ba6\2a5bd02710e975a7\,0:-1,2016-12-13 09:54:10-945,2016-12-13 09:54:11-051
Success : CREATE_FILE : test2\a94a8fe5ccb19ba6\2036A08C70630D29,0:1255471,2016-12-13 09:54:11-139,2016-12-13 09:54:12-390
Success : LS : test2\a94a8fe5ccb19ba6\,0:-1,2016-12-13 09:54:12-512,2016-12-13 09:54:12-636
Success : CREATE_FILE : test2\a94a8fe5ccb19ba6\2a5bd02710e975a7\2D53D8980FB854E6,0:2817810,2016-12-13 09:54:12-729,2016-12-13 09:54:15-313
Success : LS : test2\a94a8fe5ccb19ba6\2a5bd02710e975a7\,0:-1,2016-12-13 09:54:15-430,2016-12-13 09:54:15-554
Success : LS : test1\f71b43c3136efa4f\,0:-1,2016-12-13 09:54:15-650,2016-12-13 09:54:15-719
Success : SEQ_READ : test2\49f03965cf98b1f5,0:0,2016-12-13 09:54:15-795,2016-12-13 09:54:15-857
Success : LS : test1\f71b43c3136efa4f\52481749c0cdecd6\,0:-1,2016-12-13 09:54:15-945,2016-12-13 09:54:16-018
Success : LS : test1\c5a5e5562b038073\0189424a5a60fed3\,0:-1,2016-12-13 09:54:16-094,2016-12-13 09:54:16-156
Success : SEQ_READ : test1\c5a5e5562b038073\a39ea9c72a98de10\aa61f113a9b13deb,0:438,2016-12-13 09:54:16-228,2016-12-13 09:54:16-291
Success : LS : test2\a94a8fe5ccb19ba6\2a5bd02710e975a7\,0:-1,2016-12-13 09:54:16-403,2016-12-13 09:54:16-492
Success : CREATE_FILE : test2\a94a8fe5ccb19ba6\2a5bd02710e975a7\4A5851587D2BB021,0:3662820,2016-12-13 09:54:16-570,2016-12-13 09:54:20-472
Success : LS : test1\c5a5e5562b038073\a39ea9c72a98de10\,0:-1,2016-12-13 09:54:20-595,2016-12-13 09:54:20-686
Success : LS : test1\f71b43c3136efa4f\9f93e73d6896cb7b\,0:-1,2016-12-13 09:54:20-772,2016-12-13 09:54:20-869
Success : LS : test1\f71b43c3136efa4f\9f93e73d6896cb7b\,0:-1,2016-12-13 09:54:20-993,2016-12-13 09:54:21-063
Fail : LS : test1,0:-1,2016-12-13 09:54:21-168,2016-12-13 09:54:21-168
Reason : java.lang.StringIndexOutOfBoundsException: String index out of range: -2
Success : LS : test2\a94a8fe5ccb19ba6\2a5bd02710e975a7\,0:-1,2016-12-13 09:54:21-250,2016-12-13 09:54:21-349
Success : CREATE_FILE : test2\a94a8fe5ccb19ba6\2a5bd02710e975a7\748FFB695552A8C9,0:2082695,2016-12-13 09:54:21-431,2016-12-13 09:54:23-226
Success : LS : test2\a94a8fe5ccb19ba6\2a5bd02710e975a7\,0:-1,2016-12-13 09:54:23-346,2016-12-13 09:54:23-436
Success : CREATE_FILE : test2\a94a8fe5ccb19ba6\0282770D01D52A2D,0:3943962,2016-12-13 09:54:23-550,2016-12-13 09:54:27-889
Success : LS : test2\a94a8fe5ccb19ba6\,0:-1,2016-12-13 09:54:28-009,2016-12-13 09:54:28-099
Success : CREATE_FILE : test2\a94a8fe5ccb19ba6\2a5bd02710e975a7\5B0FA57D14675C96,0:589984,2016-12-13 09:54:28-173,2016-12-13 09:54:28-843
Success : LS : test1\f71b43c3136efa4f\52481749c0cdecd6\,0:-1,2016-12-13 09:54:28-965,2016-12-13 09:54:29-036
Success : LS : test1\f71b43c3136efa4f\83404ffd78f534ff\,0:-1,2016-12-13 09:54:29-143,2016-12-13 09:54:29-230
Success : LS : test1\c5a5e5562b038073\0189424a5a60fed3\,0:-1,2016-12-13 09:54:29-354,2016-12-13 09:54:29-427
Success : LS : test2\a94a8fe5ccb19ba6\2a5bd02710e975a7\,0:-1,2016-12-13 09:54:29-503,2016-12-13 09:54:29-575
Success : CREATE_FILE : test2\a94a8fe5ccb19ba6\756A187917B81916,0:3493763,2016-12-13 09:54:29-683,2016-12-13 09:54:33-113
Success : LS : test2\a94a8fe5ccb19ba6\,0:-1,2016-12-13 09:54:33-240,2016-12-13 09:54:33-336
Success : CREATE_FILE : test2\a94a8fe5ccb19ba6\2a5bd02710e975a7\06AE0E9F1C76CCD1,0:1367997,2016-12-13 09:54:33-414,2016-12-13 09:54:34-485
Success : LS : test2\a94a8fe5ccb19ba6\2a5bd02710e975a7\,0:-1,2016-12-13 09:54:34-660,2016-12-13 09:54:34-739
Success : CREATE_FILE : test2\a94a8fe5ccb19ba6\2A7BA66120658DCC,0:3595115,2016-12-13 09:54:34-813,2016-12-13 09:54:38-186
Success : LS : test2\a94a8fe5ccb19ba6\,0:-1,2016-12-13 09:54:38-307,2016-12-13 09:54:38-403
Success : CREATE_FILE : test2\a94a8fe5ccb19ba6\2a5bd02710e975a7\1A99CD8E777EF42E,0:2596105,2016-12-13 09:54:38-514,2016-12-13 09:54:40-921
Success : LS : test1\f71b43c3136efa4f\52481749c0cdecd6\,0:-1,2016-12-13 09:54:41-045,2016-12-13 09:54:41-114
Success : LS : test1\f71b43c3136efa4f\52481749c0cdecd6\,0:-1,2016-12-13 09:54:41-225,2016-12-13 09:54:41-295
Success : LS : test1\c5a5e5562b038073\a39ea9c72a98de10\,0:-1,2016-12-13 09:54:41-398,2016-12-13 09:54:41-465
Fail : LS : test1,0:-1,2016-12-13 09:54:41-559,2016-12-13 09:54:41-559
Reason : java.lang.StringIndexOutOfBoundsException: String index out of range: -2
Success : SEQ_READ : test1\c5a5e5562b038073\767c14c8beb1e835,0:638976,2016-12-13 09:54:41-641,2016-12-13 09:54:41-724
Success : LS : test1\c5a5e5562b038073\a39ea9c72a98de10\,0:-1,2016-12-13 09:54:41-803,2016-12-13 09:54:41-896
Success : LS : test2\a94a8fe5ccb19ba6\2a5bd02710e975a7\,0:-1,2016-12-13 09:54:41-985,2016-12-13 09:54:42-069
Success : CREATE_FILE : test2\a94a8fe5ccb19ba6\4B14A99910C85AF3,0:1841684,2016-12-13 09:54:42-165,2016-12-13 09:54:43-807
Success : LS : test1\f71b43c3136efa4f\c7d9912886e5ccc7\,0:-1,2016-12-13 09:54:43-928,2016-12-13 09:54:43-998
Success : LS : test2\a94a8fe5ccb19ba6\,0:-1,2016-12-13 09:54:44-108,2016-12-13 09:54:44-199
Success : LS : test1\c5a5e5562b038073\a39ea9c72a98de10\,0:-1,2016-12-13 09:54:44-284,2016-12-13 09:54:44-346
Success : LS : test2\a94a8fe5ccb19ba6\,0:-1,2016-12-13 09:54:44-469,2016-12-13 09:54:44-570
Success : SEQ_READ : test1\c5a5e5562b038073\0189424a5a60fed3\46a8219c2ae6c782,0:990208,2016-12-13 09:54:44-682,2016-12-13 09:54:44-755
Success : LS : test2\a94a8fe5ccb19ba6\,0:-1,2016-12-13 09:54:44-841,2016-12-13 09:54:45-132
Success : CREATE_FILE : test2\a94a8fe5ccb19ba6\1F93628526CFF94F,0:1296308,2016-12-13 09:54:45-226,2016-12-13 09:54:46-340
Success : LS : test2\a94a8fe5ccb19ba6\,0:-1,2016-12-13 09:54:46-416,2016-12-13 09:54:46-501
Success : CREATE_FILE : test2\a94a8fe5ccb19ba6\2a5bd02710e975a7\28A2BD15789A53B7,0:1285030,2016-12-13 09:54:46-576,2016-12-13 09:54:47-565
Success : LS : test2\a94a8fe5ccb19ba6\,0:-1,2016-12-13 09:54:47-685,2016-12-13 09:54:47-779
Success : LS : test2\a94a8fe5ccb19ba6\,0:-1,2016-12-13 09:54:47-901,2016-12-13 09:54:47-995
Success : LS : test1\f71b43c3136efa4f\,0:-1,2016-12-13 09:54:48-077,2016-12-13 09:54:48-139
Success : LS : test1\f71b43c3136efa4f\52481749c0cdecd6\,0:-1,2016-12-13 09:54:48-258,2016-12-13 09:54:48-341
Success : SEQ_READ : test1\c5a5e5562b038073\738537f9a40e568b,0:17408,2016-12-13 09:54:48-424,2016-12-13 09:54:48-486
Success : LS : test2\a94a8fe5ccb19ba6\2a5bd02710e975a7\,0:-1,2016-12-13 09:54:48-610,2016-12-13 09:54:48-727
Success : CREATE_FILE : test2\a94a8fe5ccb19ba6\705F176F0668B6A8,0:3464039,2016-12-13 09:54:48-856,2016-12-13 09:54:52-330
Fail : LS : test1,0:-1,2016-12-13 09:54:52-440,2016-12-13 09:54:52-441
Reason : java.lang.StringIndexOutOfBoundsException: String index out of range: -2
Fail : LS : test1,0:-1,2016-12-13 09:54:52-522,2016-12-13 09:54:52-522
Reason : java.lang.StringIndexOutOfBoundsException: String index out of range: -2
Success : LS : test1\c5a5e5562b038073\a39ea9c72a98de10\,0:-1,2016-12-13 09:54:52-641,2016-12-13 09:54:52-750
Fail : LS : test1,0:-1,2016-12-13 09:54:52-845,2016-12-13 09:54:52-845
Reason : java.lang.StringIndexOutOfBoundsException: String index out of range: -2
Success : LS : test1\c5a5e5562b038073\a39ea9c72a98de10\,0:-1,2016-12-13 09:54:52-963,2016-12-13 09:54:53-031
Success : LS : test2\a94a8fe5ccb19ba6\,0:-1,2016-12-13 09:54:53-129,2016-12-13 09:54:53-228
Success : CREATE_FILE : test2\a94a8fe5ccb19ba6\4878A38F1406F64C,0:2753535,2016-12-13 09:54:53-342,2016-12-13 09:54:55-638
Success : LS : test2\a94a8fe5ccb19ba6\,0:-1,2016-12-13 09:54:55-763,2016-12-13 09:54:55-892
Success : CREATE_FILE : test2\a94a8fe5ccb19ba6\2a5bd02710e975a7\66382A246AF47FBB,0:2992812,2016-12-13 09:54:56-021,2016-12-13 09:54:58-761
Success : LS : test2\a94a8fe5ccb19ba6\,0:-1,2016-12-13 09:54:58-886,2016-12-13 09:54:58-983
Success : LS : test1\c5a5e5562b038073\a39ea9c72a98de10\,0:-1,2016-12-13 09:54:59-064,2016-12-13 09:54:59-143
Success : LS : test1\f71b43c3136efa4f\,0:-1,2016-12-13 09:54:59-280,2016-12-13 09:54:59-381
Success : LS : test2\a94a8fe5ccb19ba6\,0:-1,2016-12-13 09:54:59-501,2016-12-13 09:54:59-616
Success : LS : test2\a94a8fe5ccb19ba6\2a5bd02710e975a7\,0:-1,2016-12-13 09:54:59-713,2016-12-13 09:54:59-828
Success : CREATE_FILE : test2\a94a8fe5ccb19ba6\38E1909F47C8411E,0:418363,2016-12-13 09:54:59-920,2016-12-13 09:55:00-557
Success : LS : test2\a94a8fe5ccb19ba6\,0:-1,2016-12-13 09:55:00-683,2016-12-13 09:55:00-782
Success : CREATE_FILE : test2\a94a8fe5ccb19ba6\3185649463C71A79,0:1316370,2016-12-13 09:55:00-880,2016-12-13 09:55:01-970
Success : SEQ_READ : test1\c5a5e5562b038073\a39ea9c72a98de10\f398de59988a85e5,0:4096,2016-12-13 09:55:02-089,2016-12-13 09:55:02-158
Fail : LS : test1,0:-1,2016-12-13 09:55:02-233,2016-12-13 09:55:02-233
Reason : java.lang.StringIndexOutOfBoundsException: String index out of range: -2
Success : SEQ_READ : test1\c5a5e5562b038073\767c14c8beb1e835,0:93184,2016-12-13 09:55:02-306,2016-12-13 09:55:02-374
Success : SEQ_READ : test1\c5a5e5562b038073\05d1f0ed74e78555,0:17408,2016-12-13 09:55:02-490,2016-12-13 09:55:02-633
Success : LS : test2\a94a8fe5ccb19ba6\,0:-1,2016-12-13 09:55:02-714,2016-12-13 09:55:02-840
Success : CREATE_FILE : test2\a94a8fe5ccb19ba6\0941BEF6349F29F8,0:1601849,2016-12-13 09:55:02-940,2016-12-13 09:55:04-211
Success : LS : test2\a94a8fe5ccb19ba6\,0:-1,2016-12-13 09:55:04-335,2016-12-13 09:55:04-434
Success : CREATE_FILE : test2\a94a8fe5ccb19ba6\79C4223738791AFF,0:1848207,2016-12-13 09:55:04-560,2016-12-13 09:55:06-226
Success : LS : test2\a94a8fe5ccb19ba6\,0:-1,2016-12-13 09:55:06-349,2016-12-13 09:55:06-453
Success : CREATE_FILE : test2\a94a8fe5ccb19ba6\1374258C17466AF6,0:3400842,2016-12-13 09:55:06-576,2016-12-13 09:55:09-890
Success : LS : test1\f71b43c3136efa4f\83404ffd78f534ff\,0:-1,2016-12-13 09:55:09-996,2016-12-13 09:55:10-064
Success : LS : test1\f71b43c3136efa4f\83404ffd78f534ff\,0:-1,2016-12-13 09:55:10-139,2016-12-13 09:55:10-202
Success : LS : test2\a94a8fe5ccb19ba6\2a5bd02710e975a7\,0:-1,2016-12-13 09:55:10-318,2016-12-13 09:55:10-401
Success : LS : test2\a94a8fe5ccb19ba6\,0:-1,2016-12-13 09:55:10-521,2016-12-13 09:55:10-612
Success : CREATE_FILE : test2\a94a8fe5ccb19ba6\6EAE5CC678A7EA7C,0:1579167,2016-12-13 09:55:10-731,2016-12-13 09:55:12-099
Success : LS : test2\a94a8fe5ccb19ba6\,0:-1,2016-12-13 09:55:12-222,2016-12-13 09:55:12-349
Success : CREATE_FILE : test2\a94a8fe5ccb19ba6\2a5bd02710e975a7\339994E85BA837B9,0:3822896,2016-12-13 09:55:12-469,2016-12-13 09:55:16-631
Success : LS : test2\a94a8fe5ccb19ba6\2a5bd02710e975a7\,0:-1,2016-12-13 09:55:16-756,2016-12-13 09:55:16-840
Success : CREATE_FILE : test2\a94a8fe5ccb19ba6\2a5bd02710e975a7\65EA4D474EEDCCA9,0:3496785,2016-12-13 09:55:16-917,2016-12-13 09:55:20-933
Success : LS : test2\a94a8fe5ccb19ba6\2a5bd02710e975a7\,0:-1,2016-12-13 09:55:21-055,2016-12-13 09:55:21-141
Success : CREATE_FILE : test2\a94a8fe5ccb19ba6\1689E8666753555C,0:51590,2016-12-13 09:55:21-233,2016-12-13 09:55:22-093
Success : LS : test2\a94a8fe5ccb19ba6\,0:-1,2016-12-13 09:55:22-170,2016-12-13 09:55:22-253
Success : LS : test1\f71b43c3136efa4f\c7d9912886e5ccc7\,0:-1,2016-12-13 09:55:22-330,2016-12-13 09:55:22-391
Success : LS : test2\a94a8fe5ccb19ba6\,0:-1,2016-12-13 09:55:22-470,2016-12-13 09:55:22-575
Success : LS : test1\c5a5e5562b038073\,0:-1,2016-12-13 09:55:22-654,2016-12-13 09:55:22-716
Success : SEQ_READ : test2\a94a8fe5ccb19ba6\2a5bd02710e975a7\3eef580036f1724a,0:257,2016-12-13 09:55:22-815,2016-12-13 09:55:22-879
Success : LS : test2\a94a8fe5ccb19ba6\,0:-1,2016-12-13 09:55:22-996,2016-12-13 09:55:23-088
Success : CREATE_FILE : test2\a94a8fe5ccb19ba6\2a5bd02710e975a7\510947F408B83CE3,0:3752238,2016-12-13 09:55:23-164,2016-12-13 09:55:27-240
Success : LS : test2\a94a8fe5ccb19ba6\2a5bd02710e975a7\,0:-1,2016-12-13 09:55:27-365,2016-12-13 09:55:27-477
Success : CREATE_FILE : test2\a94a8fe5ccb19ba6\0CEBC7091CC2C3A1,0:2063888,2016-12-13 09:55:27-566,2016-12-13 09:55:29-426
Success : LS : test1\f71b43c3136efa4f\52481749c0cdecd6\,0:-1,2016-12-13 09:55:29-540,2016-12-13 09:55:29-639
Success : LS : test1\c5a5e5562b038073\0189424a5a60fed3\,0:-1,2016-12-13 09:55:29-753,2016-12-13 09:55:29-853
Success : LS : test2\a94a8fe5ccb19ba6\2a5bd02710e975a7\,0:-1,2016-12-13 09:55:29-976,2016-12-13 09:55:30-063
Success : LS : test2\a94a8fe5ccb19ba6\2a5bd02710e975a7\,0:-1,2016-12-13 09:55:30-142,2016-12-13 09:55:30-217
Success : LS : test2\a94a8fe5ccb19ba6\,0:-1,2016-12-13 09:55:30-316,2016-12-13 09:55:30-408
Success : LS : test2\a94a8fe5ccb19ba6\,0:-1,2016-12-13 09:55:30-513,2016-12-13 09:55:30-657
Success : CREATE_FILE : test2\a94a8fe5ccb19ba6\381317D45C39D9AC,0:971316,2016-12-13 09:55:30-767,2016-12-13 09:55:31-887
Success : LS : test2\a94a8fe5ccb19ba6\,0:-1,2016-12-13 09:55:32-013,2016-12-13 09:55:32-118
Success : CREATE_FILE : test2\a94a8fe5ccb19ba6\2a5bd02710e975a7\6D21F06A0B595189,0:2826100,2016-12-13 09:55:32-233,2016-12-13 09:55:34-919
Success : LS : test2\a94a8fe5ccb19ba6\2a5bd02710e975a7\,0:-1,2016-12-13 09:55:35-041,2016-12-13 09:55:35-123
Success : LS : test1\c5a5e5562b038073\a39ea9c72a98de10\,0:-1,2016-12-13 09:55:35-222,2016-12-13 09:55:35-287
Success : LS : test1\f71b43c3136efa4f\,0:-1,2016-12-13 09:55:35-362,2016-12-13 09:55:35-449
Success : LS : test2\a94a8fe5ccb19ba6\2a5bd02710e975a7\,0:-1,2016-12-13 09:55:35-535,2016-12-13 09:55:35-646
Success : CREATE_FILE : test2\a94a8fe5ccb19ba6\365153C42612F423,0:1884188,2016-12-13 09:55:35-754,2016-12-13 09:55:37-433
Success : LS : test2\a94a8fe5ccb19ba6\,0:-1,2016-12-13 09:55:37-553,2016-12-13 09:55:37-651
Success : CREATE_FILE : test2\a94a8fe5ccb19ba6\2a5bd02710e975a7\3FD64C504ABEDC7F,0:908852,2016-12-13 09:55:37-775,2016-12-13 09:55:38-496
Success : LS : test2\a94a8fe5ccb19ba6\2a5bd02710e975a7\,0:-1,2016-12-13 09:55:38-622,2016-12-13 09:55:38-705
Success : CREATE_FILE : test2\a94a8fe5ccb19ba6\1565C1FC4BC77EF4,0:2252378,2016-12-13 09:55:38-820,2016-12-13 09:55:40-901
Success : LS : test2\a94a8fe5ccb19ba6\,0:-1,2016-12-13 09:55:41-025,2016-12-13 09:55:41-131
Success : CREATE_FILE : test2\a94a8fe5ccb19ba6\2a5bd02710e975a7\3C039439513B459C,0:1401088,2016-12-13 09:55:41-232,2016-12-13 09:55:42-687
Success : LS : test1\f71b43c3136efa4f\52481749c0cdecd6\,0:-1,2016-12-13 09:55:42-808,2016-12-13 09:55:42-901
Success : LS : test2\a94a8fe5ccb19ba6\2a5bd02710e975a7\,0:-1,2016-12-13 09:55:42-986,2016-12-13 09:55:43-067
Success : LS : test2\a94a8fe5ccb19ba6\,0:-1,2016-12-13 09:55:43-144,2016-12-13 09:55:43-226
Success : LS : test1\f71b43c3136efa4f\52481749c0cdecd6\,0:-1,2016-12-13 09:55:43-299,2016-12-13 09:55:43-388
Fail : LS : test1,0:-1,2016-12-13 09:55:43-505,2016-12-13 09:55:43-505
Reason : java.lang.StringIndexOutOfBoundsException: String index out of range: -2
Success : LS : test2\a94a8fe5ccb19ba6\2a5bd02710e975a7\,0:-1,2016-12-13 09:55:43-586,2016-12-13 09:55:43-692
Success : CREATE_FILE : test2\a94a8fe5ccb19ba6\04CF30307F67C9C0,0:259539,2016-12-13 09:55:43-779,2016-12-13 09:55:44-487
Success : LS : test2\a94a8fe5ccb19ba6\,0:-1,2016-12-13 09:55:44-614,2016-12-13 09:55:44-738
Success : CREATE_FILE : test2\a94a8fe5ccb19ba6\06913E735A85436F,0:1445379,2016-12-13 09:55:44-850,2016-12-13 09:55:46-152
Success : LS : test1\f71b43c3136efa4f\52481749c0cdecd6\,0:-1,2016-12-13 09:55:46-235,2016-12-13 09:55:46-335
Success : LS : test1\f71b43c3136efa4f\,0:-1,2016-12-13 09:55:46-426,2016-12-13 09:55:46-498
Success : LS : test2\a94a8fe5ccb19ba6\,0:-1,2016-12-13 09:55:46-608,2016-12-13 09:55:46-705
Success : LS : test1\f71b43c3136efa4f\83404ffd78f534ff\,0:-1,2016-12-13 09:55:46-782,2016-12-13 09:55:46-865
Success : LS : test2\a94a8fe5ccb19ba6\,0:-1,2016-12-13 09:55:46-967,2016-12-13 09:55:47-243
Success : CREATE_FILE : test2\a94a8fe5ccb19ba6\5C29B042010D4D91,0:2981652,2016-12-13 09:55:47-328,2016-12-13 09:55:51-209
Success : LS : test2\a94a8fe5ccb19ba6\,0:-1,2016-12-13 09:55:51-330,2016-12-13 09:55:51-456
Success : CREATE_FILE : test2\a94a8fe5ccb19ba6\2a5bd02710e975a7\6CD0B393647C173A,0:3855942,2016-12-13 09:55:51-581,2016-12-13 09:55:55-260
Success : LS : test2\a94a8fe5ccb19ba6\2a5bd02710e975a7\,0:-1,2016-12-13 09:55:55-372,2016-12-13 09:55:55-450
Success : CREATE_FILE : test2\a94a8fe5ccb19ba6\097ECAC3411092D7,0:1355511,2016-12-13 09:55:55-524,2016-12-13 09:55:56-588
Success : SEQ_READ : test2\a94a8fe5ccb19ba6\2a5bd02710e975a7\254d76d2609fec03,0:2048,2016-12-13 09:55:56-713,2016-12-13 09:55:56-784
Success : LS : test1\f71b43c3136efa4f\52481749c0cdecd6\,0:-1,2016-12-13 09:55:56-901,2016-12-13 09:55:56-970
Fail : LS : test1,0:-1,2016-12-13 09:55:57-085,2016-12-13 09:55:57-085
Reason : java.lang.StringIndexOutOfBoundsException: String index out of range: -2
Success : LS : test1\f71b43c3136efa4f\c7d9912886e5ccc7\,0:-1,2016-12-13 09:55:57-205,2016-12-13 09:55:57-308
Success : LS : test2\a94a8fe5ccb19ba6\,0:-1,2016-12-13 09:55:57-400,2016-12-13 09:55:57-533
Success : CREATE_FILE : test2\a94a8fe5ccb19ba6\48D28C145469572A,0:3172222,2016-12-13 09:55:57-651,2016-12-13 09:56:00-640
Success : LS : test2\a94a8fe5ccb19ba6\,0:-1,2016-12-13 09:56:00-761,2016-12-13 09:56:00-891
Success : CREATE_FILE : test2\a94a8fe5ccb19ba6\600D15280CD4EE68,0:1505003,2016-12-13 09:56:01-007,2016-12-13 09:56:02-147
Success : LS : test2\a94a8fe5ccb19ba6\,0:-1,2016-12-13 09:56:02-262,2016-12-13 09:56:02-391
Success : CREATE_FILE : test2\a94a8fe5ccb19ba6\2a5bd02710e975a7\420D01827E6F603C,0:2776034,2016-12-13 09:56:02-490,2016-12-13 09:56:04-917
Success : LS : test2\a94a8fe5ccb19ba6\,0:-1,2016-12-13 09:56:05-038,2016-12-13 09:56:05-134
Fail : LS : test1,0:-1,2016-12-13 09:56:05-254,2016-12-13 09:56:05-254
Reason : java.lang.StringIndexOutOfBoundsException: String index out of range: -2
Success : LS : test2\a94a8fe5ccb19ba6\2a5bd02710e975a7\,0:-1,2016-12-13 09:56:05-377,2016-12-13 09:56:05-465
Success : LS : test1\c5a5e5562b038073\0189424a5a60fed3\,0:-1,2016-12-13 09:56:05-542,2016-12-13 09:56:05-644
Success : LS : test1\f71b43c3136efa4f\9f93e73d6896cb7b\,0:-1,2016-12-13 09:56:05-740,2016-12-13 09:56:05-807
Success : LS : test2\a94a8fe5ccb19ba6\2a5bd02710e975a7\,0:-1,2016-12-13 09:56:05-882,2016-12-13 09:56:05-955
Success : CREATE_FILE : test2\a94a8fe5ccb19ba6\2a5bd02710e975a7\1A3890F60D67238A,0:3084755,2016-12-13 09:56:06-029,2016-12-13 09:56:08-869
Fail : LS : test1,0:-1,2016-12-13 09:56:08-995,2016-12-13 09:56:08-995
Reason : java.lang.StringIndexOutOfBoundsException: String index out of range: -2
Success : LS : test2\a94a8fe5ccb19ba6\2a5bd02710e975a7\,0:-1,2016-12-13 09:56:09-118,2016-12-13 09:56:09-207
Success : LS : test1\f71b43c3136efa4f\,0:-1,2016-12-13 09:56:09-320,2016-12-13 09:56:09-389
Success : LS : test2\a94a8fe5ccb19ba6\2a5bd02710e975a7\,0:-1,2016-12-13 09:56:09-509,2016-12-13 09:56:09-592
Success : CREATE_FILE : test2\a94a8fe5ccb19ba6\2a5bd02710e975a7\6659E5E247D804C1,0:2728883,2016-12-13 09:56:09-709,2016-12-13 09:56:12-122
Success : LS : test2\a94a8fe5ccb19ba6\2a5bd02710e975a7\,0:-1,2016-12-13 09:56:12-254,2016-12-13 09:56:12-364
Success : CREATE_FILE : test2\a94a8fe5ccb19ba6\2a5bd02710e975a7\627BC7E92A338D60,0:215386,2016-12-13 09:56:12-454,2016-12-13 09:56:13-065
Success : LS : test2\a94a8fe5ccb19ba6\2a5bd02710e975a7\,0:-1,2016-12-13 09:56:13-155,2016-12-13 09:56:13-227
Success : CREATE_FILE : test2\a94a8fe5ccb19ba6\455645CE14BBE0AB,0:759918,2016-12-13 09:56:13-302,2016-12-13 09:56:13-906
Success : LS : test1\c5a5e5562b038073\,0:-1,2016-12-13 09:56:14-033,2016-12-13 09:56:14-104
Success : LS : test2\a94a8fe5ccb19ba6\,0:-1,2016-12-13 09:56:14-212,2016-12-13 09:56:14-303
Success : CREATE_FILE : test2\a94a8fe5ccb19ba6\2a5bd02710e975a7\5D211CCB052C4FA0,0:2673769,2016-12-13 09:56:14-406,2016-12-13 09:56:17-129
Success : LS : test2\a94a8fe5ccb19ba6\2a5bd02710e975a7\,0:-1,2016-12-13 09:56:17-256,2016-12-13 09:56:17-341
Success : CREATE_FILE : test2\a94a8fe5ccb19ba6\42F319D50BC64389,0:3702040,2016-12-13 09:56:17-421,2016-12-13 09:56:20-878
Success : LS : test2\a94a8fe5ccb19ba6\,0:-1,2016-12-13 09:56:20-999,2016-12-13 09:56:21-130
Success : CREATE_FILE : test2\a94a8fe5ccb19ba6\2a5bd02710e975a7\74B535F32EC2F3B4,0:2102958,2016-12-13 09:56:21-244,2016-12-13 09:56:23-167
Success : LS : test2\a94a8fe5ccb19ba6\2a5bd02710e975a7\,0:-1,2016-12-13 09:56:23-283,2016-12-13 09:56:23-362
Success : CREATE_FILE : test2\a94a8fe5ccb19ba6\7DD30DDB30052735,0:2761594,2016-12-13 09:56:23-447,2016-12-13 09:56:25-812
Success : LS : test2\a94a8fe5ccb19ba6\,0:-1,2016-12-13 09:56:25-934,2016-12-13 09:56:26-034
Success : CREATE_FILE : test2\a94a8fe5ccb19ba6\2FE7553769C746C6,0:2420410,2016-12-13 09:56:26-192,2016-12-13 09:56:28-248
Success : LS : test2\a94a8fe5ccb19ba6\2a5bd02710e975a7\,0:-1,2016-12-13 09:56:28-324,2016-12-13 09:56:28-398
Success : SEQ_READ : test1\f71b43c3136efa4f\9f93e73d6896cb7b\6670af231c096f09,0:129,2016-12-13 09:56:28-475,2016-12-13 09:56:28-533
Fail : LS : test1,0:-1,2016-12-13 09:56:28-638,2016-12-13 09:56:28-638
Reason : java.lang.StringIndexOutOfBoundsException: String index out of range: -2
Success : LS : test2\a94a8fe5ccb19ba6\,0:-1,2016-12-13 09:56:28-753,2016-12-13 09:56:28-878
Success : LS : test2\a94a8fe5ccb19ba6\,0:-1,2016-12-13 09:56:29-004,2016-12-13 09:56:29-108
Success : LS : test2\a94a8fe5ccb19ba6\,0:-1,2016-12-13 09:56:29-232,2016-12-13 09:56:29-339
Success : CREATE_FILE : test2\a94a8fe5ccb19ba6\21BDDC5144363564,0:1692250,2016-12-13 09:56:29-419,2016-12-13 09:56:30-803
Success : LS : test2\a94a8fe5ccb19ba6\,0:-1,2016-12-13 09:56:30-978,2016-12-13 09:56:31-069
Success : LS : test2\a94a8fe5ccb19ba6\2a5bd02710e975a7\,0:-1,2016-12-13 09:56:31-150,2016-12-13 09:56:31-222
Success : LS : test1\f71b43c3136efa4f\83404ffd78f534ff\,0:-1,2016-12-13 09:56:31-315,2016-12-13 09:56:31-378
Success : LS : test1\f71b43c3136efa4f\,0:-1,2016-12-13 09:56:31-473,2016-12-13 09:56:31-560
Fail : LS : test1,0:-1,2016-12-13 09:56:31-663,2016-12-13 09:56:31-663
Reason : java.lang.StringIndexOutOfBoundsException: String index out of range: -2
Success : LS : test2\a94a8fe5ccb19ba6\,0:-1,2016-12-13 09:56:31-747,2016-12-13 09:56:31-861
Success : CREATE_FILE : test2\a94a8fe5ccb19ba6\3BD78A15685F523E,0:1178768,2016-12-13 09:56:31-977,2016-12-13 09:56:32-822
Success : LS : test2\a94a8fe5ccb19ba6\,0:-1,2016-12-13 09:56:32-939,2016-12-13 09:56:33-047
Success : CREATE_FILE : test2\a94a8fe5ccb19ba6\38AA0B45599D05B0,0:2540557,2016-12-13 09:56:33-166,2016-12-13 09:56:35-479
Success : LS : test1\f71b43c3136efa4f\c7d9912886e5ccc7\,0:-1,2016-12-13 09:56:35-643,2016-12-13 09:56:35-745
Success : LS : test1\c5a5e5562b038073\a39ea9c72a98de10\,0:-1,2016-12-13 09:56:35-837,2016-12-13 09:56:35-904
Success : LS : test2\a94a8fe5ccb19ba6\,0:-1,2016-12-13 09:56:36-013,2016-12-13 09:56:36-108
Success : CREATE_FILE : test2\a94a8fe5ccb19ba6\0DE98BCC66214C96,0:2583409,2016-12-13 09:56:36-211,2016-12-13 09:56:38-304
Success : LS : test2\a94a8fe5ccb19ba6\,0:-1,2016-12-13 09:56:38-418,2016-12-13 09:56:38-546
Success : CREATE_FILE : test2\a94a8fe5ccb19ba6\2a5bd02710e975a7\3D88A3511FBE89A0,0:3668919,2016-12-13 09:56:38-641,2016-12-13 09:56:41-903
Success : LS : test2\a94a8fe5ccb19ba6\2a5bd02710e975a7\,0:-1,2016-12-13 09:56:42-029,2016-12-13 09:56:42-113
Success : CREATE_FILE : test2\a94a8fe5ccb19ba6\68F92BB74C50E7A5,0:2094801,2016-12-13 09:56:42-192,2016-12-13 09:56:43-902
Success : LS : test2\a94a8fe5ccb19ba6\,0:-1,2016-12-13 09:56:44-028,2016-12-13 09:56:44-151
Success : CREATE_FILE : test2\a94a8fe5ccb19ba6\2a5bd02710e975a7\07C3E15343C54526,0:3770965,2016-12-13 09:56:44-241,2016-12-13 09:56:47-764
Success : LS : test2\a94a8fe5ccb19ba6\2a5bd02710e975a7\,0:-1,2016-12-13 09:56:47-888,2016-12-13 09:56:47-995
Success : CREATE_FILE : test2\a94a8fe5ccb19ba6\396A5D4125C1D598,0:323720,2016-12-13 09:56:48-119,2016-12-13 09:56:48-893
Success : LS : test1\c5a5e5562b038073\,0:-1,2016-12-13 09:56:49-016,2016-12-13 09:56:49-089
Success : SEQ_READ : test1\c5a5e5562b038073\a39ea9c72a98de10\41288c58009f7f6a,0:477,2016-12-13 09:56:49-188,2016-12-13 09:56:49-248
Success : LS : test1\c5a5e5562b038073\,0:-1,2016-12-13 09:56:49-323,2016-12-13 09:56:49-422
Fail : LS : test1,0:-1,2016-12-13 09:56:49-545,2016-12-13 09:56:49-545
Reason : java.lang.StringIndexOutOfBoundsException: String index out of range: -2
Success : LS : test1\f71b43c3136efa4f\,0:-1,2016-12-13 09:56:49-665,2016-12-13 09:56:49-742
Success : LS : test2\a94a8fe5ccb19ba6\2a5bd02710e975a7\,0:-1,2016-12-13 09:56:49-837,2016-12-13 09:56:49-915
Success : LS : test2\a94a8fe5ccb19ba6\,0:-1,2016-12-13 09:56:50-037,2016-12-13 09:56:50-148
Success : CREATE_FILE : test2\a94a8fe5ccb19ba6\2a5bd02710e975a7\63271A755707EBA0,0:3604211,2016-12-13 09:56:50-240,2016-12-13 09:56:54-343
Success : LS : test2\a94a8fe5ccb19ba6\,0:-1,2016-12-13 09:56:54-467,2016-12-13 09:56:54-582
Success : LS : test2\a94a8fe5ccb19ba6\2a5bd02710e975a7\,0:-1,2016-12-13 09:56:54-699,2016-12-13 09:56:54-782
Success : LS : test1\f71b43c3136efa4f\9f93e73d6896cb7b\,0:-1,2016-12-13 09:56:54-857,2016-12-13 09:56:54-952
Success : LS : test2\a94a8fe5ccb19ba6\2a5bd02710e975a7\,0:-1,2016-12-13 09:56:55-031,2016-12-13 09:56:55-116
Success : LS : test2\a94a8fe5ccb19ba6\2a5bd02710e975a7\,0:-1,2016-12-13 09:56:55-194,2016-12-13 09:56:55-266
Success : CREATE_FILE : test2\a94a8fe5ccb19ba6\030190063AF9E9A0,0:3016385,2016-12-13 09:56:55-379,2016-12-13 09:56:58-287
Success : LS : test2\a94a8fe5ccb19ba6\,0:-1,2016-12-13 09:56:58-390,2016-12-13 09:56:58-489
Success : CREATE_FILE : test2\a94a8fe5ccb19ba6\2a5bd02710e975a7\45CB28347DE812D0,0:2051267,2016-12-13 09:56:58-596,2016-12-13 09:57:00-811
Success : LS : test2\a94a8fe5ccb19ba6\2a5bd02710e975a7\,0:-1,2016-12-13 09:57:00-935,2016-12-13 09:57:01-016
Success : CREATE_FILE : test2\a94a8fe5ccb19ba6\2a5bd02710e975a7\11079CD44DFB7DDB,0:2967708,2016-12-13 09:57:01-098,2016-12-13 09:57:03-977
Success : LS : test2\a94a8fe5ccb19ba6\,0:-1,2016-12-13 09:57:04-095,2016-12-13 09:57:04-186
Success : LS : test2\a94a8fe5ccb19ba6\,0:-1,2016-12-13 09:57:04-262,2016-12-13 09:57:04-348
Success : LS : test2\a94a8fe5ccb19ba6\2a5bd02710e975a7\,0:-1,2016-12-13 09:57:04-422,2016-12-13 09:57:04-494
Success : CREATE_FILE : test2\a94a8fe5ccb19ba6\5FB80FB978C17433,0:546843,2016-12-13 09:57:04-568,2016-12-13 09:57:05-237
Success : LS : test2\a94a8fe5ccb19ba6\,0:-1,2016-12-13 09:57:05-361,2016-12-13 09:57:05-458
Success : CREATE_FILE : test2\a94a8fe5ccb19ba6\58BFF0A11D6AF005,0:2185046,2016-12-13 09:57:05-537,2016-12-13 09:57:07-518
Success : LS : test2\a94a8fe5ccb19ba6\2a5bd02710e975a7\,0:-1,2016-12-13 09:57:07-644,2016-12-13 09:57:07-753
Success : LS : test2\a94a8fe5ccb19ba6\,0:-1,2016-12-13 09:57:07-862,2016-12-13 09:57:07-988
Success : CREATE_FILE : test2\a94a8fe5ccb19ba6\73EC438758EB0FB9,0:17425,2016-12-13 09:57:08-105,2016-12-13 09:57:08-666
Success : LS : test2\a94a8fe5ccb19ba6\,0:-1,2016-12-13 09:57:08-778,2016-12-13 09:57:08-909
Success : LS : test2\a94a8fe5ccb19ba6\,0:-1,2016-12-13 09:57:09-015,2016-12-13 09:57:09-111
Success : LS : test2\a94a8fe5ccb19ba6\,0:-1,2016-12-13 09:57:09-220,2016-12-13 09:57:09-316
Success : LS : test1\f71b43c3136efa4f\,0:-1,2016-12-13 09:57:09-436,2016-12-13 09:57:09-536
Success : LS : test2\a94a8fe5ccb19ba6\,0:-1,2016-12-13 09:57:09-652,2016-12-13 09:57:09-766
Success : LS : test1\f71b43c3136efa4f\c7d9912886e5ccc7\,0:-1,2016-12-13 09:57:09-852,2016-12-13 09:57:09-919
Success : LS : test2\a94a8fe5ccb19ba6\,0:-1,2016-12-13 09:57:09-999,2016-12-13 09:57:10-091
Success : CREATE_FILE : test2\a94a8fe5ccb19ba6\2a5bd02710e975a7\361DA1B37AF8B448,0:2764850,2016-12-13 09:57:10-173,2016-12-13 09:57:12-875
Success : LS : test2\a94a8fe5ccb19ba6\,0:-1,2016-12-13 09:57:12-993,2016-12-13 09:57:13-094
Success : SEQ_READ : test2\49f03965cf98b1f5,0:0,2016-12-13 09:57:13-176,2016-12-13 09:57:13-236
Success : LS : test1\f71b43c3136efa4f\83404ffd78f534ff\,0:-1,2016-12-13 09:57:13-311,2016-12-13 09:57:13-414
Success : LS : test2\a94a8fe5ccb19ba6\2a5bd02710e975a7\,0:-1,2016-12-13 09:57:13-506,2016-12-13 09:57:13-603
Success : CREATE_FILE : test2\a94a8fe5ccb19ba6\25BEDC6B7A315A66,0:2871590,2016-12-13 09:57:13-687,2016-12-13 09:57:16-253
Success : LS : test2\a94a8fe5ccb19ba6\,0:-1,2016-12-13 09:57:16-374,2016-12-13 09:57:16-503
Success : CREATE_FILE : test2\a94a8fe5ccb19ba6\2a5bd02710e975a7\0B3E090217183729,0:1058894,2016-12-13 09:57:16-627,2016-12-13 09:57:17-581
Success : LS : test2\a94a8fe5ccb19ba6\2a5bd02710e975a7\,0:-1,2016-12-13 09:57:17-705,2016-12-13 09:57:17-789
Success : CREATE_FILE : test2\a94a8fe5ccb19ba6\1935861B342225B2,0:3994047,2016-12-13 09:57:17-867,2016-12-13 09:57:21-677
Success : LS : test2\a94a8fe5ccb19ba6\,0:-1,2016-12-13 09:57:21-797,2016-12-13 09:57:21-893
Success : CREATE_FILE : test2\a94a8fe5ccb19ba6\2a5bd02710e975a7\1FB00F9A1F523E27,0:3336992,2016-12-13 09:57:21-986,2016-12-13 09:57:25-206
Success : LS : test2\a94a8fe5ccb19ba6\2a5bd02710e975a7\,0:-1,2016-12-13 09:57:25-307,2016-12-13 09:57:25-384
Success : CREATE_FILE : test2\a94a8fe5ccb19ba6\2a5bd02710e975a7\1A76481165339774,0:3513751,2016-12-13 09:57:25-501,2016-12-13 09:57:28-867
Success : LS : test2\a94a8fe5ccb19ba6\2a5bd02710e975a7\,0:-1,2016-12-13 09:57:28-991,2016-12-13 09:57:29-080
