Success : SEQ_READ : test1\c5a5e5562b038073\6670af231c096f09,0:46,2016-12-16 15:50:44-663,2016-12-16 15:50:45-610
Success : SEQ_READ : test2\49f03965cf98b1f5,0:1634,2016-12-16 15:50:45-611,2016-12-16 15:50:45-848
Success : SEQ_READ : test2\a94a8fe5ccb19ba6\2a5bd02710e975a7\3eef580036f1724a,0:257,2016-12-16 15:50:45-848,2016-12-16 15:50:46-094
Success : SEQ_READ : test1\f71b43c3136efa4f\83404ffd78f534ff\6670af231c096f09,0:129,2016-12-16 15:50:46-094,2016-12-16 15:50:46-339
Success : SEQ_READ : test1\c5a5e5562b038073\c7734a16bf12bb03,0:364726,2016-12-16 15:50:46-339,2016-12-16 15:50:46-593
Success : CREATE_FILE : test2\a94a8fe5ccb19ba6\2a5bd02710e975a7\050141D062FC0D03,0:1784716,2016-12-16 15:50:46-594,2016-12-16 15:50:48-028
Success : LS : test2\a94a8fe5ccb19ba6\2a5bd02710e975a7\,0:-1,2016-12-16 15:50:48-029,2016-12-16 15:50:48-115
Success : CREATE_FILE : test2\a94a8fe5ccb19ba6\718BC05D4EA45790,0:2729136,2016-12-16 15:50:48-115,2016-12-16 15:50:50-149
Success : LS : test2\a94a8fe5ccb19ba6\,0:-1,2016-12-16 15:50:50-149,2016-12-16 15:50:50-237
Success : CREATE_FILE : test2\a94a8fe5ccb19ba6\181335506E4A5B17,0:1602802,2016-12-16 15:50:50-237,2016-12-16 15:50:51-141
Success : SEQ_READ : test2\8da7cc13802eefe0,0:22987191,2016-12-16 15:50:51-142,2016-12-16 15:50:51-413
Success : SEQ_READ : test1\f71b43c3136efa4f\83404ffd78f534ff\6670af231c096f09,0:129,2016-12-16 15:50:51-413,2016-12-16 15:50:51-718
Success : SEQ_READ : test1\f71b43c3136efa4f\83404ffd78f534ff\6670af231c096f09,0:129,2016-12-16 15:50:51-719,2016-12-16 15:50:51-961
Success : LS : test2\a94a8fe5ccb19ba6\,0:-1,2016-12-16 15:50:51-961,2016-12-16 15:50:52-041
Success : CREATE_FILE : test2\a94a8fe5ccb19ba6\2a5bd02710e975a7\1A2A3F4670D3E7EE,0:359785,2016-12-16 15:50:52-041,2016-12-16 15:50:52-311
Success : LS : test2\a94a8fe5ccb19ba6\2a5bd02710e975a7\,0:-1,2016-12-16 15:50:52-312,2016-12-16 15:50:52-400
Success : CREATE_FILE : test2\a94a8fe5ccb19ba6\030BBEC75F7A0EF6,0:1415958,2016-12-16 15:50:52-401,2016-12-16 15:50:53-093
Success : LS : test2\a94a8fe5ccb19ba6\,0:-1,2016-12-16 15:50:53-093,2016-12-16 15:50:53-188
Success : CREATE_FILE : test2\a94a8fe5ccb19ba6\53BC43767248346D,0:425251,2016-12-16 15:50:53-188,2016-12-16 15:50:53-483
Success : LS : test2\a94a8fe5ccb19ba6\,0:-1,2016-12-16 15:50:53-483,2016-12-16 15:50:53-584
Success : CREATE_FILE : test2\a94a8fe5ccb19ba6\2a5bd02710e975a7\0A2CFC9D142FFB33,0:2454917,2016-12-16 15:50:53-585,2016-12-16 15:50:55-369
Success : SEQ_READ : test1\c5a5e5562b038073\3c16ab634e85296e,0:105016,2016-12-16 15:50:55-369,2016-12-16 15:50:55-597
Success : LS : test2\a94a8fe5ccb19ba6\2a5bd02710e975a7\,0:-1,2016-12-16 15:50:55-597,2016-12-16 15:50:55-680
Success : CREATE_FILE : test2\a94a8fe5ccb19ba6\2a5bd02710e975a7\676448807E8E289A,0:2611564,2016-12-16 15:50:55-681,2016-12-16 15:50:57-527
Success : LS : test2\a94a8fe5ccb19ba6\2a5bd02710e975a7\,0:-1,2016-12-16 15:50:57-528,2016-12-16 15:50:57-619
Success : CREATE_FILE : test2\a94a8fe5ccb19ba6\7F3138A13D2EC890,0:2960889,2016-12-16 15:50:57-620,2016-12-16 15:50:59-821
Success : LS : test2\a94a8fe5ccb19ba6\,0:-1,2016-12-16 15:50:59-821,2016-12-16 15:50:59-902
Success : CREATE_FILE : test2\a94a8fe5ccb19ba6\1E71E30526201A8B,0:1978200,2016-12-16 15:50:59-902,2016-12-16 15:51:01-202
Success : LS : test2\a94a8fe5ccb19ba6\,0:-1,2016-12-16 15:51:01-202,2016-12-16 15:51:01-284
Success : CREATE_FILE : test2\a94a8fe5ccb19ba6\03B2C9ED022A9F93,0:3125799,2016-12-16 15:51:01-284,2016-12-16 15:51:03-644
Success : LS : test2\a94a8fe5ccb19ba6\,0:-1,2016-12-16 15:51:03-644,2016-12-16 15:51:03-722
Success : CREATE_FILE : test2\a94a8fe5ccb19ba6\58D0C217177CE373,0:1851870,2016-12-16 15:51:03-723,2016-12-16 15:51:04-859
Success : SEQ_READ : test2\49f03965cf98b1f5,0:1634,2016-12-16 15:51:04-860,2016-12-16 15:51:05-098
Success : SEQ_READ : test1\c5a5e5562b038073\68ad3077ff5a452a,0:383,2016-12-16 15:51:05-098,2016-12-16 15:51:05-339
Success : SEQ_READ : test1\c5a5e5562b038073\c7abaf0419c47a1d,0:762529,2016-12-16 15:51:05-339,2016-12-16 15:51:05-582
Success : LS : test2\a94a8fe5ccb19ba6\,0:-1,2016-12-16 15:51:05-582,2016-12-16 15:51:05-667
Success : CREATE_FILE : test2\a94a8fe5ccb19ba6\4E3BF42917F3EA93,0:3872207,2016-12-16 15:51:05-667,2016-12-16 15:51:08-788
Success : LS : test2\a94a8fe5ccb19ba6\,0:-1,2016-12-16 15:51:08-788,2016-12-16 15:51:08-868
Success : CREATE_FILE : test2\a94a8fe5ccb19ba6\182F419E69F53481,0:593541,2016-12-16 15:51:08-868,2016-12-16 15:51:09-160
Success : LS : test2\a94a8fe5ccb19ba6\,0:-1,2016-12-16 15:51:09-160,2016-12-16 15:51:09-251
Success : CREATE_FILE : test2\a94a8fe5ccb19ba6\2a5bd02710e975a7\0435D7BA2884BBED,0:391191,2016-12-16 15:51:09-251,2016-12-16 15:51:09-530
Success : SEQ_READ : test2\a94a8fe5ccb19ba6\2a5bd02710e975a7\3eef580036f1724a,0:257,2016-12-16 15:51:09-530,2016-12-16 15:51:09-758
Success : SEQ_READ : test2\a94a8fe5ccb19ba6\2a5bd02710e975a7\178db47a574c645f,0:257,2016-12-16 15:51:09-758,2016-12-16 15:51:09-996
Success : SEQ_READ : test1\f71b43c3136efa4f\c7d9912886e5ccc7\6670af231c096f09,0:129,2016-12-16 15:51:09-996,2016-12-16 15:51:10-236
Success : SEQ_READ : test1\c5a5e5562b038073\a39ea9c72a98de10\f398de59988a85e5,0:6743,2016-12-16 15:51:10-236,2016-12-16 15:51:10-472
Success : LS : test2\a94a8fe5ccb19ba6\2a5bd02710e975a7\,0:-1,2016-12-16 15:51:10-472,2016-12-16 15:51:10-559
Success : CREATE_FILE : test2\a94a8fe5ccb19ba6\5FD12ACE71FC70A8,0:1235090,2016-12-16 15:51:10-560,2016-12-16 15:51:11-105
Success : LS : test2\a94a8fe5ccb19ba6\,0:-1,2016-12-16 15:51:11-105,2016-12-16 15:51:11-351
Success : CREATE_FILE : test2\a94a8fe5ccb19ba6\2a5bd02710e975a7\325E1A690BBC5FF5,0:1578344,2016-12-16 15:51:11-351,2016-12-16 15:51:12-185
Success : LS : test2\a94a8fe5ccb19ba6\2a5bd02710e975a7\,0:-1,2016-12-16 15:51:12-185,2016-12-16 15:51:12-297
Success : CREATE_FILE : test2\a94a8fe5ccb19ba6\7BB402CF3CCAEA94,0:2166799,2016-12-16 15:51:12-297,2016-12-16 15:51:13-755
Success : SEQ_READ : test1\c5a5e5562b038073\6670af231c096f09,0:46,2016-12-16 15:51:13-755,2016-12-16 15:51:13-996
Success : SEQ_READ : test1\c5a5e5562b038073\6670af231c096f09,0:46,2016-12-16 15:51:13-996,2016-12-16 15:51:14-225
Success : SEQ_READ : test1\c5a5e5562b038073\c7abaf0419c47a1d,0:762529,2016-12-16 15:51:14-226,2016-12-16 15:51:14-464
Success : SEQ_READ : test1\9832710c94f11d2b,0:34310397,2016-12-16 15:51:14-465,2016-12-16 15:51:14-722
Success : LS : test2\a94a8fe5ccb19ba6\,0:-1,2016-12-16 15:51:14-722,2016-12-16 15:51:14-809
Success : CREATE_FILE : test2\a94a8fe5ccb19ba6\4B495F96781DD7F7,0:3722930,2016-12-16 15:51:14-809,2016-12-16 15:51:17-967
Success : LS : test2\a94a8fe5ccb19ba6\,0:-1,2016-12-16 15:51:17-967,2016-12-16 15:51:18-051
Success : CREATE_FILE : test2\a94a8fe5ccb19ba6\665D10B778397C26,0:1584363,2016-12-16 15:51:18-052,2016-12-16 15:51:18-951
Success : LS : test2\a94a8fe5ccb19ba6\,0:-1,2016-12-16 15:51:18-952,2016-12-16 15:51:19-072
Success : CREATE_FILE : test2\a94a8fe5ccb19ba6\2a5bd02710e975a7\3BDB3A5A3D73A9D6,0:2439724,2016-12-16 15:51:19-073,2016-12-16 15:51:20-977
Success : SEQ_READ : test2\49f03965cf98b1f5,0:1634,2016-12-16 15:51:20-977,2016-12-16 15:51:21-233
Success : SEQ_READ : test1\c5a5e5562b038073\7b7f22b30cf50087,0:3126,2016-12-16 15:51:21-233,2016-12-16 15:51:21-555
Success : LS : test2\a94a8fe5ccb19ba6\2a5bd02710e975a7\,0:-1,2016-12-16 15:51:21-555,2016-12-16 15:51:21-634
Success : CREATE_FILE : test2\a94a8fe5ccb19ba6\2a5bd02710e975a7\33D390C9777CC77F,0:3387981,2016-12-16 15:51:21-634,2016-12-16 15:51:24-413
Success : LS : test2\a94a8fe5ccb19ba6\2a5bd02710e975a7\,0:-1,2016-12-16 15:51:24-413,2016-12-16 15:51:24-496
Success : CREATE_FILE : test2\a94a8fe5ccb19ba6\2AD7D7B20FFF39F1,0:3910426,2016-12-16 15:51:24-497,2016-12-16 15:51:27-733
Success : LS : test2\a94a8fe5ccb19ba6\,0:-1,2016-12-16 15:51:27-733,2016-12-16 15:51:27-815
Success : CREATE_FILE : test2\a94a8fe5ccb19ba6\7CDBC00A1CAB55F4,0:1393563,2016-12-16 15:51:27-817,2016-12-16 15:51:28-482
Success : LS : test2\a94a8fe5ccb19ba6\,0:-1,2016-12-16 15:51:28-482,2016-12-16 15:51:28-563
Success : CREATE_FILE : test2\a94a8fe5ccb19ba6\2a5bd02710e975a7\7BE6CBEC759B29E5,0:1005602,2016-12-16 15:51:28-563,2016-12-16 15:51:28-891
Success : SEQ_READ : test1\c5a5e5562b038073\b0c5d70d7f040bfa,0:17408,2016-12-16 15:51:28-891,2016-12-16 15:51:29-127
Success : LS : test2\a94a8fe5ccb19ba6\2a5bd02710e975a7\,0:-1,2016-12-16 15:51:29-127,2016-12-16 15:51:29-210
Success : CREATE_FILE : test2\a94a8fe5ccb19ba6\2a5bd02710e975a7\76EC9CB855529563,0:1396933,2016-12-16 15:51:29-211,2016-12-16 15:51:29-867
Success : LS : test2\a94a8fe5ccb19ba6\2a5bd02710e975a7\,0:-1,2016-12-16 15:51:29-867,2016-12-16 15:51:30-029
Success : CREATE_FILE : test2\a94a8fe5ccb19ba6\518B931779325AA9,0:843714,2016-12-16 15:51:30-029,2016-12-16 15:51:30-365
Success : LS : test2\a94a8fe5ccb19ba6\,0:-1,2016-12-16 15:51:30-365,2016-12-16 15:51:30-446
Success : CREATE_FILE : test2\a94a8fe5ccb19ba6\2606BC8B0DAEFABB,0:1712463,2016-12-16 15:51:30-446,2016-12-16 15:51:31-510
Success : LS : test2\a94a8fe5ccb19ba6\,0:-1,2016-12-16 15:51:31-510,2016-12-16 15:51:31-590
Success : CREATE_FILE : test2\a94a8fe5ccb19ba6\435C00183E1A5607,0:1767679,2016-12-16 15:51:31-591,2016-12-16 15:51:32-626
Success : LS : test2\a94a8fe5ccb19ba6\,0:-1,2016-12-16 15:51:32-626,2016-12-16 15:51:32-708
Success : CREATE_FILE : test2\a94a8fe5ccb19ba6\2a5bd02710e975a7\6FEB60802C206EAC,0:3907081,2016-12-16 15:51:32-708,2016-12-16 15:51:35-962
Success : LS : test2\a94a8fe5ccb19ba6\2a5bd02710e975a7\,0:-1,2016-12-16 15:51:35-962,2016-12-16 15:51:36-040
Success : CREATE_FILE : test2\a94a8fe5ccb19ba6\1E51F29E613B41C9,0:3047599,2016-12-16 15:51:36-041,2016-12-16 15:51:38-443
Success : LS : test2\a94a8fe5ccb19ba6\,0:-1,2016-12-16 15:51:38-443,2016-12-16 15:51:38-526
Success : CREATE_FILE : test2\a94a8fe5ccb19ba6\2a5bd02710e975a7\58B539C970BD7ED5,0:1709314,2016-12-16 15:51:38-527,2016-12-16 15:51:39-493
Success : LS : test2\a94a8fe5ccb19ba6\2a5bd02710e975a7\,0:-1,2016-12-16 15:51:39-494,2016-12-16 15:51:39-574
Success : CREATE_FILE : test2\a94a8fe5ccb19ba6\0568CAE45D657ED3,0:2442008,2016-12-16 15:51:39-574,2016-12-16 15:51:41-344
Success : LS : test2\a94a8fe5ccb19ba6\,0:-1,2016-12-16 15:51:41-344,2016-12-16 15:51:41-428
Success : CREATE_FILE : test2\a94a8fe5ccb19ba6\4F55143A2F5EF647,0:535359,2016-12-16 15:51:41-429,2016-12-16 15:51:41-702
Success : LS : test2\a94a8fe5ccb19ba6\,0:-1,2016-12-16 15:51:41-702,2016-12-16 15:51:41-783
Success : CREATE_FILE : test2\a94a8fe5ccb19ba6\15744FFF1A5DA52F,0:3556530,2016-12-16 15:51:41-783,2016-12-16 15:51:44-668
Success : LS : test2\a94a8fe5ccb19ba6\,0:-1,2016-12-16 15:51:44-668,2016-12-16 15:51:44-766
Success : CREATE_FILE : test2\a94a8fe5ccb19ba6\2a5bd02710e975a7\457AADE601DE7FF8,0:1907134,2016-12-16 15:51:44-766,2016-12-16 15:51:46-000
Success : SEQ_READ : test1\9832710c94f11d2b,0:34310397,2016-12-16 15:51:46-000,2016-12-16 15:51:46-259
Success : SEQ_READ : test1\f71b43c3136efa4f\9f93e73d6896cb7b\6670af231c096f09,0:129,2016-12-16 15:51:46-259,2016-12-16 15:51:46-489
Success : SEQ_READ : test1\c5a5e5562b038073\a39ea9c72a98de10\f398de59988a85e5,0:6743,2016-12-16 15:51:46-489,2016-12-16 15:51:46-772
Success : LS : test2\a94a8fe5ccb19ba6\2a5bd02710e975a7\,0:-1,2016-12-16 15:51:46-772,2016-12-16 15:51:46-882
Success : CREATE_FILE : test2\a94a8fe5ccb19ba6\02CA1FFE72F060E0,0:1531607,2016-12-16 15:51:46-883,2016-12-16 15:51:47-700
Success : LS : test2\a94a8fe5ccb19ba6\,0:-1,2016-12-16 15:51:47-700,2016-12-16 15:51:47-786
Success : CREATE_FILE : test2\a94a8fe5ccb19ba6\2a5bd02710e975a7\736D1FE35CF03D02,0:3062076,2016-12-16 15:51:47-786,2016-12-16 15:51:50-277
Success : LS : test2\a94a8fe5ccb19ba6\2a5bd02710e975a7\,0:-1,2016-12-16 15:51:50-277,2016-12-16 15:51:50-381
Success : CREATE_FILE : test2\a94a8fe5ccb19ba6\04E2052F3479C9CF,0:3694472,2016-12-16 15:51:50-381,2016-12-16 15:51:53-425
Success : SEQ_READ : test1\f71b43c3136efa4f\83404ffd78f534ff\6670af231c096f09,0:129,2016-12-16 15:51:53-426,2016-12-16 15:51:53-687
Success : SEQ_READ : test1\f71b43c3136efa4f\9f93e73d6896cb7b\6670af231c096f09,0:129,2016-12-16 15:51:53-687,2016-12-16 15:51:53-923
Success : LS : test2\a94a8fe5ccb19ba6\,0:-1,2016-12-16 15:51:53-923,2016-12-16 15:51:54-006
Success : CREATE_FILE : test2\a94a8fe5ccb19ba6\67E92F7A3D9BC80A,0:3551257,2016-12-16 15:51:54-006,2016-12-16 15:51:56-923
Success : LS : test2\a94a8fe5ccb19ba6\,0:-1,2016-12-16 15:51:56-923,2016-12-16 15:51:57-044
Success : CREATE_FILE : test2\a94a8fe5ccb19ba6\1AFEDF596DC50EF5,0:1567285,2016-12-16 15:51:57-044,2016-12-16 15:51:57-950
Success : LS : test2\a94a8fe5ccb19ba6\,0:-1,2016-12-16 15:51:57-950,2016-12-16 15:51:58-073
Success : CREATE_FILE : test2\a94a8fe5ccb19ba6\2a5bd02710e975a7\0843633D5CDC8D78,0:2293712,2016-12-16 15:51:58-074,2016-12-16 15:51:59-642
Success : LS : test2\a94a8fe5ccb19ba6\2a5bd02710e975a7\,0:-1,2016-12-16 15:51:59-642,2016-12-16 15:51:59-727
Success : CREATE_FILE : test2\a94a8fe5ccb19ba6\022CBB79615C3988,0:3492685,2016-12-16 15:51:59-727,2016-12-16 15:52:02-546
Success : LS : test2\a94a8fe5ccb19ba6\,0:-1,2016-12-16 15:52:02-546,2016-12-16 15:52:02-644
Success : CREATE_FILE : test2\a94a8fe5ccb19ba6\4EACA8B471AF687E,0:506994,2016-12-16 15:52:02-644,2016-12-16 15:52:02-915
Success : SEQ_READ : test1\c5a5e5562b038073\0189424a5a60fed3\feb6a1968982109d,0:20126138,2016-12-16 15:52:02-915,2016-12-16 15:52:03-215
Success : LS : test2\a94a8fe5ccb19ba6\,0:-1,2016-12-16 15:52:03-215,2016-12-16 15:52:03-306
Success : CREATE_FILE : test2\a94a8fe5ccb19ba6\2F6BA5B80570C8F7,0:78024,2016-12-16 15:52:03-306,2016-12-16 15:52:03-565
Success : LS : test2\a94a8fe5ccb19ba6\,0:-1,2016-12-16 15:52:03-565,2016-12-16 15:52:03-649
Success : CREATE_FILE : test2\a94a8fe5ccb19ba6\671F898E542C0FAF,0:3854037,2016-12-16 15:52:03-650,2016-12-16 15:52:06-756
Success : LS : test2\a94a8fe5ccb19ba6\,0:-1,2016-12-16 15:52:06-756,2016-12-16 15:52:06-886
Success : CREATE_FILE : test2\a94a8fe5ccb19ba6\15A8CD4640437067,0:1284989,2016-12-16 15:52:06-886,2016-12-16 15:52:07-486
Success : LS : test2\a94a8fe5ccb19ba6\,0:-1,2016-12-16 15:52:07-486,2016-12-16 15:52:07-615
Success : CREATE_FILE : test2\a94a8fe5ccb19ba6\2a5bd02710e975a7\74FBB6006401E82A,0:2188323,2016-12-16 15:52:07-615,2016-12-16 15:52:09-105
Success : LS : test2\a94a8fe5ccb19ba6\2a5bd02710e975a7\,0:-1,2016-12-16 15:52:09-105,2016-12-16 15:52:09-225
Success : CREATE_FILE : test2\a94a8fe5ccb19ba6\72156D8E6A64B99F,0:1945204,2016-12-16 15:52:09-225,2016-12-16 15:52:10-461
Success : LS : test2\a94a8fe5ccb19ba6\,0:-1,2016-12-16 15:52:10-461,2016-12-16 15:52:10-585
Success : CREATE_FILE : test2\a94a8fe5ccb19ba6\2a5bd02710e975a7\3BCE622903832259,0:3415121,2016-12-16 15:52:10-585,2016-12-16 15:52:13-362
Success : SEQ_READ : test2\a94a8fe5ccb19ba6\2a5bd02710e975a7\254d76d2609fec03,0:2291,2016-12-16 15:52:13-363,2016-12-16 15:52:13-638
Success : LS : test2\a94a8fe5ccb19ba6\2a5bd02710e975a7\,0:-1,2016-12-16 15:52:13-638,2016-12-16 15:52:13-718
Success : CREATE_FILE : test2\a94a8fe5ccb19ba6\2a5bd02710e975a7\6FEB9934083496E0,0:303200,2016-12-16 15:52:13-719,2016-12-16 15:52:14-084
Success : LS : test2\a94a8fe5ccb19ba6\2a5bd02710e975a7\,0:-1,2016-12-16 15:52:14-084,2016-12-16 15:52:14-200
Success : CREATE_FILE : test2\a94a8fe5ccb19ba6\042162676D3EA925,0:563756,2016-12-16 15:52:14-200,2016-12-16 15:52:14-487
Success : LS : test2\a94a8fe5ccb19ba6\,0:-1,2016-12-16 15:52:14-488,2016-12-16 15:52:14-591
Success : CREATE_FILE : test2\a94a8fe5ccb19ba6\2a5bd02710e975a7\191D419276B25A88,0:3005690,2016-12-16 15:52:14-592,2016-12-16 15:52:16-920
Success : LS : test2\a94a8fe5ccb19ba6\2a5bd02710e975a7\,0:-1,2016-12-16 15:52:16-920,2016-12-16 15:52:17-016
Success : CREATE_FILE : test2\a94a8fe5ccb19ba6\2a5bd02710e975a7\2FEC17F953994EDC,0:2986093,2016-12-16 15:52:17-017,2016-12-16 15:52:19-348
Success : LS : test2\a94a8fe5ccb19ba6\2a5bd02710e975a7\,0:-1,2016-12-16 15:52:19-348,2016-12-16 15:52:19-472
Success : CREATE_FILE : test2\a94a8fe5ccb19ba6\2a5bd02710e975a7\7574A6F264866EAC,0:3812000,2016-12-16 15:52:19-473,2016-12-16 15:52:22-645
Success : SEQ_READ : test1\c5a5e5562b038073\3c16ab634e85296e,0:105016,2016-12-16 15:52:22-645,2016-12-16 15:52:22-895
Success : LS : test2\a94a8fe5ccb19ba6\2a5bd02710e975a7\,0:-1,2016-12-16 15:52:22-895,2016-12-16 15:52:23-011
Success : CREATE_FILE : test2\a94a8fe5ccb19ba6\6594C6DD6CC1A253,0:598766,2016-12-16 15:52:23-012,2016-12-16 15:52:23-357
Success : LS : test2\a94a8fe5ccb19ba6\,0:-1,2016-12-16 15:52:23-357,2016-12-16 15:52:23-445
Success : CREATE_FILE : test2\a94a8fe5ccb19ba6\35E7EA8345F4F6DF,0:1562824,2016-12-16 15:52:23-445,2016-12-16 15:52:24-402
Success : LS : test2\a94a8fe5ccb19ba6\,0:-1,2016-12-16 15:52:24-403,2016-12-16 15:52:24-480
Success : CREATE_FILE : test2\a94a8fe5ccb19ba6\6F6BA10365B7DA80,0:3992489,2016-12-16 15:52:24-480,2016-12-16 15:52:27-870
Success : LS : test2\a94a8fe5ccb19ba6\,0:-1,2016-12-16 15:52:27-870,2016-12-16 15:52:27-956
Success : CREATE_FILE : test2\a94a8fe5ccb19ba6\021F467E0BD4D8FF,0:3408866,2016-12-16 15:52:27-956,2016-12-16 15:52:30-732
Success : LS : test2\a94a8fe5ccb19ba6\,0:-1,2016-12-16 15:52:30-732,2016-12-16 15:52:30-849
Success : CREATE_FILE : test2\a94a8fe5ccb19ba6\70FB2B632771F766,0:665916,2016-12-16 15:52:30-849,2016-12-16 15:52:31-138
Success : LS : test2\a94a8fe5ccb19ba6\,0:-1,2016-12-16 15:52:31-138,2016-12-16 15:52:31-247
Success : CREATE_FILE : test2\a94a8fe5ccb19ba6\5A24723367BB26A1,0:1335485,2016-12-16 15:52:31-247,2016-12-16 15:52:31-930
Success : SEQ_READ : test1\f71b43c3136efa4f\9f93e73d6896cb7b\6670af231c096f09,0:129,2016-12-16 15:52:31-930,2016-12-16 15:52:32-263
Success : LS : test2\a94a8fe5ccb19ba6\,0:-1,2016-12-16 15:52:32-263,2016-12-16 15:52:32-379
Success : CREATE_FILE : test2\a94a8fe5ccb19ba6\207E8EDE1BCFB0CA,0:1841124,2016-12-16 15:52:32-379,2016-12-16 15:52:33-543
Success : LS : test2\a94a8fe5ccb19ba6\,0:-1,2016-12-16 15:52:33-543,2016-12-16 15:52:33-662
Success : CREATE_FILE : test2\a94a8fe5ccb19ba6\2a5bd02710e975a7\76573E497044F568,0:3691278,2016-12-16 15:52:33-662,2016-12-16 15:52:36-638
Success : LS : test2\a94a8fe5ccb19ba6\2a5bd02710e975a7\,0:-1,2016-12-16 15:52:36-638,2016-12-16 15:52:36-733
Success : CREATE_FILE : test2\a94a8fe5ccb19ba6\2a5bd02710e975a7\045398A75A2B7184,0:801344,2016-12-16 15:52:36-733,2016-12-16 15:52:37-055
Success : LS : test2\a94a8fe5ccb19ba6\2a5bd02710e975a7\,0:-1,2016-12-16 15:52:37-055,2016-12-16 15:52:37-172
Success : CREATE_FILE : test2\a94a8fe5ccb19ba6\477547B9761E3A46,0:970904,2016-12-16 15:52:37-172,2016-12-16 15:52:37-561
Success : LS : test2\a94a8fe5ccb19ba6\,0:-1,2016-12-16 15:52:37-561,2016-12-16 15:52:37-668
Success : CREATE_FILE : test2\a94a8fe5ccb19ba6\2a5bd02710e975a7\496F3CC6759EE1B9,0:2653195,2016-12-16 15:52:37-668,2016-12-16 15:52:39-582
Success : LS : test2\a94a8fe5ccb19ba6\2a5bd02710e975a7\,0:-1,2016-12-16 15:52:39-582,2016-12-16 15:52:39-658
Success : CREATE_FILE : test2\a94a8fe5ccb19ba6\2a5bd02710e975a7\5ABDC3C1186F764E,0:724053,2016-12-16 15:52:39-658,2016-12-16 15:52:39-984
Success : SEQ_READ : test2\a94a8fe5ccb19ba6\2a5bd02710e975a7\254d76d2609fec03,0:2291,2016-12-16 15:52:39-984,2016-12-16 15:52:40-289
Success : SEQ_READ : test2\a94a8fe5ccb19ba6\4b6fcb2d521ef0fd,0:2291,2016-12-16 15:52:40-289,2016-12-16 15:52:40-594
Success : LS : test2\a94a8fe5ccb19ba6\2a5bd02710e975a7\,0:-1,2016-12-16 15:52:40-594,2016-12-16 15:52:40-667
Success : CREATE_FILE : test2\a94a8fe5ccb19ba6\2a5bd02710e975a7\1DFAD90917DA0749,0:3976901,2016-12-16 15:52:40-667,2016-12-16 15:52:43-969
Success : LS : test2\a94a8fe5ccb19ba6\2a5bd02710e975a7\,0:-1,2016-12-16 15:52:43-969,2016-12-16 15:52:44-088
Success : CREATE_FILE : test2\a94a8fe5ccb19ba6\2a5bd02710e975a7\1295EB32517AFA1B,0:1812863,2016-12-16 15:52:44-088,2016-12-16 15:52:45-292
Success : LS : test2\a94a8fe5ccb19ba6\2a5bd02710e975a7\,0:-1,2016-12-16 15:52:45-292,2016-12-16 15:52:45-375
Success : CREATE_FILE : test2\a94a8fe5ccb19ba6\535D0103637D1D09,0:642823,2016-12-16 15:52:45-375,2016-12-16 15:52:45-667
Success : LS : test2\a94a8fe5ccb19ba6\,0:-1,2016-12-16 15:52:45-667,2016-12-16 15:52:45-767
Success : CREATE_FILE : test2\a94a8fe5ccb19ba6\2EBC66E963CDF1C2,0:2888278,2016-12-16 15:52:45-767,2016-12-16 15:52:47-985
Success : LS : test2\a94a8fe5ccb19ba6\,0:-1,2016-12-16 15:52:47-985,2016-12-16 15:52:48-108
Success : CREATE_FILE : test2\a94a8fe5ccb19ba6\41AB4E6F35E9210E,0:1060079,2016-12-16 15:52:48-109,2016-12-16 15:52:48-462
Success : SEQ_READ : test1\c5a5e5562b038073\a39ea9c72a98de10\41288c58009f7f6a,0:477,2016-12-16 15:52:48-462,2016-12-16 15:52:48-686
Success : SEQ_READ : test1\c5a5e5562b038073\68ad3077ff5a452a,0:383,2016-12-16 15:52:48-686,2016-12-16 15:52:48-959
Success : LS : test2\a94a8fe5ccb19ba6\,0:-1,2016-12-16 15:52:48-960,2016-12-16 15:52:49-067
Success : CREATE_FILE : test2\a94a8fe5ccb19ba6\4D8CFDD66831AA41,0:3172649,2016-12-16 15:52:49-067,2016-12-16 15:52:51-575
Success : LS : test2\a94a8fe5ccb19ba6\,0:-1,2016-12-16 15:52:51-575,2016-12-16 15:52:51-690
Success : CREATE_FILE : test2\a94a8fe5ccb19ba6\41E42D9251DE8FEB,0:2323305,2016-12-16 15:52:51-690,2016-12-16 15:52:53-351
Success : LS : test2\a94a8fe5ccb19ba6\,0:-1,2016-12-16 15:52:53-351,2016-12-16 15:52:53-440
Success : CREATE_FILE : test2\a94a8fe5ccb19ba6\2B225496619C86C9,0:673851,2016-12-16 15:52:53-441,2016-12-16 15:52:53-752
Success : LS : test2\a94a8fe5ccb19ba6\,0:-1,2016-12-16 15:52:53-752,2016-12-16 15:52:53-872
Success : CREATE_FILE : test2\a94a8fe5ccb19ba6\2a5bd02710e975a7\51A9728508171893,0:438237,2016-12-16 15:52:53-872,2016-12-16 15:52:54-153
Success : LS : test2\a94a8fe5ccb19ba6\2a5bd02710e975a7\,0:-1,2016-12-16 15:52:54-153,2016-12-16 15:52:54-244
Success : CREATE_FILE : test2\a94a8fe5ccb19ba6\033665A244D34E3A,0:344758,2016-12-16 15:52:54-244,2016-12-16 15:52:54-511
Success : LS : test2\a94a8fe5ccb19ba6\,0:-1,2016-12-16 15:52:54-511,2016-12-16 15:52:54-593
Success : CREATE_FILE : test2\a94a8fe5ccb19ba6\7FF2512D603225DA,0:2635961,2016-12-16 15:52:54-593,2016-12-16 15:52:56-514
Success : LS : test2\a94a8fe5ccb19ba6\,0:-1,2016-12-16 15:52:56-514,2016-12-16 15:52:56-618
Success : CREATE_FILE : test2\a94a8fe5ccb19ba6\7A01A1D028674B58,0:63499,2016-12-16 15:52:56-619,2016-12-16 15:52:56-923
Success : LS : test2\a94a8fe5ccb19ba6\,0:-1,2016-12-16 15:52:56-923,2016-12-16 15:52:57-004
Success : CREATE_FILE : test2\a94a8fe5ccb19ba6\7E7B4E1D016AC684,0:1269637,2016-12-16 15:52:57-004,2016-12-16 15:52:57-556
Success : LS : test2\a94a8fe5ccb19ba6\,0:-1,2016-12-16 15:52:57-557,2016-12-16 15:52:57-668
Success : CREATE_FILE : test2\a94a8fe5ccb19ba6\3730F2C91AA4E8AC,0:3689983,2016-12-16 15:52:57-668,2016-12-16 15:53:00-652
Success : LS : test2\a94a8fe5ccb19ba6\,0:-1,2016-12-16 15:53:00-652,2016-12-16 15:53:00-731
Success : CREATE_FILE : test2\a94a8fe5ccb19ba6\315A829F54102D60,0:1058362,2016-12-16 15:53:00-731,2016-12-16 15:53:01-074
Success : LS : test2\a94a8fe5ccb19ba6\,0:-1,2016-12-16 15:53:01-074,2016-12-16 15:53:01-161
Success : CREATE_FILE : test2\a94a8fe5ccb19ba6\2a5bd02710e975a7\6D1AAE8D73980A0C,0:616906,2016-12-16 15:53:01-162,2016-12-16 15:53:01-496
Success : SEQ_READ : test1\c5a5e5562b038073\fbe0d7653f0909cb,0:1611,2016-12-16 15:53:01-496,2016-12-16 15:53:01-820
Success : SEQ_READ : test1\f71b43c3136efa4f\83404ffd78f534ff\6670af231c096f09,0:129,2016-12-16 15:53:01-820,2016-12-16 15:53:02-091
Success : SEQ_READ : test1\f71b43c3136efa4f\83404ffd78f534ff\6670af231c096f09,0:129,2016-12-16 15:53:02-091,2016-12-16 15:53:02-370
Success : LS : test2\a94a8fe5ccb19ba6\2a5bd02710e975a7\,0:-1,2016-12-16 15:53:02-370,2016-12-16 15:53:02-445
Success : CREATE_FILE : test2\a94a8fe5ccb19ba6\2a5bd02710e975a7\64A348D917AE01F4,0:2180309,2016-12-16 15:53:02-446,2016-12-16 15:53:03-922
Success : LS : test2\a94a8fe5ccb19ba6\2a5bd02710e975a7\,0:-1,2016-12-16 15:53:03-922,2016-12-16 15:53:04-034
Success : CREATE_FILE : test2\a94a8fe5ccb19ba6\2a5bd02710e975a7\01A05A361A109967,0:4009886,2016-12-16 15:53:04-035,2016-12-16 15:53:07-367
Success : LS : test2\a94a8fe5ccb19ba6\2a5bd02710e975a7\,0:-1,2016-12-16 15:53:07-367,2016-12-16 15:53:07-483
Success : CREATE_FILE : test2\a94a8fe5ccb19ba6\2a5bd02710e975a7\17465A036DB65CC1,0:3514441,2016-12-16 15:53:07-483,2016-12-16 15:53:10-347
Success : LS : test2\a94a8fe5ccb19ba6\2a5bd02710e975a7\,0:-1,2016-12-16 15:53:10-347,2016-12-16 15:53:10-447
Success : CREATE_FILE : test2\a94a8fe5ccb19ba6\68828C1917EF1571,0:1499011,2016-12-16 15:53:10-448,2016-12-16 15:53:11-291
Success : SEQ_READ : test2\1a7683b6645f9b6a,0:14529,2016-12-16 15:53:11-291,2016-12-16 15:53:11-546
Success : LS : test2\a94a8fe5ccb19ba6\,0:-1,2016-12-16 15:53:11-546,2016-12-16 15:53:11-651
Success : CREATE_FILE : test2\a94a8fe5ccb19ba6\2a5bd02710e975a7\213296976BA3D2F7,0:302546,2016-12-16 15:53:11-651,2016-12-16 15:53:11-941
Success : LS : test2\a94a8fe5ccb19ba6\2a5bd02710e975a7\,0:-1,2016-12-16 15:53:11-941,2016-12-16 15:53:12-039
Success : CREATE_FILE : test2\a94a8fe5ccb19ba6\2a5bd02710e975a7\5BE96EAE733898DB,0:3876384,2016-12-16 15:53:12-039,2016-12-16 15:53:15-284
Success : LS : test2\a94a8fe5ccb19ba6\2a5bd02710e975a7\,0:-1,2016-12-16 15:53:15-284,2016-12-16 15:53:15-372
Success : CREATE_FILE : test2\a94a8fe5ccb19ba6\3DCC8E6D1D6F5610,0:3432816,2016-12-16 15:53:15-372,2016-12-16 15:53:18-152
Success : LS : test2\a94a8fe5ccb19ba6\,0:-1,2016-12-16 15:53:18-152,2016-12-16 15:53:18-283
Success : CREATE_FILE : test2\a94a8fe5ccb19ba6\517BF6D36C1C98CC,0:214965,2016-12-16 15:53:18-283,2016-12-16 15:53:18-550
Success : LS : test2\a94a8fe5ccb19ba6\,0:-1,2016-12-16 15:53:18-550,2016-12-16 15:53:18-663
Success : CREATE_FILE : test2\a94a8fe5ccb19ba6\2a5bd02710e975a7\6ABBD2E423EB07BE,0:3753841,2016-12-16 15:53:18-663,2016-12-16 15:53:21-798
Success : LS : test2\a94a8fe5ccb19ba6\2a5bd02710e975a7\,0:-1,2016-12-16 15:53:21-798,2016-12-16 15:53:21-913
Success : CREATE_FILE : test2\a94a8fe5ccb19ba6\1AB3C9151F5BF878,0:3155727,2016-12-16 15:53:21-914,2016-12-16 15:53:24-540
Success : SEQ_READ : test2\a94a8fe5ccb19ba6\2a5bd02710e975a7\178db47a574c645f,0:257,2016-12-16 15:53:24-540,2016-12-16 15:53:24-758
Success : LS : test2\a94a8fe5ccb19ba6\,0:-1,2016-12-16 15:53:24-758,2016-12-16 15:53:24-848
Success : CREATE_FILE : test2\a94a8fe5ccb19ba6\41311F25395E144C,0:395101,2016-12-16 15:53:24-848,2016-12-16 15:53:25-191
Success : LS : test2\a94a8fe5ccb19ba6\,0:-1,2016-12-16 15:53:25-191,2016-12-16 15:53:25-269
Success : CREATE_FILE : test2\a94a8fe5ccb19ba6\2a5bd02710e975a7\7C1BB9DD1CA59C30,0:2750443,2016-12-16 15:53:25-269,2016-12-16 15:53:27-338
Success : LS : test2\a94a8fe5ccb19ba6\2a5bd02710e975a7\,0:-1,2016-12-16 15:53:27-338,2016-12-16 15:53:27-424
Success : CREATE_FILE : test2\a94a8fe5ccb19ba6\548AA3FD297FFFA6,0:1983792,2016-12-16 15:53:27-424,2016-12-16 15:53:28-714
Success : LS : test2\a94a8fe5ccb19ba6\,0:-1,2016-12-16 15:53:28-714,2016-12-16 15:53:28-816
Success : CREATE_FILE : test2\a94a8fe5ccb19ba6\1E0F21757B8AAC12,0:3533384,2016-12-16 15:53:28-817,2016-12-16 15:53:31-642
Success : LS : test2\a94a8fe5ccb19ba6\,0:-1,2016-12-16 15:53:31-642,2016-12-16 15:53:31-724
Success : CREATE_FILE : test2\a94a8fe5ccb19ba6\2a5bd02710e975a7\7CF03533110A9B24,0:891009,2016-12-16 15:53:31-724,2016-12-16 15:53:32-089
Success : SEQ_READ : test1\c5a5e5562b038073\68ad3077ff5a452a,0:383,2016-12-16 15:53:32-089,2016-12-16 15:53:32-364
Success : LS : test2\a94a8fe5ccb19ba6\2a5bd02710e975a7\,0:-1,2016-12-16 15:53:32-364,2016-12-16 15:53:32-479
Success : CREATE_FILE : test2\a94a8fe5ccb19ba6\1481E3865EF37AA8,0:3825556,2016-12-16 15:53:32-479,2016-12-16 15:53:35-649
Success : LS : test2\a94a8fe5ccb19ba6\,0:-1,2016-12-16 15:53:35-650,2016-12-16 15:53:35-745
Success : CREATE_FILE : test2\a94a8fe5ccb19ba6\2a5bd02710e975a7\3CD94A6A4B3753B3,0:217135,2016-12-16 15:53:35-745,2016-12-16 15:53:36-076
Success : LS : test2\a94a8fe5ccb19ba6\2a5bd02710e975a7\,0:-1,2016-12-16 15:53:36-076,2016-12-16 15:53:36-185
Success : CREATE_FILE : test2\a94a8fe5ccb19ba6\593CF2CA13A38D57,0:41849,2016-12-16 15:53:36-185,2016-12-16 15:53:36-441
Success : LS : test2\a94a8fe5ccb19ba6\,0:-1,2016-12-16 15:53:36-442,2016-12-16 15:53:36-515
Success : CREATE_FILE : test2\a94a8fe5ccb19ba6\2335EA2609C3453F,0:393400,2016-12-16 15:53:36-515,2016-12-16 15:53:36-807
Success : LS : test2\a94a8fe5ccb19ba6\,0:-1,2016-12-16 15:53:36-807,2016-12-16 15:53:36-897
Success : CREATE_FILE : test2\a94a8fe5ccb19ba6\2a5bd02710e975a7\7996B32A734341DD,0:599014,2016-12-16 15:53:36-898,2016-12-16 15:53:37-206
Success : SEQ_READ : test2\a94a8fe5ccb19ba6\2a5bd02710e975a7\254d76d2609fec03,0:2291,2016-12-16 15:53:37-206,2016-12-16 15:53:37-458
Success : LS : test2\a94a8fe5ccb19ba6\2a5bd02710e975a7\,0:-1,2016-12-16 15:53:37-458,2016-12-16 15:53:37-535
Success : CREATE_FILE : test2\a94a8fe5ccb19ba6\2a5bd02710e975a7\17C37AF83858927A,0:1182815,2016-12-16 15:53:37-535,2016-12-16 15:53:38-078
Success : LS : test2\a94a8fe5ccb19ba6\2a5bd02710e975a7\,0:-1,2016-12-16 15:53:38-079,2016-12-16 15:53:38-176
Success : CREATE_FILE : test2\a94a8fe5ccb19ba6\2a5bd02710e975a7\519F12BB2EE88CC9,0:1567189,2016-12-16 15:53:38-177,2016-12-16 15:53:39-049
Success : LS : test2\a94a8fe5ccb19ba6\2a5bd02710e975a7\,0:-1,2016-12-16 15:53:39-049,2016-12-16 15:53:39-166
Success : CREATE_FILE : test2\a94a8fe5ccb19ba6\2a5bd02710e975a7\198C242041AD5114,0:1548766,2016-12-16 15:53:39-166,2016-12-16 15:53:40-016
Success : LS : test2\a94a8fe5ccb19ba6\2a5bd02710e975a7\,0:-1,2016-12-16 15:53:40-016,2016-12-16 15:53:40-142
Success : CREATE_FILE : test2\a94a8fe5ccb19ba6\6CCEF2654A7838A6,0:3862677,2016-12-16 15:53:40-142,2016-12-16 15:53:43-378
Success : LS : test2\a94a8fe5ccb19ba6\,0:-1,2016-12-16 15:53:43-379,2016-12-16 15:53:43-483
Success : CREATE_FILE : test2\a94a8fe5ccb19ba6\2a5bd02710e975a7\4E245F8B5FA36B11,0:2606071,2016-12-16 15:53:43-484,2016-12-16 15:53:45-498
Success : LS : test2\a94a8fe5ccb19ba6\2a5bd02710e975a7\,0:-1,2016-12-16 15:53:45-498,2016-12-16 15:53:45-576
Success : CREATE_FILE : test2\a94a8fe5ccb19ba6\2a5bd02710e975a7\0B94750019F7EB90,0:2284616,2016-12-16 15:53:45-576,2016-12-16 15:53:47-224
Success : LS : test2\a94a8fe5ccb19ba6\2a5bd02710e975a7\,0:-1,2016-12-16 15:53:47-224,2016-12-16 15:53:47-321
Success : CREATE_FILE : test2\a94a8fe5ccb19ba6\4A7602837BDEE710,0:94821,2016-12-16 15:53:47-321,2016-12-16 15:53:47-648
Success : LS : test2\a94a8fe5ccb19ba6\,0:-1,2016-12-16 15:53:47-648,2016-12-16 15:53:47-764
Success : CREATE_FILE : test2\a94a8fe5ccb19ba6\2a5bd02710e975a7\33E8B65B56AEC568,0:3678381,2016-12-16 15:53:47-764,2016-12-16 15:53:50-896
Success : LS : test2\a94a8fe5ccb19ba6\2a5bd02710e975a7\,0:-1,2016-12-16 15:53:50-896,2016-12-16 15:53:50-995
Success : CREATE_FILE : test2\a94a8fe5ccb19ba6\2a5bd02710e975a7\45F94BBC2F8675E6,0:3093987,2016-12-16 15:53:50-995,2016-12-16 15:53:53-540
Success : LS : test2\a94a8fe5ccb19ba6\2a5bd02710e975a7\,0:-1,2016-12-16 15:53:53-541,2016-12-16 15:53:53-666
Success : CREATE_FILE : test2\a94a8fe5ccb19ba6\2a5bd02710e975a7\4BD00A02757A9A58,0:3023066,2016-12-16 15:53:53-667,2016-12-16 15:53:56-146
Success : LS : test2\a94a8fe5ccb19ba6\2a5bd02710e975a7\,0:-1,2016-12-16 15:53:56-146,2016-12-16 15:53:56-241
Success : CREATE_FILE : test2\a94a8fe5ccb19ba6\33AA7135081A67EE,0:2199226,2016-12-16 15:53:56-241,2016-12-16 15:53:57-842
Success : LS : test2\a94a8fe5ccb19ba6\,0:-1,2016-12-16 15:53:57-842,2016-12-16 15:53:57-965
Success : CREATE_FILE : test2\a94a8fe5ccb19ba6\2a5bd02710e975a7\4A075C6D5CD5BCC5,0:3286030,2016-12-16 15:53:57-965,2016-12-16 15:54:00-610
Success : LS : test2\a94a8fe5ccb19ba6\2a5bd02710e975a7\,0:-1,2016-12-16 15:54:00-610,2016-12-16 15:54:00-690
Success : CREATE_FILE : test2\a94a8fe5ccb19ba6\5847317303EE7506,0:3296117,2016-12-16 15:54:00-690,2016-12-16 15:54:03-367
Success : LS : test2\a94a8fe5ccb19ba6\,0:-1,2016-12-16 15:54:03-367,2016-12-16 15:54:03-452
Success : CREATE_FILE : test2\a94a8fe5ccb19ba6\2a5bd02710e975a7\3A3BDADE5573E9EB,0:1990872,2016-12-16 15:54:03-452,2016-12-16 15:54:04-789
Success : LS : test2\a94a8fe5ccb19ba6\2a5bd02710e975a7\,0:-1,2016-12-16 15:54:04-789,2016-12-16 15:54:04-916
Success : CREATE_FILE : test2\a94a8fe5ccb19ba6\2a5bd02710e975a7\1E63542B070C2EFD,0:2478411,2016-12-16 15:54:04-916,2016-12-16 15:54:06-695
Success : LS : test2\a94a8fe5ccb19ba6\2a5bd02710e975a7\,0:-1,2016-12-16 15:54:06-696,2016-12-16 15:54:06-806
Success : CREATE_FILE : test2\a94a8fe5ccb19ba6\2a5bd02710e975a7\6FDFB9A669D3F57A,0:4050142,2016-12-16 15:54:06-806,2016-12-16 15:54:10-140
Success : LS : test2\a94a8fe5ccb19ba6\2a5bd02710e975a7\,0:-1,2016-12-16 15:54:10-140,2016-12-16 15:54:10-255
Success : CREATE_FILE : test2\a94a8fe5ccb19ba6\26E05B6E6F17AE60,0:570105,2016-12-16 15:54:10-255,2016-12-16 15:54:10-626
Success : LS : test2\a94a8fe5ccb19ba6\,0:-1,2016-12-16 15:54:10-626,2016-12-16 15:54:10-729
Success : CREATE_FILE : test2\a94a8fe5ccb19ba6\424DF07E69FDA622,0:3779167,2016-12-16 15:54:10-729,2016-12-16 15:54:13-870
Success : LS : test2\a94a8fe5ccb19ba6\,0:-1,2016-12-16 15:54:13-870,2016-12-16 15:54:13-993
Success : CREATE_FILE : test2\a94a8fe5ccb19ba6\70A934E220083BA7,0:3692187,2016-12-16 15:54:13-993,2016-12-16 15:54:17-061
Success : LS : test2\a94a8fe5ccb19ba6\,0:-1,2016-12-16 15:54:17-061,2016-12-16 15:54:17-172
Success : CREATE_FILE : test2\a94a8fe5ccb19ba6\5A56D7196BDBCA31,0:3584313,2016-12-16 15:54:17-173,2016-12-16 15:54:20-113
Success : LS : test2\a94a8fe5ccb19ba6\,0:-1,2016-12-16 15:54:20-113,2016-12-16 15:54:20-204
Success : CREATE_FILE : test2\a94a8fe5ccb19ba6\2a5bd02710e975a7\542C63B67C85E866,0:3251200,2016-12-16 15:54:20-204,2016-12-16 15:54:22-794
Success : LS : test2\a94a8fe5ccb19ba6\2a5bd02710e975a7\,0:-1,2016-12-16 15:54:22-795,2016-12-16 15:54:22-912
Success : CREATE_FILE : test2\a94a8fe5ccb19ba6\69D7B8C27FF7D639,0:396153,2016-12-16 15:54:22-912,2016-12-16 15:54:23-239
Success : LS : test2\a94a8fe5ccb19ba6\,0:-1,2016-12-16 15:54:23-239,2016-12-16 15:54:23-342
Success : CREATE_FILE : test2\a94a8fe5ccb19ba6\2a5bd02710e975a7\218EDA5615A627AC,0:1121159,2016-12-16 15:54:23-342,2016-12-16 15:54:23-748
Success : LS : test2\a94a8fe5ccb19ba6\2a5bd02710e975a7\,0:-1,2016-12-16 15:54:23-748,2016-12-16 15:54:23-869
Success : CREATE_FILE : test2\a94a8fe5ccb19ba6\2a5bd02710e975a7\138440897BAE39AA,0:3018609,2016-12-16 15:54:23-869,2016-12-16 15:54:26-229
Success : SEQ_READ : test1\c5a5e5562b038073\0189424a5a60fed3\feb6a1968982109d,0:20126138,2016-12-16 15:54:26-229,2016-12-16 15:54:26-527
Success : SEQ_READ : test2\a94a8fe5ccb19ba6\2a5bd02710e975a7\3eef580036f1724a,0:257,2016-12-16 15:54:26-527,2016-12-16 15:54:26-779
Success : LS : test2\a94a8fe5ccb19ba6\2a5bd02710e975a7\,0:-1,2016-12-16 15:54:26-780,2016-12-16 15:54:26-860
Success : CREATE_FILE : test2\a94a8fe5ccb19ba6\04FB675235007A82,0:1645019,2016-12-16 15:54:26-861,2016-12-16 15:54:27-788
Success : LS : test2\a94a8fe5ccb19ba6\,0:-1,2016-12-16 15:54:27-788,2016-12-16 15:54:27-881
Success : CREATE_FILE : test2\a94a8fe5ccb19ba6\6B7C9AB83AB9ECC0,0:3682168,2016-12-16 15:54:27-881,2016-12-16 15:54:30-869
Success : LS : test2\a94a8fe5ccb19ba6\,0:-1,2016-12-16 15:54:30-869,2016-12-16 15:54:30-958
Success : CREATE_FILE : test2\a94a8fe5ccb19ba6\104A62280EA2B32C,0:3968649,2016-12-16 15:54:30-959,2016-12-16 15:54:34-267
Success : LS : test2\a94a8fe5ccb19ba6\,0:-1,2016-12-16 15:54:34-267,2016-12-16 15:54:34-392
Success : CREATE_FILE : test2\a94a8fe5ccb19ba6\2a5bd02710e975a7\4893B4A72C533AB4,0:680904,2016-12-16 15:54:34-393,2016-12-16 15:54:34-738
Success : LS : test2\a94a8fe5ccb19ba6\2a5bd02710e975a7\,0:-1,2016-12-16 15:54:34-738,2016-12-16 15:54:34-837
Success : CREATE_FILE : test2\a94a8fe5ccb19ba6\2a5bd02710e975a7\374779AD4C151AC9,0:2370487,2016-12-16 15:54:34-837,2016-12-16 15:54:36-613
Success : LS : test2\a94a8fe5ccb19ba6\2a5bd02710e975a7\,0:-1,2016-12-16 15:54:36-613,2016-12-16 15:54:36-694
Success : CREATE_FILE : test2\a94a8fe5ccb19ba6\2a5bd02710e975a7\7B1AC21157CDEF38,0:981230,2016-12-16 15:54:36-694,2016-12-16 15:54:37-078
Success : LS : test2\a94a8fe5ccb19ba6\2a5bd02710e975a7\,0:-1,2016-12-16 15:54:37-078,2016-12-16 15:54:37-173
Success : CREATE_FILE : test2\a94a8fe5ccb19ba6\4A9CA4C92E82ED64,0:3735033,2016-12-16 15:54:37-173,2016-12-16 15:54:40-215
Success : LS : test2\a94a8fe5ccb19ba6\,0:-1,2016-12-16 15:54:40-215,2016-12-16 15:54:40-328
Success : CREATE_FILE : test2\a94a8fe5ccb19ba6\6F10E5DF570ECEAF,0:2899054,2016-12-16 15:54:40-329,2016-12-16 15:54:42-546
Success : LS : test2\a94a8fe5ccb19ba6\,0:-1,2016-12-16 15:54:42-547,2016-12-16 15:54:42-622
Success : CREATE_FILE : test2\a94a8fe5ccb19ba6\16BC3EC5713B5749,0:523548,2016-12-16 15:54:42-623,2016-12-16 15:54:42-922
Success : LS : test2\a94a8fe5ccb19ba6\,0:-1,2016-12-16 15:54:42-922,2016-12-16 15:54:43-034
Success : CREATE_FILE : test2\a94a8fe5ccb19ba6\2a5bd02710e975a7\726461547A962140,0:2677238,2016-12-16 15:54:43-035,2016-12-16 15:54:45-071
Success : SEQ_READ : test1\c5a5e5562b038073\7b7f22b30cf50087,0:3126,2016-12-16 15:54:45-071,2016-12-16 15:54:45-376
Success : LS : test2\a94a8fe5ccb19ba6\2a5bd02710e975a7\,0:-1,2016-12-16 15:54:45-376,2016-12-16 15:54:45-458
Success : CREATE_FILE : test2\a94a8fe5ccb19ba6\40FB497C4E92F181,0:1530744,2016-12-16 15:54:45-459,2016-12-16 15:54:46-324
Success : LS : test2\a94a8fe5ccb19ba6\,0:-1,2016-12-16 15:54:46-325,2016-12-16 15:54:46-448
Success : CREATE_FILE : test2\a94a8fe5ccb19ba6\06E5056C7E9ECAD7,0:696268,2016-12-16 15:54:46-448,2016-12-16 15:54:46-792
Success : LS : test2\a94a8fe5ccb19ba6\,0:-1,2016-12-16 15:54:46-792,2016-12-16 15:54:46-886
Success : CREATE_FILE : test2\a94a8fe5ccb19ba6\600CDDCF5FA70619,0:419328,2016-12-16 15:54:46-886,2016-12-16 15:54:47-147
Success : LS : test2\a94a8fe5ccb19ba6\,0:-1,2016-12-16 15:54:47-147,2016-12-16 15:54:47-258
Success : CREATE_FILE : test2\a94a8fe5ccb19ba6\0C3853DE308EE636,0:899543,2016-12-16 15:54:47-259,2016-12-16 15:54:47-705
Success : LS : test2\a94a8fe5ccb19ba6\,0:-1,2016-12-16 15:54:47-705,2016-12-16 15:54:47-828
Success : CREATE_FILE : test2\a94a8fe5ccb19ba6\2a5bd02710e975a7\4C73FF4D37B977FC,0:52608,2016-12-16 15:54:47-828,2016-12-16 15:54:48-119
Success : LS : test2\a94a8fe5ccb19ba6\2a5bd02710e975a7\,0:-1,2016-12-16 15:54:48-119,2016-12-16 15:54:48-215
Success : CREATE_FILE : test2\a94a8fe5ccb19ba6\2a5bd02710e975a7\61A2926E7E7F9577,0:956014,2016-12-16 15:54:48-215,2016-12-16 15:54:48-544
Success : LS : test2\a94a8fe5ccb19ba6\2a5bd02710e975a7\,0:-1,2016-12-16 15:54:48-544,2016-12-16 15:54:48-622
Success : CREATE_FILE : test2\a94a8fe5ccb19ba6\72C05FB53B44D148,0:1973259,2016-12-16 15:54:48-622,2016-12-16 15:54:49-892
Success : LS : test2\a94a8fe5ccb19ba6\,0:-1,2016-12-16 15:54:49-892,2016-12-16 15:54:50-082
Success : CREATE_FILE : test2\a94a8fe5ccb19ba6\6D9C42CF1A122D70,0:3080615,2016-12-16 15:54:50-082,2016-12-16 15:54:52-504
Success : LS : test2\a94a8fe5ccb19ba6\,0:-1,2016-12-16 15:54:52-505,2016-12-16 15:54:52-624
Success : CREATE_FILE : test2\a94a8fe5ccb19ba6\2a5bd02710e975a7\321CAC7F1C537097,0:4050432,2016-12-16 15:54:52-625,2016-12-16 15:54:56-053
Success : LS : test2\a94a8fe5ccb19ba6\2a5bd02710e975a7\,0:-1,2016-12-16 15:54:56-053,2016-12-16 15:54:56-130
Success : CREATE_FILE : test2\a94a8fe5ccb19ba6\2a5bd02710e975a7\43A0051E68581DF0,0:3574197,2016-12-16 15:54:56-130,2016-12-16 15:54:59-080
Success : LS : test2\a94a8fe5ccb19ba6\2a5bd02710e975a7\,0:-1,2016-12-16 15:54:59-080,2016-12-16 15:54:59-198
Success : CREATE_FILE : test2\a94a8fe5ccb19ba6\0DDD60FB070FE285,0:3269011,2016-12-16 15:54:59-198,2016-12-16 15:55:01-814
Success : SEQ_READ : test1\c5a5e5562b038073\7b7f22b30cf50087,0:3126,2016-12-16 15:55:01-814,2016-12-16 15:55:02-152
Success : SEQ_READ : test2\bc9c8ba7ff351f3e,0:217984,2016-12-16 15:55:02-153,2016-12-16 15:55:02-418
Success : LS : test2\a94a8fe5ccb19ba6\,0:-1,2016-12-16 15:55:02-418,2016-12-16 15:55:02-515
Success : CREATE_FILE : test2\a94a8fe5ccb19ba6\668C62B90C9C1217,0:173570,2016-12-16 15:55:02-515,2016-12-16 15:55:02-784
Success : LS : test2\a94a8fe5ccb19ba6\,0:-1,2016-12-16 15:55:02-784,2016-12-16 15:55:02-886
Success : CREATE_FILE : test2\a94a8fe5ccb19ba6\2A54A48417B1BAA0,0:3755902,2016-12-16 15:55:02-886,2016-12-16 15:55:05-919
Success : LS : test2\a94a8fe5ccb19ba6\,0:-1,2016-12-16 15:55:05-919,2016-12-16 15:55:06-040
Success : CREATE_FILE : test2\a94a8fe5ccb19ba6\78CD9E910E08FC80,0:2818145,2016-12-16 15:55:06-040,2016-12-16 15:55:08-232
Success : LS : test2\a94a8fe5ccb19ba6\,0:-1,2016-12-16 15:55:08-232,2016-12-16 15:55:08-348
Success : CREATE_FILE : test2\a94a8fe5ccb19ba6\2a5bd02710e975a7\523ADCBB7B13413C,0:3198340,2016-12-16 15:55:08-348,2016-12-16 15:55:11-061
Success : SEQ_READ : test2\8da7cc13802eefe0,0:22987191,2016-12-16 15:55:11-061,2016-12-16 15:55:11-329
Success : LS : test2\a94a8fe5ccb19ba6\2a5bd02710e975a7\,0:-1,2016-12-16 15:55:11-329,2016-12-16 15:55:11-426
Success : CREATE_FILE : test2\a94a8fe5ccb19ba6\3600240E3EDEDAA5,0:2335432,2016-12-16 15:55:11-426,2016-12-16 15:55:13-156
Success : LS : test2\a94a8fe5ccb19ba6\,0:-1,2016-12-16 15:55:13-156,2016-12-16 15:55:13-255
Success : CREATE_FILE : test2\a94a8fe5ccb19ba6\2a5bd02710e975a7\7BD950C036BE72B6,0:3033763,2016-12-16 15:55:13-255,2016-12-16 15:55:15-653
Success : LS : test2\a94a8fe5ccb19ba6\2a5bd02710e975a7\,0:-1,2016-12-16 15:55:15-653,2016-12-16 15:55:15-742
Success : CREATE_FILE : test2\a94a8fe5ccb19ba6\3D809E8E5B14D55D,0:2575110,2016-12-16 15:55:15-742,2016-12-16 15:55:17-696
Success : LS : test2\a94a8fe5ccb19ba6\,0:-1,2016-12-16 15:55:17-696,2016-12-16 15:55:17-801
Success : CREATE_FILE : test2\a94a8fe5ccb19ba6\01990F711DBA001F,0:1614853,2016-12-16 15:55:17-801,2016-12-16 15:55:18-730
Success : LS : test2\a94a8fe5ccb19ba6\,0:-1,2016-12-16 15:55:18-730,2016-12-16 15:55:18-849
Success : CREATE_FILE : test2\a94a8fe5ccb19ba6\2a5bd02710e975a7\3D3D83961F0054AD,0:2712306,2016-12-16 15:55:18-849,2016-12-16 15:55:20-889
Success : LS : test2\a94a8fe5ccb19ba6\2a5bd02710e975a7\,0:-1,2016-12-16 15:55:20-889,2016-12-16 15:55:21-025
Success : CREATE_FILE : test2\a94a8fe5ccb19ba6\2a5bd02710e975a7\6A3C795B1BC526ED,0:3831984,2016-12-16 15:55:21-025,2016-12-16 15:55:24-251
Success : SEQ_READ : test1\c5a5e5562b038073\b0c5d70d7f040bfa,0:17408,2016-12-16 15:55:24-251,2016-12-16 15:55:24-495
Success : LS : test2\a94a8fe5ccb19ba6\2a5bd02710e975a7\,0:-1,2016-12-16 15:55:24-495,2016-12-16 15:55:24-568
Success : CREATE_FILE : test2\a94a8fe5ccb19ba6\2a5bd02710e975a7\7EA7F71E5B21E966,0:2881939,2016-12-16 15:55:24-569,2016-12-16 15:55:26-789
Success : LS : test2\a94a8fe5ccb19ba6\2a5bd02710e975a7\,0:-1,2016-12-16 15:55:26-789,2016-12-16 15:55:26-893
Success : CREATE_FILE : test2\a94a8fe5ccb19ba6\5C24CCEA77FE441B,0:463621,2016-12-16 15:55:26-893,2016-12-16 15:55:27-171
Success : LS : test2\a94a8fe5ccb19ba6\,0:-1,2016-12-16 15:55:27-171,2016-12-16 15:55:27-260
Success : CREATE_FILE : test2\a94a8fe5ccb19ba6\116B865E76A19DC8,0:1028034,2016-12-16 15:55:27-260,2016-12-16 15:55:27-574
Success : LS : test2\a94a8fe5ccb19ba6\,0:-1,2016-12-16 15:55:27-574,2016-12-16 15:55:27-654
Success : CREATE_FILE : test2\a94a8fe5ccb19ba6\2a5bd02710e975a7\3E9D116D70BA1A3D,0:3812447,2016-12-16 15:55:27-654,2016-12-16 15:55:30-771
Success : LS : test2\a94a8fe5ccb19ba6\2a5bd02710e975a7\,0:-1,2016-12-16 15:55:30-771,2016-12-16 15:55:30-856
Success : CREATE_FILE : test2\a94a8fe5ccb19ba6\2a5bd02710e975a7\5F5313AB3C83342F,0:3834663,2016-12-16 15:55:30-856,2016-12-16 15:55:34-067
Success : LS : test2\a94a8fe5ccb19ba6\2a5bd02710e975a7\,0:-1,2016-12-16 15:55:34-067,2016-12-16 15:55:34-168
Success : CREATE_FILE : test2\a94a8fe5ccb19ba6\03299E5A4552CF80,0:916739,2016-12-16 15:55:34-168,2016-12-16 15:55:34-478
Success : LS : test2\a94a8fe5ccb19ba6\,0:-1,2016-12-16 15:55:34-478,2016-12-16 15:55:34-567
Success : CREATE_FILE : test2\a94a8fe5ccb19ba6\46F1CD6031372CCB,0:2154025,2016-12-16 15:55:34-567,2016-12-16 15:55:36-085
Success : LS : test2\a94a8fe5ccb19ba6\,0:-1,2016-12-16 15:55:36-085,2016-12-16 15:55:36-202
Success : CREATE_FILE : test2\a94a8fe5ccb19ba6\2B77B4E528C2069E,0:2030559,2016-12-16 15:55:36-202,2016-12-16 15:55:37-549
Success : LS : test2\a94a8fe5ccb19ba6\,0:-1,2016-12-16 15:55:37-550,2016-12-16 15:55:37-677
Success : CREATE_FILE : test2\a94a8fe5ccb19ba6\2a5bd02710e975a7\0F8A7D4B18644F9A,0:227912,2016-12-16 15:55:37-677,2016-12-16 15:55:38-013
Success : LS : test2\a94a8fe5ccb19ba6\2a5bd02710e975a7\,0:-1,2016-12-16 15:55:38-013,2016-12-16 15:55:38-133
Success : CREATE_FILE : test2\a94a8fe5ccb19ba6\2a5bd02710e975a7\411F92F84091D636,0:297923,2016-12-16 15:55:38-133,2016-12-16 15:55:38-486
Success : LS : test2\a94a8fe5ccb19ba6\2a5bd02710e975a7\,0:-1,2016-12-16 15:55:38-486,2016-12-16 15:55:38-608
Success : CREATE_FILE : test2\a94a8fe5ccb19ba6\2a5bd02710e975a7\11EFBC056B3CA19C,0:377357,2016-12-16 15:55:38-608,2016-12-16 15:55:38-863
Success : LS : test2\a94a8fe5ccb19ba6\2a5bd02710e975a7\,0:-1,2016-12-16 15:55:38-864,2016-12-16 15:55:38-965
Success : CREATE_FILE : test2\a94a8fe5ccb19ba6\2a5bd02710e975a7\200905D75002DF13,0:1380156,2016-12-16 15:55:38-966,2016-12-16 15:55:39-639
Success : LS : test2\a94a8fe5ccb19ba6\2a5bd02710e975a7\,0:-1,2016-12-16 15:55:39-639,2016-12-16 15:55:39-716
Success : CREATE_FILE : test2\a94a8fe5ccb19ba6\2a5bd02710e975a7\25C547FD6C6166F7,0:664257,2016-12-16 15:55:39-716,2016-12-16 15:55:40-068
Success : SEQ_READ : test1\c5a5e5562b038073\3c16ab634e85296e,0:105016,2016-12-16 15:55:40-068,2016-12-16 15:55:40-359
Success : LS : test2\a94a8fe5ccb19ba6\2a5bd02710e975a7\,0:-1,2016-12-16 15:55:40-359,2016-12-16 15:55:40-473
Success : CREATE_FILE : test2\a94a8fe5ccb19ba6\6AB9FE0B50170045,0:1857399,2016-12-16 15:55:40-473,2016-12-16 15:55:41-663
Success : LS : test2\a94a8fe5ccb19ba6\,0:-1,2016-12-16 15:55:41-663,2016-12-16 15:55:41-751
Success : CREATE_FILE : test2\a94a8fe5ccb19ba6\2a5bd02710e975a7\41C302BC4CDC8E1C,0:2621336,2016-12-16 15:55:41-751,2016-12-16 15:55:43-683
Success : LS : test2\a94a8fe5ccb19ba6\2a5bd02710e975a7\,0:-1,2016-12-16 15:55:43-683,2016-12-16 15:55:43-776
Success : CREATE_FILE : test2\a94a8fe5ccb19ba6\7E4B1696246DB934,0:1022728,2016-12-16 15:55:43-776,2016-12-16 15:55:44-121
Success : LS : test2\a94a8fe5ccb19ba6\,0:-1,2016-12-16 15:55:44-122,2016-12-16 15:55:44-210
Success : CREATE_FILE : test2\a94a8fe5ccb19ba6\7D53A83829A1C542,0:1372820,2016-12-16 15:55:44-210,2016-12-16 15:55:44-883
Success : LS : test2\a94a8fe5ccb19ba6\,0:-1,2016-12-16 15:55:44-883,2016-12-16 15:55:44-982
Success : CREATE_FILE : test2\a94a8fe5ccb19ba6\2a5bd02710e975a7\5A121FBE683A6140,0:876600,2016-12-16 15:55:44-983,2016-12-16 15:55:45-316
Success : LS : test2\a94a8fe5ccb19ba6\2a5bd02710e975a7\,0:-1,2016-12-16 15:55:45-316,2016-12-16 15:55:45-421
Success : CREATE_FILE : test2\a94a8fe5ccb19ba6\2a5bd02710e975a7\161CB0C46F870778,0:434781,2016-12-16 15:55:45-421,2016-12-16 15:55:45-686
Success : LS : test2\a94a8fe5ccb19ba6\2a5bd02710e975a7\,0:-1,2016-12-16 15:55:45-686,2016-12-16 15:55:45-766
Success : CREATE_FILE : test2\a94a8fe5ccb19ba6\2a5bd02710e975a7\5986619A400DBAAC,0:1382614,2016-12-16 15:55:45-766,2016-12-16 15:55:46-462
Success : LS : test2\a94a8fe5ccb19ba6\2a5bd02710e975a7\,0:-1,2016-12-16 15:55:46-462,2016-12-16 15:55:46-554
Success : CREATE_FILE : test2\a94a8fe5ccb19ba6\2a5bd02710e975a7\13A94A5953615792,0:481151,2016-12-16 15:55:46-554,2016-12-16 15:55:46-897
Success : LS : test2\a94a8fe5ccb19ba6\2a5bd02710e975a7\,0:-1,2016-12-16 15:55:46-897,2016-12-16 15:55:47-021
Success : CREATE_FILE : test2\a94a8fe5ccb19ba6\75F4912209D50E3E,0:2726256,2016-12-16 15:55:47-021,2016-12-16 15:55:49-111
Success : LS : test2\a94a8fe5ccb19ba6\,0:-1,2016-12-16 15:55:49-111,2016-12-16 15:55:49-213
Success : CREATE_FILE : test2\a94a8fe5ccb19ba6\794BC55C14142D1F,0:1572644,2016-12-16 15:55:49-213,2016-12-16 15:55:50-112
Success : LS : test2\a94a8fe5ccb19ba6\,0:-1,2016-12-16 15:55:50-112,2016-12-16 15:55:50-232
