Fail : LS : test1,0:-1,2016-12-14 14:20:57-628,2016-12-14 14:20:57-629
Reason : java.lang.StringIndexOutOfBoundsException: String index out of range: -1
Success : SEQ_READ : test1\f71b43c3136efa4f\9f93e73d6896cb7b\6670af231c096f09,0:129,2016-12-14 14:20:57-760,2016-12-14 14:20:57-976
Success : LS : test1\c5a5e5562b038073\0189424a5a60fed3\,0:-1,2016-12-14 14:20:58-104,2016-12-14 14:20:58-225
Success : SEQ_READ : test1\f71b43c3136efa4f\9f93e73d6896cb7b\6670af231c096f09,0:129,2016-12-14 14:20:58-352,2016-12-14 14:20:58-427
Success : CREATE_FILE : test2\a94a8fe5ccb19ba6\2a5bd02710e975a7\4E6FACB2327A0553,0:2681872,2016-12-14 14:20:58-513,2016-12-14 14:21:36-696
Success : SEQ_READ : test2\a94a8fe5ccb19ba6\2a5bd02710e975a7\178db47a574c645f,0:257,2016-12-14 14:21:36-823,2016-12-14 14:21:36-920
Success : LS : test2\a94a8fe5ccb19ba6\2a5bd02710e975a7\,0:-1,2016-12-14 14:21:37-002,2016-12-14 14:21:37-119
Success : SEQ_READ : test1\f71b43c3136efa4f\52481749c0cdecd6\6670af231c096f09,0:129,2016-12-14 14:21:37-236,2016-12-14 14:21:37-326
Success : LS : test2\a94a8fe5ccb19ba6\2a5bd02710e975a7\,0:-1,2016-12-14 14:21:37-447,2016-12-14 14:21:37-530
Success : CREATE_FILE : test2\a94a8fe5ccb19ba6\7E3A70F11BE6ECF0,0:3380811,2016-12-14 14:21:37-617,2016-12-14 14:21:40-667
Success : SEQ_READ : test1\c5a5e5562b038073\2015a7ab48ae9a58,0:28672,2016-12-14 14:21:40-846,2016-12-14 14:21:40-911
Success : SEQ_READ : test2\6c33a983eec1b409,0:2291,2016-12-14 14:21:40-990,2016-12-14 14:21:41-080
Success : SEQ_READ : test1\c5a5e5562b038073\3c16ab634e85296e,0:105016,2016-12-14 14:21:41-169,2016-12-14 14:21:41-247
Success : LS : test1\f71b43c3136efa4f\9f93e73d6896cb7b\,0:-1,2016-12-14 14:21:41-336,2016-12-14 14:21:41-425
Fail : LS : test1,0:-1,2016-12-14 14:21:41-584,2016-12-14 14:21:41-585
Reason : java.lang.StringIndexOutOfBoundsException: String index out of range: -1
Success : SEQ_READ : test1\c5a5e5562b038073\b0c5d70d7f040bfa,0:17408,2016-12-14 14:21:41-669,2016-12-14 14:21:41-736
Success : LS : test2\a94a8fe5ccb19ba6\,0:-1,2016-12-14 14:21:41-813,2016-12-14 14:21:41-889
Success : CREATE_FILE : test2\a94a8fe5ccb19ba6\558194EF38B5A72D,0:3330717,2016-12-14 14:21:41-977,2016-12-14 14:21:44-955
Success : SEQ_READ : test1\c5a5e5562b038073\6670af231c096f09,0:46,2016-12-14 14:21:45-057,2016-12-14 14:21:45-120
Success : SEQ_READ : test1\c5a5e5562b038073\a39ea9c72a98de10\11562aa867a5f398,0:2752,2016-12-14 14:21:45-195,2016-12-14 14:21:45-257
Success : SEQ_READ : test1\c5a5e5562b038073\c7734a16bf12bb03,0:364726,2016-12-14 14:21:45-338,2016-12-14 14:21:45-404
Success : LS : test2\a94a8fe5ccb19ba6\,0:-1,2016-12-14 14:21:45-482,2016-12-14 14:21:45-558
Success : CREATE_FILE : test2\a94a8fe5ccb19ba6\2623F44F603AEDD8,0:643484,2016-12-14 14:21:45-636,2016-12-14 14:21:46-835
Success : LS : test2\a94a8fe5ccb19ba6\,0:-1,2016-12-14 14:21:46-953,2016-12-14 14:21:47-034
Success : CREATE_FILE : test2\a94a8fe5ccb19ba6\6C1F07FD15BAA731,0:1774222,2016-12-14 14:21:47-160,2016-12-14 14:21:48-576
Success : LS : test2\a94a8fe5ccb19ba6\2a5bd02710e975a7\,0:-1,2016-12-14 14:21:48-703,2016-12-14 14:21:48-814
Success : LS : test2\a94a8fe5ccb19ba6\,0:-1,2016-12-14 14:21:48-909,2016-12-14 14:21:48-985
Success : CREATE_FILE : test2\a94a8fe5ccb19ba6\2a5bd02710e975a7\334D36247426D233,0:3052340,2016-12-14 14:21:49-061,2016-12-14 14:21:52-697
Success : LS : test2\a94a8fe5ccb19ba6\2a5bd02710e975a7\,0:-1,2016-12-14 14:21:52-823,2016-12-14 14:21:52-901
Success : CREATE_FILE : test2\a94a8fe5ccb19ba6\67AF432F6F2DB193,0:962023,2016-12-14 14:21:52-993,2016-12-14 14:21:53-931
Success : LS : test2\a94a8fe5ccb19ba6\,0:-1,2016-12-14 14:21:54-039,2016-12-14 14:21:54-116
Success : CREATE_FILE : test2\a94a8fe5ccb19ba6\215C3A246C50618B,0:1070864,2016-12-14 14:21:54-192,2016-12-14 14:21:54-792
Success : LS : test2\a94a8fe5ccb19ba6\,0:-1,2016-12-14 14:21:54-906,2016-12-14 14:21:55-015
Success : SEQ_READ : test2\a94a8fe5ccb19ba6\2a5bd02710e975a7\254d76d2609fec03,0:2291,2016-12-14 14:21:55-102,2016-12-14 14:21:55-192
Success : LS : test1\f71b43c3136efa4f\c7d9912886e5ccc7\,0:-1,2016-12-14 14:21:55-279,2016-12-14 14:21:55-340
Success : LS : test2\a94a8fe5ccb19ba6\,0:-1,2016-12-14 14:21:55-415,2016-12-14 14:21:55-487
Success : CREATE_FILE : test2\a94a8fe5ccb19ba6\2a5bd02710e975a7\4E622DEC348ADEC7,0:2152355,2016-12-14 14:21:55-570,2016-12-14 14:21:57-385
Success : LS : test2\a94a8fe5ccb19ba6\2a5bd02710e975a7\,0:-1,2016-12-14 14:21:57-510,2016-12-14 14:21:57-594
Success : CREATE_FILE : test2\a94a8fe5ccb19ba6\58BF29D726EC440A,0:48870,2016-12-14 14:21:57-721,2016-12-14 14:21:59-366
Success : LS : test2\a94a8fe5ccb19ba6\,0:-1,2016-12-14 14:21:59-491,2016-12-14 14:21:59-578
Success : CREATE_FILE : test2\a94a8fe5ccb19ba6\3DB05FD43D18C2DA,0:3923541,2016-12-14 14:21:59-687,2016-12-14 14:22:03-710
Success : SEQ_READ : test1\c5a5e5562b038073\c7abaf0419c47a1d,0:762529,2016-12-14 14:22:03-837,2016-12-14 14:22:03-940
Success : SEQ_READ : test1\c5a5e5562b038073\738537f9a40e568b,0:17984,2016-12-14 14:22:04-038,2016-12-14 14:22:04-148
Success : SEQ_READ : test1\c5a5e5562b038073\b0c5d70d7f040bfa,0:17408,2016-12-14 14:22:04-275,2016-12-14 14:22:04-345
Success : LS : test2\a94a8fe5ccb19ba6\,0:-1,2016-12-14 14:22:04-464,2016-12-14 14:22:04-539
Success : CREATE_FILE : test2\a94a8fe5ccb19ba6\2a5bd02710e975a7\069EA59238EE0A21,0:2612203,2016-12-14 14:22:04-618,2016-12-14 14:22:07-118
Success : LS : test2\a94a8fe5ccb19ba6\2a5bd02710e975a7\,0:-1,2016-12-14 14:22:07-240,2016-12-14 14:22:07-317
Success : CREATE_FILE : test2\a94a8fe5ccb19ba6\2a5bd02710e975a7\6EB222917C2DA4C3,0:1686422,2016-12-14 14:22:07-394,2016-12-14 14:22:08-788
Success : LS : test2\a94a8fe5ccb19ba6\2a5bd02710e975a7\,0:-1,2016-12-14 14:22:08-915,2016-12-14 14:22:08-991
Success : CREATE_FILE : test2\a94a8fe5ccb19ba6\2a5bd02710e975a7\7630038849B2C411,0:1525042,2016-12-14 14:22:09-070,2016-12-14 14:22:10-283
Success : LS : test2\a94a8fe5ccb19ba6\2a5bd02710e975a7\,0:-1,2016-12-14 14:22:10-408,2016-12-14 14:22:10-491
Success : CREATE_FILE : test2\a94a8fe5ccb19ba6\4F482C03686286C7,0:529636,2016-12-14 14:22:10-570,2016-12-14 14:22:12-950
Success : LS : test1\f71b43c3136efa4f\9f93e73d6896cb7b\,0:-1,2016-12-14 14:22:13-073,2016-12-14 14:22:13-164
Success : LS : test2\a94a8fe5ccb19ba6\2a5bd02710e975a7\,0:-1,2016-12-14 14:22:13-283,2016-12-14 14:22:13-360
Success : SEQ_READ : test1\c5a5e5562b038073\b0c5d70d7f040bfa,0:17408,2016-12-14 14:22:13-435,2016-12-14 14:22:13-497
Success : SEQ_READ : test2\a94a8fe5ccb19ba6\2a5bd02710e975a7\178db47a574c645f,0:257,2016-12-14 14:22:13-572,2016-12-14 14:22:13-635
Success : LS : test2\a94a8fe5ccb19ba6\2a5bd02710e975a7\,0:-1,2016-12-14 14:22:13-712,2016-12-14 14:22:13-778
Success : LS : test2\a94a8fe5ccb19ba6\,0:-1,2016-12-14 14:22:13-854,2016-12-14 14:22:13-925
Success : CREATE_FILE : test2\a94a8fe5ccb19ba6\2a5bd02710e975a7\2E119BDD722C367D,0:2315885,2016-12-14 14:22:14-034,2016-12-14 14:22:15-977
Success : LS : test2\a94a8fe5ccb19ba6\2a5bd02710e975a7\,0:-1,2016-12-14 14:22:16-093,2016-12-14 14:22:16-170
Success : CREATE_FILE : test2\a94a8fe5ccb19ba6\2a5bd02710e975a7\48527B8A4E1C09DB,0:3336182,2016-12-14 14:22:16-249,2016-12-14 14:22:19-442
Success : LS : test1\f71b43c3136efa4f\9f93e73d6896cb7b\,0:-1,2016-12-14 14:22:19-565,2016-12-14 14:22:19-672
Success : LS : test2\a94a8fe5ccb19ba6\,0:-1,2016-12-14 14:22:19-769,2016-12-14 14:22:19-844
Success : LS : test2\a94a8fe5ccb19ba6\,0:-1,2016-12-14 14:22:19-921,2016-12-14 14:22:20-012
Success : LS : test2\a94a8fe5ccb19ba6\2a5bd02710e975a7\,0:-1,2016-12-14 14:22:20-093,2016-12-14 14:22:20-173
Success : CREATE_FILE : test2\a94a8fe5ccb19ba6\6231816552576311,0:1318974,2016-12-14 14:22:20-251,2016-12-14 14:22:21-323
Success : LS : test2\a94a8fe5ccb19ba6\,0:-1,2016-12-14 14:22:21-438,2016-12-14 14:22:21-523
Success : CREATE_FILE : test2\a94a8fe5ccb19ba6\0906C259588A33C2,0:4092743,2016-12-14 14:22:21-643,2016-12-14 14:22:25-368
Success : LS : test2\a94a8fe5ccb19ba6\,0:-1,2016-12-14 14:22:25-487,2016-12-14 14:22:25-589
Success : SEQ_READ : test1\c5a5e5562b038073\b0c5d70d7f040bfa,0:17408,2016-12-14 14:22:25-678,2016-12-14 14:22:25-773
Success : SEQ_READ : test1\c5a5e5562b038073\a39ea9c72a98de10\f398de59988a85e5,0:6743,2016-12-14 14:22:25-875,2016-12-14 14:22:25-968
Success : LS : test2\a94a8fe5ccb19ba6\,0:-1,2016-12-14 14:22:26-058,2016-12-14 14:22:26-164
Success : CREATE_FILE : test2\a94a8fe5ccb19ba6\08BA1D7C72AA2570,0:1305746,2016-12-14 14:22:26-284,2016-12-14 14:22:27-473
Success : LS : test2\a94a8fe5ccb19ba6\,0:-1,2016-12-14 14:22:27-601,2016-12-14 14:22:27-685
Success : CREATE_FILE : test2\a94a8fe5ccb19ba6\7684CBAD0DA72EEA,0:1147396,2016-12-14 14:22:27-807,2016-12-14 14:22:28-530
Success : LS : test2\a94a8fe5ccb19ba6\,0:-1,2016-12-14 14:22:28-653,2016-12-14 14:22:28-731
Success : CREATE_FILE : test2\a94a8fe5ccb19ba6\75CACE7E4AAB916C,0:2005199,2016-12-14 14:22:28-808,2016-12-14 14:22:30-785
Success : LS : test1\f71b43c3136efa4f\52481749c0cdecd6\,0:-1,2016-12-14 14:22:30-909,2016-12-14 14:22:30-984
Success : LS : test1\f71b43c3136efa4f\83404ffd78f534ff\,0:-1,2016-12-14 14:22:31-063,2016-12-14 14:22:31-126
Success : SEQ_READ : test1\c5a5e5562b038073\2d77b1044a6c5c82,0:764416,2016-12-14 14:22:31-213,2016-12-14 14:22:31-317
Success : LS : test2\a94a8fe5ccb19ba6\2a5bd02710e975a7\,0:-1,2016-12-14 14:22:31-397,2016-12-14 14:22:31-463
Success : LS : test2\a94a8fe5ccb19ba6\2a5bd02710e975a7\,0:-1,2016-12-14 14:22:31-558,2016-12-14 14:22:31-632
Fail : LS : test1,0:-1,2016-12-14 14:22:31-707,2016-12-14 14:22:31-707
Reason : java.lang.StringIndexOutOfBoundsException: String index out of range: -1
Success : LS : test2\a94a8fe5ccb19ba6\,0:-1,2016-12-14 14:22:31-818,2016-12-14 14:22:31-896
Fail : LS : test1,0:-1,2016-12-14 14:22:31-972,2016-12-14 14:22:31-973
Reason : java.lang.StringIndexOutOfBoundsException: String index out of range: -1
Success : LS : test2\a94a8fe5ccb19ba6\,0:-1,2016-12-14 14:22:32-438,2016-12-14 14:22:32-537
Success : CREATE_FILE : test2\a94a8fe5ccb19ba6\451BEC9B69FD10DB,0:1886977,2016-12-14 14:22:32-636,2016-12-14 14:22:34-326
Fail : LS : test1,0:-1,2016-12-14 14:22:34-437,2016-12-14 14:22:34-437
Reason : java.lang.StringIndexOutOfBoundsException: String index out of range: -1
Fail : LS : test1,0:-1,2016-12-14 14:22:34-515,2016-12-14 14:22:34-515
Reason : java.lang.StringIndexOutOfBoundsException: String index out of range: -1
Success : LS : test2\a94a8fe5ccb19ba6\,0:-1,2016-12-14 14:22:34-631,2016-12-14 14:22:34-724
Success : CREATE_FILE : test2\a94a8fe5ccb19ba6\0E7EA71A3B2A69BB,0:3811012,2016-12-14 14:22:34-834,2016-12-14 14:22:38-311
Success : SEQ_READ : test2\8da7cc13802eefe0,0:22987191,2016-12-14 14:22:38-434,2016-12-14 14:22:38-512
Success : SEQ_READ : test1\f71b43c3136efa4f\52481749c0cdecd6\6670af231c096f09,0:129,2016-12-14 14:22:38-588,2016-12-14 14:22:38-686
Success : LS : test2\a94a8fe5ccb19ba6\2a5bd02710e975a7\,0:-1,2016-12-14 14:22:38-782,2016-12-14 14:22:39-038
Success : LS : test2\a94a8fe5ccb19ba6\,0:-1,2016-12-14 14:22:39-120,2016-12-14 14:22:39-196
Success : CREATE_FILE : test2\a94a8fe5ccb19ba6\2a5bd02710e975a7\21F6F0F07E0D162A,0:3145740,2016-12-14 14:22:39-276,2016-12-14 14:22:43-454
Success : LS : test2\a94a8fe5ccb19ba6\,0:-1,2016-12-14 14:22:43-570,2016-12-14 14:22:43-649
Success : SEQ_READ : test2\a94a8fe5ccb19ba6\2a5bd02710e975a7\254d76d2609fec03,0:2291,2016-12-14 14:22:43-724,2016-12-14 14:22:43-784
Success : LS : test2\a94a8fe5ccb19ba6\2a5bd02710e975a7\,0:-1,2016-12-14 14:22:43-890,2016-12-14 14:22:43-963
Success : LS : test1\f71b43c3136efa4f\9f93e73d6896cb7b\,0:-1,2016-12-14 14:22:44-064,2016-12-14 14:22:44-135
Success : SEQ_READ : test1\c5a5e5562b038073\05d1f0ed74e78555,0:69632,2016-12-14 14:22:44-253,2016-12-14 14:22:44-321
Success : LS : test2\a94a8fe5ccb19ba6\2a5bd02710e975a7\,0:-1,2016-12-14 14:22:44-404,2016-12-14 14:22:44-472
Success : CREATE_FILE : test2\a94a8fe5ccb19ba6\2a5bd02710e975a7\3DD822AC6C0A098C,0:1257622,2016-12-14 14:22:44-569,2016-12-14 14:22:45-376
Success : LS : test1\f71b43c3136efa4f\52481749c0cdecd6\,0:-1,2016-12-14 14:22:45-524,2016-12-14 14:22:46-004
Success : LS : test2\a94a8fe5ccb19ba6\,0:-1,2016-12-14 14:22:46-232,2016-12-14 14:22:47-024
Success : LS : test1\f71b43c3136efa4f\83404ffd78f534ff\,0:-1,2016-12-14 14:22:47-317,2016-12-14 14:22:47-419
Success : LS : test2\a94a8fe5ccb19ba6\,0:-1,2016-12-14 14:22:47-510,2016-12-14 14:22:47-615
Success : LS : test2\a94a8fe5ccb19ba6\2a5bd02710e975a7\,0:-1,2016-12-14 14:22:47-705,2016-12-14 14:22:47-806
Success : CREATE_FILE : test2\a94a8fe5ccb19ba6\237A984806554542,0:3015500,2016-12-14 14:22:47-895,2016-12-14 14:22:50-665
Success : LS : test2\a94a8fe5ccb19ba6\,0:-1,2016-12-14 14:22:50-780,2016-12-14 14:22:50-863
Success : CREATE_FILE : test2\a94a8fe5ccb19ba6\2a5bd02710e975a7\7176C8A679CC8400,0:3632012,2016-12-14 14:22:50-962,2016-12-14 14:22:54-856
Success : LS : test2\a94a8fe5ccb19ba6\2a5bd02710e975a7\,0:-1,2016-12-14 14:22:54-980,2016-12-14 14:22:55-057
Success : CREATE_FILE : test2\a94a8fe5ccb19ba6\382617AF78D9ECB7,0:2531523,2016-12-14 14:22:55-135,2016-12-14 14:22:57-327
Success : LS : test1\f71b43c3136efa4f\9f93e73d6896cb7b\,0:-1,2016-12-14 14:22:57-443,2016-12-14 14:22:57-539
Success : LS : test2\a94a8fe5ccb19ba6\,0:-1,2016-12-14 14:22:57-629,2016-12-14 14:22:57-718
Success : LS : test2\a94a8fe5ccb19ba6\,0:-1,2016-12-14 14:22:57-804,2016-12-14 14:22:57-895
Success : CREATE_FILE : test2\a94a8fe5ccb19ba6\2a5bd02710e975a7\3340F539235A0DD8,0:804379,2016-12-14 14:22:58-005,2016-12-14 14:22:58-461
Success : LS : test2\a94a8fe5ccb19ba6\2a5bd02710e975a7\,0:-1,2016-12-14 14:22:58-587,2016-12-14 14:22:58-694
Success : CREATE_FILE : test2\a94a8fe5ccb19ba6\2C4A883A547768F8,0:1468310,2016-12-14 14:22:58-799,2016-12-14 14:23:00-822
Success : LS : test2\a94a8fe5ccb19ba6\,0:-1,2016-12-14 14:23:00-943,2016-12-14 14:23:01-257
Success : CREATE_FILE : test2\a94a8fe5ccb19ba6\2a5bd02710e975a7\473C714662565EF9,0:2328406,2016-12-14 14:23:01-371,2016-12-14 14:23:03-269
Success : LS : test1\f71b43c3136efa4f\,0:-1,2016-12-14 14:23:03-396,2016-12-14 14:23:03-480
Success : LS : test2\a94a8fe5ccb19ba6\2a5bd02710e975a7\,0:-1,2016-12-14 14:23:03-564,2016-12-14 14:23:03-662
Success : SEQ_READ : test1\c5a5e5562b038073\a39ea9c72a98de10\aa61f113a9b13deb,0:438,2016-12-14 14:23:03-751,2016-12-14 14:23:03-835
Success : LS : test1\f71b43c3136efa4f\9f93e73d6896cb7b\,0:-1,2016-12-14 14:23:03-920,2016-12-14 14:23:04-022
Success : LS : test1\f71b43c3136efa4f\9f93e73d6896cb7b\,0:-1,2016-12-14 14:23:04-121,2016-12-14 14:23:04-210
Success : LS : test1\f71b43c3136efa4f\c7d9912886e5ccc7\,0:-1,2016-12-14 14:23:04-295,2016-12-14 14:23:04-402
Success : LS : test2\a94a8fe5ccb19ba6\2a5bd02710e975a7\,0:-1,2016-12-14 14:23:04-484,2016-12-14 14:23:04-593
Success : CREATE_FILE : test2\a94a8fe5ccb19ba6\2a5bd02710e975a7\65EBD0263CBA0244,0:3078999,2016-12-14 14:23:04-686,2016-12-14 14:23:07-819
Fail : LS : test1,0:-1,2016-12-14 14:23:07-944,2016-12-14 14:23:07-944
Reason : java.lang.StringIndexOutOfBoundsException: String index out of range: -1
Success : LS : test2\a94a8fe5ccb19ba6\2a5bd02710e975a7\,0:-1,2016-12-14 14:23:08-064,2016-12-14 14:23:08-152
Success : LS : test2\a94a8fe5ccb19ba6\,0:-1,2016-12-14 14:23:08-271,2016-12-14 14:23:08-365
Success : LS : test1\f71b43c3136efa4f\52481749c0cdecd6\,0:-1,2016-12-14 14:23:08-464,2016-12-14 14:23:08-527
Success : SEQ_READ : test1\c5a5e5562b038073\a39ea9c72a98de10\4a90c52e52d54ede,0:1048,2016-12-14 14:23:08-603,2016-12-14 14:23:08-663
Success : LS : test2\a94a8fe5ccb19ba6\2a5bd02710e975a7\,0:-1,2016-12-14 14:23:08-770,2016-12-14 14:23:08-844
Success : CREATE_FILE : test2\a94a8fe5ccb19ba6\41A4CCC022204BAE,0:2029009,2016-12-14 14:23:08-930,2016-12-14 14:23:10-524
Success : LS : test2\a94a8fe5ccb19ba6\,0:-1,2016-12-14 14:23:10-632,2016-12-14 14:23:10-744
Success : CREATE_FILE : test2\a94a8fe5ccb19ba6\590226C22AA0C9F2,0:3157733,2016-12-14 14:23:10-841,2016-12-14 14:23:13-728
Success : SEQ_READ : test1\c5a5e5562b038073\fbe0d7653f0909cb,0:1611,2016-12-14 14:23:13-851,2016-12-14 14:23:13-948
Success : SEQ_READ : test1\c5a5e5562b038073\c7abaf0419c47a1d,0:762529,2016-12-14 14:23:14-072,2016-12-14 14:23:14-149
Success : LS : test2\a94a8fe5ccb19ba6\,0:-1,2016-12-14 14:23:14-226,2016-12-14 14:23:14-307
Success : CREATE_FILE : test2\a94a8fe5ccb19ba6\2a5bd02710e975a7\72ED3BE816A4D93C,0:2630184,2016-12-14 14:23:14-383,2016-12-14 14:23:16-628
Success : LS : test2\a94a8fe5ccb19ba6\2a5bd02710e975a7\,0:-1,2016-12-14 14:23:16-749,2016-12-14 14:23:16-842
Success : CREATE_FILE : test2\a94a8fe5ccb19ba6\2a5bd02710e975a7\336DA69E4DF78072,0:2270544,2016-12-14 14:23:16-929,2016-12-14 14:23:19-823
Success : LS : test1\c5a5e5562b038073\,0:-1,2016-12-14 14:23:19-947,2016-12-14 14:23:20-035
Success : SEQ_READ : test1\c5a5e5562b038073\88fe52fe40fa2264,0:2854,2016-12-14 14:23:20-117,2016-12-14 14:23:20-207
Success : LS : test1\f71b43c3136efa4f\c7d9912886e5ccc7\,0:-1,2016-12-14 14:23:20-310,2016-12-14 14:23:20-405
Success : SEQ_READ : test1\f71b43c3136efa4f\c7d9912886e5ccc7\6670af231c096f09,0:129,2016-12-14 14:23:20-493,2016-12-14 14:23:20-556
Success : LS : test2\a94a8fe5ccb19ba6\2a5bd02710e975a7\,0:-1,2016-12-14 14:23:20-645,2016-12-14 14:23:20-718
Success : CREATE_FILE : test2\a94a8fe5ccb19ba6\2a5bd02710e975a7\5C027CA867ECE908,0:2534862,2016-12-14 14:23:20-825,2016-12-14 14:23:22-992
Success : LS : test2\a94a8fe5ccb19ba6\2a5bd02710e975a7\,0:-1,2016-12-14 14:23:23-109,2016-12-14 14:23:23-212
Success : CREATE_FILE : test2\a94a8fe5ccb19ba6\617F13333338B597,0:2919323,2016-12-14 14:23:23-308,2016-12-14 14:23:25-896
Success : LS : test1\f71b43c3136efa4f\,0:-1,2016-12-14 14:23:26-014,2016-12-14 14:23:26-085
Success : LS : test2\a94a8fe5ccb19ba6\,0:-1,2016-12-14 14:23:26-185,2016-12-14 14:23:26-291
Success : CREATE_FILE : test2\a94a8fe5ccb19ba6\2a5bd02710e975a7\2FBAB527448D07D9,0:1183541,2016-12-14 14:23:26-376,2016-12-14 14:23:27-143
Success : LS : test2\a94a8fe5ccb19ba6\2a5bd02710e975a7\,0:-1,2016-12-14 14:23:27-230,2016-12-14 14:23:27-297
Success : CREATE_FILE : test2\a94a8fe5ccb19ba6\60E2A6AF680E2080,0:959114,2016-12-14 14:23:27-372,2016-12-14 14:23:27-822
Success : LS : test2\a94a8fe5ccb19ba6\,0:-1,2016-12-14 14:23:27-946,2016-12-14 14:23:28-028
Success : CREATE_FILE : test2\a94a8fe5ccb19ba6\44BE4B31287034BC,0:101350,2016-12-14 14:23:28-130,2016-12-14 14:23:28-329
Success : LS : test2\a94a8fe5ccb19ba6\2a5bd02710e975a7\,0:-1,2016-12-14 14:23:28-450,2016-12-14 14:23:28-528
Success : SEQ_READ : test2\bc9c8ba7ff351f3e,0:217984,2016-12-14 14:23:28-649,2016-12-14 14:23:28-724
Success : LS : test1\f71b43c3136efa4f\52481749c0cdecd6\,0:-1,2016-12-14 14:23:28-803,2016-12-14 14:23:28-864
Success : LS : test1\c5a5e5562b038073\0189424a5a60fed3\,0:-1,2016-12-14 14:23:28-974,2016-12-14 14:23:29-073
Success : LS : test2\a94a8fe5ccb19ba6\,0:-1,2016-12-14 14:23:29-167,2016-12-14 14:23:29-262
Success : CREATE_FILE : test2\a94a8fe5ccb19ba6\2a5bd02710e975a7\08BA084F47411319,0:1421358,2016-12-14 14:23:29-369,2016-12-14 14:23:30-557
Success : LS : test2\a94a8fe5ccb19ba6\2a5bd02710e975a7\,0:-1,2016-12-14 14:23:30-682,2016-12-14 14:23:30-770
Success : CREATE_FILE : test2\a94a8fe5ccb19ba6\2a5bd02710e975a7\20B259B57A4D9BC7,0:3300176,2016-12-14 14:23:30-852,2016-12-14 14:23:33-681
Success : LS : test2\a94a8fe5ccb19ba6\2a5bd02710e975a7\,0:-1,2016-12-14 14:23:33-802,2016-12-14 14:23:33-881
Success : CREATE_FILE : test2\a94a8fe5ccb19ba6\5BBDDD451B5C71BB,0:1730342,2016-12-14 14:23:33-980,2016-12-14 14:23:35-243
Success : SEQ_READ : test1\c5a5e5562b038073\7b7f22b30cf50087,0:3126,2016-12-14 14:23:35-363,2016-12-14 14:23:35-465
Success : LS : test2\a94a8fe5ccb19ba6\2a5bd02710e975a7\,0:-1,2016-12-14 14:23:35-576,2016-12-14 14:23:35-684
Success : LS : test1\f71b43c3136efa4f\,0:-1,2016-12-14 14:23:35-809,2016-12-14 14:23:35-890
Success : LS : test2\a94a8fe5ccb19ba6\,0:-1,2016-12-14 14:23:35-975,2016-12-14 14:23:36-074
Success : CREATE_FILE : test2\a94a8fe5ccb19ba6\6A96A06D546F430F,0:2996013,2016-12-14 14:23:36-150,2016-12-14 14:23:38-879
Success : LS : test2\a94a8fe5ccb19ba6\,0:-1,2016-12-14 14:23:39-002,2016-12-14 14:23:39-081
Success : CREATE_FILE : test2\a94a8fe5ccb19ba6\244D79D54765053B,0:3276531,2016-12-14 14:23:39-158,2016-12-14 14:23:42-031
Success : LS : test2\a94a8fe5ccb19ba6\,0:-1,2016-12-14 14:23:42-115,2016-12-14 14:23:42-187
Success : CREATE_FILE : test2\a94a8fe5ccb19ba6\6739059545D09062,0:2451735,2016-12-14 14:23:42-262,2016-12-14 14:23:44-633
Fail : LS : test1,0:-1,2016-12-14 14:23:44-750,2016-12-14 14:23:44-751
Reason : java.lang.StringIndexOutOfBoundsException: String index out of range: -1
Success : LS : test2\a94a8fe5ccb19ba6\,0:-1,2016-12-14 14:23:44-836,2016-12-14 14:23:44-908
Fail : LS : test1,0:-1,2016-12-14 14:23:44-989,2016-12-14 14:23:44-989
Reason : java.lang.StringIndexOutOfBoundsException: String index out of range: -1
Success : LS : test2\a94a8fe5ccb19ba6\,0:-1,2016-12-14 14:23:45-072,2016-12-14 14:23:45-146
Success : LS : test2\a94a8fe5ccb19ba6\,0:-1,2016-12-14 14:23:45-220,2016-12-14 14:23:45-328
Success : CREATE_FILE : test2\a94a8fe5ccb19ba6\6F6C16493BDD2F6D,0:3828289,2016-12-14 14:23:45-416,2016-12-14 14:23:48-811
Success : LS : test2\a94a8fe5ccb19ba6\,0:-1,2016-12-14 14:23:48-937,2016-12-14 14:23:49-023
Success : LS : test2\a94a8fe5ccb19ba6\,0:-1,2016-12-14 14:23:49-103,2016-12-14 14:23:49-223
Success : CREATE_FILE : test2\a94a8fe5ccb19ba6\2a5bd02710e975a7\2F253C2C114C14F5,0:1887871,2016-12-14 14:23:49-328,2016-12-14 14:23:50-815
Success : LS : test1\f71b43c3136efa4f\9f93e73d6896cb7b\,0:-1,2016-12-14 14:23:50-936,2016-12-14 14:23:51-008
Fail : LS : test1,0:-1,2016-12-14 14:23:51-085,2016-12-14 14:23:51-085
Reason : java.lang.StringIndexOutOfBoundsException: String index out of range: -1
Success : SEQ_READ : test1\c5a5e5562b038073\0189424a5a60fed3\46a8219c2ae6c782,0:1544228,2016-12-14 14:23:51-159,2016-12-14 14:23:51-252
Success : LS : test1\f71b43c3136efa4f\,0:-1,2016-12-14 14:23:51-336,2016-12-14 14:23:51-402
Success : LS : test2\a94a8fe5ccb19ba6\2a5bd02710e975a7\,0:-1,2016-12-14 14:23:51-477,2016-12-14 14:23:51-568
Success : CREATE_FILE : test2\a94a8fe5ccb19ba6\0AA592BB5F93CAB3,0:3650530,2016-12-14 14:23:51-650,2016-12-14 14:23:54-889
Success : LS : test2\a94a8fe5ccb19ba6\,0:-1,2016-12-14 14:23:55-008,2016-12-14 14:23:55-177
Success : LS : test1\f71b43c3136efa4f\c7d9912886e5ccc7\,0:-1,2016-12-14 14:23:55-305,2016-12-14 14:23:55-380
Success : SEQ_READ : test1\c5a5e5562b038073\0caa882bd1034750,0:324096,2016-12-14 14:23:55-499,2016-12-14 14:23:55-604
Success : LS : test2\a94a8fe5ccb19ba6\,0:-1,2016-12-14 14:23:55-700,2016-12-14 14:23:55-792
Success : CREATE_FILE : test2\a94a8fe5ccb19ba6\2a5bd02710e975a7\0BF05C9C64CD6AAB,0:714365,2016-12-14 14:23:55-878,2016-12-14 14:23:56-535
Fail : LS : test1,0:-1,2016-12-14 14:23:56-648,2016-12-14 14:23:56-648
Reason : java.lang.StringIndexOutOfBoundsException: String index out of range: -1
Success : LS : test1\f71b43c3136efa4f\9f93e73d6896cb7b\,0:-1,2016-12-14 14:23:56-733,2016-12-14 14:23:56-796
Success : LS : test2\a94a8fe5ccb19ba6\2a5bd02710e975a7\,0:-1,2016-12-14 14:23:56-874,2016-12-14 14:23:56-943
Success : CREATE_FILE : test2\a94a8fe5ccb19ba6\7A005E504F943055,0:2726297,2016-12-14 14:23:57-053,2016-12-14 14:23:59-466
Success : LS : test2\a94a8fe5ccb19ba6\,0:-1,2016-12-14 14:23:59-580,2016-12-14 14:23:59-693
Success : CREATE_FILE : test2\a94a8fe5ccb19ba6\1A140BA60B9EDFB9,0:3223478,2016-12-14 14:23:59-782,2016-12-14 14:24:03-134
Success : LS : test1\f71b43c3136efa4f\,0:-1,2016-12-14 14:24:03-223,2016-12-14 14:24:03-284
Success : LS : test2\a94a8fe5ccb19ba6\,0:-1,2016-12-14 14:24:03-380,2016-12-14 14:24:03-453
Success : LS : test2\a94a8fe5ccb19ba6\,0:-1,2016-12-14 14:24:03-575,2016-12-14 14:24:03-658
Success : LS : test1\c5a5e5562b038073\,0:-1,2016-12-14 14:24:03-752,2016-12-14 14:24:03-816
Success : LS : test2\a94a8fe5ccb19ba6\,0:-1,2016-12-14 14:24:03-938,2016-12-14 14:24:04-027
Success : CREATE_FILE : test2\a94a8fe5ccb19ba6\228D5A300CB90469,0:1643109,2016-12-14 14:24:04-156,2016-12-14 14:24:05-483
Success : LS : test1\c5a5e5562b038073\,0:-1,2016-12-14 14:24:05-604,2016-12-14 14:24:05-676
Success : LS : test2\a94a8fe5ccb19ba6\,0:-1,2016-12-14 14:24:05-752,2016-12-14 14:24:05-858
Success : LS : test2\a94a8fe5ccb19ba6\,0:-1,2016-12-14 14:24:05-966,2016-12-14 14:24:06-043
Success : CREATE_FILE : test2\a94a8fe5ccb19ba6\2a5bd02710e975a7\58B2ADBD191C369C,0:323997,2016-12-14 14:24:06-121,2016-12-14 14:24:06-465
Success : LS : test2\a94a8fe5ccb19ba6\2a5bd02710e975a7\,0:-1,2016-12-14 14:24:06-586,2016-12-14 14:24:06-664
Success : CREATE_FILE : test2\a94a8fe5ccb19ba6\2a5bd02710e975a7\0FC1B61D60AC6C69,0:3932396,2016-12-14 14:24:06-789,2016-12-14 14:24:10-478
Success : LS : test2\a94a8fe5ccb19ba6\2a5bd02710e975a7\,0:-1,2016-12-14 14:24:10-606,2016-12-14 14:24:10-683
Success : CREATE_FILE : test2\a94a8fe5ccb19ba6\5082909856C28883,0:1440864,2016-12-14 14:24:10-786,2016-12-14 14:24:11-833
Success : SEQ_READ : test1\c5a5e5562b038073\c7734a16bf12bb03,0:364726,2016-12-14 14:24:11-965,2016-12-14 14:24:12-038
Success : LS : test1\f71b43c3136efa4f\52481749c0cdecd6\,0:-1,2016-12-14 14:24:12-115,2016-12-14 14:24:12-175
Success : LS : test2\a94a8fe5ccb19ba6\,0:-1,2016-12-14 14:24:12-291,2016-12-14 14:24:12-371
Success : SEQ_READ : test1\c5a5e5562b038073\a39ea9c72a98de10\f398de59988a85e5,0:6743,2016-12-14 14:24:12-478,2016-12-14 14:24:12-545
Success : LS : test2\a94a8fe5ccb19ba6\2a5bd02710e975a7\,0:-1,2016-12-14 14:24:12-643,2016-12-14 14:24:12-713
Success : LS : test2\a94a8fe5ccb19ba6\,0:-1,2016-12-14 14:24:12-787,2016-12-14 14:24:12-928
Success : CREATE_FILE : test2\a94a8fe5ccb19ba6\5E68E3935A34C129,0:1567760,2016-12-14 14:24:13-023,2016-12-14 14:24:14-808
Success : LS : test2\a94a8fe5ccb19ba6\,0:-1,2016-12-14 14:24:14-934,2016-12-14 14:24:15-031
Success : CREATE_FILE : test2\a94a8fe5ccb19ba6\35060DB45F1D1736,0:1006641,2016-12-14 14:24:15-138,2016-12-14 14:24:15-647
Success : LS : test2\a94a8fe5ccb19ba6\,0:-1,2016-12-14 14:24:15-752,2016-12-14 14:24:15-862
Success : LS : test1\c5a5e5562b038073\0189424a5a60fed3\,0:-1,2016-12-14 14:24:15-953,2016-12-14 14:24:16-019
Success : LS : test1\f71b43c3136efa4f\,0:-1,2016-12-14 14:24:16-094,2016-12-14 14:24:16-181
Success : SEQ_READ : test1\c5a5e5562b038073\f72cdbcd84f047a5,0:17893,2016-12-14 14:24:16-297,2016-12-14 14:24:16-364
Success : LS : test1\c5a5e5562b038073\,0:-1,2016-12-14 14:24:16-468,2016-12-14 14:24:16-534
Success : LS : test2\a94a8fe5ccb19ba6\,0:-1,2016-12-14 14:24:16-654,2016-12-14 14:24:16-746
Success : CREATE_FILE : test2\a94a8fe5ccb19ba6\19C169580FBC8764,0:2643889,2016-12-14 14:24:16-827,2016-12-14 14:24:19-014
Success : LS : test2\a94a8fe5ccb19ba6\,0:-1,2016-12-14 14:24:19-134,2016-12-14 14:24:19-217
Success : CREATE_FILE : test2\a94a8fe5ccb19ba6\6A13A3563747377B,0:2429026,2016-12-14 14:24:19-334,2016-12-14 14:24:21-319
Success : LS : test2\a94a8fe5ccb19ba6\,0:-1,2016-12-14 14:24:21-436,2016-12-14 14:24:21-517
Success : CREATE_FILE : test2\a94a8fe5ccb19ba6\4AC053E617198B2F,0:2303567,2016-12-14 14:24:21-603,2016-12-14 14:24:23-853
Success : LS : test2\a94a8fe5ccb19ba6\,0:-1,2016-12-14 14:24:23-969,2016-12-14 14:24:24-045
Success : LS : test2\a94a8fe5ccb19ba6\,0:-1,2016-12-14 14:24:24-121,2016-12-14 14:24:24-192
Success : LS : test2\a94a8fe5ccb19ba6\,0:-1,2016-12-14 14:24:24-282,2016-12-14 14:24:24-356
Success : CREATE_FILE : test2\a94a8fe5ccb19ba6\2a5bd02710e975a7\45B2D9B07376D8BE,0:1042473,2016-12-14 14:24:24-432,2016-12-14 14:24:24-865
Success : LS : test2\a94a8fe5ccb19ba6\2a5bd02710e975a7\,0:-1,2016-12-14 14:24:24-980,2016-12-14 14:24:25-058
Success : CREATE_FILE : test2\a94a8fe5ccb19ba6\291C727149FCB4A7,0:149706,2016-12-14 14:24:25-133,2016-12-14 14:24:25-996
Success : LS : test2\a94a8fe5ccb19ba6\,0:-1,2016-12-14 14:24:26-124,2016-12-14 14:24:26-212
Success : CREATE_FILE : test2\a94a8fe5ccb19ba6\6398753564A5F8A5,0:83992,2016-12-14 14:24:26-292,2016-12-14 14:24:26-583
Success : LS : test2\a94a8fe5ccb19ba6\,0:-1,2016-12-14 14:24:26-708,2016-12-14 14:24:26-793
Success : CREATE_FILE : test2\a94a8fe5ccb19ba6\639B4B1923DA00D8,0:769089,2016-12-14 14:24:26-904,2016-12-14 14:24:27-371
Success : LS : test1\f71b43c3136efa4f\52481749c0cdecd6\,0:-1,2016-12-14 14:24:27-496,2016-12-14 14:24:27-595
Success : LS : test1\f71b43c3136efa4f\9f93e73d6896cb7b\,0:-1,2016-12-14 14:24:27-695,2016-12-14 14:24:27-762
Success : LS : test1\f71b43c3136efa4f\52481749c0cdecd6\,0:-1,2016-12-14 14:24:27-858,2016-12-14 14:24:27-958
Success : SEQ_READ : test2\8da7cc13802eefe0,0:22987191,2016-12-14 14:24:28-056,2016-12-14 14:24:28-152
Success : LS : test2\a94a8fe5ccb19ba6\,0:-1,2016-12-14 14:24:28-243,2016-12-14 14:24:28-318
Success : CREATE_FILE : test2\a94a8fe5ccb19ba6\2a5bd02710e975a7\6AFD909C35405998,0:1498680,2016-12-14 14:24:28-402,2016-12-14 14:24:31-503
Success : LS : test2\a94a8fe5ccb19ba6\2a5bd02710e975a7\,0:-1,2016-12-14 14:24:31-633,2016-12-14 14:24:31-883
Success : CREATE_FILE : test2\a94a8fe5ccb19ba6\2a5bd02710e975a7\3BD836AF5E6A7AF7,0:751812,2016-12-14 14:24:32-010,2016-12-14 14:24:33-541
Success : LS : test1\f71b43c3136efa4f\c7d9912886e5ccc7\,0:-1,2016-12-14 14:24:33-663,2016-12-14 14:24:33-736
Success : LS : test1\c5a5e5562b038073\,0:-1,2016-12-14 14:24:33-832,2016-12-14 14:24:33-931
Success : LS : test1\f71b43c3136efa4f\52481749c0cdecd6\,0:-1,2016-12-14 14:24:34-018,2016-12-14 14:24:34-080
Success : LS : test1\f71b43c3136efa4f\9f93e73d6896cb7b\,0:-1,2016-12-14 14:24:34-159,2016-12-14 14:24:34-221
Success : LS : test1\f71b43c3136efa4f\,0:-1,2016-12-14 14:24:34-314,2016-12-14 14:24:34-387
Fail : LS : test1,0:-1,2016-12-14 14:24:34-484,2016-12-14 14:24:34-484
Reason : java.lang.StringIndexOutOfBoundsException: String index out of range: -1
Success : SEQ_READ : test2\6c33a983eec1b409,0:2291,2016-12-14 14:24:34-598,2016-12-14 14:24:34-667
Success : LS : test2\a94a8fe5ccb19ba6\2a5bd02710e975a7\,0:-1,2016-12-14 14:24:34-742,2016-12-14 14:24:34-841
Success : CREATE_FILE : test2\a94a8fe5ccb19ba6\2a5bd02710e975a7\61ACD25F237DA0A8,0:488804,2016-12-14 14:24:34-943,2016-12-14 14:24:35-300
Success : LS : test1\c5a5e5562b038073\0189424a5a60fed3\,0:-1,2016-12-14 14:24:35-419,2016-12-14 14:24:35-507
Success : SEQ_READ : test1\c5a5e5562b038073\88fe52fe40fa2264,0:2854,2016-12-14 14:24:35-587,2016-12-14 14:24:35-647
Success : LS : test2\a94a8fe5ccb19ba6\2a5bd02710e975a7\,0:-1,2016-12-14 14:24:35-722,2016-12-14 14:24:35-842
Success : CREATE_FILE : test2\a94a8fe5ccb19ba6\64ED96B56AC2649C,0:3929306,2016-12-14 14:24:35-947,2016-12-14 14:24:39-645
Success : LS : test2\a94a8fe5ccb19ba6\,0:-1,2016-12-14 14:24:39-804,2016-12-14 14:24:39-909
Success : LS : test2\a94a8fe5ccb19ba6\,0:-1,2016-12-14 14:24:40-032,2016-12-14 14:24:40-109
Success : CREATE_FILE : test2\a94a8fe5ccb19ba6\2a5bd02710e975a7\1AC038361673B30D,0:228087,2016-12-14 14:24:40-185,2016-12-14 14:24:40-493
Success : LS : test2\a94a8fe5ccb19ba6\2a5bd02710e975a7\,0:-1,2016-12-14 14:24:40-609,2016-12-14 14:24:40-680
Success : CREATE_FILE : test2\a94a8fe5ccb19ba6\00A6A1F425089CBF,0:3045885,2016-12-14 14:24:40-799,2016-12-14 14:24:43-487
Success : LS : test2\a94a8fe5ccb19ba6\,0:-1,2016-12-14 14:24:43-604,2016-12-14 14:24:43-685
Success : CREATE_FILE : test2\a94a8fe5ccb19ba6\2a5bd02710e975a7\6BD099BF56EE2273,0:231032,2016-12-14 14:24:43-793,2016-12-14 14:24:44-116
Success : LS : test2\a94a8fe5ccb19ba6\2a5bd02710e975a7\,0:-1,2016-12-14 14:24:44-239,2016-12-14 14:24:44-319
Success : CREATE_FILE : test2\a94a8fe5ccb19ba6\2a5bd02710e975a7\2702E76B46E3FC80,0:581446,2016-12-14 14:24:44-411,2016-12-14 14:24:45-172
Success : LS : test1\f71b43c3136efa4f\9f93e73d6896cb7b\,0:-1,2016-12-14 14:24:45-248,2016-12-14 14:24:45-311
Success : LS : test2\a94a8fe5ccb19ba6\2a5bd02710e975a7\,0:-1,2016-12-14 14:24:45-388,2016-12-14 14:24:45-496
Success : CREATE_FILE : test2\a94a8fe5ccb19ba6\1BB488084242B496,0:3836966,2016-12-14 14:24:45-616,2016-12-14 14:24:50-092
Success : LS : test2\a94a8fe5ccb19ba6\,0:-1,2016-12-14 14:24:50-201,2016-12-14 14:24:50-326
Success : CREATE_FILE : test2\a94a8fe5ccb19ba6\2a5bd02710e975a7\3A1423A0028204C2,0:2821177,2016-12-14 14:24:50-448,2016-12-14 14:24:54-195
Success : LS : test2\a94a8fe5ccb19ba6\2a5bd02710e975a7\,0:-1,2016-12-14 14:24:54-308,2016-12-14 14:24:54-771
Success : CREATE_FILE : test2\a94a8fe5ccb19ba6\2a5bd02710e975a7\169B2C4E74E48A52,0:2403818,2016-12-14 14:24:54-887,2016-12-14 14:24:57-123
Success : SEQ_READ : test1\c5a5e5562b038073\f72cdbcd84f047a5,0:17893,2016-12-14 14:24:57-198,2016-12-14 14:24:57-301
Success : SEQ_READ : test2\6c33a983eec1b409,0:2291,2016-12-14 14:24:57-392,2016-12-14 14:24:57-486
Success : LS : test1\f71b43c3136efa4f\83404ffd78f534ff\,0:-1,2016-12-14 14:24:57-575,2016-12-14 14:24:57-662
Success : LS : test1\c5a5e5562b038073\0189424a5a60fed3\,0:-1,2016-12-14 14:24:57-748,2016-12-14 14:24:57-840
Fail : LS : test1,0:-1,2016-12-14 14:24:57-928,2016-12-14 14:24:57-928
Reason : java.lang.StringIndexOutOfBoundsException: String index out of range: -1
Success : LS : test1\c5a5e5562b038073\,0:-1,2016-12-14 14:24:58-049,2016-12-14 14:24:58-119
Success : LS : test1\c5a5e5562b038073\0189424a5a60fed3\,0:-1,2016-12-14 14:24:58-202,2016-12-14 14:24:58-286
Success : LS : test2\a94a8fe5ccb19ba6\2a5bd02710e975a7\,0:-1,2016-12-14 14:24:58-412,2016-12-14 14:24:58-500
Success : CREATE_FILE : test2\a94a8fe5ccb19ba6\5E63C60B34205B56,0:3727356,2016-12-14 14:24:58-606,2016-12-14 14:25:02-556
Success : SEQ_READ : test1\c5a5e5562b038073\a39ea9c72a98de10\4a90c52e52d54ede,0:1048,2016-12-14 14:25:02-678,2016-12-14 14:25:02-751
Success : SEQ_READ : test2\a94a8fe5ccb19ba6\2a5bd02710e975a7\254d76d2609fec03,0:2291,2016-12-14 14:25:02-830,2016-12-14 14:25:02-890
Success : LS : test2\a94a8fe5ccb19ba6\2a5bd02710e975a7\,0:-1,2016-12-14 14:25:02-989,2016-12-14 14:25:03-109
Success : LS : test2\a94a8fe5ccb19ba6\,0:-1,2016-12-14 14:25:03-184,2016-12-14 14:25:03-263
Success : CREATE_FILE : test2\a94a8fe5ccb19ba6\4BD586140DF221EF,0:2981824,2016-12-14 14:25:03-338,2016-12-14 14:25:06-154
Success : LS : test2\a94a8fe5ccb19ba6\,0:-1,2016-12-14 14:25:06-269,2016-12-14 14:25:06-389
Success : CREATE_FILE : test2\a94a8fe5ccb19ba6\24932721356B3652,0:1606909,2016-12-14 14:25:06-504,2016-12-14 14:25:10-419
Fail : LS : test1,0:-1,2016-12-14 14:25:10-590,2016-12-14 14:25:10-590
Reason : java.lang.StringIndexOutOfBoundsException: String index out of range: -1
Success : LS : test2\a94a8fe5ccb19ba6\,0:-1,2016-12-14 14:25:10-666,2016-12-14 14:25:10-988
Success : LS : test2\a94a8fe5ccb19ba6\,0:-1,2016-12-14 14:25:11-114,2016-12-14 14:25:11-200
Success : CREATE_FILE : test2\a94a8fe5ccb19ba6\2a5bd02710e975a7\5630674431A3C605,0:1258354,2016-12-14 14:25:11-314,2016-12-14 14:25:12-753
Success : LS : test2\a94a8fe5ccb19ba6\2a5bd02710e975a7\,0:-1,2016-12-14 14:25:12-859,2016-12-14 14:25:12-983
Success : CREATE_FILE : test2\a94a8fe5ccb19ba6\7F24733F77D1F77B,0:1977803,2016-12-14 14:25:13-071,2016-12-14 14:25:15-705
Success : LS : test2\a94a8fe5ccb19ba6\,0:-1,2016-12-14 14:25:15-820,2016-12-14 14:25:15-990
Success : CREATE_FILE : test2\a94a8fe5ccb19ba6\2a5bd02710e975a7\618169023DB3FACD,0:3220825,2016-12-14 14:25:16-118,2016-12-14 14:25:19-050
Success : LS : test2\a94a8fe5ccb19ba6\2a5bd02710e975a7\,0:-1,2016-12-14 14:25:19-161,2016-12-14 14:25:19-290
Success : CREATE_FILE : test2\a94a8fe5ccb19ba6\21065B9316285525,0:3670775,2016-12-14 14:25:19-382,2016-12-14 14:25:23-014
Success : LS : test1\c5a5e5562b038073\a39ea9c72a98de10\,0:-1,2016-12-14 14:25:23-136,2016-12-14 14:25:23-226
Success : LS : test2\a94a8fe5ccb19ba6\,0:-1,2016-12-14 14:25:23-305,2016-12-14 14:25:23-542
Success : LS : test2\a94a8fe5ccb19ba6\,0:-1,2016-12-14 14:25:23-665,2016-12-14 14:25:23-780
Success : LS : test1\f71b43c3136efa4f\c7d9912886e5ccc7\,0:-1,2016-12-14 14:25:23-896,2016-12-14 14:25:23-971
Success : LS : test1\f71b43c3136efa4f\c7d9912886e5ccc7\,0:-1,2016-12-14 14:25:24-056,2016-12-14 14:25:24-118
Success : LS : test2\a94a8fe5ccb19ba6\,0:-1,2016-12-14 14:25:24-196,2016-12-14 14:25:24-267
Success : CREATE_FILE : test2\a94a8fe5ccb19ba6\1E6F34E86671B50E,0:2790938,2016-12-14 14:25:24-370,2016-12-14 14:25:29-289
Success : LS : test2\a94a8fe5ccb19ba6\,0:-1,2016-12-14 14:25:29-415,2016-12-14 14:25:29-760
Success : CREATE_FILE : test2\a94a8fe5ccb19ba6\2a5bd02710e975a7\40932EA049D21B61,0:2846636,2016-12-14 14:25:29-876,2016-12-14 14:25:32-506
Success : LS : test1\f71b43c3136efa4f\,0:-1,2016-12-14 14:25:32-634,2016-12-14 14:25:32-706
Success : LS : test2\a94a8fe5ccb19ba6\2a5bd02710e975a7\,0:-1,2016-12-14 14:25:32-800,2016-12-14 14:25:32-869
Success : CREATE_FILE : test2\a94a8fe5ccb19ba6\2a5bd02710e975a7\4E68C27F2D317600,0:2128022,2016-12-14 14:25:32-980,2016-12-14 14:25:36-063
Success : LS : test2\a94a8fe5ccb19ba6\2a5bd02710e975a7\,0:-1,2016-12-14 14:25:36-150,2016-12-14 14:25:36-405
Success : CREATE_FILE : test2\a94a8fe5ccb19ba6\2a5bd02710e975a7\29D8DC916D8B3718,0:1745430,2016-12-14 14:25:36-513,2016-12-14 14:25:38-357
Success : LS : test2\a94a8fe5ccb19ba6\2a5bd02710e975a7\,0:-1,2016-12-14 14:25:38-480,2016-12-14 14:25:38-595
Success : CREATE_FILE : test2\a94a8fe5ccb19ba6\2a5bd02710e975a7\60BE6E0B4E807947,0:4042045,2016-12-14 14:25:38-685,2016-12-14 14:25:42-863
Success : LS : test2\a94a8fe5ccb19ba6\2a5bd02710e975a7\,0:-1,2016-12-14 14:25:43-034,2016-12-14 14:25:43-106
Success : CREATE_FILE : test2\a94a8fe5ccb19ba6\2a5bd02710e975a7\5DBC580D471E608A,0:3549219,2016-12-14 14:25:43-190,2016-12-14 14:25:47-127
Success : LS : test2\a94a8fe5ccb19ba6\2a5bd02710e975a7\,0:-1,2016-12-14 14:25:47-210,2016-12-14 14:25:47-305
Success : CREATE_FILE : test2\a94a8fe5ccb19ba6\2a5bd02710e975a7\24C0515C4BDCB7D7,0:1192668,2016-12-14 14:25:47-405,2016-12-14 14:25:48-368
Success : LS : test1\f71b43c3136efa4f\52481749c0cdecd6\,0:-1,2016-12-14 14:25:48-490,2016-12-14 14:25:48-561
Success : LS : test1\c5a5e5562b038073\a39ea9c72a98de10\,0:-1,2016-12-14 14:25:48-639,2016-12-14 14:25:48-737
Success : LS : test2\a94a8fe5ccb19ba6\2a5bd02710e975a7\,0:-1,2016-12-14 14:25:48-834,2016-12-14 14:25:48-907
Success : CREATE_FILE : test2\a94a8fe5ccb19ba6\2a5bd02710e975a7\36A5C25D034F1A5F,0:886829,2016-12-14 14:25:48-992,2016-12-14 14:25:49-612
Success : LS : test2\a94a8fe5ccb19ba6\2a5bd02710e975a7\,0:-1,2016-12-14 14:25:49-715,2016-12-14 14:25:49-813
Success : CREATE_FILE : test2\a94a8fe5ccb19ba6\22541DCF44EFBD8C,0:3088917,2016-12-14 14:25:49-900,2016-12-14 14:25:53-820
Success : LS : test2\a94a8fe5ccb19ba6\,0:-1,2016-12-14 14:25:53-924,2016-12-14 14:25:54-140
Success : CREATE_FILE : test2\a94a8fe5ccb19ba6\2a5bd02710e975a7\6B0C7DEF41032F0D,0:3128403,2016-12-14 14:25:54-222,2016-12-14 14:25:57-228
Success : LS : test2\a94a8fe5ccb19ba6\2a5bd02710e975a7\,0:-1,2016-12-14 14:25:57-336,2016-12-14 14:25:57-410
Success : CREATE_FILE : test2\a94a8fe5ccb19ba6\0B2B0C11430B1F71,0:3908648,2016-12-14 14:25:57-514,2016-12-14 14:26:01-170
Success : LS : test2\a94a8fe5ccb19ba6\,0:-1,2016-12-14 14:26:01-295,2016-12-14 14:26:01-381
Success : LS : test1\f71b43c3136efa4f\9f93e73d6896cb7b\,0:-1,2016-12-14 14:26:01-468,2016-12-14 14:26:01-535
Success : LS : test1\c5a5e5562b038073\0189424a5a60fed3\,0:-1,2016-12-14 14:26:01-617,2016-12-14 14:26:01-679
Success : LS : test2\a94a8fe5ccb19ba6\,0:-1,2016-12-14 14:26:01-784,2016-12-14 14:26:01-863
Success : LS : test1\f71b43c3136efa4f\83404ffd78f534ff\,0:-1,2016-12-14 14:26:01-942,2016-12-14 14:26:02-030
Success : CREATE_FILE : test2\a94a8fe5ccb19ba6\642F1FF9225A367D,0:3638204,2016-12-14 14:26:02-145,2016-12-14 14:26:06-917
Success : LS : test2\a94a8fe5ccb19ba6\,0:-1,2016-12-14 14:26:07-035,2016-12-14 14:26:07-125
