Success : LS : test1\c5a5e5562b038073\0189424a5a60fed3\,0:-1,2016-12-12 11:02:05-516,2016-12-12 11:02:05-672
Success : LS : test2\a94a8fe5ccb19ba6\2a5bd02710e975a7\,0:-1,2016-12-12 11:02:05-790,2016-12-12 11:02:05-880
Success : RANDOM_READ : test1\c5a5e5562b038073\2d77b1044a6c5c82,139556:179492,2016-12-12 11:02:05-968,2016-12-12 11:02:06-041
Success : CREATE_FILE : test2\a94a8fe5ccb19ba6\2a5bd02710e975a7\1A40C55236048A25,0:3194923,2016-12-12 11:02:06-122,2016-12-12 11:02:09-600
Success : LS : test2\a94a8fe5ccb19ba6\2a5bd02710e975a7\,0:-1,2016-12-12 11:02:09-718,2016-12-12 11:02:09-811
Success : CREATE_FILE : test2\a94a8fe5ccb19ba6\217C1F2453BCD0B6,0:3130318,2016-12-12 11:02:09-920,2016-12-12 11:02:12-868
Success : LS : test2\a94a8fe5ccb19ba6\,0:-1,2016-12-12 11:02:12-995,2016-12-12 11:02:13-081
Success : CREATE_FILE : test2\a94a8fe5ccb19ba6\74C2F93F1211A7B7,0:15326,2016-12-12 11:02:13-160,2016-12-12 11:02:13-591
Success : LS : test2\a94a8fe5ccb19ba6\,0:-1,2016-12-12 11:02:13-718,2016-12-12 11:02:13-803
Success : CREATE_FILE : test2\a94a8fe5ccb19ba6\34757EC57010490A,0:1554960,2016-12-12 11:02:13-883,2016-12-12 11:02:15-032
Success : LS : test2\a94a8fe5ccb19ba6\,0:-1,2016-12-12 11:02:15-155,2016-12-12 11:02:15-241
Success : CREATE_FILE : test2\a94a8fe5ccb19ba6\2a5bd02710e975a7\13DD1C7809226C5A,0:443634,2016-12-12 11:02:15-334,2016-12-12 11:02:15-876
Success : LS : test1\c5a5e5562b038073\0189424a5a60fed3\,0:-1,2016-12-12 11:02:15-997,2016-12-12 11:02:16-104
Success : LS : test2\a94a8fe5ccb19ba6\,0:-1,2016-12-12 11:02:16-231,2016-12-12 11:02:16-317
Success : RANDOM_READ : test2\49f03965cf98b1f5,1200:1200,2016-12-12 11:02:16-398,2016-12-12 11:02:16-494
Success : RANDOM_READ : test2\a94a8fe5ccb19ba6\4b6fcb2d521ef0fd,474:474,2016-12-12 11:02:16-622,2016-12-12 11:02:16-692
Success : LS : test2\a94a8fe5ccb19ba6\,0:-1,2016-12-12 11:02:16-769,2016-12-12 11:02:16-891
Success : LS : test2\a94a8fe5ccb19ba6\2a5bd02710e975a7\,0:-1,2016-12-12 11:02:17-014,2016-12-12 11:02:17-092
Success : CREATE_FILE : test2\a94a8fe5ccb19ba6\5ACF78D1366232E8,0:3697309,2016-12-12 11:02:17-172,2016-12-12 11:02:20-877
Success : LS : test2\a94a8fe5ccb19ba6\,0:-1,2016-12-12 11:02:21-003,2016-12-12 11:02:21-110
Success : CREATE_FILE : test2\a94a8fe5ccb19ba6\2a5bd02710e975a7\2CD92D0045A6FA69,0:1266332,2016-12-12 11:02:21-205,2016-12-12 11:02:22-338
Success : LS : test1\f71b43c3136efa4f\,0:-1,2016-12-12 11:02:22-465,2016-12-12 11:02:22-540
Success : LS : test1\f71b43c3136efa4f\52481749c0cdecd6\,0:-1,2016-12-12 11:02:22-619,2016-12-12 11:02:22-702
Success : LS : test1\f71b43c3136efa4f\83404ffd78f534ff\,0:-1,2016-12-12 11:02:22-790,2016-12-12 11:02:22-855
Success : LS : test2\a94a8fe5ccb19ba6\2a5bd02710e975a7\,0:-1,2016-12-12 11:02:22-932,2016-12-12 11:02:23-001
Success : CREATE_FILE : test2\a94a8fe5ccb19ba6\0E70FF0413D28627,0:2420468,2016-12-12 11:02:23-127,2016-12-12 11:02:25-244
Success : LS : test2\a94a8fe5ccb19ba6\,0:-1,2016-12-12 11:02:25-373,2016-12-12 11:02:25-467
Success : CREATE_FILE : test2\a94a8fe5ccb19ba6\6CDB0D0B27B56DD5,0:558933,2016-12-12 11:02:25-586,2016-12-12 11:02:26-263
Success : LS : test2\a94a8fe5ccb19ba6\,0:-1,2016-12-12 11:02:26-395,2016-12-12 11:02:26-474
Success : CREATE_FILE : test2\a94a8fe5ccb19ba6\3BA9FF8F0061E41D,0:3263021,2016-12-12 11:02:26-593,2016-12-12 11:02:29-483
Success : LS : test2\a94a8fe5ccb19ba6\,0:-1,2016-12-12 11:02:29-613,2016-12-12 11:02:29-694
Success : CREATE_FILE : test2\a94a8fe5ccb19ba6\2a5bd02710e975a7\06184A5E1C6A6829,0:34836,2016-12-12 11:02:29-816,2016-12-12 11:02:30-450
Success : RANDOM_READ : test1\c5a5e5562b038073\767c14c8beb1e835,3572476:3613436,2016-12-12 11:02:30-532,2016-12-12 11:02:30-602
Success : LS : test2\a94a8fe5ccb19ba6\,0:-1,2016-12-12 11:02:30-690,2016-12-12 11:02:30-762
Success : RANDOM_READ : test2\6c33a983eec1b409,797:1821,2016-12-12 11:02:30-881,2016-12-12 11:02:30-951
Success : LS : test2\a94a8fe5ccb19ba6\,0:-1,2016-12-12 11:02:31-082,2016-12-12 11:02:31-196
Success : LS : test2\a94a8fe5ccb19ba6\2a5bd02710e975a7\,0:-1,2016-12-12 11:02:31-326,2016-12-12 11:02:31-407
Success : CREATE_FILE : test2\a94a8fe5ccb19ba6\6CDFC16217A5AACF,0:1899821,2016-12-12 11:02:31-486,2016-12-12 11:02:34-225
Success : LS : test2\a94a8fe5ccb19ba6\,0:-1,2016-12-12 11:02:34-347,2016-12-12 11:02:34-429
Success : CREATE_FILE : test2\a94a8fe5ccb19ba6\28DE34CC085E385A,0:635710,2016-12-12 11:02:34-506,2016-12-12 11:02:35-258
Success : LS : test2\a94a8fe5ccb19ba6\,0:-1,2016-12-12 11:02:35-380,2016-12-12 11:02:35-462
Success : CREATE_FILE : test2\a94a8fe5ccb19ba6\6A021CC45485C8C5,0:3966748,2016-12-12 11:02:35-584,2016-12-12 11:02:39-666
Success : LS : test2\a94a8fe5ccb19ba6\,0:-1,2016-12-12 11:02:39-798,2016-12-12 11:02:39-897
Success : LS : test1\f71b43c3136efa4f\,0:-1,2016-12-12 11:02:40-024,2016-12-12 11:02:40-100
Success : LS : test2\a94a8fe5ccb19ba6\2a5bd02710e975a7\,0:-1,2016-12-12 11:02:40-222,2016-12-12 11:02:40-299
Success : LS : test2\a94a8fe5ccb19ba6\,0:-1,2016-12-12 11:02:40-408,2016-12-12 11:02:40-485
Success : CREATE_FILE : test2\a94a8fe5ccb19ba6\0A112CCA7E371478,0:2220812,2016-12-12 11:02:40-597,2016-12-12 11:02:42-790
Success : LS : test2\a94a8fe5ccb19ba6\,0:-1,2016-12-12 11:02:42-919,2016-12-12 11:02:43-034
Success : CREATE_FILE : test2\a94a8fe5ccb19ba6\34399A48299DC5DA,0:1106292,2016-12-12 11:02:43-162,2016-12-12 11:02:44-306
Success : LS : test2\a94a8fe5ccb19ba6\,0:-1,2016-12-12 11:02:44-453,2016-12-12 11:02:44-557
Success : CREATE_FILE : test2\a94a8fe5ccb19ba6\2a5bd02710e975a7\787A41AC5CD74E1B,0:2571120,2016-12-12 11:02:44-659,2016-12-12 11:02:47-803
Fail : LS : test1,0:-1,2016-12-12 11:02:47-924,2016-12-12 11:02:47-925
Reason : java.lang.StringIndexOutOfBoundsException: String index out of range: -2
Success : RANDOM_READ : test1\f71b43c3136efa4f\9f93e73d6896cb7b\6670af231c096f09,0:129,2016-12-12 11:02:48-053,2016-12-12 11:02:48-123
Success : LS : test2\a94a8fe5ccb19ba6\,0:-1,2016-12-12 11:02:48-204,2016-12-12 11:02:48-282
Fail : LS : test1,0:-1,2016-12-12 11:02:48-367,2016-12-12 11:02:48-367
Reason : java.lang.StringIndexOutOfBoundsException: String index out of range: -2
Success : LS : test2\a94a8fe5ccb19ba6\2a5bd02710e975a7\,0:-1,2016-12-12 11:02:48-450,2016-12-12 11:02:48-517
Success : CREATE_FILE : test2\a94a8fe5ccb19ba6\263C47A4093465D0,0:2704117,2016-12-12 11:02:48-594,2016-12-12 11:02:51-715
Success : LS : test2\a94a8fe5ccb19ba6\,0:-1,2016-12-12 11:02:51-843,2016-12-12 11:02:51-928
Success : CREATE_FILE : test2\a94a8fe5ccb19ba6\379C99A61D200A45,0:2099129,2016-12-12 11:02:52-005,2016-12-12 11:02:54-047
Success : LS : test2\a94a8fe5ccb19ba6\,0:-1,2016-12-12 11:02:54-177,2016-12-12 11:02:54-259
Success : CREATE_FILE : test2\a94a8fe5ccb19ba6\458C414E5C4AD501,0:2437944,2016-12-12 11:02:54-354,2016-12-12 11:02:56-599
Success : LS : test1\f71b43c3136efa4f\c7d9912886e5ccc7\,0:-1,2016-12-12 11:02:56-723,2016-12-12 11:02:56-798
Fail : LS : test1,0:-1,2016-12-12 11:02:56-876,2016-12-12 11:02:56-876
Reason : java.lang.StringIndexOutOfBoundsException: String index out of range: -2
Success : LS : test2\a94a8fe5ccb19ba6\,0:-1,2016-12-12 11:02:56-992,2016-12-12 11:02:57-072
Success : RANDOM_READ : test2\a94a8fe5ccb19ba6\2a5bd02710e975a7\178db47a574c645f,0:257,2016-12-12 11:02:57-165,2016-12-12 11:02:57-232
Success : LS : test2\a94a8fe5ccb19ba6\,0:-1,2016-12-12 11:02:57-315,2016-12-12 11:02:57-396
Success : LS : test2\a94a8fe5ccb19ba6\,0:-1,2016-12-12 11:02:57-484,2016-12-12 11:02:57-564
Success : CREATE_FILE : test2\a94a8fe5ccb19ba6\6F686CC25D5417A0,0:1845532,2016-12-12 11:02:57-693,2016-12-12 11:02:59-416
Success : LS : test2\a94a8fe5ccb19ba6\,0:-1,2016-12-12 11:02:59-563,2016-12-12 11:02:59-661
Success : CREATE_FILE : test2\a94a8fe5ccb19ba6\472DE6614C698165,0:1202102,2016-12-12 11:02:59-751,2016-12-12 11:03:00-738
Success : LS : test2\a94a8fe5ccb19ba6\2a5bd02710e975a7\,0:-1,2016-12-12 11:03:00-863,2016-12-12 11:03:00-970
Success : RANDOM_READ : test1\c5a5e5562b038073\88fe52fe40fa2264,846:846,2016-12-12 11:03:01-064,2016-12-12 11:03:01-126
Success : LS : test2\a94a8fe5ccb19ba6\,0:-1,2016-12-12 11:03:01-203,2016-12-12 11:03:01-298
Success : CREATE_FILE : test2\a94a8fe5ccb19ba6\19F55F1C7B6653D5,0:4024615,2016-12-12 11:03:01-387,2016-12-12 11:03:05-340
Success : LS : test2\a94a8fe5ccb19ba6\,0:-1,2016-12-12 11:03:05-461,2016-12-12 11:03:05-544
Success : CREATE_FILE : test2\a94a8fe5ccb19ba6\3927235201B96F2C,0:2088290,2016-12-12 11:03:05-623,2016-12-12 11:03:07-476
Success : LS : test2\a94a8fe5ccb19ba6\,0:-1,2016-12-12 11:03:07-602,2016-12-12 11:03:07-680
Success : CREATE_FILE : test2\a94a8fe5ccb19ba6\7B8B5B8124CFB918,0:1800393,2016-12-12 11:03:07-756,2016-12-12 11:03:09-436
Success : LS : test2\a94a8fe5ccb19ba6\,0:-1,2016-12-12 11:03:09-516,2016-12-12 11:03:09-679
Success : CREATE_FILE : test2\a94a8fe5ccb19ba6\2a5bd02710e975a7\66FC88FD5F033432,0:1459636,2016-12-12 11:03:09-801,2016-12-12 11:03:11-079
Success : LS : test2\a94a8fe5ccb19ba6\2a5bd02710e975a7\,0:-1,2016-12-12 11:03:11-206,2016-12-12 11:03:11-317
Success : CREATE_FILE : test2\a94a8fe5ccb19ba6\13C1CA506C872C9D,0:2322206,2016-12-12 11:03:11-413,2016-12-12 11:03:13-532
Success : LS : test2\a94a8fe5ccb19ba6\,0:-1,2016-12-12 11:03:13-659,2016-12-12 11:03:13-768
Success : CREATE_FILE : test2\a94a8fe5ccb19ba6\2a5bd02710e975a7\4E653F2457932B95,0:1315689,2016-12-12 11:03:13-873,2016-12-12 11:03:14-898
Success : LS : test2\a94a8fe5ccb19ba6\2a5bd02710e975a7\,0:-1,2016-12-12 11:03:15-017,2016-12-12 11:03:15-139
