Success : SEQ_READ : test1\c5a5e5562b038073\88fe52fe40fa2264,0:2048,2016-12-17 23:28:20-690,2016-12-17 23:28:20-693
Success : RANDOM_WRITE : test1\c5a5e5562b038073\0189424a5a60fed3\46a8219c2ae6c782,0:22528,2016-12-17 23:28:20-693,2016-12-17 23:28:20-697
Success : SEQ_READ : test1\c5a5e5562b038073\0caa882bd1034750,0:221184,2016-12-17 23:28:20-697,2016-12-17 23:28:20-703
Success : SEQ_READ : test1\c5a5e5562b038073\6670af231c096f09,0:46,2016-12-17 23:28:20-704,2016-12-17 23:28:20-706
Success : SEQ_READ : test2\bc9c8ba7ff351f3e,0:192512,2016-12-17 23:28:20-706,2016-12-17 23:28:20-712
Fail : SEQ_READ : test1\c5a5e5562b038073\fbe0d7653f0909cb,0:0,2016-12-17 23:28:20-712,2016-12-17 23:28:20-778
Reason : RESTAPI.NoImplementionException: read failure
Success : CREATE_FILE : test2\a94a8fe5ccb19ba6\2a5bd02710e975a7\6CC244CD6218E63B,0:698425,2016-12-17 23:28:20-779,2016-12-17 23:28:21-166
Success : LS : test2\a94a8fe5ccb19ba6\2a5bd02710e975a7\,0:-1,2016-12-17 23:28:21-166,2016-12-17 23:28:21-166
Success : CREATE_FILE : test2\a94a8fe5ccb19ba6\2a5bd02710e975a7\1B84BFB82677D6BC,0:2218151,2016-12-17 23:28:21-167,2016-12-17 23:28:21-402
Success : SEQ_READ : test1\c5a5e5562b038073\3c16ab634e85296e,0:14336,2016-12-17 23:28:21-402,2016-12-17 23:28:21-404
Success : RANDOM_WRITE : test2\1a7683b6645f9b6a,0:2048,2016-12-17 23:28:21-404,2016-12-17 23:28:21-405
Success : SEQ_READ : test1\f71b43c3136efa4f\52481749c0cdecd6\6670af231c096f09,0:129,2016-12-17 23:28:21-406,2016-12-17 23:28:21-407
Success : SEQ_READ : test1\c5a5e5562b038073\3c16ab634e85296e,0:46080,2016-12-17 23:28:21-407,2016-12-17 23:28:21-409
Success : RANDOM_WRITE : test2\acde102dac5bbe15,0:2048,2016-12-17 23:28:21-409,2016-12-17 23:28:21-410
Success : LS : test2\a94a8fe5ccb19ba6\2a5bd02710e975a7\,0:-1,2016-12-17 23:28:21-410,2016-12-17 23:28:21-410
Success : CREATE_FILE : test2\a94a8fe5ccb19ba6\2a5bd02710e975a7\1F664D234680DE0D,0:1276393,2016-12-17 23:28:21-411,2016-12-17 23:28:22-371
Success : LS : test2\a94a8fe5ccb19ba6\2a5bd02710e975a7\,0:-1,2016-12-17 23:28:22-372,2016-12-17 23:28:22-372
Success : CREATE_FILE : test2\a94a8fe5ccb19ba6\35495C9045721793,0:3355261,2016-12-17 23:28:22-372,2016-12-17 23:28:22-843
Success : RANDOM_WRITE : test1\c5a5e5562b038073\a39ea9c72a98de10\f398de59988a85e5,0:4096,2016-12-17 23:28:22-843,2016-12-17 23:28:22-846
Success : RANDOM_WRITE : test1\c5a5e5562b038073\6670af231c096f09,0:46,2016-12-17 23:28:22-846,2016-12-17 23:28:22-847
Success : RANDOM_WRITE : test2\1a7683b6645f9b6a,0:7168,2016-12-17 23:28:22-847,2016-12-17 23:28:22-849
Success : RANDOM_WRITE : test2\a94a8fe5ccb19ba6\2a5bd02710e975a7\3eef580036f1724a,0:257,2016-12-17 23:28:22-849,2016-12-17 23:28:22-850
Success : LS : test2\a94a8fe5ccb19ba6\,0:-1,2016-12-17 23:28:22-850,2016-12-17 23:28:22-850
Success : CREATE_FILE : test2\a94a8fe5ccb19ba6\0C4D2DD33A5B2C3E,0:2049123,2016-12-17 23:28:22-851,2016-12-17 23:28:23-067
Success : LS : test2\a94a8fe5ccb19ba6\,0:-1,2016-12-17 23:28:23-067,2016-12-17 23:28:23-068
Success : CREATE_FILE : test2\a94a8fe5ccb19ba6\6CE311183966898A,0:590992,2016-12-17 23:28:23-068,2016-12-17 23:28:23-269
Success : LS : test2\a94a8fe5ccb19ba6\,0:-1,2016-12-17 23:28:23-269,2016-12-17 23:28:23-269
Success : CREATE_FILE : test2\a94a8fe5ccb19ba6\22B99E5A1A3ECCC1,0:1698302,2016-12-17 23:28:23-270,2016-12-17 23:28:23-938
Success : RANDOM_WRITE : test1\c5a5e5562b038073\f72cdbcd84f047a5,0:10240,2016-12-17 23:28:23-938,2016-12-17 23:28:23-940
Success : SEQ_READ : test2\a94a8fe5ccb19ba6\2a5bd02710e975a7\3eef580036f1724a,0:257,2016-12-17 23:28:23-940,2016-12-17 23:28:23-941
Success : SEQ_READ : test1\c5a5e5562b038073\b0c5d70d7f040bfa,0:10240,2016-12-17 23:28:23-941,2016-12-17 23:28:23-943
Success : SEQ_READ : test2\acde102dac5bbe15,0:5120,2016-12-17 23:28:23-943,2016-12-17 23:28:23-944
Success : SEQ_READ : test1\c5a5e5562b038073\7b7f22b30cf50087,0:3072,2016-12-17 23:28:23-944,2016-12-17 23:28:23-946
Success : LS : test2\a94a8fe5ccb19ba6\,0:-1,2016-12-17 23:28:23-946,2016-12-17 23:28:23-946
Success : CREATE_FILE : test2\a94a8fe5ccb19ba6\2a5bd02710e975a7\209616CC4058E0E1,0:1786460,2016-12-17 23:28:23-946,2016-12-17 23:28:24-165
Success : LS : test2\a94a8fe5ccb19ba6\2a5bd02710e975a7\,0:-1,2016-12-17 23:28:24-165,2016-12-17 23:28:24-166
Success : CREATE_FILE : test2\a94a8fe5ccb19ba6\2a5bd02710e975a7\3A60C3E55666CA1E,0:1113473,2016-12-17 23:28:24-166,2016-12-17 23:28:24-343
Success : RANDOM_WRITE : test1\c5a5e5562b038073\f72cdbcd84f047a5,0:13312,2016-12-17 23:28:24-343,2016-12-17 23:28:24-345
Success : LS : test2\a94a8fe5ccb19ba6\2a5bd02710e975a7\,0:-1,2016-12-17 23:28:24-345,2016-12-17 23:28:24-345
Success : CREATE_FILE : test2\a94a8fe5ccb19ba6\13C7A162705641AF,0:452830,2016-12-17 23:28:24-346,2016-12-17 23:28:24-494
Success : LS : test2\a94a8fe5ccb19ba6\,0:-1,2016-12-17 23:28:24-494,2016-12-17 23:28:24-494
Success : CREATE_FILE : test2\a94a8fe5ccb19ba6\2a5bd02710e975a7\564D0D342230658C,0:1063822,2016-12-17 23:28:24-495,2016-12-17 23:28:24-676
Success : LS : test2\a94a8fe5ccb19ba6\2a5bd02710e975a7\,0:-1,2016-12-17 23:28:24-676,2016-12-17 23:28:24-676
Success : CREATE_FILE : test2\a94a8fe5ccb19ba6\0DB2F9B9430EED5C,0:2827195,2016-12-17 23:28:24-676,2016-12-17 23:28:24-986
Success : LS : test2\a94a8fe5ccb19ba6\,0:-1,2016-12-17 23:28:24-986,2016-12-17 23:28:24-986
Success : CREATE_FILE : test2\a94a8fe5ccb19ba6\7247219411B0196E,0:2961230,2016-12-17 23:28:24-987,2016-12-17 23:28:25-406
Success : LS : test2\a94a8fe5ccb19ba6\,0:-1,2016-12-17 23:28:25-407,2016-12-17 23:28:25-407
Success : CREATE_FILE : test2\a94a8fe5ccb19ba6\2a5bd02710e975a7\1A0DCD7327D8BE4A,0:3800834,2016-12-17 23:28:25-407,2016-12-17 23:28:25-789
Success : SEQ_READ : test1\f71b43c3136efa4f\83404ffd78f534ff\6670af231c096f09,0:129,2016-12-17 23:28:25-789,2016-12-17 23:28:25-790
Success : SEQ_READ : test1\c5a5e5562b038073\a39ea9c72a98de10\f398de59988a85e5,0:3072,2016-12-17 23:28:25-790,2016-12-17 23:28:25-792
Success : RANDOM_WRITE : test1\f71b43c3136efa4f\52481749c0cdecd6\6670af231c096f09,0:129,2016-12-17 23:28:25-792,2016-12-17 23:28:25-794
Success : LS : test2\a94a8fe5ccb19ba6\2a5bd02710e975a7\,0:-1,2016-12-17 23:28:25-794,2016-12-17 23:28:25-794
Success : CREATE_FILE : test2\a94a8fe5ccb19ba6\295D53CC78BEE14F,0:1349246,2016-12-17 23:28:25-795,2016-12-17 23:28:26-039
Success : LS : test2\a94a8fe5ccb19ba6\,0:-1,2016-12-17 23:28:26-039,2016-12-17 23:28:26-039
Success : CREATE_FILE : test2\a94a8fe5ccb19ba6\2a5bd02710e975a7\312121E67B41A742,0:788061,2016-12-17 23:28:26-039,2016-12-17 23:28:26-465
Success : LS : test2\a94a8fe5ccb19ba6\2a5bd02710e975a7\,0:-1,2016-12-17 23:28:26-465,2016-12-17 23:28:26-465
Success : CREATE_FILE : test2\a94a8fe5ccb19ba6\2a5bd02710e975a7\55383E0442DC5855,0:2509773,2016-12-17 23:28:26-466,2016-12-17 23:28:26-785
Success : SEQ_READ : test1\c5a5e5562b038073\68ad3077ff5a452a,0:383,2016-12-17 23:28:26-785,2016-12-17 23:28:26-787
Fail : RANDOM_WRITE : test1\c5a5e5562b038073\a39ea9c72a98de10\f398de59988a85e5,0:0,2016-12-17 23:28:26-787,2016-12-17 23:28:27-229
Reason : RESTAPI.NoImplementionException: read failure
Success : LS : test2\a94a8fe5ccb19ba6\2a5bd02710e975a7\,0:-1,2016-12-17 23:28:27-230,2016-12-17 23:28:27-230
Success : CREATE_FILE : test2\a94a8fe5ccb19ba6\544B02D7760F7324,0:257816,2016-12-17 23:28:27-230,2016-12-17 23:28:27-425
Success : LS : test2\a94a8fe5ccb19ba6\,0:-1,2016-12-17 23:28:27-425,2016-12-17 23:28:27-425
Success : CREATE_FILE : test2\a94a8fe5ccb19ba6\530EF69D541AEE9A,0:1340719,2016-12-17 23:28:27-426,2016-12-17 23:28:27-614
Success : LS : test2\a94a8fe5ccb19ba6\,0:-1,2016-12-17 23:28:27-614,2016-12-17 23:28:27-615
Success : CREATE_FILE : test2\a94a8fe5ccb19ba6\2a5bd02710e975a7\7CE14FB15480949A,0:3405236,2016-12-17 23:28:27-615,2016-12-17 23:28:27-906
Success : LS : test2\a94a8fe5ccb19ba6\2a5bd02710e975a7\,0:-1,2016-12-17 23:28:27-907,2016-12-17 23:28:27-907
Success : CREATE_FILE : test2\a94a8fe5ccb19ba6\2a5bd02710e975a7\2F95D1037AFB5831,0:3952274,2016-12-17 23:28:27-907,2016-12-17 23:28:28-453
Success : SEQ_READ : test1\c5a5e5562b038073\fbe0d7653f0909cb,0:1024,2016-12-17 23:28:28-453,2016-12-17 23:28:28-456
Success : RANDOM_WRITE : test1\f71b43c3136efa4f\c7d9912886e5ccc7\6670af231c096f09,0:129,2016-12-17 23:28:28-456,2016-12-17 23:28:28-458
Success : RANDOM_WRITE : test1\c5a5e5562b038073\738537f9a40e568b,0:2048,2016-12-17 23:28:28-458,2016-12-17 23:28:28-459
Success : SEQ_READ : test1\f71b43c3136efa4f\52481749c0cdecd6\6670af231c096f09,0:129,2016-12-17 23:28:28-459,2016-12-17 23:28:28-461
Success : SEQ_READ : test1\c5a5e5562b038073\a39ea9c72a98de10\41288c58009f7f6a,0:477,2016-12-17 23:28:28-461,2016-12-17 23:28:28-462
Success : LS : test2\a94a8fe5ccb19ba6\2a5bd02710e975a7\,0:-1,2016-12-17 23:28:28-462,2016-12-17 23:28:28-462
Success : CREATE_FILE : test2\a94a8fe5ccb19ba6\000F888974CB140B,0:228669,2016-12-17 23:28:28-463,2016-12-17 23:28:28-610
Success : LS : test2\a94a8fe5ccb19ba6\,0:-1,2016-12-17 23:28:28-611,2016-12-17 23:28:28-611
Success : CREATE_FILE : test2\a94a8fe5ccb19ba6\2a5bd02710e975a7\09A3182428FDA5BF,0:1808748,2016-12-17 23:28:28-611,2016-12-17 23:28:28-859
Success : SEQ_READ : test2\bc9c8ba7ff351f3e,0:212992,2016-12-17 23:28:28-859,2016-12-17 23:28:28-864
Fail : RANDOM_WRITE : test2\49f03965cf98b1f5,0:0,2016-12-17 23:28:28-864,2016-12-17 23:28:28-866
Reason : RESTAPI.NoImplementionException: read failure
Success : SEQ_READ : test1\c5a5e5562b038073\0189424a5a60fed3\46a8219c2ae6c782,0:481280,2016-12-17 23:28:28-866,2016-12-17 23:28:28-876
Success : RANDOM_WRITE : test1\c5a5e5562b038073\7b7f22b30cf50087,0:3072,2016-12-17 23:28:28-876,2016-12-17 23:28:28-877
Success : LS : test2\a94a8fe5ccb19ba6\2a5bd02710e975a7\,0:-1,2016-12-17 23:28:28-877,2016-12-17 23:28:28-877
Success : CREATE_FILE : test2\a94a8fe5ccb19ba6\2a5bd02710e975a7\02241CFC449BF422,0:3539072,2016-12-17 23:28:28-878,2016-12-17 23:28:29-160
Success : LS : test2\a94a8fe5ccb19ba6\2a5bd02710e975a7\,0:-1,2016-12-17 23:28:29-160,2016-12-17 23:28:29-161
Success : CREATE_FILE : test2\a94a8fe5ccb19ba6\70C171C2194C47A4,0:2915354,2016-12-17 23:28:29-161,2016-12-17 23:28:29-422
Success : LS : test2\a94a8fe5ccb19ba6\,0:-1,2016-12-17 23:28:29-422,2016-12-17 23:28:29-422
Success : CREATE_FILE : test2\a94a8fe5ccb19ba6\57D60DDD09D33205,0:1034777,2016-12-17 23:28:29-422,2016-12-17 23:28:29-608
Fail : RANDOM_WRITE : test2\6c33a983eec1b409,0:0,2016-12-17 23:28:29-608,2016-12-17 23:28:29-959
Reason : RESTAPI.NoImplementionException: read failure
Fail : RANDOM_WRITE : test1\c5a5e5562b038073\7b7f22b30cf50087,0:0,2016-12-17 23:28:29-959,2016-12-17 23:28:30-182
Reason : RESTAPI.NoImplementionException: read failure
Success : RANDOM_WRITE : test1\f71b43c3136efa4f\9f93e73d6896cb7b\6670af231c096f09,0:129,2016-12-17 23:28:30-183,2016-12-17 23:28:30-184
Fail : RANDOM_WRITE : test2\a94a8fe5ccb19ba6\4b6fcb2d521ef0fd,0:0,2016-12-17 23:28:30-184,2016-12-17 23:28:30-186
Reason : RESTAPI.NoImplementionException: read failure
Success : LS : test2\a94a8fe5ccb19ba6\,0:-1,2016-12-17 23:28:30-186,2016-12-17 23:28:30-186
Success : CREATE_FILE : test2\a94a8fe5ccb19ba6\2a5bd02710e975a7\04217ECF011FBD7C,0:2689947,2016-12-17 23:28:30-186,2016-12-17 23:28:30-552
Success : LS : test2\a94a8fe5ccb19ba6\2a5bd02710e975a7\,0:-1,2016-12-17 23:28:30-552,2016-12-17 23:28:30-552
Success : CREATE_FILE : test2\a94a8fe5ccb19ba6\2a5bd02710e975a7\08F2742A101E32F0,0:1322153,2016-12-17 23:28:30-552,2016-12-17 23:28:30-996
Success : LS : test2\a94a8fe5ccb19ba6\2a5bd02710e975a7\,0:-1,2016-12-17 23:28:30-996,2016-12-17 23:28:30-996
Success : CREATE_FILE : test2\a94a8fe5ccb19ba6\2F3C1FA522BAB76D,0:566390,2016-12-17 23:28:30-996,2016-12-17 23:28:31-219
Success : SEQ_READ : test2\a94a8fe5ccb19ba6\2a5bd02710e975a7\178db47a574c645f,0:257,2016-12-17 23:28:31-219,2016-12-17 23:28:31-220
Success : RANDOM_WRITE : test1\c5a5e5562b038073\a39ea9c72a98de10\41288c58009f7f6a,0:477,2016-12-17 23:28:31-221,2016-12-17 23:28:31-221
Success : LS : test2\a94a8fe5ccb19ba6\,0:-1,2016-12-17 23:28:31-222,2016-12-17 23:28:31-222
Success : CREATE_FILE : test2\a94a8fe5ccb19ba6\4125447D661BB313,0:3740876,2016-12-17 23:28:31-222,2016-12-17 23:28:31-554
Success : LS : test2\a94a8fe5ccb19ba6\,0:-1,2016-12-17 23:28:31-554,2016-12-17 23:28:31-554
Success : CREATE_FILE : test2\a94a8fe5ccb19ba6\74E2537A490E444B,0:579053,2016-12-17 23:28:31-555,2016-12-17 23:28:31-887
Success : LS : test2\a94a8fe5ccb19ba6\,0:-1,2016-12-17 23:28:31-887,2016-12-17 23:28:31-887
Success : CREATE_FILE : test2\a94a8fe5ccb19ba6\689D692D67EF2436,0:2921784,2016-12-17 23:28:31-888,2016-12-17 23:28:32-269
Success : LS : test2\a94a8fe5ccb19ba6\,0:-1,2016-12-17 23:28:32-269,2016-12-17 23:28:32-269
Success : CREATE_FILE : test2\a94a8fe5ccb19ba6\1F5503FF39A0C4DC,0:148641,2016-12-17 23:28:32-270,2016-12-17 23:28:32-463
Success : RANDOM_WRITE : test1\c5a5e5562b038073\6670af231c096f09,0:46,2016-12-17 23:28:32-464,2016-12-17 23:28:32-465
Success : SEQ_READ : test1\c5a5e5562b038073\f72cdbcd84f047a5,0:16384,2016-12-17 23:28:32-466,2016-12-17 23:28:32-467
Success : LS : test2\a94a8fe5ccb19ba6\,0:-1,2016-12-17 23:28:32-468,2016-12-17 23:28:32-468
Success : CREATE_FILE : test2\a94a8fe5ccb19ba6\2a5bd02710e975a7\19524196398FF581,0:1534728,2016-12-17 23:28:32-468,2016-12-17 23:28:32-664
Success : LS : test2\a94a8fe5ccb19ba6\2a5bd02710e975a7\,0:-1,2016-12-17 23:28:32-664,2016-12-17 23:28:32-664
Success : CREATE_FILE : test2\a94a8fe5ccb19ba6\2a5bd02710e975a7\49394D8A71A6F2C3,0:2635254,2016-12-17 23:28:32-664,2016-12-17 23:28:32-912
Success : LS : test2\a94a8fe5ccb19ba6\2a5bd02710e975a7\,0:-1,2016-12-17 23:28:32-912,2016-12-17 23:28:32-913
Success : CREATE_FILE : test2\a94a8fe5ccb19ba6\2a5bd02710e975a7\6C021DB32121AFDD,0:3763070,2016-12-17 23:28:32-913,2016-12-17 23:28:33-216
Success : LS : test2\a94a8fe5ccb19ba6\2a5bd02710e975a7\,0:-1,2016-12-17 23:28:33-216,2016-12-17 23:28:33-216
Success : CREATE_FILE : test2\a94a8fe5ccb19ba6\2a5bd02710e975a7\3854E31972E3C5DE,0:1153305,2016-12-17 23:28:33-217,2016-12-17 23:28:33-504
Fail : SEQ_READ : test2\49f03965cf98b1f5,0:0,2016-12-17 23:28:33-504,2016-12-17 23:28:33-506
Reason : RESTAPI.NoImplementionException: read failure
Success : RANDOM_WRITE : test1\c5a5e5562b038073\c7734a16bf12bb03,0:27648,2016-12-17 23:28:33-506,2016-12-17 23:28:33-508
Success : LS : test2\a94a8fe5ccb19ba6\2a5bd02710e975a7\,0:-1,2016-12-17 23:28:33-508,2016-12-17 23:28:33-508
Success : CREATE_FILE : test2\a94a8fe5ccb19ba6\69F0AF20509B586F,0:2105103,2016-12-17 23:28:33-509,2016-12-17 23:28:33-978
Success : LS : test2\a94a8fe5ccb19ba6\,0:-1,2016-12-17 23:28:33-978,2016-12-17 23:28:33-978
Success : CREATE_FILE : test2\a94a8fe5ccb19ba6\2a5bd02710e975a7\47FD852F1693C5BD,0:3955824,2016-12-17 23:28:33-978,2016-12-17 23:28:34-297
Success : LS : test2\a94a8fe5ccb19ba6\2a5bd02710e975a7\,0:-1,2016-12-17 23:28:34-297,2016-12-17 23:28:34-297
Success : CREATE_FILE : test2\a94a8fe5ccb19ba6\2a5bd02710e975a7\25E81B273E33FB87,0:3770730,2016-12-17 23:28:34-297,2016-12-17 23:28:34-609
Success : LS : test2\a94a8fe5ccb19ba6\2a5bd02710e975a7\,0:-1,2016-12-17 23:28:34-609,2016-12-17 23:28:34-609
Success : CREATE_FILE : test2\a94a8fe5ccb19ba6\683BB44F52E626C9,0:1975950,2016-12-17 23:28:34-609,2016-12-17 23:28:34-811
Success : SEQ_READ : test1\c5a5e5562b038073\767c14c8beb1e835,0:2766848,2016-12-17 23:28:34-812,2016-12-17 23:28:34-862
Success : RANDOM_WRITE : test1\c5a5e5562b038073\6670af231c096f09,0:46,2016-12-17 23:28:34-863,2016-12-17 23:28:34-864
Success : SEQ_READ : test2\6c33a983eec1b409,0:1024,2016-12-17 23:28:34-864,2016-12-17 23:28:34-865
Fail : SEQ_READ : test1\c5a5e5562b038073\7b7f22b30cf50087,0:0,2016-12-17 23:28:34-865,2016-12-17 23:28:35-087
Reason : RESTAPI.NoImplementionException: read failure
Success : LS : test2\a94a8fe5ccb19ba6\,0:-1,2016-12-17 23:28:35-087,2016-12-17 23:28:35-087
Success : CREATE_FILE : test2\a94a8fe5ccb19ba6\26D347E933DCD481,0:1022656,2016-12-17 23:28:35-087,2016-12-17 23:28:35-310
Success : LS : test2\a94a8fe5ccb19ba6\,0:-1,2016-12-17 23:28:35-310,2016-12-17 23:28:35-310
Success : CREATE_FILE : test2\a94a8fe5ccb19ba6\2a5bd02710e975a7\69C0EB8A61476B9F,0:3911732,2016-12-17 23:28:35-310,2016-12-17 23:28:35-623
Success : SEQ_READ : test1\c5a5e5562b038073\a39ea9c72a98de10\aa61f113a9b13deb,0:438,2016-12-17 23:28:35-624,2016-12-17 23:28:35-625
Success : RANDOM_WRITE : test2\a94a8fe5ccb19ba6\2a5bd02710e975a7\178db47a574c645f,0:257,2016-12-17 23:28:35-625,2016-12-17 23:28:35-627
Success : RANDOM_WRITE : test1\c5a5e5562b038073\0189424a5a60fed3\feb6a1968982109d,0:10240,2016-12-17 23:28:35-627,2016-12-17 23:28:35-629
Success : SEQ_READ : test2\a94a8fe5ccb19ba6\4b6fcb2d521ef0fd,0:2048,2016-12-17 23:28:35-629,2016-12-17 23:28:35-630
Success : LS : test2\a94a8fe5ccb19ba6\2a5bd02710e975a7\,0:-1,2016-12-17 23:28:35-630,2016-12-17 23:28:35-630
Success : CREATE_FILE : test2\a94a8fe5ccb19ba6\1BEFF49457E3787A,0:712102,2016-12-17 23:28:35-631,2016-12-17 23:28:35-978
Success : LS : test2\a94a8fe5ccb19ba6\,0:-1,2016-12-17 23:28:35-978,2016-12-17 23:28:35-978
Success : CREATE_FILE : test2\a94a8fe5ccb19ba6\4F18C7BE73DF2EFD,0:2092762,2016-12-17 23:28:35-978,2016-12-17 23:28:36-329
Success : LS : test2\a94a8fe5ccb19ba6\,0:-1,2016-12-17 23:28:36-330,2016-12-17 23:28:36-330
Success : CREATE_FILE : test2\a94a8fe5ccb19ba6\21CB95124F5ED526,0:2612538,2016-12-17 23:28:36-330,2016-12-17 23:28:36-789
Success : SEQ_READ : test1\c5a5e5562b038073\738537f9a40e568b,0:13312,2016-12-17 23:28:36-789,2016-12-17 23:28:36-791
Success : RANDOM_WRITE : test2\bc9c8ba7ff351f3e,0:51200,2016-12-17 23:28:36-791,2016-12-17 23:28:36-793
Success : RANDOM_WRITE : test1\c5a5e5562b038073\3c16ab634e85296e,0:56320,2016-12-17 23:28:36-793,2016-12-17 23:28:36-795
Success : LS : test2\a94a8fe5ccb19ba6\,0:-1,2016-12-17 23:28:36-795,2016-12-17 23:28:36-795
Success : CREATE_FILE : test2\a94a8fe5ccb19ba6\25F1CAA803A807B5,0:959831,2016-12-17 23:28:36-796,2016-12-17 23:28:37-010
Success : LS : test2\a94a8fe5ccb19ba6\,0:-1,2016-12-17 23:28:37-010,2016-12-17 23:28:37-010
Success : CREATE_FILE : test2\a94a8fe5ccb19ba6\736660363BE9AE1B,0:3792173,2016-12-17 23:28:37-010,2016-12-17 23:28:37-436
Success : LS : test2\a94a8fe5ccb19ba6\,0:-1,2016-12-17 23:28:37-437,2016-12-17 23:28:37-437
Success : CREATE_FILE : test2\a94a8fe5ccb19ba6\07D73E703EDCF845,0:1381605,2016-12-17 23:28:37-437,2016-12-17 23:28:37-735
Success : LS : test2\a94a8fe5ccb19ba6\,0:-1,2016-12-17 23:28:37-736,2016-12-17 23:28:37-736
Success : CREATE_FILE : test2\a94a8fe5ccb19ba6\2a5bd02710e975a7\4900BA63064D9D3B,0:912489,2016-12-17 23:28:37-736,2016-12-17 23:28:37-951
Success : RANDOM_WRITE : test1\f71b43c3136efa4f\c7d9912886e5ccc7\6670af231c096f09,0:129,2016-12-17 23:28:37-951,2016-12-17 23:28:37-952
Success : RANDOM_WRITE : test1\c5a5e5562b038073\7b7f22b30cf50087,0:1024,2016-12-17 23:28:37-952,2016-12-17 23:28:37-953
Success : LS : test2\a94a8fe5ccb19ba6\2a5bd02710e975a7\,0:-1,2016-12-17 23:28:37-953,2016-12-17 23:28:37-953
Success : CREATE_FILE : test2\a94a8fe5ccb19ba6\2a5bd02710e975a7\3A1F33177F4AC1A2,0:2504505,2016-12-17 23:28:37-954,2016-12-17 23:28:38-200
Success : LS : test2\a94a8fe5ccb19ba6\2a5bd02710e975a7\,0:-1,2016-12-17 23:28:38-200,2016-12-17 23:28:38-200
Success : CREATE_FILE : test2\a94a8fe5ccb19ba6\2a5bd02710e975a7\061BD1896868F2B9,0:2217102,2016-12-17 23:28:38-201,2016-12-17 23:28:38-535
Success : LS : test2\a94a8fe5ccb19ba6\2a5bd02710e975a7\,0:-1,2016-12-17 23:28:38-535,2016-12-17 23:28:38-535
Success : CREATE_FILE : test2\a94a8fe5ccb19ba6\43774DEB5C5B97CA,0:135984,2016-12-17 23:28:38-535,2016-12-17 23:28:38-701
Fail : RANDOM_WRITE : test1\c5a5e5562b038073\88fe52fe40fa2264,0:0,2016-12-17 23:28:38-701,2016-12-17 23:28:38-703
Reason : RESTAPI.NoImplementionException: read failure
Success : RANDOM_WRITE : test1\c5a5e5562b038073\c7abaf0419c47a1d,0:27648,2016-12-17 23:28:38-703,2016-12-17 23:28:38-704
Success : LS : test2\a94a8fe5ccb19ba6\,0:-1,2016-12-17 23:28:38-704,2016-12-17 23:28:38-704
Success : CREATE_FILE : test2\a94a8fe5ccb19ba6\2D88C51014DC7886,0:783126,2016-12-17 23:28:38-705,2016-12-17 23:28:38-858
Success : LS : test2\a94a8fe5ccb19ba6\,0:-1,2016-12-17 23:28:38-858,2016-12-17 23:28:38-858
Success : CREATE_FILE : test2\a94a8fe5ccb19ba6\2a5bd02710e975a7\3E07985A45B22FF6,0:309097,2016-12-17 23:28:38-859,2016-12-17 23:28:38-990
Success : LS : test2\a94a8fe5ccb19ba6\2a5bd02710e975a7\,0:-1,2016-12-17 23:28:38-990,2016-12-17 23:28:38-990
Success : CREATE_FILE : test2\a94a8fe5ccb19ba6\5613D241467F960E,0:1063485,2016-12-17 23:28:38-991,2016-12-17 23:28:39-266
Success : SEQ_READ : test2\1a7683b6645f9b6a,0:3072,2016-12-17 23:28:39-266,2016-12-17 23:28:39-268
Success : LS : test2\a94a8fe5ccb19ba6\,0:-1,2016-12-17 23:28:39-268,2016-12-17 23:28:39-268
Success : CREATE_FILE : test2\a94a8fe5ccb19ba6\105997D9312D7485,0:3210119,2016-12-17 23:28:39-268,2016-12-17 23:28:39-694
Success : LS : test2\a94a8fe5ccb19ba6\,0:-1,2016-12-17 23:28:39-694,2016-12-17 23:28:39-694
Success : CREATE_FILE : test2\a94a8fe5ccb19ba6\2612B2160A58DDFC,0:1313137,2016-12-17 23:28:39-694,2016-12-17 23:28:39-886
Success : LS : test2\a94a8fe5ccb19ba6\,0:-1,2016-12-17 23:28:39-886,2016-12-17 23:28:39-886
Success : CREATE_FILE : test2\a94a8fe5ccb19ba6\51D37E255ECBC573,0:3001836,2016-12-17 23:28:39-886,2016-12-17 23:28:40-306
Success : LS : test2\a94a8fe5ccb19ba6\,0:-1,2016-12-17 23:28:40-306,2016-12-17 23:28:40-306
Success : CREATE_FILE : test2\a94a8fe5ccb19ba6\2a5bd02710e975a7\76FACB2506557168,0:875276,2016-12-17 23:28:40-307,2016-12-17 23:28:40-489
Success : SEQ_READ : test1\c5a5e5562b038073\a39ea9c72a98de10\aa61f113a9b13deb,0:438,2016-12-17 23:28:40-490,2016-12-17 23:28:40-491
Success : LS : test2\a94a8fe5ccb19ba6\2a5bd02710e975a7\,0:-1,2016-12-17 23:28:40-491,2016-12-17 23:28:40-491
Success : CREATE_FILE : test2\a94a8fe5ccb19ba6\2a5bd02710e975a7\42846C0C73D8E432,0:2789530,2016-12-17 23:28:40-491,2016-12-17 23:28:40-753
Success : LS : test2\a94a8fe5ccb19ba6\2a5bd02710e975a7\,0:-1,2016-12-17 23:28:40-753,2016-12-17 23:28:40-753
Success : CREATE_FILE : test2\a94a8fe5ccb19ba6\2a5bd02710e975a7\5EDFA1E627F69989,0:3509430,2016-12-17 23:28:40-754,2016-12-17 23:28:41-052
Success : LS : test2\a94a8fe5ccb19ba6\2a5bd02710e975a7\,0:-1,2016-12-17 23:28:41-052,2016-12-17 23:28:41-052
Success : CREATE_FILE : test2\a94a8fe5ccb19ba6\2a5bd02710e975a7\2ABBAEC40C120ECA,0:477281,2016-12-17 23:28:41-052,2016-12-17 23:28:41-204
Success : LS : test2\a94a8fe5ccb19ba6\2a5bd02710e975a7\,0:-1,2016-12-17 23:28:41-204,2016-12-17 23:28:41-204
Success : CREATE_FILE : test2\a94a8fe5ccb19ba6\292541FE21969DDE,0:2266004,2016-12-17 23:28:41-204,2016-12-17 23:28:41-607
Success : LS : test2\a94a8fe5ccb19ba6\,0:-1,2016-12-17 23:28:41-607,2016-12-17 23:28:41-607
Success : CREATE_FILE : test2\a94a8fe5ccb19ba6\65D7549670F8E92E,0:2555908,2016-12-17 23:28:41-608,2016-12-17 23:28:41-860
Success : SEQ_READ : test1\c5a5e5562b038073\767c14c8beb1e835,0:2748416,2016-12-17 23:28:41-860,2016-12-17 23:28:41-904
Success : RANDOM_WRITE : test1\c5a5e5562b038073\a39ea9c72a98de10\aa61f113a9b13deb,0:438,2016-12-17 23:28:41-905,2016-12-17 23:28:41-906
Success : SEQ_READ : test1\c5a5e5562b038073\f72cdbcd84f047a5,0:9216,2016-12-17 23:28:41-906,2016-12-17 23:28:41-908
Success : LS : test2\a94a8fe5ccb19ba6\,0:-1,2016-12-17 23:28:41-908,2016-12-17 23:28:41-908
Success : CREATE_FILE : test2\a94a8fe5ccb19ba6\082F8B067D82E89A,0:2475069,2016-12-17 23:28:41-908,2016-12-17 23:28:42-423
Success : RANDOM_WRITE : test1\c5a5e5562b038073\a39ea9c72a98de10\4a90c52e52d54ede,0:1024,2016-12-17 23:28:42-423,2016-12-17 23:28:42-425
Success : LS : test2\a94a8fe5ccb19ba6\,0:-1,2016-12-17 23:28:42-425,2016-12-17 23:28:42-425
Success : CREATE_FILE : test2\a94a8fe5ccb19ba6\32CC8344102A21C8,0:412406,2016-12-17 23:28:42-425,2016-12-17 23:28:42-806
Success : SEQ_READ : test1\c5a5e5562b038073\0189424a5a60fed3\46a8219c2ae6c782,0:995328,2016-12-17 23:28:42-806,2016-12-17 23:28:42-824
Success : SEQ_READ : test1\c5a5e5562b038073\0caa882bd1034750,0:314368,2016-12-17 23:28:42-824,2016-12-17 23:28:42-830
Success : LS : test2\a94a8fe5ccb19ba6\,0:-1,2016-12-17 23:28:42-831,2016-12-17 23:28:42-831
Success : CREATE_FILE : test2\a94a8fe5ccb19ba6\2FB9FF6D3AC83747,0:3325583,2016-12-17 23:28:42-831,2016-12-17 23:28:43-505
Success : LS : test2\a94a8fe5ccb19ba6\,0:-1,2016-12-17 23:28:43-505,2016-12-17 23:28:43-505
Success : CREATE_FILE : test2\a94a8fe5ccb19ba6\50F0470E63145165,0:2792067,2016-12-17 23:28:43-506,2016-12-17 23:28:43-831
Success : LS : test2\a94a8fe5ccb19ba6\,0:-1,2016-12-17 23:28:43-831,2016-12-17 23:28:43-831
Success : CREATE_FILE : test2\a94a8fe5ccb19ba6\60F7945E69A4198B,0:2088954,2016-12-17 23:28:43-831,2016-12-17 23:28:44-270
Success : LS : test2\a94a8fe5ccb19ba6\,0:-1,2016-12-17 23:28:44-270,2016-12-17 23:28:44-270
Success : CREATE_FILE : test2\a94a8fe5ccb19ba6\0DF6B7F7170DCBFE,0:366928,2016-12-17 23:28:44-272,2016-12-17 23:28:44-497
Success : LS : test2\a94a8fe5ccb19ba6\,0:-1,2016-12-17 23:28:44-497,2016-12-17 23:28:44-497
Success : CREATE_FILE : test2\a94a8fe5ccb19ba6\2a5bd02710e975a7\64E84E58307A4293,0:2106945,2016-12-17 23:28:44-497,2016-12-17 23:28:44-814
Success : LS : test2\a94a8fe5ccb19ba6\2a5bd02710e975a7\,0:-1,2016-12-17 23:28:44-814,2016-12-17 23:28:44-814
Success : CREATE_FILE : test2\a94a8fe5ccb19ba6\5BCA42400E194DB0,0:973745,2016-12-17 23:28:44-814,2016-12-17 23:28:45-153
Success : LS : test2\a94a8fe5ccb19ba6\,0:-1,2016-12-17 23:28:45-153,2016-12-17 23:28:45-153
Success : CREATE_FILE : test2\a94a8fe5ccb19ba6\2a5bd02710e975a7\012E5DBE074C1E6C,0:3915139,2016-12-17 23:28:45-153,2016-12-17 23:28:45-774
Success : LS : test2\a94a8fe5ccb19ba6\2a5bd02710e975a7\,0:-1,2016-12-17 23:28:45-774,2016-12-17 23:28:45-774
Success : CREATE_FILE : test2\a94a8fe5ccb19ba6\2A6D438B625B4BF1,0:462411,2016-12-17 23:28:45-774,2016-12-17 23:28:46-171
Success : LS : test2\a94a8fe5ccb19ba6\,0:-1,2016-12-17 23:28:46-171,2016-12-17 23:28:46-171
Success : CREATE_FILE : test2\a94a8fe5ccb19ba6\2a5bd02710e975a7\0A71E2AE4C66CEEB,0:858866,2016-12-17 23:28:46-171,2016-12-17 23:28:46-392
Success : LS : test2\a94a8fe5ccb19ba6\2a5bd02710e975a7\,0:-1,2016-12-17 23:28:46-392,2016-12-17 23:28:46-392
Success : CREATE_FILE : test2\a94a8fe5ccb19ba6\2a5bd02710e975a7\05BD5E920C72F93B,0:2903078,2016-12-17 23:28:46-392,2016-12-17 23:28:46-727
Success : SEQ_READ : test1\c5a5e5562b038073\767c14c8beb1e835,0:2247680,2016-12-17 23:28:46-727,2016-12-17 23:28:46-766
Success : LS : test2\a94a8fe5ccb19ba6\2a5bd02710e975a7\,0:-1,2016-12-17 23:28:46-766,2016-12-17 23:28:46-766
Success : CREATE_FILE : test2\a94a8fe5ccb19ba6\38D21BB26C5BFA8E,0:3265319,2016-12-17 23:28:46-766,2016-12-17 23:28:47-149
Success : LS : test2\a94a8fe5ccb19ba6\,0:-1,2016-12-17 23:28:47-150,2016-12-17 23:28:47-150
Success : CREATE_FILE : test2\a94a8fe5ccb19ba6\2a5bd02710e975a7\5C2609D71B1AF10E,0:1950109,2016-12-17 23:28:47-150,2016-12-17 23:28:47-703
Success : LS : test2\a94a8fe5ccb19ba6\2a5bd02710e975a7\,0:-1,2016-12-17 23:28:47-704,2016-12-17 23:28:47-704
Success : CREATE_FILE : test2\a94a8fe5ccb19ba6\2a5bd02710e975a7\79E66D46679E5B1B,0:734285,2016-12-17 23:28:47-704,2016-12-17 23:28:48-132
Success : LS : test2\a94a8fe5ccb19ba6\2a5bd02710e975a7\,0:-1,2016-12-17 23:28:48-132,2016-12-17 23:28:48-132
Success : CREATE_FILE : test2\a94a8fe5ccb19ba6\2a5bd02710e975a7\497D45B73DAFFAFD,0:3876144,2016-12-17 23:28:48-133,2016-12-17 23:28:48-887
Success : LS : test2\a94a8fe5ccb19ba6\2a5bd02710e975a7\,0:-1,2016-12-17 23:28:48-888,2016-12-17 23:28:48-888
Success : CREATE_FILE : test2\a94a8fe5ccb19ba6\352B6D942D1F6DE4,0:1308861,2016-12-17 23:28:48-888,2016-12-17 23:28:49-351
Success : LS : test2\a94a8fe5ccb19ba6\,0:-1,2016-12-17 23:28:49-351,2016-12-17 23:28:49-352
Success : CREATE_FILE : test2\a94a8fe5ccb19ba6\3300CF982F5B153F,0:631636,2016-12-17 23:28:49-352,2016-12-17 23:28:49-945
Success : RANDOM_WRITE : test1\c5a5e5562b038073\0189424a5a60fed3\46a8219c2ae6c782,0:20480,2016-12-17 23:28:49-945,2016-12-17 23:28:49-948
Success : SEQ_READ : test1\c5a5e5562b038073\6670af231c096f09,0:46,2016-12-17 23:28:49-948,2016-12-17 23:28:49-950
Success : RANDOM_WRITE : test1\c5a5e5562b038073\738537f9a40e568b,0:8192,2016-12-17 23:28:49-950,2016-12-17 23:28:49-953
Success : RANDOM_WRITE : test1\c5a5e5562b038073\b0c5d70d7f040bfa,0:11264,2016-12-17 23:28:49-953,2016-12-17 23:28:49-955
Success : LS : test2\a94a8fe5ccb19ba6\,0:-1,2016-12-17 23:28:49-955,2016-12-17 23:28:49-955
Success : CREATE_FILE : test2\a94a8fe5ccb19ba6\1297D7182B76F32F,0:3724522,2016-12-17 23:28:49-956,2016-12-17 23:28:50-336
Success : LS : test2\a94a8fe5ccb19ba6\,0:-1,2016-12-17 23:28:50-336,2016-12-17 23:28:50-336
Success : CREATE_FILE : test2\a94a8fe5ccb19ba6\004DA3330F5CADCA,0:145222,2016-12-17 23:28:50-336,2016-12-17 23:28:50-527
Success : LS : test2\a94a8fe5ccb19ba6\,0:-1,2016-12-17 23:28:50-527,2016-12-17 23:28:50-527
Success : CREATE_FILE : test2\a94a8fe5ccb19ba6\2a5bd02710e975a7\295975A957570378,0:4058709,2016-12-17 23:28:50-527,2016-12-17 23:28:50-939
Success : SEQ_READ : test1\f71b43c3136efa4f\9f93e73d6896cb7b\6670af231c096f09,0:129,2016-12-17 23:28:50-939,2016-12-17 23:28:50-940
Success : SEQ_READ : test1\f71b43c3136efa4f\83404ffd78f534ff\6670af231c096f09,0:129,2016-12-17 23:28:50-940,2016-12-17 23:28:50-943
Success : LS : test2\a94a8fe5ccb19ba6\2a5bd02710e975a7\,0:-1,2016-12-17 23:28:50-943,2016-12-17 23:28:50-943
Success : CREATE_FILE : test2\a94a8fe5ccb19ba6\205549C076DF03F7,0:1890937,2016-12-17 23:28:50-943,2016-12-17 23:28:51-348
Success : LS : test2\a94a8fe5ccb19ba6\,0:-1,2016-12-17 23:28:51-348,2016-12-17 23:28:51-348
Success : CREATE_FILE : test2\a94a8fe5ccb19ba6\2a5bd02710e975a7\5D610A7E48F16F1D,0:2507842,2016-12-17 23:28:51-348,2016-12-17 23:28:51-647
Success : LS : test2\a94a8fe5ccb19ba6\2a5bd02710e975a7\,0:-1,2016-12-17 23:28:51-647,2016-12-17 23:28:51-647
Success : CREATE_FILE : test2\a94a8fe5ccb19ba6\555C8DCA17DCA267,0:1776330,2016-12-17 23:28:51-647,2016-12-17 23:28:51-932
Success : LS : test2\a94a8fe5ccb19ba6\,0:-1,2016-12-17 23:28:51-932,2016-12-17 23:28:51-932
Success : CREATE_FILE : test2\a94a8fe5ccb19ba6\2a5bd02710e975a7\709DB94718EA7BAF,0:744249,2016-12-17 23:28:51-932,2016-12-17 23:28:52-155
Success : LS : test2\a94a8fe5ccb19ba6\2a5bd02710e975a7\,0:-1,2016-12-17 23:28:52-156,2016-12-17 23:28:52-156
Success : CREATE_FILE : test2\a94a8fe5ccb19ba6\5C2AEFA42F646C47,0:2746843,2016-12-17 23:28:52-156,2016-12-17 23:28:52-603
Success : RANDOM_WRITE : test1\f71b43c3136efa4f\83404ffd78f534ff\6670af231c096f09,0:129,2016-12-17 23:28:52-604,2016-12-17 23:28:52-606
Success : RANDOM_WRITE : test1\c5a5e5562b038073\88fe52fe40fa2264,0:2048,2016-12-17 23:28:52-606,2016-12-17 23:28:52-608
Success : SEQ_READ : test1\c5a5e5562b038073\2015a7ab48ae9a58,0:13312,2016-12-17 23:28:52-609,2016-12-17 23:28:52-610
Success : LS : test2\a94a8fe5ccb19ba6\,0:-1,2016-12-17 23:28:52-611,2016-12-17 23:28:52-611
Success : CREATE_FILE : test2\a94a8fe5ccb19ba6\2a5bd02710e975a7\0BB16DD61E9EE9D0,0:484134,2016-12-17 23:28:52-611,2016-12-17 23:28:53-255
Success : LS : test2\a94a8fe5ccb19ba6\2a5bd02710e975a7\,0:-1,2016-12-17 23:28:53-255,2016-12-17 23:28:53-255
Success : CREATE_FILE : test2\a94a8fe5ccb19ba6\33F0C74D418BE5AF,0:3082305,2016-12-17 23:28:53-255,2016-12-17 23:28:54-321
Success : LS : test2\a94a8fe5ccb19ba6\,0:-1,2016-12-17 23:28:54-322,2016-12-17 23:28:54-322
Success : CREATE_FILE : test2\a94a8fe5ccb19ba6\2a5bd02710e975a7\0B3DE0DF0F799EB4,0:169811,2016-12-17 23:28:54-322,2016-12-17 23:28:54-618
Success : RANDOM_WRITE : test2\a94a8fe5ccb19ba6\2a5bd02710e975a7\3eef580036f1724a,0:257,2016-12-17 23:28:54-618,2016-12-17 23:28:54-620
Success : LS : test2\a94a8fe5ccb19ba6\2a5bd02710e975a7\,0:-1,2016-12-17 23:28:54-620,2016-12-17 23:28:54-620
Success : CREATE_FILE : test2\a94a8fe5ccb19ba6\2a5bd02710e975a7\28658E2B180E0C00,0:676479,2016-12-17 23:28:54-621,2016-12-17 23:28:54-899
Success : LS : test2\a94a8fe5ccb19ba6\2a5bd02710e975a7\,0:-1,2016-12-17 23:28:54-899,2016-12-17 23:28:54-899
Success : CREATE_FILE : test2\a94a8fe5ccb19ba6\1000455F504A4DD2,0:2356747,2016-12-17 23:28:54-899,2016-12-17 23:28:55-238
Success : LS : test2\a94a8fe5ccb19ba6\,0:-1,2016-12-17 23:28:55-239,2016-12-17 23:28:55-239
Success : CREATE_FILE : test2\a94a8fe5ccb19ba6\16BD4D0D51015405,0:36764,2016-12-17 23:28:55-239,2016-12-17 23:28:55-813
Success : LS : test2\a94a8fe5ccb19ba6\,0:-1,2016-12-17 23:28:55-813,2016-12-17 23:28:55-813
Success : CREATE_FILE : test2\a94a8fe5ccb19ba6\570703B80FEAFE8A,0:436489,2016-12-17 23:28:55-813,2016-12-17 23:28:56-051
Success : SEQ_READ : test1\c5a5e5562b038073\88fe52fe40fa2264,0:1024,2016-12-17 23:28:56-051,2016-12-17 23:28:56-052
Success : SEQ_READ : test2\bc9c8ba7ff351f3e,0:147456,2016-12-17 23:28:56-052,2016-12-17 23:28:56-056
Success : SEQ_READ : test2\6c33a983eec1b409,0:2048,2016-12-17 23:28:56-056,2016-12-17 23:28:56-057
Success : SEQ_READ : test1\c5a5e5562b038073\b0c5d70d7f040bfa,0:10240,2016-12-17 23:28:56-057,2016-12-17 23:28:56-059
Success : RANDOM_WRITE : test1\c5a5e5562b038073\6670af231c096f09,0:46,2016-12-17 23:28:56-059,2016-12-17 23:28:56-060
Success : LS : test2\a94a8fe5ccb19ba6\,0:-1,2016-12-17 23:28:56-060,2016-12-17 23:28:56-060
Success : CREATE_FILE : test2\a94a8fe5ccb19ba6\32BDCAB27239E686,0:3828831,2016-12-17 23:28:56-060,2016-12-17 23:28:56-616
Success : LS : test2\a94a8fe5ccb19ba6\,0:-1,2016-12-17 23:28:56-616,2016-12-17 23:28:56-616
Success : CREATE_FILE : test2\a94a8fe5ccb19ba6\2C850E7915585773,0:1685809,2016-12-17 23:28:56-616,2016-12-17 23:28:57-034
Fail : RANDOM_WRITE : test1\c5a5e5562b038073\f72cdbcd84f047a5,0:0,2016-12-17 23:28:57-034,2016-12-17 23:28:57-036
Reason : RESTAPI.NoImplementionException: read failure
Success : LS : test2\a94a8fe5ccb19ba6\,0:-1,2016-12-17 23:28:57-036,2016-12-17 23:28:57-036
Success : CREATE_FILE : test2\a94a8fe5ccb19ba6\2a5bd02710e975a7\641FCFC603DA61E1,0:3443869,2016-12-17 23:28:57-036,2016-12-17 23:28:57-422
Success : LS : test2\a94a8fe5ccb19ba6\2a5bd02710e975a7\,0:-1,2016-12-17 23:28:57-422,2016-12-17 23:28:57-422
Success : CREATE_FILE : test2\a94a8fe5ccb19ba6\2a5bd02710e975a7\682877DB3F5664C2,0:371451,2016-12-17 23:28:57-423,2016-12-17 23:28:57-846
Success : LS : test2\a94a8fe5ccb19ba6\2a5bd02710e975a7\,0:-1,2016-12-17 23:28:57-846,2016-12-17 23:28:57-846
Success : CREATE_FILE : test2\a94a8fe5ccb19ba6\52DB8CD86DCD1972,0:687837,2016-12-17 23:28:57-847,2016-12-17 23:28:58-117
Success : LS : test2\a94a8fe5ccb19ba6\,0:-1,2016-12-17 23:28:58-118,2016-12-17 23:28:58-118
Success : CREATE_FILE : test2\a94a8fe5ccb19ba6\301E43C06CB16B90,0:3727221,2016-12-17 23:28:58-118,2016-12-17 23:28:58-624
Success : LS : test2\a94a8fe5ccb19ba6\,0:-1,2016-12-17 23:28:58-624,2016-12-17 23:28:58-624
Success : CREATE_FILE : test2\a94a8fe5ccb19ba6\0566455170850C5A,0:377771,2016-12-17 23:28:58-624,2016-12-17 23:28:58-957
Success : LS : test2\a94a8fe5ccb19ba6\,0:-1,2016-12-17 23:28:58-957,2016-12-17 23:28:58-957
Success : CREATE_FILE : test2\a94a8fe5ccb19ba6\2709051F6553A0E8,0:2145515,2016-12-17 23:28:58-957,2016-12-17 23:28:59-461
Success : LS : test2\a94a8fe5ccb19ba6\,0:-1,2016-12-17 23:28:59-461,2016-12-17 23:28:59-461
Success : CREATE_FILE : test2\a94a8fe5ccb19ba6\2a5bd02710e975a7\0FEDC09765C7134F,0:481899,2016-12-17 23:28:59-461,2016-12-17 23:29:00-118
Success : LS : test2\a94a8fe5ccb19ba6\2a5bd02710e975a7\,0:-1,2016-12-17 23:29:00-118,2016-12-17 23:29:00-118
Success : CREATE_FILE : test2\a94a8fe5ccb19ba6\3AF4B41B5C365BF1,0:534421,2016-12-17 23:29:00-118,2016-12-17 23:29:00-411
Success : LS : test2\a94a8fe5ccb19ba6\,0:-1,2016-12-17 23:29:00-411,2016-12-17 23:29:00-411
Success : CREATE_FILE : test2\a94a8fe5ccb19ba6\2a5bd02710e975a7\1E1A714B27AFC833,0:521956,2016-12-17 23:29:00-411,2016-12-17 23:29:00-723
Success : LS : test2\a94a8fe5ccb19ba6\2a5bd02710e975a7\,0:-1,2016-12-17 23:29:00-723,2016-12-17 23:29:00-723
Success : CREATE_FILE : test2\a94a8fe5ccb19ba6\7556B0875A5CFA49,0:2483991,2016-12-17 23:29:00-723,2016-12-17 23:29:01-069
Success : LS : test2\a94a8fe5ccb19ba6\,0:-1,2016-12-17 23:29:01-069,2016-12-17 23:29:01-069
Success : CREATE_FILE : test2\a94a8fe5ccb19ba6\5D1B19DC187484A0,0:1512256,2016-12-17 23:29:01-069,2016-12-17 23:29:01-698
Success : LS : test2\a94a8fe5ccb19ba6\,0:-1,2016-12-17 23:29:01-698,2016-12-17 23:29:01-698
Success : CREATE_FILE : test2\a94a8fe5ccb19ba6\2a5bd02710e975a7\7927128B52DEEB72,0:2826331,2016-12-17 23:29:01-698,2016-12-17 23:29:02-147
Success : LS : test2\a94a8fe5ccb19ba6\2a5bd02710e975a7\,0:-1,2016-12-17 23:29:02-147,2016-12-17 23:29:02-147
Success : CREATE_FILE : test2\a94a8fe5ccb19ba6\27BA10FE7CEF0B82,0:3014455,2016-12-17 23:29:02-147,2016-12-17 23:29:02-720
Success : LS : test2\a94a8fe5ccb19ba6\,0:-1,2016-12-17 23:29:02-720,2016-12-17 23:29:02-720
Success : CREATE_FILE : test2\a94a8fe5ccb19ba6\2a5bd02710e975a7\6C0F7B646E66DAD0,0:376870,2016-12-17 23:29:02-721,2016-12-17 23:29:03-181
Success : LS : test2\a94a8fe5ccb19ba6\2a5bd02710e975a7\,0:-1,2016-12-17 23:29:03-181,2016-12-17 23:29:03-181
Success : CREATE_FILE : test2\a94a8fe5ccb19ba6\20FD9B78322DB3F2,0:3347505,2016-12-17 23:29:03-181,2016-12-17 23:29:03-626
Success : LS : test2\a94a8fe5ccb19ba6\,0:-1,2016-12-17 23:29:03-626,2016-12-17 23:29:03-626
Success : CREATE_FILE : test2\a94a8fe5ccb19ba6\21B52A0C1904FA6A,0:3123296,2016-12-17 23:29:03-627,2016-12-17 23:29:04-096
Success : LS : test2\a94a8fe5ccb19ba6\,0:-1,2016-12-17 23:29:04-097,2016-12-17 23:29:04-097
Success : CREATE_FILE : test2\a94a8fe5ccb19ba6\35C5D0C17285E4D6,0:3675338,2016-12-17 23:29:04-097,2016-12-17 23:29:04-414
Success : LS : test2\a94a8fe5ccb19ba6\,0:-1,2016-12-17 23:29:04-414,2016-12-17 23:29:04-415
Success : CREATE_FILE : test2\a94a8fe5ccb19ba6\2a5bd02710e975a7\009952232A09341C,0:3859359,2016-12-17 23:29:04-415,2016-12-17 23:29:04-855
Success : LS : test2\a94a8fe5ccb19ba6\2a5bd02710e975a7\,0:-1,2016-12-17 23:29:04-855,2016-12-17 23:29:04-855
Success : CREATE_FILE : test2\a94a8fe5ccb19ba6\53DAE5430EA4C014,0:3066353,2016-12-17 23:29:04-855,2016-12-17 23:29:05-460
Success : LS : test2\a94a8fe5ccb19ba6\,0:-1,2016-12-17 23:29:05-460,2016-12-17 23:29:05-460
Success : CREATE_FILE : test2\a94a8fe5ccb19ba6\2a5bd02710e975a7\4A2E51802ABDA45A,0:2439194,2016-12-17 23:29:05-461,2016-12-17 23:29:06-036
Success : LS : test2\a94a8fe5ccb19ba6\2a5bd02710e975a7\,0:-1,2016-12-17 23:29:06-036,2016-12-17 23:29:06-036
Success : CREATE_FILE : test2\a94a8fe5ccb19ba6\4346AF23191BF1A1,0:384423,2016-12-17 23:29:06-036,2016-12-17 23:29:06-717
Success : LS : test2\a94a8fe5ccb19ba6\,0:-1,2016-12-17 23:29:06-717,2016-12-17 23:29:06-717
Success : CREATE_FILE : test2\a94a8fe5ccb19ba6\4C85E1CD76DF3DE0,0:3224653,2016-12-17 23:29:06-717,2016-12-17 23:29:07-252
Success : LS : test2\a94a8fe5ccb19ba6\,0:-1,2016-12-17 23:29:07-252,2016-12-17 23:29:07-252
Success : CREATE_FILE : test2\a94a8fe5ccb19ba6\2a5bd02710e975a7\6ECE6D3A012ED888,0:506589,2016-12-17 23:29:07-252,2016-12-17 23:29:07-412
Success : LS : test2\a94a8fe5ccb19ba6\2a5bd02710e975a7\,0:-1,2016-12-17 23:29:07-412,2016-12-17 23:29:07-412
Success : CREATE_FILE : test2\a94a8fe5ccb19ba6\06DAEF5D78091F93,0:2057209,2016-12-17 23:29:07-413,2016-12-17 23:29:07-801
Success : LS : test2\a94a8fe5ccb19ba6\,0:-1,2016-12-17 23:29:07-801,2016-12-17 23:29:07-801
Success : CREATE_FILE : test2\a94a8fe5ccb19ba6\2a5bd02710e975a7\76EE06E8037EF78A,0:3924135,2016-12-17 23:29:07-801,2016-12-17 23:29:08-243
Success : LS : test2\a94a8fe5ccb19ba6\2a5bd02710e975a7\,0:-1,2016-12-17 23:29:08-244,2016-12-17 23:29:08-244
Success : CREATE_FILE : test2\a94a8fe5ccb19ba6\626DEE1F49706C99,0:592265,2016-12-17 23:29:08-244,2016-12-17 23:29:08-851
Success : LS : test2\a94a8fe5ccb19ba6\,0:-1,2016-12-17 23:29:08-851,2016-12-17 23:29:08-851
Success : CREATE_FILE : test2\a94a8fe5ccb19ba6\2a5bd02710e975a7\5A67A5261EF96E64,0:3302768,2016-12-17 23:29:08-852,2016-12-17 23:29:09-301
Success : LS : test2\a94a8fe5ccb19ba6\2a5bd02710e975a7\,0:-1,2016-12-17 23:29:09-301,2016-12-17 23:29:09-301
Success : CREATE_FILE : test2\a94a8fe5ccb19ba6\54734938288EA716,0:1011011,2016-12-17 23:29:09-301,2016-12-17 23:29:09-655
Success : LS : test2\a94a8fe5ccb19ba6\,0:-1,2016-12-17 23:29:09-655,2016-12-17 23:29:09-655
Success : CREATE_FILE : test2\a94a8fe5ccb19ba6\415254A817B3516E,0:126206,2016-12-17 23:29:09-655,2016-12-17 23:29:09-816
Success : LS : test2\a94a8fe5ccb19ba6\,0:-1,2016-12-17 23:29:09-816,2016-12-17 23:29:09-816
Success : CREATE_FILE : test2\a94a8fe5ccb19ba6\5CDCC712721EEDAC,0:3582723,2016-12-17 23:29:09-816,2016-12-17 23:29:10-294
Success : LS : test2\a94a8fe5ccb19ba6\,0:-1,2016-12-17 23:29:10-294,2016-12-17 23:29:10-294
Success : CREATE_FILE : test2\a94a8fe5ccb19ba6\080C18164E69BF24,0:2430274,2016-12-17 23:29:10-294,2016-12-17 23:29:10-553
Success : RANDOM_WRITE : test1\c5a5e5562b038073\a39ea9c72a98de10\aa61f113a9b13deb,0:438,2016-12-17 23:29:10-553,2016-12-17 23:29:10-554
Success : RANDOM_WRITE : test1\c5a5e5562b038073\0189424a5a60fed3\feb6a1968982109d,0:30720,2016-12-17 23:29:10-554,2016-12-17 23:29:10-556
Success : SEQ_READ : test1\c5a5e5562b038073\7b7f22b30cf50087,0:1024,2016-12-17 23:29:10-556,2016-12-17 23:29:10-558
Success : LS : test2\a94a8fe5ccb19ba6\,0:-1,2016-12-17 23:29:10-558,2016-12-17 23:29:10-558
Success : CREATE_FILE : test2\a94a8fe5ccb19ba6\7BE2F35B7DF84972,0:480109,2016-12-17 23:29:10-558,2016-12-17 23:29:11-077
Success : LS : test2\a94a8fe5ccb19ba6\,0:-1,2016-12-17 23:29:11-077,2016-12-17 23:29:11-077
Success : CREATE_FILE : test2\a94a8fe5ccb19ba6\6C4A7CCD09CEE689,0:3327763,2016-12-17 23:29:11-077,2016-12-17 23:29:11-775
Success : LS : test2\a94a8fe5ccb19ba6\,0:-1,2016-12-17 23:29:11-775,2016-12-17 23:29:11-775
Success : CREATE_FILE : test2\a94a8fe5ccb19ba6\2D4E82DF1CA84C8C,0:1326773,2016-12-17 23:29:11-775,2016-12-17 23:29:12-646
Success : SEQ_READ : test1\c5a5e5562b038073\2015a7ab48ae9a58,0:21504,2016-12-17 23:29:12-646,2016-12-17 23:29:12-648
Success : SEQ_READ : test1\f71b43c3136efa4f\9f93e73d6896cb7b\6670af231c096f09,0:129,2016-12-17 23:29:12-649,2016-12-17 23:29:12-650
Success : LS : test2\a94a8fe5ccb19ba6\,0:-1,2016-12-17 23:29:12-650,2016-12-17 23:29:12-650
Success : CREATE_FILE : test2\a94a8fe5ccb19ba6\5117CB467D42F195,0:2585754,2016-12-17 23:29:12-651,2016-12-17 23:29:13-447
Success : LS : test2\a94a8fe5ccb19ba6\,0:-1,2016-12-17 23:29:13-447,2016-12-17 23:29:13-447
Success : CREATE_FILE : test2\a94a8fe5ccb19ba6\6A4EA60D530A17AA,0:3354239,2016-12-17 23:29:13-448,2016-12-17 23:29:13-820
Success : LS : test2\a94a8fe5ccb19ba6\,0:-1,2016-12-17 23:29:13-820,2016-12-17 23:29:13-820
Success : CREATE_FILE : test2\a94a8fe5ccb19ba6\60B93249356C6BA1,0:1006799,2016-12-17 23:29:13-821,2016-12-17 23:29:14-176
Success : LS : test2\a94a8fe5ccb19ba6\,0:-1,2016-12-17 23:29:14-176,2016-12-17 23:29:14-176
Success : CREATE_FILE : test2\a94a8fe5ccb19ba6\6E8ED1113EF4BE5B,0:3357789,2016-12-17 23:29:14-176,2016-12-17 23:29:14-688
Success : LS : test2\a94a8fe5ccb19ba6\,0:-1,2016-12-17 23:29:14-688,2016-12-17 23:29:14-688
Success : CREATE_FILE : test2\a94a8fe5ccb19ba6\2a5bd02710e975a7\03E882BB359FD909,0:1205294,2016-12-17 23:29:14-688,2016-12-17 23:29:14-977
Success : LS : test2\a94a8fe5ccb19ba6\2a5bd02710e975a7\,0:-1,2016-12-17 23:29:14-978,2016-12-17 23:29:14-978
Success : CREATE_FILE : test2\a94a8fe5ccb19ba6\4841090332561D3A,0:1165054,2016-12-17 23:29:14-978,2016-12-17 23:29:15-242
Success : LS : test2\a94a8fe5ccb19ba6\,0:-1,2016-12-17 23:29:15-242,2016-12-17 23:29:15-242
Success : CREATE_FILE : test2\a94a8fe5ccb19ba6\2a5bd02710e975a7\61BEFC49590D4B42,0:675685,2016-12-17 23:29:15-242,2016-12-17 23:29:15-651
Success : LS : test2\a94a8fe5ccb19ba6\2a5bd02710e975a7\,0:-1,2016-12-17 23:29:15-651,2016-12-17 23:29:15-651
Success : CREATE_FILE : test2\a94a8fe5ccb19ba6\2a5bd02710e975a7\49A8CF780D7C0526,0:1648056,2016-12-17 23:29:15-651,2016-12-17 23:29:15-941
Success : LS : test2\a94a8fe5ccb19ba6\2a5bd02710e975a7\,0:-1,2016-12-17 23:29:15-942,2016-12-17 23:29:15-942
Success : CREATE_FILE : test2\a94a8fe5ccb19ba6\73EA5FAF43F08ABE,0:2808332,2016-12-17 23:29:15-942,2016-12-17 23:29:16-259
Success : LS : test2\a94a8fe5ccb19ba6\,0:-1,2016-12-17 23:29:16-259,2016-12-17 23:29:16-259
Success : CREATE_FILE : test2\a94a8fe5ccb19ba6\1AB998D534E7B0C3,0:1557665,2016-12-17 23:29:16-260,2016-12-17 23:29:16-743
Success : LS : test2\a94a8fe5ccb19ba6\,0:-1,2016-12-17 23:29:16-744,2016-12-17 23:29:16-744
Success : CREATE_FILE : test2\a94a8fe5ccb19ba6\78B34246058C6547,0:152878,2016-12-17 23:29:16-744,2016-12-17 23:29:16-905
Success : SEQ_READ : test2\acde102dac5bbe15,0:4096,2016-12-17 23:29:16-905,2016-12-17 23:29:16-906
Success : SEQ_READ : test1\f71b43c3136efa4f\83404ffd78f534ff\6670af231c096f09,0:129,2016-12-17 23:29:16-907,2016-12-17 23:29:16-907
Success : SEQ_READ : test2\bc9c8ba7ff351f3e,0:14336,2016-12-17 23:29:16-908,2016-12-17 23:29:16-909
Success : LS : test2\a94a8fe5ccb19ba6\,0:-1,2016-12-17 23:29:16-909,2016-12-17 23:29:16-909
Success : CREATE_FILE : test2\a94a8fe5ccb19ba6\1BB2502C2759A333,0:460379,2016-12-17 23:29:16-909,2016-12-17 23:29:17-281
Success : LS : test2\a94a8fe5ccb19ba6\,0:-1,2016-12-17 23:29:17-281,2016-12-17 23:29:17-281
Success : CREATE_FILE : test2\a94a8fe5ccb19ba6\359199FD0373CEDA,0:1032349,2016-12-17 23:29:17-281,2016-12-17 23:29:17-514
Success : LS : test2\a94a8fe5ccb19ba6\,0:-1,2016-12-17 23:29:17-514,2016-12-17 23:29:17-514
Success : CREATE_FILE : test2\a94a8fe5ccb19ba6\2a5bd02710e975a7\7628959E5A41F3F5,0:1689837,2016-12-17 23:29:17-515,2016-12-17 23:29:17-908
Success : SEQ_READ : test1\f71b43c3136efa4f\83404ffd78f534ff\6670af231c096f09,0:129,2016-12-17 23:29:17-908,2016-12-17 23:29:17-910
Success : LS : test2\a94a8fe5ccb19ba6\2a5bd02710e975a7\,0:-1,2016-12-17 23:29:17-910,2016-12-17 23:29:17-910
Success : CREATE_FILE : test2\a94a8fe5ccb19ba6\321FDACC50B4965D,0:2369629,2016-12-17 23:29:17-910,2016-12-17 23:29:18-760
Success : LS : test2\a94a8fe5ccb19ba6\,0:-1,2016-12-17 23:29:18-760,2016-12-17 23:29:18-760
Success : CREATE_FILE : test2\a94a8fe5ccb19ba6\37C335292EE18194,0:201360,2016-12-17 23:29:18-760,2016-12-17 23:29:18-982
Success : LS : test2\a94a8fe5ccb19ba6\,0:-1,2016-12-17 23:29:18-983,2016-12-17 23:29:18-983
Success : CREATE_FILE : test2\a94a8fe5ccb19ba6\2a5bd02710e975a7\215E861D7589BC40,0:1414713,2016-12-17 23:29:18-983,2016-12-17 23:29:19-397
Success : LS : test2\a94a8fe5ccb19ba6\2a5bd02710e975a7\,0:-1,2016-12-17 23:29:19-397,2016-12-17 23:29:19-397
Success : CREATE_FILE : test2\a94a8fe5ccb19ba6\16828B457880423D,0:1143965,2016-12-17 23:29:19-397,2016-12-17 23:29:19-628
Success : LS : test2\a94a8fe5ccb19ba6\,0:-1,2016-12-17 23:29:19-628,2016-12-17 23:29:19-628
Success : CREATE_FILE : test2\a94a8fe5ccb19ba6\2BE0F97A18C03242,0:3982760,2016-12-17 23:29:19-628,2016-12-17 23:29:20-273
Success : RANDOM_WRITE : test2\a94a8fe5ccb19ba6\2a5bd02710e975a7\178db47a574c645f,0:257,2016-12-17 23:29:20-273,2016-12-17 23:29:20-274
Success : SEQ_READ : test2\49f03965cf98b1f5,0:1024,2016-12-17 23:29:20-274,2016-12-17 23:29:20-276
Success : SEQ_READ : test1\c5a5e5562b038073\f72cdbcd84f047a5,0:5120,2016-12-17 23:29:20-276,2016-12-17 23:29:20-277
Success : LS : test2\a94a8fe5ccb19ba6\,0:-1,2016-12-17 23:29:20-277,2016-12-17 23:29:20-277
Success : CREATE_FILE : test2\a94a8fe5ccb19ba6\2a5bd02710e975a7\5F9BE8E7074C17AE,0:3598041,2016-12-17 23:29:20-277,2016-12-17 23:29:20-717
Success : LS : test2\a94a8fe5ccb19ba6\2a5bd02710e975a7\,0:-1,2016-12-17 23:29:20-717,2016-12-17 23:29:20-717
Success : CREATE_FILE : test2\a94a8fe5ccb19ba6\201A313A7437517B,0:1517866,2016-12-17 23:29:20-717,2016-12-17 23:29:20-963
Success : LS : test2\a94a8fe5ccb19ba6\,0:-1,2016-12-17 23:29:20-963,2016-12-17 23:29:20-963
Success : CREATE_FILE : test2\a94a8fe5ccb19ba6\40C2854579C3BF72,0:3765503,2016-12-17 23:29:20-963,2016-12-17 23:29:21-330
Success : LS : test2\a94a8fe5ccb19ba6\,0:-1,2016-12-17 23:29:21-330,2016-12-17 23:29:21-330
Success : CREATE_FILE : test2\a94a8fe5ccb19ba6\2a5bd02710e975a7\06DE13ED2DABAB92,0:3028877,2016-12-17 23:29:21-330,2016-12-17 23:29:21-650
Success : LS : test2\a94a8fe5ccb19ba6\2a5bd02710e975a7\,0:-1,2016-12-17 23:29:21-650,2016-12-17 23:29:21-650
Success : CREATE_FILE : test2\a94a8fe5ccb19ba6\2a5bd02710e975a7\4F742E48198AB8B5,0:3542237,2016-12-17 23:29:21-651,2016-12-17 23:29:22-058
Success : LS : test2\a94a8fe5ccb19ba6\2a5bd02710e975a7\,0:-1,2016-12-17 23:29:22-058,2016-12-17 23:29:22-058
Success : CREATE_FILE : test2\a94a8fe5ccb19ba6\7773D9CB11721B9D,0:919542,2016-12-17 23:29:22-058,2016-12-17 23:29:22-379
Success : LS : test2\a94a8fe5ccb19ba6\,0:-1,2016-12-17 23:29:22-380,2016-12-17 23:29:22-380
