Success : LS : test1\f71b43c3136efa4f\,0:-1,2016-12-12 11:36:15-911,2016-12-12 11:36:16-089
Success : LS : test2\a94a8fe5ccb19ba6\2a5bd02710e975a7\,0:-1,2016-12-12 11:36:16-208,2016-12-12 11:36:16-342
Success : RANDOM_READ : test1\c5a5e5562b038073\3c16ab634e85296e,2562:14850,2016-12-12 11:36:16-473,2016-12-12 11:36:16-549
Success : RANDOM_READ : test1\f71b43c3136efa4f\9f93e73d6896cb7b\6670af231c096f09,0:129,2016-12-12 11:36:16-673,2016-12-12 11:36:16-749
Success : RANDOM_READ : test1\f71b43c3136efa4f\9f93e73d6896cb7b\6670af231c096f09,0:129,2016-12-12 11:36:16-874,2016-12-12 11:36:16-947
Success : CREATE_FILE : test2\a94a8fe5ccb19ba6\2a5bd02710e975a7\772CF9AA41A1CB9B,0:2463301,2016-12-12 11:36:17-081,2016-12-12 11:36:20-188
Success : LS : test2\a94a8fe5ccb19ba6\2a5bd02710e975a7\,0:-1,2016-12-12 11:36:20-316,2016-12-12 11:36:20-400
Success : CREATE_FILE : test2\a94a8fe5ccb19ba6\527FABD234BC89CD,0:45007,2016-12-12 11:36:20-495,2016-12-12 11:36:21-010
Success : LS : test2\a94a8fe5ccb19ba6\,0:-1,2016-12-12 11:36:21-127,2016-12-12 11:36:21-218
Success : CREATE_FILE : test2\a94a8fe5ccb19ba6\2a5bd02710e975a7\5A2AF0316D3328C7,0:2848400,2016-12-12 11:36:21-329,2016-12-12 11:36:23-970
Success : LS : test2\a94a8fe5ccb19ba6\,0:-1,2016-12-12 11:36:24-092,2016-12-12 11:36:24-219
Success : RANDOM_READ : test1\c5a5e5562b038073\2d77b1044a6c5c82,740659:752947,2016-12-12 11:36:24-349,2016-12-12 11:36:24-424
Success : RANDOM_READ : test2\1a7683b6645f9b6a,7325:7325,2016-12-12 11:36:24-515,2016-12-12 11:36:24-575
Success : RANDOM_READ : test2\1a7683b6645f9b6a,7245:14413,2016-12-12 11:36:24-662,2016-12-12 11:36:24-740
Success : LS : test2\a94a8fe5ccb19ba6\2a5bd02710e975a7\,0:-1,2016-12-12 11:36:24-858,2016-12-12 11:36:24-936
Success : CREATE_FILE : test2\a94a8fe5ccb19ba6\51A7B7E54842EC20,0:742323,2016-12-12 11:36:25-017,2016-12-12 11:36:25-653
Success : LS : test2\a94a8fe5ccb19ba6\,0:-1,2016-12-12 11:36:25-774,2016-12-12 11:36:25-859
Success : CREATE_FILE : test2\a94a8fe5ccb19ba6\2a5bd02710e975a7\07290FC45915E4BE,0:2133496,2016-12-12 11:36:25-950,2016-12-12 11:36:27-802
Success : LS : test2\a94a8fe5ccb19ba6\2a5bd02710e975a7\,0:-1,2016-12-12 11:36:27-929,2016-12-12 11:36:28-042
Success : CREATE_FILE : test2\a94a8fe5ccb19ba6\34B0C7E77FC7599F,0:1101694,2016-12-12 11:36:28-151,2016-12-12 11:36:28-949
Success : RANDOM_READ : test1\c5a5e5562b038073\767c14c8beb1e835,3109286:3160486,2016-12-12 11:36:29-073,2016-12-12 11:36:29-163
Success : RANDOM_READ : test2\a94a8fe5ccb19ba6\2a5bd02710e975a7\178db47a574c645f,0:257,2016-12-12 11:36:29-265,2016-12-12 11:36:29-348
Success : LS : test1\f71b43c3136efa4f\,0:-1,2016-12-12 11:36:29-463,2016-12-12 11:36:29-529
Success : LS : test1\f71b43c3136efa4f\c7d9912886e5ccc7\,0:-1,2016-12-12 11:36:29-630,2016-12-12 11:36:29-712
Success : LS : test2\a94a8fe5ccb19ba6\,0:-1,2016-12-12 11:36:29-815,2016-12-12 11:36:29-919
Success : CREATE_FILE : test2\a94a8fe5ccb19ba6\6680956773B7D6B0,0:2751787,2016-12-12 11:36:30-039,2016-12-12 11:36:32-527
Success : LS : test2\a94a8fe5ccb19ba6\,0:-1,2016-12-12 11:36:32-650,2016-12-12 11:36:32-742
Success : CREATE_FILE : test2\a94a8fe5ccb19ba6\0592329D134DF816,0:2131369,2016-12-12 11:36:32-843,2016-12-12 11:36:34-611
Success : LS : test2\a94a8fe5ccb19ba6\,0:-1,2016-12-12 11:36:34-727,2016-12-12 11:36:34-814
Success : CREATE_FILE : test2\a94a8fe5ccb19ba6\2a5bd02710e975a7\28E7C142234DBFCC,0:1773625,2016-12-12 11:36:34-943,2016-12-12 11:36:36-442
Success : RANDOM_READ : test2\1a7683b6645f9b6a,88:12376,2016-12-12 11:36:36-546,2016-12-12 11:36:36-604
Success : LS : test2\a94a8fe5ccb19ba6\,0:-1,2016-12-12 11:36:36-681,2016-12-12 11:36:36-769
Success : LS : test2\a94a8fe5ccb19ba6\,0:-1,2016-12-12 11:36:36-872,2016-12-12 11:36:36-954
Success : RANDOM_READ : test1\c5a5e5562b038073\a39ea9c72a98de10\11562aa867a5f398,2039:2039,2016-12-12 11:36:37-075,2016-12-12 11:36:37-181
Success : LS : test2\a94a8fe5ccb19ba6\2a5bd02710e975a7\,0:-1,2016-12-12 11:36:37-305,2016-12-12 11:36:37-388
Success : CREATE_FILE : test2\a94a8fe5ccb19ba6\3E6B6F6659109340,0:1091870,2016-12-12 11:36:37-513,2016-12-12 11:36:38-188
Success : LS : test2\a94a8fe5ccb19ba6\,0:-1,2016-12-12 11:36:38-314,2016-12-12 11:36:38-406
Success : CREATE_FILE : test2\a94a8fe5ccb19ba6\2a5bd02710e975a7\35C57B40559EACBD,0:1858391,2016-12-12 11:36:38-523,2016-12-12 11:36:40-231
Success : LS : test2\a94a8fe5ccb19ba6\2a5bd02710e975a7\,0:-1,2016-12-12 11:36:40-357,2016-12-12 11:36:40-441
Success : CREATE_FILE : test2\a94a8fe5ccb19ba6\3EF69EDC01E61854,0:729109,2016-12-12 11:36:40-534,2016-12-12 11:36:41-186
Success : LS : test2\a94a8fe5ccb19ba6\2a5bd02710e975a7\,0:-1,2016-12-12 11:36:41-312,2016-12-12 11:36:41-392
Success : RANDOM_READ : test2\bc9c8ba7ff351f3e,121268:176564,2016-12-12 11:36:41-514,2016-12-12 11:36:41-588
Success : RANDOM_READ : test1\f71b43c3136efa4f\c7d9912886e5ccc7\6670af231c096f09,0:129,2016-12-12 11:36:41-710,2016-12-12 11:36:41-780
Success : LS : test1\f71b43c3136efa4f\,0:-1,2016-12-12 11:36:41-905,2016-12-12 11:36:41-978
Success : LS : test1\f71b43c3136efa4f\83404ffd78f534ff\,0:-1,2016-12-12 11:36:42-079,2016-12-12 11:36:42-149
Success : LS : test2\a94a8fe5ccb19ba6\,0:-1,2016-12-12 11:36:42-230,2016-12-12 11:36:42-328
Success : CREATE_FILE : test2\a94a8fe5ccb19ba6\14E654102F148881,0:268429,2016-12-12 11:36:42-431,2016-12-12 11:36:42-976
Success : RANDOM_READ : test1\9832710c94f11d2b,31089611:31108043,2016-12-12 11:36:43-097,2016-12-12 11:36:43-185
Fail : LS : test1,0:-1,2016-12-12 11:36:43-275,2016-12-12 11:36:43-275
Reason : java.lang.StringIndexOutOfBoundsException: String index out of range: -2
Success : LS : test2\a94a8fe5ccb19ba6\2a5bd02710e975a7\,0:-1,2016-12-12 11:36:43-390,2016-12-12 11:36:43-654
Success : RANDOM_READ : test1\c5a5e5562b038073\88fe52fe40fa2264,1851:1851,2016-12-12 11:36:43-734,2016-12-12 11:36:43-793
Success : LS : test1\f71b43c3136efa4f\52481749c0cdecd6\,0:-1,2016-12-12 11:36:43-869,2016-12-12 11:36:43-929
Success : LS : test2\a94a8fe5ccb19ba6\,0:-1,2016-12-12 11:36:44-005,2016-12-12 11:36:44-082
Success : CREATE_FILE : test2\a94a8fe5ccb19ba6\7CC3B16002A7F84B,0:3331441,2016-12-12 11:36:44-158,2016-12-12 11:36:48-430
Success : LS : test2\a94a8fe5ccb19ba6\,0:-1,2016-12-12 11:36:48-517,2016-12-12 11:36:48-593
Success : CREATE_FILE : test2\a94a8fe5ccb19ba6\589EA6E70CD0F4D4,0:1620656,2016-12-12 11:36:48-671,2016-12-12 11:36:50-183
Success : RANDOM_READ : test2\a94a8fe5ccb19ba6\2a5bd02710e975a7\3eef580036f1724a,0:257,2016-12-12 11:36:50-375,2016-12-12 11:36:50-670
Fail : LS : test1,0:-1,2016-12-12 11:36:50-918,2016-12-12 11:36:50-918
Reason : java.lang.StringIndexOutOfBoundsException: String index out of range: -2
Success : LS : test2\a94a8fe5ccb19ba6\,0:-1,2016-12-12 11:36:51-195,2016-12-12 11:36:52-740
Success : CREATE_FILE : test2\a94a8fe5ccb19ba6\2a5bd02710e975a7\464978C76BE2E445,0:2695623,2016-12-12 11:36:52-852,2016-12-12 11:36:55-457
Success : LS : test2\a94a8fe5ccb19ba6\2a5bd02710e975a7\,0:-1,2016-12-12 11:36:55-596,2016-12-12 11:36:55-702
Success : CREATE_FILE : test2\a94a8fe5ccb19ba6\669564125396C291,0:1921896,2016-12-12 11:36:55-816,2016-12-12 11:36:57-628
Success : LS : test2\a94a8fe5ccb19ba6\,0:-1,2016-12-12 11:36:57-733,2016-12-12 11:36:57-821
Success : CREATE_FILE : test2\a94a8fe5ccb19ba6\1D0B144D59EBF6B8,0:943293,2016-12-12 11:36:57-943,2016-12-12 11:36:58-541
Success : LS : test2\a94a8fe5ccb19ba6\,0:-1,2016-12-12 11:36:58-665,2016-12-12 11:36:58-782
Success : CREATE_FILE : test2\a94a8fe5ccb19ba6\2a5bd02710e975a7\421DF94E4A70EF00,0:1163528,2016-12-12 11:36:58-904,2016-12-12 11:36:59-650
Success : LS : test2\a94a8fe5ccb19ba6\2a5bd02710e975a7\,0:-1,2016-12-12 11:36:59-739,2016-12-12 11:36:59-806
Success : CREATE_FILE : test2\a94a8fe5ccb19ba6\2a5bd02710e975a7\3688B7C16CD7F95F,0:1799523,2016-12-12 11:36:59-882,2016-12-12 11:37:01-561
Success : LS : test1\c5a5e5562b038073\0189424a5a60fed3\,0:-1,2016-12-12 11:37:01-684,2016-12-12 11:37:01-760
Success : LS : test2\a94a8fe5ccb19ba6\2a5bd02710e975a7\,0:-1,2016-12-12 11:37:01-882,2016-12-12 11:37:01-961
Success : LS : test1\f71b43c3136efa4f\83404ffd78f534ff\,0:-1,2016-12-12 11:37:02-085,2016-12-12 11:37:02-158
Fail : LS : test1,0:-1,2016-12-12 11:37:02-264,2016-12-12 11:37:02-264
Reason : java.lang.StringIndexOutOfBoundsException: String index out of range: -2
Success : LS : test1\f71b43c3136efa4f\83404ffd78f534ff\,0:-1,2016-12-12 11:37:02-381,2016-12-12 11:37:02-488
Success : LS : test2\a94a8fe5ccb19ba6\2a5bd02710e975a7\,0:-1,2016-12-12 11:37:02-579,2016-12-12 11:37:02-689
Success : CREATE_FILE : test2\a94a8fe5ccb19ba6\10E8CF884E93DAA5,0:2839591,2016-12-12 11:37:02-786,2016-12-12 11:37:05-656
Success : LS : test2\a94a8fe5ccb19ba6\,0:-1,2016-12-12 11:37:05-809,2016-12-12 11:37:05-889
Success : RANDOM_READ : test1\c5a5e5562b038073\c7abaf0419c47a1d,725925:727973,2016-12-12 11:37:05-967,2016-12-12 11:37:06-039
Success : LS : test1\c5a5e5562b038073\0189424a5a60fed3\,0:-1,2016-12-12 11:37:06-118,2016-12-12 11:37:06-182
Success : LS : test1\f71b43c3136efa4f\83404ffd78f534ff\,0:-1,2016-12-12 11:37:06-259,2016-12-12 11:37:06-321
Success : LS : test1\f71b43c3136efa4f\c7d9912886e5ccc7\,0:-1,2016-12-12 11:37:06-404,2016-12-12 11:37:06-481
Success : LS : test2\a94a8fe5ccb19ba6\,0:-1,2016-12-12 11:37:06-562,2016-12-12 11:37:06-638
Success : CREATE_FILE : test2\a94a8fe5ccb19ba6\4B903753604509BA,0:1652857,2016-12-12 11:37:06-726,2016-12-12 11:37:08-034
Success : RANDOM_READ : test2\bc9c8ba7ff351f3e,40371:84403,2016-12-12 11:37:08-159,2016-12-12 11:37:08-244
Success : RANDOM_READ : test1\c5a5e5562b038073\05d1f0ed74e78555,2977:55201,2016-12-12 11:37:08-365,2016-12-12 11:37:08-442
Success : RANDOM_READ : test1\c5a5e5562b038073\a39ea9c72a98de10\4a90c52e52d54ede,534:534,2016-12-12 11:37:08-550,2016-12-12 11:37:08-616
Success : LS : test1\c5a5e5562b038073\,0:-1,2016-12-12 11:37:08-728,2016-12-12 11:37:08-800
Success : LS : test2\a94a8fe5ccb19ba6\,0:-1,2016-12-12 11:37:08-925,2016-12-12 11:37:09-013
Success : CREATE_FILE : test2\a94a8fe5ccb19ba6\229358706B5AB9F2,0:2296787,2016-12-12 11:37:09-097,2016-12-12 11:37:11-092
Success : LS : test2\a94a8fe5ccb19ba6\,0:-1,2016-12-12 11:37:11-214,2016-12-12 11:37:11-330
Success : CREATE_FILE : test2\a94a8fe5ccb19ba6\00EE837F59554CA2,0:3744119,2016-12-12 11:37:11-443,2016-12-12 11:37:15-448
Success : LS : test2\a94a8fe5ccb19ba6\,0:-1,2016-12-12 11:37:15-538,2016-12-12 11:37:15-618
Success : CREATE_FILE : test2\a94a8fe5ccb19ba6\2a5bd02710e975a7\7BAC171E17653B6B,0:1742237,2016-12-12 11:37:15-736,2016-12-12 11:37:17-245
Success : LS : test2\a94a8fe5ccb19ba6\,0:-1,2016-12-12 11:37:17-370,2016-12-12 11:37:17-493
Success : LS : test2\a94a8fe5ccb19ba6\2a5bd02710e975a7\,0:-1,2016-12-12 11:37:17-590,2016-12-12 11:37:17-660
Success : RANDOM_READ : test2\acde102dac5bbe15,54:5174,2016-12-12 11:37:17-738,2016-12-12 11:37:17-798
Success : LS : test2\a94a8fe5ccb19ba6\2a5bd02710e975a7\,0:-1,2016-12-12 11:37:17-874,2016-12-12 11:37:17-958
Success : CREATE_FILE : test2\a94a8fe5ccb19ba6\2a5bd02710e975a7\0A76CD8A09F5E654,0:1113950,2016-12-12 11:37:18-040,2016-12-12 11:37:18-863
Success : LS : test2\a94a8fe5ccb19ba6\2a5bd02710e975a7\,0:-1,2016-12-12 11:37:18-991,2016-12-12 11:37:19-106
Success : CREATE_FILE : test2\a94a8fe5ccb19ba6\4E912E141D14BDD5,0:2017583,2016-12-12 11:37:19-229,2016-12-12 11:37:20-907
Success : LS : test2\a94a8fe5ccb19ba6\,0:-1,2016-12-12 11:37:21-033,2016-12-12 11:37:21-151
Success : CREATE_FILE : test2\a94a8fe5ccb19ba6\0708EDEA2DF67F15,0:1387330,2016-12-12 11:37:21-271,2016-12-12 11:37:22-496
Success : LS : test2\a94a8fe5ccb19ba6\,0:-1,2016-12-12 11:37:22-618,2016-12-12 11:37:22-707
Success : CREATE_FILE : test2\a94a8fe5ccb19ba6\6C8037CE4A2B41A2,0:2875799,2016-12-12 11:37:22-812,2016-12-12 11:37:25-766
Success : RANDOM_READ : test1\c5a5e5562b038073\2015a7ab48ae9a58,9016:28472,2016-12-12 11:37:25-887,2016-12-12 11:37:25-986
Success : LS : test1\c5a5e5562b038073\,0:-1,2016-12-12 11:37:26-076,2016-12-12 11:37:26-162
Success : RANDOM_READ : test1\c5a5e5562b038073\a39ea9c72a98de10\aa61f113a9b13deb,0:438,2016-12-12 11:37:26-248,2016-12-12 11:37:26-347
Success : LS : test1\f71b43c3136efa4f\,0:-1,2016-12-12 11:37:26-440,2016-12-12 11:37:26-545
Success : LS : test1\f71b43c3136efa4f\52481749c0cdecd6\,0:-1,2016-12-12 11:37:26-669,2016-12-12 11:37:26-765
Success : LS : test2\a94a8fe5ccb19ba6\,0:-1,2016-12-12 11:37:26-856,2016-12-12 11:37:26-951
Success : CREATE_FILE : test2\a94a8fe5ccb19ba6\56B046BB0D733F12,0:274619,2016-12-12 11:37:27-068,2016-12-12 11:37:28-037
Success : LS : test2\a94a8fe5ccb19ba6\,0:-1,2016-12-12 11:37:28-160,2016-12-12 11:37:28-283
Success : CREATE_FILE : test2\a94a8fe5ccb19ba6\2a5bd02710e975a7\71AFF38505CB5AFF,0:1779453,2016-12-12 11:37:28-407,2016-12-12 11:37:30-045
Success : LS : test1\c5a5e5562b038073\,0:-1,2016-12-12 11:37:30-142,2016-12-12 11:37:30-206
Success : LS : test2\a94a8fe5ccb19ba6\,0:-1,2016-12-12 11:37:30-282,2016-12-12 11:37:30-362
Success : LS : test1\c5a5e5562b038073\,0:-1,2016-12-12 11:37:30-445,2016-12-12 11:37:30-518
Success : RANDOM_READ : test2\a94a8fe5ccb19ba6\2a5bd02710e975a7\254d76d2609fec03,60:60,2016-12-12 11:37:30-596,2016-12-12 11:37:30-655
Success : LS : test2\a94a8fe5ccb19ba6\2a5bd02710e975a7\,0:-1,2016-12-12 11:37:30-754,2016-12-12 11:37:30-827
Success : CREATE_FILE : test2\a94a8fe5ccb19ba6\2a5bd02710e975a7\48BC9F5434EF5E11,0:1468521,2016-12-12 11:37:30-926,2016-12-12 11:37:32-390
Success : LS : test2\a94a8fe5ccb19ba6\2a5bd02710e975a7\,0:-1,2016-12-12 11:37:32-516,2016-12-12 11:37:32-594
Success : CREATE_FILE : test2\a94a8fe5ccb19ba6\7FEFF09375768A38,0:1099827,2016-12-12 11:37:32-722,2016-12-12 11:37:33-819
Success : RANDOM_READ : test1\c5a5e5562b038073\6670af231c096f09,0:46,2016-12-12 11:37:33-941,2016-12-12 11:37:34-012
Success : LS : test1\c5a5e5562b038073\a39ea9c72a98de10\,0:-1,2016-12-12 11:37:34-131,2016-12-12 11:37:34-206
Success : LS : test2\a94a8fe5ccb19ba6\2a5bd02710e975a7\,0:-1,2016-12-12 11:37:34-317,2016-12-12 11:37:34-398
Success : LS : test2\a94a8fe5ccb19ba6\2a5bd02710e975a7\,0:-1,2016-12-12 11:37:34-508,2016-12-12 11:37:34-582
Success : LS : test2\a94a8fe5ccb19ba6\,0:-1,2016-12-12 11:37:34-748,2016-12-12 11:37:34-824
Success : LS : test2\a94a8fe5ccb19ba6\,0:-1,2016-12-12 11:37:34-930,2016-12-12 11:37:35-024
Success : CREATE_FILE : test2\a94a8fe5ccb19ba6\5EA7291D1F3F23A3,0:3679571,2016-12-12 11:37:35-103,2016-12-12 11:37:38-902
Success : LS : test1\c5a5e5562b038073\,0:-1,2016-12-12 11:37:39-024,2016-12-12 11:37:39-126
Success : LS : test1\c5a5e5562b038073\a39ea9c72a98de10\,0:-1,2016-12-12 11:37:39-253,2016-12-12 11:37:39-329
Fail : LS : test1,0:-1,2016-12-12 11:37:39-417,2016-12-12 11:37:39-418
Reason : java.lang.StringIndexOutOfBoundsException: String index out of range: -2
Success : LS : test2\a94a8fe5ccb19ba6\,0:-1,2016-12-12 11:37:39-502,2016-12-12 11:37:39-576
Success : CREATE_FILE : test2\a94a8fe5ccb19ba6\1208ECCA2A550238,0:3159775,2016-12-12 11:37:39-652,2016-12-12 11:37:43-106
Success : LS : test2\a94a8fe5ccb19ba6\,0:-1,2016-12-12 11:37:43-225,2016-12-12 11:37:43-341
Success : CREATE_FILE : test2\a94a8fe5ccb19ba6\21C34BBA73F14706,0:1553496,2016-12-12 11:37:43-451,2016-12-12 11:37:45-804
Success : LS : test2\a94a8fe5ccb19ba6\,0:-1,2016-12-12 11:37:45-927,2016-12-12 11:37:46-061
Success : CREATE_FILE : test2\a94a8fe5ccb19ba6\2a5bd02710e975a7\0BD0D2F70BDF4715,0:290046,2016-12-12 11:37:46-174,2016-12-12 11:37:46-824
Success : LS : test1\f71b43c3136efa4f\,0:-1,2016-12-12 11:37:46-949,2016-12-12 11:37:47-037
Success : RANDOM_READ : test1\c5a5e5562b038073\2015a7ab48ae9a58,4458:11626,2016-12-12 11:37:47-159,2016-12-12 11:37:47-225
Success : RANDOM_READ : test1\f71b43c3136efa4f\52481749c0cdecd6\6670af231c096f09,0:129,2016-12-12 11:37:47-299,2016-12-12 11:37:47-360
Success : RANDOM_READ : test1\c5a5e5562b038073\f72cdbcd84f047a5,2751:17087,2016-12-12 11:37:47-447,2016-12-12 11:37:47-506
Success : LS : test2\a94a8fe5ccb19ba6\2a5bd02710e975a7\,0:-1,2016-12-12 11:37:47-593,2016-12-12 11:37:47-662
Success : CREATE_FILE : test2\a94a8fe5ccb19ba6\2a5bd02710e975a7\2064C90171841CDB,0:1758350,2016-12-12 11:37:47-761,2016-12-12 11:37:49-460
Success : LS : test2\a94a8fe5ccb19ba6\2a5bd02710e975a7\,0:-1,2016-12-12 11:37:49-576,2016-12-12 11:37:49-684
Success : CREATE_FILE : test2\a94a8fe5ccb19ba6\6A97F4B80E5075D0,0:3528140,2016-12-12 11:37:49-794,2016-12-12 11:37:53-357
Success : LS : test2\a94a8fe5ccb19ba6\,0:-1,2016-12-12 11:37:53-479,2016-12-12 11:37:53-565
Success : CREATE_FILE : test2\a94a8fe5ccb19ba6\50E090891FECC8A9,0:3772916,2016-12-12 11:37:53-642,2016-12-12 11:37:57-434
Success : LS : test2\a94a8fe5ccb19ba6\,0:-1,2016-12-12 11:37:57-533,2016-12-12 11:37:57-614
Fail : LS : test1,0:-1,2016-12-12 11:37:57-687,2016-12-12 11:37:57-687
Reason : java.lang.StringIndexOutOfBoundsException: String index out of range: -2
Success : LS : test1\f71b43c3136efa4f\52481749c0cdecd6\,0:-1,2016-12-12 11:37:57-799,2016-12-12 11:37:57-875
Success : LS : test1\c5a5e5562b038073\,0:-1,2016-12-12 11:37:57-950,2016-12-12 11:37:58-012
Success : LS : test2\a94a8fe5ccb19ba6\,0:-1,2016-12-12 11:37:58-137,2016-12-12 11:37:58-261
Success : CREATE_FILE : test2\a94a8fe5ccb19ba6\2a5bd02710e975a7\52C2D97E61ABD0D6,0:3363013,2016-12-12 11:37:58-362,2016-12-12 11:38:01-592
Success : LS : test2\a94a8fe5ccb19ba6\2a5bd02710e975a7\,0:-1,2016-12-12 11:38:01-716,2016-12-12 11:38:01-799
Success : CREATE_FILE : test2\a94a8fe5ccb19ba6\3C56FC724D4F2D13,0:2175094,2016-12-12 11:38:01-911,2016-12-12 11:38:11-808
Success : LS : test2\a94a8fe5ccb19ba6\,0:-1,2016-12-12 11:38:11-924,2016-12-12 11:38:12-010
Success : LS : test2\a94a8fe5ccb19ba6\,0:-1,2016-12-12 11:38:12-106,2016-12-12 11:38:12-188
Success : CREATE_FILE : test2\a94a8fe5ccb19ba6\2a5bd02710e975a7\55A9D46D51592146,0:331173,2016-12-12 11:38:12-296,2016-12-12 11:38:15-562
Success : LS : test2\a94a8fe5ccb19ba6\2a5bd02710e975a7\,0:-1,2016-12-12 11:38:15-640,2016-12-12 11:38:15-709
Success : CREATE_FILE : test2\a94a8fe5ccb19ba6\03A7009769C3FA1E,0:3972959,2016-12-12 11:38:15-784,2016-12-12 11:38:20-122
Success : LS : test2\a94a8fe5ccb19ba6\,0:-1,2016-12-12 11:38:20-237,2016-12-12 11:38:20-353
Success : CREATE_FILE : test2\a94a8fe5ccb19ba6\20BDB85052759FD4,0:2702570,2016-12-12 11:38:20-445,2016-12-12 11:38:23-003
Success : LS : test2\a94a8fe5ccb19ba6\,0:-1,2016-12-12 11:38:23-128,2016-12-12 11:38:23-247
Success : CREATE_FILE : test2\a94a8fe5ccb19ba6\240EABB743D5854D,0:2345929,2016-12-12 11:38:23-339,2016-12-12 11:38:25-452
Success : LS : test2\a94a8fe5ccb19ba6\,0:-1,2016-12-12 11:38:25-572,2016-12-12 11:38:25-662
Success : CREATE_FILE : test2\a94a8fe5ccb19ba6\0390947B53D6396D,0:633318,2016-12-12 11:38:25-773,2016-12-12 11:38:26-328
Success : LS : test2\a94a8fe5ccb19ba6\,0:-1,2016-12-12 11:38:26-454,2016-12-12 11:38:26-567
Success : CREATE_FILE : test2\a94a8fe5ccb19ba6\2a5bd02710e975a7\5B42594A4FCD8048,0:1192459,2016-12-12 11:38:26-661,2016-12-12 11:38:27-642
Success : LS : test1\f71b43c3136efa4f\9f93e73d6896cb7b\,0:-1,2016-12-12 11:38:27-745,2016-12-12 11:38:27-810
Success : LS : test1\f71b43c3136efa4f\83404ffd78f534ff\,0:-1,2016-12-12 11:38:27-919,2016-12-12 11:38:27-990
Success : LS : test2\a94a8fe5ccb19ba6\,0:-1,2016-12-12 11:38:28-092,2016-12-12 11:38:28-174
Success : LS : test2\a94a8fe5ccb19ba6\2a5bd02710e975a7\,0:-1,2016-12-12 11:38:28-262,2016-12-12 11:38:28-332
Success : CREATE_FILE : test2\a94a8fe5ccb19ba6\0046E4A506BBA8CA,0:2340622,2016-12-12 11:38:28-435,2016-12-12 11:38:30-405
Success : LS : test2\a94a8fe5ccb19ba6\,0:-1,2016-12-12 11:38:30-532,2016-12-12 11:38:30-611
Success : CREATE_FILE : test2\a94a8fe5ccb19ba6\26481A68239EEC41,0:896539,2016-12-12 11:38:30-688,2016-12-12 11:38:31-349
Success : LS : test2\a94a8fe5ccb19ba6\,0:-1,2016-12-12 11:38:31-468,2016-12-12 11:38:31-591
Success : CREATE_FILE : test2\a94a8fe5ccb19ba6\45FE0E8500FFF1AB,0:988949,2016-12-12 11:38:31-682,2016-12-12 11:38:32-845
Success : LS : test2\a94a8fe5ccb19ba6\,0:-1,2016-12-12 11:38:32-968,2016-12-12 11:38:33-098
Success : CREATE_FILE : test2\a94a8fe5ccb19ba6\2a5bd02710e975a7\3A5288C0445D526E,0:3340272,2016-12-12 11:38:33-223,2016-12-12 11:38:36-884
Success : RANDOM_READ : test2\6c33a983eec1b409,783:1807,2016-12-12 11:38:37-010,2016-12-12 11:38:37-080
Success : LS : test2\a94a8fe5ccb19ba6\2a5bd02710e975a7\,0:-1,2016-12-12 11:38:37-202,2016-12-12 11:38:37-293
Success : LS : test1\c5a5e5562b038073\,0:-1,2016-12-12 11:38:37-384,2016-12-12 11:38:37-475
Success : LS : test2\a94a8fe5ccb19ba6\2a5bd02710e975a7\,0:-1,2016-12-12 11:38:37-594,2016-12-12 11:38:37-743
Success : CREATE_FILE : test2\a94a8fe5ccb19ba6\2E6FBCC359619F79,0:3897363,2016-12-12 11:38:37-856,2016-12-12 11:38:42-740
Success : LS : test2\a94a8fe5ccb19ba6\,0:-1,2016-12-12 11:38:42-865,2016-12-12 11:38:42-947
Success : CREATE_FILE : test2\a94a8fe5ccb19ba6\2a5bd02710e975a7\6E5F4F7505FC2467,0:2064067,2016-12-12 11:38:43-056,2016-12-12 11:38:45-223
Success : LS : test2\a94a8fe5ccb19ba6\2a5bd02710e975a7\,0:-1,2016-12-12 11:38:45-347,2016-12-12 11:38:45-456
Success : CREATE_FILE : test2\a94a8fe5ccb19ba6\698B97A81255CD23,0:3947439,2016-12-12 11:38:45-535,2016-12-12 11:38:49-650
Success : LS : test2\a94a8fe5ccb19ba6\,0:-1,2016-12-12 11:38:49-774,2016-12-12 11:38:49-890
Success : CREATE_FILE : test2\a94a8fe5ccb19ba6\34D65A6F13FE861E,0:348125,2016-12-12 11:38:50-017,2016-12-12 11:38:50-754
Success : RANDOM_READ : test1\f71b43c3136efa4f\83404ffd78f534ff\6670af231c096f09,0:129,2016-12-12 11:38:50-879,2016-12-12 11:38:50-990
Success : LS : test1\c5a5e5562b038073\0189424a5a60fed3\,0:-1,2016-12-12 11:38:51-083,2016-12-12 11:38:51-195
Success : LS : test2\a94a8fe5ccb19ba6\2a5bd02710e975a7\,0:-1,2016-12-12 11:38:51-285,2016-12-12 11:38:51-405
Success : LS : test2\a94a8fe5ccb19ba6\,0:-1,2016-12-12 11:38:51-496,2016-12-12 11:38:51-579
Success : CREATE_FILE : test2\a94a8fe5ccb19ba6\3476FDBB637D764C,0:587525,2016-12-12 11:38:51-661,2016-12-12 11:38:53-569
Success : LS : test2\a94a8fe5ccb19ba6\,0:-1,2016-12-12 11:38:53-691,2016-12-12 11:38:53-781
Success : CREATE_FILE : test2\a94a8fe5ccb19ba6\0BD97FFB515A2175,0:3581413,2016-12-12 11:38:53-866,2016-12-12 11:38:57-634
Success : LS : test2\a94a8fe5ccb19ba6\,0:-1,2016-12-12 11:38:57-754,2016-12-12 11:38:57-844
Success : CREATE_FILE : test2\a94a8fe5ccb19ba6\7C31E8030AE3D230,0:333848,2016-12-12 11:38:57-941,2016-12-12 11:38:58-483
Success : LS : test2\a94a8fe5ccb19ba6\,0:-1,2016-12-12 11:38:58-609,2016-12-12 11:38:58-701
Success : CREATE_FILE : test2\a94a8fe5ccb19ba6\63FFB8272B50076D,0:1262899,2016-12-12 11:38:58-809,2016-12-12 11:39:01-908
Success : RANDOM_READ : test1\c5a5e5562b038073\0caa882bd1034750,74880:82048,2016-12-12 11:39:02-031,2016-12-12 11:39:02-108
Success : RANDOM_READ : test1\c5a5e5562b038073\88fe52fe40fa2264,2478:2478,2016-12-12 11:39:02-199,2016-12-12 11:39:02-283
Success : LS : test2\a94a8fe5ccb19ba6\,0:-1,2016-12-12 11:39:02-391,2016-12-12 11:39:02-493
Success : LS : test2\a94a8fe5ccb19ba6\,0:-1,2016-12-12 11:39:02-593,2016-12-12 11:39:02-669
Success : CREATE_FILE : test2\a94a8fe5ccb19ba6\56C938DE0D36CAED,0:2542288,2016-12-12 11:39:02-747,2016-12-12 11:39:05-848
Success : LS : test2\a94a8fe5ccb19ba6\,0:-1,2016-12-12 11:39:05-968,2016-12-12 11:39:06-058
Success : CREATE_FILE : test2\a94a8fe5ccb19ba6\4CEDDE8E22BE5F51,0:2328804,2016-12-12 11:39:06-133,2016-12-12 11:39:08-180
Success : LS : test2\a94a8fe5ccb19ba6\,0:-1,2016-12-12 11:39:08-321,2016-12-12 11:39:08-451
Success : CREATE_FILE : test2\a94a8fe5ccb19ba6\2a5bd02710e975a7\35BED884508CFF19,0:2763602,2016-12-12 11:39:08-575,2016-12-12 11:39:12-143
Success : LS : test1\c5a5e5562b038073\0189424a5a60fed3\,0:-1,2016-12-12 11:39:12-265,2016-12-12 11:39:12-335
Success : LS : test2\a94a8fe5ccb19ba6\2a5bd02710e975a7\,0:-1,2016-12-12 11:39:12-456,2016-12-12 11:39:12-560
Success : CREATE_FILE : test2\a94a8fe5ccb19ba6\2a5bd02710e975a7\00F628B97669B1A7,0:3296722,2016-12-12 11:39:12-670,2016-12-12 11:39:15-952
Success : LS : test2\a94a8fe5ccb19ba6\2a5bd02710e975a7\,0:-1,2016-12-12 11:39:16-074,2016-12-12 11:39:16-151
Success : CREATE_FILE : test2\a94a8fe5ccb19ba6\4788103C07FB4734,0:3960457,2016-12-12 11:39:16-246,2016-12-12 11:39:22-745
Success : LS : test2\a94a8fe5ccb19ba6\,0:-1,2016-12-12 11:39:22-834,2016-12-12 11:39:22-962
Success : CREATE_FILE : test2\a94a8fe5ccb19ba6\2a5bd02710e975a7\07ACD21334DF3072,0:3279347,2016-12-12 11:39:23-088,2016-12-12 11:39:26-291
Success : LS : test2\a94a8fe5ccb19ba6\2a5bd02710e975a7\,0:-1,2016-12-12 11:39:26-412,2016-12-12 11:39:26-492
Success : CREATE_FILE : test2\a94a8fe5ccb19ba6\2a5bd02710e975a7\652BED3F03BE8771,0:3599228,2016-12-12 11:39:26-614,2016-12-12 11:39:30-840
Success : LS : test2\a94a8fe5ccb19ba6\2a5bd02710e975a7\,0:-1,2016-12-12 11:39:30-960,2016-12-12 11:39:31-089
Success : CREATE_FILE : test2\a94a8fe5ccb19ba6\5EB4BE96600CC6F8,0:1678307,2016-12-12 11:39:31-214,2016-12-12 11:39:33-277
Success : LS : test2\a94a8fe5ccb19ba6\,0:-1,2016-12-12 11:39:33-396,2016-12-12 11:39:33-532
Success : CREATE_FILE : test2\a94a8fe5ccb19ba6\2a5bd02710e975a7\275DDAF1705E179F,0:2800205,2016-12-12 11:39:33-657,2016-12-12 11:39:36-417
Success : LS : test2\a94a8fe5ccb19ba6\2a5bd02710e975a7\,0:-1,2016-12-12 11:39:36-529,2016-12-12 11:39:36-609
Success : RANDOM_READ : test1\c5a5e5562b038073\2d77b1044a6c5c82,397874:447026,2016-12-12 11:39:36-687,2016-12-12 11:39:36-781
Success : LS : test1\c5a5e5562b038073\0189424a5a60fed3\,0:-1,2016-12-12 11:39:36-896,2016-12-12 11:39:36-966
Success : LS : test2\a94a8fe5ccb19ba6\2a5bd02710e975a7\,0:-1,2016-12-12 11:39:37-040,2016-12-12 11:39:37-151
Success : CREATE_FILE : test2\a94a8fe5ccb19ba6\2a5bd02710e975a7\438F19D81EDF8E13,0:2876076,2016-12-12 11:39:37-275,2016-12-12 11:39:40-468
Success : LS : test2\a94a8fe5ccb19ba6\2a5bd02710e975a7\,0:-1,2016-12-12 11:39:40-637,2016-12-12 11:39:40-723
Success : CREATE_FILE : test2\a94a8fe5ccb19ba6\2a5bd02710e975a7\25BC20F730F7A71E,0:3015857,2016-12-12 11:39:40-799,2016-12-12 11:39:44-064
Success : LS : test2\a94a8fe5ccb19ba6\2a5bd02710e975a7\,0:-1,2016-12-12 11:39:44-187,2016-12-12 11:39:44-267
Success : CREATE_FILE : test2\a94a8fe5ccb19ba6\2a5bd02710e975a7\2186A5372B848762,0:2370135,2016-12-12 11:39:44-342,2016-12-12 11:39:46-463
Success : LS : test2\a94a8fe5ccb19ba6\,0:-1,2016-12-12 11:39:46-585,2016-12-12 11:39:46-676
Success : LS : test2\a94a8fe5ccb19ba6\2a5bd02710e975a7\,0:-1,2016-12-12 11:39:46-752,2016-12-12 11:39:46-860
Success : LS : test1\f71b43c3136efa4f\c7d9912886e5ccc7\,0:-1,2016-12-12 11:39:46-978,2016-12-12 11:39:47-055
Success : LS : test2\a94a8fe5ccb19ba6\2a5bd02710e975a7\,0:-1,2016-12-12 11:39:47-171,2016-12-12 11:39:47-259
Success : CREATE_FILE : test2\a94a8fe5ccb19ba6\0AB94C290890F662,0:14233,2016-12-12 11:39:47-346,2016-12-12 11:39:47-976
Success : LS : test2\a94a8fe5ccb19ba6\,0:-1,2016-12-12 11:39:48-104,2016-12-12 11:39:48-198
Success : CREATE_FILE : test2\a94a8fe5ccb19ba6\2248FB875C853DB7,0:1833280,2016-12-12 11:39:48-313,2016-12-12 11:39:51-339
Success : LS : test2\a94a8fe5ccb19ba6\,0:-1,2016-12-12 11:39:51-466,2016-12-12 11:39:51-562
Success : CREATE_FILE : test2\a94a8fe5ccb19ba6\5E795F6E249BBC98,0:3441670,2016-12-12 11:39:51-641,2016-12-12 11:39:55-205
Success : LS : test2\a94a8fe5ccb19ba6\,0:-1,2016-12-12 11:39:55-318,2016-12-12 11:39:55-405
Success : CREATE_FILE : test2\a94a8fe5ccb19ba6\200445ED2CB86AC2,0:714902,2016-12-12 11:39:55-487,2016-12-12 11:39:56-284
Success : RANDOM_READ : test1\c5a5e5562b038073\c7734a16bf12bb03,220288:277632,2016-12-12 11:39:56-403,2016-12-12 11:39:56-489
Success : RANDOM_READ : test1\f71b43c3136efa4f\83404ffd78f534ff\6670af231c096f09,0:129,2016-12-12 11:39:56-599,2016-12-12 11:39:56-668
Success : LS : test2\a94a8fe5ccb19ba6\,0:-1,2016-12-12 11:39:56-744,2016-12-12 11:39:56-839
Success : CREATE_FILE : test2\a94a8fe5ccb19ba6\5F3CA92749073E46,0:2464628,2016-12-12 11:39:56-927,2016-12-12 11:39:59-712
Success : LS : test2\a94a8fe5ccb19ba6\,0:-1,2016-12-12 11:39:59-830,2016-12-12 11:39:59-915
Success : CREATE_FILE : test2\a94a8fe5ccb19ba6\0C68410E438DB0B7,0:2875260,2016-12-12 11:39:59-996,2016-12-12 11:40:02-692
Success : LS : test2\a94a8fe5ccb19ba6\,0:-1,2016-12-12 11:40:02-816,2016-12-12 11:40:02-938
Success : CREATE_FILE : test2\a94a8fe5ccb19ba6\2a5bd02710e975a7\4B13895A6664C189,0:1289017,2016-12-12 11:40:03-064,2016-12-12 11:40:04-626
Success : LS : test2\a94a8fe5ccb19ba6\2a5bd02710e975a7\,0:-1,2016-12-12 11:40:04-749,2016-12-12 11:40:04-832
Success : CREATE_FILE : test2\a94a8fe5ccb19ba6\2a5bd02710e975a7\4144DCEA690CDC0F,0:3218654,2016-12-12 11:40:04-935,2016-12-12 11:40:08-137
Success : LS : test2\a94a8fe5ccb19ba6\2a5bd02710e975a7\,0:-1,2016-12-12 11:40:08-263,2016-12-12 11:40:08-376
Success : CREATE_FILE : test2\a94a8fe5ccb19ba6\2a5bd02710e975a7\3278298A077F4048,0:3987419,2016-12-12 11:40:08-497,2016-12-12 11:40:13-291
Fail : LS : test1,0:-1,2016-12-12 11:40:13-417,2016-12-12 11:40:13-417
Reason : java.lang.StringIndexOutOfBoundsException: String index out of range: -2
Success : RANDOM_READ : test2\6c33a983eec1b409,1676:1676,2016-12-12 11:40:13-541,2016-12-12 11:40:13-705
Success : LS : test1\f71b43c3136efa4f\,0:-1,2016-12-12 11:40:13-786,2016-12-12 11:40:13-899
Success : LS : test2\a94a8fe5ccb19ba6\2a5bd02710e975a7\,0:-1,2016-12-12 11:40:13-992,2016-12-12 11:40:14-111
Success : CREATE_FILE : test2\a94a8fe5ccb19ba6\31D5E5713F2DB052,0:2630574,2016-12-12 11:40:14-238,2016-12-12 11:40:17-971
Success : LS : test2\a94a8fe5ccb19ba6\,0:-1,2016-12-12 11:40:18-096,2016-12-12 11:40:18-240
Success : CREATE_FILE : test2\a94a8fe5ccb19ba6\3C7F6BC36A2C3ABB,0:4093335,2016-12-12 11:40:18-354,2016-12-12 11:40:24-406
Success : LS : test2\a94a8fe5ccb19ba6\,0:-1,2016-12-12 11:40:24-524,2016-12-12 11:40:24-653
Success : CREATE_FILE : test2\a94a8fe5ccb19ba6\2a5bd02710e975a7\3C1807D406DE1F20,0:2172473,2016-12-12 11:40:24-781,2016-12-12 11:40:27-049
Success : LS : test2\a94a8fe5ccb19ba6\2a5bd02710e975a7\,0:-1,2016-12-12 11:40:27-174,2016-12-12 11:40:27-262
Success : CREATE_FILE : test2\a94a8fe5ccb19ba6\71E333DA0537881F,0:1314968,2016-12-12 11:40:27-364,2016-12-12 11:40:28-561
Success : LS : test1\c5a5e5562b038073\,0:-1,2016-12-12 11:40:28-672,2016-12-12 11:40:28-759
Success : LS : test2\a94a8fe5ccb19ba6\2a5bd02710e975a7\,0:-1,2016-12-12 11:40:28-883,2016-12-12 11:40:28-965
Success : LS : test2\a94a8fe5ccb19ba6\,0:-1,2016-12-12 11:40:29-047,2016-12-12 11:40:29-141
Success : LS : test2\a94a8fe5ccb19ba6\,0:-1,2016-12-12 11:40:29-252,2016-12-12 11:40:29-341
Success : CREATE_FILE : test2\a94a8fe5ccb19ba6\648F325F344D1E12,0:1847790,2016-12-12 11:40:29-501,2016-12-12 11:40:32-750
Success : LS : test2\a94a8fe5ccb19ba6\,0:-1,2016-12-12 11:40:32-873,2016-12-12 11:40:32-991
Success : CREATE_FILE : test2\a94a8fe5ccb19ba6\2a5bd02710e975a7\0D883E621F5A5DD5,0:740663,2016-12-12 11:40:33-085,2016-12-12 11:40:34-337
Success : LS : test2\a94a8fe5ccb19ba6\2a5bd02710e975a7\,0:-1,2016-12-12 11:40:34-466,2016-12-12 11:40:34-553
Success : CREATE_FILE : test2\a94a8fe5ccb19ba6\2a5bd02710e975a7\7E892AC4517BEBD4,0:2383756,2016-12-12 11:40:34-658,2016-12-12 11:40:37-055
Success : LS : test2\a94a8fe5ccb19ba6\,0:-1,2016-12-12 11:40:37-134,2016-12-12 11:40:37-220
Success : LS : test1\c5a5e5562b038073\0189424a5a60fed3\,0:-1,2016-12-12 11:40:37-298,2016-12-12 11:40:37-366
Success : LS : test1\c5a5e5562b038073\a39ea9c72a98de10\,0:-1,2016-12-12 11:40:37-449,2016-12-12 11:40:37-519
Success : LS : test2\a94a8fe5ccb19ba6\2a5bd02710e975a7\,0:-1,2016-12-12 11:40:37-593,2016-12-12 11:40:37-670
Success : CREATE_FILE : test2\a94a8fe5ccb19ba6\028E9EFC1627699E,0:3739022,2016-12-12 11:40:37-789,2016-12-12 11:40:42-372
Success : LS : test2\a94a8fe5ccb19ba6\,0:-1,2016-12-12 11:40:42-491,2016-12-12 11:40:42-617
Success : CREATE_FILE : test2\a94a8fe5ccb19ba6\2a5bd02710e975a7\3B49EDA53D3B9FEB,0:842109,2016-12-12 11:40:42-723,2016-12-12 11:40:43-757
Success : LS : test2\a94a8fe5ccb19ba6\2a5bd02710e975a7\,0:-1,2016-12-12 11:40:43-860,2016-12-12 11:40:43-977
Success : CREATE_FILE : test2\a94a8fe5ccb19ba6\67EC804E515F1B94,0:4041081,2016-12-12 11:40:44-116,2016-12-12 11:40:49-153
Success : LS : test1\f71b43c3136efa4f\52481749c0cdecd6\,0:-1,2016-12-12 11:40:49-278,2016-12-12 11:40:49-386
Success : LS : test2\a94a8fe5ccb19ba6\,0:-1,2016-12-12 11:40:49-480,2016-12-12 11:40:49-604
Success : CREATE_FILE : test2\a94a8fe5ccb19ba6\2a5bd02710e975a7\3CBAA74B7E7FDBF8,0:184514,2016-12-12 11:40:49-711,2016-12-12 11:40:50-457
Success : LS : test2\a94a8fe5ccb19ba6\2a5bd02710e975a7\,0:-1,2016-12-12 11:40:50-576,2016-12-12 11:40:50-689
Success : CREATE_FILE : test2\a94a8fe5ccb19ba6\2a5bd02710e975a7\7ABD819739D49599,0:3525839,2016-12-12 11:40:50-775,2016-12-12 11:40:54-906
Success : LS : test2\a94a8fe5ccb19ba6\2a5bd02710e975a7\,0:-1,2016-12-12 11:40:55-027,2016-12-12 11:40:55-100
Success : CREATE_FILE : test2\a94a8fe5ccb19ba6\22B5D2620D038568,0:110448,2016-12-12 11:40:55-186,2016-12-12 11:40:55-916
Success : LS : test2\a94a8fe5ccb19ba6\,0:-1,2016-12-12 11:40:56-043,2016-12-12 11:40:56-139
Success : CREATE_FILE : test2\a94a8fe5ccb19ba6\7EC34B1A2E120938,0:891067,2016-12-12 11:40:56-215,2016-12-12 11:40:57-308
Success : LS : test2\a94a8fe5ccb19ba6\,0:-1,2016-12-12 11:40:57-430,2016-12-12 11:40:57-535
Success : CREATE_FILE : test2\a94a8fe5ccb19ba6\2a5bd02710e975a7\1DB42FFA1C979D57,0:1958280,2016-12-12 11:40:57-648,2016-12-12 11:40:59-836
Success : LS : test1\f71b43c3136efa4f\,0:-1,2016-12-12 11:40:59-956,2016-12-12 11:41:00-058
Success : LS : test2\a94a8fe5ccb19ba6\2a5bd02710e975a7\,0:-1,2016-12-12 11:41:00-134,2016-12-12 11:41:00-245
Fail : LS : test1,0:-1,2016-12-12 11:41:00-340,2016-12-12 11:41:00-340
Reason : java.lang.StringIndexOutOfBoundsException: String index out of range: -2
Success : LS : test1\c5a5e5562b038073\0189424a5a60fed3\,0:-1,2016-12-12 11:41:00-455,2016-12-12 11:41:00-529
Success : LS : test2\a94a8fe5ccb19ba6\2a5bd02710e975a7\,0:-1,2016-12-12 11:41:00-646,2016-12-12 11:41:00-725
Success : CREATE_FILE : test2\a94a8fe5ccb19ba6\488FC34008E2B23B,0:3368106,2016-12-12 11:41:00-805,2016-12-12 11:41:04-078
Success : LS : test2\a94a8fe5ccb19ba6\,0:-1,2016-12-12 11:41:04-151,2016-12-12 11:41:04-230
Success : CREATE_FILE : test2\a94a8fe5ccb19ba6\2a5bd02710e975a7\7F98757338B2E93E,0:2528183,2016-12-12 11:41:04-304,2016-12-12 11:41:06-961
Success : LS : test2\a94a8fe5ccb19ba6\2a5bd02710e975a7\,0:-1,2016-12-12 11:41:07-084,2016-12-12 11:41:07-170
Success : CREATE_FILE : test2\a94a8fe5ccb19ba6\49FEE8986DFB31F1,0:472067,2016-12-12 11:41:07-251,2016-12-12 11:41:08-148
Fail : LS : test1,0:-1,2016-12-12 11:41:08-272,2016-12-12 11:41:08-272
Reason : java.lang.StringIndexOutOfBoundsException: String index out of range: -2
Success : LS : test1\c5a5e5562b038073\0189424a5a60fed3\,0:-1,2016-12-12 11:41:08-358,2016-12-12 11:41:08-423
Fail : LS : test1,0:-1,2016-12-12 11:41:08-496,2016-12-12 11:41:08-496
Reason : java.lang.StringIndexOutOfBoundsException: String index out of range: -2
Success : LS : test1\c5a5e5562b038073\0189424a5a60fed3\,0:-1,2016-12-12 11:41:08-572,2016-12-12 11:41:08-637
Success : LS : test2\a94a8fe5ccb19ba6\,0:-1,2016-12-12 11:41:08-714,2016-12-12 11:41:08-793
Success : CREATE_FILE : test2\a94a8fe5ccb19ba6\2a5bd02710e975a7\511959484AB86765,0:3921065,2016-12-12 11:41:08-888,2016-12-12 11:41:14-796
Success : LS : test2\a94a8fe5ccb19ba6\2a5bd02710e975a7\,0:-1,2016-12-12 11:41:14-917,2016-12-12 11:41:15-030
Success : CREATE_FILE : test2\a94a8fe5ccb19ba6\46E52AC724DC6AA4,0:390967,2016-12-12 11:41:15-147,2016-12-12 11:41:16-058
Success : LS : test2\a94a8fe5ccb19ba6\,0:-1,2016-12-12 11:41:16-169,2016-12-12 11:41:16-313
Success : CREATE_FILE : test2\a94a8fe5ccb19ba6\2a5bd02710e975a7\439DE5D516A9E1AE,0:666198,2016-12-12 11:41:16-438,2016-12-12 11:41:17-902
Success : LS : test1\f71b43c3136efa4f\9f93e73d6896cb7b\,0:-1,2016-12-12 11:41:18-024,2016-12-12 11:41:18-093
Success : LS : test2\a94a8fe5ccb19ba6\2a5bd02710e975a7\,0:-1,2016-12-12 11:41:18-200,2016-12-12 11:41:18-339
Success : CREATE_FILE : test2\a94a8fe5ccb19ba6\54CB9CF511A8EFFF,0:3956130,2016-12-12 11:41:18-462,2016-12-12 11:41:23-553
Success : LS : test2\a94a8fe5ccb19ba6\,0:-1,2016-12-12 11:41:23-633,2016-12-12 11:41:23-755
Success : CREATE_FILE : test2\a94a8fe5ccb19ba6\2a5bd02710e975a7\58232EC513F33BB8,0:1681722,2016-12-12 11:41:23-867,2016-12-12 11:41:25-654
Success : LS : test2\a94a8fe5ccb19ba6\2a5bd02710e975a7\,0:-1,2016-12-12 11:41:25-746,2016-12-12 11:41:25-816
Success : CREATE_FILE : test2\a94a8fe5ccb19ba6\6CF831D949014283,0:1073671,2016-12-12 11:41:25-892,2016-12-12 11:41:26-690
Success : LS : test2\a94a8fe5ccb19ba6\,0:-1,2016-12-12 11:41:26-804,2016-12-12 11:41:26-891
Success : CREATE_FILE : test2\a94a8fe5ccb19ba6\1C1D47407D645C77,0:3733283,2016-12-12 11:41:26-984,2016-12-12 11:41:30-692
Success : LS : test2\a94a8fe5ccb19ba6\,0:-1,2016-12-12 11:41:30-817,2016-12-12 11:41:30-937
Success : CREATE_FILE : test2\a94a8fe5ccb19ba6\2a5bd02710e975a7\3B5497F737FE071B,0:2149621,2016-12-12 11:41:31-039,2016-12-12 11:41:33-438
Success : LS : test2\a94a8fe5ccb19ba6\2a5bd02710e975a7\,0:-1,2016-12-12 11:41:33-562,2016-12-12 11:41:33-651
