Success : CREATE_FILE : test2\a94a8fe5ccb19ba6\1B80BBA33714890E,0:396,2016-12-12 09:57:54-989,2016-12-12 09:57:55-777
Fail : LS : test2\a94a8fe5ccb19ba6\,0:-1,2016-12-12 09:57:55-900,2016-12-12 09:57:55-990
Reason : hadoop4j.NoImplementionException: not supported by openstack
Success : CREATE_FILE : test2\a94a8fe5ccb19ba6\315CAD90292A7DB1,0:2056,2016-12-12 09:57:56-073,2016-12-12 09:57:56-860
Fail : LS : test2\a94a8fe5ccb19ba6\,0:-1,2016-12-12 09:57:56-970,2016-12-12 09:57:57-055
Reason : hadoop4j.NoImplementionException: not supported by openstack
Success : CREATE_FILE : test2\a94a8fe5ccb19ba6\1C9B73DF5E899FDF,0:2705,2016-12-12 09:57:57-136,2016-12-12 09:57:57-597
Fail : LS : test2\a94a8fe5ccb19ba6\,0:-1,2016-12-12 09:57:57-722,2016-12-12 09:57:57-805
Reason : hadoop4j.NoImplementionException: not supported by openstack
Success : CREATE_FILE : test2\a94a8fe5ccb19ba6\3842C1D23DF5B089,0:146,2016-12-12 09:57:57-895,2016-12-12 09:57:58-582
Fail : LS : test2\a94a8fe5ccb19ba6\,0:-1,2016-12-12 09:57:58-707,2016-12-12 09:57:58-784
Reason : hadoop4j.NoImplementionException: not supported by openstack
Success : CREATE_FILE : test2\a94a8fe5ccb19ba6\70F2E21C25A2379F,0:290,2016-12-12 09:57:58-865,2016-12-12 09:57:59-320
Fail : LS : test2\a94a8fe5ccb19ba6\,0:-1,2016-12-12 09:57:59-443,2016-12-12 09:57:59-549
Reason : hadoop4j.NoImplementionException: not supported by openstack
Success : CREATE_FILE : test2\a94a8fe5ccb19ba6\6F1A5990007238C5,0:4065,2016-12-12 09:57:59-638,2016-12-12 09:58:01-636
Fail : LS : test2\a94a8fe5ccb19ba6\,0:-1,2016-12-12 09:58:01-763,2016-12-12 09:58:01-873
Reason : hadoop4j.NoImplementionException: not supported by openstack
Success : CREATE_FILE : test2\a94a8fe5ccb19ba6\72C71E235D8B4967,0:1680,2016-12-12 09:58:01-965,2016-12-12 09:58:02-992
Fail : LS : test2\a94a8fe5ccb19ba6\,0:-1,2016-12-12 09:58:03-100,2016-12-12 09:58:03-179
Reason : hadoop4j.NoImplementionException: not supported by openstack
Success : CREATE_FILE : test2\a94a8fe5ccb19ba6\2a5bd02710e975a7\792F53FD7FCCAC34,0:2019,2016-12-12 09:58:03-260,2016-12-12 09:58:05-142
Fail : LS : test2\a94a8fe5ccb19ba6\2a5bd02710e975a7\,0:-1,2016-12-12 09:58:05-276,2016-12-12 09:58:05-398
Reason : hadoop4j.NoImplementionException: not supported by openstack
Success : CREATE_FILE : test2\a94a8fe5ccb19ba6\5B15E7424AAF653A,0:375,2016-12-12 09:58:05-523,2016-12-12 09:58:07-241
Fail : LS : test2\a94a8fe5ccb19ba6\,0:-1,2016-12-12 09:58:07-380,2016-12-12 09:58:07-496
Reason : hadoop4j.NoImplementionException: not supported by openstack
Success : CREATE_FILE : test2\a94a8fe5ccb19ba6\2a5bd02710e975a7\3D8B98542A24483C,0:2789,2016-12-12 09:58:07-589,2016-12-12 09:58:08-826
Fail : LS : test2\a94a8fe5ccb19ba6\2a5bd02710e975a7\,0:-1,2016-12-12 09:58:08-911,2016-12-12 09:58:08-989
Reason : hadoop4j.NoImplementionException: not supported by openstack
Success : CREATE_FILE : test2\a94a8fe5ccb19ba6\513DBFC935962F38,0:4029,2016-12-12 09:58:09-067,2016-12-12 09:58:10-003
Fail : LS : test2\a94a8fe5ccb19ba6\,0:-1,2016-12-12 09:58:10-113,2016-12-12 09:58:10-196
Reason : hadoop4j.NoImplementionException: not supported by openstack
Success : CREATE_FILE : test2\a94a8fe5ccb19ba6\0A8FA3C969D63D8F,0:454,2016-12-12 09:58:10-300,2016-12-12 09:58:10-982
Fail : LS : test2\a94a8fe5ccb19ba6\,0:-1,2016-12-12 09:58:11-110,2016-12-12 09:58:11-191
Reason : hadoop4j.NoImplementionException: not supported by openstack
Success : CREATE_FILE : test2\a94a8fe5ccb19ba6\2a5bd02710e975a7\59E0F9C07FB8E30C,0:2845,2016-12-12 09:58:11-280,2016-12-12 09:58:11-802
Fail : LS : test2\a94a8fe5ccb19ba6\2a5bd02710e975a7\,0:-1,2016-12-12 09:58:11-880,2016-12-12 09:58:11-981
Reason : hadoop4j.NoImplementionException: not supported by openstack
Success : CREATE_FILE : test2\a94a8fe5ccb19ba6\01CE3D3354379177,0:2938,2016-12-12 09:58:12-074,2016-12-12 09:58:12-629
Fail : LS : test2\a94a8fe5ccb19ba6\,0:-1,2016-12-12 09:58:12-755,2016-12-12 09:58:12-833
Reason : hadoop4j.NoImplementionException: not supported by openstack
Success : CREATE_FILE : test2\a94a8fe5ccb19ba6\2a5bd02710e975a7\187C31F3172B7F45,0:248,2016-12-12 09:58:12-954,2016-12-12 09:58:13-502
Fail : LS : test2\a94a8fe5ccb19ba6\2a5bd02710e975a7\,0:-1,2016-12-12 09:58:13-585,2016-12-12 09:58:13-658
Reason : hadoop4j.NoImplementionException: not supported by openstack
Success : CREATE_FILE : test2\a94a8fe5ccb19ba6\6F3B88D071F49612,0:2713,2016-12-12 09:58:13-752,2016-12-12 09:58:14-292
Fail : LS : test2\a94a8fe5ccb19ba6\,0:-1,2016-12-12 09:58:14-380,2016-12-12 09:58:14-457
Reason : hadoop4j.NoImplementionException: not supported by openstack
Success : CREATE_FILE : test2\a94a8fe5ccb19ba6\2a5bd02710e975a7\7E2D63DB02770F9C,0:1625,2016-12-12 09:58:14-553,2016-12-12 09:58:15-201
Fail : LS : test2\a94a8fe5ccb19ba6\2a5bd02710e975a7\,0:-1,2016-12-12 09:58:15-310,2016-12-12 09:58:15-393
Reason : hadoop4j.NoImplementionException: not supported by openstack
Success : CREATE_FILE : test2\a94a8fe5ccb19ba6\2a5bd02710e975a7\30B54E577DBBF33B,0:615,2016-12-12 09:58:15-517,2016-12-12 09:58:16-170
Fail : LS : test2\a94a8fe5ccb19ba6\2a5bd02710e975a7\,0:-1,2016-12-12 09:58:16-296,2016-12-12 09:58:16-399
Reason : hadoop4j.NoImplementionException: not supported by openstack
Success : CREATE_FILE : test2\a94a8fe5ccb19ba6\2a5bd02710e975a7\58EC5819363441AE,0:3739,2016-12-12 09:58:16-487,2016-12-12 09:58:17-121
Fail : LS : test2\a94a8fe5ccb19ba6\2a5bd02710e975a7\,0:-1,2016-12-12 09:58:17-242,2016-12-12 09:58:17-347
Reason : hadoop4j.NoImplementionException: not supported by openstack
Success : CREATE_FILE : test2\a94a8fe5ccb19ba6\2646FD9C4928BCDA,0:3800,2016-12-12 09:58:17-432,2016-12-12 09:58:18-273
Fail : LS : test2\a94a8fe5ccb19ba6\,0:-1,2016-12-12 09:58:18-401,2016-12-12 09:58:18-500
Reason : hadoop4j.NoImplementionException: not supported by openstack
Success : CREATE_FILE : test2\a94a8fe5ccb19ba6\24F9FFD96AACA590,0:139,2016-12-12 09:58:18-618,2016-12-12 09:58:19-097
Fail : LS : test2\a94a8fe5ccb19ba6\,0:-1,2016-12-12 09:58:19-230,2016-12-12 09:58:19-317
Reason : hadoop4j.NoImplementionException: not supported by openstack
Success : CREATE_FILE : test2\a94a8fe5ccb19ba6\06986F9A40D2D3FA,0:2217,2016-12-12 09:58:19-402,2016-12-12 09:58:20-075
Fail : LS : test2\a94a8fe5ccb19ba6\,0:-1,2016-12-12 09:58:20-204,2016-12-12 09:58:20-282
Reason : hadoop4j.NoImplementionException: not supported by openstack
Success : CREATE_FILE : test2\a94a8fe5ccb19ba6\2a5bd02710e975a7\484E92DA1B95696D,0:1846,2016-12-12 09:58:20-360,2016-12-12 09:58:21-014
Fail : LS : test2\a94a8fe5ccb19ba6\2a5bd02710e975a7\,0:-1,2016-12-12 09:58:21-118,2016-12-12 09:58:21-222
Reason : hadoop4j.NoImplementionException: not supported by openstack
Success : CREATE_FILE : test2\a94a8fe5ccb19ba6\2a5bd02710e975a7\5BC034C560A0A072,0:1543,2016-12-12 09:58:21-317,2016-12-12 09:58:21-853
Fail : LS : test2\a94a8fe5ccb19ba6\2a5bd02710e975a7\,0:-1,2016-12-12 09:58:21-943,2016-12-12 09:58:22-016
Reason : hadoop4j.NoImplementionException: not supported by openstack
Success : CREATE_FILE : test2\a94a8fe5ccb19ba6\2a5bd02710e975a7\362AAA6C515BE49D,0:1143,2016-12-12 09:58:22-093,2016-12-12 09:58:22-503
Fail : LS : test2\a94a8fe5ccb19ba6\2a5bd02710e975a7\,0:-1,2016-12-12 09:58:22-629,2016-12-12 09:58:22-738
Reason : hadoop4j.NoImplementionException: not supported by openstack
Success : CREATE_FILE : test2\a94a8fe5ccb19ba6\241B17BF22CEF8CD,0:125,2016-12-12 09:58:22-847,2016-12-12 09:58:23-360
Fail : LS : test2\a94a8fe5ccb19ba6\,0:-1,2016-12-12 09:58:23-488,2016-12-12 09:58:23-565
Reason : hadoop4j.NoImplementionException: not supported by openstack
Success : CREATE_FILE : test2\a94a8fe5ccb19ba6\2a5bd02710e975a7\219C443D59373B0A,0:3546,2016-12-12 09:58:23-644,2016-12-12 09:58:24-348
Fail : LS : test2\a94a8fe5ccb19ba6\2a5bd02710e975a7\,0:-1,2016-12-12 09:58:24-473,2016-12-12 09:58:24-551
Reason : hadoop4j.NoImplementionException: not supported by openstack
Success : CREATE_FILE : test2\a94a8fe5ccb19ba6\44EEF38878D9A2F7,0:2200,2016-12-12 09:58:24-628,2016-12-12 09:58:25-130
Fail : LS : test2\a94a8fe5ccb19ba6\,0:-1,2016-12-12 09:58:25-258,2016-12-12 09:58:25-336
Reason : hadoop4j.NoImplementionException: not supported by openstack
Success : CREATE_FILE : test2\a94a8fe5ccb19ba6\2a5bd02710e975a7\576408D22372C579,0:652,2016-12-12 09:58:25-421,2016-12-12 09:58:26-412
Fail : LS : test2\a94a8fe5ccb19ba6\2a5bd02710e975a7\,0:-1,2016-12-12 09:58:26-587,2016-12-12 09:58:26-709
Reason : hadoop4j.NoImplementionException: not supported by openstack
Success : CREATE_FILE : test2\a94a8fe5ccb19ba6\2a5bd02710e975a7\5CF907756BB2C05C,0:1079,2016-12-12 09:58:26-797,2016-12-12 09:58:27-209
Fail : LS : test2\a94a8fe5ccb19ba6\2a5bd02710e975a7\,0:-1,2016-12-12 09:58:27-324,2016-12-12 09:58:27-399
Reason : hadoop4j.NoImplementionException: not supported by openstack
Success : CREATE_FILE : test2\a94a8fe5ccb19ba6\2a5bd02710e975a7\2C90C7172CD7FB82,0:379,2016-12-12 09:58:27-508,2016-12-12 09:58:27-913
Fail : LS : test2\a94a8fe5ccb19ba6\2a5bd02710e975a7\,0:-1,2016-12-12 09:58:27-996,2016-12-12 09:58:28-063
Reason : hadoop4j.NoImplementionException: not supported by openstack
Success : CREATE_FILE : test2\a94a8fe5ccb19ba6\439964D241153F97,0:3257,2016-12-12 09:58:28-141,2016-12-12 09:58:28-553
Fail : LS : test2\a94a8fe5ccb19ba6\,0:-1,2016-12-12 09:58:28-677,2016-12-12 09:58:28-782
Reason : hadoop4j.NoImplementionException: not supported by openstack
Success : CREATE_FILE : test2\a94a8fe5ccb19ba6\0BA5994562421B31,0:544,2016-12-12 09:58:28-908,2016-12-12 09:58:29-288
Fail : LS : test2\a94a8fe5ccb19ba6\,0:-1,2016-12-12 09:58:29-398,2016-12-12 09:58:29-467
Reason : hadoop4j.NoImplementionException: not supported by openstack
Success : CREATE_FILE : test2\a94a8fe5ccb19ba6\2a5bd02710e975a7\196FA0F976F88555,0:3796,2016-12-12 09:58:29-544,2016-12-12 09:58:30-054
Fail : LS : test2\a94a8fe5ccb19ba6\2a5bd02710e975a7\,0:-1,2016-12-12 09:58:30-175,2016-12-12 09:58:30-248
Reason : hadoop4j.NoImplementionException: not supported by openstack
Success : CREATE_FILE : test2\a94a8fe5ccb19ba6\2a5bd02710e975a7\1250E23C6BC5848E,0:3460,2016-12-12 09:58:30-324,2016-12-12 09:58:30-853
Fail : LS : test2\a94a8fe5ccb19ba6\2a5bd02710e975a7\,0:-1,2016-12-12 09:58:30-945,2016-12-12 09:58:31-014
Reason : hadoop4j.NoImplementionException: not supported by openstack
Success : CREATE_FILE : test2\a94a8fe5ccb19ba6\0CEF17E6322B7E09,0:1044,2016-12-12 09:58:31-095,2016-12-12 09:58:31-523
Fail : LS : test2\a94a8fe5ccb19ba6\,0:-1,2016-12-12 09:58:31-649,2016-12-12 09:58:31-768
Reason : hadoop4j.NoImplementionException: not supported by openstack
Success : CREATE_FILE : test2\a94a8fe5ccb19ba6\38554A4950793FDD,0:3774,2016-12-12 09:58:31-889,2016-12-12 09:58:32-514
Fail : LS : test2\a94a8fe5ccb19ba6\,0:-1,2016-12-12 09:58:32-636,2016-12-12 09:58:32-745
Reason : hadoop4j.NoImplementionException: not supported by openstack
Success : CREATE_FILE : test2\a94a8fe5ccb19ba6\2a5bd02710e975a7\2C1A372C6FBACDA0,0:92,2016-12-12 09:58:32-861,2016-12-12 09:58:33-327
Fail : LS : test2\a94a8fe5ccb19ba6\2a5bd02710e975a7\,0:-1,2016-12-12 09:58:33-453,2016-12-12 09:58:33-561
Reason : hadoop4j.NoImplementionException: not supported by openstack
Success : CREATE_FILE : test2\a94a8fe5ccb19ba6\57D1D77D324ADDE2,0:1907,2016-12-12 09:58:33-655,2016-12-12 09:58:34-089
Fail : LS : test2\a94a8fe5ccb19ba6\,0:-1,2016-12-12 09:58:34-211,2016-12-12 09:58:34-310
Reason : hadoop4j.NoImplementionException: not supported by openstack
Success : CREATE_FILE : test2\a94a8fe5ccb19ba6\226270CA15E2EF0F,0:1846,2016-12-12 09:58:34-414,2016-12-12 09:58:35-239
Fail : LS : test2\a94a8fe5ccb19ba6\,0:-1,2016-12-12 09:58:35-358,2016-12-12 09:58:35-431
Reason : hadoop4j.NoImplementionException: not supported by openstack
Success : CREATE_FILE : test2\a94a8fe5ccb19ba6\10E91C110C03AE70,0:620,2016-12-12 09:58:35-529,2016-12-12 09:58:36-507
Fail : LS : test2\a94a8fe5ccb19ba6\,0:-1,2016-12-12 09:58:36-635,2016-12-12 09:58:36-745
Reason : hadoop4j.NoImplementionException: not supported by openstack
Success : CREATE_FILE : test2\a94a8fe5ccb19ba6\2a5bd02710e975a7\1D167CF40302F5A8,0:1959,2016-12-12 09:58:36-836,2016-12-12 09:58:38-344
Fail : LS : test2\a94a8fe5ccb19ba6\2a5bd02710e975a7\,0:-1,2016-12-12 09:58:38-468,2016-12-12 09:58:38-572
Reason : hadoop4j.NoImplementionException: not supported by openstack
Success : CREATE_FILE : test2\a94a8fe5ccb19ba6\52DB365C2FE10B0A,0:3685,2016-12-12 09:58:38-694,2016-12-12 09:58:39-431
Fail : LS : test2\a94a8fe5ccb19ba6\,0:-1,2016-12-12 09:58:39-557,2016-12-12 09:58:39-641
Reason : hadoop4j.NoImplementionException: not supported by openstack
Success : CREATE_FILE : test2\a94a8fe5ccb19ba6\2a5bd02710e975a7\3F51DB1B6CF665F8,0:1042,2016-12-12 09:58:39-755,2016-12-12 09:58:40-311
Fail : LS : test2\a94a8fe5ccb19ba6\2a5bd02710e975a7\,0:-1,2016-12-12 09:58:40-389,2016-12-12 09:58:40-481
Reason : hadoop4j.NoImplementionException: not supported by openstack
Success : CREATE_FILE : test2\a94a8fe5ccb19ba6\68CFE4615DC87AB9,0:1849,2016-12-12 09:58:40-588,2016-12-12 09:58:41-162
Fail : LS : test2\a94a8fe5ccb19ba6\,0:-1,2016-12-12 09:58:41-287,2016-12-12 09:58:41-364
Reason : hadoop4j.NoImplementionException: not supported by openstack
Success : CREATE_FILE : test2\a94a8fe5ccb19ba6\2a5bd02710e975a7\6410436A23AB6169,0:2450,2016-12-12 09:58:41-442,2016-12-12 09:58:41-844
Fail : LS : test2\a94a8fe5ccb19ba6\2a5bd02710e975a7\,0:-1,2016-12-12 09:58:41-961,2016-12-12 09:58:42-063
Reason : hadoop4j.NoImplementionException: not supported by openstack
Success : CREATE_FILE : test2\a94a8fe5ccb19ba6\2a5bd02710e975a7\398C67F42114EC01,0:3714,2016-12-12 09:58:42-155,2016-12-12 09:58:42-562
Fail : LS : test2\a94a8fe5ccb19ba6\2a5bd02710e975a7\,0:-1,2016-12-12 09:58:42-678,2016-12-12 09:58:42-771
Reason : hadoop4j.NoImplementionException: not supported by openstack
Success : CREATE_FILE : test2\a94a8fe5ccb19ba6\2a5bd02710e975a7\14B0A0CB7A87EAE0,0:2070,2016-12-12 09:58:42-857,2016-12-12 09:58:43-244
Fail : LS : test2\a94a8fe5ccb19ba6\2a5bd02710e975a7\,0:-1,2016-12-12 09:58:43-370,2016-12-12 09:58:43-475
Reason : hadoop4j.NoImplementionException: not supported by openstack
Success : CREATE_FILE : test2\a94a8fe5ccb19ba6\633C3E875C2FD19C,0:339,2016-12-12 09:58:43-596,2016-12-12 09:58:44-137
Fail : LS : test2\a94a8fe5ccb19ba6\,0:-1,2016-12-12 09:58:44-255,2016-12-12 09:58:44-335
Reason : hadoop4j.NoImplementionException: not supported by openstack
Success : CREATE_FILE : test2\a94a8fe5ccb19ba6\54B0B773493882A8,0:2979,2016-12-12 09:58:44-461,2016-12-12 09:58:45-083
Fail : LS : test2\a94a8fe5ccb19ba6\,0:-1,2016-12-12 09:58:45-212,2016-12-12 09:58:45-351
Reason : hadoop4j.NoImplementionException: not supported by openstack
Success : CREATE_FILE : test2\a94a8fe5ccb19ba6\2a5bd02710e975a7\498E2EA10A724327,0:665,2016-12-12 09:58:45-476,2016-12-12 09:58:45-954
Fail : LS : test2\a94a8fe5ccb19ba6\2a5bd02710e975a7\,0:-1,2016-12-12 09:58:46-083,2016-12-12 09:58:46-155
Reason : hadoop4j.NoImplementionException: not supported by openstack
Success : CREATE_FILE : test2\a94a8fe5ccb19ba6\5F8DA6E559EA1408,0:3033,2016-12-12 09:58:46-244,2016-12-12 09:58:47-467
Fail : LS : test2\a94a8fe5ccb19ba6\,0:-1,2016-12-12 09:58:47-591,2016-12-12 09:58:47-700
Reason : hadoop4j.NoImplementionException: not supported by openstack
Success : CREATE_FILE : test2\a94a8fe5ccb19ba6\274624B862F7A72F,0:567,2016-12-12 09:58:47-814,2016-12-12 09:58:48-279
Fail : LS : test2\a94a8fe5ccb19ba6\,0:-1,2016-12-12 09:58:48-407,2016-12-12 09:58:48-524
Reason : hadoop4j.NoImplementionException: not supported by openstack
Success : CREATE_FILE : test2\a94a8fe5ccb19ba6\46C4CB4B112729DD,0:3094,2016-12-12 09:58:48-633,2016-12-12 09:58:49-086
Fail : LS : test2\a94a8fe5ccb19ba6\,0:-1,2016-12-12 09:58:49-198,2016-12-12 09:58:49-271
Reason : hadoop4j.NoImplementionException: not supported by openstack
Success : CREATE_FILE : test2\a94a8fe5ccb19ba6\2a5bd02710e975a7\6CA5AAC25372252D,0:1749,2016-12-12 09:58:49-433,2016-12-12 09:58:49-876
Fail : LS : test2\a94a8fe5ccb19ba6\2a5bd02710e975a7\,0:-1,2016-12-12 09:58:50-006,2016-12-12 09:58:50-114
Reason : hadoop4j.NoImplementionException: not supported by openstack
Success : CREATE_FILE : test2\a94a8fe5ccb19ba6\2a5bd02710e975a7\3EB4FDEA68A64B69,0:997,2016-12-12 09:58:50-233,2016-12-12 09:58:50-811
Fail : LS : test2\a94a8fe5ccb19ba6\2a5bd02710e975a7\,0:-1,2016-12-12 09:58:50-937,2016-12-12 09:58:51-010
Reason : hadoop4j.NoImplementionException: not supported by openstack
Success : CREATE_FILE : test2\a94a8fe5ccb19ba6\10ACD88C29944ED5,0:1728,2016-12-12 09:58:51-124,2016-12-12 09:58:51-813
Fail : LS : test2\a94a8fe5ccb19ba6\,0:-1,2016-12-12 09:58:51-903,2016-12-12 09:58:51-990
Reason : hadoop4j.NoImplementionException: not supported by openstack
Success : CREATE_FILE : test2\a94a8fe5ccb19ba6\1109DE314CCE4C37,0:150,2016-12-12 09:58:52-075,2016-12-12 09:58:52-480
Fail : LS : test2\a94a8fe5ccb19ba6\,0:-1,2016-12-12 09:58:52-600,2016-12-12 09:58:52-676
Reason : hadoop4j.NoImplementionException: not supported by openstack
Success : CREATE_FILE : test2\a94a8fe5ccb19ba6\72FEC42303BD9D30,0:1964,2016-12-12 09:58:52-793,2016-12-12 09:58:54-210
Fail : LS : test2\a94a8fe5ccb19ba6\,0:-1,2016-12-12 09:58:54-335,2016-12-12 09:58:54-699
Reason : hadoop4j.NoImplementionException: not supported by openstack
Success : CREATE_FILE : test2\a94a8fe5ccb19ba6\2a5bd02710e975a7\0515071617015DB5,0:1597,2016-12-12 09:58:54-821,2016-12-12 09:58:55-574
Fail : LS : test2\a94a8fe5ccb19ba6\2a5bd02710e975a7\,0:-1,2016-12-12 09:58:55-702,2016-12-12 09:58:55-814
Reason : hadoop4j.NoImplementionException: not supported by openstack
Success : CREATE_FILE : test2\a94a8fe5ccb19ba6\2a5bd02710e975a7\0224A8CF52813F8C,0:1307,2016-12-12 09:58:55-894,2016-12-12 09:58:56-410
Fail : LS : test2\a94a8fe5ccb19ba6\2a5bd02710e975a7\,0:-1,2016-12-12 09:58:56-546,2016-12-12 09:58:56-626
Reason : hadoop4j.NoImplementionException: not supported by openstack
Success : CREATE_FILE : test2\a94a8fe5ccb19ba6\3AEAD91A7EE4B4DC,0:1362,2016-12-12 09:58:56-748,2016-12-12 09:58:57-217
Fail : LS : test2\a94a8fe5ccb19ba6\,0:-1,2016-12-12 09:58:57-346,2016-12-12 09:58:57-457
Reason : hadoop4j.NoImplementionException: not supported by openstack
Success : CREATE_FILE : test2\a94a8fe5ccb19ba6\2a5bd02710e975a7\366611561BA4C93B,0:619,2016-12-12 09:58:57-562,2016-12-12 09:58:58-411
Fail : LS : test2\a94a8fe5ccb19ba6\2a5bd02710e975a7\,0:-1,2016-12-12 09:58:58-535,2016-12-12 09:58:58-610
Reason : hadoop4j.NoImplementionException: not supported by openstack
Success : CREATE_FILE : test2\a94a8fe5ccb19ba6\79F2719678F2E004,0:1265,2016-12-12 09:58:58-698,2016-12-12 09:58:59-286
Fail : LS : test2\a94a8fe5ccb19ba6\,0:-1,2016-12-12 09:58:59-429,2016-12-12 09:58:59-516
Reason : hadoop4j.NoImplementionException: not supported by openstack
Success : CREATE_FILE : test2\a94a8fe5ccb19ba6\4F9788644CFB66C0,0:3869,2016-12-12 09:58:59-597,2016-12-12 09:59:00-147
Fail : LS : test2\a94a8fe5ccb19ba6\,0:-1,2016-12-12 09:59:00-276,2016-12-12 09:59:00-353
Reason : hadoop4j.NoImplementionException: not supported by openstack
Success : CREATE_FILE : test2\a94a8fe5ccb19ba6\0D29465F366A9F70,0:1962,2016-12-12 09:59:00-447,2016-12-12 09:59:01-116
Fail : LS : test2\a94a8fe5ccb19ba6\,0:-1,2016-12-12 09:59:01-205,2016-12-12 09:59:01-279
Reason : hadoop4j.NoImplementionException: not supported by openstack
