Success : SEQ_READ : test2\a94a8fe5ccb19ba6\4b6fcb2d521ef0fd,0:2291,2016-12-13 12:25:59-186,2016-12-13 12:25:59-351
Success : LS : test1\f71b43c3136efa4f\52481749c0cdecd6\,0:-1,2016-12-13 12:25:59-451,2016-12-13 12:25:59-560
Success : LS : test2\a94a8fe5ccb19ba6\,0:-1,2016-12-13 12:25:59-687,2016-12-13 12:25:59-850
Success : LS : test1\f71b43c3136efa4f\c7d9912886e5ccc7\,0:-1,2016-12-13 12:25:59-948,2016-12-13 12:26:00-023
Success : LS : test1\f71b43c3136efa4f\9f93e73d6896cb7b\,0:-1,2016-12-13 12:26:00-107,2016-12-13 12:26:00-175
Success : SEQ_READ : test1\c5a5e5562b038073\6670af231c096f09,0:46,2016-12-13 12:26:00-253,2016-12-13 12:26:00-315
Success : CREATE_FILE : test2\a94a8fe5ccb19ba6\2a5bd02710e975a7\0E6EAD5B19477E62,0:1185192,2016-12-13 12:26:00-414,2016-12-13 12:26:01-002
Success : SEQ_READ : test2\8da7cc13802eefe0,0:22987191,2016-12-13 12:26:01-130,2016-12-13 12:26:03-110
Success : SEQ_READ : test2\49f03965cf98b1f5,0:1634,2016-12-13 12:26:03-192,2016-12-13 12:26:03-259
Success : SEQ_READ : test1\f71b43c3136efa4f\83404ffd78f534ff\6670af231c096f09,0:129,2016-12-13 12:26:03-357,2016-12-13 12:26:03-452
Success : LS : test2\a94a8fe5ccb19ba6\,0:-1,2016-12-13 12:26:03-544,2016-12-13 12:26:03-663
Success : SEQ_READ : test2\bc9c8ba7ff351f3e,0:217984,2016-12-13 12:26:03-759,2016-12-13 12:26:03-839
Success : LS : test2\a94a8fe5ccb19ba6\,0:-1,2016-12-13 12:26:03-942,2016-12-13 12:26:04-056
Success : LS : test2\a94a8fe5ccb19ba6\2a5bd02710e975a7\,0:-1,2016-12-13 12:26:04-155,2016-12-13 12:26:04-241
Success : CREATE_FILE : test2\a94a8fe5ccb19ba6\12F96D893233A552,0:1984783,2016-12-13 12:26:04-349,2016-12-13 12:26:05-673
Success : LS : test1\f71b43c3136efa4f\,0:-1,2016-12-13 12:26:05-804,2016-12-13 12:26:05-910
Success : SEQ_READ : test1\c5a5e5562b038073\738537f9a40e568b,0:17984,2016-12-13 12:26:06-023,2016-12-13 12:26:06-096
Success : SEQ_READ : test1\c5a5e5562b038073\a39ea9c72a98de10\4a90c52e52d54ede,0:1048,2016-12-13 12:26:06-178,2016-12-13 12:26:06-244
Success : LS : test2\a94a8fe5ccb19ba6\,0:-1,2016-12-13 12:26:06-323,2016-12-13 12:26:06-426
Success : LS : test1\c5a5e5562b038073\a39ea9c72a98de10\,0:-1,2016-12-13 12:26:06-535,2016-12-13 12:26:06-621
Success : LS : test2\a94a8fe5ccb19ba6\,0:-1,2016-12-13 12:26:06-723,2016-12-13 12:26:06-824
Success : CREATE_FILE : test2\a94a8fe5ccb19ba6\2a5bd02710e975a7\30679034101970A1,0:3073762,2016-12-13 12:26:06-906,2016-12-13 12:26:09-319
Success : LS : test2\a94a8fe5ccb19ba6\2a5bd02710e975a7\,0:-1,2016-12-13 12:26:09-445,2016-12-13 12:26:09-562
Success : CREATE_FILE : test2\a94a8fe5ccb19ba6\75F822FC54D9995D,0:2836059,2016-12-13 12:26:09-660,2016-12-13 12:26:12-451
Fail : LS : test1,0:-1,2016-12-13 12:26:12-551,2016-12-13 12:26:12-552
Reason : java.lang.StringIndexOutOfBoundsException: String index out of range: -1
Success : LS : test1\f71b43c3136efa4f\9f93e73d6896cb7b\,0:-1,2016-12-13 12:26:12-656,2016-12-13 12:26:12-731
Fail : LS : test1,0:-1,2016-12-13 12:26:12-810,2016-12-13 12:26:12-810
Reason : java.lang.StringIndexOutOfBoundsException: String index out of range: -1
Success : LS : test2\a94a8fe5ccb19ba6\,0:-1,2016-12-13 12:26:12-887,2016-12-13 12:26:12-988
Success : SEQ_READ : test1\c5a5e5562b038073\7b7f22b30cf50087,0:3126,2016-12-13 12:26:13-068,2016-12-13 12:26:13-147
Success : LS : test2\a94a8fe5ccb19ba6\,0:-1,2016-12-13 12:26:13-252,2016-12-13 12:26:13-392
Success : LS : test2\a94a8fe5ccb19ba6\,0:-1,2016-12-13 12:26:13-497,2016-12-13 12:26:13-600
Success : CREATE_FILE : test2\a94a8fe5ccb19ba6\2a5bd02710e975a7\5199CBC51D869343,0:2581126,2016-12-13 12:26:13-716,2016-12-13 12:26:15-651
Success : SEQ_READ : test1\c5a5e5562b038073\a39ea9c72a98de10\41288c58009f7f6a,0:477,2016-12-13 12:26:15-775,2016-12-13 12:26:15-871
Success : SEQ_READ : test1\9832710c94f11d2b,0:34310397,2016-12-13 12:26:15-963,2016-12-13 12:26:18-329
Success : LS : test1\f71b43c3136efa4f\52481749c0cdecd6\,0:-1,2016-12-13 12:26:18-428,2016-12-13 12:26:18-495
Success : LS : test2\a94a8fe5ccb19ba6\2a5bd02710e975a7\,0:-1,2016-12-13 12:26:18-570,2016-12-13 12:26:18-648
Success : CREATE_FILE : test2\a94a8fe5ccb19ba6\2a5bd02710e975a7\39F300D175BEEE89,0:1625053,2016-12-13 12:26:18-726,2016-12-13 12:26:19-766
Success : LS : test2\a94a8fe5ccb19ba6\2a5bd02710e975a7\,0:-1,2016-12-13 12:26:19-903,2016-12-13 12:26:20-022
Success : CREATE_FILE : test2\a94a8fe5ccb19ba6\1B17CE7C1AF0DCD3,0:762554,2016-12-13 12:26:20-145,2016-12-13 12:26:20-359
Success : LS : test2\a94a8fe5ccb19ba6\,0:-1,2016-12-13 12:26:20-484,2016-12-13 12:26:20-599
Success : CREATE_FILE : test2\a94a8fe5ccb19ba6\2a5bd02710e975a7\7B290B84372E098E,0:246269,2016-12-13 12:26:20-714,2016-12-13 12:26:20-891
Success : SEQ_READ : test1\c5a5e5562b038073\738537f9a40e568b,0:17984,2016-12-13 12:26:20-991,2016-12-13 12:26:21-066
Success : SEQ_READ : test2\a94a8fe5ccb19ba6\2a5bd02710e975a7\178db47a574c645f,0:257,2016-12-13 12:26:21-148,2016-12-13 12:26:21-212
Success : SEQ_READ : test2\1a7683b6645f9b6a,0:14529,2016-12-13 12:26:21-311,2016-12-13 12:26:21-377
Success : LS : test1\f71b43c3136efa4f\,0:-1,2016-12-13 12:26:21-495,2016-12-13 12:26:21-586
Success : LS : test2\a94a8fe5ccb19ba6\2a5bd02710e975a7\,0:-1,2016-12-13 12:26:21-686,2016-12-13 12:26:21-789
Success : CREATE_FILE : test2\a94a8fe5ccb19ba6\461D46BE516104C7,0:1187480,2016-12-13 12:26:21-908,2016-12-13 12:26:22-404
Success : LS : test2\a94a8fe5ccb19ba6\,0:-1,2016-12-13 12:26:22-525,2016-12-13 12:26:22-634
Success : CREATE_FILE : test2\a94a8fe5ccb19ba6\0550A92521964C91,0:3705376,2016-12-13 12:26:22-713,2016-12-13 12:26:26-498
Fail : LS : test1,0:-1,2016-12-13 12:26:26-622,2016-12-13 12:26:26-623
Reason : java.lang.StringIndexOutOfBoundsException: String index out of range: -1
Success : SEQ_READ : test2\49f03965cf98b1f5,0:1634,2016-12-13 12:26:26-717,2016-12-13 12:26:26-781
Success : LS : test1\f71b43c3136efa4f\9f93e73d6896cb7b\,0:-1,2016-12-13 12:26:26-857,2016-12-13 12:26:26-940
Success : LS : test1\f71b43c3136efa4f\52481749c0cdecd6\,0:-1,2016-12-13 12:26:27-031,2016-12-13 12:26:27-105
Success : LS : test1\f71b43c3136efa4f\83404ffd78f534ff\,0:-1,2016-12-13 12:26:27-187,2016-12-13 12:26:27-250
Success : LS : test1\f71b43c3136efa4f\83404ffd78f534ff\,0:-1,2016-12-13 12:26:27-325,2016-12-13 12:26:27-385
Success : LS : test1\c5a5e5562b038073\,0:-1,2016-12-13 12:26:27-461,2016-12-13 12:26:27-525
Success : LS : test2\a94a8fe5ccb19ba6\,0:-1,2016-12-13 12:26:27-600,2016-12-13 12:26:27-738
Success : CREATE_FILE : test2\a94a8fe5ccb19ba6\27EB605716AAF7B3,0:2559507,2016-12-13 12:26:27-827,2016-12-13 12:26:29-927
Success : SEQ_READ : test1\c5a5e5562b038073\767c14c8beb1e835,0:3818496,2016-12-13 12:26:30-033,2016-12-13 12:26:30-354
Success : LS : test1\f71b43c3136efa4f\9f93e73d6896cb7b\,0:-1,2016-12-13 12:26:30-481,2016-12-13 12:26:30-583
Success : LS : test1\c5a5e5562b038073\,0:-1,2016-12-13 12:26:30-675,2016-12-13 12:26:30-778
Success : LS : test2\a94a8fe5ccb19ba6\2a5bd02710e975a7\,0:-1,2016-12-13 12:26:30-869,2016-12-13 12:26:30-976
Success : LS : test2\a94a8fe5ccb19ba6\,0:-1,2016-12-13 12:26:31-096,2016-12-13 12:26:31-204
Success : CREATE_FILE : test2\a94a8fe5ccb19ba6\2a5bd02710e975a7\42C9584A56D4E0AF,0:1335649,2016-12-13 12:26:31-337,2016-12-13 12:26:32-079
Success : LS : test2\a94a8fe5ccb19ba6\2a5bd02710e975a7\,0:-1,2016-12-13 12:26:32-198,2016-12-13 12:26:32-310
Success : CREATE_FILE : test2\a94a8fe5ccb19ba6\2a5bd02710e975a7\746C4E55222E6D4C,0:724251,2016-12-13 12:26:32-416,2016-12-13 12:26:32-725
Success : LS : test2\a94a8fe5ccb19ba6\2a5bd02710e975a7\,0:-1,2016-12-13 12:26:32-848,2016-12-13 12:26:32-941
Success : CREATE_FILE : test2\a94a8fe5ccb19ba6\2a5bd02710e975a7\5D188BE0340EDFD3,0:1165834,2016-12-13 12:26:33-034,2016-12-13 12:26:33-513
Success : LS : test1\c5a5e5562b038073\,0:-1,2016-12-13 12:26:33-632,2016-12-13 12:26:33-700
Success : LS : test1\f71b43c3136efa4f\9f93e73d6896cb7b\,0:-1,2016-12-13 12:26:33-776,2016-12-13 12:26:33-837
Success : LS : test2\a94a8fe5ccb19ba6\2a5bd02710e975a7\,0:-1,2016-12-13 12:26:33-953,2016-12-13 12:26:34-042
Success : LS : test2\a94a8fe5ccb19ba6\,0:-1,2016-12-13 12:26:34-154,2016-12-13 12:26:34-263
Success : LS : test2\a94a8fe5ccb19ba6\,0:-1,2016-12-13 12:26:34-375,2016-12-13 12:26:34-481
Success : LS : test1\f71b43c3136efa4f\c7d9912886e5ccc7\,0:-1,2016-12-13 12:26:34-556,2016-12-13 12:26:34-618
Success : LS : test2\a94a8fe5ccb19ba6\2a5bd02710e975a7\,0:-1,2016-12-13 12:26:34-722,2016-12-13 12:26:34-805
Success : CREATE_FILE : test2\a94a8fe5ccb19ba6\2a5bd02710e975a7\19942F8C7035BDFD,0:827758,2016-12-13 12:26:34-923,2016-12-13 12:26:35-273
Success : LS : test1\c5a5e5562b038073\,0:-1,2016-12-13 12:26:35-398,2016-12-13 12:26:35-473
Success : LS : test1\c5a5e5562b038073\,0:-1,2016-12-13 12:26:35-584,2016-12-13 12:26:35-654
Success : LS : test1\f71b43c3136efa4f\52481749c0cdecd6\,0:-1,2016-12-13 12:26:35-730,2016-12-13 12:26:35-792
Success : LS : test2\a94a8fe5ccb19ba6\2a5bd02710e975a7\,0:-1,2016-12-13 12:26:35-902,2016-12-13 12:26:35-985
Success : CREATE_FILE : test2\a94a8fe5ccb19ba6\1A42359C0504E277,0:1920213,2016-12-13 12:26:36-075,2016-12-13 12:26:37-484
Success : LS : test2\a94a8fe5ccb19ba6\,0:-1,2016-12-13 12:26:37-603,2016-12-13 12:26:37-710
Success : CREATE_FILE : test2\a94a8fe5ccb19ba6\760B6A6C00D24D64,0:3972222,2016-12-13 12:26:37-789,2016-12-13 12:26:41-237
Success : SEQ_READ : test2\a94a8fe5ccb19ba6\2a5bd02710e975a7\3eef580036f1724a,0:257,2016-12-13 12:26:41-357,2016-12-13 12:26:41-461
Success : LS : test1\f71b43c3136efa4f\,0:-1,2016-12-13 12:26:41-575,2016-12-13 12:26:41-646
Success : LS : test1\c5a5e5562b038073\0189424a5a60fed3\,0:-1,2016-12-13 12:26:41-721,2016-12-13 12:26:41-813
Success : LS : test1\f71b43c3136efa4f\9f93e73d6896cb7b\,0:-1,2016-12-13 12:26:41-932,2016-12-13 12:26:42-001
Success : LS : test2\a94a8fe5ccb19ba6\,0:-1,2016-12-13 12:26:42-089,2016-12-13 12:26:42-189
Success : CREATE_FILE : test2\a94a8fe5ccb19ba6\2a5bd02710e975a7\1DF1642D6D181160,0:584299,2016-12-13 12:26:42-268,2016-12-13 12:26:42-595
Success : LS : test2\a94a8fe5ccb19ba6\2a5bd02710e975a7\,0:-1,2016-12-13 12:26:42-704,2016-12-13 12:26:42-789
Success : CREATE_FILE : test2\a94a8fe5ccb19ba6\2a5bd02710e975a7\356906594B334184,0:2096458,2016-12-13 12:26:42-891,2016-12-13 12:26:44-428
Success : LS : test2\a94a8fe5ccb19ba6\2a5bd02710e975a7\,0:-1,2016-12-13 12:26:44-551,2016-12-13 12:26:44-639
Success : CREATE_FILE : test2\a94a8fe5ccb19ba6\2C879B43343989E7,0:2565042,2016-12-13 12:26:44-720,2016-12-13 12:26:46-882
Success : LS : test1\f71b43c3136efa4f\9f93e73d6896cb7b\,0:-1,2016-12-13 12:26:47-006,2016-12-13 12:26:47-087
Success : LS : test1\f71b43c3136efa4f\c7d9912886e5ccc7\,0:-1,2016-12-13 12:26:47-173,2016-12-13 12:26:47-235
Success : LS : test2\a94a8fe5ccb19ba6\,0:-1,2016-12-13 12:26:47-333,2016-12-13 12:26:47-432
Success : LS : test1\f71b43c3136efa4f\,0:-1,2016-12-13 12:26:47-543,2016-12-13 12:26:47-614
Success : LS : test2\a94a8fe5ccb19ba6\,0:-1,2016-12-13 12:26:47-689,2016-12-13 12:26:47-817
Success : CREATE_FILE : test2\a94a8fe5ccb19ba6\04D639C75297C698,0:1093867,2016-12-13 12:26:47-909,2016-12-13 12:26:48-413
Success : LS : test2\a94a8fe5ccb19ba6\,0:-1,2016-12-13 12:26:48-538,2016-12-13 12:26:48-644
Success : CREATE_FILE : test2\a94a8fe5ccb19ba6\1EF0FAE45F419A3F,0:2886783,2016-12-13 12:26:48-739,2016-12-13 12:26:51-081
Success : LS : test2\a94a8fe5ccb19ba6\,0:-1,2016-12-13 12:26:51-215,2016-12-13 12:26:51-315
Success : CREATE_FILE : test2\a94a8fe5ccb19ba6\0B2FCDCB06B8DAFA,0:3737990,2016-12-13 12:26:51-404,2016-12-13 12:26:54-885
Success : SEQ_READ : test2\acde102dac5bbe15,0:6030,2016-12-13 12:26:55-010,2016-12-13 12:26:55-113
Success : LS : test2\a94a8fe5ccb19ba6\,0:-1,2016-12-13 12:26:55-284,2016-12-13 12:26:55-403
Success : LS : test1\f71b43c3136efa4f\52481749c0cdecd6\,0:-1,2016-12-13 12:26:55-524,2016-12-13 12:26:55-590
Success : LS : test2\a94a8fe5ccb19ba6\,0:-1,2016-12-13 12:26:55-703,2016-12-13 12:26:55-809
Success : CREATE_FILE : test2\a94a8fe5ccb19ba6\2a5bd02710e975a7\29EF2E483682EFC1,0:3741446,2016-12-13 12:26:55-933,2016-12-13 12:26:59-224
Success : LS : test2\a94a8fe5ccb19ba6\2a5bd02710e975a7\,0:-1,2016-12-13 12:26:59-349,2016-12-13 12:26:59-443
Success : CREATE_FILE : test2\a94a8fe5ccb19ba6\2a5bd02710e975a7\4CEB8FB01BD3AD8A,0:1632868,2016-12-13 12:26:59-540,2016-12-13 12:27:00-565
Success : LS : test2\a94a8fe5ccb19ba6\2a5bd02710e975a7\,0:-1,2016-12-13 12:27:00-689,2016-12-13 12:27:00-788
Success : CREATE_FILE : test2\a94a8fe5ccb19ba6\534F189F2DD76632,0:1072358,2016-12-13 12:27:00-870,2016-12-13 12:27:01-287
Success : SEQ_READ : test1\c5a5e5562b038073\767c14c8beb1e835,0:3818496,2016-12-13 12:27:01-397,2016-12-13 12:27:01-756
Success : LS : test1\f71b43c3136efa4f\83404ffd78f534ff\,0:-1,2016-12-13 12:27:01-881,2016-12-13 12:27:01-979
Success : LS : test1\f71b43c3136efa4f\,0:-1,2016-12-13 12:27:02-087,2016-12-13 12:27:02-156
Success : LS : test2\a94a8fe5ccb19ba6\,0:-1,2016-12-13 12:27:02-283,2016-12-13 12:27:02-394
Success : LS : test2\a94a8fe5ccb19ba6\,0:-1,2016-12-13 12:27:02-521,2016-12-13 12:27:02-629
Success : CREATE_FILE : test2\a94a8fe5ccb19ba6\2a5bd02710e975a7\268DF3B27EEA11B5,0:2408371,2016-12-13 12:27:02-743,2016-12-13 12:27:04-621
Success : LS : test2\a94a8fe5ccb19ba6\2a5bd02710e975a7\,0:-1,2016-12-13 12:27:04-743,2016-12-13 12:27:04-833
