Success : SEQ_READ : test1\c5a5e5562b038073\b0c5d70d7f040bfa,0:17408,2016-12-16 10:52:04-905,2016-12-16 10:52:04-911
Success : SEQ_READ : test2\a94a8fe5ccb19ba6\2a5bd02710e975a7\254d76d2609fec03,0:1,2016-12-16 10:52:04-911,2016-12-16 10:52:04-913
Success : CREATE_FILE : test2\a94a8fe5ccb19ba6\2a5bd02710e975a7\44AACA6703D897AF,0:3727166,2016-12-16 10:52:05-283,2016-12-16 10:52:05-845
Success : RANDOM_READ : test1\f71b43c3136efa4f\9f93e73d6896cb7b\6670af231c096f09,0:129,2016-12-16 10:52:05-846,2016-12-16 10:52:05-850
Success : LS : test2\a94a8fe5ccb19ba6\2a5bd02710e975a7\,0:-1,2016-12-16 10:52:05-850,2016-12-16 10:52:05-850
Success : CREATE_FILE : test2\a94a8fe5ccb19ba6\1294612606C98ADA,0:2058378,2016-12-16 10:52:08-535,2016-12-16 10:52:08-886
Success : LS : test2\a94a8fe5ccb19ba6\,0:-1,2016-12-16 10:52:08-887,2016-12-16 10:52:08-887
Success : APPEND : test2\a94a8fe5ccb19ba6\2a5bd02710e975a7\254d76d2609fec03,0:6144000,2016-12-16 10:52:10-401,2016-12-16 10:52:10-401
Success : APPEND : test1\f71b43c3136efa4f\c7d9912886e5ccc7\6670af231c096f09,0:28107776,2016-12-16 10:52:15-786,2016-12-16 10:52:15-786
Success : CREATE_FILE : test2\a94a8fe5ccb19ba6\311EDD123B9102C0,0:1415390,2016-12-16 10:52:18-660,2016-12-16 10:52:18-947
Success : LS : test2\a94a8fe5ccb19ba6\,0:-1,2016-12-16 10:52:18-948,2016-12-16 10:52:18-948
Success : APPEND : test1\c5a5e5562b038073\c7abaf0419c47a1d,0:27556864,2016-12-16 10:52:20-438,2016-12-16 10:52:20-438
Success : APPEND : test2\a94a8fe5ccb19ba6\2a5bd02710e975a7\3eef580036f1724a,0:6090752,2016-12-16 10:52:23-148,2016-12-16 10:52:23-148
Success : CREATE_FILE : test2\a94a8fe5ccb19ba6\391DA8EA682D44E1,0:1633263,2016-12-16 10:52:23-244,2016-12-16 10:52:23-528
Success : LS : test2\a94a8fe5ccb19ba6\,0:-1,2016-12-16 10:52:23-528,2016-12-16 10:52:23-528
Success : SEQ_READ : test2\1a7683b6645f9b6a,0:2048,2016-12-16 10:52:27-030,2016-12-16 10:52:27-031
Success : CREATE_FILE : test2\a94a8fe5ccb19ba6\577DA7F73B12E642,0:4055345,2016-12-16 10:52:33-943,2016-12-16 10:52:34-518
Success : LS : test2\a94a8fe5ccb19ba6\,0:-1,2016-12-16 10:52:34-519,2016-12-16 10:52:34-519
Success : CREATE_FILE : test2\a94a8fe5ccb19ba6\2a5bd02710e975a7\6B6AF54E773A6054,0:700959,2016-12-16 10:52:43-688,2016-12-16 10:52:43-838
Success : LS : test2\a94a8fe5ccb19ba6\2a5bd02710e975a7\,0:-1,2016-12-16 10:52:43-838,2016-12-16 10:52:43-838
Success : SEQ_WRITE : test2\6c33a983eec1b409,0:1024,2016-12-16 10:52:48-230,2016-12-16 10:52:48-291
Success : APPEND : test2\a94a8fe5ccb19ba6\1294612606C98ADA,0:41140224,2016-12-16 10:52:48-512,2016-12-16 10:52:48-513
Success : CREATE_FILE : test2\a94a8fe5ccb19ba6\68F9F8945F2C039C,0:2606440,2016-12-16 10:52:49-899,2016-12-16 10:52:50-292
Success : LS : test2\a94a8fe5ccb19ba6\,0:-1,2016-12-16 10:52:50-293,2016-12-16 10:52:50-293
Success : RANDOM_WRITE : test1\c5a5e5562b038073\767c14c8beb1e835,0:40960,2016-12-16 10:52:53-610,2016-12-16 10:52:53-616
Success : APPEND : test1\c5a5e5562b038073\2015a7ab48ae9a58,0:49780736,2016-12-16 10:52:57-518,2016-12-16 10:52:57-518
Success : APPEND : test1\c5a5e5562b038073\2d77b1044a6c5c82,0:24294400,2016-12-16 10:52:58-275,2016-12-16 10:52:58-275
Success : RANDOM_WRITE : test1\c5a5e5562b038073\a39ea9c72a98de10\41288c58009f7f6a,0:477,2016-12-16 10:52:58-936,2016-12-16 10:52:58-938
Success : RANDOM_READ : test1\c5a5e5562b038073\0189424a5a60fed3\feb6a1968982109d,0:2048,2016-12-16 10:53:01-453,2016-12-16 10:53:01-454
Success : SEQ_READ : test1\f71b43c3136efa4f\9f93e73d6896cb7b\6670af231c096f09,0:129,2016-12-16 10:53:04-620,2016-12-16 10:53:04-621
Success : SEQ_READ : test2\8da7cc13802eefe0,0:133120,2016-12-16 10:53:04-944,2016-12-16 10:53:04-958
Success : APPEND : test1\c5a5e5562b038073\6670af231c096f09,0:22843392,2016-12-16 10:53:07-353,2016-12-16 10:53:07-353
Success : SEQ_READ : test1\c5a5e5562b038073\a39ea9c72a98de10\41288c58009f7f6a,0:477,2016-12-16 10:53:08-285,2016-12-16 10:53:08-287
Success : APPEND : test2\a94a8fe5ccb19ba6\2a5bd02710e975a7\44AACA6703D897AF,0:41171968,2016-12-16 10:53:09-562,2016-12-16 10:53:09-562
Success : RANDOM_READ : test2\8da7cc13802eefe0,0:59392,2016-12-16 10:53:09-896,2016-12-16 10:53:09-903
Success : SEQ_READ : test2\a94a8fe5ccb19ba6\4b6fcb2d521ef0fd,0:1024,2016-12-16 10:53:10-032,2016-12-16 10:53:10-033
Success : APPEND : test2\1a7683b6645f9b6a,0:15051776,2016-12-16 10:53:13-199,2016-12-16 10:53:13-199
Success : SEQ_READ : test2\a94a8fe5ccb19ba6\2a5bd02710e975a7\254d76d2609fec03,0:1805312,2016-12-16 10:53:13-772,2016-12-16 10:53:13-775
Success : SEQ_READ : test2\1a7683b6645f9b6a,0:2240512,2016-12-16 10:53:16-814,2016-12-16 10:53:16-819
Success : SEQ_READ : test1\c5a5e5562b038073\c7734a16bf12bb03,0:305152,2016-12-16 10:53:21-516,2016-12-16 10:53:21-544
Success : APPEND : test2\a94a8fe5ccb19ba6\2a5bd02710e975a7\6B6AF54E773A6054,0:2494464,2016-12-16 10:53:21-755,2016-12-16 10:53:21-755
Success : APPEND : test2\a94a8fe5ccb19ba6\577DA7F73B12E642,0:23108608,2016-12-16 10:53:23-103,2016-12-16 10:53:23-104
Success : RANDOM_READ : test2\a94a8fe5ccb19ba6\2a5bd02710e975a7\178db47a574c645f,0:257,2016-12-16 10:53:23-156,2016-12-16 10:53:23-158
Success : SEQ_READ : test1\c5a5e5562b038073\68ad3077ff5a452a,0:383,2016-12-16 10:53:26-702,2016-12-16 10:53:26-706
Success : CREATE_FILE : test2\a94a8fe5ccb19ba6\79341A311D77594D,0:139734,2016-12-16 10:53:27-970,2016-12-16 10:53:28-057
Success : LS : test2\a94a8fe5ccb19ba6\,0:-1,2016-12-16 10:53:28-057,2016-12-16 10:53:28-057
Success : APPEND : test2\1a7683b6645f9b6a,0:3851264,2016-12-16 10:53:30-777,2016-12-16 10:53:30-777
Success : SEQ_READ : test1\c5a5e5562b038073\0caa882bd1034750,0:86016,2016-12-16 10:53:32-568,2016-12-16 10:53:32-577
Success : APPEND : test2\a94a8fe5ccb19ba6\2a5bd02710e975a7\6B6AF54E773A6054,0:56711168,2016-12-16 10:53:34-071,2016-12-16 10:53:34-071
Success : RANDOM_READ : test1\c5a5e5562b038073\0caa882bd1034750,0:27648,2016-12-16 10:53:34-728,2016-12-16 10:53:34-732
Success : APPEND : test2\1a7683b6645f9b6a,0:22725632,2016-12-16 10:53:34-910,2016-12-16 10:53:34-910
Success : APPEND : test2\8da7cc13802eefe0,0:22302720,2016-12-16 10:53:34-998,2016-12-16 10:53:34-998
Success : CREATE_FILE : test2\a94a8fe5ccb19ba6\2a5bd02710e975a7\54646A17403A5821,0:158929,2016-12-16 10:53:35-405,2016-12-16 10:53:35-485
Success : LS : test2\a94a8fe5ccb19ba6\2a5bd02710e975a7\,0:-1,2016-12-16 10:53:35-485,2016-12-16 10:53:35-485
Success : SEQ_READ : test1\f71b43c3136efa4f\83404ffd78f534ff\6670af231c096f09,0:129,2016-12-16 10:53:37-278,2016-12-16 10:53:37-279
Success : APPEND : test2\a94a8fe5ccb19ba6\2a5bd02710e975a7\44AACA6703D897AF,0:18472960,2016-12-16 10:53:39-627,2016-12-16 10:53:39-627
Success : CREATE_FILE : test2\a94a8fe5ccb19ba6\738827B14314EF8F,0:2720259,2016-12-16 10:53:41-363,2016-12-16 10:53:41-765
Success : LS : test2\a94a8fe5ccb19ba6\,0:-1,2016-12-16 10:53:41-765,2016-12-16 10:53:41-765
Success : RANDOM_WRITE : test2\a94a8fe5ccb19ba6\2a5bd02710e975a7\6B6AF54E773A6054,0:11264,2016-12-16 10:53:42-332,2016-12-16 10:53:42-334
Success : RANDOM_READ : test2\1a7683b6645f9b6a,0:26624,2016-12-16 10:53:46-840,2016-12-16 10:53:46-843
Success : APPEND : test1\c5a5e5562b038073\68ad3077ff5a452a,0:51523584,2016-12-16 10:53:51-711,2016-12-16 10:53:51-711
Success : RANDOM_READ : test1\f71b43c3136efa4f\83404ffd78f534ff\6670af231c096f09,0:129,2016-12-16 10:53:53-926,2016-12-16 10:53:53-927
Success : APPEND : test1\c5a5e5562b038073\b0c5d70d7f040bfa,0:4409344,2016-12-16 10:53:54-229,2016-12-16 10:53:54-229
Success : SEQ_READ : test1\c5a5e5562b038073\a39ea9c72a98de10\41288c58009f7f6a,0:477,2016-12-16 10:53:56-505,2016-12-16 10:53:56-511
Success : CREATE_FILE : test2\a94a8fe5ccb19ba6\44E007C76A650FF7,0:3089048,2016-12-16 10:53:59-772,2016-12-16 10:54:00-212
Success : LS : test2\a94a8fe5ccb19ba6\,0:-1,2016-12-16 10:54:00-212,2016-12-16 10:54:00-212
Success : CREATE_FILE : test2\a94a8fe5ccb19ba6\2a5bd02710e975a7\705C4155180AD5E1,0:4040619,2016-12-16 10:54:07-390,2016-12-16 10:54:07-944
Success : LS : test2\a94a8fe5ccb19ba6\2a5bd02710e975a7\,0:-1,2016-12-16 10:54:07-944,2016-12-16 10:54:07-944
Success : APPEND : test2\a94a8fe5ccb19ba6\738827B14314EF8F,0:15821824,2016-12-16 10:54:10-075,2016-12-16 10:54:10-075
Success : RANDOM_WRITE : test2\a94a8fe5ccb19ba6\577DA7F73B12E642,0:60416,2016-12-16 10:54:10-113,2016-12-16 10:54:10-120
Success : APPEND : test2\acde102dac5bbe15,0:45097984,2016-12-16 10:54:13-176,2016-12-16 10:54:13-176
Success : SEQ_READ : test1\c5a5e5562b038073\a39ea9c72a98de10\aa61f113a9b13deb,0:438,2016-12-16 10:54:13-394,2016-12-16 10:54:13-395
Success : CREATE_FILE : test2\a94a8fe5ccb19ba6\610164DB713B313C,0:3702061,2016-12-16 10:54:14-717,2016-12-16 10:54:15-245
Success : LS : test2\a94a8fe5ccb19ba6\,0:-1,2016-12-16 10:54:15-245,2016-12-16 10:54:15-245
Success : RANDOM_WRITE : test1\c5a5e5562b038073\c7abaf0419c47a1d,0:26624,2016-12-16 10:54:16-371,2016-12-16 10:54:16-376
Success : RANDOM_READ : test2\6c33a983eec1b409,0:1,2016-12-16 10:54:16-841,2016-12-16 10:54:16-843
Success : CREATE_FILE : test2\a94a8fe5ccb19ba6\2a5bd02710e975a7\1FCE23CD1185F3A0,0:79609,2016-12-16 10:54:17-378,2016-12-16 10:54:17-441
Success : LS : test2\a94a8fe5ccb19ba6\2a5bd02710e975a7\,0:-1,2016-12-16 10:54:17-441,2016-12-16 10:54:17-441
Success : SEQ_READ : test2\a94a8fe5ccb19ba6\738827B14314EF8F,0:3149824,2016-12-16 10:54:24-947,2016-12-16 10:54:25-184
Success : CREATE_FILE : test2\a94a8fe5ccb19ba6\2a5bd02710e975a7\133D17D55ED317DB,0:347755,2016-12-16 10:54:26-121,2016-12-16 10:54:26-388
Success : LS : test2\a94a8fe5ccb19ba6\2a5bd02710e975a7\,0:-1,2016-12-16 10:54:26-388,2016-12-16 10:54:26-388
Success : RANDOM_WRITE : test2\a94a8fe5ccb19ba6\738827B14314EF8F,0:25600,2016-12-16 10:54:27-028,2016-12-16 10:54:27-032
Success : SEQ_READ : test2\1a7683b6645f9b6a,0:1309696,2016-12-16 10:54:27-960,2016-12-16 10:54:27-963
Success : RANDOM_READ : test1\f71b43c3136efa4f\83404ffd78f534ff\6670af231c096f09,0:129,2016-12-16 10:54:34-378,2016-12-16 10:54:34-380
Success : SEQ_WRITE : test2\a94a8fe5ccb19ba6\2a5bd02710e975a7\254d76d2609fec03,0:3154944,2016-12-16 10:54:35-549,2016-12-16 10:54:36-015
Success : RANDOM_WRITE : test1\c5a5e5562b038073\2d77b1044a6c5c82,0:10240,2016-12-16 10:54:38-598,2016-12-16 10:54:38-601
Success : APPEND : test2\a94a8fe5ccb19ba6\2a5bd02710e975a7\44AACA6703D897AF,0:39481344,2016-12-16 10:54:39-862,2016-12-16 10:54:39-863
Success : SEQ_READ : test1\c5a5e5562b038073\738537f9a40e568b,0:6144,2016-12-16 10:54:44-075,2016-12-16 10:54:44-077
Success : APPEND : test2\a94a8fe5ccb19ba6\2a5bd02710e975a7\44AACA6703D897AF,0:50569216,2016-12-16 10:54:44-361,2016-12-16 10:54:44-361
Success : CREATE_FILE : test2\a94a8fe5ccb19ba6\7006560E0E82C962,0:3844908,2016-12-16 10:54:45-036,2016-12-16 10:54:45-595
Success : LS : test2\a94a8fe5ccb19ba6\,0:-1,2016-12-16 10:54:45-595,2016-12-16 10:54:45-595
Success : APPEND : test2\a94a8fe5ccb19ba6\68F9F8945F2C039C,0:46764032,2016-12-16 10:54:48-921,2016-12-16 10:54:48-921
Success : APPEND : test1\c5a5e5562b038073\2015a7ab48ae9a58,0:18497536,2016-12-16 10:54:49-761,2016-12-16 10:54:49-761
Success : RANDOM_READ : test2\a94a8fe5ccb19ba6\2a5bd02710e975a7\6B6AF54E773A6054,0:28672,2016-12-16 10:54:52-308,2016-12-16 10:54:52-313
Success : CREATE_FILE : test2\a94a8fe5ccb19ba6\2a5bd02710e975a7\1E9BAC6F57EA4733,0:1412711,2016-12-16 10:54:52-608,2016-12-16 10:54:52-899
Success : LS : test2\a94a8fe5ccb19ba6\2a5bd02710e975a7\,0:-1,2016-12-16 10:54:52-899,2016-12-16 10:54:52-899
Success : APPEND : test2\a94a8fe5ccb19ba6\2a5bd02710e975a7\133D17D55ED317DB,0:33028096,2016-12-16 10:54:53-056,2016-12-16 10:54:53-056
Success : SEQ_READ : test2\a94a8fe5ccb19ba6\2a5bd02710e975a7\133D17D55ED317DB,0:10833920,2016-12-16 10:54:55-716,2016-12-16 10:54:55-756
Success : APPEND : test2\a94a8fe5ccb19ba6\4b6fcb2d521ef0fd,0:42237952,2016-12-16 10:54:56-818,2016-12-16 10:54:56-818
Success : SEQ_WRITE : test1\c5a5e5562b038073\c7734a16bf12bb03,0:60416,2016-12-16 10:54:57-910,2016-12-16 10:54:58-098
Success : APPEND : test2\a94a8fe5ccb19ba6\44E007C76A650FF7,0:19778560,2016-12-16 10:54:59-006,2016-12-16 10:54:59-006
Success : SEQ_WRITE : test1\c5a5e5562b038073\05d1f0ed74e78555,0:52224,2016-12-16 10:55:01-322,2016-12-16 10:55:01-386
Success : RANDOM_WRITE : test2\a94a8fe5ccb19ba6\577DA7F73B12E642,0:30720,2016-12-16 10:55:02-582,2016-12-16 10:55:02-586
Success : CREATE_FILE : test2\a94a8fe5ccb19ba6\4B3BA8545CA867F5,0:1348313,2016-12-16 10:55:03-510,2016-12-16 10:55:03-734
Success : LS : test2\a94a8fe5ccb19ba6\,0:-1,2016-12-16 10:55:03-734,2016-12-16 10:55:03-734
Success : SEQ_READ : test2\a94a8fe5ccb19ba6\44E007C76A650FF7,0:18879488,2016-12-16 10:55:05-093,2016-12-16 10:55:05-369
Success : SEQ_READ : test1\c5a5e5562b038073\f72cdbcd84f047a5,0:5120,2016-12-16 10:55:06-031,2016-12-16 10:55:06-034
Success : SEQ_WRITE : test2\8da7cc13802eefe0,0:980992,2016-12-16 10:55:07-464,2016-12-16 10:55:07-691
Success : SEQ_READ : test1\c5a5e5562b038073\3c16ab634e85296e,0:88064,2016-12-16 10:55:07-765,2016-12-16 10:55:07-774
Success : RANDOM_WRITE : test1\c5a5e5562b038073\2d77b1044a6c5c82,0:49152,2016-12-16 10:55:10-050,2016-12-16 10:55:10-056
Success : APPEND : test2\a94a8fe5ccb19ba6\2a5bd02710e975a7\178db47a574c645f,0:17764352,2016-12-16 10:55:14-682,2016-12-16 10:55:14-682
Success : SEQ_READ : test1\c5a5e5562b038073\c7734a16bf12bb03,0:153600,2016-12-16 10:55:18-375,2016-12-16 10:55:18-390
Success : APPEND : test2\a94a8fe5ccb19ba6\311EDD123B9102C0,0:39070720,2016-12-16 10:55:18-673,2016-12-16 10:55:18-673
Success : SEQ_READ : test2\1a7683b6645f9b6a,0:40514560,2016-12-16 10:55:20-878,2016-12-16 10:55:20-899
Success : RANDOM_READ : test1\c5a5e5562b038073\fbe0d7653f0909cb,0:1,2016-12-16 10:55:21-839,2016-12-16 10:55:21-841
Success : CREATE_FILE : test2\a94a8fe5ccb19ba6\247141634B50F47D,0:272267,2016-12-16 10:55:24-084,2016-12-16 10:55:24-213
Success : LS : test2\a94a8fe5ccb19ba6\,0:-1,2016-12-16 10:55:24-213,2016-12-16 10:55:24-213
Success : CREATE_FILE : test2\a94a8fe5ccb19ba6\54453BC00B11EF6B,0:475656,2016-12-16 10:55:26-680,2016-12-16 10:55:26-817
Success : LS : test2\a94a8fe5ccb19ba6\,0:-1,2016-12-16 10:55:26-817,2016-12-16 10:55:26-817
Success : RANDOM_READ : test2\a94a8fe5ccb19ba6\1294612606C98ADA,0:62464,2016-12-16 10:55:32-535,2016-12-16 10:55:32-542
Success : SEQ_READ : test1\c5a5e5562b038073\2d77b1044a6c5c82,0:15951872,2016-12-16 10:55:38-607,2016-12-16 10:55:38-681
Success : CREATE_FILE : test2\a94a8fe5ccb19ba6\7001A66C0F5F4D01,0:2727819,2016-12-16 10:55:39-722,2016-12-16 10:55:40-212
Success : LS : test2\a94a8fe5ccb19ba6\,0:-1,2016-12-16 10:55:40-213,2016-12-16 10:55:40-213
Success : CREATE_FILE : test2\a94a8fe5ccb19ba6\0E6B028D55490D3A,0:2003236,2016-12-16 10:55:42-409,2016-12-16 10:55:42-711
Success : LS : test2\a94a8fe5ccb19ba6\,0:-1,2016-12-16 10:55:42-712,2016-12-16 10:55:42-712
Success : SEQ_READ : test1\f71b43c3136efa4f\52481749c0cdecd6\6670af231c096f09,0:129,2016-12-16 10:55:46-398,2016-12-16 10:55:46-400
Success : CREATE_FILE : test2\a94a8fe5ccb19ba6\290F807951B8CE38,0:2390319,2016-12-16 10:55:46-532,2016-12-16 10:55:46-928
Success : LS : test2\a94a8fe5ccb19ba6\,0:-1,2016-12-16 10:55:46-928,2016-12-16 10:55:46-928
Success : CREATE_FILE : test2\a94a8fe5ccb19ba6\2a5bd02710e975a7\0CAB86325FDCCCD2,0:810930,2016-12-16 10:55:50-873,2016-12-16 10:55:51-025
Success : SEQ_WRITE : test1\c5a5e5562b038073\738537f9a40e568b,0:13312,2016-12-16 10:55:51-025,2016-12-16 10:55:51-058
Success : LS : test2\a94a8fe5ccb19ba6\2a5bd02710e975a7\,0:-1,2016-12-16 10:55:51-059,2016-12-16 10:55:51-059
Success : APPEND : test2\a94a8fe5ccb19ba6\7006560E0E82C962,0:7255040,2016-12-16 10:55:52-956,2016-12-16 10:55:52-956
Success : CREATE_FILE : test2\a94a8fe5ccb19ba6\2a5bd02710e975a7\320513B23A9A6E03,0:1965997,2016-12-16 10:55:56-275,2016-12-16 10:55:56-592
Success : LS : test2\a94a8fe5ccb19ba6\2a5bd02710e975a7\,0:-1,2016-12-16 10:55:56-592,2016-12-16 10:55:56-592
Success : CREATE_FILE : test2\a94a8fe5ccb19ba6\587914DB2EB49476,0:2289288,2016-12-16 10:56:02-528,2016-12-16 10:56:02-862
Success : LS : test2\a94a8fe5ccb19ba6\,0:-1,2016-12-16 10:56:02-862,2016-12-16 10:56:02-862
Success : CREATE_FILE : test2\a94a8fe5ccb19ba6\2a5bd02710e975a7\1AB6FA8B12573C3A,0:2962719,2016-12-16 10:56:04-698,2016-12-16 10:56:05-124
Success : LS : test2\a94a8fe5ccb19ba6\2a5bd02710e975a7\,0:-1,2016-12-16 10:56:05-125,2016-12-16 10:56:05-125
Success : SEQ_READ : test1\f71b43c3136efa4f\9f93e73d6896cb7b\6670af231c096f09,0:129,2016-12-16 10:56:08-407,2016-12-16 10:56:08-409
Success : SEQ_READ : test2\a94a8fe5ccb19ba6\2a5bd02710e975a7\254d76d2609fec03,0:668672,2016-12-16 10:56:09-222,2016-12-16 10:56:09-282
Success : SEQ_READ : test1\c5a5e5562b038073\2015a7ab48ae9a58,0:22338560,2016-12-16 10:56:10-993,2016-12-16 10:56:11-005
Success : RANDOM_WRITE : test1\c5a5e5562b038073\05d1f0ed74e78555,0:7168,2016-12-16 10:56:11-311,2016-12-16 10:56:11-314
Success : SEQ_READ : test1\f71b43c3136efa4f\83404ffd78f534ff\6670af231c096f09,0:129,2016-12-16 10:56:12-667,2016-12-16 10:56:12-669
Success : CREATE_FILE : test2\a94a8fe5ccb19ba6\62F5476B4C3366D8,0:3769847,2016-12-16 10:56:16-282,2016-12-16 10:56:16-828
Success : LS : test2\a94a8fe5ccb19ba6\,0:-1,2016-12-16 10:56:16-829,2016-12-16 10:56:16-829
Success : CREATE_FILE : test2\a94a8fe5ccb19ba6\2782D98061ABBC11,0:2893131,2016-12-16 10:56:17-393,2016-12-16 10:56:17-774
Success : LS : test2\a94a8fe5ccb19ba6\,0:-1,2016-12-16 10:56:17-775,2016-12-16 10:56:17-775
Success : CREATE_FILE : test2\a94a8fe5ccb19ba6\2912F96115C8B194,0:2215641,2016-12-16 10:56:18-668,2016-12-16 10:56:19-154
Success : LS : test2\a94a8fe5ccb19ba6\,0:-1,2016-12-16 10:56:19-154,2016-12-16 10:56:19-155
Success : RANDOM_READ : test2\a94a8fe5ccb19ba6\2a5bd02710e975a7\44AACA6703D897AF,0:13312,2016-12-16 10:56:27-180,2016-12-16 10:56:27-183
Success : CREATE_FILE : test2\a94a8fe5ccb19ba6\2a5bd02710e975a7\4D866C6976BB9B9B,0:619639,2016-12-16 10:56:31-664,2016-12-16 10:56:31-839
Success : LS : test2\a94a8fe5ccb19ba6\2a5bd02710e975a7\,0:-1,2016-12-16 10:56:31-839,2016-12-16 10:56:31-839
Success : APPEND : test2\1a7683b6645f9b6a,0:38123520,2016-12-16 10:56:32-371,2016-12-16 10:56:32-371
Success : RANDOM_WRITE : test1\c5a5e5562b038073\6670af231c096f09,0:53248,2016-12-16 10:56:33-461,2016-12-16 10:56:33-462
Success : SEQ_WRITE : test2\a94a8fe5ccb19ba6\44E007C76A650FF7,0:4386816,2016-12-16 10:56:33-904,2016-12-16 10:56:34-887
Success : CREATE_FILE : test2\a94a8fe5ccb19ba6\28AE74B479305D8D,0:3408387,2016-12-16 10:56:34-888,2016-12-16 10:56:35-325
Success : APPEND : test1\c5a5e5562b038073\05d1f0ed74e78555,0:11441152,2016-12-16 10:56:35-325,2016-12-16 10:56:35-325
Success : LS : test2\a94a8fe5ccb19ba6\,0:-1,2016-12-16 10:56:35-325,2016-12-16 10:56:35-325
Success : APPEND : test2\a94a8fe5ccb19ba6\68F9F8945F2C039C,0:52605952,2016-12-16 10:56:37-744,2016-12-16 10:56:37-744
Success : CREATE_FILE : test2\a94a8fe5ccb19ba6\2a5bd02710e975a7\24DF78332132E0C5,0:3866426,2016-12-16 10:56:37-969,2016-12-16 10:56:38-530
Success : LS : test2\a94a8fe5ccb19ba6\2a5bd02710e975a7\,0:-1,2016-12-16 10:56:38-530,2016-12-16 10:56:38-530
Success : SEQ_WRITE : test2\a94a8fe5ccb19ba6\2a5bd02710e975a7\44AACA6703D897AF,0:42460160,2016-12-16 10:56:39-192,2016-12-16 10:56:44-555
Success : APPEND : test1\c5a5e5562b038073\738537f9a40e568b,0:39888896,2016-12-16 10:56:45-438,2016-12-16 10:56:45-438
Success : CREATE_FILE : test2\a94a8fe5ccb19ba6\3592CE6350697A6B,0:3307355,2016-12-16 10:56:47-268,2016-12-16 10:56:47-916
Success : LS : test2\a94a8fe5ccb19ba6\,0:-1,2016-12-16 10:56:47-916,2016-12-16 10:56:47-916
Success : RANDOM_READ : test2\a94a8fe5ccb19ba6\2a5bd02710e975a7\254d76d2609fec03,0:56320,2016-12-16 10:56:53-095,2016-12-16 10:56:53-101
Success : CREATE_FILE : test2\a94a8fe5ccb19ba6\2a5bd02710e975a7\0BDCD84E08C855E4,0:884892,2016-12-16 10:56:57-042,2016-12-16 10:56:57-255
Success : LS : test2\a94a8fe5ccb19ba6\2a5bd02710e975a7\,0:-1,2016-12-16 10:56:57-255,2016-12-16 10:56:57-256
Success : CREATE_FILE : test2\a94a8fe5ccb19ba6\5D1FC61A69E4A16B,0:402646,2016-12-16 10:56:59-969,2016-12-16 10:57:00-375
Success : LS : test2\a94a8fe5ccb19ba6\,0:-1,2016-12-16 10:57:00-375,2016-12-16 10:57:00-375
Success : SEQ_READ : test1\c5a5e5562b038073\2d77b1044a6c5c82,0:21327872,2016-12-16 10:57:03-401,2016-12-16 10:57:03-479
