Success : SEQ_READ : test1\c5a5e5562b038073\68ad3077ff5a452a,0:383,2016-12-15 17:03:12-288,2016-12-15 17:03:12-293
Success : SEQ_READ : test1\c5a5e5562b038073\c7abaf0419c47a1d,0:531456,2016-12-15 17:03:12-293,2016-12-15 17:03:12-343
Success : SEQ_READ : test1\c5a5e5562b038073\767c14c8beb1e835,0:140288,2016-12-15 17:03:12-343,2016-12-15 17:03:12-359
Success : RANDOM_READ : test2\49f03965cf98b1f5,0:1024,2016-12-15 17:03:12-360,2016-12-15 17:03:12-361
Success : RANDOM_READ : test1\c5a5e5562b038073\c7734a16bf12bb03,0:21504,2016-12-15 17:03:13-589,2016-12-15 17:03:13-593
Success : CREATE_FILE : test2\a94a8fe5ccb19ba6\2a5bd02710e975a7\7C78748330C02983,0:3398291,2016-12-15 17:03:15-504,2016-12-15 17:03:16-030
Success : LS : test2\a94a8fe5ccb19ba6\2a5bd02710e975a7\,0:-1,2016-12-15 17:03:16-030,2016-12-15 17:03:16-030
Success : SEQ_READ : test2\bc9c8ba7ff351f3e,0:165888,2016-12-15 17:03:16-142,2016-12-15 17:03:16-161
Success : CREATE_FILE : test2\a94a8fe5ccb19ba6\18235EE21ED992FF,0:739181,2016-12-15 17:03:17-840,2016-12-15 17:03:17-973
Success : LS : test2\a94a8fe5ccb19ba6\,0:-1,2016-12-15 17:03:17-974,2016-12-15 17:03:17-974
Success : RANDOM_READ : test2\6c33a983eec1b409,0:2048,2016-12-15 17:03:18-875,2016-12-15 17:03:18-877
Success : RANDOM_READ : test1\c5a5e5562b038073\2d77b1044a6c5c82,0:32768,2016-12-15 17:03:19-240,2016-12-15 17:03:19-245
Success : SEQ_READ : test2\acde102dac5bbe15,0:5120,2016-12-15 17:03:19-538,2016-12-15 17:03:19-540
Success : SEQ_READ : test2\a94a8fe5ccb19ba6\2a5bd02710e975a7\178db47a574c645f,0:257,2016-12-15 17:03:21-922,2016-12-15 17:03:21-924
Success : SEQ_READ : test1\c5a5e5562b038073\0189424a5a60fed3\46a8219c2ae6c782,0:1330176,2016-12-15 17:03:22-410,2016-12-15 17:03:22-527
Success : RANDOM_READ : test2\acde102dac5bbe15,0:4096,2016-12-15 17:03:22-757,2016-12-15 17:03:22-759
Success : CREATE_FILE : test2\a94a8fe5ccb19ba6\2024FA1A55EFCCA9,0:1980049,2016-12-15 17:03:24-143,2016-12-15 17:03:24-500
Success : LS : test2\a94a8fe5ccb19ba6\,0:-1,2016-12-15 17:03:24-500,2016-12-15 17:03:24-500
Success : RANDOM_READ : test1\c5a5e5562b038073\2015a7ab48ae9a58,0:21504,2016-12-15 17:03:24-745,2016-12-15 17:03:24-749
Success : SEQ_READ : test1\c5a5e5562b038073\0caa882bd1034750,0:309248,2016-12-15 17:03:25-387,2016-12-15 17:03:25-415
Success : RANDOM_READ : test2\bc9c8ba7ff351f3e,0:21504,2016-12-15 17:03:26-450,2016-12-15 17:03:26-453
Success : CREATE_FILE : test2\a94a8fe5ccb19ba6\2a5bd02710e975a7\2D05CDE250660E31,0:2504703,2016-12-15 17:03:27-608,2016-12-15 17:03:27-998
Success : LS : test2\a94a8fe5ccb19ba6\2a5bd02710e975a7\,0:-1,2016-12-15 17:03:27-998,2016-12-15 17:03:27-998
Success : RANDOM_READ : test1\c5a5e5562b038073\7b7f22b30cf50087,0:3072,2016-12-15 17:03:28-367,2016-12-15 17:03:28-368
Success : SEQ_READ : test2\a94a8fe5ccb19ba6\2a5bd02710e975a7\3eef580036f1724a,0:257,2016-12-15 17:03:30-292,2016-12-15 17:03:30-294
Success : SEQ_READ : test1\c5a5e5562b038073\a39ea9c72a98de10\aa61f113a9b13deb,0:438,2016-12-15 17:03:30-912,2016-12-15 17:03:30-914
Success : RANDOM_READ : test1\f71b43c3136efa4f\9f93e73d6896cb7b\6670af231c096f09,0:129,2016-12-15 17:03:33-735,2016-12-15 17:03:33-737
Success : RANDOM_READ : test1\c5a5e5562b038073\3c16ab634e85296e,0:48128,2016-12-15 17:03:34-148,2016-12-15 17:03:34-154
Success : RANDOM_READ : test1\c5a5e5562b038073\b0c5d70d7f040bfa,0:17408,2016-12-15 17:03:34-639,2016-12-15 17:03:34-643
Success : SEQ_READ : test2\bc9c8ba7ff351f3e,0:102400,2016-12-15 17:03:35-561,2016-12-15 17:03:35-572
Success : SEQ_READ : test1\c5a5e5562b038073\738537f9a40e568b,0:7168,2016-12-15 17:03:36-075,2016-12-15 17:03:36-078
Success : SEQ_READ : test2\6c33a983eec1b409,0:1024,2016-12-15 17:03:37-666,2016-12-15 17:03:37-668
Success : CREATE_FILE : test2\a94a8fe5ccb19ba6\2C0E9F48712549F4,0:2373380,2016-12-15 17:03:38-945,2016-12-15 17:03:39-346
Success : LS : test2\a94a8fe5ccb19ba6\,0:-1,2016-12-15 17:03:39-346,2016-12-15 17:03:39-346
Success : CREATE_FILE : test2\a94a8fe5ccb19ba6\2a5bd02710e975a7\5937C35653D28C43,0:3428811,2016-12-15 17:03:41-860,2016-12-15 17:03:42-357
Success : LS : test2\a94a8fe5ccb19ba6\2a5bd02710e975a7\,0:-1,2016-12-15 17:03:42-358,2016-12-15 17:03:42-358
Success : SEQ_READ : test2\a94a8fe5ccb19ba6\2a5bd02710e975a7\178db47a574c645f,0:257,2016-12-15 17:03:42-544,2016-12-15 17:03:42-545
Success : RANDOM_READ : test1\c5a5e5562b038073\a39ea9c72a98de10\41288c58009f7f6a,0:477,2016-12-15 17:03:42-642,2016-12-15 17:03:42-644
Success : CREATE_FILE : test2\a94a8fe5ccb19ba6\0947ED0D5BD73785,0:2818293,2016-12-15 17:03:43-180,2016-12-15 17:03:43-594
Success : LS : test2\a94a8fe5ccb19ba6\,0:-1,2016-12-15 17:03:43-594,2016-12-15 17:03:43-594
Success : CREATE_FILE : test2\a94a8fe5ccb19ba6\2a5bd02710e975a7\76B7DEF50D1E8EE0,0:1476977,2016-12-15 17:03:43-594,2016-12-15 17:03:43-844
Success : LS : test2\a94a8fe5ccb19ba6\2a5bd02710e975a7\,0:-1,2016-12-15 17:03:43-844,2016-12-15 17:03:43-844
Success : RANDOM_READ : test2\6c33a983eec1b409,0:1024,2016-12-15 17:03:44-463,2016-12-15 17:03:44-465
Success : CREATE_FILE : test2\a94a8fe5ccb19ba6\08013CB45FCF946E,0:577580,2016-12-15 17:03:46-284,2016-12-15 17:03:46-414
Success : LS : test2\a94a8fe5ccb19ba6\,0:-1,2016-12-15 17:03:46-414,2016-12-15 17:03:46-414
Success : RANDOM_READ : test2\a94a8fe5ccb19ba6\2a5bd02710e975a7\3eef580036f1724a,0:257,2016-12-15 17:03:46-988,2016-12-15 17:03:46-990
Success : RANDOM_READ : test1\c5a5e5562b038073\f72cdbcd84f047a5,0:11264,2016-12-15 17:03:50-000,2016-12-15 17:03:50-003
Success : RANDOM_READ : test1\c5a5e5562b038073\c7abaf0419c47a1d,0:47104,2016-12-15 17:03:52-385,2016-12-15 17:03:52-391
Success : CREATE_FILE : test2\a94a8fe5ccb19ba6\2a5bd02710e975a7\7BA984AC6C6E3D61,0:2479102,2016-12-15 17:03:52-919,2016-12-15 17:03:53-352
Success : LS : test2\a94a8fe5ccb19ba6\2a5bd02710e975a7\,0:-1,2016-12-15 17:03:53-353,2016-12-15 17:03:53-353
Success : CREATE_FILE : test2\a94a8fe5ccb19ba6\2a5bd02710e975a7\245A661E086E01B0,0:1038462,2016-12-15 17:03:55-334,2016-12-15 17:03:55-537
Success : LS : test2\a94a8fe5ccb19ba6\2a5bd02710e975a7\,0:-1,2016-12-15 17:03:55-538,2016-12-15 17:03:55-538
Success : CREATE_FILE : test2\a94a8fe5ccb19ba6\4C5CA02F1E5CE1CB,0:924447,2016-12-15 17:03:56-998,2016-12-15 17:03:57-162
Success : LS : test2\a94a8fe5ccb19ba6\,0:-1,2016-12-15 17:03:57-162,2016-12-15 17:03:57-162
Success : RANDOM_READ : test2\8da7cc13802eefe0,0:32768,2016-12-15 17:03:58-690,2016-12-15 17:03:58-695
Success : SEQ_READ : test1\f71b43c3136efa4f\9f93e73d6896cb7b\6670af231c096f09,0:129,2016-12-15 17:04:01-213,2016-12-15 17:04:01-215
Success : SEQ_READ : test1\c5a5e5562b038073\3c16ab634e85296e,0:32768,2016-12-15 17:04:01-469,2016-12-15 17:04:01-474
Success : RANDOM_READ : test2\a94a8fe5ccb19ba6\2a5bd02710e975a7\178db47a574c645f,0:257,2016-12-15 17:04:02-873,2016-12-15 17:04:02-875
Success : CREATE_FILE : test2\a94a8fe5ccb19ba6\171618CE677E251B,0:3360108,2016-12-15 17:04:03-519,2016-12-15 17:04:04-010
Success : SEQ_READ : test1\c5a5e5562b038073\c7734a16bf12bb03,0:207872,2016-12-15 17:04:04-010,2016-12-15 17:04:04-029
Success : LS : test2\a94a8fe5ccb19ba6\,0:-1,2016-12-15 17:04:04-029,2016-12-15 17:04:04-030
Success : SEQ_READ : test2\a94a8fe5ccb19ba6\4b6fcb2d521ef0fd,0:1024,2016-12-15 17:04:06-324,2016-12-15 17:04:06-326
Success : SEQ_READ : test2\bc9c8ba7ff351f3e,0:113664,2016-12-15 17:04:06-895,2016-12-15 17:04:06-906
Success : SEQ_READ : test1\c5a5e5562b038073\a39ea9c72a98de10\11562aa867a5f398,0:2048,2016-12-15 17:04:07-220,2016-12-15 17:04:07-222
Success : RANDOM_READ : test2\6c33a983eec1b409,0:1024,2016-12-15 17:04:08-294,2016-12-15 17:04:08-296
Success : CREATE_FILE : test2\a94a8fe5ccb19ba6\2BB2D1F8104EDF8F,0:286972,2016-12-15 17:04:08-758,2016-12-15 17:04:09-165
Success : LS : test2\a94a8fe5ccb19ba6\,0:-1,2016-12-15 17:04:09-166,2016-12-15 17:04:09-166
Success : CREATE_FILE : test2\a94a8fe5ccb19ba6\383F61BB062ADF86,0:2723396,2016-12-15 17:04:09-166,2016-12-15 17:04:09-547
Success : RANDOM_READ : test2\8da7cc13802eefe0,0:11264,2016-12-15 17:04:09-547,2016-12-15 17:04:09-550
Success : LS : test2\a94a8fe5ccb19ba6\,0:-1,2016-12-15 17:04:09-550,2016-12-15 17:04:09-550
