Success : LS : test1\f71b43c3136efa4f\83404ffd78f534ff\,0:-1,2016-12-14 14:12:21-579,2016-12-14 14:12:21-753
Success : SEQ_READ : test2\8da7cc13802eefe0,0:22987191,2016-12-14 14:12:21-868,2016-12-14 14:12:21-952
Success : LS : test1\c5a5e5562b038073\a39ea9c72a98de10\,0:-1,2016-12-14 14:12:22-041,2016-12-14 14:12:22-106
Success : SEQ_READ : test1\f71b43c3136efa4f\52481749c0cdecd6\6670af231c096f09,0:129,2016-12-14 14:12:22-189,2016-12-14 14:12:22-565
Success : SEQ_READ : test2\49f03965cf98b1f5,0:1634,2016-12-14 14:12:22-652,2016-12-14 14:12:22-716
Success : CREATE_FILE : test2\a94a8fe5ccb19ba6\2a5bd02710e975a7\4EBC1C0B354A59C3,0:1769394,2016-12-14 14:12:22-800,2016-12-14 14:12:24-588
Success : LS : test2\a94a8fe5ccb19ba6\2a5bd02710e975a7\,0:-1,2016-12-14 14:12:24-786,2016-12-14 14:12:25-240
Success : CREATE_FILE : test2\a94a8fe5ccb19ba6\782E67E808166B5D,0:3060087,2016-12-14 14:12:25-517,2016-12-14 14:12:28-480
Success : LS : test2\a94a8fe5ccb19ba6\,0:-1,2016-12-14 14:12:28-603,2016-12-14 14:12:28-690
Success : CREATE_FILE : test2\a94a8fe5ccb19ba6\2a5bd02710e975a7\72D99DB11DBEFCEF,0:3728175,2016-12-14 14:12:28-770,2016-12-14 14:12:32-237
Success : SEQ_READ : test1\c5a5e5562b038073\05d1f0ed74e78555,0:69632,2016-12-14 14:12:32-358,2016-12-14 14:12:32-431
Success : SEQ_READ : test1\c5a5e5562b038073\a39ea9c72a98de10\4a90c52e52d54ede,0:1048,2016-12-14 14:12:32-534,2016-12-14 14:12:32-634
Success : SEQ_READ : test1\c5a5e5562b038073\68ad3077ff5a452a,0:383,2016-12-14 14:12:32-727,2016-12-14 14:12:32-795
Success : SEQ_READ : test2\49f03965cf98b1f5,0:1634,2016-12-14 14:12:32-902,2016-12-14 14:12:32-968
Success : SEQ_READ : test1\f71b43c3136efa4f\52481749c0cdecd6\6670af231c096f09,0:129,2016-12-14 14:12:33-043,2016-12-14 14:12:33-104
Success : SEQ_READ : test2\bc9c8ba7ff351f3e,0:217984,2016-12-14 14:12:33-197,2016-12-14 14:12:33-268
Success : SEQ_READ : test1\c5a5e5562b038073\a39ea9c72a98de10\11562aa867a5f398,0:2752,2016-12-14 14:12:33-355,2016-12-14 14:12:33-422
Success : SEQ_READ : test2\bc9c8ba7ff351f3e,0:217984,2016-12-14 14:12:33-499,2016-12-14 14:12:33-587
Success : SEQ_READ : test2\49f03965cf98b1f5,0:1634,2016-12-14 14:12:33-669,2016-12-14 14:12:33-733
Success : LS : test2\a94a8fe5ccb19ba6\2a5bd02710e975a7\,0:-1,2016-12-14 14:12:33-810,2016-12-14 14:12:34-695
Success : CREATE_FILE : test2\a94a8fe5ccb19ba6\2a5bd02710e975a7\0EC97EDB6EE9FE4E,0:405810,2016-12-14 14:12:34-799,2016-12-14 14:12:35-339
Success : SEQ_READ : test2\1a7683b6645f9b6a,0:14529,2016-12-14 14:12:35-456,2016-12-14 14:12:35-689
Success : LS : test1\f71b43c3136efa4f\,0:-1,2016-12-14 14:12:35-774,2016-12-14 14:12:35-837
Success : SEQ_READ : test2\acde102dac5bbe15,0:6030,2016-12-14 14:12:35-913,2016-12-14 14:12:35-973
Success : SEQ_READ : test2\a94a8fe5ccb19ba6\4b6fcb2d521ef0fd,0:2291,2016-12-14 14:12:36-067,2016-12-14 14:12:36-128
Success : LS : test2\a94a8fe5ccb19ba6\2a5bd02710e975a7\,0:-1,2016-12-14 14:12:36-209,2016-12-14 14:12:36-281
Success : CREATE_FILE : test2\a94a8fe5ccb19ba6\24D19E687FD9B6C8,0:1106826,2016-12-14 14:12:36-365,2016-12-14 14:12:37-599
Success : LS : test1\f71b43c3136efa4f\c7d9912886e5ccc7\,0:-1,2016-12-14 14:12:37-718,2016-12-14 14:12:37-792
Success : LS : test1\f71b43c3136efa4f\,0:-1,2016-12-14 14:12:37-870,2016-12-14 14:12:37-957
Success : LS : test2\a94a8fe5ccb19ba6\,0:-1,2016-12-14 14:12:38-041,2016-12-14 14:12:38-142
Success : CREATE_FILE : test2\a94a8fe5ccb19ba6\2a5bd02710e975a7\3A2ECB99139E6B75,0:116953,2016-12-14 14:12:38-294,2016-12-14 14:12:38-548
Success : LS : test2\a94a8fe5ccb19ba6\2a5bd02710e975a7\,0:-1,2016-12-14 14:12:38-673,2016-12-14 14:12:38-779
Success : CREATE_FILE : test2\a94a8fe5ccb19ba6\2a5bd02710e975a7\6C579FCC64391682,0:1666472,2016-12-14 14:12:38-902,2016-12-14 14:12:40-148
Success : SEQ_READ : test2\bc9c8ba7ff351f3e,0:217984,2016-12-14 14:12:40-275,2016-12-14 14:12:40-377
Success : LS : test1\c5a5e5562b038073\,0:-1,2016-12-14 14:12:40-505,2016-12-14 14:12:40-610
Success : LS : test2\a94a8fe5ccb19ba6\2a5bd02710e975a7\,0:-1,2016-12-14 14:12:40-701,2016-12-14 14:12:40-770
Success : CREATE_FILE : test2\a94a8fe5ccb19ba6\2a5bd02710e975a7\319992472EE5F6F9,0:2573394,2016-12-14 14:12:40-928,2016-12-14 14:12:43-308
Success : SEQ_READ : test1\c5a5e5562b038073\738537f9a40e568b,0:17984,2016-12-14 14:12:43-434,2016-12-14 14:12:43-553
Success : SEQ_READ : test2\bc9c8ba7ff351f3e,0:217984,2016-12-14 14:12:43-646,2016-12-14 14:12:43-716
Success : LS : test1\f71b43c3136efa4f\,0:-1,2016-12-14 14:12:43-820,2016-12-14 14:12:43-920
Success : LS : test1\c5a5e5562b038073\0189424a5a60fed3\,0:-1,2016-12-14 14:12:44-044,2016-12-14 14:12:44-116
Success : LS : test2\a94a8fe5ccb19ba6\2a5bd02710e975a7\,0:-1,2016-12-14 14:12:44-221,2016-12-14 14:12:44-293
Success : CREATE_FILE : test2\a94a8fe5ccb19ba6\60A9FC440E2E824E,0:4094938,2016-12-14 14:12:44-370,2016-12-14 14:12:48-030
Success : LS : test2\a94a8fe5ccb19ba6\,0:-1,2016-12-14 14:12:48-147,2016-12-14 14:12:48-238
Success : LS : test2\a94a8fe5ccb19ba6\,0:-1,2016-12-14 14:12:48-334,2016-12-14 14:12:48-404
Success : LS : test2\a94a8fe5ccb19ba6\,0:-1,2016-12-14 14:12:48-481,2016-12-14 14:12:48-548
Success : CREATE_FILE : test2\a94a8fe5ccb19ba6\337CDB946183D3AB,0:740469,2016-12-14 14:12:48-673,2016-12-14 14:12:49-208
Success : LS : test2\a94a8fe5ccb19ba6\,0:-1,2016-12-14 14:12:49-335,2016-12-14 14:12:49-420
Success : CREATE_FILE : test2\a94a8fe5ccb19ba6\65B2737410282799,0:3460894,2016-12-14 14:12:49-541,2016-12-14 14:12:53-502
Success : LS : test1\f71b43c3136efa4f\,0:-1,2016-12-14 14:12:53-628,2016-12-14 14:12:53-700
Success : LS : test2\a94a8fe5ccb19ba6\,0:-1,2016-12-14 14:12:53-775,2016-12-14 14:12:53-852
Success : CREATE_FILE : test2\a94a8fe5ccb19ba6\2a5bd02710e975a7\03C25C1C4341FB5A,0:325696,2016-12-14 14:12:53-927,2016-12-14 14:12:54-290
Success : LS : test2\a94a8fe5ccb19ba6\2a5bd02710e975a7\,0:-1,2016-12-14 14:12:54-392,2016-12-14 14:12:54-458
Success : CREATE_FILE : test2\a94a8fe5ccb19ba6\71748A2C1D67CE65,0:3443537,2016-12-14 14:12:54-532,2016-12-14 14:12:57-684
Success : LS : test2\a94a8fe5ccb19ba6\,0:-1,2016-12-14 14:12:57-785,2016-12-14 14:12:58-035
Success : CREATE_FILE : test2\a94a8fe5ccb19ba6\5D33D3C87D32D5F1,0:1763638,2016-12-14 14:12:58-162,2016-12-14 14:12:59-733
Success : LS : test2\a94a8fe5ccb19ba6\,0:-1,2016-12-14 14:12:59-842,2016-12-14 14:12:59-916
Success : CREATE_FILE : test2\a94a8fe5ccb19ba6\0D98718926B8AB68,0:336072,2016-12-14 14:12:59-997,2016-12-14 14:13:00-281
Success : LS : test2\a94a8fe5ccb19ba6\,0:-1,2016-12-14 14:13:00-393,2016-12-14 14:13:00-463
Success : LS : test1\f71b43c3136efa4f\52481749c0cdecd6\,0:-1,2016-12-14 14:13:00-540,2016-12-14 14:13:00-608
Success : LS : test2\a94a8fe5ccb19ba6\,0:-1,2016-12-14 14:13:00-686,2016-12-14 14:13:00-756
Success : CREATE_FILE : test2\a94a8fe5ccb19ba6\3838F0DA5531B37C,0:83836,2016-12-14 14:13:00-833,2016-12-14 14:13:01-025
Success : LS : test2\a94a8fe5ccb19ba6\,0:-1,2016-12-14 14:13:01-146,2016-12-14 14:13:01-226
Success : CREATE_FILE : test2\a94a8fe5ccb19ba6\2a5bd02710e975a7\23252BE07C02A279,0:3438402,2016-12-14 14:13:01-332,2016-12-14 14:13:04-329
Success : LS : test2\a94a8fe5ccb19ba6\2a5bd02710e975a7\,0:-1,2016-12-14 14:13:04-447,2016-12-14 14:13:04-540
Success : CREATE_FILE : test2\a94a8fe5ccb19ba6\2a5bd02710e975a7\227CAF6A5017AF90,0:2967243,2016-12-14 14:13:04-624,2016-12-14 14:13:07-687
Success : LS : test1\f71b43c3136efa4f\,0:-1,2016-12-14 14:13:07-812,2016-12-14 14:13:07-888
Success : LS : test1\f71b43c3136efa4f\83404ffd78f534ff\,0:-1,2016-12-14 14:13:07-965,2016-12-14 14:13:08-036
Success : LS : test1\c5a5e5562b038073\a39ea9c72a98de10\,0:-1,2016-12-14 14:13:08-142,2016-12-14 14:13:08-210
Success : LS : test1\c5a5e5562b038073\0189424a5a60fed3\,0:-1,2016-12-14 14:13:08-327,2016-12-14 14:13:08-428
Success : LS : test1\f71b43c3136efa4f\83404ffd78f534ff\,0:-1,2016-12-14 14:13:08-548,2016-12-14 14:13:08-630
Success : LS : test2\a94a8fe5ccb19ba6\2a5bd02710e975a7\,0:-1,2016-12-14 14:13:08-714,2016-12-14 14:13:09-032
Success : CREATE_FILE : test2\a94a8fe5ccb19ba6\675C5CEC57F4A1E2,0:1287374,2016-12-14 14:13:09-207,2016-12-14 14:13:10-127
Success : LS : test1\f71b43c3136efa4f\52481749c0cdecd6\,0:-1,2016-12-14 14:13:10-253,2016-12-14 14:13:10-327
Success : LS : test1\f71b43c3136efa4f\52481749c0cdecd6\,0:-1,2016-12-14 14:13:10-409,2016-12-14 14:13:10-474
Success : LS : test1\c5a5e5562b038073\0189424a5a60fed3\,0:-1,2016-12-14 14:13:10-610,2016-12-14 14:13:10-705
Success : LS : test2\a94a8fe5ccb19ba6\2a5bd02710e975a7\,0:-1,2016-12-14 14:13:10-792,2016-12-14 14:13:10-860
Fail : LS : test1,0:-1,2016-12-14 14:13:10-938,2016-12-14 14:13:10-939
Reason : java.lang.StringIndexOutOfBoundsException: String index out of range: -1
Success : LS : test2\a94a8fe5ccb19ba6\,0:-1,2016-12-14 14:13:11-014,2016-12-14 14:13:11-085
Success : CREATE_FILE : test2\a94a8fe5ccb19ba6\49CA5B006F0152A5,0:914138,2016-12-14 14:13:11-161,2016-12-14 14:13:12-014
Success : LS : test1\f71b43c3136efa4f\83404ffd78f534ff\,0:-1,2016-12-14 14:13:12-120,2016-12-14 14:13:12-202
Success : LS : test2\a94a8fe5ccb19ba6\2a5bd02710e975a7\,0:-1,2016-12-14 14:13:12-293,2016-12-14 14:13:12-369
Success : SEQ_READ : test1\c5a5e5562b038073\3c16ab634e85296e,0:105016,2016-12-14 14:13:12-445,2016-12-14 14:13:12-512
Success : LS : test2\a94a8fe5ccb19ba6\,0:-1,2016-12-14 14:13:12-590,2016-12-14 14:13:12-713
Success : CREATE_FILE : test2\a94a8fe5ccb19ba6\6EC2C44875451232,0:1561078,2016-12-14 14:13:12-810,2016-12-14 14:13:14-012
Success : SEQ_READ : test1\c5a5e5562b038073\a39ea9c72a98de10\11562aa867a5f398,0:2752,2016-12-14 14:13:14-117,2016-12-14 14:13:14-204
Success : LS : test1\c5a5e5562b038073\a39ea9c72a98de10\,0:-1,2016-12-14 14:13:14-314,2016-12-14 14:13:14-412
Success : LS : test2\a94a8fe5ccb19ba6\,0:-1,2016-12-14 14:13:14-504,2016-12-14 14:13:14-581
Success : CREATE_FILE : test2\a94a8fe5ccb19ba6\2a5bd02710e975a7\12BAAE713944D987,0:3941666,2016-12-14 14:13:14-659,2016-12-14 14:13:18-466
Success : LS : test2\a94a8fe5ccb19ba6\2a5bd02710e975a7\,0:-1,2016-12-14 14:13:18-577,2016-12-14 14:13:18-656
Success : CREATE_FILE : test2\a94a8fe5ccb19ba6\2a5bd02710e975a7\3CBB9E167A1CB398,0:446596,2016-12-14 14:13:18-734,2016-12-14 14:13:19-014
Success : LS : test1\c5a5e5562b038073\a39ea9c72a98de10\,0:-1,2016-12-14 14:13:19-124,2016-12-14 14:13:19-223
Fail : LS : test1,0:-1,2016-12-14 14:13:19-312,2016-12-14 14:13:19-312
Reason : java.lang.StringIndexOutOfBoundsException: String index out of range: -1
Success : LS : test1\f71b43c3136efa4f\52481749c0cdecd6\,0:-1,2016-12-14 14:13:19-388,2016-12-14 14:13:19-450
Success : LS : test2\a94a8fe5ccb19ba6\2a5bd02710e975a7\,0:-1,2016-12-14 14:13:19-568,2016-12-14 14:13:19-641
Success : CREATE_FILE : test2\a94a8fe5ccb19ba6\2a5bd02710e975a7\63E15F755C17F3AD,0:382909,2016-12-14 14:13:19-723,2016-12-14 14:13:21-182
Success : LS : test2\a94a8fe5ccb19ba6\2a5bd02710e975a7\,0:-1,2016-12-14 14:13:21-330,2016-12-14 14:13:21-405
Success : CREATE_FILE : test2\a94a8fe5ccb19ba6\2a5bd02710e975a7\155EE70032C2ECBC,0:2163167,2016-12-14 14:13:21-482,2016-12-14 14:13:23-276
Success : LS : test2\a94a8fe5ccb19ba6\2a5bd02710e975a7\,0:-1,2016-12-14 14:13:23-400,2016-12-14 14:13:23-476
Success : LS : test2\a94a8fe5ccb19ba6\2a5bd02710e975a7\,0:-1,2016-12-14 14:13:23-572,2016-12-14 14:13:23-640
Success : CREATE_FILE : test2\a94a8fe5ccb19ba6\0EA74350491093D1,0:4088101,2016-12-14 14:13:23-715,2016-12-14 14:13:27-479
Success : LS : test2\a94a8fe5ccb19ba6\,0:-1,2016-12-14 14:13:27-556,2016-12-14 14:13:27-624
Success : CREATE_FILE : test2\a94a8fe5ccb19ba6\291D75F05272C180,0:535602,2016-12-14 14:13:27-703,2016-12-14 14:13:28-058
Success : LS : test2\a94a8fe5ccb19ba6\,0:-1,2016-12-14 14:13:28-181,2016-12-14 14:13:28-262
Success : CREATE_FILE : test2\a94a8fe5ccb19ba6\0F6533D84DEC8AF3,0:1615544,2016-12-14 14:13:28-338,2016-12-14 14:13:29-815
Success : LS : test2\a94a8fe5ccb19ba6\,0:-1,2016-12-14 14:13:29-953,2016-12-14 14:13:30-051
Success : SEQ_READ : test1\c5a5e5562b038073\a39ea9c72a98de10\aa61f113a9b13deb,0:438,2016-12-14 14:13:30-139,2016-12-14 14:13:30-226
Success : LS : test2\a94a8fe5ccb19ba6\,0:-1,2016-12-14 14:13:30-306,2016-12-14 14:13:30-379
Success : LS : test2\a94a8fe5ccb19ba6\,0:-1,2016-12-14 14:13:30-462,2016-12-14 14:13:30-531
Success : CREATE_FILE : test2\a94a8fe5ccb19ba6\2a5bd02710e975a7\54BDDA990E33FEC7,0:715719,2016-12-14 14:13:30-608,2016-12-14 14:13:31-085
Success : LS : test1\c5a5e5562b038073\a39ea9c72a98de10\,0:-1,2016-12-14 14:13:31-211,2016-12-14 14:13:31-283
Fail : LS : test1,0:-1,2016-12-14 14:13:31-359,2016-12-14 14:13:31-359
Reason : java.lang.StringIndexOutOfBoundsException: String index out of range: -1
Success : SEQ_READ : test1\f71b43c3136efa4f\52481749c0cdecd6\6670af231c096f09,0:129,2016-12-14 14:13:31-436,2016-12-14 14:13:31-494
Fail : LS : test1,0:-1,2016-12-14 14:13:31-611,2016-12-14 14:13:31-611
Reason : java.lang.StringIndexOutOfBoundsException: String index out of range: -1
Success : LS : test2\a94a8fe5ccb19ba6\2a5bd02710e975a7\,0:-1,2016-12-14 14:13:31-696,2016-12-14 14:13:31-761
Success : CREATE_FILE : test2\a94a8fe5ccb19ba6\2a5bd02710e975a7\00C9726A58D1889C,0:882531,2016-12-14 14:13:31-834,2016-12-14 14:13:33-291
Success : LS : test2\a94a8fe5ccb19ba6\,0:-1,2016-12-14 14:13:33-402,2016-12-14 14:13:33-477
Success : SEQ_READ : test1\c5a5e5562b038073\0189424a5a60fed3\feb6a1968982109d,0:20126138,2016-12-14 14:13:33-554,2016-12-14 14:13:33-649
Success : LS : test2\a94a8fe5ccb19ba6\2a5bd02710e975a7\,0:-1,2016-12-14 14:13:33-746,2016-12-14 14:13:33-811
Success : CREATE_FILE : test2\a94a8fe5ccb19ba6\00DB058774CBC0C8,0:3428406,2016-12-14 14:13:33-888,2016-12-14 14:13:37-399
Success : LS : test2\a94a8fe5ccb19ba6\,0:-1,2016-12-14 14:13:37-637,2016-12-14 14:13:38-088
Success : CREATE_FILE : test2\a94a8fe5ccb19ba6\2a5bd02710e975a7\2657BDA542B56588,0:3313241,2016-12-14 14:13:38-203,2016-12-14 14:13:41-195
Success : SEQ_READ : test2\49f03965cf98b1f5,0:1634,2016-12-14 14:13:41-317,2016-12-14 14:13:41-389
Success : SEQ_READ : test1\c5a5e5562b038073\2015a7ab48ae9a58,0:28672,2016-12-14 14:13:41-465,2016-12-14 14:13:41-542
Success : LS : test2\a94a8fe5ccb19ba6\2a5bd02710e975a7\,0:-1,2016-12-14 14:13:41-620,2016-12-14 14:13:41-687
Success : CREATE_FILE : test2\a94a8fe5ccb19ba6\2a5bd02710e975a7\0B2E263867DFB87B,0:2812410,2016-12-14 14:13:41-767,2016-12-14 14:13:44-820
Success : LS : test1\f71b43c3136efa4f\c7d9912886e5ccc7\,0:-1,2016-12-14 14:13:44-932,2016-12-14 14:13:45-025
Success : SEQ_READ : test2\a94a8fe5ccb19ba6\2a5bd02710e975a7\254d76d2609fec03,0:2291,2016-12-14 14:13:45-115,2016-12-14 14:13:45-179
Success : LS : test1\f71b43c3136efa4f\83404ffd78f534ff\,0:-1,2016-12-14 14:13:45-259,2016-12-14 14:13:45-329
Success : LS : test1\f71b43c3136efa4f\9f93e73d6896cb7b\,0:-1,2016-12-14 14:13:45-414,2016-12-14 14:13:45-487
Success : SEQ_READ : test1\c5a5e5562b038073\0caa882bd1034750,0:324096,2016-12-14 14:13:45-565,2016-12-14 14:13:45-643
Success : LS : test2\a94a8fe5ccb19ba6\2a5bd02710e975a7\,0:-1,2016-12-14 14:13:45-729,2016-12-14 14:13:45-799
Success : CREATE_FILE : test2\a94a8fe5ccb19ba6\1E3250AA5EC50641,0:3503545,2016-12-14 14:13:45-874,2016-12-14 14:13:49-091
Success : LS : test2\a94a8fe5ccb19ba6\,0:-1,2016-12-14 14:13:49-214,2016-12-14 14:13:49-288
Success : LS : test1\c5a5e5562b038073\a39ea9c72a98de10\,0:-1,2016-12-14 14:13:49-362,2016-12-14 14:13:49-438
Success : LS : test1\f71b43c3136efa4f\83404ffd78f534ff\,0:-1,2016-12-14 14:13:49-522,2016-12-14 14:13:49-584
Success : LS : test2\a94a8fe5ccb19ba6\,0:-1,2016-12-14 14:13:49-658,2016-12-14 14:13:49-729
Success : CREATE_FILE : test2\a94a8fe5ccb19ba6\0C8BD2F02E5D38B4,0:3542574,2016-12-14 14:13:49-807,2016-12-14 14:13:53-142
Success : LS : test1\f71b43c3136efa4f\c7d9912886e5ccc7\,0:-1,2016-12-14 14:13:53-263,2016-12-14 14:13:53-356
Success : LS : test1\f71b43c3136efa4f\9f93e73d6896cb7b\,0:-1,2016-12-14 14:13:53-482,2016-12-14 14:13:53-560
Success : LS : test1\c5a5e5562b038073\,0:-1,2016-12-14 14:13:53-644,2016-12-14 14:13:53-708
Success : LS : test2\a94a8fe5ccb19ba6\,0:-1,2016-12-14 14:13:53-788,2016-12-14 14:13:53-856
Success : CREATE_FILE : test2\a94a8fe5ccb19ba6\661612600141A8A6,0:1749357,2016-12-14 14:13:53-941,2016-12-14 14:13:55-286
Success : LS : test1\f71b43c3136efa4f\83404ffd78f534ff\,0:-1,2016-12-14 14:13:55-403,2016-12-14 14:13:55-481
Fail : LS : test1,0:-1,2016-12-14 14:13:55-559,2016-12-14 14:13:55-559
Reason : java.lang.StringIndexOutOfBoundsException: String index out of range: -1
Success : LS : test2\a94a8fe5ccb19ba6\,0:-1,2016-12-14 14:13:55-635,2016-12-14 14:13:55-706
Success : CREATE_FILE : test2\a94a8fe5ccb19ba6\405807BD772F1846,0:374799,2016-12-14 14:13:55-796,2016-12-14 14:13:56-292
Success : LS : test2\a94a8fe5ccb19ba6\,0:-1,2016-12-14 14:13:56-416,2016-12-14 14:13:56-517
Success : CREATE_FILE : test2\a94a8fe5ccb19ba6\756C7CD55A1E9182,0:3171787,2016-12-14 14:13:56-605,2016-12-14 14:13:59-728
Success : LS : test1\c5a5e5562b038073\a39ea9c72a98de10\,0:-1,2016-12-14 14:13:59-843,2016-12-14 14:13:59-954
Success : LS : test1\f71b43c3136efa4f\52481749c0cdecd6\,0:-1,2016-12-14 14:14:00-050,2016-12-14 14:14:00-113
Success : LS : test1\f71b43c3136efa4f\,0:-1,2016-12-14 14:14:00-188,2016-12-14 14:14:00-267
Success : LS : test2\a94a8fe5ccb19ba6\2a5bd02710e975a7\,0:-1,2016-12-14 14:14:00-351,2016-12-14 14:14:00-420
Success : LS : test2\a94a8fe5ccb19ba6\,0:-1,2016-12-14 14:14:00-496,2016-12-14 14:14:00-563
Success : CREATE_FILE : test2\a94a8fe5ccb19ba6\0AC77B1F5F8128FF,0:4080602,2016-12-14 14:14:00-638,2016-12-14 14:14:04-328
Success : LS : test1\f71b43c3136efa4f\9f93e73d6896cb7b\,0:-1,2016-12-14 14:14:04-446,2016-12-14 14:14:04-547
Success : LS : test1\c5a5e5562b038073\,0:-1,2016-12-14 14:14:04-641,2016-12-14 14:14:04-742
Fail : LS : test1,0:-1,2016-12-14 14:14:04-844,2016-12-14 14:14:04-844
Reason : java.lang.StringIndexOutOfBoundsException: String index out of range: -1
Success : SEQ_READ : test1\c5a5e5562b038073\0189424a5a60fed3\feb6a1968982109d,0:20126138,2016-12-14 14:14:04-920,2016-12-14 14:14:04-989
Success : LS : test2\a94a8fe5ccb19ba6\,0:-1,2016-12-14 14:14:05-108,2016-12-14 14:14:05-186
Success : CREATE_FILE : test2\a94a8fe5ccb19ba6\2a5bd02710e975a7\5E2A45D404992312,0:1720877,2016-12-14 14:14:05-263,2016-12-14 14:14:06-622
Success : LS : test2\a94a8fe5ccb19ba6\2a5bd02710e975a7\,0:-1,2016-12-14 14:14:06-723,2016-12-14 14:14:06-799
Success : CREATE_FILE : test2\a94a8fe5ccb19ba6\2a5bd02710e975a7\1A80A8126A673985,0:3262915,2016-12-14 14:14:06-874,2016-12-14 14:14:09-867
Success : LS : test1\f71b43c3136efa4f\52481749c0cdecd6\,0:-1,2016-12-14 14:14:09-996,2016-12-14 14:14:10-067
Success : LS : test2\a94a8fe5ccb19ba6\2a5bd02710e975a7\,0:-1,2016-12-14 14:14:10-143,2016-12-14 14:14:10-360
Success : CREATE_FILE : test2\a94a8fe5ccb19ba6\64751B4A4C09F62D,0:1531748,2016-12-14 14:14:10-477,2016-12-14 14:14:12-274
Success : LS : test2\a94a8fe5ccb19ba6\,0:-1,2016-12-14 14:14:12-372,2016-12-14 14:14:12-451
Success : CREATE_FILE : test2\a94a8fe5ccb19ba6\2a5bd02710e975a7\5690EE5166A17F53,0:1906989,2016-12-14 14:14:12-528,2016-12-14 14:14:13-995
Success : LS : test1\f71b43c3136efa4f\52481749c0cdecd6\,0:-1,2016-12-14 14:14:14-097,2016-12-14 14:14:14-162
Success : LS : test2\a94a8fe5ccb19ba6\,0:-1,2016-12-14 14:14:14-236,2016-12-14 14:14:14-304
Success : SEQ_READ : test1\c5a5e5562b038073\05d1f0ed74e78555,0:69632,2016-12-14 14:14:14-378,2016-12-14 14:14:14-443
Fail : LS : test1,0:-1,2016-12-14 14:14:14-526,2016-12-14 14:14:14-526
Reason : java.lang.StringIndexOutOfBoundsException: String index out of range: -1
Success : LS : test2\a94a8fe5ccb19ba6\2a5bd02710e975a7\,0:-1,2016-12-14 14:14:14-600,2016-12-14 14:14:14-666
Success : CREATE_FILE : test2\a94a8fe5ccb19ba6\2a5bd02710e975a7\0527029E7536F531,0:985866,2016-12-14 14:14:14-745,2016-12-14 14:14:15-243
Success : LS : test2\a94a8fe5ccb19ba6\2a5bd02710e975a7\,0:-1,2016-12-14 14:14:15-360,2016-12-14 14:14:15-432
Success : CREATE_FILE : test2\a94a8fe5ccb19ba6\2a5bd02710e975a7\66CACB054D74C30C,0:3831113,2016-12-14 14:14:15-510,2016-12-14 14:14:19-265
Success : LS : test2\a94a8fe5ccb19ba6\2a5bd02710e975a7\,0:-1,2016-12-14 14:14:19-358,2016-12-14 14:14:19-451
Success : CREATE_FILE : test2\a94a8fe5ccb19ba6\220117743188DAFA,0:1073187,2016-12-14 14:14:19-536,2016-12-14 14:14:20-165
Success : LS : test1\f71b43c3136efa4f\,0:-1,2016-12-14 14:14:20-274,2016-12-14 14:14:20-362
Success : LS : test1\f71b43c3136efa4f\83404ffd78f534ff\,0:-1,2016-12-14 14:14:20-446,2016-12-14 14:14:20-509
Success : LS : test1\c5a5e5562b038073\a39ea9c72a98de10\,0:-1,2016-12-14 14:14:20-586,2016-12-14 14:14:20-670
Success : LS : test2\a94a8fe5ccb19ba6\,0:-1,2016-12-14 14:14:20-756,2016-12-14 14:14:20-823
Success : CREATE_FILE : test2\a94a8fe5ccb19ba6\3D4C340D3304AF69,0:5774,2016-12-14 14:14:20-924,2016-12-14 14:14:21-121
Success : LS : test2\a94a8fe5ccb19ba6\,0:-1,2016-12-14 14:14:21-235,2016-12-14 14:14:21-311
Success : CREATE_FILE : test2\a94a8fe5ccb19ba6\2a5bd02710e975a7\3AA64BB528BB91C9,0:1024211,2016-12-14 14:14:21-397,2016-12-14 14:14:21-855
Success : LS : test2\a94a8fe5ccb19ba6\2a5bd02710e975a7\,0:-1,2016-12-14 14:14:22-031,2016-12-14 14:14:22-099
Success : CREATE_FILE : test2\a94a8fe5ccb19ba6\2a5bd02710e975a7\2BD3DF2D02D5804B,0:600950,2016-12-14 14:14:22-176,2016-12-14 14:14:22-685
Success : LS : test2\a94a8fe5ccb19ba6\2a5bd02710e975a7\,0:-1,2016-12-14 14:14:22-799,2016-12-14 14:14:22-874
Success : CREATE_FILE : test2\a94a8fe5ccb19ba6\4846BB4443553CEC,0:284868,2016-12-14 14:14:22-983,2016-12-14 14:14:23-240
Success : LS : test2\a94a8fe5ccb19ba6\2a5bd02710e975a7\,0:-1,2016-12-14 14:14:23-360,2016-12-14 14:14:23-438
Success : LS : test2\a94a8fe5ccb19ba6\2a5bd02710e975a7\,0:-1,2016-12-14 14:14:23-536,2016-12-14 14:14:23-618
Success : LS : test2\a94a8fe5ccb19ba6\,0:-1,2016-12-14 14:14:23-699,2016-12-14 14:14:23-771
Success : CREATE_FILE : test2\a94a8fe5ccb19ba6\2a5bd02710e975a7\34C5F90E00F2D394,0:2763205,2016-12-14 14:14:23-848,2016-12-14 14:14:26-454
Success : LS : test2\a94a8fe5ccb19ba6\2a5bd02710e975a7\,0:-1,2016-12-14 14:14:26-574,2016-12-14 14:14:26-655
Success : CREATE_FILE : test2\a94a8fe5ccb19ba6\481E0D766232DA92,0:2059512,2016-12-14 14:14:26-739,2016-12-14 14:14:28-608
Success : LS : test2\a94a8fe5ccb19ba6\,0:-1,2016-12-14 14:14:28-729,2016-12-14 14:14:28-808
Success : CREATE_FILE : test2\a94a8fe5ccb19ba6\2a5bd02710e975a7\620CC99E3D199410,0:1528757,2016-12-14 14:14:28-896,2016-12-14 14:14:30-146
Success : LS : test2\a94a8fe5ccb19ba6\2a5bd02710e975a7\,0:-1,2016-12-14 14:14:30-274,2016-12-14 14:14:30-344
Success : CREATE_FILE : test2\a94a8fe5ccb19ba6\297A0344119CDD51,0:751289,2016-12-14 14:14:30-429,2016-12-14 14:14:31-081
Success : LS : test1\f71b43c3136efa4f\52481749c0cdecd6\,0:-1,2016-12-14 14:14:31-192,2016-12-14 14:14:31-264
Fail : LS : test1,0:-1,2016-12-14 14:14:31-361,2016-12-14 14:14:31-361
Reason : java.lang.StringIndexOutOfBoundsException: String index out of range: -1
Success : LS : test1\f71b43c3136efa4f\52481749c0cdecd6\,0:-1,2016-12-14 14:14:31-439,2016-12-14 14:14:31-502
Success : LS : test2\a94a8fe5ccb19ba6\,0:-1,2016-12-14 14:14:31-578,2016-12-14 14:14:31-646
Success : CREATE_FILE : test2\a94a8fe5ccb19ba6\2a5bd02710e975a7\0C9074357B02FE58,0:344574,2016-12-14 14:14:31-720,2016-12-14 14:14:32-040
Success : LS : test2\a94a8fe5ccb19ba6\2a5bd02710e975a7\,0:-1,2016-12-14 14:14:32-167,2016-12-14 14:14:32-262
Success : CREATE_FILE : test2\a94a8fe5ccb19ba6\43FBE4CC7AE55F3C,0:537072,2016-12-14 14:14:32-350,2016-12-14 14:14:32-707
Success : LS : test2\a94a8fe5ccb19ba6\,0:-1,2016-12-14 14:14:32-835,2016-12-14 14:14:32-914
Success : CREATE_FILE : test2\a94a8fe5ccb19ba6\2a5bd02710e975a7\13400E645805EA44,0:797530,2016-12-14 14:14:32-990,2016-12-14 14:14:33-407
Success : LS : test1\f71b43c3136efa4f\52481749c0cdecd6\,0:-1,2016-12-14 14:14:33-486,2016-12-14 14:14:33-551
Fail : LS : test1,0:-1,2016-12-14 14:14:33-650,2016-12-14 14:14:33-650
Reason : java.lang.StringIndexOutOfBoundsException: String index out of range: -1
Success : LS : test2\a94a8fe5ccb19ba6\2a5bd02710e975a7\,0:-1,2016-12-14 14:14:33-732,2016-12-14 14:14:33-811
Success : CREATE_FILE : test2\a94a8fe5ccb19ba6\715ED3163CF0A7EF,0:2505081,2016-12-14 14:14:33-889,2016-12-14 14:14:35-924
Success : LS : test2\a94a8fe5ccb19ba6\,0:-1,2016-12-14 14:14:36-042,2016-12-14 14:14:36-123
Success : CREATE_FILE : test2\a94a8fe5ccb19ba6\50C86C5C48E0B255,0:2668034,2016-12-14 14:14:36-247,2016-12-14 14:14:38-454
Success : LS : test2\a94a8fe5ccb19ba6\,0:-1,2016-12-14 14:14:38-569,2016-12-14 14:14:38-644
Success : CREATE_FILE : test2\a94a8fe5ccb19ba6\3D91892068E5B612,0:1018876,2016-12-14 14:14:38-728,2016-12-14 14:14:39-298
Success : LS : test1\f71b43c3136efa4f\83404ffd78f534ff\,0:-1,2016-12-14 14:14:39-425,2016-12-14 14:14:39-491
Success : LS : test1\f71b43c3136efa4f\9f93e73d6896cb7b\,0:-1,2016-12-14 14:14:39-569,2016-12-14 14:14:39-638
Success : LS : test2\a94a8fe5ccb19ba6\,0:-1,2016-12-14 14:14:39-718,2016-12-14 14:14:39-791
Success : CREATE_FILE : test2\a94a8fe5ccb19ba6\2a5bd02710e975a7\6F1BF7EF7A0D6F7D,0:3073717,2016-12-14 14:14:39-864,2016-12-14 14:14:42-598
Success : LS : test2\a94a8fe5ccb19ba6\2a5bd02710e975a7\,0:-1,2016-12-14 14:14:42-712,2016-12-14 14:14:42-797
Success : CREATE_FILE : test2\a94a8fe5ccb19ba6\2a5bd02710e975a7\4BF2F6DC42C3D022,0:1023609,2016-12-14 14:14:42-880,2016-12-14 14:14:44-628
Success : LS : test2\a94a8fe5ccb19ba6\2a5bd02710e975a7\,0:-1,2016-12-14 14:14:44-748,2016-12-14 14:14:44-875
Fail : LS : test1,0:-1,2016-12-14 14:14:44-950,2016-12-14 14:14:44-950
Reason : java.lang.StringIndexOutOfBoundsException: String index out of range: -1
Fail : LS : test1,0:-1,2016-12-14 14:14:45-045,2016-12-14 14:14:45-045
Reason : java.lang.StringIndexOutOfBoundsException: String index out of range: -1
Success : LS : test2\a94a8fe5ccb19ba6\2a5bd02710e975a7\,0:-1,2016-12-14 14:14:45-121,2016-12-14 14:14:45-211
Success : CREATE_FILE : test2\a94a8fe5ccb19ba6\0A3F5592145DF556,0:1671938,2016-12-14 14:14:45-301,2016-12-14 14:14:46-471
Success : LS : test2\a94a8fe5ccb19ba6\,0:-1,2016-12-14 14:14:46-599,2016-12-14 14:14:46-677
Success : CREATE_FILE : test2\a94a8fe5ccb19ba6\2CF46FF071CEE83B,0:2462673,2016-12-14 14:14:46-755,2016-12-14 14:14:48-840
Success : SEQ_READ : test1\c5a5e5562b038073\767c14c8beb1e835,0:3818496,2016-12-14 14:14:48-957,2016-12-14 14:14:49-029
Success : LS : test2\a94a8fe5ccb19ba6\,0:-1,2016-12-14 14:14:49-123,2016-12-14 14:14:49-200
Success : CREATE_FILE : test2\a94a8fe5ccb19ba6\3E652F5347BB1479,0:970762,2016-12-14 14:14:49-318,2016-12-14 14:14:51-082
Success : LS : test2\a94a8fe5ccb19ba6\,0:-1,2016-12-14 14:14:51-209,2016-12-14 14:14:51-288
Success : CREATE_FILE : test2\a94a8fe5ccb19ba6\2a5bd02710e975a7\3AEC1090454CF3E9,0:2676222,2016-12-14 14:14:51-367,2016-12-14 14:14:53-845
Success : LS : test2\a94a8fe5ccb19ba6\2a5bd02710e975a7\,0:-1,2016-12-14 14:14:53-966,2016-12-14 14:14:54-191
Success : CREATE_FILE : test2\a94a8fe5ccb19ba6\1C92C06A25B4AEEA,0:2230654,2016-12-14 14:14:54-296,2016-12-14 14:14:56-897
Success : LS : test2\a94a8fe5ccb19ba6\,0:-1,2016-12-14 14:14:57-024,2016-12-14 14:14:57-099
Success : CREATE_FILE : test2\a94a8fe5ccb19ba6\341F421941776E79,0:63861,2016-12-14 14:14:57-175,2016-12-14 14:14:57-474
Success : LS : test2\a94a8fe5ccb19ba6\,0:-1,2016-12-14 14:14:57-551,2016-12-14 14:14:57-683
Success : CREATE_FILE : test2\a94a8fe5ccb19ba6\2a5bd02710e975a7\32FEEC1571B5BC6A,0:3783851,2016-12-14 14:14:57-773,2016-12-14 14:15:01-685
Success : LS : test2\a94a8fe5ccb19ba6\2a5bd02710e975a7\,0:-1,2016-12-14 14:15:01-807,2016-12-14 14:15:02-043
Success : CREATE_FILE : test2\a94a8fe5ccb19ba6\2a5bd02710e975a7\110E6F4E479A0C2D,0:1862399,2016-12-14 14:15:02-168,2016-12-14 14:15:04-679
Success : LS : test1\f71b43c3136efa4f\,0:-1,2016-12-14 14:15:04-803,2016-12-14 14:15:04-872
Success : LS : test1\c5a5e5562b038073\a39ea9c72a98de10\,0:-1,2016-12-14 14:15:04-985,2016-12-14 14:15:05-090
Fail : LS : test1,0:-1,2016-12-14 14:15:05-182,2016-12-14 14:15:05-182
Reason : java.lang.StringIndexOutOfBoundsException: String index out of range: -1
Success : SEQ_READ : test1\c5a5e5562b038073\fbe0d7653f0909cb,0:1611,2016-12-14 14:15:05-259,2016-12-14 14:15:05-319
Success : LS : test1\c5a5e5562b038073\,0:-1,2016-12-14 14:15:05-392,2016-12-14 14:15:05-454
Success : LS : test2\a94a8fe5ccb19ba6\2a5bd02710e975a7\,0:-1,2016-12-14 14:15:05-536,2016-12-14 14:15:05-603
Success : CREATE_FILE : test2\a94a8fe5ccb19ba6\25FB5BD764590144,0:21443,2016-12-14 14:15:05-682,2016-12-14 14:15:06-281
Success : LS : test2\a94a8fe5ccb19ba6\,0:-1,2016-12-14 14:15:06-401,2016-12-14 14:15:06-479
Success : CREATE_FILE : test2\a94a8fe5ccb19ba6\2a5bd02710e975a7\3DFD8CFF2DB7493D,0:3058439,2016-12-14 14:15:06-557,2016-12-14 14:15:10-690
Success : LS : test2\a94a8fe5ccb19ba6\,0:-1,2016-12-14 14:15:10-815,2016-12-14 14:15:11-024
Success : LS : test1\f71b43c3136efa4f\52481749c0cdecd6\,0:-1,2016-12-14 14:15:11-148,2016-12-14 14:15:11-222
Success : LS : test2\a94a8fe5ccb19ba6\,0:-1,2016-12-14 14:15:11-306,2016-12-14 14:15:11-409
Success : LS : test1\c5a5e5562b038073\0189424a5a60fed3\,0:-1,2016-12-14 14:15:11-524,2016-12-14 14:15:11-593
Success : LS : test2\a94a8fe5ccb19ba6\2a5bd02710e975a7\,0:-1,2016-12-14 14:15:11-676,2016-12-14 14:15:11-749
Success : CREATE_FILE : test2\a94a8fe5ccb19ba6\708306F937BAB820,0:4071012,2016-12-14 14:15:11-829,2016-12-14 14:15:16-998
Success : LS : test2\a94a8fe5ccb19ba6\,0:-1,2016-12-14 14:15:17-119,2016-12-14 14:15:17-431
Success : CREATE_FILE : test2\a94a8fe5ccb19ba6\13F8121872854F4D,0:332338,2016-12-14 14:15:17-551,2016-12-14 14:15:18-048
Success : LS : test2\a94a8fe5ccb19ba6\,0:-1,2016-12-14 14:15:18-160,2016-12-14 14:15:18-270
Success : LS : test1\f71b43c3136efa4f\52481749c0cdecd6\,0:-1,2016-12-14 14:15:18-356,2016-12-14 14:15:18-423
Success : LS : test1\f71b43c3136efa4f\9f93e73d6896cb7b\,0:-1,2016-12-14 14:15:18-503,2016-12-14 14:15:18-565
Success : LS : test2\a94a8fe5ccb19ba6\,0:-1,2016-12-14 14:15:18-670,2016-12-14 14:15:18-747
Success : LS : test2\a94a8fe5ccb19ba6\,0:-1,2016-12-14 14:15:18-822,2016-12-14 14:15:18-925
Success : CREATE_FILE : test2\a94a8fe5ccb19ba6\2a5bd02710e975a7\37E8ACB019E7DDFA,0:3463569,2016-12-14 14:15:19-052,2016-12-14 14:15:22-572
Success : LS : test2\a94a8fe5ccb19ba6\2a5bd02710e975a7\,0:-1,2016-12-14 14:15:22-690,2016-12-14 14:15:23-877
Success : CREATE_FILE : test2\a94a8fe5ccb19ba6\65EDBFAD200D2767,0:1779228,2016-12-14 14:15:23-995,2016-12-14 14:15:27-802
Success : LS : test2\a94a8fe5ccb19ba6\,0:-1,2016-12-14 14:15:27-928,2016-12-14 14:15:28-107
Success : CREATE_FILE : test2\a94a8fe5ccb19ba6\47457DE950245B1F,0:3497309,2016-12-14 14:15:28-233,2016-12-14 14:15:31-765
Success : LS : test2\a94a8fe5ccb19ba6\,0:-1,2016-12-14 14:15:31-891,2016-12-14 14:15:31-974
Success : LS : test1\f71b43c3136efa4f\52481749c0cdecd6\,0:-1,2016-12-14 14:15:32-066,2016-12-14 14:15:32-131
Success : LS : test2\a94a8fe5ccb19ba6\,0:-1,2016-12-14 14:15:32-207,2016-12-14 14:15:32-275
Success : SEQ_READ : test1\f71b43c3136efa4f\52481749c0cdecd6\6670af231c096f09,0:129,2016-12-14 14:15:32-375,2016-12-14 14:15:32-466
Success : SEQ_READ : test1\c5a5e5562b038073\a39ea9c72a98de10\41288c58009f7f6a,0:477,2016-12-14 14:15:32-557,2016-12-14 14:15:32-657
Success : SEQ_READ : test1\c5a5e5562b038073\f72cdbcd84f047a5,0:17893,2016-12-14 14:15:32-746,2016-12-14 14:15:32-810
Success : LS : test1\f71b43c3136efa4f\9f93e73d6896cb7b\,0:-1,2016-12-14 14:15:32-894,2016-12-14 14:15:32-957
Success : LS : test1\f71b43c3136efa4f\9f93e73d6896cb7b\,0:-1,2016-12-14 14:15:33-082,2016-12-14 14:15:33-197
Success : LS : test2\a94a8fe5ccb19ba6\,0:-1,2016-12-14 14:15:33-273,2016-12-14 14:15:33-349
Success : CREATE_FILE : test2\a94a8fe5ccb19ba6\78F9953732CF3BF9,0:1508780,2016-12-14 14:15:33-438,2016-12-14 14:15:35-144
Success : LS : test1\c5a5e5562b038073\0189424a5a60fed3\,0:-1,2016-12-14 14:15:35-266,2016-12-14 14:15:35-369
Success : LS : test2\a94a8fe5ccb19ba6\2a5bd02710e975a7\,0:-1,2016-12-14 14:15:35-471,2016-12-14 14:15:36-439
Success : LS : test2\a94a8fe5ccb19ba6\,0:-1,2016-12-14 14:15:36-521,2016-12-14 14:15:36-591
Success : LS : test1\c5a5e5562b038073\0189424a5a60fed3\,0:-1,2016-12-14 14:15:36-667,2016-12-14 14:15:36-765
Success : LS : test2\a94a8fe5ccb19ba6\,0:-1,2016-12-14 14:15:36-855,2016-12-14 14:15:36-924
Success : CREATE_FILE : test2\a94a8fe5ccb19ba6\0612549A402C91CD,0:1772675,2016-12-14 14:15:37-001,2016-12-14 14:15:38-474
Success : LS : test2\a94a8fe5ccb19ba6\,0:-1,2016-12-14 14:15:38-582,2016-12-14 14:15:38-653
Success : CREATE_FILE : test2\a94a8fe5ccb19ba6\7957BCEE25D0CCDA,0:562945,2016-12-14 14:15:38-728,2016-12-14 14:15:39-757
Success : LS : test2\a94a8fe5ccb19ba6\2a5bd02710e975a7\,0:-1,2016-12-14 14:15:39-884,2016-12-14 14:15:39-977
Success : LS : test2\a94a8fe5ccb19ba6\,0:-1,2016-12-14 14:15:40-058,2016-12-14 14:15:40-144
Success : SEQ_READ : test1\c5a5e5562b038073\c7734a16bf12bb03,0:364726,2016-12-