Success : SEQ_READ : test1\c5a5e5562b038073\3c16ab634e85296e,0:57344,2016-12-17 10:33:12-411,2016-12-17 10:33:12-428
Success : SEQ_READ : test2\8da7cc13802eefe0,0:16481280,2016-12-17 10:33:12-428,2016-12-17 10:33:12-439
Success : SEQ_READ : test1\f71b43c3136efa4f\c7d9912886e5ccc7\6670af231c096f09,0:129,2016-12-17 10:33:12-439,2016-12-17 10:33:12-453
Success : CREATE_FILE : test2\a94a8fe5ccb19ba6\1340449D08C9130A,0:1508925,2016-12-17 10:33:12-454,2016-12-17 10:33:12-472
Success : SEQ_READ : test1\c5a5e5562b038073\b0c5d70d7f040bfa,0:2048,2016-12-17 10:33:12-473,2016-12-17 10:33:12-484
Success : SEQ_READ : test1\f71b43c3136efa4f\52481749c0cdecd6\6670af231c096f09,0:129,2016-12-17 10:33:12-485,2016-12-17 10:33:12-495
Success : SEQ_READ : test1\f71b43c3136efa4f\83404ffd78f534ff\6670af231c096f09,0:129,2016-12-17 10:33:12-495,2016-12-17 10:33:12-507
Success : SEQ_READ : test2\a94a8fe5ccb19ba6\2a5bd02710e975a7\178db47a574c645f,0:257,2016-12-17 10:33:12-508,2016-12-17 10:33:12-517
Success : SEQ_READ : test1\c5a5e5562b038073\3c16ab634e85296e,0:79872,2016-12-17 10:33:12-517,2016-12-17 10:33:12-530
Success : LS : test2\a94a8fe5ccb19ba6\,0:-1,2016-12-17 10:33:12-531,2016-12-17 10:33:12-541
Success : CREATE_FILE : test2\a94a8fe5ccb19ba6\6381D4A32F632041,0:1073542,2016-12-17 10:33:12-542,2016-12-17 10:33:12-555
Success : LS : test2\a94a8fe5ccb19ba6\,0:-1,2016-12-17 10:33:12-555,2016-12-17 10:33:12-572
Success : CREATE_FILE : test2\a94a8fe5ccb19ba6\7483CA0F0322F719,0:4086924,2016-12-17 10:33:12-573,2016-12-17 10:33:12-591
Success : SEQ_READ : test1\c5a5e5562b038073\a39ea9c72a98de10\aa61f113a9b13deb,0:438,2016-12-17 10:33:12-592,2016-12-17 10:33:12-604
Success : SEQ_READ : test2\a94a8fe5ccb19ba6\2a5bd02710e975a7\254d76d2609fec03,0:2048,2016-12-17 10:33:12-604,2016-12-17 10:33:12-616
Success : SEQ_READ : test2\bc9c8ba7ff351f3e,0:113664,2016-12-17 10:33:12-616,2016-12-17 10:33:12-626
Success : SEQ_READ : test1\c5a5e5562b038073\a39ea9c72a98de10\11562aa867a5f398,0:1024,2016-12-17 10:33:12-626,2016-12-17 10:33:12-640
Success : LS : test2\a94a8fe5ccb19ba6\,0:-1,2016-12-17 10:33:12-640,2016-12-17 10:33:12-653
Success : CREATE_FILE : test2\a94a8fe5ccb19ba6\2a5bd02710e975a7\14F5D23F1A1D0E1F,0:3524692,2016-12-17 10:33:12-653,2016-12-17 10:33:12-663
Success : LS : test2\a94a8fe5ccb19ba6\2a5bd02710e975a7\,0:-1,2016-12-17 10:33:12-664,2016-12-17 10:33:12-676
Success : CREATE_FILE : test2\a94a8fe5ccb19ba6\24862FDD16BD83E0,0:1629553,2016-12-17 10:33:12-676,2016-12-17 10:33:12-688
Success : SEQ_READ : test1\f71b43c3136efa4f\9f93e73d6896cb7b\6670af231c096f09,0:129,2016-12-17 10:33:12-688,2016-12-17 10:33:12-705
Success : SEQ_READ : test2\a94a8fe5ccb19ba6\2a5bd02710e975a7\254d76d2609fec03,0:1024,2016-12-17 10:33:12-706,2016-12-17 10:33:12-718
Success : LS : test2\a94a8fe5ccb19ba6\,0:-1,2016-12-17 10:33:12-718,2016-12-17 10:33:12-730
Success : CREATE_FILE : test2\a94a8fe5ccb19ba6\2a5bd02710e975a7\69C84F5B4FFA35DD,0:449248,2016-12-17 10:33:12-731,2016-12-17 10:33:12-744
Success : LS : test2\a94a8fe5ccb19ba6\2a5bd02710e975a7\,0:-1,2016-12-17 10:33:12-744,2016-12-17 10:33:12-762
Success : CREATE_FILE : test2\a94a8fe5ccb19ba6\2a5bd02710e975a7\7A62A340341F867B,0:4094521,2016-12-17 10:33:12-763,2016-12-17 10:33:12-780
Success : LS : test2\a94a8fe5ccb19ba6\2a5bd02710e975a7\,0:-1,2016-12-17 10:33:12-780,2016-12-17 10:33:12-791
Success : CREATE_FILE : test2\a94a8fe5ccb19ba6\1F91A5535E428933,0:1144585,2016-12-17 10:33:12-792,2016-12-17 10:33:12-803
Success : LS : test2\a94a8fe5ccb19ba6\,0:-1,2016-12-17 10:33:12-804,2016-12-17 10:33:12-813
Success : CREATE_FILE : test2\a94a8fe5ccb19ba6\64F16DE718FF5B45,0:3778400,2016-12-17 10:33:12-814,2016-12-17 10:33:12-836
Success : SEQ_READ : test1\c5a5e5562b038073\a39ea9c72a98de10\41288c58009f7f6a,0:477,2016-12-17 10:33:12-837,2016-12-17 10:33:12-853
Success : SEQ_READ : test1\c5a5e5562b038073\2015a7ab48ae9a58,0:13312,2016-12-17 10:33:12-854,2016-12-17 10:33:12-863
Success : SEQ_READ : test1\c5a5e5562b038073\fbe0d7653f0909cb,0:0,2016-12-17 10:33:12-863,2016-12-17 10:33:12-876
Success : LS : test2\a94a8fe5ccb19ba6\,0:-1,2016-12-17 10:33:12-876,2016-12-17 10:33:12-889
Success : CREATE_FILE : test2\a94a8fe5ccb19ba6\2a5bd02710e975a7\08415F3D68FE92CB,0:3344287,2016-12-17 10:33:12-890,2016-12-17 10:33:12-904
Success : LS : test2\a94a8fe5ccb19ba6\2a5bd02710e975a7\,0:-1,2016-12-17 10:33:12-904,2016-12-17 10:33:12-926
Success : CREATE_FILE : test2\a94a8fe5ccb19ba6\27A09EF87F69E8F5,0:3315909,2016-12-17 10:33:12-926,2016-12-17 10:33:12-939
Success : LS : test2\a94a8fe5ccb19ba6\,0:-1,2016-12-17 10:33:12-939,2016-12-17 10:33:12-952
Success : CREATE_FILE : test2\a94a8fe5ccb19ba6\2B89F85B4DD0E00D,0:2737197,2016-12-17 10:33:12-952,2016-12-17 10:33:12-964
Success : LS : test2\a94a8fe5ccb19ba6\,0:-1,2016-12-17 10:33:12-964,2016-12-17 10:33:12-975
Success : SEQ_READ : test2\a94a8fe5ccb19ba6\2a5bd02710e975a7\3eef580036f1724a,0:257,2016-12-17 10:33:12-979,2016-12-17 10:33:13-002
Success : SEQ_READ : test1\c5a5e5562b038073\88fe52fe40fa2264,0:2048,2016-12-17 10:33:13-002,2016-12-17 10:33:13-018
Success : SEQ_READ : test2\a94a8fe5ccb19ba6\2a5bd02710e975a7\254d76d2609fec03,0:1024,2016-12-17 10:33:13-019,2016-12-17 10:33:13-031
Success : SEQ_READ : test2\a94a8fe5ccb19ba6\2a5bd02710e975a7\254d76d2609fec03,0:2048,2016-12-17 10:33:13-031,2016-12-17 10:33:13-047
Success : CREATE_FILE : test2\a94a8fe5ccb19ba6\2a5bd02710e975a7\4DDE1B467BC87675,0:2382362,2016-12-17 10:33:13-047,2016-12-17 10:33:13-064
Success : LS : test2\a94a8fe5ccb19ba6\2a5bd02710e975a7\,0:-1,2016-12-17 10:33:13-066,2016-12-17 10:33:13-076
Success : CREATE_FILE : test2\a94a8fe5ccb19ba6\6EB72D29433D99EE,0:2300988,2016-12-17 10:33:13-076,2016-12-17 10:33:13-119
Success : LS : test2\a94a8fe5ccb19ba6\,0:-1,2016-12-17 10:33:13-120,2016-12-17 10:33:13-130
Success : CREATE_FILE : test2\a94a8fe5ccb19ba6\58BCC8D96519371E,0:3914696,2016-12-17 10:33:13-131,2016-12-17 10:33:13-140
Success : SEQ_READ : test2\49f03965cf98b1f5,0:1024,2016-12-17 10:33:13-141,2016-12-17 10:33:13-151
Success : SEQ_READ : test2\a94a8fe5ccb19ba6\2a5bd02710e975a7\3eef580036f1724a,0:257,2016-12-17 10:33:13-151,2016-12-17 10:33:13-163
Success : SEQ_READ : test1\c5a5e5562b038073\b0c5d70d7f040bfa,0:2048,2016-12-17 10:33:13-163,2016-12-17 10:33:13-179
Success : SEQ_READ : test1\c5a5e5562b038073\3c16ab634e85296e,0:39936,2016-12-17 10:33:13-180,2016-12-17 10:33:13-191
Success : LS : test2\a94a8fe5ccb19ba6\,0:-1,2016-12-17 10:33:13-191,2016-12-17 10:33:13-211
Success : CREATE_FILE : test2\a94a8fe5ccb19ba6\5459B225664702CC,0:389204,2016-12-17 10:33:13-211,2016-12-17 10:33:13-229
Success : LS : test2\a94a8fe5ccb19ba6\,0:-1,2016-12-17 10:33:13-229,2016-12-17 10:33:13-252
Success : CREATE_FILE : test2\a94a8fe5ccb19ba6\59E62078526412F1,0:1945682,2016-12-17 10:33:13-253,2016-12-17 10:33:13-270
Success : LS : test2\a94a8fe5ccb19ba6\,0:-1,2016-12-17 10:33:13-270,2016-12-17 10:33:13-292
Success : CREATE_FILE : test2\a94a8fe5ccb19ba6\47DCBF48694CF640,0:1515454,2016-12-17 10:33:13-293,2016-12-17 10:33:13-307
Success : SEQ_READ : test1\c5a5e5562b038073\a39ea9c72a98de10\41288c58009f7f6a,0:477,2016-12-17 10:33:13-307,2016-12-17 10:33:13-325
Success : LS : test2\a94a8fe5ccb19ba6\,0:-1,2016-12-17 10:33:13-325,2016-12-17 10:33:13-345
Success : CREATE_FILE : test2\a94a8fe5ccb19ba6\2a5bd02710e975a7\3734035810DB1B05,0:802589,2016-12-17 10:33:13-345,2016-12-17 10:33:13-365
Success : LS : test2\a94a8fe5ccb19ba6\2a5bd02710e975a7\,0:-1,2016-12-17 10:33:13-366,2016-12-17 10:33:13-383
Success : CREATE_FILE : test2\a94a8fe5ccb19ba6\2a5bd02710e975a7\428C5E171719ADC2,0:709620,2016-12-17 10:33:13-384,2016-12-17 10:33:13-399
Success : LS : test2\a94a8fe5ccb19ba6\2a5bd02710e975a7\,0:-1,2016-12-17 10:33:13-399,2016-12-17 10:33:13-413
Success : CREATE_FILE : test2\a94a8fe5ccb19ba6\57C098C853F6F674,0:1063065,2016-12-17 10:33:13-413,2016-12-17 10:33:13-424
Success : LS : test2\a94a8fe5ccb19ba6\,0:-1,2016-12-17 10:33:13-424,2016-12-17 10:33:13-445
Success : CREATE_FILE : test2\a94a8fe5ccb19ba6\24FD6F822F864F6C,0:13258,2016-12-17 10:33:13-445,2016-12-17 10:33:13-492
Success : LS : test2\a94a8fe5ccb19ba6\,0:-1,2016-12-17 10:33:13-492,2016-12-17 10:33:13-513
Success : CREATE_FILE : test2\a94a8fe5ccb19ba6\15F0E80E73C190A4,0:1739158,2016-12-17 10:33:13-513,2016-12-17 10:33:13-530
Success : SEQ_READ : test1\c5a5e5562b038073\3c16ab634e85296e,0:71680,2016-12-17 10:33:13-531,2016-12-17 10:33:13-570
Success : SEQ_READ : test1\c5a5e5562b038073\767c14c8beb1e835,0:2501632,2016-12-17 10:33:13-571,2016-12-17 10:33:13-597
Success : SEQ_READ : test1\c5a5e5562b038073\c7734a16bf12bb03,0:55296,2016-12-17 10:33:13-598,2016-12-17 10:33:13-629
Success : SEQ_READ : test2\a94a8fe5ccb19ba6\2a5bd02710e975a7\254d76d2609fec03,0:1024,2016-12-17 10:33:13-629,2016-12-17 10:33:13-649
Success : LS : test2\a94a8fe5ccb19ba6\,0:-1,2016-12-17 10:33:13-649,2016-12-17 10:33:13-676
Success : CREATE_FILE : test2\a94a8fe5ccb19ba6\46D63E59163590D3,0:521343,2016-12-17 10:33:13-676,2016-12-17 10:33:13-704
Success : LS : test2\a94a8fe5ccb19ba6\,0:-1,2016-12-17 10:33:13-704,2016-12-17 10:33:13-720
Success : CREATE_FILE : test2\a94a8fe5ccb19ba6\6B2406FB279A63DA,0:3242173,2016-12-17 10:33:13-720,2016-12-17 10:33:13-754
Success : LS : test2\a94a8fe5ccb19ba6\,0:-1,2016-12-17 10:33:13-754,2016-12-17 10:33:13-770
Success : CREATE_FILE : test2\a94a8fe5ccb19ba6\028397D473B29DA6,0:3212968,2016-12-17 10:33:13-770,2016-12-17 10:33:13-790
Success : SEQ_READ : test2\1a7683b6645f9b6a,0:5120,2016-12-17 10:33:13-790,2016-12-17 10:33:13-810
Success : LS : test2\a94a8fe5ccb19ba6\,0:-1,2016-12-17 10:33:13-811,2016-12-17 10:33:13-830
Success : CREATE_FILE : test2\a94a8fe5ccb19ba6\2a5bd02710e975a7\03C7821401E04780,0:1131334,2016-12-17 10:33:13-830,2016-12-17 10:33:13-861
Success : LS : test2\a94a8fe5ccb19ba6\2a5bd02710e975a7\,0:-1,2016-12-17 10:33:13-862,2016-12-17 10:33:13-884
Success : CREATE_FILE : test2\a94a8fe5ccb19ba6\35AEDFF1053283CC,0:3840635,2016-12-17 10:33:13-885,2016-12-17 10:33:13-938
Success : LS : test2\a94a8fe5ccb19ba6\,0:-1,2016-12-17 10:33:13-938,2016-12-17 10:33:13-954
Success : CREATE_FILE : test2\a94a8fe5ccb19ba6\72DA9A6F5057CA2E,0:3610303,2016-12-17 10:33:13-954,2016-12-17 10:33:13-969
Success : LS : test2\a94a8fe5ccb19ba6\,0:-1,2016-12-17 10:33:13-969,2016-12-17 10:33:13-983
Success : CREATE_FILE : test2\a94a8fe5ccb19ba6\775F92C154D4ED70,0:3025492,2016-12-17 10:33:13-983,2016-12-17 10:33:13-994
Success : SEQ_READ : test1\c5a5e5562b038073\a39ea9c72a98de10\aa61f113a9b13deb,0:438,2016-12-17 10:33:13-995,2016-12-17 10:33:14-022
Success : LS : test2\a94a8fe5ccb19ba6\,0:-1,2016-12-17 10:33:14-023,2016-12-17 10:33:14-035
Success : CREATE_FILE : test2\a94a8fe5ccb19ba6\5F30D90D5B4C7B66,0:3399126,2016-12-17 10:33:14-036,2016-12-17 10:33:14-048
Success : LS : test2\a94a8fe5ccb19ba6\,0:-1,2016-12-17 10:33:14-048,2016-12-17 10:33:14-061
Success : CREATE_FILE : test2\a94a8fe5ccb19ba6\21610B4658788776,0:2121782,2016-12-17 10:33:14-061,2016-12-17 10:33:14-082
Success : LS : test2\a94a8fe5ccb19ba6\,0:-1,2016-12-17 10:33:14-082,2016-12-17 10:33:14-104
Success : CREATE_FILE : test2\a94a8fe5ccb19ba6\33BDF06F45661C62,0:3747946,2016-12-17 10:33:14-105,2016-12-17 10:33:14-120
Success : LS : test2\a94a8fe5ccb19ba6\,0:-1,2016-12-17 10:33:14-120,2016-12-17 10:33:14-132
Success : CREATE_FILE : test2\a94a8fe5ccb19ba6\1C193A0F628C0A97,0:3556856,2016-12-17 10:33:14-132,2016-12-17 10:33:14-146
Success : LS : test2\a94a8fe5ccb19ba6\,0:-1,2016-12-17 10:33:14-146,2016-12-17 10:33:14-162
Success : CREATE_FILE : test2\a94a8fe5ccb19ba6\2a5bd02710e975a7\0466674A158E285A,0:1421505,2016-12-17 10:33:14-163,2016-12-17 10:33:14-181
Success : LS : test2\a94a8fe5ccb19ba6\2a5bd02710e975a7\,0:-1,2016-12-17 10:33:14-181,2016-12-17 10:33:14-200
Success : CREATE_FILE : test2\a94a8fe5ccb19ba6\14DC132926F571FC,0:3910792,2016-12-17 10:33:14-200,2016-12-17 10:33:14-220
Success : SEQ_READ : test1\c5a5e5562b038073\c7734a16bf12bb03,0:115712,2016-12-17 10:33:14-227,2016-12-17 10:33:14-246
Success : LS : test2\a94a8fe5ccb19ba6\,0:-1,2016-12-17 10:33:14-247,2016-12-17 10:33:14-261
Success : CREATE_FILE : test2\a94a8fe5ccb19ba6\08F05C9F5D02ACF3,0:765845,2016-12-17 10:33:14-261,2016-12-17 10:33:14-273
Success : LS : test2\a94a8fe5ccb19ba6\,0:-1,2016-12-17 10:33:14-273,2016-12-17 10:33:14-285
Success : CREATE_FILE : test2\a94a8fe5ccb19ba6\4D03BD607652503F,0:597798,2016-12-17 10:33:14-285,2016-12-17 10:33:14-297
Success : LS : test2\a94a8fe5ccb19ba6\,0:-1,2016-12-17 10:33:14-297,2016-12-17 10:33:14-317
Success : CREATE_FILE : test2\a94a8fe5ccb19ba6\29D43FD57A9F78E2,0:328262,2016-12-17 10:33:14-317,2016-12-17 10:33:14-331
Success : LS : test2\a94a8fe5ccb19ba6\,0:-1,2016-12-17 10:33:14-332,2016-12-17 10:33:14-350
Success : CREATE_FILE : test2\a94a8fe5ccb19ba6\3CD628957E190C8D,0:2329304,2016-12-17 10:33:14-350,2016-12-17 10:33:14-365
Success : LS : test2\a94a8fe5ccb19ba6\,0:-1,2016-12-17 10:33:14-365,2016-12-17 10:33:14-377
Success : CREATE_FILE : test2\a94a8fe5ccb19ba6\2a5bd02710e975a7\76D473C91C8BB73E,0:824213,2016-12-17 10:33:14-377,2016-12-17 10:33:14-390
Success : LS : test2\a94a8fe5ccb19ba6\2a5bd02710e975a7\,0:-1,2016-12-17 10:33:14-390,2016-12-17 10:33:14-403
Success : CREATE_FILE : test2\a94a8fe5ccb19ba6\306868C850864177,0:1046230,2016-12-17 10:33:14-404,2016-12-17 10:33:14-415
Success : SEQ_READ : test1\c5a5e5562b038073\88fe52fe40fa2264,0:1024,2016-12-17 10:33:14-416,2016-12-17 10:33:14-428
Success : SEQ_READ : test2\a94a8fe5ccb19ba6\4b6fcb2d521ef0fd,0:2048,2016-12-17 10:33:14-428,2016-12-17 10:33:14-441
Success : SEQ_READ : test1\c5a5e5562b038073\c7734a16bf12bb03,0:126976,2016-12-17 10:33:14-441,2016-12-17 10:33:14-458
Success : LS : test2\a94a8fe5ccb19ba6\,0:-1,2016-12-17 10:33:14-458,2016-12-17 10:33:14-469
Success : CREATE_FILE : test2\a94a8fe5ccb19ba6\2a5bd02710e975a7\5B2349A638E004B6,0:1658269,2016-12-17 10:33:14-470,2016-12-17 10:33:14-483
Success : LS : test2\a94a8fe5ccb19ba6\2a5bd02710e975a7\,0:-1,2016-12-17 10:33:14-484,2016-12-17 10:33:14-497
Success : CREATE_FILE : test2\a94a8fe5ccb19ba6\31E55B752411606F,0:3631110,2016-12-17 10:33:14-497,2016-12-17 10:33:14-510
Success : LS : test2\a94a8fe5ccb19ba6\,0:-1,2016-12-17 10:33:14-510,2016-12-17 10:33:14-522
Success : CREATE_FILE : test2\a94a8fe5ccb19ba6\2a5bd02710e975a7\64250FB373EF02B4,0:3902740,2016-12-17 10:33:14-522,2016-12-17 10:33:14-536
Success : LS : test2\a94a8fe5ccb19ba6\2a5bd02710e975a7\,0:-1,2016-12-17 10:33:14-536,2016-12-17 10:33:14-549
Success : CREATE_FILE : test2\a94a8fe5ccb19ba6\2a5bd02710e975a7\692F2AD75637F44B,0:848543,2016-12-17 10:33:14-549,2016-12-17 10:33:14-562
Success : LS : test2\a94a8fe5ccb19ba6\2a5bd02710e975a7\,0:-1,2016-12-17 10:33:14-562,2016-12-17 10:33:14-577
Success : CREATE_FILE : test2\a94a8fe5ccb19ba6\7A05907E6C12A44F,0:834582,2016-12-17 10:33:14-578,2016-12-17 10:33:14-597
Success : LS : test2\a94a8fe5ccb19ba6\,0:-1,2016-12-17 10:33:14-597,2016-12-17 10:33:14-616
Success : CREATE_FILE : test2\a94a8fe5ccb19ba6\2851F323679C46C4,0:4030069,2016-12-17 10:33:14-616,2016-12-17 10:33:14-632
Success : LS : test2\a94a8fe5ccb19ba6\,0:-1,2016-12-17 10:33:14-633,2016-12-17 10:33:14-651
Success : CREATE_FILE : test2\a94a8fe5ccb19ba6\5EF1C4420B0DE130,0:1955000,2016-12-17 10:33:14-651,2016-12-17 10:33:14-697
Success : LS : test2\a94a8fe5ccb19ba6\,0:-1,2016-12-17 10:33:14-697,2016-12-17 10:33:14-712
Success : CREATE_FILE : test2\a94a8fe5ccb19ba6\2a5bd02710e975a7\4D01C53170E4BD45,0:971970,2016-12-17 10:33:14-712,2016-12-17 10:33:14-726
Success : LS : test2\a94a8fe5ccb19ba6\2a5bd02710e975a7\,0:-1,2016-12-17 10:33:14-726,2016-12-17 10:33:14-740
Success : CREATE_FILE : test2\a94a8fe5ccb19ba6\613A6D3C0361DC18,0:3259919,2016-12-17 10:33:14-740,2016-12-17 10:33:14-753
Success : LS : test2\a94a8fe5ccb19ba6\,0:-1,2016-12-17 10:33:14-754,2016-12-17 10:33:14-768
Success : CREATE_FILE : test2\a94a8fe5ccb19ba6\2a5bd02710e975a7\6C0355030C02D2E8,0:3573545,2016-12-17 10:33:14-768,2016-12-17 10:33:14-782
Success : SEQ_READ : test1\f71b43c3136efa4f\52481749c0cdecd6\6670af231c096f09,0:129,2016-12-17 10:33:14-783,2016-12-17 10:33:14-814
Success : SEQ_READ : test2\acde102dac5bbe15,0:4096,2016-12-17 10:33:14-814,2016-12-17 10:33:14-829
Success : LS : test2\a94a8fe5ccb19ba6\2a5bd02710e975a7\,0:-1,2016-12-17 10:33:14-829,2016-12-17 10:33:14-843
Success : CREATE_FILE : test2\a94a8fe5ccb19ba6\1A7E632423E058B2,0:3014623,2016-12-17 10:33:14-843,2016-12-17 10:33:14-857
Success : LS : test2\a94a8fe5ccb19ba6\,0:-1,2016-12-17 10:33:14-857,2016-12-17 10:33:14-872
Success : CREATE_FILE : test2\a94a8fe5ccb19ba6\0FE3AC1C446021CB,0:3039751,2016-12-17 10:33:14-873,2016-12-17 10:33:14-891
Success : LS : test2\a94a8fe5ccb19ba6\,0:-1,2016-12-17 10:33:14-891,2016-12-17 10:33:14-907
Success : CREATE_FILE : test2\a94a8fe5ccb19ba6\21F54F0158327797,0:1099655,2016-12-17 10:33:14-907,2016-12-17 10:33:14-925
Success : LS : test2\a94a8fe5ccb19ba6\,0:-1,2016-12-17 10:33:14-925,2016-12-17 10:33:14-952
Success : CREATE_FILE : test2\a94a8fe5ccb19ba6\034BE06548CCED13,0:130769,2016-12-17 10:33:14-952,2016-12-17 10:33:14-970
Success : SEQ_READ : test2\1a7683b6645f9b6a,0:4096,2016-12-17 10:33:14-970,2016-12-17 10:33:14-985
Success : LS : test2\a94a8fe5ccb19ba6\,0:-1,2016-12-17 10:33:14-985,2016-12-17 10:33:15-001
Success : CREATE_FILE : test2\a94a8fe5ccb19ba6\2a5bd02710e975a7\652969FB0D1B8549,0:1802094,2016-12-17 10:33:15-001,2016-12-17 10:33:15-018
Success : LS : test2\a94a8fe5ccb19ba6\2a5bd02710e975a7\,0:-1,2016-12-17 10:33:15-018,2016-12-17 10:33:15-034
Success : CREATE_FILE : test2\a94a8fe5ccb19ba6\1BF7CAC320347615,0:2632830,2016-12-17 10:33:15-034,2016-12-17 10:33:15-049
Success : LS : test2\a94a8fe5ccb19ba6\,0:-1,2016-12-17 10:33:15-049,2016-12-17 10:33:15-072
Success : CREATE_FILE : test2\a94a8fe5ccb19ba6\4455175276D7A3AB,0:2816391,2016-12-17 10:33:15-073,2016-12-17 10:33:15-094
Success : LS : test2\a94a8fe5ccb19ba6\,0:-1,2016-12-17 10:33:15-094,2016-12-17 10:33:15-113
Success : CREATE_FILE : test2\a94a8fe5ccb19ba6\735EC66E33BBE44E,0:1062650,2016-12-17 10:33:15-114,2016-12-17 10:33:15-129
Success : LS : test2\a94a8fe5ccb19ba6\,0:-1,2016-12-17 10:33:15-129,2016-12-17 10:33:15-145
Success : CREATE_FILE : test2\a94a8fe5ccb19ba6\2a5bd02710e975a7\623F106A788AD654,0:1956667,2016-12-17 10:33:15-145,2016-12-17 10:33:15-161
Success : LS : test2\a94a8fe5ccb19ba6\2a5bd02710e975a7\,0:-1,2016-12-17 10:33:15-161,2016-12-17 10:33:15-177
Success : CREATE_FILE : test2\a94a8fe5ccb19ba6\59B4AF2A1ABACE99,0:72438,2016-12-17 10:33:15-177,2016-12-17 10:33:15-193
Success : SEQ_READ : test1\f71b43c3136efa4f\c7d9912886e5ccc7\6670af231c096f09,0:129,2016-12-17 10:33:15-193,2016-12-17 10:33:15-208
Success : LS : test2\a94a8fe5ccb19ba6\,0:-1,2016-12-17 10:33:15-208,2016-12-17 10:33:15-223
Success : CREATE_FILE : test2\a94a8fe5ccb19ba6\2a5bd02710e975a7\4D57BB915EF27AB7,0:3358013,2016-12-17 10:33:15-224,2016-12-17 10:33:15-243
Success : LS : test2\a94a8fe5ccb19ba6\2a5bd02710e975a7\,0:-1,2016-12-17 10:33:15-244,2016-12-17 10:33:15-259
Success : CREATE_FILE : test2\a94a8fe5ccb19ba6\2a5bd02710e975a7\130E76F52B7F0723,0:31052,2016-12-17 10:33:15-259,2016-12-17 10:33:15-275
Success : LS : test2\a94a8fe5ccb19ba6\2a5bd02710e975a7\,0:-1,2016-12-17 10:33:15-275,2016-12-17 10:33:15-290
Success : CREATE_FILE : test2\a94a8fe5ccb19ba6\2a5bd02710e975a7\1B4CF410236AB9E3,0:1556701,2016-12-17 10:33:15-290,2016-12-17 10:33:15-306
Success : LS : test2\a94a8fe5ccb19ba6\2a5bd02710e975a7\,0:-1,2016-12-17 10:33:15-306,2016-12-17 10:33:15-322
Success : CREATE_FILE : test2\a94a8fe5ccb19ba6\217CF1C30E623163,0:2469279,2016-12-17 10:33:15-322,2016-12-17 10:33:15-339
Success : LS : test2\a94a8fe5ccb19ba6\,0:-1,2016-12-17 10:33:15-339,2016-12-17 10:33:15-354
Success : CREATE_FILE : test2\a94a8fe5ccb19ba6\68D86DB80F68A838,0:997902,2016-12-17 10:33:15-354,2016-12-17 10:33:15-370
Success : LS : test2\a94a8fe5ccb19ba6\,0:-1,2016-12-17 10:33:15-370,2016-12-17 10:33:15-385
Success : CREATE_FILE : test2\a94a8fe5ccb19ba6\3CF53EE1684E1E50,0:681395,2016-12-17 10:33:15-385,2016-12-17 10:33:15-402
Success : LS : test2\a94a8fe5ccb19ba6\,0:-1,2016-12-17 10:33:15-402,2016-12-17 10:33:15-417
Success : CREATE_FILE : test2\a94a8fe5ccb19ba6\2a5bd02710e975a7\242AFD2E0EFB5953,0:1277435,2016-12-17 10:33:15-418,2016-12-17 10:33:15-433
Success : LS : test2\a94a8fe5ccb19ba6\2a5bd02710e975a7\,0:-1,2016-12-17 10:33:15-433,2016-12-17 10:33:15-449
Success : CREATE_FILE : test2\a94a8fe5ccb19ba6\6B6FDC3D49E17332,0:1385416,2016-12-17 10:33:15-449,2016-12-17 10:33:15-465
Success : LS : test2\a94a8fe5ccb19ba6\,0:-1,2016-12-17 10:33:15-466,2016-12-17 10:33:15-481
Success : CREATE_FILE : test2\a94a8fe5ccb19ba6\1DE964A431B39083,0:3576269,2016-12-17 10:33:15-482,2016-12-17 10:33:15-498
Success : LS : test2\a94a8fe5ccb19ba6\,0:-1,2016-12-17 10:33:15-498,2016-12-17 10:33:15-521
Success : CREATE_FILE : test2\a94a8fe5ccb19ba6\2a5bd02710e975a7\790FF24C0FEABBBD,0:2372343,2016-12-17 10:33:15-522,2016-12-17 10:33:15-538
Success : LS : test2\a94a8fe5ccb19ba6\2a5bd02710e975a7\,0:-1,2016-12-17 10:33:15-538,2016-12-17 10:33:15-555
Success : CREATE_FILE : test2\a94a8fe5ccb19ba6\751325656D663045,0:2356399,2016-12-17 10:33:15-555,2016-12-17 10:33:15-572
Success : LS : test2\a94a8fe5ccb19ba6\,0:-1,2016-12-17 10:33:15-572,2016-12-17 10:33:15-588
Success : CREATE_FILE : test2\a94a8fe5ccb19ba6\30A1A01518023B18,0:3493919,2016-12-17 10:33:15-588,2016-12-17 10:33:15-605
Success : SEQ_READ : test1\c5a5e5562b038073\0189424a5a60fed3\feb6a1968982109d,0:6757376,2016-12-17 10:33:15-605,2016-12-17 10:33:15-623
Success : SEQ_READ : test1\c5a5e5562b038073\b0c5d70d7f040bfa,0:3072,2016-12-17 10:33:15-623,2016-12-17 10:33:15-641
Success : LS : test2\a94a8fe5ccb19ba6\,0:-1,2016-12-17 10:33:15-642,2016-12-17 10:33:15-659
Success : CREATE_FILE : test2\a94a8fe5ccb19ba6\2a5bd02710e975a7\06D407452032E159,0:84510,2016-12-17 10:33:15-660,2016-12-17 10:33:15-677
Success : LS : test2\a94a8fe5ccb19ba6\2a5bd02710e975a7\,0:-1,2016-12-17 10:33:15-678,2016-12-17 10:33:15-695
Success : CREATE_FILE : test2\a94a8fe5ccb19ba6\2a5bd02710e975a7\0A75C8DC79E918A5,0:1041546,2016-12-17 10:33:15-696,2016-12-17 10:33:15-714
Success : LS : test2\a94a8fe5ccb19ba6\2a5bd02710e975a7\,0:-1,2016-12-17 10:33:15-714,2016-12-17 10:33:15-732
Success : CREATE_FILE : test2\a94a8fe5ccb19ba6\2a5bd02710e975a7\7E4ABF1337487040,0:2197599,2016-12-17 10:33:15-732,2016-12-17 10:33:15-750
Success : LS : test2\a94a8fe5ccb19ba6\2a5bd02710e975a7\,0:-1,2016-12-17 10:33:15-750,2016-12-17 10:33:15-769
Success : CREATE_FILE : test2\a94a8fe5ccb19ba6\6369C2981BB5259A,0:1085222,2016-12-17 10:33:15-769,2016-12-17 10:33:15-789
Success : LS : test2\a94a8fe5ccb19ba6\,0:-1,2016-12-17 10:33:15-789,2016-12-17 10:33:15-808
Success : CREATE_FILE : test2\a94a8fe5ccb19ba6\1B8727B616B334F8,0:4056608,2016-12-17 10:33:15-808,2016-12-17 10:33:15-826
Success : LS : test2\a94a8fe5ccb19ba6\,0:-1,2016-12-17 10:33:15-826,2016-12-17 10:33:15-845
Success : CREATE_FILE : test2\a94a8fe5ccb19ba6\2a5bd02710e975a7\642533367F7C9DB6,0:2992872,2016-12-17 10:33:15-845,2016-12-17 10:33:15-863
Success : LS : test2\a94a8fe5ccb19ba6\2a5bd02710e975a7\,0:-1,2016-12-17 10:33:15-863,2016-12-17 10:33:15-881
Success : CREATE_FILE : test2\a94a8fe5ccb19ba6\6E110E9404E91DDC,0:1220555,2016-12-17 10:33:15-881,2016-12-17 10:33:15-899
Success : LS : test2\a94a8fe5ccb19ba6\,0:-1,2016-12-17 10:33:15-899,2016-12-17 10:33:15-917
Success : CREATE_FILE : test2\a94a8fe5ccb19ba6\2a5bd02710e975a7\12E859D34DE62DC2,0:3875311,2016-12-17 10:33:15-917,2016-12-17 10:33:15-936
Success : LS : test2\a94a8fe5ccb19ba6\2a5bd02710e975a7\,0:-1,2016-12-17 10:33:15-936,2016-12-17 10:33:15-955
Success : CREATE_FILE : test2\a94a8fe5ccb19ba6\06AB955831719C6B,0:2494846,2016-12-17 10:33:15-955,2016-12-17 10:33:15-984
Success : LS : test2\a94a8fe5ccb19ba6\,0:-1,2016-12-17 10:33:15-985,2016-12-17 10:33:16-002
Success : CREATE_FILE : test2\a94a8fe5ccb19ba6\2a5bd02710e975a7\5FB23EE94D730A8E,0:836735,2016-12-17 10:33:16-003,2016-12-17 10:33:16-022
Success : LS : test2\a94a8fe5ccb19ba6\2a5bd02710e975a7\,0:-1,2016-12-17 10:33:16-023,2016-12-17 10:33:16-041
Success : CREATE_FILE : test2\a94a8fe5ccb19ba6\2a5bd02710e975a7\37F671783722700C,0:1493600,2016-12-17 10:33:16-041,2016-12-17 10:33:16-059
Success : SEQ_READ : test1\c5a5e5562b038073\b0c5d70d7f040bfa,0:17408,2016-12-17 10:33:16-059,2016-12-17 10:33:16-079
Success : LS : test2\a94a8fe5ccb19ba6\2a5bd02710e975a7\,0:-1,2016-12-17 10:33:16-079,2016-12-17 10:33:16-098
Success : CREATE_FILE : test2\a94a8fe5ccb19ba6\2a5bd02710e975a7\3D035EA444C623AF,0:1538311,2016-12-17 10:33:16-098,2016-12-17 10:33:16-117
Success : LS : test2\a94a8fe5ccb19ba6\2a5bd02710e975a7\,0:-1,2016-12-17 10:33:16-117,2016-12-17 10:33:16-136
Success : CREATE_FILE : test2\a94a8fe5ccb19ba6\258A78F912A47493,0:316587,2016-12-17 10:33:16-136,2016-12-17 10:33:16-154
Success : LS : test2\a94a8fe5ccb19ba6\,0:-1,2016-12-17 10:33:16-154,2016-12-17 10:33:16-174
Success : CREATE_FILE : test2\a94a8fe5ccb19ba6\2a5bd02710e975a7\2436F92E5C4C8DB0,0:3463494,2016-12-17 10:33:16-174,2016-12-17 10:33:16-194
Success : LS : test2\a94a8fe5ccb19ba6\2a5bd02710e975a7\,0:-1,2016-12-17 10:33:16-194,2016-12-17 10:33:16-213
Success : CREATE_FILE : test2\a94a8fe5ccb19ba6\6CB652783E4D2CE2,0:1532485,2016-12-17 10:33:16-213,2016-12-17 10:33:16-232
Success : LS : test2\a94a8fe5ccb19ba6\,0:-1,2016-12-17 10:33:16-232,2016-12-17 10:33:16-252
Success : CREATE_FILE : test2\a94a8fe5ccb19ba6\3D606B3658E73A8A,0:3018168,2016-12-17 10:33:16-252,2016-12-17 10:33:16-271
Success : LS : test2\a94a8fe5ccb19ba6\,0:-1,2016-12-17 10:33:16-271,2016-12-17 10:33:16-290
Success : CREATE_FILE : test2\a94a8fe5ccb19ba6\0159730E05373B62,0:2982559,2016-12-17 10:33:16-291,2016-12-17 10:33:16-310
Success : LS : test2\a94a8fe5ccb19ba6\,0:-1,2016-12-17 10:33:16-310,2016-12-17 10:33:16-330
Success : CREATE_FILE : test2\a94a8fe5ccb19ba6\06C3143924D5C8B6,0:667162,2016-12-17 10:33:16-330,2016-12-17 10:33:16-349
Success : LS : test2\a94a8fe5ccb19ba6\,0:-1,2016-12-17 10:33:16-349,2016-12-17 10:33:16-369
Success : CREATE_FILE : test2\a94a8fe5ccb19ba6\55366EEA211B0B4F,0:3004711,2016-12-17 10:33:16-369,2016-12-17 10:33:16-392
Success : LS : test2\a94a8fe5ccb19ba6\,0:-1,2016-12-17 10:33:16-393,2016-12-17 10:33:16-416
Success : CREATE_FILE : test2\a94a8fe5ccb19ba6\6A3FED297AE02166,0:2373981,2016-12-17 10:33:16-416,2016-12-17 10:33:16-435
Success : LS : test2\a94a8fe5ccb19ba6\,0:-1,2016-12-17 10:33:16-435,2016-12-17 10:33:16-455
Success : CREATE_FILE : test2\a94a8fe5ccb19ba6\0B2BC25363794F80,0:957823,2016-12-17 10:33:16-455,2016-12-17 10:33:16-475
Success : LS : test2\a94a8fe5ccb19ba6\,0:-1,2016-12-17 10:33:16-475,2016-12-17 10:33:16-494
Success : CREATE_FILE : test2\a94a8fe5ccb19ba6\2a5bd02710e975a7\436B4B02229F9B77,0:3218361,2016-12-17 10:33:16-494,2016-12-17 10:33:16-515
Success : LS : test2\a94a8fe5ccb19ba6\2a5bd02710e975a7\,0:-1,2016-12-17 10:33:16-515,2016-12-17 10:33:16-535
Success : CREATE_FILE : test2\a94a8fe5ccb19ba6\2a5bd02710e975a7\68156CB27E66DEAA,0:2160034,2016-12-17 10:33:16-535,2016-12-17 10:33:16-555
Success : LS : test2\a94a8fe5ccb19ba6\2a5bd02710e975a7\,0:-1,2016-12-17 10:33:16-555,2016-12-17 10:33:16-574
Success : CREATE_FILE : test2\a94a8fe5ccb19ba6\2a5bd02710e975a7\0AA3EDAA1927BEA8,0:683788,2016-12-17 10:33:16-575,2016-12-17 10:33:16-595
Success : LS : test2\a94a8fe5ccb19ba6\2a5bd02710e975a7\,0:-1,2016-12-17 10:33:16-595,2016-12-17 10:33:16-615
Success : CREATE_FILE : test2\a94a8fe5ccb19ba6\12D64F6378FA18F9,0:3707892,2016-12-17 10:33:16-615,2016-12-17 10:33:16-635
Success : LS : test2\a94a8fe5ccb19ba6\,0:-1,2016-12-17 10:33:16-635,2016-12-17 10:33:16-660
Success : CREATE_FILE : test2\a94a8fe5ccb19ba6\78561ED27ADCF8A6,0:904499,2016-12-17 10:33:16-660,2016-12-17 10:33:16-680
Success : LS : test2\a94a8fe5ccb19ba6\,0:-1,2016-12-17 10:33:16-680,2016-12-17 10:33:16-702
Success : CREATE_FILE : test2\a94a8fe5ccb19ba6\2a5bd02710e975a7\7CE5D53D4876EF0D,0:249163,2016-12-17 10:33:16-703,2016-12-17 10:33:16-727
Success : LS : test2\a94a8fe5ccb19ba6\2a5bd02710e975a7\,0:-1,2016-12-17 10:33:16-728,2016-12-17 10:33:16-748
Success : CREATE_FILE : test2\a94a8fe5ccb19ba6\2a5bd02710e975a7\403FA6916D1FB693,0:1382849,2016-12-17 10:33:16-748,2016-12-17 10:33:16-769
Success : LS : test2\a94a8fe5ccb19ba6\2a5bd02710e975a7\,0:-1,2016-12-17 10:33:16-769,2016-12-17 10:33:16-789
Success : CREATE_FILE : test2\a94a8fe5ccb19ba6\597548CB018B9E49,0:3598865,2016-12-17 10:33:16-790,2016-12-17 10:33:16-810
Success : LS : test2\a94a8fe5ccb19ba6\,0:-1,2016-12-17 10:33:16-810,2016-12-17 10:33:16-831
Success : CREATE_FILE : test2\a94a8fe5ccb19ba6\7393C491527263A4,0:2620756,2016-12-17 10:33:16-831,2016-12-17 10:33:16-853
Success : LS : test2\a94a8fe5ccb19ba6\,0:-1,2016-12-17 10:33:16-853,2016-12-17 10:33:16-874
Success : CREATE_FILE : test2\a94a8fe5ccb19ba6\234CB4630CF26AF6,0:1893666,2016-12-17 10:33:16-874,2016-12-17 10:33:16-895
Success : LS : test2\a94a8fe5ccb19ba6\,0:-1,2016-12-17 10:33:16-895,2016-12-17 10:33:16-916
Success : CREATE_FILE : test2\a94a8fe5ccb19ba6\3EC112D57E6B3E15,0:2684734,2016-12-17 10:33:16-916,2016-12-17 10:33:16-937
Success : LS : test2\a94a8fe5ccb19ba6\,0:-1,2016-12-17 10:33:16-937,2016-12-17 10:33:16-959
Success : CREATE_FILE : test2\a94a8fe5ccb19ba6\2a5bd02710e975a7\57065C6B52EE0B51,0:1666158,2016-12-17 10:33:16-959,2016-12-17 10:33:16-984
Success : LS : test2\a94a8fe5ccb19ba6\2a5bd02710e975a7\,0:-1,2016-12-17 10:33:16-984,2016-12-17 10:33:17-006
Success : CREATE_FILE : test2\a94a8fe5ccb19ba6\2a5bd02710e975a7\4481A5692B6AD38B,0:3346431,2016-12-17 10:33:17-006,2016-12-17 10:33:17-028
Success : LS : test2\a94a8fe5ccb19ba6\2a5bd02710e975a7\,0:-1,2016-12-17 10:33:17-028,2016-12-17 10:33:17-049
Success : CREATE_FILE : test2\a94a8fe5ccb19ba6\2a5bd02710e975a7\64A4701620724E18,0:1811545,2016-12-17 10:33:17-049,2016-12-17 10:33:17-072
Success : LS : test2\a94a8fe5ccb19ba6\2a5bd02710e975a7\,0:-1,2016-12-17 10:33:17-072,2016-12-17 10:33:17-098
Success : CREATE_FILE : test2\a94a8fe5ccb19ba6\127F5F810F29478C,0:3569983,2016-12-17 10:33:17-098,2016-12-17 10:33:17-120
Success : LS : test2\a94a8fe5ccb19ba6\,0:-1,2016-12-17 10:33:17-120,2016-12-17 10:33:17-142
Success : CREATE_FILE : test2\a94a8fe5ccb19ba6\33290FE4082FBB2C,0:1697667,2016-12-17 10:33:17-142,2016-12-17 10:33:17-165
Success : LS : test2\a94a8fe5ccb19ba6\,0:-1,2016-12-17 10:33:17-165,2016-12-17 10:33:17-188
Success : CREATE_FILE : test2\a94a8fe5ccb19ba6\2a5bd02710e975a7\573B2AA0048D9852,0:502537,2016-12-17 10:33:17-188,2016-12-17 10:33:17-210
Success : LS : test2\a94a8fe5ccb19ba6\2a5bd02710e975a7\,0:-1,2016-12-17 10:33:17-210,2016-12-17 10:33:17-232
Success : CREATE_FILE : test2\a94a8fe5ccb19ba6\2a5bd02710e975a7\3EFF54A341AC0C67,0:2799880,2016-12-17 10:33:17-232,2016-12-17 10:33:17-254
Success : SEQ_READ : test1\c5a5e5562b038073\3c16ab634e85296e,0:76800,2016-12-17 10:33:17-254,2016-12-17 10:33:17-280
Success : LS : test2\a94a8fe5ccb19ba6\2a5bd02710e975a7\,0:-1,2016-12-17 10:33:17-280,2016-12-17 10:33:17-304
Success : CREATE_FILE : test2\a94a8fe5ccb19ba6\2a5bd02710e975a7\4DDAFC8634DCE066,0:798653,2016-12-17 10:33:17-304,2016-12-17 10:33:17-329
Success : LS : test2\a94a8fe5ccb19ba6\2a5bd02710e975a7\,0:-1,2016-12-17 10:33:17-329,2016-12-17 10:33:17-353
Success : CREATE_FILE : test2\a94a8fe5ccb19ba6\2a5bd02710e975a7\024957F01E598091,0:1500950,2016-12-17 10:33:17-353,2016-12-17 10:33:17-378
Success : LS : test2\a94a8fe5ccb19ba6\2a5bd02710e975a7\,0:-1,2016-12-17 10:33:17-378,2016-12-17 10:33:17-401
Success : CREATE_FILE : test2\a94a8fe5ccb19ba6\2a5bd02710e975a7\1BF7B39B2AE95C9D,0:1753567,2016-12-17 10:33:17-401,2016-12-17 10:33:17-425
Success : LS : test2\a94a8fe5ccb19ba6\2a5bd02710e975a7\,0:-1,2016-12-17 10:33:17-425,2016-12-17 10:33:17-448
Success : CREATE_FILE : test2\a94a8fe5ccb19ba6\0F6A8D696A714849,0:1313001,2016-12-17 10:33:17-449,2016-12-17 10:33:17-473
Success : LS : test2\a94a8fe5ccb19ba6\,0:-1,2016-12-17 10:33:17-474,2016-12-17 10:33:17-499
Success : CREATE_FILE : test2\a94a8fe5ccb19ba6\2a5bd02710e975a7\3291625306BC211B,0:2572184,2016-12-17 10:33:17-500,2016-12-17 10:33:17-533
Success : SEQ_READ : test1\c5a5e5562b038073\05d1f0ed74e78555,0:43008,2016-12-17 10:33:17-533,2016-12-17 10:33:17-558
Success : LS : test2\a94a8fe5ccb19ba6\2a5bd02710e975a7\,0:-1,2016-12-17 10:33:17-558,2016-12-17 10:33:17-583
Success : CREATE_FILE : test2\a94a8fe5ccb19ba6\636C7CC37EDE61DD,0:1103809,2016-12-17 10:33:17-583,2016-12-17 10:33:17-609
Success : LS : test2\a94a8fe5ccb19ba6\,0:-1,2016-12-17 10:33:17-609,2016-12-17 10:33:17-633
Success : CREATE_FILE : test2\a94a8fe5ccb19ba6\34348B2A31EA2153,0:3465159,2016-12-17 10:33:17-634,2016-12-17 10:33:17-659
Success : LS : test2\a94a8fe5ccb19ba6\,0:-1,2016-12-17 10:33:17-659,2016-12-17 10:33:17-686
Success : CREATE_FILE : test2\a94a8fe5ccb19ba6\2a5bd02710e975a7\20D05DFE5A4FA518,0:500391,2016-12-17 10:33:17-686,2016-12-17 10:33:17-711
Success : LS : test2\a94a8fe5ccb19ba6\2a5bd02710e975a7\,0:-1,2016-12-17 10:33:17-711,2016-12-17 10:33:17-739
Success : CREATE_FILE : test2\a94a8fe5ccb19ba6\2a5bd02710e975a7\255DA48F295B0C42,0:2906904,2016-12-17 10:33:17-739,2016-12-17 10:33:17-769
Success : LS : test2\a94a8fe5ccb19ba6\2a5bd02710e975a7\,0:-1,2016-12-17 10:33:17-769,2016-12-17 10:33:17-794
Success : CREATE_FILE : test2\a94a8fe5ccb19ba6\2a5bd02710e975a7\00553730633EF882,0:419695,2016-12-17 10:33:17-795,2016-12-17 10:33:17-821
Success : LS : test2\a94a8fe5ccb19ba6\2a5bd02710e975a7\,0:-1,2016-12-17 10:33:17-821,2016-12-17 10:33:17-845
Success : CREATE_FILE : test2\a94a8fe5ccb19ba6\7D6173070228C2C8,0:3446093,2016-12-17 10:33:17-845,2016-12-17 10:33:17-869
Success : LS : test2\a94a8fe5ccb19ba6\,0:-1,2016-12-17 10:33:17-869,2016-12-17 10:33:17-893
Success : CREATE_FILE : test2\a94a8fe5ccb19ba6\2a5bd02710e975a7\14A0935D1B8A5FC3,0:2857952,2016-12-17 10:33:17-894,2016-12-17 10:33:17-917
Success : LS : test2\a94a8fe5ccb19ba6\2a5bd02710e975a7\,0:-1,2016-12-17 10:33:17-917,2016-12-17 10:33:17-947
Success : CREATE_FILE : test2\a94a8fe5ccb19ba6\2a5bd02710e975a7\3981C4595A4F3BB0,0:2285185,2016-12-17 10:33:17-948,2016-12-17 10:33:17-979
Success : LS : test2\a94a8fe5ccb19ba6\2a5bd02710e975a7\,0:-1,2016-12-17 10:33:17-979,2016-12-17 10:33:18-006
Success : CREATE_FILE : test2\a94a8fe5ccb19ba6\2a5bd02710e975a7\2D7C1370020A51E8,0:1607259,2016-12-17 10:33:18-006,2016-12-17 10:33:18-032
Success : LS : test2\a94a8fe5ccb19ba6\2a5bd02710e975a7\,0:-1,2016-12-17 10:33:18-032,2016-12-17 10:33:18-063
Success : CREATE_FILE : test2\a94a8fe5ccb19ba6\2a5bd02710e975a7\4BC773B165823FF6,0:2721012,2016-12-17 10:33:18-063,2016-12-17 10:33:18-088
Success : LS : test2\a94a8fe5ccb19ba6\2a5bd02710e975a7\,0:-1,2016-12-17 10:33:18-088,2016-12-17 10:33:18-114
Success : CREATE_FILE : test2\a94a8fe5ccb19ba6\6C0D03364C3F5019,0:2851528,2016-12-17 10:33:18-114,2016-12-17 10:33:18-141
Success : LS : test2\a94a8fe5ccb19ba6\,0:-1,2016-12-17 10:33:18-141,2016-12-17 10:33:18-166
Success : CREATE_FILE : test2\a94a8fe5ccb19ba6\2a5bd02710e975a7\7734883869DF27FD,0:1864935,2016-12-17 10:33:18-166,2016-12-17 10:33:18-220
Success : LS : test2\a94a8fe5ccb19ba6\2a5bd02710e975a7\,0:-1,2016-12-17 10:33:18-221,2016-12-17 10:33:18-246
Success : CREATE_FILE : test2\a94a8fe5ccb19ba6\49EC103E49FA2F94,0:501050,2016-12-17 10:33:18-246,2016-12-17 10:33:18-272
Success : LS : test2\a94a8fe5ccb19ba6\,0:-1,2016-12-17 10:33:18-272,2016-12-17 10:33:18-298
Success : CREATE_FILE : test2\a94a8fe5ccb19ba6\0E04C0E17793DDF9,0:724198,2016-12-17 10:33:18-298,2016-12-17 10:33:18-325
Success : LS : test2\a94a8fe5ccb19ba6\,0:-1,2016-12-17 10:33:18-325,2016-12-17 10:33:18-351
Success : CREATE_FILE : test2\a94a8fe5ccb19ba6\2a5bd02710e975a7\261D83552D65491C,0:3632716,2016-12-17 10:33:18-351,2016-12-17 10:33:18-386
Success : LS : test2\a94a8fe5ccb19ba6\2a5bd02710e975a7\,0:-1,2016-12-17 10:33:18-386,2016-12-17 10:33:18-414
Success : CREATE_FILE : test2\a94a8fe5ccb19ba6\2a5bd02710e975a7\5A127588509B0A87,0:1926307,2016-12-17 10:33:18-414,2016-12-17 10:33:18-441
Success : LS : test2\a94a8fe5ccb19ba6\2a5bd02710e975a7\,0:-1,2016-12-17 10:33:18-441,2016-12-17 10:33:18-468
Success : CREATE_FILE : test2\a94a8fe5ccb19ba6\2C3789F1440E0800,0:3915101,2016-12-17 10:33:18-468,2016-12-17 10:33:18-494
Success : LS : test2\a94a8fe5ccb19ba6\,0:-1,2016-12-17 10:33:18-494,2016-12-17 10:33:18-522
Success : CREATE_FILE : test2\a94a8fe5ccb19ba6\214BA4D67E6BDFDE,0:986080,2016-12-17 10:33:18-522,2016-12-17 10:33:18-549
Success : LS : test2\a94a8fe5ccb19ba6\,0:-1,2016-12-17 10:33:18-549,2016-12-17 10:33:18-580
Success : CREATE_FILE : test2\a94a8fe5ccb19ba6\2a5bd02710e975a7\3B1E7F113FF2F70D,0:3919942,2016-12-17 10:33:18-580,2016-12-17 10:33:18-620
Success : LS : test2\a94a8fe5ccb19ba6\2a5bd02710e975a7\,0:-1,2016-12-17 10:33:18-620,2016-12-17 10:33:18-660
Success : CREATE_FILE : test2\a94a8fe5ccb19ba6\2a5bd02710e975a7\0A8E214E7EAF17FC,0:3565787,2016-12-17 10:33:18-661,2016-12-17 10:33:18-687
Success : LS : test2\a94a8fe5ccb19ba6\2a5bd02710e975a7\,0:-1,2016-12-17 10:33:18-687,2016-12-17 10:33:18-714
Success : CREATE_FILE : test2\a94a8fe5ccb19ba6\2a5bd02710e975a7\70B3907B79CF722B,0:1563470,2016-12-17 10:33:18-714,2016-12-17 10:33:18-754
Success : LS : test2\a94a8fe5ccb19ba6\2a5bd02710e975a7\,0:-1,2016-12-17 10:33:18-754,2016-12-17 10:33:18-780
Success : CREATE_FILE : test2\a94a8fe5ccb19ba6\2a5bd02710e975a7\3216CA9036584B36,0:3332471,2016-12-17 10:33:18-780,2016-12-17 10:33:18-807
Success : LS : test2\a94a8fe5ccb19ba6\2a5bd02710e975a7\,0:-1,2016-12-17 10:33:18-807,2016-12-17 10:33:18-839
Success : CREATE_FILE : test2\a94a8fe5ccb19ba6\2a5bd02710e975a7\550EE70F793EBC1A,0:2456108,2016-12-17 10:33:18-839,2016-12-17 10:33:18-886
Success : LS : test2\a94a8fe5ccb19ba6\2a5bd02710e975a7\,0:-1,2016-12-17 10:33:18-886,2016-12-17 10:33:18-931
Success : CREATE_FILE : test2\a94a8fe5ccb19ba6\3C398E2E0A47CB85,0:1368548,2016-12-17 10:33:18-932,2016-12-17 10:33:18-977
Success : LS : test2\a94a8fe5ccb19ba6\,0:-1,2016-12-17 10:33:18-977,2016-12-17 10:33:19-031
Success : CREATE_FILE : test2\a94a8fe5ccb19ba6\2a5bd02710e975a7\401C17972B4843EF,0:1791851,2016-12-17 10:33:19-032,2016-12-17 10:33:19-061
Success : LS : test2\a94a8fe5ccb19ba6\2a5bd02710e975a7\,0:-1,2016-12-17 10:33:19-062,2016-12-17 10:33:19-101
Success : CREATE_FILE : test2\a94a8fe5ccb19ba6\14070B8E4F696565,0:1208252,2016-12-17 10:33:19-101,2016-12-17 10:33:19-129
Success : LS : test2\a94a8fe5ccb19ba6\,0:-1,2016-12-17 10:33:19-129,2016-12-17 10:33:19-155
Success : CREATE_FILE : test2\a94a8fe5ccb19ba6\646BD56934038B92,0:2705029,2016-12-17 10:33:19-156,2016-12-17 10:33:19-183
Success : SEQ_READ : test1\c5a5e5562b038073\3c16ab634e85296e,0:60416,2016-12-17 10:33:19-183,2016-12-17 10:33:19-211
Success : LS : test2\a94a8fe5ccb19ba6\,0:-1,2016-12-17 10:33:19-211,2016-12-17 10:33:19-240
Success : CREATE_FILE : test2\a94a8fe5ccb19ba6\2a5bd02710e975a7\3CCE0AC56A0ABACF,0:2655661,2016-12-17 10:33:19-241,2016-12-17 10:33:19-268
Success : LS : test2\a94a8fe5ccb19ba6\2a5bd02710e975a7\,0:-1,2016-12-17 10:33:19-268,2016-12-17 10:33:19-296
Success : CREATE_FILE : test2\a94a8fe5ccb19ba6\6C20194A799A0B91,0:3485001,2016-12-17 10:33:19-296,2016-12-17 10:33:19-323
Success : LS : test2\a94a8fe5ccb19ba6\,0:-1,2016-12-17 10:33:19-323,2016-12-17 10:33:19-349
Success : CREATE_FILE : test2\a94a8fe5ccb19ba6\2a5bd02710e975a7\3E47871C4AB16F47,0:4047995,2016-12-17 10:33:19-350,2016-12-17 10:33:19-377
Success : LS : test2\a94a8fe5ccb19ba6\2a5bd02710e975a7\,0:-1,2016-12-17 10:33:19-377,2016-12-17 10:33:19-405
Success : CREATE_FILE : test2\a94a8fe5ccb19ba6\1A84263B0A0097C6,0:2691854,2016-12-17 10:33:19-405,2016-12-17 10:33:19-432
Success : LS : test2\a94a8fe5ccb19ba6\,0:-1,2016-12-17 10:33:19-432,2016-12-17 10:33:19-459
Success : CREATE_FILE : test2\a94a8fe5ccb19ba6\646AE885218A6138,0:215173,2016-12-17 10:33:19-460,2016-12-17 10:33:19-488
Success : LS : test2\a94a8fe5ccb19ba6\,0:-1,2016-12-17 10:33:19-488,2016-12-17 10:33:19-518
Success : CREATE_FILE : test2\a94a8fe5ccb19ba6\2a5bd02710e975a7\7E87CBDA7CB1BCDA,0:2584178,2016-12-17 10:33:19-518,2016-12-17 10:33:19-553
Success : LS : test2\a94a8fe5ccb19ba6\2a5bd02710e975a7\,0:-1,2016-12-17 10:33:19-553,2016-12-17 10:33:19-582
Success : CREATE_FILE : test2\a94a8fe5ccb19ba6\690A42804D52542F,0:2608032,2016-12-17 10:33:19-582,2016-12-17 10:33:19-610
Success : LS : test2\a94a8fe5ccb19ba6\,0:-1,2016-12-17 10:33:19-610,2016-12-17 10:33:19-638
Success : CREATE_FILE : test2\a94a8fe5ccb19ba6\18D3EDFF65D83012,0:3840831,2016-12-17 10:33:19-638,2016-12-17 10:33:19-666
Success : LS : test2\a94a8fe5ccb19ba6\,0:-1,2016-12-17 10:33:19-666,2016-12-17 10:33:19-695
Success : CREATE_FILE : test2\a94a8fe5ccb19ba6\21B2EE8D1AFB75A3,0:2404267,2016-12-17 10:33:19-695,2016-12-17 10:33:19-724
Success : LS : test2\a94a8fe5ccb19ba6\,0:-1,2016-12-17 10:33:19-724,2016-12-17 10:33:19-756
Success : CREATE_FILE : test2\a94a8fe5ccb19ba6\2a5bd02710e975a7\202E7E4279A9303B,0:1468365,2016-12-17 10:33:19-756,2016-12-17 10:33:19-785
Success : LS : test2\a94a8fe5ccb19ba6\2a5bd02710e975a7\,0:-1,2016-12-17 10:33:19-785,2016-12-17 10:33:19-814
Success : CREATE_FILE : test2\a94a8fe5ccb19ba6\3A2A2B205AC85F2A,0:4080265,2016-12-17 10:33:19-814,2016-12-17 10:33:19-843
Success : LS : test2\a94a8fe5ccb19ba6\,0:-1,2016-12-17 10:33:19-843,2016-12-17 10:33:19-871
Success : CREATE_FILE : test2\a94a8fe5ccb19ba6\3B990BC67AD75E06,0:2692590,2016-12-17 10:33:19-871,2016-12-17 10:33:19-913
Success : LS : test2\a94a8fe5ccb19ba6\,0:-1,2016-12-17 10:33:19-913,2016-12-17 10:33:19-947
Success : CREATE_FILE : test2\a94a8fe5ccb19ba6\74E6393848568892,0:496185,2016-12-17 10:33:19-947,2016-12-17 10:33:19-978
Success : LS : test2\a94a8fe5ccb19ba6\,0:-1,2016-12-17 10:33:19-978,2016-12-17 10:33:20-008
Success : CREATE_FILE : test2\a94a8fe5ccb19ba6\71F3C01D4B694E8C,0:3236266,2016-12-17 10:33:20-008,2016-12-17 10:33:20-039
Success : LS : test2\a94a8fe5ccb19ba6\,0:-1,2016-12-17 10:33:20-039,2016-12-17 10:33:20-067
Success : CREATE_FILE : test2\a94a8fe5ccb19ba6\2a5bd02710e975a7\5DFBCD2923047928,0:2081466,2016-12-17 10:33:20-067,2016-12-17 10:33:20-097
Success : LS : test2\a94a8fe5ccb19ba6\2a5bd02710e975a7\,0:-1,2016-12-17 10:33:20-097,2016-12-17 10:33:20-127
Success : CREATE_FILE : test2\a94a8fe5ccb19ba6\270A766F2175B892,0:1209280,2016-12-17 10:33:20-127,2016-12-17 10:33:20-158
Success : LS : test2\a94a8fe5ccb19ba6\,0:-1,2016-12-17 10:33:20-158,2016-12-17 10:33:20-188
Success : CREATE_FILE : test2\a94a8fe5ccb19ba6\3D4B38BC6D500151,0:2885368,2016-12-17 10:33:20-188,2016-12-17 10:33:20-218
Success : LS : test2\a94a8fe5ccb19ba6\,0:-1,2016-12-17 10:33:20-218,2016-12-17 10:33:20-249
Success : CREATE_FILE : test2\a94a8fe5ccb19ba6\1A67F25934932E71,0:2658324,2016-12-17 10:33:20-249,2016-12-17 10:33:20-279
Success : SEQ_READ : test1\f71b43c3136efa4f\9f93e73d6896cb7b\6670af231c096f09,0:129,2016-12-17 10:33:20-279,2016-12-17 10:33:20-311
Success : LS : test2\a94a8fe5ccb19ba6\,0:-1,2016-12-17 10:33:20-311,2016-12-17 10:33:20-344
Success : CREATE_FILE : test2\a94a8fe5ccb19ba6\561D8F185FEA965C,0:1645278,2016-12-17 10:33:20-344,2016-12-17 10:33:20-375
Success : LS : test2\a94a8fe5ccb19ba6\,0:-1,2016-12-17 10:33:20-375,2016-12-17 10:33:20-409
Success : CREATE_FILE : test2\a94a8fe5ccb19ba6\2B82042A2C391830,0:525708,2016-12-17 10:33:20-409,2016-12-17 10:33:20-460
Success : LS : test2\a94a8fe5ccb19ba6\,0:-1,2016-12-17 10:33:20-460,2016-12-17 10:33:20-491
Success : CREATE_FILE : test2\a94a8fe5ccb19ba6\5016561D5FB3884B,0:3729778,2016-12-17 10:33:20-491,2016-12-17 10:33:20-522
Success : LS : test2\a94a8fe5ccb19ba6\,0:-1,2016-12-17 10:33:20-522,2016-12-17 10:33:20-553
Success : CREATE_FILE : test2\a94a8fe5ccb19ba6\569D0A6E401D7CB2,0:1018059,2016-12-17 10:33:20-553,2016-12-17 10:33:20-586
Success : SEQ_READ : test1\c5a5e5562b038073\6670af231c096f09,0:46,2016-12-17 10:33:20-586,2016-12-17 10:33:20-620
Success : SEQ_READ : test1\c5a5e5562b038073\c7734a16bf12bb03,0:336896,2016-12-17 10:33:20-620,2016-12-17 10:33:20-657
Success : LS : test2\a94a8fe5ccb19ba6\,0:-1,2016-12-17 10:33:20-658,2016-12-17 10:33:20-689
Success : CREATE_FILE : test2\a94a8fe5ccb19ba6\266F550043483709,0:3166354,2016-12-17 10:33:20-689,2016-12-17 10:33:20-725
Success : LS : test2\a94a8fe5ccb19ba6\,0:-1,2016-12-17 10:33:20-725,2016-12-17 10:33:20-763
Success : CREATE_FILE : test2\a94a8fe5ccb19ba6\583F82C92371792C,0:1089665,2016-12-17 10:33:20-764,2016-12-17 10:33:20-794
Success : LS : test2\a94a8fe5ccb19ba6\,0:-1,2016-12-17 10:33:20-794,2016-12-17 10:33:20-824
Success : CREATE_FILE : test2\a94a8fe5ccb19ba6\1D6B5C6416D81001,0:1252098,2016-12-17 10:33:20-825,2016-12-17 10:33:20-857
Success : LS : test2\a94a8fe5ccb19ba6\,0:-1,2016-12-17 10:33:20-857,2016-12-17 10:33:20-893
Success : CREATE_FILE : test2\a94a8fe5ccb19ba6\321D57D7207EAC40,0:1956257,2016-12-17 10:33:20-894,2016-12-17 10:33:20-928
Success : LS : test2\a94a8fe5ccb19ba6\,0:-1,2016-12-17 10:33:20-928,2016-12-17 10:33:20-963
Success : CREATE_FILE : test2\a94a8fe5ccb19ba6\70D894DB6E61F159,0:2193464,2016-12-17 10:33:20-963,2016-12-17 10:33:20-996
Success : LS : test2\a94a8fe5ccb19ba6\,0:-1,2016-12-17 10:33:20-996,2016-12-17 10:33:21-026
Success : CREATE_FILE : test2\a94a8fe5ccb19ba6\1542C3B335768516,0:1417788,2016-12-17 10:33:21-026,2016-12-17 10:33:21-062
Success : LS : test2\a94a8fe5ccb19ba6\,0:-1,2016-12-17 10:33:21-062,2016-12-17 10:33:21-097
Success : CREATE_FILE : test2\a94a8fe5ccb19ba6\2a5bd02710e975a7\64E5C66852F644B8,0:3378931,2016-12-17 10:33:21-097,2016-12-17 10:33:21-127
Success : LS : test2\a94a8fe5ccb19ba6\2a5bd02710e975a7\,0:-1,2016-12-17 10:33:21-127,2016-12-17 10:33:21-159
Success : CREATE_FILE : test2\a94a8fe5ccb19ba6\2a5bd02710e975a7\646E1B186EBC28BA,0:130668,2016-12-17 10:33:21-159,2016-12-17 10:33:21-191
Success : LS : test2\a94a8fe5ccb19ba6\2a5bd02710e975a7\,0:-1,2016-12-17 10:33:21-191,2016-12-17 10:33:21-222
Success : CREATE_FILE : test2\a94a8fe5ccb19ba6\79AED30A77596B6E,0:2873181,2016-12-17 10:33:21-222,2016-12-17 10:33:21-254
Success : LS : test2\a94a8fe5ccb19ba6\,0:-1,2016-12-17 10:33:21-254,2016-12-17 10:33:21-285
Success : CREATE_FILE : test2\a94a8fe5ccb19ba6\2a5bd02710e975a7\14FC41FF01AA101D,0:2406179,2016-12-17 10:33:21-285,2016-12-17 10:33:21-316
Success : LS : test2\a94a8fe5ccb19ba6\2a5bd02710e975a7\,0:-1,2016-12-17 10:33:21-316,2016-12-17 10:33:21-347
Success : CREATE_FILE : test2\a94a8fe5ccb19ba6\2a5bd02710e975a7\2659AEF347941525,0:614158,2016-12-17 10:33:21-348,2016-12-17 10:33:21-379
Success : LS : test2\a94a8fe5ccb19ba6\2a5bd02710e975a7\,0:-1,2016-12-17 10:33:21-379,2016-12-17 10:33:21-411
Success : CREATE_FILE : test2\a94a8fe5ccb19ba6\3FB294A4185052D7,0:48861,2016-12-17 10:33:21-411,2016-12-17 10:33:21-443
Success : LS : test2\a94a8fe5ccb19ba6\,0:-1,2016-12-17 10:33:21-444,2016-12-17 10:33:21-476
Success : CREATE_FILE : test2\a94a8fe5ccb19ba6\2a5bd02710e975a7\260E859B0A4D22E4,0:1154080,2016-12-17 10:33:21-476,2016-12-17 10:33:21-510
Success : LS : test2\a94a8fe5ccb19ba6\2a5bd02710e975a7\,0:-1,2016-12-17 10:33:21-510,2016-12-17 10:33:21-549
Success : CREATE_FILE : test2\a94a8fe5ccb19ba6\19D6130162F835A7,0:2703533,2016-12-17 10:33:21-549,2016-12-17 10:33:21-586
Success : LS : test2\a94a8fe5ccb19ba6\,0:-1,2016-12-17 10:33:21-586,2016-12-17 10:33:21-621
Success : CREATE_FILE : test2\a94a8fe5ccb19ba6\2a5bd02710e975a7\28DCDA1637247CC4,0:1289913,2016-12-17 10:33:21-621,2016-12-17 10:33:21-655
Success : LS : test2\a94a8fe5ccb19ba6\2a5bd02710e975a7\,0:-1,2016-12-17 10:33:21-655,2016-12-17 10:33:21-688
Success : CREATE_FILE : test2\a94a8fe5ccb19ba6\5E3A57D7630CF448,0:3792940,2016-12-17 10:33:21-689,2016-12-17 10:33:21-733
Success : LS : test2\a94a8fe5ccb19ba6\,0:-1,2016-12-17 10:33:21-733,2016-12-17 10:33:21-781
Success : CREATE_FILE : test2\a94a8fe5ccb19ba6\278AE8BA5206DA31,0:3563332,2016-12-17 10:33:21-781,2016-12-17 10:33:21-825
Success : LS : test2\a94a8fe5ccb19ba6\,0:-1,2016-12-17 10:33:21-825,2016-12-17 10:33:21-862
Success : CREATE_FILE : test2\a94a8fe5ccb19ba6\566994B0514FDBDB,0:2350408,2016-12-17 10:33:21-862,2016-12-17 10:33:21-897
Success : LS : test2\a94a8fe5ccb19ba6\,0:-1,2016-12-17 10:33:21-897,2016-12-17 10:33:21-930
Success : CREATE_FILE : test2\a94a8fe5ccb19ba6\18CAF9EC24E1877B,0:3099596,2016-12-17 10:33:21-930,2016-12-17 10:33:21-965
Success : SEQ_READ : test1\c5a5e5562b038073\a39ea9c72a98de10\11562aa867a5f398,0:1024,2016-12-17 10:33:21-965,2016-12-17 10:33:21-998
Success : LS : test2\a94a8fe5ccb19ba6\,0:-1,2016-12-17 10:33:21-999,2016-12-17 10:33:22-032
Success : CREATE_FILE : test2\a94a8fe5ccb19ba6\2a5bd02710e975a7\573BBBCB31C70CC5,0:912837,2016-12-17 10:33:22-032,2016-12-17 10:33:22-068
Success : LS : test2\a94a8fe5ccb19ba6\2a5bd02710e975a7\,0:-1,2016-12-17 10:33:22-068,2016-12-17 10:33:22-103
Success : CREATE_FILE : test2\a94a8fe5ccb19ba6\413978662B250C03,0:568103,2016-12-17 10:33:22-103,2016-12-17 10:33:22-142
Success : LS : test2\a94a8fe5ccb19ba6\,0:-1,2016-12-17 10:33:22-142,2016-12-17 10:33:22-176
Success : CREATE_FILE : test2\a94a8fe5ccb19ba6\2a5bd02710e975a7\784D32B46BC78CCF,0:382799,2016-12-17 10:33:22-176,2016-12-17 10:33:22-209
Success : LS : test2\a94a8fe5ccb19ba6\2a5bd02710e975a7\,0:-1,2016-12-17 10:33:22-209,2016-12-17 10:33:22-243
Success : CREATE_FILE : test2\a94a8fe5ccb19ba6\2EF8C65323A702B7,0:212093,2016-12-17 10:33:22-243,2016-12-17 10:33:22-283
Success : LS : test2\a94a8fe5ccb19ba6\,0:-1,2016-12-17 10:33:22-283,2016-12-17 10:33:22-317
Success : CREATE_FILE : test2\a94a8fe5ccb19ba6\3B742FE64C413D9E,0:1154672,2016-12-17 10:33:22-317,2016-12-17 10:33:22-353
Success : LS : test2\a94a8fe5ccb19ba6\,0:-1,2016-12-17 10:33:22-353,2016-12-17 10:33:22-395
Success : CREATE_FILE : test2\a94a8fe5ccb19ba6\2a5bd02710e975a7\4D5EB1B17D62CEA1,0:500282,2016-12-17 10:33:22-395,2016-12-17 10:33:22-434
Success : LS : test2\a94a8fe5ccb19ba6\2a5bd02710e975a7\,0:-1,2016-12-17 10:33:22-434,2016-12-17 10:33:22-476
Success : CREATE_FILE : test2\a94a8fe5ccb19ba6\6C04408C115B224D,0:1490228,2016-12-17 10:33:22-476,2016-12-17 10:33:22-510
Success : LS : test2\a94a8fe5ccb19ba6\,0:-1,2016-12-17 10:33:22-510,2016-12-17 10:33:22-543
Success : CREATE_FILE : test2\a94a8fe5ccb19ba6\7B6EB6C92142B2C6,0:1607333,2016-12-17 10:33:22-543,2016-12-17 10:33:22-577
Success : LS : test2\a94a8fe5ccb19ba6\,0:-1,2016-12-17 10:33:22-577,2016-12-17 10:33:22-612
Success : CREATE_FILE : test2\a94a8fe5ccb19ba6\2a5bd02710e975a7\1FF947DF45916CD5,0:3152778,2016-12-17 10:33:22-612,2016-12-17 10:33:22-651
Success : LS : test2\a94a8fe5ccb19ba6\2a5bd02710e975a7\,0:-1,2016-12-17 10:33:22-651,2016-12-17 10:33:22-691
Success : CREATE_FILE : test2\a94a8fe5ccb19ba6\28AD98A002272B0C,0:813032,2016-12-17 10:33:22-691,2016-12-17 10:33:22-727
Success : LS : test2\a94a8fe5ccb19ba6\,0:-1,2016-12-17 10:33:22-727,2016-12-17 10:33:22-761
Success : CREATE_FILE : test2\a94a8fe5ccb19ba6\3C8007E7177380E8,0:359731,2016-12-17 10:33:22-761,2016-12-17 10:33:22-796
Success : LS : test2\a94a8fe5ccb19ba6\,0:-1,2016-12-17 10:33:22-796,2016-12-17 10:33:22-831
Success : CREATE_FILE : test2\a94a8fe5ccb19ba6\46C9E2734A009939,0:3141562,2016-12-17 10:33:22-831,2016-12-17 10:33:22-865
Success : LS : test2\a94a8fe5ccb19ba6\,0:-1,2016-12-17 10:33:22-865,2016-12-17 10:33:22-898
Success : CREATE_FILE : test2\a94a8fe5ccb19ba6\1AF77A8E5B503F97,0:3886556,2016-12-17 10:33:22-899,2016-12-17 10:33:22-935
Success : LS : test2\a94a8fe5ccb19ba6\,0:-1,2016-12-17 10:33:22-935,2016-12-17 10:33:22-970
Success : CREATE_FILE : test2\a94a8fe5ccb19ba6\2a5bd02710e975a7\47186C7B7776E107,0:2712466,2016-12-17 10:33:22-970,2016-12-17 10:33:23-007
Success : LS : test2\a94a8fe5ccb19ba6\2a5bd02710e975a7\,0:-1,2016-12-17 10:33:23-007,2016-12-17 10:33:23-044
Success : CREATE_FILE : test2\a94a8fe5ccb19ba6\744C771F6FE7C7F7,0:1873124,2016-12-17 10:33:23-044,2016-12-17 10:33:23-081
Success : LS : test2\a94a8fe5ccb19ba6\,0:-1,2016-12-17 10:33:23-082,2016-12-17 10:33:23-117
Success : CREATE_FILE : test2\a94a8fe5ccb19ba6\64A51494346CFF83,0:1824047,2016-12-17 10:33:23-117,2016-12-17 10:33:23-152
Success : LS : test2\a94a8fe5ccb19ba6\,0:-1,2016-12-17 10:33:23-152,2016-12-17 10:33:23-187
Success : CREATE_FILE : test2\a94a8fe5ccb19ba6\2a5bd02710e975a7\458475BB296C1220,0:3932537,2016-12-17 10:33:23-187,2016-12-17 10:33:23-223
Success : SEQ_READ : test1\f71b43c3136efa4f\83404ffd78f534ff\6670af231c096f09,0:129,2016-12-17 10:33:23-223,2016-12-17 10:33:23-259
Success : SEQ_READ : test2\8da7cc13802eefe0,0:2669568,2016-12-17 10:33:23-259,2016-12-17 10:33:23-315
Success : SEQ_READ : test1\c5a5e5562b038073\05d1f0ed74e78555,0:64512,2016-12-17 10:33:23-315,2016-12-17 10:33:23-352
Success : LS : test2\a94a8fe5ccb19ba6\2a5bd02710e975a7\,0:-1,2016-12-17 10:33:23-352,2016-12-17 10:33:23-390
Success : CREATE_FILE : test2\a94a8fe5ccb19ba6\2a5bd02710e975a7\3DA235702EACCE49,0:344801,2016-12-17 10:33:23-390,2016-12-17 10:33:23-428
Success : LS : test2\a94a8fe5ccb19ba6\2a5bd02710e975a7\,0:-1,2016-12-17 10:33:23-428,2016-12-17 10:33:23-465
Success : CREATE_FILE : test2\a94a8fe5ccb19ba6\2E96A7E55D563F16,0:3426904,2016-12-17 10:33:23-465,2016-12-17 10:33:23-501
Success : LS : test2\a94a8fe5ccb19ba6\,0:-1,2016-12-17 10:33:23-501,2016-12-17 10:33:23-539
Success : CREATE_FILE : test2\a94a8fe5ccb19ba6\2a5bd02710e975a7\3B5143D66578D0AA,0:1700699,2016-12-17 10:33:23-539,2016-12-17 10:33:23-581
Success : SEQ_READ : test1\c5a5e5562b038073\a39ea9c72a98de10\11562aa867a5f398,0:2048,2016-12-17 10:33:23-581,2016-12-17 10:33:23-618
Success : LS : test2\a94a8fe5ccb19ba6\2a5bd02710e975a7\,0:-1,2016-12-17 10:33:23-618,2016-12-17 10:33:23-659
Success : CREATE_FILE : test2\a94a8fe5ccb19ba6\21431D4927C89648,0:2671943,2016-12-17 10:33:23-659,2016-12-17 10:33:23-708
Success : LS : test2\a94a8fe5ccb19ba6\,0:-1,2016-12-17 10:33:23-708,2016-12-17 10:33:23-746
Success : CREATE_FILE : test2\a94a8fe5ccb19ba6\2DE26B4D55621612,0:2295228,2016-12-17 10:33:23-747,2016-12-17 10:33:23-786
Success : LS : test2\a94a8fe5ccb19ba6\,0:-1,2016-12-17 10:33:23-786,2016-12-17 10:33:23-825
Success : CREATE_FILE : test2\a94a8fe5ccb19ba6\329B89573DA6931A,0:3130377,2016-12-17 10:33:23-825,2016-12-17 10:33:23-881
Success : LS : test2\a94a8fe5ccb19ba6\,0:-1,2016-12-17 10:33:23-881,2016-12-17 10:33:23-967
Success : CREATE_FILE : test2\a94a8fe5ccb19ba6\2a5bd02710e975a7\6CBB788C5FFFEA68,0:2001185,2016-12-17 10:33:23-967,2016-12-17 10:33:24-056
Success : LS : test2\a94a8fe5ccb19ba6\2a5bd02710e975a7\,0:-1,2016-12-17 10:33:24-056,2016-12-17 10:33:24-118
Success : CREATE_FILE : test2\a94a8fe5ccb19ba6\60BE36CD4EDDC81E,0:751182,2016-12-17 10:33:24-118,2016-12-17 10:33:24-169
Success : LS : test2\a94a8fe5ccb19ba6\,0:-1,2016-12-17 10:33:24-169,2016-12-17 10:33:24-214
Success : CREATE_FILE : test2\a94a8fe5ccb19ba6\2a5bd02710e975a7\050E890D58CD9CFD,0:2530588,2016-12-17 10:33:24-214,2016-12-17 10:33:24-252
Success : LS : test2\a94a8fe5ccb19ba6\2a5bd02710e975a7\,0:-1,2016-12-17 10:33:24-252,2016-12-17 10:33:24-290
Success : CREATE_FILE : test2\a94a8fe5ccb19ba6\339D629812C41229,0:27361,2016-12-17 10:33:24-290,2016-12-17 10:33:24-327
Success : LS : test2\a94a8fe5ccb19ba6\,0:-1,2016-12-17 10:33:24-327,2016-12-17 10:33:24-366
Success : CREATE_FILE : test2\a94a8fe5ccb19ba6\60ED44EE33B2FFFC,0:2790940,2016-12-17 10:33:24-366,2016-12-17 10:33:24-405
Success : LS : test2\a94a8fe5ccb19ba6\,0:-1,2016-12-17 10:33:24-405,2016-12-17 10:33:24-442
Success : CREATE_FILE : test2\a94a8fe5ccb19ba6\056C5262507719AA,0:2450035,2016-12-17 10:33:24-442,2016-12-17 10:33:24-480
Success : LS : test2\a94a8fe5ccb19ba6\,0:-1,2016-12-17 10:33:24-480,2016-12-17 10:33:24-519
Success : CREATE_FILE : test2\a94a8fe5ccb19ba6\54E58F465184CED2,0:3935108,2016-12-17 10:33:24-519,2016-12-17 10:33:24-559
Success : LS : test2\a94a8fe5ccb19ba6\,0:-1,2016-12-17 10:33:24-559,2016-12-17 10:33:24-596
Success : CREATE_FILE : test2\a94a8fe5ccb19ba6\0C4F71BF66BB2595,0:447589,2016-12-17 10:33:24-596,2016-12-17 10:33:24-635
Success : LS : test2\a94a8fe5ccb19ba6\,0:-1,2016-12-17 10:33:24-635,2016-12-17 10:33:24-673
Success : CREATE_FILE : test2\a94a8fe5ccb19ba6\4C88F95B77444775,0:953324,2016-12-17 10:33:24-673,2016-12-17 10:33:24-712
Success : LS : test2\a94a8fe5ccb19ba6\,0:-1,2016-12-17 10:33:24-712,2016-12-17 10:33:24-753
Success : CREATE_FILE : test2\a94a8fe5ccb19ba6\2a5bd02710e975a7\5779E09C11DCE53D,0:2957970,2016-12-17 10:33:24-753,2016-12-17 10:33:24-790
Success : LS : test2\a94a8fe5ccb19ba6\2a5bd02710e975a7\,0:-1,2016-12-17 10:33:24-790,2016-12-17 10:33:24-828
Success : CREATE_FILE : test2\a94a8fe5ccb19ba6\29214E01333318EF,0:1201052,2016-12-17 10:33:24-828,2016-12-17 10:33:24-873
Success : LS : test2\a94a8fe5ccb19ba6\,0:-1,2016-12-17 10:33:24-873,2016-12-17 10:33:24-916
Success : CREATE_FILE : test2\a94a8fe5ccb19ba6\50E799A956CFE760,0:3112979,2016-12-17 10:33:24-916,2016-12-17 10:33:24-955
Success : LS : test2\a94a8fe5ccb19ba6\,0:-1,2016-12-17 10:33:24-955,2016-12-17 10:33:24-995
Success : CREATE_FILE : test2\a94a8fe5ccb19ba6\69FE669819EC7D61,0:3887425,2016-12-17 10:33:24-995,2016-12-17 10:33:25-035
Success : SEQ_READ : test1\f71b43c3136efa4f\c7d9912886e5ccc7\6670af231c096f09,0:129,2016-12-17 10:33:25-035,2016-12-17 10:33:25-074
Success : LS : test2\a94a8fe5ccb19ba6\,0:-1,2016-12-17 10:33:25-074,2016-12-17 10:33:25-115
Success : CREATE_FILE : test2\a94a8fe5ccb19ba6\2a5bd02710e975a7\6E00B3802B5D23E2,0:3871301,2016-12-17 10:33:25-115,2016-12-17 10:33:25-155
Success : LS : test2\a94a8fe5ccb19ba6\2a5bd02710e975a7\,0:-1,2016-12-17 10:33:25-155,2016-12-17 10:33:25-195
Success : CREATE_FILE : test2\a94a8fe5ccb19ba6\2a5bd02710e975a7\228D7BBD18D8A7DC,0:2100410,2016-12-17 10:33:25-195,2016-12-17 10:33:25-234
Success : LS : test2\a94a8fe5ccb19ba6\2a5bd02710e975a7\,0:-1,2016-12-17 10:33:25-234,2016-12-17 10:33:25-275
Success : CREATE_FILE : test2\a94a8fe5ccb19ba6\6688FC731602E530,0:455891,2016-12-17 10:33:25-275,2016-12-17 10:33:25-314
Success : LS : test2\a94a8fe5ccb19ba6\,0:-1,2016-12-17 10:33:25-314,2016-12-17 10:33:25-357
Success : CREATE_FILE : test2\a94a8fe5ccb19ba6\2a5bd02710e975a7\72AE82D546CA2BAF,0:1183744,2016-12-17 10:33:25-357,2016-12-17 10:33:25-395
Success : LS : test2\a94a8fe5ccb19ba6\2a5bd02710e975a7\,0:-1,2016-12-17 10:33:25-395,2016-12-17 10:33:25-435
Success : CREATE_FILE : test2\a94a8fe5ccb19ba6\2a5bd02710e975a7\601C063714DD9907,0:2195556,2016-12-17 10:33:25-435,2016-12-17 10:33:25-477
Success : LS : test2\a94a8fe5ccb19ba6\2a5bd02710e975a7\,0:-1,2016-12-17 10:33:25-477,2016-12-17 10:33:25-516
Success : SEQ_READ : test1\c5a5e5562b038073\6670af231c096f09,0:46,2016-12-17 10:33:25-516,2016-12-17 10:33:25-555
Success : CREATE_FILE : test2\a94a8fe5ccb19ba6\2a5bd02710e975a7\39219B4F5EB76DF7,0:250765,2016-12-17 10:33:25-555,2016-12-17 10:33:25-601
Success : LS : test2\a94a8fe5ccb19ba6\2a5bd02710e975a7\,0:-1,2016-12-17 10:33:25-601,2016-12-17 10:33:25-647
Success : CREATE_FILE : test2\a94a8fe5ccb19ba6\5AAADA0849A74B54,0:1005977,2016-12-17 10:33:25-647,2016-12-17 10:33:25-687
Success : LS : test2\a94a8fe5ccb19ba6\,0:-1,2016-12-17 10:33:25-687,2016-12-17 10:33:25-726
Success : CREATE_FILE : test2\a94a8fe5ccb19ba6\7603AB462B92942F,0:511854,2016-12-17 10:33:25-726,2016-12-17 10:33:25-767
Success : LS : test2\a94a8fe5ccb19ba6\,0:-1,2016-12-17 10:33:25-767,2016-12-17 10:33:25-807
Success : CREATE_FILE : test2\a94a8fe5ccb19ba6\2a5bd02710e975a7\26591D9E12778BC7,0:1227845,2016-12-17 10:33:25-807,2016-12-17 10:33:25-845
Success : LS : test2\a94a8fe5ccb19ba6\2a5bd02710e975a7\,0:-1,2016-12-17 10:33:25-845,2016-12-17 10:33:25-885
Success : CREATE_FILE : test2\a94a8fe5ccb19ba6\2BFBE6CF1C0BF820,0:1046621,2016-12-17 10:33:25-885,2016-12-17 10:33:25-925
Success : LS : test2\a94a8fe5ccb19ba6\,0:-1,2016-12-17 10:33:25-925,2016-12-17 10:33:25-966
Success : CREATE_FILE : test2\a94a8fe5ccb19ba6\2a5bd02710e975a7\366A60356B1A9059,0:1580934,2016-12-17 10:33:25-966,2016-12-17 10:33:26-006
Success : LS : test2\a94a8fe5ccb19ba6\2a5bd02710e975a7\,0:-1,2016-12-17 10:33:26-006,2016-12-17 10:33:26-047
Success : CREATE_FILE : test2\a94a8fe5ccb19ba6\7795B2074BF0FF53,0:1142798,2016-12-17 10:33:26-047,2016-12-17 10:33:26-086
Success : LS : test2\a94a8fe5ccb19ba6\,0:-1,2016-12-17 10:33:26-086,2016-12-17 10:33:26-126
Success : CREATE_FILE : test2\a94a8fe5ccb19ba6\2001EB8D0DB7EA84,0:136300,2016-12-17 10:33:26-126,2016-12-17 10:33:26-169
Success : LS : test2\a94a8fe5ccb19ba6\,0:-1,2016-12-17 10:33:26-169,2016-12-17 10:33:26-221
Success : CREATE_FILE : test2\a94a8fe5ccb19ba6\2a5bd02710e975a7\31F0DDB97A66328A,0:394955,2016-12-17 10:33:26-221,2016-12-17 10:33:26-263
Success : LS : test2\a94a8fe5ccb19ba6\2a5bd02710e975a7\,0:-1,2016-12-17 10:33:26-263,2016-12-17 10:33:26-304
Success : CREATE_FILE : test2\a94a8fe5ccb19ba6\57948C324DDCAA3F,0:2796996,2016-12-17 10:33:26-304,2016-12-17 10:33:26-344
Success : LS : test2\a94a8fe5ccb19ba6\,0:-1,2016-12-17 10:33:26-344,2016-12-17 10:33:26-385
Success : CREATE_FILE : test2\a94a8fe5ccb19ba6\5727A42C3C9EAC09,0:2830712,2016-12-17 10:33:26-386,2016-12-17 10:33:26-428
Success : LS : test2\a94a8fe5ccb19ba6\,0:-1,2016-12-17 10:33:26-428,2016-12-17 10:33:26-473
Success : CREATE_FILE : test2\a94a8fe5ccb19ba6\2E1DED515330C908,0:3696754,2016-12-17 10:33:26-474,2016-12-17 10:33:26-515
Success : LS : test2\a94a8fe5ccb19ba6\,0:-1,2016-12-17 10:33:26-515,2016-12-17 10:33:26-571
Success : CREATE_FILE : test2\a94a8fe5ccb19ba6\2a5bd02710e975a7\5059215914E434DC,0:609862,2016-12-17 10:33:26-572,2016-12-17 10:33:26-614
Success : LS : test2\a94a8fe5ccb19ba6\2a5bd02710e975a7\,0:-1,2016-12-17 10:33:26-614,2016-12-17 10:33:26-655
Success : CREATE_FILE : test2\a94a8fe5ccb19ba6\5B38E4AA67D6D373,0:2014443,2016-12-17 10:33:26-656,2016-12-17 10:33:26-696
Success : LS : test2\a94a8fe5ccb19ba6\,0:-1,2016-12-17 10:33:26-696,2016-12-17 10:33:26-739
Success : CREATE_FILE : test2\a94a8fe5ccb19ba6\2F643EBF7603D66D,0:1433353,2016-12-17 10:33:26-739,2016-12-17 10:33:26-781
Success : LS : test2\a94a8fe5ccb19ba6\,0:-1,2016-12-17 10:33:26-781,2016-12-17 10:33:26-839
Success : CREATE_FILE : test2\a94a8fe5ccb19ba6\19A015394F88E272,0:3615291,2016-12-17 10:33:26-840,2016-12-17 10:33:26-881
Success : LS : test2\a94a8fe5ccb19ba6\,0:-1,2016-12-17 10:33:26-881,2016-12-17 10:33:26-925
Success : CREATE_FILE : test2\a94a8fe5ccb19ba6\3CC8695B06AFAC0F,0:3297167,2016-12-17 10:33:26-925,2016-12-17 10:33:26-972
Success : LS : test2\a94a8fe5ccb19ba6\,0:-1,2016-12-17 10:33:26-972,2016-12-17 10:33:27-014
Success : CREATE_FILE : test2\a94a8fe5ccb19ba6\2a5bd02710e975a7\4E42640B64892D29,0:2439733,2016-12-17 10:33:27-014,2016-12-17 10:33:27-077
Success : LS : test2\a94a8fe5ccb19ba6\2a5bd02710e975a7\,0:-1,2016-12-17 10:33:27-077,2016-12-17 10:33:27-141
Success : CREATE_FILE : test2\a94a8fe5ccb19ba6\2a5bd02710e975a7\61FF0A810917D589,0:1053153,2016-12-17 10:33:27-142,2016-12-17 10:33:27-183
Success : LS : test2\a94a8fe5ccb19ba6\2a5bd02710e975a7\,0:-1,2016-12-17 10:33:27-183,2016-12-17 10:33:27-226
Success : CREATE_FILE : test2\a94a8fe5ccb19ba6\3123B4524E1C7CD7,0:3956236,2016-12-17 10:33:27-227,2016-12-17 10:33:27-271
Success : LS : test2\a94a8fe5ccb19ba6\,0:-1,2016-12-17 10:33:27-271,2016-12-17 10:33:27-314
Success : CREATE_FILE : test2\a94a8fe5ccb19ba6\60A094D104AED15F,0:1756807,2016-12-17 10:33:27-314,2016-12-17 10:33:27-357
Success : LS : test2\a94a8fe5ccb19ba6\,0:-1,2016-12-17 10:33:27-357,2016-12-17 10:33:27-400
Success : CREATE_FILE : test2\a94a8fe5ccb19ba6\42A1E2A771DA9B49,0:252386,2016-12-17 10:33:27-400,2016-12-17 10:33:27-449
Success : LS : test2\a94a8fe5ccb19ba6\,0:-1,2016-12-17 10:33:27-449,2016-12-17 10:33:27-493
Success : CREATE_FILE : test2\a94a8fe5ccb19ba6\2a5bd02710e975a7\6306B9D3399498D3,0:416078,2016-12-17 10:33:27-493,2016-12-17 10:33:27-538
Success : LS : test2\a94a8fe5ccb19ba6\2a5bd02710e975a7\,0:-1,2016-12-17 10:33:27-539,2016-12-17 10:33:27-583
Success : CREATE_FILE : test2\a94a8fe5ccb19ba6\2a5bd02710e975a7\34E808F313536407,0:3294328,2016-12-17 10:33:27-583,2016-12-17 10:33:27-625
Success : LS : test2\a94a8fe5ccb19ba6\2a5bd02710e975a7\,0:-1,2016-12-17 10:33:27-625,2016-12-17 10:33:27-672
Success : CREATE_FILE : test2\a94a8fe5ccb19ba6\2a5bd02710e975a7\5D7745853B98B685,0:2938391,2016-12-17 10:33:27-672,2016-12-17 10:33:27-738
Success : LS : test2\a94a8fe5ccb19ba6\2a5bd02710e975a7\,0:-1,2016-12-17 10:33:27-738,2016-12-17 10:33:27-789
Success : CREATE_FILE : test2\a94a8fe5ccb19ba6\45491E2577EFBAFD,0:3167804,2016-12-17 10:33:27-789,2016-12-17 10:33:27-832
Success : SEQ_READ : test2\6c33a983eec1b409,0:0,2016-12-17 10:33:27-832,2016-12-17 10:33:27-881
Success : LS : test2\a94a8fe5ccb19ba6\,0:-1,2016-12-17 10:33:27-881,2016-12-17 10:33:27-931
Success : CREATE_FILE : test2\a94a8fe5ccb19ba6\2a5bd02710e975a7\20F7CA095F4D23ED,0:1793638,2016-12-17 10:33:27-932,2016-12-17 10:33:27-975
Success : LS : test2\a94a8fe5ccb19ba6\2a5bd02710e975a7\,0:-1,2016-12-17 10:33:27-975,2016-12-17 10:33:28-020
Success : CREATE_FILE : test2\a94a8fe5ccb19ba6\4117A8A369750D10,0:435295,2016-12-17 10:33:28-020,2016-12-17 10:33:28-063
Success : LS : test2\a94a8fe5ccb19ba6\,0:-1,2016-12-17 10:33:28-063,2016-12-17 10:33:28-107
Success : CREATE_FILE : test2\a94a8fe5ccb19ba6\2a5bd02710e975a7\3C84B2860D79D2C4,0:2624339,2016-12-17 10:33:28-107,2016-12-17 10:33:28-171
Success : LS : test2\a94a8fe5ccb19ba6\2a5bd02710e975a7\,0:-1,2016-12-17 10:33:28-171,2016-12-17 10:33:28-239
Success : CREATE_FILE : test2\a94a8fe5ccb19ba6\3ADC5FB12B9EE49F,0:4001892,2016-12-17 10:33:28-239,2016-12-17 10:33:28-283
Success : LS : test2\a94a8fe5ccb19ba6\,0:-1,2016-12-17 10:33:28-283,2016-12-17 10:33:28-327
Success : CREATE_FILE : test2\a94a8fe5ccb19ba6\2a5bd02710e975a7\191C33A3558837DE,0:3856649,2016-12-17 10:33:28-327,2016-12-17 10:33:28-371
Success : LS : test2\a94a8fe5ccb19ba6\2a5bd02710e975a7\,0:-1,2016-12-17 10:33:28-371,2016-12-17 10:33:28-416
Success : CREATE_FILE : test2\a94a8fe5ccb19ba6\2a5bd02710e975a7\39FAB50A232AC994,0:320927,2016-12-17 10:33:28-416,2016-12-17 10:33:28-460
Success : LS : test2\a94a8fe5ccb19ba6\2a5bd02710e975a7\,0:-1,2016-12-17 10:33:28-461,2016-12-17 10:33:28-506
Success : CREATE_FILE : test2\a94a8fe5ccb19ba6\2a5bd02710e975a7\1BDAB1D85D4531DB,0:875198,2016-12-17 10:33:28-506,2016-12-17 10:33:28-551
Success : LS : test2\a94a8fe5ccb19ba6\2a5bd02710e975a7\,0:-1,2016-12-17 10:33:28-552,2016-12-17 10:33:28-597
Success : CREATE_FILE : test2\a94a8fe5ccb19ba6\60118C032A87DE91,0:875756,2016-12-17 10:33:28-597,2016-12-17 10:33:28-645
Success : LS : test2\a94a8fe5ccb19ba6\,0:-1,2016-12-17 10:33:28-645,2016-12-17 10:33:28-690
Success : CREATE_FILE : test2\a94a8fe5ccb19ba6\52F9296A09FE639D,0:1050043,2016-12-17 10:33:28-690,2016-12-17 10:33:28-733
Success : LS : test2\a94a8fe5ccb19ba6\,0:-1,2016-12-17 10:33:28-734,2016-12-17 10:33:28-778
Success : CREATE_FILE : test2\a94a8fe5ccb19ba6\6AD938D22392EFB4,0:281617,2016-12-17 10:33:28-778,2016-12-17 10:33:28-847
Success : LS : test2\a94a8fe5ccb19ba6\,0:-1,2016-12-17 10:33:28-847,2016-12-17 10:33:28-920
Success : CREATE_FILE : test2\a94a8fe5ccb19ba6\2a5bd02710e975a7\6FEB554F0644BED0,0:3517177,2016-12-17 10:33:28-920,2016-12-17 10:33:28-985
Success : LS : test2\a94a8fe5ccb19ba6\2a5bd02710e975a7\,0:-1,2016-12-17 10:33:28-985,2016-12-17 10:33:29-030
Success : CREATE_FILE : test2\a94a8fe5ccb19ba6\2DEE05586457DCAB,0:2054175,2016-12-17 10:33:29-031,2016-12-17 10:33:29-080
Success : LS : test2\a94a8fe5ccb19ba6\,0:-1,2016-12-17 10:33:29-080,2016-12-17 10:33:29-124
Success : CREATE_FILE : test2\a94a8fe5ccb19ba6\0024114F7A1E8019,0:2165199,2016-12-17 10:33:29-124,2016-12-17 10:33:29-168
Success : LS : test2\a94a8fe5ccb19ba6\,0:-1,2016-12-17 10:33:29-169,2016-12-17 10:33:29-213
Success : CREATE_FILE : test2\a94a8fe5ccb19ba6\2a5bd02710e975a7\571DCC5925FCCD19,0:2187918,2016-12-17 10:33:29-214,2016-12-17 10:33:29-262
Success : LS : test2\a94a8fe5ccb19ba6\2a5bd02710e975a7\,0:-1,2016-12-17 10:33:29-262,2016-12-17 10:33:29-308
Success : CREATE_FILE : test2\a94a8fe5ccb19ba6\138412CD54EBB727,0:1885045,2016-12-17 10:33:29-308,2016-12-17 10:33:29-354
Success : LS : test2\a94a8fe5ccb19ba6\,0:-1,2016-12-17 10:33:29-354,2016-12-17 10:33:29-400
Success : CREATE_FILE : test2\a94a8fe5ccb19ba6\254C66987922A4A8,0:4065039,2016-12-17 10:33:29-400,2016-12-17 10:33:29-448
Success : LS : test2\a94a8fe5ccb19ba6\,0:-1,2016-12-17 10:33:29-448,2016-12-17 10:33:29-493
Success : CREATE_FILE : test2\a94a8fe5ccb19ba6\2a5bd02710e975a7\4181BFAF6B5DF37E,0:2618158,2016-12-17 10:33:29-493,2016-12-17 10:33:29-538
Success : LS : test2\a94a8fe5ccb19ba6\2a5bd02710e975a7\,0:-1,2016-12-17 10:33:29-538,2016-12-17 10:33:29-583
Success : CREATE_FILE : test2\a94a8fe5ccb19ba6\334F84FE76FAFC1B,0:2342881,2016-12-17 10:33:29-583,2016-12-17 10:33:29-628
Success : LS : test2\a94a8fe5ccb19ba6\,0:-1,2016-12-17 10:33:29-628,2016-12-17 10:33:29-674
Success : CREATE_FILE : test2\a94a8fe5ccb19ba6\2a5bd02710e975a7\417104775E78B8E2,0:2098111,2016-12-17 10:33:29-675,2016-12-17 10:33:29-731
Success : LS : test2\a94a8fe5ccb19ba6\2a5bd02710e975a7\,0:-1,2016-12-17 10:33:29-731,2016-12-17 10:33:29-776
Success : CREATE_FILE : test2\a94a8fe5ccb19ba6\2a5bd02710e975a7\284690904E1E3BB2,0:633345,2016-12-17 10:33:29-776,2016-12-17 10:33:29-821
Success : LS : test2\a94a8fe5ccb19ba6\2a5bd02710e975a7\,0:-1,2016-12-17 10:33:29-821,2016-12-17 10:33:29-868
Success : CREATE_FILE : test2\a94a8fe5ccb19ba6\3C2DCC756CBA3257,0:1784613,2016-12-17 10:33:29-868,2016-12-17 10:33:29-914
Success : LS : test2\a94a8fe5ccb19ba6\,0:-1,2016-12-17 10:33:29-914,2016-12-17 10:33:29-961
Success : CREATE_FILE : test2\a94a8fe5ccb19ba6\780A89CC63D17D7F,0:87476,2016-12-17 10:33:29-961,2016-12-17 10:33:30-006
Success : LS : test2\a94a8fe5ccb19ba6\,0:-1,2016-12-17 10:33:30-006,2016-12-17 10:33:30-052
Success : CREATE_FILE : test2\a94a8fe5ccb19ba6\2a5bd02710e975a7\06A5704D449A2088,0:163255,2016-12-17 10:33:30-052,2016-12-17 10:33:30-097
Success : LS : test2\a94a8fe5ccb19ba6\2a5bd02710e975a7\,0:-1,2016-12-17 10:33:30-097,2016-12-17 10:33:30-143
Success : CREATE_FILE : test2\a94a8fe5ccb19ba6\2a5bd02710e975a7\152398827EAA6EE0,0:1377321,2016-12-17 10:33:30-143,2016-12-17 10:33:30-194
Success : SEQ_READ : test2\6c33a983eec1b409,0:1024,2016-12-17 10:33:30-194,2016-12-17 10:33:30-242
Success : SEQ_READ : test1\c5a5e5562b038073\c7abaf0419c47a1d,0:206848,2016-12-17 10:33:30-242,2016-12-17 10:33:30-294
Success : LS : test2\a94a8fe5ccb19ba6\2a5bd02710e975a7\,0:-1,2016-12-17 10:33:30-294,2016-12-17 10:33:30-340
Success : CREATE_FILE : test2\a94a8fe5ccb19ba6\397D08DD158ACFC0,0:1828368,2016-12-17 10:33:30-340,2016-12-17 10:33:30-387
Success : LS : test2\a94a8fe5ccb19ba6\,0:-1,2016-12-17 10:33:30-387,2016-12-17 10:33:30-432
Success : CREATE_FILE : test2\a94a8fe5ccb19ba6\79A4275A1210B768,0:450482,2016-12-17 10:33:30-432,2016-12-17 10:33:30-481
Success : LS : test2\a94a8fe5ccb19ba6\,0:-1,2016-12-17 10:33:30-481,2016-12-17 10:33:30-528
Success : CREATE_FILE : test2\a94a8fe5ccb19ba6\0AF5DD800C321ACF,0:3862101,2016-12-17 10:33:30-528,2016-12-17 10:33:30-576
Success : LS : test2\a94a8fe5ccb19ba6\,0:-1,2016-12-17 10:33:30-576,2016-12-17 10:33:30-623
Success : CREATE_FILE : test2\a94a8fe5ccb19ba6\2a5bd02710e975a7\0D6012BE6AC07E66,0:3511049,2016-12-17 10:33:30-623,2016-12-17 10:33:30-671
Success : SEQ_READ : test2\8da7cc13802eefe0,0:21656576,2016-12-17 10:33:30-671,2016-12-17 10:33:30-724
Success : LS : test2\a94a8fe5ccb19ba6\2a5bd02710e975a7\,0:-1,2016-12-17 10:33:30-724,2016-12-17 10:33:30-772
Success : CREATE_FILE : test2\a94a8fe5ccb19ba6\45FE932F09C38330,0:1680815,2016-12-17 10:33:30-772,2016-12-17 10:33:30-821
Success : LS : test2\a94a8fe5ccb19ba6\,0:-1,2016-12-17 10:33:30-821,2016-12-17 10:33:30-872
Success : CREATE_FILE : test2\a94a8fe5ccb19ba6\43CB962F5FCD4C52,0:2003392,2016-12-17 10:33:30-872,2016-12-17 10:33:30-919
Success : LS : test2\a94a8fe5ccb19ba6\,0:-1,2016-12-17 10:33:30-919,2016-12-17 10:33:30-966
Success : CREATE_FILE : test2\a94a8fe5ccb19ba6\1ED7CEC9235E73E5,0:213048,2016-12-17 10:33:30-966,2016-12-17 10:33:31-014
Success : LS : test2\a94a8fe5ccb19ba6\,0:-1,2016-12-17 10:33:31-014,2016-12-17 10:33:31-064
Success : CREATE_FILE : test2\a94a8fe5ccb19ba6\3ACE8B70189196A6,0:3792546,2016-12-17 10:33:31-065,2016-12-17 10:33:31-111
Success : LS : test2\a94a8fe5ccb19ba6\,0:-1,2016-12-17 10:33:31-111,2016-12-17 10:33:31-158
Success : CREATE_FILE : test2\a94a8fe5ccb19ba6\2a5bd02710e975a7\3C204F6952F53194,0:3399418,2016-12-17 10:33:31-158,2016-12-17 10:33:31-205
Success : LS : test2\a94a8fe5ccb19ba6\2a5bd02710e975a7\,0:-1,2016-12-17 10:33:31-205,2016-12-17 10:33:31-252
Success : CREATE_FILE : test2\a94a8fe5ccb19ba6\3E26506E7CCD55D9,0:3739739,2016-12-17 10:33:31-252,2016-12-17 10:33:31-302
Success : LS : test2\a94a8fe5ccb19ba6\,0:-1,2016-12-17 10:33:31-303,2016-12-17 10:33:31-352
Success : CREATE_FILE : test2\a94a8fe5ccb19ba6\01C0B96163B674F4,0:2907658,2016-12-17 10:33:31-352,2016-12-17 10:33:31-399
Success : LS : test2\a94a8fe5ccb19ba6\,0:-1,2016-12-17 10:33:31-399,2016-12-17 10:33:31-448
Success : CREATE_FILE : test2\a94a8fe5ccb19ba6\1059A45144D74F73,0:1482510,2016-12-17 10:33:31-448,2016-12-17 10:33:31-496
Success : LS : test2\a94a8fe5ccb19ba6\,0:-1,2016-12-17 10:33:31-496,2016-12-17 10:33:31-545
Success : CREATE_FILE : test2\a94a8fe5ccb19ba6\2a5bd02710e975a7\3B39C3AE3AA8ED46,0:2955729,2016-12-17 10:33:31-545,2016-12-17 10:33:31-595
Success : LS : test2\a94a8fe5ccb19ba6\2a5bd02710e975a7\,0:-1,2016-12-17 10:33:31-595,2016-12-17 10:33:31-647
Success : CREATE_FILE : test2\a94a8fe5ccb19ba6\013834674C9E7176,0:4053023,2016-12-17 10:33:31-647,2016-12-17 10:33:31-695
Success : LS : test2\a94a8fe5ccb19ba6\,0:-1,2016-12-17 10:33:31-695,2016-12-17 10:33:31-743
Success : CREATE_FILE : test2\a94a8fe5ccb19ba6\2a5bd02710e975a7\50E5C9691F41DEB1,0:588791,2016-12-17 10:33:31-743,2016-12-17 10:33:31-797
Success : LS : test2\a94a8fe5ccb19ba6\2a5bd02710e975a7\,0:-1,2016-12-17 10:33:31-797,2016-12-17 10:33:31-846
Success : CREATE_FILE : test2\a94a8fe5ccb19ba6\2a5bd02710e975a7\043CF4814621D88D,0:1615832,2016-12-17 10:33:31-846,2016-12-17 10:33:31-904
Success : LS : test2\a94a8fe5ccb19ba6\2a5bd02710e975a7\,0:-1,2016-12-17 10:33:31-904,2016-12-17 10:33:31-952
Success : SEQ_READ : test2\8da7cc13802eefe0,0:4591616,2016-12-17 10:33:31-952,2016-12-17 10:33:32-001
Success : CREATE_FILE : test2\a94a8fe5ccb19ba6\701079CF527D8A77,0:1177445,2016-12-17 10:33:32-001,2016-12-17 10:33:32-049
Success : LS : test2\a94a8fe5ccb19ba6\,0:-1,2016-12-17 10:33:32-050,2016-12-17 10:33:32-099
Success : CREATE_FILE : test2\a94a8fe5ccb19ba6\2a5bd02710e975a7\20BC55552CCF4BD2,0:223717,2016-12-17 10:33:32-099,2016-12-17 10:33:32-151
Success : LS : test2\a94a8fe5ccb19ba6\2a5bd02710e975a7\,0:-1,2016-12-17 10:33:32-151,2016-12-17 10:33:32-202
Success : CREATE_FILE : test2\a94a8fe5ccb19ba6\591305420B188ED2,0:2463748,2016-12-17 10:33:32-202,2016-12-17 10:33:32-251
Success : LS : test2\a94a8fe5ccb19ba6\,0:-1,2016-12-17 10:33:32-251,2016-12-17 10:33:32-301
Success : CREATE_FILE : test2\a94a8fe5ccb19ba6\2a5bd02710e975a7\7A6F25955447064D,0:2788692,2016-12-17 10:33:32-302,2016-12-17 10:33:32-350
Success : LS : test2\a94a8fe5ccb19ba6\2a5bd02710e975a7\,0:-1,2016-12-17 10:33:32-350,2016-12-17 10:33:32-399
Success : CREATE_FILE : test2\a94a8fe5ccb19ba6\7F42ECE0498BBD93,0:429662,2016-12-17 10:33:32-399,2016-12-17 10:33:32-447
Success : LS : test2\a94a8fe5ccb19ba6\,0:-1,2016-12-17 10:33:32-447,2016-12-17 10:33:32-496
Success : CREATE_FILE : test2\a94a8fe5ccb19ba6\47423A6604274C3E,0:2610984,2016-12-17 10:33:32-496,2016-12-17 10:33:32-545
Success : LS : test2\a94a8fe5ccb19ba6\,0:-1,2016-12-17 10:33:32-545,2016-12-17 10:33:32-601
Success : SEQ_READ : test1\c5a5e5562b038073\2015a7ab48ae9a58,0:4096,2016-12-17 10:33:32-601,2016-12-17 10:33:32-653
Success : CREATE_FILE : test2\a94a8fe5ccb19ba6\331FFBF8534691D5,0:1775613,2016-12-17 10:33:32-653,2016-12-17 10:33:32-702
Success : LS : test2\a94a8fe5ccb19ba6\,0:-1,2016-12-17 10:33:32-702,2016-12-17 10:33:32-758
Success : CREATE_FILE : test2\a94a8fe5ccb19ba6\4048C32B142E219B,0:3353094,2016-12-17 10:33:32-758,2016-12-17 10:33:32-808
Success : LS : test2\a94a8fe5ccb19ba6\,0:-1,2016-12-17 10:33:32-808,2016-12-17 10:33:32-858
Success : CREATE_FILE : test2\a94a8fe5ccb19ba6\2a5bd02710e975a7\4EBBDB9A50842FE2,0:1110907,2016-12-17 10:33:32-859,2016-12-17 10:33:32-907
Success : LS : test2\a94a8fe5ccb19ba6\2a5bd02710e975a7\,0:-1,2016-12-17 10:33:32-907,2016-12-17 10:33:32-957
Success : CREATE_FILE : test2\a94a8fe5ccb19ba6\6A6B67912626F323,0:3619897,2016-12-17 10:33:32-957,2016-12-17 10:33:33-038
Success : LS : test2\a94a8fe5ccb19ba6\,0:-1,2016-12-17 10:33:33-038,2016-12-17 10:33:33-118
Success : CREATE_FILE : test2\a94a8fe5ccb19ba6\004A7488727F7EF4,0:2347323,2016-12-17 10:33:33-118,2016-12-17 10:33:33-168
Success : LS : test2\a94a8fe5ccb19ba6\,0:-1,2016-12-17 10:33:33-168,2016-12-17 10:33:33-221
Success : CREATE_FILE : test2\a94a8fe5ccb19ba6\75A36D5C521A008C,0:155159,2016-12-17 10:33:33-221,2016-12-17 10:33:33-271
Success : LS : test2\a94a8fe5ccb19ba6\,0:-1,2016-12-17 10:33:33-271,2016-12-17 10:33:33-321
Success : CREATE_FILE : test2\a94a8fe5ccb19ba6\2a5bd02710e975a7\6F56B12A18EEFFAB,0:30700,2016-12-17 10:33:33-321,2016-12-17 10:33:33-373
Success : LS : test2\a94a8fe5ccb19ba6\2a5bd02710e975a7\,0:-1,2016-12-17 10:33:33-373,2016-12-17 10:33:33-427
Success : CREATE_FILE : test2\a94a8fe5ccb19ba6\2a5bd02710e975a7\09C0375A7E3A0EB3,0:892390,2016-12-17 10:33:33-427,2016-12-17 10:33:33-487
Success : LS : test2\a94a8fe5ccb19ba6\2a5bd02710e975a7\,0:-1,2016-12-17 10:33:33-487,2016-12-17 10:33:33-548
Success : CREATE_FILE : test2\a94a8fe5ccb19ba6\2a5bd02710e975a7\26AD1483241E70A1,0:1836400,2016-12-17 10:33:33-548,2016-12-17 10:33:33-630
Success : LS : test2\a94a8fe5ccb19ba6\2a5bd02710e975a7\,0:-1,2016-12-17 10:33:33-630,2016-12-17 10:33:33-715
Success : CREATE_FILE : test2\a94a8fe5ccb19ba6\4478A9BE50379555,0:1643513,2016-12-17 10:33:33-715,2016-12-17 10:33:33-769
Success : LS : test2\a94a8fe5ccb19ba6\,0:-1,2016-12-17 10:33:33-769,2016-12-17 10:33:33-822
Success : CREATE_FILE : test2\a94a8fe5ccb19ba6\5D82DCD016AEA331,0:3602229,2016-12-17 10:33:33-823,2016-12-17 10:33:33-892
Success : LS : test2\a94a8fe5ccb19ba6\,0:-1,2016-12-17 10:33:33-892,2016-12-17 10:33:33-968
Success : CREATE_FILE : test2\a94a8fe5ccb19ba6\2F857EEB730729F1,0:1169942,2016-12-17 10:33:33-968,2016-12-17 10:33:34-046
Success : SEQ_READ : test2\a94a8fe5ccb19ba6\2a5bd02710e975a7\254d76d2609fec03,0:2048,2016-12-17 10:33:34-046,2016-12-17 10:33:34-098
Success : LS : test2\a94a8fe5ccb19ba6\,0:-1,2016-12-17 10:33:34-098,2016-12-17 10:33:34-148
Success : CREATE_FILE : test2\a94a8fe5ccb19ba6\2a5bd02710e975a7\240FC9DD21537C21,0:3513188,2016-12-17 10:33:34-149,2016-12-17 10:33:34-206
Success : LS : test2\a94a8fe5ccb19ba6\2a5bd02710e975a7\,0:-1,2016-12-17 10:33:34-206,2016-12-17 10:33:34-265
Success : CREATE_FILE : test2\a94a8fe5ccb19ba6\2a5bd02710e975a7\71BA27BF77159427,0:1853266,2016-12-17 10:33:34-266,2016-12-17 10:33:34-317
Success : LS : test2\a94a8fe5ccb19ba6\2a5bd02710e975a7\,0:-1,2016-12-17 10:33:34-317,2016-12-17 10:33:34-368
Success : CREATE_FILE : test2\a94a8fe5ccb19ba6\2515634E265C039F,0:3448616,2016-12-17 10:33:34-368,2016-12-17 10:33:34-421
Success : LS : test2\a94a8fe5ccb19ba6\,0:-1,2016-12-17 10:33:34-421,2016-12-17 10:33:34-472
Success : CREATE_FILE : test2\a94a8fe5ccb19ba6\5C3C94986BD55E97,0:2659625,2016-12-17 10:33:34-472,2016-12-17 10:33:34-524
Success : LS : test2\a94a8fe5ccb19ba6\,0:-1,2016-12-17 10:33:34-525,2016-12-17 10:33:34-577
Success : CREATE_FILE : test2\a94a8fe5ccb19ba6\5A60FB155458A3AF,0:3870618,2016-12-17 10:33:34-577,2016-12-17 10:33:34-637
Success : LS : test2\a94a8fe5ccb19ba6\,0:-1,2016-12-17 10:33:34-637,2016-12-17 10:33:34-688
Success : CREATE_FILE : test2\a94a8fe5ccb19ba6\2a5bd02710e975a7\194205F84534B44B,0:232850,2016-12-17 10:33:34-688,2016-12-17 10:33:34-746
Success : LS : test2\a94a8fe5ccb19ba6\2a5bd02710e975a7\,0:-1,2016-12-17 10:33:34-746,2016-12-17 10:33:34-798
Success : CREATE_FILE : test2\a94a8fe5ccb19ba6\2a5bd02710e975a7\1CD13E4D09BCBF45,0:2135029,2016-12-17 10:33:34-799,2016-12-17 10:33:34-851
Success : LS : test2\a94a8fe5ccb19ba6\2a5bd02710e975a7\,0:-1,2016-12-17 10:33:34-851,2016-12-17 10:33:34-904
Success : CREATE_FILE : test2\a94a8fe5ccb19ba6\7A8BF5D244C3AB5B,0:1475806,2016-12-17 10:33:34-904,2016-12-17 10:33:34-960
Success : LS : test2\a94a8fe5ccb19ba6\,0:-1,2016-12-17 10:33:34-960,2016-12-17 10:33:35-012
Success : CREATE_FILE : test2\a94a8fe5ccb19ba6\31BE467E728B14E3,0:1764531,2016-12-17 10:33:35-012,2016-12-17 10:33:35-066
Success : LS : test2\a94a8fe5ccb19ba6\,0:-1,2016-12-17 10:33:35-066,2016-12-17 10:33:35-118
Success : CREATE_FILE : test2\a94a8fe5ccb19ba6\12FE22982813283D,0:3086599,2016-12-17 10:33:35-118,2016-12-17 10:33:35-170
Success : LS : test2\a94a8fe5ccb19ba6\,0:-1,2016-12-17 10:33:35-170,2016-12-17 10:33:35-222
Success : CREATE_FILE : test2\a94a8fe5ccb19ba6\0EEFA426263B1CBF,0:4065127,2016-12-17 10:33:35-222,2016-12-17 10:33:35-273
Success : LS : test2\a94a8fe5ccb19ba6\,0:-1,2016-12-17 10:33:35-273,2016-12-17 10:33:35-325
Success : CREATE_FILE : test2\a94a8fe5ccb19ba6\2a5bd02710e975a7\22DDD7BD590E2D32,0:3032463,2016-12-17 10:33:35-326,2016-12-17 10:33:35-377
Success : LS : test2\a94a8fe5ccb19ba6\2a5bd02710e975a7\,0:-1,2016-12-17 10:33:35-377,2016-12-17 10:33:35-430
Success : CREATE_FILE : test2\a94a8fe5ccb19ba6\2F449F2145DF53F4,0:304480,2016-12-17 10:33:35-430,2016-12-17 10:33:35-483
Success : LS : test2\a94a8fe5ccb19ba6\,0:-1,2016-12-17 10:33:35-483,2016-12-17 10:33:35-541
Success : CREATE_FILE : test2\a94a8fe5ccb19ba6\50F89C3437C62280,0:780261,2016-12-17 10:33:35-541,2016-12-17 10:33:35-596
Success : LS : test2\a94a8fe5ccb19ba6\,0:-1,2016-12-17 10:33:35-596,2016-12-17 10:33:35-649
Success : CREATE_FILE : test2\a94a8fe5ccb19ba6\39F7243821674135,0:566863,2016-12-17 10:33:35-650,2016-12-17 10:33:35-704
Success : LS : test2\a94a8fe5ccb19ba6\,0:-1,2016-12-17 10:33:35-704,2016-12-17 10:33:35-759
Success : CREATE_FILE : test2\a94a8fe5ccb19ba6\2a5bd02710e975a7\3AE6EFEA2D485111,0:132425,2016-12-17 10:33:35-759,2016-12-17 10:33:35-815
Success : LS : test2\a94a8fe5ccb19ba6\2a5bd02710e975a7\,0:-1,2016-12-17 10:33:35-815,2016-12-17 10:33:35-871
Success : CREATE_FILE : test2\a94a8fe5ccb19ba6\2a5bd02710e975a7\18F1B31E3541262D,0:1515915,2016-12-17 10:33:35-871,2016-12-17 10:33:35-926
Success : LS : test2\a94a8fe5ccb19ba6\2a5bd02710e975a7\,0:-1,2016-12-17 10:33:35-926,2016-12-17 10:33:35-988
Success : CREATE_FILE : test2\a94a8fe5ccb19ba6\5629A32B14F14FEE,0:1786659,2016-12-17 10:33:35-988,2016-12-17 10:33:36-042
Success : LS : test2\a94a8fe5ccb19ba6\,0:-1,2016-12-17 10:33:36-042,2016-12-17 10:33:36-097
Success : CREATE_FILE : test2\a94a8fe5ccb19ba6\4ED3811F71DB07B4,0:1841087,2016-12-17 10:33:36-097,2016-12-17 10:33:36-150
Success : LS : test2\a94a8fe5ccb19ba6\,0:-1,2016-12-17 10:33:36-150,2016-12-17 10:33:36-213
Success : CREATE_FILE : test2\a94a8fe5ccb19ba6\2B21C6177A0B4687,0:4052759,2016-12-17 10:33:36-213,2016-12-17 10:33:36-268
Success : LS : test2\a94a8fe5ccb19ba6\,0:-1,2016-12-17 10:33:36-268,2016-12-17 10:33:36-322
Success : CREATE_FILE : test2\a94a8fe5ccb19ba6\4F13AC0F39D54573,0:1914933,2016-12-17 10:33:36-322,2016-12-17 10:33:36-407
Success : LS : test2\a94a8fe5ccb19ba6\,0:-1,2016-12-17 10:33:36-408,2016-12-17 10:33:36-493
Success : CREATE_FILE : test2\a94a8fe5ccb19ba6\60974B791F4CCC6A,0:309307,2016-12-17 10:33:36-493,2016-12-17 10:33:36-552
Success : LS : test2\a94a8fe5ccb19ba6\,0:-1,2016-12-17 10:33:36-552,2016-12-17 10:33:36-607
Success : CREATE_FILE : test2\a94a8fe5ccb19ba6\22F57E1449C053CE,0:1076599,2016-12-17 10:33:36-607,2016-12-17 10:33:36-661
Success : LS : test2\a94a8fe5ccb19ba6\,0:-1,2016-12-17 10:33:36-661,2016-12-17 10:33:36-715
Success : CREATE_FILE : test2\a94a8fe5ccb19ba6\2819149428F42472,0:2128529,2016-12-17 10:33:36-715,2016-12-17 10:33:36-769
Success : LS : test2\a94a8fe5ccb19ba6\,0:-1,2016-12-17 10:33:36-769,2016-12-17 10:33:36-829
Success : CREATE_FILE : test2\a94a8fe5ccb19ba6\3CE7B83E52E70623,0:3238890,2016-12-17 10:33:36-829,2016-12-17 10:33:36-906
Success : LS : test2\a94a8fe5ccb19ba6\,0:-1,2016-12-17 10:33:36-906,2016-12-17 10:33:36-971
Success : CREATE_FILE : test2\a94a8fe5ccb19ba6\4AF97E046D82F7C3,0:2873082,2016-12-17 10:33:36-971,2016-12-17 10:33:37-025
Success : LS : test2\a94a8fe5ccb19ba6\,0:-1,2016-12-17 10:33:37-025,2016-12-17 10:33:37-104
Success : CREATE_FILE : test2\a94a8fe5ccb19ba6\2a5bd02710e975a7\1117111270F7527D,0:496654,2016-12-17 10:33:37-104,2016-12-17 10:33:37-166
Success : LS : test2\a94a8fe5ccb19ba6\2a5bd02710e975a7\,0:-1,2016-12-17 10:33:37-166,2016-12-17 10:33:37-220
Success : CREATE_FILE : test2\a94a8fe5ccb19ba6\2a5bd02710e975a7\174983444449D870,0:1169027,2016-12-17 10:33:37-220,2016-12-17 10:33:37-274
Success : LS : test2\a94a8fe5ccb19ba6\2a5bd02710e975a7\,0:-1,2016-12-17 10:33:37-274,2016-12-17 10:33:37-330
Success : CREATE_FILE : test2\a94a8fe5ccb19ba6\2a5bd02710e975a7\57364E724DFA0517,0:3191527,2016-12-17 10:33:37-330,2016-12-17 10:33:37-385
Success : LS : test2\a94a8fe5ccb19ba6\2a5bd02710e975a7\,0:-1,2016-12-17 10:33:37-385,2016-12-17 10:33:37-441
Success : CREATE_FILE : test2\a94a8fe5ccb19ba6\2a5bd02710e975a7\5C926EA634A59228,0:3750442,2016-12-17 10:33:37-441,2016-12-17 10:33:37-497
Success : LS : test2\a94a8fe5ccb19ba6\2a5bd02710e975a7\,0:-1,2016-12-17 10:33:37-497,2016-12-17 10:33:37-553
Success : CREATE_FILE : test2\a94a8fe5ccb19ba6\517FFF7012BB07B8,0:4049422,2016-12-17 10:33:37-553,2016-12-17 10:33:37-608
Success : LS : test2\a94a8fe5ccb19ba6\,0:-1,2016-12-17 10:33:37-609,2016-12-17 10:33:37-663
Success : CREATE_FILE : test2\a94a8fe5ccb19ba6\3219108D3A368AFE,0:4077961,2016-12-17 10:33:37-663,2016-12-17 10:33:37-719
Success : LS : test2\a94a8fe5ccb19ba6\,0:-1,2016-12-17 10:33:37-720,2016-12-17 10:33:37-775
Success : CREATE_FILE : test2\a94a8fe5ccb19ba6\437388186ECA7956,0:3659025,2016-12-17 10:33:37-776,2016-12-17 10:33:37-831
Success : LS : test2\a94a8fe5ccb19ba6\,0:-1,2016-12-17 10:33:37-831,2016-12-17 10:33:37-887
Success : CREATE_FILE : test2\a94a8fe5ccb19ba6\2a5bd02710e975a7\061440E21D507986,0:1325961,2016-12-17 10:33:37-887,2016-12-17 10:33:37-945
Success : LS : test2\a94a8fe5ccb19ba6\2a5bd02710e975a7\,0:-1,2016-12-17 10:33:37-945,2016-12-17 10:33:38-005
Success : CREATE_FILE : test2\a94a8fe5ccb19ba6\50D794362C426CC5,0:802726,2016-12-17 10:33:38-005,2016-12-17 10:33:38-066
Success : SEQ_READ : test2\acde102dac5bbe15,0:1024,2016-12-17 10:33:38-066,2016-12-17 10:33:38-124
Success : SEQ_READ : test1\c5a5e5562b038073\c7abaf0419c47a1d,0:712704,2016-12-17 10:33:38-124,2016-12-17 10:33:38-181
Success : LS : test2\a94a8fe5ccb19ba6\,0:-1,2016-12-17 10:33:38-181,2016-12-17 10:33:38-240
Success : CREATE_FILE : test2\a94a8fe5ccb19ba6\2a5bd02710e975a7\30992BBD40A296FA,0:2039327,2016-12-17 10:33:38-240,2016-12-17 10:33:38-297
Success : LS : test2\a94a8fe5ccb19ba6\2a5bd02710e975a7\,0:-1,2016-12-17 10:33:38-297,2016-12-17 10:33:38-354
Success : CREATE_FILE : test2\a94a8fe5ccb19ba6\1F8C11B306DCC9F2,0:3202552,2016-12-17 10:33:38-354,2016-12-17 10:33:38-446
Success : LS : test2\a94a8fe5ccb19ba6\,0:-1,2016-12-17 10:33:38-446,2016-12-17 10:33:38-536
Success : CREATE_FILE : test2\a94a8fe5ccb19ba6\1AD3229919D70CF9,0:903832,2016-12-17 10:33:38-536,2016-12-17 10:33:38-626
Success : LS : test2\a94a8fe5ccb19ba6\,0:-1,2016-12-17 10:33:38-626,2016-12-17 10:33:38-708
Success : CREATE_FILE : test2\a94a8fe5ccb19ba6\674ACB6209F58E1C,0:3810884,2016-12-17 10:33:38-709,2016-12-17 10:33:38-768
Success : SEQ_READ : test2\8da7cc13802eefe0,0:22098944,2016-12-17 10:33:38-769,2016-12-17 10:33:38-830
Success : SEQ_READ : test2\8da7cc13802eefe0,0:3039232,2016-12-17 10:33:38-830,2016-12-17 10:33:38-924
Success : LS : test2\a94a8fe5ccb19ba6\,0:-1,2016-12-17 10:33:38-924,2016-12-17 10:33:38-999
Success : CREATE_FILE : test2\a94a8fe5ccb19ba6\2a5bd02710e975a7\189B1D7023EC28E8,0:399718,2016-12-17 10:33:38-999,2016-12-17 10:33:39-055
Success : LS : test2\a94a8fe5ccb19ba6\2a5bd02710e975a7\,0:-1,2016-12-17 10:33:39-055,2016-12-17 10:33:39-112
Success : CREATE_FILE : test2\a94a8fe5ccb19ba6\4294732B179786C4,0:3959115,2016-12-17 10:33:39-112,2016-12-17 10:33:39-171
Success : LS : test2\a94a8fe5ccb19ba6\,0:-1,2016-12-17 10:33:39-171,2016-12-17 10:33:39-227
Success : CREATE_FILE : test2\a94a8fe5ccb19ba6\3CF4C61B7BE0FE88,0:3300252,2016-12-17 10:33:39-227,2016-12-17 10:33:39-283
Success : LS : test2\a94a8fe5ccb19ba6\,0:-1,2016-12-17 10:33:39-283,2016-12-17 10:33:39-339
Success : CREATE_FILE : test2\a94a8fe5ccb19ba6\57DB27FF2CEC741F,0:3076111,2016-12-17 10:33:39-339,2016-12-17 10:33:39-396
Success : LS : test2\a94a8fe5ccb19ba6\,0:-1,2016-12-17 10:33:39-396,2016-12-17 10:33:39-453
Success : CREATE_FILE : test2\a94a8fe5ccb19ba6\003226BC3E29E9EF,0:3124914,2016-12-17 10:33:39-453,2016-12-17 10:33:39-510
Success : LS : test2\a94a8fe5ccb19ba6\,0:-1,2016-12-17 10:33:39-510,2016-12-17 10:33:39-567
Success : CREATE_FILE : test2\a94a8fe5ccb19ba6\0692961741FC7BEE,0:2828145,2016-12-17 10:33:39-567,2016-12-17 10:33:39-625
Success : LS : test2\a94a8fe5ccb19ba6\,0:-1,2016-12-17 10:33:39-625,2016-12-17 10:33:39-684
Success : CREATE_FILE : test2\a94a8fe5ccb19ba6\4EAB2E3301279474,0:1747281,2016-12-17 10:33:39-685,2016-12-17 10:33:39-742
Success : LS : test2\a94a8fe5ccb19ba6\,0:-1,2016-12-17 10:33:39-742,2016-12-17 10:33:39-801
Success : CREATE_FILE : test2\a94a8fe5ccb19ba6\2018EFEF051BCA4F,0:1356541,2016-12-17 10:33:39-801,2016-12-17 10:33:39-860
Success : LS : test2\a94a8fe5ccb19ba6\,0:-1,2016-12-17 10:33:39-860,2016-12-17 10:33:39-918
Success : CREATE_FILE : test2\a94a8fe5ccb19ba6\2a5bd02710e975a7\087D862C6050B41B,0:2762099,2016-12-17 10:33:39-919,2016-12-17 10:33:39-978
Success : LS : test2\a94a8fe5ccb19ba6\2a5bd02710e975a7\,0:-1,2016-12-17 10:33:39-978,2016-12-17 10:33:40-036
Success : CREATE_FILE : test2\a94a8fe5ccb19ba6\2a5bd02710e975a7\2F9EFDC946E8DAEB,0:3764140,2016-12-17 10:33:40-036,2016-12-17 10:33:40-120
Success : LS : test2\a94a8fe5ccb19ba6\2a5bd02710e975a7\,0:-1,2016-12-17 10:33:40-120,2016-12-17 10:33:40-179
Success : CREATE_FILE : test2\a94a8fe5ccb19ba6\1C0CE96D3F7EF767,0:240756,2016-12-17 10:33:40-179,2016-12-17 10:33:40-237
Success : LS : test2\a94a8fe5ccb19ba6\,0:-1,2016-12-17 10:33:40-237,2016-12-17 10:33:40-299
Success : CREATE_FILE : test2\a94a8fe5ccb19ba6\6D9F448852170A35,0:855392,2016-12-17 10:33:40-299,2016-12-17 10:33:40-357
Success : LS : test2\a94a8fe5ccb19ba6\,0:-1,2016-12-17 10:33:40-357,2016-12-17 10:33:40-416
Success : CREATE_FILE : test2\a94a8fe5ccb19ba6\2a5bd02710e975a7\633985EC6DE63034,0:2659311,2016-12-17 10:33:40-417,