Success : SEQ_READ : test2\bc9c8ba7ff351f3e,0:95232,2016-12-15 16:42:50-381,2016-12-15 16:42:50-394
Success : CREATE_FILE : test2\a94a8fe5ccb19ba6\2a5bd02710e975a7\756C0A326161368D,0:1269524,2016-12-15 16:42:50-790,2016-12-15 16:42:51-023
Success : LS : test2\a94a8fe5ccb19ba6\2a5bd02710e975a7\,0:-1,2016-12-15 16:42:51-023,2016-12-15 16:42:51-024
Success : CREATE_FILE : test2\a94a8fe5ccb19ba6\03D6224567196B5A,0:3314674,2016-12-15 16:42:58-011,2016-12-15 16:42:58-481
Success : LS : test2\a94a8fe5ccb19ba6\,0:-1,2016-12-15 16:42:58-481,2016-12-15 16:42:58-481
Success : CREATE_FILE : test2\a94a8fe5ccb19ba6\033520CB3AC21BC0,0:2108382,2016-12-15 16:43:08-762,2016-12-15 16:43:09-092
Success : LS : test2\a94a8fe5ccb19ba6\,0:-1,2016-12-15 16:43:09-093,2016-12-15 16:43:09-093
Success : CREATE_FILE : test2\a94a8fe5ccb19ba6\6C2E510226FD60AE,0:3623489,2016-12-15 16:43:13-418,2016-12-15 16:43:13-933
Success : LS : test2\a94a8fe5ccb19ba6\,0:-1,2016-12-15 16:43:13-934,2016-12-15 16:43:13-934
Success : SEQ_READ : test1\c5a5e5562b038073\a39ea9c72a98de10\11562aa867a5f398,0:1024,2016-12-15 16:43:15-301,2016-12-15 16:43:15-306
Success : SEQ_READ : test2\bc9c8ba7ff351f3e,0:198656,2016-12-15 16:43:26-090,2016-12-15 16:43:26-109
Success : CREATE_FILE : test2\a94a8fe5ccb19ba6\2a5bd02710e975a7\77C70E3A42715D64,0:1221927,2016-12-15 16:43:30-898,2016-12-15 16:43:31-121
Success : LS : test2\a94a8fe5ccb19ba6\2a5bd02710e975a7\,0:-1,2016-12-15 16:43:31-121,2016-12-15 16:43:31-121
Success : RANDOM_READ : test1\c5a5e5562b038073\767c14c8beb1e835,0:48128,2016-12-15 16:43:35-388,2016-12-15 16:43:35-394
Success : RANDOM_READ : test2\1a7683b6645f9b6a,0:14336,2016-12-15 16:43:39-797,2016-12-15 16:43:39-800
Success : RANDOM_READ : test1\c5a5e5562b038073\6670af231c096f09,0:46,2016-12-15 16:43:49-087,2016-12-15 16:43:49-089
Success : SEQ_READ : test1\c5a5e5562b038073\a39ea9c72a98de10\4a90c52e52d54ede,0:1,2016-12-15 16:43:49-673,2016-12-15 16:43:49-674
Success : CREATE_FILE : test2\a94a8fe5ccb19ba6\74F25FAB38F60E5C,0:1643274,2016-12-15 16:43:50-121,2016-12-15 16:43:50-394
Success : LS : test2\a94a8fe5ccb19ba6\,0:-1,2016-12-15 16:43:50-394,2016-12-15 16:43:50-394
Success : SEQ_READ : test1\c5a5e5562b038073\a39ea9c72a98de10\11562aa867a5f398,0:2048,2016-12-15 16:44:01-077,2016-12-15 16:44:01-079
Success : SEQ_READ : test2\a94a8fe5ccb19ba6\2a5bd02710e975a7\254d76d2609fec03,0:1,2016-12-15 16:44:05-904,2016-12-15 16:44:05-905
Success : RANDOM_READ : test1\c5a5e5562b038073\a39ea9c72a98de10\11562aa867a5f398,0:1024,2016-12-15 16:44:08-584,2016-12-15 16:44:08-586
Success : CREATE_FILE : test2\a94a8fe5ccb19ba6\2a5bd02710e975a7\246C2F9812021922,0:2282798,2016-12-15 16:44:09-828,2016-12-15 16:44:10-188
Success : LS : test2\a94a8fe5ccb19ba6\2a5bd02710e975a7\,0:-1,2016-12-15 16:44:10-188,2016-12-15 16:44:10-188
Success : CREATE_FILE : test2\a94a8fe5ccb19ba6\2a5bd02710e975a7\4B74BF5E68AAF50D,0:897831,2016-12-15 16:44:25-559,2016-12-15 16:44:25-747
Success : LS : test2\a94a8fe5ccb19ba6\2a5bd02710e975a7\,0:-1,2016-12-15 16:44:25-747,2016-12-15 16:44:25-747
Success : CREATE_FILE : test2\a94a8fe5ccb19ba6\2a5bd02710e975a7\00087F4D74F2D331,0:1034146,2016-12-15 16:44:28-923,2016-12-15 16:44:29-123
Success : LS : test2\a94a8fe5ccb19ba6\2a5bd02710e975a7\,0:-1,2016-12-15 16:44:29-124,2016-12-15 16:44:29-124
Success : RANDOM_READ : test1\c5a5e5562b038073\fbe0d7653f0909cb,0:1024,2016-12-15 16:44:53-213,2016-12-15 16:44:53-215
Success : CREATE_FILE : test2\a94a8fe5ccb19ba6\2a5bd02710e975a7\79886C302729A492,0:1979158,2016-12-15 16:44:53-914,2016-12-15 16:44:54-230
Success : LS : test2\a94a8fe5ccb19ba6\2a5bd02710e975a7\,0:-1,2016-12-15 16:44:54-231,2016-12-15 16:44:54-231
Success : CREATE_FILE : test2\a94a8fe5ccb19ba6\0F6B45E409045BBC,0:2411109,2016-12-15 16:45:00-867,2016-12-15 16:45:01-460
Success : LS : test2\a94a8fe5ccb19ba6\,0:-1,2016-12-15 16:45:01-461,2016-12-15 16:45:01-461
Success : RANDOM_READ : test1\c5a5e5562b038073\f72cdbcd84f047a5,0:2048,2016-12-15 16:45:09-498,2016-12-15 16:45:09-500
Success : RANDOM_READ : test1\c5a5e5562b038073\c7734a16bf12bb03,0:41984,2016-12-15 16:45:13-266,2016-12-15 16:45:13-271
Success : CREATE_FILE : test2\a94a8fe5ccb19ba6\265217121488E4FC,0:2839744,2016-12-15 16:45:15-897,2016-12-15 16:45:16-299
Success : LS : test2\a94a8fe5ccb19ba6\,0:-1,2016-12-15 16:45:16-300,2016-12-15 16:45:16-300
Success : RANDOM_READ : test1\c5a5e5562b038073\0caa882bd1034750,0:12288,2016-12-15 16:45:26-749,2016-12-15 16:45:26-752
Success : RANDOM_READ : test2\acde102dac5bbe15,0:4096,2016-12-15 16:45:33-896,2016-12-15 16:45:33-898
Success : RANDOM_READ : test1\c5a5e5562b038073\05d1f0ed74e78555,0:21504,2016-12-15 16:45:37-628,2016-12-15 16:45:37-631
Success : SEQ_READ : test2\bc9c8ba7ff351f3e,0:135168,2016-12-15 16:45:39-084,2016-12-15 16:45:39-097
Success : SEQ_READ : test1\f71b43c3136efa4f\c7d9912886e5ccc7\6670af231c096f09,0:129,2016-12-15 16:45:40-422,2016-12-15 16:45:40-424
Success : CREATE_FILE : test2\a94a8fe5ccb19ba6\2a5bd02710e975a7\05621A025B31A360,0:2109845,2016-12-15 16:45:43-011,2016-12-15 16:45:43-385
Success : LS : test2\a94a8fe5ccb19ba6\2a5bd02710e975a7\,0:-1,2016-12-15 16:45:43-385,2016-12-15 16:45:43-385
Success : RANDOM_READ : test2\a94a8fe5ccb19ba6\2a5bd02710e975a7\254d76d2609fec03,0:1024,2016-12-15 16:45:49-258,2016-12-15 16:45:49-259
Success : RANDOM_READ : test1\c5a5e5562b038073\3c16ab634e85296e,0:47104,2016-12-15 16:45:50-765,2016-12-15 16:45:50-771
Success : SEQ_READ : test1\c5a5e5562b038073\2015a7ab48ae9a58,0:23552,2016-12-15 16:45:55-221,2016-12-15 16:45:55-225
Success : CREATE_FILE : test2\a94a8fe5ccb19ba6\19A6495B0530568F,0:3964904,2016-12-15 16:45:56-638,2016-12-15 16:45:57-191
Success : LS : test2\a94a8fe5ccb19ba6\,0:-1,2016-12-15 16:45:57-191,2016-12-15 16:45:57-191
Success : SEQ_READ : test2\1a7683b6645f9b6a,0:2048,2016-12-15 16:45:57-192,2016-12-15 16:45:57-193
Success : CREATE_FILE : test2\a94a8fe5ccb19ba6\2a5bd02710e975a7\3927E4173A87743B,0:2843499,2016-12-15 16:45:57-961,2016-12-15 16:45:58-409
Success : LS : test2\a94a8fe5ccb19ba6\2a5bd02710e975a7\,0:-1,2016-12-15 16:45:58-409,2016-12-15 16:45:58-409
Success : CREATE_FILE : test2\a94a8fe5ccb19ba6\562701242557F04F,0:1743944,2016-12-15 16:46:01-832,2016-12-15 16:46:02-104
Success : LS : test2\a94a8fe5ccb19ba6\,0:-1,2016-12-15 16:46:02-104,2016-12-15 16:46:02-104
Success : RANDOM_READ : test2\bc9c8ba7ff351f3e,0:9216,2016-12-15 16:46:10-284,2016-12-15 16:46:10-287
Success : SEQ_READ : test2\bc9c8ba7ff351f3e,0:183296,2016-12-15 16:46:10-575,2016-12-15 16:46:10-593
Success : SEQ_READ : test1\c5a5e5562b038073\c7abaf0419c47a1d,0:318464,2016-12-15 16:46:20-040,2016-12-15 16:46:20-069
Success : RANDOM_READ : test1\c5a5e5562b038073\a39ea9c72a98de10\41288c58009f7f6a,0:477,2016-12-15 16:46:22-383,2016-12-15 16:46:22-384
Success : SEQ_READ : test1\c5a5e5562b038073\0189424a5a60fed3\46a8219c2ae6c782,0:401408,2016-12-15 16:46:28-768,2016-12-15 16:46:28-804
Success : SEQ_READ : test2\a94a8fe5ccb19ba6\2a5bd02710e975a7\3eef580036f1724a,0:257,2016-12-15 16:46:29-212,2016-12-15 16:46:29-216
Success : CREATE_FILE : test2\a94a8fe5ccb19ba6\2a5bd02710e975a7\38040C9F28199DB9,0:3020842,2016-12-15 16:46:32-993,2016-12-15 16:46:33-467
Success : LS : test2\a94a8fe5ccb19ba6\2a5bd02710e975a7\,0:-1,2016-12-15 16:46:33-467,2016-12-15 16:46:33-467
Success : CREATE_FILE : test2\a94a8fe5ccb19ba6\46A56B2F7D9893A0,0:1620869,2016-12-15 16:46:43-598,2016-12-15 16:46:43-964
Success : LS : test2\a94a8fe5ccb19ba6\,0:-1,2016-12-15 16:46:43-964,2016-12-15 16:46:43-964
Success : CREATE_FILE : test2\a94a8fe5ccb19ba6\2382612E7694CD6B,0:586447,2016-12-15 16:47:00-693,2016-12-15 16:47:00-832
Success : LS : test2\a94a8fe5ccb19ba6\,0:-1,2016-12-15 16:47:00-832,2016-12-15 16:47:00-832
Success : CREATE_FILE : test2\a94a8fe5ccb19ba6\4F671D2E26C3CBD8,0:1775206,2016-12-15 16:47:11-044,2016-12-15 16:47:11-366
Success : LS : test2\a94a8fe5ccb19ba6\,0:-1,2016-12-15 16:47:11-366,2016-12-15 16:47:11-366
Success : SEQ_READ : test1\c5a5e5562b038073\767c14c8beb1e835,0:3311616,2016-12-15 16:47:20-784,2016-12-15 16:47:21-074
Success : RANDOM_READ : test2\49f03965cf98b1f5,0:1,2016-12-15 16:47:38-469,2016-12-15 16:47:38-471
Success : CREATE_FILE : test2\a94a8fe5ccb19ba6\4209E19579317573,0:3220994,2016-12-15 16:47:39-627,2016-12-15 16:47:40-098
Success : LS : test2\a94a8fe5ccb19ba6\,0:-1,2016-12-15 16:47:40-098,2016-12-15 16:47:40-098
Success : RANDOM_READ : test1\f71b43c3136efa4f\c7d9912886e5ccc7\6670af231c096f09,0:129,2016-12-15 16:47:50-275,2016-12-15 16:47:50-276
