Success : SEQ_READ : test1\c5a5e5562b038073\c7734a16bf12bb03,0:364726,2016-12-16 15:33:51-530,2016-12-16 15:33:52-522
Success : SEQ_READ : test1\f71b43c3136efa4f\c7d9912886e5ccc7\6670af231c096f09,0:129,2016-12-16 15:33:52-522,2016-12-16 15:33:52-789
Success : SEQ_READ : test1\c5a5e5562b038073\0189424a5a60fed3\feb6a1968982109d,0:20126138,2016-12-16 15:33:52-789,2016-12-16 15:33:53-090
Success : CREATE_FILE : test2\a94a8fe5ccb19ba6\22A22F983AF2117B,0:1893120,2016-12-16 15:33:53-091,2016-12-16 15:33:54-526
Success : LS : test2\a94a8fe5ccb19ba6\,0:-1,2016-12-16 15:33:54-526,2016-12-16 15:33:54-635
Success : CREATE_FILE : test2\a94a8fe5ccb19ba6\660EF3390A32E949,0:1356410,2016-12-16 15:33:54-636,2016-12-16 15:33:55-384
Success : SEQ_READ : test1\c5a5e5562b038073\88fe52fe40fa2264,0:2854,2016-12-16 15:33:55-384,2016-12-16 15:33:55-699
Success : LS : test2\a94a8fe5ccb19ba6\,0:-1,2016-12-16 15:33:55-700,2016-12-16 15:33:55-830
Success : CREATE_FILE : test2\a94a8fe5ccb19ba6\2a5bd02710e975a7\33B8F3D53C6DE587,0:559342,2016-12-16 15:33:55-832,2016-12-16 15:33:56-224
Success : LS : test2\a94a8fe5ccb19ba6\2a5bd02710e975a7\,0:-1,2016-12-16 15:33:56-225,2016-12-16 15:33:56-336
Success : CREATE_FILE : test2\a94a8fe5ccb19ba6\37C0166E7CA18F20,0:1050094,2016-12-16 15:33:56-337,2016-12-16 15:33:56-651
Success : LS : test2\a94a8fe5ccb19ba6\,0:-1,2016-12-16 15:33:56-651,2016-12-16 15:33:56-749
Success : CREATE_FILE : test2\a94a8fe5ccb19ba6\50A8EAA6095B70EB,0:2758977,2016-12-16 15:34:11-694,2016-12-16 15:34:13-782
Success : LS : test2\a94a8fe5ccb19ba6\,0:-1,2016-12-16 15:34:13-783,2016-12-16 15:34:13-889
Success : CREATE_FILE : test2\a94a8fe5ccb19ba6\22FDA66E07E5DB0D,0:3209630,2016-12-16 15:34:30-691,2016-12-16 15:34:33-312
Success : LS : test2\a94a8fe5ccb19ba6\,0:-1,2016-12-16 15:34:33-313,2016-12-16 15:34:33-441
Success : CREATE_FILE : test2\a94a8fe5ccb19ba6\3F77AB6750901068,0:13585,2016-12-16 15:34:35-835,2016-12-16 15:34:36-169
Success : LS : test2\a94a8fe5ccb19ba6\,0:-1,2016-12-16 15:34:36-170,2016-12-16 15:34:36-258
Success : SEQ_READ : test2\6c33a983eec1b409,0:2291,2016-12-16 15:34:57-964,2016-12-16 15:34:58-309
Success : SEQ_READ : test1\c5a5e5562b038073\2d77b1044a6c5c82,0:764416,2016-12-16 15:35:19-424,2016-12-16 15:35:19-746
Success : CREATE_FILE : test2\a94a8fe5ccb19ba6\2FB0E3FF47A945E3,0:3827590,2016-12-16 15:35:59-026,2016-12-16 15:36:02-582
Success : LS : test2\a94a8fe5ccb19ba6\,0:-1,2016-12-16 15:36:02-582,2016-12-16 15:36:02-668
Success : CREATE_FILE : test2\a94a8fe5ccb19ba6\2a5bd02710e975a7\39405CAE05A94271,0:2913141,2016-12-16 15:36:08-822,2016-12-16 15:36:11-102
Success : LS : test2\a94a8fe5ccb19ba6\2a5bd02710e975a7\,0:-1,2016-12-16 15:36:11-102,2016-12-16 15:36:11-199
Success : CREATE_FILE : test2\a94a8fe5ccb19ba6\2a5bd02710e975a7\31A2F5376682E837,0:891077,2016-12-16 15:36:28-142,2016-12-16 15:36:28-536
Success : LS : test2\a94a8fe5ccb19ba6\2a5bd02710e975a7\,0:-1,2016-12-16 15:36:28-536,2016-12-16 15:36:28-643
Success : CREATE_FILE : test2\a94a8fe5ccb19ba6\2a5bd02710e975a7\729549B9531FA1F5,0:174557,2016-12-16 15:36:59-043,2016-12-16 15:36:59-345
Success : LS : test2\a94a8fe5ccb19ba6\2a5bd02710e975a7\,0:-1,2016-12-16 15:36:59-345,2016-12-16 15:36:59-448
Success : CREATE_FILE : test2\a94a8fe5ccb19ba6\34306337101CF458,0:2483648,2016-12-16 15:37:36-070,2016-12-16 15:37:37-960
Success : LS : test2\a94a8fe5ccb19ba6\,0:-1,2016-12-16 15:37:37-961,2016-12-16 15:37:38-050
Success : CREATE_FILE : test2\a94a8fe5ccb19ba6\2a5bd02710e975a7\2C14AA5C79CFD259,0:1051815,2016-12-16 15:37:57-000,2016-12-16 15:37:57-417
Success : LS : test2\a94a8fe5ccb19ba6\2a5bd02710e975a7\,0:-1,2016-12-16 15:37:57-417,2016-12-16 15:37:57-511
Success : SEQ_READ : test2\acde102dac5bbe15,0:6030,2016-12-16 15:38:00-707,2016-12-16 15:38:01-025
Success : SEQ_READ : test2\acde102dac5bbe15,0:6030,2016-12-16 15:38:16-416,2016-12-16 15:38:16-719
