Success : SEQ_READ : test1\c5a5e5562b038073\767c14c8beb1e835,0:3818496,2016-12-16 15:24:21-361,2016-12-16 15:24:22-365
Success : SEQ_READ : test2\acde102dac5bbe15,0:6030,2016-12-16 15:24:22-365,2016-12-16 15:24:22-617
Success : SEQ_READ : test1\f71b43c3136efa4f\83404ffd78f534ff\6670af231c096f09,0:129,2016-12-16 15:24:22-617,2016-12-16 15:24:22-902
Success : CREATE_FILE : test2\a94a8fe5ccb19ba6\2a5bd02710e975a7\795B2D60162A0BC5,0:648649,2016-12-16 15:24:22-903,2016-12-16 15:24:23-253
Success : LS : test2\a94a8fe5ccb19ba6\2a5bd02710e975a7\,0:-1,2016-12-16 15:24:23-254,2016-12-16 15:24:23-340
Success : CREATE_FILE : test2\a94a8fe5ccb19ba6\4D3019804BF4BF88,0:2332648,2016-12-16 15:24:23-340,2016-12-16 15:24:25-156
Success : LS : test2\a94a8fe5ccb19ba6\,0:-1,2016-12-16 15:24:25-156,2016-12-16 15:24:25-243
Success : CREATE_FILE : test2\a94a8fe5ccb19ba6\2220A22B0A9304E6,0:24397,2016-12-16 15:24:25-244,2016-12-16 15:24:25-489
Success : LS : test2\a94a8fe5ccb19ba6\,0:-1,2016-12-16 15:24:25-490,2016-12-16 15:24:25-600
Success : CREATE_FILE : test2\a94a8fe5ccb19ba6\10157CB877676A25,0:1471285,2016-12-16 15:24:25-601,2016-12-16 15:24:26-337
Success : LS : test2\a94a8fe5ccb19ba6\,0:-1,2016-12-16 15:24:26-337,2016-12-16 15:24:26-426
Success : CREATE_FILE : test2\a94a8fe5ccb19ba6\77E6482069AD6E8E,0:1957747,2016-12-16 15:24:26-427,2016-12-16 15:24:27-661
Success : LS : test2\a94a8fe5ccb19ba6\,0:-1,2016-12-16 15:24:27-661,2016-12-16 15:24:27-775
Success : SEQ_READ : test1\c5a5e5562b038073\b0c5d70d7f040bfa,0:17408,2016-12-16 15:24:31-989,2016-12-16 15:24:32-270
Success : SEQ_READ : test2\6c33a983eec1b409,0:2291,2016-12-16 15:24:33-458,2016-12-16 15:24:33-781
Success : CREATE_FILE : test2\a94a8fe5ccb19ba6\2a5bd02710e975a7\5F5883803AA03A1C,0:335045,2016-12-16 15:24:34-352,2016-12-16 15:24:34-666
Success : LS : test2\a94a8fe5ccb19ba6\2a5bd02710e975a7\,0:-1,2016-12-16 15:24:34-666,2016-12-16 15:24:34-785
Success : CREATE_FILE : test2\a94a8fe5ccb19ba6\7361E4C71616B7A8,0:974026,2016-12-16 15:24:40-522,2016-12-16 15:24:40-870
Success : LS : test2\a94a8fe5ccb19ba6\,0:-1,2016-12-16 15:24:40-870,2016-12-16 15:24:40-965
Success : SEQ_READ : test1\c5a5e5562b038073\88fe52fe40fa2264,0:2854,2016-12-16 15:24:41-790,2016-12-16 15:24:42-114
Success : SEQ_READ : test1\c5a5e5562b038073\a39ea9c72a98de10\aa61f113a9b13deb,0:438,2016-12-16 15:24:43-850,2016-12-16 15:24:44-200
Success : SEQ_READ : test1\f71b43c3136efa4f\c7d9912886e5ccc7\6670af231c096f09,0:129,2016-12-16 15:24:44-200,2016-12-16 15:24:44-420
Success : CREATE_FILE : test2\a94a8fe5ccb19ba6\2a5bd02710e975a7\100972F70AD6A17F,0:429419,2016-12-16 15:24:44-421,2016-12-16 15:24:44-769
Success : LS : test2\a94a8fe5ccb19ba6\2a5bd02710e975a7\,0:-1,2016-12-16 15:24:44-769,2016-12-16 15:24:44-869
Success : SEQ_READ : test2\a94a8fe5ccb19ba6\4b6fcb2d521ef0fd,0:2291,2016-12-16 15:24:44-869,2016-12-16 15:24:45-118
Success : SEQ_READ : test1\c5a5e5562b038073\fbe0d7653f0909cb,0:1611,2016-12-16 15:24:47-393,2016-12-16 15:24:47-606
Success : CREATE_FILE : test2\a94a8fe5ccb19ba6\2a5bd02710e975a7\34D76FAB01810E52,0:2327960,2016-12-16 15:24:47-635,2016-12-16 15:24:49-324
Success : LS : test2\a94a8fe5ccb19ba6\2a5bd02710e975a7\,0:-1,2016-12-16 15:24:49-324,2016-12-16 15:24:49-404
Success : CREATE_FILE : test2\a94a8fe5ccb19ba6\1F721B4F2CA1454A,0:899705,2016-12-16 15:24:49-780,2016-12-16 15:24:50-128
Success : LS : test2\a94a8fe5ccb19ba6\,0:-1,2016-12-16 15:24:50-128,2016-12-16 15:24:50-207
Success : CREATE_FILE : test2\a94a8fe5ccb19ba6\6BAEDEA869FCD605,0:1374766,2016-12-16 15:24:53-959,2016-12-16 15:24:54-694
Success : LS : test2\a94a8fe5ccb19ba6\,0:-1,2016-12-16 15:24:54-694,2016-12-16 15:24:54-798
Success : SEQ_READ : test2\a94a8fe5ccb19ba6\2a5bd02710e975a7\178db47a574c645f,0:257,2016-12-16 15:24:58-574,2016-12-16 15:24:58-867
Success : CREATE_FILE : test2\a94a8fe5ccb19ba6\2545DD7E278FA063,0:2813865,2016-12-16 15:25:00-604,2016-12-16 15:25:02-668
Success : LS : test2\a94a8fe5ccb19ba6\,0:-1,2016-12-16 15:25:02-669,2016-12-16 15:25:02-749
Success : CREATE_FILE : test2\a94a8fe5ccb19ba6\6865370E45165A3B,0:1238953,2016-12-16 15:25:03-383,2016-12-16 15:25:03-981
Success : LS : test2\a94a8fe5ccb19ba6\,0:-1,2016-12-16 15:25:03-981,2016-12-16 15:25:04-085
Success : CREATE_FILE : test2\a94a8fe5ccb19ba6\2a5bd02710e975a7\6683DFF9420FEA53,0:2099321,2016-12-16 15:25:04-945,2016-12-16 15:25:06-423
Success : LS : test2\a94a8fe5ccb19ba6\2a5bd02710e975a7\,0:-1,2016-12-16 15:25:06-423,2016-12-16 15:25:06-549
Success : CREATE_FILE : test2\a94a8fe5ccb19ba6\60B614BD2CA7230B,0:280285,2016-12-16 15:25:07-958,2016-12-16 15:25:08-268
Success : LS : test2\a94a8fe5ccb19ba6\,0:-1,2016-12-16 15:25:08-268,2016-12-16 15:25:08-342
Success : CREATE_FILE : test2\a94a8fe5ccb19ba6\2a5bd02710e975a7\4AF74AE6793A6783,0:3641931,2016-12-16 15:25:08-401,2016-12-16 15:25:11-306
Success : SEQ_READ : test2\a94a8fe5ccb19ba6\2a5bd02710e975a7\3eef580036f1724a,0:257,2016-12-16 15:25:11-306,2016-12-16 15:25:11-600
Success : LS : test2\a94a8fe5ccb19ba6\2a5bd02710e975a7\,0:-1,2016-12-16 15:25:11-600,2016-12-16 15:25:11-687
Success : SEQ_READ : test1\f71b43c3136efa4f\52481749c0cdecd6\6670af231c096f09,0:129,2016-12-16 15:25:11-687,2016-12-16 15:25:11-915
Success : CREATE_FILE : test2\a94a8fe5ccb19ba6\09B8D976067D2559,0:2183450,2016-12-16 15:25:19-585,2016-12-16 15:25:21-117
Success : LS : test2\a94a8fe5ccb19ba6\,0:-1,2016-12-16 15:25:21-118,2016-12-16 15:25:21-227
Success : SEQ_READ : test2\bc9c8ba7ff351f3e,0:217984,2016-12-16 15:25:26-394,2016-12-16 15:25:26-693
Success : SEQ_READ : test2\6c33a983eec1b409,0:2291,2016-12-16 15:25:26-823,2016-12-16 15:25:27-056
Success : CREATE_FILE : test2\a94a8fe5ccb19ba6\0CD322C55E567619,0:919872,2016-12-16 15:25:28-517,2016-12-16 15:25:28-925
Success : LS : test2\a94a8fe5ccb19ba6\,0:-1,2016-12-16 15:25:28-925,2016-12-16 15:25:29-008
Success : CREATE_FILE : test2\a94a8fe5ccb19ba6\473764466EEFC805,0:1972561,2016-12-16 15:25:30-251,2016-12-16 15:25:31-557
Success : LS : test2\a94a8fe5ccb19ba6\,0:-1,2016-12-16 15:25:31-557,2016-12-16 15:25:31-660
Success : SEQ_READ : test1\c5a5e5562b038073\a39ea9c72a98de10\11562aa867a5f398,0:2752,2016-12-16 15:25:33-640,2016-12-16 15:25:33-964
Success : SEQ_READ : test2\1a7683b6645f9b6a,0:14529,2016-12-16 15:25:33-965,2016-12-16 15:25:34-210
Success : CREATE_FILE : test2\a94a8fe5ccb19ba6\2a5bd02710e975a7\20871E4209AC0691,0:1763392,2016-12-16 15:25:35-988,2016-12-16 15:25:37-114
Success : LS : test2\a94a8fe5ccb19ba6\2a5bd02710e975a7\,0:-1,2016-12-16 15:25:37-114,2016-12-16 15:25:37-235
Success : CREATE_FILE : test2\a94a8fe5ccb19ba6\2a5bd02710e975a7\42AEF6663A052EA9,0:3507197,2016-12-16 15:25:37-235,2016-12-16 15:25:40-039
Success : LS : test2\a94a8fe5ccb19ba6\2a5bd02710e975a7\,0:-1,2016-12-16 15:25:40-040,2016-12-16 15:25:40-142
Success : CREATE_FILE : test2\a94a8fe5ccb19ba6\7E522C577D8FCBA3,0:2459570,2016-12-16 15:25:44-283,2016-12-16 15:25:46-120
Success : LS : test2\a94a8fe5ccb19ba6\,0:-1,2016-12-16 15:25:46-121,2016-12-16 15:25:46-229
Success : CREATE_FILE : test2\a94a8fe5ccb19ba6\10777E812C26C367,0:219064,2016-12-16 15:25:46-230,2016-12-16 15:25:46-488
Success : LS : test2\a94a8fe5ccb19ba6\,0:-1,2016-12-16 15:25:46-488,2016-12-16 15:25:46-602
Success : CREATE_FILE : test2\a94a8fe5ccb19ba6\2a5bd02710e975a7\0072F4186BBED099,0:1957890,2016-12-16 15:25:49-637,2016-12-16 15:25:50-956
Success : LS : test2\a94a8fe5ccb19ba6\2a5bd02710e975a7\,0:-1,2016-12-16 15:25:50-956,2016-12-16 15:25:51-077
Success : CREATE_FILE : test2\a94a8fe5ccb19ba6\655CE71268A24F93,0:2346421,2016-12-16 15:25:51-866,2016-12-16 15:25:53-498
Success : LS : test2\a94a8fe5ccb19ba6\,0:-1,2016-12-16 15:25:53-498,2016-12-16 15:25:53-573
Success : SEQ_READ : test1\c5a5e5562b038073\3c16ab634e85296e,0:105016,2016-12-16 15:25:56-908,2016-12-16 15:25:57-159
Success : SEQ_READ : test1\c5a5e5562b038073\b0c5d70d7f040bfa,0:17408,2016-12-16 15:25:57-458,2016-12-16 15:25:57-810
Success : CREATE_FILE : test2\a94a8fe5ccb19ba6\597D860012D7B65D,0:1193953,2016-12-16 15:25:57-810,2016-12-16 15:25:58-327
Success : LS : test2\a94a8fe5ccb19ba6\,0:-1,2016-12-16 15:25:58-327,2016-12-16 15:25:58-430
Success : CREATE_FILE : test2\a94a8fe5ccb19ba6\146552AD6783B0F8,0:996605,2016-12-16 15:25:59-379,2016-12-16 15:25:59-716
Success : LS : test2\a94a8fe5ccb19ba6\,0:-1,2016-12-16 15:25:59-717,2016-12-16 15:25:59-796
Success : CREATE_FILE : test2\a94a8fe5ccb19ba6\2a5bd02710e975a7\6BDFBAE67D64DC7F,0:689300,2016-12-16 15:26:03-534,2016-12-16 15:26:03-863
Success : LS : test2\a94a8fe5ccb19ba6\2a5bd02710e975a7\,0:-1,2016-12-16 15:26:03-863,2016-12-16 15:26:03-973
Success : CREATE_FILE : test2\a94a8fe5ccb19ba6\2a5bd02710e975a7\726A47803518C5FA,0:1136087,2016-12-16 15:26:03-973,2016-12-16 15:26:04-387
Success : LS : test2\a94a8fe5ccb19ba6\2a5bd02710e975a7\,0:-1,2016-12-16 15:26:04-387,2016-12-16 15:26:04-473
Success : SEQ_READ : test1\c5a5e5562b038073\a39ea9c72a98de10\41288c58009f7f6a,0:477,2016-12-16 15:26:04-996,2016-12-16 15:26:05-315
Success : CREATE_FILE : test2\a94a8fe5ccb19ba6\2a5bd02710e975a7\58D3333A72DAD25D,0:3333577,2016-12-16 15:26:13-626,2016-12-16 15:26:16-400
Success : SEQ_READ : test2\8da7cc13802eefe0,0:22987191,2016-12-16 15:26:16-400,2016-12-16 15:26:16-626
Success : LS : test2\a94a8fe5ccb19ba6\2a5bd02710e975a7\,0:-1,2016-12-16 15:26:16-626,2016-12-16 15:26:16-706
Success : CREATE_FILE : test2\a94a8fe5ccb19ba6\6FCD5A5660851BF4,0:1957516,2016-12-16 15:26:16-706,2016-12-16 15:26:17-967
Success : LS : test2\a94a8fe5ccb19ba6\,0:-1,2016-12-16 15:26:17-967,2016-12-16 15:26:18-054
Success : CREATE_FILE : test2\a94a8fe5ccb19ba6\2a5bd02710e975a7\59D60B1D24C0827A,0:1993663,2016-12-16 15:26:18-054,2016-12-16 15:26:19-399
Success : LS : test2\a94a8fe5ccb19ba6\2a5bd02710e975a7\,0:-1,2016-12-16 15:26:19-399,2016-12-16 15:26:19-493
Success : SEQ_READ : test1\c5a5e5562b038073\c7734a16bf12bb03,0:364726,2016-12-16 15:26:20-696,2016-12-16 15:26:20-988
Success : CREATE_FILE : test2\a94a8fe5ccb19ba6\2a5bd02710e975a7\1504580F7723E669,0:3100610,2016-12-16 15:26:20-988,2016-12-16 15:26:23-343
Success : LS : test2\a94a8fe5ccb19ba6\2a5bd02710e975a7\,0:-1,2016-12-16 15:26:23-343,2016-12-16 15:26:23-418
Success : CREATE_FILE : test2\a94a8fe5ccb19ba6\7FD0BFE627190385,0:3408369,2016-12-16 15:26:23-419,2016-12-16 15:26:26-191
Success : LS : test2\a94a8fe5ccb19ba6\,0:-1,2016-12-16 15:26:26-191,2016-12-16 15:26:26-302
Success : SEQ_READ : test2\a94a8fe5ccb19ba6\2a5bd02710e975a7\3eef580036f1724a,0:257,2016-12-16 15:26:26-696,2016-12-16 15:26:26-937
Success : CREATE_FILE : test2\a94a8fe5ccb19ba6\2a5bd02710e975a7\1644AF255C8CC734,0:1039529,2016-12-16 15:26:27-836,2016-12-16 15:26:28-194
Success : LS : test2\a94a8fe5ccb19ba6\2a5bd02710e975a7\,0:-1,2016-12-16 15:26:28-194,2016-12-16 15:26:28-291
Success : CREATE_FILE : test2\a94a8fe5ccb19ba6\06C28366681038F5,0:3155989,2016-12-16 15:26:28-291,2016-12-16 15:26:30-804
Success : LS : test2\a94a8fe5ccb19ba6\,0:-1,2016-12-16 15:26:30-804,2016-12-16 15:26:30-901
Success : CREATE_FILE : test2\a94a8fe5ccb19ba6\2a5bd02710e975a7\46C1C8D00BF0BC56,0:1077848,2016-12-16 15:26:30-901,2016-12-16 15:26:31-308
Success : LS : test2\a94a8fe5ccb19ba6\2a5bd02710e975a7\,0:-1,2016-12-16 15:26:31-308,2016-12-16 15:26:31-396
Success : CREATE_FILE : test2\a94a8fe5ccb19ba6\2a5bd02710e975a7\23E53C2666765941,0:2926449,2016-12-16 15:26:31-396,2016-12-16 15:26:33-618
Success : LS : test2\a94a8fe5ccb19ba6\2a5bd02710e975a7\,0:-1,2016-12-16 15:26:33-618,2016-12-16 15:26:33-740
Success : CREATE_FILE : test2\a94a8fe5ccb19ba6\4682213257A02D57,0:3286390,2016-12-16 15:26:33-741,2016-12-16 15:26:36-283
Success : SEQ_READ : test1\c5a5e5562b038073\88fe52fe40fa2264,0:2854,2016-12-16 15:26:36-283,2016-12-16 15:26:36-598
Success : LS : test2\a94a8fe5ccb19ba6\,0:-1,2016-12-16 15:26:36-599,2016-12-16 15:26:36-713
Success : CREATE_FILE : test2\a94a8fe5ccb19ba6\47AAC83444D58C50,0:1499408,2016-12-16 15:26:39-026,2016-12-16 15:26:39-893
Success : LS : test2\a94a8fe5ccb19ba6\,0:-1,2016-12-16 15:26:39-893,2016-12-16 15:26:39-990
Success : CREATE_FILE : test2\a94a8fe5ccb19ba6\521FA5A93B866228,0:1610332,2016-12-16 15:26:41-340,2016-12-16 15:26:42-237
Success : SEQ_READ : test2\6c33a983eec1b409,0:2291,2016-12-16 15:26:42-238,2016-12-16 15:26:42-553
Success : SEQ_READ : test2\1a7683b6645f9b6a,0:14529,2016-12-16 15:26:42-553,2016-12-16 15:26:42-834
Success : LS : test2\a94a8fe5ccb19ba6\,0:-1,2016-12-16 15:26:42-834,2016-12-16 15:26:42-912
Success : CREATE_FILE : test2\a94a8fe5ccb19ba6\1BDED4DB16F56AD2,0:2871545,2016-12-16 15:26:42-912,2016-12-16 15:26:45-091
Success : LS : test2\a94a8fe5ccb19ba6\,0:-1,2016-12-16 15:26:45-091,2016-12-16 15:26:45-215
Success : CREATE_FILE : test2\a94a8fe5ccb19ba6\34A76ED524F75279,0:2722610,2016-12-16 15:26:45-216,2016-12-16 15:26:47-359
Success : LS : test2\a94a8fe5ccb19ba6\,0:-1,2016-12-16 15:26:47-359,2016-12-16 15:26:47-436
Success : CREATE_FILE : test2\a94a8fe5ccb19ba6\2a5bd02710e975a7\7620DBBD7DAD195A,0:3506528,2016-12-16 15:26:47-436,2016-12-16 15:26:50-227
Success : LS : test2\a94a8fe5ccb19ba6\2a5bd02710e975a7\,0:-1,2016-12-16 15:26:50-227,2016-12-16 15:26:50-308
Success : CREATE_FILE : test2\a94a8fe5ccb19ba6\2a5bd02710e975a7\6C731AD92167E8B5,0:148891,2016-12-16 15:26:50-309,2016-12-16 15:26:50-598
Success : LS : test2\a94a8fe5ccb19ba6\2a5bd02710e975a7\,0:-1,2016-12-16 15:26:50-598,2016-12-16 15:26:50-694
Success : CREATE_FILE : test2\a94a8fe5ccb19ba6\142CFEFB576E221C,0:1538025,2016-12-16 15:26:54-380,2016-12-16 15:26:55-276
Success : LS : test2\a94a8fe5ccb19ba6\,0:-1,2016-12-16 15:26:55-276,2016-12-16 15:26:55-395
Success : CREATE_FILE : test2\a94a8fe5ccb19ba6\2a5bd02710e975a7\214079F042FBEE5D,0:3282385,2016-12-16 15:26:56-420,2016-12-16 15:26:59-005
Success : LS : test2\a94a8fe5ccb19ba6\2a5bd02710e975a7\,0:-1,2016-12-16 15:26:59-006,2016-12-16 15:26:59-088
Success : CREATE_FILE : test2\a94a8fe5ccb19ba6\2a5bd02710e975a7\34A83CDA6559476B,0:549737,2016-12-16 15:26:59-089,2016-12-16 15:26:59-373
Success : SEQ_READ : test1\c5a5e5562b038073\05d1f0ed74e78555,0:69632,2016-12-16 15:26:59-373,2016-12-16 15:26:59-617
Success : LS : test2\a94a8fe5ccb19ba6\2a5bd02710e975a7\,0:-1,2016-12-16 15:26:59-617,2016-12-16 15:26:59-692
Success : SEQ_READ : test1\c5a5e5562b038073\88fe52fe40fa2264,0:2854,2016-12-16 15:27:00-846,2016-12-16 15:27:01-098
Success : CREATE_FILE : test2\a94a8fe5ccb19ba6\2a5bd02710e975a7\2FEE90DC12FB132A,0:3139377,2016-12-16 15:27:02-367,2016-12-16 15:27:04-822
Success : LS : test2\a94a8fe5ccb19ba6\2a5bd02710e975a7\,0:-1,2016-12-16 15:27:04-823,2016-12-16 15:27:04-913
Success : CREATE_FILE : test2\a94a8fe5ccb19ba6\5BA7F8392107A4D7,0:3429938,2016-12-16 15:27:04-913,2016-12-16 15:27:07-676
Success : LS : test2\a94a8fe5ccb19ba6\,0:-1,2016-12-16 15:27:07-676,2016-12-16 15:27:07-754
Success : CREATE_FILE : test2\a94a8fe5ccb19ba6\76959C601FE0421B,0:221504,2016-12-16 15:27:07-754,2016-12-16 15:27:08-010
Success : LS : test2\a94a8fe5ccb19ba6\,0:-1,2016-12-16 15:27:08-010,2016-12-16 15:27:08-102
Success : CREATE_FILE : test2\a94a8fe5ccb19ba6\34EF21A929191CC5,0:392352,2016-12-16 15:27:09-712,2016-12-16 15:27:10-014
Success : LS : test2\a94a8fe5ccb19ba6\,0:-1,2016-12-16 15:27:10-014,2016-12-16 15:27:10-089
Success : CREATE_FILE : test2\a94a8fe5ccb19ba6\4E5DC3530AC323D8,0:3603078,2016-12-16 15:27:11-381,2016-12-16 15:27:14-264
Success : LS : test2\a94a8fe5ccb19ba6\,0:-1,2016-12-16 15:27:14-264,2016-12-16 15:27:14-347
Success : CREATE_FILE : test2\a94a8fe5ccb19ba6\399302BD3DF24E45,0:329373,2016-12-16 15:27:14-819,2016-12-16 15:27:15-127
Success : LS : test2\a94a8fe5ccb19ba6\,0:-1,2016-12-16 15:27:15-127,2016-12-16 15:27:15-222
Success : CREATE_FILE : test2\a94a8fe5ccb19ba6\7A946A241B5D92BC,0:977203,2016-12-16 15:27:15-223,2016-12-16 15:27:15-515
Success : LS : test2\a94a8fe5ccb19ba6\,0:-1,2016-12-16 15:27:15-515,2016-12-16 15:27:15-595
Success : CREATE_FILE : test2\a94a8fe5ccb19ba6\2a5bd02710e975a7\795834EC36CABB2C,0:3443654,2016-12-16 15:27:17-382,2016-12-16 15:27:20-163
Success : LS : test2\a94a8fe5ccb19ba6\2a5bd02710e975a7\,0:-1,2016-12-16 15:27:20-163,2016-12-16 15:27:20-269
Success : CREATE_FILE : test2\a94a8fe5ccb19ba6\2a5bd02710e975a7\57E51DC564411BC6,0:93551,2016-12-16 15:27:20-269,2016-12-16 15:27:20-547
Success : LS : test2\a94a8fe5ccb19ba6\2a5bd02710e975a7\,0:-1,2016-12-16 15:27:20-547,2016-12-16 15:27:20-634
Success : CREATE_FILE : test2\a94a8fe5ccb19ba6\6ED975E5488012E7,0:2718267,2016-12-16 15:27:20-634,2016-12-16 15:27:22-594
Success : SEQ_READ : test1\c5a5e5562b038073\c7734a16bf12bb03,0:364726,2016-12-16 15:27:22-594,2016-12-16 15:27:22-884
Success : LS : test2\a94a8fe5ccb19ba6\,0:-1,2016-12-16 15:27:22-884,2016-12-16 15:27:22-964
Success : SEQ_READ : test1\c5a5e5562b038073\fbe0d7653f0909cb,0:1611,2016-12-16 15:27:22-964,2016-12-16 15:27:23-217
Success : CREATE_FILE : test2\a94a8fe5ccb19ba6\2a5bd02710e975a7\17EF2CBF54F6D79F,0:1154535,2016-12-16 15:27:24-174,2016-12-16 15:27:24-623
Success : LS : test2\a94a8fe5ccb19ba6\2a5bd02710e975a7\,0:-1,2016-12-16 15:27:24-624,2016-12-16 15:27:24-707
Success : CREATE_FILE : test2\a94a8fe5ccb19ba6\2a5bd02710e975a7\5555D21937A06B71,0:1650787,2016-12-16 15:27:25-222,2016-12-16 15:27:26-198
Success : LS : test2\a94a8fe5ccb19ba6\2a5bd02710e975a7\,0:-1,2016-12-16 15:27:26-198,2016-12-16 15:27:26-278
Success : CREATE_FILE : test2\a94a8fe5ccb19ba6\2a5bd02710e975a7\7DB6883C7722923D,0:3619125,2016-12-16 15:27:26-278,2016-12-16 15:27:29-149
Success : LS : test2\a94a8fe5ccb19ba6\2a5bd02710e975a7\,0:-1,2016-12-16 15:27:29-149,2016-12-16 15:27:29-233
Success : CREATE_FILE : test2\a94a8fe5ccb19ba6\248278A74861274A,0:2862902,2016-12-16 15:27:29-234,2016-12-16 15:27:31-421
Success : LS : test2\a94a8fe5ccb19ba6\,0:-1,2016-12-16 15:27:31-421,2016-12-16 15:27:31-499
Success : CREATE_FILE : test2\a94a8fe5ccb19ba6\78EC486101801E13,0:3835429,2016-12-16 15:27:34-221,2016-12-16 15:27:37-353
Success : LS : test2\a94a8fe5ccb19ba6\,0:-1,2016-12-16 15:27:37-353,2016-12-16 15:27:37-436
Success : CREATE_FILE : test2\a94a8fe5ccb19ba6\2a5bd02710e975a7\0199740B348FF2E8,0:3956029,2016-12-16 15:27:37-436,2016-12-16 15:27:40-699
Success : LS : test2\a94a8fe5ccb19ba6\2a5bd02710e975a7\,0:-1,2016-12-16 15:27:40-699,2016-12-16 15:27:40-782
Success : CREATE_FILE : test2\a94a8fe5ccb19ba6\00DCAFEE67C907B0,0:59439,2016-12-16 15:27:40-782,2016-12-16 15:27:41-061
Success : LS : test2\a94a8fe5ccb19ba6\,0:-1,2016-12-16 15:27:41-061,2016-12-16 15:27:41-146
Success : CREATE_FILE : test2\a94a8fe5ccb19ba6\2a5bd02710e975a7\2204631C2C9AA335,0:1633834,2016-12-16 15:27:47-056,2016-12-16 15:27:48-006
Success : LS : test2\a94a8fe5ccb19ba6\2a5bd02710e975a7\,0:-1,2016-12-16 15:27:48-006,2016-12-16 15:27:48-083
Success : CREATE_FILE : test2\a94a8fe5ccb19ba6\2a5bd02710e975a7\579C1F7049ACF8E2,0:275874,2016-12-16 15:27:49-671,2016-12-16 15:27:49-978
Success : LS : test2\a94a8fe5ccb19ba6\2a5bd02710e975a7\,0:-1,2016-12-16 15:27:49-979,2016-12-16 15:27:50-088
Success : SEQ_READ : test2\6c33a983eec1b409,0:2291,2016-12-16 15:27:50-139,2016-12-16 15:27:50-369
Success : CREATE_FILE : test2\a94a8fe5ccb19ba6\0B4E00415943C3D8,0:1374687,2016-12-16 15:27:52-922,2016-12-16 15:27:53-656
Success : LS : test2\a94a8fe5ccb19ba6\,0:-1,2016-12-16 15:27:53-656,2016-12-16 15:27:53-747
Success : CREATE_FILE : test2\a94a8fe5ccb19ba6\2a5bd02710e975a7\69CA35BF708B45D7,0:2148875,2016-12-16 15:27:56-308,2016-12-16 15:27:57-858
Success : LS : test2\a94a8fe5ccb19ba6\2a5bd02710e975a7\,0:-1,2016-12-16 15:27:57-858,2016-12-16 15:27:57-984
Success : CREATE_FILE : test2\a94a8fe5ccb19ba6\2C8C23E372E72A7F,0:1977653,2016-12-16 15:27:58-200,2016-12-16 15:27:59-476
Success : LS : test2\a94a8fe5ccb19ba6\,0:-1,2016-12-16 15:27:59-476,2016-12-16 15:27:59-552
Success : CREATE_FILE : test2\a94a8fe5ccb19ba6\1AFC94807CC40BAC,0:200154,2016-12-16 15:28:00-389,2016-12-16 15:28:00-664
Success : LS : test2\a94a8fe5ccb19ba6\,0:-1,2016-12-16 15:28:00-664,2016-12-16 15:28:00-744
Success : CREATE_FILE : test2\a94a8fe5ccb19ba6\2a5bd02710e975a7\2E6DB86E68E9923E,0:1127365,2016-12-16 15:28:07-728,2016-12-16 15:28:08-240
Success : LS : test2\a94a8fe5ccb19ba6\2a5bd02710e975a7\,0:-1,2016-12-16 15:28:08-240,2016-12-16 15:28:08-331
Success : CREATE_FILE : test2\a94a8fe5ccb19ba6\1056735C6CF93256,0:2442731,2016-12-16 15:28:18-174,2016-12-16 15:28:20-042
Success : LS : test2\a94a8fe5ccb19ba6\,0:-1,2016-12-16 15:28:20-043,2016-12-16 15:28:20-132
Success : CREATE_FILE : test2\a94a8fe5ccb19ba6\2AEB58FD1B2F451D,0:207345,2016-12-16 15:28:21-682,2016-12-16 15:28:22-027
Success : LS : test2\a94a8fe5ccb19ba6\,0:-1,2016-12-16 15:28:22-028,2016-12-16 15:28:22-108
Success : CREATE_FILE : test2\a94a8fe5ccb19ba6\7D52A75446A826A3,0:2233800,2016-12-16 15:28:22-108,2016-12-16 15:28:23-622
Success : LS : test2\a94a8fe5ccb19ba6\,0:-1,2016-12-16 15:28:23-622,2016-12-16 15:28:23-732
Success : CREATE_FILE : test2\a94a8fe5ccb19ba6\2a5bd02710e975a7\6744459461AF91E7,0:3814490,2016-12-16 15:28:25-010,2016-12-16 15:28:28-163
Success : LS : test2\a94a8fe5ccb19ba6\2a5bd02710e975a7\,0:-1,2016-12-16 15:28:28-163,2016-12-16 15:28:28-245
Success : CREATE_FILE : test2\a94a8fe5ccb19ba6\1541A4646EEC6D2F,0:3893521,2016-12-16 15:28:31-023,2016-12-16 15:28:34-289
Success : SEQ_READ : test2\1a7683b6645f9b6a,0:14529,2016-12-16 15:28:34-289,2016-12-16 15:28:34-560
Success : LS : test2\a94a8fe5ccb19ba6\,0:-1,2016-12-16 15:28:34-560,2016-12-16 15:28:34-673
Success : CREATE_FILE : test2\a94a8fe5ccb19ba6\4BAC9C493475A423,0:718534,2016-12-16 15:28:34-673,2016-12-16 15:28:35-009
Success : LS : test2\a94a8fe5ccb19ba6\,0:-1,2016-12-16 15:28:35-009,2016-12-16 15:28:35-096
Success : CREATE_FILE : test2\a94a8fe5ccb19ba6\19733A557287F106,0:1092085,2016-12-16 15:28:43-001,2016-12-16 15:28:43-438
Success : LS : test2\a94a8fe5ccb19ba6\,0:-1,2016-12-16 15:28:43-438,2016-12-16 15:28:43-518
Success : CREATE_FILE : test2\a94a8fe5ccb19ba6\7C9552D23529951C,0:3690072,2016-12-16 15:28:48-280,2016-12-16 15:28:51-403
Success : LS : test2\a94a8fe5ccb19ba6\,0:-1,2016-12-16 15:28:51-403,2016-12-16 15:28:51-522
Success : CREATE_FILE : test2\a94a8fe5ccb19ba6\1942E1BA48C26743,0:1826748,2016-12-16 15:28:52-727,2016-12-16 15:28:53-886
Success : LS : test2\a94a8fe5ccb19ba6\,0:-1,2016-12-16 15:28:53-886,2016-12-16 15:28:53-997
Success : CREATE_FILE : test2\a94a8fe5ccb19ba6\2a5bd02710e975a7\0965829A229DE49D,0:2486452,2016-12-16 15:28:54-998,2016-12-16 15:28:56-853
Success : LS : test2\a94a8fe5ccb19ba6\2a5bd02710e975a7\,0:-1,2016-12-16 15:28:56-853,2016-12-16 15:28:56-953
Success : CREATE_FILE : test2\a94a8fe5ccb19ba6\2a5bd02710e975a7\1DC666A932A735E3,0:2697593,2016-12-16 15:29:02-327,2016-12-16 15:29:04-413
Success : LS : test2\a94a8fe5ccb19ba6\2a5bd02710e975a7\,0:-1,2016-12-16 15:29:04-413,2016-12-16 15:29:04-492
Success : CREATE_FILE : test2\a94a8fe5ccb19ba6\2a5bd02710e975a7\21A97FEA617130E2,0:2773848,2016-12-16 15:29:04-493,2016-12-16 15:29:06-631
Success : SEQ_READ : test1\c5a5e5562b038073\a39ea9c72a98de10\41288c58009f7f6a,0:477,2016-12-16 15:29:06-632,2016-12-16 15:29:06-905
Success : LS : test2\a94a8fe5ccb19ba6\2a5bd02710e975a7\,0:-1,2016-12-16 15:29:06-905,2016-12-16 15:29:06-989
Success : CREATE_FILE : test2\a94a8fe5ccb19ba6\40E209811E975423,0:495406,2016-12-16 15:29:09-263,2016-12-16 15:29:09-553
Success : LS : test2\a94a8fe5ccb19ba6\,0:-1,2016-12-16 15:29:09-553,2016-12-16 15:29:09-705
Success : CREATE_FILE : test2\a94a8fe5ccb19ba6\39E86C6E08F2119A,0:650284,2016-12-16 15:29:09-705,2016-12-16 15:29:10-062
Success : LS : test2\a94a8fe5ccb19ba6\,0:-1,2016-12-16 15:29:10-062,2016-12-16 15:29:10-175
Success : CREATE_FILE : test2\a94a8fe5ccb19ba6\17928537019B0F53,0:1484748,2016-12-16 15:29:10-625,2016-12-16 15:29:11-434
Success : LS : test2\a94a8fe5ccb19ba6\,0:-1,2016-12-16 15:29:11-434,2016-12-16 15:29:11-530
Success : SEQ_READ : test1\c5a5e5562b038073\c7734a16bf12bb03,0:364726,2016-12-16 15:29:13-027,2016-12-16 15:29:13-273
Success : SEQ_READ : test1\c5a5e5562b038073\7b7f22b30cf50087,0:3126,2016-12-16 15:29:16-650,2016-12-16 15:29:16-894
