Success : SEQ_READ : test1\f71b43c3136efa4f\c7d9912886e5ccc7\6670af231c096f09,0:129,2016-12-17 23:22:27-835,2016-12-17 23:22:27-838
Fail : SEQ_READ : test2\8da7cc13802eefe0,0:0,2016-12-17 23:22:27-838,2016-12-17 23:22:28-216
Reason : RESTAPI.NoImplementionException: read failure
Success : CREATE_FILE : test2\a94a8fe5ccb19ba6\2a5bd02710e975a7\2C2215A76F36035E,0:1325772,2016-12-17 23:22:28-217,2016-12-17 23:22:29-453
Success : LS : test2\a94a8fe5ccb19ba6\2a5bd02710e975a7\,0:-1,2016-12-17 23:22:29-454,2016-12-17 23:22:29-454
Success : CREATE_FILE : test2\a94a8fe5ccb19ba6\2a5bd02710e975a7\19B2E72A62B18DCB,0:762981,2016-12-17 23:22:29-455,2016-12-17 23:22:31-099
Success : LS : test2\a94a8fe5ccb19ba6\2a5bd02710e975a7\,0:-1,2016-12-17 23:22:31-099,2016-12-17 23:22:31-100
Success : SEQ_READ : test2\a94a8fe5ccb19ba6\2a5bd02710e975a7\178db47a574c645f,0:257,2016-12-17 23:22:31-100,2016-12-17 23:22:31-102
Success : SEQ_READ : test2\49f03965cf98b1f5,0:1024,2016-12-17 23:22:31-103,2016-12-17 23:22:31-104
Success : RANDOM_WRITE : test1\c5a5e5562b038073\a39ea9c72a98de10\f398de59988a85e5,0:3072,2016-12-17 23:22:31-104,2016-12-17 23:22:31-106
Fail : SEQ_READ : test2\49f03965cf98b1f5,0:0,2016-12-17 23:22:31-106,2016-12-17 23:22:31-108
Reason : RESTAPI.NoImplementionException: read failure
Success : SEQ_READ : test1\c5a5e5562b038073\767c14c8beb1e835,0:1206272,2016-12-17 23:22:31-108,2016-12-17 23:22:31-129
Success : SEQ_READ : test2\acde102dac5bbe15,0:3072,2016-12-17 23:22:31-129,2016-12-17 23:22:31-130
Success : RANDOM_WRITE : test1\c5a5e5562b038073\0caa882bd1034750,0:6144,2016-12-17 23:22:31-131,2016-12-17 23:22:31-133
Success : CREATE_FILE : test2\a94a8fe5ccb19ba6\2a5bd02710e975a7\3F1F708C01730534,0:1130222,2016-12-17 23:22:31-133,2016-12-17 23:22:32-288
Success : RANDOM_WRITE : test1\c5a5e5562b038073\6670af231c096f09,0:46,2016-12-17 23:22:32-288,2016-12-17 23:22:32-290
Success : LS : test2\a94a8fe5ccb19ba6\2a5bd02710e975a7\,0:-1,2016-12-17 23:22:32-290,2016-12-17 23:22:32-290
Success : CREATE_FILE : test2\a94a8fe5ccb19ba6\0212872E415648AE,0:3759995,2016-12-17 23:22:32-291,2016-12-17 23:22:33-451
Success : LS : test2\a94a8fe5ccb19ba6\,0:-1,2016-12-17 23:22:33-451,2016-12-17 23:22:33-451
Success : CREATE_FILE : test2\a94a8fe5ccb19ba6\1C87000F3E26F4B8,0:1244550,2016-12-17 23:22:33-452,2016-12-17 23:22:35-132
Success : RANDOM_WRITE : test1\c5a5e5562b038073\a39ea9c72a98de10\f398de59988a85e5,0:5120,2016-12-17 23:22:35-133,2016-12-17 23:22:35-136
Success : SEQ_READ : test2\a94a8fe5ccb19ba6\2a5bd02710e975a7\178db47a574c645f,0:257,2016-12-17 23:22:35-136,2016-12-17 23:22:35-139
Fail : SEQ_READ : test1\c5a5e5562b038073\7b7f22b30cf50087,0:0,2016-12-17 23:22:35-140,2016-12-17 23:22:35-365
Reason : RESTAPI.NoImplementionException: read failure
Success : RANDOM_WRITE : test1\f71b43c3136efa4f\c7d9912886e5ccc7\6670af231c096f09,0:129,2016-12-17 23:22:35-365,2016-12-17 23:22:35-367
Success : RANDOM_WRITE : test2\bc9c8ba7ff351f3e,0:59392,2016-12-17 23:22:35-367,2016-12-17 23:22:35-371
Success : RANDOM_WRITE : test2\acde102dac5bbe15,0:1024,2016-12-17 23:22:35-371,2016-12-17 23:22:35-372
Success : SEQ_READ : test2\bc9c8ba7ff351f3e,0:61440,2016-12-17 23:22:35-373,2016-12-17 23:22:35-374
Fail : SEQ_READ : test2\acde102dac5bbe15,0:0,2016-12-17 23:22:35-375,2016-12-17 23:22:35-376
Reason : RESTAPI.NoImplementionException: read failure
Success : LS : test2\a94a8fe5ccb19ba6\,0:-1,2016-12-17 23:22:35-377,2016-12-17 23:22:35-377
Success : CREATE_FILE : test2\a94a8fe5ccb19ba6\49CFE1D83F0C2A6D,0:157171,2016-12-17 23:22:35-377,2016-12-17 23:22:36-410
Success : LS : test2\a94a8fe5ccb19ba6\,0:-1,2016-12-17 23:22:36-410,2016-12-17 23:22:36-410
Success : CREATE_FILE : test2\a94a8fe5ccb19ba6\7A9CBD891FFFA7B7,0:3928674,2016-12-17 23:22:36-411,2016-12-17 23:22:37-662
Success : LS : test2\a94a8fe5ccb19ba6\,0:-1,2016-12-17 23:22:37-662,2016-12-17 23:22:37-662
Success : CREATE_FILE : test2\a94a8fe5ccb19ba6\5CCD6D751EA0CFD6,0:2329532,2016-12-17 23:22:37-663,2016-12-17 23:22:38-772
Success : RANDOM_WRITE : test1\c5a5e5562b038073\05d1f0ed74e78555,0:52224,2016-12-17 23:22:38-772,2016-12-17 23:22:38-775
Success : SEQ_READ : test1\c5a5e5562b038073\88fe52fe40fa2264,0:2048,2016-12-17 23:22:38-775,2016-12-17 23:22:38-777
Success : RANDOM_WRITE : test1\9832710c94f11d2b,0:64512,2016-12-17 23:22:38-777,2016-12-17 23:22:38-779
Success : RANDOM_WRITE : test1\f71b43c3136efa4f\9f93e73d6896cb7b\6670af231c096f09,0:129,2016-12-17 23:22:38-780,2016-12-17 23:22:38-781
Success : SEQ_READ : test1\f71b43c3136efa4f\c7d9912886e5ccc7\6670af231c096f09,0:129,2016-12-17 23:22:38-781,2016-12-17 23:22:38-782
Success : LS : test2\a94a8fe5ccb19ba6\,0:-1,2016-12-17 23:22:38-782,2016-12-17 23:22:38-782
Success : CREATE_FILE : test2\a94a8fe5ccb19ba6\2a5bd02710e975a7\45FE82F85D585E55,0:4039664,2016-12-17 23:22:38-783,2016-12-17 23:22:40-178
Success : LS : test2\a94a8fe5ccb19ba6\2a5bd02710e975a7\,0:-1,2016-12-17 23:22:40-178,2016-12-17 23:22:40-178
Success : CREATE_FILE : test2\a94a8fe5ccb19ba6\2a5bd02710e975a7\022471F2311D212F,0:712340,2016-12-17 23:22:40-179,2016-12-17 23:22:41-224
Success : LS : test2\a94a8fe5ccb19ba6\2a5bd02710e975a7\,0:-1,2016-12-17 23:22:41-225,2016-12-17 23:22:41-225
Success : CREATE_FILE : test2\a94a8fe5ccb19ba6\5C91292918F5D1CD,0:3363998,2016-12-17 23:22:41-225,2016-12-17 23:22:42-649
Success : LS : test2\a94a8fe5ccb19ba6\,0:-1,2016-12-17 23:22:42-650,2016-12-17 23:22:42-650
Success : CREATE_FILE : test2\a94a8fe5ccb19ba6\2a5bd02710e975a7\484EFE5921FA4081,0:1153228,2016-12-17 23:22:42-650,2016-12-17 23:22:44-141
Success : SEQ_READ : test1\c5a5e5562b038073\0caa882bd1034750,0:126976,2016-12-17 23:22:44-142,2016-12-17 23:22:44-145
Success : RANDOM_WRITE : test2\6c33a983eec1b409,0:1024,2016-12-17 23:22:44-145,2016-12-17 23:22:44-146
Success : SEQ_READ : test1\f71b43c3136efa4f\9f93e73d6896cb7b\6670af231c096f09,0:129,2016-12-17 23:22:44-146,2016-12-17 23:22:44-147
Success : SEQ_READ : test2\acde102dac5bbe15,0:5120,2016-12-17 23:22:44-148,2016-12-17 23:22:44-149
Success : LS : test2\a94a8fe5ccb19ba6\2a5bd02710e975a7\,0:-1,2016-12-17 23:22:44-149,2016-12-17 23:22:44-149
Success : CREATE_FILE : test2\a94a8fe5ccb19ba6\7F5F440F08E0EB7B,0:856109,2016-12-17 23:22:44-149,2016-12-17 23:22:45-598
Success : LS : test2\a94a8fe5ccb19ba6\,0:-1,2016-12-17 23:22:45-598,2016-12-17 23:22:45-599
Success : CREATE_FILE : test2\a94a8fe5ccb19ba6\2a5bd02710e975a7\45EB10D24E048296,0:1258277,2016-12-17 23:22:45-599,2016-12-17 23:22:47-893
Success : LS : test2\a94a8fe5ccb19ba6\2a5bd02710e975a7\,0:-1,2016-12-17 23:22:47-894,2016-12-17 23:22:47-894
Success : CREATE_FILE : test2\a94a8fe5ccb19ba6\7B15DCC422D01296,0:689999,2016-12-17 23:22:47-894,2016-12-17 23:22:49-021
Success : LS : test2\a94a8fe5ccb19ba6\,0:-1,2016-12-17 23:22:49-021,2016-12-17 23:22:49-021
Success : CREATE_FILE : test2\a94a8fe5ccb19ba6\5950598A0B4F1A3C,0:3801695,2016-12-17 23:22:49-022,2016-12-17 23:22:50-548
Success : LS : test2\a94a8fe5ccb19ba6\,0:-1,2016-12-17 23:22:50-549,2016-12-17 23:22:50-549
Success : CREATE_FILE : test2\a94a8fe5ccb19ba6\4BB3D4373C6A13E0,0:2879094,2016-12-17 23:22:50-550,2016-12-17 23:22:52-094
Success : LS : test2\a94a8fe5ccb19ba6\,0:-1,2016-12-17 23:22:52-094,2016-12-17 23:22:52-094
Success : CREATE_FILE : test2\a94a8fe5ccb19ba6\1123504A35AD9C5D,0:849077,2016-12-17 23:22:52-094,2016-12-17 23:22:53-295
Success : LS : test2\a94a8fe5ccb19ba6\,0:-1,2016-12-17 23:22:53-295,2016-12-17 23:22:53-295
Success : CREATE_FILE : test2\a94a8fe5ccb19ba6\2a5bd02710e975a7\539546E94E9AD054,0:2098004,2016-12-17 23:22:53-296,2016-12-17 23:22:54-638
Success : RANDOM_WRITE : test1\c5a5e5562b038073\a39ea9c72a98de10\f398de59988a85e5,0:3072,2016-12-17 23:22:54-639,2016-12-17 23:22:54-640
Success : SEQ_READ : test1\c5a5e5562b038073\0189424a5a60fed3\feb6a1968982109d,0:4099072,2016-12-17 23:22:54-640,2016-12-17 23:22:54-709
Success : RANDOM_WRITE : test1\c5a5e5562b038073\0189424a5a60fed3\feb6a1968982109d,0:14336,2016-12-17 23:22:54-709,2016-12-17 23:22:54-710
Success : RANDOM_WRITE : test1\c5a5e5562b038073\a39ea9c72a98de10\aa61f113a9b13deb,0:438,2016-12-17 23:22:54-711,2016-12-17 23:22:54-712
Success : SEQ_READ : test1\c5a5e5562b038073\a39ea9c72a98de10\aa61f113a9b13deb,0:438,2016-12-17 23:22:54-712,2016-12-17 23:22:54-713
Success : LS : test2\a94a8fe5ccb19ba6\2a5bd02710e975a7\,0:-1,2016-12-17 23:22:54-714,2016-12-17 23:22:54-714
Success : CREATE_FILE : test2\a94a8fe5ccb19ba6\654C7472104E04B6,0:3150982,2016-12-17 23:22:54-714,2016-12-17 23:22:55-551
Success : LS : test2\a94a8fe5ccb19ba6\,0:-1,2016-12-17 23:22:55-551,2016-12-17 23:22:55-551
Success : CREATE_FILE : test2\a94a8fe5ccb19ba6\2a5bd02710e975a7\00E1B45E620C5A56,0:170954,2016-12-17 23:22:55-551,2016-12-17 23:22:56-529
Success : LS : test2\a94a8fe5ccb19ba6\2a5bd02710e975a7\,0:-1,2016-12-17 23:22:56-530,2016-12-17 23:22:56-530
Success : CREATE_FILE : test2\a94a8fe5ccb19ba6\2a5bd02710e975a7\6F9FE8BA2D3CF367,0:3065371,2016-12-17 23:22:56-530,2016-12-17 23:22:57-275
Success : LS : test2\a94a8fe5ccb19ba6\2a5bd02710e975a7\,0:-1,2016-12-17 23:22:57-275,2016-12-17 23:22:57-275
Success : CREATE_FILE : test2\a94a8fe5ccb19ba6\2a5bd02710e975a7\13471E36065D77E9,0:3205061,2016-12-17 23:22:57-275,2016-12-17 23:22:59-685
Success : LS : test2\a94a8fe5ccb19ba6\2a5bd02710e975a7\,0:-1,2016-12-17 23:22:59-686,2016-12-17 23:22:59-686
Success : CREATE_FILE : test2\a94a8fe5ccb19ba6\2a5bd02710e975a7\41AAC2543DDA4023,0:3221312,2016-12-17 23:22:59-686,2016-12-17 23:23:01-307
Success : LS : test2\a94a8fe5ccb19ba6\2a5bd02710e975a7\,0:-1,2016-12-17 23:23:01-307,2016-12-17 23:23:01-307
Success : CREATE_FILE : test2\a94a8fe5ccb19ba6\1CF204890E5768C9,0:2435503,2016-12-17 23:23:01-307,2016-12-17 23:23:02-760
Success : RANDOM_WRITE : test1\c5a5e5562b038073\0189424a5a60fed3\feb6a1968982109d,0:28672,2016-12-17 23:23:02-761,2016-12-17 23:23:02-762
Success : RANDOM_WRITE : test2\a94a8fe5ccb19ba6\2a5bd02710e975a7\178db47a574c645f,0:257,2016-12-17 23:23:02-763,2016-12-17 23:23:02-764
Success : SEQ_READ : test1\f71b43c3136efa4f\c7d9912886e5ccc7\6670af231c096f09,0:129,2016-12-17 23:23:02-764,2016-12-17 23:23:02-765
Success : SEQ_READ : test1\c5a5e5562b038073\a39ea9c72a98de10\41288c58009f7f6a,0:477,2016-12-17 23:23:02-765,2016-12-17 23:23:02-766
Success : LS : test2\a94a8fe5ccb19ba6\,0:-1,2016-12-17 23:23:02-767,2016-12-17 23:23:02-767
Success : CREATE_FILE : test2\a94a8fe5ccb19ba6\0B4417C109D7633F,0:1365780,2016-12-17 23:23:02-767,2016-12-17 23:23:04-097
Success : LS : test2\a94a8fe5ccb19ba6\,0:-1,2016-12-17 23:23:04-098,2016-12-17 23:23:04-098
Success : CREATE_FILE : test2\a94a8fe5ccb19ba6\2a5bd02710e975a7\0BE05A7D52D7C1D6,0:2410855,2016-12-17 23:23:04-098,2016-12-17 23:23:04-912
Success : LS : test2\a94a8fe5ccb19ba6\2a5bd02710e975a7\,0:-1,2016-12-17 23:23:04-912,2016-12-17 23:23:04-913
Success : CREATE_FILE : test2\a94a8fe5ccb19ba6\100C1158706E0268,0:1694332,2016-12-17 23:23:04-913,2016-12-17 23:23:06-575
Success : LS : test2\a94a8fe5ccb19ba6\,0:-1,2016-12-17 23:23:06-575,2016-12-17 23:23:06-575
Success : CREATE_FILE : test2\a94a8fe5ccb19ba6\2a5bd02710e975a7\158589C2384B783E,0:1624394,2016-12-17 23:23:06-576,2016-12-17 23:23:08-053
Success : LS : test2\a94a8fe5ccb19ba6\2a5bd02710e975a7\,0:-1,2016-12-17 23:23:08-053,2016-12-17 23:23:08-053
Success : CREATE_FILE : test2\a94a8fe5ccb19ba6\12C02F775A38DA4C,0:1562750,2016-12-17 23:23:08-053,2016-12-17 23:23:10-686
Success : SEQ_READ : test2\bc9c8ba7ff351f3e,0:61440,2016-12-17 23:23:10-686,2016-12-17 23:23:10-688
Success : SEQ_READ : test2\6c33a983eec1b409,0:2048,2016-12-17 23:23:10-688,2016-12-17 23:23:10-690
Success : SEQ_READ : test1\f71b43c3136efa4f\9f93e73d6896cb7b\6670af231c096f09,0:129,2016-12-17 23:23:10-690,2016-12-17 23:23:10-690
Success : SEQ_READ : test1\c5a5e5562b038073\0189424a5a60fed3\46a8219c2ae6c782,0:1181696,2016-12-17 23:23:10-691,2016-12-17 23:23:10-710
Success : RANDOM_WRITE : test1\f71b43c3136efa4f\83404ffd78f534ff\6670af231c096f09,0:129,2016-12-17 23:23:10-710,2016-12-17 23:23:10-712
Success : LS : test2\a94a8fe5ccb19ba6\,0:-1,2016-12-17 23:23:10-712,2016-12-17 23:23:10-712
Success : CREATE_FILE : test2\a94a8fe5ccb19ba6\2a5bd02710e975a7\2D4EAC4676E2DDD4,0:2848988,2016-12-17 23:23:10-712,2016-12-17 23:23:11-888
Success : LS : test2\a94a8fe5ccb19ba6\2a5bd02710e975a7\,0:-1,2016-12-17 23:23:11-888,2016-12-17 23:23:11-888
Success : CREATE_FILE : test2\a94a8fe5ccb19ba6\2a5bd02710e975a7\2156C32A20550A66,0:871433,2016-12-17 23:23:11-889,2016-12-17 23:23:12-650
Success : LS : test2\a94a8fe5ccb19ba6\2a5bd02710e975a7\,0:-1,2016-12-17 23:23:12-650,2016-12-17 23:23:12-651
Success : CREATE_FILE : test2\a94a8fe5ccb19ba6\34BAAA5F3377D27D,0:1366256,2016-12-17 23:23:12-651,2016-12-17 23:23:13-922
Success : LS : test2\a94a8fe5ccb19ba6\,0:-1,2016-12-17 23:23:13-922,2016-12-17 23:23:13-922
Success : CREATE_FILE : test2\a94a8fe5ccb19ba6\171F6D6A4E893A86,0:527109,2016-12-17 23:23:13-923,2016-12-17 23:23:15-751
Success : LS : test2\a94a8fe5ccb19ba6\,0:-1,2016-12-17 23:23:15-751,2016-12-17 23:23:15-751
Success : CREATE_FILE : test2\a94a8fe5ccb19ba6\2a5bd02710e975a7\40BEFFF54A3CDDD1,0:1656449,2016-12-17 23:23:15-752,2016-12-17 23:23:17-090
Success : LS : test2\a94a8fe5ccb19ba6\2a5bd02710e975a7\,0:-1,2016-12-17 23:23:17-090,2016-12-17 23:23:17-090
Success : CREATE_FILE : test2\a94a8fe5ccb19ba6\2DA24C1E3E2F3F15,0:2175979,2016-12-17 23:23:17-090,2016-12-17 23:23:18-192
Fail : RANDOM_WRITE : test2\49f03965cf98b1f5,0:0,2016-12-17 23:23:18-192,2016-12-17 23:23:18-195
Reason : RESTAPI.NoImplementionException: read failure
Success : SEQ_READ : test1\c5a5e5562b038073\b0c5d70d7f040bfa,0:17408,2016-12-17 23:23:18-195,2016-12-17 23:23:18-197
Fail : SEQ_READ : test1\c5a5e5562b038073\a39ea9c72a98de10\4a90c52e52d54ede,0:0,2016-12-17 23:23:18-198,2016-12-17 23:23:18-208
Reason : RESTAPI.NoImplementionException: read failure
Success : SEQ_READ : test1\c5a5e5562b038073\f72cdbcd84f047a5,0:8192,2016-12-17 23:23:18-208,2016-12-17 23:23:18-210
Success : LS : test2\a94a8fe5ccb19ba6\,0:-1,2016-12-17 23:23:18-210,2016-12-17 23:23:18-210
Success : CREATE_FILE : test2\a94a8fe5ccb19ba6\2a5bd02710e975a7\301F5BB504B395B5,0:2138365,2016-12-17 23:23:18-211,2016-12-17 23:23:18-594
Success : LS : test2\a94a8fe5ccb19ba6\2a5bd02710e975a7\,0:-1,2016-12-17 23:23:18-594,2016-12-17 23:23:18-594
Success : CREATE_FILE : test2\a94a8fe5ccb19ba6\2CBE91FA5E54D149,0:3474098,2016-12-17 23:23:18-595,2016-12-17 23:23:19-452
Success : LS : test2\a94a8fe5ccb19ba6\,0:-1,2016-12-17 23:23:19-452,2016-12-17 23:23:19-453
Success : CREATE_FILE : test2\a94a8fe5ccb19ba6\3EE3A3931CFB2FEF,0:2005685,2016-12-17 23:23:19-453,2016-12-17 23:23:20-959
Success : LS : test2\a94a8fe5ccb19ba6\,0:-1,2016-12-17 23:23:20-960,2016-12-17 23:23:20-960
Success : CREATE_FILE : test2\a94a8fe5ccb19ba6\51F9084B1FA5BFA4,0:1798922,2016-12-17 23:23:20-961,2016-12-17 23:23:21-436
Success : LS : test2\a94a8fe5ccb19ba6\,0:-1,2016-12-17 23:23:21-436,2016-12-17 23:23:21-436
Success : CREATE_FILE : test2\a94a8fe5ccb19ba6\5489E9A1134A42DF,0:992254,2016-12-17 23:23:21-437,2016-12-17 23:23:22-054
Success : LS : test2\a94a8fe5ccb19ba6\,0:-1,2016-12-17 23:23:22-054,2016-12-17 23:23:22-054
Success : CREATE_FILE : test2\a94a8fe5ccb19ba6\2a5bd02710e975a7\6E4F8E4C751445DB,0:3054521,2016-12-17 23:23:22-054,2016-12-17 23:23:22-833
Success : RANDOM_WRITE : test1\c5a5e5562b038073\767c14c8beb1e835,0:48128,2016-12-17 23:23:22-833,2016-12-17 23:23:22-835
Success : RANDOM_WRITE : test1\c5a5e5562b038073\2015a7ab48ae9a58,0:28672,2016-12-17 23:23:22-835,2016-12-17 23:23:22-837
Success : LS : test2\a94a8fe5ccb19ba6\2a5bd02710e975a7\,0:-1,2016-12-17 23:23:22-837,2016-12-17 23:23:22-837
Success : CREATE_FILE : test2\a94a8fe5ccb19ba6\1BEDDFA259004430,0:2182302,2016-12-17 23:23:22-838,2016-12-17 23:23:23-764
Success : LS : test2\a94a8fe5ccb19ba6\,0:-1,2016-12-17 23:23:23-764,2016-12-17 23:23:23-764
Success : CREATE_FILE : test2\a94a8fe5ccb19ba6\65AA7ED35C2CF143,0:1042292,2016-12-17 23:23:23-764,2016-12-17 23:23:24-076
Success : LS : test2\a94a8fe5ccb19ba6\,0:-1,2016-12-17 23:23:24-076,2016-12-17 23:23:24-076
Success : CREATE_FILE : test2\a94a8fe5ccb19ba6\13A60C241273647E,0:87843,2016-12-17 23:23:24-077,2016-12-17 23:23:24-331
Success : LS : test2\a94a8fe5ccb19ba6\,0:-1,2016-12-17 23:23:24-331,2016-12-17 23:23:24-332
Success : CREATE_FILE : test2\a94a8fe5ccb19ba6\2a5bd02710e975a7\69F76182205FB5A6,0:2824133,2016-12-17 23:23:24-332,2016-12-17 23:23:24-651
Success : LS : test2\a94a8fe5ccb19ba6\2a5bd02710e975a7\,0:-1,2016-12-17 23:23:24-651,2016-12-17 23:23:24-651
Success : CREATE_FILE : test2\a94a8fe5ccb19ba6\2a5bd02710e975a7\581406572723E0A9,0:2384796,2016-12-17 23:23:24-652,2016-12-17 23:23:25-014
Success : LS : test2\a94a8fe5ccb19ba6\2a5bd02710e975a7\,0:-1,2016-12-17 23:23:25-014,2016-12-17 23:23:25-014
Success : CREATE_FILE : test2\a94a8fe5ccb19ba6\2a5bd02710e975a7\45D4908A33E403DA,0:3227696,2016-12-17 23:23:25-014,2016-12-17 23:23:25-545
Success : SEQ_READ : test2\8da7cc13802eefe0,0:19742720,2016-12-17 23:23:25-545,2016-12-17 23:23:25-859
Success : RANDOM_WRITE : test1\c5a5e5562b038073\767c14c8beb1e835,0:36864,2016-12-17 23:23:25-859,2016-12-17 23:23:25-861
Success : SEQ_READ : test1\c5a5e5562b038073\a39ea9c72a98de10\41288c58009f7f6a,0:477,2016-12-17 23:23:25-861,2016-12-17 23:23:25-862
Success : LS : test2\a94a8fe5ccb19ba6\2a5bd02710e975a7\,0:-1,2016-12-17 23:23:25-862,2016-12-17 23:23:25-862
Success : CREATE_FILE : test2\a94a8fe5ccb19ba6\2a5bd02710e975a7\1F074D3748B790EA,0:2722240,2016-12-17 23:23:25-862,2016-12-17 23:23:27-380
Success : LS : test2\a94a8fe5ccb19ba6\2a5bd02710e975a7\,0:-1,2016-12-17 23:23:27-380,2016-12-17 23:23:27-380
Success : CREATE_FILE : test2\a94a8fe5ccb19ba6\2DC8EE8463183205,0:3300885,2016-12-17 23:23:27-380,2016-12-17 23:23:29-356
Success : LS : test2\a94a8fe5ccb19ba6\,0:-1,2016-12-17 23:23:29-356,2016-12-17 23:23:29-356
Success : CREATE_FILE : test2\a94a8fe5ccb19ba6\6A6AA2B950FC0A0C,0:2072947,2016-12-17 23:23:29-357,2016-12-17 23:23:29-892
Success : LS : test2\a94a8fe5ccb19ba6\,0:-1,2016-12-17 23:23:29-892,2016-12-17 23:23:29-892
Success : CREATE_FILE : test2\a94a8fe5ccb19ba6\2a5bd02710e975a7\5C9184E02A88D66B,0:661888,2016-12-17 23:23:29-892,2016-12-17 23:23:30-140
Success : LS : test2\a94a8fe5ccb19ba6\2a5bd02710e975a7\,0:-1,2016-12-17 23:23:30-140,2016-12-17 23:23:30-140
Success : CREATE_FILE : test2\a94a8fe5ccb19ba6\5FE7EEB5007FAA67,0:3979840,2016-12-17 23:23:30-140,2016-12-17 23:23:30-779
Success : LS : test2\a94a8fe5ccb19ba6\,0:-1,2016-12-17 23:23:30-779,2016-12-17 23:23:30-779
Success : CREATE_FILE : test2\a94a8fe5ccb19ba6\30C81B7524ADF34F,0:2036895,2016-12-17 23:23:30-779,2016-12-17 23:23:31-166
Success : LS : test2\a94a8fe5ccb19ba6\,0:-1,2016-12-17 23:23:31-166,2016-12-17 23:23:31-166
Success : CREATE_FILE : test2\a94a8fe5ccb19ba6\2a5bd02710e975a7\5AD0D4EE35A74D25,0:3135126,2016-12-17 23:23:31-166,2016-12-17 23:23:31-947
Success : LS : test2\a94a8fe5ccb19ba6\2a5bd02710e975a7\,0:-1,2016-12-17 23:23:31-947,2016-12-17 23:23:31-947
Success : CREATE_FILE : test2\a94a8fe5ccb19ba6\1258DFD3567EBAD9,0:3360007,2016-12-17 23:23:31-947,2016-12-17 23:23:32-376
Success : LS : test2\a94a8fe5ccb19ba6\,0:-1,2016-12-17 23:23:32-376,2016-12-17 23:23:32-376
Success : CREATE_FILE : test2\a94a8fe5ccb19ba6\039DA97457D0C090,0:3132744,2016-12-17 23:23:32-376,2016-12-17 23:23:32-924
Success : LS : test2\a94a8fe5ccb19ba6\,0:-1,2016-12-17 23:23:32-924,2016-12-17 23:23:32-925
