Success : SEQ_READ : test1\f71b43c3136efa4f\9f93e73d6896cb7b\6670af231c096f09,0:129,2016-12-14 15:11:43-596,2016-12-14 15:11:43-753
Success : LS : test1\f71b43c3136efa4f\9f93e73d6896cb7b\,0:-1,2016-12-14 15:11:43-846,2016-12-14 15:11:43-968
Success : LS : test1\c5a5e5562b038073\,0:-1,2016-12-14 15:11:44-066,2016-12-14 15:11:44-134
Success : SEQ_READ : test1\f71b43c3136efa4f\9f93e73d6896cb7b\6670af231c096f09,0:129,2016-12-14 15:11:44-227,2016-12-14 15:11:44-293
Success : SEQ_READ : test1\f71b43c3136efa4f\9f93e73d6896cb7b\6670af231c096f09,0:129,2016-12-14 15:11:44-370,2016-12-14 15:11:44-472
Success : SEQ_READ : test2\bc9c8ba7ff351f3e,0:217984,2016-12-14 15:11:44-575,2016-12-14 15:11:44-646
Success : SEQ_READ : test2\8da7cc13802eefe0,0:22987191,2016-12-14 15:11:44-727,2016-12-14 15:11:44-797
Success : LS : test2\a94a8fe5ccb19ba6\,0:-1,2016-12-14 15:11:44-877,2016-12-14 15:11:45-019
Success : LS : test1\f71b43c3136efa4f\52481749c0cdecd6\,0:-1,2016-12-14 15:11:45-142,2016-12-14 15:11:45-350
Success : CREATE_FILE : test2\a94a8fe5ccb19ba6\38B0A1AC42BAC7FC,0:874755,2016-12-14 15:11:45-443,2016-12-14 15:11:45-988
Success : LS : test2\a94a8fe5ccb19ba6\,0:-1,2016-12-14 15:11:46-113,2016-12-14 15:11:46-218
Success : CREATE_FILE : test2\a94a8fe5ccb19ba6\2a5bd02710e975a7\49640BAB063DA32B,0:2127145,2016-12-14 15:11:46-309,2016-12-14 15:11:48-015
Success : LS : test2\a94a8fe5ccb19ba6\2a5bd02710e975a7\,0:-1,2016-12-14 15:11:48-142,2016-12-14 15:11:48-227
Success : CREATE_FILE : test2\a94a8fe5ccb19ba6\4944BE144D8E33B4,0:302477,2016-12-14 15:11:48-352,2016-12-14 15:11:48-631
Success : SEQ_READ : test1\c5a5e5562b038073\6670af231c096f09,0:46,2016-12-14 15:11:48-744,2016-12-14 15:11:48-813
Success : SEQ_READ : test1\c5a5e5562b038073\68ad3077ff5a452a,0:383,2016-12-14 15:11:48-900,2016-12-14 15:11:48-961
Success : LS : test2\a94a8fe5ccb19ba6\,0:-1,2016-12-14 15:11:49-043,2016-12-14 15:11:49-124
Success : LS : test1\f71b43c3136efa4f\83404ffd78f534ff\,0:-1,2016-12-14 15:11:49-220,2016-12-14 15:11:49-285
Success : LS : test2\a94a8fe5ccb19ba6\,0:-1,2016-12-14 15:11:49-361,2016-12-14 15:11:49-497
Success : CREATE_FILE : test2\a94a8fe5ccb19ba6\2D1790053A095F8C,0:2019767,2016-12-14 15:11:49-598,2016-12-14 15:11:51-208
Success : LS : test2\a94a8fe5ccb19ba6\,0:-1,2016-12-14 15:11:51-329,2016-12-14 15:11:51-426
Success : CREATE_FILE : test2\a94a8fe5ccb19ba6\2B3B6BBD5104FC1C,0:3887094,2016-12-14 15:11:51-551,2016-12-14 15:11:55-184
Success : LS : test2\a94a8fe5ccb19ba6\,0:-1,2016-12-14 15:11:55-310,2016-12-14 15:11:55-401
Success : CREATE_FILE : test2\a94a8fe5ccb19ba6\2a5bd02710e975a7\70EC018205B8BD00,0:1076864,2016-12-14 15:11:55-507,2016-12-14 15:11:56-185
Success : LS : test2\a94a8fe5ccb19ba6\2a5bd02710e975a7\,0:-1,2016-12-14 15:11:56-327,2016-12-14 15:11:56-401
Success : CREATE_FILE : test2\a94a8fe5ccb19ba6\2a5bd02710e975a7\156D5F97176D22B9,0:2473520,2016-12-14 15:11:56-477,2016-12-14 15:11:58-714
Success : LS : test2\a94a8fe5ccb19ba6\2a5bd02710e975a7\,0:-1,2016-12-14 15:11:58-832,2016-12-14 15:11:58-946
Success : CREATE_FILE : test2\a94a8fe5ccb19ba6\5E3CD55C7D45FB8D,0:1635566,2016-12-14 15:11:59-041,2016-12-14 15:12:00-392
Success : LS : test2\a94a8fe5ccb19ba6\,0:-1,2016-12-14 15:12:00-514,2016-12-14 15:12:00-610
Success : SEQ_READ : test2\49f03965cf98b1f5,0:1634,2016-12-14 15:12:00-734,2016-12-14 15:12:00-836
Success : LS : test2\a94a8fe5ccb19ba6\,0:-1,2016-12-14 15:12:00-930,2016-12-14 15:12:01-019
Success : CREATE_FILE : test2\a94a8fe5ccb19ba6\38E017F80DB8CBD3,0:1931293,2016-12-14 15:12:01-148,2016-12-14 15:12:03-027
Success : LS : test2\a94a8fe5ccb19ba6\,0:-1,2016-12-14 15:12:03-148,2016-12-14 15:12:03-251
Success : CREATE_FILE : test2\a94a8fe5ccb19ba6\2a5bd02710e975a7\171D5D9A3BEAE387,0:1986751,2016-12-14 15:12:03-375,2016-12-14 15:12:04-953
Success : SEQ_READ : test1\c5a5e5562b038073\b0c5d70d7f040bfa,0:17408,2016-12-14 15:12:05-077,2016-12-14 15:12:05-148
Success : LS : test2\a94a8fe5ccb19ba6\,0:-1,2016-12-14 15:12:05-265,2016-12-14 15:12:05-345
Success : SEQ_READ : test2\a94a8fe5ccb19ba6\2a5bd02710e975a7\3eef580036f1724a,0:257,2016-12-14 15:12:05-421,2016-12-14 15:12:05-482
Success : LS : test1\f71b43c3136efa4f\c7d9912886e5ccc7\,0:-1,2016-12-14 15:12:05-557,2016-12-14 15:12:05-656
Success : LS : test2\a94a8fe5ccb19ba6\2a5bd02710e975a7\,0:-1,2016-12-14 15:12:05-767,2016-12-14 15:12:05-876
Success : CREATE_FILE : test2\a94a8fe5ccb19ba6\0B6295C4332A2C31,0:742744,2016-12-14 15:12:05-965,2016-12-14 15:12:06-706
Success : LS : test2\a94a8fe5ccb19ba6\,0:-1,2016-12-14 15:12:06-833,2016-12-14 15:12:06-924
Success : CREATE_FILE : test2\a94a8fe5ccb19ba6\093A43EB4FE2B000,0:3095961,2016-12-14 15:12:07-062,2016-12-14 15:12:09-768
Success : LS : test2\a94a8fe5ccb19ba6\,0:-1,2016-12-14 15:12:09-892,2016-12-14 15:12:10-015
Success : CREATE_FILE : test2\a94a8fe5ccb19ba6\2a5bd02710e975a7\5F60144B6DAF34A0,0:1380497,2016-12-14 15:12:10-141,2016-12-14 15:12:11-089
Success : LS : test2\a94a8fe5ccb19ba6\2a5bd02710e975a7\,0:-1,2016-12-14 15:12:11-210,2016-12-14 15:12:11-294
Success : SEQ_READ : test2\1a7683b6645f9b6a,0:14529,2016-12-14 15:12:11-370,2016-12-14 15:12:11-444
Success : SEQ_READ : test2\6c33a983eec1b409,0:2291,2016-12-14 15:12:11-542,2016-12-14 15:12:11-605
Success : LS : test2\a94a8fe5ccb19ba6\2a5bd02710e975a7\,0:-1,2016-12-14 15:12:11-683,2016-12-14 15:12:11-818
Success : CREATE_FILE : test2\a94a8fe5ccb19ba6\01A2EA290FE633EF,0:1244427,2016-12-14 15:12:11-937,2016-12-14 15:12:13-429
Success : LS : test2\a94a8fe5ccb19ba6\,0:-1,2016-12-14 15:12:13-552,2016-12-14 15:12:13-643
Success : CREATE_FILE : test2\a94a8fe5ccb19ba6\315C5C861C56C027,0:1410116,2016-12-14 15:12:13-762,2016-12-14 15:12:14-855
Success : LS : test2\a94a8fe5ccb19ba6\,0:-1,2016-12-14 15:12:14-984,2016-12-14 15:12:15-076
Success : CREATE_FILE : test2\a94a8fe5ccb19ba6\534092C558F0B7AB,0:2786476,2016-12-14 15:12:15-170,2016-12-14 15:12:17-494
Success : SEQ_READ : test1\f71b43c3136efa4f\52481749c0cdecd6\6670af231c096f09,0:129,2016-12-14 15:12:17-620,2016-12-14 15:12:17-693
Success : SEQ_READ : test1\c5a5e5562b038073\c7734a16bf12bb03,0:364726,2016-12-14 15:12:17-831,2016-12-14 15:12:17-938
Fail : LS : test1,0:-1,2016-12-14 15:12:18-027,2016-12-14 15:12:18-028
Reason : java.lang.StringIndexOutOfBoundsException: String index out of range: -1
Success : LS : test1\f71b43c3136efa4f\52481749c0cdecd6\,0:-1,2016-12-14 15:12:18-153,2016-12-14 15:12:18-253
Success : LS : test2\a94a8fe5ccb19ba6\,0:-1,2016-12-14 15:12:18-347,2016-12-14 15:12:18-465
Success : LS : test2\a94a8fe5ccb19ba6\,0:-1,2016-12-14 15:12:18-579,2016-12-14 15:12:18-666
Success : CREATE_FILE : test2\a94a8fe5ccb19ba6\601F4DA34C2E92C2,0:1228711,2016-12-14 15:12:18-784,2016-12-14 15:12:19-828
Success : LS : test2\a94a8fe5ccb19ba6\,0:-1,2016-12-14 15:12:20-004,2016-12-14 15:12:20-088
Success : CREATE_FILE : test2\a94a8fe5ccb19ba6\2a5bd02710e975a7\0EB3314A3D942E01,0:1229316,2016-12-14 15:12:20-170,2016-12-14 15:12:20-979
Fail : LS : test1,0:-1,2016-12-14 15:12:21-104,2016-12-14 15:12:21-104
Reason : java.lang.StringIndexOutOfBoundsException: String index out of range: -1
Success : LS : test1\f71b43c3136efa4f\9f93e73d6896cb7b\,0:-1,2016-12-14 15:12:21-228,2016-12-14 15:12:21-303
Success : LS : test1\c5a5e5562b038073\a39ea9c72a98de10\,0:-1,2016-12-14 15:12:21-424,2016-12-14 15:12:21-498
Success : LS : test2\a94a8fe5ccb19ba6\2a5bd02710e975a7\,0:-1,2016-12-14 15:12:21-620,2016-12-14 15:12:21-700
Success : CREATE_FILE : test2\a94a8fe5ccb19ba6\2a5bd02710e975a7\2F98D58F1A8B6A0C,0:2212844,2016-12-14 15:12:21-820,2016-12-14 15:12:23-722
Success : LS : test2\a94a8fe5ccb19ba6\2a5bd02710e975a7\,0:-1,2016-12-14 15:12:23-859,2016-12-14 15:12:23-975
Success : CREATE_FILE : test2\a94a8fe5ccb19ba6\0AAB846B320BCE40,0:1424840,2016-12-14 15:12:24-104,2016-12-14 15:12:25-832
Success : SEQ_READ : test1\c5a5e5562b038073\0caa882bd1034750,0:324096,2016-12-14 15:12:25-963,2016-12-14 15:12:26-071
Fail : LS : test1,0:-1,2016-12-14 15:12:26-163,2016-12-14 15:12:26-163
Reason : java.lang.StringIndexOutOfBoundsException: String index out of range: -1
Success : LS : test1\c5a5e5562b038073\,0:-1,2016-12-14 15:12:26-254,2016-12-14 15:12:26-320
Fail : LS : test1,0:-1,2016-12-14 15:12:26-398,2016-12-14 15:12:26-398
Reason : java.lang.StringIndexOutOfBoundsException: String index out of range: -1
Success : LS : test1\f71b43c3136efa4f\c7d9912886e5ccc7\,0:-1,2016-12-14 15:12:26-474,2016-12-14 15:12:26-566
Success : LS : test2\a94a8fe5ccb19ba6\,0:-1,2016-12-14 15:12:26-655,2016-12-14 15:12:26-767
Success : CREATE_FILE : test2\a94a8fe5ccb19ba6\0C662A293A5EC7AE,0:3283761,2016-12-14 15:12:26-894,2016-12-14 15:12:29-778
Success : LS : test2\a94a8fe5ccb19ba6\,0:-1,2016-12-14 15:12:29-901,2016-12-14 15:12:29-993
Success : CREATE_FILE : test2\a94a8fe5ccb19ba6\222C575755D62C64,0:3110937,2016-12-14 15:12:30-078,2016-12-14 15:12:32-996
Success : LS : test2\a94a8fe5ccb19ba6\,0:-1,2016-12-14 15:12:33-117,2016-12-14 15:12:33-211
Success : CREATE_FILE : test2\a94a8fe5ccb19ba6\2E7A267A7B5DED54,0:3127894,2016-12-14 15:12:33-304,2016-12-14 15:12:36-197
Success : LS : test1\f71b43c3136efa4f\,0:-1,2016-12-14 15:12:36-322,2016-12-14 15:12:36-447
Success : LS : test1\f71b43c3136efa4f\52481749c0cdecd6\,0:-1,2016-12-14 15:12:36-573,2016-12-14 15:12:36-645
Fail : LS : test1,0:-1,2016-12-14 15:12:36-720,2016-12-14 15:12:36-720
Reason : java.lang.StringIndexOutOfBoundsException: String index out of range: -1
Success : SEQ_READ : test1\c5a5e5562b038073\f72cdbcd84f047a5,0:17893,2016-12-14 15:12:36-794,2016-12-14 15:12:36-896
Success : LS : test2\a94a8fe5ccb19ba6\,0:-1,2016-12-14 15:12:36-989,2016-12-14 15:12:37-084
Success : CREATE_FILE : test2\a94a8fe5ccb19ba6\16C424736314BB5A,0:762263,2016-12-14 15:12:37-166,2016-12-14 15:12:37-738
Success : LS : test1\c5a5e5562b038073\a39ea9c72a98de10\,0:-1,2016-12-14 15:12:37-865,2016-12-14 15:12:37-939
Success : LS : test1\f71b43c3136efa4f\,0:-1,2016-12-14 15:12:38-058,2016-12-14 15:12:38-132
Success : SEQ_READ : test1\f71b43c3136efa4f\83404ffd78f534ff\6670af231c096f09,0:129,2016-12-14 15:12:38-213,2016-12-14 15:12:38-279
Success : LS : test2\a94a8fe5ccb19ba6\,0:-1,2016-12-14 15:12:38-357,2016-12-14 15:12:38-435
Success : LS : test1\f71b43c3136efa4f\52481749c0cdecd6\,0:-1,2016-12-14 15:12:38-511,2016-12-14 15:12:38-739
Success : SEQ_READ : test1\c5a5e5562b038073\0189424a5a60fed3\feb6a1968982109d,0:20126138,2016-12-14 15:12:38-854,2016-12-14 15:12:39-749
Fail : LS : test1,0:-1,2016-12-14 15:12:39-879,2016-12-14 15:12:39-880
Reason : java.lang.StringIndexOutOfBoundsException: String index out of range: -1
Success : LS : test2\a94a8fe5ccb19ba6\,0:-1,2016-12-14 15:12:40-000,2016-12-14 15:12:40-764
Success : CREATE_FILE : test2\a94a8fe5ccb19ba6\4BF3B9D620E8F62B,0:239559,2016-12-14 15:12:40-855,2016-12-14 15:12:41-102
Success : SEQ_READ : test1\c5a5e5562b038073\a39ea9c72a98de10\4a90c52e52d54ede,0:1048,2016-12-14 15:12:41-229,2016-12-14 15:12:41-307
Success : LS : test2\a94a8fe5ccb19ba6\,0:-1,2016-12-14 15:12:41-383,2016-12-14 15:12:41-461
Success : CREATE_FILE : test2\a94a8fe5ccb19ba6\374B250F0C0D5492,0:1594154,2016-12-14 15:12:41-536,2016-12-14 15:12:42-816
Success : LS : test1\f71b43c3136efa4f\9f93e73d6896cb7b\,0:-1,2016-12-14 15:12:42-939,2016-12-14 15:12:43-009
Success : SEQ_READ : test2\49f03965cf98b1f5,0:1634,2016-12-14 15:12:43-126,2016-12-14 15:12:43-225
Success : SEQ_READ : test1\c5a5e5562b038073\88fe52fe40fa2264,0:2854,2016-12-14 15:12:43-394,2016-12-14 15:12:43-456
Success : LS : test2\a94a8fe5ccb19ba6\,0:-1,2016-12-14 15:12:43-574,2016-12-14 15:12:43-666
Success : LS : test1\c5a5e5562b038073\a39ea9c72a98de10\,0:-1,2016-12-14 15:12:43-785,2016-12-14 15:12:43-855
Success : LS : test1\f71b43c3136efa4f\83404ffd78f534ff\,0:-1,2016-12-14 15:12:43-934,2016-12-14 15:12:44-033
Success : LS : test2\a94a8fe5ccb19ba6\2a5bd02710e975a7\,0:-1,2016-12-14 15:12:44-150,2016-12-14 15:12:44-244
Success : LS : test1\c5a5e5562b038073\,0:-1,2016-12-14 15:12:44-346,2016-12-14 15:12:44-420
Success : LS : test2\a94a8fe5ccb19ba6\,0:-1,2016-12-14 15:12:44-496,2016-12-14 15:12:44-598
Success : CREATE_FILE : test2\a94a8fe5ccb19ba6\2a5bd02710e975a7\5CBBE6FE4510EE40,0:1523928,2016-12-14 15:12:44-716,2016-12-14 15:12:45-781
Success : LS : test2\a94a8fe5ccb19ba6\2a5bd02710e975a7\,0:-1,2016-12-14 15:12:45-906,2016-12-14 15:12:45-989
Success : LS : test2\a94a8fe5ccb19ba6\2a5bd02710e975a7\,0:-1,2016-12-14 15:12:46-114,2016-12-14 15:12:46-238
Success : CREATE_FILE : test2\a94a8fe5ccb19ba6\2a5bd02710e975a7\6EA6ADA735088B40,0:2399904,2016-12-14 15:12:46-344,2016-12-14 15:12:48-416
Success : LS : test1\f71b43c3136efa4f\83404ffd78f534ff\,0:-1,2016-12-14 15:12:48-535,2016-12-14 15:12:48-639
Success : LS : test2\a94a8fe5ccb19ba6\,0:-1,2016-12-14 15:12:48-738,2016-12-14 15:12:48-860
Success : LS : test1\f71b43c3136efa4f\9f93e73d6896cb7b\,0:-1,2016-12-14 15:12:48-949,2016-12-14 15:12:49-050
Success : LS : test2\a94a8fe5ccb19ba6\,0:-1,2016-12-14 15:12:49-184,2016-12-14 15:12:49-308
Success : SEQ_READ : test2\6c33a983eec1b409,0:2291,2016-12-14 15:12:49-399,2016-12-14 15:12:49-497
Success : LS : test1\f71b43c3136efa4f\,0:-1,2016-12-14 15:12:49-602,2016-12-14 15:12:49-671
Success : LS : test1\f71b43c3136efa4f\9f93e73d6896cb7b\,0:-1,2016-12-14 15:12:49-762,2016-12-14 15:12:49-825
Fail : LS : test1,0:-1,2016-12-14 15:12:49-945,2016-12-14 15:12:49-945
Reason : java.lang.StringIndexOutOfBoundsException: String index out of range: -1
Success : LS : test2\a94a8fe5ccb19ba6\2a5bd02710e975a7\,0:-1,2016-12-14 15:12:50-031,2016-12-14 15:12:50-140
Success : CREATE_FILE : test2\a94a8fe5ccb19ba6\69A758A70ACBD813,0:1053153,2016-12-14 15:12:50-233,2016-12-14 15:12:50-801
Success : LS : test2\a94a8fe5ccb19ba6\,0:-1,2016-12-14 15:12:50-925,2016-12-14 15:12:51-045
Success : CREATE_FILE : test2\a94a8fe5ccb19ba6\50A744FC40A4BE80,0:1467085,2016-12-14 15:12:51-143,2016-12-14 15:12:52-268
Success : LS : test2\a94a8fe5ccb19ba6\,0:-1,2016-12-14 15:12:52-395,2016-12-14 15:12:52-494
Success : CREATE_FILE : test2\a94a8fe5ccb19ba6\2a5bd02710e975a7\396E6E554B08DCB6,0:3973043,2016-12-14 15:12:52-614,2016-12-14 15:12:56-136
Success : LS : test2\a94a8fe5ccb19ba6\2a5bd02710e975a7\,0:-1,2016-12-14 15:12:56-255,2016-12-14 15:12:56-336
Success : CREATE_FILE : test2\a94a8fe5ccb19ba6\2a5bd02710e975a7\1E5C32707E3DB3CF,0:1709826,2016-12-14 15:12:56-412,2016-12-14 15:12:57-752
Success : LS : test2\a94a8fe5ccb19ba6\2a5bd02710e975a7\,0:-1,2016-12-14 15:12:57-879,2016-12-14 15:12:57-995
Success : CREATE_FILE : test2\a94a8fe5ccb19ba6\1058D71950EA842B,0:527789,2016-12-14 15:12:58-103,2016-12-14 15:12:58-466
Success : LS : test2\a94a8fe5ccb19ba6\,0:-1,2016-12-14 15:12:58-583,2016-12-14 15:12:58-695
Success : CREATE_FILE : test2\a94a8fe5ccb19ba6\572B17756E1699C1,0:2190525,2016-12-14 15:12:58-783,2016-12-14 15:13:00-583
Success : LS : test1\f71b43c3136efa4f\,0:-1,2016-12-14 15:13:00-697,2016-12-14 15:13:00-768
Success : LS : test1\f71b43c3136efa4f\c7d9912886e5ccc7\,0:-1,2016-12-14 15:13:00-843,2016-12-14 15:13:00-923
Success : LS : test1\f71b43c3136efa4f\52481749c0cdecd6\,0:-1,2016-12-14 15:13:01-047,2016-12-14 15:13:01-149
Success : LS : test1\f71b43c3136efa4f\52481749c0cdecd6\,0:-1,2016-12-14 15:13:01-239,2016-12-14 15:13:01-303
Success : LS : test2\a94a8fe5ccb19ba6\2a5bd02710e975a7\,0:-1,2016-12-14 15:13:01-406,2016-12-14 15:13:01-503
Success : LS : test1\f71b43c3136efa4f\,0:-1,2016-12-14 15:13:01-587,2016-12-14 15:13:01-679
Success : LS : test1\f71b43c3136efa4f\83404ffd78f534ff\,0:-1,2016-12-14 15:13:01-768,2016-12-14 15:13:01-830
Success : LS : test2\a94a8fe5ccb19ba6\,0:-1,2016-12-14 15:13:01-905,2016-12-14 15:13:02-781
Success : LS : test1\f71b43c3136efa4f\,0:-1,2016-12-14 15:13:02-873,2016-12-14 15:13:02-946
Success : LS : test1\f71b43c3136efa4f\83404ffd78f534ff\,0:-1,2016-12-14 15:13:03-070,2016-12-14 15:13:03-176
Success : LS : test2\a94a8fe5ccb19ba6\2a5bd02710e975a7\,0:-1,2016-12-14 15:13:03-272,2016-12-14 15:13:03-387
Success : LS : test2\a94a8fe5ccb19ba6\,0:-1,2016-12-14 15:13:03-510,2016-12-14 15:13:03-602
Success : CREATE_FILE : test2\a94a8fe5ccb19ba6\6642EEE45419988C,0:539419,2016-12-14 15:13:03-679,2016-12-14 15:13:04-026
Success : LS : test2\a94a8fe5ccb19ba6\,0:-1,2016-12-14 15:13:04-151,2016-12-14 15:13:04-247
Success : CREATE_FILE : test2\a94a8fe5ccb19ba6\2a5bd02710e975a7\3B7303F32E51C37D,0:22942,2016-12-14 15:13:04-321,2016-12-14 15:13:04-551
Success : LS : test2\a94a8fe5ccb19ba6\2a5bd02710e975a7\,0:-1,2016-12-14 15:13:04-678,2016-12-14 15:13:04-792
Success : CREATE_FILE : test2\a94a8fe5ccb19ba6\3F77E34B60E1418B,0:3451806,2016-12-14 15:13:04-893,2016-12-14 15:13:08-030
Success : LS : test2\a94a8fe5ccb19ba6\,0:-1,2016-12-14 15:13:08-156,2016-12-14 15:13:08-259
Success : LS : test1\f71b43c3136efa4f\,0:-1,2016-12-14 15:13:08-348,2016-12-14 15:13:08-412
Success : LS : test2\a94a8fe5ccb19ba6\,0:-1,2016-12-14 15:13:08-488,2016-12-14 15:13:08-572
Success : SEQ_READ : test2\bc9c8ba7ff351f3e,0:217984,2016-12-14 15:13:08-670,2016-12-14 15:13:08-742
Success : LS : test2\a94a8fe5ccb19ba6\2a5bd02710e975a7\,0:-1,2016-12-14 15:13:08-818,2016-12-14 15:13:08-891
Success : LS : test1\f71b43c3136efa4f\83404ffd78f534ff\,0:-1,2016-12-14 15:13:08-966,2016-12-14 15:13:09-080
Success : LS : test2\a94a8fe5ccb19ba6\,0:-1,2016-12-14 15:13:09-154,2016-12-14 15:13:09-237
Success : CREATE_FILE : test2\a94a8fe5ccb19ba6\2a5bd02710e975a7\028DF80A274B204C,0:934692,2016-12-14 15:13:09-333,2016-12-14 15:13:09-859
Success : LS : test2\a94a8fe5ccb19ba6\2a5bd02710e975a7\,0:-1,2016-12-14 15:13:09-986,2016-12-14 15:13:10-070
Success : CREATE_FILE : test2\a94a8fe5ccb19ba6\0157B11334AA0022,0:3486206,2016-12-14 15:13:10-189,2016-12-14 15:13:13-339
Success : LS : test2\a94a8fe5ccb19ba6\,0:-1,2016-12-14 15:13:13-466,2016-12-14 15:13:13-586
Success : CREATE_FILE : test2\a94a8fe5ccb19ba6\6FEDFC2A585C316D,0:1670768,2016-12-14 15:13:13-676,2016-12-14 15:13:15-086
Success : LS : test2\a94a8fe5ccb19ba6\,0:-1,2016-12-14 15:13:15-215,2016-12-14 15:13:15-336
Success : CREATE_FILE : test2\a94a8fe5ccb19ba6\2a5bd02710e975a7\1F0C4A1667FC115C,0:2446697,2016-12-14 15:13:15-444,2016-12-14 15:13:18-950
Success : LS : test2\a94a8fe5ccb19ba6\2a5bd02710e975a7\,0:-1,2016-12-14 15:13:19-029,2016-12-14 15:13:19-183
Success : CREATE_FILE : test2\a94a8fe5ccb19ba6\2a5bd02710e975a7\4F8D516308D14EEA,0:959993,2016-12-14 15:13:19-295,2016-12-14 15:13:20-002
Success : LS : test2\a94a8fe5ccb19ba6\2a5bd02710e975a7\,0:-1,2016-12-14 15:13:20-088,2016-12-14 15:13:20-820
Success : CREATE_FILE : test2\a94a8fe5ccb19ba6\269D0B5A46B20AD4,0:347499,2016-12-14 15:13:20-942,2016-12-14 15:13:22-131
Success : LS : test2\a94a8fe5ccb19ba6\2a5bd02710e975a7\,0:-1,2016-12-14 15:13:22-211,2016-12-14 15:13:22-896
Success : LS : test1\f71b43c3136efa4f\,0:-1,2016-12-14 15:13:23-000,2016-12-14 15:13:23-077
Success : LS : test1\f71b43c3136efa4f\9f93e73d6896cb7b\,0:-1,2016-12-14 15:13:23-176,2016-12-14 15:13:23-245
Success : SEQ_READ : test2\8da7cc13802eefe0,0:22987191,2016-12-14 15:13:23-329,2016-12-14 15:13:23-397
Success : LS : test2\a94a8fe5ccb19ba6\,0:-1,2016-12-14 15:13:23-476,2016-12-14 15:13:23-993
Success : LS : test1\f71b43c3136efa4f\,0:-1,2016-12-14 15:13:24-072,2016-12-14 15:13:24-139
Success : LS : test2\a94a8fe5ccb19ba6\,0:-1,2016-12-14 15:13:24-223,2016-12-14 15:13:24-334
Success : LS : test1\c5a5e5562b038073\,0:-1,2016-12-14 15:13:24-420,2016-12-14 15:13:24-484
Success : LS : test1\f71b43c3136efa4f\52481749c0cdecd6\,0:-1,2016-12-14 15:13:24-569,2016-12-14 15:13:24-668
Success : LS : test1\f71b43c3136efa4f\52481749c0cdecd6\,0:-1,2016-12-14 15:13:24-762,2016-12-14 15:13:24-824
Success : LS : test2\a94a8fe5ccb19ba6\,0:-1,2016-12-14 15:13:24-903,2016-12-14 15:13:24-987
Success : CREATE_FILE : test2\a94a8fe5ccb19ba6\32A888DD6EA64075,0:2264193,2016-12-14 15:13:25-069,2016-12-14 15:13:28-365
Success : LS : test2\a94a8fe5ccb19ba6\,0:-1,2016-12-14 15:13:28-661,2016-12-14 15:13:28-870
Success : CREATE_FILE : test2\a94a8fe5ccb19ba6\4054F89747B46833,0:3399529,2016-12-14 15:13:28-968,2016-12-14 15:13:32-478
Success : LS : test2\a94a8fe5ccb19ba6\,0:-1,2016-12-14 15:13:32-568,2016-12-14 15:13:32-988
Success : CREATE_FILE : test2\a94a8fe5ccb19ba6\2a5bd02710e975a7\39D95ACD1FB7FF8F,0:3411359,2016-12-14 15:13:33-067,2016-12-14 15:13:36-607
Success : LS : test2\a94a8fe5ccb19ba6\2a5bd02710e975a7\,0:-1,2016-12-14 15:13:36-728,2016-12-14 15:13:36-813
Success : CREATE_FILE : test2\a94a8fe5ccb19ba6\3EC9F8B45C46E3D0,0:33909,2016-12-14 15:13:36-896,2016-12-14 15:13:37-316
Success : LS : test2\a94a8fe5ccb19ba6\,0:-1,2016-12-14 15:13:37-439,2016-12-14 15:13:37-642
Success : CREATE_FILE : test2\a94a8fe5ccb19ba6\2a5bd02710e975a7\21AB4536784CAA84,0:3519178,2016-12-14 15:13:37-762,2016-12-14 15:13:41-519
Success : LS : test2\a94a8fe5ccb19ba6\,0:-1,2016-12-14 15:13:41-652,2016-12-14 15:13:41-739
Success : LS : test2\a94a8fe5ccb19ba6\,0:-1,2016-12-14 15:13:41-816,2016-12-14 15:13:41-935
Success : SEQ_READ : test1\c5a5e5562b038073\a39ea9c72a98de10\f398de59988a85e5,0:6743,2016-12-14 15:13:42-044,2016-12-14 15:13:42-119
Fail : LS : test1,0:-1,2016-12-14 15:13:42-197,2016-12-14 15:13:42-198
Reason : java.lang.StringIndexOutOfBoundsException: String index out of range: -1
Success : SEQ_READ : test2\6c33a983eec1b409,0:2291,2016-12-14 15:13:42-271,2016-12-14 15:13:42-335
Success : LS : test1\c5a5e5562b038073\a39ea9c72a98de10\,0:-1,2016-12-14 15:13:42-413,2016-12-14 15:13:42-848
Success : LS : test2\a94a8fe5ccb19ba6\2a5bd02710e975a7\,0:-1,2016-12-14 15:13:42-974,2016-12-14 15:13:43-883
Success : CREATE_FILE : test2\a94a8fe5ccb19ba6\3D4EB8867439E11F,0:1813972,2016-12-14 15:13:44-020,2016-12-14 15:13:45-671
Success : LS : test2\a94a8fe5ccb19ba6\,0:-1,2016-12-14 15:13:45-786,2016-12-14 15:13:47-210
Success : CREATE_FILE : test2\a94a8fe5ccb19ba6\10050D550490D040,0:3395885,2016-12-14 15:13:47-331,2016-12-14 15:13:51-190
Success : LS : test2\a94a8fe5ccb19ba6\,0:-1,2016-12-14 15:13:51-425,2016-12-14 15:13:52-158
Success : CREATE_FILE : test2\a94a8fe5ccb19ba6\2a5bd02710e975a7\076AC018671B65AC,0:1312398,2016-12-14 15:13:52-309,2016-12-14 15:13:55-416
Success : LS : test2\a94a8fe5ccb19ba6\2a5bd02710e975a7\,0:-1,2016-12-14 15:13:55-498,2016-12-14 15:13:55-573
Success : CREATE_FILE : test2\a94a8fe5ccb19ba6\2a5bd02710e975a7\33A54386340CD4B1,0:3371134,2016-12-14 15:13:55-651,2016-12-14 15:13:59-728
Success : LS : test2\a94a8fe5ccb19ba6\2a5bd02710e975a7\,0:-1,2016-12-14 15:13:59-805,2016-12-14 15:14:00-650
Success : CREATE_FILE : test2\a94a8fe5ccb19ba6\2a5bd02710e975a7\7FF65FF05BBF232B,0:611817,2016-12-14 15:14:00-773,2016-12-14 15:14:02-351
Success : LS : test2\a94a8fe5ccb19ba6\2a5bd02710e975a7\,0:-1,2016-12-14 15:14:02-645,2016-12-14 15:14:03-677
Success : CREATE_FILE : test2\a94a8fe5ccb19ba6\2a5bd02710e975a7\78322BA722DA8C5C,0:1113734,2016-12-14 15:14:03-932,2016-12-14 15:14:05-017
Success : LS : test2\a94a8fe5ccb19ba6\2a5bd02710e975a7\,0:-1,2016-12-14 15:14:05-122,2016-12-14 15:14:05-241
Success : CREATE_FILE : test2\a94a8fe5ccb19ba6\2a5bd02710e975a7\55E7F7BC469C246C,0:2324559,2016-12-14 15:14:05-408,2016-12-14 15:14:09-483
Success : LS : test2\a94a8fe5ccb19ba6\2a5bd02710e975a7\,0:-1,2016-12-14 15:14:09-563,2016-12-14 15:14:09-739
Success : CREATE_FILE : test2\a94a8fe5ccb19ba6\52C3444A00D42C11,0:528984,2016-12-14 15:14:09-834,2016-12-14 15:14:10-255
Success : LS : test2\a94a8fe5ccb19ba6\,0:-1,2016-12-14 15:14:10-383,2016-12-14 15:14:10-572
Success : CREATE_FILE : test2\a94a8fe5ccb19ba6\2a5bd02710e975a7\51C67ABC1A9A94A6,0:3420033,2016-12-14 15:14:10-695,2016-12-14 15:14:17-060
Success : LS : test1\f71b43c3136efa4f\,0:-1,2016-12-14 15:14:17-187,2016-12-14 15:14:17-263
Success : LS : test1\c5a5e5562b038073\a39ea9c72a98de10\,0:-1,2016-12-14 15:14:17-345,2016-12-14 15:14:17-411
Success : LS : test1\f71b43c3136efa4f\,0:-1,2016-12-14 15:14:17-486,2016-12-14 15:14:17-558
Success : LS : test1\c5a5e5562b038073\a39ea9c72a98de10\,0:-1,2016-12-14 15:14:17-637,2016-12-14 15:14:17-700
Success : LS : test1\f71b43c3136efa4f\52481749c0cdecd6\,0:-1,2016-12-14 15:14:17-781,2016-12-14 15:14:17-846
Success : LS : test2\a94a8fe5ccb19ba6\,0:-1,2016-12-14 15:14:17-926,2016-12-14 15:14:18-056
Success : LS : test1\c5a5e5562b038073\0189424a5a60fed3\,0:-1,2016-12-14 15:14:18-146,2016-12-14 15:14:18-237
Success : LS : test1\c5a5e5562b038073\0189424a5a60fed3\,0:-1,2016-12-14 15:14:18-324,2016-12-14 15:14:18-429
Success : LS : test1\f71b43c3136efa4f\83404ffd78f534ff\,0:-1,2016-12-14 15:14:18-525,2016-12-14 15:14:18-592
Success : LS : test1\c5a5e5562b038073\,0:-1,2016-12-14 15:14:18-666,2016-12-14 15:14:18-728
Success : LS : test1\c5a5e5562b038073\0189424a5a60fed3\,0:-1,2016-12-14 15:14:18-835,2016-12-14 15:14:18-904
Success : LS : test1\c5a5e5562b038073\0189424a5a60fed3\,0:-1,2016-12-14 15:14:19-023,2016-12-14 15:14:19-127
Success : LS : test2\a94a8fe5ccb19ba6\2a5bd02710e975a7\,0:-1,2016-12-14 15:14:19-224,2016-12-14 15:14:19-308
Success : CREATE_FILE : test2\a94a8fe5ccb19ba6\787BD6502DA5CC27,0:3162864,2016-12-14 15:14:19-418,2016-12-14 15:14:23-630
Success : LS : test2\a94a8fe5ccb19ba6\,0:-1,2016-12-14 15:14:23-827,2016-12-14 15:14:24-215
Success : CREATE_FILE : test2\a94a8fe5ccb19ba6\05BA522B612194FA,0:3965038,2016-12-14 15:14:24-336,2016-12-14 15:14:32-086
Success : LS : test2\a94a8fe5ccb19ba6\,0:-1,2016-12-14 15:14:32-210,2016-12-14 15:14:32-400
Success : CREATE_FILE : test2\a94a8fe5ccb19ba6\2a5bd02710e975a7\55861FB23FB6205B,0:1558139,2016-12-14 15:14:32-487,2016-12-14 15:14:34-307
Success : LS : test1\f71b43c3136efa4f\52481749c0cdecd6\,0:-1,2016-12-14 15:14:34-414,2016-12-14 15:14:34-483
Success : SEQ_READ : test1\c5a5e5562b038073\7b7f22b30cf50087,0:3126,2016-12-14 15:14:34-587,2016-12-14 15:14:34-705
Fail : LS : test1,0:-1,2016-12-14 15:14:34-782,2016-12-14 15:14:34-782
Reason : java.lang.StringIndexOutOfBoundsException: String index out of range: -1
Success : LS : test1\f71b43c3136efa4f\9f93e73d6896cb7b\,0:-1,2016-12-14 15:14:34-861,2016-12-14 15:14:34-925
Success : LS : test1\c5a5e5562b038073\a39ea9c72a98de10\,0:-1,2016-12-14 15:14:35-056,2016-12-14 15:14:35-123
Fail : LS : test1,0:-1,2016-12-14 15:14:35-202,2016-12-14 15:14:35-202
Reason : java.lang.StringIndexOutOfBoundsException: String index out of range: -1
Fail : LS : test1,0:-1,2016-12-14 15:14:35-282,2016-12-14 15:14:35-283
Reason : java.lang.StringIndexOutOfBoundsException: String index out of range: -1
Success : LS : test2\a94a8fe5ccb19ba6\2a5bd02710e975a7\,0:-1,2016-12-14 15:14:35-372,2016-12-14 15:14:36-031
Success : CREATE_FILE : test2\a94a8fe5ccb19ba6\74A3676F2FD32EB9,0:4046030,2016-12-14 15:14:36-962,2016-12-14 15:14:41-119
Success : LS : test2\a94a8fe5ccb19ba6\,0:-1,2016-12-14 15:14:41-215,2016-12-14 15:14:41-335
Success : CREATE_FILE : test2\a94a8fe5ccb19ba6\2a5bd02710e975a7\75975F7F01D8E8BB,0:3090327,2016-12-14 15:14:41-426,2016-12-14 15:14:45-695
Success : LS : test2\a94a8fe5ccb19ba6\2a5bd02710e975a7\,0:-1,2016-12-14 15:14:45-775,2016-12-14 15:14:45-976
Success : CREATE_FILE : test2\a94a8fe5ccb19ba6\2a5bd02710e975a7\6792FD7741E98F86,0:956301,2016-12-14 15:14:46-087,2016-12-14 15:14:46-634
Success : LS : test2\a94a8fe5ccb19ba6\2a5bd02710e975a7\,0:-1,2016-12-14 15:14:46-754,2016-12-14 15:14:46-872
Success : CREATE_FILE : test2\a94a8fe5ccb19ba6\2a5bd02710e975a7\71C225E004104AF4,0:3580066,2016-12-14 15:14:46-967,2016-12-14 15:14:52-798
Success : LS : test2\a94a8fe5ccb19ba6\2a5bd02710e975a7\,0:-1,2016-12-14 15:14:52-894,2016-12-14 15:14:53-319
Success : CREATE_FILE : test2\a94a8fe5ccb19ba6\1D87519E03A712E5,0:1391934,2016-12-14 15:14:53-465,2016-12-14 15:14:54-698
Success : LS : test2\a94a8fe5ccb19ba6\,0:-1,2016-12-14 15:14:54-822,2016-12-14 15:14:55-007
Success : CREATE_FILE : test2\a94a8fe5ccb19ba6\63A413CC69473589,0:568050,2016-12-14 15:14:55-122,2016-12-14 15:14:56-659
Success : LS : test2\a94a8fe5ccb19ba6\,0:-1,2016-12-14 15:14:56-770,2016-12-14 15:15:01-495
Success : CREATE_FILE : test2\a94a8fe5ccb19ba6\2a5bd02710e975a7\600E7907433A1D88,0:2331881,2016-12-14 15:15:01-636,2016-12-14 15:15:04-921
Success : LS : test2\a94a8fe5ccb19ba6\2a5bd02710e975a7\,0:-1,2016-12-14 15:15:05-043,2016-12-14 15:15:08-073
Success : CREATE_FILE : test2\a94a8fe5ccb19ba6\1D3FD6FD0E7CC25A,0:2220479,2016-12-14 15:15:08-194,2016-12-14 15:15:10-423
Success : LS : test1\f71b43c3136efa4f\,0:-1,2016-12-14 15:15:10-546,2016-12-14 15:15:10-621
Success : LS : test2\a94a8fe5ccb19ba6\2a5bd02710e975a7\,0:-1,2016-12-14 15:15:10-720,2016-12-14 15:15:10-832
Success : LS : test1\c5a5e5562b038073\a39ea9c72a98de10\,0:-1,2016-12-14 15:15:10-911,2016-12-14 15:15:10-972
Success : LS : test2\a94a8fe5ccb19ba6\2a5bd02710e975a7\,0:-1,2016-12-14 15:15:11-046,2016-12-14 15:15:11-273
Success : LS : test1\f71b43c3136efa4f\,0:-1,2016-12-14 15:15:11-379,2016-12-14 15:15:11-450
Success : LS : test2\a94a8fe5ccb19ba6\2a5bd02710e975a7\,0:-1,2016-12-14 15:15:11-607,2016-12-14 15:15:11-718
Success : LS : test1\f71b43c3136efa4f\c7d9912886e5ccc7\,0:-1,2016-12-14 15:15:11-805,2016-12-14 15:15:11-868
Success : LS : test2\a94a8fe5ccb19ba6\2a5bd02710e975a7\,0:-1,2016-12-14 15:15:11-956,2016-12-14 15:15:12-162
Success : LS : test1\f71b43c3136efa4f\52481749c0cdecd6\,0:-1,2016-12-14 15:15:12-248,2016-12-14 15:15:12-354
Success : LS : test2\a94a8fe5ccb19ba6\,0:-1,2016-12-14 15:15:12-726,2016-12-14 15:15:13-078
Success : CREATE_FILE : test2\a94a8fe5ccb19ba6\2a5bd02710e975a7\0BE2AF106DDCF722,0:1982862,2016-12-14 15:15:14-023,2016-12-14 15:15:16-707
Success : LS : test2\a94a8fe5ccb19ba6\2a5bd02710e975a7\,0:-1,2016-12-14 15:15:16-832,2016-12-14 15:15:17-220
Success : CREATE_FILE : test2\a94a8fe5ccb19ba6\2a5bd02710e975a7\769F6D5E01FCBCC4,0:384101,2016-12-14 15:15:17-342,2016-12-14 15:15:17-863
Success : LS : test2\a94a8fe5ccb19ba6\2a5bd02710e975a7\,0:-1,2016-12-14 15:15:18-002,2016-12-14 15:15:18-454
Success : CREATE_FILE : test2\a94a8fe5ccb19ba6\2a5bd02710e975a7\3C1A3A9F273C1D41,0:152116,2016-12-14 15:15:18-571,2016-12-14 15:15:19-318
Success : LS : test2\a94a8fe5ccb19ba6\2a5bd02710e975a7\,0:-1,2016-12-14 15:15:19-445,2016-12-14 15:15:20-133
Success : CREATE_FILE : test2\a94a8fe5ccb19ba6\2a5bd02710e975a7\50A19DE64FD89DE3,0:3130347,2016-12-14 15:15:20-258,2016-12-14 15:15:23-693
Success : LS : test2\a94a8fe5ccb19ba6\2a5bd02710e975a7\,0:-1,2016-12-14 15:15:23-783,2016-12-14 15:15:24-282
Success : CREATE_FILE : test2\a94a8fe5ccb19ba6\65DB827E086CC8DD,0:541916,2016-12-14 15:15:24-440,2016-12-14 15:15:25-382
Success : LS : test2\a94a8fe5ccb19ba6\,0:-1,2016-12-14 15:15:25-506,2016-12-14 15:15:25-633
Success : CREATE_FILE : test2\a94a8fe5ccb19ba6\2a5bd02710e975a7\05CEA86D49A82DD0,0:931569,2016-12-14 15:15:25-761,2016-12-14 15:15:26-715
Success : LS : test1\c5a5e5562b038073\a39ea9c72a98de10\,0:-1,2016-12-14 15:15:26-796,2016-12-14 15:15:26-861
Success : LS : test1\c5a5e5562b038073\0189424a5a60fed3\,0:-1,2016-12-14 15:15:26-946,2016-12-14 15:15:27-039
Success : LS : test2\a94a8fe5ccb19ba6\,0:-1,2016-12-14 15:15:27-152,2016-12-14 15:15:27-241
Success : SEQ_READ : test2\8da7cc13802eefe0,0:22987191,2016-12-14 15:15:27-320,2016-12-14 15:15:27-392
Success : LS : test2\a94a8fe5ccb19ba6\,0:-1,2016-12-14 15:15:27-474,2016-12-14 15:15:28-738
Success : LS : test1\c5a5e5562b038073\0189424a5a60fed3\,0:-1,2016-12-14 15:15:28-852,2016-12-14 15:15:28-955
Success : LS : test2\a94a8fe5ccb19ba6\,0:-1,2016-12-14 15:15:29-043,2016-12-14 15:15:31-998
Success : LS : test1\f71b43c3136efa4f\52481749c0cdecd6\,0:-1,2016-12-14 15:15:32-125,2016-12-14 15:15:32-223
Success : LS : test2\a94a8fe5ccb19ba6\2a5bd02710e975a7\,0:-1,2016-12-14 15:15:32-302,2016-12-14 15:15:32-427
Success : CREATE_FILE : test2\a94a8fe5ccb19ba6\718BDAF73E4AEB22,0:2660462,2016-12-14 15:15:32-506,2016-12-14 15:15:38-441
Success : LS : test2\a94a8fe5ccb19ba6\,0:-1,2016-12-14 15:15:38-579,2016-12-14 15:15:38-899
Success : CREATE_FILE : test2\a94a8fe5ccb19ba6\2a5bd02710e975a7\1B89FB3775AD47DF,0:4005667,2016-12-14 15:15:39-012,2016-12-14 15:15:45-972
Success : LS : test2\a94a8fe5ccb19ba6\2a5bd02710e975a7\,0:-1,2016-12-14 15:15:46-098,2016-12-14 15:15:46-920
Success : CREATE_FILE : test2\a94a8fe5ccb19ba6\14303B3F7086960D,0:1874562,2016-12-14 15:15:47-128,2016-12-14 15:15:51-239
Success : LS : test2\a94a8fe5ccb19ba6\,0:-1,2016-12-14 15:15:51-366,2016-12-14 15:15:52-543
Success : CREATE_FILE : test2\a94a8fe5ccb19ba6\2a5bd02710e975a7\74CD59CB3DB55F31,0:1310753,2016-12-14 15:15:52-660,2016-12-14 15:15:53-925
Success : LS : test2\a94a8fe5ccb19ba6\2a5bd02710e975a7\,0:-1,2016-12-14 15:15:54-066,2016-12-14 15:15:54-485
Success : CREATE_FILE : test2\a94a8fe5ccb19ba6\2a5bd02710e975a7\238012C148BA5E5C,0:2737132,2016-12-14 15:15:54-607,2016-12-14 15:15:59-137
Success : LS : test2\a94a8fe5ccb19ba6\2a5bd02710e975a7\,0:-1,2016-12-14 15:15:59-252,2016-12-14 15:15:59-788
Success : CREATE_FILE : test2\a94a8fe5ccb19ba6\1A911FFE19BF50ED,0:214055,2016-12-14 15:15:59-865,2016-12-14 15:16:00-440
Success : LS : test2\a94a8fe5ccb19ba6\,0:-1,2016-12-14 15:16:00-562,2016-12-14 15:16:01-087
Success : LS : test2\a94a8fe5ccb19ba6\2a5bd02710e975a7\,0:-1,2016-12-14 15:16:01-212,2016-12-14 15:16:01-291
Success : LS : test2\a94a8fe5ccb19ba6\2a5bd02710e975a7\,0:-1,2016-12-14 15:16:01-376,2016-12-14 15:16:01-480
Success : SEQ_READ : test1\c5a5e5562b038073\c7abaf0419c47a1d,0:762529,2016-12-14 15:16:01-592,2016-12-14 15:16:01-670
Success : LS : test2\a94a8fe5ccb19ba6\2a5bd02710e975a7\,0:-1,2016-12-14 15:16:01-789,2016-12-14 15:16:01-902
Success : LS : test2\a94a8fe5ccb19ba6\2a5bd02710e975a7\,0:-1,2016-12-14 15:16:02-001,2016-12-14 15:16:02-350
Fail : LS : test1,0:-1,2016-12-14 15:16:02-490,2016-12-14 15:16:02-490
Reason : java.lang.StringIndexOutOfBoundsException: String index out of range: -1
Success : LS : test2\a94a8fe5ccb19ba6\,0:-1,2016-12-14 15:16:02-579,2016-12-14 15:16:05-082
Success : CREATE_FILE : test2\a94a8fe5ccb19ba6\45F44B86093F89DA,0:3506816,2016-12-14 15:16:05-205,2016-12-14 15:16:08-709
Success : LS : test2\a94a8fe5ccb19ba6\,0:-1,2016-12-14 15:16:08-835,2016-12-14 15:16:09-139
Success : CREATE_FILE : test2\a94a8fe5ccb19ba6\3A5E53E032839D16,0:719253,2016-12-14 15:16:09-262,2016-12-14 15:16:10-186
Success : LS : test2\a94a8fe5ccb19ba6\,0:-1,2016-12-14 15:16:10-319,2016-12-14 15:16:15-210
Success : CREATE_FILE : test2\a94a8fe5ccb19ba6\579B6083674FCE5A,0:3079188,2016-12-14 15:16:15-295,2016-12-14 15:16:19-348
Success : LS : test2\a94a8fe5ccb19ba6\,0:-1,2016-12-14 15:16:19-470,2016-12-14 15:16:22-191
Success : CREATE_FILE : test2\a94a8fe5ccb19ba6\4AD7AE374A5047C3,0:2547205,2016-12-14 15:16:22-354,2016-12-14 15:16:24-876
Success : LS : test2\a94a8fe5ccb19ba6\,0:-1,2016-12-14 15:16:25-111,2016-12-14 15:16:26-181
Success : CREATE_FILE : test2\a94a8fe5ccb19ba6\2a5bd02710e975a7\6AFE1B1F4A46C80D,0:835508,2016-12-14 15:16:26-276,2016-12-14 15:16:26-905
Success : LS : test2\a94a8fe5ccb19ba6\2a5bd02710e975a7\,0:-1,2016-12-14 15:16:27-053,2016-12-14 15:16:28-206
Success : CREATE_FILE : test2\a94a8fe5ccb19ba6\2a5bd02710e975a7\23E649C6587A9A14,0:2128218,2016-12-14 15:16:28-322,2016-12-14 15:16:31-296
Success : LS : test2\a94a8fe5ccb19ba6\2a5bd02710e975a7\,0:-1,2016-12-14 15:16:31-409,2016-12-14 15:16:31-960
Success : CREATE_FILE : test2\a94a8fe5ccb19ba6\2a5bd02710e975a7\7BF8ED2A74E76E2F,0:759529,2016-12-14 15:16:32-090,2016-12-14 15:16:32-596
Success : LS : test2\a94a8fe5ccb19ba6\2a5bd02710e975a7\,0:-1,2016-12-14 15:16:32-679,2016-12-14 15:16:32-789
Success : CREATE_FILE : test2\a94a8fe5ccb19ba6\200F4A92079B9AD0,0:609827,2016-12-14 15:16:32-881,2016-12-14 15:16:36-799
Success : LS : test1\f71b43c3136efa4f\,0:-1,2016-12-14 15:16:36-923,2016-12-14 15:16:36-997
Success : LS : test2\a94a8fe5ccb19ba6\,0:-1,2016-12-14 15:16:37-077,2016-12-14 15:16:37-451
Success : LS : test2\a94a8fe5ccb19ba6\2a5bd02710e975a7\,0:-1,2016-12-14 15:16:37-628,2016-12-14 15:16:37-879
Success : SEQ_READ : test1\c5a5e5562b038073\6670af231c096f09,0:46,2016-12-14 15:16:38-001,2016-12-14 15:16:38-070
Success : LS : test1\c5a5e5562b038073\a39ea9c72a98de10\,0:-1,2016-12-14 15:16:38-195,2016-12-14 15:16:38-296
Success : LS : test1\f71b43c3136efa4f\c7d9912886e5ccc7\,0:-1,2016-12-14 15:16:38-388,2016-12-14 15:16:38-458
Success : LS : test1\f71b43c3136efa4f\9f93e73d6896cb7b\,0:-1,2016-12-14 15:16:38-543,2016-12-14 15:16:38-605
Success : LS : test2\a94a8fe5ccb19ba6\,0:-1,2016-12-14 15:16:38-679,2016-12-14 15:16:38-795
Success : CREATE_FILE : test2\a94a8fe5ccb19ba6\396173942B918A67,0:4078379,2016-12-14 15:16:38-933,2016-12-14 15:16:45-601
Success : LS : test2\a94a8fe5ccb19ba6\,0:-1,2016-12-14 15:16:45-724,2016-12-14 15:16:45-849
Success : CREATE_FILE : test2\a94a8fe5ccb19ba6\3FF1E78E213A6FBE,0:3779350,2016-12-14 15:16:45-965,2016-12-14 15:16:54-154
Success : LS : test2\a94a8fe5ccb19ba6\,0:-1,2016-12-14 15:16:54-234,2016-12-14 15:16:54-541
Success : CREATE_FILE : test2\a94a8fe5ccb19ba6\2a5bd02710e975a7\2F49F35A2C89CC41,0:798050,2016-12-14 15:16:54-659,2016-12-14 15:16:55-381
Success : LS : test2\a94a8fe5ccb19ba6\2a5bd02710e975a7\,0:-1,2016-12-14 15:16:55-492,2016-12-14 15:16:55-738
Success : CREATE_FILE : test2\a94a8fe5ccb19ba6\57957D985F9C14D0,0:2478818,2016-12-14 15:16:55-833,2016-12-14 15:17:00-778
Success : LS : test2\a94a8fe5ccb19ba6\,0:-1,2016-12-14 15:17:00-925,2016-12-14 15:17:01-196
Success : CREATE_FILE : test2\a94a8fe5ccb19ba6\4C5518925E90E4B5,0:2159340,2016-12-14 15:17:01-333,2016-12-14 15:17:04-095
Success : LS : test2\a94a8fe5ccb19ba6\,0:-1,2016-12-14 15:17:04-215,2016-12-14 15:17:04-642
Success : CREATE_FILE : test2\a94a8fe5ccb19ba6\22DD28145635CDD0,0:51844,2016-12-14 15:17:04-763,2016-12-14 15:17:05-061
Success : LS : test2\a94a8fe5ccb19ba6\,0:-1,2016-12-14 15:17:05-175,2016-12-14 15:17:05-317
Success : CREATE_FILE : test2\a94a8fe5ccb19ba6\2a5bd02710e975a7\2D5FD4863E3AE6B7,0:1296818,2016-12-14 15:17:05-466,2016-12-14 15:17:07-121
Success : LS : test2\a94a8fe5ccb19ba6\2a5bd02710e975a7\,0:-1,2016-12-14 15:17:07-254,2016-12-14 15:17:07-453
Success : CREATE_FILE : test2\a94a8fe5ccb19ba6\0C1CABE64DDBC4DD,0:1989202,2016-12-14 15:17:07-538,2016-12-14 15:17:10-125
Success : LS : test1\f71b43c3136efa4f\83404ffd78f534ff\,0:-1,2016-12-14 15:17:10-205,2016-12-14 15:17:10-266
Success : LS : test1\c5a5e5562b038073\a39ea9c72a98de10\,0:-1,2016-12-14 15:17:10-343,2016-12-14 15:17:10-407
Success : LS : test2\a94a8fe5ccb19ba6\,0:-1,2016-12-14 15:17:10-485,2016-12-14 15:17:10-570
Success : CREATE_FILE : test2\a94a8fe5ccb19ba6\2a5bd02710e975a7\134BB96238955ED4,0:3147321,2016-12-14 15:17:10-648,2016-12-14 15:17:14-218
Success : LS : test2\a94a8fe5ccb19ba6\2a5bd02710e975a7\,0:-1,2016-12-14 15:17:14-331,2016-12-14 15:17:14-473
Success : CREATE_FILE : test2\a94a8fe5ccb19ba6\3F60ED806EDAD13F,0:3080003,2016-12-14 15:17:14-630,2016-12-14 15:17:18-284
Success : LS : test2\a94a8fe5ccb19ba6\,0:-1,2016-12-14 15:17:18-400,2016-12-14 15:17:18-497
Success : CREATE_FILE : test2\a94a8fe5ccb19ba6\4DD9602D175A4D98,0:391503,2016-12-14 15:17:18-590,2016-12-14 15:17:20-071
Success : LS : test2\a94a8fe5ccb19ba6\,0:-1,2016-12-14 15:17:20-188,2016-12-14 15:17:20-928
Success : CREATE_FILE : test2\a94a8fe5ccb19ba6\2a5bd02710e975a7\3F41F3E027F9AB5F,0:406669,2016-12-14 15:17:21-021,2016-12-14 15:17:21-704
Success : LS : test2\a94a8fe5ccb19ba6\2a5bd02710e975a7\,0:-1,2016-12-14 15:17:21-866,2016-12-14 15:17:22-420
Success : CREATE_FILE : test2\a94a8fe5ccb19ba6\2a5bd02710e975a7\79C348D142036BA3,0:1527348,2016-12-14 15:17:22-540,2016-12-14 15:17:24-413
Success : LS : test2\a94a8fe5ccb19ba6\2a5bd02710e975a7\,0:-1,2016-12-14 15:17:24-490,2016-12-14 15:17:24-833
Success : CREATE_FILE : test2\a94a8fe5ccb19ba6\2a5bd02710e975a7\286F27AB367DE1E7,0:1254012,2016-12-14 15:17:24-950,2016-12-14 15:17:26-800
Success : LS : test2\a94a8fe5ccb19ba6\2a5bd02710e975a7\,0:-1,2016-12-14 15:17:26-910,2016-12-14 15:17:27-028
