Success : LS : test2\a94a8fe5ccb19ba6\2a5bd02710e975a7\,0:-1,2016-12-12 10:57:46-637,2016-12-12 10:57:46-819
Success : CREATE_FILE : test2\a94a8fe5ccb19ba6\2a5bd02710e975a7\3E65949B493F629B,0:3708196,2016-12-12 10:57:47-000,2016-12-12 10:57:51-509
Success : LS : test2\a94a8fe5ccb19ba6\2a5bd02710e975a7\,0:-1,2016-12-12 10:57:51-639,2016-12-12 10:57:51-718
Success : CREATE_FILE : test2\a94a8fe5ccb19ba6\2a5bd02710e975a7\64B16FEF4663CF86,0:3785913,2016-12-12 10:57:51-845,2016-12-12 10:57:55-555
Success : LS : test1\f71b43c3136efa4f\,0:-1,2016-12-12 10:57:55-684,2016-12-12 10:57:55-760
Success : LS : test2\a94a8fe5ccb19ba6\,0:-1,2016-12-12 10:57:55-877,2016-12-12 10:57:55-962
Success : LS : test2\a94a8fe5ccb19ba6\2a5bd02710e975a7\,0:-1,2016-12-12 10:57:56-063,2016-12-12 10:57:56-170
Success : CREATE_FILE : test2\a94a8fe5ccb19ba6\2a5bd02710e975a7\1E8881D10FB786AA,0:2314796,2016-12-12 10:57:56-263,2016-12-12 10:57:58-639
Success : LS : test2\a94a8fe5ccb19ba6\2a5bd02710e975a7\,0:-1,2016-12-12 10:57:58-769,2016-12-12 10:57:58-856
Success : CREATE_FILE : test2\a94a8fe5ccb19ba6\1AD3A4183B70824D,0:540874,2016-12-12 10:57:58-943,2016-12-12 10:57:59-815
Success : LS : test2\a94a8fe5ccb19ba6\,0:-1,2016-12-12 10:57:59-940,2016-12-12 10:58:00-053
Success : CREATE_FILE : test2\a94a8fe5ccb19ba6\2a5bd02710e975a7\621A8C5A26A0A677,0:3070539,2016-12-12 10:58:00-137,2016-12-12 10:58:03-094
Success : LS : test2\a94a8fe5ccb19ba6\2a5bd02710e975a7\,0:-1,2016-12-12 10:58:03-179,2016-12-12 10:58:03-275
Success : CREATE_FILE : test2\a94a8fe5ccb19ba6\051CCD8270E13B20,0:3937820,2016-12-12 10:58:03-371,2016-12-12 10:58:07-302
Success : LS : test2\a94a8fe5ccb19ba6\,0:-1,2016-12-12 10:58:07-386,2016-12-12 10:58:07-485
Success : CREATE_FILE : test2\a94a8fe5ccb19ba6\2a5bd02710e975a7\3E6DA6F3581C9607,0:334811,2016-12-12 10:58:07-612,2016-12-12 10:58:08-227
Success : RANDOM_READ : test2\bc9c8ba7ff351f3e,65770:83178,2016-12-12 10:58:08-353,2016-12-12 10:58:08-517
Success : LS : test2\a94a8fe5ccb19ba6\,0:-1,2016-12-12 10:58:08-658,2016-12-12 10:58:08-740
Success : LS : test2\a94a8fe5ccb19ba6\,0:-1,2016-12-12 10:58:08-820,2016-12-12 10:58:08-934
Success : LS : test2\a94a8fe5ccb19ba6\2a5bd02710e975a7\,0:-1,2016-12-12 10:58:09-020,2016-12-12 10:58:09-099
Success : CREATE_FILE : test2\a94a8fe5ccb19ba6\2a5bd02710e975a7\4831CA3A45A87C9E,0:2326872,2016-12-12 10:58:09-189,2016-12-12 10:58:11-368
Success : LS : test2\a94a8fe5ccb19ba6\2a5bd02710e975a7\,0:-1,2016-12-12 10:58:11-496,2016-12-12 10:58:11-575
Success : CREATE_FILE : test2\a94a8fe5ccb19ba6\2a5bd02710e975a7\189054AA5612CBE9,0:2140016,2016-12-12 10:58:11-701,2016-12-12 10:58:13-799
Success : LS : test2\a94a8fe5ccb19ba6\2a5bd02710e975a7\,0:-1,2016-12-12 10:58:13-943,2016-12-12 10:58:14-052
Success : CREATE_FILE : test2\a94a8fe5ccb19ba6\2a5bd02710e975a7\3DEB08F12CE3E15B,0:57793,2016-12-12 10:58:14-146,2016-12-12 10:58:14-885
Success : LS : test1\c5a5e5562b038073\,0:-1,2016-12-12 10:58:15-010,2016-12-12 10:58:15-099
Success : LS : test1\f71b43c3136efa4f\,0:-1,2016-12-12 10:58:15-217,2016-12-12 10:58:15-294
Success : RANDOM_READ : test2\6c33a983eec1b409,242:2290,2016-12-12 10:58:15-381,2016-12-12 10:58:15-449
Success : LS : test2\a94a8fe5ccb19ba6\2a5bd02710e975a7\,0:-1,2016-12-12 10:58:15-566,2016-12-12 10:58:15-637
Success : CREATE_FILE : test2\a94a8fe5ccb19ba6\03661757251A0BC9,0:552294,2016-12-12 10:58:15-721,2016-12-12 10:58:16-328
Success : LS : test2\a94a8fe5ccb19ba6\,0:-1,2016-12-12 10:58:16-455,2016-12-12 10:58:16-543
Success : CREATE_FILE : test2\a94a8fe5ccb19ba6\1CBA535B2BBF6A53,0:3564046,2016-12-12 10:58:16-658,2016-12-12 10:58:20-430
Success : LS : test2\a94a8fe5ccb19ba6\,0:-1,2016-12-12 10:58:20-556,2016-12-12 10:58:20-663
Success : CREATE_FILE : test2\a94a8fe5ccb19ba6\2a5bd02710e975a7\7464F64611E288F2,0:2301189,2016-12-12 10:58:20-745,2016-12-12 10:58:23-765
Success : LS : test2\a94a8fe5ccb19ba6\2a5bd02710e975a7\,0:-1,2016-12-12 10:58:23-887,2016-12-12 10:58:23-985
Success : CREATE_FILE : test2\a94a8fe5ccb19ba6\2a5bd02710e975a7\207346915779808C,0:2841069,2016-12-12 10:58:24-105,2016-12-12 10:58:26-668
Success : LS : test1\f71b43c3136efa4f\52481749c0cdecd6\,0:-1,2016-12-12 10:58:26-783,2016-12-12 10:58:26-906
Success : LS : test1\f71b43c3136efa4f\c7d9912886e5ccc7\,0:-1,2016-12-12 10:58:26-996,2016-12-12 10:58:27-065
Success : LS : test2\a94a8fe5ccb19ba6\,0:-1,2016-12-12 10:58:27-154,2016-12-12 10:58:27-248
Success : LS : test2\a94a8fe5ccb19ba6\2a5bd02710e975a7\,0:-1,2016-12-12 10:58:27-330,2016-12-12 10:58:27-411
Success : CREATE_FILE : test2\a94a8fe5ccb19ba6\2a5bd02710e975a7\69AC829920C608A6,0:1716594,2016-12-12 10:58:27-489,2016-12-12 10:58:29-459
Success : LS : test2\a94a8fe5ccb19ba6\2a5bd02710e975a7\,0:-1,2016-12-12 10:58:29-588,2016-12-12 10:58:29-694
Success : CREATE_FILE : test2\a94a8fe5ccb19ba6\2a5bd02710e975a7\22164EF844F1D288,0:125593,2016-12-12 10:58:29-788,2016-12-12 10:58:30-480
Success : LS : test2\a94a8fe5ccb19ba6\2a5bd02710e975a7\,0:-1,2016-12-12 10:58:30-606,2016-12-12 10:58:30-701
Success : CREATE_FILE : test2\a94a8fe5ccb19ba6\41B05CF813D3B7C7,0:2050885,2016-12-12 10:58:30-784,2016-12-12 10:58:32-941
Success : LS : test2\a94a8fe5ccb19ba6\,0:-1,2016-12-12 10:58:33-045,2016-12-12 10:58:33-130
Success : CREATE_FILE : test2\a94a8fe5ccb19ba6\6EB9E33144D5FB15,0:3062802,2016-12-12 10:58:33-221,2016-12-12 10:58:36-391
Success : LS : test1\f71b43c3136efa4f\9f93e73d6896cb7b\,0:-1,2016-12-12 10:58:36-512,2016-12-12 10:58:36-617
Success : LS : test2\a94a8fe5ccb19ba6\2a5bd02710e975a7\,0:-1,2016-12-12 10:58:36-709,2016-12-12 10:58:36-814
Success : LS : test2\a94a8fe5ccb19ba6\2a5bd02710e975a7\,0:-1,2016-12-12 10:58:36-919,2016-12-12 10:58:36-997
Success : LS : test1\f71b43c3136efa4f\52481749c0cdecd6\,0:-1,2016-12-12 10:58:37-074,2016-12-12 10:58:37-177
Success : LS : test1\c5a5e5562b038073\,0:-1,2016-12-12 10:58:37-287,2016-12-12 10:58:37-357
Success : LS : test2\a94a8fe5ccb19ba6\,0:-1,2016-12-12 10:58:37-490,2016-12-12 10:58:37-610
Success : CREATE_FILE : test2\a94a8fe5ccb19ba6\530913D106F5CA67,0:3082860,2016-12-12 10:58:37-730,2016-12-12 10:58:40-741
Success : LS : test2\a94a8fe5ccb19ba6\,0:-1,2016-12-12 10:58:40-858,2016-12-12 10:58:40-972
Success : CREATE_FILE : test2\a94a8fe5ccb19ba6\3DC1E3D147036764,0:3038773,2016-12-12 10:58:41-070,2016-12-12 10:58:44-165
Fail : LS : test1,0:-1,2016-12-12 10:58:44-287,2016-12-12 10:58:44-287
Reason : java.lang.StringIndexOutOfBoundsException: String index out of range: -2
Success : RANDOM_READ : test1\c5a5e5562b038073\2015a7ab48ae9a58,10769:25105,2016-12-12 10:58:44-373,2016-12-12 10:58:44-483
Success : LS : test2\a94a8fe5ccb19ba6\,0:-1,2016-12-12 10:58:44-574,2016-12-12 10:58:44-699
Success : CREATE_FILE : test2\a94a8fe5ccb19ba6\6416C99743D03BD8,0:675137,2016-12-12 10:58:44-804,2016-12-12 10:58:46-045
Success : LS : test2\a94a8fe5ccb19ba6\,0:-1,2016-12-12 10:58:46-171,2016-12-12 10:58:46-453
Success : CREATE_FILE : test2\a94a8fe5ccb19ba6\2a5bd02710e975a7\5020B27C58B93FA9,0:3828220,2016-12-12 10:58:46-573,2016-12-12 10:58:50-390
Success : LS : test2\a94a8fe5ccb19ba6\2a5bd02710e975a7\,0:-1,2016-12-12 10:58:50-517,2016-12-12 10:58:50-604
Success : CREATE_FILE : test2\a94a8fe5ccb19ba6\2a5bd02710e975a7\49C9E93765BCABFB,0:1324777,2016-12-12 10:58:50-685,2016-12-12 10:58:51-990
Success : LS : test2\a94a8fe5ccb19ba6\2a5bd02710e975a7\,0:-1,2016-12-12 10:58:52-104,2016-12-12 10:58:52-187
Success : CREATE_FILE : test2\a94a8fe5ccb19ba6\69C6117D3E1CCE9A,0:423179,2016-12-12 10:58:52-292,2016-12-12 10:58:53-063
Success : LS : test2\a94a8fe5ccb19ba6\2a5bd02710e975a7\,0:-1,2016-12-12 10:58:53-189,2016-12-12 10:58:53-283
Success : LS : test2\a94a8fe5ccb19ba6\,0:-1,2016-12-12 10:58:53-366,2016-12-12 10:58:53-487
Success : CREATE_FILE : test2\a94a8fe5ccb19ba6\2a5bd02710e975a7\270239CE7DF2A5A9,0:1577999,2016-12-12 10:58:53-616,2016-12-12 10:58:55-447
Success : LS : test2\a94a8fe5ccb19ba6\2a5bd02710e975a7\,0:-1,2016-12-12 10:58:55-569,2016-12-12 10:58:55-656
