Success : LS : test1\f71b43c3136efa4f\52481749c0cdecd6\,0:-1,2016-12-14 14:01:19-752,2016-12-14 14:01:19-930
Success : SEQ_READ : test2\a94a8fe5ccb19ba6\4b6fcb2d521ef0fd,0:2291,2016-12-14 14:01:20-023,2016-12-14 14:01:20-137
Success : LS : test2\a94a8fe5ccb19ba6\,0:-1,2016-12-14 14:01:20-264,2016-12-14 14:01:20-350
Success : CREATE_FILE : test2\a94a8fe5ccb19ba6\556B5D703B429763,0:769403,2016-12-14 14:01:20-470,2016-12-14 14:01:20-967
Success : LS : test2\a94a8fe5ccb19ba6\,0:-1,2016-12-14 14:01:21-079,2016-12-14 14:01:21-153
Success : CREATE_FILE : test2\a94a8fe5ccb19ba6\2a5bd02710e975a7\55730D11001B8103,0:3946220,2016-12-14 14:01:21-234,2016-12-14 14:01:25-012
Success : LS : test2\a94a8fe5ccb19ba6\2a5bd02710e975a7\,0:-1,2016-12-14 14:01:25-133,2016-12-14 14:01:25-211
Success : CREATE_FILE : test2\a94a8fe5ccb19ba6\2294D04345E729F3,0:998569,2016-12-14 14:01:25-340,2016-12-14 14:01:25-827
Success : LS : test2\a94a8fe5ccb19ba6\,0:-1,2016-12-14 14:01:25-951,2016-12-14 14:01:26-027
Success : CREATE_FILE : test2\a94a8fe5ccb19ba6\5212E7CE70A7E345,0:2661675,2016-12-14 14:01:26-149,2016-12-14 14:01:28-566
Success : LS : test2\a94a8fe5ccb19ba6\,0:-1,2016-12-14 14:01:28-688,2016-12-14 14:01:28-765
Success : CREATE_FILE : test2\a94a8fe5ccb19ba6\7F320D9C024C0645,0:2413153,2016-12-14 14:01:28-857,2016-12-14 14:01:30-785
Success : LS : test1\c5a5e5562b038073\a39ea9c72a98de10\,0:-1,2016-12-14 14:01:30-911,2016-12-14 14:01:30-989
Success : SEQ_READ : test1\c5a5e5562b038073\a39ea9c72a98de10\f398de59988a85e5,0:6743,2016-12-14 14:01:31-108,2016-12-14 14:01:31-178
Success : SEQ_READ : test1\c5a5e5562b038073\3c16ab634e85296e,0:105016,2016-12-14 14:01:31-305,2016-12-14 14:01:31-382
Success : SEQ_READ : test2\a94a8fe5ccb19ba6\2a5bd02710e975a7\254d76d2609fec03,0:2291,2016-12-14 14:01:31-516,2016-12-14 14:01:31-583
Success : SEQ_READ : test1\c5a5e5562b038073\0189424a5a60fed3\46a8219c2ae6c782,0:1544228,2016-12-14 14:01:31-682,2016-12-14 14:01:31-781
Success : SEQ_READ : test1\c5a5e5562b038073\68ad3077ff5a452a,0:383,2016-12-14 14:01:31-873,2016-12-14 14:01:31-933
Success : LS : test2\a94a8fe5ccb19ba6\,0:-1,2016-12-14 14:01:32-014,2016-12-14 14:01:32-090
Success : CREATE_FILE : test2\a94a8fe5ccb19ba6\2a5bd02710e975a7\7F3D51E21152F7CB,0:1585938,2016-12-14 14:01:32-169,2016-12-14 14:01:34-798
Success : LS : test2\a94a8fe5ccb19ba6\,0:-1,2016-12-14 14:01:34-887,2016-12-14 14:01:34-999
Success : SEQ_READ : test1\c5a5e5562b038073\738537f9a40e568b,0:17984,2016-12-14 14:01:35-079,2016-12-14 14:01:35-141
Success : LS : test2\a94a8fe5ccb19ba6\2a5bd02710e975a7\,0:-1,2016-12-14 14:01:35-216,2016-12-14 14:01:35-320
Success : CREATE_FILE : test2\a94a8fe5ccb19ba6\69AB437E0B386EEB,0:3851645,2016-12-14 14:01:35-447,2016-12-14 14:01:39-941
Success : LS : test1\f71b43c3136efa4f\9f93e73d6896cb7b\,0:-1,2016-12-14 14:01:40-067,2016-12-14 14:01:40-146
Success : LS : test1\c5a5e5562b038073\,0:-1,2016-12-14 14:01:40-228,2016-12-14 14:01:40-290
Success : LS : test1\f71b43c3136efa4f\9f93e73d6896cb7b\,0:-1,2016-12-14 14:01:40-413,2016-12-14 14:01:40-519
Fail : LS : test1,0:-1,2016-12-14 14:01:40-615,2016-12-14 14:01:40-616
Reason : java.lang.StringIndexOutOfBoundsException: String index out of range: -1
Success : LS : test1\c5a5e5562b038073\a39ea9c72a98de10\,0:-1,2016-12-14 14:01:40-702,2016-12-14 14:01:40-772
Success : LS : test2\a94a8fe5ccb19ba6\,0:-1,2016-12-14 14:01:40-848,2016-12-14 14:01:40-956
Success : CREATE_FILE : test2\a94a8fe5ccb19ba6\5E7D6A3831D0F7C4,0:3619474,2016-12-14 14:01:41-047,2016-12-14 14:01:45-372
Success : LS : test1\c5a5e5562b038073\,0:-1,2016-12-14 14:01:45-449,2016-12-14 14:01:45-512
Success : SEQ_READ : test1\c5a5e5562b038073\0189424a5a60fed3\46a8219c2ae6c782,0:1544228,2016-12-14 14:01:45-633,2016-12-14 14:01:45-747
Success : LS : test1\c5a5e5562b038073\a39ea9c72a98de10\,0:-1,2016-12-14 14:01:45-841,2016-12-14 14:01:45-932
Success : LS : test2\a94a8fe5ccb19ba6\,0:-1,2016-12-14 14:01:46-014,2016-12-14 14:01:46-081
Success : CREATE_FILE : test2\a94a8fe5ccb19ba6\2a5bd02710e975a7\33F31C5D413117B8,0:870793,2016-12-14 14:01:46-157,2016-12-14 14:01:46-670
Success : SEQ_READ : test1\c5a5e5562b038073\05d1f0ed74e78555,0:69632,2016-12-14 14:01:46-797,2016-12-14 14:01:46-883
Success : LS : test1\f71b43c3136efa4f\9f93e73d6896cb7b\,0:-1,2016-12-14 14:01:46-967,2016-12-14 14:01:47-072
Success : LS : test2\a94a8fe5ccb19ba6\,0:-1,2016-12-14 14:01:47-169,2016-12-14 14:01:47-244
Success : LS : test2\a94a8fe5ccb19ba6\2a5bd02710e975a7\,0:-1,2016-12-14 14:01:47-318,2016-12-14 14:01:47-411
Success : CREATE_FILE : test2\a94a8fe5ccb19ba6\6E1ACFC307DD72CF,0:436094,2016-12-14 14:01:47-499,2016-12-14 14:01:47-770
Success : LS : test2\a94a8fe5ccb19ba6\,0:-1,2016-12-14 14:01:47-883,2016-12-14 14:01:47-953
Success : CREATE_FILE : test2\a94a8fe5ccb19ba6\1D6659634F363376,0:2950682,2016-12-14 14:01:48-038,2016-12-14 14:01:52-065
Success : LS : test2\a94a8fe5ccb19ba6\,0:-1,2016-12-14 14:01:52-159,2016-12-14 14:01:52-226
Success : CREATE_FILE : test2\a94a8fe5ccb19ba6\2a5bd02710e975a7\1763E5C96CDDCF8A,0:2765900,2016-12-14 14:01:52-343,2016-12-14 14:01:55-369
Success : SEQ_READ : test1\c5a5e5562b038073\fbe0d7653f0909cb,0:1611,2016-12-14 14:01:55-484,2016-12-14 14:01:55-545
Success : LS : test2\a94a8fe5ccb19ba6\2a5bd02710e975a7\,0:-1,2016-12-14 14:01:55-621,2016-12-14 14:01:55-685
Success : CREATE_FILE : test2\a94a8fe5ccb19ba6\17755F2A43BFE337,0:3529202,2016-12-14 14:01:55-773,2016-12-14 14:01:59-085
Success : LS : test2\a94a8fe5ccb19ba6\,0:-1,2016-12-14 14:01:59-207,2016-12-14 14:01:59-287
Success : CREATE_FILE : test2\a94a8fe5ccb19ba6\2a5bd02710e975a7\4E650E9D24020089,0:2589228,2016-12-14 14:01:59-367,2016-12-14 14:02:01-531
Success : LS : test2\a94a8fe5ccb19ba6\2a5bd02710e975a7\,0:-1,2016-12-14 14:02:01-657,2016-12-14 14:02:01-725
Success : CREATE_FILE : test2\a94a8fe5ccb19ba6\2403F2481B5D41E6,0:1198290,2016-12-14 14:02:01-822,2016-12-14 14:02:04-469
Success : LS : test2\a94a8fe5ccb19ba6\,0:-1,2016-12-14 14:02:04-595,2016-12-14 14:02:04-677
Success : CREATE_FILE : test2\a94a8fe5ccb19ba6\2a5bd02710e975a7\0D64645552B87D2B,0:1215903,2016-12-14 14:02:04-802,2016-12-14 14:02:05-698
Success : LS : test1\c5a5e5562b038073\a39ea9c72a98de10\,0:-1,2016-12-14 14:02:05-817,2016-12-14 14:02:05-897
Success : LS : test1\f71b43c3136efa4f\52481749c0cdecd6\,0:-1,2016-12-14 14:02:05-981,2016-12-14 14:02:06-050
Success : LS : test2\a94a8fe5ccb19ba6\2a5bd02710e975a7\,0:-1,2016-12-14 14:02:06-136,2016-12-14 14:02:06-202
Success : LS : test1\f71b43c3136efa4f\,0:-1,2016-12-14 14:02:06-330,2016-12-14 14:02:06-411
Success : LS : test2\a94a8fe5ccb19ba6\2a5bd02710e975a7\,0:-1,2016-12-14 14:02:06-536,2016-12-14 14:02:06-611
Success : CREATE_FILE : test2\a94a8fe5ccb19ba6\729C45365C4171E8,0:2167603,2016-12-14 14:02:06-686,2016-12-14 14:02:08-773
Success : LS : test2\a94a8fe5ccb19ba6\,0:-1,2016-12-14 14:02:08-896,2016-12-14 14:02:08-971
Success : CREATE_FILE : test2\a94a8fe5ccb19ba6\2a5bd02710e975a7\25DC04D83E02FE6F,0:3574744,2016-12-14 14:02:09-059,2016-12-14 14:02:12-452
Success : LS : test2\a94a8fe5ccb19ba6\2a5bd02710e975a7\,0:-1,2016-12-14 14:02:12-579,2016-12-14 14:02:12-677
Success : CREATE_FILE : test2\a94a8fe5ccb19ba6\20A5061236D9DD17,0:2439276,2016-12-14 14:02:12-778,2016-12-14 14:02:14-976
Success : LS : test2\a94a8fe5ccb19ba6\2a5bd02710e975a7\,0:-1,2016-12-14 14:02:15-075,2016-12-14 14:02:15-667
Success : LS : test1\f71b43c3136efa4f\c7d9912886e5ccc7\,0:-1,2016-12-14 14:02:15-788,2016-12-14 14:02:15-881
Success : LS : test1\f71b43c3136efa4f\9f93e73d6896cb7b\,0:-1,2016-12-14 14:02:15-971,2016-12-14 14:02:16-069
Success : LS : test1\f71b43c3136efa4f\83404ffd78f534ff\,0:-1,2016-12-14 14:02:16-185,2016-12-14 14:02:16-260
Success : LS : test2\a94a8fe5ccb19ba6\,0:-1,2016-12-14 14:02:16-341,2016-12-14 14:02:16-431
Success : LS : test2\a94a8fe5ccb19ba6\,0:-1,2016-12-14 14:02:16-516,2016-12-14 14:02:16-618
Success : CREATE_FILE : test2\a94a8fe5ccb19ba6\2a5bd02710e975a7\598AAFBE0D89618A,0:2653759,2016-12-14 14:02:16-710,2016-12-14 14:02:18-954
Success : LS : test2\a94a8fe5ccb19ba6\,0:-1,2016-12-14 14:02:19-074,2016-12-14 14:02:19-150
Success : LS : test1\f71b43c3136efa4f\c7d9912886e5ccc7\,0:-1,2016-12-14 14:02:19-226,2016-12-14 14:02:19-303
Success : LS : test1\f71b43c3136efa4f\c7d9912886e5ccc7\,0:-1,2016-12-14 14:02:19-382,2016-12-14 14:02:19-485
Fail : LS : test1,0:-1,2016-12-14 14:02:19-575,2016-12-14 14:02:19-576
Reason : java.lang.StringIndexOutOfBoundsException: String index out of range: -1
Fail : LS : test1,0:-1,2016-12-14 14:02:19-655,2016-12-14 14:02:19-656
Reason : java.lang.StringIndexOutOfBoundsException: String index out of range: -1
Success : LS : test2\a94a8fe5ccb19ba6\2a5bd02710e975a7\,0:-1,2016-12-14 14:02:19-999,2016-12-14 14:02:20-996
Success : CREATE_FILE : test2\a94a8fe5ccb19ba6\0046CC0310E5EFA2,0:3168914,2016-12-14 14:02:21-083,2016-12-14 14:02:23-905
Success : LS : test2\a94a8fe5ccb19ba6\2a5bd02710e975a7\,0:-1,2016-12-14 14:02:24-025,2016-12-14 14:02:24-101
Success : LS : test1\f71b43c3136efa4f\c7d9912886e5ccc7\,0:-1,2016-12-14 14:02:24-186,2016-12-14 14:02:24-252
Success : SEQ_READ : test1\c5a5e5562b038073\2d77b1044a6c5c82,0:764416,2016-12-14 14:02:24-329,2016-12-14 14:02:24-400
Success : LS : test2\a94a8fe5ccb19ba6\,0:-1,2016-12-14 14:02:24-478,2016-12-14 14:02:24-545
Success : LS : test2\a94a8fe5ccb19ba6\,0:-1,2016-12-14 14:02:24-620,2016-12-14 14:02:24-693
Success : CREATE_FILE : test2\a94a8fe5ccb19ba6\3BA60CC562CFF008,0:2763104,2016-12-14 14:02:24-819,2016-12-14 14:02:27-269
Success : LS : test2\a94a8fe5ccb19ba6\,0:-1,2016-12-14 14:02:27-346,2016-12-14 14:02:27-411
Success : CREATE_FILE : test2\a94a8fe5ccb19ba6\2a5bd02710e975a7\4A899E7043C8942E,0:1586854,2016-12-14 14:02:27-488,2016-12-14 14:02:29-394
Success : LS : test1\f71b43c3136efa4f\9f93e73d6896cb7b\,0:-1,2016-12-14 14:02:29-503,2016-12-14 14:02:29-601
Success : SEQ_READ : test2\a94a8fe5ccb19ba6\4b6fcb2d521ef0fd,0:2291,2016-12-14 14:02:29-693,2016-12-14 14:02:29-753
Success : LS : test2\a94a8fe5ccb19ba6\2a5bd02710e975a7\,0:-1,2016-12-14 14:02:29-827,2016-12-14 14:02:29-890
Success : CREATE_FILE : test2\a94a8fe5ccb19ba6\1D03FC14023C925C,0:1382475,2016-12-14 14:02:29-999,2016-12-14 14:02:31-074
Success : LS : test2\a94a8fe5ccb19ba6\,0:-1,2016-12-14 14:02:31-177,2016-12-14 14:02:31-249
Success : CREATE_FILE : test2\a94a8fe5ccb19ba6\1C397EA264F55D25,0:2467294,2016-12-14 14:02:31-357,2016-12-14 14:02:33-550
Success : SEQ_READ : test1\c5a5e5562b038073\738537f9a40e568b,0:17984,2016-12-14 14:02:33-670,2016-12-14 14:02:33-747
Fail : LS : test1,0:-1,2016-12-14 14:02:33-869,2016-12-14 14:02:33-869
Reason : java.lang.StringIndexOutOfBoundsException: String index out of range: -1
Success : LS : test2\a94a8fe5ccb19ba6\,0:-1,2016-12-14 14:02:33-952,2016-12-14 14:02:34-017
Fail : LS : test1,0:-1,2016-12-14 14:02:34-093,2016-12-14 14:02:34-093
Reason : java.lang.StringIndexOutOfBoundsException: String index out of range: -1
Success : SEQ_READ : test1\c5a5e5562b038073\2015a7ab48ae9a58,0:28672,2016-12-14 14:02:34-185,2016-12-14 14:02:34-275
Success : LS : test1\f71b43c3136efa4f\,0:-1,2016-12-14 14:02:34-362,2016-12-14 14:02:34-442
Success : SEQ_READ : test1\c5a5e5562b038073\767c14c8beb1e835,0:3818496,2016-12-14 14:02:34-527,2016-12-14 14:02:34-599
Success : LS : test2\a94a8fe5ccb19ba6\2a5bd02710e975a7\,0:-1,2016-12-14 14:02:34-678,2016-12-14 14:02:34-754
Success : LS : test2\a94a8fe5ccb19ba6\,0:-1,2016-12-14 14:02:34-839,2016-12-14 14:02:34-950
Success : CREATE_FILE : test2\a94a8fe5ccb19ba6\2a5bd02710e975a7\5EB657127F2D7926,0:781376,2016-12-14 14:02:35-036,2016-12-14 14:02:35-534
Success : LS : test1\f71b43c3136efa4f\c7d9912886e5ccc7\,0:-1,2016-12-14 14:02:35-661,2016-12-14 14:02:35-996
Success : LS : test1\f71b43c3136efa4f\9f93e73d6896cb7b\,0:-1,2016-12-14 14:02:36-082,2016-12-14 14:02:36-153
Success : LS : test1\c5a5e5562b038073\,0:-1,2016-12-14 14:02:36-235,2016-12-14 14:02:36-985
Success : LS : test2\a94a8fe5ccb19ba6\2a5bd02710e975a7\,0:-1,2016-12-14 14:02:37-065,2016-12-14 14:02:37-130
Success : LS : test1\f71b43c3136efa4f\c7d9912886e5ccc7\,0:-1,2016-12-14 14:02:37-224,2016-12-14 14:02:37-289
Success : LS : test1\f71b43c3136efa4f\,0:-1,2016-12-14 14:02:37-404,2016-12-14 14:02:37-473
Success : CREATE_FILE : test2\a94a8fe5ccb19ba6\2a5bd02710e975a7\0C14CE6F40AD9DEC,0:1862305,2016-12-14 14:02:37-840,2016-12-14 14:02:39-306
Success : LS : test1\f71b43c3136efa4f\52481749c0cdecd6\,0:-1,2016-12-14 14:02:39-417,2016-12-14 14:02:39-488
Success : LS : test2\a94a8fe5ccb19ba6\2a5bd02710e975a7\,0:-1,2016-12-14 14:02:39-569,2016-12-14 14:02:39-638
Fail : LS : test1,0:-1,2016-12-14 14:02:40-146,2016-12-14 14:02:40-146
Reason : java.lang.StringIndexOutOfBoundsException: String index out of range: -1
Success : SEQ_READ : test1\c5a5e5562b038073\2015a7ab48ae9a58,0:28672,2016-12-14 14:02:41-077,2016-12-14 14:02:41-156
Success : CREATE_FILE : test2\a94a8fe5ccb19ba6\4273EACC109552E4,0:987056,2016-12-14 14:02:41-237,2016-12-14 14:02:41-749
Success : LS : test1\f71b43c3136efa4f\83404ffd78f534ff\,0:-1,2016-12-14 14:02:41-873,2016-12-14 14:02:41-956
Success : LS : test2\a94a8fe5ccb19ba6\,0:-1,2016-12-14 14:02:42-041,2016-12-14 14:02:42-113
Success : CREATE_FILE : test2\a94a8fe5ccb19ba6\2DFDE51A3A5409EC,0:743609,2016-12-14 14:02:42-198,2016-12-14 14:02:42-698
Success : LS : test2\a94a8fe5ccb19ba6\,0:-1,2016-12-14 14:02:42-824,2016-12-14 14:02:42-901
Success : LS : test2\a94a8fe5ccb19ba6\,0:-1,2016-12-14 14:02:42-982,2016-12-14 14:02:43-059
Success : CREATE_FILE : test2\a94a8fe5ccb19ba6\07CDA1DA726466F3,0:2149687,2016-12-14 14:02:43-138,2016-12-14 14:02:44-913
Success : SEQ_READ : test1\c5a5e5562b038073\a39ea9c72a98de10\f398de59988a85e5,0:6743,2016-12-14 14:02:45-042,2016-12-14 14:02:45-112
Success : SEQ_READ : test1\f71b43c3136efa4f\52481749c0cdecd6\6670af231c096f09,0:129,2016-12-14 14:02:45-197,2016-12-14 14:02:45-262
Success : LS : test2\a94a8fe5ccb19ba6\,0:-1,2016-12-14 14:02:45-336,2016-12-14 14:02:45-418
Success : SEQ_READ : test1\c5a5e5562b038073\fbe0d7653f0909cb,0:1611,2016-12-14 14:02:45-622,2016-12-14 14:02:45-687
Success : LS : test2\a94a8fe5ccb19ba6\,0:-1,2016-12-14 14:02:45-865,2016-12-14 14:02:45-939
Success : CREATE_FILE : test2\a94a8fe5ccb19ba6\74EB4C3332239709,0:1766600,2016-12-14 14:02:46-690,2016-12-14 14:02:48-273
Success : LS : test2\a94a8fe5ccb19ba6\,0:-1,2016-12-14 14:02:48-348,2016-12-14 14:02:48-449
Success : CREATE_FILE : test2\a94a8fe5ccb19ba6\582780DF31C061B7,0:2037282,2016-12-14 14:02:48-542,2016-12-14 14:02:50-612
Success : LS : test2\a94a8fe5ccb19ba6\,0:-1,2016-12-14 14:02:50-733,2016-12-14 14:02:50-808
Success : CREATE_FILE : test2\a94a8fe5ccb19ba6\2a5bd02710e975a7\737506CF4AC208C3,0:764429,2016-12-14 14:02:50-897,2016-12-14 14:02:51-883
Success : LS : test2\a94a8fe5ccb19ba6\2a5bd02710e975a7\,0:-1,2016-12-14 14:02:52-009,2016-12-14 14:02:52-097
Success : LS : test2\a94a8fe5ccb19ba6\2a5bd02710e975a7\,0:-1,2016-12-14 14:02:52-175,2016-12-14 14:02:52-259
Success : LS : test1\f71b43c3136efa4f\52481749c0cdecd6\,0:-1,2016-12-14 14:02:52-346,2016-12-14 14:02:52-412
Success : SEQ_READ : test2\acde102dac5bbe15,0:6030,2016-12-14 14:02:54-166,2016-12-14 14:02:54-229
Success : CREATE_FILE : test2\a94a8fe5ccb19ba6\2a5bd02710e975a7\3BA757CF1DBB6867,0:249736,2016-12-14 14:02:54-601,2016-12-14 14:02:54-997
Success : LS : test1\f71b43c3136efa4f\52481749c0cdecd6\,0:-1,2016-12-14 14:02:55-117,2016-12-14 14:02:55-188
Success : LS : test2\a94a8fe5ccb19ba6\2a5bd02710e975a7\,0:-1,2016-12-14 14:02:55-267,2016-12-14 14:02:55-335
Success : CREATE_FILE : test2\a94a8fe5ccb19ba6\3D49B9115BA87AE3,0:3543397,2016-12-14 14:02:55-489,2016-12-14 14:02:58-653
Success : LS : test1\c5a5e5562b038073\0189424a5a60fed3\,0:-1,2016-12-14 14:02:58-776,2016-12-14 14:02:58-853
Success : LS : test2\a94a8fe5ccb19ba6\,0:-1,2016-12-14 14:02:58-940,2016-12-14 14:02:59-005
Success : CREATE_FILE : test2\a94a8fe5ccb19ba6\2a5bd02710e975a7\6DBE5151252AF977,0:135551,2016-12-14 14:02:59-081,2016-12-14 14:02:59-335
Success : LS : test2\a94a8fe5ccb19ba6\2a5bd02710e975a7\,0:-1,2016-12-14 14:02:59-462,2016-12-14 14:02:59-538
Success : CREATE_FILE : test2\a94a8fe5ccb19ba6\6E40005A77C4E678,0:3061849,2016-12-14 14:03:01-821,2016-12-14 14:03:04-522
Success : LS : test2\a94a8fe5ccb19ba6\,0:-1,2016-12-14 14:03:04-646,2016-12-14 14:03:04-764
Success : LS : test2\a94a8fe5ccb19ba6\,0:-1,2016-12-14 14:03:04-879,2016-12-14 14:03:04-955
Success : LS : test2\a94a8fe5ccb19ba6\2a5bd02710e975a7\,0:-1,2016-12-14 14:03:05-032,2016-12-14 14:03:05-097
Success : LS : test2\a94a8fe5ccb19ba6\,0:-1,2016-12-14 14:03:05-175,2016-12-14 14:03:05-260
Success : LS : test1\f71b43c3136efa4f\52481749c0cdecd6\,0:-1,2016-12-14 14:03:05-734,2016-12-14 14:03:05-802
Success : LS : test1\c5a5e5562b038073\0189424a5a60fed3\,0:-1,2016-12-14 14:03:06-791,2016-12-14 14:03:06-862
Success : LS : test2\a94a8fe5ccb19ba6\,0:-1,2016-12-14 14:03:08-377,2016-12-14 14:03:08-454
Success : LS : test2\a94a8fe5ccb19ba6\2a5bd02710e975a7\,0:-1,2016-12-14 14:03:08-729,2016-12-14 14:03:08-803
Success : CREATE_FILE : test2\a94a8fe5ccb19ba6\2EAFE95936B2FF14,0:3478004,2016-12-14 14:03:08-882,2016-12-14 14:03:11-944
Success : LS : test2\a94a8fe5ccb19ba6\,0:-1,2016-12-14 14:03:12-053,2016-12-14 14:03:12-126
Success : CREATE_FILE : test2\a94a8fe5ccb19ba6\2a5bd02710e975a7\6BB6FEDB7A0B8CAD,0:4082885,2016-12-14 14:03:12-210,2016-12-14 14:03:16-573
Success : LS : test2\a94a8fe5ccb19ba6\2a5bd02710e975a7\,0:-1,2016-12-14 14:03:16-688,2016-12-14 14:03:16-764
Success : CREATE_FILE : test2\a94a8fe5ccb19ba6\326E46D62AFEB550,0:2358608,2016-12-14 14:03:16-839,2016-12-14 14:03:19-157
Success : LS : test2\a94a8fe5ccb19ba6\,0:-1,2016-12-14 14:03:19-278,2016-12-14 14:03:19-390
Success : CREATE_FILE : test2\a94a8fe5ccb19ba6\3EBA8E676F1218AF,0:921015,2016-12-14 14:03:19-501,2016-12-14 14:03:19-956
Success : LS : test2\a94a8fe5ccb19ba6\,0:-1,2016-12-14 14:03:20-076,2016-12-14 14:03:20-151
Success : CREATE_FILE : test2\a94a8fe5ccb19ba6\2a5bd02710e975a7\2E160E5C7526AA2E,0:3225012,2016-12-14 14:03:20-231,2016-12-14 14:03:24-202
Success : LS : test1\f71b43c3136efa4f\,0:-1,2016-12-14 14:03:24-286,2016-12-14 14:03:24-349
Fail : LS : test1,0:-1,2016-12-14 14:03:24-423,2016-12-14 14:03:24-423
Reason : java.lang.StringIndexOutOfBoundsException: String index out of range: -1
Success : LS : test2\a94a8fe5ccb19ba6\2a5bd02710e975a7\,0:-1,2016-12-14 14:03:24-500,2016-12-14 14:03:24-590
Success : CREATE_FILE : test2\a94a8fe5ccb19ba6\2a5bd02710e975a7\507DE97921C75387,0:1097972,2016-12-14 14:03:24-674,2016-12-14 14:03:25-457
Success : LS : test2\a94a8fe5ccb19ba6\2a5bd02710e975a7\,0:-1,2016-12-14 14:03:25-584,2016-12-14 14:03:26-295
Success : CREATE_FILE : test2\a94a8fe5ccb19ba6\2a5bd02710e975a7\7E0BE20839F04BF0,0:1250658,2016-12-14 14:03:26-419,2016-12-14 14:03:27-386
Success : LS : test1\f71b43c3136efa4f\c7d9912886e5ccc7\,0:-1,2016-12-14 14:03:27-477,2016-12-14 14:03:27-559
Success : LS : test2\a94a8fe5ccb19ba6\2a5bd02710e975a7\,0:-1,2016-12-14 14:03:27-689,2016-12-14 14:03:27-759
Success : CREATE_FILE : test2\a94a8fe5ccb19ba6\61D2B86C5172C818,0:2489840,2016-12-14 14:03:27-838,2016-12-14 14:03:30-706
Success : LS : test2\a94a8fe5ccb19ba6\,0:-1,2016-12-14 14:03:30-825,2016-12-14 14:03:30-906
Success : CREATE_FILE : test2\a94a8fe5ccb19ba6\368A7D1B2963A848,0:1928392,2016-12-14 14:03:30-988,2016-12-14 14:03:32-439
Success : LS : test1\c5a5e5562b038073\a39ea9c72a98de10\,0:-1,2016-12-14 14:03:32-531,2016-12-14 14:03:32-595
Success : LS : test1\f71b43c3136efa4f\9f93e73d6896cb7b\,0:-1,2016-12-14 14:03:32-668,2016-12-14 14:03:32-767
Success : LS : test2\a94a8fe5ccb19ba6\2a5bd02710e975a7\,0:-1,2016-12-14 14:03:32-855,2016-12-14 14:03:32-960
Success : LS : test1\f71b43c3136efa4f\83404ffd78f534ff\,0:-1,2016-12-14 14:03:33-056,2016-12-14 14:03:33-127
Success : LS : test2\a94a8fe5ccb19ba6\,0:-1,2016-12-14 14:03:33-210,2016-12-14 14:03:33-280
Success : CREATE_FILE : test2\a94a8fe5ccb19ba6\2a5bd02710e975a7\21AB2CCC73E6E348,0:2785899,2016-12-14 14:03:33-356,2016-12-14 14:03:36-894
Success : LS : test1\f71b43c3136efa4f\c7d9912886e5ccc7\,0:-1,2016-12-14 14:03:37-013,2016-12-14 14:03:37-090
Success : LS : test1\c5a5e5562b038073\,0:-1,2016-12-14 14:03:37-205,2016-12-14 14:03:37-286
Success : LS : test1\c5a5e5562b038073\,0:-1,2016-12-14 14:03:37-386,2016-12-14 14:03:37-454
Success : LS : test1\f71b43c3136efa4f\9f93e73d6896cb7b\,0:-1,2016-12-14 14:03:37-543,2016-12-14 14:03:37-604
Success : LS : test2\a94a8fe5ccb19ba6\2a5bd02710e975a7\,0:-1,2016-12-14 14:03:37-717,2016-12-14 14:03:37-790
Success : CREATE_FILE : test2\a94a8fe5ccb19ba6\589F36715D4603F9,0:584266,2016-12-14 14:03:37-900,2016-12-14 14:03:38-282
Fail : LS : test1,0:-1,2016-12-14 14:03:38-406,2016-12-14 14:03:38-407
Reason : java.lang.StringIndexOutOfBoundsException: String index out of range: -1
Success : LS : test2\a94a8fe5ccb19ba6\,0:-1,2016-12-14 14:03:38-493,2016-12-14 14:03:38-562
Success : LS : test2\a94a8fe5ccb19ba6\,0:-1,2016-12-14 14:03:38-636,2016-12-14 14:03:38-716
Success : CREATE_FILE : test2\a94a8fe5ccb19ba6\3E575315401E35C4,0:4009579,2016-12-14 14:03:38-797,2016-12-14 14:03:44-041
Success : LS : test2\a94a8fe5ccb19ba6\,0:-1,2016-12-14 14:03:44-165,2016-12-14 14:03:44-241
Success : CREATE_FILE : test2\a94a8fe5ccb19ba6\2a5bd02710e975a7\7DEF8CDF684E9653,0:607264,2016-12-14 14:03:44-318,2016-12-14 14:03:44-715
Success : LS : test2\a94a8fe5ccb19ba6\,0:-1,2016-12-14 14:03:44-834,2016-12-14 14:03:44-940
Success : SEQ_READ : test1\c5a5e5562b038073\2015a7ab48ae9a58,0:28672,2016-12-14 14:03:45-052,2016-12-14 14:03:45-129
Success : LS : test2\a94a8fe5ccb19ba6\2a5bd02710e975a7\,0:-1,2016-12-14 14:03:45-216,2016-12-14 14:03:45-285
Success : CREATE_FILE : test2\a94a8fe5ccb19ba6\6A890DA01EF55A1D,0:3884823,2016-12-14 14:03:45-362,2016-12-14 14:03:49-002
Success : LS : test2\a94a8fe5ccb19ba6\,0:-1,2016-12-14 14:03:49-114,2016-12-14 14:03:49-191
Success : CREATE_FILE : test2\a94a8fe5ccb19ba6\512831E83EF76F4A,0:3473467,2016-12-14 14:03:49-266,2016-12-14 14:03:52-821
Success : LS : test2\a94a8fe5ccb19ba6\,0:-1,2016-12-14 14:03:52-947,2016-12-14 14:03:53-070
Success : CREATE_FILE : test2\a94a8fe5ccb19ba6\2a5bd02710e975a7\062988697255ADC4,0:539096,2016-12-14 14:03:53-195,2016-12-14 14:03:54-053
Success : LS : test2\a94a8fe5ccb19ba6\,0:-1,2016-12-14 14:03:54-154,2016-12-14 14:03:54-226
Success : LS : test1\f71b43c3136efa4f\83404ffd78f534ff\,0:-1,2016-12-14 14:03:54-310,2016-12-14 14:03:54-375
Success : LS : test2\a94a8fe5ccb19ba6\2a5bd02710e975a7\,0:-1,2016-12-14 14:03:54-449,2016-12-14 14:03:54-515
Success : CREATE_FILE : test2\a94a8fe5ccb19ba6\2a5bd02710e975a7\696F240060A78C32,0:3976493,2016-12-14 14:03:54-589,2016-12-14 14:03:58-466
Success : LS : test1\f71b43c3136efa4f\9f93e73d6896cb7b\,0:-1,2016-12-14 14:03:58-590,2016-12-14 14:03:58-669
Success : LS : test1\c5a5e5562b038073\0189424a5a60fed3\,0:-1,2016-12-14 14:03:58-758,2016-12-14 14:03:58-821
Success : LS : test2\a94a8fe5ccb19ba6\2a5bd02710e975a7\,0:-1,2016-12-14 14:03:58-895,2016-12-14 14:03:59-189
Success : CREATE_FILE : test2\a94a8fe5ccb19ba6\624F17B30C9AB276,0:3389328,2016-12-14 14:03:59-299,2016-12-14 14:04:02-713
Success : LS : test1\c5a5e5562b038073\,0:-1,2016-12-14 14:04:02-827,2016-12-14 14:04:02-898
Success : LS : test2\a94a8fe5ccb19ba6\,0:-1,2016-12-14 14:04:02-974,2016-12-14 14:04:03-046
Success : LS : test2\a94a8fe5ccb19ba6\,0:-1,2016-12-14 14:04:03-132,2016-12-14 14:04:03-231
Success : CREATE_FILE : test2\a94a8fe5ccb19ba6\2a5bd02710e975a7\67A02AE75C2A087C,0:531469,2016-12-14 14:04:03-315,2016-12-14 14:04:04-387
Success : LS : test1\f71b43c3136efa4f\9f93e73d6896cb7b\,0:-1,2016-12-14 14:04:04-516,2016-12-14 14:04:04-583
Success : LS : test1\f71b43c3136efa4f\52481749c0cdecd6\,0:-1,2016-12-14 14:04:04-656,2016-12-14 14:04:04-717
Success : LS : test2\a94a8fe5ccb19ba6\2a5bd02710e975a7\,0:-1,2016-12-14 14:04:04-789,2016-12-14 14:04:04-872
Success : CREATE_FILE : test2\a94a8fe5ccb19ba6\64FF7E3378447FF4,0:3473676,2016-12-14 14:04:04-956,2016-12-14 14:04:08-068
Success : SEQ_READ : test1\9832710c94f11d2b,0:34310397,2016-12-14 14:04:08-192,2016-12-14 14:04:08-274
Success : LS : test1\f71b43c3136efa4f\9f93e73d6896cb7b\,0:-1,2016-12-14 14:04:08-360,2016-12-14 14:04:08-422
Success : LS : test1\f71b43c3136efa4f\9f93e73d6896cb7b\,0:-1,2016-12-14 14:04:08-495,2016-12-14 14:04:08-854
Success : LS : test2\a94a8fe5ccb19ba6\2a5bd02710e975a7\,0:-1,2016-12-14 14:04:08-928,2016-12-14 14:04:09-005
Success : LS : test1\f71b43c3136efa4f\9f93e73d6896cb7b\,0:-1,2016-12-14 14:04:09-100,2016-12-14 14:04:09-169
Success : LS : test1\f71b43c3136efa4f\9f93e73d6896cb7b\,0:-1,2016-12-14 14:04:09-250,2016-12-14 14:04:09-525
Fail : LS : test1,0:-1,2016-12-14 14:04:09-650,2016-12-14 14:04:09-650
Reason : java.lang.StringIndexOutOfBoundsException: String index out of range: -1
Success : LS : test2\a94a8fe5ccb19ba6\,0:-1,2016-12-14 14:04:09-762,2016-12-14 14:04:09-835
Success : CREATE_FILE : test2\a94a8fe5ccb19ba6\172A29DA35B7720D,0:1328871,2016-12-14 14:04:09-915,2016-12-14 14:04:11-988
Success : LS : test1\c5a5e5562b038073\0189424a5a60fed3\,0:-1,2016-12-14 14:04:12-271,2016-12-14 14:04:13-190
Success : LS : test2\a94a8fe5ccb19ba6\2a5bd02710e975a7\,0:-1,2016-12-14 14:04:13-467,2016-12-14 14:04:13-553
Success : LS : test2\a94a8fe5ccb19ba6\2a5bd02710e975a7\,0:-1,2016-12-14 14:04:13-640,2016-12-14 14:04:13-708
Success : LS : test1\f71b43c3136efa4f\,0:-1,2016-12-14 14:04:13-789,2016-12-14 14:04:13-850
Success : LS : test2\a94a8fe5ccb19ba6\,0:-1,2016-12-14 14:04:13-926,2016-12-14 14:04:14-003
Success : CREATE_FILE : test2\a94a8fe5ccb19ba6\6F3CA4D00EB4B57A,0:270162,2016-12-14 14:04:14-120,2016-12-14 14:04:14-402
Success : LS : test1\c5a5e5562b038073\,0:-1,2016-12-14 14:04:14-528,2016-12-14 14:04:14-599
Success : LS : test2\a94a8fe5ccb19ba6\,0:-1,2016-12-14 14:04:14-676,2016-12-14 14:04:14-744
Success : LS : test1\f71b43c3136efa4f\9f93e73d6896cb7b\,0:-1,2016-12-14 14:04:14-817,2016-12-14 14:04:14-880
Fail : LS : test1,0:-1,2016-12-14 14:04:14-974,2016-12-14 14:04:14-974
Reason : java.lang.StringIndexOutOfBoundsException: String index out of range: -1
Success : LS : test2\a94a8fe5ccb19ba6\,0:-1,2016-12-14 14:04:15-061,2016-12-14 14:04:15-150
Success : CREATE_FILE : test2\a94a8fe5ccb19ba6\2a5bd02710e975a7\3061E20A4EE086A9,0:2693483,2016-12-14 14:04:15-231,2016-12-14 14:04:17-602
Success : LS : test1\f71b43c3136efa4f\c7d9912886e5ccc7\,0:-1,2016-12-14 14:04:17-724,2016-12-14 14:04:17-796
Fail : LS : test1,0:-1,2016-12-14 14:04:17-918,2016-12-14 14:04:17-918
Reason : java.lang.StringIndexOutOfBoundsException: String index out of range: -1
Success : LS : test1\f71b43c3136efa4f\52481749c0cdecd6\,0:-1,2016-12-14 14:04:18-007,2016-12-14 14:04:18-075
Success : LS : test2\a94a8fe5ccb19ba6\2a5bd02710e975a7\,0:-1,2016-12-14 14:04:18-162,2016-12-14 14:04:18-230
Success : CREATE_FILE : test2\a94a8fe5ccb19ba6\7387DB796BB9B3DB,0:2099549,2016-12-14 14:04:18-310,2016-12-14 14:04:19-961
Success : SEQ_READ : test1\c5a5e5562b038073\3c16ab634e85296e,0:105016,2016-12-14 14:04:20-085,2016-12-14 14:04:20-152
Success : SEQ_READ : test2\1a7683b6645f9b6a,0:14529,2016-12-14 14:04:20-269,2016-12-14 14:04:20-337
Success : LS : test2\a94a8fe5ccb19ba6\,0:-1,2016-12-14 14:04:20-417,2016-12-14 14:04:20-483
Success : LS : test2\a94a8fe5ccb19ba6\,0:-1,2016-12-14 14:04:20-598,2016-12-14 14:04:20-672
Success : CREATE_FILE : test2\a94a8fe5ccb19ba6\2a5bd02710e975a7\1C6D51CE3CD1E9A9,0:1279647,2016-12-14 14:04:20-747,2016-12-14 14:04:21-972
Success : LS : test2\a94a8fe5ccb19ba6\2a5bd02710e975a7\,0:-1,2016-12-14 14:04:22-094,2016-12-14 14:04:22-173
Success : CREATE_FILE : test2\a94a8fe5ccb19ba6\1447249323F6EA50,0:3689568,2016-12-14 14:04:22-291,2016-12-14 14:04:25-836
Success : LS : test2\a94a8fe5ccb19ba6\2a5bd02710e975a7\,0:-1,2016-12-14 14:04:25-955,2016-12-14 14:04:26-063
Success : LS : test2\a94a8fe5ccb19ba6\,0:-1,2016-12-14 14:04:26-189,2016-12-14 14:04:26-266
Success : LS : test2\a94a8fe5ccb19ba6\,0:-1,2016-12-14 14:04:26-358,2016-12-14 14:04:26-427
Success : CREATE_FILE : test2\a94a8fe5ccb19ba6\2a5bd02710e975a7\658FD52238E1BF00,0:3292356,2016-12-14 14:04:26-520,2016-12-14 14:04:29-604
Success : LS : test2\a94a8fe5ccb19ba6\2a5bd02710e975a7\,0:-1,2016-12-14 14:04:29-725,2016-12-14 14:04:29-798
Success : CREATE_FILE : test2\a94a8fe5ccb19ba6\4B1023511F1CADA3,0:1835194,2016-12-14 14:04:29-874,2016-12-14 14:04:31-552
Success : LS : test1\f71b43c3136efa4f\83404ffd78f534ff\,0:-1,2016-12-14 14:04:31-680,2016-12-14 14:04:31-752
Success : LS : test2\a94a8fe5ccb19ba6\,0:-1,2016-12-14 14:04:31-829,2016-12-14 14:04:31-896
Success : CREATE_FILE : test2\a94a8fe5ccb19ba6\0F28FB2A0590075B,0:3284180,2016-12-14 14:04:31-974,2016-12-14 14:04:34-859
Success : LS : test2\a94a8fe5ccb19ba6\,0:-1,2016-12-14 14:04:34-955,2016-12-14 14:04:35-023
Success : CREATE_FILE : test2\a94a8fe5ccb19ba6\2a5bd02710e975a7\4B49B7CE625BACD2,0:95128,2016-12-14 14:04:35-099,2016-12-14 14:04:35-328
Success : LS : test1\c5a5e5562b038073\0189424a5a60fed3\,0:-1,2016-12-14 14:04:35-454,2016-12-14 14:04:35-525
Success : LS : test1\f71b43c3136efa4f\83404ffd78f534ff\,0:-1,2016-12-14 14:04:35-609,2016-12-14 14:04:35-673
Success : LS : test1\f71b43c3136efa4f\83404ffd78f534ff\,0:-1,2016-12-14 14:04:35-748,2016-12-14 14:04:35-820
Success : LS : test1\f71b43c3136efa4f\9f93e73d6896cb7b\,0:-1,2016-12-14 14:04:35-895,2016-12-14 14:04:35-959
Success : LS : test2\a94a8fe5ccb19ba6\2a5bd02710e975a7\,0:-1,2016-12-14 14:04:36-115,2016-12-14 14:04:36-184
Success : CREATE_FILE : test2\a94a8fe5ccb19ba6\2a5bd02710e975a7\42B3B862127FAC70,0:3998732,2016-12-14 14:04:36-267,2016-12-14 14:04:39-962
Success : SEQ_READ : test1\c5a5e5562b038073\68ad3077ff5a452a,0:383,2016-12-14 14:04:40-084,2016-12-14 14:04:40-157
Success : SEQ_READ : test1\c5a5e5562b038073\b0c5d70d7f040bfa,0:17408,2016-12-14 14:04:40-255,2016-12-14 14:04:40-320
Success : LS : test2\a94a8fe5ccb19ba6\2a5bd02710e975a7\,0:-1,2016-12-14 14:04:40-428,2016-12-14 14:04:40-495
Success : CREATE_FILE : test2\a94a8fe5ccb19ba6\5B063DBA239FB985,0:2279217,2016-12-14 14:04:40-617,2016-12-14 14:04:42-454
Success : LS : test1\f71b43c3136efa4f\,0:-1,2016-12-14 14:04:42-576,2016-12-14 14:04:42-676
Success : LS : test2\a94a8fe5ccb19ba6\,0:-1,2016-12-14 14:04:42-796,2016-12-14 14:04:42-870
Success : CREATE_FILE : test2\a94a8fe5ccb19ba6\3042A3F649AD729A,0:2111270,2016-12-14 14:04:42-963,2016-12-14 14:04:46-514
Success : LS : test2\a94a8fe5ccb19ba6\,0:-1,2016-12-14 14:04:46-626,2016-12-14 14:04:46-727
Success : CREATE_FILE : test2\a94a8fe5ccb19ba6\478F9DD16B2111C8,0:3888473,2016-12-14 14:04:46-815,2016-12-14 14:04:50-839
Fail : LS : test1,0:-1,2016-12-14 14:04:50-961,2016-12-14 14:04:50-961
Reason : java.lang.StringIndexOutOfBoundsException: String index out of range: -1
Success : LS : test2\a94a8fe5ccb19ba6\,0:-1,2016-12-14 14:04:51-051,2016-12-14 14:04:51-123
Success : LS : test1\f71b43c3136efa4f\83404ffd78f534ff\,0:-1,2016-12-14 14:04:51-203,2016-12-14 14:04:51-268
Success : LS : test2\a94a8fe5ccb19ba6\,0:-1,2016-12-14 14:04:51-345,2016-12-14 14:04:51-409
Success : CREATE_FILE : test2\a94a8fe5ccb19ba6\2a5bd02710e975a7\7850D6FE268592D9,0:3382794,2016-12-14 14:04:51-485,2016-12-14 14:04:55-196
Success : LS : test2\a94a8fe5ccb19ba6\2a5bd02710e975a7\,0:-1,2016-12-14 14:04:55-319,2016-12-14 14:04:55-403
Success : CREATE_FILE : test2\a94a8fe5ccb19ba6\3F0D20C45BD71E36,0:683079,2016-12-14 14:04:55-480,2016-12-14 14:04:56-269
Success : LS : test2\a94a8fe5ccb19ba6\,0:-1,2016-12-14 14:04:56-386,2016-12-14 14:04:56-517
Success : CREATE_FILE : test2\a94a8fe5ccb19ba6\0C595D1C434902A8,0:3299189,2016-12-14 14:04:56-638,2016-12-14 14:04:59-847
Success : LS : test1\f71b43c3136efa4f\c7d9912886e5ccc7\,0:-1,2016-12-14 14:04:59-965,2016-12-14 14:05:00-036
Fail : LS : test1,0:-1,2016-12-14 14:05:00-126,2016-12-14 14:05:00-126
Reason : java.lang.StringIndexOutOfBoundsException: String index out of range: -1
Success : LS : test2\a94a8fe5ccb19ba6\,0:-1,2016-12-14 14:05:00-209,2016-12-14 14:05:00-281
Success : CREATE_FILE : test2\a94a8fe5ccb19ba6\2a5bd02710e975a7\483B8AD5708541B9,0:1904091,2016-12-14 14:05:00-359,2016-12-14 14:05:02-143
Success : LS : test2\a94a8fe5ccb19ba6\2a5bd02710e975a7\,0:-1,2016-12-14 14:05:02-245,2016-12-14 14:05:02-318
Success : CREATE_FILE : test2\a94a8fe5ccb19ba6\2a5bd02710e975a7\344AE77D0D3DCD3B,0:2970430,2016-12-14 14:05:02-414,2016-12-14 14:05:07-055
Success : LS : test2\a94a8fe5ccb19ba6\2a5bd02710e975a7\,0:-1,2016-12-14 14:05:07-163,2016-12-14 14:05:07-362
Success : CREATE_FILE : test2\a94a8fe5ccb19ba6\3BEB1C782544602C,0:721012,2016-12-14 14:05:07-457,2016-12-14 14:05:08-187
Success : LS : test2\a94a8fe5ccb19ba6\,0:-1,2016-12-14 14:05:08-299,2016-12-14 14:05:08-373
Success : CREATE_FILE : test2\a94a8fe5ccb19ba6\6C480941712C40B1,0:3213446,2016-12-14 14:05:08-457,2016-12-14 14:05:12-038
Success : SEQ_READ : test1\c5a5e5562b038073\a39ea9c72a98de10\11562aa867a5f398,0:2752,2016-12-14 14:05:12-143,2016-12-14 14:05:12-206
Success : LS : test1\f71b43c3136efa4f\,0:-1,2016-12-14 14:05:12-281,2016-12-14 14:05:12-454
Success : LS : test1\f71b43c3136efa4f\c7d9912886e5ccc7\,0:-1,2016-12-14 14:05:12-576,2016-12-14 14:05:12-650
Success : LS : test2\a94a8fe5ccb19ba6\,0:-1,2016-12-14 14:05:12-727,2016-12-14 14:05:12-811
Success : CREATE_FILE : test2\a94a8fe5ccb19ba6\350FFB845877B477,0:537873,2016-12-14 14:05:12-929,2016-12-14 14:05:13-684
Success : LS : test2\a94a8fe5ccb19ba6\2a5bd02710e975a7\,0:-1,2016-12-14 14:05:13-807,2016-12-14 14:05:13-882
Success : LS : test2\a94a8fe5ccb19ba6\,0:-1,2016-12-14 14:05:13-957,2016-12-14 14:05:14-036
Success : LS : test2\a94a8fe5ccb19ba6\,0:-1,2016-12-14 14:05:14-115,2016-12-14 14:05:14-182
Success : CREATE_FILE : test2\a94a8fe5ccb19ba6\27DCF0BB00040ED0,0:1644774,2016-12-14 14:05:14-307,2016-12-14 14:05:15-728
Success : LS : test2\a94a8fe5ccb19ba6\,0:-1,2016-12-14 14:05:15-853,2016-12-14 14:05:15-957
Success : CREATE_FILE : test2\a94a8fe5ccb19ba6\2a5bd02710e975a7\30D9B7CE7E63FF3F,0:2871528,2016-12-14 14:05:16-077,2016-12-14 14:05:19-448
Success : LS : test2\a94a8fe5ccb19ba6\2a5bd02710e975a7\,0:-1,2016-12-14 14:05:19-572,2016-12-14 14:05:19-679
Success : CREATE_FILE : test2\a94a8fe5ccb19ba6\7E0D0537111C2FF5,0:1014187,2016-12-14 14:05:19-771,2016-12-14 14:05:20-470
Success : LS : test1\f71b43c3136efa4f\,0:-1,2016-12-14 14:05:20-590,2016-12-14 14:05:20-668
Success : LS : test1\f71b43c3136efa4f\52481749c0cdecd6\,0:-1,2016-12-14 14:05:20-780,2016-12-14 14:05:20-885
Success : LS : test1\f71b43c3136efa4f\9f93e73d6896cb7b\,0:-1,2016-12-14 14:05:20-997,2016-12-14 14:05:21-063
Success : LS : test2\a94a8fe5ccb19ba6\,0:-1,2016-12-14 14:05:21-148,2016-12-14 14:05:21-214
Success : CREATE_FILE : test2\a94a8fe5ccb19ba6\184DD496583DE602,0:3858764,2016-12-14 14:05:21-287,2016-12-14 14:05:26-253
Success : LS : test2\a94a8fe5ccb19ba6\,0:-1,2016-12-14 14:05:26-377,2016-12-14 14:05:26-455
Success : CREATE_FILE : test2\a94a8fe5ccb19ba6\2a5bd02710e975a7\1F1B8CCF3FEEEC0A,0:3692414,2016-12-14 14:05:26-539,2016-12-14 14:05:30-812
Success : LS : test1\f71b43c3136efa4f\,0:-1,2016-12-14 14:05:30-930,2016-12-14 14:05:31-146
Success : LS : test2\a94a8fe5ccb19ba6\2a5bd02710e975a7\,0:-1,2016-12-14 14:05:31-269,2016-12-14 14:05:31-345
Fail : LS : test1,0:-1,2016-12-14 14:05:31-471,2016-12-14 14:05:31-472
Reason : java.lang.StringIndexOutOfBoundsException: String index out of range: -1
Success : LS : test1\f71b43c3136efa4f\c7d9912886e5ccc7\,0:-1,2016-12-14 14:05:31-572,2016-12-14 14:05:31-666
Success : LS : test2\a94a8fe5ccb19ba6\2a5bd02710e975a7\,0:-1,2016-12-14 14:05:31-756,2016-12-14 14:05:31-845
Success : CREATE_FILE : test2\a94a8fe5ccb19ba6\2a5bd02710e975a7\53F2E34556314258,0:1744996,2016-12-14 14:05:31-926,2016-12-14 14:05:34-206
Success : LS : test2\a94a8fe5ccb19ba6\2a5bd02710e975a7\,0:-1,2016-12-14 14:05:34-330,2016-12-14 14:05:34-406
Success : CREATE_FILE : test2\a94a8fe5ccb19ba6\6DBAD6AF0CF4DAC4,0:2045395,2016-12-14 14:05:34-485,2016-12-14 14:05:36-553
Success : LS : test1\f71b43c3136efa4f\9f93e73d6896cb7b\,0:-1,2016-12-14 14:05:36-666,2016-12-14 14:05:36-742
Success : LS : test1\c5a5e5562b038073\,0:-1,2016-12-14 14:05:36-818,2016-12-14 14:05:36-917
Success : LS : test2\a94a8fe5ccb19ba6\,0:-1,2016-12-14 14:05:37-003,2016-12-14 14:05:37-162
Success : CREATE_FILE : test2\a94a8fe5ccb19ba6\15145CF52499212A,0:367378,2016-12-14 14:05:37-249,2016-12-14 14:05:37-906
Success : LS : test2\a94a8fe5ccb19ba6\,0:-1,2016-12-14 14:05:38-027,2016-12-14 14:05:38-103
Success : CREATE_FILE : test2\a94a8fe5ccb19ba6\2a5bd02710e975a7\38EB3A174FB3989C,0:1450636,2016-12-14 14:05:38-181,2016-12-14 14:05:40-371
Success : LS : test1\c5a5e5562b038073\,0:-1,2016-12-14 14:05:40-496,2016-12-14 14:05:40-565
Success : LS : test1\f71b43c3136efa4f\,0:-1,2016-12-14 14:05:40-677,2016-12-14 14:05:40-746
Success : LS : test1\f71b43c3136efa4f\9f93e73d6896cb7b\,0:-1,2016-12-14 14:05:40-866,2016-12-14 14:05:40-940
Success : LS : test1\c5a5e5562b038073\a39ea9c72a98de10\,0:-1,2016-12-14 14:05:41-063,2016-12-14 14:05:41-167
Success : LS : test2\a94a8fe5ccb19ba6\,0:-1,2016-12-14 14:05:41-343,2016-12-14 14:05:41-413
Success : LS : test2\a94a8fe5ccb19ba6\2a5bd02710e975a7\,0:-1,2016-12-14 14:05:41-491,2016-12-14 14:05:41-560
Success : CREATE_FILE : test2\a94a8fe5ccb19ba6\2a5bd02710e975a7\6B95A8CA5B448B1F,0:1138010,2016-12-14 14:05:41-661,2016-12-14 14:05:42-443
Success : LS : test2\a94a8fe5ccb19ba6\2a5bd02710e975a7\,0:-1,2016-12-14 14:05:42-518,2016-12-14 14:05:42-581
Success : LS : test2\a94a8fe5ccb19ba6\2a5bd02710e975a7\,0:-1,2016-12-14 14:05:42-656,2016-12-14 14:05:42-722
Success : CREATE_FILE : test2\a94a8fe5ccb19ba6\2a5bd02710e975a7\6C5ED31900CC6339,0:1668453,2016-12-14 14:05:42-797,2016-12-14 14:05:44-080
Fail : LS : test1,0:-1,2016-12-14 14:05:44-199,2016-12-14 14:05:44-200
Reason : java.lang.StringIndexOutOfBoundsException: String index out of range: -1
Success : LS : test2\a94a8fe5ccb19ba6\,0:-1,2016-12-14 14:05:44-287,2016-12-14 14:05:44-382
Success : LS : test1\f71b43c3136efa4f\9f93e73d6896cb7b\,0:-1,2016-12-14 14:05:44-487,2016-12-14 14:05:44-569
Success : LS : test2\a94a8fe5ccb19ba6\,0:-1,2016-12-14 14:05:44-652,2016-12-14 14:05:44-758
Success : LS : test2\a94a8fe5ccb19ba6\2a5bd02710e975a7\,0:-1,2016-12-14 14:05:44-846,2016-12-14 14:05:44-949
Success : LS : test2\a94a8fe5ccb19ba6\,0:-1,2016-12-14 14:05:45-043,2016-12-14 14:05:45-114
Success : CREATE_FILE : test2\a94a8fe5ccb19ba6\2a5bd02710e975a7\3C4A8D240A127402,0:3194084,2016-12-14 14:05:46-845,2016-12-14 14:05:50-243
Success : LS : test2\a94a8fe5ccb19ba6\2a5bd02710e975a7\,0:-1,2016-12-14 14:05:50-373,2016-12-14 14:05:50-489
Success : CREATE_FILE : test2\a94a8fe5ccb19ba6\2a5bd02710e975a7\29DA9DAE5C0EDBE2,0:2632542,2016-12-14 14:05:50-624,2016-12-14 14:05:53-123
Success : LS : test2\a94a8fe5ccb19ba6\2a5bd02710e975a7\,0:-1,2016-12-14 14:05:53-248,2016-12-14 14:05:53-351
Success : LS : test2\a94a8fe5ccb19ba6\2a5bd02710e975a7\,0:-1,2016-12-14 14:05:53-474,2016-12-14 14:05:53-551
Success : LS : test2\a94a8fe5ccb19ba6\2a5bd02710e975a7\,0:-1,2016-12-14 14:05:53-630,2016-12-14 14:05:53-726
Success : CREATE_FILE : test2\a94a8fe5ccb19ba6\719C25EC1367DBD9,0:3894014,2016-12-14 14:05:53-846,2016-12-14 14:05:57-730
Success : LS : test2\a94a8fe5ccb19ba6\,0:-1,2016-12-14 14:05:57-854,2016-12-14 14:05:57-949
Success : CREATE_FILE : test2\a94a8fe5ccb19ba6\2a5bd02710e975a7\6A36376A5991A517,0:1293366,2016-12-14 14:05:58-066,2016-12-14 14:05:59-048
Success : LS : test1\c5a5e5562b038073\0189424a5a60fed3\,0:-1,2016-12-14 14:05:59-168,2016-12-14 14:05:59-271
Success : LS : test2\a94a8fe5ccb19ba6\2a5bd02710e975a7\,0:-1,2016-12-14 14:05:59-363,2016-12-14 14:05:59-471
Success : LS : test1\c5a5e5562b038073\0189424a5a60fed3\,0:-1,2016-12-14 14:05:59-563,2016-12-14 14:05:59-626
Success : LS : test2\a94a8fe5ccb19ba6\,0:-1,2016-12-14 14:05:59-701,2016-12-14 14:05:59-793
Success : LS : test2\a94a8fe5ccb19ba6\2a5bd02710e975a7\,0:-1,2016-12-14 14:05:59-876,2016-12-14 14:05:59-941
Success : CREATE_FILE : test2\a94a8fe5ccb19ba6\1D37AD790DB45631,0:815731,2016-12-14 14:06:00-024,2016-12-14 14:06:00-517
Success : LS : test2\a94a8fe5ccb19ba6\,0:-1,2016-12-14 14:06:00-640,2016-12-14 14:06:00-715
Success : CREATE_FILE : test2\a94a8fe5ccb19ba6\2a5bd02710e975a7\7C5A886A061E95AF,0:397872,2016-12-14 14:06:00-792,2016-12-14 14:06:01-144
Success : LS : test2\a94a8fe5ccb19ba6\2a5bd02710e975a7\,0:-1,2016-12-14 14:06:01-263,2016-12-14 14:06:01-341
Success : CREATE_FILE : test2\a94a8fe5ccb19ba6\014E9FA061AAEDCE,0:1776971,2016-12-14 14:06:01-418,2016-12-14 14:06:05-238
Success : LS : test2\a94a8fe5ccb19ba6\,0:-1,2016-12-14 14:06:05-356,2016-12-14 14:06:05-432
Success : CREATE_FILE : test2\a94a8fe5ccb19ba6\5B93A36376AC74B1,0:939750,2016-12-14 14:06:05-531,2016-12-14 14:06:06-025
Success : LS : test2\a94a8fe5ccb19ba6\,0:-1,2016-12-14 14:06:06-149,2016-12-14 14:06:06-227
Success : LS : test2\a94a8fe5ccb19ba6\,0:-1,2016-12-14 14:06:06-306,2016-12-14 14:06:06-374
Success : LS : test1\f71b43c3136efa4f\52481749c0cdecd6\,0:-1,2016-12-14 14:06:06-447,2016-12-14 14:06:06-510
Success : LS : test2\a94a8fe5ccb19ba6\,0:-1,2016-12-14 14:06:06-619,2016-12-14 14:06:06-692
Success : CREATE_FILE : test2\a94a8fe5ccb19ba6\48B07B1B2E4EA399,0:3612467,2016-12-14 14:06:06-800,2016-12-14 14:06:10-976
Success : SEQ_READ : test1\c5a5e5562b038073\a39ea9c72a98de10\f398de59988a85e5,0:6743,2016-12-14 14:06:11-101,2016-12-14 14:06:11-204
Success : LS : test2\a94a8fe5ccb19ba6\,0:-1,2016-12-14 14:06:11-299,2016-12-14 14:06:11-403
Success : CREATE_FILE : test2\a94a8fe5ccb19ba6\683326B26A516D3D,0:774512,2016-12-14 14:06:11-518,2016-12-14 14:06:11-965
Success : LS : test1\c5a5e5562b038073\0189424a5a60fed3\,0:-1,2016-12-14 14:06:12-091,2016-12-14 14:06:12-162
Success : LS : test2\a94a8fe5ccb19ba6\,0:-1,2016-12-14 14:06:12-244,2016-12-14 14:06:12-311
Success : LS : test1\f71b43c3136efa4f\52481749c0cdecd6\,0:-1,2016-12-14 14:06:12-385,2016-12-14 14:06:12-446
Success : LS : test2\a94a8fe5ccb19ba6\,0:-1,2016-12-14 14:06:12-521,2016-12-14 14:06:12-587
Success : CREATE_FILE : test2\a94a8fe5ccb19ba6\2a5bd02710e975a7\55B7FB446284B44B,0:3772973,2016-12-14 14:06:12-661,2016-12-14 14:06:16-380
Success : LS : test2\a94a8fe5ccb19ba6\2a5bd02710e975a7\,0:-1,2016-12-14 14:06:16-502,2016-12-14 14:06:16-575
Success : CREATE_FILE : test2\a94a8fe5ccb19ba6\2E0A044E091D723C,0:1125741,2016-12-14 14:06:16-696,2016-12-14 14:06:17-401
Success : SEQ_READ : test1\c5a5e5562b038073\a39ea9c72a98de10\aa61f113a9b13deb,0:438,2016-12-14 14:06:17-520,2016-12-14 14:06:17-636
Success : SEQ_READ : test1\c5a5e5562b038073\2d77b1044a6c5c82,0:764416,2016-12-14 14:06:17-733,2016-12-14 14:06:17-803
Success : LS : test2\a94a8fe5ccb19ba6\2a5bd02710e975a7\,0:-1,2016-12-14 14:06:17-881,2016-12-14 14:06:17-982
Success : LS : test1\c5a5e5562b038073\0189424a5a60fed3\,0:-1,2016-12-14 14:06:18-076,2016-12-14 14:06:18-141
Success : LS : test1\f71b43c3136efa4f\c7d9912886e5ccc7\,0:-1,2016-12-14 14:06:18-227,2016-12-14 14:06:18-292
Success : LS : test2\a94a8fe5ccb19ba6\,0:-1,2016-12-14 14:06:18-367,2016-12-14 14:06:18-438
Success : CREATE_FILE : test2\a94a8fe5ccb19ba6\5535497D346AB280,0:3326758,2016-12-14 14:06:18-513,2016-12-14 14:06:23-918
Success : LS : test1\c5a5e5562b038073\0189424a5a60fed3\,0:-1,2016-12-14 14:06:24-041,2016-12-14 14:06:24-147
Success : LS : test2\a94a8fe5ccb19ba6\,0:-1,2016-12-14 14:06:24-242,2016-12-14 14:06:24-309
Success : CREATE_FILE : test2\a94a8fe5ccb19ba6\2a5bd02710e975a7\1748F49F0AA82131,0:1174063,2016-12-14 14:06:24-386,2016-12-14 14:06:25-331
Success : LS : test2\a94a8fe5ccb19ba6\,0:-1,2016-12-14 14:06:25-454,2016-12-14 14:06:25-558
Success : LS : test2\a94a8fe5ccb19ba6\,0:-1,2016-12-14 14:06:25-651,2016-12-14 14:06:25-730
Success : LS : test2\a94a8fe5ccb19ba6\2a5bd02710e975a7\,0:-1,2016-12-14 14:06:25-806,2016-12-14 14:06:25-910
