Success : LS : test2\a94a8fe5ccb19ba6\,0:-1,2016-12-13 15:32:13-052,2016-12-13 15:32:13-312
Success : CREATE_FILE : test2\a94a8fe5ccb19ba6\0C29E8FA26FBF299,0:70431,2016-12-13 15:32:13-443,2016-12-13 15:32:13-675
Fail : LS : test1,0:-1,2016-12-13 15:32:13-798,2016-12-13 15:32:13-799
Reason : java.lang.StringIndexOutOfBoundsException: String index out of range: -1
Success : LS : test1\f71b43c3136efa4f\c7d9912886e5ccc7\,0:-1,2016-12-13 15:32:13-886,2016-12-13 15:32:13-974
Success : SEQ_READ : test1\c5a5e5562b038073\fbe0d7653f0909cb,0:1611,2016-12-13 15:32:14-100,2016-12-13 15:32:14-205
Success : LS : test1\f71b43c3136efa4f\83404ffd78f534ff\,0:-1,2016-12-13 15:32:14-329,2016-12-13 15:32:14-422
Fail : LS : test1,0:-1,2016-12-13 15:32:14-512,2016-12-13 15:32:14-513
Reason : java.lang.StringIndexOutOfBoundsException: String index out of range: -1
Success : LS : test2\a94a8fe5ccb19ba6\,0:-1,2016-12-13 15:32:14-588,2016-12-13 15:32:14-731
Success : CREATE_FILE : test2\a94a8fe5ccb19ba6\2a5bd02710e975a7\304A51903018D275,0:3994339,2016-12-13 15:32:14-854,2016-12-13 15:32:18-273
Success : LS : test2\a94a8fe5ccb19ba6\2a5bd02710e975a7\,0:-1,2016-12-13 15:32:18-401,2016-12-13 15:32:18-531
Success : CREATE_FILE : test2\a94a8fe5ccb19ba6\14F3C6C172571403,0:539165,2016-12-13 15:32:18-627,2016-12-13 15:32:18-802
Success : SEQ_READ : test1\c5a5e5562b038073\2d77b1044a6c5c82,0:764416,2016-12-13 15:32:18-895,2016-12-13 15:32:19-010
Success : LS : test1\f71b43c3136efa4f\83404ffd78f534ff\,0:-1,2016-12-13 15:32:19-102,2016-12-13 15:32:19-204
Success : SEQ_READ : test1\f71b43c3136efa4f\83404ffd78f534ff\6670af231c096f09,0:129,2016-12-13 15:32:19-320,2016-12-13 15:32:19-418
Success : LS : test2\a94a8fe5ccb19ba6\,0:-1,2016-12-13 15:32:19-506,2016-12-13 15:32:19-641
Success : LS : test2\a94a8fe5ccb19ba6\,0:-1,2016-12-13 15:32:19-754,2016-12-13 15:32:19-891
Success : LS : test2\a94a8fe5ccb19ba6\,0:-1,2016-12-13 15:32:20-017,2016-12-13 15:32:20-128
Success : CREATE_FILE : test2\a94a8fe5ccb19ba6\2a5bd02710e975a7\7B6DF54E61F18951,0:3987352,2016-12-13 15:32:20-218,2016-12-13 15:32:23-604
Success : LS : test2\a94a8fe5ccb19ba6\2a5bd02710e975a7\,0:-1,2016-12-13 15:32:23-729,2016-12-13 15:32:23-842
Success : CREATE_FILE : test2\a94a8fe5ccb19ba6\0D526DE67B157A8E,0:3921201,2016-12-13 15:32:23-934,2016-12-13 15:32:27-279
Success : LS : test1\c5a5e5562b038073\,0:-1,2016-12-13 15:32:27-400,2016-12-13 15:32:27-494
Success : LS : test1\f71b43c3136efa4f\52481749c0cdecd6\,0:-1,2016-12-13 15:32:27-580,2016-12-13 15:32:27-654
Success : LS : test2\a94a8fe5ccb19ba6\,0:-1,2016-12-13 15:32:27-738,2016-12-13 15:32:27-842
Success : CREATE_FILE : test2\a94a8fe5ccb19ba6\0A2F98C216A9D11D,0:3521965,2016-12-13 15:32:27-928,2016-12-13 15:32:30-926
Success : LS : test2\a94a8fe5ccb19ba6\,0:-1,2016-12-13 15:32:31-033,2016-12-13 15:32:31-139
Success : CREATE_FILE : test2\a94a8fe5ccb19ba6\7DB7EEF524AE9760,0:2357588,2016-12-13 15:32:31-247,2016-12-13 15:32:32-942
Success : LS : test2\a94a8fe5ccb19ba6\,0:-1,2016-12-13 15:32:33-075,2016-12-13 15:32:33-219
Success : CREATE_FILE : test2\a94a8fe5ccb19ba6\2a5bd02710e975a7\10BCFC802037E6D6,0:1880752,2016-12-13 15:32:33-320,2016-12-13 15:32:34-593
Success : LS : test2\a94a8fe5ccb19ba6\2a5bd02710e975a7\,0:-1,2016-12-13 15:32:34-712,2016-12-13 15:32:34-826
Success : CREATE_FILE : test2\a94a8fe5ccb19ba6\2a5bd02710e975a7\3826B28075ED2A75,0:2679850,2016-12-13 15:32:34-923,2016-12-13 15:32:36-998
Success : SEQ_READ : test2\a94a8fe5ccb19ba6\2a5bd02710e975a7\254d76d2609fec03,0:2291,2016-12-13 15:32:37-125,2016-12-13 15:32:37-198
Success : LS : test1\f71b43c3136efa4f\52481749c0cdecd6\,0:-1,2016-12-13 15:32:37-275,2016-12-13 15:32:37-353
Success : SEQ_READ : test2\acde102dac5bbe15,0:6030,2016-12-13 15:32:37-432,2016-12-13 15:32:37-492
Success : LS : test2\a94a8fe5ccb19ba6\2a5bd02710e975a7\,0:-1,2016-12-13 15:32:37-568,2016-12-13 15:32:37-647
Success : SEQ_READ : test1\c5a5e5562b038073\a39ea9c72a98de10\aa61f113a9b13deb,0:438,2016-12-13 15:32:37-755,2016-12-13 15:32:37-822
Success : SEQ_READ : test1\c5a5e5562b038073\a39ea9c72a98de10\11562aa867a5f398,0:2752,2016-12-13 15:32:37-947,2016-12-13 15:32:38-016
Success : LS : test2\a94a8fe5ccb19ba6\2a5bd02710e975a7\,0:-1,2016-12-13 15:32:38-120,2016-12-13 15:32:38-204
Success : CREATE_FILE : test2\a94a8fe5ccb19ba6\5DBFBB7C50712763,0:2137243,2016-12-13 15:32:38-326,2016-12-13 15:32:40-072
Success : LS : test1\f71b43c3136efa4f\,0:-1,2016-12-13 15:32:40-185,2016-12-13 15:32:40-256
Success : LS : test1\f71b43c3136efa4f\83404ffd78f534ff\,0:-1,2016-12-13 15:32:40-360,2016-12-13 15:32:40-428
Success : SEQ_READ : test1\c5a5e5562b038073\b0c5d70d7f040bfa,0:17408,2016-12-13 15:32:40-542,2016-12-13 15:32:40-610
Success : LS : test1\f71b43c3136efa4f\9f93e73d6896cb7b\,0:-1,2016-12-13 15:32:40-731,2016-12-13 15:32:40-803
Success : LS : test1\c5a5e5562b038073\0189424a5a60fed3\,0:-1,2016-12-13 15:32:40-922,2016-12-13 15:32:41-022
Success : LS : test2\a94a8fe5ccb19ba6\,0:-1,2016-12-13 15:32:41-128,2016-12-13 15:32:41-728
Success : CREATE_FILE : test2\a94a8fe5ccb19ba6\2a5bd02710e975a7\204B769112A45CB1,0:3378574,2016-12-13 15:32:41-816,2016-12-13 15:32:44-753
Success : LS : test2\a94a8fe5ccb19ba6\2a5bd02710e975a7\,0:-1,2016-12-13 15:32:44-879,2016-12-13 15:32:45-006
Success : LS : test1\c5a5e5562b038073\a39ea9c72a98de10\,0:-1,2016-12-13 15:32:45-128,2016-12-13 15:32:45-201
Fail : LS : test1,0:-1,2016-12-13 15:32:45-328,2016-12-13 15:32:45-329
Reason : java.lang.StringIndexOutOfBoundsException: String index out of range: -1
Success : SEQ_READ : test2\6c33a983eec1b409,0:2291,2016-12-13 15:32:45-447,2016-12-13 15:32:45-520
Success : LS : test1\f71b43c3136efa4f\52481749c0cdecd6\,0:-1,2016-12-13 15:32:45-607,2016-12-13 15:32:45-681
Success : LS : test2\a94a8fe5ccb19ba6\2a5bd02710e975a7\,0:-1,2016-12-13 15:32:45-764,2016-12-13 15:32:45-849
Success : CREATE_FILE : test2\a94a8fe5ccb19ba6\70E0C6FC63354541,0:3149677,2016-12-13 15:32:45-927,2016-12-13 15:32:48-585
Success : LS : test2\a94a8fe5ccb19ba6\,0:-1,2016-12-13 15:32:48-680,2016-12-13 15:32:48-781
Success : CREATE_FILE : test2\a94a8fe5ccb19ba6\0ADAF3B73C2B3B07,0:3118378,2016-12-13 15:32:48-861,2016-12-13 15:32:51-368
Success : LS : test1\c5a5e5562b038073\0189424a5a60fed3\,0:-1,2016-12-13 15:32:51-494,2016-12-13 15:32:51-568
Success : LS : test1\f71b43c3136efa4f\,0:-1,2016-12-13 15:32:51-655,2016-12-13 15:32:51-721
Success : LS : test1\c5a5e5562b038073\0189424a5a60fed3\,0:-1,2016-12-13 15:32:51-802,2016-12-13 15:32:51-864
Success : LS : test1\f71b43c3136efa4f\83404ffd78f534ff\,0:-1,2016-12-13 15:32:51-939,2016-12-13 15:32:52-007
Success : SEQ_READ : test1\c5a5e5562b038073\a39ea9c72a98de10\11562aa867a5f398,0:2752,2016-12-13 15:32:52-109,2016-12-13 15:32:52-172
Success : LS : test1\c5a5e5562b038073\a39ea9c72a98de10\,0:-1,2016-12-13 15:32:52-247,2016-12-13 15:32:52-325
Success : SEQ_READ : test1\c5a5e5562b038073\a39ea9c72a98de10\41288c58009f7f6a,0:477,2016-12-13 15:32:52-437,2016-12-13 15:32:52-508
Success : LS : test2\a94a8fe5ccb19ba6\,0:-1,2016-12-13 15:32:52-587,2016-12-13 15:32:52-732
Success : SEQ_READ : test1\c5a5e5562b038073\a39ea9c72a98de10\11562aa867a5f398,0:2752,2016-12-13 15:32:52-857,2016-12-13 15:32:52-956
Success : SEQ_READ : test1\c5a5e5562b038073\3c16ab634e85296e,0:105016,2016-12-13 15:32:53-068,2016-12-13 15:32:53-141
Success : LS : test2\a94a8fe5ccb19ba6\,0:-1,2016-12-13 15:32:53-265,2016-12-13 15:32:53-412
Success : CREATE_FILE : test2\a94a8fe5ccb19ba6\27D8556757666016,0:3119700,2016-12-13 15:32:53-540,2016-12-13 15:32:56-141
Success : SEQ_READ : test1\f71b43c3136efa4f\52481749c0cdecd6\6670af231c096f09,0:129,2016-12-13 15:32:56-262,2016-12-13 15:32:56-338
Success : SEQ_READ : test2\49f03965cf98b1f5,0:1634,2016-12-13 15:32:56-417,2016-12-13 15:32:56-513
Success : LS : test2\a94a8fe5ccb19ba6\2a5bd02710e975a7\,0:-1,2016-12-13 15:32:56-642,2016-12-13 15:32:56-774
Success : SEQ_READ : test1\c5a5e5562b038073\68ad3077ff5a452a,0:383,2016-12-13 15:32:56-870,2016-12-13 15:32:56-972
Success : LS : test2\a94a8fe5ccb19ba6\2a5bd02710e975a7\,0:-1,2016-12-13 15:32:57-091,2016-12-13 15:32:57-182
Success : LS : test2\a94a8fe5ccb19ba6\,0:-1,2016-12-13 15:32:57-349,2016-12-13 15:32:57-451
Success : CREATE_FILE : test2\a94a8fe5ccb19ba6\60BE72DB09528F5C,0:1486720,2016-12-13 15:32:57-548,2016-12-13 15:32:58-560
Success : LS : test2\a94a8fe5ccb19ba6\,0:-1,2016-12-13 15:32:58-682,2016-12-13 15:32:58-798
Success : CREATE_FILE : test2\a94a8fe5ccb19ba6\500552B704BF01DB,0:3705312,2016-12-13 15:32:58-888,2016-12-13 15:33:02-025
Success : LS : test1\f71b43c3136efa4f\9f93e73d6896cb7b\,0:-1,2016-12-13 15:33:02-144,2016-12-13 15:33:02-217
Success : SEQ_READ : test1\c5a5e5562b038073\2015a7ab48ae9a58,0:28672,2016-12-13 15:33:02-300,2016-12-13 15:33:02-361
Success : LS : test2\a94a8fe5ccb19ba6\2a5bd02710e975a7\,0:-1,2016-12-13 15:33:02-482,2016-12-13 15:33:02-568
Success : SEQ_READ : test2\1a7683b6645f9b6a,0:14529,2016-12-13 15:33:02-666,2016-12-13 15:33:02-730
Success : SEQ_READ : test1\c5a5e5562b038073\c7734a16bf12bb03,0:364726,2016-12-13 15:33:02-851,2016-12-13 15:33:02-927
Fail : LS : test1,0:-1,2016-12-13 15:33:03-023,2016-12-13 15:33:03-023
Reason : java.lang.StringIndexOutOfBoundsException: String index out of range: -1
Success : LS : test2\a94a8fe5ccb19ba6\,0:-1,2016-12-13 15:33:03-143,2016-12-13 15:33:03-285
Success : CREATE_FILE : test2\a94a8fe5ccb19ba6\13EF7DE54BEAFD7F,0:602692,2016-12-13 15:33:03-411,2016-12-13 15:33:03-826
Success : LS : test1\c5a5e5562b038073\a39ea9c72a98de10\,0:-1,2016-12-13 15:33:03-911,2016-12-13 15:33:03-974
Success : LS : test1\f71b43c3136efa4f\c7d9912886e5ccc7\,0:-1,2016-12-13 15:33:04-057,2016-12-13 15:33:04-158
Success : LS : test1\f71b43c3136efa4f\52481749c0cdecd6\,0:-1,2016-12-13 15:33:04-262,2016-12-13 15:33:04-363
Fail : LS : test1,0:-1,2016-12-13 15:33:04-451,2016-12-13 15:33:04-451
Reason : java.lang.StringIndexOutOfBoundsException: String index out of range: -1
Success : LS : test2\a94a8fe5ccb19ba6\,0:-1,2016-12-13 15:33:04-529,2016-12-13 15:33:04-669
Success : CREATE_FILE : test2\a94a8fe5ccb19ba6\2a5bd02710e975a7\2E4465777FEF4783,0:453199,2016-12-13 15:33:04-763,2016-12-13 15:33:04-985
Success : LS : test2\a94a8fe5ccb19ba6\2a5bd02710e975a7\,0:-1,2016-12-13 15:33:05-111,2016-12-13 15:33:05-235
Success : CREATE_FILE : test2\a94a8fe5ccb19ba6\75372EB11822961B,0:2524628,2016-12-13 15:33:05-356,2016-12-13 15:33:07-182
Success : LS : test2\a94a8fe5ccb19ba6\,0:-1,2016-12-13 15:33:07-306,2016-12-13 15:33:07-449
Success : CREATE_FILE : test2\a94a8fe5ccb19ba6\2a5bd02710e975a7\301ECA236DE2CC2D,0:4020286,2016-12-13 15:33:07-552,2016-12-13 15:33:11-346
Success : LS : test1\c5a5e5562b038073\,0:-1,2016-12-13 15:33:11-478,2016-12-13 15:33:11-556
Success : LS : test2\a94a8fe5ccb19ba6\,0:-1,2016-12-13 15:33:11-646,2016-12-13 15:33:11-746
Success : LS : test2\a94a8fe5ccb19ba6\2a5bd02710e975a7\,0:-1,2016-12-13 15:33:11-828,2016-12-13 15:33:11-905
Success : CREATE_FILE : test2\a94a8fe5ccb19ba6\3342BED7304EEBA5,0:1265961,2016-12-13 15:33:12-026,2016-12-13 15:33:12-710
Success : LS : test2\a94a8fe5ccb19ba6\,0:-1,2016-12-13 15:33:12-791,2016-12-13 15:33:12-889
Success : CREATE_FILE : test2\a94a8fe5ccb19ba6\4D9FC1945DB9955C,0:3296839,2016-12-13 15:33:12-985,2016-12-13 15:33:16-198
Success : LS : test2\a94a8fe5ccb19ba6\,0:-1,2016-12-13 15:33:16-317,2016-12-13 15:33:16-462
Success : CREATE_FILE : test2\a94a8fe5ccb19ba6\4A321DF84BA9D9BD,0:1517477,2016-12-13 15:33:16-572,2016-12-13 15:33:17-458
Success : LS : test2\a94a8fe5ccb19ba6\,0:-1,2016-12-13 15:33:17-582,2016-12-13 15:33:17-719
Success : CREATE_FILE : test2\a94a8fe5ccb19ba6\2a5bd02710e975a7\731816EE0B6A3625,0:1829961,2016-12-13 15:33:17-810,2016-12-13 15:33:18-982
Success : LS : test2\a94a8fe5ccb19ba6\2a5bd02710e975a7\,0:-1,2016-12-13 15:33:19-057,2016-12-13 15:33:19-134
Success : CREATE_FILE : test2\a94a8fe5ccb19ba6\2a5bd02710e975a7\1A13DA5C487556A6,0:3742284,2016-12-13 15:33:19-210,2016-12-13 15:33:22-526
Fail : LS : test1,0:-1,2016-12-13 15:33:22-652,2016-12-13 15:33:22-652
Reason : java.lang.StringIndexOutOfBoundsException: String index out of range: -1
Success : LS : test1\f71b43c3136efa4f\,0:-1,2016-12-13 15:33:22-736,2016-12-13 15:33:22-830
Success : SEQ_READ : test1\c5a5e5562b038073\3c16ab634e85296e,0:105016,2016-12-13 15:33:22-918,2016-12-13 15:33:23-016
Success : LS : test2\a94a8fe5ccb19ba6\2a5bd02710e975a7\,0:-1,2016-12-13 15:33:23-103,2016-12-13 15:33:23-186
Success : LS : test2\a94a8fe5ccb19ba6\2a5bd02710e975a7\,0:-1,2016-12-13 15:33:23-306,2016-12-13 15:33:23-432
Success : CREATE_FILE : test2\a94a8fe5ccb19ba6\6F6220F443FC6FD1,0:327895,2016-12-13 15:33:23-556,2016-12-13 15:33:23-765
Success : LS : test2\a94a8fe5ccb19ba6\,0:-1,2016-12-13 15:33:23-889,2016-12-13 15:33:23-999
Success : CREATE_FILE : test2\a94a8fe5ccb19ba6\2a5bd02710e975a7\2B8AAB4D660789D5,0:1785323,2016-12-13 15:33:24-090,2016-12-13 15:33:25-155
Success : LS : test1\c5a5e5562b038073\,0:-1,2016-12-13 15:33:25-279,2016-12-13 15:33:25-353
Success : SEQ_READ : test1\c5a5e5562b038073\3c16ab634e85296e,0:105016,2016-12-13 15:33:25-439,2016-12-13 15:33:25-501
Success : LS : test2\a94a8fe5ccb19ba6\2a5bd02710e975a7\,0:-1,2016-12-13 15:33:25-608,2016-12-13 15:33:25-693
Success : CREATE_FILE : test2\a94a8fe5ccb19ba6\2a5bd02710e975a7\4797DD482CEDDB40,0:2574609,2016-12-13 15:33:25-775,2016-12-13 15:33:27-773
Success : LS : test2\a94a8fe5ccb19ba6\2a5bd02710e975a7\,0:-1,2016-12-13 15:33:27-853,2016-12-13 15:33:27-936
Success : CREATE_FILE : test2\a94a8fe5ccb19ba6\242F4AE41ED84153,0:123307,2016-12-13 15:33:28-038,2016-12-13 15:33:28-222
Success : LS : test2\a94a8fe5ccb19ba6\,0:-1,2016-12-13 15:33:28-347,2016-12-13 15:33:28-462
Success : CREATE_FILE : test2\a94a8fe5ccb19ba6\2A60E4912866E8AA,0:829446,2016-12-13 15:33:28-575,2016-12-13 15:33:28-829
Success : LS : test2\a94a8fe5ccb19ba6\,0:-1,2016-12-13 15:33:28-951,2016-12-13 15:33:29-070
Success : CREATE_FILE : test2\a94a8fe5ccb19ba6\2a5bd02710e975a7\28C9F1CC70915879,0:538466,2016-12-13 15:33:29-178,2016-12-13 15:33:29-413
Success : LS : test2\a94a8fe5ccb19ba6\2a5bd02710e975a7\,0:-1,2016-12-13 15:33:29-534,2016-12-13 15:33:29-630
Success : CREATE_FILE : test2\a94a8fe5ccb19ba6\1F8CD7015D10F432,0:3176957,2016-12-13 15:33:29-716,2016-12-13 15:33:32-374
Success : SEQ_READ : test2\a94a8fe5ccb19ba6\2a5bd02710e975a7\178db47a574c645f,0:257,2016-12-13 15:33:32-499,2016-12-13 15:33:32-603
Success : LS : test2\a94a8fe5ccb19ba6\,0:-1,2016-12-13 15:33:32-712,2016-12-13 15:33:32-835
Success : LS : test1\c5a5e5562b038073\,0:-1,2016-12-13 15:33:32-974,2016-12-13 15:33:33-039
Success : SEQ_READ : test2\49f03965cf98b1f5,0:1634,2016-12-13 15:33:33-130,2016-12-13 15:33:33-199
Success : LS : test2\a94a8fe5ccb19ba6\2a5bd02710e975a7\,0:-1,2016-12-13 15:33:33-295,2016-12-13 15:33:33-375
Success : LS : test2\a94a8fe5ccb19ba6\,0:-1,2016-12-13 15:33:33-456,2016-12-13 15:33:33-609
Success : CREATE_FILE : test2\a94a8fe5ccb19ba6\6771138C60F60B5C,0:1699906,2016-12-13 15:33:33-706,2016-12-13 15:33:34-835
Success : LS : test2\a94a8fe5ccb19ba6\,0:-1,2016-12-13 15:33:34-962,2016-12-13 15:33:35-103
Success : CREATE_FILE : test2\a94a8fe5ccb19ba6\41FFFC1A4C31FB3A,0:1480285,2016-12-13 15:33:35-199,2016-12-13 15:33:36-068
Success : LS : test2\a94a8fe5ccb19ba6\2a5bd02710e975a7\,0:-1,2016-12-13 15:33:36-193,2016-12-13 15:33:36-285
Success : LS : test2\a94a8fe5ccb19ba6\2a5bd02710e975a7\,0:-1,2016-12-13 15:33:36-384,2016-12-13 15:33:36-466
Success : LS : test1\f71b43c3136efa4f\,0:-1,2016-12-13 15:33:36-556,2016-12-13 15:33:36-625
Success : LS : test1\f71b43c3136efa4f\,0:-1,2016-12-13 15:33:36-715,2016-12-13 15:33:36-785
Fail : LS : test1,0:-1,2016-12-13 15:33:36-864,2016-12-13 15:33:36-865
Reason : java.lang.StringIndexOutOfBoundsException: String index out of range: -1
Success : LS : test2\a94a8fe5ccb19ba6\,0:-1,2016-12-13 15:33:36-945,2016-12-13 15:33:37-056
Success : CREATE_FILE : test2\a94a8fe5ccb19ba6\2a5bd02710e975a7\08106F847FD7008B,0:3118169,2016-12-13 15:33:37-179,2016-12-13 15:33:39-759
Success : LS : test2\a94a8fe5ccb19ba6\2a5bd02710e975a7\,0:-1,2016-12-13 15:33:39-840,2016-12-13 15:33:39-967
Success : CREATE_FILE : test2\a94a8fe5ccb19ba6\4F1EA8606A9B440E,0:2221610,2016-12-13 15:33:40-082,2016-12-13 15:33:41-693
Fail : LS : test1,0:-1,2016-12-13 15:33:41-823,2016-12-13 15:33:41-824
Reason : java.lang.StringIndexOutOfBoundsException: String index out of range: -1
Success : LS : test1\c5a5e5562b038073\a39ea9c72a98de10\,0:-1,2016-12-13 15:33:41-953,2016-12-13 15:33:42-030
Success : LS : test2\a94a8fe5ccb19ba6\,0:-1,2016-12-13 15:33:42-146,2016-12-13 15:33:42-287
Success : LS : test2\a94a8fe5ccb19ba6\2a5bd02710e975a7\,0:-1,2016-12-13 15:33:42-406,2016-12-13 15:33:42-494
Success : SEQ_READ : test1\c5a5e5562b038073\a39ea9c72a98de10\41288c58009f7f6a,0:477,2016-12-13 15:33:42-580,2016-12-13 15:33:42-651
Success : LS : test2\a94a8fe5ccb19ba6\,0:-1,2016-12-13 15:33:42-738,2016-12-13 15:33:42-841
Success : LS : test2\a94a8fe5ccb19ba6\,0:-1,2016-12-13 15:33:42-919,2016-12-13 15:33:43-017
Success : CREATE_FILE : test2\a94a8fe5ccb19ba6\1E99A0B00E867D45,0:3086855,2016-12-13 15:33:43-092,2016-12-13 15:33:45-637
Success : LS : test2\a94a8fe5ccb19ba6\,0:-1,2016-12-13 15:33:45-729,2016-12-13 15:33:45-831
Success : SEQ_READ : test2\1a7683b6645f9b6a,0:14529,2016-12-13 15:33:45-910,2016-12-13 15:33:46-008
Success : SEQ_READ : test1\c5a5e5562b038073\2d77b1044a6c5c82,0:764416,2016-12-13 15:33:46-105,2016-12-13 15:33:46-176
Success : LS : test1\f71b43c3136efa4f\,0:-1,2016-12-13 15:33:46-251,2016-12-13 15:33:46-398
Success : LS : test2\a94a8fe5ccb19ba6\,0:-1,2016-12-13 15:33:46-503,2016-12-13 15:33:46-611
Success : CREATE_FILE : test2\a94a8fe5ccb19ba6\319B7CED1C84A237,0:2521922,2016-12-13 15:33:46-720,2016-12-13 15:33:48-588
Success : LS : test2\a94a8fe5ccb19ba6\,0:-1,2016-12-13 15:33:48-685,2016-12-13 15:33:48-788
Success : CREATE_FILE : test2\a94a8fe5ccb19ba6\4BCBCAB705B2D6DB,0:1393064,2016-12-13 15:33:48-872,2016-12-13 15:33:49-673
Success : LS : test2\a94a8fe5ccb19ba6\,0:-1,2016-12-13 15:33:49-793,2016-12-13 15:33:49-936
Success : CREATE_FILE : test2\a94a8fe5ccb19ba6\2a5bd02710e975a7\055655896A988171,0:95134,2016-12-13 15:33:50-056,2016-12-13 15:33:50-233
Success : LS : test2\a94a8fe5ccb19ba6\2a5bd02710e975a7\,0:-1,2016-12-13 15:33:50-358,2016-12-13 15:33:50-473
Success : SEQ_READ : test2\acde102dac5bbe15,0:6030,2016-12-13 15:33:50-564,2016-12-13 15:33:50-625
Success : LS : test2\a94a8fe5ccb19ba6\,0:-1,2016-12-13 15:33:50-739,2016-12-13 15:33:50-877
Success : LS : test2\a94a8fe5ccb19ba6\,0:-1,2016-12-13 15:33:50-993,2016-12-13 15:33:51-135
Success : LS : test1\c5a5e5562b038073\,0:-1,2016-12-13 15:33:51-227,2016-12-13 15:33:51-294
Success : LS : test1\c5a5e5562b038073\a39ea9c72a98de10\,0:-1,2016-12-13 15:33:51-370,2016-12-13 15:33:51-466
Success : LS : test2\a94a8fe5ccb19ba6\2a5bd02710e975a7\,0:-1,2016-12-13 15:33:51-554,2016-12-13 15:33:51-641
Success : CREATE_FILE : test2\a94a8fe5ccb19ba6\553BCE871D4C1BC1,0:2811719,2016-12-13 15:33:51-731,2016-12-13 15:33:53-871
Success : LS : test1\c5a5e5562b038073\,0:-1,2016-12-13 15:33:53-992,2016-12-13 15:33:54-091
Success : SEQ_READ : test1\c5a5e5562b038073\fbe0d7653f0909cb,0:1611,2016-12-13 15:33:54-184,2016-12-13 15:33:54-249
Success : LS : test2\a94a8fe5ccb19ba6\2a5bd02710e975a7\,0:-1,2016-12-13 15:33:54-324,2016-12-13 15:33:54-446
Success : LS : test2\a94a8fe5ccb19ba6\,0:-1,2016-12-13 15:33:54-570,2016-12-13 15:33:54-676
Success : CREATE_FILE : test2\a94a8fe5ccb19ba6\2a5bd02710e975a7\39F754B82CF55031,0:2508969,2016-12-13 15:33:54-758,2016-12-13 15:33:56-741
Success : LS : test2\a94a8fe5ccb19ba6\2a5bd02710e975a7\,0:-1,2016-12-13 15:33:56-866,2016-12-13 15:33:56-996
Success : CREATE_FILE : test2\a94a8fe5ccb19ba6\2a5bd02710e975a7\3E12319061DA6886,0:1554514,2016-12-13 15:33:57-124,2016-12-13 15:33:58-159
Success : LS : test1\c5a5e5562b038073\a39ea9c72a98de10\,0:-1,2016-12-13 15:33:58-326,2016-12-13 15:33:58-390
Success : LS : test2\a94a8fe5ccb19ba6\,0:-1,2016-12-13 15:33:58-463,2016-12-13 15:33:58-562
Success : LS : test1\f71b43c3136efa4f\c7d9912886e5ccc7\,0:-1,2016-12-13 15:33:58-649,2016-12-13 15:33:58-710
Success : LS : test2\a94a8fe5ccb19ba6\2a5bd02710e975a7\,0:-1,2016-12-13 15:33:58-809,2016-12-13 15:33:58-897
Success : CREATE_FILE : test2\a94a8fe5ccb19ba6\31A420B65066275D,0:2693157,2016-12-13 15:33:59-018,2016-12-13 15:34:01-189
Success : LS : test2\a94a8fe5ccb19ba6\,0:-1,2016-12-13 15:34:01-314,2016-12-13 15:34:01-422
Success : CREATE_FILE : test2\a94a8fe5ccb19ba6\2a5bd02710e975a7\342DBD19521DABC4,0:754800,2016-12-13 15:34:01-497,2016-12-13 15:34:01-851
Success : LS : test2\a94a8fe5ccb19ba6\2a5bd02710e975a7\,0:-1,2016-12-13 15:34:01-976,2016-12-13 15:34:02-068
Success : CREATE_FILE : test2\a94a8fe5ccb19ba6\0DC7B387635C8CDB,0:3661112,2016-12-13 15:34:02-192,2016-12-13 15:34:05-372
Success : LS : test1\f71b43c3136efa4f\83404ffd78f534ff\,0:-1,2016-12-13 15:34:05-498,2016-12-13 15:34:05-601
Success : SEQ_READ : test1\c5a5e5562b038073\0189424a5a60fed3\feb6a1968982109d,0:20126138,2016-12-13 15:34:05-703,2016-12-13 15:34:05-775
Success : LS : test1\c5a5e5562b038073\,0:-1,2016-12-13 15:34:05-852,2016-12-13 15:34:06-190
Success : LS : test2\a94a8fe5ccb19ba6\,0:-1,2016-12-13 15:34:06-275,2016-12-13 15:34:06-412
Success : CREATE_FILE : test2\a94a8fe5ccb19ba6\2CA35F93140FC77A,0:1227417,2016-12-13 15:34:06-514,2016-12-13 15:34:07-299
Success : LS : test2\a94a8fe5ccb19ba6\,0:-1,2016-12-13 15:34:07-424,2016-12-13 15:34:07-536
Success : CREATE_FILE : test2\a94a8fe5ccb19ba6\7FE923CA33FFD124,0:2264322,2016-12-13 15:34:07-654,2016-12-13 15:34:09-305
Success : LS : test2\a94a8fe5ccb19ba6\,0:-1,2016-12-13 15:34:09-432,2016-12-13 15:34:09-561
Success : CREATE_FILE : test2\a94a8fe5ccb19ba6\2a5bd02710e975a7\4FBDA63F3DB39CC4,0:934701,2016-12-13 15:34:09-645,2016-12-13 15:34:10-028
Success : LS : test1\f71b43c3136efa4f\9f93e73d6896cb7b\,0:-1,2016-12-13 15:34:10-115,2016-12-13 15:34:10-202
Success : LS : test2\a94a8fe5ccb19ba6\2a5bd02710e975a7\,0:-1,2016-12-13 15:34:10-328,2016-12-13 15:34:10-452
Success : LS : test1\f71b43c3136efa4f\9f93e73d6896cb7b\,0:-1,2016-12-13 15:34:10-559,2016-12-13 15:34:10-624
Fail : LS : test1,0:-1,2016-12-13 15:34:10-729,2016-12-13 15:34:10-730
Reason : java.lang.StringIndexOutOfBoundsException: String index out of range: -1
Success : LS : test1\f71b43c3136efa4f\52481749c0cdecd6\,0:-1,2016-12-13 15:34:10-808,2016-12-13 15:34:10-871
Success : LS : test2\a94a8fe5ccb19ba6\2a5bd02710e975a7\,0:-1,2016-12-13 15:34:10-963,2016-12-13 15:34:11-043
Success : CREATE_FILE : test2\a94a8fe5ccb19ba6\0BB9C0625771AAC7,0:692343,2016-12-13 15:34:11-118,2016-12-13 15:34:11-425
Success : LS : test2\a94a8fe5ccb19ba6\,0:-1,2016-12-13 15:34:11-548,2016-12-13 15:34:11-658
Success : CREATE_FILE : test2\a94a8fe5ccb19ba6\2a5bd02710e975a7\7BEB123C25832B6D,0:1620696,2016-12-13 15:34:11-745,2016-12-13 15:34:13-016
Success : LS : test2\a94a8fe5ccb19ba6\,0:-1,2016-12-13 15:34:13-139,2016-12-13 15:34:13-244
Success : LS : test1\c5a5e5562b038073\a39ea9c72a98de10\,0:-1,2016-12-13 15:34:13-322,2016-12-13 15:34:13-385
Success : LS : test2\a94a8fe5ccb19ba6\2a5bd02710e975a7\,0:-1,2016-12-13 15:34:13-480,2016-12-13 15:34:13-561
Success : LS : test1\c5a5e5562b038073\a39ea9c72a98de10\,0:-1,2016-12-13 15:34:13-639,2016-12-13 15:34:13-700
Fail : LS : test1,0:-1,2016-12-13 15:34:13-777,2016-12-13 15:34:13-777
Reason : java.lang.StringIndexOutOfBoundsException: String index out of range: -1
Success : LS : test2\a94a8fe5ccb19ba6\,0:-1,2016-12-13 15:34:13-854,2016-12-13 15:34:13-961
Success : LS : test2\a94a8fe5ccb19ba6\2a5bd02710e975a7\,0:-1,2016-12-13 15:34:14-084,2016-12-13 15:34:14-172
Success : CREATE_FILE : test2\a94a8fe5ccb19ba6\2a5bd02710e975a7\11989FF204005FC5,0:2225282,2016-12-13 15:34:14-261,2016-12-13 15:34:15-907
Success : LS : test1\f71b43c3136efa4f\9f93e73d6896cb7b\,0:-1,2016-12-13 15:34:16-052,2016-12-13 15:34:16-113
Success : LS : test1\f71b43c3136efa4f\c7d9912886e5ccc7\,0:-1,2016-12-13 15:34:16-188,2016-12-13 15:34:16-285
Success : LS : test2\a94a8fe5ccb19ba6\,0:-1,2016-12-13 15:34:16-396,2016-12-13 15:34:16-504
Success : LS : test1\f71b43c3136efa4f\,0:-1,2016-12-13 15:34:16-603,2016-12-13 15:34:16-667
Success : LS : test2\a94a8fe5ccb19ba6\2a5bd02710e975a7\,0:-1,2016-12-13 15:34:16-740,2016-12-13 15:34:16-857
Success : CREATE_FILE : test2\a94a8fe5ccb19ba6\3840DF441B873B54,0:2278189,2016-12-13 15:34:16-978,2016-12-13 15:34:18-516
Success : LS : test2\a94a8fe5ccb19ba6\,0:-1,2016-12-13 15:34:18-633,2016-12-13 15:34:18-750
Success : CREATE_FILE : test2\a94a8fe5ccb19ba6\4040DF944D85B08B,0:1999150,2016-12-13 15:34:18-858,2016-12-13 15:34:20-267
Success : LS : test1\f71b43c3136efa4f\,0:-1,2016-12-13 15:34:20-391,2016-12-13 15:34:20-489
Success : LS : test1\f71b43c3136efa4f\c7d9912886e5ccc7\,0:-1,2016-12-13 15:34:20-598,2016-12-13 15:34:20-665
Success : LS : test2\a94a8fe5ccb19ba6\2a5bd02710e975a7\,0:-1,2016-12-13 15:34:20-765,2016-12-13 15:34:20-850
Success : LS : test2\a94a8fe5ccb19ba6\,0:-1,2016-12-13 15:34:20-956,2016-12-13 15:34:21-067
Success : CREATE_FILE : test2\a94a8fe5ccb19ba6\76A3B41A28A841D5,0:787972,2016-12-13 15:34:21-177,2016-12-13 15:34:21-496
Success : LS : test2\a94a8fe5ccb19ba6\,0:-1,2016-12-13 15:34:21-620,2016-12-13 15:34:21-727
Success : CREATE_FILE : test2\a94a8fe5ccb19ba6\1B7BB42802AA6E42,0:1162474,2016-12-13 15:34:21-853,2016-12-13 15:34:22-438
Success : LS : test2\a94a8fe5ccb19ba6\,0:-1,2016-12-13 15:34:22-563,2016-12-13 15:34:22-678
Success : CREATE_FILE : test2\a94a8fe5ccb19ba6\3F14E1E226F67659,0:2109545,2016-12-13 15:34:22-792,2016-12-13 15:34:24-246
Success : LS : test2\a94a8fe5ccb19ba6\,0:-1,2016-12-13 15:34:24-372,2016-12-13 15:34:24-511
Success : CREATE_FILE : test2\a94a8fe5ccb19ba6\2a5bd02710e975a7\1F371DCE405FA998,0:460321,2016-12-13 15:34:24-621,2016-12-13 15:34:24-833
Success : SEQ_READ : test1\c5a5e5562b038073\6670af231c096f09,0:46,2016-12-13 15:34:24-910,2016-12-13 15:34:24-972
Success : LS : test1\f71b43c3136efa4f\c7d9912886e5ccc7\,0:-1,2016-12-13 15:34:25-046,2016-12-13 15:34:25-107
Success : LS : test2\a94a8fe5ccb19ba6\,0:-1,2016-12-13 15:34:25-181,2016-12-13 15:34:25-320
Success : LS : test2\a94a8fe5ccb19ba6\2a5bd02710e975a7\,0:-1,2016-12-13 15:34:25-407,2016-12-13 15:34:25-486
Success : LS : test2\a94a8fe5ccb19ba6\2a5bd02710e975a7\,0:-1,2016-12-13 15:34:25-561,2016-12-13 15:34:25-638
Success : CREATE_FILE : test2\a94a8fe5ccb19ba6\2a5bd02710e975a7\35D8456A2CB3EB4C,0:921780,2016-12-13 15:34:25-713,2016-12-13 15:34:26-051
Success : LS : test2\a94a8fe5ccb19ba6\2a5bd02710e975a7\,0:-1,2016-12-13 15:34:26-177,2016-12-13 15:34:26-273
Success : CREATE_FILE : test2\a94a8fe5ccb19ba6\24E65E5A7F6A1738,0:1010754,2016-12-13 15:34:26-379,2016-12-13 15:34:26-710
Success : LS : test2\a94a8fe5ccb19ba6\2a5bd02710e975a7\,0:-1,2016-12-13 15:34:26-817,2016-12-13 15:34:26-906
Success : SEQ_READ : test2\6c33a983eec1b409,0:2291,2016-12-13 15:34:27-020,2016-12-13 15:34:27-088
Success : LS : test2\a94a8fe5ccb19ba6\,0:-1,2016-12-13 15:34:27-195,2016-12-13 15:34:27-299
Success : LS : test2\a94a8fe5ccb19ba6\,0:-1,2016-12-13 15:34:27-413,2016-12-13 15:34:27-523
Success : CREATE_FILE : test2\a94a8fe5ccb19ba6\2a5bd02710e975a7\4FDE1E116E896821,0:1295136,2016-12-13 15:34:27-627,2016-12-13 15:34:28-321
Success : LS : test2\a94a8fe5ccb19ba6\2a5bd02710e975a7\,0:-1,2016-12-13 15:34:28-445,2016-12-13 15:34:28-536
Success : CREATE_FILE : test2\a94a8fe5ccb19ba6\2F1B6D0C490FE67E,0:1406241,2016-12-13 15:34:28-628,2016-12-13 15:34:29-453
Success : LS : test2\a94a8fe5ccb19ba6\,0:-1,2016-12-13 15:34:29-572,2016-12-13 15:34:29-776
Success : CREATE_FILE : test2\a94a8fe5ccb19ba6\0933C21F62E37692,0:920808,2016-12-13 15:34:29-893,2016-12-13 15:34:30-216
Success : LS : test1\c5a5e5562b038073\,0:-1,2016-12-13 15:34:30-340,2016-12-13 15:34:30-414
Success : LS : test1\f71b43c3136efa4f\c7d9912886e5ccc7\,0:-1,2016-12-13 15:34:30-500,2016-12-13 15:34:30-565
Success : LS : test2\a94a8fe5ccb19ba6\,0:-1,2016-12-13 15:34:30-653,2016-12-13 15:34:30-761
Success : CREATE_FILE : test2\a94a8fe5ccb19ba6\620B53C4425C48DB,0:3407772,2016-12-13 15:34:30-843,2016-12-13 15:34:33-672
Success : LS : test2\a94a8fe5ccb19ba6\,0:-1,2016-12-13 15:34:33-759,2016-12-13 15:34:33-863
Success : CREATE_FILE : test2\a94a8fe5ccb19ba6\2a5bd02710e975a7\68CA9E4732914956,0:2565979,2016-12-13 15:34:33-939,2016-12-13 15:34:35-991
Success : LS : test2\a94a8fe5ccb19ba6\2a5bd02710e975a7\,0:-1,2016-12-13 15:34:36-116,2016-12-13 15:34:36-209
Success : CREATE_FILE : test2\a94a8fe5ccb19ba6\2a5bd02710e975a7\72CF60E43E436405,0:1238219,2016-12-13 15:34:36-328,2016-12-13 15:34:37-000
Success : LS : test2\a94a8fe5ccb19ba6\2a5bd02710e975a7\,0:-1,2016-12-13 15:34:37-115,2016-12-13 15:34:37-206
Success : CREATE_FILE : test2\a94a8fe5ccb19ba6\5C012F9364154F8B,0:2169661,2016-12-13 15:34:37-313,2016-12-13 15:34:38-873
Success : LS : test2\a94a8fe5ccb19ba6\2a5bd02710e975a7\,0:-1,2016-12-13 15:34:38-996,2016-12-13 15:34:39-088
Success : LS : test1\c5a5e5562b038073\,0:-1,2016-12-13 15:34:39-195,2016-12-13 15:34:39-266
Success : LS : test1\c5a5e5562b038073\,0:-1,2016-12-13 15:34:39-343,2016-12-13 15:34:39-426
Success : LS : test1\c5a5e5562b038073\,0:-1,2016-12-13 15:34:39-541,2016-12-13 15:34:39-611
Success : LS : test2\a94a8fe5ccb19ba6\,0:-1,2016-12-13 15:34:39-711,2016-12-13 15:34:39-815
Success : LS : test2\a94a8fe5ccb19ba6\,0:-1,2016-12-13 15:34:39-894,2016-12-13 15:34:39-997
Success : CREATE_FILE : test2\a94a8fe5ccb19ba6\2a5bd02710e975a7\2D9A2D6A4DB53FB6,0:410091,2016-12-13 15:34:40-093,2016-12-13 15:34:40-372
Success : LS : test2\a94a8fe5ccb19ba6\2a5bd02710e975a7\,0:-1,2016-12-13 15:34:40-496,2016-12-13 15:34:40-613
Fail : LS : test1,0:-1,2016-12-13 15:34:40-702,2016-12-13 15:34:40-702
Reason : java.lang.StringIndexOutOfBoundsException: String index out of range: -1
Success : SEQ_READ : test1\f71b43c3136efa4f\9f93e73d6896cb7b\6670af231c096f09,0:129,2016-12-13 15:34:40-777,2016-12-13 15:34:40-839
Success : LS : test2\a94a8fe5ccb19ba6\2a5bd02710e975a7\,0:-1,2016-12-13 15:34:40-952,2016-12-13 15:34:41-068
Success : CREATE_FILE : test2\a94a8fe5ccb19ba6\2a5bd02710e975a7\11AAA5E4004BF0FC,0:431480,2016-12-13 15:34:41-163,2016-12-13 15:34:41-442
Success : LS : test2\a94a8fe5ccb19ba6\2a5bd02710e975a7\,0:-1,2016-12-13 15:34:41-560,2016-12-13 15:34:41-644
Success : CREATE_FILE : test2\a94a8fe5ccb19ba6\20C5EA28427F4CAB,0:3675760,2016-12-13 15:34:41-759,2016-12-13 15:34:45-007
Success : LS : test1\c5a5e5562b038073\0189424a5a60fed3\,0:-1,2016-12-13 15:34:45-131,2016-12-13 15:34:45-206
Success : LS : test1\f71b43c3136efa4f\52481749c0cdecd6\,0:-1,2016-12-13 15:34:45-284,2016-12-13 15:34:45-355
Success : LS : test1\c5a5e5562b038073\,0:-1,2016-12-13 15:34:45-448,2016-12-13 15:34:45-520
Success : LS : test2\a94a8fe5ccb19ba6\,0:-1,2016-12-13 15:34:45-610,2016-12-13 15:34:45-727
Success : CREATE_FILE : test2\a94a8fe5ccb19ba6\10015ADC4142E3AA,0:2424541,2016-12-13 15:34:45-816,2016-12-13 15:34:47-804
Success : LS : test2\a94a8fe5ccb19ba6\,0:-1,2016-12-13 15:34:47-928,2016-12-13 15:34:48-035
Success : CREATE_FILE : test2\a94a8fe5ccb19ba6\396AC43C403452EC,0:904576,2016-12-13 15:34:48-127,2016-12-13 15:34:48-531
Success : LS : test2\a94a8fe5ccb19ba6\,0:-1,2016-12-13 15:34:48-671,2016-12-13 15:34:48-778
Success : CREATE_FILE : test2\a94a8fe5ccb19ba6\712E98F6106FD9AB,0:1878537,2016-12-13 15:34:48-860,2016-12-13 15:34:50-305
Success : LS : test2\a94a8fe5ccb19ba6\,0:-1,2016-12-13 15:34:50-431,2016-12-13 15:34:50-539
Success : CREATE_FILE : test2\a94a8fe5ccb19ba6\2a5bd02710e975a7\453AB58E518AB6BD,0:3954773,2016-12-13 15:34:50-625,2016-12-13 15:34:54-054
Success : SEQ_READ : test1\c5a5e5562b038073\6670af231c096f09,0:46,2016-12-13 15:34:54-151,2016-12-13 15:34:54-230
Fail : LS : test1,0:-1,2016-12-13 15:34:54-325,2016-12-13 15:34:54-326
Reason : java.lang.StringIndexOutOfBoundsException: String index out of range: -1
Success : LS : test1\f71b43c3136efa4f\9f93e73d6896cb7b\,0:-1,2016-12-13 15:34:54-401,2016-12-13 15:34:54-463
Success : LS : test2\a94a8fe5ccb19ba6\2a5bd02710e975a7\,0:-1,2016-12-13 15:34:54-541,2016-12-13 15:34:54-627
Success : LS : test1\f71b43c3136efa4f\,0:-1,2016-12-13 15:34:54-722,2016-12-13 15:34:54-793
Success : LS : test2\a94a8fe5ccb19ba6\2a5bd02710e975a7\,0:-1,2016-12-13 15:34:54-878,2016-12-13 15:34:54-958
Success : CREATE_FILE : test2\a94a8fe5ccb19ba6\021324AC54702AFE,0:3842863,2016-12-13 15:34:55-034,2016-12-13 15:34:58-479
Success : LS : test2\a94a8fe5ccb19ba6\,0:-1,2016-12-13 15:34:58-604,2016-12-13 15:34:58-714
Success : CREATE_FILE : test2\a94a8fe5ccb19ba6\2a5bd02710e975a7\4E3B74D60417C88E,0:713425,2016-12-13 15:34:58-836,2016-12-13 15:34:59-083
Success : LS : test1\c5a5e5562b038073\0189424a5a60fed3\,0:-1,2016-12-13 15:34:59-210,2016-12-13 15:34:59-285
Success : SEQ_READ : test2\49f03965cf98b1f5,0:1634,2016-12-13 15:34:59-410,2016-12-13 15:34:59-482
Success : LS : test2\a94a8fe5ccb19ba6\2a5bd02710e975a7\,0:-1,2016-12-13 15:34:59-604,2016-12-13 15:34:59-692
Success : CREATE_FILE : test2\a94a8fe5ccb19ba6\3E9828902D433543,0:1169255,2016-12-13 15:34:59-771,2016-12-13 15:35:00-234
Success : LS : test2\a94a8fe5ccb19ba6\,0:-1,2016-12-13 15:35:00-350,2016-12-13 15:35:00-461
Success : CREATE_FILE : test2\a94a8fe5ccb19ba6\6EF272B10C291248,0:743170,2016-12-13 15:35:00-550,2016-12-13 15:35:00-793
Success : LS : test2\a94a8fe5ccb19ba6\,0:-1,2016-12-13 15:35:00-879,2016-12-13 15:35:01-002
Success : CREATE_FILE : test2\a94a8fe5ccb19ba6\5864ED9410205A88,0:571676,2016-12-13 15:35:01-118,2016-12-13 15:35:01-334
Success : LS : test2\a94a8fe5ccb19ba6\,0:-1,2016-12-13 15:35:01-459,2016-12-13 15:35:01-593
Success : CREATE_FILE : test2\a94a8fe5ccb19ba6\2a5bd02710e975a7\327FFA834ECFBA6E,0:852808,2016-12-13 15:35:01-700,2016-12-13 15:35:02-101
Success : LS : test2\a94a8fe5ccb19ba6\2a5bd02710e975a7\,0:-1,2016-12-13 15:35:02-227,2016-12-13 15:35:02-322
Success : CREATE_FILE : test2\a94a8fe5ccb19ba6\421EAB757F105E11,0:1935735,2016-12-13 15:35:02-408,2016-12-13 15:35:03-731
Success : LS : test1\f71b43c3136efa4f\52481749c0cdecd6\,0:-1,2016-12-13 15:35:03-816,2016-12-13 15:35:03-883
Success : LS : test1\f71b43c3136efa4f\9f93e73d6896cb7b\,0:-1,2016-12-13 15:35:03-963,2016-12-13 15:35:04-033
Success : LS : test2\a94a8fe5ccb19ba6\,0:-1,2016-12-13 15:35:04-142,2016-12-13 15:35:04-276
Success : LS : test2\a94a8fe5ccb19ba6\,0:-1,2016-12-13 15:35:04-388,2016-12-13 15:35:04-503
Success : CREATE_FILE : test2\a94a8fe5ccb19ba6\2a5bd02710e975a7\5D66A33721055FE7,0:1819356,2016-12-13 15:35:04-621,2016-12-13 15:35:05-773
Success : LS : test2\a94a8fe5ccb19ba6\2a5bd02710e975a7\,0:-1,2016-12-13 15:35:05-891,2016-12-13 15:35:06-012
Success : CREATE_FILE : test2\a94a8fe5ccb19ba6\1BA2F3753BE694D8,0:881951,2016-12-13 15:35:06-133,2016-12-13 15:35:06-534
Success : LS : test2\a94a8fe5ccb19ba6\,0:-1,2016-12-13 15:35:06-653,2016-12-13 15:35:06-762
Success : CREATE_FILE : test2\a94a8fe5ccb19ba6\2a5bd02710e975a7\6C211D9E7A25AC77,0:3898413,2016-12-13 15:35:06-847,2016-12-13 15:35:10-076
Success : LS : test2\a94a8fe5ccb19ba6\2a5bd02710e975a7\,0:-1,2016-12-13 15:35:10-201,2016-12-13 15:35:10-289
Success : CREATE_FILE : test2\a94a8fe5ccb19ba6\0BAEC33F60CA49CA,0:3141723,2016-12-13 15:35:10-405,2016-12-13 15:35:12-922
Success : SEQ_READ : test2\6c33a983eec1b409,0:2291,2016-12-13 15:35:13-006,2016-12-13 15:35:13-064
Success : LS : test1\f71b43c3136efa4f\c7d9912886e5ccc7\,0:-1,2016-12-13 15:35:13-179,2016-12-13 15:35:13-248
Success : LS : test1\f71b43c3136efa4f\,0:-1,2016-12-13 15:35:13-323,2016-12-13 15:35:13-425
Success : LS : test2\a94a8fe5ccb19ba6\,0:-1,2016-12-13 15:35:13-543,2016-12-13 15:35:13-684
Success : CREATE_FILE : test2\a94a8fe5ccb19ba6\72B64F56458DB071,0:2840876,2016-12-13 15:35:13-777,2016-12-13 15:35:16-087
Success : LS : test2\a94a8fe5ccb19ba6\,0:-1,2016-12-13 15:35:16-196,2016-12-13 15:35:16-306
Success : CREATE_FILE : test2\a94a8fe5ccb19ba6\675DCFEC3C90C35E,0:3265796,2016-12-13 15:35:16-383,2016-12-13 15:35:18-943
Success : LS : test2\a94a8fe5ccb19ba6\,0:-1,2016-12-13 15:35:19-041,2016-12-13 15:35:19-136
Success : CREATE_FILE : test2\a94a8fe5ccb19ba6\39453B9B495418A5,0:1166885,2016-12-13 15:35:19-211,2016-12-13 15:35:19-694
Success : LS : test2\a94a8fe5ccb19ba6\,0:-1,2016-12-13 15:35:19-784,2016-12-13 15:35:19-931
Success : CREATE_FILE : test2\a94a8fe5ccb19ba6\2E58FEF80BB69DA4,0:146861,2016-12-13 15:35:20-053,2016-12-13 15:35:20-237
Success : LS : test2\a94a8fe5ccb19ba6\,0:-1,2016-12-13 15:35:20-362,2016-12-13 15:35:20-471
Success : LS : test1\c5a5e5562b038073\,0:-1,2016-12-13 15:35:20-588,2016-12-13 15:35:20-703
Fail : LS : test1,0:-1,2016-12-13 15:35:20-806,2016-12-13 15:35:20-806
Reason : java.lang.StringIndexOutOfBoundsException: String index out of range: -1
Success : LS : test1\c5a5e5562b038073\0189424a5a60fed3\,0:-1,2016-12-13 15:35:20-898,2016-12-13 15:35:21-052
Success : LS : test2\a94a8fe5ccb19ba6\,0:-1,2016-12-13 15:35:21-126,2016-12-13 15:35:21-224
Success : CREATE_FILE : test2\a94a8fe5ccb19ba6\3E66C1DC2BBB40A9,0:540262,2016-12-13 15:35:21-313,2016-12-13 15:35:21-581
Success : LS : test2\a94a8fe5ccb19ba6\,0:-1,2016-12-13 15:35:21-686,2016-12-13 15:35:21-796
Success : CREATE_FILE : test2\a94a8fe5ccb19ba6\2a5bd02710e975a7\749F256944471D6C,0:1246343,2016-12-13 15:35:21-880,2016-12-13 15:35:22-534
Success : LS : test2\a94a8fe5ccb19ba6\2a5bd02710e975a7\,0:-1,2016-12-13 15:35:22-654,2016-12-13 15:35:22-783
Success : CREATE_FILE : test2\a94a8fe5ccb19ba6\12BB7CB97F215AD0,0:3245905,2016-12-13 15:35:22-903,2016-12-13 15:35:25-426
Success : LS : test2\a94a8fe5ccb19ba6\,0:-1,2016-12-13 15:35:25-552,2016-12-13 15:35:25-689
Success : LS : test1\f71b43c3136efa4f\83404ffd78f534ff\,0:-1,2016-12-13 15:35:25-781,2016-12-13 15:35:25-885
Success : LS : test1\c5a5e5562b038073\,0:-1,2016-12-13 15:35:25-978,2016-12-13 15:35:26-045
Success : LS : test1\f71b43c3136efa4f\,0:-1,2016-12-13 15:35:26-121,2016-12-13 15:35:26-255
Success : SEQ_READ : test1\c5a5e5562b038073\c7abaf0419c47a1d,0:762529,2016-12-13 15:35:26-332,2016-12-13 15:35:26-436
Success : LS : test2\a94a8fe5ccb19ba6\,0:-1,2016-12-13 15:35:26-526,2016-12-13 15:35:26-668
Success : CREATE_FILE : test2\a94a8fe5ccb19ba6\2a5bd02710e975a7\240EA21359A12280,0:1293594,2016-12-13 15:35:26-754,2016-12-13 15:35:27-558
Success : LS : test2\a94a8fe5ccb19ba6\2a5bd02710e975a7\,0:-1,2016-12-13 15:35:27-679,2016-12-13 15:35:27-770
Success : CREATE_FILE : test2\a94a8fe5ccb19ba6\4057F5F67995E74E,0:3497312,2016-12-13 15:35:27-852,2016-12-13 15:35:30-732
Success : LS : test1\c5a5e5562b038073\a39ea9c72a98de10\,0:-1,2016-12-13 15:35:30-819,2016-12-13 15:35:30-885
Success : LS : test1\f71b43c3136efa4f\9f93e73d6896cb7b\,0:-1,2016-12-13 15:35:30-967,2016-12-13 15:35:31-032
Success : LS : test1\c5a5e5562b038073\,0:-1,2016-12-13 15:35:31-144,2016-12-13 15:35:31-247
Success : LS : test1\f71b43c3136efa4f\52481749c0cdecd6\,0:-1,2016-12-13 15:35:31-367,2016-12-13 15:35:31-439
Success : LS : test2\a94a8fe5ccb19ba6\2a5bd02710e975a7\,0:-1,2016-12-13 15:35:31-563,2016-12-13 15:35:31-650
Success : LS : test2\a94a8fe5ccb19ba6\,0:-1,2016-12-13 15:35:31-728,2016-12-13 15:35:31-834
Success : CREATE_FILE : test2\a94a8fe5ccb19ba6\2a5bd02710e975a7\03F24508041C83BB,0:32699,2016-12-13 15:35:31-937,2016-12-13 15:35:32-127
Success : LS : test2\a94a8fe5ccb19ba6\2a5bd02710e975a7\,0:-1,2016-12-13 15:35:32-231,2016-12-13 15:35:32-316
Success : CREATE_FILE : test2\a94a8fe5ccb19ba6\2a5bd02710e975a7\032B8F303E1ACB3A,0:3131342,2016-12-13 15:35:32-439,2016-12-13 15:35:35-041
Success : LS : test2\a94a8fe5ccb19ba6\,0:-1,2016-12-13 15:35:35-159,2016-12-13 15:35:35-273
Success : LS : test1\f71b43c3136efa4f\c7d9912886e5ccc7\,0:-1,2016-12-13 15:35:35-389,2016-12-13 15:35:35-492
Success : LS : test2\a94a8fe5ccb19ba6\,0:-1,2016-12-13 15:35:35-586,2016-12-13 15:35:35-699
Success : SEQ_READ : test2\acde102dac5bbe15,0:6030,2016-12-13 15:35:35-776,2016-12-13 15:35:35-865
Success : LS : test2\a94a8fe5ccb19ba6\2a5bd02710e975a7\,0:-1,2016-12-13 15:35:35-978,2016-12-13 15:35:36-099
Success : CREATE_FILE : test2\a94a8fe5ccb19ba6\309723F93AFDDE20,0:2904008,2016-12-13 15:35:36-270,2016-12-13 15:35:38-576
Success : LS : test2\a94a8fe5ccb19ba6\,0:-1,2016-12-13 15:35:38-703,2016-12-13 15:35:38-812
Success : CREATE_FILE : test2\a94a8fe5ccb19ba6\4308A2E30B9184DE,0:3142812,2016-12-13 15:35:38-899,2016-12-13 15:35:41-442
Success : LS : test2\a94a8fe5ccb19ba6\,0:-1,2016-12-13 15:35:41-562,2016-12-13 15:35:41-685
Success : CREATE_FILE : test2\a94a8fe5ccb19ba6\53D4669918CA24DC,0:1224896,2016-12-13 15:35:41-767,2016-12-13 15:35:42-385
Success : LS : test1\c5a5e5562b038073\a39ea9c72a98de10\,0:-1,2016-12-13 15:35:42-509,2016-12-13 15:35:42-579
Success : LS : test1\f71b43c3136efa4f\9f93e73d6896cb7b\,0:-1,2016-12-13 15:35:42-667,2016-12-13 15:35:42-740
Success : LS : test1\f71b43c3136efa4f\83404ffd78f534ff\,0:-1,2016-12-13 15:35:42-828,2016-12-13 15:35:42-895
Success : LS : test1\f71b43c3136efa4f\c7d9912886e5ccc7\,0:-1,2016-12-13 15:35:42-972,2016-12-13 15:35:43-041
Success : LS : test2\a94a8fe5ccb19ba6\,0:-1,2016-12-13 15:35:43-117,2016-12-13 15:35:43-273
Success : CREATE_FILE : test2\a94a8fe5ccb19ba6\6CDBF6193A3DBE2F,0:3841548,2016-12-13 15:35:43-374,2016-12-13 15:35:46-784
Success : LS : test2\a94a8fe5ccb19ba6\,0:-1,2016-12-13 15:35:46-908,2016-12-13 15:35:47-028
Success : CREATE_FILE : test2\a94a8fe5ccb19ba6\2a5bd02710e975a7\7C56080F30FE9C33,0:1274282,2016-12-13 15:35:47-153,2016-12-13 15:35:47-807
Success : LS : test2\a94a8fe5ccb19ba6\2a5bd02710e975a7\,0:-1,2016-12-13 15:35:47-923,2016-12-13 15:35:48-010
Success : CREATE_FILE : test2\a94a8fe5ccb19ba6\2a5bd02710e975a7\142BC21D6BD68033,0:331012,2016-12-13 15:35:48-100,2016-12-13 15:35:48-300
Success : LS : test1\c5a5e5562b038073\0189424a5a60fed3\,0:-1,2016-12-13 15:35:48-418,2016-12-13 15:35:48-515
Success : LS : test2\a94a8fe5ccb19ba6\2a5bd02710e975a7\,0:-1,2016-12-13 15:35:48-602,2016-12-13 15:35:48-687
Success : LS : test2\a94a8fe5ccb19ba6\,0:-1,2016-12-13 15:35:48-776,2016-12-13 15:35:48-879
Success : LS : test2\a94a8fe5ccb19ba6\2a5bd02710e975a7\,0:-1,2016-12-13 15:35:48-961,2016-12-13 15:35:49-074
Success : CREATE_FILE : test2\a94a8fe5ccb19ba6\17986E0D382DE36F,0:3571011,2016-12-13 15:35:49-160,2016-12-13 15:35:52-193
Success : LS : test2\a94a8fe5ccb19ba6\,0:-1,2016-12-13 15:35:52-312,2016-12-13 15:35:52-426
Success : CREATE_FILE : test2\a94a8fe5ccb19ba6\2a5bd02710e975a7\2E61DC6C36D903A5,0:2215128,2016-12-13 15:35:52-540,2016-12-13 15:35:54-280
Success : LS : test2\a94a8fe5ccb19ba6\2a5bd02710e975a7\,0:-1,2016-12-13 15:35:54-403,2016-12-13 15:35:54-496
Success : CREATE_FILE : test2\a94a8fe5ccb19ba6\2A01EAF42130AA79,0:433164,2016-12-13 15:35:54-608,2016-12-13 15:35:54-805
Success : LS : test2\a94a8fe5ccb19ba6\,0:-1,2016-12-13 15:35:54-885,2016-12-13 15:35:54-988
Success : LS : test1\f71b43c3136efa4f\9f93e73d6896cb7b\,0:-1,2016-12-13 15:35:55-094,2016-12-13 15:35:55-165
Success : SEQ_READ : test2\6c33a983eec1b409,0:2291,2016-12-13 15:35:55-268,2016-12-13 15:35:55-336
Success : LS : test2\a94a8fe5ccb19ba6\,0:-1,2016-12-13 15:35:55-442,2016-12-13 15:35:55-555
Success : LS : test1\f71b43c3136efa4f\52481749c0cdecd6\,0:-1,2016-12-13 15:35:55-676,2016-12-13 15:35:55-746
Success : LS : test2\a94a8fe5ccb19ba6\,0:-1,2016-12-13 15:35:55-824,2016-12-13 15:35:55-926
Success : LS : test2\a94a8fe5ccb19ba6\,0:-1,2016-12-13 15:35:56-042,2016-12-13 15:35:56-156
Success : CREATE_FILE : test2\a94a8fe5ccb19ba6\2a5bd02710e975a7\04F792250656A25B,0:3226082,2016-12-13 15:35:56-255,2016-12-13 15:35:58-793
Success : LS : test2\a94a8fe5ccb19ba6\2a5bd02710e975a7\,0:-1,2016-12-13 15:35:58-921,2016-12-13 15:35:59-045
Success : LS : test2\a94a8fe5ccb19ba6\,0:-1,2016-12-13 15:35:59-168,2016-12-13 15:35:59-350
Success : LS : test2\a94a8fe5ccb19ba6\2a5bd02710e975a7\,0:-1,2016-12-13 15:35:59-471,2016-12-13 15:35:59-559
Success : CREATE_FILE : test2\a94a8fe5ccb19ba6\09BCA0901348A096,0:2758524,2016-12-13 15:35:59-635,2016-12-13 15:36:01-733
Success : LS : test2\a94a8fe5ccb19ba6\,0:-1,2016-12-13 15:36:01-855,2016-12-13 15:36:01-965
Success : CREATE_FILE : test2\a94a8fe5ccb19ba6\45826F571CE2A985,0:612204,2016-12-13 15:36:02-057,2016-12-13 15:36:02-330
Success : LS : test2\a94a8fe5ccb19ba6\,0:-1,2016-12-13 15:36:02-452,2016-12-13 15:36:02-564
Success : CREATE_FILE : test2\a94a8fe5ccb19ba6\2a5bd02710e975a7\5571403E3BE4036E,0:3486529,2016-12-13 15:36:02-690,2016-12-13 15:36:05-658
Success : LS : test2\a94a8fe5ccb19ba6\2a5bd02710e975a7\,0:-1,2016-12-13 15:36:05-781,2016-12-13 15:36:05-898
Success : CREATE_FILE : test2\a94a8fe5ccb19ba6\7607E2287CB6D19A,0:2988940,2016-12-13 15:36:06-022,2016-12-13 15:36:08-413
Success : LS : test1\c5a5e5562b038073\a39ea9c72a98de10\,0:-1,2016-12-13 15:36:08-538,2016-12-13 15:36:08-613
Success : LS : test1\c5a5e5562b038073\,0:-1,2016-12-13 15:36:08-731,2016-12-13 15:36:08-830
Success : LS : test1\c5a5e5562b038073\,0:-1,2016-12-13 15:36:08-917,2016-12-13 15:36:09-024
Success : LS : test1\c5a5e5562b038073\a39ea9c72a98de10\,0:-1,2016-12-13 15:36:09-139,2016-12-13 15:36:09-235
Fail : LS : test1,0:-1,2016-12-13 15:36:09-322,2016-12-13 15:36:09-322
Reason : java.lang.StringIndexOutOfBoundsException: String index out of range: -1
Success : LS : test2\a94a8fe5ccb19ba6\,0:-1,2016-12-13 15:36:09-434,2016-12-13 15:36:09-547
Success : CREATE_FILE : test2\a94a8fe5ccb19ba6\2a5bd02710e975a7\20794F067EF53E4A,0:3985806,2016-12-13 15:36:09-650,2016-12-13 15:36:13-154
Success : LS : test1\f71b43c3136efa4f\52481749c0cdecd6\,0:-1,2016-12-13 15:36:13-245,2016-12-13 15:36:13-309
Success : LS : test1\c5a5e5562b038073\0189424a5a60fed3\,0:-1,2016-12-13 15:36:13-404,2016-12-13 15:36:13-471
Success : SEQ_READ : test1\f71b43c3136efa4f\83404ffd78f534ff\6670af231c096f09,0:129,2016-12-13 15:36:13-581,2016-12-13 15:36:13-649
Fail : LS : test1,0:-1,2016-12-13 15:36:13-747,2016-12-13 15:36:13-747
Reason : java.lang.StringIndexOutOfBoundsException: String index out of range: -1
Success : LS : test1\c5a5e5562b038073\,0:-1,2016-12-13 15:36:13-821,2016-12-13 15:36:13-919
Success : LS : test2\a94a8fe5ccb19ba6\2a5bd02710e975a7\,0:-1,2016-12-13 15:36:14-013,2016-12-13 15:36:14-135
Success : CREATE_FILE : test2\a94a8fe5ccb19ba6\1F8DDEA17A8DF68D,0:3995223,2016-12-13 15:36:14-270,2016-12-13 15:36:18-126
Fail : LS : test1,0:-1,2016-12-13 15:36:18-254,2016-12-13 15:36:18-254
Reason : java.lang.StringIndexOutOfBoundsException: String index out of range: -1
Success : LS : test1\f71b43c3136efa4f\52481749c0cdecd6\,0:-1,2016-12-13 15:36:18-345,2016-12-13 15:36:18-428
Success : LS : test2\a94a8fe5ccb19ba6\,0:-1,2016-12-13 15:36:18-543,2016-12-13 15:36:18-650
Success : CREATE_FILE : test2\a94a8fe5ccb19ba6\2a5bd02710e975a7\71B5FC6D7A7DE9DC,0:3963050,2016-12-13 15:36:18-737,2016-12-13 15:36:22-325
Success : LS : test2\a94a8fe5ccb19ba6\2a5bd02710e975a7\,0:-1,2016-12-13 15:36:22-448,2016-12-13 15:36:22-537
Success : CREATE_FILE : test2\a94a8fe5ccb19ba6\2a5bd02710e975a7\7366DB0171B22F8C,0:2678508,2016-12-13 15:36:22-614,2016-12-13 15:36:24-665
Success : LS : test2\a94a8fe5ccb19ba6\2a5bd02710e975a7\,0:-1,2016-12-13 15:36:24-810,2016-12-13 15:36:24-896
Success : CREATE_FILE : test2\a94a8fe5ccb19ba6\4536DAD6339805AA,0:3420724,2016-12-13 15:36:24-978,2016-12-13 15:36:27-996
Success : LS : test1\f71b43c3136efa4f\,0:-1,2016-12-13 15:36:28-076,2016-12-13 15:36:28-146
Success : LS : test2\a94a8fe5ccb19ba6\,0:-1,2016-12-13 15:36:28-223,2016-12-13 15:36:28-325
Success : LS : test1\f71b43c3136efa4f\83404ffd78f534ff\,0:-1,2016-12-13 15:36:28-404,2016-12-13 15:36:28-465
Success : LS : test2\a94a8fe5ccb19ba6\,0:-1,2016-12-13 15:36:28-539,2016-12-13 15:36:28-664
Success : CREATE_FILE : test2\a94a8fe5ccb19ba6\2a5bd02710e975a7\594E6E7506FECD3D,0:2240393,2016-12-13 15:36:28-765,2016-12-13 15:36:30-409
Success : LS : test2\a94a8fe5ccb19ba6\2a5bd02710e975a7\,0:-1,2016-12-13 15:36:30-531,2016-12-13 15:36:30-621
Success : CREATE_FILE : test2\a94a8fe5ccb19ba6\33B9D29423866926,0:585439,2016-12-13 15:36:30-715,2016-12-13 15:36:30-947
Success : LS : test2\a94a8fe5ccb19ba6\,0:-1,2016-12-13 15:36:31-024,2016-12-13 15:36:31-128
Success : CREATE_FILE : test2\a94a8fe5ccb19ba6\3848F89C787880D5,0:941854,2016-12-13 15:36:31-244,2016-12-13 15:36:31-843
Success : LS : test2\a94a8fe5ccb19ba6\,0:-1,2016-12-13 15:36:31-963,2016-12-13 15:36:32-072
Success : CREATE_FILE : test2\a94a8fe5ccb19ba6\2a5bd02710e975a7\2A85D5D820D1EB9F,0:1020126,2016-12-13 15:36:32-195,2016-12-13 15:36:32-491
Success : LS : test1\f71b43c3136efa4f\52481749c0cdecd6\,0:-1,2016-12-13 15:36:32-600,2016-12-13 15:36:32-696
Fail : LS : test1,0:-1,2016-12-13 15:36:32-786,2016-12-13 15:36:32-787
Reason : java.lang.StringIndexOutOfBoundsException: String index out of range: -1
Success : LS : test1\f71b43c3136efa4f\c7d9912886e5ccc7\,0:-1,2016-12-13 15:36:32-862,2016-12-13 15:36:32-925
Success : LS : test1\c5a5e5562b038073\,0:-1,2016-12-13 15:36:33-035,2016-12-13 15:36:33-105
Success : LS : test2\a94a8fe5ccb19ba6\2a5bd02710e975a7\,0:-1,2016-12-13 15:36:33-223,2016-12-13 15:36:33-314
Success : CREATE_FILE : test2\a94a8fe5ccb19ba6\4AEB8FC4712C4E2B,0:3091833,2016-12-13 15:36:33-399,2016-12-13 15:36:36-241
Success : LS : test2\a94a8fe5ccb19ba6\,0:-1,2016-12-13 15:36:36-359,2016-12-13 15:36:36-468
Success : CREATE_FILE : test2\a94a8fe5ccb19ba6\4E783D4B027223BE,0:3026032,2016-12-13 15:36:36-562,2016-12-13 15:36:39-085
Success : LS : test2\a94a8fe5ccb19ba6\,0:-1,2016-12-13 15:36:39-204,2016-12-13 15:36:39-318
Success : CREATE_FILE : test2\a94a8fe5ccb19ba6\2a5bd02710e975a7\6E98EFF52EBBF7E3,0:3393056,2016-12-13 15:36:39-417,2016-12-13 15:36:42-660
Success : LS : test1\f71b43c3136efa4f\9f93e73d6896cb7b\,0:-1,2016-12-13 15:36:42-764,2016-12-13 15:36:42-837
Success : LS : test1\f71b43c3136efa4f\,0:-1,2016-12-13 15:36:42-923,2016-12-13 15:36:42-992
Success : LS : test2\a94a8fe5ccb19ba6\,0:-1,2016-12-13 15:36:43-102,2016-12-13 15:36:43-205
Success : LS : test1\f71b43c3136efa4f\52481749c0cdecd6\,0:-1,2016-12-13 15:36:43-296,2016-12-13 15:36:43-389
Success : LS : test2\a94a8fe5ccb19ba6\2a5bd02710e975a7\,0:-1,2016-12-13 15:36:43-477,2016-12-13 15:36:43-560
Success : CREATE_FILE : test2\a94a8fe5ccb19ba6\2a5bd02710e975a7\5949DBED51C57624,0:2616233,2016-12-13 15:36:43-655,2016-12-13 15:36:45-628
Success : LS : test2\a94a8fe5ccb19ba6\2a5bd02710e975a7\,0:-1,2016-12-13 15:36:45-745,2016-12-13 15:36:45-834
Success : CREATE_FILE : test2\a94a8fe5ccb19ba6\2a5bd02710e975a7\69BE6EBD4F15EBFA,0:3325593,2016-12-13 15:36:45-928,2016-12-13 15:36:48-630
Success : LS : test2\a94a8fe5ccb19ba6\2a5bd02710e975a7\,0:-1,2016-12-13 15:36:48-746,2016-12-13 15:36:48-839
Success : CREATE_FILE : test2\a94a8fe5ccb19ba6\366317376F98FD27,0:414697,2016-12-13 15:36:48-923,2016-12-13 15:36:49-085
Success : LS : test1\f71b43c3136efa4f\9f93e73d6896cb7b\,0:-1,2016-12-13 15:36:49-195,2016-12-13 15:36:49-263
Success : LS : test1\c5a5e5562b038073\a39ea9c72a98de10\,0:-1,2016-12-13 15:36:49-381,2016-12-13 15:36:49-499
Success : LS : test2\a94a8fe5ccb19ba6\2a5bd02710e975a7\,0:-1,2016-12-13 15:36:49-612,2016-12-13 15:36:49-699
Success : LS : test1\f71b43c3136efa4f\9f93e73d6896cb7b\,0:-1,2016-12-13 15:36:49-826,2016-12-13 15:36:49-903
Success : LS : test2\a94a8fe5ccb19ba6\2a5bd02710e975a7\,0:-1,2016-12-13 15:36:49-980,2016-12-13 15:36:50-060
Success : LS : test1\f71b43c3136efa4f\9f93e73d6896cb7b\,0:-1,2016-12-13 15:36:50-137,2016-12-13 15:36:50-242
Success : LS : test2\a94a8fe5ccb19ba6\,0:-1,2016-12-13 15:36:50-333,2016-12-13 15:36:50-470
Success : CREATE_FILE : test2\a94a8fe5ccb19ba6\2a5bd02710e975a7\7872C75F0B9E1541,0:3433061,2016-12-13 15:36:50-579,2016-12-13 15:36:53-294
Success : LS : test2\a94a8fe5ccb19ba6\,0:-1,2016-12-13 15:36:53-418,2016-12-13 15:36:53-558
Success : LS : test1\f71b43c3136efa4f\,0:-1,2016-12-13 15:36:53-682,2016-12-13 15:36:53-753
Success : LS : test2\a94a8fe5ccb19ba6\2a5bd02710e975a7\,0:-1,2016-12-13 15:36:53-828,2016-12-13 15:36:53-937
Success : CREATE_FILE : test2\a94a8fe5ccb19ba6\09364BEA3DAE2883,0:3984355,2016-12-13 15:36:54-044,2016-12-13 15:36:57-483
Success : LS : test2\a94a8fe5ccb19ba6\,0:-1,2016-12-13 15:36:57-607,2016-12-13 15:36:57-719
Success : CREATE_FILE : test2\a94a8fe5ccb19ba6\2a5bd02710e975a7\3A1A48F30456FC44,0:367218,2016-12-13 15:36:57-807,2016-12-13 15:36:57-975
Success : LS : test2\a94a8fe5ccb19ba6\2a5bd02710e975a7\,0:-1,2016-12-13 15:36:58-144,2016-12-13 15:36:58-224
Success : CREATE_FILE : test2\a94a8fe5ccb19ba6\5E3DAE4001AD8176,0:1000572,2016-12-13 15:36:58-318,2016-12-13 15:36:58-678
Success : LS : test2\a94a8fe5ccb19ba6\,0:-1,2016-12-13 15:36:58-794,2016-12-13 15:36:58-909
Success : CREATE_FILE : test2\a94a8fe5ccb19ba6\3D18715C7620E651,0:3645188,2016-12-13 15:36:59-006,2016-12-13 15:37:01-946
Success : LS : test1\f71b43c3136efa4f\52481749c0cdecd6\,0:-1,2016-12-13 15:37:02-070,2016-12-13 15:37:02-176
Fail : LS : test1,0:-1,2016-12-13 15:37:02-299,2016-12-13 15:37:02-299
Reason : java.lang.StringIndexOutOfBoundsException: String index out of range: -1
Success : LS : test2\a94a8fe5ccb19ba6\,0:-1,2016-12-13 15:37:02-410,2016-12-13 15:37:02-563
Success : CREATE_FILE : test2\a94a8fe5ccb19ba6\484E172327308A22,0:976300,2016-12-13 15:37:02-688,2016-12-13 15:37:03-026
Success : LS : test2\a94a8fe5ccb19ba6\2a5bd02710e975a7\,0:-1,2016-12-13 15:37:03-153,2016-12-13 15:37:03-282
Success : LS : test2\a94a8fe5ccb19ba6\,0:-1,2016-12-13 15:37:03-411,2016-12-13 15:37:03-551
Success : CREATE_FILE : test2\a94a8fe5ccb19ba6\0AB92F24065DE754,0:1323976,2016-12-13 15:37:03-669,2016-12-13 15:37:04-315
Success : LS : test2\a94a8fe5ccb19ba6\,0:-1,2016-12-13 15:37:04-431,2016-12-13 15:37:04-541
Success : CREATE_FILE : test2\a94a8fe5ccb19ba6\01127A3A31FB203A,0:3149514,2016-12-13 15:37:04-648,2016-12-13 15:37:07-141
Success : LS : test2\a94a8fe5ccb19ba6\,0:-1,2016-12-13 15:37:07-262,2016-12-13 15:37:07-374
Success : LS : test1\c5a5e5562b038073\0189424a5a60fed3\,0:-1,2016-12-13 15:37:07-483,2016-12-13 15:37:07-586
Success : LS : test1\c5a5e5562b038073\0189424a5a60fed3\,0:-1,2016-12-13 15:37:07-703,2016-12-13 15:37:07-775
Success : LS : test2\a94a8fe5ccb19ba6\,0:-1,2016-12-13 15:37:07-896,2016-12-13 15:37:08-013
Success : CREATE_FILE : test2\a94a8fe5ccb19ba6\7EB7B4F9000A6AFF,0:1663328,2016-12-13 15:37:08-136,2016-12-13 15:37:09-165
Success : LS : test2\a94a8fe5ccb19ba6\,0:-1,2016-12-13 15:37:09-288,2016-12-13 15:37:09-403
Success : CREATE_FILE : test2\a94a8fe5ccb19ba6\04496BA1153F54C7,0:2444656,2016-12-13 15:37:09-491,2016-12-13 15:37:11-299
Success : LS : test2\a94a8fe5ccb19ba6\,0:-1,2016-12-13 15:37:11-424,2016-12-13 15:37:11-544
Success : CREATE_FILE : test2\a94a8fe5ccb19ba6\60FBD38032584F88,0:3134237,2016-12-13 15:37:11-660,2016-12-13 15:37:14-588
Success : LS : test1\c5a5e5562b038073\a39ea9c72a98de10\,0:-1,2016-12-13 15:37:14-686,2016-12-13 15:37:14-749
Success : LS : test1\f71b43c3136efa4f\52481749c0cdecd6\,0:-1,2016-12-13 15:37:14-833,2016-12-13 15:37:14-973
Success : LS : test1\c5a5e5562b038073\,0:-1,2016-12-13 15:37:15-050,2016-12-13 15:37:15-131
Success : LS : test2\a94a8fe5ccb19ba6\,0:-1,2016-12-13 15:37:15-212,2016-12-13 15:37:15-332
Success : CREATE_FILE : test2\a94a8fe5ccb19ba6\0E8CD96E335918C6,0:1062625,2016-12-13 15:37:15-440,2016-12-13 15:37:15-825
Success : LS : test2\a94a8fe5ccb19ba6\,0:-1,2016-12-13 15:37:15-913,2016-12-13 15:37:16-018
Success : CREATE_FILE : test2\a94a8fe5ccb19ba6\2a5bd02710e975a7\5F333A184FE5EAE6,0:3912284,2016-12-13 15:37:16-093,2016-12-13 15:37:19-425
Success : LS : test1\c5a5e5562b038073\,0:-1,2016-12-13 15:37:19-547,2016-12-13 15:37:19-619
Success : LS : test2\a94a8fe5ccb19ba6\2a5bd02710e975a7\,0:-1,2016-12-13 15:37:19-702,2016-12-13 15:37:19-787
Success : CREATE_FILE : test2\a94a8fe5ccb19ba6\4F20286D5331D850,0:1596875,2016-12-13 15:37:19-873,2016-12-13 15:37:20-789
Success : LS : test2\a94a8fe5ccb19ba6\,0:-1,2016-12-13 15:37:20-898,2016-12-13 15:37:21-000
