Success : SEQ_READ : test2\a94a8fe5ccb19ba6\2a5bd02710e975a7\178db47a574c645f,0:257,2016-12-16 15:05:30-221,2016-12-16 15:05:31-193
Success : SEQ_READ : test2\acde102dac5bbe15,0:6030,2016-12-16 15:05:31-193,2016-12-16 15:05:31-420
Success : CREATE_FILE : test2\a94a8fe5ccb19ba6\3504F5D1524B24C7,0:2388177,2016-12-16 15:05:31-421,2016-12-16 15:05:33-230
Success : LS : test2\a94a8fe5ccb19ba6\,0:-1,2016-12-16 15:05:33-230,2016-12-16 15:05:33-355
Success : CREATE_FILE : test2\a94a8fe5ccb19ba6\60E633F83FCE496E,0:3707575,2016-12-16 15:05:33-355,2016-12-16 15:05:36-499
Success : SEQ_READ : test1\c5a5e5562b038073\a39ea9c72a98de10\11562aa867a5f398,0:2752,2016-12-16 15:05:36-499,2016-12-16 15:05:36-763
Success : LS : test2\a94a8fe5ccb19ba6\,0:-1,2016-12-16 15:05:36-763,2016-12-16 15:05:36-874
Success : CREATE_FILE : test2\a94a8fe5ccb19ba6\51E09F682ECFD4F7,0:2449691,2016-12-16 15:05:36-874,2016-12-16 15:05:38-653
Success : SEQ_READ : test1\c5a5e5562b038073\c7734a16bf12bb03,0:364726,2016-12-16 15:05:38-653,2016-12-16 15:05:38-954
Success : SEQ_READ : test1\c5a5e5562b038073\68ad3077ff5a452a,0:383,2016-12-16 15:05:38-954,2016-12-16 15:05:39-184
Success : LS : test2\a94a8fe5ccb19ba6\,0:-1,2016-12-16 15:05:39-184,2016-12-16 15:05:39-277
Success : CREATE_FILE : test2\a94a8fe5ccb19ba6\6626B18C185D3C82,0:2767860,2016-12-16 15:05:39-278,2016-12-16 15:05:41-347
Success : LS : test2\a94a8fe5ccb19ba6\,0:-1,2016-12-16 15:05:41-347,2016-12-16 15:05:41-472
Success : CREATE_FILE : test2\a94a8fe5ccb19ba6\2a5bd02710e975a7\209FF7DD0F612E6D,0:2292395,2016-12-16 15:05:41-473,2016-12-16 15:05:43-073
Success : LS : test2\a94a8fe5ccb19ba6\2a5bd02710e975a7\,0:-1,2016-12-16 15:05:43-073,2016-12-16 15:05:43-182
Success : CREATE_FILE : test2\a94a8fe5ccb19ba6\2a5bd02710e975a7\3DCDBD8224F06C02,0:2497019,2016-12-16 15:05:43-183,2016-12-16 15:05:44-974
Success : LS : test2\a94a8fe5ccb19ba6\2a5bd02710e975a7\,0:-1,2016-12-16 15:05:44-975,2016-12-16 15:05:45-094
Success : CREATE_FILE : test2\a94a8fe5ccb19ba6\16475835161694C7,0:2250853,2016-12-16 15:05:45-094,2016-12-16 15:05:47-372
Success : SEQ_READ : test1\c5a5e5562b038073\a39ea9c72a98de10\4a90c52e52d54ede,0:1048,2016-12-16 15:05:47-372,2016-12-16 15:05:47-663
Success : LS : test2\a94a8fe5ccb19ba6\,0:-1,2016-12-16 15:05:47-663,2016-12-16 15:05:47-740
Success : CREATE_FILE : test2\a94a8fe5ccb19ba6\2a5bd02710e975a7\6719D2F36829A5ED,0:2129412,2016-12-16 15:05:47-741,2016-12-16 15:05:49-225
Success : SEQ_READ : test1\c5a5e5562b038073\0189424a5a60fed3\46a8219c2ae6c782,0:1544228,2016-12-16 15:05:49-226,2016-12-16 15:05:49-466
Success : SEQ_READ : test2\1a7683b6645f9b6a,0:14529,2016-12-16 15:05:49-467,2016-12-16 15:05:49-702
Success : LS : test2\a94a8fe5ccb19ba6\2a5bd02710e975a7\,0:-1,2016-12-16 15:05:49-702,2016-12-16 15:05:49-781
Success : CREATE_FILE : test2\a94a8fe5ccb19ba6\4B0A2ECB73EC951B,0:1729976,2016-12-16 15:05:49-782,2016-12-16 15:05:50-842
Success : SEQ_READ : test1\c5a5e5562b038073\05d1f0ed74e78555,0:69632,2016-12-16 15:05:50-842,2016-12-16 15:05:51-117
Success : LS : test2\a94a8fe5ccb19ba6\,0:-1,2016-12-16 15:05:51-118,2016-12-16 15:05:51-195
Success : CREATE_FILE : test2\a94a8fe5ccb19ba6\2a5bd02710e975a7\46C03D5A17E08A68,0:3167400,2016-12-16 15:05:51-252,2016-12-16 15:05:53-793
Success : SEQ_READ : test1\c5a5e5562b038073\2015a7ab48ae9a58,0:28672,2016-12-16 15:05:53-793,2016-12-16 15:05:54-115
Success : LS : test2\a94a8fe5ccb19ba6\2a5bd02710e975a7\,0:-1,2016-12-16 15:05:54-115,2016-12-16 15:05:54-226
Success : CREATE_FILE : test2\a94a8fe5ccb19ba6\2a5bd02710e975a7\1773912940D7987A,0:605465,2016-12-16 15:05:56-946,2016-12-16 15:05:57-285
Success : LS : test2\a94a8fe5ccb19ba6\2a5bd02710e975a7\,0:-1,2016-12-16 15:05:57-285,2016-12-16 15:05:57-369
Success : SEQ_READ : test1\c5a5e5562b038073\0189424a5a60fed3\46a8219c2ae6c782,0:1544228,2016-12-16 15:05:59-559,2016-12-16 15:05:59-902
Success : CREATE_FILE : test2\a94a8fe5ccb19ba6\5DC4F888291E9E9F,0:1071226,2016-12-16 15:06:00-034,2016-12-16 15:06:00-392
Success : LS : test2\a94a8fe5ccb19ba6\,0:-1,2016-12-16 15:06:00-392,2016-12-16 15:06:00-480
Success : SEQ_READ : test2\8da7cc13802eefe0,0:22987191,2016-12-16 15:06:01-804,2016-12-16 15:06:02-145
Success : CREATE_FILE : test2\a94a8fe5ccb19ba6\2a5bd02710e975a7\204EB80B38CC5CC1,0:3327686,2016-12-16 15:06:03-359,2016-12-16 15:06:06-021
Success : SEQ_READ : test1\f71b43c3136efa4f\c7d9912886e5ccc7\6670af231c096f09,0:129,2016-12-16 15:06:06-021,2016-12-16 15:06:06-304
Success : LS : test2\a94a8fe5ccb19ba6\2a5bd02710e975a7\,0:-1,2016-12-16 15:06:06-304,2016-12-16 15:06:06-396
Success : SEQ_READ : test1\c5a5e5562b038073\a39ea9c72a98de10\4a90c52e52d54ede,0:1048,2016-12-16 15:06:06-396,2016-12-16 15:06:06-642
Success : CREATE_FILE : test2\a94a8fe5ccb19ba6\2a5bd02710e975a7\1652214917DB721A,0:2364409,2016-12-16 15:06:06-642,2016-12-16 15:06:08-437
Success : SEQ_READ : test1\c5a5e5562b038073\a39ea9c72a98de10\aa61f113a9b13deb,0:438,2016-12-16 15:06:08-438,2016-12-16 15:06:08-788
Success : LS : test2\a94a8fe5ccb19ba6\2a5bd02710e975a7\,0:-1,2016-12-16 15:06:08-788,2016-12-16 15:06:08-916
Success : CREATE_FILE : test2\a94a8fe5ccb19ba6\2a5bd02710e975a7\0E8B6DBB1030A2E1,0:764738,2016-12-16 15:06:08-917,2016-12-16 15:06:09-223
Success : LS : test2\a94a8fe5ccb19ba6\2a5bd02710e975a7\,0:-1,2016-12-16 15:06:09-223,2016-12-16 15:06:09-304
Success : SEQ_READ : test1\c5a5e5562b038073\738537f9a40e568b,0:17984,2016-12-16 15:06:09-676,2016-12-16 15:06:09-995
Success : CREATE_FILE : test2\a94a8fe5ccb19ba6\1B49589E4CBBF3BC,0:1300040,2016-12-16 15:06:09-996,2016-12-16 15:06:10-719
Success : LS : test2\a94a8fe5ccb19ba6\,0:-1,2016-12-16 15:06:10-719,2016-12-16 15:06:10-820
Success : CREATE_FILE : test2\a94a8fe5ccb19ba6\717FF5DE25FC2FB3,0:3314923,2016-12-16 15:06:10-820,2016-12-16 15:06:13-524
Success : SEQ_READ : test1\c5a5e5562b038073\767c14c8beb1e835,0:3818496,2016-12-16 15:06:13-524,2016-12-16 15:06:13-782
Success : LS : test2\a94a8fe5ccb19ba6\,0:-1,2016-12-16 15:06:13-782,2016-12-16 15:06:13-870
Success : CREATE_FILE : test2\a94a8fe5ccb19ba6\67C9CA5345DE51C9,0:4089741,2016-12-16 15:06:13-870,2016-12-16 15:06:17-437
Success : SEQ_READ : test2\a94a8fe5ccb19ba6\2a5bd02710e975a7\254d76d2609fec03,0:2291,2016-12-16 15:06:17-437,2016-12-16 15:06:17-768
Success : LS : test2\a94a8fe5ccb19ba6\,0:-1,2016-12-16 15:06:17-768,2016-12-16 15:06:17-890
Success : CREATE_FILE : test2\a94a8fe5ccb19ba6\475735837EFD5EF9,0:603876,2016-12-16 15:06:17-891,2016-12-16 15:06:18-285
Success : LS : test2\a94a8fe5ccb19ba6\,0:-1,2016-12-16 15:06:18-285,2016-12-16 15:06:18-390
Success : CREATE_FILE : test2\a94a8fe5ccb19ba6\2a5bd02710e975a7\4F236D8A4C373A24,0:2726106,2016-12-16 15:06:18-390,2016-12-16 15:06:20-532
Success : SEQ_READ : test1\c5a5e5562b038073\738537f9a40e568b,0:17984,2016-12-16 15:06:20-533,2016-12-16 15:06:20-910
Success : LS : test2\a94a8fe5ccb19ba6\2a5bd02710e975a7\,0:-1,2016-12-16 15:06:20-910,2016-12-16 15:06:20-995
Success : CREATE_FILE : test2\a94a8fe5ccb19ba6\4A53B84228DC372A,0:3157474,2016-12-16 15:06:22-196,2016-12-16 15:06:24-701
Success : SEQ_READ : test1\c5a5e5562b038073\0189424a5a60fed3\feb6a1968982109d,0:20126138,2016-12-16 15:06:24-702,2016-12-16 15:06:24-979
Success : LS : test2\a94a8fe5ccb19ba6\,0:-1,2016-12-16 15:06:24-979,2016-12-16 15:06:25-062
Success : CREATE_FILE : test2\a94a8fe5ccb19ba6\70C603EB5BC5C6B9,0:1620149,2016-12-16 15:06:25-062,2016-12-16 15:06:26-000
Success : LS : test2\a94a8fe5ccb19ba6\,0:-1,2016-12-16 15:06:26-000,2016-12-16 15:06:26-105
Success : CREATE_FILE : test2\a94a8fe5ccb19ba6\2a5bd02710e975a7\3E86554272689861,0:683406,2016-12-16 15:06:26-105,2016-12-16 15:06:26-391
Success : LS : test2\a94a8fe5ccb19ba6\2a5bd02710e975a7\,0:-1,2016-12-16 15:06:26-391,2016-12-16 15:06:26-477
Success : CREATE_FILE : test2\a94a8fe5ccb19ba6\6A45485813D5999E,0:2321771,2016-12-16 15:06:26-477,2016-12-16 15:06:28-135
Success : SEQ_READ : test2\49f03965cf98b1f5,0:1634,2016-12-16 15:06:28-136,2016-12-16 15:06:28-403
Success : LS : test2\a94a8fe5ccb19ba6\,0:-1,2016-12-16 15:06:28-403,2016-12-16 15:06:28-481
Success : CREATE_FILE : test2\a94a8fe5ccb19ba6\45E04E7D758FEB16,0:3138500,2016-12-16 15:06:28-604,2016-12-16 15:06:31-047
Success : SEQ_READ : test1\c5a5e5562b038073\738537f9a40e568b,0:17984,2016-12-16 15:06:31-047,2016-12-16 15:06:31-321
Success : LS : test2\a94a8fe5ccb19ba6\,0:-1,2016-12-16 15:06:31-321,2016-12-16 15:06:31-433
Success : CREATE_FILE : test2\a94a8fe5ccb19ba6\62457CDD3F066A71,0:3879753,2016-12-16 15:06:33-032,2016-12-16 15:06:36-251
Success : LS : test2\a94a8fe5ccb19ba6\,0:-1,2016-12-16 15:06:36-251,2016-12-16 15:06:36-372
Success : CREATE_FILE : test2\a94a8fe5ccb19ba6\2a5bd02710e975a7\4038773949B9AF4D,0:2380919,2016-12-16 15:06:36-372,2016-12-16 15:06:38-105
Success : LS : test2\a94a8fe5ccb19ba6\2a5bd02710e975a7\,0:-1,2016-12-16 15:06:38-105,2016-12-16 15:06:38-225
Success : CREATE_FILE : test2\a94a8fe5ccb19ba6\00B34C2F0D8D1199,0:3401534,2016-12-16 15:06:38-225,2016-12-16 15:06:40-957
Success : SEQ_READ : test2\1a7683b6645f9b6a,0:14529,2016-12-16 15:06:40-957,2016-12-16 15:06:41-246
Success : LS : test2\a94a8fe5ccb19ba6\,0:-1,2016-12-16 15:06:41-246,2016-12-16 15:06:41-334
Success : CREATE_FILE : test2\a94a8fe5ccb19ba6\108621A661B1003E,0:1236972,2016-12-16 15:06:41-334,2016-12-16 15:06:41-923
Success : SEQ_READ : test1\c5a5e5562b038073\a39ea9c72a98de10\f398de59988a85e5,0:6743,2016-12-16 15:06:41-924,2016-12-16 15:06:42-194
Success : LS : test2\a94a8fe5ccb19ba6\,0:-1,2016-12-16 15:06:42-194,2016-12-16 15:06:42-270
Success : CREATE_FILE : test2\a94a8fe5ccb19ba6\08933D78178ADE49,0:224004,2016-12-16 15:06:42-270,2016-12-16 15:06:42-570
Success : LS : test2\a94a8fe5ccb19ba6\,0:-1,2016-12-16 15:06:42-571,2016-12-16 15:06:42-666
Success : SEQ_READ : test2\8da7cc13802eefe0,0:22987191,2016-12-16 15:06:42-978,2016-12-16 15:06:43-280
Success : CREATE_FILE : test2\a94a8fe5ccb19ba6\301C75137D8FD20C,0:1967548,2016-12-16 15:06:43-280,2016-12-16 15:06:44-561
Success : LS : test2\a94a8fe5ccb19ba6\,0:-1,2016-12-16 15:06:44-561,2016-12-16 15:06:44-663
Success : CREATE_FILE : test2\a94a8fe5ccb19ba6\5381FB6A70C1AA67,0:3037575,2016-12-16 15:06:44-663,2016-12-16 15:06:47-102
Success : SEQ_READ : test2\a94a8fe5ccb19ba6\2a5bd02710e975a7\3eef580036f1724a,0:257,2016-12-16 15:06:47-102,2016-12-16 15:06:47-345
Success : SEQ_READ : test1\c5a5e5562b038073\f72cdbcd84f047a5,0:17893,2016-12-16 15:06:47-345,2016-12-16 15:06:47-579
Success : LS : test2\a94a8fe5ccb19ba6\,0:-1,2016-12-16 15:06:47-579,2016-12-16 15:06:47-683
Success : CREATE_FILE : test2\a94a8fe5ccb19ba6\77D49F2267DD09D7,0:3329721,2016-12-16 15:06:47-683,2016-12-16 15:06:50-467
Success : LS : test2\a94a8fe5ccb19ba6\,0:-1,2016-12-16 15:06:50-467,2016-12-16 15:06:50-593
Success : CREATE_FILE : test2\a94a8fe5ccb19ba6\2a5bd02710e975a7\634BAAF93FA5A167,0:54601,2016-12-16 15:06:50-593,2016-12-16 15:06:50-849
Success : LS : test2\a94a8fe5ccb19ba6\2a5bd02710e975a7\,0:-1,2016-12-16 15:06:50-849,2016-12-16 15:06:50-958
Success : CREATE_FILE : test2\a94a8fe5ccb19ba6\57C19C3F00155AF4,0:3127237,2016-12-16 15:06:50-959,2016-12-16 15:06:53-439
Success : LS : test2\a94a8fe5ccb19ba6\,0:-1,2016-12-16 15:06:53-439,2016-12-16 15:06:53-565
Success : CREATE_FILE : test2\a94a8fe5ccb19ba6\085000B532944D9D,0:4059048,2016-12-16 15:06:53-566,2016-12-16 15:06:57-016
Success : LS : test2\a94a8fe5ccb19ba6\,0:-1,2016-12-16 15:06:57-016,2016-12-16 15:06:57-120
Success : CREATE_FILE : test2\a94a8fe5ccb19ba6\2a5bd02710e975a7\29FA0D097410ADF6,0:348934,2016-12-16 15:06:57-121,2016-12-16 15:06:57-462
Success : SEQ_READ : test2\bc9c8ba7ff351f3e,0:217984,2016-12-16 15:06:57-462,2016-12-16 15:06:57-713
Success : LS : test2\a94a8fe5ccb19ba6\2a5bd02710e975a7\,0:-1,2016-12-16 15:06:57-713,2016-12-16 15:06:57-788
Success : CREATE_FILE : test2\a94a8fe5ccb19ba6\098F924E0DC75D04,0:4005240,2016-12-16 15:06:57-788,2016-12-16 15:07:01-120
Success : LS : test2\a94a8fe5ccb19ba6\,0:-1,2016-12-16 15:07:01-120,2016-12-16 15:07:01-210
Success : CREATE_FILE : test2\a94a8fe5ccb19ba6\5F273EA52EB1D207,0:3711821,2016-12-16 15:07:01-211,2016-12-16 15:07:04-304
Success : SEQ_READ : test2\49f03965cf98b1f5,0:1634,2016-12-16 15:07:04-305,2016-12-16 15:07:04-524
Success : LS : test2\a94a8fe5ccb19ba6\,0:-1,2016-12-16 15:07:04-524,2016-12-16 15:07:04-599
Success : CREATE_FILE : test2\a94a8fe5ccb19ba6\2a5bd02710e975a7\125118386E2B3470,0:697280,2016-12-16 15:07:04-599,2016-12-16 15:07:05-026
Success : SEQ_READ : test1\c5a5e5562b038073\68ad3077ff5a452a,0:383,2016-12-16 15:07:05-026,2016-12-16 15:07:05-315
Success : LS : test2\a94a8fe5ccb19ba6\2a5bd02710e975a7\,0:-1,2016-12-16 15:07:05-315,2016-12-16 15:07:05-390
Success : CREATE_FILE : test2\a94a8fe5ccb19ba6\69003F681B85DB5E,0:418547,2016-12-16 15:07:08-393,2016-12-16 15:07:08-694
Success : LS : test2\a94a8fe5ccb19ba6\,0:-1,2016-12-16 15:07:08-694,2016-12-16 15:07:08-798
Success : SEQ_READ : test1\c5a5e5562b038073\0189424a5a60fed3\feb6a1968982109d,0:20126138,2016-12-16 15:07:11-907,2016-12-16 15:07:12-182
Success : SEQ_READ : test1\c5a5e5562b038073\a39ea9c72a98de10\f398de59988a85e5,0:6743,2016-12-16 15:07:12-182,2016-12-16 15:07:12-455
Success : SEQ_READ : test2\1a7683b6645f9b6a,0:14529,2016-12-16 15:07:14-980,2016-12-16 15:07:15-261
Success : CREATE_FILE : test2\a94a8fe5ccb19ba6\3FC189182E0451D1,0:605562,2016-12-16 15:07:16-727,2016-12-16 15:07:17-081
Success : LS : test2\a94a8fe5ccb19ba6\,0:-1,2016-12-16 15:07:17-081,2016-12-16 15:07:17-196
Success : CREATE_FILE : test2\a94a8fe5ccb19ba6\2a5bd02710e975a7\7546A5C152BF24C5,0:3849941,2016-12-16 15:07:17-374,2016-12-16 15:07:20-679
Success : LS : test2\a94a8fe5ccb19ba6\2a5bd02710e975a7\,0:-1,2016-12-16 15:07:20-680,2016-12-16 15:07:20-760
Success : CREATE_FILE : test2\a94a8fe5ccb19ba6\5B48385C1F6699ED,0:2363503,2016-12-16 15:07:20-761,2016-12-16 15:07:22-445
Success : LS : test2\a94a8fe5ccb19ba6\,0:-1,2016-12-16 15:07:22-445,2016-12-16 15:07:22-552
Success : CREATE_FILE : test2\a94a8fe5ccb19ba6\2a5bd02710e975a7\72CF47C6184EC7B5,0:1425477,2016-12-16 15:07:22-553,2016-12-16 15:07:23-304
Success : SEQ_READ : test2\6c33a983eec1b409,0:2291,2016-12-16 15:07:23-304,2016-12-16 15:07:23-619
Success : LS : test2\a94a8fe5ccb19ba6\2a5bd02710e975a7\,0:-1,2016-12-16 15:07:23-619,2016-12-16 15:07:23-725
Success : CREATE_FILE : test2\a94a8fe5ccb19ba6\2a5bd02710e975a7\4BC63EA70B0CC5C4,0:646944,2016-12-16 15:07:23-726,2016-12-16 15:07:24-005
Success : SEQ_READ : test1\c5a5e5562b038073\2015a7ab48ae9a58,0:28672,2016-12-16 15:07:24-005,2016-12-16 15:07:24-292
Success : LS : test2\a94a8fe5ccb19ba6\2a5bd02710e975a7\,0:-1,2016-12-16 15:07:24-292,2016-12-16 15:07:24-384
Success : CREATE_FILE : test2\a94a8fe5ccb19ba6\311FDB5E6CA97C77,0:486898,2016-12-16 15:07:24-384,2016-12-16 15:07:24-731
Success : LS : test2\a94a8fe5ccb19ba6\,0:-1,2016-12-16 15:07:24-731,2016-12-16 15:07:24-828
Success : CREATE_FILE : test2\a94a8fe5ccb19ba6\1926B6A01976D52D,0:3527897,2016-12-16 15:07:24-938,2016-12-16 15:07:27-807
Success : LS : test2\a94a8fe5ccb19ba6\,0:-1,2016-12-16 15:07:27-807,2016-12-16 15:07:27-908
Success : CREATE_FILE : test2\a94a8fe5ccb19ba6\2a5bd02710e975a7\053D65992F95E674,0:712529,2016-12-16 15:07:27-909,2016-12-16 15:07:28-209
Success : LS : test2\a94a8fe5ccb19ba6\2a5bd02710e975a7\,0:-1,2016-12-16 15:07:28-209,2016-12-16 15:07:28-315
Success : CREATE_FILE : test2\a94a8fe5ccb19ba6\2a5bd02710e975a7\2E52201740B65118,0:2967809,2016-12-16 15:07:28-686,2016-12-16 15:07:30-950
Success : LS : test2\a94a8fe5ccb19ba6\2a5bd02710e975a7\,0:-1,2016-12-16 15:07:30-950,2016-12-16 15:07:31-053
Success : CREATE_FILE : test2\a94a8fe5ccb19ba6\2a5bd02710e975a7\2F08D151212A6832,0:532454,2016-12-16 15:07:31-054,2016-12-16 15:07:31-335
Success : LS : test2\a94a8fe5ccb19ba6\2a5bd02710e975a7\,0:-1,2016-12-16 15:07:31-336,2016-12-16 15:07:31-412
Success : SEQ_READ : test1\c5a5e5562b038073\738537f9a40e568b,0:17984,2016-12-16 15:07:33-114,2016-12-16 15:07:33-426
Success : CREATE_FILE : test2\a94a8fe5ccb19ba6\2a5bd02710e975a7\469D399D52B67749,0:962410,2016-12-16 15:07:33-426,2016-12-16 15:07:33-790
Success : LS : test2\a94a8fe5ccb19ba6\2a5bd02710e975a7\,0:-1,2016-12-16 15:07:33-790,2016-12-16 15:07:33-895
Success : CREATE_FILE : test2\a94a8fe5ccb19ba6\5F4A967726C4BB37,0:681051,2016-12-16 15:07:33-895,2016-12-16 15:07:34-177
Success : LS : test2\a94a8fe5ccb19ba6\,0:-1,2016-12-16 15:07:34-177,2016-12-16 15:07:34-264
Success : CREATE_FILE : test2\a94a8fe5ccb19ba6\1E2B16624ACF1EC9,0:2609683,2016-12-16 15:07:38-098,2016-12-16 15:07:40-285
Success : LS : test2\a94a8fe5ccb19ba6\,0:-1,2016-12-16 15:07:40-285,2016-12-16 15:07:40-368
Success : CREATE_FILE : test2\a94a8fe5ccb19ba6\5DE609B76F022ACA,0:2211412,2016-12-16 15:07:40-368,2016-12-16 15:07:42-135
Success : LS : test2\a94a8fe5ccb19ba6\,0:-1,2016-12-16 15:07:42-136,2016-12-16 15:07:42-263
Success : CREATE_FILE : test2\a94a8fe5ccb19ba6\371BE7383215EBE4,0:2427958,2016-12-16 15:07:42-263,2016-12-16 15:07:44-052
Success : SEQ_READ : test2\a94a8fe5ccb19ba6\2a5bd02710e975a7\178db47a574c645f,0:257,2016-12-16 15:07:44-052,2016-12-16 15:07:44-317
Success : SEQ_READ : test2\6c33a983eec1b409,0:2291,2016-12-16 15:07:44-317,2016-12-16 15:07:44-571
Success : LS : test2\a94a8fe5ccb19ba6\,0:-1,2016-12-16 15:07:44-571,2016-12-16 15:07:44-681
Success : SEQ_READ : test2\1a7683b6645f9b6a,0:14529,2016-12-16 15:07:45-050,2016-12-16 15:07:45-369
Success : CREATE_FILE : test2\a94a8fe5ccb19ba6\63029E3324334FCA,0:3817344,2016-12-16 15:07:45-594,2016-12-16 15:07:48-825
Success : LS : test2\a94a8fe5ccb19ba6\,0:-1,2016-12-16 15:07:48-825,2016-12-16 15:07:48-921
Success : CREATE_FILE : test2\a94a8fe5ccb19ba6\2CE43DE90CD1E397,0:3254268,2016-12-16 15:07:48-921,2016-12-16 15:07:51-593
Success : LS : test2\a94a8fe5ccb19ba6\,0:-1,2016-12-16 15:07:51-593,2016-12-16 15:07:51-706
Success : CREATE_FILE : test2\a94a8fe5ccb19ba6\2a5bd02710e975a7\0D9A9AE628ABC9D4,0:1665862,2016-12-16 15:07:51-707,2016-12-16 15:07:52-697
Success : LS : test2\a94a8fe5ccb19ba6\2a5bd02710e975a7\,0:-1,2016-12-16 15:07:52-697,2016-12-16 15:07:52-814
Success : CREATE_FILE : test2\a94a8fe5ccb19ba6\2a5bd02710e975a7\0D59B14249AC6112,0:1539268,2016-12-16 15:07:52-815,2016-12-16 15:07:53-704
Success : LS : test2\a94a8fe5ccb19ba6\2a5bd02710e975a7\,0:-1,2016-12-16 15:07:53-704,2016-12-16 15:07:53-805
Success : CREATE_FILE : test2\a94a8fe5ccb19ba6\2a5bd02710e975a7\078F5CDC1F0FF0FE,0:1948461,2016-12-16 15:07:53-806,2016-12-16 15:07:55-091
Success : LS : test2\a94a8fe5ccb19ba6\2a5bd02710e975a7\,0:-1,2016-12-16 15:07:55-091,2016-12-16 15:07:55-195
Success : CREATE_FILE : test2\a94a8fe5ccb19ba6\2a5bd02710e975a7\71F8BC9D21C50A5D,0:3354603,2016-12-16 15:07:55-195,2016-12-16 15:07:57-828
Success : LS : test2\a94a8fe5ccb19ba6\2a5bd02710e975a7\,0:-1,2016-12-16 15:07:57-828,2016-12-16 15:07:57-938
Success : CREATE_FILE : test2\a94a8fe5ccb19ba6\2a5bd02710e975a7\4205E9C50916C845,0:757454,2016-12-16 15:07:57-939,2016-12-16 15:07:58-286
Success : LS : test2\a94a8fe5ccb19ba6\2a5bd02710e975a7\,0:-1,2016-12-16 15:07:58-286,2016-12-16 15:07:58-366
Success : CREATE_FILE : test2\a94a8fe5ccb19ba6\2a5bd02710e975a7\246D75070EEF361D,0:1425457,2016-12-16 15:07:58-366,2016-12-16 15:07:59-103
Success : LS : test2\a94a8fe5ccb19ba6\2a5bd02710e975a7\,0:-1,2016-12-16 15:07:59-103,2016-12-16 15:07:59-222
Success : CREATE_FILE : test2\a94a8fe5ccb19ba6\1FAFE4934587B5C3,0:1242356,2016-12-16 15:07:59-222,2016-12-16 15:07:59-826
Success : LS : test2\a94a8fe5ccb19ba6\,0:-1,2016-12-16 15:07:59-826,2016-12-16 15:07:59-942
Success : CREATE_FILE : test2\a94a8fe5ccb19ba6\2a5bd02710e975a7\301BFB1A63907EDB,0:2225797,2016-12-16 15:07:59-942,2016-12-16 15:08:01-463
Success : LS : test2\a94a8fe5ccb19ba6\2a5bd02710e975a7\,0:-1,2016-12-16 15:08:01-463,2016-12-16 15:08:01-548
Success : CREATE_FILE : test2\a94a8fe5ccb19ba6\217EC3070BF4E0F0,0:3589656,2016-12-16 15:08:01-548,2016-12-16 15:08:04-473
Success : LS : test2\a94a8fe5ccb19ba6\,0:-1,2016-12-16 15:08:04-473,2016-12-16 15:08:04-566
Success : CREATE_FILE : test2\a94a8fe5ccb19ba6\2a5bd02710e975a7\32FB43AE6B49531B,0:2520889,2016-12-16 15:08:04-567,2016-12-16 15:08:06-483
Success : LS : test2\a94a8fe5ccb19ba6\2a5bd02710e975a7\,0:-1,2016-12-16 15:08:06-483,2016-12-16 15:08:06-587
Success : CREATE_FILE : test2\a94a8fe5ccb19ba6\6F30F33F6B25CE79,0:2037877,2016-12-16 15:08:06-587,2016-12-16 15:08:07-869
Success : LS : test2\a94a8fe5ccb19ba6\,0:-1,2016-12-16 15:08:07-869,2016-12-16 15:08:07-987
Success : CREATE_FILE : test2\a94a8fe5ccb19ba6\2a5bd02710e975a7\177328FF5D1E7E53,0:3499676,2016-12-16 15:08:07-988,2016-12-16 15:08:10-747
Success : SEQ_READ : test1\c5a5e5562b038073\b0c5d70d7f040bfa,0:17408,2016-12-16 15:08:10-747,2016-12-16 15:08:11-017
Success : LS : test2\a94a8fe5ccb19ba6\2a5bd02710e975a7\,0:-1,2016-12-16 15:08:11-017,2016-12-16 15:08:11-091
Success : CREATE_FILE : test2\a94a8fe5ccb19ba6\643570C11FE19E76,0:3539622,2016-12-16 15:08:11-092,2016-12-16 15:08:14-008
Success : LS : test2\a94a8fe5ccb19ba6\,0:-1,2016-12-16 15:08:14-008,2016-12-16 15:08:14-132
Success : CREATE_FILE : test2\a94a8fe5ccb19ba6\2a5bd02710e975a7\585B98C16DE37E85,0:3743399,2016-12-16 15:08:14-132,2016-12-16 15:08:17-231
Success : LS : test2\a94a8fe5ccb19ba6\2a5bd02710e975a7\,0:-1,2016-12-16 15:08:17-231,2016-12-16 15:08:17-352
Success : CREATE_FILE : test2\a94a8fe5ccb19ba6\075BA4E75ACE1605,0:2440048,2016-12-16 15:08:17-352,2016-12-16 15:08:19-142
Success : LS : test2\a94a8fe5ccb19ba6\,0:-1,2016-12-16 15:08:19-142,2016-12-16 15:08:19-254
Success : CREATE_FILE : test2\a94a8fe5ccb19ba6\2a5bd02710e975a7\382591697F5858A7,0:471515,2016-12-16 15:08:19-254,2016-12-16 15:08:19-527
Success : SEQ_READ : test2\a94a8fe5ccb19ba6\4b6fcb2d521ef0fd,0:2291,2016-12-16 15:08:19-527,2016-12-16 15:08:19-775
Success : SEQ_READ : test1\c5a5e5562b038073\a39ea9c72a98de10\f398de59988a85e5,0:6743,2016-12-16 15:08:19-775,2016-12-16 15:08:20-005
Success : LS : test2\a94a8fe5ccb19ba6\2a5bd02710e975a7\,0:-1,2016-12-16 15:08:20-005,2016-12-16 15:08:20-080
Success : CREATE_FILE : test2\a94a8fe5ccb19ba6\3746BBB1051F37AC,0:1105840,2016-12-16 15:08:20-080,2016-12-16 15:08:20-502
Success : LS : test2\a94a8fe5ccb19ba6\,0:-1,2016-12-16 15:08:20-502,2016-12-16 15:08:20-581
Success : CREATE_FILE : test2\a94a8fe5ccb19ba6\765A857B25C60F72,0:2633367,2016-12-16 15:08:20-582,2016-12-16 15:08:22-507
Success : LS : test2\a94a8fe5ccb19ba6\,0:-1,2016-12-16 15:08:22-507,2016-12-16 15:08:22-621
Success : CREATE_FILE : test2\a94a8fe5ccb19ba6\2a5bd02710e975a7\771D627E139689AE,0:1910678,2016-12-16 15:08:22-621,2016-12-16 15:08:23-853
Success : LS : test2\a94a8fe5ccb19ba6\2a5bd02710e975a7\,0:-1,2016-12-16 15:08:23-853,2016-12-16 15:08:23-969
Success : CREATE_FILE : test2\a94a8fe5ccb19ba6\15C5A87D5F66640F,0:520177,2016-12-16 15:08:23-969,2016-12-16 15:08:24-279
Success : LS : test2\a94a8fe5ccb19ba6\,0:-1,2016-12-16 15:08:24-279,2016-12-16 15:08:24-362
Success : CREATE_FILE : test2\a94a8fe5ccb19ba6\2a5bd02710e975a7\261D09DD71005437,0:3876582,2016-12-16 15:08:24-363,2016-12-16 15:08:27-589
Success : LS : test2\a94a8fe5ccb19ba6\2a5bd02710e975a7\,0:-1,2016-12-16 15:08:27-589,2016-12-16 15:08:27-712
Success : CREATE_FILE : test2\a94a8fe5ccb19ba6\2a5bd02710e975a7\3FAB24AE6477AAEB,0:1246965,2016-12-16 15:08:27-712,2016-12-16 15:08:28-262
Success : LS : test2\a94a8fe5ccb19ba6\2a5bd02710e975a7\,0:-1,2016-12-16 15:08:28-262,2016-12-16 15:08:28-349
Success : CREATE_FILE : test2\a94a8fe5ccb19ba6\3C3C5A2E2E819105,0:997626,2016-12-16 15:08:28-349,2016-12-16 15:08:28-646
Success : LS : test2\a94a8fe5ccb19ba6\,0:-1,2016-12-16 15:08:28-646,2016-12-16 15:08:28-749
Success : CREATE_FILE : test2\a94a8fe5ccb19ba6\2a5bd02710e975a7\0500026C5572BE75,0:1451100,2016-12-16 15:08:29-591,2016-12-16 15:08:30-425
Success : LS : test2\a94a8fe5ccb19ba6\2a5bd02710e975a7\,0:-1,2016-12-16 15:08:30-425,2016-12-16 15:08:30-541
Success : CREATE_FILE : test2\a94a8fe5ccb19ba6\5AE864D200E12527,0:399718,2016-12-16 15:08:30-541,2016-12-16 15:08:30-809
Success : LS : test2\a94a8fe5ccb19ba6\,0:-1,2016-12-16 15:08:30-809,2016-12-16 15:08:30-892
Success : CREATE_FILE : test2\a94a8fe5ccb19ba6\2a5bd02710e975a7\579ACBA109F4A8BE,0:2610546,2016-12-16 15:08:33-104,2016-12-16 15:08:35-172
Success : LS : test2\a94a8fe5ccb19ba6\2a5bd02710e975a7\,0:-1,2016-12-16 15:08:35-172,2016-12-16 15:08:35-271
Success : CREATE_FILE : test2\a94a8fe5ccb19ba6\2a5bd02710e975a7\3F30170807D2DEAB,0:3677500,2016-12-16 15:08:35-271,2016-12-16 15:08:38-232
Success : LS : test2\a94a8fe5ccb19ba6\2a5bd02710e975a7\,0:-1,2016-12-16 15:08:38-232,2016-12-16 15:08:38-327
Success : CREATE_FILE : test2\a94a8fe5ccb19ba6\2a5bd02710e975a7\7EF351BE6DB6C305,0:1989514,2016-12-16 15:08:38-327,2016-12-16 15:08:39-668
Success : LS : test2\a94a8fe5ccb19ba6\2a5bd02710e975a7\,0:-1,2016-12-16 15:08:39-668,2016-12-16 15:08:39-762
Success : CREATE_FILE : test2\a94a8fe5ccb19ba6\2a5bd02710e975a7\5A0549EC3A0362E0,0:1306271,2016-12-16 15:08:39-762,2016-12-16 15:08:40-417
Success : LS : test2\a94a8fe5ccb19ba6\2a5bd02710e975a7\,0:-1,2016-12-16 15:08:40-417,2016-12-16 15:08:40-496
Success : CREATE_FILE : test2\a94a8fe5ccb19ba6\1B1B5CFD2298C4F1,0:3908145,2016-12-16 15:08:40-496,2016-12-16 15:08:43-704
Success : LS : test2\a94a8fe5ccb19ba6\,0:-1,2016-12-16 15:08:43-704,2016-12-16 15:08:43-790
Success : CREATE_FILE : test2\a94a8fe5ccb19ba6\6E64D98F0CB8E429,0:1396446,2016-12-16 15:08:43-791,2016-12-16 15:08:44-507
Success : LS : test2\a94a8fe5ccb19ba6\,0:-1,2016-12-16 15:08:44-507,2016-12-16 15:08:44-612
Success : CREATE_FILE : test2\a94a8fe5ccb19ba6\3FA2DBDB2A9C2B63,0:748880,2016-12-16 15:08:44-612,2016-12-16 15:08:44-896
Success : LS : test2\a94a8fe5ccb19ba6\,0:-1,2016-12-16 15:08:44-897,2016-12-16 15:08:45-001
Success : CREATE_FILE : test2\a94a8fe5ccb19ba6\70283C5648582678,0:2298462,2016-12-16 15:08:45-001,2016-12-16 15:08:46-597
Success : LS : test2\a94a8fe5ccb19ba6\,0:-1,2016-12-16 15:08:46-597,2016-12-16 15:08:46-676
Success : CREATE_FILE : test2\a94a8fe5ccb19ba6\3B0F243C691C453E,0:2931085,2016-12-16 15:08:46-967,2016-12-16 15:08:49-275
Success : LS : test2\a94a8fe5ccb19ba6\,0:-1,2016-12-16 15:08:49-275,2016-12-16 15:08:49-396
Success : CREATE_FILE : test2\a94a8fe5ccb19ba6\2a5bd02710e975a7\43D3F4BA4F9A26BD,0:1520854,2016-12-16 15:08:49-396,2016-12-16 15:08:50-234
Success : LS : test2\a94a8fe5ccb19ba6\2a5bd02710e975a7\,0:-1,2016-12-16 15:08:50-235,2016-12-16 15:08:50-341
Success : CREATE_FILE : test2\a94a8fe5ccb19ba6\12262CAA476C6955,0:2660790,2016-12-16 15:08:50-341,2016-12-16 15:08:52-336
Success : LS : test2\a94a8fe5ccb19ba6\,0:-1,2016-12-16 15:08:52-336,2016-12-16 15:08:52-425
Success : CREATE_FILE : test2\a94a8fe5ccb19ba6\2a5bd02710e975a7\0774CFCC2C839E50,0:1743701,2016-12-16 15:08:52-425,2016-12-16 15:08:53-485
Success : LS : test2\a94a8fe5ccb19ba6\2a5bd02710e975a7\,0:-1,2016-12-16 15:08:53-485,2016-12-16 15:08:53-603
Success : CREATE_FILE : test2\a94a8fe5ccb19ba6\38774F591AF8DAF4,0:68839,2016-12-16 15:08:53-603,2016-12-16 15:08:53-895
Success : LS : test2\a94a8fe5ccb19ba6\,0:-1,2016-12-16 15:08:53-896,2016-12-16 15:08:53-991
Success : CREATE_FILE : test2\a94a8fe5ccb19ba6\2a5bd02710e975a7\317CA9620F7359B7,0:2232247,2016-12-16 15:08:53-991,2016-12-16 15:08:55-539
Success : LS : test2\a94a8fe5ccb19ba6\2a5bd02710e975a7\,0:-1,2016-12-16 15:08:55-539,2016-12-16 15:08:55-618
Success : CREATE_FILE : test2\a94a8fe5ccb19ba6\15654A1B3740EA1C,0:834599,2016-12-16 15:08:55-619,2016-12-16 15:08:56-010
Success : LS : test2\a94a8fe5ccb19ba6\,0:-1,2016-12-16 15:08:56-010,2016-12-16 15:08:56-112
Success : CREATE_FILE : test2\a94a8fe5ccb19ba6\2a5bd02710e975a7\2C6F14912A78AC20,0:913003,2016-12-16 15:08:56-113,2016-12-16 15:08:56-502
Success : LS : test2\a94a8fe5ccb19ba6\2a5bd02710e975a7\,0:-1,2016-12-16 15:08:56-502,2016-12-16 15:08:56-609
Success : CREATE_FILE : test2\a94a8fe5ccb19ba6\2a5bd02710e975a7\10A8998954406CAF,0:435988,2016-12-16 15:08:57-224,2016-12-16 15:08:57-608
Success : LS : test2\a94a8fe5ccb19ba6\2a5bd02710e975a7\,0:-1,2016-12-16 15:08:57-608,2016-12-16 15:08:57-716
Success : CREATE_FILE : test2\a94a8fe5ccb19ba6\2a5bd02710e975a7\6C0EC18809E3917D,0:658216,2016-12-16 15:08:57-717,2016-12-16 15:08:58-108
Success : LS : test2\a94a8fe5ccb19ba6\2a5bd02710e975a7\,0:-1,2016-12-16 15:08:58-108,2016-12-16 15:08:58-214
Success : CREATE_FILE : test2\a94a8fe5ccb19ba6\61F801F64B71821E,0:1499407,2016-12-16 15:08:58-214,2016-12-16 15:08:59-041
Success : LS : test2\a94a8fe5ccb19ba6\,0:-1,2016-12-16 15:08:59-041,2016-12-16 15:08:59-120
Success : CREATE_FILE : test2\a94a8fe5ccb19ba6\2a5bd02710e975a7\03630BE54B546FED,0:2755684,2016-12-16 15:08:59-120,2016-12-16 15:09:01-257
Success : LS : test2\a94a8fe5ccb19ba6\2a5bd02710e975a7\,0:-1,2016-12-16 15:09:01-257,2016-12-16 15:09:01-409
Success : CREATE_FILE : test2\a94a8fe5ccb19ba6\2a5bd02710e975a7\638C21C4276F152A,0:3698149,2016-12-16 15:09:01-409,2016-12-16 15:09:04-461
Success : LS : test2\a94a8fe5ccb19ba6\2a5bd02710e975a7\,0:-1,2016-12-16 15:09:04-461,2016-12-16 15:09:04-538
Success : CREATE_FILE : test2\a94a8fe5ccb19ba6\2a5bd02710e975a7\4A8B5CFB7C021995,0:3686410,2016-12-16 15:09:04-539,2016-12-16 15:09:07-595
Success : LS : test2\a94a8fe5ccb19ba6\2a5bd02710e975a7\,0:-1,2016-12-16 15:09:07-595,2016-12-16 15:09:07-670
Success : CREATE_FILE : test2\a94a8fe5ccb19ba6\3D8431DB0EDD9579,0:1327750,2016-12-16 15:09:07-671,2016-12-16 15:09:08-323
Success : LS : test2\a94a8fe5ccb19ba6\,0:-1,2016-12-16 15:09:08-323,2016-12-16 15:09:08-419
Success : CREATE_FILE : test2\a94a8fe5ccb19ba6\61A1797D49EA92DE,0:3364023,2016-12-16 15:09:08-420,2016-12-16 15:09:11-127
Success : LS : test2\a94a8fe5ccb19ba6\,0:-1,2016-12-16 15:09:11-127,2016-12-16 15:09:11-227
Success : CREATE_FILE : test2\a94a8fe5ccb19ba6\2a5bd02710e975a7\546092C07B2A9E2C,0:3851592,2016-12-16 15:09:11-228,2016-12-16 15:09:14-405
Success : SEQ_READ : test1\c5a5e5562b038073\a39ea9c72a98de10\11562aa867a5f398,0:2752,2016-12-16 15:09:14-405,2016-12-16 15:09:14-747
Success : LS : test2\a94a8fe5ccb19ba6\2a5bd02710e975a7\,0:-1,2016-12-16 15:09:14-747,2016-12-16 15:09:14-882
Success : CREATE_FILE : test2\a94a8fe5ccb19ba6\12A8CF76571B3B1D,0:358715,2016-12-16 15:09:14-882,2016-12-16 15:09:15-234
Success : LS : test2\a94a8fe5ccb19ba6\,0:-1,2016-12-16 15:09:15-234,2016-12-16 15:09:15-335
Success : CREATE_FILE : test2\a94a8fe5ccb19ba6\2a5bd02710e975a7\1E6615F4219C565B,0:214466,2016-12-16 15:09:15-335,2016-12-16 15:09:15-584
Success : LS : test2\a94a8fe5ccb19ba6\2a5bd02710e975a7\,0:-1,2016-12-16 15:09:15-585,2016-12-16 15:09:15-688
Success : CREATE_FILE : test2\a94a8fe5ccb19ba6\07F91E0E23E4DC93,0:170505,2016-12-16 15:09:15-689,2016-12-16 15:09:16-010
Success : LS : test2\a94a8fe5ccb19ba6\,0:-1,2016-12-16 15:09:16-010,2016-12-16 15:09:16-087
Success : CREATE_FILE : test2\a94a8fe5ccb19ba6\36D0BC44505EE757,0:3315814,2016-12-16 15:09:16-087,2016-12-16 15:09:18-676
Success : LS : test2\a94a8fe5ccb19ba6\,0:-1,2016-12-16 15:09:18-676,2016-12-16 15:09:18-766
Success : CREATE_FILE : test2\a94a8fe5ccb19ba6\22818DA2084387EC,0:2743021,2016-12-16 15:09:18-766,2016-12-16 15:09:20-863
Success : LS : test2\a94a8fe5ccb19ba6\,0:-1,2016-12-16 15:09:20-863,2016-12-16 15:09:20-970
Success : CREATE_FILE : test2\a94a8fe5ccb19ba6\798FCDF078C6B6E0,0:1967022,2016-12-16 15:09:20-971,2016-12-16 15:09:22-272
Success : LS : test2\a94a8fe5ccb19ba6\,0:-1,2016-12-16 15:09:22-272,2016-12-16 15:09:22-353
Success : CREATE_FILE : test2\a94a8fe5ccb19ba6\1295FCCC188145F0,0:1628021,2016-12-16 15:09:22-353,2016-12-16 15:09:23-294
Success : LS : test2\a94a8fe5ccb19ba6\,0:-1,2016-12-16 15:09:23-294,2016-12-16 15:09:23-416
Success : CREATE_FILE : test2\a94a8fe5ccb19ba6\2a5bd02710e975a7\5066F80758DCFE09,0:2648089,2016-12-16 15:09:23-416,2016-12-16 15:09:25-414
Success : LS : test2\a94a8fe5ccb19ba6\2a5bd02710e975a7\,0:-1,2016-12-16 15:09:25-414,2016-12-16 15:09:25-516
Success : CREATE_FILE : test2\a94a8fe5ccb19ba6\2a5bd02710e975a7\14FE99547CEDD0CE,0:2781087,2016-12-16 15:09:25-516,2016-12-16 15:09:27-641
Success : LS : test2\a94a8fe5ccb19ba6\2a5bd02710e975a7\,0:-1,2016-12-16 15:09:27-642,2016-12-16 15:09:27-729
Success : CREATE_FILE : test2\a94a8fe5ccb19ba6\1B7EB713347540C3,0:1209178,2016-12-16 15:09:27-729,2016-12-16 15:09:28-243
Success : LS : test2\a94a8fe5ccb19ba6\,0:-1,2016-12-16 15:09:28-243,2016-12-16 15:09:28-332
Success : CREATE_FILE : test2\a94a8fe5ccb19ba6\02409F4E67628D4F,0:3586834,2016-12-16 15:09:28-332,2016-12-16 15:09:31-217
Success : LS : test2\a94a8fe5ccb19ba6\,0:-1,2016-12-16 15:09:31-217,2016-12-16 15:09:31-322
Success : CREATE_FILE : test2\a94a8fe5ccb19ba6\2a5bd02710e975a7\0AF69D295155D555,0:844341,2016-12-16 15:09:31-323,2016-12-16 15:09:31-621
Success : LS : test2\a94a8fe5ccb19ba6\2a5bd02710e975a7\,0:-1,2016-12-16 15:09:31-621,2016-12-16 15:09:31-723
Success : CREATE_FILE : test2\a94a8fe5ccb19ba6\0D264217514F6FE2,0:904018,2016-12-16 15:09:31-723,2016-12-16 15:09:32-115
Success : LS : test2\a94a8fe5ccb19ba6\,0:-1,2016-12-16 15:09:32-116,2016-12-16 15:09:32-218
Success : CREATE_FILE : test2\a94a8fe5ccb19ba6\1D9579DB73412F24,0:594503,2016-12-16 15:09:32-218,2016-12-16 15:09:32-583
Success : LS : test2\a94a8fe5ccb19ba6\,0:-1,2016-12-16 15:09:32-583,2016-12-16 15:09:32-671
Success : CREATE_FILE : test2\a94a8fe5ccb19ba6\073665973FDBDCC1,0:951809,2016-12-16 15:09:32-671,2016-12-16 15:09:33-042
Success : LS : test2\a94a8fe5ccb19ba6\,0:-1,2016-12-16 15:09:33-042,2016-12-16 15:09:33-159
Success : CREATE_FILE : test2\a94a8fe5ccb19ba6\2a5bd02710e975a7\56ED6C9D3A9C9125,0:2486216,2016-12-16 15:09:33-908,2016-12-16 15:09:35-755
Success : LS : test2\a94a8fe5ccb19ba6\2a5bd02710e975a7\,0:-1,2016-12-16 15:09:35-755,2016-12-16 15:09:35-848
Success : CREATE_FILE : test2\a94a8fe5ccb19ba6\2a5bd02710e975a7\04D44CC2558EDEEA,0:2876942,2016-12-16 15:09:35-849,2016-12-16 15:09:38-044
Success : LS : test2\a94a8fe5ccb19ba6\2a5bd02710e975a7\,0:-1,2016-12-16 15:09:38-044,2016-12-16 15:09:38-148
Success : CREATE_FILE : test2\a94a8fe5ccb19ba6\2a5bd02710e975a7\5F0D4E0A0CC8E51B,0:3187538,2016-12-16 15:09:38-148,2016-12-16 15:09:40-671
Success : SEQ_READ : test1\c5a5e5562b038073\0189424a5a60fed3\feb6a1968982109d,0:20126138,2016-12-16 15:09:40-671,2016-12-16 15:09:40-907
Success : LS : test2\a94a8fe5ccb19ba6\2a5bd02710e975a7\,0:-1,2016-12-16 15:09:40-907,2016-12-16 15:09:40-989
Success : CREATE_FILE : test2\a94a8fe5ccb19ba6\2a5bd02710e975a7\35DBE56877ABB9E7,0:208386,2016-12-16 15:09:40-989,2016-12-16 15:09:41-276
Success : LS : test2\a94a8fe5ccb19ba6\2a5bd02710e975a7\,0:-1,2016-12-16 15:09:41-277,2016-12-16 15:09:41-351
Success : CREATE_FILE : test2\a94a8fe5ccb19ba6\2a5bd02710e975a7\2633902F2CBC8202,0:2425638,2016-12-16 15:09:41-352,2016-12-16 15:09:43-202
Success : LS : test2\a94a8fe5ccb19ba6\2a5bd02710e975a7\,0:-1,2016-12-16 15:09:43-202,2016-12-16 15:09:43-304
Success : CREATE_FILE : test2\a94a8fe5ccb19ba6\59A25E51438D97A6,0:1843788,2016-12-16 15:09:43-305,2016-12-16 15:09:44-559
Success : LS : test2\a94a8fe5ccb19ba6\,0:-1,2016-12-16 15:09:44-559,2016-12-16 15:09:44-684
Success : CREATE_FILE : test2\a94a8fe5ccb19ba6\09CD60645112775C,0:611659,2016-12-16 15:09:44-685,2016-12-16 15:09:45-102
Success : LS : test2\a94a8fe5ccb19ba6\,0:-1,2016-12-16 15:09:45-102,2016-12-16 15:09:45-230
Success : CREATE_FILE : test2\a94a8fe5ccb19ba6\2a5bd02710e975a7\33C7A1112DF4B337,0:1407168,2016-12-16 15:09:45-964,2016-12-16 15:09:46-709
Success : LS : test2\a94a8fe5ccb19ba6\2a5bd02710e975a7\,0:-1,2016-12-16 15:09:46-709,2016-12-16 15:09:46-822
Success : CREATE_FILE : test2\a94a8fe5ccb19ba6\3557D52C38781B24,0:890908,2016-12-16 15:09:48-259,2016-12-16 15:09:48-711
Success : LS : test2\a94a8fe5ccb19ba6\,0:-1,2016-12-16 15:09:48-711,2016-12-16 15:09:48-833
Success : CREATE_FILE : test2\a94a8fe5ccb19ba6\2a5bd02710e975a7\40282EFF4C80871B,0:2502115,2016-12-16 15:09:50-525,2016-12-16 15:09:52-372
Success : LS : test2\a94a8fe5ccb19ba6\2a5bd02710e975a7\,0:-1,2016-12-16 15:09:52-372,2016-12-16 15:09:52-462
Success : CREATE_FILE : test2\a94a8fe5ccb19ba6\2a5bd02710e975a7\1CD2FBB0488A9566,0:246344,2016-12-16 15:09:52-462,2016-12-16 15:09:52-735
Success : LS : test2\a94a8fe5ccb19ba6\2a5bd02710e975a7\,0:-1,2016-12-16 15:09:52-735,2016-12-16 15:09:52-836
Success : CREATE_FILE : test2\a94a8fe5ccb19ba6\2a5bd02710e975a7\470AA4DA7528B9A6,0:2516015,2016-12-16 15:09:52-837,2016-12-16 15:09:54-640
Success : LS : test2\a94a8fe5ccb19ba6\2a5bd02710e975a7\,0:-1,2016-12-16 15:09:54-640,2016-12-16 15:09:54-748
Success : CREATE_FILE : test2\a94a8fe5ccb19ba6\789C343E24604BB0,0:2916397,2016-12-16 15:09:54-749,2016-12-16 15:09:56-955
Success : LS : test2\a94a8fe5ccb19ba6\,0:-1,2016-12-16 15:09:56-956,2016-12-16 15:09:57-076
Success : CREATE_FILE : test2\a94a8fe5ccb19ba6\1297F19944D62CAF,0:2379584,2016-12-16 15:09:57-076,2016-12-16 15:09:58-717
Success : LS : test2\a94a8fe5ccb19ba6\,0:-1,2016-12-16 15:09:58-717,2016-12-16 15:09:58-820
Success : CREATE_FILE : test2\a94a8fe5ccb19ba6\00B8511C0046001C,0:3578505,2016-12-16 15:09:58-820,2016-12-16 15:10:01-679
Success : SEQ_READ : test1\f71b43c3136efa4f\9f93e73d6896cb7b\6670af231c096f09,0:129,2016-12-16 15:10:01-680,2016-12-16 15:10:02-019
Success : LS : test2\a94a8fe5ccb19ba6\,0:-1,2016-12-16 15:10:02-020,2016-12-16 15:10:02-103
Success : CREATE_FILE : test2\a94a8fe5ccb19ba6\2a5bd02710e975a7\56F88B16321F4F89,0:2046861,2016-12-16 15:10:02-104,2016-12-16 15:10:03-488
Success : LS : test2\a94a8fe5ccb19ba6\2a5bd02710e975a7\,0:-1,2016-12-16 15:10:03-488,2016-12-16 15:10:03-581
Success : CREATE_FILE : test2\a94a8fe5ccb19ba6\1E67AF784A5916CA,0:1393204,2016-12-16 15:10:03-581,2016-12-16 15:10:04-349
Success : LS : test2\a94a8fe5ccb19ba6\,0:-1,2016-12-16 15:10:04-349,2016-12-16 15:10:04-436
Success : CREATE_FILE : test2\a94a8fe5ccb19ba6\4679EC7E3AC92229,0:4061637,2016-12-16 15:10:06-948,2016-12-16 15:10:10-427
Success : LS : test2\a94a8fe5ccb19ba6\,0:-1,2016-12-16 15:10:10-427,2016-12-16 15:10:10-516
Success : CREATE_FILE : test2\a94a8fe5ccb19ba6\4278B2CD46451C5A,0:2492995,2016-12-16 15:10:11-878,2016-12-16 15:10:13-662
Success : LS : test2\a94a8fe5ccb19ba6\,0:-1,2016-12-16 15:10:13-663,2016-12-16 15:10:13-751
Success : CREATE_FILE : test2\a94a8fe5ccb19ba6\2a5bd02710e975a7\2F8FD1D53785867B,0:2540121,2016-12-16 15:10:13-752,2016-12-16 15:10:15-671
Success : LS : test2\a94a8fe5ccb19ba6\2a5bd02710e975a7\,0:-1,2016-12-16 15:10:15-671,2016-12-16 15:10:15-776
Success : CREATE_FILE : test2\a94a8fe5ccb19ba6\39337D6261B63D00,0:3838877,2016-12-16 15:10:15-776,2016-12-16 15:10:18-973
Success : LS : test2\a94a8fe5ccb19ba6\,0:-1,2016-12-16 15:10:18-973,2016-12-16 15:10:19-066
Success : CREATE_FILE : test2\a94a8fe5ccb19ba6\2a5bd02710e975a7\0A76DCAF4A4E1609,0:3380924,2016-12-16 15:10:19-066,2016-12-16 15:10:21-795
Success : LS : test2\a94a8fe5ccb19ba6\2a5bd02710e975a7\,0:-1,2016-12-16 15:10:21-795,2016-12-16 15:10:21-905
Success : CREATE_FILE : test2\a94a8fe5ccb19ba6\2a5bd02710e975a7\3881902D365E0FD6,0:3783469,2016-12-16 15:10:21-906,2016-12-16 15:10:25-087
Success : LS : test2\a94a8fe5ccb19ba6\2a5bd02710e975a7\,0:-1,2016-12-16 15:10:25-087,2016-12-16 15:10:25-207
Success : CREATE_FILE : test2\a94a8fe5ccb19ba6\480C517A30DA2A2B,0:2142861,2016-12-16 15:10:25-207,2016-12-16 15:10:26-703
Success : LS : test2\a94a8fe5ccb19ba6\,0:-1,2016-12-16 15:10:26-703,2016-12-16 15:10:26-813
Success : CREATE_FILE : test2\a94a8fe5ccb19ba6\3CE30C776EFFDFB4,0:3902448,2016-12-16 15:10:26-813,2016-12-16 15:10:30-074
Success : LS : test2\a94a8fe5ccb19ba6\,0:-1,2016-12-16 15:10:30-074,2016-12-16 15:10:30-197
Success : CREATE_FILE : test2\a94a8fe5ccb19ba6\0783342418947E5D,0:2758312,2016-12-16 15:10:30-197,2016-12-16 15:10:32-397
Success : LS : test2\a94a8fe5ccb19ba6\,0:-1,2016-12-16 15:10:32-397,2016-12-16 15:10:32-478
Success : CREATE_FILE : test2\a94a8fe5ccb19ba6\2a5bd02710e975a7\17C9A5327A2946F0,0:3143827,2016-12-16 15:10:32-479,2016-12-16 15:10:34-888
Success : LS : test2\a94a8fe5ccb19ba6\2a5bd02710e975a7\,0:-1,2016-12-16 15:10:34-888,2016-12-16 15:10:35-021
Success : CREATE_FILE : test2\a94a8fe5ccb19ba6\2a5bd02710e975a7\466590DA1C8C4B1E,0:3595310,2016-12-16 15:10:35-021,2016-12-16 15:10:37-927
Success : LS : test2\a94a8fe5ccb19ba6\2a5bd02710e975a7\,0:-1,2016-12-16 15:10:37-927,2016-12-16 15:10:38-037
