Success : LS : test2\a94a8fe5ccb19ba6\,0:-1,2016-12-14 14:32:34-833,2016-12-14 14:32:35-082
Success : CREATE_FILE : test2\a94a8fe5ccb19ba6\2a5bd02710e975a7\3D6575332B082820,0:859052,2016-12-14 14:32:35-205,2016-12-14 14:32:37-884
Success : LS : test2\a94a8fe5ccb19ba6\2a5bd02710e975a7\,0:-1,2016-12-14 14:32:38-009,2016-12-14 14:32:38-462
Success : CREATE_FILE : test2\a94a8fe5ccb19ba6\2a5bd02710e975a7\26865D2B673182F5,0:1120294,2016-12-14 14:32:38-579,2016-12-14 14:32:39-599
Success : LS : test2\a94a8fe5ccb19ba6\2a5bd02710e975a7\,0:-1,2016-12-14 14:32:39-723,2016-12-14 14:32:39-873
Success : CREATE_FILE : test2\a94a8fe5ccb19ba6\4F4EE1755E413B11,0:2265867,2016-12-14 14:32:39-997,2016-12-14 14:32:42-285
Success : LS : test1\f71b43c3136efa4f\83404ffd78f534ff\,0:-1,2016-12-14 14:32:42-407,2016-12-14 14:32:42-479
Success : SEQ_READ : test2\1a7683b6645f9b6a,0:14529,2016-12-14 14:32:42-559,2016-12-14 14:32:42-666
Success : LS : test2\a94a8fe5ccb19ba6\2a5bd02710e975a7\,0:-1,2016-12-14 14:32:42-750,2016-12-14 14:32:42-821
Success : LS : test2\a94a8fe5ccb19ba6\,0:-1,2016-12-14 14:32:42-921,2016-12-14 14:32:42-998
Success : CREATE_FILE : test2\a94a8fe5ccb19ba6\2a5bd02710e975a7\44F38AF222F981FE,0:3465196,2016-12-14 14:32:43-079,2016-12-14 14:32:46-605
Fail : LS : test1,0:-1,2016-12-14 14:32:46-719,2016-12-14 14:32:46-720
Reason : java.lang.StringIndexOutOfBoundsException: String index out of range: -1
Success : SEQ_READ : test1\c5a5e5562b038073\0caa882bd1034750,0:324096,2016-12-14 14:32:46-826,2016-12-14 14:32:46-891
Success : LS : test2\a94a8fe5ccb19ba6\2a5bd02710e975a7\,0:-1,2016-12-14 14:32:46-968,2016-12-14 14:32:47-046
Success : SEQ_READ : test1\c5a5e5562b038073\0189424a5a60fed3\46a8219c2ae6c782,0:1544228,2016-12-14 14:32:47-171,2016-12-14 14:32:47-258
Success : LS : test2\a94a8fe5ccb19ba6\,0:-1,2016-12-14 14:32:47-380,2016-12-14 14:32:47-474
Success : CREATE_FILE : test2\a94a8fe5ccb19ba6\4B4DBE6620302BF1,0:4043948,2016-12-14 14:32:48-699,2016-12-14 14:32:52-513
Success : SEQ_READ : test1\c5a5e5562b038073\c7734a16bf12bb03,0:364726,2016-12-14 14:32:52-640,2016-12-14 14:32:52-723
Success : LS : test1\f71b43c3136efa4f\,0:-1,2016-12-14 14:32:52-809,2016-12-14 14:32:52-877
Success : LS : test1\c5a5e5562b038073\a39ea9c72a98de10\,0:-1,2016-12-14 14:32:52-954,2016-12-14 14:32:53-056
Success : LS : test2\a94a8fe5ccb19ba6\,0:-1,2016-12-14 14:32:53-153,2016-12-14 14:32:53-241
Success : CREATE_FILE : test2\a94a8fe5ccb19ba6\2a5bd02710e975a7\56A60492514B9869,0:2785257,2016-12-14 14:32:53-361,2016-12-14 14:32:55-816
Success : SEQ_READ : test1\c5a5e5562b038073\3c16ab634e85296e,0:105016,2016-12-14 14:32:55-942,2016-12-14 14:32:56-051
Success : SEQ_READ : test1\c5a5e5562b038073\a39ea9c72a98de10\f398de59988a85e5,0:6743,2016-12-14 14:32:56-205,2016-12-14 14:32:56-267
Success : LS : test2\a94a8fe5ccb19ba6\2a5bd02710e975a7\,0:-1,2016-12-14 14:32:56-395,2016-12-14 14:32:56-473
Success : LS : test1\f71b43c3136efa4f\9f93e73d6896cb7b\,0:-1,2016-12-14 14:32:56-600,2016-12-14 14:32:56-674
Success : SEQ_READ : test2\a94a8fe5ccb19ba6\2a5bd02710e975a7\178db47a574c645f,0:257,2016-12-14 14:32:56-801,2016-12-14 14:32:56-872
Success : CREATE_FILE : test2\a94a8fe5ccb19ba6\7D4656954E1EF3C9,0:2419198,2016-12-14 14:32:57-415,2016-12-14 14:32:59-596
Success : LS : test2\a94a8fe5ccb19ba6\,0:-1,2016-12-14 14:32:59-694,2016-12-14 14:32:59-770
Success : CREATE_FILE : test2\a94a8fe5ccb19ba6\2a5bd02710e975a7\35FDDE6A2042A4E0,0:1497441,2016-12-14 14:32:59-856,2016-12-14 14:33:00-856
Success : LS : test2\a94a8fe5ccb19ba6\2a5bd02710e975a7\,0:-1,2016-12-14 14:33:00-969,2016-12-14 14:33:01-082
Success : LS : test1\c5a5e5562b038073\0189424a5a60fed3\,0:-1,2016-12-14 14:33:01-175,2016-12-14 14:33:01-240
Success : CREATE_FILE : test2\a94a8fe5ccb19ba6\2a5bd02710e975a7\6C7E8AB952D586EF,0:2986168,2016-12-14 14:33:01-462,2016-12-14 14:33:04-116
Success : LS : test1\f71b43c3136efa4f\83404ffd78f534ff\,0:-1,2016-12-14 14:33:04-238,2016-12-14 14:33:04-343
Success : LS : test1\f71b43c3136efa4f\52481749c0cdecd6\,0:-1,2016-12-14 14:33:04-472,2016-12-14 14:33:04-552
Success : LS : test2\a94a8fe5ccb19ba6\2a5bd02710e975a7\,0:-1,2016-12-14 14:33:04-632,2016-12-14 14:33:04-720
Success : LS : test2\a94a8fe5ccb19ba6\,0:-1,2016-12-14 14:33:05-483,2016-12-14 14:33:05-599
Success : LS : test1\f71b43c3136efa4f\c7d9912886e5ccc7\,0:-1,2016-12-14 14:33:05-758,2016-12-14 14:33:05-831
Success : LS : test2\a94a8fe5ccb19ba6\2a5bd02710e975a7\,0:-1,2016-12-14 14:33:06-018,2016-12-14 14:33:06-098
Success : CREATE_FILE : test2\a94a8fe5ccb19ba6\2a5bd02710e975a7\467C60286FA0BA23,0:515762,2016-12-14 14:33:06-340,2016-12-14 14:33:06-643
Success : LS : test2\a94a8fe5ccb19ba6\2a5bd02710e975a7\,0:-1,2016-12-14 14:33:06-737,2016-12-14 14:33:06-844
Success : SEQ_READ : test2\a94a8fe5ccb19ba6\2a5bd02710e975a7\3eef580036f1724a,0:257,2016-12-14 14:33:07-142,2016-12-14 14:33:07-225
Success : LS : test1\f71b43c3136efa4f\,0:-1,2016-12-14 14:33:07-498,2016-12-14 14:33:07-570
Success : SEQ_READ : test1\c5a5e5562b038073\a39ea9c72a98de10\4a90c52e52d54ede,0:1048,2016-12-14 14:33:09-423,2016-12-14 14:33:09-495
Success : LS : test1\f71b43c3136efa4f\9f93e73d6896cb7b\,0:-1,2016-12-14 14:33:09-671,2016-12-14 14:33:09-741
Success : LS : test1\f71b43c3136efa4f\,0:-1,2016-12-14 14:33:10-424,2016-12-14 14:33:10-511
Success : CREATE_FILE : test2\a94a8fe5ccb19ba6\2a5bd02710e975a7\3C44498E053D8D7E,0:859440,2016-12-14 14:33:11-318,2016-12-14 14:33:11-892
Success : LS : test2\a94a8fe5ccb19ba6\2a5bd02710e975a7\,0:-1,2016-12-14 14:33:12-019,2016-12-14 14:33:12-101
Success : CREATE_FILE : test2\a94a8fe5ccb19ba6\592E738A00F46F1F,0:3457874,2016-12-14 14:33:12-218,2016-12-14 14:33:15-414
Success : LS : test2\a94a8fe5ccb19ba6\,0:-1,2016-12-14 14:33:15-511,2016-12-14 14:33:15-591
Success : LS : test2\a94a8fe5ccb19ba6\2a5bd02710e975a7\,0:-1,2016-12-14 14:33:15-675,2016-12-14 14:33:15-745
Fail : LS : test1,0:-1,2016-12-14 14:33:15-834,2016-12-14 14:33:15-834
Reason : java.lang.StringIndexOutOfBoundsException: String index out of range: -1
Success : LS : test2\a94a8fe5ccb19ba6\,0:-1,2016-12-14 14:33:15-909,2016-12-14 14:33:15-982
Success : LS : test2\a94a8fe5ccb19ba6\,0:-1,2016-12-14 14:33:16-085,2016-12-14 14:33:16-212
Success : SEQ_READ : test1\c5a5e5562b038073\c7734a16bf12bb03,0:364726,2016-12-14 14:33:16-808,2016-12-14 14:33:16-884
Success : CREATE_FILE : test2\a94a8fe5ccb19ba6\3DE2A8F855A6D245,0:631796,2016-12-14 14:33:17-420,2016-12-14 14:33:17-822
Success : LS : test2\a94a8fe5ccb19ba6\,0:-1,2016-12-14 14:33:17-946,2016-12-14 14:33:18-033
Success : LS : test2\a94a8fe5ccb19ba6\,0:-1,2016-12-14 14:33:19-921,2016-12-14 14:33:20-031
Success : SEQ_READ : test1\c5a5e5562b038073\a39ea9c72a98de10\aa61f113a9b13deb,0:438,2016-12-14 14:33:21-875,2016-12-14 14:33:21-949
Success : CREATE_FILE : test2\a94a8fe5ccb19ba6\4A8CE7610E278E02,0:3542307,2016-12-14 14:33:22-724,2016-12-14 14:33:26-137
Success : SEQ_READ : test1\c5a5e5562b038073\a39ea9c72a98de10\11562aa867a5f398,0:2752,2016-12-14 14:33:26-256,2016-12-14 14:33:26-327
Success : LS : test2\a94a8fe5ccb19ba6\,0:-1,2016-12-14 14:33:26-406,2016-12-14 14:33:26-479
Success : SEQ_READ : test1\c5a5e5562b038073\68ad3077ff5a452a,0:383,2016-12-14 14:33:26-600,2016-12-14 14:33:26-670
Success : LS : test1\f71b43c3136efa4f\52481749c0cdecd6\,0:-1,2016-12-14 14:33:26-791,2016-12-14 14:33:26-861
Success : LS : test2\a94a8fe5ccb19ba6\,0:-1,2016-12-14 14:33:26-981,2016-12-14 14:33:27-068
Success : CREATE_FILE : test2\a94a8fe5ccb19ba6\2a5bd02710e975a7\7D42542D42679832,0:1322853,2016-12-14 14:33:27-167,2016-12-14 14:33:28-115
Success : LS : test2\a94a8fe5ccb19ba6\2a5bd02710e975a7\,0:-1,2016-12-14 14:33:28-234,2016-12-14 14:33:28-312
Success : CREATE_FILE : test2\a94a8fe5ccb19ba6\2a5bd02710e975a7\08CCD3333947DBD6,0:790473,2016-12-14 14:33:28-392,2016-12-14 14:33:28-952
Success : LS : test1\f71b43c3136efa4f\,0:-1,2016-12-14 14:33:29-076,2016-12-14 14:33:29-151
Success : LS : test1\c5a5e5562b038073\,0:-1,2016-12-14 14:33:29-228,2016-12-14 14:33:29-290
Success : LS : test2\a94a8fe5ccb19ba6\2a5bd02710e975a7\,0:-1,2016-12-14 14:33:29-396,2016-12-14 14:33:29-536
Fail : LS : test1,0:-1,2016-12-14 14:33:29-662,2016-12-14 14:33:29-662
Reason : java.lang.StringIndexOutOfBoundsException: String index out of range: -1
Success : LS : test2\a94a8fe5ccb19ba6\,0:-1,2016-12-14 14:33:29-748,2016-12-14 14:33:29-821
Success : CREATE_FILE : test2\a94a8fe5ccb19ba6\7CE879A940A6E6F7,0:2104671,2016-12-14 14:33:30-112,2016-12-14 14:33:31-861
Success : SEQ_READ : test1\c5a5e5562b038073\a39ea9c72a98de10\aa61f113a9b13deb,0:438,2016-12-14 14:33:31-981,2016-12-14 14:33:32-136
Success : SEQ_READ : test1\c5a5e5562b038073\0189424a5a60fed3\46a8219c2ae6c782,0:1544228,2016-12-14 14:33:32-260,2016-12-14 14:33:32-352
Fail : LS : test1,0:-1,2016-12-14 14:33:32-473,2016-12-14 14:33:32-473
Reason : java.lang.StringIndexOutOfBoundsException: String index out of range: -1
Success : LS : test2\a94a8fe5ccb19ba6\,0:-1,2016-12-14 14:33:32-599,2016-12-14 14:33:32-681
Success : LS : test1\f71b43c3136efa4f\,0:-1,2016-12-14 14:33:32-795,2016-12-14 14:33:32-889
Success : CREATE_FILE : test2\a94a8fe5ccb19ba6\3EF26DD07CEABC71,0:2958946,2016-12-14 14:33:32-981,2016-12-14 14:33:36-422
Success : LS : test2\a94a8fe5ccb19ba6\,0:-1,2016-12-14 14:33:36-516,2016-12-14 14:33:36-603
Success : CREATE_FILE : test2\a94a8fe5ccb19ba6\573FA0BF79386B01,0:978769,2016-12-14 14:33:36-679,2016-12-14 14:33:37-193
Success : LS : test2\a94a8fe5ccb19ba6\,0:-1,2016-12-14 14:33:37-315,2016-12-14 14:33:37-403
Success : CREATE_FILE : test2\a94a8fe5ccb19ba6\18CC73832110B91F,0:1134831,2016-12-14 14:33:37-485,2016-12-14 14:33:38-108
Success : SEQ_READ : test1\c5a5e5562b038073\a39ea9c72a98de10\f398de59988a85e5,0:6743,2016-12-14 14:33:38-233,2016-12-14 14:33:38-334
Success : LS : test2\a94a8fe5ccb19ba6\,0:-1,2016-12-14 14:33:38-453,2016-12-14 14:33:38-537
Fail : LS : test1,0:-1,2016-12-14 14:33:39-487,2016-12-14 14:33:39-487
Reason : java.lang.StringIndexOutOfBoundsException: String index out of range: -1
Success : LS : test2\a94a8fe5ccb19ba6\,0:-1,2016-12-14 14:33:39-574,2016-12-14 14:33:39-655
Success : CREATE_FILE : test2\a94a8fe5ccb19ba6\2a5bd02710e975a7\18028ADB2BC96305,0:1968853,2016-12-14 14:33:41-663,2016-12-14 14:33:43-498
Success : LS : test1\f71b43c3136efa4f\,0:-1,2016-12-14 14:33:43-617,2016-12-14 14:33:43-693
Success : LS : test2\a94a8fe5ccb19ba6\2a5bd02710e975a7\,0:-1,2016-12-14 14:33:43-773,2016-12-14 14:33:43-884
Success : CREATE_FILE : test2\a94a8fe5ccb19ba6\2a5bd02710e975a7\3FD05A6808BEB071,0:454206,2016-12-14 14:33:43-975,2016-12-14 14:33:44-257
Success : LS : test2\a94a8fe5ccb19ba6\2a5bd02710e975a7\,0:-1,2016-12-14 14:33:44-383,2016-12-14 14:33:44-493
Success : CREATE_FILE : test2\a94a8fe5ccb19ba6\2a5bd02710e975a7\3D2CA9CD3424CBFE,0:2045168,2016-12-14 14:33:44-621,2016-12-14 14:33:46-508
Success : LS : test2\a94a8fe5ccb19ba6\,0:-1,2016-12-14 14:33:46-635,2016-12-14 14:33:46-728
Success : LS : test2\a94a8fe5ccb19ba6\2a5bd02710e975a7\,0:-1,2016-12-14 14:33:46-849,2016-12-14 14:33:46-951
Success : LS : test2\a94a8fe5ccb19ba6\2a5bd02710e975a7\,0:-1,2016-12-14 14:33:47-045,2016-12-14 14:33:47-116
Success : LS : test1\f71b43c3136efa4f\83404ffd78f534ff\,0:-1,2016-12-14 14:33:47-501,2016-12-14 14:33:47-573
Success : LS : test2\a94a8fe5ccb19ba6\,0:-1,2016-12-14 14:33:49-042,2016-12-14 14:33:49-130
Success : CREATE_FILE : test2\a94a8fe5ccb19ba6\5AD5A15157202412,0:220979,2016-12-14 14:33:49-251,2016-12-14 14:33:49-568
Success : LS : test1\c5a5e5562b038073\a39ea9c72a98de10\,0:-1,2016-12-14 14:33:49-689,2016-12-14 14:33:49-794
Success : LS : test2\a94a8fe5ccb19ba6\,0:-1,2016-12-14 14:33:49-920,2016-12-14 14:33:50-005
Success : LS : test1\c5a5e5562b038073\,0:-1,2016-12-14 14:33:52-034,2016-12-14 14:33:52-109
Success : SEQ_READ : test2\a94a8fe5ccb19ba6\2a5bd02710e975a7\178db47a574c645f,0:257,2016-12-14 14:33:52-255,2016-12-14 14:33:52-322
Success : SEQ_READ : test1\c5a5e5562b038073\3c16ab634e85296e,0:105016,2016-12-14 14:33:52-781,2016-12-14 14:33:52-881
Success : LS : test2\a94a8fe5ccb19ba6\2a5bd02710e975a7\,0:-1,2016-12-14 14:33:53-055,2016-12-14 14:33:53-145
Fail : LS : test1,0:-1,2016-12-14 14:33:54-108,2016-12-14 14:33:54-109
Reason : java.lang.StringIndexOutOfBoundsException: String index out of range: -1
Success : LS : test2\a94a8fe5ccb19ba6\,0:-1,2016-12-14 14:33:54-192,2016-12-14 14:33:54-269
Success : CREATE_FILE : test2\a94a8fe5ccb19ba6\2a5bd02710e975a7\124E50937C7F8BA2,0:888092,2016-12-14 14:33:54-824,2016-12-14 14:33:55-379
Success : LS : test2\a94a8fe5ccb19ba6\2a5bd02710e975a7\,0:-1,2016-12-14 14:33:55-499,2016-12-14 14:33:55-611
Success : SEQ_READ : test1\c5a5e5562b038073\767c14c8beb1e835,0:3818496,2016-12-14 14:33:56-739,2016-12-14 14:33:56-817
Success : CREATE_FILE : test2\a94a8fe5ccb19ba6\1F6019A7044E2A39,0:2558370,2016-12-14 14:33:57-269,2016-12-14 14:33:59-664
Success : SEQ_READ : test1\c5a5e5562b038073\6670af231c096f09,0:46,2016-12-14 14:33:59-787,2016-12-14 14:33:59-920
Success : LS : test2\a94a8fe5ccb19ba6\,0:-1,2016-12-14 14:34:00-040,2016-12-14 14:34:00-130
Success : CREATE_FILE : test2\a94a8fe5ccb19ba6\535F256006AE441D,0:2435191,2016-12-14 14:34:00-249,2016-12-14 14:34:02-756
Success : LS : test2\a94a8fe5ccb19ba6\,0:-1,2016-12-14 14:34:02-882,2016-12-14 14:34:02-996
Success : CREATE_FILE : test2\a94a8fe5ccb19ba6\6BE691EB7BE7C056,0:3010493,2016-12-14 14:34:03-085,2016-12-14 14:34:06-035
Success : LS : test2\a94a8fe5ccb19ba6\,0:-1,2016-12-14 14:34:06-158,2016-12-14 14:34:06-244
Success : CREATE_FILE : test2\a94a8fe5ccb19ba6\50C1906B30E51348,0:2614601,2016-12-14 14:34:06-357,2016-12-14 14:34:08-721
Success : LS : test2\a94a8fe5ccb19ba6\,0:-1,2016-12-14 14:34:08-845,2016-12-14 14:34:08-928
Success : CREATE_FILE : test2\a94a8fe5ccb19ba6\32C0414E1A51A90D,0:4020606,2016-12-14 14:34:09-011,2016-12-14 14:34:12-867
Success : LS : test2\a94a8fe5ccb19ba6\,0:-1,2016-12-14 14:34:12-986,2016-12-14 14:34:13-077
Success : LS : test2\a94a8fe5ccb19ba6\,0:-1,2016-12-14 14:34:13-153,2016-12-14 14:34:13-277
Success : CREATE_FILE : test2\a94a8fe5ccb19ba6\36569A7E2D38F087,0:3801040,2016-12-14 14:34:13-381,2016-12-14 14:34:17-543
Success : LS : test2\a94a8fe5ccb19ba6\,0:-1,2016-12-14 14:34:17-660,2016-12-14 14:34:17-776
Success : CREATE_FILE : test2\a94a8fe5ccb19ba6\40C33E8C27120102,0:384730,2016-12-14 14:34:17-875,2016-12-14 14:34:18-644
Success : LS : test2\a94a8fe5ccb19ba6\,0:-1,2016-12-14 14:34:18-721,2016-12-14 14:34:18-808
Success : CREATE_FILE : test2\a94a8fe5ccb19ba6\2a5bd02710e975a7\0BBE9DD420E33885,0:3206027,2016-12-14 14:34:18-886,2016-12-14 14:34:21-846
Success : LS : test2\a94a8fe5ccb19ba6\2a5bd02710e975a7\,0:-1,2016-12-14 14:34:21-920,2016-12-14 14:34:21-988
Success : CREATE_FILE : test2\a94a8fe5ccb19ba6\2a5bd02710e975a7\57AC00F300254A53,0:3830676,2016-12-14 14:34:22-061,2016-12-14 14:34:25-641
Success : LS : test2\a94a8fe5ccb19ba6\2a5bd02710e975a7\,0:-1,2016-12-14 14:34:25-764,2016-12-14 14:34:25-887
Success : CREATE_FILE : test2\a94a8fe5ccb19ba6\7207F03C01D52C5E,0:1420526,2016-12-14 14:34:25-997,2016-12-14 14:34:27-125
Success : LS : test1\c5a5e5562b038073\,0:-1,2016-12-14 14:34:27-249,2016-12-14 14:34:27-325
Success : LS : test1\f71b43c3136efa4f\,0:-1,2016-12-14 14:34:27-444,2016-12-14 14:34:27-513
Success : LS : test1\c5a5e5562b038073\,0:-1,2016-12-14 14:34:27-596,2016-12-14 14:34:27-662
Fail : LS : test1,0:-1,2016-12-14 14:34:27-738,2016-12-14 14:34:27-739
Reason : java.lang.StringIndexOutOfBoundsException: String index out of range: -1
Success : LS : test2\a94a8fe5ccb19ba6\,0:-1,2016-12-14 14:34:27-859,2016-12-14 14:34:27-945
Success : LS : test1\c5a5e5562b038073\0189424a5a60fed3\,0:-1,2016-12-14 14:34:28-022,2016-12-14 14:34:28-085
Success : CREATE_FILE : test2\a94a8fe5ccb19ba6\2a5bd02710e975a7\1370AC005832F64C,0:24993,2016-12-14 14:34:28-204,2016-12-14 14:34:28-595
Success : LS : test2\a94a8fe5ccb19ba6\2a5bd02710e975a7\,0:-1,2016-12-14 14:34:28-717,2016-12-14 14:34:28-805
Success : LS : test2\a94a8fe5ccb19ba6\2a5bd02710e975a7\,0:-1,2016-12-14 14:34:31-973,2016-12-14 14:34:32-049
Success : LS : test1\c5a5e5562b038073\a39ea9c72a98de10\,0:-1,2016-12-14 14:34:32-182,2016-12-14 14:34:32-276
Fail : LS : test1,0:-1,2016-12-14 14:34:32-364,2016-12-14 14:34:32-364
Reason : java.lang.StringIndexOutOfBoundsException: String index out of range: -1
Success : LS : test1\f71b43c3136efa4f\,0:-1,2016-12-14 14:34:35-034,2016-12-14 14:34:35-138
Success : LS : test2\a94a8fe5ccb19ba6\,0:-1,2016-12-14 14:34:36-941,2016-12-14 14:34:37-046
Success : CREATE_FILE : test2\a94a8fe5ccb19ba6\3C895F730EA70C7C,0:1200283,2016-12-14 14:34:37-217,2016-12-14 14:34:38-214
Success : LS : test2\a94a8fe5ccb19ba6\,0:-1,2016-12-14 14:34:38-330,2016-12-14 14:34:38-418
Fail : LS : test1,0:-1,2016-12-14 14:34:40-745,2016-12-14 14:34:40-745
Reason : java.lang.StringIndexOutOfBoundsException: String index out of range: -1
Success : LS : test1\c5a5e5562b038073\,0:-1,2016-12-14 14:34:45-162,2016-12-14 14:34:45-237
Success : LS : test1\f71b43c3136efa4f\c7d9912886e5ccc7\,0:-1,2016-12-14 14:34:46-107,2016-12-14 14:34:46-209
Success : CREATE_FILE : test2\a94a8fe5ccb19ba6\2a5bd02710e975a7\2D21318442780CA7,0:3050610,2016-12-14 14:34:46-873,2016-12-14 14:34:49-966
Success : LS : test2\a94a8fe5ccb19ba6\,0:-1,2016-12-14 14:34:50-091,2016-12-14 14:34:50-176
Success : LS : test1\c5a5e5562b038073\a39ea9c72a98de10\,0:-1,2016-12-14 14:34:50-309,2016-12-14 14:34:50-406
Success : LS : test1\f71b43c3136efa4f\83404ffd78f534ff\,0:-1,2016-12-14 14:34:50-499,2016-12-14 14:34:50-587
Success : SEQ_READ : test1\f71b43c3136efa4f\9f93e73d6896cb7b\6670af231c096f09,0:129,2016-12-14 14:34:50-707,2016-12-14 14:34:50-777
Success : LS : test2\a94a8fe5ccb19ba6\2a5bd02710e975a7\,0:-1,2016-12-14 14:34:50-871,2016-12-14 14:34:50-984
Success : LS : test1\f71b43c3136efa4f\,0:-1,2016-12-14 14:34:52-053,2016-12-14 14:34:52-114
Success : CREATE_FILE : test2\a94a8fe5ccb19ba6\066A519B7DA61E54,0:1516259,2016-12-14 14:34:52-430,2016-12-14 14:34:53-535
Success : LS : test2\a94a8fe5ccb19ba6\,0:-1,2016-12-14 14:34:53-650,2016-12-14 14:34:53-737
Success : CREATE_FILE : test2\a94a8fe5ccb19ba6\74D9548E6AC80F8E,0:4083655,2016-12-14 14:34:53-821,2016-12-14 14:34:57-534
Success : LS : test1\f71b43c3136efa4f\52481749c0cdecd6\,0:-1,2016-12-14 14:34:57-620,2016-12-14 14:34:57-689
Success : LS : test1\f71b43c3136efa4f\,0:-1,2016-12-14 14:34:57-768,2016-12-14 14:34:57-831
Success : LS : test2\a94a8fe5ccb19ba6\,0:-1,2016-12-14 14:34:57-931,2016-12-14 14:34:58-012
Success : CREATE_FILE : test2\a94a8fe5ccb19ba6\2a5bd02710e975a7\37784AEF4C8D446D,0:758857,2016-12-14 14:34:58-116,2016-12-14 14:34:58-577
Success : LS : test1\f71b43c3136efa4f\c7d9912886e5ccc7\,0:-1,2016-12-14 14:34:58-692,2016-12-14 14:34:58-762
Success : LS : test2\a94a8fe5ccb19ba6\2a5bd02710e975a7\,0:-1,2016-12-14 14:34:58-864,2016-12-14 14:34:58-945
Success : CREATE_FILE : test2\a94a8fe5ccb19ba6\42B7DF5A309F7B66,0:3713219,2016-12-14 14:34:59-038,2016-12-14 14:35:02-581
Success : LS : test1\f71b43c3136efa4f\9f93e73d6896cb7b\,0:-1,2016-12-14 14:35:02-704,2016-12-14 14:35:02-774
Success : LS : test2\a94a8fe5ccb19ba6\2a5bd02710e975a7\,0:-1,2016-12-14 14:35:02-864,2016-12-14 14:35:02-971
Success : LS : test2\a94a8fe5ccb19ba6\,0:-1,2016-12-14 14:35:03-078,2016-12-14 14:35:03-178
Success : CREATE_FILE : test2\a94a8fe5ccb19ba6\43FD20415AA6458A,0:3409998,2016-12-14 14:35:03-260,2016-12-14 14:35:07-351
Success : LS : test1\c5a5e5562b038073\,0:-1,2016-12-14 14:35:07-472,2016-12-14 14:35:07-576
Success : LS : test2\a94a8fe5ccb19ba6\,0:-1,2016-12-14 14:35:07-668,2016-12-14 14:35:07-772
Success : CREATE_FILE : test2\a94a8fe5ccb19ba6\1686612B7D1A389D,0:3145420,2016-12-14 14:35:07-863,2016-12-14 14:35:11-638
Success : LS : test1\f71b43c3136efa4f\,0:-1,2016-12-14 14:35:11-760,2016-12-14 14:35:11-862
Success : LS : test2\a94a8fe5ccb19ba6\,0:-1,2016-12-14 14:35:11-958,2016-12-14 14:35:12-071
Success : CREATE_FILE : test2\a94a8fe5ccb19ba6\3A8DAC1E2AA24B24,0:1559592,2016-12-14 14:35:12-159,2016-12-14 14:35:13-567
Success : LS : test1\f71b43c3136efa4f\9f93e73d6896cb7b\,0:-1,2016-12-14 14:35:13-696,2016-12-14 14:35:13-769
Success : LS : test2\a94a8fe5ccb19ba6\,0:-1,2016-12-14 14:35:13-887,2016-12-14 14:35:13-971
Success : CREATE_FILE : test2\a94a8fe5ccb19ba6\3AACE93272ED62B0,0:1666920,2016-12-14 14:35:14-050,2016-12-14 14:35:15-386
Success : LS : test1\f71b43c3136efa4f\c7d9912886e5ccc7\,0:-1,2016-12-14 14:35:15-521,2016-12-14 14:35:15-588
Success : SEQ_READ : test2\49f03965cf98b1f5,0:1634,2016-12-14 14:35:15-668,2016-12-14 14:35:15-731
Success : LS : test2\a94a8fe5ccb19ba6\,0:-1,2016-12-14 14:35:15-804,2016-12-14 14:35:15-881
Success : LS : test2\a94a8fe5ccb19ba6\,0:-1,2016-12-14 14:35:15-957,2016-12-14 14:35:16-054
Success : CREATE_FILE : test2\a94a8fe5ccb19ba6\6D2BA5C7670A4408,0:1220039,2016-12-14 14:35:17-099,2016-12-14 14:35:18-703
Success : LS : test1\f71b43c3136efa4f\9f93e73d6896cb7b\,0:-1,2016-12-14 14:35:18-816,2016-12-14 14:35:18-887
Success : LS : test2\a94a8fe5ccb19ba6\,0:-1,2016-12-14 14:35:18-988,2016-12-14 14:35:19-089
Success : CREATE_FILE : test2\a94a8fe5ccb19ba6\2a5bd02710e975a7\191A3DF82E2CFAFE,0:1827226,2016-12-14 14:35:20-084,2016-12-14 14:35:21-620
Success : LS : test2\a94a8fe5ccb19ba6\2a5bd02710e975a7\,0:-1,2016-12-14 14:35:21-703,2016-12-14 14:35:21-891
Success : CREATE_FILE : test2\a94a8fe5ccb19ba6\1ECBBB1B5C0783A8,0:3613741,2016-12-14 14:35:22-000,2016-12-14 14:35:25-414
Fail : LS : test1,0:-1,2016-12-14 14:35:25-535,2016-12-14 14:35:25-536
Reason : java.lang.StringIndexOutOfBoundsException: String index out of range: -1
Success : LS : test1\f71b43c3136efa4f\83404ffd78f534ff\,0:-1,2016-12-14 14:35:25-645,2016-12-14 14:35:25-724
Success : LS : test2\a94a8fe5ccb19ba6\,0:-1,2016-12-14 14:35:25-846,2016-12-14 14:35:25-934
Success : CREATE_FILE : test2\a94a8fe5ccb19ba6\2a5bd02710e975a7\3DA2BD954C378B23,0:124528,2016-12-14 14:35:26-061,2016-12-14 14:35:26-424
Success : LS : test2\a94a8fe5ccb19ba6\2a5bd02710e975a7\,0:-1,2016-12-14 14:35:26-545,2016-12-14 14:35:26-626
Fail : LS : test1,0:-1,2016-12-14 14:35:26-710,2016-12-14 14:35:26-710
Reason : java.lang.StringIndexOutOfBoundsException: String index out of range: -1
Success : LS : test1\c5a5e5562b038073\a39ea9c72a98de10\,0:-1,2016-12-14 14:35:27-486,2016-12-14 14:35:27-559
Success : CREATE_FILE : test2\a94a8fe5ccb19ba6\2a5bd02710e975a7\55D367D52936C15D,0:4081683,2016-12-14 14:35:27-983,2016-12-14 14:35:31-804
Success : LS : test2\a94a8fe5ccb19ba6\2a5bd02710e975a7\,0:-1,2016-12-14 14:35:31-923,2016-12-14 14:35:32-011
Success : CREATE_FILE : test2\a94a8fe5ccb19ba6\07FD8E2270BEA97F,0:3155874,2016-12-14 14:35:32-230,2016-12-14 14:35:35-244
Success : LS : test2\a94a8fe5ccb19ba6\,0:-1,2016-12-14 14:35:35-365,2016-12-14 14:35:35-475
Success : CREATE_FILE : test2\a94a8fe5ccb19ba6\2a5bd02710e975a7\2B8CC331043CA409,0:3486415,2016-12-14 14:35:35-583,2016-12-14 14:35:38-993
Success : LS : test2\a94a8fe5ccb19ba6\,0:-1,2016-12-14 14:35:39-121,2016-12-14 14:35:39-233
Success : LS : test2\a94a8fe5ccb19ba6\2a5bd02710e975a7\,0:-1,2016-12-14 14:35:39-353,2016-12-14 14:35:39-460
Success : CREATE_FILE : test2\a94a8fe5ccb19ba6\2a5bd02710e975a7\76F8B23E3D2358C0,0:1605804,2016-12-14 14:35:39-554,2016-12-14 14:35:41-321
Success : LS : test1\f71b43c3136efa4f\,0:-1,2016-12-14 14:35:41-445,2016-12-14 14:35:41-545
Success : LS : test2\a94a8fe5ccb19ba6\2a5bd02710e975a7\,0:-1,2016-12-14 14:35:41-637,2016-12-14 14:35:41-744
Success : CREATE_FILE : test2\a94a8fe5ccb19ba6\552F849F75D7CA49,0:2422077,2016-12-14 14:35:41-836,2016-12-14 14:35:44-356
Fail : LS : test1,0:-1,2016-12-14 14:35:44-482,2016-12-14 14:35:44-482
Reason : java.lang.StringIndexOutOfBoundsException: String index out of range: -1
Success : LS : test2\a94a8fe5ccb19ba6\,0:-1,2016-12-14 14:35:44-571,2016-12-14 14:35:44-658
Success : LS : test1\f71b43c3136efa4f\,0:-1,2016-12-14 14:35:44-742,2016-12-14 14:35:44-823
Success : LS : test1\f71b43c3136efa4f\,0:-1,2016-12-14 14:35:44-941,2016-12-14 14:35:45-046
Success : LS : test2\a94a8fe5ccb19ba6\,0:-1,2016-12-14 14:35:45-178,2016-12-14 14:35:45-266
Success : CREATE_FILE : test2\a94a8fe5ccb19ba6\1B08B8F335FB90A5,0:1013449,2016-12-14 14:35:45-363,2016-12-14 14:35:45-860
Success : LS : test2\a94a8fe5ccb19ba6\,0:-1,2016-12-14 14:35:45-990,2016-12-14 14:35:46-073
Success : CREATE_FILE : test2\a94a8fe5ccb19ba6\2a5bd02710e975a7\41C9AF625F9CB68A,0:314405,2016-12-14 14:35:46-151,2016-12-14 14:35:46-439
Success : LS : test2\a94a8fe5ccb19ba6\2a5bd02710e975a7\,0:-1,2016-12-14 14:35:46-569,2016-12-14 14:35:46-652
Success : LS : test2\a94a8fe5ccb19ba6\,0:-1,2016-12-14 14:35:46-731,2016-12-14 14:35:46-844
Success : CREATE_FILE : test2\a94a8fe5ccb19ba6\0A1D396B532A0A6B,0:1381324,2016-12-14 14:35:47-201,2016-12-14 14:35:48-702
Success : SEQ_READ : test1\c5a5e5562b038073\2d77b1044a6c5c82,0:764416,2016-12-14 14:35:48-779,2016-12-14 14:35:48-867
Success : LS : test1\f71b43c3136efa4f\,0:-1,2016-12-14 14:35:48-968,2016-12-14 14:35:49-060
Success : LS : test2\a94a8fe5ccb19ba6\2a5bd02710e975a7\,0:-1,2016-12-14 14:35:49-145,2016-12-14 14:35:49-254
Success : LS : test2\a94a8fe5ccb19ba6\,0:-1,2016-12-14 14:35:49-346,2016-12-14 14:35:49-430
Success : SEQ_READ : test1\c5a5e5562b038073\c7734a16bf12bb03,0:364726,2016-12-14 14:35:49-529,2016-12-14 14:35:49-639
Success : CREATE_FILE : test2\a94a8fe5ccb19ba6\02D79DA92A8856D0,0:3072622,2016-12-14 14:35:49-785,2016-12-14 14:35:52-508
Success : LS : test1\c5a5e5562b038073\a39ea9c72a98de10\,0:-1,2016-12-14 14:35:52-629,2016-12-14 14:35:52-701
Success : LS : test1\f71b43c3136efa4f\52481749c0cdecd6\,0:-1,2016-12-14 14:35:52-782,2016-12-14 14:35:52-885
Success : LS : test2\a94a8fe5ccb19ba6\2a5bd02710e975a7\,0:-1,2016-12-14 14:35:52-979,2016-12-14 14:35:53-090
Success : LS : test1\f71b43c3136efa4f\52481749c0cdecd6\,0:-1,2016-12-14 14:35:53-176,2016-12-14 14:35:53-240
Success : LS : test2\a94a8fe5ccb19ba6\,0:-1,2016-12-14 14:35:53-314,2016-12-14 14:35:53-431
Success : CREATE_FILE : test2\a94a8fe5ccb19ba6\02DE726874D5FAA2,0:3427628,2016-12-14 14:35:53-524,2016-12-14 14:35:56-697
Success : LS : test2\a94a8fe5ccb19ba6\,0:-1,2016-12-14 14:35:56-818,2016-12-14 14:35:56-965
Success : CREATE_FILE : test2\a94a8fe5ccb19ba6\2a5bd02710e975a7\6593FF0A40D64836,0:2982534,2016-12-14 14:35:57-082,2016-12-14 14:35:59-788
Success : LS : test2\a94a8fe5ccb19ba6\2a5bd02710e975a7\,0:-1,2016-12-14 14:35:59-909,2016-12-14 14:36:00-415
Success : CREATE_FILE : test2\a94a8fe5ccb19ba6\4725397411CEB787,0:3670457,2016-12-14 14:36:00-538,2016-12-14 14:36:03-969
Success : LS : test2\a94a8fe5ccb19ba6\,0:-1,2016-12-14 14:36:04-081,2016-12-14 14:36:04-199
Success : CREATE_FILE : test2\a94a8fe5ccb19ba6\630E0EE55D70DA10,0:1964304,2016-12-14 14:36:04-292,2016-12-14 14:36:06-236
Success : LS : test1\f71b43c3136efa4f\c7d9912886e5ccc7\,0:-1,2016-12-14 14:36:06-355,2016-12-14 14:36:06-456
Success : LS : test2\a94a8fe5ccb19ba6\,0:-1,2016-12-14 14:36:06-550,2016-12-14 14:36:06-628
Success : CREATE_FILE : test2\a94a8fe5ccb19ba6\2a5bd02710e975a7\12DE609F12FF9A53,0:2713754,2016-12-14 14:36:06-711,2016-12-14 14:36:09-053
Success : LS : test1\f71b43c3136efa4f\,0:-1,2016-12-14 14:36:09-180,2016-12-14 14:36:09-251
Success : LS : test1\f71b43c3136efa4f\52481749c0cdecd6\,0:-1,2016-12-14 14:36:09-327,2016-12-14 14:36:09-396
Success : LS : test2\a94a8fe5ccb19ba6\2a5bd02710e975a7\,0:-1,2016-12-14 14:36:09-475,2016-12-14 14:36:09-553
Success : CREATE_FILE : test2\a94a8fe5ccb19ba6\008222FA53E7BECE,0:3342662,2016-12-14 14:36:09-635,2016-12-14 14:36:12-632
Success : SEQ_READ : test1\c5a5e5562b038073\b0c5d70d7f040bfa,0:17408,2016-12-14 14:36:12-713,2016-12-14 14:36:12-785
Success : LS : test2\a94a8fe5ccb19ba6\2a5bd02710e975a7\,0:-1,2016-12-14 14:36:12-858,2016-12-14 14:36:12-959
Success : LS : test2\a94a8fe5ccb19ba6\,0:-1,2016-12-14 14:36:13-045,2016-12-14 14:36:13-124
Success : LS : test2\a94a8fe5ccb19ba6\,0:-1,2016-12-14 14:36:13-228,2016-12-14 14:36:13-306
Success : CREATE_FILE : test2\a94a8fe5ccb19ba6\4BF9C71F29DF6889,0:3395662,2016-12-14 14:36:13-401,2016-12-14 14:36:16-313
Success : LS : test1\c5a5e5562b038073\a39ea9c72a98de10\,0:-1,2016-12-14 14:36:16-436,2016-12-14 14:36:16-511
Success : LS : test1\c5a5e5562b038073\a39ea9c72a98de10\,0:-1,2016-12-14 14:36:16-588,2016-12-14 14:36:16-649
Success : LS : test1\f71b43c3136efa4f\,0:-1,2016-12-14 14:36:16-722,2016-12-14 14:36:16-783
Success : LS : test2\a94a8fe5ccb19ba6\,0:-1,2016-12-14 14:36:16-903,2016-12-14 14:36:17-014
Success : SEQ_READ : test2\acde102dac5bbe15,0:6030,2016-12-14 14:36:18-168,2016-12-14 14:36:18-278
Success : LS : test1\f71b43c3136efa4f\9f93e73d6896cb7b\,0:-1,2016-12-14 14:36:18-382,2016-12-14 14:36:18-465
Fail : LS : test1,0:-1,2016-12-14 14:36:19-407,2016-12-14 14:36:19-407
Reason : java.lang.StringIndexOutOfBoundsException: String index out of range: -1
Success : LS : test1\f71b43c3136efa4f\,0:-1,2016-12-14 14:36:19-610,2016-12-14 14:36:19-681
Success : CREATE_FILE : test2\a94a8fe5ccb19ba6\2668B46177E6F46F,0:3344258,2016-12-14 14:36:20-275,2016-12-14 14:36:23-839
Success : LS : test2\a94a8fe5ccb19ba6\,0:-1,2016-12-14 14:36:23-963,2016-12-14 14:36:24-083
Success : CREATE_FILE : test2\a94a8fe5ccb19ba6\2a5bd02710e975a7\02E0DF6254593105,0:1125492,2016-12-14 14:36:24-205,2016-12-14 14:36:25-087
Success : SEQ_READ : test1\f71b43c3136efa4f\9f93e73d6896cb7b\6670af231c096f09,0:129,2016-12-14 14:36:25-165,2016-12-14 14:36:25-240
Success : LS : test2\a94a8fe5ccb19ba6\2a5bd02710e975a7\,0:-1,2016-12-14 14:36:25-351,2016-12-14 14:36:25-430
Success : LS : test1\f71b43c3136efa4f\52481749c0cdecd6\,0:-1,2016-12-14 14:36:25-662,2016-12-14 14:36:25-730
Success : CREATE_FILE : test2\a94a8fe5ccb19ba6\5C892E786F9896DD,0:370470,2016-12-14 14:36:26-379,2016-12-14 14:36:26-814
Success : LS : test2\a94a8fe5ccb19ba6\2a5bd02710e975a7\,0:-1,2016-12-14 14:36:26-940,2016-12-14 14:36:27-026
Success : LS : test2\a94a8fe5ccb19ba6\,0:-1,2016-12-14 14:36:27-124,2016-12-14 14:36:27-240
Success : LS : test1\f71b43c3136efa4f\9f93e73d6896cb7b\,0:-1,2016-12-14 14:36:28-027,2016-12-14 14:36:28-130
Success : LS : test1\c5a5e5562b038073\,0:-1,2016-12-14 14:36:28-222,2016-12-14 14:36:28-324
Fail : LS : test1,0:-1,2016-12-14 14:36:30-321,2016-12-14 14:36:30-321
Reason : java.lang.StringIndexOutOfBoundsException: String index out of range: -1
Success : LS : test1\f71b43c3136efa4f\52481749c0cdecd6\,0:-1,2016-12-14 14:36:31-226,2016-12-14 14:36:31-310
Success : LS : test1\f71b43c3136efa4f\9f93e73d6896cb7b\,0:-1,2016-12-14 14:36:31-677,2016-12-14 14:36:31-746
Success : LS : test2\a94a8fe5ccb19ba6\,0:-1,2016-12-14 14:36:31-929,2016-12-14 14:36:32-016
Success : CREATE_FILE : test2\a94a8fe5ccb19ba6\7434C6AC7E484321,0:1130425,2016-12-14 14:36:33-026,2016-12-14 14:36:33-709
Success : LS : test2\a94a8fe5ccb19ba6\,0:-1,2016-12-14 14:36:33-787,2016-12-14 14:36:34-144
Success : LS : test1\f71b43c3136efa4f\52481749c0cdecd6\,0:-1,2016-12-14 14:36:34-839,2016-12-14 14:36:34-940
Success : LS : test1\f71b43c3136efa4f\,0:-1,2016-12-14 14:36:35-360,2016-12-14 14:36:35-461
Success : LS : test2\a94a8fe5ccb19ba6\,0:-1,2016-12-14 14:36:35-549,2016-12-14 14:36:35-639
Success : LS : test1\c5a5e5562b038073\a39ea9c72a98de10\,0:-1,2016-12-14 14:36:36-548,2016-12-14 14:36:36-619
Success : LS : test1\f71b43c3136efa4f\52481749c0cdecd6\,0:-1,2016-12-14 14:36:38-519,2016-12-14 14:36:38-633
Fail : LS : test1,0:-1,2016-12-14 14:36:40-565,2016-12-14 14:36:40-565
Reason : java.lang.StringIndexOutOfBoundsException: String index out of range: -1
Success : CREATE_FILE : test2\a94a8fe5ccb19ba6\2a5bd02710e975a7\1929E76B101584AD,0:2126596,2016-12-14 14:36:41-053,2016-12-14 14:36:42-993
Success : LS : test2\a94a8fe5ccb19ba6\2a5bd02710e975a7\,0:-1,2016-12-14 14:36:43-122,2016-12-14 14:36:43-207
Fail : LS : test1,0:-1,2016-12-14 14:36:43-373,2016-12-14 14:36:43-373
Reason : java.lang.StringIndexOutOfBoundsException: String index out of range: -1
Success : CREATE_FILE : test2\a94a8fe5ccb19ba6\2a5bd02710e975a7\277F942A6091BFC8,0:843770,2016-12-14 14:36:43-462,2016-12-14 14:36:44-196
Success : LS : test2\a94a8fe5ccb19ba6\2a5bd02710e975a7\,0:-1,2016-12-14 14:36:44-322,2016-12-14 14:36:44-582
Success : CREATE_FILE : test2\a94a8fe5ccb19ba6\288B38B038A649D1,0:1296738,2016-12-14 14:36:46-318,2016-12-14 14:36:47-542
Success : LS : test2\a94a8fe5ccb19ba6\,0:-1,2016-12-14 14:36:47-662,2016-12-14 14:36:47-753
Success : CREATE_FILE : test2\a94a8fe5ccb19ba6\2a5bd02710e975a7\6DB14F5953503585,0:2830496,2016-12-14 14:36:47-858,2016-12-14 14:36:51-661
Success : LS : test2\a94a8fe5ccb19ba6\2a5bd02710e975a7\,0:-1,2016-12-14 14:36:51-743,2016-12-14 14:36:51-904
Success : LS : test2\a94a8fe5ccb19ba6\2a5bd02710e975a7\,0:-1,2016-12-14 14:36:52-016,2016-12-14 14:36:52-122
Success : CREATE_FILE : test2\a94a8fe5ccb19ba6\2a5bd02710e975a7\15D6F4BF7517BB9C,0:1799074,2016-12-14 14:36:52-247,2016-12-14 14:36:53-819
Success : LS : test2\a94a8fe5ccb19ba6\2a5bd02710e975a7\,0:-1,2016-12-14 14:36:53-943,2016-12-14 14:36:54-023
Success : CREATE_FILE : test2\a94a8fe5ccb19ba6\2a5bd02710e975a7\0DB52B1442C8A51F,0:3950742,2016-12-14 14:36:54-122,2016-12-14 14:36:58-896
Success : LS : test2\a94a8fe5ccb19ba6\2a5bd02710e975a7\,0:-1,2016-12-14 14:36:59-021,2016-12-14 14:36:59-138
Success : CREATE_FILE : test2\a94a8fe5ccb19ba6\2a5bd02710e975a7\5B829B962FD01052,0:906669,2016-12-14 14:36:59-233,2016-12-14 14:37:00-145
Success : LS : test1\c5a5e5562b038073\a39ea9c72a98de10\,0:-1,2016-12-14 14:37:00-270,2016-12-14 14:37:00-342
Success : LS : test2\a94a8fe5ccb19ba6\2a5bd02710e975a7\,0:-1,2016-12-14 14:37:00-419,2016-12-14 14:37:00-490
Success : CREATE_FILE : test2\a94a8fe5ccb19ba6\2a5bd02710e975a7\50F518A32C1E8162,0:43301,2016-12-14 14:37:00-574,2016-12-14 14:37:01-199
Success : LS : test2\a94a8fe5ccb19ba6\2a5bd02710e975a7\,0:-1,2016-12-14 14:37:01-324,2016-12-14 14:37:01-432
Success : CREATE_FILE : test2\a94a8fe5ccb19ba6\2a5bd02710e975a7\011846CB65014763,0:3732138,2016-12-14 14:37:01-523,2016-12-14 14:37:05-069
Success : LS : test2\a94a8fe5ccb19ba6\2a5bd02710e975a7\,0:-1,2016-12-14 14:37:05-192,2016-12-14 14:37:05-275
Success : CREATE_FILE : test2\a94a8fe5ccb19ba6\2a5bd02710e975a7\4254D32B7D554A0B,0:1674329,2016-12-14 14:37:05-353,2016-12-14 14:37:06-968
Success : LS : test1\f71b43c3136efa4f\9f93e73d6896cb7b\,0:-1,2016-12-14 14:37:07-088,2016-12-14 14:37:07-189
Success : LS : test1\c5a5e5562b038073\,0:-1,2016-12-14 14:37:07-283,2016-12-14 14:37:07-389
Success : LS : test2\a94a8fe5ccb19ba6\2a5bd02710e975a7\,0:-1,2016-12-14 14:37:07-480,2016-12-14 14:37:07-591
Success : LS : test2\a94a8fe5ccb19ba6\2a5bd02710e975a7\,0:-1,2016-12-14 14:37:07-682,2016-12-14 14:37:07-796
Success : SEQ_READ : test1\c5a5e5562b038073\2d77b1044a6c5c82,0:764416,2016-12-14 14:37:07-886,2016-12-14 14:37:07-996
Success : LS : test2\a94a8fe5ccb19ba6\,0:-1,2016-12-14 14:37:08-093,2016-12-14 14:37:08-214
Success : LS : test1\f71b43c3136efa4f\,0:-1,2016-12-14 14:37:09-492,2016-12-14 14:37:09-563
Success : LS : test1\c5a5e5562b038073\0189424a5a60fed3\,0:-1,2016-12-14 14:37:09-731,2016-12-14 14:37:09-793
Success : CREATE_FILE : test2\a94a8fe5ccb19ba6\2a5bd02710e975a7\6B784CA46533D49C,0:570389,2016-12-14 14:37:10-037,2016-12-14 14:37:10-787
Success : LS : test1\c5a5e5562b038073\,0:-1,2016-12-14 14:37:10-912,2016-12-14 14:37:10-985
Success : LS : test2\a94a8fe5ccb19ba6\2a5bd02710e975a7\,0:-1,2016-12-14 14:37:11-102,2016-12-14 14:37:11-206
Success : CREATE_FILE : test2\a94a8fe5ccb19ba6\25D72E2B307E7001,0:3554810,2016-12-14 14:37:11-379,2016-12-14 14:37:16-060
Success : LS : test2\a94a8fe5ccb19ba6\,0:-1,2016-12-14 14:37:16-187,2016-12-14 14:37:16-278
Success : CREATE_FILE : test2\a94a8fe5ccb19ba6\310CF13B0762329A,0:2035109,2016-12-14 14:37:16-402,2016-12-14 14:37:18-405
Success : LS : test1\c5a5e5562b038073\,0:-1,2016-12-14 14:37:18-589,2016-12-14 14:37:18-654
Success : LS : test2\a94a8fe5ccb19ba6\2a5bd02710e975a7\,0:-1,2016-12-14 14:37:18-735,2016-12-14 14:37:18-805
Success : LS : test2\a94a8fe5ccb19ba6\,0:-1,2016-12-14 14:37:18-929,2016-12-14 14:37:19-013
Success : CREATE_FILE : test2\a94a8fe5ccb19ba6\34B0B82E6111ED9C,0:3453554,2016-12-14 14:37:19-097,2016-12-14 14:37:23-243
Success : LS : test1\f71b43c3136efa4f\83404ffd78f534ff\,0:-1,2016-12-14 14:37:23-368,2016-12-14 14:37:23-450
Success : LS : test2\a94a8fe5ccb19ba6\,0:-1,2016-12-14 14:37:23-531,2016-12-14 14:37:23-606
Success : LS : test2\a94a8fe5ccb19ba6\,0:-1,2016-12-14 14:37:23-681,2016-12-14 14:37:23-844
Success : SEQ_READ : test2\8da7cc13802eefe0,0:22987191,2016-12-14 14:37:23-920,2016-12-14 14:37:24-047
Success : CREATE_FILE : test2\a94a8fe5ccb19ba6\2a5bd02710e975a7\0B6D0E056C2630D6,0:2068028,2016-12-14 14:37:24-175,2016-12-14 14:37:26-288
Success : LS : test2\a94a8fe5ccb19ba6\2a5bd02710e975a7\,0:-1,2016-12-14 14:37:26-509,2016-12-14 14:37:27-131
Success : LS : test2\a94a8fe5ccb19ba6\2a5bd02710e975a7\,0:-1,2016-12-14 14:37:27-342,2016-12-14 14:37:27-429
Success : CREATE_FILE : test2\a94a8fe5ccb19ba6\45ABA0163E9B224C,0:2855355,2016-12-14 14:37:27-536,2016-12-14 14:37:30-061
Success : LS : test2\a94a8fe5ccb19ba6\,0:-1,2016-12-14 14:37:30-187,2016-12-14 14:37:30-311
Success : CREATE_FILE : test2\a94a8fe5ccb19ba6\7560C1D874803C44,0:1743280,2016-12-14 14:37:31-171,2016-12-14 14:37:32-768
Success : LS : test2\a94a8fe5ccb19ba6\,0:-1,2016-12-14 14:37:32-944,2016-12-14 14:37:33-024
Success : CREATE_FILE : test2\a94a8fe5ccb19ba6\792394FC02ACF74C,0:1608475,2016-12-14 14:37:33-120,2016-12-14 14:37:34-709
Success : LS : test1\f71b43c3136efa4f\,0:-1,2016-12-14 14:37:34-824,2016-12-14 14:37:34-927
Success : LS : test2\a94a8fe5ccb19ba6\,0:-1,2016-12-14 14:37:35-016,2016-12-14 14:37:35-095
