Success : SEQ_READ : test2\49f03965cf98b1f5,0:1024,2016-12-12 16:45:18-263,2016-12-12 16:45:18-440
Success : SEQ_READ : test1\c5a5e5562b038073\05d1f0ed74e78555,0:44032,2016-12-12 16:45:18-571,2016-12-12 16:45:18-667
Success : SEQ_READ : test2\a94a8fe5ccb19ba6\2a5bd02710e975a7\254d76d2609fec03,0:0,2016-12-12 16:45:18-792,2016-12-12 16:45:18-911
Success : LS : test1\f71b43c3136efa4f\,0:-1,2016-12-12 16:45:19-024,2016-12-12 16:45:19-109
Success : LS : test1\f71b43c3136efa4f\,0:-1,2016-12-12 16:45:19-185,2016-12-12 16:45:19-289
Success : SEQ_READ : test2\a94a8fe5ccb19ba6\2a5bd02710e975a7\178db47a574c645f,0:257,2016-12-12 16:45:19-382,2016-12-12 16:45:19-483
Success : LS : test1\f71b43c3136efa4f\9f93e73d6896cb7b\,0:-1,2016-12-12 16:45:19-608,2016-12-12 16:45:19-686
Success : CREATE_FILE : test2\a94a8fe5ccb19ba6\2a5bd02710e975a7\61E3520144F171FC,0:470141,2016-12-12 16:45:19-779,2016-12-12 16:45:20-303
Success : SEQ_READ : test2\6c33a983eec1b409,0:2048,2016-12-12 16:45:20-415,2016-12-12 16:45:20-491
Success : SEQ_READ : test1\c5a5e5562b038073\a39ea9c72a98de10\f398de59988a85e5,0:1024,2016-12-12 16:45:20-606,2016-12-12 16:45:20-674
Success : SEQ_READ : test2\6c33a983eec1b409,0:2048,2016-12-12 16:45:20-767,2016-12-12 16:45:20-831
Success : LS : test2\a94a8fe5ccb19ba6\2a5bd02710e975a7\,0:-1,2016-12-12 16:45:20-910,2016-12-12 16:45:21-017
Success : SEQ_READ : test2\bc9c8ba7ff351f3e,0:168960,2016-12-12 16:45:21-135,2016-12-12 16:45:21-214
Success : LS : test2\a94a8fe5ccb19ba6\2a5bd02710e975a7\,0:-1,2016-12-12 16:45:21-315,2016-12-12 16:45:21-436
Success : CREATE_FILE : test2\a94a8fe5ccb19ba6\20FA9710130FEAF4,0:3021092,2016-12-12 16:45:21-559,2016-12-12 16:45:24-404
Success : LS : test2\a94a8fe5ccb19ba6\,0:-1,2016-12-12 16:45:24-532,2016-12-12 16:45:24-635
Success : CREATE_FILE : test2\a94a8fe5ccb19ba6\2F2146CC0A52F777,0:3708336,2016-12-12 16:45:24-747,2016-12-12 16:45:28-377
Success : SEQ_READ : test2\a94a8fe5ccb19ba6\4b6fcb2d521ef0fd,0:2048,2016-12-12 16:45:28-502,2016-12-12 16:45:28-656
Success : SEQ_READ : test1\c5a5e5562b038073\fbe0d7653f0909cb,0:1024,2016-12-12 16:45:28-741,2016-12-12 16:45:28-823
Success : SEQ_READ : test1\c5a5e5562b038073\a39ea9c72a98de10\4a90c52e52d54ede,0:1024,2016-12-12 16:45:28-901,2016-12-12 16:45:28-963
Success : LS : test1\c5a5e5562b038073\,0:-1,2016-12-12 16:45:29-040,2016-12-12 16:45:29-132
Success : LS : test2\a94a8fe5ccb19ba6\,0:-1,2016-12-12 16:45:29-217,2016-12-12 16:45:29-350
Success : CREATE_FILE : test2\a94a8fe5ccb19ba6\4BA9C0C94DBF6320,0:365948,2016-12-12 16:45:29-481,2016-12-12 16:45:30-145
Success : LS : test2\a94a8fe5ccb19ba6\,0:-1,2016-12-12 16:45:30-266,2016-12-12 16:45:30-363
Success : CREATE_FILE : test2\a94a8fe5ccb19ba6\2D8415CD6C81720B,0:2797747,2016-12-12 16:45:30-473,2016-12-12 16:45:32-927
Success : LS : test2\a94a8fe5ccb19ba6\,0:-1,2016-12-12 16:45:33-035,2016-12-12 16:45:33-131
Success : CREATE_FILE : test2\a94a8fe5ccb19ba6\6F83414F3FF06FEF,0:312898,2016-12-12 16:45:33-238,2016-12-12 16:45:33-707
Success : LS : test2\a94a8fe5ccb19ba6\,0:-1,2016-12-12 16:45:33-857,2016-12-12 16:45:33-971
Fail : LS : test1,0:-1,2016-12-12 16:45:34-090,2016-12-12 16:45:34-090
Reason : java.lang.StringIndexOutOfBoundsException: String index out of range: -2
Success : SEQ_READ : test1\c5a5e5562b038073\a39ea9c72a98de10\41288c58009f7f6a,0:477,2016-12-12 16:45:34-202,2016-12-12 16:45:34-307
Success : LS : test1\f71b43c3136efa4f\9f93e73d6896cb7b\,0:-1,2016-12-12 16:45:34-401,2016-12-12 16:45:34-509
Success : LS : test2\a94a8fe5ccb19ba6\,0:-1,2016-12-12 16:45:34-627,2016-12-12 16:45:34-731
Success : LS : test1\f71b43c3136efa4f\,0:-1,2016-12-12 16:45:34-851,2016-12-12 16:45:34-969
Success : LS : test2\a94a8fe5ccb19ba6\,0:-1,2016-12-12 16:45:35-094,2016-12-12 16:45:35-191
Success : CREATE_FILE : test2\a94a8fe5ccb19ba6\364C68C8673AA50A,0:3883019,2016-12-12 16:45:35-312,2016-12-12 16:45:38-974
Success : SEQ_READ : test1\c5a5e5562b038073\767c14c8beb1e835,0:3333120,2016-12-12 16:45:39-092,2016-12-12 16:45:39-169
Success : LS : test2\a94a8fe5ccb19ba6\,0:-1,2016-12-12 16:45:39-288,2016-12-12 16:45:39-421
Success : SEQ_READ : test2\49f03965cf98b1f5,0:0,2016-12-12 16:45:39-509,2016-12-12 16:45:39-601
Success : LS : test2\a94a8fe5ccb19ba6\2a5bd02710e975a7\,0:-1,2016-12-12 16:45:39-690,2016-12-12 16:45:39-770
Success : LS : test2\a94a8fe5ccb19ba6\,0:-1,2016-12-12 16:45:39-849,2016-12-12 16:45:39-973
Success : CREATE_FILE : test2\a94a8fe5ccb19ba6\5E337D7278BE906E,0:3766132,2016-12-12 16:45:40-071,2016-12-12 16:45:43-729
Success : LS : test2\a94a8fe5ccb19ba6\,0:-1,2016-12-12 16:45:43-856,2016-12-12 16:45:43-958
Success : CREATE_FILE : test2\a94a8fe5ccb19ba6\2a5bd02710e975a7\33CF2D024CB42614,0:1560284,2016-12-12 16:45:44-040,2016-12-12 16:45:45-297
Success : LS : test2\a94a8fe5ccb19ba6\2a5bd02710e975a7\,0:-1,2016-12-12 16:45:45-417,2016-12-12 16:45:45-531
Success : CREATE_FILE : test2\a94a8fe5ccb19ba6\433E44552F288D24,0:3849975,2016-12-12 16:45:45-635,2016-12-12 16:45:49-250
Success : SEQ_READ : test1\c5a5e5562b038073\c7734a16bf12bb03,0:250880,2016-12-12 16:45:49-368,2016-12-12 16:45:49-444
Success : LS : test1\f71b43c3136efa4f\c7d9912886e5ccc7\,0:-1,2016-12-12 16:45:49-567,2016-12-12 16:45:49-641
Success : LS : test2\a94a8fe5ccb19ba6\2a5bd02710e975a7\,0:-1,2016-12-12 16:45:49-730,2016-12-12 16:45:49-807
Fail : LS : test1,0:-1,2016-12-12 16:45:49-888,2016-12-12 16:45:49-889
Reason : java.lang.StringIndexOutOfBoundsException: String index out of range: -2
Success : LS : test2\a94a8fe5ccb19ba6\,0:-1,2016-12-12 16:45:49-965,2016-12-12 16:45:50-055
Success : CREATE_FILE : test2\a94a8fe5ccb19ba6\2a5bd02710e975a7\34C88E8977128545,0:2438318,2016-12-12 16:45:50-144,2016-12-12 16:45:52-335
Success : LS : test2\a94a8fe5ccb19ba6\2a5bd02710e975a7\,0:-1,2016-12-12 16:45:52-463,2016-12-12 16:45:52-556
Success : CREATE_FILE : test2\a94a8fe5ccb19ba6\05D1493F07B7BDFF,0:1985708,2016-12-12 16:45:52-669,2016-12-12 16:45:54-245
Success : LS : test2\a94a8fe5ccb19ba6\,0:-1,2016-12-12 16:45:54-361,2016-12-12 16:45:54-465
Success : CREATE_FILE : test2\a94a8fe5ccb19ba6\0946F7AD15B3AB07,0:3469598,2016-12-12 16:45:54-560,2016-12-12 16:45:57-904
Success : SEQ_READ : test2\acde102dac5bbe15,0:0,2016-12-12 16:45:58-030,2016-12-12 16:45:58-133
Success : LS : test1\c5a5e5562b038073\a39ea9c72a98de10\,0:-1,2016-12-12 16:45:58-254,2016-12-12 16:45:58-330
Success : LS : test1\c5a5e5562b038073\0189424a5a60fed3\,0:-1,2016-12-12 16:45:58-447,2016-12-12 16:45:58-520
Success : SEQ_READ : test1\c5a5e5562b038073\a39ea9c72a98de10\41288c58009f7f6a,0:477,2016-12-12 16:45:58-619,2016-12-12 16:45:58-683
Success : LS : test2\a94a8fe5ccb19ba6\,0:-1,2016-12-12 16:45:58-797,2016-12-12 16:45:58-893
Success : LS : test2\a94a8fe5ccb19ba6\,0:-1,2016-12-12 16:45:58-990,2016-12-12 16:45:59-082
Success : CREATE_FILE : test2\a94a8fe5ccb19ba6\2a5bd02710e975a7\34854F610F1669B0,0:2435314,2016-12-12 16:45:59-183,2016-12-12 16:46:01-403
Success : LS : test2\a94a8fe5ccb19ba6\2a5bd02710e975a7\,0:-1,2016-12-12 16:46:01-525,2016-12-12 16:46:01-613
Success : CREATE_FILE : test2\a94a8fe5ccb19ba6\614CCC222C800395,0:1693837,2016-12-12 16:46:01-728,2016-12-12 16:46:03-210
Success : SEQ_READ : test2\a94a8fe5ccb19ba6\4b6fcb2d521ef0fd,0:1024,2016-12-12 16:46:03-304,2016-12-12 16:46:03-440
Success : LS : test1\f71b43c3136efa4f\52481749c0cdecd6\,0:-1,2016-12-12 16:46:03-559,2016-12-12 16:46:03-651
Success : LS : test1\f71b43c3136efa4f\,0:-1,2016-12-12 16:46:03-737,2016-12-12 16:46:03-833
Success : LS : test1\f71b43c3136efa4f\83404ffd78f534ff\,0:-1,2016-12-12 16:46:03-957,2016-12-12 16:46:04-057
Success : LS : test2\a94a8fe5ccb19ba6\2a5bd02710e975a7\,0:-1,2016-12-12 16:46:04-178,2016-12-12 16:46:04-263
Success : LS : test2\a94a8fe5ccb19ba6\,0:-1,2016-12-12 16:46:04-383,2016-12-12 16:46:04-483
Success : CREATE_FILE : test2\a94a8fe5ccb19ba6\2a5bd02710e975a7\50536CE310855645,0:2287210,2016-12-12 16:46:04-580,2016-12-12 16:46:06-784
Success : LS : test1\c5a5e5562b038073\0189424a5a60fed3\,0:-1,2016-12-12 16:46:06-896,2016-12-12 16:46:06-996
Success : LS : test2\a94a8fe5ccb19ba6\,0:-1,2016-12-12 16:46:07-117,2016-12-12 16:46:07-216
Success : SEQ_READ : test1\c5a5e5562b038073\05d1f0ed74e78555,0:57344,2016-12-12 16:46:07-340,2016-12-12 16:46:07-412
Success : LS : test1\f71b43c3136efa4f\52481749c0cdecd6\,0:-1,2016-12-12 16:46:07-496,2016-12-12 16:46:07-558
Success : LS : test2\a94a8fe5ccb19ba6\2a5bd02710e975a7\,0:-1,2016-12-12 16:46:07-642,2016-12-12 16:46:07-721
Success : CREATE_FILE : test2\a94a8fe5ccb19ba6\2a5bd02710e975a7\582DD74A4BE975D8,0:1991921,2016-12-12 16:46:07-828,2016-12-12 16:46:09-732
Success : LS : test2\a94a8fe5ccb19ba6\2a5bd02710e975a7\,0:-1,2016-12-12 16:46:09-861,2016-12-12 16:46:09-976
Success : CREATE_FILE : test2\a94a8fe5ccb19ba6\717EA4FD77067095,0:1308358,2016-12-12 16:46:10-100,2016-12-12 16:46:11-229
Success : LS : test2\a94a8fe5ccb19ba6\,0:-1,2016-12-12 16:46:11-356,2016-12-12 16:46:11-483
Success : CREATE_FILE : test2\a94a8fe5ccb19ba6\07F5D2FB51B526EB,0:792965,2016-12-12 16:46:11-600,2016-12-12 16:46:12-439
Success : LS : test1\c5a5e5562b038073\a39ea9c72a98de10\,0:-1,2016-12-12 16:46:12-552,2016-12-12 16:46:12-622
Success : LS : test2\a94a8fe5ccb19ba6\2a5bd02710e975a7\,0:-1,2016-12-12 16:46:12-707,2016-12-12 16:46:12-810
Success : SEQ_READ : test1\c5a5e5562b038073\c7734a16bf12bb03,0:315392,2016-12-12 16:46:12-933,2016-12-12 16:46:13-031
Success : LS : test1\f71b43c3136efa4f\9f93e73d6896cb7b\,0:-1,2016-12-12 16:46:13-126,2016-12-12 16:46:13-192
Success : SEQ_READ : test1\c5a5e5562b038073\738537f9a40e568b,0:4096,2016-12-12 16:46:13-295,2016-12-12 16:46:13-387
Success : LS : test2\a94a8fe5ccb19ba6\,0:-1,2016-12-12 16:46:13-497,2016-12-12 16:46:13-621
Success : CREATE_FILE : test2\a94a8fe5ccb19ba6\2a5bd02710e975a7\7FE1142F75FD70AE,0:3936117,2016-12-12 16:46:13-716,2016-12-12 16:46:17-898
Success : LS : test2\a94a8fe5ccb19ba6\2a5bd02710e975a7\,0:-1,2016-12-12 16:46:17-976,2016-12-12 16:46:18-051
Success : CREATE_FILE : test2\a94a8fe5ccb19ba6\2630F94B130EF914,0:3102422,2016-12-12 16:46:18-127,2016-12-12 16:46:21-055
Success : LS : test1\f71b43c3136efa4f\,0:-1,2016-12-12 16:46:21-131,2016-12-12 16:46:21-193
Success : SEQ_READ : test1\f71b43c3136efa4f\c7d9912886e5ccc7\6670af231c096f09,0:129,2016-12-12 16:46:21-269,2016-12-12 16:46:21-329
Success : SEQ_READ : test2\a94a8fe5ccb19ba6\2a5bd02710e975a7\3eef580036f1724a,0:257,2016-12-12 16:46:21-406,2016-12-12 16:46:21-487
Success : LS : test2\a94a8fe5ccb19ba6\,0:-1,2016-12-12 16:46:21-574,2016-12-12 16:46:21-698
Success : LS : test2\a94a8fe5ccb19ba6\,0:-1,2016-12-12 16:46:21-789,2016-12-12 16:46:21-883
Success : CREATE_FILE : test2\a94a8fe5ccb19ba6\5DEBFF6E1D8BCAE9,0:3980620,2016-12-12 16:46:21-967,2016-12-12 16:46:25-912
Success : LS : test2\a94a8fe5ccb19ba6\,0:-1,2016-12-12 16:46:26-038,2016-12-12 16:46:26-161
Success : CREATE_FILE : test2\a94a8fe5ccb19ba6\2a5bd02710e975a7\7D9C5EFD08E7086D,0:2439234,2016-12-12 16:46:26-282,2016-12-12 16:46:28-914
Success : LS : test2\a94a8fe5ccb19ba6\2a5bd02710e975a7\,0:-1,2016-12-12 16:46:29-036,2016-12-12 16:46:29-153
Success : CREATE_FILE : test2\a94a8fe5ccb19ba6\63B0C8E37F2A9C85,0:3040797,2016-12-12 16:46:29-250,2016-12-12 16:46:32-987
Success : SEQ_READ : test1\9832710c94f11d2b,0:6880256,2016-12-12 16:46:33-076,2016-12-12 16:46:33-145
Success : SEQ_READ : test2\6c33a983eec1b409,0:1024,2016-12-12 16:46:33-223,2016-12-12 16:46:33-316
Success : SEQ_READ : test1\c5a5e5562b038073\0caa882bd1034750,0:118784,2016-12-12 16:46:33-463,2016-12-12 16:46:33-638
Success : LS : test2\a94a8fe5ccb19ba6\,0:-1,2016-12-12 16:46:33-716,2016-12-12 16:46:33-806
Fail : LS : test1,0:-1,2016-12-12 16:46:33-926,2016-12-12 16:46:33-927
Reason : java.lang.StringIndexOutOfBoundsException: String index out of range: -2
Success : LS : test1\f71b43c3136efa4f\83404ffd78f534ff\,0:-1,2016-12-12 16:46:34-052,2016-12-12 16:46:34-127
Success : LS : test2\a94a8fe5ccb19ba6\,0:-1,2016-12-12 16:46:34-207,2016-12-12 16:46:34-336
Success : CREATE_FILE : test2\a94a8fe5ccb19ba6\597A79640A63C58E,0:3398018,2016-12-12 16:46:34-463,2016-12-12 16:46:38-936
Success : LS : test1\f71b43c3136efa4f\,0:-1,2016-12-12 16:46:39-211,2016-12-12 16:46:39-929
Fail : LS : test1,0:-1,2016-12-12 16:46:40-295,2016-12-12 16:46:40-295
Reason : java.lang.StringIndexOutOfBoundsException: String index out of range: -2
Success : LS : test2\a94a8fe5ccb19ba6\,0:-1,2016-12-12 16:46:40-552,2016-12-12 16:46:40-651
Success : LS : test1\f71b43c3136efa4f\,0:-1,2016-12-12 16:46:40-732,2016-12-12 16:46:40-794
Success : LS : test2\a94a8fe5ccb19ba6\,0:-1,2016-12-12 16:46:40-871,2016-12-12 16:46:40-958
Success : CREATE_FILE : test2\a94a8fe5ccb19ba6\64C964242C97EDE7,0:3975019,2016-12-12 16:46:41-073,2016-12-12 16:46:44-785
Success : LS : test2\a94a8fe5ccb19ba6\,0:-1,2016-12-12 16:46:44-883,2016-12-12 16:46:44-970
Success : CREATE_FILE : test2\a94a8fe5ccb19ba6\2a5bd02710e975a7\1D04C5953FE12268,0:1198160,2016-12-12 16:46:45-049,2016-12-12 16:46:45-839
Success : LS : test2\a94a8fe5ccb19ba6\2a5bd02710e975a7\,0:-1,2016-12-12 16:46:45-962,2016-12-12 16:46:46-052
Success : CREATE_FILE : test2\a94a8fe5ccb19ba6\2EB620FE3A832780,0:348037,2016-12-12 16:46:46-165,2016-12-12 16:46:46-611
Fail : LS : test1,0:-1,2016-12-12 16:46:46-732,2016-12-12 16:46:46-732
Reason : java.lang.StringIndexOutOfBoundsException: String index out of range: -2
Success : LS : test1\f71b43c3136efa4f\9f93e73d6896cb7b\,0:-1,2016-12-12 16:46:46-849,2016-12-12 16:46:46-954
Success : LS : test2\a94a8fe5ccb19ba6\2a5bd02710e975a7\,0:-1,2016-12-12 16:46:47-071,2016-12-12 16:46:47-185
Success : SEQ_READ : test2\8da7cc13802eefe0,0:6107136,2016-12-12 16:46:47-308,2016-12-12 16:46:47-415
Success : LS : test1\f71b43c3136efa4f\,0:-1,2016-12-12 16:46:47-536,2016-12-12 16:46:47-605
Success : LS : test2\a94a8fe5ccb19ba6\,0:-1,2016-12-12 16:46:47-693,2016-12-12 16:46:47-788
Success : CREATE_FILE : test2\a94a8fe5ccb19ba6\2a5bd02710e975a7\6491CB0726BADB57,0:532664,2016-12-12 16:46:47-902,2016-12-12 16:46:48-985
Success : LS : test2\a94a8fe5ccb19ba6\2a5bd02710e975a7\,0:-1,2016-12-12 16:46:49-109,2016-12-12 16:46:49-194
Success : CREATE_FILE : test2\a94a8fe5ccb19ba6\442A18DC1FE15DE0,0:2092961,2016-12-12 16:46:49-278,2016-12-12 16:46:50-968
Success : SEQ_READ : test2\a94a8fe5ccb19ba6\2a5bd02710e975a7\254d76d2609fec03,0:2048,2016-12-12 16:46:51-047,2016-12-12 16:46:51-133
Success : LS : test2\a94a8fe5ccb19ba6\,0:-1,2016-12-12 16:46:51-217,2016-12-12 16:46:51-346
Success : SEQ_READ : test1\c5a5e5562b038073\7b7f22b30cf50087,0:2048,2016-12-12 16:46:51-465,2016-12-12 16:46:51-555
Success : LS : test1\c5a5e5562b038073\0189424a5a60fed3\,0:-1,2016-12-12 16:46:51-642,2016-12-12 16:46:51-704
Success : LS : test2\a94a8fe5ccb19ba6\,0:-1,2016-12-12 16:46:51-779,2016-12-12 16:46:51-873
Success : CREATE_FILE : test2\a94a8fe5ccb19ba6\2a5bd02710e975a7\2E028E8F0C7DCBB9,0:2359884,2016-12-12 16:46:52-020,2016-12-12 16:46:54-243
Success : LS : test2\a94a8fe5ccb19ba6\2a5bd02710e975a7\,0:-1,2016-12-12 16:46:54-362,2016-12-12 16:46:54-533
Success : CREATE_FILE : test2\a94a8fe5ccb19ba6\1F59DDA47AF5478A,0:4056160,2016-12-12 16:46:54-615,2016-12-12 16:46:58-465
Success : LS : test1\c5a5e5562b038073\0189424a5a60fed3\,0:-1,2016-12-12 16:46:58-595,2016-12-12 16:46:58-671
Success : LS : test1\f71b43c3136efa4f\9f93e73d6896cb7b\,0:-1,2016-12-12 16:46:58-798,2016-12-12 16:46:58-861
Success : LS : test1\f71b43c3136efa4f\52481749c0cdecd6\,0:-1,2016-12-12 16:46:58-983,2016-12-12 16:46:59-053
Success : LS : test1\f71b43c3136efa4f\9f93e73d6896cb7b\,0:-1,2016-12-12 16:46:59-167,2016-12-12 16:46:59-237
Success : LS : test1\f71b43c3136efa4f\,0:-1,2016-12-12 16:46:59-350,2016-12-12 16:46:59-421
Success : LS : test2\a94a8fe5ccb19ba6\,0:-1,2016-12-12 16:46:59-539,2016-12-12 16:46:59-638
Success : CREATE_FILE : test2\a94a8fe5ccb19ba6\5C437B4947B89F21,0:3604756,2016-12-12 16:46:59-722,2016-12-12 16:47:03-443
Success : LS : test2\a94a8fe5ccb19ba6\,0:-1,2016-12-12 16:47:03-567,2016-12-12 16:47:03-665
Success : CREATE_FILE : test2\a94a8fe5ccb19ba6\1C44D952459EB73E,0:1472598,2016-12-12 16:47:03-757,2016-12-12 16:47:04-948
Success : LS : test1\f71b43c3136efa4f\83404ffd78f534ff\,0:-1,2016-12-12 16:47:05-072,2016-12-12 16:47:05-144
Success : LS : test1\f71b43c3136efa4f\52481749c0cdecd6\,0:-1,2016-12-12 16:47:05-223,2016-12-12 16:47:05-321
Success : LS : test1\f71b43c3136efa4f\,0:-1,2016-12-12 16:47:05-431,2016-12-12 16:47:05-524
Fail : LS : test1,0:-1,2016-12-12 16:47:05-641,2016-12-12 16:47:05-641
Reason : java.lang.StringIndexOutOfBoundsException: String index out of range: -2
Success : LS : test2\a94a8fe5ccb19ba6\,0:-1,2016-12-12 16:47:05-728,2016-12-12 16:47:05-823
Success : CREATE_FILE : test2\a94a8fe5ccb19ba6\2a5bd02710e975a7\200E4BAB6CF9C248,0:38747,2016-12-12 16:47:05-903,2016-12-12 16:47:06-284
Success : LS : test2\a94a8fe5ccb19ba6\2a5bd02710e975a7\,0:-1,2016-12-12 16:47:06-396,2016-12-12 16:47:06-488
Success : CREATE_FILE : test2\a94a8fe5ccb19ba6\44251ACF77F3B2B1,0:643867,2016-12-12 16:47:06-593,2016-12-12 16:47:07-303
Success : LS : test2\a94a8fe5ccb19ba6\,0:-1,2016-12-12 16:47:07-428,2016-12-12 16:47:07-528
Success : CREATE_FILE : test2\a94a8fe5ccb19ba6\3CC739C47C913927,0:256040,2016-12-12 16:47:07-641,2016-12-12 16:47:08-064
Success : LS : test1\c5a5e5562b038073\,0:-1,2016-12-12 16:47:08-184,2016-12-12 16:47:08-282
Success : LS : test1\f71b43c3136efa4f\83404ffd78f534ff\,0:-1,2016-12-12 16:47:08-403,2016-12-12 16:47:08-472
Success : LS : test1\c5a5e5562b038073\,0:-1,2016-12-12 16:47:08-551,2016-12-12 16:47:08-611
Success : LS : test1\f71b43c3136efa4f\83404ffd78f534ff\,0:-1,2016-12-12 16:47:08-690,2016-12-12 16:47:08-755
Success : LS : test2\a94a8fe5ccb19ba6\,0:-1,2016-12-12 16:47:08-854,2016-12-12 16:47:08-944
Success : CREATE_FILE : test2\a94a8fe5ccb19ba6\1441E9DA6843B23A,0:357217,2016-12-12 16:47:09-022,2016-12-12 16:47:09-543
Success : LS : test2\a94a8fe5ccb19ba6\,0:-1,2016-12-12 16:47:09-620,2016-12-12 16:47:09-735
Success : CREATE_FILE : test2\a94a8fe5ccb19ba6\0BB7DC731FE7A052,0:3270007,2016-12-12 16:47:09-850,2016-12-12 16:47:12-979
Success : LS : test2\a94a8fe5ccb19ba6\,0:-1,2016-12-12 16:47:13-107,2016-12-12 16:47:13-209
Success : CREATE_FILE : test2\a94a8fe5ccb19ba6\23937CE376DB5301,0:3464334,2016-12-12 16:47:13-336,2016-12-12 16:47:16-631
Success : LS : test2\a94a8fe5ccb19ba6\2a5bd02710e975a7\,0:-1,2016-12-12 16:47:16-751,2016-12-12 16:47:16-843
Success : LS : test1\f71b43c3136efa4f\c7d9912886e5ccc7\,0:-1,2016-12-12 16:47:16-964,2016-12-12 16:47:17-038
Success : SEQ_READ : test1\c5a5e5562b038073\0189424a5a60fed3\feb6a1968982109d,0:17477632,2016-12-12 16:47:17-155,2016-12-12 16:47:17-234
Success : LS : test2\a94a8fe5ccb19ba6\,0:-1,2016-12-12 16:47:17-345,2016-12-12 16:47:17-439
Success : SEQ_READ : test1\c5a5e5562b038073\738537f9a40e568b,0:6144,2016-12-12 16:47:17-559,2016-12-12 16:47:17-708
Success : LS : test2\a94a8fe5ccb19ba6\,0:-1,2016-12-12 16:47:17-790,2016-12-12 16:47:17-921
Success : CREATE_FILE : test2\a94a8fe5ccb19ba6\2a5bd02710e975a7\4CAE5A212DA7034B,0:3365957,2016-12-12 16:47:17-998,2016-12-12 16:47:21-058
Success : LS : test2\a94a8fe5ccb19ba6\2a5bd02710e975a7\,0:-1,2016-12-12 16:47:21-135,2016-12-12 16:47:21-211
Success : CREATE_FILE : test2\a94a8fe5ccb19ba6\6C40BF991B80D6AE,0:620581,2016-12-12 16:47:21-291,2016-12-12 16:47:21-812
Success : LS : test1\f71b43c3136efa4f\,0:-1,2016-12-12 16:47:21-934,2016-12-12 16:47:22-006
Success : LS : test1\f71b43c3136efa4f\52481749c0cdecd6\,0:-1,2016-12-12 16:47:22-082,2016-12-12 16:47:22-145
Success : LS : test2\a94a8fe5ccb19ba6\2a5bd02710e975a7\,0:-1,2016-12-12 16:47:22-221,2016-12-12 16:47:22-300
Success : LS : test1\f71b43c3136efa4f\9f93e73d6896cb7b\,0:-1,2016-12-12 16:47:22-391,2016-12-12 16:47:22-456
Fail : LS : test1,0:-1,2016-12-12 16:47:22-562,2016-12-12 16:47:22-562
Reason : java.lang.StringIndexOutOfBoundsException: String index out of range: -2
Success : LS : test2\a94a8fe5ccb19ba6\,0:-1,2016-12-12 16:47:22-677,2016-12-12 16:47:22-812
Success : CREATE_FILE : test2\a94a8fe5ccb19ba6\7EA88D83510B3CF1,0:4014833,2016-12-12 16:47:22-924,2016-12-12 16:47:26-648
Success : SEQ_READ : test2\a94a8fe5ccb19ba6\4b6fcb2d521ef0fd,0:1024,2016-12-12 16:47:26-765,2016-12-12 16:47:26-837
Success : LS : test1\f71b43c3136efa4f\9f93e73d6896cb7b\,0:-1,2016-12-12 16:47:26-940,2016-12-12 16:47:27-002
Success : LS : test1\c5a5e5562b038073\0189424a5a60fed3\,0:-1,2016-12-12 16:47:27-080,2016-12-12 16:47:27-141
Success : LS : test2\a94a8fe5ccb19ba6\,0:-1,2016-12-12 16:47:27-214,2016-12-12 16:47:27-301
Success : CREATE_FILE : test2\a94a8fe5ccb19ba6\57D98C291D303A69,0:1761404,2016-12-12 16:47:27-375,2016-12-12 16:47:28-884
Success : LS : test2\a94a8fe5ccb19ba6\,0:-1,2016-12-12 16:47:28-995,2016-12-12 16:47:29-086
Success : CREATE_FILE : test2\a94a8fe5ccb19ba6\786620057CD764A3,0:827800,2016-12-12 16:47:29-180,2016-12-12 16:47:29-839
Success : LS : test2\a94a8fe5ccb19ba6\,0:-1,2016-12-12 16:47:29-921,2016-12-12 16:47:30-008
Success : CREATE_FILE : test2\a94a8fe5ccb19ba6\2a5bd02710e975a7\6AAB21616CA58E7E,0:3904558,2016-12-12 16:47:30-084,2016-12-12 16:47:33-889
Fail : LS : test1,0:-1,2016-12-12 16:47:34-003,2016-12-12 16:47:34-003
Reason : java.lang.StringIndexOutOfBoundsException: String index out of range: -2
Success : LS : test2\a94a8fe5ccb19ba6\2a5bd02710e975a7\,0:-1,2016-12-12 16:47:34-128,2016-12-12 16:47:34-239
Success : SEQ_READ : test2\a94a8fe5ccb19ba6\2a5bd02710e975a7\178db47a574c645f,0:257,2016-12-12 16:47:34-345,2016-12-12 16:47:34-412
Success : LS : test1\f71b43c3136efa4f\c7d9912886e5ccc7\,0:-1,2016-12-12 16:47:34-534,2016-12-12 16:47:34-605
Success : LS : test2\a94a8fe5ccb19ba6\2a5bd02710e975a7\,0:-1,2016-12-12 16:47:34-690,2016-12-12 16:47:34-765
Success : LS : test2\a94a8fe5ccb19ba6\2a5bd02710e975a7\,0:-1,2016-12-12 16:47:34-862,2016-12-12 16:47:34-940
Success : LS : test2\a94a8fe5ccb19ba6\2a5bd02710e975a7\,0:-1,2016-12-12 16:47:35-061,2016-12-12 16:47:35-139
Fail : LS : test1,0:-1,2016-12-12 16:47:35-217,2016-12-12 16:47:35-217
Reason : java.lang.StringIndexOutOfBoundsException: String index out of range: -2
Success : LS : test2\a94a8fe5ccb19ba6\2a5bd02710e975a7\,0:-1,2016-12-12 16:47:35-292,2016-12-12 16:47:35-394
Success : CREATE_FILE : test2\a94a8fe5ccb19ba6\7A0FBFFF1DF64D7F,0:3108573,2016-12-12 16:47:35-520,2016-12-12 16:47:38-689
Success : LS : test2\a94a8fe5ccb19ba6\2a5bd02710e975a7\,0:-1,2016-12-12 16:47:38-794,2016-12-12 16:47:38-876
Success : LS : test1\f71b43c3136efa4f\83404ffd78f534ff\,0:-1,2016-12-12 16:47:38-955,2016-12-12 16:47:39-022
Success : LS : test2\a94a8fe5ccb19ba6\,0:-1,2016-12-12 16:47:39-123,2016-12-12 16:47:39-230
Success : LS : test1\f71b43c3136efa4f\c7d9912886e5ccc7\,0:-1,2016-12-12 16:47:39-314,2016-12-12 16:47:39-383
Success : LS : test1\f71b43c3136efa4f\52481749c0cdecd6\,0:-1,2016-12-12 16:47:39-459,2016-12-12 16:47:39-546
Success : LS : test2\a94a8fe5ccb19ba6\,0:-1,2016-12-12 16:47:39-627,2016-12-12 16:47:39-717
Success : CREATE_FILE : test2\a94a8fe5ccb19ba6\2a5bd02710e975a7\6B790B0B216F9C54,0:2980390,2016-12-12 16:47:39-844,2016-12-12 16:47:42-792
Success : LS : test1\f71b43c3136efa4f\,0:-1,2016-12-12 16:47:42-911,2016-12-12 16:47:42-986
Success : LS : test2\a94a8fe5ccb19ba6\2a5bd02710e975a7\,0:-1,2016-12-12 16:47:43-117,2016-12-12 16:47:43-193
Success : LS : test1\f71b43c3136efa4f\52481749c0cdecd6\,0:-1,2016-12-12 16:47:43-305,2016-12-12 16:47:43-375
Success : LS : test2\a94a8fe5ccb19ba6\2a5bd02710e975a7\,0:-1,2016-12-12 16:47:43-455,2016-12-12 16:47:43-533
Success : CREATE_FILE : test2\a94a8fe5ccb19ba6\5ED13190056607C2,0:2895675,2016-12-12 16:47:43-636,2016-12-12 16:47:46-603
Success : LS : test2\a94a8fe5ccb19ba6\,0:-1,2016-12-12 16:47:46-719,2016-12-12 16:47:46-831
Success : CREATE_FILE : test2\a94a8fe5ccb19ba6\01E67FDF6E6A9692,0:3986057,2016-12-12 16:47:46-945,2016-12-12 16:47:51-020
Success : LS : test2\a94a8fe5ccb19ba6\,0:-1,2016-12-12 16:47:51-097,2016-12-12 16:47:51-186
Success : CREATE_FILE : test2\a94a8fe5ccb19ba6\1C2035F03A7BA9B0,0:1181695,2016-12-12 16:47:51-283,2016-12-12 16:47:52-331
Success : LS : test2\a94a8fe5ccb19ba6\,0:-1,2016-12-12 16:47:52-456,2016-12-12 16:47:52-560
Success : CREATE_FILE : test2\a94a8fe5ccb19ba6\28ECFBEE06EE8840,0:553704,2016-12-12 16:47:52-682,2016-12-12 16:47:53-648
Success : LS : test1\f71b43c3136efa4f\52481749c0cdecd6\,0:-1,2016-12-12 16:47:53-776,2016-12-12 16:47:53-855
Success : SEQ_READ : test1\c5a5e5562b038073\3c16ab634e85296e,0:27648,2016-12-12 16:47:53-936,2016-12-12 16:47:53-999
Success : LS : test1\f71b43c3136efa4f\83404ffd78f534ff\,0:-1,2016-12-12 16:47:54-079,2016-12-12 16:47:54-142
Success : LS : test2\a94a8fe5ccb19ba6\,0:-1,2016-12-12 16:47:54-245,2016-12-12 16:47:54-341
Success : CREATE_FILE : test2\a94a8fe5ccb19ba6\68DEA2716F48659B,0:622340,2016-12-12 16:47:54-457,2016-12-12 16:47:55-384
Success : LS : test2\a94a8fe5ccb19ba6\,0:-1,2016-12-12 16:47:55-503,2016-12-12 16:47:55-606
Success : CREATE_FILE : test2\a94a8fe5ccb19ba6\25124E4A22DFB472,0:3473433,2016-12-12 16:47:55-700,2016-12-12 16:47:59-258
Success : LS : test2\a94a8fe5ccb19ba6\,0:-1,2016-12-12 16:47:59-375,2016-12-12 16:47:59-475
Success : CREATE_FILE : test2\a94a8fe5ccb19ba6\5F8B817D719CAF56,0:972072,2016-12-12 16:47:59-571,2016-12-12 16:48:00-562
Success : LS : test1\c5a5e5562b038073\0189424a5a60fed3\,0:-1,2016-12-12 16:48:00-699,2016-12-12 16:48:00-781
Success : LS : test2\a94a8fe5ccb19ba6\,0:-1,2016-12-12 16:48:00-864,2016-12-12 16:48:01-000
Success : LS : test1\f71b43c3136efa4f\,0:-1,2016-12-12 16:48:01-109,2016-12-12 16:48:01-216
Success : LS : test1\f71b43c3136efa4f\,0:-1,2016-12-12 16:48:01-310,2016-12-12 16:48:01-415
Success : LS : test1\f71b43c3136efa4f\9f93e73d6896cb7b\,0:-1,2016-12-12 16:48:01-526,2016-12-12 16:48:01-593
Success : LS : test2\a94a8fe5ccb19ba6\,0:-1,2016-12-12 16:48:01-707,2016-12-12 16:48:01-805
Success : CREATE_FILE : test2\a94a8fe5ccb19ba6\2a5bd02710e975a7\5C0AFED8504B5766,0:367594,2016-12-12 16:48:01-906,2016-12-12 16:48:02-554
Success : LS : test2\a94a8fe5ccb19ba6\2a5bd02710e975a7\,0:-1,2016-12-12 16:48:02-682,2016-12-12 16:48:02-770
Success : CREATE_FILE : test2\a94a8fe5ccb19ba6\56C217EE51E29360,0:3150767,2016-12-12 16:48:02-852,2016-12-12 16:48:06-188
Success : LS : test2\a94a8fe5ccb19ba6\2a5bd02710e975a7\,0:-1,2016-12-12 16:48:06-311,2016-12-12 16:48:06-426
Success : LS : test1\c5a5e5562b038073\0189424a5a60fed3\,0:-1,2016-12-12 16:48:06-529,2016-12-12 16:48:06-597
Success : LS : test2\a94a8fe5ccb19ba6\,0:-1,2016-12-12 16:48:06-686,2016-12-12 16:48:06-776
Success : LS : test2\a94a8fe5ccb19ba6\,0:-1,2016-12-12 16:48:06-874,2016-12-12 16:48:06-970
Success : CREATE_FILE : test2\a94a8fe5ccb19ba6\2a5bd02710e975a7\5607D20649936A00,0:604300,2016-12-12 16:48:07-084,2016-12-12 16:48:07-806
Success : LS : test2\a94a8fe5ccb19ba6\2a5bd02710e975a7\,0:-1,2016-12-12 16:48:07-926,2016-12-12 16:48:08-010
Success : CREATE_FILE : test2\a94a8fe5ccb19ba6\2a5bd02710e975a7\0019B0F84E519B44,0:113545,2016-12-12 16:48:08-094,2016-12-12 16:48:08-634
Success : LS : test2\a94a8fe5ccb19ba6\2a5bd02710e975a7\,0:-1,2016-12-12 16:48:08-745,2016-12-12 16:48:08-826
Success : CREATE_FILE : test2\a94a8fe5ccb19ba6\449083E86654CF9C,0:3211999,2016-12-12 16:48:08-913,2016-12-12 16:48:11-983
Success : LS : test2\a94a8fe5ccb19ba6\,0:-1,2016-12-12 16:48:12-059,2016-12-12 16:48:12-162
Success : CREATE_FILE : test2\a94a8fe5ccb19ba6\2a5bd02710e975a7\1BA94E035CAFA8BF,0:2745550,2016-12-12 16:48:12-243,2016-12-12 16:48:15-036
Success : LS : test2\a94a8fe5ccb19ba6\,0:-1,2016-12-12 16:48:15-110,2016-12-12 16:48:15-198
Success : LS : test1\f71b43c3136efa4f\52481749c0cdecd6\,0:-1,2016-12-12 16:48:15-273,2016-12-12 16:48:15-333
Fail : LS : test1,0:-1,2016-12-12 16:48:15-407,2016-12-12 16:48:15-407
Reason : java.lang.StringIndexOutOfBoundsException: String index out of range: -2
Success : LS : test1\c5a5e5562b038073\0189424a5a60fed3\,0:-1,2016-12-12 16:48:15-482,2016-12-12 16:48:15-544
Success : LS : test2\a94a8fe5ccb19ba6\,0:-1,2016-12-12 16:48:15-631,2016-12-12 16:48:15-723
Success : LS : test2\a94a8fe5ccb19ba6\2a5bd02710e975a7\,0:-1,2016-12-12 16:48:15-844,2016-12-12 16:48:15-931
Success : CREATE_FILE : test2\a94a8fe5ccb19ba6\450C04A33A994149,0:907948,2016-12-12 16:48:16-014,2016-12-12 16:48:16-777
Success : LS : test2\a94a8fe5ccb19ba6\,0:-1,2016-12-12 16:48:16-900,2016-12-12 16:48:17-006
Success : CREATE_FILE : test2\a94a8fe5ccb19ba6\6421D5640E2073A8,0:3140694,2016-12-12 16:48:17-096,2016-12-12 16:48:20-236
Success : SEQ_READ : test1\c5a5e5562b038073\c7734a16bf12bb03,0:49152,2016-12-12 16:48:20-358,2016-12-12 16:48:20-436
Success : SEQ_READ : test1\c5a5e5562b038073\0caa882bd1034750,0:229376,2016-12-12 16:48:20-521,2016-12-12 16:48:20-586
Success : LS : test2\a94a8fe5ccb19ba6\,0:-1,2016-12-12 16:48:20-691,2016-12-12 16:48:20-787
Success : LS : test1\f71b43c3136efa4f\,0:-1,2016-12-12 16:48:20-877,2016-12-12 16:48:20-946
Success : SEQ_READ : test1\f71b43c3136efa4f\83404ffd78f534ff\6670af231c096f09,0:129,2016-12-12 16:48:21-021,2016-12-12 16:48:21-124
Success : LS : test2\a94a8fe5ccb19ba6\,0:-1,2016-12-12 16:48:21-241,2016-12-12 16:48:21-341
Success : CREATE_FILE : test2\a94a8fe5ccb19ba6\2a5bd02710e975a7\12655F7B12A5EEB0,0:2271408,2016-12-12 16:48:21-424,2016-12-12 16:48:23-549
Success : LS : test2\a94a8fe5ccb19ba6\2a5bd02710e975a7\,0:-1,2016-12-12 16:48:23-675,2016-12-12 16:48:23-760
Success : CREATE_FILE : test2\a94a8fe5ccb19ba6\2B39FEF241F6625C,0:3569292,2016-12-12 16:48:23-843,2016-12-12 16:48:27-346
Success : LS : test1\f71b43c3136efa4f\c7d9912886e5ccc7\,0:-1,2016-12-12 16:48:27-472,2016-12-12 16:48:27-547
Fail : LS : test1,0:-1,2016-12-12 16:48:27-662,2016-12-12 16:48:27-662
Reason : java.lang.StringIndexOutOfBoundsException: String index out of range: -2
Fail : LS : test1,0:-1,2016-12-12 16:48:27-788,2016-12-12 16:48:27-788
Reason : java.lang.StringIndexOutOfBoundsException: String index out of range: -2
Success : SEQ_READ : test1\f71b43c3136efa4f\c7d9912886e5ccc7\6670af231c096f09,0:129,2016-12-12 16:48:27-925,2016-12-12 16:48:28-026
Success : SEQ_READ : test1\f71b43c3136efa4f\52481749c0cdecd6\6670af231c096f09,0:129,2016-12-12 16:48:28-118,2016-12-12 16:48:28-209
Fail : LS : test1,0:-1,2016-12-12 16:48:28-303,2016-12-12 16:48:28-303
Reason : java.lang.StringIndexOutOfBoundsException: String index out of range: -2
Success : LS : test2\a94a8fe5ccb19ba6\,0:-1,2016-12-12 16:48:28-379,2016-12-12 16:48:28-507
Success : CREATE_FILE : test2\a94a8fe5ccb19ba6\37F9B9686FE6A3A6,0:291031,2016-12-12 16:48:28-602,2016-12-12 16:48:29-402
Success : LS : test1\f71b43c3136efa4f\9f93e73d6896cb7b\,0:-1,2016-12-12 16:48:29-537,2016-12-12 16:48:29-644
Success : LS : test2\a94a8fe5ccb19ba6\,0:-1,2016-12-12 16:48:29-737,2016-12-12 16:48:29-829
Success : LS : test1\f71b43c3136efa4f\,0:-1,2016-12-12 16:48:29-917,2016-12-12 16:48:29-995
Success : LS : test1\c5a5e5562b038073\,0:-1,2016-12-12 16:48:30-079,2016-12-12 16:48:30-143
Success : LS : test1\c5a5e5562b038073\a39ea9c72a98de10\,0:-1,2016-12-12 16:48:30-249,2016-12-12 16:48:30-319
Success : LS : test2\a94a8fe5ccb19ba6\,0:-1,2016-12-12 16:48:30-400,2016-12-12 16:48:30-514
Success : CREATE_FILE : test2\a94a8fe5ccb19ba6\2a5bd02710e975a7\3A5FBDB20B219371,0:411414,2016-12-12 16:48:30-620,2016-12-12 16:48:31-233
Success : LS : test2\a94a8fe5ccb19ba6\2a5bd02710e975a7\,0:-1,2016-12-12 16:48:31-361,2016-12-12 16:48:31-449
Success : CREATE_FILE : test2\a94a8fe5ccb19ba6\6D3CFCB46A147E81,0:700262,2016-12-12 16:48:31-556,2016-12-12 16:48:32-278
Success : SEQ_READ : test1\c5a5e5562b038073\88fe52fe40fa2264,0:2048,2016-12-12 16:48:32-399,2016-12-12 16:48:32-470
Success : LS : test2\a94a8fe5ccb19ba6\2a5bd02710e975a7\,0:-1,2016-12-12 16:48:32-584,2016-12-12 16:48:32-666
Success : LS : test1\c5a5e5562b038073\,0:-1,2016-12-12 16:48:32-747,2016-12-12 16:48:32-814
Success : LS : test2\a94a8fe5ccb19ba6\2a5bd02710e975a7\,0:-1,2016-12-12 16:48:32-904,2016-12-12 16:48:32-987
Success : LS : test2\a94a8fe5ccb19ba6\,0:-1,2016-12-12 16:48:33-061,2016-12-12 16:48:33-179
Success : CREATE_FILE : test2\a94a8fe5ccb19ba6\2a5bd02710e975a7\38AD7B355C9888E4,0:1217140,2016-12-12 16:48:33-263,2016-12-12 16:48:34-310
Success : LS : test2\a94a8fe5ccb19ba6\2a5bd02710e975a7\,0:-1,2016-12-12 16:48:34-434,2016-12-12 16:48:34-552
Success : CREATE_FILE : test2\a94a8fe5ccb19ba6\2a5bd02710e975a7\3177C1947BD4B198,0:2792011,2016-12-12 16:48:34-647,2016-12-12 16:48:37-343
Success : LS : test2\a94a8fe5ccb19ba6\2a5bd02710e975a7\,0:-1,2016-12-12 16:48:37-464,2016-12-12 16:48:37-578
Success : CREATE_FILE : test2\a94a8fe5ccb19ba6\2a5bd02710e975a7\691B6DA84921574F,0:27325,2016-12-12 16:48:37-692,2016-12-12 16:48:38-342
Success : LS : test2\a94a8fe5ccb19ba6\2a5bd02710e975a7\,0:-1,2016-12-12 16:48:38-463,2016-12-12 16:48:38-579
Success : SEQ_READ : test1\c5a5e5562b038073\0189424a5a60fed3\feb6a1968982109d,0:16074752,2016-12-12 16:48:38-708,2016-12-12 16:48:38-794
Fail : LS : test1,0:-1,2016-12-12 16:48:38-880,2016-12-12 16:48:38-880
Reason : java.lang.StringIndexOutOfBoundsException: String index out of range: -2
Success : LS : test1\f71b43c3136efa4f\c7d9912886e5ccc7\,0:-1,2016-12-12 16:48:38-963,2016-12-12 16:48:39-026
Success : LS : test1\c5a5e5562b038073\,0:-1,2016-12-12 16:48:39-122,2016-12-12 16:48:39-289
Success : LS : test2\a94a8fe5ccb19ba6\2a5bd02710e975a7\,0:-1,2016-12-12 16:48:39-378,2016-12-12 16:48:39-487
Success : CREATE_FILE : test2\a94a8fe5ccb19ba6\3FBCF3704859BA90,0:3559044,2016-12-12 16:48:39-605,2016-12-12 16:48:43-580
Success : LS : test2\a94a8fe5ccb19ba6\,0:-1,2016-12-12 16:48:43-803,2016-12-12 16:48:44-375
Success : CREATE_FILE : test2\a94a8fe5ccb19ba6\2a5bd02710e975a7\03B01F5043CFF6E0,0:248962,2016-12-12 16:48:44-498,2016-12-12 16:48:45-166
Success : LS : test2\a94a8fe5ccb19ba6\2a5bd02710e975a7\,0:-1,2016-12-12 16:48:45-284,2016-12-12 16:48:45-421
Success : LS : test1\c5a5e5562b038073\a39ea9c72a98de10\,0:-1,2016-12-12 16:48:45-532,2016-12-12 16:48:45-601
Success : LS : test1\f71b43c3136efa4f\9f93e73d6896cb7b\,0:-1,2016-12-12 16:48:45-680,2016-12-12 16:48:45-743
Fail : LS : test1,0:-1,2016-12-12 16:48:45-821,2016-12-12 16:48:45-821
Reason : java.lang.StringIndexOutOfBoundsException: String index out of range: -2
Success : LS : test2\a94a8fe5ccb19ba6\2a5bd02710e975a7\,0:-1,2016-12-12 16:48:45-895,2016-12-12 16:48:45-998
Success : CREATE_FILE : test2\a94a8fe5ccb19ba6\0498FC817F9E4D04,0:4075555,2016-12-12 16:48:46-083,2016-12-12 16:48:49-923
Success : LS : test2\a94a8fe5ccb19ba6\,0:-1,2016-12-12 16:48:50-051,2016-12-12 16:48:50-155
Success : CREATE_FILE : test2\a94a8fe5ccb19ba6\2a5bd02710e975a7\2CEA56FA34527BB2,0:866071,2016-12-12 16:48:50-272,2016-12-12 16:48:51-191
Success : LS : test2\a94a8fe5ccb19ba6\2a5bd02710e975a7\,0:-1,2016-12-12 16:48:51-307,2016-12-12 16:48:51-410
Success : CREATE_FILE : test2\a94a8fe5ccb19ba6\358A3E685726D68D,0:3279638,2016-12-12 16:48:51-496,2016-12-12 16:48:54-657
Success : LS : test1\f71b43c3136efa4f\c7d9912886e5ccc7\,0:-1,2016-12-12 16:48:54-773,2016-12-12 16:48:54-847
Success : LS : test2\a94a8fe5ccb19ba6\,0:-1,2016-12-12 16:48:54-924,2016-12-12 16:48:55-033
Success : LS : test1\f71b43c3136efa4f\,0:-1,2016-12-12 16:48:55-149,2016-12-12 16:48:55-260
Success : LS : test1\f71b43c3136efa4f\,0:-1,2016-12-12 16:48:55-369,2016-12-12 16:48:55-437
Success : LS : test2\a94a8fe5ccb19ba6\2a5bd02710e975a7\,0:-1,2016-12-12 16:48:55-562,2016-12-12 16:48:55-644
Success : LS : test2\a94a8fe5ccb19ba6\,0:-1,2016-12-12 16:48:55-731,2016-12-12 16:48:55-821
Success : CREATE_FILE : test2\a94a8fe5ccb19ba6\4035B56C16608BE3,0:2430432,2016-12-12 16:48:55-906,2016-12-12 16:48:58-424
Success : LS : test1\f71b43c3136efa4f\9f93e73d6896cb7b\,0:-1,2016-12-12 16:48:58-549,2016-12-12 16:48:58-624
Success : LS : test1\f71b43c3136efa4f\83404ffd78f534ff\,0:-1,2016-12-12 16:48:58-733,2016-12-12 16:48:58-800
Success : LS : test1\c5a5e5562b038073\0189424a5a60fed3\,0:-1,2016-12-12 16:48:58-893,2016-12-12 16:48:58-956
Success : LS : test1\c5a5e5562b038073\,0:-1,2016-12-12 16:48:59-075,2016-12-12 16:48:59-171
Success : SEQ_READ : test1\c5a5e5562b038073\3c16ab634e85296e,0:39936,2016-12-12 16:48:59-270,2016-12-12 16:48:59-368
Success : LS : test2\a94a8fe5ccb19ba6\,0:-1,2016-12-12 16:48:59-487,2016-12-12 16:48:59-618
Success : CREATE_FILE : test2\a94a8fe5ccb19ba6\2a5bd02710e975a7\6BCB40DE44BFAAA4,0:1467385,2016-12-12 16:48:59-736,2016-12-12 16:49:01-023
Success : LS : test2\a94a8fe5ccb19ba6\2a5bd02710e975a7\,0:-1,2016-12-12 16:49:01-147,2016-12-12 16:49:01-248
Success : CREATE_FILE : test2\a94a8fe5ccb19ba6\23DC4FD178E48544,0:2431127,2016-12-12 16:49:01-364,2016-12-12 16:49:04-249
Success : LS : test2\a94a8fe5ccb19ba6\,0:-1,2016-12-12 16:49:04-369,2016-12-12 16:49:04-482
Success : LS : test1\f71b43c3136efa4f\,0:-1,2016-12-12 16:49:04-584,2016-12-12 16:49:04-663
Success : LS : test2\a94a8fe5ccb19ba6\,0:-1,2016-12-12 16:49:04-779,2016-12-12 16:49:04-908
Success : CREATE_FILE : test2\a94a8fe5ccb19ba6\2a5bd02710e975a7\6EFABA6B06568271,0:2238668,2016-12-12 16:49:05-026,2016-12-12 16:49:07-229
Success : LS : test2\a94a8fe5ccb19ba6\2a5bd02710e975a7\,0:-1,2016-12-12 16:49:07-353,2016-12-12 16:49:07-470
Success : CREATE_FILE : test2\a94a8fe5ccb19ba6\0C70E714531A3B53,0:2964065,2016-12-12 16:49:07-562,2016-12-12 16:49:10-511
Success : LS : test2\a94a8fe5ccb19ba6\,0:-1,2016-12-12 16:49:10-623,2016-12-12 16:49:10-724
Success : CREATE_FILE : test2\a94a8fe5ccb19ba6\018D71733A66CCF0,0:591201,2016-12-12 16:49:10-830,2016-12-12 16:49:11-327
Success : LS : test2\a94a8fe5ccb19ba6\,0:-1,2016-12-12 16:49:11-448,2016-12-12 16:49:11-558
Success : CREATE_FILE : test2\a94a8fe5ccb19ba6\51333B3309E9D02F,0:3186118,2016-12-12 16:49:11-685,2016-12-12 16:49:14-828
Success : LS : test2\a94a8fe5ccb19ba6\,0:-1,2016-12-12 16:49:14-922,2016-12-12 16:49:15-039
Success : CREATE_FILE : test2\a94a8fe5ccb19ba6\11C109AA01F9CEBA,0:3305296,2016-12-12 16:49:15-118,2016-12-12 16:49:18-095
Success : LS : test2\a94a8fe5ccb19ba6\,0:-1,2016-12-12 16:49:18-198,2016-12-12 16:49:18-292
Success : LS : test1\f71b43c3136efa4f\52481749c0cdecd6\,0:-1,2016-12-12 16:49:18-408,2016-12-12 16:49:18-480
Success : LS : test2\a94a8fe5ccb19ba6\,0:-1,2016-12-12 16:49:18-603,2016-12-12 16:49:18-701
Success : LS : test2\a94a8fe5ccb19ba6\,0:-1,2016-12-12 16:49:18-818,2016-12-12 16:49:18-920
Success : CREATE_FILE : test2\a94a8fe5ccb19ba6\2a5bd02710e975a7\5CE45FD52AEEA12A,0:1627289,2016-12-12 16:49:19-038,2016-12-12 16:49:20-515
Success : LS : test2\a94a8fe5ccb19ba6\2a5bd02710e975a7\,0:-1,2016-12-12 16:49:20-640,2016-12-12 16:49:20-769
Success : CREATE_FILE : test2\a94a8fe5ccb19ba6\2a5bd02710e975a7\114F378673D83982,0:2941726,2016-12-12 16:49:20-852,2016-12-12 16:49:23-562
Success : LS : test2\a94a8fe5ccb19ba6\2a5bd02710e975a7\,0:-1,2016-12-12 16:49:23-689,2016-12-12 16:49:23-775
Success : CREATE_FILE : test2\a94a8fe5ccb19ba6\37C031CC79B37127,0:720966,2016-12-12 16:49:23-879,2016-12-12 16:49:24-766
Success : LS : test2\a94a8fe5ccb19ba6\2a5bd02710e975a7\,0:-1,2016-12-12 16:49:24-888,2016-12-12 16:49:24-979
Success : LS : test2\a94a8fe5ccb19ba6\,0:-1,2016-12-12 16:49:25-072,2016-12-12 16:49:25-196
Fail : LS : test1,0:-1,2016-12-12 16:49:25-287,2016-12-12 16:49:25-287
Reason : java.lang.StringIndexOutOfBoundsException: String index out of range: -2
Success : LS : test2\a94a8fe5ccb19ba6\,0:-1,2016-12-12 16:49:25-365,2016-12-12 16:49:25-489
Success : LS : test2\a94a8fe5ccb19ba6\,0:-1,2016-12-12 16:49:25-602,2016-12-12 16:49:25-713
Success : LS : test2\a94a8fe5ccb19ba6\2a5bd02710e975a7\,0:-1,2016-12-12 16:49:25-848,2016-12-12 16:49:25-924
Success : LS : test2\a94a8fe5ccb19ba6\,0:-1,2016-12-12 16:49:26-029,2016-12-12 16:49:26-160
Success : CREATE_FILE : test2\a94a8fe5ccb19ba6\76290D1977108A51,0:775841,2016-12-12 16:49:26-253,2016-12-12 16:49:27-008
Success : LS : test2\a94a8fe5ccb19ba6\,0:-1,2016-12-12 16:49:27-081,2016-12-12 16:49:27-207
Success : LS : test1\f71b43c3136efa4f\9f93e73d6896cb7b\,0:-1,2016-12-12 16:49:27-300,2016-12-12 16:49:27-363
Success : LS : test2\a94a8fe5ccb19ba6\2a5bd02710e975a7\,0:-1,2016-12-12 16:49:27-440,2016-12-12 16:49:27-516
Success : LS : test2\a94a8fe5ccb19ba6\,0:-1,2016-12-12 16:49:27-591,2016-12-12 16:49:27-679
Success : CREATE_FILE : test2\a94a8fe5ccb19ba6\2a5bd02710e975a7\0B9A008D064F2367,0:2002870,2016-12-12 16:49:27-780,2016-12-12 16:49:29-872
Success : LS : test2\a94a8fe5ccb19ba6\2a5bd02710e975a7\,0:-1,2016-12-12 16:49:29-965,2016-12-12 16:49:30-040
Success : CREATE_FILE : test2\a94a8fe5ccb19ba6\4A5BE7F02A78B4D3,0:3450537,2016-12-12 16:49:30-115,2016-12-12 16:49:33-844
Success : LS : test2\a94a8fe5ccb19ba6\,0:-1,2016-12-12 16:49:33-968,2016-12-12 16:49:34-074
Success : CREATE_FILE : test2\a94a8fe5ccb19ba6\2a5bd02710e975a7\217DA21111C69D52,0:3683487,2016-12-12 16:49:34-193,2016-12-12 16:49:37-853
Success : LS : test2\a94a8fe5ccb19ba6\2a5bd02710e975a7\,0:-1,2016-12-12 16:49:37-977,2016-12-12 16:49:38-096
Success : LS : test1\c5a5e5562b038073\0189424a5a60fed3\,0:-1,2016-12-12 16:49:38-217,2016-12-12 16:49:38-290
Success : LS : test2\a94a8fe5ccb19ba6\2a5bd02710e975a7\,0:-1,2016-12-12 16:49:38-368,2016-12-12 16:49:38-480
Success : LS : test1\c5a5e5562b038073\a39ea9c72a98de10\,0:-1,2016-12-12 16:49:38-586,2016-12-12 16:49:38-656
Success : LS : test2\a94a8fe5ccb19ba6\2a5bd02710e975a7\,0:-1,2016-12-12 16:49:38-741,2016-12-12 16:49:38-905
Success : CREATE_FILE : test2\a94a8fe5ccb19ba6\2322874C724CF247,0:3888151,2016-12-12 16:49:38-986,2016-12-12 16:49:42-771
Success : LS : test2\a94a8fe5ccb19ba6\,0:-1,2016-12-12 16:49:42-896,2016-12-12 16:49:43-020
Success : CREATE_FILE : test2\a94a8fe5ccb19ba6\151DA1737D6BD385,0:2691709,2016-12-12 16:49:43-146,2016-12-12 16:49:45-668
Success : LS : test2\a94a8fe5ccb19ba6\,0:-1,2016-12-12 16:49:45-793,2016-12-12 16:49:45-897
Success : CREATE_FILE : test2\a94a8fe5ccb19ba6\2a5bd02710e975a7\28FB2EA26F48900D,0:119043,2016-12-12 16:49:46-005,2016-12-12 16:49:46-422
Success : SEQ_READ : test1\c5a5e5562b038073\c7734a16bf12bb03,0:270336,2016-12-12 16:49:46-545,2016-12-12 16:49:46-631
Success : LS : test1\f71b43c3136efa4f\83404ffd78f534ff\,0:-1,2016-12-12 16:49:46-745,2016-12-12 16:49:46-845
Success : LS : test2\a94a8fe5ccb19ba6\,0:-1,2016-12-12 16:49:46-934,2016-12-12 16:49:47-063
Success : LS : test2\a94a8fe5ccb19ba6\2a5bd02710e975a7\,0:-1,2016-12-12 16:49:47-178,2016-12-12 16:49:47-262
Success : CREATE_FILE : test2\a94a8fe5ccb19ba6\41FAD7D53C154C03,0:2709879,2016-12-12 16:49:47-378,2016-12-12 16:49:49-976
Success : LS : test2\a94a8fe5ccb19ba6\,0:-1,2016-12-12 16:49:50-103,2016-12-12 16:49:50-204
Success : CREATE_FILE : test2\a94a8fe5ccb19ba6\7C5DDE5263E2A7F0,0:1141674,2016-12-12 16:49:50-294,2016-12-12 16:49:51-233
Success : LS : test2\a94a8fe5ccb19ba6\,0:-1,2016-12-12 16:49:51-365,2016-12-12 16:49:51-499
Success : CREATE_FILE : test2\a94a8fe5ccb19ba6\653A178D6ABFDC44,0:3222420,2016-12-12 16:49:51-600,2016-12-12 16:49:54-569
Success : LS : test2\a94a8fe5ccb19ba6\,0:-1,2016-12-12 16:49:54-693,2016-12-12 16:49:54-809
Success : CREATE_FILE : test2\a94a8fe5ccb19ba6\0D7DAEA629A98411,0:3309424,2016-12-12 16:49:54-928,2016-12-12 16:49:58-280
Success : LS : test1\f71b43c3136efa4f\,0:-1,2016-12-12 16:49:58-408,2016-12-12 16:49:58-550
Success : SEQ_READ : test2\acde102dac5bbe15,0:4096,2016-12-12 16:49:58-667,2016-12-12 16:49:58-736
Success : LS : test2\a94a8fe5ccb19ba6\2a5bd02710e975a7\,0:-1,2016-12-12 16:49:58-812,2016-12-12 16:49:58-927
Success : LS : test2\a94a8fe5ccb19ba6\,0:-1,2016-12-12 16:49:59-052,2016-12-12 16:49:59-182
Success : LS : test2\a94a8fe5ccb19ba6\,0:-1,2016-12-12 16:49:59-284,2016-12-12 16:49:59-381
Success : CREATE_FILE : test2\a94a8fe5ccb19ba6\4F8A210E49F3A65B,0:3342353,2016-12-12 16:49:59-477,2016-12-12 16:50:02-756
Success : LS : test2\a94a8fe5ccb19ba6\,0:-1,2016-12-12 16:50:02-881,2016-12-12 16:50:02-979
Success : CREATE_FILE : test2\a94a8fe5ccb19ba6\565987385D5906EA,0:2075772,2016-12-12 16:50:03-057,2016-12-12 16:50:04-854
Success : SEQ_READ : test1\c5a5e5562b038073\0caa882bd1034750,0:219136,2016-12-12 16:50:04-979,2016-12-12 16:50:05-082
Success : LS : test1\f71b43c3136efa4f\52481749c0cdecd6\,0:-1,2016-12-12 16:50:05-180,2016-12-12 16:50:05-279
Success : LS : test1\c5a5e5562b038073\0189424a5a60fed3\,0:-1,2016-12-12 16:50:05-388,2016-12-12 16:50:05-458
Success : LS : test1\f71b43c3136efa4f\52481749c0cdecd6\,0:-1,2016-12-12 16:50:05-565,2016-12-12 16:50:05-632
Success : SEQ_READ : test2\acde102dac5bbe15,0:1024,2016-12-12 16:50:05-722,2016-12-12 16:50:05-799
Success : LS : test2\a94a8fe5ccb19ba6\,0:-1,2016-12-12 16:50:05-898,2016-12-12 16:50:05-998
Success : CREATE_FILE : test2\a94a8fe5ccb19ba6\2a5bd02710e975a7\6010CE37151D3594,0:1760769,2016-12-12 16:50:06-082,2016-12-12 16:50:07-556
Success : LS : test2\a94a8fe5ccb19ba6\2a5bd02710e975a7\,0:-1,2016-12-12 16:50:07-681,2016-12-12 16:50:07-793
Success : CREATE_FILE : test2\a94a8fe5ccb19ba6\2a5bd02710e975a7\3DCB44CC5D67D5B7,0:141666,2016-12-12 16:50:07-918,2016-12-12 16:50:08-502
Success : SEQ_READ : test1\9832710c94f11d2b,0:12905472,2016-12-12 16:50:08-629,2016-12-12 16:50:08-724
Success : LS : test2\a94a8fe5ccb19ba6\,0:-1,2016-12-12 16:50:08-815,2016-12-12 16:50:08-907
Fail : LS : test1,0:-1,2016-12-12 16:50:08-993,2016-12-12 16:50:08-993
Reason : java.lang.StringIndexOutOfBoundsException: String index out of range: -2
Success : LS : test1\f71b43c3136efa4f\83404ffd78f534ff\,0:-1,2016-12-12 16:50:09-086,2016-12-12 16:50:09-201
Success : LS : test2\a94a8fe5ccb19ba6\2a5bd02710e975a7\,0:-1,2016-12-12 16:50:09-282,2016-12-12 16:50:09-394
Success : CREATE_FILE : test2\a94a8fe5ccb19ba6\47ED190777583625,0:242045,2016-12-12 16:50:09-525,2016-12-12 16:50:12-281
Success : LS : test2\a94a8fe5ccb19ba6\,0:-1,2016-12-12 16:50:12-384,2016-12-12 16:50:12-479
Success : CREATE_FILE : test2\a94a8fe5ccb19ba6\44081F4619B8BF2F,0:529522,2016-12-12 16:50:12-580,2016-12-12 16:50:13-214
Success : LS : test2\a94a8fe5ccb19ba6\2a5bd02710e975a7\,0:-1,2016-12-12 16:50:13-340,2016-12-12 16:50:13-446
Success : LS : test1\f71b43c3136efa4f\52481749c0cdecd6\,0:-1,2016-12-12 16:50:13-606,2016-12-12 16:50:13-705
Success : LS : test1\f71b43c3136efa4f\,0:-1,2016-12-12 16:50:13-803,2016-12-12 16:50:13-899
Success : LS : test2\a94a8fe5ccb19ba6\,0:-1,2016-12-12 16:50:14-011,2016-12-12 16:50:14-137
Success : CREATE_FILE : test2\a94a8fe5ccb19ba6\2a5bd02710e975a7\6DAFF8C07B420F44,0:2182503,2016-12-12 16:50:14-267,2016-12-12 16:50:16-104
Success : LS : test2\a94a8fe5ccb19ba6\2a5bd02710e975a7\,0:-1,2016-12-12 16:50:16-219,2016-12-12 16:50:16-334
Success : CREATE_FILE : test2\a94a8fe5ccb19ba6\2a5bd02710e975a7\6812B3194DF2E7EE,0:3646685,2016-12-12 16:50:16-450,2016-12-12 16:50:19-888
Success : LS : test1\f71b43c3136efa4f\,0:-1,2016-12-12 16:50:20-013,2016-12-12 16:50:20-117
Success : LS : test2\a94a8fe5ccb19ba6\,0:-1,2016-12-12 16:50:20-225,2016-12-12 16:50:20-340
Success : LS : test2\a94a8fe5ccb19ba6\2a5bd02710e975a7\,0:-1,2016-12-12 16:50:20-462,2016-12-12 16:50:20-572
Success : LS : test2\a94a8fe5ccb19ba6\2a5bd02710e975a7\,0:-1,2016-12-12 16:50:20-658,2016-12-12 16:50:20-746
Success : CREATE_FILE : test2\a94a8fe5ccb19ba6\2a5bd02710e975a7\3559513D6834D5F0,0:971621,2016-12-12 16:50:20-838,2016-12-12 16:50:21-731
Success : LS : test2\a94a8fe5ccb19ba6\2a5bd02710e975a7\,0:-1,2016-12-12 16:50:21-851,2016-12-12 16:50:21-969
Success : CREATE_FILE : test2\a94a8fe5ccb19ba6\0782C9C37994C4BF,0:2284813,2016-12-12 16:50:22-062,2016-12-12 16:50:24-184
Success : LS : test2\a94a8fe5ccb19ba6\,0:-1,2016-12-12 16:50:24-281,2016-12-12 16:50:24-374
Success : CREATE_FILE : test2\a94a8fe5ccb19ba6\2a5bd02710e975a7\58C0994F1F59B4DD,0:1286267,2016-12-12 16:50:24-458,2016-12-12 16:50:25-386
Success : LS : test2\a94a8fe5ccb19ba6\2a5bd02710e975a7\,0:-1,2016-12-12 16:50:25-514,2016-12-12 16:50:25-599
Success : CREATE_FILE : test2\a94a8fe5ccb19ba6\14D1351C79A71943,0:3507009,2016-12-12 16:50:25-717,2016-12-12 16:50:29-345
Success : LS : test2\a94a8fe5ccb19ba6\,0:-1,2016-12-12 16:50:29-469,2016-12-12 16:50:29-582
