Success : LS : test1\c5a5e5562b038073\a39ea9c72a98de10\,0:-1,2016-12-14 14:40:23-910,2016-12-14 14:40:24-078
Success : SEQ_READ : test2\1a7683b6645f9b6a,0:14529,2016-12-14 14:40:27-350,2016-12-14 14:40:27-426
Success : LS : test1\f71b43c3136efa4f\83404ffd78f534ff\,0:-1,2016-12-14 14:40:31-684,2016-12-14 14:40:31-761
Success : CREATE_FILE : test2\a94a8fe5ccb19ba6\2a5bd02710e975a7\0F8B6BFB71E74AC6,0:90872,2016-12-14 14:40:33-820,2016-12-14 14:40:34-069
Success : LS : test2\a94a8fe5ccb19ba6\2a5bd02710e975a7\,0:-1,2016-12-14 14:40:34-195,2016-12-14 14:40:34-302
Success : LS : test1\f71b43c3136efa4f\,0:-1,2016-12-14 14:40:37-002,2016-12-14 14:40:37-094
Success : LS : test1\c5a5e5562b038073\a39ea9c72a98de10\,0:-1,2016-12-14 14:40:37-210,2016-12-14 14:40:37-284
Success : CREATE_FILE : test2\a94a8fe5ccb19ba6\2B800F6C76170DB2,0:572499,2016-12-14 14:40:48-040,2016-12-14 14:40:48-510
Success : LS : test2\a94a8fe5ccb19ba6\,0:-1,2016-12-14 14:40:48-639,2016-12-14 14:40:48-735
Fail : LS : test1,0:-1,2016-12-14 14:40:55-868,2016-12-14 14:40:55-870
Reason : java.lang.StringIndexOutOfBoundsException: String index out of range: -1
Success : CREATE_FILE : test2\a94a8fe5ccb19ba6\2a5bd02710e975a7\65E81FB11D57ED6F,0:145227,2016-12-14 14:40:57-009,2016-12-14 14:40:57-518
Success : LS : test2\a94a8fe5ccb19ba6\2a5bd02710e975a7\,0:-1,2016-12-14 14:40:57-644,2016-12-14 14:40:57-754
Success : SEQ_READ : test1\c5a5e5562b038073\6670af231c096f09,0:46,2016-12-14 14:40:58-265,2016-12-14 14:40:58-350
Success : LS : test1\c5a5e5562b038073\0189424a5a60fed3\,0:-1,2016-12-14 14:40:58-770,2016-12-14 14:40:58-877
Fail : LS : test1,0:-1,2016-12-14 14:41:07-468,2016-12-14 14:41:07-469
Reason : java.lang.StringIndexOutOfBoundsException: String index out of range: -1
Success : SEQ_READ : test2\6c33a983eec1b409,0:2291,2016-12-14 14:41:08-905,2016-12-14 14:41:09-023
Success : CREATE_FILE : test2\a94a8fe5ccb19ba6\778127C013E1A7FB,0:3155149,2016-12-14 14:41:09-218,2016-12-14 14:41:11-924
Success : LS : test2\a94a8fe5ccb19ba6\,0:-1,2016-12-14 14:41:12-048,2016-12-14 14:41:12-171
Success : SEQ_READ : test1\c5a5e5562b038073\0189424a5a60fed3\46a8219c2ae6c782,0:1544228,2016-12-14 14:41:27-124,2016-12-14 14:41:27-232
Success : CREATE_FILE : test2\a94a8fe5ccb19ba6\52A9832C60AE183F,0:3691162,2016-12-14 14:41:36-353,2016-12-14 14:41:39-768
Success : LS : test2\a94a8fe5ccb19ba6\,0:-1,2016-12-14 14:41:39-876,2016-12-14 14:41:39-954
Success : SEQ_READ : test1\c5a5e5562b038073\738537f9a40e568b,0:17984,2016-12-14 14:41:41-552,2016-12-14 14:41:41-626
Success : LS : test1\f71b43c3136efa4f\c7d9912886e5ccc7\,0:-1,2016-12-14 14:41:45-596,2016-12-14 14:41:45-683
Success : SEQ_READ : test1\c5a5e5562b038073\88fe52fe40fa2264,0:2854,2016-12-14 14:41:46-700,2016-12-14 14:41:46-771
Success : SEQ_READ : test1\c5a5e5562b038073\0caa882bd1034750,0:324096,2016-12-14 14:41:50-434,2016-12-14 14:41:50-512
Success : SEQ_READ : test1\c5a5e5562b038073\a39ea9c72a98de10\aa61f113a9b13deb,0:438,2016-12-14 14:42:04-416,2016-12-14 14:42:04-526
Success : CREATE_FILE : test2\a94a8fe5ccb19ba6\2a5bd02710e975a7\51AF65A63617A986,0:1514112,2016-12-14 14:42:04-636,2016-12-14 14:42:05-699
Success : LS : test2\a94a8fe5ccb19ba6\2a5bd02710e975a7\,0:-1,2016-12-14 14:42:05-822,2016-12-14 14:42:05-934
Success : CREATE_FILE : test2\a94a8fe5ccb19ba6\6CE9DCE256ED08BD,0:1840762,2016-12-14 14:42:09-219,2016-12-14 14:42:10-994
Success : LS : test2\a94a8fe5ccb19ba6\,0:-1,2016-12-14 14:42:11-118,2016-12-14 14:42:11-210
Success : LS : test1\f71b43c3136efa4f\83404ffd78f534ff\,0:-1,2016-12-14 14:42:32-104,2016-12-14 14:42:32-177
Success : LS : test1\c5a5e5562b038073\0189424a5a60fed3\,0:-1,2016-12-14 14:42:35-392,2016-12-14 14:42:35-465
Success : LS : test1\f71b43c3136efa4f\,0:-1,2016-12-14 14:42:36-841,2016-12-14 14:42:36-908
Success : CREATE_FILE : test2\a94a8fe5ccb19ba6\12F879313C37BE87,0:2614805,2016-12-14 14:42:38-875,2016-12-14 14:42:41-034
Success : LS : test2\a94a8fe5ccb19ba6\,0:-1,2016-12-14 14:42:41-149,2016-12-14 14:42:41-284
Success : CREATE_FILE : test2\a94a8fe5ccb19ba6\0121A7B8151CB466,0:3248339,2016-12-14 14:42:41-411,2016-12-14 14:42:44-352
Success : LS : test2\a94a8fe5ccb19ba6\,0:-1,2016-12-14 14:42:44-478,2016-12-14 14:42:44-563
Success : CREATE_FILE : test2\a94a8fe5ccb19ba6\2D0361637D2DB151,0:3308034,2016-12-14 14:42:46-325,2016-12-14 14:42:49-356
Success : LS : test2\a94a8fe5ccb19ba6\,0:-1,2016-12-14 14:42:49-431,2016-12-14 14:42:49-510
Success : LS : test1\f71b43c3136efa4f\9f93e73d6896cb7b\,0:-1,2016-12-14 14:43:00-201,2016-12-14 14:43:00-276
Success : LS : test2\a94a8fe5ccb19ba6\,0:-1,2016-12-14 14:43:08-462,2016-12-14 14:43:08-555
Success : LS : test1\f71b43c3136efa4f\,0:-1,2016-12-14 14:43:14-665,2016-12-14 14:43:14-765
Success : LS : test1\f71b43c3136efa4f\9f93e73d6896cb7b\,0:-1,2016-12-14 14:43:14-867,2016-12-14 14:43:14-969
Success : SEQ_READ : test2\a94a8fe5ccb19ba6\4b6fcb2d521ef0fd,0:2291,2016-12-14 14:43:15-188,2016-12-14 14:43:15-300
Success : SEQ_READ : test1\f71b43c3136efa4f\c7d9912886e5ccc7\6670af231c096f09,0:129,2016-12-14 14:43:16-211,2016-12-14 14:43:16-287
Success : LS : test1\c5a5e5562b038073\,0:-1,2016-12-14 14:43:16-361,2016-12-14 14:43:16-425
Success : CREATE_FILE : test2\a94a8fe5ccb19ba6\45A970A66E5447E7,0:1931580,2016-12-14 14:43:18-193,2016-12-14 14:43:19-937
Success : LS : test2\a94a8fe5ccb19ba6\,0:-1,2016-12-14 14:43:20-064,2016-12-14 14:43:20-155
Success : LS : test1\c5a5e5562b038073\0189424a5a60fed3\,0:-1,2016-12-14 14:43:28-585,2016-12-14 14:43:28-678
Success : LS : test1\f71b43c3136efa4f\52481749c0cdecd6\,0:-1,2016-12-14 14:43:30-190,2016-12-14 14:43:30-263
Success : LS : test1\f71b43c3136efa4f\52481749c0cdecd6\,0:-1,2016-12-14 14:43:37-566,2016-12-14 14:43:37-631
Success : LS : test2\a94a8fe5ccb19ba6\,0:-1,2016-12-14 14:43:39-848,2016-12-14 14:43:39-931
Success : CREATE_FILE : test2\a94a8fe5ccb19ba6\30F6E10C0968CA5D,0:2766040,2016-12-14 14:43:43-318,2016-12-14 14:43:45-684
Success : LS : test2\a94a8fe5ccb19ba6\,0:-1,2016-12-14 14:43:45-809,2016-12-14 14:43:45-897
Success : SEQ_READ : test1\c5a5e5562b038073\c7734a16bf12bb03,0:364726,2016-12-14 14:43:53-228,2016-12-14 14:43:53-307
Success : LS : test1\f71b43c3136efa4f\83404ffd78f534ff\,0:-1,2016-12-14 14:43:53-698,2016-12-14 14:43:53-771
Success : LS : test2\a94a8fe5ccb19ba6\,0:-1,2016-12-14 14:43:55-607,2016-12-14 14:43:55-717
Success : CREATE_FILE : test2\a94a8fe5ccb19ba6\771B21F621264C74,0:2616605,2016-12-14 14:44:07-590,2016-12-14 14:44:09-827
Success : LS : test2\a94a8fe5ccb19ba6\,0:-1,2016-12-14 14:44:09-954,2016-12-14 14:44:10-037
Success : LS : test1\c5a5e5562b038073\,0:-1,2016-12-14 14:44:14-481,2016-12-14 14:44:14-586
Success : CREATE_FILE : test2\a94a8fe5ccb19ba6\0326C6110FB2B389,0:2810610,2016-12-14 14:44:22-076,2016-12-14 14:44:24-701
Success : LS : test2\a94a8fe5ccb19ba6\,0:-1,2016-12-14 14:44:24-826,2016-12-14 14:44:24-935
Success : CREATE_FILE : test2\a94a8fe5ccb19ba6\2a5bd02710e975a7\1E333ED60EE8A71D,0:2740394,2016-12-14 14:44:26-873,2016-12-14 14:44:29-795
Success : LS : test2\a94a8fe5ccb19ba6\2a5bd02710e975a7\,0:-1,2016-12-14 14:44:29-915,2016-12-14 14:44:29-998
Success : LS : test1\f71b43c3136efa4f\52481749c0cdecd6\,0:-1,2016-12-14 14:44:32-758,2016-12-14 14:44:32-854
Success : LS : test2\a94a8fe5ccb19ba6\,0:-1,2016-12-14 14:44:35-499,2016-12-14 14:44:35-627
Success : CREATE_FILE : test2\a94a8fe5ccb19ba6\028F8743324D37F2,0:1228123,2016-12-14 14:44:37-991,2016-12-14 14:44:39-049
Success : LS : test2\a94a8fe5ccb19ba6\,0:-1,2016-12-14 14:44:39-174,2016-12-14 14:44:39-265
Success : LS : test2\a94a8fe5ccb19ba6\,0:-1,2016-12-14 14:44:43-051,2016-12-14 14:44:43-128
Success : SEQ_READ : test2\a94a8fe5ccb19ba6\2a5bd02710e975a7\3eef580036f1724a,0:257,2016-12-14 14:44:44-340,2016-12-14 14:44:44-495
Success : LS : test1\f71b43c3136efa4f\52481749c0cdecd6\,0:-1,2016-12-14 14:44:54-340,2016-12-14 14:44:54-434
Success : CREATE_FILE : test2\a94a8fe5ccb19ba6\2a5bd02710e975a7\5600ADC86D6D6845,0:1583262,2016-12-14 14:44:55-781,2016-12-14 14:44:57-121
Success : LS : test2\a94a8fe5ccb19ba6\2a5bd02710e975a7\,0:-1,2016-12-14 14:44:57-244,2016-12-14 14:44:57-356
Success : LS : test1\c5a5e5562b038073\a39ea9c72a98de10\,0:-1,2016-12-14 14:45:01-807,2016-12-14 14:45:01-908
Success : CREATE_FILE : test2\a94a8fe5ccb19ba6\2a5bd02710e975a7\2981F6187A4267BB,0:1471409,2016-12-14 14:45:03-612,2016-12-14 14:45:04-666
Success : LS : test2\a94a8fe5ccb19ba6\2a5bd02710e975a7\,0:-1,2016-12-14 14:45:04-792,2016-12-14 14:45:04-889
