Success : RANDOM_READ : test1\c5a5e5562b038073\767c14c8beb1e835,0:29696,2016-12-16 11:09:43-412,2016-12-16 11:09:43-420
Success : SEQ_READ : test2\8da7cc13802eefe0,0:14840832,2016-12-16 11:09:43-421,2016-12-16 11:09:44-713
Success : RANDOM_READ : test1\c5a5e5562b038073\7b7f22b30cf50087,0:2048,2016-12-16 11:09:44-714,2016-12-16 11:09:44-718
Success : RANDOM_WRITE : test1\9832710c94f11d2b,0:34816,2016-12-16 11:09:44-718,2016-12-16 11:09:44-723
Success : SEQ_READ : test2\a94a8fe5ccb19ba6\4b6fcb2d521ef0fd,0:2048,2016-12-16 11:09:44-723,2016-12-16 11:09:44-725
Success : SEQ_WRITE : test2\49f03965cf98b1f5,0:0,2016-12-16 11:09:44-725,2016-12-16 11:09:44-783
Success : CREATE_FILE : test2\a94a8fe5ccb19ba6\2a5bd02710e975a7\4F6791E85CB4DEC4,0:2798885,2016-12-16 11:09:44-783,2016-12-16 11:09:45-179
Success : RANDOM_READ : test1\c5a5e5562b038073\88fe52fe40fa2264,0:1024,2016-12-16 11:09:45-179,2016-12-16 11:09:45-181
Success : SEQ_READ : test1\c5a5e5562b038073\3c16ab634e85296e,0:26624,2016-12-16 11:09:45-181,2016-12-16 11:09:45-185
Success : RANDOM_READ : test2\6c33a983eec1b409,0:2048,2016-12-16 11:09:45-185,2016-12-16 11:09:45-187
Success : LS : test2\a94a8fe5ccb19ba6\2a5bd02710e975a7\,0:-1,2016-12-16 11:09:45-187,2016-12-16 11:09:45-187
Success : SEQ_READ : test1\c5a5e5562b038073\0caa882bd1034750,0:210944,2016-12-16 11:09:45-881,2016-12-16 11:09:45-908
Fail : SEQ_READ : test2\6c33a983eec1b409,0:0,2016-12-16 11:09:46-529,2016-12-16 11:09:46-533
Reason : RESTAPI.NoImplementionException: read failure
Success : SEQ_READ : test1\c5a5e5562b038073\3c16ab634e85296e,0:87040,2016-12-16 11:09:47-165,2016-12-16 11:09:47-175
Success : RANDOM_READ : test1\c5a5e5562b038073\a39ea9c72a98de10\11562aa867a5f398,0:2048,2016-12-16 11:09:47-295,2016-12-16 11:09:47-297
Success : SEQ_READ : test1\c5a5e5562b038073\7b7f22b30cf50087,0:2048,2016-12-16 11:09:47-751,2016-12-16 11:09:47-753
Success : SEQ_READ : test1\c5a5e5562b038073\0caa882bd1034750,0:144384,2016-12-16 11:09:49-086,2016-12-16 11:09:49-100
Success : SEQ_WRITE : test1\c5a5e5562b038073\05d1f0ed74e78555,0:59392,2016-12-16 11:09:49-344,2016-12-16 11:09:49-410
Success : APPEND : test2\49f03965cf98b1f5,0:16432128,2016-12-16 11:09:49-955,2016-12-16 11:09:49-956
Success : APPEND : test1\c5a5e5562b038073\738537f9a40e568b,0:7507968,2016-12-16 11:09:50-726,2016-12-16 11:09:50-726
Success : SEQ_READ : test2\49f03965cf98b1f5,0:11475968,2016-12-16 11:09:50-808,2016-12-16 11:09:50-815
Success : RANDOM_READ : test1\c5a5e5562b038073\3c16ab634e85296e,0:64512,2016-12-16 11:09:51-695,2016-12-16 11:09:51-702
Success : APPEND : test1\c5a5e5562b038073\a39ea9c72a98de10\f398de59988a85e5,0:32816128,2016-12-16 11:09:52-251,2016-12-16 11:09:52-251
Fail : RANDOM_READ : test1\c5a5e5562b038073\fbe0d7653f0909cb,0:0,2016-12-16 11:09:52-764,2016-12-16 11:09:52-769
Reason : RESTAPI.NoImplementionException: read failure
Success : SEQ_READ : test2\a94a8fe5ccb19ba6\2a5bd02710e975a7\3eef580036f1724a,0:257,2016-12-16 11:09:52-874,2016-12-16 11:09:52-876
Success : CREATE_FILE : test2\a94a8fe5ccb19ba6\2a5bd02710e975a7\0860F3604E81923B,0:549804,2016-12-16 11:09:53-629,2016-12-16 11:09:53-774
Success : LS : test2\a94a8fe5ccb19ba6\2a5bd02710e975a7\,0:-1,2016-12-16 11:09:53-774,2016-12-16 11:09:53-774
Success : RANDOM_READ : test1\c5a5e5562b038073\a39ea9c72a98de10\aa61f113a9b13deb,0:438,2016-12-16 11:09:54-080,2016-12-16 11:09:54-082
Success : RANDOM_WRITE : test1\c5a5e5562b038073\7b7f22b30cf50087,0:2048,2016-12-16 11:09:54-163,2016-12-16 11:09:54-165
Success : CREATE_FILE : test2\a94a8fe5ccb19ba6\03C0A70671D467BB,0:3332799,2016-12-16 11:09:54-625,2016-12-16 11:09:55-491
Success : RANDOM_READ : test1\c5a5e5562b038073\7b7f22b30cf50087,0:1024,2016-12-16 11:09:55-491,2016-12-16 11:09:55-494
Success : LS : test2\a94a8fe5ccb19ba6\,0:-1,2016-12-16 11:09:55-494,2016-12-16 11:09:55-494
Success : CREATE_FILE : test2\a94a8fe5ccb19ba6\7291895A2A5E62F7,0:3652152,2016-12-16 11:09:55-495,2016-12-16 11:09:55-985
Success : RANDOM_READ : test1\c5a5e5562b038073\767c14c8beb1e835,0:14336,2016-12-16 11:09:55-985,2016-12-16 11:09:55-988
Success : RANDOM_READ : test1\c5a5e5562b038073\b0c5d70d7f040bfa,0:9216,2016-12-16 11:09:55-988,2016-12-16 11:09:55-990
Success : LS : test2\a94a8fe5ccb19ba6\,0:-1,2016-12-16 11:09:55-990,2016-12-16 11:09:55-990
Success : SEQ_READ : test1\c5a5e5562b038073\68ad3077ff5a452a,0:383,2016-12-16 11:09:56-276,2016-12-16 11:09:56-278
Success : CREATE_FILE : test2\a94a8fe5ccb19ba6\2a5bd02710e975a7\70416A464EDDBE7D,0:713566,2016-12-16 11:09:56-287,2016-12-16 11:09:56-442
Success : APPEND : test1\c5a5e5562b038073\3c16ab634e85296e,0:17637376,2016-12-16 11:09:56-442,2016-12-16 11:09:56-442
Success : LS : test2\a94a8fe5ccb19ba6\2a5bd02710e975a7\,0:-1,2016-12-16 11:09:56-442,2016-12-16 11:09:56-442
Success : APPEND : test2\a94a8fe5ccb19ba6\7291895A2A5E62F7,0:45728768,2016-12-16 11:09:57-035,2016-12-16 11:09:57-035
Success : SEQ_READ : test2\8da7cc13802eefe0,0:1204224,2016-12-16 11:09:57-053,2016-12-16 11:09:57-158
Success : CREATE_FILE : test2\a94a8fe5ccb19ba6\2a5bd02710e975a7\7CA17AF52CE580CA,0:917026,2016-12-16 11:09:58-061,2016-12-16 11:09:58-350
Success : LS : test2\a94a8fe5ccb19ba6\2a5bd02710e975a7\,0:-1,2016-12-16 11:09:58-350,2016-12-16 11:09:58-351
Success : SEQ_WRITE : test1\f71b43c3136efa4f\52481749c0cdecd6\6670af231c096f09,0:129,2016-12-16 11:09:59-201,2016-12-16 11:09:59-256
Success : SEQ_WRITE : test1\c5a5e5562b038073\3c16ab634e85296e,0:4897792,2016-12-16 11:10:00-748,2016-12-16 11:10:01-412
Success : CREATE_FILE : test2\a94a8fe5ccb19ba6\2a5bd02710e975a7\51A568404CFD4320,0:1162333,2016-12-16 11:10:01-593,2016-12-16 11:10:01-797
Success : LS : test2\a94a8fe5ccb19ba6\2a5bd02710e975a7\,0:-1,2016-12-16 11:10:01-797,2016-12-16 11:10:01-797
Success : CREATE_FILE : test2\a94a8fe5ccb19ba6\6826B54F3DBAC0A4,0:3100596,2016-12-16 11:10:02-432,2016-12-16 11:10:02-880
Fail : RANDOM_READ : test1\c5a5e5562b038073\7b7f22b30cf50087,0:0,2016-12-16 11:10:02-880,2016-12-16 11:10:02-882
Reason : RESTAPI.NoImplementionException: read failure
Success : LS : test2\a94a8fe5ccb19ba6\,0:-1,2016-12-16 11:10:02-882,2016-12-16 11:10:02-882
Success : SEQ_READ : test1\c5a5e5562b038073\c7734a16bf12bb03,0:189440,2016-12-16 11:10:03-519,2016-12-16 11:10:03-537
Success : RANDOM_READ : test2\a94a8fe5ccb19ba6\7291895A2A5E62F7,0:51200,2016-12-16 11:10:05-157,2016-12-16 11:10:05-163
Success : SEQ_READ : test1\f71b43c3136efa4f\c7d9912886e5ccc7\6670af231c096f09,0:129,2016-12-16 11:10:08-376,2016-12-16 11:10:08-378
Success : CREATE_FILE : test2\a94a8fe5ccb19ba6\44024FBF7F94AF80,0:2287363,2016-12-16 11:10:08-539,2016-12-16 11:10:08-948
Success : LS : test2\a94a8fe5ccb19ba6\,0:-1,2016-12-16 11:10:08-948,2016-12-16 11:10:08-948
Success : APPEND : test2\a94a8fe5ccb19ba6\2a5bd02710e975a7\51A568404CFD4320,0:49541120,2016-12-16 11:10:09-881,2016-12-16 11:10:09-881
Fail : SEQ_READ : test1\c5a5e5562b038073\fbe0d7653f0909cb,0:0,2016-12-16 11:10:09-905,2016-12-16 11:10:09-907
Reason : RESTAPI.NoImplementionException: read failure
Success : RANDOM_READ : test1\f71b43c3136efa4f\83404ffd78f534ff\6670af231c096f09,0:129,2016-12-16 11:10:10-299,2016-12-16 11:10:10-300
Success : APPEND : test1\c5a5e5562b038073\7b7f22b30cf50087,0:43300864,2016-12-16 11:10:10-671,2016-12-16 11:10:10-671
Success : SEQ_WRITE : test1\c5a5e5562b038073\7b7f22b30cf50087,0:36365312,2016-12-16 11:10:10-696,2016-12-16 11:10:15-260
Success : SEQ_READ : test1\c5a5e5562b038073\a39ea9c72a98de10\aa61f113a9b13deb,0:438,2016-12-16 11:10:15-260,2016-12-16 11:10:15-261
Success : SEQ_READ : test1\c5a5e5562b038073\6670af231c096f09,0:46,2016-12-16 11:10:15-262,2016-12-16 11:10:15-263
Success : SEQ_READ : test1\c5a5e5562b038073\a39ea9c72a98de10\11562aa867a5f398,0:2048,2016-12-16 11:10:15-263,2016-12-16 11:10:15-265
Success : RANDOM_READ : test1\c5a5e5562b038073\a39ea9c72a98de10\4a90c52e52d54ede,0:1024,2016-12-16 11:10:15-265,2016-12-16 11:10:15-267
Success : APPEND : test1\c5a5e5562b038073\a39ea9c72a98de10\aa61f113a9b13deb,0:55072768,2016-12-16 11:10:15-267,2016-12-16 11:10:15-267
Success : CREATE_FILE : test2\a94a8fe5ccb19ba6\631228591A82041E,0:1761002,2016-12-16 11:10:15-267,2016-12-16 11:10:15-550
Success : LS : test2\a94a8fe5ccb19ba6\,0:-1,2016-12-16 11:10:15-550,2016-12-16 11:10:15-551
Success : CREATE_FILE : test2\a94a8fe5ccb19ba6\2700487E193C37C6,0:2972156,2016-12-16 11:10:15-551,2016-12-16 11:10:16-004
Success : SEQ_READ : test2\49f03965cf98b1f5,0:15308800,2016-12-16 11:10:16-004,2016-12-16 11:10:16-014
Success : LS : test2\a94a8fe5ccb19ba6\,0:-1,2016-12-16 11:10:16-014,2016-12-16 11:10:16-014
Success : CREATE_FILE : test2\a94a8fe5ccb19ba6\2a5bd02710e975a7\4FA6F09831DC1213,0:3228333,2016-12-16 11:10:16-265,2016-12-16 11:10:16-743
Success : LS : test2\a94a8fe5ccb19ba6\2a5bd02710e975a7\,0:-1,2016-12-16 11:10:16-743,2016-12-16 11:10:16-743
Success : CREATE_FILE : test2\a94a8fe5ccb19ba6\2a5bd02710e975a7\7473629E7D7EAAF1,0:865915,2016-12-16 11:10:16-770,2016-12-16 11:10:17-334
Success : LS : test2\a94a8fe5ccb19ba6\2a5bd02710e975a7\,0:-1,2016-12-16 11:10:17-334,2016-12-16 11:10:17-334
Success : CREATE_FILE : test2\a94a8fe5ccb19ba6\601F08CD28C0BBB3,0:437271,2016-12-16 11:10:17-335,2016-12-16 11:10:17-463
Success : APPEND : test1\c5a5e5562b038073\05d1f0ed74e78555,0:48573440,2016-12-16 11:10:17-464,2016-12-16 11:10:17-464
Success : RANDOM_READ : test1\c5a5e5562b038073\0189424a5a60fed3\feb6a1968982109d,0:18432,2016-12-16 11:10:17-464,2016-12-16 11:10:17-467
Success : LS : test2\a94a8fe5ccb19ba6\,0:-1,2016-12-16 11:10:17-467,2016-12-16 11:10:17-467
Success : CREATE_FILE : test2\a94a8fe5ccb19ba6\2a5bd02710e975a7\4E239D3B29C04A8F,0:3377286,2016-12-16 11:10:17-467,2016-12-16 11:10:18-248
Success : APPEND : test2\bc9c8ba7ff351f3e,0:42889216,2016-12-16 11:10:18-249,2016-12-16 11:10:18-249
Success : RANDOM_READ : test2\a94a8fe5ccb19ba6\2a5bd02710e975a7\3eef580036f1724a,0:257,2016-12-16 11:10:18-249,2016-12-16 11:10:18-251
Success : LS : test2\a94a8fe5ccb19ba6\2a5bd02710e975a7\,0:-1,2016-12-16 11:10:18-251,2016-12-16 11:10:18-251
Success : SEQ_READ : test2\a94a8fe5ccb19ba6\2a5bd02710e975a7\3eef580036f1724a,0:257,2016-12-16 11:10:19-165,2016-12-16 11:10:19-167
Success : RANDOM_READ : test2\8da7cc13802eefe0,0:32768,2016-12-16 11:10:19-399,2016-12-16 11:10:19-405
Success : RANDOM_WRITE : test2\a94a8fe5ccb19ba6\2a5bd02710e975a7\51A568404CFD4320,0:9216,2016-12-16 11:10:20-302,2016-12-16 11:10:20-305
Success : APPEND : test2\a94a8fe5ccb19ba6\2a5bd02710e975a7\4FA6F09831DC1213,0:59318272,2016-12-16 11:10:20-798,2016-12-16 11:10:20-798
Success : APPEND : test1\c5a5e5562b038073\a39ea9c72a98de10\aa61f113a9b13deb,0:66681856,2016-12-16 11:10:21-411,2016-12-16 11:10:21-411
Success : SEQ_READ : test2\a94a8fe5ccb19ba6\7291895A2A5E62F7,0:32729088,2016-12-16 11:10:22-392,2016-12-16 11:10:22-720
Success : SEQ_READ : test2\1a7683b6645f9b6a,0:9216,2016-12-16 11:10:23-612,2016-12-16 11:10:23-614
Success : SEQ_READ : test1\c5a5e5562b038073\2015a7ab48ae9a58,0:25600,2016-12-16 11:10:23-749,2016-12-16 11:10:23-752
Success : RANDOM_READ : test2\a94a8fe5ccb19ba6\2a5bd02710e975a7\51A568404CFD4320,0:31744,2016-12-16 11:10:24-013,2016-12-16 11:10:24-018
Success : SEQ_WRITE : test2\6c33a983eec1b409,0:0,2016-12-16 11:10:24-238,2016-12-16 11:10:24-487
Success : APPEND : test1\c5a5e5562b038073\68ad3077ff5a452a,0:51448832,2016-12-16 11:10:24-487,2016-12-16 11:10:24-487
Success : CREATE_FILE : test2\a94a8fe5ccb19ba6\2a5bd02710e975a7\22C905AE5DF40055,0:1646287,2016-12-16 11:10:24-752,2016-12-16 11:10:25-050
Success : APPEND : test2\a94a8fe5ccb19ba6\2a5bd02710e975a7\70416A464EDDBE7D,0:57345024,2016-12-16 11:10:25-050,2016-12-16 11:10:25-050
Success : LS : test2\a94a8fe5ccb19ba6\2a5bd02710e975a7\,0:-1,2016-12-16 11:10:25-050,2016-12-16 11:10:25-050
Success : CREATE_FILE : test2\a94a8fe5ccb19ba6\0A03FB2F0CAA75FB,0:1994924,2016-12-16 11:10:25-245,2016-12-16 11:10:25-553
Success : LS : test2\a94a8fe5ccb19ba6\,0:-1,2016-12-16 11:10:25-553,2016-12-16 11:10:25-553
Success : RANDOM_WRITE : test1\c5a5e5562b038073\fbe0d7653f0909cb,0:1024,2016-12-16 11:10:25-862,2016-12-16 11:10:25-863
Success : SEQ_READ : test1\c5a5e5562b038073\a39ea9c72a98de10\11562aa867a5f398,0:1024,2016-12-16 11:10:26-682,2016-12-16 11:10:26-684
Success : APPEND : test2\a94a8fe5ccb19ba6\2a5bd02710e975a7\7473629E7D7EAAF1,0:45631488,2016-12-16 11:10:27-122,2016-12-16 11:10:27-122
Success : SEQ_WRITE : test2\6c33a983eec1b409,0:0,2016-12-16 11:10:27-564,2016-12-16 11:10:27-621
Success : CREATE_FILE : test2\a94a8fe5ccb19ba6\2DF027D1253A2AEC,0:9936,2016-12-16 11:10:27-640,2016-12-16 11:10:27-680
Success : LS : test2\a94a8fe5ccb19ba6\,0:-1,2016-12-16 11:10:27-680,2016-12-16 11:10:27-680
Success : RANDOM_WRITE : test2\a94a8fe5ccb19ba6\2a5bd02710e975a7\178db47a574c645f,0:257,2016-12-16 11:10:28-840,2016-12-16 11:10:28-841
Success : CREATE_FILE : test2\a94a8fe5ccb19ba6\2a5bd02710e975a7\093684A209E78C5F,0:796079,2016-12-16 11:10:31-024,2016-12-16 11:10:31-315
Success : LS : test2\a94a8fe5ccb19ba6\2a5bd02710e975a7\,0:-1,2016-12-16 11:10:31-315,2016-12-16 11:10:31-315
Success : SEQ_READ : test2\a94a8fe5ccb19ba6\2a5bd02710e975a7\4FA6F09831DC1213,0:41225216,2016-12-16 11:10:32-283,2016-12-16 11:10:32-576
Success : SEQ_READ : test1\f71b43c3136efa4f\83404ffd78f534ff\6670af231c096f09,0:129,2016-12-16 11:10:33-811,2016-12-16 11:10:33-812
Success : SEQ_READ : test1\c5a5e5562b038073\3c16ab634e85296e,0:5142528,2016-12-16 11:10:33-846,2016-12-16 11:10:34-271
Success : APPEND : test1\c5a5e5562b038073\b0c5d70d7f040bfa,0:59752448,2016-12-16 11:10:34-339,2016-12-16 11:10:34-339
Success : APPEND : test2\a94a8fe5ccb19ba6\2a5bd02710e975a7\7473629E7D7EAAF1,0:56489984,2016-12-16 11:10:34-509,2016-12-16 11:10:34-509
Success : SEQ_WRITE : test1\c5a5e5562b038073\a39ea9c72a98de10\4a90c52e52d54ede,0:1024,2016-12-16 11:10:35-096,2016-12-16 11:10:35-144
Success : CREATE_FILE : test2\a94a8fe5ccb19ba6\73567EBE17DBEB6A,0:132930,2016-12-16 11:10:35-356,2016-12-16 11:10:35-466
Success : LS : test2\a94a8fe5ccb19ba6\,0:-1,2016-12-16 11:10:35-466,2016-12-16 11:10:35-466
Success : APPEND : test2\49f03965cf98b1f5,0:2704384,2016-12-16 11:10:36-866,2016-12-16 11:10:36-866
Success : RANDOM_WRITE : test1\c5a5e5562b038073\68ad3077ff5a452a,0:8192,2016-12-16 11:10:37-199,2016-12-16 11:10:37-202
Success : APPEND : test2\a94a8fe5ccb19ba6\601F08CD28C0BBB3,0:65752064,2016-12-16 11:10:37-278,2016-12-16 11:10:37-278
Success : CREATE_FILE : test2\a94a8fe5ccb19ba6\2a5bd02710e975a7\47E9C2674CA97A70,0:774445,2016-12-16 11:10:37-454,2016-12-16 11:10:37-587
Success : LS : test2\a94a8fe5ccb19ba6\2a5bd02710e975a7\,0:-1,2016-12-16 11:10:37-587,2016-12-16 11:10:37-587
Success : RANDOM_READ : test1\c5a5e5562b038073\a39ea9c72a98de10\aa61f113a9b13deb,0:61440,2016-12-16 11:10:37-598,2016-12-16 11:10:37-599
Success : RANDOM_WRITE : test1\c5a5e5562b038073\05d1f0ed74e78555,0:48128,2016-12-16 11:10:37-654,2016-12-16 11:10:37-659
Success : RANDOM_READ : test2\a94a8fe5ccb19ba6\7291895A2A5E62F7,0:1024,2016-12-16 11:10:38-111,2016-12-16 11:10:38-113
Success : CREATE_FILE : test2\a94a8fe5ccb19ba6\659FF90B52625A7A,0:221012,2016-12-16 11:10:38-937,2016-12-16 11:10:39-012
Success : LS : test2\a94a8fe5ccb19ba6\,0:-1,2016-12-16 11:10:39-012,2016-12-16 11:10:39-012
Success : SEQ_READ : test2\a94a8fe5ccb19ba6\2a5bd02710e975a7\70416A464EDDBE7D,0:45941760,2016-12-16 11:10:39-067,2016-12-16 11:10:39-150
Success : APPEND : test2\acde102dac5bbe15,0:46171136,2016-12-16 11:10:40-390,2016-12-16 11:10:40-390
Success : SEQ_READ : test1\c5a5e5562b038073\a39ea9c72a98de10\41288c58009f7f6a,0:477,2016-12-16 11:10:41-553,2016-12-16 11:10:41-555
Success : APPEND : test2\6c33a983eec1b409,0:20315136,2016-12-16 11:10:41-743,2016-12-16 11:10:41-743
Success : APPEND : test1\f71b43c3136efa4f\52481749c0cdecd6\6670af231c096f09,0:49269760,2016-12-16 11:10:42-156,2016-12-16 11:10:42-157
Success : CREATE_FILE : test2\a94a8fe5ccb19ba6\2a5bd02710e975a7\5B8B6FA74EDE20CB,0:2390570,2016-12-16 11:10:42-219,2016-12-16 11:10:42-564
Success : LS : test2\a94a8fe5ccb19ba6\2a5bd02710e975a7\,0:-1,2016-12-16 11:10:42-564,2016-12-16 11:10:42-564
Success : CREATE_FILE : test2\a94a8fe5ccb19ba6\38DDD0CA400DD637,0:3990850,2016-12-16 11:10:42-659,2016-12-16 11:10:43-226
Success : LS : test2\a94a8fe5ccb19ba6\,0:-1,2016-12-16 11:10:43-226,2016-12-16 11:10:43-226
Success : CREATE_FILE : test2\a94a8fe5ccb19ba6\2a5bd02710e975a7\704C91CA06CC03E0,0:1783390,2016-12-16 11:10:43-227,2016-12-16 11:10:43-491
Success : LS : test2\a94a8fe5ccb19ba6\2a5bd02710e975a7\,0:-1,2016-12-16 11:10:43-491,2016-12-16 11:10:43-491
Success : CREATE_FILE : test2\a94a8fe5ccb19ba6\687637AA4D8AEDEF,0:3289764,2016-12-16 11:10:43-858,2016-12-16 11:10:44-361
Success : APPEND : test1\c5a5e5562b038073\a39ea9c72a98de10\aa61f113a9b13deb,0:38141952,2016-12-16 11:10:44-361,2016-12-16 11:10:44-361
Success : LS : test2\a94a8fe5ccb19ba6\,0:-1,2016-12-16 11:10:44-361,2016-12-16 11:10:44-361
Success : SEQ_READ : test1\f71b43c3136efa4f\9f93e73d6896cb7b\6670af231c096f09,0:129,2016-12-16 11:10:44-361,2016-12-16 11:10:44-362
Fail : SEQ_READ : test2\a94a8fe5ccb19ba6\2a5bd02710e975a7\254d76d2609fec03,0:0,2016-12-16 11:10:44-927,2016-12-16 11:10:45-200
Reason : RESTAPI.NoImplementionException: read failure
Success : SEQ_READ : test2\1a7683b6645f9b6a,0:3072,2016-12-16 11:10:45-845,2016-12-16 11:10:45-847
Success : APPEND : test2\a94a8fe5ccb19ba6\2a5bd02710e975a7\254d76d2609fec03,0:27681792,2016-12-16 11:10:46-686,2016-12-16 11:10:46-686
Success : RANDOM_READ : test1\c5a5e5562b038073\738537f9a40e568b,0:21504,2016-12-16 11:10:47-616,2016-12-16 11:10:47-619
Success : CREATE_FILE : test2\a94a8fe5ccb19ba6\2a5bd02710e975a7\41CA895316234736,0:2061093,2016-12-16 11:10:47-974,2016-12-16 11:10:48-407
Success : RANDOM_READ : test1\c5a5e5562b038073\f72cdbcd84f047a5,0:10240,2016-12-16 11:10:48-407,2016-12-16 11:10:48-409
Success : APPEND : test2\a94a8fe5ccb19ba6\687637AA4D8AEDEF,0:7448576,2016-12-16 11:10:48-410,2016-12-16 11:10:48-410
Success : LS : test2\a94a8fe5ccb19ba6\2a5bd02710e975a7\,0:-1,2016-12-16 11:10:48-410,2016-12-16 11:10:48-410
Success : CREATE_FILE : test2\a94a8fe5ccb19ba6\2a5bd02710e975a7\3923E76F708E3DE3,0:1947817,2016-12-16 11:10:48-410,2016-12-16 11:10:48-748
Success : LS : test2\a94a8fe5ccb19ba6\2a5bd02710e975a7\,0:-1,2016-12-16 11:10:48-748,2016-12-16 11:10:48-748
Success : SEQ_READ : test1\c5a5e5562b038073\a39ea9c72a98de10\4a90c52e52d54ede,0:1024,2016-12-16 11:10:49-008,2016-12-16 11:10:49-010
Success : SEQ_READ : test1\f71b43c3136efa4f\83404ffd78f534ff\6670af231c096f09,0:129,2016-12-16 11:10:49-548,2016-12-16 11:10:49-550
Success : APPEND : test2\1a7683b6645f9b6a,0:35898368,2016-12-16 11:10:50-255,2016-12-16 11:10:50-255
Success : APPEND : test2\a94a8fe5ccb19ba6\2a5bd02710e975a7\22C905AE5DF40055,0:28120064,2016-12-16 11:10:51-892,2016-12-16 11:10:51-892
Success : SEQ_READ : test2\a94a8fe5ccb19ba6\4b6fcb2d521ef0fd,0:2048,2016-12-16 11:10:53-280,2016-12-16 11:10:53-282
Success : SEQ_READ : test2\a94a8fe5ccb19ba6\601F08CD28C0BBB3,0:7395328,2016-12-16 11:10:53-420,2016-12-16 11:10:53-463
Success : CREATE_FILE : test2\a94a8fe5ccb19ba6\60D7D4293F5EF1F7,0:1847127,2016-12-16 11:10:53-506,2016-12-16 11:10:54-011
Success : RANDOM_WRITE : test2\a94a8fe5ccb19ba6\2a5bd02710e975a7\22C905AE5DF40055,0:47104,2016-12-16 11:10:54-012,2016-12-16 11:10:54-017
Success : RANDOM_READ : test2\6c33a983eec1b409,0:4096,2016-12-16 11:10:54-017,2016-12-16 11:10:54-019
Success : LS : test2\a94a8fe5ccb19ba6\,0:-1,2016-12-16 11:10:54-019,2016-12-16 11:10:54-019
Success : APPEND : test1\c5a5e5562b038073\88fe52fe40fa2264,0:41545728,2016-12-16 11:10:54-675,2016-12-16 11:10:54-675
Success : SEQ_READ : test1\c5a5e5562b038073\a39ea9c72a98de10\41288c58009f7f6a,0:477,2016-12-16 11:10:54-788,2016-12-16 11:10:54-790
Success : APPEND : test2\a94a8fe5ccb19ba6\2a5bd02710e975a7\4F6791E85CB4DEC4,0:25861120,2016-12-16 11:10:55-572,2016-12-16 11:10:55-572
Success : APPEND : test1\c5a5e5562b038073\0caa882bd1034750,0:65715200,2016-12-16 11:10:55-923,2016-12-16 11:10:55-923
Success : APPEND : test2\a94a8fe5ccb19ba6\73567EBE17DBEB6A,0:8301568,2016-12-16 11:10:56-317,2016-12-16 11:10:56-317
Success : SEQ_READ : test2\8da7cc13802eefe0,0:3822592,2016-12-16 11:10:56-724,2016-12-16 11:10:57-055
Success : APPEND : test2\acde102dac5bbe15,0:34307072,2016-12-16 11:10:57-405,2016-12-16 11:10:57-405
Success : APPEND : test1\c5a5e5562b038073\0189424a5a60fed3\feb6a1968982109d,0:55091200,2016-12-16 11:10:58-382,2016-12-16 11:10:58-382
Success : RANDOM_READ : test1\c5a5e5562b038073\0189424a5a60fed3\feb6a1968982109d,0:44032,2016-12-16 11:10:58-997,2016-12-16 11:10:59-002
Success : SEQ_READ : test2\a94a8fe5ccb19ba6\2a5bd02710e975a7\7473629E7D7EAAF1,0:7956480,2016-12-16 11:11:00-881,2016-12-16 11:11:00-960
Success : APPEND : test2\a94a8fe5ccb19ba6\2a5bd02710e975a7\3eef580036f1724a,0:46023680,2016-12-16 11:11:01-240,2016-12-16 11:11:01-240
Success : SEQ_READ : test1\c5a5e5562b038073\0189424a5a60fed3\46a8219c2ae6c782,0:1192960,2016-12-16 11:11:01-250,2016-12-16 11:11:01-355
Success : CREATE_FILE : test2\a94a8fe5ccb19ba6\1FD038095E64E0D3,0:632866,2016-12-16 11:11:02-003,2016-12-16 11:11:02-204
Success : LS : test2\a94a8fe5ccb19ba6\,0:-1,2016-12-16 11:11:02-204,2016-12-16 11:11:02-204
Success : RANDOM_READ : test1\c5a5e5562b038073\a39ea9c72a98de10\11562aa867a5f398,0:1024,2016-12-16 11:11:02-406,2016-12-16 11:11:02-408
Success : APPEND : test1\f71b43c3136efa4f\52481749c0cdecd6\6670af231c096f09,0:62584832,2016-12-16 11:11:02-538,2016-12-16 11:11:02-538
Success : APPEND : test2\a94a8fe5ccb19ba6\2a5bd02710e975a7\41CA895316234736,0:18104320,2016-12-16 11:11:02-952,2016-12-16 11:11:02-953
Success : CREATE_FILE : test2\a94a8fe5ccb19ba6\2a5bd02710e975a7\14816E36037F2D4F,0:1382789,2016-12-16 11:11:02-959,2016-12-16 11:11:03-180
Success : LS : test2\a94a8fe5ccb19ba6\2a5bd02710e975a7\,0:-1,2016-12-16 11:11:03-181,2016-12-16 11:11:03-181
Success : CREATE_FILE : test2\a94a8fe5ccb19ba6\2a5bd02710e975a7\13FE79CB7484A367,0:3139,2016-12-16 11:11:03-181,2016-12-16 11:11:03-219
Success : LS : test2\a94a8fe5ccb19ba6\2a5bd02710e975a7\,0:-1,2016-12-16 11:11:03-219,2016-12-16 11:11:03-219
Success : SEQ_READ : test1\c5a5e5562b038073\767c14c8beb1e835,0:839680,2016-12-16 11:11:04-154,2016-12-16 11:11:04-229
Success : CREATE_FILE : test2\a94a8fe5ccb19ba6\0FC99AB3392A3782,0:1308838,2016-12-16 11:11:04-681,2016-12-16 11:11:05-010
Success : SEQ_WRITE : test2\acde102dac5bbe15,0:23395328,2016-12-16 11:11:05-010,2016-12-16 11:11:08-007
Success : RANDOM_READ : test2\49f03965cf98b1f5,0:8192,2016-12-16 11:11:08-007,2016-12-16 11:11:08-009
Success : SEQ_READ : test2\a94a8fe5ccb19ba6\7291895A2A5E62F7,0:29111296,2016-12-16 11:11:08-009,2016-12-16 11:11:08-338
Success : LS : test2\a94a8fe5ccb19ba6\,0:-1,2016-12-16 11:11:08-338,2016-12-16 11:11:08-338
Success : CREATE_FILE : test2\a94a8fe5ccb19ba6\4E1D246678C756AF,0:2228129,2016-12-16 11:11:08-339,2016-12-16 11:11:08-729
Success : SEQ_READ : test2\a94a8fe5ccb19ba6\2a5bd02710e975a7\7473629E7D7EAAF1,0:36065280,2016-12-16 11:11:08-729,2016-12-16 11:11:08-826
Success : LS : test2\a94a8fe5ccb19ba6\,0:-1,2016-12-16 11:11:08-826,2016-12-16 11:11:08-826
Success : CREATE_FILE : test2\a94a8fe5ccb19ba6\7FA5728F1CD8106A,0:1400154,2016-12-16 11:11:08-826,2016-12-16 11:11:09-045
Success : RANDOM_READ : test1\c5a5e5562b038073\2015a7ab48ae9a58,0:26624,2016-12-16 11:11:09-045,2016-12-16 11:11:09-049
Success : LS : test2\a94a8fe5ccb19ba6\,0:-1,2016-12-16 11:11:09-049,2016-12-16 11:11:09-049
Success : CREATE_FILE : test2\a94a8fe5ccb19ba6\2a5bd02710e975a7\726F9D9348F2C5A1,0:2123998,2016-12-16 11:11:09-106,2016-12-16 11:11:09-671
Success : APPEND : test2\a94a8fe5ccb19ba6\2a5bd02710e975a7\70416A464EDDBE7D,0:27894784,2016-12-16 11:11:09-671,2016-12-16 11:11:09-671
Success : LS : test2\a94a8fe5ccb19ba6\2a5bd02710e975a7\,0:-1,2016-12-16 11:11:09-671,2016-12-16 11:11:09-671
Success : APPEND : test2\a94a8fe5ccb19ba6\7FA5728F1CD8106A,0:45608960,2016-12-16 11:11:09-737,2016-12-16 11:11:09-737
Success : APPEND : test1\c5a5e5562b038073\0189424a5a60fed3\feb6a1968982109d,0:26831872,2016-12-16 11:11:09-885,2016-12-16 11:11:09-885
Success : CREATE_FILE : test2\a94a8fe5ccb19ba6\71943738258B6343,0:1482960,2016-12-16 11:11:10-136,2016-12-16 11:11:10-690
Success : SEQ_READ : test2\a94a8fe5ccb19ba6\7FA5728F1CD8106A,0:4597760,2016-12-16 11:11:10-690,2016-12-16 11:11:10-815
Success : LS : test2\a94a8fe5ccb19ba6\,0:-1,2016-12-16 11:11:10-815,2016-12-16 11:11:10-815
Success : APPEND : test2\a94a8fe5ccb19ba6\6826B54F3DBAC0A4,0:11252736,2016-12-16 11:11:12-997,2016-12-16 11:11:12-998
Success : APPEND : test2\a94a8fe5ccb19ba6\2a5bd02710e975a7\5B8B6FA74EDE20CB,0:23081984,2016-12-16 11:11:13-726,2016-12-16 11:11:13-726
Success : SEQ_READ : test2\a94a8fe5ccb19ba6\2a5bd02710e975a7\70416A464EDDBE7D,0:41357312,2016-12-16 11:11:14-851,2016-12-16 11:11:14-940
Success : CREATE_FILE : test2\a94a8fe5ccb19ba6\2a5bd02710e975a7\03647DFF68694F18,0:3060325,2016-12-16 11:11:15-179,2016-12-16 11:11:15-716
Success : LS : test2\a94a8fe5ccb19ba6\2a5bd02710e975a7\,0:-1,2016-12-16 11:11:15-716,2016-12-16 11:11:15-716
Success : CREATE_FILE : test2\a94a8fe5ccb19ba6\1AB08C293C5CBCB5,0:2119813,2016-12-16 11:11:15-717,2016-12-16 11:11:16-051
Success : RANDOM_READ : test2\6c33a983eec1b409,0:9216,2016-12-16 11:11:16-051,2016-12-16 11:11:16-053
Success : SEQ_READ : test2\a94a8fe5ccb19ba6\6826B54F3DBAC0A4,0:8456192,2016-12-16 11:11:16-053,2016-12-16 11:11:16-325
Success : LS : test2\a94a8fe5ccb19ba6\,0:-1,2016-12-16 11:11:16-325,2016-12-16 11:11:16-325
Success : RANDOM_WRITE : test2\a94a8fe5ccb19ba6\2a5bd02710e975a7\7473629E7D7EAAF1,0:59392,2016-12-16 11:11:16-508,2016-12-16 11:11:16-515
Success : CREATE_FILE : test2\a94a8fe5ccb19ba6\13A6FC21703EC590,0:486223,2016-12-16 11:11:17-300,2016-12-16 11:11:17-424
Success : LS : test2\a94a8fe5ccb19ba6\,0:-1,2016-12-16 11:11:17-424,2016-12-16 11:11:17-424
Success : RANDOM_READ : test2\a94a8fe5ccb19ba6\687637AA4D8AEDEF,0:55296,2016-12-16 11:11:17-727,2016-12-16 11:11:17-733
Success : SEQ_WRITE : test1\f71b43c3136efa4f\52481749c0cdecd6\6670af231c096f09,0:34732032,2016-12-16 11:11:18-001,2016-12-16 11:11:22-435
Success : APPEND : test2\a94a8fe5ccb19ba6\2a5bd02710e975a7\03647DFF68694F18,0:20660224,2016-12-16 11:11:22-436,2016-12-16 11:11:22-436
Success : CREATE_FILE : test2\a94a8fe5ccb19ba6\2a5bd02710e975a7\1FE885DC28D8AA0F,0:3530705,2016-12-16 11:11:22-436,2016-12-16 11:11:22-991
Success : APPEND : test2\a94a8fe5ccb19ba6\2a5bd02710e975a7\13FE79CB7484A367,0:54423552,2016-12-16 11:11:22-991,2016-12-16 11:11:22-992
Success : RANDOM_READ : test2\a94a8fe5ccb19ba6\7291895A2A5E62F7,0:58368,2016-12-16 11:11:22-992,2016-12-16 11:11:22-998
Success : LS : test2\a94a8fe5ccb19ba6\2a5bd02710e975a7\,0:-1,2016-12-16 11:11:22-998,2016-12-16 11:11:22-998
Success : CREATE_FILE : test2\a94a8fe5ccb19ba6\796AD63C052BB79F,0:1696446,2016-12-16 11:11:22-998,2016-12-16 11:11:23-252
Success : APPEND : test2\a94a8fe5ccb19ba6\2a5bd02710e975a7\5B8B6FA74EDE20CB,0:11465728,2016-12-16 11:11:23-252,2016-12-16 11:11:23-252
Success : APPEND : test2\a94a8fe5ccb19ba6\2a5bd02710e975a7\3eef580036f1724a,0:2758656,2016-12-16 11:11:23-252,2016-12-16 11:11:23-252
Success : LS : test2\a94a8fe5ccb19ba6\,0:-1,2016-12-16 11:11:23-252,2016-12-16 11:11:23-252
Success : APPEND : test1\c5a5e5562b038073\0caa882bd1034750,0:7590912,2016-12-16 11:11:24-490,2016-12-16 11:11:24-490
Success : CREATE_FILE : test2\a94a8fe5ccb19ba6\6707F4D2587ECE4F,0:3768219,2016-12-16 11:11:25-405,2016-12-16 11:11:26-028
Success : LS : test2\a94a8fe5ccb19ba6\,0:-1,2016-12-16 11:11:26-028,2016-12-16 11:11:26-028
Success : CREATE_FILE : test2\a94a8fe5ccb19ba6\4E42E12226026E61,0:2825968,2016-12-16 11:11:26-768,2016-12-16 11:11:27-190
Success : LS : test2\a94a8fe5ccb19ba6\,0:-1,2016-12-16 11:11:27-190,2016-12-16 11:11:27-190
Success : APPEND : test2\a94a8fe5ccb19ba6\2a5bd02710e975a7\70416A464EDDBE7D,0:12463104,2016-12-16 11:11:27-645,2016-12-16 11:11:27-645
Success : SEQ_READ : test1\c5a5e5562b038073\a39ea9c72a98de10\11562aa867a5f398,0:1024,2016-12-16 11:11:28-445,2016-12-16 11:11:28-447
Success : CREATE_FILE : test2\a94a8fe5ccb19ba6\7A9579DA3630FB6A,0:3826580,2016-12-16 11:11:28-480,2016-12-16 11:11:29-053
Success : LS : test2\a94a8fe5ccb19ba6\,0:-1,2016-12-16 11:11:29-053,2016-12-16 11:11:29-053
Success : CREATE_FILE : test2\a94a8fe5ccb19ba6\180D6BA9275CD3D4,0:2635197,2016-12-16 11:11:29-053,2016-12-16 11:11:29-433
Success : LS : test2\a94a8fe5ccb19ba6\,0:-1,2016-12-16 11:11:29-433,2016-12-16 11:11:29-433
Success : CREATE_FILE : test2\a94a8fe5ccb19ba6\2a5bd02710e975a7\08944DCF149E33F7,0:2176669,2016-12-16 11:11:29-786,2016-12-16 11:11:30-141
Success : LS : test2\a94a8fe5ccb19ba6\2a5bd02710e975a7\,0:-1,2016-12-16 11:11:30-141,2016-12-16 11:11:30-141
Success : SEQ_READ : test2\a94a8fe5ccb19ba6\2a5bd02710e975a7\178db47a574c645f,0:257,2016-12-16 11:11:30-527,2016-12-16 11:11:30-529
Success : CREATE_FILE : test2\a94a8fe5ccb19ba6\2a5bd02710e975a7\5CADCADC63BB1C2D,0:2374200,2016-12-16 11:11:31-543,2016-12-16 11:11:31-979
Success : SEQ_READ : test2\a94a8fe5ccb19ba6\2a5bd02710e975a7\70416A464EDDBE7D,0:43465728,2016-12-16 11:11:31-979,2016-12-16 11:11:32-065
Success : LS : test2\a94a8fe5ccb19ba6\2a5bd02710e975a7\,0:-1,2016-12-16 11:11:32-065,2016-12-16 11:11:32-065
Success : CREATE_FILE : test2\a94a8fe5ccb19ba6\2a5bd02710e975a7\59AD074A41553116,0:1303097,2016-12-16 11:11:32-193,2016-12-16 11:11:32-501
Success : LS : test2\a94a8fe5ccb19ba6\2a5bd02710e975a7\,0:-1,2016-12-16 11:11:32-501,2016-12-16 11:11:32-501
Success : SEQ_WRITE : test1\c5a5e5562b038073\88fe52fe40fa2264,0:16678912,2016-12-16 11:11:32-679,2016-12-16 11:11:34-997
Success : CREATE_FILE : test2\a94a8fe5ccb19ba6\2a5bd02710e975a7\0838C9FC5467A6F1,0:3407946,2016-12-16 11:11:34-997,2016-12-16 11:11:35-599
Success : LS : test2\a94a8fe5ccb19ba6\2a5bd02710e975a7\,0:-1,2016-12-16 11:11:35-599,2016-12-16 11:11:35-599
Success : APPEND : test2\a94a8fe5ccb19ba6\7FA5728F1CD8106A,0:16544768,2016-12-16 11:11:35-962,2016-12-16 11:11:35-962
Success : CREATE_FILE : test2\a94a8fe5ccb19ba6\2a5bd02710e975a7\17E4A62D637817A7,0:3709843,2016-12-16 11:11:36-364,2016-12-16 11:11:36-939
Success : LS : test2\a94a8fe5ccb19ba6\2a5bd02710e975a7\,0:-1,2016-12-16 11:11:36-939,2016-12-16 11:11:36-939
Success : CREATE_FILE : test2\a94a8fe5ccb19ba6\11FAE07F58783BF2,0:3613261,2016-12-16 11:11:37-770,2016-12-16 11:11:38-337
Success : SEQ_WRITE : test1\c5a5e5562b038073\6670af231c096f09,0:46,2016-12-16 11:11:38-337,2016-12-16 11:11:38-386
Success : LS : test2\a94a8fe5ccb19ba6\,0:-1,2016-12-16 11:11:38-386,2016-12-16 11:11:38-386
Success : APPEND : test2\a94a8fe5ccb19ba6\2a5bd02710e975a7\4F6791E85CB4DEC4,0:7473152,2016-12-16 11:11:39-838,2016-12-16 11:11:39-838
Success : CREATE_FILE : test2\a94a8fe5ccb19ba6\2a5bd02710e975a7\1D5BF93D50864A8B,0:2543198,2016-12-16 11:11:40-115,2016-12-16 11:11:40-505
Success : LS : test2\a94a8fe5ccb19ba6\2a5bd02710e975a7\,0:-1,2016-12-16 11:11:40-505,2016-12-16 11:11:40-505
Success : APPEND : test2\a94a8fe5ccb19ba6\7A9579DA3630FB6A,0:32913408,2016-12-16 11:11:42-397,2016-12-16 11:11:42-397
Success : APPEND : test2\6c33a983eec1b409,0:45805568,2016-12-16 11:11:42-536,2016-12-16 11:11:42-536
Success : RANDOM_READ : test2\a94a8fe5ccb19ba6\7291895A2A5E62F7,0:3072,2016-12-16 11:11:43-584,2016-12-16 11:11:43-586
Success : SEQ_READ : test2\a94a8fe5ccb19ba6\2a5bd02710e975a7\41CA895316234736,0:3602432,2016-12-16 11:11:43-918,2016-12-16 11:11:44-099
Success : CREATE_FILE : test2\a94a8fe5ccb19ba6\5A34727311974920,0:3284236,2016-12-16 11:11:44-531,2016-12-16 11:11:44-994
Success : LS : test2\a94a8fe5ccb19ba6\,0:-1,2016-12-16 11:11:44-994,2016-12-16 11:11:44-994
Success : SEQ_READ : test1\c5a5e5562b038073\7b7f22b30cf50087,0:21971968,2016-12-16 11:11:45-436,2016-12-16 11:11:47-336
Success : APPEND : test2\a94a8fe5ccb19ba6\7A9579DA3630FB6A,0:27596800,2016-12-16 11:11:47-336,2016-12-16 11:11:47-336
Success : SEQ_WRITE : test2\acde102dac5bbe15,0:45392896,2016-12-16 11:11:47-336,2016-12-16 11:11:53-163
Success : RANDOM_READ : test2\6c33a983eec1b409,0:53248,2016-12-16 11:11:53-163,2016-12-16 11:11:53-165
Success : APPEND : test1\c5a5e5562b038073\a39ea9c72a98de10\f398de59988a85e5,0:66841600,2016-12-16 11:11:53-165,2016-12-16 11:11:53-165
Success : CREATE_FILE : test2\a94a8fe5ccb19ba6\12F52B8B5395E24B,0:1134142,2016-12-16 11:11:53-165,2016-12-16 11:11:53-913
Success : RANDOM_READ : test2\a94a8fe5ccb19ba6\2a5bd02710e975a7\22C905AE5DF40055,0:14336,2016-12-16 11:11:53-913,2016-12-16 11:11:53-916
Success : LS : test2\a94a8fe5ccb19ba6\,0:-1,2016-12-16 11:11:53-916,2016-12-16 11:11:53-916
Success : CREATE_FILE : test2\a94a8fe5ccb19ba6\14A5A93277A27731,0:2738242,2016-12-16 11:11:53-916,2016-12-16 11:11:54-343
Success : LS : test2\a94a8fe5ccb19ba6\,0:-1,2016-12-16 11:11:54-343,2016-12-16 11:11:54-343
Success : CREATE_FILE : test2\a94a8fe5ccb19ba6\2a5bd02710e975a7\15DA586970C64E4D,0:2104784,2016-12-16 11:11:54-343,2016-12-16 11:11:54-654
Success : APPEND : test2\a94a8fe5ccb19ba6\2a5bd02710e975a7\17E4A62D637817A7,0:56183808,2016-12-16 11:11:54-654,2016-12-16 11:11:54-655
Success : SEQ_READ : test1\f71b43c3136efa4f\83404ffd78f534ff\6670af231c096f09,0:129,2016-12-16 11:11:54-655,2016-12-16 11:11:54-656
Success : LS : test2\a94a8fe5ccb19ba6\2a5bd02710e975a7\,0:-1,2016-12-16 11:11:54-656,2016-12-16 11:11:54-656
Success : RANDOM_READ : test2\a94a8fe5ccb19ba6\2a5bd02710e975a7\17E4A62D637817A7,0:14336,2016-12-16 11:11:54-858,2016-12-16 11:11:54-861
Success : SEQ_READ : test2\a94a8fe5ccb19ba6\7FA5728F1CD8106A,0:38704128,2016-12-16 11:11:55-026,2016-12-16 11:11:55-166
Success : SEQ_READ : test1\c5a5e5562b038073\7b7f22b30cf50087,0:29721600,2016-12-16 11:11:55-166,2016-12-16 11:11:57-731
Success : APPEND : test1\c5a5e5562b038073\738537f9a40e568b,0:3685376,2016-12-16 11:11:57-731,2016-12-16 11:11:57-731
Success : CREATE_FILE : test2\a94a8fe5ccb19ba6\65F25D8E0708E758,0:1957542,2016-12-16 11:11:57-731,2016-12-16 11:11:58-065
Success : APPEND : test2\a94a8fe5ccb19ba6\38DDD0CA400DD637,0:3386368,2016-12-16 11:11:58-065,2016-12-16 11:11:58-065
Success : APPEND : test2\a94a8fe5ccb19ba6\2a5bd02710e975a7\15DA586970C64E4D,0:64943104,2016-12-16 11:11:58-065,2016-12-16 11:11:58-065
Success : APPEND : test2\a94a8fe5ccb19ba6\2a5bd02710e975a7\51A568404CFD4320,0:17016832,2016-12-16 11:11:58-065,2016-12-16 11:11:58-065
Success : LS : test2\a94a8fe5ccb19ba6\,0:-1,2016-12-16 11:11:58-065,2016-12-16 11:11:58-065
Success : APPEND : test2\a94a8fe5ccb19ba6\180D6BA9275CD3D4,0:45348864,2016-12-16 11:11:58-439,2016-12-16 11:11:58-439
Success : SEQ_READ : test1\c5a5e5562b038073\f72cdbcd84f047a5,0:7168,2016-12-16 11:11:58-621,2016-12-16 11:11:58-623
Success : SEQ_READ : test2\a94a8fe5ccb19ba6\2a5bd02710e975a7\3eef580036f1724a,0:184320,2016-12-16 11:11:58-779,2016-12-16 11:11:58-781
Success : APPEND : test1\c5a5e5562b038073\2015a7ab48ae9a58,0:55348224,2016-12-16 11:11:59-031,2016-12-16 11:11:59-031
Success : SEQ_WRITE : test2\a94a8fe5ccb19ba6\7A9579DA3630FB6A,0:27435008,2016-12-16 11:11:59-266,2016-12-16 11:12:02-945
Success : APPEND : test1\c5a5e5562b038073\c7abaf0419c47a1d,0:47210496,2016-12-16 11:12:02-945,2016-12-16 11:12:02-945
Success : SEQ_READ : test2\a94a8fe5ccb19ba6\2a5bd02710e975a7\4FA6F09831DC1213,0:308224,2016-12-16 11:12:02-946,2016-12-16 11:12:02-974
Success : APPEND : test2\a94a8fe5ccb19ba6\2a5bd02710e975a7\4FA6F09831DC1213,0:34141184,2016-12-16 11:12:02-974,2016-12-16 11:12:02-974
Success : CREATE_FILE : test2\a94a8fe5ccb19ba6\417E388C2172091F,0:3402441,2016-12-16 11:12:02-975,2016-12-16 11:12:03-733
Success : APPEND : test2\a94a8fe5ccb19ba6\7291895A2A5E62F7,0:65472512,2016-12-16 11:12:03-733,2016-12-16 11:12:03-733
Success : APPEND : test2\a94a8fe5ccb19ba6\6707F4D2587ECE4F,0:546816,2016-12-16 11:12:03-733,2016-12-16 11:12:03-733
Success : APPEND : test2\a94a8fe5ccb19ba6\2a5bd02710e975a7\0838C9FC5467A6F1,0:41040896,2016-12-16 11:12:03-734,2016-12-16 11:12:03-734
Success : RANDOM_WRITE : test2\a94a8fe5ccb19ba6\38DDD0CA400DD637,0:29696,2016-12-16 11:12:03-734,2016-12-16 11:12:03-738
Success : LS : test2\a94a8fe5ccb19ba6\,0:-1,2016-12-16 11:12:03-738,2016-12-16 11:12:03-738
Success : SEQ_READ : test1\c5a5e5562b038073\0189424a5a60fed3\46a8219c2ae6c782,0:1168384,2016-12-16 11:12:04-419,2016-12-16 11:12:04-522
Success : APPEND : test2\a94a8fe5ccb19ba6\796AD63C052BB79F,0:37668864,2016-12-16 11:12:04-522,2016-12-16 11:12:04-522
Success : CREATE_FILE : test2\a94a8fe5ccb19ba6\2a5bd02710e975a7\724D556D71FFAE62,0:3649420,2016-12-16 11:12:04-629,2016-12-16 11:12:05-189
Success : APPEND : test1\c5a5e5562b038073\6670af231c096f09,0:44781568,2016-12-16 11:12:05-189,2016-12-16 11:12:05-189
Success : LS : test2\a94a8fe5ccb19ba6\2a5bd02710e975a7\,0:-1,2016-12-16 11:12:05-189,2016-12-16 11:12:05-189
Fail : RANDOM_WRITE : test1\c5a5e5562b038073\fbe0d7653f0909cb,0:0,2016-12-16 11:12:05-240,2016-12-16 11:12:05-242
Reason : RESTAPI.NoImplementionException: read failure
Success : SEQ_READ : test2\6c33a983eec1b409,0:48986112,2016-12-16 11:12:05-451,2016-12-16 11:12:05-470
Success : RANDOM_WRITE : test2\a94a8fe5ccb19ba6\2a5bd02710e975a7\22C905AE5DF40055,0:7168,2016-12-16 11:12:05-470,2016-12-16 11:12:05-472
Success : CREATE_FILE : test2\a94a8fe5ccb19ba6\2a5bd02710e975a7\673013CE515B94EC,0:1657595,2016-12-16 11:12:05-583,2016-12-16 11:12:05-857
Success : LS : test2\a94a8fe5ccb19ba6\2a5bd02710e975a7\,0:-1,2016-12-16 11:12:05-857,2016-12-16 11:12:05-857
Success : SEQ_WRITE : test2\acde102dac5bbe15,0:32688128,2016-12-16 11:12:05-999,2016-12-16 11:12:10-126
Success : SEQ_WRITE : test2\a94a8fe5ccb19ba6\2a5bd02710e975a7\13FE79CB7484A367,0:32036864,2016-12-16 11:12:10-126,2016-12-16 11:12:14-164
Success : SEQ_WRITE : test2\a94a8fe5ccb19ba6\796AD63C052BB79F,0:10084352,2016-12-16 11:12:14-164,2016-12-16 11:12:15-488
Success : CREATE_FILE : test2\a94a8fe5ccb19ba6\2a5bd02710e975a7\3CC6933A01682813,0:1738702,2016-12-16 11:12:15-489,2016-12-16 11:12:15-780
Success : APPEND : test2\a94a8fe5ccb19ba6\7FA5728F1CD8106A,0:19187712,2016-12-16 11:12:15-780,2016-12-16 11:12:15-780
Success : APPEND : test2\a94a8fe5ccb19ba6\4b6fcb2d521ef0fd,0:66856960,2016-12-16 11:12:15-780,2016-12-16 11:12:15-780
Success : SEQ_READ : test2\a94a8fe5ccb19ba6\2a5bd02710e975a7\254d76d2609fec03,0:2537472,2016-12-16 11:12:15-780,2016-12-16 11:12:16-000
Success : SEQ_READ : test2\49f03965cf98b1f5,0:8485888,2016-12-16 11:12:16-000,2016-12-16 11:12:16-007
Success : LS : test2\a94a8fe5ccb19ba6\2a5bd02710e975a7\,0:-1,2016-12-16 11:12:16-008,2016-12-16 11:12:16-008
Success : CREATE_FILE : test2\a94a8fe5ccb19ba6\2a5bd02710e975a7\737AC4950ED34024,0:264353,2016-12-16 11:12:16-008,2016-12-16 11:12:16-095
Success : LS : test2\a94a8fe5ccb19ba6\2a5bd02710e975a7\,0:-1,2016-12-16 11:12:16-096,2016-12-16 11:12:16-096
Success : CREATE_FILE : test2\a94a8fe5ccb19ba6\23C8EBFA5747736A,0:3130790,2016-12-16 11:12:16-096,2016-12-16 11:12:16-544
Success : LS : test2\a94a8fe5ccb19ba6\,0:-1,2016-12-16 11:12:16-544,2016-12-16 11:12:16-544
Success : SEQ_WRITE : test2\6c33a983eec1b409,0:26023936,2016-12-16 11:12:17-734,2016-12-16 11:12:21-112
Success : RANDOM_READ : test1\c5a5e5562b038073\a39ea9c72a98de10\41288c58009f7f6a,0:477,2016-12-16 11:12:21-112,2016-12-16 11:12:21-114
Success : SEQ_READ : test2\a94a8fe5ccb19ba6\687637AA4D8AEDEF,0:6295552,2016-12-16 11:12:21-114,2016-12-16 11:12:21-400
Success : APPEND : test2\a94a8fe5ccb19ba6\2a5bd02710e975a7\737AC4950ED34024,0:6444032,2016-12-16 11:12:21-400,2016-12-16 11:12:21-400
Success : APPEND : test2\a94a8fe5ccb19ba6\2a5bd02710e975a7\15DA586970C64E4D,0:30616576,2016-12-16 11:12:21-400,2016-12-16 11:12:21-400
Success : RANDOM_READ : test2\a94a8fe5ccb19ba6\38DDD0CA400DD637,0:8192,2016-12-16 11:12:21-400,2016-12-16 11:12:21-402
Success : CREATE_FILE : test2\a94a8fe5ccb19ba6\2a5bd02710e975a7\4335F92548C1EC18,0:2027319,2016-12-16 11:12:21-402,2016-12-16 11:12:21-747
Success : RANDOM_READ : test2\a94a8fe5ccb19ba6\7A9579DA3630FB6A,0:9216,2016-12-16 11:12:21-747,2016-12-16 11:12:21-750
Success : LS : test2\a94a8fe5ccb19ba6\2a5bd02710e975a7\,0:-1,2016-12-16 11:12:21-750,2016-12-16 11:12:21-750
Success : RANDOM_READ : test1\c5a5e5562b038073\a39ea9c72a98de10\11562aa867a5f398,0:1024,2016-12-16 11:12:22-380,2016-12-16 11:12:22-382
Success : CREATE_FILE : test2\a94a8fe5ccb19ba6\60E46FC569FC518C,0:880526,2016-12-16 11:12:22-437,2016-12-16 11:12:22-634
Success : LS : test2\a94a8fe5ccb19ba6\,0:-1,2016-12-16 11:12:22-634,2016-12-16 11:12:22-634
Success : RANDOM_READ : test1\c5a5e5562b038073\c7abaf0419c47a1d,0:1024,2016-12-16 11:12:22-823,2016-12-16 11:12:22-825
Success : SEQ_READ : test1\c5a5e5562b038073\f72cdbcd84f047a5,0:17408,2016-12-16 11:12:23-070,2016-12-16 11:12:23-073
Success : CREATE_FILE : test2\a94a8fe5ccb19ba6\4FE788C602E953D5,0:2243678,2016-12-16 11:12:24-411,2016-12-16 11:12:24-773
Success : LS : test2\a94a8fe5ccb19ba6\,0:-1,2016-12-16 11:12:24-773,2016-12-16 11:12:24-773
Success : CREATE_FILE : test2\a94a8fe5ccb19ba6\2a5bd02710e975a7\3284230D143350E2,0:2547268,2016-12-16 11:12:24-774,2016-12-16 11:12:25-530
Success : APPEND : test1\c5a5e5562b038073\2015a7ab48ae9a58,0:64352256,2016-12-16 11:12:25-531,2016-12-16 11:12:25-531
Success : LS : test2\a94a8fe5ccb19ba6\2a5bd02710e975a7\,0:-1,2016-12-16 11:12:25-531,2016-12-16 11:12:25-531
Success : SEQ_WRITE : test2\a94a8fe5ccb19ba6\6707F4D2587ECE4F,0:158720,2016-12-16 11:12:25-622,2016-12-16 11:12:26-000
Success : APPEND : test2\bc9c8ba7ff351f3e,0:31803392,2016-12-16 11:12:27-576,2016-12-16 11:12:27-576
Success : RANDOM_WRITE : test2\a94a8fe5ccb19ba6\7A9579DA3630FB6A,0:17408,2016-12-16 11:12:27-846,2016-12-16 11:12:27-848
Success : SEQ_READ : test2\1a7683b6645f9b6a,0:144384,2016-12-16 11:12:28-235,2016-12-16 11:12:28-238
Success : CREATE_FILE : test2\a94a8fe5ccb19ba6\2a5bd02710e975a7\610EC215738F8A42,0:2318536,2016-12-16 11:12:28-338,2016-12-16 11:12:28-732
Success : APPEND : test2\a94a8fe5ccb19ba6\2a5bd02710e975a7\3eef580036f1724a,0:34816,2016-12-16 11:12:28-732,2016-12-16 11:12:28-732
Success : LS : test2\a94a8fe5ccb19ba6\2a5bd02710e975a7\,0:-1,2016-12-16 11:12:28-732,2016-12-16 11:12:28-733
Success : CREATE_FILE : test2\a94a8fe5ccb19ba6\2a5bd02710e975a7\5A9F764745B23048,0:1308214,2016-12-16 11:12:28-733,2016-12-16 11:12:28-948
Success : LS : test2\a94a8fe5ccb19ba6\2a5bd02710e975a7\,0:-1,2016-12-16 11:12:28-948,2016-12-16 11:12:28-948
Success : CREATE_FILE : test2\a94a8fe5ccb19ba6\2a5bd02710e975a7\40D9632F094E4714,0:2122397,2016-12-16 11:12:29-211,2016-12-16 11:12:29-540
Success : APPEND : test1\9832710c94f11d2b,0:34595840,2016-12-16 11:12:29-540,2016-12-16 11:12:29-540
Success : LS : test2\a94a8fe5ccb19ba6\2a5bd02710e975a7\,0:-1,2016-12-16 11:12:29-540,2016-12-16 11:12:29-540
Success : RANDOM_READ : test1\c5a5e5562b038073\2d77b1044a6c5c82,0:33792,2016-12-16 11:12:29-628,2016-12-16 11:12:29-632
Success : APPEND : test2\a94a8fe5ccb19ba6\2700487E193C37C6,0:21350400,2016-12-16 11:12:31-204,2016-12-16 11:12:31-204
Success : APPEND : test1\f71b43c3136efa4f\c7d9912886e5ccc7\6670af231c096f09,0:53830656,2016-12-16 11:12:31-836,2016-12-16 11:12:31-836
Success : RANDOM_READ : test1\c5a5e5562b038073\a39ea9c72a98de10\aa61f113a9b13deb,0:26624,2016-12-16 11:12:32-182,2016-12-16 11:12:32-184
Success : CREATE_FILE : test2\a94a8fe5ccb19ba6\41C0C80C510FDDF9,0:3452925,2016-12-16 11:12:32-869,2016-12-16 11:12:33-564
Success : RANDOM_WRITE : test2\a94a8fe5ccb19ba6\2a5bd02710e975a7\4F6791E85CB4DEC4,0:41984,2016-12-16 11:12:33-564,2016-12-16 11:12:33-570
Success : LS : test2\a94a8fe5ccb19ba6\,0:-1,2016-12-16 11:12:33-570,2016-12-16 11:12:33-570
Success : APPEND : test2\a94a8fe5ccb19ba6\417E388C2172091F,0:16971776,2016-12-16 11:12:35-271,2016-12-16 11:12:35-271
Success : CREATE_FILE : test2\a94a8fe5ccb19ba6\346959D0328A9D29,0:1529017,2016-12-16 11:12:35-775,2016-12-16 11:12:36-041
Success : APPEND : test2\a94a8fe5ccb19ba6\4FE788C602E953D5,0:58994688,2016-12-16 11:12:36-041,2016-12-16 11:12:36-041
Success : LS : test2\a94a8fe5ccb19ba6\,0:-1,2016-12-16 11:12:36-041,2016-12-16 11:12:36-041
Success : APPEND : test2\a94a8fe5ccb19ba6\60E46FC569FC518C,0:41341952,2016-12-16 11:12:36-488,2016-12-16 11:12:36-488
Success : RANDOM_READ : test2\49f03965cf98b1f5,0:10240,2016-12-16 11:12:38-114,2016-12-16 11:12:38-115
Success : CREATE_FILE : test2\a94a8fe5ccb19ba6\3BEE212D188542EF,0:2777038,2016-12-16 11:12:39-400,2016-12-16 11:12:39-851
Success : LS : test2\a94a8fe5ccb19ba6\,0:-1,2016-12-16 11:12:39-852,2016-12-16 11:12:39-852
Success : APPEND : test2\a94a8fe5ccb19ba6\65F25D8E0708E758,0:34951168,2016-12-16 11:12:40-890,2016-12-16 11:12:40-890
Success : SEQ_READ : test2\a94a8fe5ccb19ba6\7FA5728F1CD8106A,0:6529024,2016-12-16 11:12:41-361,2016-12-16 11:12:41-485
Success : CREATE_FILE : test2\a94a8fe5ccb19ba6\29CF2C1C111878BF,0:3530043,2016-12-16 11:12:41-503,2016-12-16 11:12:42-091
Success : LS : test2\a94a8fe5ccb19ba6\,0:-1,2016-12-16 11:12:42-091,2016-12-16 11:12:42-091
Success : CREATE_FILE : test2\a94a8fe5ccb19ba6\2a5bd02710e975a7\07451C1A0DDBB6CD,0:1851027,2016-12-16 11:12:42-091,2016-12-16 11:12:42-384
Success : SEQ_READ : test2\a94a8fe5ccb19ba6\417E388C2172091F,0:1467392,2016-12-16 11:12:42-384,2016-12-16 11:12:42-512
Success : LS : test2\a94a8fe5ccb19ba6\2a5bd02710e975a7\,0:-1,2016-12-16 11:12:42-512,2016-12-16 11:12:42-512
Success : RANDOM_WRITE : test2\a94a8fe5ccb19ba6\2a5bd02710e975a7\737AC4950ED34024,0:37888,2016-12-16 11:12:44-429,2016-12-16 11:12:44-434
Success : SEQ_READ : test1\c5a5e5562b038073\a39ea9c72a98de10\41288c58009f7f6a,0:477,2016-12-16 11:12:44-839,2016-12-16 11:12:44-841
Success : RANDOM_READ : test2\a94a8fe5ccb19ba6\687637AA4D8AEDEF,0:46080,2016-12-16 11:12:45-030,2016-12-16 11:12:45-036
Success : SEQ_WRITE : test2\a94a8fe5ccb19ba6\2a5bd02710e975a7\0838C9FC5467A6F1,0:32171008,2016-12-16 11:12:45-454,2016-12-16 11:12:49-657
Success : APPEND : test2\a94a8fe5ccb19ba6\29CF2C1C111878BF,0:2694144,2016-12-16 11:12:49-657,2016-12-16 11:12:49-657
Success : CREATE_FILE : test2\a94a8fe5ccb19ba6\709BF1D8295F2A86,0:3877192,2016-12-16 11:12:49-658,2016-12-16 11:12:50-591
Success : APPEND : test2\a94a8fe5ccb19ba6\29CF2C1C111878BF,0:51446784,2016-12-16 11:12:50-591,2016-12-16 11:12:50-591
Success : SEQ_WRITE : test2\a94a8fe5ccb19ba6\4FE788C602E953D5,0:42860544,2016-12-16 11:12:50-591,2016-12-16 11:12:55-977
Success : APPEND : test1\c5a5e5562b038073\2d77b1044a6c5c82,0:33455104,2016-12-16 11:12:55-977,2016-12-16 11:12:55-977
Success : RANDOM_READ : test1\c5a5e5562b038073\a39ea9c72a98de10\aa61f113a9b13deb,0:5120,2016-12-16 11:12:55-977,2016-12-16 11:12:55-979
Success : RANDOM_WRITE : test2\49f03965cf98b1f5,0:45056,2016-12-16 11:12:55-979,2016-12-16 11:12:55-981
Success : LS : test2\a94a8fe5ccb19ba6\,0:-1,2016-12-16 11:12:55-981,2016-12-16 11:12:55-981
Success : CREATE_FILE : test2\a94a8fe5ccb19ba6\060318CF05BE636B,0:466275,2016-12-16 11:12:55-981,2016-12-16 11:12:56-621
Success : SEQ_READ : test2\6c33a983eec1b409,0:25180160,2016-12-16 11:12:56-621,2016-12-16 11:12:58-799
Success : APPEND : test2\a94a8fe5ccb19ba6\29CF2C1C111878BF,0:41783296,2016-12-16 11:12:58-799,2016-12-16 11:12:58-799
Success : APPEND : test2\a94a8fe5ccb19ba6\2a5bd02710e975a7\4FA6F09831DC1213,0:19179520,2016-12-16 11:12:58-799,2016-12-16 11:12:58-799
Success : APPEND : test2\a94a8fe5ccb19ba6\2a5bd02710e975a7\5A9F764745B23048,0:20265984,2016-12-16 11:12:58-799,2016-12-16 11:12:58-799
Success : SEQ_WRITE : test2\a94a8fe5ccb19ba6\2a5bd02710e975a7\3eef580036f1724a,0:15628288,2016-12-16 11:12:58-799,2016-12-16 11:13:00-792
Success : APPEND : test2\8da7cc13802eefe0,0:3264512,2016-12-16 11:13:00-793,2016-12-16 11:13:00-793
Success : LS : test2\a94a8fe5ccb19ba6\,0:-1,2016-12-16 11:13:00-793,2016-12-16 11:13:00-793
Success : CREATE_FILE : test2\a94a8fe5ccb19ba6\27E18227436635B2,0:1068578,2016-12-16 11:13:00-793,2016-12-16 11:13:01-151
Success : APPEND : test2\a94a8fe5ccb19ba6\60E46FC569FC518C,0:56101888,2016-12-16 11:13:01-151,2016-12-16 11:13:01-151
Success : SEQ_READ : test2\a94a8fe5ccb19ba6\29CF2C1C111878BF,0:36832256,2016-12-16 11:13:01-151,2016-12-16 11:13:01-473
Success : RANDOM_WRITE : test2\a94a8fe5ccb19ba6\2a5bd02710e975a7\41CA895316234736,0:37888,2016-12-16 11:13:01-473,2016-12-16 11:13:01-478
Success : SEQ_WRITE : test1\f71b43c3136efa4f\52481749c0cdecd6\6670af231c096f09,0:38267904,2016-12-16 11:13:01-478,2016-12-16 11:13:06-791
Success : SEQ_WRITE : test2\a94a8fe5ccb19ba6\2a5bd02710e975a7\0838C9FC5467A6F1,0:26689536,2016-12-16 11:13:06-791,2016-12-16 11:13:10-401
Success : APPEND : test2\a94a8fe5ccb19ba6\2a5bd02710e975a7\40D9632F094E4714,0:820224,2016-12-16 11:13:10-401,2016-12-16 11:13:10-401
Success : APPEND : test2\a94a8fe5ccb19ba6\346959D0328A9D29,0:3699712,2016-12-16 11:13:10-401,2016-12-16 11:13:10-401
Success : RANDOM_READ : test2\a94a8fe5ccb19ba6\180D6BA9275CD3D4,0:26624,2016-12-16 11:13:10-401,2016-12-16 11:13:10-406
Success : SEQ_WRITE : test2\a94a8fe5ccb19ba6\2a5bd02710e975a7\15DA586970C64E4D,0:22842368,2016-12-16 11:13:10-406,2016-12-16 11:13:13-348
Success : LS : test2\a94a8fe5ccb19ba6\,0:-1,2016-12-16 11:13:13-348,2016-12-16 11:13:13-348
Success : CREATE_FILE : test2\a94a8fe5ccb19ba6\2a5bd02710e975a7\077FE6AA207AEFB2,0:1625700,2016-12-16 11:13:13-348,2016-12-16 11:13:13-669
Success : RANDOM_READ : test2\a94a8fe5ccb19ba6\60E46FC569FC518C,0:49152,2016-12-16 11:13:13-669,2016-12-16 11:13:13-675
Success : APPEND : test2\a94a8fe5ccb19ba6\1AB08C293C5CBCB5,0:19506176,2016-12-16 11:13:13-675,2016-12-16 11:13:13-675
Success : APPEND : test2\49f03965cf98b1f5,0:57099264,2016-12-16 11:13:13-675,2016-12-16 11:13:13-675
Success : RANDOM_WRITE : test1\c5a5e5562b038073\2d77b1044a6c5c82,0:13312,2016-12-16 11:13:13-675,2016-12-16 11:13:13-678
Success : RANDOM_READ : test2\a94a8fe5ccb19ba6\7A9579DA3630FB6A,0:28672,2016-12-16 11:13:13-678,2016-12-16 11:13:13-681
Success : LS : test2\a94a8fe5ccb19ba6\2a5bd02710e975a7\,0:-1,2016-12-16 11:13:13-681,2016-12-16 11:13:13-681
Success : CREATE_FILE : test2\a94a8fe5ccb19ba6\2a5bd02710e975a7\7F365AB0417E4C7F,0:1160463,2016-12-16 11:13:13-681,2016-12-16 11:13:13-873
Success : LS : test2\a94a8fe5ccb19ba6\2a5bd02710e975a7\,0:-1,2016-12-16 11:13:13-873,2016-12-16 11:13:13-873
Success : CREATE_FILE : test2\a94a8fe5ccb19ba6\653A1B15037DE303,0:4049831,2016-12-16 11:13:13-873,2016-12-16 11:13:14-795
Success : SEQ_WRITE : test1\c5a5e5562b038073\2d77b1044a6c5c82,0:21531648,2016-12-16 11:13:14-795,2016-12-16 11:13:17-482
Success : APPEND : test2\a94a8fe5ccb19ba6\60E46FC569FC518C,0:56138752,2016-12-16 11:13:17-482,2016-12-16 11:13:17-482
Success : RANDOM_READ : test2\a94a8fe5ccb19ba6\7FA5728F1CD8106A,0:38912,2016-12-16 11:13:17-482,2016-12-16 11:13:17-487
Success : LS : test2\a94a8fe5ccb19ba6\,0:-1,2016-12-16 11:13:17-487,2016-12-16 11:13:17-487
Success : CREATE_FILE : test2\a94a8fe5ccb19ba6\2a5bd02710e975a7\416642771CA6990C,0:2258270,2016-12-16 11:13:17-487,2016-12-16 11:13:17-826
Success : APPEND : test2\a94a8fe5ccb19ba6\2a5bd02710e975a7\704C91CA06CC03E0,0:34102272,2016-12-16 11:13:17-827,2016-12-16 11:13:17-827
Success : RANDOM_READ : test2\a94a8fe5ccb19ba6\1AB08C293C5CBCB5,0:37888,2016-12-16 11:13:17-827,2016-12-16 11:13:17-831
Success : RANDOM_READ : test1\f71b43c3136efa4f\9f93e73d6896cb7b\6670af231c096f09,0:129,2016-12-16 11:13:17-831,2016-12-16 11:13:17-833
Success : APPEND : test2\a94a8fe5ccb19ba6\71943738258B6343,0:4156416,2016-12-16 11:13:17-833,2016-12-16 11:13:17-833
Success : APPEND : test2\a94a8fe5ccb19ba6\2a5bd02710e975a7\5B8B6FA74EDE20CB,0:36770816,2016-12-16 11:13:17-833,2016-12-16 11:13:17-833
Success : LS : test2\a94a8fe5ccb19ba6\2a5bd02710e975a7\,0:-1,2016-12-16 11:13:17-833,2016-12-16 11:13:17-833
Success : CREATE_FILE : test2\a94a8fe5ccb19ba6\2a5bd02710e975a7\10BF1274434EE9AE,0:2804001,2016-12-16 11:13:18-120,2016-12-16 11:13:18-643
Success : RANDOM_READ : test2\a94a8fe5ccb19ba6\2700487E193C37C6,0:62464,2016-12-16 11:13:18-643,2016-12-16 11:13:18-650
Success : APPEND : test2\a94a8fe5ccb19ba6\2a5bd02710e975a7\093684A209E78C5F,0:34458624,2016-12-16 11:13:18-650,2016-12-16 11:13:18-650
Success : LS : test2\a94a8fe5ccb19ba6\2a5bd02710e975a7\,0:-1,2016-12-16 11:13:18-650,2016-12-16 11:13:18-650
Success : CREATE_FILE : test2\a94a8fe5ccb19ba6\2a5bd02710e975a7\0135AEB816D811C9,0:2846804,2016-12-16 11:13:18-650,2016-12-16 11:13:19-048
Success : LS : test2\a94a8fe5ccb19ba6\2a5bd02710e975a7\,0:-1,2016-12-16 11:13:19-048,2016-12-16 11:13:19-048
Success : APPEND : test2\a94a8fe5ccb19ba6\1AB08C293C5CBCB5,0:22546432,2016-12-16 11:13:19-063,2016-12-16 11:13:19-063
Success : APPEND : test2\a94a8fe5ccb19ba6\2a5bd02710e975a7\7473629E7D7EAAF1,0:18135040,2016-12-16 11:13:21-179,2016-12-16 11:13:21-179
Success : SEQ_WRITE : test2\a94a8fe5ccb19ba6\7A9579DA3630FB6A,0:58635264,2016-12-16 11:13:21-560,2016-12-16 11:13:28-818
Success : CREATE_FILE : test2\a94a8fe5ccb19ba6\2a5bd02710e975a7\36C8E2D240BFFFFA,0:2115821,2016-12-16 11:13:28-819,2016-12-16 11:13:29-839
Success : RANDOM_READ : test2\a94a8fe5ccb19ba6\71943738258B6343,0:19456,2016-12-16 11:13:29-839,2016-12-16 11:13:29-842
Success : APPEND : test2\a94a8fe5ccb19ba6\2a5bd02710e975a7\10BF1274434EE9AE,0:40896512,2016-12-16 11:13:29-842,2016-12-16 11:13:29-842
Success : APPEND : test1\c5a5e5562b038073\2d77b1044a6c5c82,0:57889792,2016-12-16 11:13:29-842,2016-12-16 11:13:29-842
Success : LS : test2\a94a8fe5ccb19ba6\2a5bd02710e975a7\,0:-1,2016-12-16 11:13:29-842,2016-12-16 11:13:29-842
Success : CREATE_FILE : test2\a94a8fe5ccb19ba6\2a5bd02710e975a7\1EF965762831965E,0:2904294,2016-12-16 11:13:29-843,2016-12-16 11:13:30-261
Success : LS : test2\a94a8fe5ccb19ba6\2a5bd02710e975a7\,0:-1,2016-12-16 11:13:30-261,2016-12-16 11:13:30-261
Success : CREATE_FILE : test2\a94a8fe5ccb19ba6\2AB6EE7B56782AD1,0:841042,2016-12-16 11:13:30-262,2016-12-16 11:13:30-430
Success : LS : test2\a94a8fe5ccb19ba6\,0:-1,2016-12-16 11:13:30-430,2016-12-16 11:13:30-430
Success : CREATE_FILE : test2\a94a8fe5ccb19ba6\5341C2DD5D06BCAB,0:2362109,2016-12-16 11:13:30-430,2016-12-16 11:13:30-830
Success : APPEND : test2\a94a8fe5ccb19ba6\5A34727311974920,0:37939200,2016-12-16 11:13:30-830,2016-12-16 11:13:30-830
Success : APPEND : test2\a94a8fe5ccb19ba6\653A1B15037DE303,0:36088832,2016-12-16 11:13:30-830,2016-12-16 11:13:30-830
Success : LS : test2\a94a8fe5ccb19ba6\,0:-1,2016-12-16 11:13:30-830,2016-12-16 11:13:30-830
Success : CREATE_FILE : test2\a94a8fe5ccb19ba6\2a5bd02710e975a7\01CDF8D606860AE4,0:1158646,2016-12-16 11:13:30-830,2016-12-16 11:13:31-137
Success : SEQ_WRITE : test1\c5a5e5562b038073\05d1f0ed74e78555,0:17347584,2016-12-16 11:13:31-137,2016-12-16 11:13:33-456
Success : LS : test2\a94a8fe5ccb19ba6\2a5bd02710e975a7\,0:-1,2016-12-16 11:13:33-456,2016-12-16 11:13:33-456
Success : CREATE_FILE : test2\a94a8fe5ccb19ba6\3B3D5C89334E8E99,0:795695,2016-12-16 11:13:33-456,2016-12-16 11:13:33-633
Success : APPEND : test2\a94a8fe5ccb19ba6\27E18227436635B2,0:52732928,2016-12-16 11:13:33-633,2016-12-16 11:13:33-633
Success : LS : test2\a94a8fe5ccb19ba6\,0:-1,2016-12-16 11:13:33-633,2016-12-16 11:13:33-633
Success : CREATE_FILE : test2\a94a8fe5ccb19ba6\464748577C198169,0:3855463,2016-12-16 11:13:33-634,2016-12-16 11:13:34-290
Success : APPEND : test2\a94a8fe5ccb19ba6\11FAE07F58783BF2,0:55879680,2016-12-16 11:13:34-290,2016-12-16 11:13:34-290
Success : SEQ_READ : test2\a94a8fe5ccb19ba6\7A9579DA3630FB6A,0:12453888,2016-12-16 11:13:34-290,2016-12-16 11:13:35-362
Success : RANDOM_WRITE : test2\a94a8fe5ccb19ba6\2a5bd02710e975a7\15DA586970C64E4D,0:53248,2016-12-16 11:13:35-362,2016-12-16 11:13:35-368
Success : LS : test2\a94a8fe5ccb19ba6\,0:-1,2016-12-16 11:13:35-368,2016-12-16 11:13:35-368
Success : CREATE_FILE : test2\a94a8fe5ccb19ba6\2a5bd02710e975a7\3CFAC5035E737708,0:3089497,2016-12-16 11:13:35-368,2016-12-16 11:13:35-929
Success : SEQ_READ : test2\a94a8fe5ccb19ba6\2a5bd02710e975a7\10BF1274434EE9AE,0:9048064,2016-12-16 11:13:35-929,2016-12-16 11:13:36-173
Success : LS : test2\a94a8fe5ccb19ba6\2a5bd02710e975a7\,0:-1,2016-12-16 11:13:36-174,2016-12-16 11:13:36-174
Success : CREATE_FILE : test2\a94a8fe5ccb19ba6\2a5bd02710e975a7\5CE1CC30633A9F17,0:2684484,2016-12-16 11:13:36-174,2016-12-16 11:13:36-589
Success : LS : test2\a94a8fe5ccb19ba6\2a5bd02710e975a7\,0:-1,2016-12-16 11:13:36-589,2016-12-16 11:13:36-589
Success : APPEND : test2\a94a8fe5ccb19ba6\2a5bd02710e975a7\0135AEB816D811C9,0:30320640,2016-12-16 11:13:37-252,2016-12-16 11:13:37-252
Success : CREATE_FILE : test2\a94a8fe5ccb19ba6\1A1C942C5C7456B2,0:2977424,2016-12-16 11:13:37-352,2016-12-16 11:13:37-965
Success : SEQ_READ : test2\a94a8fe5ccb19ba6\346959D0328A9D29,0:2938880,2016-12-16 11:13:37-965,2016-12-16 11:13:38-099
Success : LS : test2\a94a8fe5ccb19ba6\,0:-1,2016-12-16 11:13:38-100,2016-12-16 11:13:38-100
Success : RANDOM_READ : test1\c5a5e5562b038073\2015a7ab48ae9a58,0:43008,2016-12-16 11:13:38-361,2016-12-16 11:13:38-364
Success : APPEND : test2\a94a8fe5ccb19ba6\7A9579DA3630FB6A,0:13848576,2016-12-16 11:13:38-679,2016-12-16 11:13:38-679
Success : CREATE_FILE : test2\a94a8fe5ccb19ba6\02EACD1E1D8EF6C4,0:672087,2016-12-16 11:13:38-920,2016-12-16 11:13:39-089
Success : RANDOM_READ : test2\a94a8fe5ccb19ba6\38DDD0CA400DD637,0:53248,2016-12-16 11:13:39-089,2016-12-16 11:13:39-095
Success : LS : test2\a94a8fe5ccb19ba6\,0:-1,2016-12-16 11:13:39-095,2016-12-16 11:13:39-095
Success : APPEND : test2\a94a8fe5ccb19ba6\653A1B15037DE303,0:60928000,2016-12-16 11:13:39-095,2016-12-16 11:13:39-095
Success : RANDOM_READ : test1\c5a5e5562b038073\a39ea9c72a98de10\aa61f113a9b13deb,0:11264,2016-12-16 11:13:39-119,2016-12-16 11:13:39-121
Success : CREATE_FILE : test2\a94a8fe5ccb19ba6\2a5bd02710e975a7\5A1FEBDB06F9D2EF,0:183129,2016-12-16 11:13:39-491,2016-12-16 11:13:39-561
Success : LS : test2\a94a8fe5ccb19ba6\2a5bd02710e975a7\,0:-1,2016-12-16 11:13:39-561,2016-12-16 11:13:39-561
Success : CREATE_FILE : test2\a94a8fe5ccb19ba6\223E03C77F4783FD,0:1409811,2016-12-16 11:13:41-533,2016-12-16 11:13:42-114
Success : RANDOM_READ : test2\a94a8fe5ccb19ba6\27E18227436635B2,0:26624,2016-12-16 11:13:42-115,2016-12-16 11:13:42-119
Success : LS : test2\a94a8fe5ccb19ba6\,0:-1,2016-12-16 11:13:42-119,2016-12-16 11:13:42-119
Success : SEQ_WRITE : test2\a94a8fe5ccb19ba6\2a5bd02710e975a7\17E4A62D637817A7,0:301056,2016-12-16 11:13:42-119,2016-12-16 11:13:42-544
Success : CREATE_FILE : test2\a94a8fe5ccb19ba6\3DD706DD55AE0BAA,0:892544,2016-12-16 11:13:44-100,2016-12-16 11:13:44-450
Success : LS : test2\a94a8fe5ccb19ba6\,0:-1,2016-12-16 11:13:44-450,2016-12-16 11:13:44-450
Success : APPEND : test2\a94a8fe5ccb19ba6\2a5bd02710e975a7\36C8E2D240BFFFFA,0:20201472,2016-12-16 11:13:44-465,2016-12-16 11:13:44-465
Success : CREATE_FILE : test2\a94a8fe5ccb19ba6\2a5bd02710e975a7\3EE18CDA4B8979D9,0:3138724,2016-12-16 11:13:45-105,2016-12-16 11:13:45-592
Success : RANDOM_READ : test2\a94a8fe5ccb19ba6\2a5bd02710e975a7\5B8B6FA74EDE20CB,0:46080,2016-12-16 11:13:45-592,2016-12-16 11:13:45-597
Success : LS : test2\a94a8fe5ccb19ba6\2a5bd02710e975a7\,0:-1,2016-12-16 11:13:45-597,2016-12-16 11:13:45-597
Success : SEQ_READ : test2\a94a8fe5ccb19ba6\2a5bd02710e975a7\15DA586970C64E4D,0:62942208,2016-12-16 11:13:46-004,2016-12-16 11:13:47-989
Success : APPEND : test2\a94a8fe5ccb19ba6\2a5bd02710e975a7\093684A209E78C5F,0:61414400,2016-12-16 11:13:47-989,2016-12-16 11:13:47-989
Success : CREATE_FILE : test2\a94a8fe5ccb19ba6\2a5bd02710e975a7\1F5EDCA74FF84953,0:2458237,2016-12-16 11:13:47-990,2016-12-16 11:13:48-429
Success : APPEND : test2\a94a8fe5ccb19ba6\346959D0328A9D29,0:10663936,2016-12-16 11:13:48-429,2016-12-16 11:13:48-429
Success : LS : test2\a94a8fe5ccb19ba6\2a5bd02710e975a7\,0:-1,2016-12-16 11:13:48-429,2016-12-16 11:13:48-429
Success : CREATE_FILE : test2\a94a8fe5ccb19ba6\2a5bd02710e975a7\14C2E98A32A6E521,0:2876656,2016-12-16 11:13:48-429,2016-12-16 11:13:48-874
Success : LS : test2\a94a8fe5ccb19ba6\2a5bd02710e975a7\,0:-1,2016-12-16 11:13:48-874,2016-12-16 11:13:48-874
Success : CREATE_FILE : test2\a94a8fe5ccb19ba6\123968E609E0347B,0:3019290,2016-12-16 11:13:48-874,2016-12-16 11:13:49-298
Success : LS : test2\a94a8fe5ccb19ba6\,0:-1,2016-12-16 11:13:49-299,2016-12-16 11:13:49-299
Success : CREATE_FILE : test2\a94a8fe5ccb19ba6\2a5bd02710e975a7\2B74EA1979E966FC,0:1804244,2016-12-16 11:13:49-390,2016-12-16 11:13:49-671
Success : LS : test2\a94a8fe5ccb19ba6\2a5bd02710e975a7\,0:-1,2016-12-16 11:13:49-671,2016-12-16 11:13:49-671
Success : RANDOM_WRITE : test1\c5a5e5562b038073\767c14c8beb1e835,0:55296,2016-12-16 11:13:49-704,2016-12-16 11:13:49-711
Success : APPEND : test1\c5a5e5562b038073\738537f9a40e568b,0:53510144,2016-12-16 11:13:50-372,2016-12-16 11:13:50-372
Success : CREATE_FILE : test2\a94a8fe5ccb19ba6\2a5bd02710e975a7\7EB48154325FC98E,0:652059,2016-12-16 11:13:50-726,2016-12-16 11:13:50-877
Success : SEQ_READ : test1\c5a5e5562b038073\a39ea9c72a98de10\f398de59988a85e5,0:33325056,2016-12-16 11:13:50-877,2016-12-16 11:13:50-893
Success : LS : test2\a94a8fe5ccb19ba6\2a5bd02710e975a7\,0:-1,2016-12-16 11:13:50-893,2016-12-16 11:13:50-893
Success : APPEND : test2\a94a8fe5ccb19ba6\2700487E193C37C6,0:16956416,2016-12-16 11:13:51-440,2016-12-16 11:13:51-440
Success : SEQ_READ : test2\a94a8fe5ccb19ba6\2a5bd02710e975a7\4FA6F09831DC1213,0:34253824,2016-12-16 11:13:51-851,2016-12-16 11:13:52-146
Success : CREATE_FILE : test2\a94a8fe5ccb19ba6\444B23B102359B53,0:797732,2016-12-16 11:13:52-146,2016-12-16 11:13:52-316
Success : LS : test2\a94a8fe5ccb19ba6\,0:-1,2016-12-16 11:13:52-316,2016-12-16 11:13:52-316
Success : CREATE_FILE : test2\a94a8fe5ccb19ba6\37C3D8A86F8A70C0,0:2813706,2016-12-16 11:13:52-592,2016-12-16 11:13:53-067
Success : RANDOM_READ : test1\c5a5e5562b038073\c7734a16bf12bb03,0:4096,2016-12-16 11:13:53-067,2016-12-16 11:13:53-069
Success : LS : test2\a94a8fe5ccb19ba6\,0:-1,2016-12-16 11:13:53-069,2016-12-16 11:13:53-069
Success : CREATE_FILE : test2\a94a8fe5ccb19ba6\0431D0D6585B0F90,0:870643,2016-12-16 11:13:54-059,2016-12-16 11:13:54-255
Success : LS : test2\a94a8fe5ccb19ba6\,0:-1,2016-12-16 11:13:54-255,2016-12-16 11:13:54-255
Success : APPEND : test2\a94a8fe5ccb19ba6\464748577C198169,0:46871552,2016-12-16 11:13:54-567,2016-12-16 11:13:54-567
Success : CREATE_FILE : test2\a94a8fe5ccb19ba6\454BE55D2BFC225F,0:3404342,2016-12-16 11:13:54-678,2016-12-16 11:13:55-183
Success : LS : test2\a94a8fe5ccb19ba6\,0:-1,2016-12-16 11:13:55-183,2016-12-16 11:13:55-183
Success : CREATE_FILE : test2\a94a8fe5ccb19ba6\1139EF3B26ACF8FE,0:1656422,2016-12-16 11:13:55-184,2016-12-16 11:13:55-438
Success : APPEND : test1\c5a5e5562b038073\0189424a5a60fed3\46a8219c2ae6c782,0:24564736,2016-12-16 11:13:55-438,2016-12-16 11:13:55-438
Success : APPEND : test2\a94a8fe5ccb19ba6\2a5bd02710e975a7\2B74EA1979E966FC,0:5598208,2016-12-16 11:13:55-438,2016-12-16 11:13:55-438
Success : LS : test2\a94a8fe5ccb19ba6\,0:-1,2016-12-16 11:13:55-438,2016-12-16 11:13:55-438
Success : APPEND : test2\a94a8fe5ccb19ba6\2a5bd02710e975a7\5B8B6FA74EDE20CB,0:7851008,2016-12-16 11:13:56-761,2016-12-16 11:13:56-761
Success : APPEND : test2\a94a8fe5ccb19ba6\444B23B102359B53,0:61731840,2016-12-16 11:13:58-357,2016-12-16 11:13:58-357
Success : CREATE_FILE : test2\a94a8fe5ccb19ba6\14581415119AD1D0,0:1755790,2016-12-16 11:13:58-531,2016-12-16 11:13:58-870
Success : LS : test2\a94a8fe5ccb19ba6\,0:-1,2016-12-16 11:13:58-870,2016-12-16 11:13:58-870
Success : CREATE_FILE : test2\a94a8fe5ccb19ba6\1A0EA3CE21B0DDC1,0:2590867,2016-12-16 11:13:59-563,2016-12-16 11:13:59-947
Success : LS : test2\a94a8fe5ccb19ba6\,0:-1,2016-12-16 11:13:59-947,2016-12-16 11:13:59-947
Success : SEQ_WRITE : test2\a94a8fe5ccb19ba6\2a5bd02710e975a7\2B74EA1979E966FC,0:2130944,2016-12-16 11:14:00-505,2016-12-16 11:14:00-861
Success : RANDOM_WRITE : test1\c5a5e5562b038073\a39ea9c72a98de10\f398de59988a85e5,0:17408,2016-12-16 11:14:02-877,2016-12-16 11:14:02-880
Success : RANDOM_WRITE : test2\a94a8fe5ccb19ba6\2a5bd02710e975a7\737AC4950ED34024,0:62464,2016-12-16 11:14:03-533,2016-12-16 11:14:03-539
Success : CREATE_FILE : test2\a94a8fe5ccb19ba6\2a5bd02710e975a7\6350BDC0091DDEB1,0:2074711,2016-12-16 11:14:04-069,2016-12-16 11:14:04-413
Success : LS : test2\a94a8fe5ccb19ba6\2a5bd02710e975a7\,0:-1,2016-12-16 11:14:04-413,2016-12-16 11:14:04-413
Success : CREATE_FILE : test2\a94a8fe5ccb19ba6\2a5bd02710e975a7\6D2E523F0709F259,0:2011087,2016-12-16 11:14:04-559,2016-12-16 11:14:04-919
Success : LS : test2\a94a8fe5ccb19ba6\2a5bd02710e975a7\,0:-1,2016-12-16 11:14:04-919,2016-12-16 11:14:04-919
Success : CREATE_FILE : test2\a94a8fe5ccb19ba6\3927CDDB19C6150D,0:3519493,2016-12-16 11:14:05-011,2016-12-16 11:14:05-525
Success : LS : test2\a94a8fe5ccb19ba6\,0:-1,2016-12-16 11:14:05-525,2016-12-16 11:14:05-525
Success : CREATE_FILE : test2\a94a8fe5ccb19ba6\2a5bd02710e975a7\274AB72A7452B03C,0:2385346,2016-12-16 11:14:06-023,2016-12-16 11:14:06-387
Success : SEQ_WRITE : test2\a94a8fe5ccb19ba6\2a5bd02710e975a7\10BF1274434EE9AE,0:11654144,2016-12-16 11:14:06-387,2016-12-16 11:14:08-001
Success : SEQ_WRITE : test2\a94a8fe5ccb19ba6\2a5bd02710e975a7\17E4A62D637817A7,0:36331520,2016-12-16 11:14:08-001,2016-12-16 11:14:12-985
Success : LS : test2\a94a8fe5ccb19ba6\2a5bd02710e975a7\,0:-1,2016-12-16 11:14:12-985,2016-12-16 11:14:12-985
Success : CREATE_FILE : test2\a94a8fe5ccb19ba6\08B0830228908A1B,0:3811300,2016-12-16 11:14:12-985,2016-12-16 11:14:14-156
Success : SEQ_WRITE : test2\a94a8fe5ccb19ba6\653A1B15037DE303,0:19450880,2016-12-16 11:14:14-156,2016-12-16 11:14:16-800
Fail : RANDOM_WRITE : test1\c5a5e5562b038073\fbe0d7653f0909cb,0:0,2016-12-16 11:14:16-800,2016-12-16 11:14:16-802
Reason : RESTAPI.NoImplementionException: read failure
Success : LS : test2\a94a8fe5ccb19ba6\,0:-1,2016-12-16 11:14:16-802,2016-12-16 11:14:16-802
Success : CREATE_FILE : test2\a94a8fe5ccb19ba6\609BAACE323207F6,0:1880032,2016-12-16 11:14:16-802,2016-12-16 11:14:17-110
Success : RANDOM_READ : test2\a94a8fe5ccb19ba6\2a5bd02710e975a7\5B8B6FA74EDE20CB,0:62464,2016-12-16 11:14:17-110,2016-12-16 11:14:17-117
Success : RANDOM_READ : test2\a94a8fe5ccb19ba6\2a5bd02710e975a7\5A9F764745B23048,0:52224,2016-12-16 11:14:17-117,2016-12-16 11:14:17-123
Success : LS : test2\a94a8fe5ccb19ba6\,0:-1,2016-12-16 11:14:17-123,2016-12-16 11:14:17-123
Success : CREATE_FILE : test2\a94a8fe5ccb19ba6\2a5bd02710e975a7\6543EE16777FFCF9,0:1990880,2016-12-16 11:14:17-123,2016-12-16 11:14:17-415
Success : APPEND : test1\f71b43c3136efa4f\9f93e73d6896cb7b\6670af231c096f09,0:31876096,2016-12-16 11:14:17-415,2016-12-16 11:14:17-415
Success : LS : test2\a94a8fe5ccb19ba6\2a5bd02710e975a7\,0:-1,2016-12-16 11:14:17-415,2016-12-16 11:14:17-415
Success : CREATE_FILE : test2\a94a8fe5ccb19ba6\2a5bd02710e975a7\2CBF44B64A4FFF5B,0:3097234,2016-12-16 11:14:17-415,2016-12-16 11:14:17-861
Success : LS : test2\a94a8fe5ccb19ba6\2a5bd02710e975a7\,0:-1,2016-12-16 11:14:17-861,2016-12-16 11:14:17-861
Success : CREATE_FILE : test2\a94a8fe5ccb19ba6\265E481B255C24B5,0:78933,2016-12-16 11:14:17-861,2016-12-16 11:14:17-959
Success : RANDOM_WRITE : test1\f71b43c3136efa4f\c7d9912886e5ccc7\6670af231c096f09,0:48128,2016-12-16 11:14:17-959,2016-12-16 11:14:17-961
Success : APPEND : test2\a94a8fe5ccb19ba6\2a5bd02710e975a7\10BF1274434EE9AE,0:16485376,2016-12-16 11:14:17-961,2016-12-16 11:14:17-961
Success : LS : test2\a94a8fe5ccb19ba6\,0:-1,2016-12-16 11:14:17-961,2016-12-16 11:14:17-961
Success : SEQ_WRITE : test2\a94a8fe5ccb19ba6\2a5bd02710e975a7\03647DFF68694F18,0:16090112,2016-12-16 11:14:18-016,2016-12-16 11:14:20-139
Success : SEQ_READ : test2\a94a8fe5ccb19ba6\2a5bd02710e975a7\15DA586970C64E4D,0:5100544,2016-12-16 11:14:20-139,2016-12-16 11:14:20-588
Success : RANDOM_READ : test2\a94a8fe5ccb19ba6\73567EBE17DBEB6A,0:33792,2016-12-16 11:14:20-589,2016-12-16 11:14:20-593
Success : CREATE_FILE : test2\a94a8fe5ccb19ba6\54945791012F4807,0:1449534,2016-12-16 11:14:20-593,2016-12-16 11:14:21-051
Success : SEQ_WRITE : test2\a94a8fe5ccb19ba6\346959D0328A9D29,0:2154496,2016-12-16 11:14:21-052,2016-12-16 11:14:21-440
Success : LS : test2\a94a8fe5ccb19ba6\,0:-1,2016-12-16 11:14:21-440,2016-12-16 11:14:21-440
Success : CREATE_FILE : test2\a94a8fe5ccb19ba6\64ED2B1B58AE6441,0:3011923,2016-12-16 11:14:21-441,2016-12-16 11:14:21-879
Success : SEQ_READ : test1\c5a5e5562b038073\f72cdbcd84f047a5,0:6144,2016-12-16 11:14:21-880,2016-12-16 11:14:21-882
Success : RANDOM_WRITE : test2\a94a8fe5ccb19ba6\4b6fcb2d521ef0fd,0:25600,2016-12-16 11:14:21-882,2016-12-16 11:14:21-883
Success : LS : test2\a94a8fe5ccb19ba6\,0:-1,2016-12-16 11:14:21-883,2016-12-16 11:14:21-883
Success : CREATE_FILE : test2\a94a8fe5ccb19ba6\2a5bd02710e975a7\5E97D2075FE4AB23,0:67407,2016-12-16 11:14:21-884,2016-12-16 11:14:21-957
Success : LS : test2\a94a8fe5ccb19ba6\2a5bd02710e975a7\,0:-1,2016-12-16 11:14:21-957,2016-12-16 11:14:21-957
Success : CREATE_FILE : test2\a94a8fe5ccb19ba6\2a5bd02710e975a7\23B6DBA04D7798EF,0:3657154,2016-12-16 11:14:21-957,2016-12-16 11:14:22-483
Success : LS : test2\a94a8fe5ccb19ba6\2a5bd02710e975a7\,0:-1,2016-12-16 11:14:22-483,2016-12-16 11:14:22-483
Success : APPEND : test2\a94a8fe5ccb19ba6\2a5bd02710e975a7\1EF965762831965E,0:48033792,2016-12-16 11:14:22-928,2016-12-16 11:14:22-928
Success : RANDOM_READ : test1\c5a5e5562b038073\05d1f0ed74e78555,0:3072,2016-12-16 11:14:23-834,2016-12-16 11:14:23-836
Success : CREATE_FILE : test2\a94a8fe5ccb19ba6\7751FCF033E85AC5,0:254664,2016-12-16 11:14:24-039,2016-12-16 11:14:24-273
Success : RANDOM_WRITE : test2\a94a8fe5ccb19ba6\4b6fcb2d521ef0fd,0:38912,2016-12-16 11:14:24-273,2016-12-16 11:14:24-274
Success : LS : test2\a94a8fe5ccb19ba6\,0:-1,2016-12-16 11:14:24-274,2016-12-16 11:14:24-274
Success : SEQ_WRITE : test2\a94a8fe5ccb19ba6\2a5bd02710e975a7\15DA586970C64E4D,0:4055040,2016-12-16 11:14:24-942,2016-12-16 11:14:25-489
Success : CREATE_FILE : test2\a94a8fe5ccb19ba6\0B7577131AEBB0E5,0:2259888,2016-12-16 11:14:25-760,2016-12-16 11:14:26-163
Success : LS : test2\a94a8fe5ccb19ba6\,0:-1,2016-12-16 11:14:26-163,2016-12-16 11:14:26-163
Success : CREATE_FILE : test2\a94a8fe5ccb19ba6\7F491B4010EEE9C0,0:2859508,2016-12-16 11:14:26-163,2016-12-16 11:14:26-642
Success : APPEND : test2\a94a8fe5ccb19ba6\2a5bd02710e975a7\13FE79CB7484A367,0:46884864,2016-12-16 11:14:26-642,2016-12-16 11:14:26-642
Success : LS : test2\a94a8fe5ccb19ba6\,0:-1,2016-12-16 11:14:26-642,2016-12-16 11:14:26-642
Success : APPEND : test2\a94a8fe5ccb19ba6\2a5bd02710e975a7\51A568404CFD4320,0:55097344,2016-12-16 11:14:26-770,2016-12-16 11:14:26-770
Success : CREATE_FILE : test2\a94a8fe5ccb19ba6\33F76A0053878075,0:1806567,2016-12-16 11:14:27-414,2016-12-16 11:14:27-841
Success : LS : test2\a94a8fe5ccb19ba6\,0:-1,2016-12-16 11:14:27-841,2016-12-16 11:14:27-841
Success : CREATE_FILE : test2\a94a8fe5ccb19ba6\5BC043B00194B369,0:3711097,2016-12-16 11:14:29-092,2016-12-16 11:14:29-725
Success : APPEND : test2\a94a8fe5ccb19ba6\2a5bd02710e975a7\4FA6F09831DC1213,0:51357696,2016-12-16 11:14:29-726,2016-12-16 11:14:29-726
Success : LS : test2\a94a8fe5ccb19ba6\,0:-1,2016-12-16 11:14:29-726,2016-12-16 11:14:29-726
Success : CREATE_FILE : test2\a94a8fe5ccb19ba6\0ECA93FA68E3D764,0:3636570,2016-12-16 11:14:29-823,2016-12-16 11:14:30-391
Success : LS : test2\a94a8fe5ccb19ba6\,0:-1,2016-12-16 11:14:30-391,2016-12-16 11:14:30-391
Success : APPEND : test2\a94a8fe5ccb19ba6\2a5bd02710e975a7\7EB48154325FC98E,0:39397376,2016-12-16 11:14:32-525,2016-12-16 11:14:32-525
Success : RANDOM_READ : test2\a94a8fe5ccb19ba6\346959D0328A9D29,0:50176,2016-12-16 11:14:32-568,2016-12-16 11:14:32-574
Success : RANDOM_READ : test1\c5a5e5562b038073\3c16ab634e85296e,0:49152,2016-12-16 11:14:32-789,2016-12-16 11:14:32-797
Success : SEQ_WRITE : test2\a94a8fe5ccb19ba6\29CF2C1C111878BF,0:36030464,2016-12-16 11:14:32-885,2016-12-16 11:14:37-631
Success : CREATE_FILE : test2\a94a8fe5ccb19ba6\2F12CEE702F24668,0:2160589,2016-12-16 11:14:37-631,2016-12-16 11:14:37-977
Success : APPEND : test2\a94a8fe5ccb19ba6\14581415119AD1D0,0:6214656,2016-12-16 11:14:37-977,2016-12-16 11:14:37-977
Success : LS : test2\a94a8fe5ccb19ba6\,0:-1,2016-12-16 11:14:37-977,2016-12-16 11:14:37-977
Success : SEQ_READ : test1\c5a5e5562b038073\a39ea9c72a98de10\4a90c52e52d54ede,0:1024,2016-12-16 11:14:37-977,2016-12-16 11:14:37-979
Success : CREATE_FILE : test2\a94a8fe5ccb19ba6\2a5bd02710e975a7\70B5BA0F7430BA7A,0:796502,2016-12-16 11:14:37-979,2016-12-16 11:14:38-125
Success : RANDOM_WRITE : test1\c5a5e5562b038073\68ad3077ff5a452a,0:59392,2016-12-16 11:14:38-125,2016-12-16 11:14:38-127
Success : LS : test2\a94a8fe5ccb19ba6\2a5bd02710e975a7\,0:-1,2016-12-16 11:14:38-127,2016-12-16 11:14:38-127
Success : RANDOM_WRITE : test2\a94a8fe5ccb19ba6\2a5bd02710e975a7\13FE79CB7484A367,0:1024,2016-12-16 11:14:38-505,2016-12-16 11:14:38-507
Success : RANDOM_WRITE : test2\a94a8fe5ccb19ba6\2a5bd02710e975a7\093684A209E78C5F,0:27648,2016-12-16 11:14:38-911,2016-12-16 11:14:38-915
Success : RANDOM_READ : test1\c5a5e5562b038073\738537f9a40e568b,0:45056,2016-12-16 11:14:40-037,2016-12-16 11:14:40-040
Success : APPEND : test2\a94a8fe5ccb19ba6\2a5bd02710e975a7\36C8E2D240BFFFFA,0:54886400,2016-12-16 11:14:40-386,2016-12-16 11:14:40-386
Success : CREATE_FILE : test2\a94a8fe5ccb19ba6\1FCC5D6D56DE16BF,0:2475196,2016-12-16 11:14:41-039,2016-12-16 11:14:41-513
Success : LS : test2\a94a8fe5ccb19ba6\,0:-1,2016-12-16 11:14:41-513,2016-12-16 11:14:41-513
Success : CREATE_FILE : test2\a94a8fe5ccb19ba6\1F89299F34AB9B17,0:1722425,2016-12-16 11:14:41-513,2016-12-16 11:14:41-883
Success : LS : test2\a94a8fe5ccb19ba6\,0:-1,2016-12-16 11:14:41-883,2016-12-16 11:14:41-883
Success : CREATE_FILE : test2\a94a8fe5ccb19ba6\654F3CDF1C68297B,0:2357760,2016-12-16 11:14:41-883,2016-12-16 11:14:42-311
Success : SEQ_READ : test2\a94a8fe5ccb19ba6\2700487E193C37C6,0:24487936,2016-12-16 11:14:42-311,2016-12-16 11:14:42-577
Success : SEQ_READ : test1\c5a5e5562b038073\a39ea9c72a98de10\f398de59988a85e5,0:7363584,2016-12-16 11:14:42-577,2016-12-16 11:14:42-582
Success : LS : test2\a94a8fe5ccb19ba6\,0:-1,2016-12-16 11:14:42-582,2016-12-16 11:14:42-582
Success : APPEND : test2\a94a8fe5ccb19ba6\2a5bd02710e975a7\178db47a574c645f,0:14174208,2016-12-16 11:14:42-924,2016-12-16 11:14:42-924
