Success : SEQ_READ : test1\c5a5e5562b038073\b0c5d70d7f040bfa,0:17408,2016-12-16 15:18:34-807,2016-12-16 15:18:35-661
Success : SEQ_READ : test1\9832710c94f11d2b,0:34310397,2016-12-16 15:18:35-661,2016-12-16 15:18:35-918
Success : SEQ_READ : test1\c5a5e5562b038073\2015a7ab48ae9a58,0:28672,2016-12-16 15:18:35-919,2016-12-16 15:18:36-219
Success : CREATE_FILE : test2\a94a8fe5ccb19ba6\2a5bd02710e975a7\1C3A7BE92558E566,0:1455826,2016-12-16 15:18:36-220,2016-12-16 15:18:37-100
Success : LS : test2\a94a8fe5ccb19ba6\2a5bd02710e975a7\,0:-1,2016-12-16 15:18:37-100,2016-12-16 15:18:37-193
Success : CREATE_FILE : test2\a94a8fe5ccb19ba6\384A40773ECB8322,0:904446,2016-12-16 15:18:37-194,2016-12-16 15:18:37-572
Success : LS : test2\a94a8fe5ccb19ba6\,0:-1,2016-12-16 15:18:37-572,2016-12-16 15:18:37-672
Success : CREATE_FILE : test2\a94a8fe5ccb19ba6\771582221EE58D07,0:2569678,2016-12-16 15:18:37-672,2016-12-16 15:18:39-674
Success : SEQ_READ : test1\c5a5e5562b038073\2d77b1044a6c5c82,0:764416,2016-12-16 15:18:39-674,2016-12-16 15:18:39-994
Success : LS : test2\a94a8fe5ccb19ba6\,0:-1,2016-12-16 15:18:39-994,2016-12-16 15:18:40-105
Success : CREATE_FILE : test2\a94a8fe5ccb19ba6\40E0361171AC0883,0:1608521,2016-12-16 15:18:40-106,2016-12-16 15:18:40-998
Success : LS : test2\a94a8fe5ccb19ba6\,0:-1,2016-12-16 15:18:40-998,2016-12-16 15:18:41-102
Success : CREATE_FILE : test2\a94a8fe5ccb19ba6\2a5bd02710e975a7\65E09EEE734C03BB,0:2047408,2016-12-16 15:18:41-102,2016-12-16 15:18:42-444
Success : SEQ_READ : test2\bc9c8ba7ff351f3e,0:217984,2016-12-16 15:18:42-444,2016-12-16 15:18:42-717
Success : SEQ_READ : test1\c5a5e5562b038073\3c16ab634e85296e,0:105016,2016-12-16 15:18:42-717,2016-12-16 15:18:42-980
Success : LS : test2\a94a8fe5ccb19ba6\2a5bd02710e975a7\,0:-1,2016-12-16 15:18:42-980,2016-12-16 15:18:43-082
Success : CREATE_FILE : test2\a94a8fe5ccb19ba6\19A53287206DCF53,0:2303983,2016-12-16 15:18:43-083,2016-12-16 15:18:44-706
Success : LS : test2\a94a8fe5ccb19ba6\,0:-1,2016-12-16 15:18:44-706,2016-12-16 15:18:44-823
Success : CREATE_FILE : test2\a94a8fe5ccb19ba6\710BB56C337C568A,0:4012436,2016-12-16 15:18:44-824,2016-12-16 15:18:48-135
Success : SEQ_READ : test2\acde102dac5bbe15,0:6030,2016-12-16 15:18:48-135,2016-12-16 15:18:48-468
Success : SEQ_READ : test2\49f03965cf98b1f5,0:1634,2016-12-16 15:18:48-468,2016-12-16 15:18:48-759
Success : LS : test2\a94a8fe5ccb19ba6\,0:-1,2016-12-16 15:18:48-760,2016-12-16 15:18:48-838
Success : CREATE_FILE : test2\a94a8fe5ccb19ba6\2a5bd02710e975a7\1580204C4B0317D4,0:760786,2016-12-16 15:18:48-839,2016-12-16 15:18:49-117
Success : LS : test2\a94a8fe5ccb19ba6\2a5bd02710e975a7\,0:-1,2016-12-16 15:18:49-117,2016-12-16 15:18:49-197
Success : CREATE_FILE : test2\a94a8fe5ccb19ba6\7E9F63B7699171DC,0:853236,2016-12-16 15:18:49-197,2016-12-16 15:18:49-538
Success : SEQ_READ : test1\c5a5e5562b038073\2015a7ab48ae9a58,0:28672,2016-12-16 15:18:49-539,2016-12-16 15:18:49-796
Success : SEQ_READ : test1\c5a5e5562b038073\a39ea9c72a98de10\41288c58009f7f6a,0:477,2016-12-16 15:18:49-796,2016-12-16 15:18:50-023
Success : LS : test2\a94a8fe5ccb19ba6\,0:-1,2016-12-16 15:18:50-023,2016-12-16 15:18:50-097
Success : CREATE_FILE : test2\a94a8fe5ccb19ba6\692DA37F0B5B3AF4,0:4049608,2016-12-16 15:18:50-098,2016-12-16 15:18:53-465
Success : LS : test2\a94a8fe5ccb19ba6\,0:-1,2016-12-16 15:18:53-465,2016-12-16 15:18:53-561
Success : CREATE_FILE : test2\a94a8fe5ccb19ba6\35FF8EDA7762FACD,0:469748,2016-12-16 15:18:53-562,2016-12-16 15:18:53-827
Success : LS : test2\a94a8fe5ccb19ba6\,0:-1,2016-12-16 15:18:53-827,2016-12-16 15:18:53-931
Success : CREATE_FILE : test2\a94a8fe5ccb19ba6\2a5bd02710e975a7\6BD0962C503B2CCC,0:282880,2016-12-16 15:18:53-931,2016-12-16 15:18:54-282
Success : LS : test2\a94a8fe5ccb19ba6\2a5bd02710e975a7\,0:-1,2016-12-16 15:18:54-282,2016-12-16 15:18:54-404
Success : CREATE_FILE : test2\a94a8fe5ccb19ba6\2a5bd02710e975a7\251B4AE647DC67F9,0:3488066,2016-12-16 15:18:54-405,2016-12-16 15:18:57-177
Success : SEQ_READ : test1\c5a5e5562b038073\c7734a16bf12bb03,0:364726,2016-12-16 15:18:57-177,2016-12-16 15:18:57-422
Success : LS : test2\a94a8fe5ccb19ba6\2a5bd02710e975a7\,0:-1,2016-12-16 15:18:57-422,2016-12-16 15:18:57-511
Success : CREATE_FILE : test2\a94a8fe5ccb19ba6\130BD30E6F5E49AB,0:163147,2016-12-16 15:18:57-511,2016-12-16 15:18:57-868
Success : SEQ_READ : test1\c5a5e5562b038073\a39ea9c72a98de10\4a90c52e52d54ede,0:1048,2016-12-16 15:18:57-868,2016-12-16 15:18:58-113
Success : SEQ_READ : test1\f71b43c3136efa4f\9f93e73d6896cb7b\6670af231c096f09,0:129,2016-12-16 15:18:58-113,2016-12-16 15:18:58-358
Success : LS : test2\a94a8fe5ccb19ba6\,0:-1,2016-12-16 15:18:58-358,2016-12-16 15:18:58-436
Success : CREATE_FILE : test2\a94a8fe5ccb19ba6\147FB78C389490AB,0:2736303,2016-12-16 15:18:58-436,2016-12-16 15:19:00-385
Success : LS : test2\a94a8fe5ccb19ba6\,0:-1,2016-12-16 15:19:00-386,2016-12-16 15:19:00-490
Success : CREATE_FILE : test2\a94a8fe5ccb19ba6\2a5bd02710e975a7\335119BC7404C153,0:1342000,2016-12-16 15:19:00-490,2016-12-16 15:19:01-143
Success : SEQ_READ : test2\a94a8fe5ccb19ba6\2a5bd02710e975a7\254d76d2609fec03,0:2291,2016-12-16 15:19:01-143,2016-12-16 15:19:01-386
Success : LS : test2\a94a8fe5ccb19ba6\2a5bd02710e975a7\,0:-1,2016-12-16 15:19:01-387,2016-12-16 15:19:01-465
Success : CREATE_FILE : test2\a94a8fe5ccb19ba6\643086806E06CEF2,0:881890,2016-12-16 15:19:01-465,2016-12-16 15:19:01-755
Success : LS : test2\a94a8fe5ccb19ba6\,0:-1,2016-12-16 15:19:01-755,2016-12-16 15:19:01-847
Success : CREATE_FILE : test2\a94a8fe5ccb19ba6\6E0A51F823F3CC8D,0:1485278,2016-12-16 15:19:01-848,2016-12-16 15:19:02-657
Success : LS : test2\a94a8fe5ccb19ba6\,0:-1,2016-12-16 15:19:02-657,2016-12-16 15:19:02-771
Success : CREATE_FILE : test2\a94a8fe5ccb19ba6\2a5bd02710e975a7\01C71CE93D37C7E8,0:2990628,2016-12-16 15:19:02-772,2016-12-16 15:19:05-035
Success : LS : test2\a94a8fe5ccb19ba6\2a5bd02710e975a7\,0:-1,2016-12-16 15:19:05-035,2016-12-16 15:19:05-121
Success : CREATE_FILE : test2\a94a8fe5ccb19ba6\2a5bd02710e975a7\25CB7FE554046DCD,0:1686514,2016-12-16 15:19:05-122,2016-12-16 15:19:06-203
Success : LS : test2\a94a8fe5ccb19ba6\2a5bd02710e975a7\,0:-1,2016-12-16 15:19:06-203,2016-12-16 15:19:06-306
Success : CREATE_FILE : test2\a94a8fe5ccb19ba6\1E77F9911E8A34AF,0:96395,2016-12-16 15:19:06-307,2016-12-16 15:19:06-619
Success : SEQ_READ : test1\c5a5e5562b038073\3c16ab634e85296e,0:105016,2016-12-16 15:19:06-620,2016-12-16 15:19:06-909
Success : LS : test2\a94a8fe5ccb19ba6\,0:-1,2016-12-16 15:19:06-909,2016-12-16 15:19:07-022
Success : CREATE_FILE : test2\a94a8fe5ccb19ba6\260BDA3879590E4F,0:910617,2016-12-16 15:19:07-022,2016-12-16 15:19:07-415
Success : LS : test2\a94a8fe5ccb19ba6\,0:-1,2016-12-16 15:19:07-415,2016-12-16 15:19:07-521
Success : CREATE_FILE : test2\a94a8fe5ccb19ba6\2a5bd02710e975a7\68E8CFF1708106F0,0:4079129,2016-12-16 15:19:07-522,2016-12-16 15:19:10-957
Success : LS : test2\a94a8fe5ccb19ba6\2a5bd02710e975a7\,0:-1,2016-12-16 15:19:10-957,2016-12-16 15:19:11-049
Success : CREATE_FILE : test2\a94a8fe5ccb19ba6\5AFBDDA43EDC1251,0:213777,2016-12-16 15:19:11-050,2016-12-16 15:19:11-300
Success : LS : test2\a94a8fe5ccb19ba6\,0:-1,2016-12-16 15:19:11-300,2016-12-16 15:19:11-414
Success : CREATE_FILE : test2\a94a8fe5ccb19ba6\762BCBCB79B2B3D8,0:3639174,2016-12-16 15:19:11-414,2016-12-16 15:19:14-453
Success : LS : test2\a94a8fe5ccb19ba6\,0:-1,2016-12-16 15:19:14-453,2016-12-16 15:19:14-569
Success : CREATE_FILE : test2\a94a8fe5ccb19ba6\1AA80B7608DD06B4,0:3356395,2016-12-16 15:19:14-569,2016-12-16 15:19:17-169
Success : LS : test2\a94a8fe5ccb19ba6\,0:-1,2016-12-16 15:19:17-170,2016-12-16 15:19:17-262
Success : CREATE_FILE : test2\a94a8fe5ccb19ba6\2a5bd02710e975a7\5FB34B9D37E9934E,0:798944,2016-12-16 15:19:17-263,2016-12-16 15:19:17-548
Success : LS : test2\a94a8fe5ccb19ba6\2a5bd02710e975a7\,0:-1,2016-12-16 15:19:17-548,2016-12-16 15:19:17-633
Success : CREATE_FILE : test2\a94a8fe5ccb19ba6\33DBA1BF2CFC3F71,0:2656564,2016-12-16 15:19:17-633,2016-12-16 15:19:19-645
Success : SEQ_READ : test2\8da7cc13802eefe0,0:22987191,2016-12-16 15:19:19-645,2016-12-16 15:19:19-902
Success : LS : test2\a94a8fe5ccb19ba6\,0:-1,2016-12-16 15:19:19-902,2016-12-16 15:19:19-976
Success : CREATE_FILE : test2\a94a8fe5ccb19ba6\2a5bd02710e975a7\1CF1A54410CC15E3,0:3246577,2016-12-16 15:19:19-977,2016-12-16 15:19:22-525
Success : LS : test2\a94a8fe5ccb19ba6\2a5bd02710e975a7\,0:-1,2016-12-16 15:19:22-525,2016-12-16 15:19:22-620
Success : CREATE_FILE : test2\a94a8fe5ccb19ba6\6D42308F3FA718CF,0:109824,2016-12-16 15:19:22-620,2016-12-16 15:19:22-876
Success : LS : test2\a94a8fe5ccb19ba6\,0:-1,2016-12-16 15:19:22-876,2016-12-16 15:19:22-949
Success : CREATE_FILE : test2\a94a8fe5ccb19ba6\2a5bd02710e975a7\2D617F4520CCEE85,0:2463671,2016-12-16 15:19:22-950,2016-12-16 15:19:24-731
Success : SEQ_READ : test1\c5a5e5562b038073\b0c5d70d7f040bfa,0:17408,2016-12-16 15:19:24-731,2016-12-16 15:19:25-042
Success : LS : test2\a94a8fe5ccb19ba6\2a5bd02710e975a7\,0:-1,2016-12-16 15:19:25-042,2016-12-16 15:19:25-123
Success : CREATE_FILE : test2\a94a8fe5ccb19ba6\2a5bd02710e975a7\34B4F1C85196838E,0:2168308,2016-12-16 15:19:25-123,2016-12-16 15:19:26-605
Success : LS : test2\a94a8fe5ccb19ba6\2a5bd02710e975a7\,0:-1,2016-12-16 15:19:26-605,2016-12-16 15:19:26-702
Success : CREATE_FILE : test2\a94a8fe5ccb19ba6\42A8454918C42548,0:4001910,2016-12-16 15:19:26-703,2016-12-16 15:19:29-947
Success : LS : test2\a94a8fe5ccb19ba6\,0:-1,2016-12-16 15:19:29-948,2016-12-16 15:19:30-053
Success : CREATE_FILE : test2\a94a8fe5ccb19ba6\2a5bd02710e975a7\2679923430339DA7,0:3489301,2016-12-16 15:19:30-053,2016-12-16 15:19:32-939
Success : LS : test2\a94a8fe5ccb19ba6\2a5bd02710e975a7\,0:-1,2016-12-16 15:19:32-939,2016-12-16 15:19:33-026
Success : CREATE_FILE : test2\a94a8fe5ccb19ba6\7915E6C928C6F804,0:1597550,2016-12-16 15:19:33-027,2016-12-16 15:19:34-172
Success : SEQ_READ : test1\c5a5e5562b038073\a39ea9c72a98de10\4a90c52e52d54ede,0:1048,2016-12-16 15:19:34-172,2016-12-16 15:19:34-477
Success : SEQ_READ : test1\c5a5e5562b038073\b0c5d70d7f040bfa,0:17408,2016-12-16 15:19:34-477,2016-12-16 15:19:34-727
Success : LS : test2\a94a8fe5ccb19ba6\,0:-1,2016-12-16 15:19:34-727,2016-12-16 15:19:34-818
Success : CREATE_FILE : test2\a94a8fe5ccb19ba6\1AA1B6A13CF364A3,0:3786853,2016-12-16 15:19:34-818,2016-12-16 15:19:37-895
Success : LS : test2\a94a8fe5ccb19ba6\,0:-1,2016-12-16 15:19:37-895,2016-12-16 15:19:37-986
Success : CREATE_FILE : test2\a94a8fe5ccb19ba6\2a5bd02710e975a7\78EBA54E035A223A,0:2124620,2016-12-16 15:19:37-986,2016-12-16 15:19:39-454
Success : LS : test2\a94a8fe5ccb19ba6\2a5bd02710e975a7\,0:-1,2016-12-16 15:19:39-454,2016-12-16 15:19:39-582
Success : CREATE_FILE : test2\a94a8fe5ccb19ba6\2a5bd02710e975a7\4479512875EDC500,0:1346147,2016-12-16 15:19:39-582,2016-12-16 15:19:40-279
Success : LS : test2\a94a8fe5ccb19ba6\2a5bd02710e975a7\,0:-1,2016-12-16 15:19:40-280,2016-12-16 15:19:40-384
Success : CREATE_FILE : test2\a94a8fe5ccb19ba6\419545064BC69590,0:2973420,2016-12-16 15:19:40-385,2016-12-16 15:19:42-611
Success : LS : test2\a94a8fe5ccb19ba6\,0:-1,2016-12-16 15:19:42-611,2016-12-16 15:19:42-722
Success : CREATE_FILE : test2\a94a8fe5ccb19ba6\2a5bd02710e975a7\242A07B1327291CC,0:90806,2016-12-16 15:19:42-722,2016-12-16 15:19:42-996
Success : LS : test2\a94a8fe5ccb19ba6\2a5bd02710e975a7\,0:-1,2016-12-16 15:19:42-996,2016-12-16 15:19:43-074
Success : CREATE_FILE : test2\a94a8fe5ccb19ba6\2a5bd02710e975a7\4CA520651662F0B1,0:1181325,2016-12-16 15:19:43-074,2016-12-16 15:19:43-576
Success : LS : test2\a94a8fe5ccb19ba6\2a5bd02710e975a7\,0:-1,2016-12-16 15:19:43-576,2016-12-16 15:19:43-694
Success : CREATE_FILE : test2\a94a8fe5ccb19ba6\0C53A196358FDBA2,0:1605825,2016-12-16 15:19:43-695,2016-12-16 15:19:44-574
Success : LS : test2\a94a8fe5ccb19ba6\,0:-1,2016-12-16 15:19:44-574,2016-12-16 15:19:44-681
Success : CREATE_FILE : test2\a94a8fe5ccb19ba6\2a5bd02710e975a7\4DE4E094013FE47D,0:3362121,2016-12-16 15:19:44-681,2016-12-16 15:19:47-259
Success : LS : test2\a94a8fe5ccb19ba6\2a5bd02710e975a7\,0:-1,2016-12-16 15:19:47-260,2016-12-16 15:19:47-388
Success : CREATE_FILE : test2\a94a8fe5ccb19ba6\2a5bd02710e975a7\69A6F0A03870CC6A,0:2046346,2016-12-16 15:19:47-388,2016-12-16 15:19:48-797
Success : LS : test2\a94a8fe5ccb19ba6\2a5bd02710e975a7\,0:-1,2016-12-16 15:19:48-797,2016-12-16 15:19:48-906
Success : CREATE_FILE : test2\a94a8fe5ccb19ba6\35A3E3C67572A1C8,0:3895903,2016-12-16 15:19:48-906,2016-12-16 15:19:52-242
Success : LS : test2\a94a8fe5ccb19ba6\,0:-1,2016-12-16 15:19:52-242,2016-12-16 15:19:52-336
Success : CREATE_FILE : test2\a94a8fe5ccb19ba6\2D83326D766F5B93,0:1330833,2016-12-16 15:19:52-336,2016-12-16 15:19:52-998
Success : LS : test2\a94a8fe5ccb19ba6\,0:-1,2016-12-16 15:19:52-998,2016-12-16 15:19:53-073
Success : CREATE_FILE : test2\a94a8fe5ccb19ba6\2a5bd02710e975a7\0C6A5FE168E6259F,0:4010459,2016-12-16 15:19:53-073,2016-12-16 15:19:56-303
Success : SEQ_READ : test2\6c33a983eec1b409,0:2291,2016-12-16 15:19:56-304,2016-12-16 15:19:56-579
Success : SEQ_READ : test2\a94a8fe5ccb19ba6\2a5bd02710e975a7\178db47a574c645f,0:257,2016-12-16 15:19:56-579,2016-12-16 15:19:56-845
Success : LS : test2\a94a8fe5ccb19ba6\2a5bd02710e975a7\,0:-1,2016-12-16 15:19:56-845,2016-12-16 15:19:56-924
Success : CREATE_FILE : test2\a94a8fe5ccb19ba6\59C8EDD6331FB9AE,0:1898727,2016-12-16 15:19:56-924,2016-12-16 15:19:58-128
Success : LS : test2\a94a8fe5ccb19ba6\,0:-1,2016-12-16 15:19:58-128,2016-12-16 15:19:58-233
Success : CREATE_FILE : test2\a94a8fe5ccb19ba6\7A1B47B34D7D4659,0:2634261,2016-12-16 15:19:58-233,2016-12-16 15:20:00-165
Success : LS : test2\a94a8fe5ccb19ba6\,0:-1,2016-12-16 15:20:00-165,2016-12-16 15:20:00-277
Success : CREATE_FILE : test2\a94a8fe5ccb19ba6\3FC4EA0F461228BD,0:2221531,2016-12-16 15:20:00-277,2016-12-16 15:20:01-769
Success : LS : test2\a94a8fe5ccb19ba6\,0:-1,2016-12-16 15:20:01-770,2016-12-16 15:20:01-854
Success : CREATE_FILE : test2\a94a8fe5ccb19ba6\51FAB31B3C1AB708,0:1191614,2016-12-16 15:20:01-855,2016-12-16 15:20:02-304
Success : SEQ_READ : test1\c5a5e5562b038073\f72cdbcd84f047a5,0:17893,2016-12-16 15:20:02-304,2016-12-16 15:20:02-533
Success : LS : test2\a94a8fe5ccb19ba6\,0:-1,2016-12-16 15:20:02-533,2016-12-16 15:20:02-623
Success : CREATE_FILE : test2\a94a8fe5ccb19ba6\2a5bd02710e975a7\4A46D8512781BF65,0:2671716,2016-12-16 15:20:02-623,2016-12-16 15:20:04-691
Success : LS : test2\a94a8fe5ccb19ba6\2a5bd02710e975a7\,0:-1,2016-12-16 15:20:04-691,2016-12-16 15:20:04-773
Success : CREATE_FILE : test2\a94a8fe5ccb19ba6\2a5bd02710e975a7\7598C76B7D0F476F,0:657650,2016-12-16 15:20:04-773,2016-12-16 15:20:05-108
Success : LS : test2\a94a8fe5ccb19ba6\2a5bd02710e975a7\,0:-1,2016-12-16 15:20:05-108,2016-12-16 15:20:05-233
Success : CREATE_FILE : test2\a94a8fe5ccb19ba6\36BC1C862C825B4C,0:1451833,2016-12-16 15:20:05-234,2016-12-16 15:20:06-073
Success : LS : test2\a94a8fe5ccb19ba6\,0:-1,2016-12-16 15:20:06-073,2016-12-16 15:20:06-189
Success : CREATE_FILE : test2\a94a8fe5ccb19ba6\2a5bd02710e975a7\2A08B804410BFE84,0:2835569,2016-12-16 15:20:06-189,2016-12-16 15:20:08-340
Success : LS : test2\a94a8fe5ccb19ba6\2a5bd02710e975a7\,0:-1,2016-12-16 15:20:08-340,2016-12-16 15:20:08-465
Success : CREATE_FILE : test2\a94a8fe5ccb19ba6\5E37CB5C67409B0D,0:234148,2016-12-16 15:20:08-466,2016-12-16 15:20:08-778
Success : LS : test2\a94a8fe5ccb19ba6\,0:-1,2016-12-16 15:20:08-778,2016-12-16 15:20:08-893
Success : CREATE_FILE : test2\a94a8fe5ccb19ba6\2a5bd02710e975a7\026D0E373806BF77,0:1352421,2016-12-16 15:20:08-893,2016-12-16 15:20:09-596
Success : LS : test2\a94a8fe5ccb19ba6\2a5bd02710e975a7\,0:-1,2016-12-16 15:20:09-596,2016-12-16 15:20:09-706
Success : CREATE_FILE : test2\a94a8fe5ccb19ba6\2a5bd02710e975a7\2713CB9564CA49DA,0:1784666,2016-12-16 15:20:09-706,2016-12-16 15:20:10-788
Success : SEQ_READ : test2\49f03965cf98b1f5,0:1634,2016-12-16 15:20:10-788,2016-12-16 15:20:11-033
Success : LS : test2\a94a8fe5ccb19ba6\2a5bd02710e975a7\,0:-1,2016-12-16 15:20:11-033,2016-12-16 15:20:11-138
Success : CREATE_FILE : test2\a94a8fe5ccb19ba6\7EFB7C0A32A4746E,0:1387660,2016-12-16 15:20:11-138,2016-12-16 15:20:11-896
Success : SEQ_READ : test1\c5a5e5562b038073\fbe0d7653f0909cb,0:1611,2016-12-16 15:20:11-896,2016-12-16 15:20:12-185
Success : LS : test2\a94a8fe5ccb19ba6\,0:-1,2016-12-16 15:20:12-186,2016-12-16 15:20:12-288
Success : CREATE_FILE : test2\a94a8fe5ccb19ba6\2a5bd02710e975a7\7C3BE0E7018A5D3E,0:3918488,2016-12-16 15:20:12-288,2016-12-16 15:20:15-484
Success : LS : test2\a94a8fe5ccb19ba6\2a5bd02710e975a7\,0:-1,2016-12-16 15:20:15-484,2016-12-16 15:20:15-612
Success : CREATE_FILE : test2\a94a8fe5ccb19ba6\2a5bd02710e975a7\111CBEA95F1FE4C7,0:105028,2016-12-16 15:20:15-613,2016-12-16 15:20:15-953
Success : LS : test2\a94a8fe5ccb19ba6\2a5bd02710e975a7\,0:-1,2016-12-16 15:20:15-953,2016-12-16 15:20:16-066
Success : CREATE_FILE : test2\a94a8fe5ccb19ba6\26125CAB6131DCBD,0:667741,2016-12-16 15:20:16-067,2016-12-16 15:20:16-358
Success : SEQ_READ : test1\c5a5e5562b038073\c7734a16bf12bb03,0:364726,2016-12-16 15:20:16-358,2016-12-16 15:20:16-658
Success : LS : test2\a94a8fe5ccb19ba6\,0:-1,2016-12-16 15:20:16-658,2016-12-16 15:20:16-740
Success : CREATE_FILE : test2\a94a8fe5ccb19ba6\629369331C3996AA,0:2515780,2016-12-16 15:20:16-740,2016-12-16 15:20:18-568
Success : SEQ_READ : test2\a94a8fe5ccb19ba6\2a5bd02710e975a7\178db47a574c645f,0:257,2016-12-16 15:20:18-568,2016-12-16 15:20:18-918
Success : LS : test2\a94a8fe5ccb19ba6\,0:-1,2016-12-16 15:20:18-918,2016-12-16 15:20:19-030
Success : CREATE_FILE : test2\a94a8fe5ccb19ba6\2a5bd02710e975a7\2C47CAA831BF2FAC,0:1962799,2016-12-16 15:20:19-031,2016-12-16 15:20:20-338
Success : LS : test2\a94a8fe5ccb19ba6\2a5bd02710e975a7\,0:-1,2016-12-16 15:20:20-338,2016-12-16 15:20:20-454
Success : CREATE_FILE : test2\a94a8fe5ccb19ba6\33E11D95669D3D73,0:2240012,2016-12-16 15:20:20-455,2016-12-16 15:20:21-971
Success : LS : test2\a94a8fe5ccb19ba6\,0:-1,2016-12-16 15:20:21-971,2016-12-16 15:20:22-084
Success : CREATE_FILE : test2\a94a8fe5ccb19ba6\4F2541A5727F71EC,0:1986964,2016-12-16 15:20:23-031,2016-12-16 15:20:24-404
Success : LS : test2\a94a8fe5ccb19ba6\,0:-1,2016-12-16 15:20:24-404,2016-12-16 15:20:24-499
Success : CREATE_FILE : test2\a94a8fe5ccb19ba6\2a5bd02710e975a7\338727B31834E861,0:4095265,2016-12-16 15:20:24-499,2016-12-16 15:20:27-850
Success : LS : test2\a94a8fe5ccb19ba6\2a5bd02710e975a7\,0:-1,2016-12-16 15:20:27-850,2016-12-16 15:20:27-975
Success : CREATE_FILE : test2\a94a8fe5ccb19ba6\2a5bd02710e975a7\38F7FB5D15102333,0:1418395,2016-12-16 15:20:27-976,2016-12-16 15:20:28-753
Success : LS : test2\a94a8fe5ccb19ba6\2a5bd02710e975a7\,0:-1,2016-12-16 15:20:28-754,2016-12-16 15:20:28-842
Success : CREATE_FILE : test2\a94a8fe5ccb19ba6\002E70D41035F565,0:3870745,2016-12-16 15:20:28-842,2016-12-16 15:20:32-004
Success : LS : test2\a94a8fe5ccb19ba6\,0:-1,2016-12-16 15:20:32-005,2016-12-16 15:20:32-106
Success : CREATE_FILE : test2\a94a8fe5ccb19ba6\0F1F6DEB2A31AE43,0:1026772,2016-12-16 15:20:32-107,2016-12-16 15:20:32-404
Success : LS : test2\a94a8fe5ccb19ba6\,0:-1,2016-12-16 15:20:32-405,2016-12-16 15:20:32-506
Success : CREATE_FILE : test2\a94a8fe5ccb19ba6\01830E042EDCECDE,0:1501965,2016-12-16 15:20:32-507,2016-12-16 15:20:33-342
Success : LS : test2\a94a8fe5ccb19ba6\,0:-1,2016-12-16 15:20:33-342,2016-12-16 15:20:33-434
Success : CREATE_FILE : test2\a94a8fe5ccb19ba6\6BC498516E253C46,0:3672343,2016-12-16 15:20:33-434,2016-12-16 15:20:36-369
Success : SEQ_READ : test2\a94a8fe5ccb19ba6\2a5bd02710e975a7\254d76d2609fec03,0:2291,2016-12-16 15:20:36-369,2016-12-16 15:20:36-646
Success : LS : test2\a94a8fe5ccb19ba6\,0:-1,2016-12-16 15:20:36-646,2016-12-16 15:20:36-783
Success : CREATE_FILE : test2\a94a8fe5ccb19ba6\2AC8092B044FCA2E,0:856343,2016-12-16 15:20:36-783,2016-12-16 15:20:37-176
Success : LS : test2\a94a8fe5ccb19ba6\,0:-1,2016-12-16 15:20:37-176,2016-12-16 15:20:37-254
Success : CREATE_FILE : test2\a94a8fe5ccb19ba6\24D0D5730529DFB4,0:4078339,2016-12-16 15:20:37-255,2016-12-16 15:20:40-611
Success : LS : test2\a94a8fe5ccb19ba6\,0:-1,2016-12-16 15:20:40-611,2016-12-16 15:20:40-725
Success : CREATE_FILE : test2\a94a8fe5ccb19ba6\4B9186AA5A4C819F,0:3775458,2016-12-16 15:20:40-726,2016-12-16 15:20:43-824
Success : SEQ_READ : test1\c5a5e5562b038073\a39ea9c72a98de10\41288c58009f7f6a,0:477,2016-12-16 15:20:43-824,2016-12-16 15:20:44-081
Success : LS : test2\a94a8fe5ccb19ba6\,0:-1,2016-12-16 15:20:44-081,2016-12-16 15:20:44-156
Success : CREATE_FILE : test2\a94a8fe5ccb19ba6\6040913F459700FB,0:1099601,2016-12-16 15:20:44-156,2016-12-16 15:20:44-489
Success : LS : test2\a94a8fe5ccb19ba6\,0:-1,2016-12-16 15:20:44-489,2016-12-16 15:20:44-571
Success : CREATE_FILE : test2\a94a8fe5ccb19ba6\2C1F70D8017708F2,0:424052,2016-12-16 15:20:44-571,2016-12-16 15:20:44-842
Success : LS : test2\a94a8fe5ccb19ba6\,0:-1,2016-12-16 15:20:44-842,2016-12-16 15:20:44-949
Success : CREATE_FILE : test2\a94a8fe5ccb19ba6\2a5bd02710e975a7\62085B101AE97CC7,0:2416803,2016-12-16 15:20:44-949,2016-12-16 15:20:46-655
Success : LS : test2\a94a8fe5ccb19ba6\2a5bd02710e975a7\,0:-1,2016-12-16 15:20:46-656,2016-12-16 15:20:46-749
Success : CREATE_FILE : test2\a94a8fe5ccb19ba6\4A3B68DB7C850F95,0:2643686,2016-12-16 15:20:46-750,2016-12-16 15:20:48-673
Success : LS : test2\a94a8fe5ccb19ba6\,0:-1,2016-12-16 15:20:48-673,2016-12-16 15:20:48-762
Success : CREATE_FILE : test2\a94a8fe5ccb19ba6\119088772A5C25A0,0:3260058,2016-12-16 15:20:48-762,2016-12-16 15:20:51-298
Success : LS : test2\a94a8fe5ccb19ba6\,0:-1,2016-12-16 15:20:51-298,2016-12-16 15:20:51-394
Success : CREATE_FILE : test2\a94a8fe5ccb19ba6\5E9725866A556D04,0:1692828,2016-12-16 15:20:51-394,2016-12-16 15:20:52-432
Success : LS : test2\a94a8fe5ccb19ba6\,0:-1,2016-12-16 15:20:52-433,2016-12-16 15:20:52-526
Success : CREATE_FILE : test2\a94a8fe5ccb19ba6\24FCB36959EA521A,0:2649021,2016-12-16 15:20:52-527,2016-12-16 15:20:54-532
Success : SEQ_READ : test2\acde102dac5bbe15,0:6030,2016-12-16 15:20:54-532,2016-12-16 15:20:54-858
Success : LS : test2\a94a8fe5ccb19ba6\,0:-1,2016-12-16 15:20:54-858,2016-12-16 15:20:54-978
Success : CREATE_FILE : test2\a94a8fe5ccb19ba6\3BCDA51F14ADDA53,0:3309256,2016-12-16 15:20:54-978,2016-12-16 15:20:57-638
Success : LS : test2\a94a8fe5ccb19ba6\,0:-1,2016-12-16 15:20:57-638,2016-12-16 15:20:57-747
Success : CREATE_FILE : test2\a94a8fe5ccb19ba6\2a5bd02710e975a7\09225A7814F791D8,0:1190610,2016-12-16 15:20:57-747,2016-12-16 15:20:58-281
Success : LS : test2\a94a8fe5ccb19ba6\2a5bd02710e975a7\,0:-1,2016-12-16 15:20:58-281,2016-12-16 15:20:58-398
Success : CREATE_FILE : test2\a94a8fe5ccb19ba6\2a5bd02710e975a7\4258A575279F35BE,0:362712,2016-12-16 15:20:58-398,2016-12-16 15:20:58-729
Success : LS : test2\a94a8fe5ccb19ba6\2a5bd02710e975a7\,0:-1,2016-12-16 15:20:58-729,2016-12-16 15:20:58-831
Success : CREATE_FILE : test2\a94a8fe5ccb19ba6\03379E314127285E,0:546347,2016-12-16 15:20:58-831,2016-12-16 15:20:59-119
Success : LS : test2\a94a8fe5ccb19ba6\,0:-1,2016-12-16 15:20:59-119,2016-12-16 15:20:59-192
Success : CREATE_FILE : test2\a94a8fe5ccb19ba6\2a5bd02710e975a7\0F42598F0D61AACD,0:2440340,2016-12-16 15:20:59-193,2016-12-16 15:21:00-931
Success : LS : test2\a94a8fe5ccb19ba6\2a5bd02710e975a7\,0:-1,2016-12-16 15:21:00-931,2016-12-16 15:21:01-034
Success : CREATE_FILE : test2\a94a8fe5ccb19ba6\2a5bd02710e975a7\51E95FAD313F407F,0:1936300,2016-12-16 15:21:01-035,2016-12-16 15:21:02-268
Success : LS : test2\a94a8fe5ccb19ba6\2a5bd02710e975a7\,0:-1,2016-12-16 15:21:02-268,2016-12-16 15:21:02-382
Success : CREATE_FILE : test2\a94a8fe5ccb19ba6\2a5bd02710e975a7\59FC467A43A32A63,0:4046294,2016-12-16 15:21:02-382,2016-12-16 15:21:05-588
Success : LS : test2\a94a8fe5ccb19ba6\2a5bd02710e975a7\,0:-1,2016-12-16 15:21:05-588,2016-12-16 15:21:05-677
Success : CREATE_FILE : test2\a94a8fe5ccb19ba6\2a5bd02710e975a7\08088FAA5C8D9AE2,0:3821165,2016-12-16 15:21:05-677,2016-12-16 15:21:08-795
Success : LS : test2\a94a8fe5ccb19ba6\2a5bd02710e975a7\,0:-1,2016-12-16 15:21:08-795,2016-12-16 15:21:08-914
Success : CREATE_FILE : test2\a94a8fe5ccb19ba6\2a5bd02710e975a7\22E0DCFC20E09EE2,0:171288,2016-12-16 15:21:08-914,2016-12-16 15:21:09-233
Success : LS : test2\a94a8fe5ccb19ba6\2a5bd02710e975a7\,0:-1,2016-12-16 15:21:09-233,2016-12-16 15:21:09-336
Success : CREATE_FILE : test2\a94a8fe5ccb19ba6\2a5bd02710e975a7\26844CA256D71A7D,0:2576837,2016-12-16 15:21:09-336,2016-12-16 15:21:11-147
Success : LS : test2\a94a8fe5ccb19ba6\2a5bd02710e975a7\,0:-1,2016-12-16 15:21:11-147,2016-12-16 15:21:11-224
Success : CREATE_FILE : test2\a94a8fe5ccb19ba6\2a5bd02710e975a7\4F52C4D661B8EE3F,0:785108,2016-12-16 15:21:11-224,2016-12-16 15:21:11-560
Success : LS : test2\a94a8fe5ccb19ba6\2a5bd02710e975a7\,0:-1,2016-12-16 15:21:11-560,2016-12-16 15:21:11-655
Success : CREATE_FILE : test2\a94a8fe5ccb19ba6\531189DB676494F1,0:909738,2016-12-16 15:21:11-656,2016-12-16 15:21:11-994
Success : LS : test2\a94a8fe5ccb19ba6\,0:-1,2016-12-16 15:21:11-994,2016-12-16 15:21:12-101
Success : CREATE_FILE : test2\a94a8fe5ccb19ba6\351264BB501D7DDB,0:1150962,2016-12-16 15:21:12-101,2016-12-16 15:21:12-552
Success : LS : test2\a94a8fe5ccb19ba6\,0:-1,2016-12-16 15:21:12-552,2016-12-16 15:21:12-677
Success : CREATE_FILE : test2\a94a8fe5ccb19ba6\693BBBDD2854DC97,0:546701,2016-12-16 15:21:12-677,2016-12-16 15:21:12-976
Success : LS : test2\a94a8fe5ccb19ba6\,0:-1,2016-12-16 15:21:12-977,2016-12-16 15:21:13-061
Success : CREATE_FILE : test2\a94a8fe5ccb19ba6\182726B87517ACF5,0:3277787,2016-12-16 15:21:13-061,2016-12-16 15:21:15-680
Success : LS : test2\a94a8fe5ccb19ba6\,0:-1,2016-12-16 15:21:15-680,2016-12-16 15:21:15-789
Success : CREATE_FILE : test2\a94a8fe5ccb19ba6\2a5bd02710e975a7\5C63E06B3CCC2C69,0:320715,2016-12-16 15:21:15-789,2016-12-16 15:21:16-098
Success : LS : test2\a94a8fe5ccb19ba6\2a5bd02710e975a7\,0:-1,2016-12-16 15:21:16-098,2016-12-16 15:21:16-208
Success : CREATE_FILE : test2\a94a8fe5ccb19ba6\47BD9A45542BD058,0:1534739,2016-12-16 15:21:16-208,2016-12-16 15:21:17-063
Success : SEQ_READ : test1\c5a5e5562b038073\a39ea9c72a98de10\4a90c52e52d54ede,0:1048,2016-12-16 15:21:17-063,2016-12-16 15:21:17-351
Success : LS : test2\a94a8fe5ccb19ba6\,0:-1,2016-12-16 15:21:17-351,2016-12-16 15:21:17-466
Success : CREATE_FILE : test2\a94a8fe5ccb19ba6\0403E70675D6DC34,0:3634362,2016-12-16 15:21:17-466,2016-12-16 15:21:20-312
Success : LS : test2\a94a8fe5ccb19ba6\,0:-1,2016-12-16 15:21:20-312,2016-12-16 15:21:20-400
Success : CREATE_FILE : test2\a94a8fe5ccb19ba6\3CF19BD721D4BD81,0:3055101,2016-12-16 15:21:20-400,2016-12-16 15:21:22-753
Success : LS : test2\a94a8fe5ccb19ba6\,0:-1,2016-12-16 15:21:22-753,2016-12-16 15:21:22-854
Success : CREATE_FILE : test2\a94a8fe5ccb19ba6\57F324664C5F00A3,0:3332806,2016-12-16 15:21:22-854,2016-12-16 15:21:25-490
Success : LS : test2\a94a8fe5ccb19ba6\,0:-1,2016-12-16 15:21:25-490,2016-12-16 15:21:25-643
Success : CREATE_FILE : test2\a94a8fe5ccb19ba6\737BCBF213E8F226,0:46330,2016-12-16 15:21:25-643,2016-12-16 15:21:25-895
Success : SEQ_READ : test1\c5a5e5562b038073\05d1f0ed74e78555,0:69632,2016-12-16 15:21:25-895,2016-12-16 15:21:26-129
Success : SEQ_READ : test1\f71b43c3136efa4f\83404ffd78f534ff\6670af231c096f09,0:129,2016-12-16 15:21:26-129,2016-12-16 15:21:26-437
Success : SEQ_READ : test1\c5a5e5562b038073\2015a7ab48ae9a58,0:28672,2016-12-16 15:21:26-437,2016-12-16 15:21:26-697
Success : LS : test2\a94a8fe5ccb19ba6\,0:-1,2016-12-16 15:21:26-698,2016-12-16 15:21:26-772
Success : CREATE_FILE : test2\a94a8fe5ccb19ba6\1F64567D57134D77,0:756576,2016-12-16 15:21:26-772,2016-12-16 15:21:27-103
Success : LS : test2\a94a8fe5ccb19ba6\,0:-1,2016-12-16 15:21:27-103,2016-12-16 15:21:27-222
Success : CREATE_FILE : test2\a94a8fe5ccb19ba6\2a5bd02710e975a7\2E0E05B87F28D15A,0:932536,2016-12-16 15:21:27-222,2016-12-16 15:21:27-542
Success : LS : test2\a94a8fe5ccb19ba6\2a5bd02710e975a7\,0:-1,2016-12-16 15:21:27-542,2016-12-16 15:21:27-646
Success : CREATE_FILE : test2\a94a8fe5ccb19ba6\4507886C289EE5A1,0:2327786,2016-12-16 15:21:27-646,2016-12-16 15:21:29-195
Success : LS : test2\a94a8fe5ccb19ba6\,0:-1,2016-12-16 15:21:29-195,2016-12-16 15:21:29-274
Success : CREATE_FILE : test2\a94a8fe5ccb19ba6\2a5bd02710e975a7\2E49D3B47D6C2EB9,0:821117,2016-12-16 15:21:29-274,2016-12-16 15:21:29-554
Success : LS : test2\a94a8fe5ccb19ba6\2a5bd02710e975a7\,0:-1,2016-12-16 15:21:29-554,2016-12-16 15:21:29-629
Success : CREATE_FILE : test2\a94a8fe5ccb19ba6\6EADDB1477EE101A,0:2224890,2016-12-16 15:21:29-629,2016-12-16 15:21:31-223
Success : LS : test2\a94a8fe5ccb19ba6\,0:-1,2016-12-16 15:21:31-223,2016-12-16 15:21:31-314
Success : CREATE_FILE : test2\a94a8fe5ccb19ba6\75A9BE884F3C2FBE,0:1093583,2016-12-16 15:21:31-314,2016-12-16 15:21:31-711
Success : SEQ_READ : test2\a94a8fe5ccb19ba6\4b6fcb2d521ef0fd,0:2291,2016-12-16 15:21:31-711,2016-12-16 15:21:31-977
Success : LS : test2\a94a8fe5ccb19ba6\,0:-1,2016-12-16 15:21:31-977,2016-12-16 15:21:32-052
Success : CREATE_FILE : test2\a94a8fe5ccb19ba6\2a5bd02710e975a7\1642C3B126902CD3,0:2045133,2016-12-16 15:21:32-052,2016-12-16 15:21:33-392
Success : LS : test2\a94a8fe5ccb19ba6\2a5bd02710e975a7\,0:-1,2016-12-16 15:21:33-393,2016-12-16 15:21:33-503
Success : CREATE_FILE : test2\a94a8fe5ccb19ba6\2a5bd02710e975a7\1D48ED482ABB2A7D,0:1137879,2016-12-16 15:21:33-503,2016-12-16 15:21:33-980
Success : LS : test2\a94a8fe5ccb19ba6\2a5bd02710e975a7\,0:-1,2016-12-16 15:21:33-980,2016-12-16 15:21:34-071
Success : CREATE_FILE : test2\a94a8fe5ccb19ba6\44E16D2274801CF5,0:2817872,2016-12-16 15:21:34-071,2016-12-16 15:21:36-199
Success : LS : test2\a94a8fe5ccb19ba6\,0:-1,2016-12-16 15:21:36-199,2016-12-16 15:21:36-275
Success : CREATE_FILE : test2\a94a8fe5ccb19ba6\2a5bd02710e975a7\6E963A38061E51C8,0:2366374,2016-12-16 15:21:36-275,2016-12-16 15:21:37-939
Success : LS : test2\a94a8fe5ccb19ba6\2a5bd02710e975a7\,0:-1,2016-12-16 15:21:37-939,2016-12-16 15:21:38-024
Success : CREATE_FILE : test2\a94a8fe5ccb19ba6\2a5bd02710e975a7\3A13E0AA274FC234,0:2564195,2016-12-16 15:21:38-025,2016-12-16 15:21:39-964
Success : LS : test2\a94a8fe5ccb19ba6\2a5bd02710e975a7\,0:-1,2016-12-16 15:21:39-964,2016-12-16 15:21:40-047
Success : CREATE_FILE : test2\a94a8fe5ccb19ba6\2a5bd02710e975a7\19DC6B0F3225FCC9,0:418914,2016-12-16 15:21:40-047,2016-12-16 15:21:40-368
Success : LS : test2\a94a8fe5ccb19ba6\2a5bd02710e975a7\,0:-1,2016-12-16 15:21:40-368,2016-12-16 15:21:40-455
Success : CREATE_FILE : test2\a94a8fe5ccb19ba6\48FAAC1E0A857117,0:3508050,2016-12-16 15:21:40-456,2016-12-16 15:21:43-244
Success : LS : test2\a94a8fe5ccb19ba6\,0:-1,2016-12-16 15:21:43-244,2016-12-16 15:21:43-363
Success : CREATE_FILE : test2\a94a8fe5ccb19ba6\3BBF4E5326E07D23,0:3135508,2016-12-16 15:21:43-363,2016-12-16 15:21:45-844
Success : LS : test2\a94a8fe5ccb19ba6\,0:-1,2016-12-16 15:21:45-844,2016-12-16 15:21:45-963
Success : CREATE_FILE : test2\a94a8fe5ccb19ba6\2455F70C0B0E6141,0:2013819,2016-12-16 15:21:45-963,2016-12-16 15:21:47-266
Success : LS : test2\a94a8fe5ccb19ba6\,0:-1,2016-12-16 15:21:47-266,2016-12-16 15:21:47-361
Success : CREATE_FILE : test2\a94a8fe5ccb19ba6\2a5bd02710e975a7\1D77EB1A3F1D47F8,0:3028772,2016-12-16 15:21:47-361,2016-12-16 15:21:49-643
Success : SEQ_READ : test1\c5a5e5562b038073\fbe0d7653f0909cb,0:1611,2016-12-16 15:21:49-643,2016-12-16 15:21:49-908
Success : LS : test2\a94a8fe5ccb19ba6\2a5bd02710e975a7\,0:-1,2016-12-16 15:21:49-908,2016-12-16 15:21:49-988
Success : CREATE_FILE : test2\a94a8fe5ccb19ba6\2a5bd02710e975a7\2F0D0A94054F9295,0:3034107,2016-12-16 15:21:49-988,2016-12-16 15:21:52-327
Success : SEQ_READ : test2\a94a8fe5ccb19ba6\2a5bd02710e975a7\254d76d2609fec03,0:2291,2016-12-16 15:21:52-327,2016-12-16 15:21:52-585
Success : LS : test2\a94a8fe5ccb19ba6\2a5bd02710e975a7\,0:-1,2016-12-16 15:21:52-586,2016-12-16 15:21:52-703
Success : CREATE_FILE : test2\a94a8fe5ccb19ba6\5A894EF249872FEA,0:1890723,2016-12-16 15:21:52-703,2016-12-16 15:21:53-903
Success : LS : test2\a94a8fe5ccb19ba6\,0:-1,2016-12-16 15:21:53-904,2016-12-16 15:21:54-026
Success : CREATE_FILE : test2\a94a8fe5ccb19ba6\09CC7129408FF41A,0:1835987,2016-12-16 15:21:54-026,2016-12-16 15:21:55-207
Success : LS : test2\a94a8fe5ccb19ba6\,0:-1,2016-12-16 15:21:55-207,2016-12-16 15:21:55-325
Success : CREATE_FILE : test2\a94a8fe5ccb19ba6\6355C00214648920,0:3540778,2016-12-16 15:21:55-325,2016-12-16 15:21:58-129
Success : LS : test2\a94a8fe5ccb19ba6\,0:-1,2016-12-16 15:21:58-129,2016-12-16 15:21:58-218
Success : CREATE_FILE : test2\a94a8fe5ccb19ba6\579BF12560D5DD21,0:1213210,2016-12-16 15:21:58-218,2016-12-16 15:21:58-727
Success : LS : test2\a94a8fe5ccb19ba6\,0:-1,2016-12-16 15:21:58-727,2016-12-16 15:21:58-822
Success : CREATE_FILE : test2\a94a8fe5ccb19ba6\2a5bd02710e975a7\016188F523048673,0:295436,2016-12-16 15:21:58-822,2016-12-16 15:21:59-079
Success : LS : test2\a94a8fe5ccb19ba6\2a5bd02710e975a7\,0:-1,2016-12-16 15:21:59-080,2016-12-16 15:21:59-178
Success : CREATE_FILE : test2\a94a8fe5ccb19ba6\4EE8DAE870AD29DB,0:1466711,2016-12-16 15:21:59-178,2016-12-16 15:21:59-933
Success : LS : test2\a94a8fe5ccb19ba6\,0:-1,2016-12-16 15:21:59-933,2016-12-16 15:22:00-029
Success : CREATE_FILE : test2\a94a8fe5ccb19ba6\21AB249303A0C439,0:4011512,2016-12-16 15:22:00-029,2016-12-16 15:22:03-410
Success : SEQ_READ : test1\c5a5e5562b038073\0189424a5a60fed3\feb6a1968982109d,0:20126138,2016-12-16 15:22:03-410,2016-12-16 15:22:03-687
Success : LS : test2\a94a8fe5ccb19ba6\,0:-1,2016-12-16 15:22:03-688,2016-12-16 15:22:03-762
Success : CREATE_FILE : test2\a94a8fe5ccb19ba6\2a5bd02710e975a7\773A733A03583254,0:2969833,2016-12-16 15:22:03-763,2016-12-16 15:22:06-004
Success : LS : test2\a94a8fe5ccb19ba6\2a5bd02710e975a7\,0:-1,2016-12-16 15:22:06-005,2016-12-16 15:22:06-090
Success : CREATE_FILE : test2\a94a8fe5ccb19ba6\599898E50CDCDC15,0:3668674,2016-12-16 15:22:06-091,2016-12-16 15:22:09-009
Success : LS : test2\a94a8fe5ccb19ba6\,0:-1,2016-12-16 15:22:09-010,2016-12-16 15:22:09-108
Success : CREATE_FILE : test2\a94a8fe5ccb19ba6\2a5bd02710e975a7\2996DA670C48D3D4,0:3114824,2016-12-16 15:22:09-108,2016-12-16 15:22:11-563
Success : LS : test2\a94a8fe5ccb19ba6\2a5bd02710e975a7\,0:-1,2016-12-16 15:22:11-563,2016-12-16 15:22:11-689
Success : CREATE_FILE : test2\a94a8fe5ccb19ba6\4BC9B9686A5D1290,0:238203,2016-12-16 15:22:11-690,2016-12-16 15:22:12-127
Success : SEQ_READ : test1\c5a5e5562b038073\05d1f0ed74e78555,0:69632,2016-12-16 15:22:12-128,2016-12-16 15:22:12-375
Success : LS : test2\a94a8fe5ccb19ba6\,0:-1,2016-12-16 15:22:12-375,2016-12-16 15:22:12-488
Success : CREATE_FILE : test2\a94a8fe5ccb19ba6\326F7C780A906641,0:1013117,2016-12-16 15:22:12-489,2016-12-16 15:22:12-792
Success : LS : test2\a94a8fe5ccb19ba6\,0:-1,2016-12-16 15:22:12-792,2016-12-16 15:22:12-901
Success : CREATE_FILE : test2\a94a8fe5ccb19ba6\03CEE6D661B1AB5A,0:3259990,2016-12-16 15:22:12-901,2016-12-16 15:22:15-478
Success : LS : test2\a94a8fe5ccb19ba6\,0:-1,2016-12-16 15:22:15-478,2016-12-16 15:22:15-555
Success : CREATE_FILE : test2\a94a8fe5ccb19ba6\612DFAA4619E81B0,0:2427685,2016-12-16 15:22:15-555,2016-12-16 15:22:17-248
Success : LS : test2\a94a8fe5ccb19ba6\,0:-1,2016-12-16 15:22:17-248,2016-12-16 15:22:17-362
Success : CREATE_FILE : test2\a94a8fe5ccb19ba6\2a5bd02710e975a7\57CB0BD421ED23FE,0:1333232,2016-12-16 15:22:17-362,2016-12-16 15:22:18-034
Success : LS : test2\a94a8fe5ccb19ba6\2a5bd02710e975a7\,0:-1,2016-12-16 15:22:18-034,2016-12-16 15:22:18-138
Success : CREATE_FILE : test2\a94a8fe5ccb19ba6\2a5bd02710e975a7\55D0365F7CC16A9D,0:2384933,2016-12-16 15:22:18-138,2016-12-16 15:22:19-808
Success : LS : test2\a94a8fe5ccb19ba6\2a5bd02710e975a7\,0:-1,2016-12-16 15:22:19-808,2016-12-16 15:22:19-888
Success : CREATE_FILE : test2\a94a8fe5ccb19ba6\4F5AE20D04E9EE09,0:3453425,2016-12-16 15:22:19-889,2016-12-16 15:22:22-565
Success : LS : test2\a94a8fe5ccb19ba6\,0:-1,2016-12-16 15:22:22-565,2016-12-16 15:22:22-641
Success : CREATE_FILE : test2\a94a8fe5ccb19ba6\225268951D0F45BD,0:180640,2016-12-16 15:22:22-642,2016-12-16 15:22:22-892
Success : LS : test2\a94a8fe5ccb19ba6\,0:-1,2016-12-16 15:22:22-893,2016-12-16 15:22:22-982
Success : CREATE_FILE : test2\a94a8fe5ccb19ba6\56F1525D15C361C5,0:244810,2016-12-16 15:22:22-982,2016-12-16 15:22:23-225
Success : LS : test2\a94a8fe5ccb19ba6\,0:-1,2016-12-16 15:22:23-225,2016-12-16 15:22:23-299
Success : CREATE_FILE : test2\a94a8fe5ccb19ba6\2a5bd02710e975a7\1B63ADFC5330DDC8,0:1052540,2016-12-16 15:22:23-300,2016-12-16 15:22:23-636
Success : LS : test2\a94a8fe5ccb19ba6\2a5bd02710e975a7\,0:-1,2016-12-16 15:22:23-636,2016-12-16 15:22:23-713
Success : CREATE_FILE : test2\a94a8fe5ccb19ba6\2a5bd02710e975a7\6E671C8B5925B550,0:3658562,2016-12-16 15:22:23-713,2016-12-16 15:22:26-625
Success : LS : test2\a94a8fe5ccb19ba6\2a5bd02710e975a7\,0:-1,2016-12-16 15:22:26-625,2016-12-16 15:22:26-750
Success : CREATE_FILE : test2\a94a8fe5ccb19ba6\2a5bd02710e975a7\2BA5E796702FA4CC,0:230067,2016-12-16 15:22:26-751,2016-12-16 15:22:27-033
Success : LS : test2\a94a8fe5ccb19ba6\2a5bd02710e975a7\,0:-1,2016-12-16 15:22:27-034,2016-12-16 15:22:27-119
Success : CREATE_FILE : test2\a94a8fe5ccb19ba6\221FBAE3332E3764,0:273773,2016-12-16 15:22:27-119,2016-12-16 15:22:27-415
Success : LS : test2\a94a8fe5ccb19ba6\,0:-1,2016-12-16 15:22:27-415,2016-12-16 15:22:27-534
Success : CREATE_FILE : test2\a94a8fe5ccb19ba6\0EBF43B456793E74,0:1479775,2016-12-16 15:22:27-534,2016-12-16 15:22:28-341
Success : LS : test2\a94a8fe5ccb19ba6\,0:-1,2016-12-16 15:22:28-341,2016-12-16 15:22:28-450
Success : CREATE_FILE : test2\a94a8fe5ccb19ba6\2a5bd02710e975a7\4235A09123E02C98,0:1311011,2016-12-16 15:22:28-451,2016-12-16 15:22:29-069
Success : LS : test2\a94a8fe5ccb19ba6\2a5bd02710e975a7\,0:-1,2016-12-16 15:22:29-069,2016-12-16 15:22:29-148
Success : CREATE_FILE : test2\a94a8fe5ccb19ba6\54C4535026116E00,0:3714444,2016-12-16 15:22:29-149,2016-12-16 15:22:32-121
Success : LS : test2\a94a8fe5ccb19ba6\,0:-1,2016-12-16 15:22:32-121,2016-12-16 15:22:32-214
Success : CREATE_FILE : test2\a94a8fe5ccb19ba6\1EFC522843142807,0:3260023,2016-12-16 15:22:32-214,2016-12-16 15:22:34-765
Success : LS : test2\a94a8fe5ccb19ba6\,0:-1,2016-12-16 15:22:34-765,2016-12-16 15:22:34-863
Success : CREATE_FILE : test2\a94a8fe5ccb19ba6\5B0D76C27A274D27,0:1698341,2016-12-16 15:22:34-863,2016-12-16 15:22:35-927
Success : LS : test2\a94a8fe5ccb19ba6\,0:-1,2016-12-16 15:22:35-927,2016-12-16 15:22:36-042
Success : CREATE_FILE : test2\a94a8fe5ccb19ba6\2444FF8C4395AFE6,0:2730181,2016-12-16 15:22:36-043,2016-12-16 15:22:38-079
Success : SEQ_READ : test1\c5a5e5562b038073\a39ea9c72a98de10\f398de59988a85e5,0:6743,2016-12-16 15:22:38-079,2016-12-16 15:22:38-309
Success : LS : test2\a94a8fe5ccb19ba6\,0:-1,2016-12-16 15:22:38-309,2016-12-16 15:22:38-385
Success : CREATE_FILE : test2\a94a8fe5ccb19ba6\61F646503F2EC981,0:2069736,2016-12-16 15:22:38-385,2016-12-16 15:22:39-787
Success : SEQ_READ : test1\c5a5e5562b038073\2d77b1044a6c5c82,0:764416,2016-12-16 15:22:39-787,2016-12-16 15:22:40-025
Success : LS : test2\a94a8fe5ccb19ba6\,0:-1,2016-12-16 15:22:40-026,2016-12-16 15:22:40-098
Success : CREATE_FILE : test2\a94a8fe5ccb19ba6\7F0AEDF72A999317,0:2900793,2016-12-16 15:22:40-121,2016-12-16 15:22:42-317
Success : LS : test2\a94a8fe5ccb19ba6\,0:-1,2016-12-16 15:22:42-317,2016-12-16 15:22:42-392
Success : CREATE_FILE : test2\a94a8fe5ccb19ba6\25A8DAA75C96D757,0:3498443,2016-12-16 15:22:42-393,2016-12-16 15:22:45-149
Success : LS : test2\a94a8fe5ccb19ba6\,0:-1,2016-12-16 15:22:45-149,2016-12-16 15:22:45-267
Success : CREATE_FILE : test2\a94a8fe5ccb19ba6\2a5bd02710e975a7\63543E641040DA6E,0:605444,2016-12-16 15:22:45-267,2016-12-16 15:22:45-592
Success : LS : test2\a94a8fe5ccb19ba6\2a5bd02710e975a7\,0:-1,2016-12-16 15:22:45-592,2016-12-16 15:22:45-695
Success : CREATE_FILE : test2\a94a8fe5ccb19ba6\2a5bd02710e975a7\01D5E2896700D296,0:3570277,2016-12-16 15:22:45-696,2016-12-16 15:22:48-551
Success : LS : test2\a94a8fe5ccb19ba6\2a5bd02710e975a7\,0:-1,2016-12-16 15:22:48-551,2016-12-16 15:22:48-724
Success : CREATE_FILE : test2\a94a8fe5ccb19ba6\3E33B6EB54064123,0:572617,2016-12-16 15:22:48-724,2016-12-16 15:22:49-074
Success : LS : test2\a94a8fe5ccb19ba6\,0:-1,2016-12-16 15:22:49-074,2016-12-16 15:22:49-180
Success : CREATE_FILE : test2\a94a8fe5ccb19ba6\2a5bd02710e975a7\7A49009B50F4B768,0:433247,2016-12-16 15:22:49-181,2016-12-16 15:22:49-502
Success : LS : test2\a94a8fe5ccb19ba6\2a5bd02710e975a7\,0:-1,2016-12-16 15:22:49-502,2016-12-16 15:22:49-605
Success : CREATE_FILE : test2\a94a8fe5ccb19ba6\2a5bd02710e975a7\6438FBC754E1619B,0:3175283,2016-12-16 15:22:49-605,2016-12-16 15:22:52-059
Success : LS : test2\a94a8fe5ccb19ba6\2a5bd02710e975a7\,0:-1,2016-12-16 15:22:52-059,2016-12-16 15:22:52-186
Success : CREATE_FILE : test2\a94a8fe5ccb19ba6\2a5bd02710e975a7\6072601C18557BCD,0:2207092,2016-12-16 15:22:52-187,2016-12-16 15:22:53-681
Success : LS : test2\a94a8fe5ccb19ba6\2a5bd02710e975a7\,0:-1,2016-12-16 15:22:53-681,2016-12-16 15:22:53-794
Success : CREATE_FILE : test2\a94a8fe5ccb19ba6\2a5bd02710e975a7\4984E60125B45791,0:545492,2016-12-16 15:22:53-794,2016-12-16 15:22:54-134
Success : LS : test2\a94a8fe5ccb19ba6\2a5bd02710e975a7\,0:-1,2016-12-16 15:22:54-134,2016-12-16 15:22:54-232
Success : CREATE_FILE : test2\a94a8fe5ccb19ba6\4207866F05CDDDC0,0:1641974,2016-12-16 15:22:54-232,2016-12-16 15:22:55-190
Success : LS : test2\a94a8fe5ccb19ba6\,0:-1,2016-12-16 15:22:55-191,2016-12-16 15:22:55-289
Success : CREATE_FILE : test2\a94a8fe5ccb19ba6\2a5bd02710e975a7\31B2FDA642B43151,0:1838339,2016-12-16 15:22:55-290,2016-12-16 15:22:56-385
Success : LS : test2\a94a8fe5ccb19ba6\2a5bd02710e975a7\,0:-1,2016-12-16 15:22:56-385,2016-12-16 15:22:56-477
Success : CREATE_FILE : test2\a94a8fe5ccb19ba6\29DDE4934F977031,0:46166,2016-12-16 15:22:56-478,2016-12-16 15:22:56-814
Success : LS : test2\a94a8fe5ccb19ba6\,0:-1,2016-12-16 15:22:56-815,2016-12-16 15:22:56-895
Success : CREATE_FILE : test2\a94a8fe5ccb19ba6\3BB46A0049A1C37A,0:3629375,2016-12-16 15:22:56-895,2016-12-16 15:22:59-791
Success : LS : test2\a94a8fe5ccb19ba6\,0:-1,2016-12-16 15:22:59-791,2016-12-16 15:22:59-884
Success : CREATE_FILE : test2\a94a8fe5ccb19ba6\2a5bd02710e975a7\35012B03390CEF27,0:1087035,2016-12-16 15:22:59-884,2016-12-16 15:23:00-231
Success : SEQ_READ : test1\c5a5e5562b038073\738537f9a40e568b,0:17984,2016-12-16 15:23:00-231,2016-12-16 15:23:00-450
Success : LS : test2\a94a8fe5ccb19ba6\2a5bd02710e975a7\,0:-1,2016-12-16 15:23:00-450,2016-12-16 15:23:00-559
Success : CREATE_FILE : test2\a94a8fe5ccb19ba6\2a5bd02710e975a7\72A5BCEC6F452893,0:2969421,2016-12-16 15:23:00-559,2016-12-16 15:23:02-807
Success : LS : test2\a94a8fe5ccb19ba6\2a5bd02710e975a7\,0:-1,2016-12-16 15:23:02-807,2016-12-16 15:23:02-908
Success : CREATE_FILE : test2\a94a8fe5ccb19ba6\2a5bd02710e975a7\0328AA794F304B1E,0:1644406,2016-12-16 15:23:02-908,2016-12-16 15:23:03-849
Success : LS : test2\a94a8fe5ccb19ba6\2a5bd02710e975a7\,0:-1,2016-12-16 15:23:03-849,2016-12-16 15:23:03-968
Success : CREATE_FILE : test2\a94a8fe5ccb19ba6\2a5bd02710e975a7\0DB880E30B41977E,0:1710637,2016-12-16 15:23:03-968,2016-12-16 15:23:05-044
Success : LS : test2\a94a8fe5ccb19ba6\2a5bd02710e975a7\,0:-1,2016-12-16 15:23:05-044,2016-12-16 15:23:05-143
Success : CREATE_FILE : test2\a94a8fe5ccb19ba6\7B3358F236AA057F,0:2247432,2016-12-16 15:23:05-143,2016-12-16 15:23:06-712
Success : LS : test2\a94a8fe5ccb19ba6\,0:-1,2016-12-16 15:23:06-712,2016-12-16 15:23:06-832
Success : CREATE_FILE : test2\a94a8fe5ccb19ba6\5A9C872C58EF44F8,0:855021,2016-12-16 15:23:06-833,2016-12-16 15:23:07-168
Success : LS : test2\a94a8fe5ccb19ba6\,0:-1,2016-12-16 15:23:07-169,2016-12-16 15:23:07-274
Success : CREATE_FILE : test2\a94a8fe5ccb19ba6\2a5bd02710e975a7\3C3729EC048E12C0,0:2889368,2016-12-16 15:23:07-274,2016-12-16 15:23:09-428
Success : LS : test2\a94a8fe5ccb19ba6\2a5bd02710e975a7\,0:-1,2016-12-16 15:23:09-428,2016-12-16 15:23:09-527
Success : CREATE_FILE : test2\a94a8fe5ccb19ba6\292E9B074EF82228,0:3301886,2016-12-16 15:23:09-527,2016-12-16 15:23:12-114
Success : LS : test2\a94a8fe5ccb19ba6\,0:-1,2016-12-16 15:23:12-114,2016-12-16 15:23:12-231
Success : CREATE_FILE : test2\a94a8fe5ccb19ba6\2FA67C4B5268B27A,0:4008703,2016-12-16 15:23:12-232,2016-12-16 15:23:15-823
Success : LS : test2\a94a8fe5ccb19ba6\,0:-1,2016-12-16 15:23:15-823,2016-12-16 15:23:15-922
Success : CREATE_FILE : test2\a94a8fe5ccb19ba6\5A6F94121A633E5F,0:4024363,2016-12-16 15:23:15-922,2016-12-16 15:23:19-275
Success : LS : test2\a94a8fe5ccb19ba6\,0:-1,2016-12-16 15:23:19-275,2016-12-16 15:23:19-378
Success : CREATE_FILE : test2\a94a8fe5ccb19ba6\2a5bd02710e975a7\522C463206C28BA6,0:79773,2016-12-16 15:23:19-378,2016-12-16 15:23:19-673
Success : LS : test2\a94a8fe5ccb19ba6\2a5bd02710e975a7\,0:-1,2016-12-16 15:23:19-673,2016-12-16 15:23:19-751
Success : CREATE_FILE : test2\a94a8fe5ccb19ba6\2a5bd02710e975a7\6AC118BD40F8A838,0:2175297,2016-12-16 15:23:19-751,2016-12-16 15:23:21-258
Success : LS : test2\a94a8fe5ccb19ba6\2a5bd02710e975a7\,0:-1,2016-12-16 15:23:21-258,2016-12-16 15:23:21-356
Success : CREATE_FILE : test2\a94a8fe5ccb19ba6\2a5bd02710e975a7\37CDF4A46EB3FA1E,0:704809,2016-12-16 15:23:21-356,2016-12-16 15:23:21-619
Success : LS : test2\a94a8fe5ccb19ba6\2a5bd02710e975a7\,0:-1,2016-12-16 15:23:21-620,2016-12-16 15:23:21-705
Success : CREATE_FILE : test2\a94a8fe5ccb19ba6\41395A230BEDC251,0:3314177,2016-12-16 15:23:21-705,2016-12-16 15:23:24-294
Success : LS : test2\a94a8fe5ccb19ba6\,0:-1,2016-12-16 15:23:24-294,2016-12-16 15:23:24-388
Success : CREATE_FILE : test2\a94a8fe5ccb19ba6\126B35C752E2A65E,0:3554217,2016-12-16 15:23:24-388,2016-12-16 15:23:27-250
Success : LS : test2\a94a8fe5ccb19ba6\,0:-1,2016-12-16 15:23:27-250,2016-12-16 15:23:27-359
Success : CREATE_FILE : test2\a94a8fe5ccb19ba6\2a5bd02710e975a7\367628C21D2D3D34,0:2785787,2016-12-16 15:23:27-360,2016-12-16 15:23:29-402
Success : LS : test2\a94a8fe5ccb19ba6\2a5bd02710e975a7\,0:-1,2016-12-16 15:23:29-403,2016-12-16 15:23:29-519
Success : CREATE_FILE : test2\a94a8fe5ccb19ba6\63B83E8967F13104,0:3405527,2016-12-16 15:23:29-519,2016-12-16 15:23:32-248
Success : LS : test2\a94a8fe5ccb19ba6\,0:-1,2016-12-16 15:23:32-248,2016-12-16 15:23:32-324
Success : CREATE_FILE : test2\a94a8fe5ccb19ba6\3DB0783A1FA266FF,0:202134,2016-12-16 15:23:32-325,2016-12-16 15:23:32-568
Success : SEQ_READ : test1\c5a5e5562b038073\c7734a16bf12bb03,0:364726,2016-12-16 15:23:32-568,2016-12-16 15:23:32-872
Success : LS : test2\a94a8fe5ccb19ba6\,0:-1,2016-12-16 15:23:32-872,2016-12-16 15:23:32-960
Success : CREATE_FILE : test2\a94a8fe5ccb19ba6\2a5bd02710e975a7\685C730D2F84A28C,0:1847393,2016-12-16 15:23:32-960,2016-12-16 15:23:34-120
Success : LS : test2\a94a8fe5ccb19ba6\2a5bd02710e975a7\,0:-1,2016-12-16 15:23:34-120,2016-12-16 15:23:34-236
Success : CREATE_FILE : test2\a94a8fe5ccb19ba6\2a5bd02710e975a7\0781FC1834A1B030,0:1378625,2016-12-16 15:23:34-236,2016-12-16 15:23:34-880
Success : LS : test2\a94a8fe5ccb19ba6\2a5bd02710e975a7\,0:-1,2016-12-16 15:23:34-880,2016-12-16 15:23:34-979
Success : CREATE_FILE : test2\a94a8fe5ccb19ba6\2a5bd02710e975a7\39C24B6D0B9BEE90,0:2357331,2016-12-16 15:23:34-979,2016-12-16 15:23:36-651
Success : SEQ_READ : test1\f71b43c3136efa4f\52481749c0cdecd6\6670af231c096f09,0:129,2016-12-16 15:23:36-651,2016-12-16 15:23:36-915
Success : LS : test2\a94a8fe5ccb19ba6\2a5bd02710e975a7\,0:-1,2016-12-16 15:23:36-915,2016-12-16 15:23:36-996
Success : CREATE_FILE : test2\a94a8fe5ccb19ba6\1B833405125E0D8A,0:3580486,2016-12-16 15:23:36-997,2016-12-16 15:23:39-779
Success : LS : test2\a94a8fe5ccb19ba6\,0:-1,2016-12-16 15:23:39-779,2016-12-16 15:23:39-901
Success : CREATE_FILE : test2\a94a8fe5ccb19ba6\2a5bd02710e975a7\4D8EC9C84A6D02FF,0:3810577,2016-12-16 15:23:39-901,2016-12-16 15:23:43-013
Success : LS : test2\a94a8fe5ccb19ba6\2a5bd02710e975a7\,0:-1,2016-12-16 15:23:43-013,2016-12-16 15:23:43-126
