Success : LS : test1\f71b43c3136efa4f\52481749c0cdecd6\,0:-1,2016-12-12 11:29:04-992,2016-12-12 11:29:05-155
Success : LS : test1\f71b43c3136efa4f\52481749c0cdecd6\,0:-1,2016-12-12 11:29:05-261,2016-12-12 11:29:05-335
Success : RANDOM_READ : test1\c5a5e5562b038073\b0c5d70d7f040bfa,9208:17400,2016-12-12 11:29:05-459,2016-12-12 11:29:05-538
Success : LS : test2\a94a8fe5ccb19ba6\,0:-1,2016-12-12 11:29:05-625,2016-12-12 11:29:05-718
Success : LS : test1\c5a5e5562b038073\,0:-1,2016-12-12 11:29:05-828,2016-12-12 11:29:05-901
Success : RANDOM_READ : test1\f71b43c3136efa4f\9f93e73d6896cb7b\6670af231c096f09,0:129,2016-12-12 11:29:06-018,2016-12-12 11:29:06-122
Success : CREATE_FILE : test2\a94a8fe5ccb19ba6\2a5bd02710e975a7\59A2A5930B64858F,0:297679,2016-12-12 11:29:06-239,2016-12-12 11:29:06-777
Success : LS : test2\a94a8fe5ccb19ba6\2a5bd02710e975a7\,0:-1,2016-12-12 11:29:06-901,2016-12-12 11:29:07-034
Success : CREATE_FILE : test2\a94a8fe5ccb19ba6\501B1B9E47E48E60,0:1945070,2016-12-12 11:29:07-120,2016-12-12 11:29:08-906
Fail : LS : test1,0:-1,2016-12-12 11:29:09-029,2016-12-12 11:29:09-029
Reason : java.lang.StringIndexOutOfBoundsException: String index out of range: -2
Success : RANDOM_READ : test2\1a7683b6645f9b6a,178:14514,2016-12-12 11:29:09-122,2016-12-12 11:29:09-224
Success : LS : test2\a94a8fe5ccb19ba6\,0:-1,2016-12-12 11:29:09-342,2016-12-12 11:29:09-454
Success : RANDOM_READ : test2\6c33a983eec1b409,243:2291,2016-12-12 11:29:09-566,2016-12-12 11:29:09-635
Success : LS : test2\a94a8fe5ccb19ba6\,0:-1,2016-12-12 11:29:09-710,2016-12-12 11:29:09-796
Success : CREATE_FILE : test2\a94a8fe5ccb19ba6\52B203A314B308E5,0:1855481,2016-12-12 11:29:09-896,2016-12-12 11:29:11-411
Success : LS : test2\a94a8fe5ccb19ba6\,0:-1,2016-12-12 11:29:11-530,2016-12-12 11:29:11-610
Success : CREATE_FILE : test2\a94a8fe5ccb19ba6\2a5bd02710e975a7\4E7DD9341B50775F,0:1814556,2016-12-12 11:29:11-692,2016-12-12 11:29:13-329
Success : RANDOM_READ : test2\bc9c8ba7ff351f3e,9209:32761,2016-12-12 11:29:13-455,2016-12-12 11:29:13-535
Success : LS : test1\f71b43c3136efa4f\9f93e73d6896cb7b\,0:-1,2016-12-12 11:29:13-642,2016-12-12 11:29:13-707
Success : LS : test2\a94a8fe5ccb19ba6\2a5bd02710e975a7\,0:-1,2016-12-12 11:29:13-828,2016-12-12 11:29:13-903
Success : LS : test1\c5a5e5562b038073\,0:-1,2016-12-12 11:29:13-979,2016-12-12 11:29:14-063
Success : LS : test2\a94a8fe5ccb19ba6\,0:-1,2016-12-12 11:29:14-149,2016-12-12 11:29:14-249
Success : LS : test2\a94a8fe5ccb19ba6\2a5bd02710e975a7\,0:-1,2016-12-12 11:29:14-340,2016-12-12 11:29:14-409
Success : CREATE_FILE : test2\a94a8fe5ccb19ba6\5EDC385D2F5ECC8A,0:3080123,2016-12-12 11:29:14-517,2016-12-12 11:29:17-402
Success : LS : test2\a94a8fe5ccb19ba6\,0:-1,2016-12-12 11:29:17-543,2016-12-12 11:29:17-624
Success : RANDOM_READ : test2\a94a8fe5ccb19ba6\2a5bd02710e975a7\254d76d2609fec03,1972:1972,2016-12-12 11:29:17-704,2016-12-12 11:29:17-763
Fail : LS : test1,0:-1,2016-12-12 11:29:17-839,2016-12-12 11:29:17-839
Reason : java.lang.StringIndexOutOfBoundsException: String index out of range: -2
Fail : LS : test1,0:-1,2016-12-12 11:29:17-914,2016-12-12 11:29:17-914
Reason : java.lang.StringIndexOutOfBoundsException: String index out of range: -2
Success : RANDOM_READ : test1\c5a5e5562b038073\68ad3077ff5a452a,0:383,2016-12-12 11:29:17-990,2016-12-12 11:29:18-050
Success : LS : test2\a94a8fe5ccb19ba6\,0:-1,2016-12-12 11:29:18-125,2016-12-12 11:29:18-194
Success : CREATE_FILE : test2\a94a8fe5ccb19ba6\2a5bd02710e975a7\0BA69C323C5D80F8,0:4027172,2016-12-12 11:29:18-270,2016-12-12 11:29:22-577
Success : RANDOM_READ : test1\c5a5e5562b038073\7b7f22b30cf50087,1072:2096,2016-12-12 11:29:22-703,2016-12-12 11:29:22-776
Success : LS : test2\a94a8fe5ccb19ba6\2a5bd02710e975a7\,0:-1,2016-12-12 11:29:22-917,2016-12-12 11:29:23-027
Success : CREATE_FILE : test2\a94a8fe5ccb19ba6\2B660A951862ADF2,0:1987375,2016-12-12 11:29:23-153,2016-12-12 11:29:24-808
Success : LS : test2\a94a8fe5ccb19ba6\,0:-1,2016-12-12 11:29:24-934,2016-12-12 11:29:25-019
Success : CREATE_FILE : test2\a94a8fe5ccb19ba6\487A4D9546A3C2E5,0:485593,2016-12-12 11:29:25-097,2016-12-12 11:29:25-578
Success : LS : test2\a94a8fe5ccb19ba6\,0:-1,2016-12-12 11:29:25-705,2016-12-12 11:29:25-794
Success : CREATE_FILE : test2\a94a8fe5ccb19ba6\7AE142565962AE67,0:1999559,2016-12-12 11:29:25-917,2016-12-12 11:29:27-924
Success : LS : test2\a94a8fe5ccb19ba6\,0:-1,2016-12-12 11:29:28-049,2016-12-12 11:29:28-173
Success : CREATE_FILE : test2\a94a8fe5ccb19ba6\569BADF5615E9A1B,0:4054989,2016-12-12 11:29:28-286,2016-12-12 11:29:32-226
Success : LS : test2\a94a8fe5ccb19ba6\,0:-1,2016-12-12 11:29:32-361,2016-12-12 11:29:32-465
Success : CREATE_FILE : test2\a94a8fe5ccb19ba6\2a5bd02710e975a7\5B3FC8FC5431D6D5,0:3122538,2016-12-12 11:29:32-574,2016-12-12 11:29:35-707
Success : LS : test2\a94a8fe5ccb19ba6\2a5bd02710e975a7\,0:-1,2016-12-12 11:29:35-783,2016-12-12 11:29:35-850
Success : CREATE_FILE : test2\a94a8fe5ccb19ba6\2a5bd02710e975a7\473C22FD6F4F5D84,0:791627,2016-12-12 11:29:35-965,2016-12-12 11:29:36-759
Success : RANDOM_READ : test2\49f03965cf98b1f5,1300:1300,2016-12-12 11:29:36-875,2016-12-12 11:29:36-944
Success : RANDOM_READ : test1\f71b43c3136efa4f\83404ffd78f534ff\6670af231c096f09,0:129,2016-12-12 11:29:37-068,2016-12-12 11:29:37-139
Success : RANDOM_READ : test2\a94a8fe5ccb19ba6\2a5bd02710e975a7\3eef580036f1724a,0:257,2016-12-12 11:29:37-257,2016-12-12 11:29:37-327
Success : LS : test2\a94a8fe5ccb19ba6\2a5bd02710e975a7\,0:-1,2016-12-12 11:29:37-440,2016-12-12 11:29:37-513
Success : CREATE_FILE : test2\a94a8fe5ccb19ba6\7093AE14180F3730,0:1237844,2016-12-12 11:29:37-586,2016-12-12 11:29:38-569
Success : LS : test2\a94a8fe5ccb19ba6\,0:-1,2016-12-12 11:29:38-673,2016-12-12 11:29:38-748
Success : CREATE_FILE : test2\a94a8fe5ccb19ba6\2a5bd02710e975a7\4531001212C349EB,0:2492967,2016-12-12 11:29:38-823,2016-12-12 11:29:41-012
Success : LS : test2\a94a8fe5ccb19ba6\2a5bd02710e975a7\,0:-1,2016-12-12 11:29:41-135,2016-12-12 11:29:41-245
Success : CREATE_FILE : test2\a94a8fe5ccb19ba6\2a5bd02710e975a7\590B7DB055CCB4DD,0:3728934,2016-12-12 11:29:41-369,2016-12-12 11:29:44-797
Success : LS : test2\a94a8fe5ccb19ba6\2a5bd02710e975a7\,0:-1,2016-12-12 11:29:44-918,2016-12-12 11:29:44-992
Success : CREATE_FILE : test2\a94a8fe5ccb19ba6\3C376AB051E7C1D8,0:507363,2016-12-12 11:29:45-067,2016-12-12 11:29:45-708
Success : RANDOM_READ : test2\a94a8fe5ccb19ba6\2a5bd02710e975a7\178db47a574c645f,0:257,2016-12-12 11:29:45-829,2016-12-12 11:29:45-930
Success : LS : test2\a94a8fe5ccb19ba6\,0:-1,2016-12-12 11:29:46-027,2016-12-12 11:29:46-104
Success : CREATE_FILE : test2\a94a8fe5ccb19ba6\2a5bd02710e975a7\38CA89CE762CD613,0:1302880,2016-12-12 11:29:46-181,2016-12-12 11:29:47-291
Success : LS : test2\a94a8fe5ccb19ba6\2a5bd02710e975a7\,0:-1,2016-12-12 11:29:47-417,2016-12-12 11:29:47-515
Success : CREATE_FILE : test2\a94a8fe5ccb19ba6\2a5bd02710e975a7\3DDD416B46C4D4A4,0:1207000,2016-12-12 11:29:47-604,2016-12-12 11:29:48-877
Success : LS : test2\a94a8fe5ccb19ba6\2a5bd02710e975a7\,0:-1,2016-12-12 11:29:48-998,2016-12-12 11:29:49-109
Success : CREATE_FILE : test2\a94a8fe5ccb19ba6\2a5bd02710e975a7\6DFED9F30E79C393,0:2051744,2016-12-12 11:29:49-230,2016-12-12 11:29:51-451
Success : LS : test2\a94a8fe5ccb19ba6\2a5bd02710e975a7\,0:-1,2016-12-12 11:29:51-527,2016-12-12 11:29:51-594
Success : CREATE_FILE : test2\a94a8fe5ccb19ba6\4629AF3639550793,0:1543653,2016-12-12 11:29:51-695,2016-12-12 11:29:53-080
Success : LS : test2\a94a8fe5ccb19ba6\,0:-1,2016-12-12 11:29:53-166,2016-12-12 11:29:53-297
Success : CREATE_FILE : test2\a94a8fe5ccb19ba6\2a5bd02710e975a7\550558920660EDBA,0:61652,2016-12-12 11:29:53-383,2016-12-12 11:29:54-023
Success : LS : test1\f71b43c3136efa4f\9f93e73d6896cb7b\,0:-1,2016-12-12 11:29:54-146,2016-12-12 11:29:54-219
Success : LS : test2\a94a8fe5ccb19ba6\2a5bd02710e975a7\,0:-1,2016-12-12 11:29:54-315,2016-12-12 11:29:54-384
Success : CREATE_FILE : test2\a94a8fe5ccb19ba6\09B38DCF5F0EDCDE,0:919199,2016-12-12 11:29:54-461,2016-12-12 11:29:55-209
Success : LS : test2\a94a8fe5ccb19ba6\,0:-1,2016-12-12 11:29:55-333,2016-12-12 11:29:55-410
Success : CREATE_FILE : test2\a94a8fe5ccb19ba6\203E60F5540F47C3,0:335488,2016-12-12 11:29:55-491,2016-12-12 11:29:56-079
Success : LS : test2\a94a8fe5ccb19ba6\,0:-1,2016-12-12 11:29:56-161,2016-12-12 11:29:56-238
Success : CREATE_FILE : test2\a94a8fe5ccb19ba6\4AD0C00034DDE5F2,0:1679104,2016-12-12 11:29:56-321,2016-12-12 11:29:58-153
Success : LS : test2\a94a8fe5ccb19ba6\,0:-1,2016-12-12 11:29:58-275,2016-12-12 11:29:58-358
Success : CREATE_FILE : test2\a94a8fe5ccb19ba6\16E8EBD5436135A7,0:513163,2016-12-12 11:29:58-470,2016-12-12 11:29:59-342
Success : LS : test2\a94a8fe5ccb19ba6\,0:-1,2016-12-12 11:29:59-444,2016-12-12 11:29:59-523
Success : CREATE_FILE : test2\a94a8fe5ccb19ba6\2a5bd02710e975a7\5393ED167ADC2E27,0:3065027,2016-12-12 11:29:59-611,2016-12-12 11:30:02-553
Success : LS : test2\a94a8fe5ccb19ba6\2a5bd02710e975a7\,0:-1,2016-12-12 11:30:02-669,2016-12-12 11:30:02-758
Success : LS : test1\f71b43c3136efa4f\,0:-1,2016-12-12 11:30:02-848,2016-12-12 11:30:02-910
Success : RANDOM_READ : test1\c5a5e5562b038073\7b7f22b30cf50087,39:3111,2016-12-12 11:30:02-988,2016-12-12 11:30:03-049
Success : LS : test2\a94a8fe5ccb19ba6\2a5bd02710e975a7\,0:-1,2016-12-12 11:30:03-127,2016-12-12 11:30:03-259
Success : CREATE_FILE : test2\a94a8fe5ccb19ba6\2a5bd02710e975a7\55F05D02647E6BD5,0:1034386,2016-12-12 11:30:03-378,2016-12-12 11:30:04-632
Success : LS : test2\a94a8fe5ccb19ba6\2a5bd02710e975a7\,0:-1,2016-12-12 11:30:04-749,2016-12-12 11:30:04-819
Success : CREATE_FILE : test2\a94a8fe5ccb19ba6\2a5bd02710e975a7\2B1E8B7331B99873,0:2525582,2016-12-12 11:30:04-896,2016-12-12 11:30:07-272
Success : LS : test2\a94a8fe5ccb19ba6\2a5bd02710e975a7\,0:-1,2016-12-12 11:30:07-401,2016-12-12 11:30:07-481
Success : CREATE_FILE : test2\a94a8fe5ccb19ba6\7A934FF72F4E3BE6,0:2796781,2016-12-12 11:30:07-559,2016-12-12 11:30:10-295
Fail : LS : test1,0:-1,2016-12-12 11:30:10-413,2016-12-12 11:30:10-413
Reason : java.lang.StringIndexOutOfBoundsException: String index out of range: -2
Success : LS : test1\c5a5e5562b038073\a39ea9c72a98de10\,0:-1,2016-12-12 11:30:10-536,2016-12-12 11:30:10-642
Success : LS : test2\a94a8fe5ccb19ba6\2a5bd02710e975a7\,0:-1,2016-12-12 11:30:10-739,2016-12-12 11:30:10-811
Success : RANDOM_READ : test2\a94a8fe5ccb19ba6\2a5bd02710e975a7\3eef580036f1724a,0:257,2016-12-12 11:30:10-968,2016-12-12 11:30:11-032
Success : LS : test2\a94a8fe5ccb19ba6\,0:-1,2016-12-12 11:30:11-149,2016-12-12 11:30:11-264
Success : CREATE_FILE : test2\a94a8fe5ccb19ba6\5C230CCA334A80E3,0:1989956,2016-12-12 11:30:11-366,2016-12-12 11:30:13-138
Success : LS : test2\a94a8fe5ccb19ba6\,0:-1,2016-12-12 11:30:13-255,2016-12-12 11:30:13-340
Success : CREATE_FILE : test2\a94a8fe5ccb19ba6\73B2CF9A18321782,0:346093,2016-12-12 11:30:13-417,2016-12-12 11:30:14-058
Success : LS : test2\a94a8fe5ccb19ba6\,0:-1,2016-12-12 11:30:14-181,2016-12-12 11:30:14-264
Success : CREATE_FILE : test2\a94a8fe5ccb19ba6\2a5bd02710e975a7\75042B9A1854E2DC,0:1536552,2016-12-12 11:30:14-386,2016-12-12 11:30:15-935
Success : LS : test1\f71b43c3136efa4f\,0:-1,2016-12-12 11:30:16-057,2016-12-12 11:30:16-131
Fail : LS : test1,0:-1,2016-12-12 11:30:16-241,2016-12-12 11:30:16-241
Reason : java.lang.StringIndexOutOfBoundsException: String index out of range: -2
Success : LS : test2\a94a8fe5ccb19ba6\2a5bd02710e975a7\,0:-1,2016-12-12 11:30:16-327,2016-12-12 11:30:16-436
Success : CREATE_FILE : test2\a94a8fe5ccb19ba6\2a5bd02710e975a7\009618684249A072,0:569111,2016-12-12 11:30:16-529,2016-12-12 11:30:17-155
Success : LS : test2\a94a8fe5ccb19ba6\2a5bd02710e975a7\,0:-1,2016-12-12 11:30:17-279,2016-12-12 11:30:17-390
Success : CREATE_FILE : test2\a94a8fe5ccb19ba6\2a5bd02710e975a7\00F5101719008B66,0:401480,2016-12-12 11:30:17-504,2016-12-12 11:30:21-710
Success : LS : test2\a94a8fe5ccb19ba6\2a5bd02710e975a7\,0:-1,2016-12-12 11:30:21-831,2016-12-12 11:30:21-910
Success : CREATE_FILE : test2\a94a8fe5ccb19ba6\2a5bd02710e975a7\4C73FB943D267190,0:946373,2016-12-12 11:30:21-989,2016-12-12 11:30:25-671
Success : LS : test2\a94a8fe5ccb19ba6\2a5bd02710e975a7\,0:-1,2016-12-12 11:30:25-797,2016-12-12 11:30:25-982
Success : CREATE_FILE : test2\a94a8fe5ccb19ba6\2a5bd02710e975a7\7F50B42953260273,0:2992769,2016-12-12 11:30:26-110,2016-12-12 11:30:31-025
Success : LS : test2\a94a8fe5ccb19ba6\2a5bd02710e975a7\,0:-1,2016-12-12 11:30:31-148,2016-12-12 11:30:31-258
Success : CREATE_FILE : test2\a94a8fe5ccb19ba6\67F0488240840D8C,0:3000435,2016-12-12 11:30:31-359,2016-12-12 11:30:34-500
Success : LS : test1\f71b43c3136efa4f\83404ffd78f534ff\,0:-1,2016-12-12 11:30:34-589,2016-12-12 11:30:34-692
Success : LS : test1\c5a5e5562b038073\0189424a5a60fed3\,0:-1,2016-12-12 11:30:34-782,2016-12-12 11:30:34-845
Success : RANDOM_READ : test1\c5a5e5562b038073\f72cdbcd84f047a5,2189:14477,2016-12-12 11:30:34-962,2016-12-12 11:30:35-033
Success : LS : test1\f71b43c3136efa4f\c7d9912886e5ccc7\,0:-1,2016-12-12 11:30:35-197,2016-12-12 11:30:35-272
Success : LS : test2\a94a8fe5ccb19ba6\,0:-1,2016-12-12 11:30:35-347,2016-12-12 11:30:35-420
Success : CREATE_FILE : test2\a94a8fe5ccb19ba6\5597587A14EFA492,0:2608416,2016-12-12 11:30:35-502,2016-12-12 11:30:38-704
Success : LS : test2\a94a8fe5ccb19ba6\,0:-1,2016-12-12 11:30:38-784,2016-12-12 11:30:38-861
Success : CREATE_FILE : test2\a94a8fe5ccb19ba6\2a5bd02710e975a7\0E0CBDFE2397C202,0:3786302,2016-12-12 11:30:38-941,2016-12-12 11:30:42-820
Success : RANDOM_READ : test1\c5a5e5562b038073\0189424a5a60fed3\46a8219c2ae6c782,1001920:1044928,2016-12-12 11:30:42-919,2016-12-12 11:30:42-989
Success : LS : test2\a94a8fe5ccb19ba6\2a5bd02710e975a7\,0:-1,2016-12-12 11:30:43-066,2016-12-12 11:30:43-134
Success : CREATE_FILE : test2\a94a8fe5ccb19ba6\61C7311B719C116F,0:1292404,2016-12-12 11:30:43-236,2016-12-12 11:30:44-240
Success : LS : test2\a94a8fe5ccb19ba6\,0:-1,2016-12-12 11:30:44-340,2016-12-12 11:30:44-413
Success : CREATE_FILE : test2\a94a8fe5ccb19ba6\579680DE0A3C2055,0:2012668,2016-12-12 11:30:44-501,2016-12-12 11:30:46-209
Success : LS : test2\a94a8fe5ccb19ba6\,0:-1,2016-12-12 11:30:46-334,2016-12-12 11:30:46-417
Success : CREATE_FILE : test2\a94a8fe5ccb19ba6\0DE286A01D4906CE,0:1165862,2016-12-12 11:30:46-499,2016-12-12 11:30:47-880
Success : LS : test2\a94a8fe5ccb19ba6\,0:-1,2016-12-12 11:30:47-965,2016-12-12 11:30:48-041
Success : CREATE_FILE : test2\a94a8fe5ccb19ba6\649D51D57B1C3E61,0:3135705,2016-12-12 11:30:48-140,2016-12-12 11:30:50-985
Success : LS : test2\a94a8fe5ccb19ba6\,0:-1,2016-12-12 11:30:51-064,2016-12-12 11:30:51-164
Success : CREATE_FILE : test2\a94a8fe5ccb19ba6\66BF925A3EB42DB7,0:1871820,2016-12-12 11:30:51-273,2016-12-12 11:30:53-255
Success : LS : test2\a94a8fe5ccb19ba6\,0:-1,2016-12-12 11:30:53-379,2016-12-12 11:30:53-473
Success : CREATE_FILE : test2\a94a8fe5ccb19ba6\2C2262634BDF98AA,0:2245300,2016-12-12 11:30:53-598,2016-12-12 11:30:55-525
Success : LS : test1\f71b43c3136efa4f\83404ffd78f534ff\,0:-1,2016-12-12 11:30:55-649,2016-12-12 11:30:55-721
Success : LS : test2\a94a8fe5ccb19ba6\,0:-1,2016-12-12 11:30:55-797,2016-12-12 11:30:55-874
Success : CREATE_FILE : test2\a94a8fe5ccb19ba6\2a5bd02710e975a7\3723C099651D2BCA,0:3066336,2016-12-12 11:30:55-985,2016-12-12 11:30:58-811
Success : LS : test2\a94a8fe5ccb19ba6\2a5bd02710e975a7\,0:-1,2016-12-12 11:30:58-937,2016-12-12 11:30:59-026
Success : CREATE_FILE : test2\a94a8fe5ccb19ba6\2a5bd02710e975a7\28873CBD2D2A21A4,0:3494272,2016-12-12 11:30:59-148,2016-12-12 11:31:02-792
Success : LS : test2\a94a8fe5ccb19ba6\2a5bd02710e975a7\,0:-1,2016-12-12 11:31:02-867,2016-12-12 11:31:03-592
Success : CREATE_FILE : test2\a94a8fe5ccb19ba6\412C5A215846F31C,0:669454,2016-12-12 11:31:03-715,2016-12-12 11:31:05-420
Success : LS : test2\a94a8fe5ccb19ba6\,0:-1,2016-12-12 11:31:05-545,2016-12-12 11:31:05-639
Success : CREATE_FILE : test2\a94a8fe5ccb19ba6\0336AD830D4F36B5,0:852550,2016-12-12 11:31:05-727,2016-12-12 11:31:07-317
Success : LS : test2\a94a8fe5ccb19ba6\,0:-1,2016-12-12 11:31:07-454,2016-12-12 11:31:07-547
Success : CREATE_FILE : test2\a94a8fe5ccb19ba6\2a5bd02710e975a7\3E06D93E45BF6379,0:55510,2016-12-12 11:31:07-658,2016-12-12 11:31:09-684
Success : LS : test2\a94a8fe5ccb19ba6\2a5bd02710e975a7\,0:-1,2016-12-12 11:31:09-806,2016-12-12 11:31:09-900
Success : CREATE_FILE : test2\a94a8fe5ccb19ba6\2a5bd02710e975a7\2B20D9EB47656B98,0:859056,2016-12-12 11:31:09-988,2016-12-12 11:31:12-281
Success : LS : test1\c5a5e5562b038073\a39ea9c72a98de10\,0:-1,2016-12-12 11:31:12-406,2016-12-12 11:31:12-489
Success : LS : test1\f71b43c3136efa4f\9f93e73d6896cb7b\,0:-1,2016-12-12 11:31:12-610,2016-12-12 11:31:12-737
Success : LS : test2\a94a8fe5ccb19ba6\2a5bd02710e975a7\,0:-1,2016-12-12 11:31:12-816,2016-12-12 11:31:12-894
Success : CREATE_FILE : test2\a94a8fe5ccb19ba6\2a5bd02710e975a7\72387B505A1A19B9,0:1901429,2016-12-12 11:31:13-006,2016-12-12 11:31:16-530
Success : LS : test2\a94a8fe5ccb19ba6\2a5bd02710e975a7\,0:-1,2016-12-12 11:31:16-662,2016-12-12 11:31:16-762
Success : CREATE_FILE : test2\a94a8fe5ccb19ba6\2a5bd02710e975a7\696A600912230934,0:3986694,2016-12-12 11:31:16-881,2016-12-12 11:31:20-896
Success : LS : test2\a94a8fe5ccb19ba6\2a5bd02710e975a7\,0:-1,2016-12-12 11:31:21-021,2016-12-12 11:31:21-914
Success : CREATE_FILE : test2\a94a8fe5ccb19ba6\2a5bd02710e975a7\507172B925ED37A4,0:2016642,2016-12-12 11:31:22-039,2016-12-12 11:31:24-990
Success : LS : test2\a94a8fe5ccb19ba6\2a5bd02710e975a7\,0:-1,2016-12-12 11:31:25-080,2016-12-12 11:31:25-152
Success : CREATE_FILE : test2\a94a8fe5ccb19ba6\2a5bd02710e975a7\0D3590303120FF38,0:791980,2016-12-12 11:31:25-228,2016-12-12 11:31:26-279
Success : LS : test2\a94a8fe5ccb19ba6\2a5bd02710e975a7\,0:-1,2016-12-12 11:31:26-403,2016-12-12 11:31:26-481
Success : CREATE_FILE : test2\a94a8fe5ccb19ba6\2a5bd02710e975a7\0FA8709407ADF97B,0:4082362,2016-12-12 11:31:26-619,2016-12-12 11:31:31-741
Success : LS : test1\c5a5e5562b038073\,0:-1,2016-12-12 11:31:31-864,2016-12-12 11:31:31-952
Success : LS : test2\a94a8fe5ccb19ba6\,0:-1,2016-12-12 11:31:32-032,2016-12-12 11:31:32-144
Success : LS : test1\f71b43c3136efa4f\c7d9912886e5ccc7\,0:-1,2016-12-12 11:31:32-242,2016-12-12 11:31:32-306
Success : LS : test2\a94a8fe5ccb19ba6\2a5bd02710e975a7\,0:-1,2016-12-12 11:31:32-402,2016-12-12 11:31:32-499
Success : LS : test1\f71b43c3136efa4f\9f93e73d6896cb7b\,0:-1,2016-12-12 11:31:32-612,2016-12-12 11:31:32-681
Success : LS : test2\a94a8fe5ccb19ba6\2a5bd02710e975a7\,0:-1,2016-12-12 11:31:32-766,2016-12-12 11:31:32-844
Success : CREATE_FILE : test2\a94a8fe5ccb19ba6\2EC08741064BA35B,0:1585333,2016-12-12 11:31:32-919,2016-12-12 11:31:35-413
Success : LS : test2\a94a8fe5ccb19ba6\,0:-1,2016-12-12 11:31:35-538,2016-12-12 11:31:35-686
Success : CREATE_FILE : test2\a94a8fe5ccb19ba6\53CDDFF227A3EDA5,0:2446393,2016-12-12 11:31:35-771,2016-12-12 11:31:38-100
Success : RANDOM_READ : test1\c5a5e5562b038073\a39ea9c72a98de10\aa61f113a9b13deb,0:438,2016-12-12 11:31:38-223,2016-12-12 11:31:38-331
Success : LS : test1\f71b43c3136efa4f\c7d9912886e5ccc7\,0:-1,2016-12-12 11:31:38-451,2016-12-12 11:31:38-537
Success : LS : test2\a94a8fe5ccb19ba6\,0:-1,2016-12-12 11:31:38-617,2016-12-12 11:31:38-708
Success : CREATE_FILE : test2\a94a8fe5ccb19ba6\34E14C1B300E514F,0:3926647,2016-12-12 11:31:38-794,2016-12-12 11:31:43-230
Success : LS : test2\a94a8fe5ccb19ba6\,0:-1,2016-12-12 11:31:43-358,2016-12-12 11:31:43-487
Success : CREATE_FILE : test2\a94a8fe5ccb19ba6\0508E1604408F8B3,0:3533551,2016-12-12 11:31:43-624,2016-12-12 11:31:47-456
Success : LS : test2\a94a8fe5ccb19ba6\,0:-1,2016-12-12 11:31:47-581,2016-12-12 11:31:47-671
Success : CREATE_FILE : test2\a94a8fe5ccb19ba6\1CC3AB567176A909,0:927175,2016-12-12 11:31:47-759,2016-12-12 11:31:48-580
Success : LS : test2\a94a8fe5ccb19ba6\,0:-1,2016-12-12 11:31:48-707,2016-12-12 11:31:48-792
Success : CREATE_FILE : test2\a94a8fe5ccb19ba6\2a5bd02710e975a7\12BF60402D8B7231,0:3284115,2016-12-12 11:31:48-867,2016-12-12 11:31:51-926
Success : LS : test2\a94a8fe5ccb19ba6\2a5bd02710e975a7\,0:-1,2016-12-12 11:31:52-038,2016-12-12 11:31:52-141
Success : CREATE_FILE : test2\a94a8fe5ccb19ba6\7E7E914F2733FA94,0:708722,2016-12-12 11:31:52-217,2016-12-12 11:31:53-052
Success : LS : test1\c5a5e5562b038073\,0:-1,2016-12-12 11:31:53-179,2016-12-12 11:31:53-253
Success : LS : test1\c5a5e5562b038073\,0:-1,2016-12-12 11:31:53-331,2016-12-12 11:31:53-436
Success : LS : test2\a94a8fe5ccb19ba6\,0:-1,2016-12-12 11:31:53-544,2016-12-12 11:31:53-632
Success : CREATE_FILE : test2\a94a8fe5ccb19ba6\2a5bd02710e975a7\16B6F09A467EB191,0:3621201,2016-12-12 11:31:53-734,2016-12-12 11:31:59-953
Success : LS : test2\a94a8fe5ccb19ba6\2a5bd02710e975a7\,0:-1,2016-12-12 11:32:00-031,2016-12-12 11:32:00-099
Success : CREATE_FILE : test2\a94a8fe5ccb19ba6\449170930BE358CB,0:374092,2016-12-12 11:32:00-175,2016-12-12 11:32:01-215
Success : LS : test2\a94a8fe5ccb19ba6\,0:-1,2016-12-12 11:32:01-335,2016-12-12 11:32:01-459
Success : CREATE_FILE : test2\a94a8fe5ccb19ba6\54A8B8C06CAB76D0,0:1426058,2016-12-12 11:32:01-597,2016-12-12 11:32:03-621
Success : LS : test2\a94a8fe5ccb19ba6\,0:-1,2016-12-12 11:32:03-734,2016-12-12 11:32:03-819
Success : LS : test1\c5a5e5562b038073\,0:-1,2016-12-12 11:32:03-903,2016-12-12 11:32:03-969
Success : LS : test2\a94a8fe5ccb19ba6\,0:-1,2016-12-12 11:32:04-045,2016-12-12 11:32:04-123
Success : CREATE_FILE : test2\a94a8fe5ccb19ba6\2a5bd02710e975a7\078C34492C2D11E8,0:2931293,2016-12-12 11:32:04-241,2016-12-12 11:32:07-663
Success : LS : test2\a94a8fe5ccb19ba6\2a5bd02710e975a7\,0:-1,2016-12-12 11:32:07-752,2016-12-12 11:32:07-891
Success : CREATE_FILE : test2\a94a8fe5ccb19ba6\6277ED3309546971,0:3699088,2016-12-12 11:32:08-015,2016-12-12 11:32:13-849
Success : LS : test2\a94a8fe5ccb19ba6\,0:-1,2016-12-12 11:32:13-946,2016-12-12 11:32:14-023
Success : CREATE_FILE : test2\a94a8fe5ccb19ba6\3B25F11E32A58DD4,0:3160615,2016-12-12 11:32:14-100,2016-12-12 11:32:17-807
Success : LS : test2\a94a8fe5ccb19ba6\,0:-1,2016-12-12 11:32:17-885,2016-12-12 11:32:17-966
Success : CREATE_FILE : test2\a94a8fe5ccb19ba6\2a5bd02710e975a7\689BEE4E1913607F,0:2966440,2016-12-12 11:32:18-042,2016-12-12 11:32:21-281
Success : LS : test2\a94a8fe5ccb19ba6\2a5bd02710e975a7\,0:-1,2016-12-12 11:32:21-366,2016-12-12 11:32:21-466
Success : CREATE_FILE : test2\a94a8fe5ccb19ba6\2a5bd02710e975a7\5A4912A961FAA184,0:1197696,2016-12-12 11:32:21-562,2016-12-12 11:32:23-143
Success : LS : test2\a94a8fe5ccb19ba6\2a5bd02710e975a7\,0:-1,2016-12-12 11:32:23-269,2016-12-12 11:32:23-359
Success : RANDOM_READ : test2\8da7cc13802eefe0,4560533:4624021,2016-12-12 11:32:23-501,2016-12-12 11:32:23-686
Success : LS : test1\c5a5e5562b038073\,0:-1,2016-12-12 11:32:23-774,2016-12-12 11:32:23-848
Success : LS : test2\a94a8fe5ccb19ba6\2a5bd02710e975a7\,0:-1,2016-12-12 11:32:23-949,2016-12-12 11:32:24-059
Success : CREATE_FILE : test2\a94a8fe5ccb19ba6\4A837BFE7CF08F6E,0:1159798,2016-12-12 11:32:24-221,2016-12-12 11:32:25-352
Success : LS : test2\a94a8fe5ccb19ba6\,0:-1,2016-12-12 11:32:25-476,2016-12-12 11:32:25-568
Success : CREATE_FILE : test2\a94a8fe5ccb19ba6\49E03C194C70FBD0,0:532487,2016-12-12 11:32:25-695,2016-12-12 11:32:26-662
Success : LS : test2\a94a8fe5ccb19ba6\,0:-1,2016-12-12 11:32:26-754,2016-12-12 11:32:26-838
Success : CREATE_FILE : test2\a94a8fe5ccb19ba6\2a5bd02710e975a7\18D1A88E6C8D741E,0:1679250,2016-12-12 11:32:26-913,2016-12-12 11:32:29-422
Success : LS : test2\a94a8fe5ccb19ba6\2a5bd02710e975a7\,0:-1,2016-12-12 11:32:29-544,2016-12-12 11:32:29-625
Success : CREATE_FILE : test2\a94a8fe5ccb19ba6\2a5bd02710e975a7\370422B107B253F9,0:2959428,2016-12-12 11:32:29-747,2016-12-12 11:32:33-046
Success : LS : test1\f71b43c3136efa4f\83404ffd78f534ff\,0:-1,2016-12-12 11:32:33-166,2016-12-12 11:32:33-263
Success : LS : test1\f71b43c3136efa4f\c7d9912886e5ccc7\,0:-1,2016-12-12 11:32:33-354,2016-12-12 11:32:33-453
Success : LS : test2\a94a8fe5ccb19ba6\2a5bd02710e975a7\,0:-1,2016-12-12 11:32:33-579,2016-12-12 11:32:33-697
Success : CREATE_FILE : test2\a94a8fe5ccb19ba6\577B73914C57D4E2,0:3516252,2016-12-12 11:32:33-818,2016-12-12 11:32:37-749
Success : LS : test2\a94a8fe5ccb19ba6\,0:-1,2016-12-12 11:32:37-876,2016-12-12 11:32:38-002
Success : CREATE_FILE : test2\a94a8fe5ccb19ba6\2a5bd02710e975a7\3FDE5CD570D47628,0:438176,2016-12-12 11:32:38-126,2016-12-12 11:32:39-286
Success : LS : test2\a94a8fe5ccb19ba6\2a5bd02710e975a7\,0:-1,2016-12-12 11:32:39-411,2016-12-12 11:32:39-492
Success : CREATE_FILE : test2\a94a8fe5ccb19ba6\5A555DB1043A1259,0:3167682,2016-12-12 11:32:39-605,2016-12-12 11:32:43-279
Success : LS : test2\a94a8fe5ccb19ba6\,0:-1,2016-12-12 11:32:43-401,2016-12-12 11:32:43-583
Success : CREATE_FILE : test2\a94a8fe5ccb19ba6\57AA32596F323A3E,0:3489071,2016-12-12 11:32:43-704,2016-12-12 11:32:47-768
Success : LS : test2\a94a8fe5ccb19ba6\,0:-1,2016-12-12 11:32:47-851,2016-12-12 11:32:47-934
Success : CREATE_FILE : test2\a94a8fe5ccb19ba6\2a5bd02710e975a7\0FCCDD9D2ADD8537,0:508739,2016-12-12 11:32:48-008,2016-12-12 11:32:48-842
Success : RANDOM_READ : test1\f71b43c3136efa4f\83404ffd78f534ff\6670af231c096f09,0:129,2016-12-12 11:32:48-969,2016-12-12 11:32:49-076
Success : LS : test2\a94a8fe5ccb19ba6\2a5bd02710e975a7\,0:-1,2016-12-12 11:32:49-174,2016-12-12 11:32:49-280
Success : LS : test2\a94a8fe5ccb19ba6\2a5bd02710e975a7\,0:-1,2016-12-12 11:32:49-401,2016-12-12 11:32:49-486
Success : CREATE_FILE : test2\a94a8fe5ccb19ba6\2a5bd02710e975a7\468D785414C2EB28,0:811526,2016-12-12 11:32:49-612,2016-12-12 11:32:50-914
Success : LS : test2\a94a8fe5ccb19ba6\2a5bd02710e975a7\,0:-1,2016-12-12 11:32:50-990,2016-12-12 11:32:51-109
Success : CREATE_FILE : test2\a94a8fe5ccb19ba6\61BDB6DD27DE4BEE,0:586916,2016-12-12 11:32:51-209,2016-12-12 11:32:52-238
Success : LS : test2\a94a8fe5ccb19ba6\,0:-1,2016-12-12 11:32:52-331,2016-12-12 11:32:52-454
Success : CREATE_FILE : test2\a94a8fe5ccb19ba6\2a5bd02710e975a7\79B003667C20B734,0:3153305,2016-12-12 11:32:52-579,2016-12-12 11:32:55-825
Success : LS : test2\a94a8fe5ccb19ba6\2a5bd02710e975a7\,0:-1,2016-12-12 11:32:55-900,2016-12-12 11:32:55-977
Success : LS : test2\a94a8fe5ccb19ba6\,0:-1,2016-12-12 11:32:56-089,2016-12-12 11:32:56-183
Success : RANDOM_READ : test1\f71b43c3136efa4f\52481749c0cdecd6\6670af231c096f09,0:129,2016-12-12 11:32:56-290,2016-12-12 11:32:56-381
Success : LS : test2\a94a8fe5ccb19ba6\2a5bd02710e975a7\,0:-1,2016-12-12 11:32:56-491,2016-12-12 11:32:56-565
Success : CREATE_FILE : test2\a94a8fe5ccb19ba6\2a5bd02710e975a7\3A3E36D4657F1E1F,0:3793198,2016-12-12 11:32:56-701,2016-12-12 11:33:00-490
Success : LS : test2\a94a8fe5ccb19ba6\2a5bd02710e975a7\,0:-1,2016-12-12 11:33:00-614,2016-12-12 11:33:00-725
Success : CREATE_FILE : test2\a94a8fe5ccb19ba6\2a5bd02710e975a7\2DF48D7670DBFAD5,0:2421402,2016-12-12 11:33:00-818,2016-12-12 11:33:03-410
Success : LS : test2\a94a8fe5ccb19ba6\2a5bd02710e975a7\,0:-1,2016-12-12 11:33:03-493,2016-12-12 11:33:03-563
Success : CREATE_FILE : test2\a94a8fe5ccb19ba6\2a5bd02710e975a7\7417D98265B950C0,0:3147738,2016-12-12 11:33:03-667,2016-12-12 11:33:06-852
Success : LS : test2\a94a8fe5ccb19ba6\2a5bd02710e975a7\,0:-1,2016-12-12 11:33:06-976,2016-12-12 11:33:07-094
Success : CREATE_FILE : test2\a94a8fe5ccb19ba6\2a5bd02710e975a7\08DE1EB934BE6D06,0:301212,2016-12-12 11:33:07-210,2016-12-12 11:33:08-018
Success : LS : test2\a94a8fe5ccb19ba6\2a5bd02710e975a7\,0:-1,2016-12-12 11:33:08-141,2016-12-12 11:33:08-226
Success : LS : test2\a94a8fe5ccb19ba6\,0:-1,2016-12-12 11:33:08-327,2016-12-12 11:33:08-413
Success : RANDOM_READ : test1\c5a5e5562b038073\88fe52fe40fa2264,261:1285,2016-12-12 11:33:08-538,2016-12-12 11:33:08-641
Success : LS : test2\a94a8fe5ccb19ba6\2a5bd02710e975a7\,0:-1,2016-12-12 11:33:08-732,2016-12-12 11:33:08-808
Success : CREATE_FILE : test2\a94a8fe5ccb19ba6\2a5bd02710e975a7\68063A131E17F9E4,0:1973323,2016-12-12 11:33:08-943,2016-12-12 11:33:11-924
Success : LS : test2\a94a8fe5ccb19ba6\2a5bd02710e975a7\,0:-1,2016-12-12 11:33:12-046,2016-12-12 11:33:12-125
Success : CREATE_FILE : test2\a94a8fe5ccb19ba6\33136D28534EB389,0:1926,2016-12-12 11:33:12-206,2016-12-12 11:33:13-032
Success : LS : test2\a94a8fe5ccb19ba6\,0:-1,2016-12-12 11:33:13-158,2016-12-12 11:33:13-277
Success : CREATE_FILE : test2\a94a8fe5ccb19ba6\2a5bd02710e975a7\4B9BD91174AE0D28,0:1596375,2016-12-12 11:33:13-400,2016-12-12 11:33:14-909
Success : LS : test2\a94a8fe5ccb19ba6\2a5bd02710e975a7\,0:-1,2016-12-12 11:33:14-988,2016-12-12 11:33:15-107
Success : CREATE_FILE : test2\a94a8fe5ccb19ba6\0803253D468DF47C,0:1828083,2016-12-12 11:33:15-231,2016-12-12 11:33:17-472
Success : LS : test1\f71b43c3136efa4f\83404ffd78f534ff\,0:-1,2016-12-12 11:33:17-598,2016-12-12 11:33:17-706
Success : RANDOM_READ : test1\f71b43c3136efa4f\c7d9912886e5ccc7\6670af231c096f09,0:129,2016-12-12 11:33:17-791,2016-12-12 11:33:17-857
Success : LS : test2\a94a8fe5ccb19ba6\,0:-1,2016-12-12 11:33:17-932,2016-12-12 11:33:18-045
Success : CREATE_FILE : test2\a94a8fe5ccb19ba6\2a5bd02710e975a7\45EED8195C8257B3,0:3657303,2016-12-12 11:33:18-164,2016-12-12 11:33:21-978
Success : LS : test2\a94a8fe5ccb19ba6\2a5bd02710e975a7\,0:-1,2016-12-12 11:33:22-103,2016-12-12 11:33:22-212
Success : CREATE_FILE : test2\a94a8fe5ccb19ba6\2a5bd02710e975a7\68D7B0CC14173DDE,0:1860237,2016-12-12 11:33:22-336,2016-12-12 11:33:24-324
Success : LS : test2\a94a8fe5ccb19ba6\2a5bd02710e975a7\,0:-1,2016-12-12 11:33:24-444,2016-12-12 11:33:24-522
Success : CREATE_FILE : test2\a94a8fe5ccb19ba6\2a5bd02710e975a7\0BC42D206DBCDB89,0:1535044,2016-12-12 11:33:24-604,2016-12-12 11:33:26-106
Success : LS : test2\a94a8fe5ccb19ba6\2a5bd02710e975a7\,0:-1,2016-12-12 11:33:26-230,2016-12-12 11:33:26-321
Success : CREATE_FILE : test2\a94a8fe5ccb19ba6\354515D85C4C832E,0:3588895,2016-12-12 11:33:26-447,2016-12-12 11:33:30-172
Success : LS : test2\a94a8fe5ccb19ba6\,0:-1,2016-12-12 11:33:30-294,2016-12-12 11:33:30-389
Success : CREATE_FILE : test2\a94a8fe5ccb19ba6\4982B56A71741128,0:1535285,2016-12-12 11:33:30-492,2016-12-12 11:33:32-274
Success : LS : test2\a94a8fe5ccb19ba6\2a5bd02710e975a7\,0:-1,2016-12-12 11:33:32-389,2016-12-12 11:33:32-506
Success : LS : test1\f71b43c3136efa4f\52481749c0cdecd6\,0:-1,2016-12-12 11:33:32-633,2016-12-12 11:33:32-703
Success : RANDOM_READ : test1\c5a5e5562b038073\05d1f0ed74e78555,47491:57731,2016-12-12 11:33:32-789,2016-12-12 11:33:32-857
Success : LS : test2\a94a8fe5ccb19ba6\,0:-1,2016-12-12 11:33:32-934,2016-12-12 11:33:33-042
Success : CREATE_FILE : test2\a94a8fe5ccb19ba6\04EEDA3C75BA8D99,0:1437151,2016-12-12 11:33:33-117,2016-12-12 11:33:34-313
Success : LS : test2\a94a8fe5ccb19ba6\,0:-1,2016-12-12 11:33:34-433,2016-12-12 11:33:34-521
Success : CREATE_FILE : test2\a94a8fe5ccb19ba6\2a5bd02710e975a7\65D2CC39542055FC,0:3969385,2016-12-12 11:33:34-602,2016-12-12 11:33:39-233
Success : LS : test2\a94a8fe5ccb19ba6\2a5bd02710e975a7\,0:-1,2016-12-12 11:33:39-308,2016-12-12 11:33:39-404
Success : CREATE_FILE : test2\a94a8fe5ccb19ba6\2a5bd02710e975a7\1404813E558BF52F,0:813161,2016-12-12 11:33:39-479,2016-12-12 11:33:40-285
Success : LS : test2\a94a8fe5ccb19ba6\2a5bd02710e975a7\,0:-1,2016-12-12 11:33:40-409,2016-12-12 11:33:40-518
Success : CREATE_FILE : test2\a94a8fe5ccb19ba6\789988F04BBD3432,0:2237856,2016-12-12 11:33:40-634,2016-12-12 11:33:42-756
Success : LS : test2\a94a8fe5ccb19ba6\,0:-1,2016-12-12 11:33:42-880,2016-12-12 11:33:42-967
Success : LS : test2\a94a8fe5ccb19ba6\,0:-1,2016-12-12 11:33:43-092,2016-12-12 11:33:43-212
Success : RANDOM_READ : test1\c5a5e5562b038073\7b7f22b30cf50087,1841:2865,2016-12-12 11:33:43-314,2016-12-12 11:33:43-385
Success : LS : test2\a94a8fe5ccb19ba6\,0:-1,2016-12-12 11:33:43-487,2016-12-12 11:33:43-572
Success : LS : test2\a94a8fe5ccb19ba6\,0:-1,2016-12-12 11:33:43-686,2016-12-12 11:33:43-802
Success : CREATE_FILE : test2\a94a8fe5ccb19ba6\5A7B428A5C4A4088,0:2133227,2016-12-12 11:33:43-920,2016-12-12 11:33:46-241
Success : LS : test2\a94a8fe5ccb19ba6\,0:-1,2016-12-12 11:33:46-377,2016-12-12 11:33:46-504
Success : CREATE_FILE : test2\a94a8fe5ccb19ba6\23223FCA758204E0,0:3415276,2016-12-12 11:33:46-628,2016-12-12 11:33:52-576
Success : LS : test2\a94a8fe5ccb19ba6\,0:-1,2016-12-12 11:33:52-692,2016-12-12 11:33:52-844
Success : CREATE_FILE : test2\a94a8fe5ccb19ba6\5D030BFD56822A7F,0:2684677,2016-12-12 11:33:52-958,2016-12-12 11:33:55-736
Success : RANDOM_READ : test1\c5a5e5562b038073\767c14c8beb1e835,1489781:1516405,2016-12-12 11:33:55-864,2016-12-12 11:33:55-949
Success : LS : test1\f71b43c3136efa4f\52481749c0cdecd6\,0:-1,2016-12-12 11:33:56-038,2016-12-12 11:33:56-119
Success : LS : test1\f71b43c3136efa4f\9f93e73d6896cb7b\,0:-1,2016-12-12 11:33:56-218,2016-12-12 11:33:56-300
Success : LS : test2\a94a8fe5ccb19ba6\,0:-1,2016-12-12 11:33:56-419,2016-12-12 11:33:56-529
Success : CREATE_FILE : test2\a94a8fe5ccb19ba6\34B03E3451BFB049,0:2948123,2016-12-12 11:33:56-651,2016-12-12 11:34:00-001
Success : LS : test2\a94a8fe5ccb19ba6\,0:-1,2016-12-12 11:34:00-112,2016-12-12 11:34:00-205
Success : CREATE_FILE : test2\a94a8fe5ccb19ba6\2a5bd02710e975a7\0865FCCA581CE5D4,0:3256160,2016-12-12 11:34:00-292,2016-12-12 11:34:03-741
Success : LS : test2\a94a8fe5ccb19ba6\2a5bd02710e975a7\,0:-1,2016-12-12 11:34:03-867,2016-12-12 11:34:03-986
Success : CREATE_FILE : test2\a94a8fe5ccb19ba6\0CA58EC23CC449C4,0:470633,2016-12-12 11:34:04-078,2016-12-12 11:34:04-983
Success : LS : test2\a94a8fe5ccb19ba6\,0:-1,2016-12-12 11:34:05-108,2016-12-12 11:34:05-198
Success : CREATE_FILE : test2\a94a8fe5ccb19ba6\7D3D475E1AA9CEFE,0:996158,2016-12-12 11:34:05-325,2016-12-12 11:34:06-533
Success : RANDOM_READ : test1\c5a5e5562b038073\a39ea9c72a98de10\11562aa867a5f398,402:402,2016-12-12 11:34:06-620,2016-12-12 11:34:06-688
Success : RANDOM_READ : test1\c5a5e5562b038073\a39ea9c72a98de10\aa61f113a9b13deb,0:438,2016-12-12 11:34:06-774,2016-12-12 11:34:06-835
Success : RANDOM_READ : test2\1a7683b6645f9b6a,1119:14431,2016-12-12 11:34:06-929,2016-12-12 11:34:07-000
Success : LS : test2\a94a8fe5ccb19ba6\,0:-1,2016-12-12 11:34:07-089,2016-12-12 11:34:07-195
Success : CREATE_FILE : test2\a94a8fe5ccb19ba6\1FE516CA61DE6E46,0:1547386,2016-12-12 11:34:07-291,2016-12-12 11:34:09-300
Success : LS : test2\a94a8fe5ccb19ba6\,0:-1,2016-12-12 11:34:09-418,2016-12-12 11:34:09-513
