Fail : LS : test1,0:-1,2016-12-12 10:53:19-339,2016-12-12 10:53:19-340
Reason : java.lang.StringIndexOutOfBoundsException: String index out of range: -2
Success : LS : test1\f71b43c3136efa4f\52481749c0cdecd6\,0:-1,2016-12-12 10:53:19-474,2016-12-12 10:53:19-648
Success : LS : test1\f71b43c3136efa4f\9f93e73d6896cb7b\,0:-1,2016-12-12 10:53:19-748,2016-12-12 10:53:19-821
Fail : RANDOM_READ : test1\c5a5e5562b038073\c7abaf0419c47a1d,567811:603651,2016-12-12 10:53:19-935,2016-12-12 10:53:19-935
Reason : hadoop4j.NoImplementionException: not supported by openstack
Success : CREATE_FILE : test2\a94a8fe5ccb19ba6\64EA57066979D062,0:1516614,2016-12-12 10:53:20-030,2016-12-12 10:53:21-400
Fail : RANDOM_READ : test2\6c33a983eec1b409,566:1590,2016-12-12 10:53:21-524,2016-12-12 10:53:21-524
Reason : hadoop4j.NoImplementionException: not supported by openstack
Fail : RANDOM_READ : test2\a94a8fe5ccb19ba6\2a5bd02710e975a7\178db47a574c645f,0:257,2016-12-12 10:53:21-651,2016-12-12 10:53:21-652
Reason : hadoop4j.NoImplementionException: not supported by openstack
Success : LS : test2\a94a8fe5ccb19ba6\2a5bd02710e975a7\,0:-1,2016-12-12 10:53:21-740,2016-12-12 10:53:21-820
Fail : RANDOM_READ : test2\a94a8fe5ccb19ba6\2a5bd02710e975a7\178db47a574c645f,0:257,2016-12-12 10:53:21-898,2016-12-12 10:53:21-898
Reason : hadoop4j.NoImplementionException: not supported by openstack
Fail : RANDOM_READ : test2\6c33a983eec1b409,1573:1573,2016-12-12 10:53:21-975,2016-12-12 10:53:21-975
Reason : hadoop4j.NoImplementionException: not supported by openstack
Fail : RANDOM_READ : test2\a94a8fe5ccb19ba6\2a5bd02710e975a7\178db47a574c645f,0:257,2016-12-12 10:53:22-057,2016-12-12 10:53:22-057
Reason : hadoop4j.NoImplementionException: not supported by openstack
Success : LS : test2\a94a8fe5ccb19ba6\,0:-1,2016-12-12 10:53:22-135,2016-12-12 10:53:22-238
Success : CREATE_FILE : test2\a94a8fe5ccb19ba6\2a5bd02710e975a7\14CBA3D93CE56501,0:3418534,2016-12-12 10:53:22-358,2016-12-12 10:53:25-661
Fail : RANDOM_READ : test1\f71b43c3136efa4f\9f93e73d6896cb7b\6670af231c096f09,0:129,2016-12-12 10:53:25-790,2016-12-12 10:53:25-791
Reason : hadoop4j.NoImplementionException: not supported by openstack
Fail : RANDOM_READ : test1\c5a5e5562b038073\3c16ab634e85296e,19275:54091,2016-12-12 10:53:25-885,2016-12-12 10:53:25-885
Reason : hadoop4j.NoImplementionException: not supported by openstack
Success : LS : test2\a94a8fe5ccb19ba6\2a5bd02710e975a7\,0:-1,2016-12-12 10:53:25-997,2016-12-12 10:53:26-077
Success : CREATE_FILE : test2\a94a8fe5ccb19ba6\51E444AD62BD2EC0,0:822428,2016-12-12 10:53:26-155,2016-12-12 10:53:26-961
Success : LS : test2\a94a8fe5ccb19ba6\,0:-1,2016-12-12 10:53:27-044,2016-12-12 10:53:27-119
Success : CREATE_FILE : test2\a94a8fe5ccb19ba6\2a5bd02710e975a7\0845F0D623252818,0:208836,2016-12-12 10:53:27-196,2016-12-12 10:53:27-936
Success : LS : test2\a94a8fe5ccb19ba6\2a5bd02710e975a7\,0:-1,2016-12-12 10:53:28-065,2016-12-12 10:53:28-150
Success : CREATE_FILE : test2\a94a8fe5ccb19ba6\2a5bd02710e975a7\712CC8FB2CAF77C6,0:937638,2016-12-12 10:53:28-233,2016-12-12 10:53:29-057
Success : LS : test2\a94a8fe5ccb19ba6\2a5bd02710e975a7\,0:-1,2016-12-12 10:53:29-187,2016-12-12 10:53:29-296
Success : CREATE_FILE : test2\a94a8fe5ccb19ba6\36F0F7173C83DF23,0:3769745,2016-12-12 10:53:29-396,2016-12-12 10:53:33-271
Success : LS : test2\a94a8fe5ccb19ba6\,0:-1,2016-12-12 10:53:33-347,2016-12-12 10:53:33-436
Success : CREATE_FILE : test2\a94a8fe5ccb19ba6\3C5BA28E08B2A583,0:1179018,2016-12-12 10:53:33-531,2016-12-12 10:53:34-645
Success : LS : test2\a94a8fe5ccb19ba6\2a5bd02710e975a7\,0:-1,2016-12-12 10:53:34-765,2016-12-12 10:53:34-846
Success : LS : test1\f71b43c3136efa4f\52481749c0cdecd6\,0:-1,2016-12-12 10:53:34-968,2016-12-12 10:53:35-042
Success : LS : test1\f71b43c3136efa4f\9f93e73d6896cb7b\,0:-1,2016-12-12 10:53:35-129,2016-12-12 10:53:35-193
Success : LS : test2\a94a8fe5ccb19ba6\,0:-1,2016-12-12 10:53:35-269,2016-12-12 10:53:35-339
Success : CREATE_FILE : test2\a94a8fe5ccb19ba6\7C50ABD906050238,0:3886604,2016-12-12 10:53:35-458,2016-12-12 10:53:39-912
Success : LS : test2\a94a8fe5ccb19ba6\,0:-1,2016-12-12 10:53:40-037,2016-12-12 10:53:40-117
Success : CREATE_FILE : test2\a94a8fe5ccb19ba6\2a5bd02710e975a7\18B0CD034A3A641A,0:2955565,2016-12-12 10:53:40-215,2016-12-12 10:53:43-008
Success : LS : test1\f71b43c3136efa4f\c7d9912886e5ccc7\,0:-1,2016-12-12 10:53:43-124,2016-12-12 10:53:43-196
Success : LS : test2\a94a8fe5ccb19ba6\,0:-1,2016-12-12 10:53:43-305,2016-12-12 10:53:43-379
Success : LS : test2\a94a8fe5ccb19ba6\2a5bd02710e975a7\,0:-1,2016-12-12 10:53:43-498,2016-12-12 10:53:43-596
Success : LS : test2\a94a8fe5ccb19ba6\2a5bd02710e975a7\,0:-1,2016-12-12 10:53:43-722,2016-12-12 10:53:43-800
Success : CREATE_FILE : test2\a94a8fe5ccb19ba6\37E734A6050B1FF1,0:1703240,2016-12-12 10:53:43-920,2016-12-12 10:53:45-255
Success : LS : test2\a94a8fe5ccb19ba6\,0:-1,2016-12-12 10:53:45-333,2016-12-12 10:53:45-482
Success : CREATE_FILE : test2\a94a8fe5ccb19ba6\24126A840E4C3D22,0:993253,2016-12-12 10:53:45-559,2016-12-12 10:53:46-148
Success : LS : test2\a94a8fe5ccb19ba6\,0:-1,2016-12-12 10:53:46-276,2016-12-12 10:53:46-353
Success : CREATE_FILE : test2\a94a8fe5ccb19ba6\2a5bd02710e975a7\1CEC2DE47A77B430,0:3312673,2016-12-12 10:53:46-484,2016-12-12 10:53:49-475
Success : LS : test2\a94a8fe5ccb19ba6\2a5bd02710e975a7\,0:-1,2016-12-12 10:53:49-646,2016-12-12 10:53:49-712
Success : CREATE_FILE : test2\a94a8fe5ccb19ba6\40293C0017735529,0:2473056,2016-12-12 10:53:49-795,2016-12-12 10:53:52-306
Success : LS : test1\f71b43c3136efa4f\52481749c0cdecd6\,0:-1,2016-12-12 10:53:52-432,2016-12-12 10:53:52-505
Success : LS : test1\f71b43c3136efa4f\c7d9912886e5ccc7\,0:-1,2016-12-12 10:53:52-621,2016-12-12 10:53:52-694
Success : LS : test2\a94a8fe5ccb19ba6\,0:-1,2016-12-12 10:53:52-802,2016-12-12 10:53:52-878
Success : LS : test1\f71b43c3136efa4f\,0:-1,2016-12-12 10:53:52-954,2016-12-12 10:53:53-020
Success : LS : test2\a94a8fe5ccb19ba6\,0:-1,2016-12-12 10:53:53-194,2016-12-12 10:53:53-269
Success : CREATE_FILE : test2\a94a8fe5ccb19ba6\13032C323615D02C,0:3766703,2016-12-12 10:53:53-377,2016-12-12 10:53:57-113
Success : LS : test2\a94a8fe5ccb19ba6\,0:-1,2016-12-12 10:53:57-229,2016-12-12 10:53:57-310
Success : CREATE_FILE : test2\a94a8fe5ccb19ba6\2a5bd02710e975a7\370A92446CC4F0BF,0:1615263,2016-12-12 10:53:57-417,2016-12-12 10:53:59-210
Success : LS : test2\a94a8fe5ccb19ba6\2a5bd02710e975a7\,0:-1,2016-12-12 10:53:59-339,2016-12-12 10:53:59-422
Fail : RANDOM_READ : test1\c5a5e5562b038073\3c16ab634e85296e,13886:57918,2016-12-12 10:53:59-506,2016-12-12 10:53:59-506
Reason : hadoop4j.NoImplementionException: not supported by openstack
Success : LS : test1\f71b43c3136efa4f\c7d9912886e5ccc7\,0:-1,2016-12-12 10:53:59-581,2016-12-12 10:53:59-670
Success : LS : test1\f71b43c3136efa4f\9f93e73d6896cb7b\,0:-1,2016-12-12 10:53:59-790,2016-12-12 10:53:59-858
Success : LS : test2\a94a8fe5ccb19ba6\2a5bd02710e975a7\,0:-1,2016-12-12 10:53:59-950,2016-12-12 10:54:00-020
Success : CREATE_FILE : test2\a94a8fe5ccb19ba6\2a5bd02710e975a7\212A0CF73277C2FE,0:3910929,2016-12-12 10:54:00-101,2016-12-12 10:54:03-975
Success : LS : test2\a94a8fe5ccb19ba6\2a5bd02710e975a7\,0:-1,2016-12-12 10:54:04-096,2016-12-12 10:54:04-192
Success : CREATE_FILE : test2\a94a8fe5ccb19ba6\32F2A78B680961CB,0:2858520,2016-12-12 10:54:04-311,2016-12-12 10:54:07-124
Success : LS : test2\a94a8fe5ccb19ba6\,0:-1,2016-12-12 10:54:07-249,2016-12-12 10:54:07-357
Success : LS : test2\a94a8fe5ccb19ba6\,0:-1,2016-12-12 10:54:07-450,2016-12-12 10:54:07-520
Success : CREATE_FILE : test2\a94a8fe5ccb19ba6\048F149678C5495D,0:4000525,2016-12-12 10:54:07-616,2016-12-12 10:54:11-591
Success : LS : test2\a94a8fe5ccb19ba6\,0:-1,2016-12-12 10:54:11-716,2016-12-12 10:54:11-807
Success : CREATE_FILE : test2\a94a8fe5ccb19ba6\65DD7189557F3CE0,0:3745826,2016-12-12 10:54:11-893,2016-12-12 10:54:15-560
Success : LS : test2\a94a8fe5ccb19ba6\,0:-1,2016-12-12 10:54:15-686,2016-12-12 10:54:15-767
Success : CREATE_FILE : test2\a94a8fe5ccb19ba6\3F2366E079673490,0:4070719,2016-12-12 10:54:15-844,2016-12-12 10:54:19-811
Success : LS : test2\a94a8fe5ccb19ba6\,0:-1,2016-12-12 10:54:19-929,2016-12-12 10:54:20-045
Success : CREATE_FILE : test2\a94a8fe5ccb19ba6\2274703A1F2107F7,0:483791,2016-12-12 10:54:20-165,2016-12-12 10:54:21-304
Success : LS : test2\a94a8fe5ccb19ba6\,0:-1,2016-12-12 10:54:21-381,2016-12-12 10:54:21-449
Success : CREATE_FILE : test2\a94a8fe5ccb19ba6\7ACDACB20540913C,0:2227805,2016-12-12 10:54:21-526,2016-12-12 10:54:24-225
Success : LS : test2\a94a8fe5ccb19ba6\,0:-1,2016-12-12 10:54:24-345,2016-12-12 10:54:24-455
Success : CREATE_FILE : test2\a94a8fe5ccb19ba6\2a5bd02710e975a7\375E0D094B8BA612,0:842076,2016-12-12 10:54:24-548,2016-12-12 10:54:25-883
Success : LS : test1\f71b43c3136efa4f\52481749c0cdecd6\,0:-1,2016-12-12 10:54:26-009,2016-12-12 10:54:26-082
Success : LS : test2\a94a8fe5ccb19ba6\2a5bd02710e975a7\,0:-1,2016-12-12 10:54:26-214,2016-12-12 10:54:26-299
Success : CREATE_FILE : test2\a94a8fe5ccb19ba6\2a5bd02710e975a7\4F680D071F8B40AC,0:3650323,2016-12-12 10:54:26-406,2016-12-12 10:54:29-837
Success : LS : test2\a94a8fe5ccb19ba6\2a5bd02710e975a7\,0:-1,2016-12-12 10:54:29-936,2016-12-12 10:54:30-004
Success : CREATE_FILE : test2\a94a8fe5ccb19ba6\48B6C6012C9C2885,0:3861867,2016-12-12 10:54:30-090,2016-12-12 10:54:34-027
Success : LS : test2\a94a8fe5ccb19ba6\,0:-1,2016-12-12 10:54:34-148,2016-12-12 10:54:34-229
Success : CREATE_FILE : test2\a94a8fe5ccb19ba6\2a5bd02710e975a7\23F96628259EF412,0:3106550,2016-12-12 10:54:34-348,2016-12-12 10:54:37-374
Success : LS : test2\a94a8fe5ccb19ba6\2a5bd02710e975a7\,0:-1,2016-12-12 10:54:37-493,2016-12-12 10:54:37-568
