Success : RANDOM_READ : test1\c5a5e5562b038073\7b7f22b30cf50087,1147:2171,2016-12-12 11:16:00-347,2016-12-12 11:16:00-495
Success : LS : test2\a94a8fe5ccb19ba6\2a5bd02710e975a7\,0:-1,2016-12-12 11:16:00-580,2016-12-12 11:16:00-685
Success : LS : test1\c5a5e5562b038073\,0:-1,2016-12-12 11:16:00-773,2016-12-12 11:16:00-890
Success : LS : test1\c5a5e5562b038073\0189424a5a60fed3\,0:-1,2016-12-12 11:16:00-984,2016-12-12 11:16:01-061
Success : RANDOM_READ : test2\49f03965cf98b1f5,868:868,2016-12-12 11:16:01-146,2016-12-12 11:16:01-229
Fail : LS : test1,0:-1,2016-12-12 11:16:01-306,2016-12-12 11:16:01-306
Reason : java.lang.StringIndexOutOfBoundsException: String index out of range: -2
Success : LS : test1\f71b43c3136efa4f\9f93e73d6896cb7b\,0:-1,2016-12-12 11:16:01-386,2016-12-12 11:16:01-457
Success : CREATE_FILE : test2\a94a8fe5ccb19ba6\0E7A3FFF7DE7CE99,0:2251525,2016-12-12 11:16:01-547,2016-12-12 11:16:03-795
Success : RANDOM_READ : test2\6c33a983eec1b409,193:2241,2016-12-12 11:16:03-918,2016-12-12 11:16:04-027
Success : LS : test1\f71b43c3136efa4f\,0:-1,2016-12-12 11:16:04-124,2016-12-12 11:16:04-243
Success : RANDOM_READ : test1\f71b43c3136efa4f\83404ffd78f534ff\6670af231c096f09,0:129,2016-12-12 11:16:04-335,2016-12-12 11:16:04-446
Fail : LS : test1,0:-1,2016-12-12 11:16:04-542,2016-12-12 11:16:04-542
Reason : java.lang.StringIndexOutOfBoundsException: String index out of range: -2
Success : RANDOM_READ : test1\9832710c94f11d2b,14650139:14675739,2016-12-12 11:16:04-668,2016-12-12 11:16:04-751
Fail : LS : test1,0:-1,2016-12-12 11:16:04-837,2016-12-12 11:16:04-837
Reason : java.lang.StringIndexOutOfBoundsException: String index out of range: -2
Success : LS : test2\a94a8fe5ccb19ba6\,0:-1,2016-12-12 11:16:04-959,2016-12-12 11:16:05-219
Success : CREATE_FILE : test2\a94a8fe5ccb19ba6\70559CC050E65E7C,0:3967538,2016-12-12 11:16:05-306,2016-12-12 11:16:12-096
Success : LS : test1\c5a5e5562b038073\0189424a5a60fed3\,0:-1,2016-12-12 11:16:12-291,2016-12-12 11:16:12-361
Success : RANDOM_READ : test2\a94a8fe5ccb19ba6\4b6fcb2d521ef0fd,349:349,2016-12-12 11:16:12-447,2016-12-12 11:16:12-531
Success : LS : test2\a94a8fe5ccb19ba6\,0:-1,2016-12-12 11:16:12-614,2016-12-12 11:16:12-695
Success : CREATE_FILE : test2\a94a8fe5ccb19ba6\164E043E68FD6A06,0:3858662,2016-12-12 11:16:12-770,2016-12-12 11:16:16-644
Success : LS : test2\a94a8fe5ccb19ba6\,0:-1,2016-12-12 11:16:16-767,2016-12-12 11:16:16-855
Success : CREATE_FILE : test2\a94a8fe5ccb19ba6\23A043303D3296D8,0:1461593,2016-12-12 11:16:16-982,2016-12-12 11:16:18-409
Success : LS : test2\a94a8fe5ccb19ba6\,0:-1,2016-12-12 11:16:18-532,2016-12-12 11:16:18-618
Success : CREATE_FILE : test2\a94a8fe5ccb19ba6\2CD64780195E02DD,0:2900831,2016-12-12 11:16:18-698,2016-12-12 11:16:22-743
Success : LS : test2\a94a8fe5ccb19ba6\,0:-1,2016-12-12 11:16:22-868,2016-12-12 11:16:22-955
Success : CREATE_FILE : test2\a94a8fe5ccb19ba6\1CA93E6B7B759F6D,0:41102,2016-12-12 11:16:23-065,2016-12-12 11:16:23-560
Success : LS : test1\f71b43c3136efa4f\9f93e73d6896cb7b\,0:-1,2016-12-12 11:16:23-682,2016-12-12 11:16:23-786
Success : LS : test2\a94a8fe5ccb19ba6\2a5bd02710e975a7\,0:-1,2016-12-12 11:16:23-877,2016-12-12 11:16:23-945
Success : LS : test2\a94a8fe5ccb19ba6\2a5bd02710e975a7\,0:-1,2016-12-12 11:16:24-056,2016-12-12 11:16:24-151
Success : LS : test1\f71b43c3136efa4f\c7d9912886e5ccc7\,0:-1,2016-12-12 11:16:24-270,2016-12-12 11:16:24-357
Success : LS : test2\a94a8fe5ccb19ba6\,0:-1,2016-12-12 11:16:24-474,2016-12-12 11:16:24-559
Success : CREATE_FILE : test2\a94a8fe5ccb19ba6\2a5bd02710e975a7\7D6C5DF172212435,0:3218023,2016-12-12 11:16:24-637,2016-12-12 11:16:29-423
Success : LS : test2\a94a8fe5ccb19ba6\2a5bd02710e975a7\,0:-1,2016-12-12 11:16:29-551,2016-12-12 11:16:29-631
Success : CREATE_FILE : test2\a94a8fe5ccb19ba6\40D96F975C9E33F9,0:3618119,2016-12-12 11:16:29-748,2016-12-12 11:16:33-383
Success : LS : test2\a94a8fe5ccb19ba6\,0:-1,2016-12-12 11:16:33-504,2016-12-12 11:16:33-623
Success : CREATE_FILE : test2\a94a8fe5ccb19ba6\2a5bd02710e975a7\35CC847853B47057,0:99223,2016-12-12 11:16:33-729,2016-12-12 11:16:34-263
Fail : LS : test1,0:-1,2016-12-12 11:16:34-391,2016-12-12 11:16:34-391
Reason : java.lang.StringIndexOutOfBoundsException: String index out of range: -2
Success : LS : test1\c5a5e5562b038073\a39ea9c72a98de10\,0:-1,2016-12-12 11:16:34-486,2016-12-12 11:16:34-598
Fail : LS : test1,0:-1,2016-12-12 11:16:34-717,2016-12-12 11:16:34-717
Reason : java.lang.StringIndexOutOfBoundsException: String index out of range: -2
Success : RANDOM_READ : test1\c5a5e5562b038073\a39ea9c72a98de10\11562aa867a5f398,1399:1399,2016-12-12 11:16:34-800,2016-12-12 11:16:34-896
Success : LS : test2\a94a8fe5ccb19ba6\2a5bd02710e975a7\,0:-1,2016-12-12 11:16:34-989,2016-12-12 11:16:35-063
Success : CREATE_FILE : test2\a94a8fe5ccb19ba6\2a5bd02710e975a7\6292C82F61EE4792,0:1561181,2016-12-12 11:16:35-149,2016-12-12 11:16:37-084
Success : LS : test2\a94a8fe5ccb19ba6\2a5bd02710e975a7\,0:-1,2016-12-12 11:16:37-210,2016-12-12 11:16:37-416
Success : CREATE_FILE : test2\a94a8fe5ccb19ba6\2a5bd02710e975a7\1627D69C1233D5DF,0:2085537,2016-12-12 11:16:37-543,2016-12-12 11:16:39-594
Success : LS : test2\a94a8fe5ccb19ba6\2a5bd02710e975a7\,0:-1,2016-12-12 11:16:39-673,2016-12-12 11:16:39-748
Success : CREATE_FILE : test2\a94a8fe5ccb19ba6\37B0397163E01F8A,0:423564,2016-12-12 11:16:39-824,2016-12-12 11:16:41-242
Success : LS : test1\c5a5e5562b038073\a39ea9c72a98de10\,0:-1,2016-12-12 11:16:41-362,2016-12-12 11:16:41-437
Fail : LS : test1,0:-1,2016-12-12 11:16:41-513,2016-12-12 11:16:41-513
Reason : java.lang.StringIndexOutOfBoundsException: String index out of range: -2
Success : LS : test2\a94a8fe5ccb19ba6\,0:-1,2016-12-12 11:16:41-624,2016-12-12 11:16:41-705
Success : CREATE_FILE : test2\a94a8fe5ccb19ba6\2B9C734C49A553E2,0:1784187,2016-12-12 11:16:41-803,2016-12-12 11:16:43-743
Success : LS : test2\a94a8fe5ccb19ba6\,0:-1,2016-12-12 11:16:43-869,2016-12-12 11:16:43-962
Success : CREATE_FILE : test2\a94a8fe5ccb19ba6\6AF958DC0A833564,0:3832319,2016-12-12 11:16:44-079,2016-12-12 11:16:47-863
Success : LS : test2\a94a8fe5ccb19ba6\,0:-1,2016-12-12 11:16:47-987,2016-12-12 11:16:48-075
Success : CREATE_FILE : test2\a94a8fe5ccb19ba6\2a5bd02710e975a7\25096C9858585D4B,0:3989479,2016-12-12 11:16:48-195,2016-12-12 11:16:52-299
Success : LS : test2\a94a8fe5ccb19ba6\2a5bd02710e975a7\,0:-1,2016-12-12 11:16:52-390,2016-12-12 11:16:52-457
Success : CREATE_FILE : test2\a94a8fe5ccb19ba6\0A17CCE027CDA163,0:3602035,2016-12-12 11:16:52-544,2016-12-12 11:16:56-214
Success : LS : test1\f71b43c3136efa4f\c7d9912886e5ccc7\,0:-1,2016-12-12 11:16:56-336,2016-12-12 11:16:56-411
Fail : LS : test1,0:-1,2016-12-12 11:16:56-529,2016-12-12 11:16:56-530
Reason : java.lang.StringIndexOutOfBoundsException: String index out of range: -2
Success : LS : test1\f71b43c3136efa4f\,0:-1,2016-12-12 11:16:56-621,2016-12-12 11:16:56-723
Success : LS : test2\a94a8fe5ccb19ba6\,0:-1,2016-12-12 11:16:56-824,2016-12-12 11:16:56-915
Success : CREATE_FILE : test2\a94a8fe5ccb19ba6\31EEAC3670EFEC97,0:680843,2016-12-12 11:16:57-002,2016-12-12 11:16:58-192
Success : LS : test2\a94a8fe5ccb19ba6\,0:-1,2016-12-12 11:16:58-276,2016-12-12 11:16:58-364
Success : CREATE_FILE : test2\a94a8fe5ccb19ba6\737234FB0076BB4E,0:1651374,2016-12-12 11:16:58-508,2016-12-12 11:17:01-175
Success : LS : test2\a94a8fe5ccb19ba6\,0:-1,2016-12-12 11:17:01-255,2016-12-12 11:17:01-367
Success : CREATE_FILE : test2\a94a8fe5ccb19ba6\66E913EA03877EB0,0:2502533,2016-12-12 11:17:01-459,2016-12-12 11:17:03-714
Success : LS : test2\a94a8fe5ccb19ba6\,0:-1,2016-12-12 11:17:03-834,2016-12-12 11:17:03-932
Success : CREATE_FILE : test2\a94a8fe5ccb19ba6\2a5bd02710e975a7\3B1430B004B7EB60,0:3804910,2016-12-12 11:17:04-050,2016-12-12 11:17:08-003
Success : LS : test2\a94a8fe5ccb19ba6\,0:-1,2016-12-12 11:17:08-101,2016-12-12 11:17:08-179
Success : LS : test2\a94a8fe5ccb19ba6\2a5bd02710e975a7\,0:-1,2016-12-12 11:17:08-257,2016-12-12 11:17:08-341
Success : CREATE_FILE : test2\a94a8fe5ccb19ba6\056E28F0192B3C2F,0:1074352,2016-12-12 11:17:08-423,2016-12-12 11:17:09-351
Success : LS : test2\a94a8fe5ccb19ba6\,0:-1,2016-12-12 11:17:09-473,2016-12-12 11:17:09-568
Success : CREATE_FILE : test2\a94a8fe5ccb19ba6\6D83D6273E22EDFA,0:3910430,2016-12-12 11:17:09-672,2016-12-12 11:17:13-345
Success : LS : test2\a94a8fe5ccb19ba6\,0:-1,2016-12-12 11:17:13-472,2016-12-12 11:17:13-564
Success : CREATE_FILE : test2\a94a8fe5ccb19ba6\0CE4920A360586A7,0:2946680,2016-12-12 11:17:13-646,2016-12-12 11:17:16-466
Success : LS : test2\a94a8fe5ccb19ba6\,0:-1,2016-12-12 11:17:16-556,2016-12-12 11:17:16-652
