Success : SEQ_READ : test1\f71b43c3136efa4f\c7d9912886e5ccc7\6670af231c096f09,0:129,2016-12-13 11:03:23-273,129
Success : LS : test1\c5a5e5562b038073\0189424a5a60fed3\,0:-1,2016-12-13 11:03:23-537,2016-12-13 11:03:23-632
Success : SEQ_READ : test2\bc9c8ba7ff351f3e,0:87040,2016-12-13 11:03:23-723,217984
Success : LS : test1\f71b43c3136efa4f\,0:-1,2016-12-13 11:03:23-929,2016-12-13 11:03:24-030
Success : SEQ_READ : test1\f71b43c3136efa4f\9f93e73d6896cb7b\6670af231c096f09,0:129,2016-12-13 11:03:24-119,129
Success : SEQ_READ : test2\1a7683b6645f9b6a,0:1024,2016-12-13 11:03:24-273,14529
Success : CREATE_FILE : test2\a94a8fe5ccb19ba6\2a5bd02710e975a7\183CF22F36930CE4,0:3627425,2016-12-13 11:03:24-489,2016-12-13 11:03:28-009
Success : LS : test2\a94a8fe5ccb19ba6\2a5bd02710e975a7\,0:-1,2016-12-13 11:03:28-138,2016-12-13 11:03:28-252
Success : CREATE_FILE : test2\a94a8fe5ccb19ba6\298D30A329C76F4A,0:3027580,2016-12-13 11:03:28-377,2016-12-13 11:03:31-524
Success : SEQ_READ : test1\c5a5e5562b038073\88fe52fe40fa2264,0:0,2016-12-13 11:03:31-651,2854
Success : SEQ_READ : test2\bc9c8ba7ff351f3e,0:142336,2016-12-13 11:03:31-841,217984
Success : SEQ_READ : test1\f71b43c3136efa4f\52481749c0cdecd6\6670af231c096f09,0:129,2016-12-13 11:03:32-040,129
Success : LS : test1\f71b43c3136efa4f\,0:-1,2016-12-13 11:03:32-227,2016-12-13 11:03:32-299
Success : LS : test1\c5a5e5562b038073\,0:-1,2016-12-13 11:03:32-403,2016-12-13 11:03:32-470
Fail : LS : test1,0:-1,2016-12-13 11:03:32-550,2016-12-13 11:03:32-551
Reason : java.lang.StringIndexOutOfBoundsException: String index out of range: -2
Success : LS : test1\c5a5e5562b038073\a39ea9c72a98de10\,0:-1,2016-12-13 11:03:32-632,2016-12-13 11:03:32-694
Success : LS : test1\f71b43c3136efa4f\c7d9912886e5ccc7\,0:-1,2016-12-13 11:03:32-768,2016-12-13 11:03:32-870
Success : SEQ_READ : test2\1a7683b6645f9b6a,0:4096,2016-12-13 11:03:32-964,14529
Fail : LS : test1,0:-1,2016-12-13 11:03:33-110,2016-12-13 11:03:33-110
Reason : java.lang.StringIndexOutOfBoundsException: String index out of range: -2
Success : LS : test2\a94a8fe5ccb19ba6\,0:-1,2016-12-13 11:03:33-450,2016-12-13 11:03:34-522
Success : LS : test1\f71b43c3136efa4f\,0:-1,2016-12-13 11:03:34-642,2016-12-13 11:03:34-714
Success : SEQ_READ : test1\c5a5e5562b038073\05d1f0ed74e78555,0:31744,2016-12-13 11:03:34-792,69632
Success : LS : test2\a94a8fe5ccb19ba6\,0:-1,2016-12-13 11:03:35-584,2016-12-13 11:03:35-682
Success : LS : test2\a94a8fe5ccb19ba6\,0:-1,2016-12-13 11:03:35-757,2016-12-13 11:03:35-894
Success : SEQ_READ : test1\c5a5e5562b038073\7b7f22b30cf50087,0:2048,2016-12-13 11:03:35-998,3126
Success : LS : test2\a94a8fe5ccb19ba6\,0:-1,2016-12-13 11:03:36-149,2016-12-13 11:03:36-525
Success : CREATE_FILE : test2\a94a8fe5ccb19ba6\4D6B3D3B73B319BD,0:3272074,2016-12-13 11:03:36-615,2016-12-13 11:03:39-572
Success : LS : test2\a94a8fe5ccb19ba6\2a5bd02710e975a7\,0:-1,2016-12-13 11:03:39-693,2016-12-13 11:03:39-779
Success : LS : test2\a94a8fe5ccb19ba6\,0:-1,2016-12-13 11:03:39-857,2016-12-13 11:03:39-949
Success : LS : test1\f71b43c3136efa4f\83404ffd78f534ff\,0:-1,2016-12-13 11:03:40-071,2016-12-13 11:03:40-144
Fail : LS : test1,0:-1,2016-12-13 11:03:40-221,2016-12-13 11:03:40-221
Reason : java.lang.StringIndexOutOfBoundsException: String index out of range: -2
Success : LS : test2\a94a8fe5ccb19ba6\,0:-1,2016-12-13 11:03:40-299,2016-12-13 11:03:40-425
Success : CREATE_FILE : test2\a94a8fe5ccb19ba6\2a5bd02710e975a7\468F96E9709873D5,0:3722517,2016-12-13 11:03:40-539,2016-12-13 11:03:44-050
Success : LS : test2\a94a8fe5ccb19ba6\2a5bd02710e975a7\,0:-1,2016-12-13 11:03:44-171,2016-12-13 11:03:44-285
Success : CREATE_FILE : test2\a94a8fe5ccb19ba6\2a5bd02710e975a7\4F7292B12A8F34BA,0:3550638,2016-12-13 11:03:44-378,2016-12-13 11:03:47-688
Success : LS : test2\a94a8fe5ccb19ba6\2a5bd02710e975a7\,0:-1,2016-12-13 11:03:47-803,2016-12-13 11:03:47-889
Success : CREATE_FILE : test2\a94a8fe5ccb19ba6\624BDE9361E9BD57,0:2212236,2016-12-13 11:03:47-970,2016-12-13 11:03:49-930
Success : SEQ_READ : test2\a94a8fe5ccb19ba6\2a5bd02710e975a7\3eef580036f1724a,0:257,2016-12-13 11:03:50-051,257
Success : SEQ_READ : test1\c5a5e5562b038073\fbe0d7653f0909cb,0:0,2016-12-13 11:03:50-198,1611
Success : LS : test1\f71b43c3136efa4f\9f93e73d6896cb7b\,0:-1,2016-12-13 11:03:50-375,2016-12-13 11:03:50-447
Success : LS : test1\f71b43c3136efa4f\,0:-1,2016-12-13 11:03:50-538,2016-12-13 11:03:50-599
Success : SEQ_READ : test2\acde102dac5bbe15,0:5120,2016-12-13 11:03:50-679,6030
Success : LS : test2\a94a8fe5ccb19ba6\,0:-1,2016-12-13 11:03:50-819,2016-12-13 11:03:50-911
Success : CREATE_FILE : test2\a94a8fe5ccb19ba6\2a5bd02710e975a7\4982B7005C1E4E8D,0:434524,2016-12-13 11:03:51-018,2016-12-13 11:03:51-949
Success : LS : test2\a94a8fe5ccb19ba6\2a5bd02710e975a7\,0:-1,2016-12-13 11:03:52-074,2016-12-13 11:03:52-164
Success : CREATE_FILE : test2\a94a8fe5ccb19ba6\1160F193328483ED,0:3716429,2016-12-13 11:03:52-284,2016-12-13 11:03:55-790
Success : LS : test1\f71b43c3136efa4f\,0:-1,2016-12-13 11:03:55-905,2016-12-13 11:03:56-015
Success : LS : test2\a94a8fe5ccb19ba6\,0:-1,2016-12-13 11:03:56-118,2016-12-13 11:03:56-217
Success : SEQ_READ : test1\c5a5e5562b038073\0189424a5a60fed3\46a8219c2ae6c782,0:551936,2016-12-13 11:03:56-306,1544228
Success : LS : test2\a94a8fe5ccb19ba6\2a5bd02710e975a7\,0:-1,2016-12-13 11:03:56-476,2016-12-13 11:03:56-556
Success : LS : test2\a94a8fe5ccb19ba6\,0:-1,2016-12-13 11:03:56-645,2016-12-13 11:03:56-737
Success : CREATE_FILE : test2\a94a8fe5ccb19ba6\5E1A391812FBB409,0:3162149,2016-12-13 11:03:56-830,2016-12-13 11:04:00-398
Success : LS : test2\a94a8fe5ccb19ba6\,0:-1,2016-12-13 11:04:00-475,2016-12-13 11:04:00-566
Success : CREATE_FILE : test2\a94a8fe5ccb19ba6\1BFE52C268E90ED2,0:1689093,2016-12-13 11:04:00-666,2016-12-13 11:04:02-100
Success : LS : test2\a94a8fe5ccb19ba6\,0:-1,2016-12-13 11:04:02-226,2016-12-13 11:04:02-330
Success : CREATE_FILE : test2\a94a8fe5ccb19ba6\2a5bd02710e975a7\4ED984E655E54E44,0:575589,2016-12-13 11:04:02-451,2016-12-13 11:04:03-273
Success : LS : test2\a94a8fe5ccb19ba6\,0:-1,2016-12-13 11:04:03-355,2016-12-13 11:04:03-445
Success : LS : test2\a94a8fe5ccb19ba6\,0:-1,2016-12-13 11:04:03-524,2016-12-13 11:04:03-635
Success : LS : test2\a94a8fe5ccb19ba6\,0:-1,2016-12-13 11:04:03-726,2016-12-13 11:04:03-820
Success : LS : test2\a94a8fe5ccb19ba6\2a5bd02710e975a7\,0:-1,2016-12-13 11:04:03-931,2016-12-13 11:04:04-015
Success : CREATE_FILE : test2\a94a8fe5ccb19ba6\2a5bd02710e975a7\13D0892A3174CE46,0:668747,2016-12-13 11:04:04-089,2016-12-13 11:04:04-818
Success : LS : test2\a94a8fe5ccb19ba6\2a5bd02710e975a7\,0:-1,2016-12-13 11:04:04-944,2016-12-13 11:04:05-031
Success : CREATE_FILE : test2\a94a8fe5ccb19ba6\2a5bd02710e975a7\659A59415007395D,0:938816,2016-12-13 11:04:05-135,2016-12-13 11:04:06-251
Success : LS : test2\a94a8fe5ccb19ba6\2a5bd02710e975a7\,0:-1,2016-12-13 11:04:06-337,2016-12-13 11:04:06-416
Success : CREATE_FILE : test2\a94a8fe5ccb19ba6\2C7EC9A5003E945C,0:1513154,2016-12-13 11:04:06-501,2016-12-13 11:04:07-702
Success : LS : test2\a94a8fe5ccb19ba6\,0:-1,2016-12-13 11:04:07-825,2016-12-13 11:04:07-927
Success : CREATE_FILE : test2\a94a8fe5ccb19ba6\2a5bd02710e975a7\4CC501852F593623,0:1734741,2016-12-13 11:04:08-017,2016-12-13 11:04:09-448
Success : LS : test1\f71b43c3136efa4f\,0:-1,2016-12-13 11:04:09-569,2016-12-13 11:04:09-674
Success : SEQ_READ : test1\c5a5e5562b038073\0189424a5a60fed3\feb6a1968982109d,0:15830016,2016-12-13 11:04:09-766,20126138
Success : SEQ_READ : test1\c5a5e5562b038073\68ad3077ff5a452a,0:383,2016-12-13 11:04:09-953,383
Success : LS : test1\f71b43c3136efa4f\,0:-1,2016-12-13 11:04:10-159,2016-12-13 11:04:10-326
Fail : LS : test1,0:-1,2016-12-13 11:04:10-443,2016-12-13 11:04:10-443
Reason : java.lang.StringIndexOutOfBoundsException: String index out of range: -2
Success : LS : test2\a94a8fe5ccb19ba6\2a5bd02710e975a7\,0:-1,2016-12-13 11:04:10-523,2016-12-13 11:04:10-645
Success : CREATE_FILE : test2\a94a8fe5ccb19ba6\5C0EC7DE2ACA073D,0:96809,2016-12-13 11:04:10-737,2016-12-13 11:04:11-651
Success : SEQ_READ : test2\acde102dac5bbe15,0:0,2016-12-13 11:04:11-764,6030
Success : LS : test1\f71b43c3136efa4f\83404ffd78f534ff\,0:-1,2016-12-13 11:04:11-941,2016-12-13 11:04:12-010
Success : LS : test1\c5a5e5562b038073\a39ea9c72a98de10\,0:-1,2016-12-13 11:04:12-111,2016-12-13 11:04:12-178
Success : SEQ_READ : test1\f71b43c3136efa4f\9f93e73d6896cb7b\6670af231c096f09,0:129,2016-12-13 11:04:12-268,129
Success : LS : test1\c5a5e5562b038073\0189424a5a60fed3\,0:-1,2016-12-13 11:04:12-410,2016-12-13 11:04:12-474
Success : SEQ_READ : test2\8da7cc13802eefe0,0:3798016,2016-12-13 11:04:12-548,22987191
Success : LS : test1\f71b43c3136efa4f\,0:-1,2016-12-13 11:04:12-717,2016-12-13 11:04:12-779
Success : LS : test2\a94a8fe5ccb19ba6\,0:-1,2016-12-13 11:04:12-878,2016-12-13 11:04:13-129
Success : CREATE_FILE : test2\a94a8fe5ccb19ba6\7D2F5C25513DCE98,0:1279382,2016-12-13 11:04:13-209,2016-12-13 11:04:14-946
Success : LS : test2\a94a8fe5ccb19ba6\,0:-1,2016-12-13 11:04:15-074,2016-12-13 11:04:15-173
Success : LS : test2\a94a8fe5ccb19ba6\,0:-1,2016-12-13 11:04:15-259,2016-12-13 11:04:15-354
Success : LS : test1\c5a5e5562b038073\0189424a5a60fed3\,0:-1,2016-12-13 11:04:15-432,2016-12-13 11:04:15-592
Success : SEQ_READ : test1\c5a5e5562b038073\fbe0d7653f0909cb,0:1024,2016-12-13 11:04:15-669,1611
Success : LS : test2\a94a8fe5ccb19ba6\,0:-1,2016-12-13 11:04:15-833,2016-12-13 11:04:15-924
Success : CREATE_FILE : test2\a94a8fe5ccb19ba6\2a5bd02710e975a7\1D2D6DBA6EC15DD1,0:2068903,2016-12-13 11:04:16-027,2016-12-13 11:04:18-107
Success : LS : test2\a94a8fe5ccb19ba6\2a5bd02710e975a7\,0:-1,2016-12-13 11:04:18-208,2016-12-13 11:04:18-292
Success : CREATE_FILE : test2\a94a8fe5ccb19ba6\2a5bd02710e975a7\72AEF2B409F7254D,0:1570950,2016-12-13 11:04:18-374,2016-12-13 11:04:19-741
Success : SEQ_READ : test1\c5a5e5562b038073\68ad3077ff5a452a,0:383,2016-12-13 11:04:19-861,383
Success : SEQ_READ : test2\49f03965cf98b1f5,0:1024,2016-12-13 11:04:20-082,1634
Success : SEQ_READ : test1\c5a5e5562b038073\0caa882bd1034750,0:159744,2016-12-13 11:04:20-281,324096
Success : SEQ_READ : test1\c5a5e5562b038073\88fe52fe40fa2264,0:1024,2016-12-13 11:04:20-464,2854
Success : LS : test2\a94a8fe5ccb19ba6\2a5bd02710e975a7\,0:-1,2016-12-13 11:04:20-627,2016-12-13 11:04:20-735
Success : CREATE_FILE : test2\a94a8fe5ccb19ba6\7157A3B32AD60B3A,0:1915091,2016-12-13 11:04:20-820,2016-12-13 11:04:22-526
Success : LS : test2\a94a8fe5ccb19ba6\,0:-1,2016-12-13 11:04:22-653,2016-12-13 11:04:22-776
Success : CREATE_FILE : test2\a94a8fe5ccb19ba6\44ABC79E59BFA1E5,0:1674712,2016-12-13 11:04:22-871,2016-12-13 11:04:24-308
Success : LS : test2\a94a8fe5ccb19ba6\,0:-1,2016-12-13 11:04:24-394,2016-12-13 11:04:24-485
Success : CREATE_FILE : test2\a94a8fe5ccb19ba6\2a5bd02710e975a7\13B2910E261869FB,0:107581,2016-12-13 11:04:24-605,2016-12-13 11:04:25-181
Fail : LS : test1,0:-1,2016-12-13 11:04:25-310,2016-12-13 11:04:25-310
Reason : java.lang.StringIndexOutOfBoundsException: String index out of range: -2
Success : LS : test1\c5a5e5562b038073\,0:-1,2016-12-13 11:04:25-397,2016-12-13 11:04:25-461
Success : LS : test2\a94a8fe5ccb19ba6\2a5bd02710e975a7\,0:-1,2016-12-13 11:04:25-559,2016-12-13 11:04:25-637
Success : LS : test1\c5a5e5562b038073\0189424a5a60fed3\,0:-1,2016-12-13 11:04:25-734,2016-12-13 11:04:25-797
Success : LS : test2\a94a8fe5ccb19ba6\2a5bd02710e975a7\,0:-1,2016-12-13 11:04:25-872,2016-12-13 11:04:25-960
Success : CREATE_FILE : test2\a94a8fe5ccb19ba6\1FE02B6410E68F67,0:1840849,2016-12-13 11:04:26-036,2016-12-13 11:04:27-739
Success : LS : test2\a94a8fe5ccb19ba6\,0:-1,2016-12-13 11:04:27-864,2016-12-13 11:04:27-993
Success : CREATE_FILE : test2\a94a8fe5ccb19ba6\069127CD0CB5FE04,0:898222,2016-12-13 11:04:28-112,2016-12-13 11:04:28-791
Success : LS : test2\a94a8fe5ccb19ba6\,0:-1,2016-12-13 11:04:28-911,2016-12-13 11:04:29-037
Success : SEQ_READ : test1\c5a5e5562b038073\a39ea9c72a98de10\11562aa867a5f398,0:2048,2016-12-13 11:04:29-154,2752
Success : LS : test2\a94a8fe5ccb19ba6\,0:-1,2016-12-13 11:04:29-296,2016-12-13 11:04:29-426
Success : CREATE_FILE : test2\a94a8fe5ccb19ba6\0758828A333D6A45,0:4000008,2016-12-13 11:04:29-533,2016-12-13 11:04:33-483
Success : LS : test2\a94a8fe5ccb19ba6\,0:-1,2016-12-13 11:04:33-606,2016-12-13 11:04:33-699
Success : CREATE_FILE : test2\a94a8fe5ccb19ba6\6161415531F4ADFD,0:825239,2016-12-13 11:04:33-780,2016-12-13 11:04:34-647
Success : LS : test2\a94a8fe5ccb19ba6\,0:-1,2016-12-13 11:04:34-772,2016-12-13 11:04:34-904
Success : CREATE_FILE : test2\a94a8fe5ccb19ba6\2a5bd02710e975a7\3FC3E4C84A3320C4,0:1039883,2016-12-13 11:04:34-997,2016-12-13 11:04:35-731
Success : LS : test1\f71b43c3136efa4f\,0:-1,2016-12-13 11:04:35-854,2016-12-13 11:04:35-926
Success : LS : test1\c5a5e5562b038073\0189424a5a60fed3\,0:-1,2016-12-13 11:04:36-046,2016-12-13 11:04:36-116
Success : LS : test1\c5a5e5562b038073\,0:-1,2016-12-13 11:04:36-202,2016-12-13 11:04:36-295
Success : LS : test2\a94a8fe5ccb19ba6\2a5bd02710e975a7\,0:-1,2016-12-13 11:04:36-376,2016-12-13 11:04:36-453
Success : CREATE_FILE : test2\a94a8fe5ccb19ba6\2a5bd02710e975a7\05D4ACEE60787FBC,0:130783,2016-12-13 11:04:36-530,2016-12-13 11:04:37-229
Success : LS : test2\a94a8fe5ccb19ba6\2a5bd02710e975a7\,0:-1,2016-12-13 11:04:37-354,2016-12-13 11:04:37-442
Success : CREATE_FILE : test2\a94a8fe5ccb19ba6\53E434574465EAE6,0:2093470,2016-12-13 11:04:37-526,2016-12-13 11:04:39-939
Success : LS : test2\a94a8fe5ccb19ba6\,0:-1,2016-12-13 11:04:40-063,2016-12-13 11:04:40-197
Success : CREATE_FILE : test2\a94a8fe5ccb19ba6\432281AF0CA8606C,0:3638572,2016-12-13 11:04:40-290,2016-12-13 11:04:43-861
Success : LS : test2\a94a8fe5ccb19ba6\2a5bd02710e975a7\,0:-1,2016-12-13 11:04:43-978,2016-12-13 11:04:44-066
Success : SEQ_READ : test1\c5a5e5562b038073\7b7f22b30cf50087,0:0,2016-12-13 11:04:44-150,3126
Success : SEQ_READ : test2\bc9c8ba7ff351f3e,0:169984,2016-12-13 11:04:44-324,217984
Success : LS : test1\f71b43c3136efa4f\52481749c0cdecd6\,0:-1,2016-12-13 11:04:44-507,2016-12-13 11:04:44-569
Success : LS : test1\f71b43c3136efa4f\,0:-1,2016-12-13 11:04:44-642,2016-12-13 11:04:44-720
Success : LS : test2\a94a8fe5ccb19ba6\2a5bd02710e975a7\,0:-1,2016-12-13 11:04:44-798,2016-12-13 11:04:44-907
Success : LS : test2\a94a8fe5ccb19ba6\,0:-1,2016-12-13 11:04:45-032,2016-12-13 11:04:45-142
Success : CREATE_FILE : test2\a94a8fe5ccb19ba6\582378910CD3D007,0:1110,2016-12-13 11:04:45-228,2016-12-13 11:04:45-788
Success : LS : test1\f71b43c3136efa4f\83404ffd78f534ff\,0:-1,2016-12-13 11:04:45-907,2016-12-13 11:04:46-004
Success : LS : test1\f71b43c3136efa4f\,0:-1,2016-12-13 11:04:46-103,2016-12-13 11:04:46-208
Success : SEQ_READ : test2\a94a8fe5ccb19ba6\2a5bd02710e975a7\3eef580036f1724a,0:257,2016-12-13 11:04:46-333,257
Success : SEQ_READ : test2\49f03965cf98b1f5,0:1024,2016-12-13 11:04:46-481,1634
Success : LS : test1\c5a5e5562b038073\a39ea9c72a98de10\,0:-1,2016-12-13 11:04:46-623,2016-12-13 11:04:46-684
Success : LS : test1\f71b43c3136efa4f\,0:-1,2016-12-13 11:04:46-804,2016-12-13 11:04:47-592
Success : LS : test2\a94a8fe5ccb19ba6\,0:-1,2016-12-13 11:04:47-705,2016-12-13 11:04:47-832
Success : CREATE_FILE : test2\a94a8fe5ccb19ba6\3FC104533ACA1DC5,0:1221236,2016-12-13 11:04:47-949,2016-12-13 11:04:49-608
Success : LS : test2\a94a8fe5ccb19ba6\2a5bd02710e975a7\,0:-1,2016-12-13 11:04:49-734,2016-12-13 11:04:49-846
Success : SEQ_READ : test1\c5a5e5562b038073\fbe0d7653f0909cb,0:1024,2016-12-13 11:04:49-940,1611
Success : SEQ_READ : test1\c5a5e5562b038073\0caa882bd1034750,0:118784,2016-12-13 11:04:50-121,324096
Success : LS : test1\c5a5e5562b038073\0189424a5a60fed3\,0:-1,2016-12-13 11:04:50-340,2016-12-13 11:04:50-429
Success : LS : test1\f71b43c3136efa4f\52481749c0cdecd6\,0:-1,2016-12-13 11:04:50-553,2016-12-13 11:04:50-625
Success : LS : test2\a94a8fe5ccb19ba6\,0:-1,2016-12-13 11:04:50-701,2016-12-13 11:04:50-793
Success : CREATE_FILE : test2\a94a8fe5ccb19ba6\18227627599B7E4C,0:1673908,2016-12-13 11:04:50-913,2016-12-13 11:04:52-341
Success : LS : test1\f71b43c3136efa4f\c7d9912886e5ccc7\,0:-1,2016-12-13 11:04:52-456,2016-12-13 11:04:52-543
Success : LS : test1\f71b43c3136efa4f\83404ffd78f534ff\,0:-1,2016-12-13 11:04:52-667,2016-12-13 11:04:52-767
Success : LS : test1\f71b43c3136efa4f\9f93e73d6896cb7b\,0:-1,2016-12-13 11:04:52-866,2016-12-13 11:04:52-964
Success : LS : test2\a94a8fe5ccb19ba6\,0:-1,2016-12-13 11:04:53-064,2016-12-13 11:04:53-170
Success : LS : test2\a94a8fe5ccb19ba6\,0:-1,2016-12-13 11:04:53-269,2016-12-13 11:04:53-362
Success : CREATE_FILE : test2\a94a8fe5ccb19ba6\2a5bd02710e975a7\30D3DA092F2630F9,0:8641,2016-12-13 11:04:53-478,2016-12-13 11:04:54-143
Success : LS : test2\a94a8fe5ccb19ba6\2a5bd02710e975a7\,0:-1,2016-12-13 11:04:54-234,2016-12-13 11:04:54-318
Success : CREATE_FILE : test2\a94a8fe5ccb19ba6\47C3922C0381171F,0:1786397,2016-12-13 11:04:54-402,2016-12-13 11:04:56-422
Success : LS : test2\a94a8fe5ccb19ba6\,0:-1,2016-12-13 11:04:56-551,2016-12-13 11:04:56-677
Success : CREATE_FILE : test2\a94a8fe5ccb19ba6\2a5bd02710e975a7\61B7D20B6D8CB078,0:2217254,2016-12-13 11:04:56-763,2016-12-13 11:04:58-779
Success : LS : test1\f71b43c3136efa4f\52481749c0cdecd6\,0:-1,2016-12-13 11:04:58-903,2016-12-13 11:04:58-979
Success : LS : test2\a94a8fe5ccb19ba6\,0:-1,2016-12-13 11:04:59-059,2016-12-13 11:04:59-174
Success : LS : test1\f71b43c3136efa4f\,0:-1,2016-12-13 11:04:59-256,2016-12-13 11:04:59-317
Success : LS : test2\a94a8fe5ccb19ba6\2a5bd02710e975a7\,0:-1,2016-12-13 11:04:59-392,2016-12-13 11:04:59-466
Success : LS : test2\a94a8fe5ccb19ba6\2a5bd02710e975a7\,0:-1,2016-12-13 11:04:59-583,2016-12-13 11:04:59-701
Success : CREATE_FILE : test2\a94a8fe5ccb19ba6\13526F253230FAE4,0:1076362,2016-12-13 11:04:59-798,2016-12-13 11:05:00-553
Success : LS : test2\a94a8fe5ccb19ba6\,0:-1,2016-12-13 11:05:00-670,2016-12-13 11:05:00-781
Success : CREATE_FILE : test2\a94a8fe5ccb19ba6\561481280401C747,0:2468337,2016-12-13 11:05:00-906,2016-12-13 11:05:03-341
Success : LS : test2\a94a8fe5ccb19ba6\,0:-1,2016-12-13 11:05:03-419,2016-12-13 11:05:03-507
Success : CREATE_FILE : test2\a94a8fe5ccb19ba6\295DC41239FFB101,0:1210142,2016-12-13 11:05:03-583,2016-12-13 11:05:04-713
Success : LS : test1\f71b43c3136efa4f\83404ffd78f534ff\,0:-1,2016-12-13 11:05:04-839,2016-12-13 11:05:04-913
Success : LS : test1\f71b43c3136efa4f\,0:-1,2016-12-13 11:05:05-008,2016-12-13 11:05:05-080
Success : LS : test1\f71b43c3136efa4f\83404ffd78f534ff\,0:-1,2016-12-13 11:05:05-154,2016-12-13 11:05:05-252
Success : LS : test2\a94a8fe5ccb19ba6\,0:-1,2016-12-13 11:05:05-343,2016-12-13 11:05:05-438
Success : LS : test2\a94a8fe5ccb19ba6\2a5bd02710e975a7\,0:-1,2016-12-13 11:05:05-513,2016-12-13 11:05:05-600
Success : LS : test2\a94a8fe5ccb19ba6\,0:-1,2016-12-13 11:05:05-677,2016-12-13 11:05:05-769
Success : CREATE_FILE : test2\a94a8fe5ccb19ba6\2a5bd02710e975a7\34B9555740EA99DE,0:842095,2016-12-13 11:05:05-896,2016-12-13 11:05:06-705
Success : LS : test1\f71b43c3136efa4f\83404ffd78f534ff\,0:-1,2016-12-13 11:05:06-825,2016-12-13 11:05:06-919
Success : LS : test1\f71b43c3136efa4f\52481749c0cdecd6\,0:-1,2016-12-13 11:05:07-008,2016-12-13 11:05:07-105
Success : LS : test2\a94a8fe5ccb19ba6\2a5bd02710e975a7\,0:-1,2016-12-13 11:05:07-194,2016-12-13 11:05:07-305
Success : LS : test1\f71b43c3136efa4f\c7d9912886e5ccc7\,0:-1,2016-12-13 11:05:07-409,2016-12-13 11:05:07-510
Success : LS : test2\a94a8fe5ccb19ba6\,0:-1,2016-12-13 11:05:07-599,2016-12-13 11:05:07-693
Success : LS : test2\a94a8fe5ccb19ba6\2a5bd02710e975a7\,0:-1,2016-12-13 11:05:07-791,2016-12-13 11:05:07-868
Success : LS : test2\a94a8fe5ccb19ba6\2a5bd02710e975a7\,0:-1,2016-12-13 11:05:07-944,2016-12-13 11:05:08-051
Success : CREATE_FILE : test2\a94a8fe5ccb19ba6\2a5bd02710e975a7\621F2FB9730F6175,0:1993478,2016-12-13 11:05:08-176,2016-12-13 11:05:10-029
Success : LS : test1\c5a5e5562b038073\a39ea9c72a98de10\,0:-1,2016-12-13 11:05:10-150,2016-12-13 11:05:10-221
Success : LS : test1\f71b43c3136efa4f\83404ffd78f534ff\,0:-1,2016-12-13 11:05:10-338,2016-12-13 11:05:10-405
Success : LS : test2\a94a8fe5ccb19ba6\,0:-1,2016-12-13 11:05:10-479,2016-12-13 11:05:10-575
Success : LS : test2\a94a8fe5ccb19ba6\,0:-1,2016-12-13 11:05:10-701,2016-12-13 11:05:10-808
Success : LS : test2\a94a8fe5ccb19ba6\2a5bd02710e975a7\,0:-1,2016-12-13 11:05:10-884,2016-12-13 11:05:10-960
Success : CREATE_FILE : test2\a94a8fe5ccb19ba6\2a5bd02710e975a7\372814067A8F012D,0:2920260,2016-12-13 11:05:11-081,2016-12-13 11:05:14-039
Success : LS : test2\a94a8fe5ccb19ba6\2a5bd02710e975a7\,0:-1,2016-12-13 11:05:14-159,2016-12-13 11:05:14-246
Success : CREATE_FILE : test2\a94a8fe5ccb19ba6\44AC43801C2ECABA,0:2284135,2016-12-13 11:05:14-323,2016-12-13 11:05:16-580
Success : LS : test1\f71b43c3136efa4f\52481749c0cdecd6\,0:-1,2016-12-13 11:05:16-716,2016-12-13 11:05:16-816
Success : LS : test1\f71b43c3136efa4f\c7d9912886e5ccc7\,0:-1,2016-12-13 11:05:16-930,2016-12-13 11:05:17-030
Success : SEQ_READ : test2\a94a8fe5ccb19ba6\4b6fcb2d521ef0fd,0:1024,2016-12-13 11:05:17-115,2291
Success : LS : test1\c5a5e5562b038073\0189424a5a60fed3\,0:-1,2016-12-13 11:05:17-334,2016-12-13 11:05:17-436
Success : LS : test2\a94a8fe5ccb19ba6\,0:-1,2016-12-13 11:05:17-526,2016-12-13 11:05:17-622
Success : LS : test2\a94a8fe5ccb19ba6\,0:-1,2016-12-13 11:05:17-735,2016-12-13 11:05:17-858
Success : CREATE_FILE : test2\a94a8fe5ccb19ba6\3656F4F463DDB8DA,0:915909,2016-12-13 11:05:17-952,2016-12-13 11:05:19-068
Success : LS : test2\a94a8fe5ccb19ba6\,0:-1,2016-12-13 11:05:19-186,2016-12-13 11:05:19-290
Success : CREATE_FILE : test2\a94a8fe5ccb19ba6\2a5bd02710e975a7\4A548EB65E389EB1,0:2626979,2016-12-13 11:05:19-391,2016-12-13 11:05:22-174
Success : LS : test1\c5a5e5562b038073\a39ea9c72a98de10\,0:-1,2016-12-13 11:05:22-299,2016-12-13 11:05:22-397
Success : LS : test1\f71b43c3136efa4f\c7d9912886e5ccc7\,0:-1,2016-12-13 11:05:22-488,2016-12-13 11:05:22-550
Success : SEQ_READ : test1\c5a5e5562b038073\767c14c8beb1e835,0:433152,2016-12-13 11:05:22-625,3818496
Success : LS : test2\a94a8fe5ccb19ba6\2a5bd02710e975a7\,0:-1,2016-12-13 11:05:22-798,2016-12-13 11:05:22-875
Success : LS : test2\a94a8fe5ccb19ba6\2a5bd02710e975a7\,0:-1,2016-12-13 11:05:23-024,2016-12-13 11:05:23-122
Success : CREATE_FILE : test2\a94a8fe5ccb19ba6\2a5bd02710e975a7\0EE2C8001D90A1BD,0:2012360,2016-12-13 11:05:23-199,2016-12-13 11:05:25-267
Success : LS : test2\a94a8fe5ccb19ba6\2a5bd02710e975a7\,0:-1,2016-12-13 11:05:25-390,2016-12-13 11:05:25-503
Success : CREATE_FILE : test2\a94a8fe5ccb19ba6\2a5bd02710e975a7\3C749775158CB153,0:3146755,2016-12-13 11:05:25-629,2016-12-13 11:05:28-896
Success : LS : test2\a94a8fe5ccb19ba6\2a5bd02710e975a7\,0:-1,2016-12-13 11:05:29-018,2016-12-13 11:05:29-135
Success : CREATE_FILE : test2\a94a8fe5ccb19ba6\2a5bd02710e975a7\19103AA56E7B1FEE,0:2459003,2016-12-13 11:05:29-244,2016-12-13 11:05:31-882
Success : LS : test2\a94a8fe5ccb19ba6\2a5bd02710e975a7\,0:-1,2016-12-13 11:05:32-001,2016-12-13 11:05:32-117
Success : LS : test2\a94a8fe5ccb19ba6\2a5bd02710e975a7\,0:-1,2016-12-13 11:05:32-235,2016-12-13 11:05:32-346
Success : SEQ_READ : test1\c5a5e5562b038073\2015a7ab48ae9a58,0:15360,2016-12-13 11:05:32-467,28672
Success : LS : test1\f71b43c3136efa4f\83404ffd78f534ff\,0:-1,2016-12-13 11:05:32-613,2016-12-13 11:05:32-675
Success : LS : test2\a94a8fe5ccb19ba6\2a5bd02710e975a7\,0:-1,2016-12-13 11:05:32-772,2016-12-13 11:05:32-882
Success : CREATE_FILE : test2\a94a8fe5ccb19ba6\69ED378153E08A5E,0:2091913,2016-12-13 11:05:32-998,2016-12-13 11:05:34-888
Success : LS : test2\a94a8fe5ccb19ba6\,0:-1,2016-12-13 11:05:35-007,2016-12-13 11:05:35-110
Success : CREATE_FILE : test2\a94a8fe5ccb19ba6\0B14CBF600DAC7FF,0:3509277,2016-12-13 11:05:35-210,2016-12-13 11:05:38-583
Success : LS : test2\a94a8fe5ccb19ba6\,0:-1,2016-12-13 11:05:38-706,2016-12-13 11:05:38-814
Success : CREATE_FILE : test2\a94a8fe5ccb19ba6\1C1342FC2BFAFC41,0:3995710,2016-12-13 11:05:38-895,2016-12-13 11:05:42-903
Success : SEQ_READ : test2\acde102dac5bbe15,0:5120,2016-12-13 11:05:43-026,6030
Success : LS : test2\a94a8fe5ccb19ba6\2a5bd02710e975a7\,0:-1,2016-12-13 11:05:43-234,2016-12-13 11:05:43-345
Success : LS : test1\f71b43c3136efa4f\,0:-1,2016-12-13 11:05:43-438,2016-12-13 11:05:43-505
Success : SEQ_READ : test1\c5a5e5562b038073\f72cdbcd84f047a5,0:16384,2016-12-13 11:05:43-623,17893
Success : SEQ_READ : test1\c5a5e5562b038073\fbe0d7653f0909cb,0:1024,2016-12-13 11:05:43-836,1611
Success : LS : test2\a94a8fe5ccb19ba6\,0:-1,2016-12-13 11:05:43-986,2016-12-13 11:05:44-080
Success : CREATE_FILE : test2\a94a8fe5ccb19ba6\6D5A9DC21DC9DB21,0:720588,2016-12-13 11:05:44-183,2016-12-13 11:05:44-916
Success : LS : test2\a94a8fe5ccb19ba6\,0:-1,2016-12-13 11:05:45-035,2016-12-13 11:05:45-133
Success : CREATE_FILE : test2\a94a8fe5ccb19ba6\35212DFE64BEFC18,0:2191239,2016-12-13 11:05:45-216,2016-12-13 11:05:47-153
Success : LS : test1\f71b43c3136efa4f\c7d9912886e5ccc7\,0:-1,2016-12-13 11:05:47-276,2016-12-13 11:05:47-377
Success : SEQ_READ : test2\bc9c8ba7ff351f3e,0:44032,2016-12-13 11:05:47-488,217984
Success : LS : test1\c5a5e5562b038073\a39ea9c72a98de10\,0:-1,2016-12-13 11:05:47-653,2016-12-13 11:05:47-748
Success : LS : test2\a94a8fe5ccb19ba6\,0:-1,2016-12-13 11:05:47-854,2016-12-13 11:05:47-952
Success : CREATE_FILE : test2\a94a8fe5ccb19ba6\03E7C03D37AA8AD6,0:3078010,2016-12-13 11:05:48-055,2016-12-13 11:05:50-850
Success : LS : test2\a94a8fe5ccb19ba6\,0:-1,2016-12-13 11:05:50-967,2016-12-13 11:05:51-073
Success : CREATE_FILE : test2\a94a8fe5ccb19ba6\2a5bd02710e975a7\7F8921631888ED02,0:847185,2016-12-13 11:05:51-190,2016-12-13 11:05:51-862
Success : LS : test2\a94a8fe5ccb19ba6\2a5bd02710e975a7\,0:-1,2016-12-13 11:05:51-978,2016-12-13 11:05:52-087
Success : CREATE_FILE : test2\a94a8fe5ccb19ba6\2a5bd02710e975a7\543EBB44354F9D0B,0:3563380,2016-12-13 11:05:52-189,2016-12-13 11:05:55-567
Fail : LS : test1,0:-1,2016-12-13 11:05:55-694,2016-12-13 11:05:55-694
Reason : java.lang.StringIndexOutOfBoundsException: String index out of range: -2
Success : SEQ_READ : test2\6c33a983eec1b409,0:0,2016-12-13 11:05:55-778,2291
Success : SEQ_READ : test2\a94a8fe5ccb19ba6\2a5bd02710e975a7\3eef580036f1724a,0:257,2016-12-13 11:05:55-959,257
Success : LS : test1\c5a5e5562b038073\,0:-1,2016-12-13 11:05:56-151,2016-12-13 11:05:56-223
Success : LS : test2\a94a8fe5ccb19ba6\,0:-1,2016-12-13 11:05:56-314,2016-12-13 11:05:56-446
Success : LS : test2\a94a8fe5ccb19ba6\2a5bd02710e975a7\,0:-1,2016-12-13 11:05:56-536,2016-12-13 11:05:56-613
Success : CREATE_FILE : test2\a94a8fe5ccb19ba6\33302F0C75CD9F7F,0:350776,2016-12-13 11:05:56-694,2016-12-13 11:05:57-334
Success : LS : test2\a94a8fe5ccb19ba6\,0:-1,2016-12-13 11:05:57-427,2016-12-13 11:05:57-522
Success : CREATE_FILE : test2\a94a8fe5ccb19ba6\48E3F1C15B25F857,0:68526,2016-12-13 11:05:57-597,2016-12-13 11:05:58-157
Success : SEQ_READ : test1\c5a5e5562b038073\767c14c8beb1e835,0:2671616,2016-12-13 11:05:58-277,3818496
Fail : LS : test1,0:-1,2016-12-13 11:05:58-484,2016-12-13 11:05:58-484
Reason : java.lang.StringIndexOutOfBoundsException: String index out of range: -2
Success : LS : test2\a94a8fe5ccb19ba6\,0:-1,2016-12-13 11:05:58-595,2016-12-13 11:05:58-711
Success : CREATE_FILE : test2\a94a8fe5ccb19ba6\2a5bd02710e975a7\637D51D22ACA15C8,0:251764,2016-12-13 11:05:58-785,2016-12-13 11:05:59-414
Success : LS : test2\a94a8fe5ccb19ba6\2a5bd02710e975a7\,0:-1,2016-12-13 11:05:59-535,2016-12-13 11:05:59-656
Success : CREATE_FILE : test2\a94a8fe5ccb19ba6\5BBE9DFF0A1F2D0D,0:644943,2016-12-13 11:05:59-748,2016-12-13 11:06:00-478
Success : LS : test2\a94a8fe5ccb19ba6\,0:-1,2016-12-13 11:06:00-600,2016-12-13 11:06:00-697
Success : CREATE_FILE : test2\a94a8fe5ccb19ba6\6392CAE20507BDA0,0:3236131,2016-12-13 11:06:00-779,2016-12-13 11:06:04-668
Success : LS : test2\a94a8fe5ccb19ba6\,0:-1,2016-12-13 11:06:04-785,2016-12-13 11:06:04-887
Success : CREATE_FILE : test2\a94a8fe5ccb19ba6\7FEC830C576C798B,0:869175,2016-12-13 11:06:04-979,2016-12-13 11:06:05-663
Success : LS : test2\a94a8fe5ccb19ba6\,0:-1,2016-12-13 11:06:05-784,2016-12-13 11:06:05-883
Success : CREATE_FILE : test2\a94a8fe5ccb19ba6\2a5bd02710e975a7\59D54D7467C06BB7,0:3074679,2016-12-13 11:06:05-961,2016-12-13 11:06:08-707
Success : LS : test1\f71b43c3136efa4f\c7d9912886e5ccc7\,0:-1,2016-12-13 11:06:08-833,2016-12-13 11:06:08-907
Success : LS : test2\a94a8fe5ccb19ba6\,0:-1,2016-12-13 11:06:09-031,2016-12-13 11:06:09-158
Success : SEQ_READ : test1\c5a5e5562b038073\68ad3077ff5a452a,0:383,2016-12-13 11:06:09-242,383
Success : LS : test1\f71b43c3136efa4f\52481749c0cdecd6\,0:-1,2016-12-13 11:06:09-389,2016-12-13 11:06:09-452
Success : LS : test2\a94a8fe5ccb19ba6\2a5bd02710e975a7\,0:-1,2016-12-13 11:06:09-526,2016-12-13 11:06:09-603
Success : LS : test2\a94a8fe5ccb19ba6\2a5bd02710e975a7\,0:-1,2016-12-13 11:06:09-703,2016-12-13 11:06:09-782
Success : CREATE_FILE : test2\a94a8fe5ccb19ba6\7D2495065B4226BF,0:711150,2016-12-13 11:06:09-868,2016-12-13 11:06:10-460
Success : LS : test2\a94a8fe5ccb19ba6\2a5bd02710e975a7\,0:-1,2016-12-13 11:06:10-582,2016-12-13 11:06:10-667
Success : LS : test1\f71b43c3136efa4f\52481749c0cdecd6\,0:-1,2016-12-13 11:06:10-754,2016-12-13 11:06:10-861
Success : LS : test1\f71b43c3136efa4f\83404ffd78f534ff\,0:-1,2016-12-13 11:06:10-978,2016-12-13 11:06:11-049
Success : LS : test2\a94a8fe5ccb19ba6\,0:-1,2016-12-13 11:06:11-157,2016-12-13 11:06:11-255
Success : CREATE_FILE : test2\a94a8fe5ccb19ba6\2a5bd02710e975a7\18CE7B59088CAB2E,0:1407080,2016-12-13 11:06:11-349,2016-12-13 11:06:12-601
Success : LS : test2\a94a8fe5ccb19ba6\2a5bd02710e975a7\,0:-1,2016-12-13 11:06:12-676,2016-12-13 11:06:12-753
Success : CREATE_FILE : test2\a94a8fe5ccb19ba6\02549B062FAE093E,0:3953331,2016-12-13 11:06:12-855,2016-12-13 11:06:16-433
Success : LS : test2\a94a8fe5ccb19ba6\,0:-1,2016-12-13 11:06:16-558,2016-12-13 11:06:16-665
Success : CREATE_FILE : test2\a94a8fe5ccb19ba6\3B30BFCD445E2D25,0:113690,2016-12-13 11:06:16-783,2016-12-13 11:06:17-325
Success : LS : test2\a94a8fe5ccb19ba6\,0:-1,2016-12-13 11:06:17-449,2016-12-13 11:06:17-554
Success : CREATE_FILE : test2\a94a8fe5ccb19ba6\2a5bd02710e975a7\28467B4834BE69F3,0:1245095,2016-12-13 11:06:17-632,2016-12-13 11:06:18-538
Success : LS : test2\a94a8fe5ccb19ba6\,0:-1,2016-12-13 11:06:18-612,2016-12-13 11:06:18-704
Success : LS : test2\a94a8fe5ccb19ba6\2a5bd02710e975a7\,0:-1,2016-12-13 11:06:18-822,2016-12-13 11:06:18-905
Success : CREATE_FILE : test2\a94a8fe5ccb19ba6\603B0A2124E8564D,0:3177386,2016-12-13 11:06:18-990,2016-12-13 11:06:22-360
Success : LS : test2\a94a8fe5ccb19ba6\,0:-1,2016-12-13 11:06:22-474,2016-12-13 11:06:22-575
Success : CREATE_FILE : test2\a94a8fe5ccb19ba6\2a5bd02710e975a7\3A91D49071078508,0:3758502,2016-12-13 11:06:22-675,2016-12-13 11:06:26-254
Success : LS : test2\a94a8fe5ccb19ba6\2a5bd02710e975a7\,0:-1,2016-12-13 11:06:26-370,2016-12-13 11:06:26-455
Success : CREATE_FILE : test2\a94a8fe5ccb19ba6\4CB4BDC65C8FED09,0:227926,2016-12-13 11:06:26-563,2016-12-13 11:06:27-156
Success : LS : test2\a94a8fe5ccb19ba6\,0:-1,2016-12-13 11:06:27-270,2016-12-13 11:06:27-374
Success : CREATE_FILE : test2\a94a8fe5ccb19ba6\6E5025830DD03C28,0:899149,2016-12-13 11:06:27-454,2016-12-13 11:06:28-108
Success : LS : test2\a94a8fe5ccb19ba6\,0:-1,2016-12-13 11:06:28-228,2016-12-13 11:06:28-333
Success : CREATE_FILE : test2\a94a8fe5ccb19ba6\67D407E653B28B1D,0:580082,2016-12-13 11:06:28-435,2016-12-13 11:06:29-130
Success : LS : test2\a94a8fe5ccb19ba6\2a5bd02710e975a7\,0:-1,2016-12-13 11:06:29-257,2016-12-13 11:06:29-337
Success : LS : test1\f71b43c3136efa4f\c7d9912886e5ccc7\,0:-1,2016-12-13 11:06:29-411,2016-12-13 11:06:29-474
Success : LS : test1\f71b43c3136efa4f\,0:-1,2016-12-13 11:06:29-549,2016-12-13 11:06:29-610
Success : LS : test2\a94a8fe5ccb19ba6\,0:-1,2016-12-13 11:06:29-726,2016-12-13 11:06:29-856
Success : CREATE_FILE : test2\a94a8fe5ccb19ba6\2a5bd02710e975a7\1A6048B403FB6840,0:2231401,2016-12-13 11:06:29-955,2016-12-13 11:06:32-522
Success : LS : test2\a94a8fe5ccb19ba6\2a5bd02710e975a7\,0:-1,2016-12-13 11:06:32-646,2016-12-13 11:06:32-731
Success : CREATE_FILE : test2\a94a8fe5ccb19ba6\4DCDDE795DC3C227,0:2987754,2016-12-13 11:06:32-841,2016-12-13 11:06:35-853
Success : LS : test2\a94a8fe5ccb19ba6\,0:-1,2016-12-13 11:06:35-975,2016-12-13 11:06:36-075
Success : CREATE_FILE : test2\a94a8fe5ccb19ba6\2a5bd02710e975a7\24BA6F140A0D3789,0:3540093,2016-12-13 11:06:36-158,2016-12-13 11:06:39-360
Success : LS : test1\c5a5e5562b038073\a39ea9c72a98de10\,0:-1,2016-12-13 11:06:39-442,2016-12-13 11:06:39-505
Success : LS : test1\c5a5e5562b038073\0189424a5a60fed3\,0:-1,2016-12-13 11:06:39-578,2016-12-13 11:06:39-638
Success : LS : test2\a94a8fe5ccb19ba6\,0:-1,2016-12-13 11:06:39-713,2016-12-13 11:06:39-803
Success : LS : test2\a94a8fe5ccb19ba6\,0:-1,2016-12-13 11:06:39-880,2016-12-13 11:06:39-969
Success : LS : test1\f71b43c3136efa4f\c7d9912886e5ccc7\,0:-1,2016-12-13 11:06:40-075,2016-12-13 11:06:40-142
Success : LS : test2\a94a8fe5ccb19ba6\2a5bd02710e975a7\,0:-1,2016-12-13 11:06:40-223,2016-12-13 11:06:40-318
Success : CREATE_FILE : test2\a94a8fe5ccb19ba6\2a5bd02710e975a7\75BA37101B7788E1,0:490718,2016-12-13 11:06:40-402,2016-12-13 11:06:41-108
Success : LS : test1\f71b43c3136efa4f\9f93e73d6896cb7b\,0:-1,2016-12-13 11:06:41-232,2016-12-13 11:06:41-303
Success : LS : test2\a94a8fe5ccb19ba6\,0:-1,2016-12-13 11:06:41-382,2016-12-13 11:06:41-475
Success : LS : test1\c5a5e5562b038073\0189424a5a60fed3\,0:-1,2016-12-13 11:06:41-568,2016-12-13 11:06:41-632
Success : LS : test2\a94a8fe5ccb19ba6\2a5bd02710e975a7\,0:-1,2016-12-13 11:06:41-716,2016-12-13 11:06:41-811
Success : CREATE_FILE : test2\a94a8fe5ccb19ba6\2AB69992418CF403,0:3258337,2016-12-13 11:06:41-903,2016-12-13 11:06:44-769
Success : LS : test2\a94a8fe5ccb19ba6\,0:-1,2016-12-13 11:06:44-891,2016-12-13 11:06:44-990
Success : CREATE_FILE : test2\a94a8fe5ccb19ba6\2a5bd02710e975a7\58B64A84723D4C78,0:1565478,2016-12-13 11:06:45-065,2016-12-13 11:06:46-413
Success : LS : test2\a94a8fe5ccb19ba6\2a5bd02710e975a7\,0:-1,2016-12-13 11:06:46-538,2016-12-13 11:06:46-628
Success : CREATE_FILE : test2\a94a8fe5ccb19ba6\2a5bd02710e975a7\22D75C037CFDFCFD,0:1374128,2016-12-13 11:06:46-732,2016-12-13 11:06:47-858
Success : LS : test2\a94a8fe5ccb19ba6\2a5bd02710e975a7\,0:-1,2016-12-13 11:06:47-976,2016-12-13 11:06:48-086
Success : CREATE_FILE : test2\a94a8fe5ccb19ba6\2D0DB91F70399B71,0:2929805,2016-12-13 11:06:48-170,2016-12-13 11:06:50-623
Success : LS : test2\a94a8fe5ccb19ba6\,0:-1,2016-12-13 11:06:50-741,2016-12-13 11:06:50-843
Success : SEQ_READ : test1\c5a5e5562b038073\767c14c8beb1e835,0:2555904,2016-12-13 11:06:50-941,3818496
Success : LS : test2\a94a8fe5ccb19ba6\,0:-1,2016-12-13 11:06:51-089,2016-12-13 11:06:51-189
Success : CREATE_FILE : test2\a94a8fe5ccb19ba6\2a5bd02710e975a7\6C36817E4E3D6BC0,0:1076302,2016-12-13 11:06:51-271,2016-12-13 11:06:52-535
Success : LS : test2\a94a8fe5ccb19ba6\2a5bd02710e975a7\,0:-1,2016-12-13 11:06:52-664,2016-12-13 11:06:52-753
Success : CREATE_FILE : test2\a94a8fe5ccb19ba6\6C3D5A8D03C67294,0:407648,2016-12-13 11:06:52-835,2016-12-13 11:06:53-407
Success : LS : test2\a94a8fe5ccb19ba6\,0:-1,2016-12-13 11:06:53-532,2016-12-13 11:06:53-669
Success : CREATE_FILE : test2\a94a8fe5ccb19ba6\2a5bd02710e975a7\399681575696B0E8,0:3281124,2016-12-13 11:06:53-775,2016-12-13 11:06:57-448
Success : LS : test2\a94a8fe5ccb19ba6\2a5bd02710e975a7\,0:-1,2016-12-13 11:06:57-525,2016-12-13 11:06:57-598
Success : CREATE_FILE : test2\a94a8fe5ccb19ba6\2D79F1C27B2C3E53,0:3619336,2016-12-13 11:06:57-674,2016-12-13 11:07:01-170
Success : LS : test1\c5a5e5562b038073\0189424a5a60fed3\,0:-1,2016-12-13 11:07:01-307,2016-12-13 11:07:01-393
Success : LS : test1\c5a5e5562b038073\a39ea9c72a98de10\,0:-1,2016-12-13 11:07:01-523,2016-12-13 11:07:01-596
Success : LS : test1\f71b43c3136efa4f\83404ffd78f534ff\,0:-1,2016-12-13 11:07:01-722,2016-12-13 11:07:01-814
Success : LS : test2\a94a8fe5ccb19ba6\2a5bd02710e975a7\,0:-1,2016-12-13 11:07:01-902,2016-12-13 11:07:02-015
Success : LS : test2\a94a8fe5ccb19ba6\,0:-1,2016-12-13 11:07:02-104,2016-12-13 11:07:02-233
Success : CREATE_FILE : test2\a94a8fe5ccb19ba6\081F5BC51C6A3F12,0:832962,2016-12-13 11:07:02-329,2016-12-13 11:07:03-360
Success : LS : test2\a94a8fe5ccb19ba6\,0:-1,2016-12-13 11:07:03-442,2016-12-13 11:07:03-540
Success : CREATE_FILE : test2\a94a8fe5ccb19ba6\2F5C730A0CBEF38B,0:855216,2016-12-13 11:07:03-638,2016-12-13 11:07:04-312
Success : LS : test2\a94a8fe5ccb19ba6\,0:-1,2016-12-13 11:07:04-438,2016-12-13 11:07:04-546
Success : CREATE_FILE : test2\a94a8fe5ccb19ba6\1405F2AC33CF8471,0:1857150,2016-12-13 11:07:04-670,2016-12-13 11:07:06-159
Success : SEQ_READ : test2\49f03965cf98b1f5,0:0,2016-12-13 11:07:06-282,1634
Success : LS : test2\a94a8fe5ccb19ba6\,0:-1,2016-12-13 11:07:06-434,2016-12-13 11:07:06-530
Success : LS : test2\a94a8fe5ccb19ba6\,0:-1,2016-12-13 11:07:06-604,2016-12-13 11:07:06-696
Success : LS : test1\f71b43c3136efa4f\52481749c0cdecd6\,0:-1,2016-12-13 11:07:06-795,2016-12-13 11:07:06-896
Fail : LS : test1,0:-1,2016-12-13 11:07:07-007,2016-12-13 11:07:07-007
Reason : java.lang.StringIndexOutOfBoundsException: String index out of range: -2
Success : LS : test2\a94a8fe5ccb19ba6\,0:-1,2016-12-13 11:07:07-086,2016-12-13 11:07:07-179
Success : CREATE_FILE : test2\a94a8fe5ccb19ba6\365F92F27315CF7E,0:2321492,2016-12-13 11:07:07-295,2016-12-13 11:07:09-129
Success : LS : test2\a94a8fe5ccb19ba6\,0:-1,2016-12-13 11:07:09-252,2016-12-13 11:07:09-354
Success : CREATE_FILE : test2\a94a8fe5ccb19ba6\2a5bd02710e975a7\6E73A1B87878CD51,0:300928,2016-12-13 11:07:09-435,2016-12-13 11:07:09-942
Success : LS : test2\a94a8fe5ccb19ba6\,0:-1,2016-12-13 11:07:10-130,2016-12-13 11:07:10-233
Success : LS : test1\f71b43c3136efa4f\c7d9912886e5ccc7\,0:-1,2016-12-13 11:07:10-350,2016-12-13 11:07:10-421
Success : LS : test1\f71b43c3136efa4f\83404ffd78f534ff\,0:-1,2016-12-13 11:07:10-533,2016-12-13 11:07:10-608
Success : LS : test1\f71b43c3136efa4f\9f93e73d6896cb7b\,0:-1,2016-12-13 11:07:10-727,2016-12-13 11:07:10-826
Fail : LS : test1,0:-1,2016-12-13 11:07:10-921,2016-12-13 11:07:10-921
Reason : java.lang.StringIndexOutOfBoundsException: String index out of range: -2
Success : LS : test2\a94a8fe5ccb19ba6\2a5bd02710e975a7\,0:-1,2016-12-13 11:07:10-997,2016-12-13 11:07:11-083
Success : CREATE_FILE : test2\a94a8fe5ccb19ba6\2a5bd02710e975a7\088F3EC1274959F7,0:3922943,2016-12-13 11:07:11-177,2016-12-13 11:07:14-952
Success : LS : test1\f71b43c3136efa4f\83404ffd78f534ff\,0:-1,2016-12-13 11:07:15-072,2016-12-13 11:07:15-145
Success : LS : test1\f71b43c3136efa4f\52481749c0cdecd6\,0:-1,2016-12-13 11:07:15-252,2016-12-13 11:07:15-335
Success : LS : test2\a94a8fe5ccb19ba6\2a5bd02710e975a7\,0:-1,2016-12-13 11:07:15-416,2016-12-13 11:07:15-494
Success : CREATE_FILE : test2\a94a8fe5ccb19ba6\0A3940565FE2D9C4,0:446729,2016-12-13 11:07:15-570,2016-12-13 11:07:16-160
Success : LS : test2\a94a8fe5ccb19ba6\,0:-1,2016-12-13 11:07:16-286,2016-12-13 11:07:16-387
Success : CREATE_FILE : test2\a94a8fe5ccb19ba6\2a5bd02710e975a7\62991E7D2F585C7B,0:2714432,2016-12-13 11:07:16-467,2016-12-13 11:07:19-068
Success : LS : test2\a94a8fe5ccb19ba6\2a5bd02710e975a7\,0:-1,2016-12-13 11:07:19-190,2016-12-13 11:07:19-307
Success : CREATE_FILE : test2\a94a8fe5ccb19ba6\2a5bd02710e975a7\1CC39E15678924F7,0:2089930,2016-12-13 11:07:19-419,2016-12-13 11:07:21-291
Success : LS : test2\a94a8fe5ccb19ba6\2a5bd02710e975a7\,0:-1,2016-12-13 11:07:21-376,2016-12-13 11:07:21-456
Success : CREATE_FILE : test2\a94a8fe5ccb19ba6\2a5bd02710e975a7\0FA9138F2B5EAB27,0:817048,2016-12-13 11:07:21-535,2016-12-13 11:07:22-385
Success : LS : test2\a94a8fe5ccb19ba6\2a5bd02710e975a7\,0:-1,2016-12-13 11:07:22-524,2016-12-13 11:07:22-644
Success : CREATE_FILE : test2\a94a8fe5ccb19ba6\1B28A46F343F42E9,0:1573958,2016-12-13 11:07:22-744,2016-12-13 11:07:24-269
Success : SEQ_READ : test1\c5a5e5562b038073\738537f9a40e568b,0:0,2016-12-13 11:07:24-356,17984
Success : LS : test2\a94a8fe5ccb19ba6\2a5bd02710e975a7\,0:-1,2016-12-13 11:07:24-502,2016-12-13 11:07:24-577
Success : LS : test1\f71b43c3136efa4f\52481749c0cdecd6\,0:-1,2016-12-13 11:07:24-674,2016-12-13 11:07:24-738
Success : LS : test2\a94a8fe5ccb19ba6\,0:-1,2016-12-13 11:07:24-855,2016-12-13 11:07:24-958
Success : CREATE_FILE : test2\a94a8fe5ccb19ba6\2a5bd02710e975a7\78B4719E67963636,0:3912035,2016-12-13 11:07:25-086,2016-12-13 11:07:29-374
Success : LS : test2\a94a8fe5ccb19ba6\2a5bd02710e975a7\,0:-1,2016-12-13 11:07:29-489,2016-12-13 11:07:29-579
Success : CREATE_FILE : test2\a94a8fe5ccb19ba6\0F74C55120BE5025,0:1925854,2016-12-13 11:07:29-666,2016-12-13 11:07:31-502
Success : LS : test2\a94a8fe5ccb19ba6\,0:-1,2016-12-13 11:07:31-620,2016-12-13 11:07:31-755
Success : CREATE_FILE : test2\a94a8fe5ccb19ba6\2a5bd02710e975a7\5073FEB92075B932,0:780172,2016-12-13 11:07:31-874,2016-12-13 11:07:32-762
Success : LS : test2\a94a8fe5ccb19ba6\2a5bd02710e975a7\,0:-1,2016-12-13 11:07:32-885,2016-12-13 11:07:33-000
Success : CREATE_FILE : test2\a94a8fe5ccb19ba6\5A74ADF712F6586B,0:225295,2016-12-13 11:07:33-119,2016-12-13 11:07:33-832
Success : SEQ_READ : test2\a94a8fe5ccb19ba6\2a5bd02710e975a7\3eef580036f1724a,0:257,2016-12-13 11:07:33-961,257
Success : LS : test1\f71b43c3136efa4f\52481749c0cdecd6\,0:-1,2016-12-13 11:07:34-155,2016-12-13 11:07:34-222
Success : LS : test2\a94a8fe5ccb19ba6\,0:-1,2016-12-13 11:07:34-318,2016-12-13 11:07:34-418
Success : CREATE_FILE : test2\a94a8fe5ccb19ba6\31C75DC31C617FA1,0:3624934,2016-12-13 11:07:34-535,2016-12-13 11:07:38-781
Success : LS : test2\a94a8fe5ccb19ba6\,0:-1,2016-12-13 11:07:38-908,2016-12-13 11:07:39-014
Success : CREATE_FILE : test2\a94a8fe5ccb19ba6\3F7E7E4F6B62561C,0:2828377,2016-12-13 11:07:39-111,2016-12-13 11:07:42-010
Success : LS : test2\a94a8fe5ccb19ba6\,0:-1,2016-12-13 11:07:42-131,2016-12-13 11:07:42-241
Success : CREATE_FILE : test2\a94a8fe5ccb19ba6\1888392874D96420,0:1926277,2016-12-13 11:07:42-327,2016-12-13 11:07:43-992
Success : LS : test2\a94a8fe5ccb19ba6\,0:-1,2016-12-13 11:07:44-116,2016-12-13 11:07:44-236
Success : CREATE_FILE : test2\a94a8fe5ccb19ba6\2a5bd02710e975a7\2FAC3C620467135B,0:3060665,2016-12-13 11:07:44-355,2016-12-13 11:07:47-489
Success : LS : test2\a94a8fe5ccb19ba6\2a5bd02710e975a7\,0:-1,2016-12-13 11:07:47-616,2016-12-13 11:07:47-736
Success : CREATE_FILE : test2\a94a8fe5ccb19ba6\2a5bd02710e975a7\0A322FDA7051FCFE,0:3158613,2016-12-13 11:07:47-837,2016-12-13 11:07:51-174
Success : SEQ_READ : test1\c5a5e5562b038073\738537f9a40e568b,0:0,2016-12-13 11:07:51-287,17984
Success : LS : test1\c5a5e5562b038073\a39ea9c72a98de10\,0:-1,2016-12-13 11:07:51-438,2016-12-13 11:07:51-504
Success : LS : test1\f71b43c3136efa4f\c7d9912886e5ccc7\,0:-1,2016-12-13 11:07:51-581,2016-12-13 11:07:51-643
Success : LS : test1\c5a5e5562b038073\0189424a5a60fed3\,0:-1,2016-12-13 11:07:51-720,2016-12-13 11:07:51-781
Success : LS : test2\a94a8fe5ccb19ba6\2a5bd02710e975a7\,0:-1,2016-12-13 11:07:51-904,2016-12-13 11:07:51-996
Success : CREATE_FILE : test2\a94a8fe5ccb19ba6\15D3462E1CDE8F73,0:2036846,2016-12-13 11:07:52-110,2016-12-13 11:07:53-963
Success : LS : test2\a94a8fe5ccb19ba6\,0:-1,2016-12-13 11:07:54-085,2016-12-13 11:07:54-190
Success : CREATE_FILE : test2\a94a8fe5ccb19ba6\3302E8C45467B0BC,0:3662950,2016-12-13 11:07:54-274,2016-12-13 11:07:57-762
Success : LS : test1\f71b43c3136efa4f\,0:-1,2016-12-13 11:07:57-885,2016-12-13 11:07:58-037
Success : LS : test1\f71b43c3136efa4f\,0:-1,2016-12-13 11:07:58-117,2016-12-13 11:07:58-192
Success : LS : test1\c5a5e5562b038073\0189424a5a60fed3\,0:-1,2016-12-13 11:07:58-269,2016-12-13 11:07:58-371
Success : LS : test2\a94a8fe5ccb19ba6\,0:-1,2016-12-13 11:07:58-477,2016-12-13 11:07:58-602
Success : LS : test2\a94a8fe5ccb19ba6\,0:-1,2016-12-13 11:07:58-699,2016-12-13 11:07:58-812
Success : CREATE_FILE : test2\a94a8fe5ccb19ba6\6F940F1E040672BD,0:776507,2016-12-13 11:07:58-918,2016-12-13 11:07:59-685
Success : LS : test2\a94a8fe5ccb19ba6\,0:-1,2016-12-13 11:07:59-808,2016-12-13 11:07:59-909
Success : CREATE_FILE : test2\a94a8fe5ccb19ba6\0893009C67A224C3,0:829521,2016-12-13 11:07:59-996,2016-12-13 11:08:00-768
Success : LS : test2\a94a8fe5ccb19ba6\,0:-1,2016-12-13 11:08:00-889,2016-12-13 11:08:01-023
Success : CREATE_FILE : test2\a94a8fe5ccb19ba6\69D1E7564E72EF04,0:60868,2016-12-13 11:08:01-140,2016-12-13 11:08:02-156
Success : LS : test2\a94a8fe5ccb19ba6\2a5bd02710e975a7\,0:-1,2016-12-13 11:08:02-276,2016-12-13 11:08:02-386
Success : LS : test1\f71b43c3136efa4f\,0:-1,2016-12-13 11:08:02-477,2016-12-13 11:08:02-542
Success : LS : test1\c5a5e5562b038073\a39ea9c72a98de10\,0:-1,2016-12-13 11:08:02-635,2016-12-13 11:08:02-740
Success : LS : test2\a94a8fe5ccb19ba6\,0:-1,2016-12-13 11:08:02-862,2016-12-13 11:08:02-964
Success : LS : test1\c5a5e5562b038073\0189424a5a60fed3\,0:-1,2016-12-13 11:08:03-059,2016-12-13 11:08:03-123
Success : LS : test2\a94a8fe5ccb19ba6\,0:-1,2016-12-13 11:08:03-235,2016-12-13 11:08:03-336
Success : CREATE_FILE : test2\a94a8fe5ccb19ba6\2a5bd02710e975a7\3930C31226ED5993,0:4037470,2016-12-13 11:08:03-419,2016-12-13 11:08:07-217
Success : LS : test2\a94a8fe5ccb19ba6\2a5bd02710e975a7\,0:-1,2016-12-13 11:08:07-340,2016-12-13 11:08:07-427
Success : CREATE_FILE : test2\a94a8fe5ccb19ba6\405373B105F0A575,0:1248843,2016-12-13 11:08:07-539,2016-12-13 11:08:08-424
Fail : LS : test1,0:-1,2016-12-13 11:08:08-536,2016-12-13 11:08:08-537
Reason : java.lang.StringIndexOutOfBoundsException: String index out of range: -2
Success : LS : test1\f71b43c3136efa4f\9f93e73d6896cb7b\,0:-1,2016-12-13 11:08:08-628,2016-12-13 11:08:08-705
Success : LS : test2\a94a8fe5ccb19ba6\,0:-1,2016-12-13 11:08:08-794,2016-12-13 11:08:08-929
Success : LS : test2\a94a8fe5ccb19ba6\,0:-1,2016-12-13 11:08:09-023,2016-12-13 11:08:09-131
Success : LS : test2\a94a8fe5ccb19ba6\,0:-1,2016-12-13 11:08:09-218,2016-12-13 11:08:09-316
Success : CREATE_FILE : test2\a94a8fe5ccb19ba6\2D50B7BE3AA1F664,0:3468274,2016-12-13 11:08:09-406,2016-12-13 11:08:12-671
Success : LS : test2\a94a8fe5ccb19ba6\,0:-1,2016-12-13 11:08:12-767,2016-12-13 11:08:12-862
Success : CREATE_FILE : test2\a94a8fe5ccb19ba6\7D22284D3F52A9C5,0:960295,2016-12-13 11:08:12-937,2016-12-13 11:08:13-653
Success : LS : test1\c5a5e5562b038073\0189424a5a60fed3\,0:-1,2016-12-13 11:08:13-778,2016-12-13 11:08:13-850
Success : LS : test2\a94a8fe5ccb19ba6\,0:-1,2016-12-13 11:08:13-926,2016-12-13 11:08:14-061
Success : CREATE_FILE : test2\a94a8fe5ccb19ba6\73D036C754647728,0:3738089,2016-12-13 11:08:14-175,2016-12-13 11:08:18-020
Success : LS : test2\a94a8fe5ccb19ba6\,0:-1,2016-12-13 11:08:18-142,2016-12-13 11:08:18-245
Success : CREATE_FILE : test2\a94a8fe5ccb19ba6\243291123F4753D1,0:2202391,2016-12-13 11:08:18-331,2016-12-13 11:08:20-459
Success : LS : test2\a94a8fe5ccb19ba6\,0:-1,2016-12-13 11:08:20-585,2016-12-13 11:08:20-705
Success : CREATE_FILE : test2\a94a8fe5ccb19ba6\28253A7762A194EA,0:3326766,2016-12-13 11:08:20-800,2016-12-13 11:08:23-941
Success : LS : test2\a94a8fe5ccb19ba6\,0:-1,2016-12-13 11:08:24-065,2016-12-13 11:08:24-202
Success : CREATE_FILE : test2\a94a8fe5ccb19ba6\4846ABBD1CA20E4C,0:902989,2016-12-13 11:08:24-286,2016-12-13 11:08:25-108
Success : LS : test2\a94a8fe5ccb19ba6\,0:-1,2016-12-13 11:08:25-228,2016-12-13 11:08:25-340
Success : CREATE_FILE : test2\a94a8fe5ccb19ba6\5765FCF96E3F79FC,0:3716512,2016-12-13 11:08:25-465,2016-12-13 11:08:29-548
Fail : LS : test1,0:-1,2016-12-13 11:08:29-671,2016-12-13 11:08:29-671
Reason : java.lang.StringIndexOutOfBoundsException: String index out of range: -2
Success : LS : test1\f71b43c3136efa4f\52481749c0cdecd6\,0:-1,2016-12-13 11:08:29-779,2016-12-13 11:08:29-882
Success : LS : test2\a94a8fe5ccb19ba6\,0:-1,2016-12-13 11:08:29-977,2016-12-13 11:08:30-108
Success : CREATE_FILE : test2\a94a8fe5ccb19ba6\7131E5734B398443,0:2427014,2016-12-13 11:08:30-239,2016-12-13 11:08:32-619
Success : LS : test2\a94a8fe5ccb19ba6\,0:-1,2016-12-13 11:08:32-738,2016-12-13 11:08:32-844
