Success : RANDOM_READ : test2\49f03965cf98b1f5,749:749,2016-12-12 11:43:41-368,2016-12-12 11:43:41-541
Success : RANDOM_READ : test2\bc9c8ba7ff351f3e,92619:102859,2016-12-12 11:43:41-658,2016-12-12 11:43:41-733
Success : SEQ_READ : test2\1a7683b6645f9b6a,2077:12317,2016-12-12 11:43:41-814,2016-12-12 11:43:41-890
Success : LS : test1\c5a5e5562b038073\,0:-1,2016-12-12 11:43:42-007,2016-12-12 11:43:42-096
Success : LS : test1\c5a5e5562b038073\,0:-1,2016-12-12 11:43:42-175,2016-12-12 11:43:42-240
Success : CREATE_FILE : test2\a94a8fe5ccb19ba6\2a5bd02710e975a7\09711C1C367787B0,0:591113,2016-12-12 11:43:42-342,2016-12-12 11:43:43-121
Success : LS : test2\a94a8fe5ccb19ba6\,0:-1,2016-12-12 11:43:43-208,2016-12-12 11:43:43-305
Success : RANDOM_READ : test2\1a7683b6645f9b6a,947:12211,2016-12-12 11:43:43-385,2016-12-12 11:43:43-445
Success : LS : test1\c5a5e5562b038073\a39ea9c72a98de10\,0:-1,2016-12-12 11:43:43-543,2016-12-12 11:43:43-611
Success : RANDOM_READ : test1\c5a5e5562b038073\a39ea9c72a98de10\41288c58009f7f6a,0:477,2016-12-12 11:43:43-720,2016-12-12 11:43:43-788
Success : LS : test1\c5a5e5562b038073\a39ea9c72a98de10\,0:-1,2016-12-12 11:43:43-908,2016-12-12 11:43:43-980
Success : SEQ_READ : test1\c5a5e5562b038073\0189424a5a60fed3\46a8219c2ae6c782,453575:1345479,2016-12-12 11:43:44-056,2016-12-12 11:43:44-168
Success : SEQ_READ : test1\c5a5e5562b038073\fbe0d7653f0909cb,674:674,2016-12-12 11:43:44-292,2016-12-12 11:43:44-361
Success : SEQ_READ : test1\c5a5e5562b038073\3c16ab634e85296e,6226:29778,2016-12-12 11:43:44-463,2016-12-12 11:43:44-526
Success : RANDOM_READ : test1\f71b43c3136efa4f\83404ffd78f534ff\6670af231c096f09,0:129,2016-12-12 11:43:44-603,2016-12-12 11:43:44-698
Success : LS : test1\c5a5e5562b038073\,0:-1,2016-12-12 11:43:44-796,2016-12-12 11:43:44-867
Success : SEQ_READ : test2\6c33a983eec1b409,707:707,2016-12-12 11:43:44-942,2016-12-12 11:43:45-045
Success : RANDOM_READ : test1\c5a5e5562b038073\05d1f0ed74e78555,7089:41905,2016-12-12 11:43:45-139,2016-12-12 11:43:45-401
Success : LS : test1\c5a5e5562b038073\a39ea9c72a98de10\,0:-1,2016-12-12 11:43:45-500,2016-12-12 11:43:45-598
Success : LS : test2\a94a8fe5ccb19ba6\2a5bd02710e975a7\,0:-1,2016-12-12 11:43:45-725,2016-12-12 11:43:45-807
Success : SEQ_READ : test2\acde102dac5bbe15,1390:2414,2016-12-12 11:43:45-913,2016-12-12 11:43:45-989
Fail : LS : test1,0:-1,2016-12-12 11:43:46-072,2016-12-12 11:43:46-072
Reason : java.lang.StringIndexOutOfBoundsException: String index out of range: -2
Success : LS : test2\a94a8fe5ccb19ba6\,0:-1,2016-12-12 11:43:46-154,2016-12-12 11:43:46-239
Success : RANDOM_READ : test1\c5a5e5562b038073\a39ea9c72a98de10\f398de59988a85e5,1152:4224,2016-12-12 11:43:46-315,2016-12-12 11:43:46-376
Success : CREATE_FILE : test2\a94a8fe5ccb19ba6\2a5bd02710e975a7\13958A1D265B1258,0:3752200,2016-12-12 11:43:46-452,2016-12-12 11:43:50-488
Success : RANDOM_READ : test2\8da7cc13802eefe0,155900:203004,2016-12-12 11:43:50-615,2016-12-12 11:43:50-726
Success : LS : test2\a94a8fe5ccb19ba6\2a5bd02710e975a7\,0:-1,2016-12-12 11:43:50-849,2016-12-12 11:43:50-946
Success : SEQ_READ : test1\9832710c94f11d2b,25059394:30796866,2016-12-12 11:43:51-033,2016-12-12 11:43:51-107
Success : SEQ_READ : test2\8da7cc13802eefe0,12084538:20397370,2016-12-12 11:43:51-189,2016-12-12 11:43:51-262
Success : LS : test1\f71b43c3136efa4f\9f93e73d6896cb7b\,0:-1,2016-12-12 11:43:51-343,2016-12-12 11:43:51-462
Success : LS : test2\a94a8fe5ccb19ba6\2a5bd02710e975a7\,0:-1,2016-12-12 11:43:51-546,2016-12-12 11:43:51-648
Success : CREATE_FILE : test2\a94a8fe5ccb19ba6\44389C043FA688AA,0:3816255,2016-12-12 11:43:51-733,2016-12-12 11:43:57-323
Success : LS : test2\a94a8fe5ccb19ba6\,0:-1,2016-12-12 11:43:57-411,2016-12-12 11:43:57-496
Success : CREATE_FILE : test2\a94a8fe5ccb19ba6\2a5bd02710e975a7\71EC16154C6BFB60,0:2437224,2016-12-12 11:43:57-578,2016-12-12 11:43:59-997
Success : LS : test1\f71b43c3136efa4f\83404ffd78f534ff\,0:-1,2016-12-12 11:44:00-110,2016-12-12 11:44:00-173
Fail : LS : test1,0:-1,2016-12-12 11:44:00-288,2016-12-12 11:44:00-288
Reason : java.lang.StringIndexOutOfBoundsException: String index out of range: -2
Success : RANDOM_READ : test2\a94a8fe5ccb19ba6\2a5bd02710e975a7\3eef580036f1724a,0:257,2016-12-12 11:44:00-452,2016-12-12 11:44:00-552
Success : SEQ_READ : test2\bc9c8ba7ff351f3e,21496:198648,2016-12-12 11:44:00-667,2016-12-12 11:44:00-773
Success : LS : test2\a94a8fe5ccb19ba6\2a5bd02710e975a7\,0:-1,2016-12-12 11:44:00-889,2016-12-12 11:44:00-976
Success : CREATE_FILE : test2\a94a8fe5ccb19ba6\5676C4CF5048DE85,0:1598236,2016-12-12 11:44:01-061,2016-12-12 11:44:02-718
Success : LS : test2\a94a8fe5ccb19ba6\,0:-1,2016-12-12 11:44:02-844,2016-12-12 11:44:02-936
Success : CREATE_FILE : test2\a94a8fe5ccb19ba6\2a5bd02710e975a7\19ED7230216D0390,0:832592,2016-12-12 11:44:03-047,2016-12-12 11:44:03-947
Success : LS : test2\a94a8fe5ccb19ba6\2a5bd02710e975a7\,0:-1,2016-12-12 11:44:04-069,2016-12-12 11:44:04-149
Success : CREATE_FILE : test2\a94a8fe5ccb19ba6\53208DBC01115A7D,0:473568,2016-12-12 11:44:04-227,2016-12-12 11:44:05-071
Success : LS : test1\f71b43c3136efa4f\9f93e73d6896cb7b\,0:-1,2016-12-12 11:44:05-197,2016-12-12 11:44:05-289
Success : SEQ_READ : test1\c5a5e5562b038073\a39ea9c72a98de10\11562aa867a5f398,428:2476,2016-12-12 11:44:05-382,2016-12-12 11:44:05-446
Success : RANDOM_READ : test1\c5a5e5562b038073\a39ea9c72a98de10\f398de59988a85e5,27:6171,2016-12-12 11:44:05-601,2016-12-12 11:44:05-681
Success : LS : test2\a94a8fe5ccb19ba6\,0:-1,2016-12-12 11:44:05-765,2016-12-12 11:44:05-884
Success : LS : test2\a94a8fe5ccb19ba6\,0:-1,2016-12-12 11:44:05-999,2016-12-12 11:44:06-095
Success : CREATE_FILE : test2\a94a8fe5ccb19ba6\2a5bd02710e975a7\0C85CD8C3DD57FC0,0:3496044,2016-12-12 11:44:06-217,2016-12-12 11:44:09-806
Success : LS : test2\a94a8fe5ccb19ba6\2a5bd02710e975a7\,0:-1,2016-12-12 11:44:09-931,2016-12-12 11:44:10-012
Success : CREATE_FILE : test2\a94a8fe5ccb19ba6\1035E2473B89AC9B,0:103786,2016-12-12 11:44:10-093,2016-12-12 11:44:10-654
Success : SEQ_READ : test1\c5a5e5562b038073\a39ea9c72a98de10\f398de59988a85e5,203:3275,2016-12-12 11:44:10-769,2016-12-12 11:44:10-837
Success : RANDOM_READ : test1\c5a5e5562b038073\738537f9a40e568b,730:7898,2016-12-12 11:44:10-946,2016-12-12 11:44:11-013
Success : SEQ_READ : test2\a94a8fe5ccb19ba6\2a5bd02710e975a7\3eef580036f1724a,0:257,2016-12-12 11:44:11-122,2016-12-12 11:44:11-190
Success : RANDOM_READ : test2\a94a8fe5ccb19ba6\2a5bd02710e975a7\254d76d2609fec03,876:1900,2016-12-12 11:44:11-311,2016-12-12 11:44:11-415
Success : LS : test2\a94a8fe5ccb19ba6\,0:-1,2016-12-12 11:44:11-540,2016-12-12 11:44:11-631
Success : CREATE_FILE : test2\a94a8fe5ccb19ba6\325B2E6D241AE4F8,0:2335345,2016-12-12 11:44:11-712,2016-12-12 11:44:13-904
Success : LS : test2\a94a8fe5ccb19ba6\,0:-1,2016-12-12 11:44:14-030,2016-12-12 11:44:14-142
Success : CREATE_FILE : test2\a94a8fe5ccb19ba6\2a5bd02710e975a7\46B0992F7DA1A514,0:2782072,2016-12-12 11:44:14-264,2016-12-12 11:44:17-129
Success : LS : test2\a94a8fe5ccb19ba6\2a5bd02710e975a7\,0:-1,2016-12-12 11:44:17-251,2016-12-12 11:44:17-372
Success : CREATE_FILE : test2\a94a8fe5ccb19ba6\2a5bd02710e975a7\0C4210E36D34A51E,0:1790557,2016-12-12 11:44:17-477,2016-12-12 11:44:19-049
Success : SEQ_READ : test2\acde102dac5bbe15,1381:3429,2016-12-12 11:44:19-151,2016-12-12 11:44:19-214
Success : LS : test1\c5a5e5562b038073\0189424a5a60fed3\,0:-1,2016-12-12 11:44:19-293,2016-12-12 11:44:19-357
Success : RANDOM_READ : test1\f71b43c3136efa4f\83404ffd78f534ff\6670af231c096f09,0:129,2016-12-12 11:44:19-431,2016-12-12 11:44:19-523
Success : SEQ_READ : test2\acde102dac5bbe15,812:5932,2016-12-12 11:44:19-645,2016-12-12 11:44:19-715
Success : RANDOM_READ : test1\c5a5e5562b038073\a39ea9c72a98de10\11562aa867a5f398,647:1671,2016-12-12 11:44:19-791,2016-12-12 11:44:19-852
Success : LS : test2\a94a8fe5ccb19ba6\2a5bd02710e975a7\,0:-1,2016-12-12 11:44:19-926,2016-12-12 11:44:20-000
Success : CREATE_FILE : test2\a94a8fe5ccb19ba6\2a5bd02710e975a7\5BE00BE25DF20BE7,0:1474246,2016-12-12 11:44:20-075,2016-12-12 11:44:22-068
Success : LS : test2\a94a8fe5ccb19ba6\2a5bd02710e975a7\,0:-1,2016-12-12 11:44:22-164,2016-12-12 11:44:22-236
Success : CREATE_FILE : test2\a94a8fe5ccb19ba6\1B0432124954E5D2,0:175701,2016-12-12 11:44:22-334,2016-12-12 11:44:22-908
Success : LS : test1\c5a5e5562b038073\a39ea9c72a98de10\,0:-1,2016-12-12 11:44:23-035,2016-12-12 11:44:23-107
Success : RANDOM_READ : test2\bc9c8ba7ff351f3e,23785:73961,2016-12-12 11:44:23-183,2016-12-12 11:44:23-248
Success : SEQ_READ : test1\f71b43c3136efa4f\9f93e73d6896cb7b\6670af231c096f09,0:129,2016-12-12 11:44:23-325,2016-12-12 11:44:23-390
Success : LS : test2\a94a8fe5ccb19ba6\,0:-1,2016-12-12 11:44:23-500,2016-12-12 11:44:23-608
Success : CREATE_FILE : test2\a94a8fe5ccb19ba6\2a5bd02710e975a7\31C1454F7242616A,0:3587450,2016-12-12 11:44:23-696,2016-12-12 11:44:28-073
Success : LS : test2\a94a8fe5ccb19ba6\2a5bd02710e975a7\,0:-1,2016-12-12 11:44:28-177,2016-12-12 11:44:28-251
Success : CREATE_FILE : test2\a94a8fe5ccb19ba6\7DBEF38A2D730C94,0:928239,2016-12-12 11:44:28-329,2016-12-12 11:44:29-109
Success : LS : test2\a94a8fe5ccb19ba6\,0:-1,2016-12-12 11:44:29-234,2016-12-12 11:44:29-351
Success : CREATE_FILE : test2\a94a8fe5ccb19ba6\7865A9421BE0E4F3,0:277151,2016-12-12 11:44:29-456,2016-12-12 11:44:30-009
Fail : LS : test1,0:-1,2016-12-12 11:44:30-128,2016-12-12 11:44:30-128
Reason : java.lang.StringIndexOutOfBoundsException: String index out of range: -2
Success : RANDOM_READ : test1\c5a5e5562b038073\0189424a5a60fed3\46a8219c2ae6c782,108595:129075,2016-12-12 11:44:30-216,2016-12-12 11:44:30-312
Success : LS : test2\a94a8fe5ccb19ba6\,0:-1,2016-12-12 11:44:30-398,2016-12-12 11:44:30-521
Success : CREATE_FILE : test2\a94a8fe5ccb19ba6\2a5bd02710e975a7\1A7B93D735DC89DC,0:2531079,2016-12-12 11:44:30-643,2016-12-12 11:44:32-920
Success : LS : test2\a94a8fe5ccb19ba6\2a5bd02710e975a7\,0:-1,2016-12-12 11:44:33-044,2016-12-12 11:44:33-127
Success : CREATE_FILE : test2\a94a8fe5ccb19ba6\61C5565301900617,0:1591160,2016-12-12 11:44:33-235,2016-12-12 11:44:34-539
Success : LS : test2\a94a8fe5ccb19ba6\,0:-1,2016-12-12 11:44:34-615,2016-12-12 11:44:34-710
Success : CREATE_FILE : test2\a94a8fe5ccb19ba6\2813F9284848260A,0:456256,2016-12-12 11:44:34-829,2016-12-12 11:44:35-404
Success : LS : test2\a94a8fe5ccb19ba6\2a5bd02710e975a7\,0:-1,2016-12-12 11:44:35-504,2016-12-12 11:44:35-579
Success : SEQ_READ : test1\c5a5e5562b038073\a39ea9c72a98de10\41288c58009f7f6a,0:477,2016-12-12 11:44:35-684,2016-12-12 11:44:35-749
Success : LS : test2\a94a8fe5ccb19ba6\,0:-1,2016-12-12 11:44:35-823,2016-12-12 11:44:35-910
Success : LS : test1\f71b43c3136efa4f\52481749c0cdecd6\,0:-1,2016-12-12 11:44:35-986,2016-12-12 11:44:36-049
Success : LS : test2\a94a8fe5ccb19ba6\,0:-1,2016-12-12 11:44:36-155,2016-12-12 11:44:36-242
Success : LS : test2\a94a8fe5ccb19ba6\,0:-1,2016-12-12 11:44:36-341,2016-12-12 11:44:36-454
Success : CREATE_FILE : test2\a94a8fe5ccb19ba6\2A067EF52E25048C,0:1457861,2016-12-12 11:44:36-572,2016-12-12 11:44:39-069
Success : SEQ_READ : test2\bc9c8ba7ff351f3e,1372:216412,2016-12-12 11:44:39-193,2016-12-12 11:44:39-269
Success : LS : test2\a94a8fe5ccb19ba6\2a5bd02710e975a7\,0:-1,2016-12-12 11:44:39-350,2016-12-12 11:44:39-451
Success : SEQ_READ : test1\c5a5e5562b038073\738537f9a40e568b,145:10385,2016-12-12 11:44:39-541,2016-12-12 11:44:39-601
Success : LS : test2\a94a8fe5ccb19ba6\,0:-1,2016-12-12 11:44:39-721,2016-12-12 11:44:39-835
Success : LS : test2\a94a8fe5ccb19ba6\,0:-1,2016-12-12 11:44:39-959,2016-12-12 11:44:40-053
Success : CREATE_FILE : test2\a94a8fe5ccb19ba6\2a5bd02710e975a7\535338564990483D,0:709156,2016-12-12 11:44:40-134,2016-12-12 11:44:41-008
Success : LS : test2\a94a8fe5ccb19ba6\2a5bd02710e975a7\,0:-1,2016-12-12 11:44:41-129,2016-12-12 11:44:41-209
Success : CREATE_FILE : test2\a94a8fe5ccb19ba6\65244CD316CAC624,0:1945369,2016-12-12 11:44:41-328,2016-12-12 11:44:43-275
Success : LS : test2\a94a8fe5ccb19ba6\,0:-1,2016-12-12 11:44:43-386,2016-12-12 11:44:43-476
Success : CREATE_FILE : test2\a94a8fe5ccb19ba6\7BDC5AC010AB249C,0:937557,2016-12-12 11:44:43-566,2016-12-12 11:44:44-200
Success : LS : test2\a94a8fe5ccb19ba6\,0:-1,2016-12-12 11:44:44-324,2016-12-12 11:44:44-419
Success : LS : test2\a94a8fe5ccb19ba6\,0:-1,2016-12-12 11:44:44-505,2016-12-12 11:44:44-594
Success : CREATE_FILE : test2\a94a8fe5ccb19ba6\2a5bd02710e975a7\0D598DCE1F90FACC,0:1436007,2016-12-12 11:44:44-723,2016-12-12 11:44:46-329
Success : LS : test2\a94a8fe5ccb19ba6\2a5bd02710e975a7\,0:-1,2016-12-12 11:44:46-418,2016-12-12 11:44:46-490
Success : CREATE_FILE : test2\a94a8fe5ccb19ba6\03B84C6D58FEC041,0:2052476,2016-12-12 11:44:46-614,2016-12-12 11:44:48-597
Success : LS : test2\a94a8fe5ccb19ba6\,0:-1,2016-12-12 11:44:48-722,2016-12-12 11:44:48-816
Success : CREATE_FILE : test2\a94a8fe5ccb19ba6\2a5bd02710e975a7\029B6E0601803E8C,0:1173601,2016-12-12 11:44:48-921,2016-12-12 11:44:49-790
Success : LS : test2\a94a8fe5ccb19ba6\2a5bd02710e975a7\,0:-1,2016-12-12 11:44:49-914,2016-12-12 11:44:50-011
Success : CREATE_FILE : test2\a94a8fe5ccb19ba6\2a5bd02710e975a7\67C8B47E6A4BFBF2,0:2574712,2016-12-12 11:44:50-135,2016-12-12 11:44:52-702
Success : LS : test2\a94a8fe5ccb19ba6\2a5bd02710e975a7\,0:-1,2016-12-12 11:44:52-824,2016-12-12 11:44:52-907
Success : CREATE_FILE : test2\a94a8fe5ccb19ba6\7303E70F0B65CFD6,0:909014,2016-12-12 11:44:53-017,2016-12-12 11:44:54-030
Success : LS : test1\f71b43c3136efa4f\52481749c0cdecd6\,0:-1,2016-12-12 11:44:54-203,2016-12-12 11:44:54-315
Success : RANDOM_READ : test1\c5a5e5562b038073\a39ea9c72a98de10\f398de59988a85e5,460:5580,2016-12-12 11:44:54-411,2016-12-12 11:44:54-476
Success : SEQ_READ : test1\c5a5e5562b038073\05d1f0ed74e78555,31410:46770,2016-12-12 11:44:54-552,2016-12-12 11:44:54-639
Success : LS : test2\a94a8fe5ccb19ba6\,0:-1,2016-12-12 11:44:54-729,2016-12-12 11:44:54-812
Success : CREATE_FILE : test2\a94a8fe5ccb19ba6\16F1419069575895,0:4074630,2016-12-12 11:44:54-901,2016-12-12 11:44:59-057
Success : LS : test2\a94a8fe5ccb19ba6\,0:-1,2016-12-12 11:44:59-186,2016-12-12 11:44:59-306
Success : CREATE_FILE : test2\a94a8fe5ccb19ba6\2a5bd02710e975a7\2E6D36B546EC583A,0:2636442,2016-12-12 11:44:59-431,2016-12-12 11:45:01-834
Success : LS : test2\a94a8fe5ccb19ba6\2a5bd02710e975a7\,0:-1,2016-12-12 11:45:01-942,2016-12-12 11:45:02-021
Success : CREATE_FILE : test2\a94a8fe5ccb19ba6\2a5bd02710e975a7\6CC510A92CC33538,0:247449,2016-12-12 11:45:02-142,2016-12-12 11:45:02-591
Success : LS : test2\a94a8fe5ccb19ba6\2a5bd02710e975a7\,0:-1,2016-12-12 11:45:02-715,2016-12-12 11:45:02-828
Success : CREATE_FILE : test2\a94a8fe5ccb19ba6\6FF02D10233D5A75,0:3989406,2016-12-12 11:45:02-943,2016-12-12 11:45:07-080
Success : LS : test1\f71b43c3136efa4f\9f93e73d6896cb7b\,0:-1,2016-12-12 11:45:07-181,2016-12-12 11:45:07-243
Success : LS : test1\c5a5e5562b038073\a39ea9c72a98de10\,0:-1,2016-12-12 11:45:07-318,2016-12-12 11:45:07-383
Success : LS : test1\f71b43c3136efa4f\,0:-1,2016-12-12 11:45:07-457,2016-12-12 11:45:07-551
Success : LS : test2\a94a8fe5ccb19ba6\,0:-1,2016-12-12 11:45:07-653,2016-12-12 11:45:07-776
Success : LS : test2\a94a8fe5ccb19ba6\,0:-1,2016-12-12 11:45:07-918,2016-12-12 11:45:08-040
Success : CREATE_FILE : test2\a94a8fe5ccb19ba6\2a5bd02710e975a7\5F22B8124AC6204B,0:3484727,2016-12-12 11:45:08-139,2016-12-12 11:45:13-414
Success : LS : test2\a94a8fe5ccb19ba6\2a5bd02710e975a7\,0:-1,2016-12-12 11:45:13-525,2016-12-12 11:45:13-601
Success : CREATE_FILE : test2\a94a8fe5ccb19ba6\2a5bd02710e975a7\003AF3281D43BBF3,0:3693469,2016-12-12 11:45:13-694,2016-12-12 11:45:17-465
Success : RANDOM_READ : test1\c5a5e5562b038073\738537f9a40e568b,11765:12789,2016-12-12 11:45:17-586,2016-12-12 11:45:17-689
Success : RANDOM_READ : test1\f71b43c3136efa4f\c7d9912886e5ccc7\6670af231c096f09,0:129,2016-12-12 11:45:17-782,2016-12-12 11:45:17-870
Success : LS : test2\a94a8fe5ccb19ba6\2a5bd02710e975a7\,0:-1,2016-12-12 11:45:17-956,2016-12-12 11:45:18-030
Success : CREATE_FILE : test2\a94a8fe5ccb19ba6\15E0F6996004E028,0:3404230,2016-12-12 11:45:18-131,2016-12-12 11:45:21-706
Success : LS : test2\a94a8fe5ccb19ba6\,0:-1,2016-12-12 11:45:21-833,2016-12-12 11:45:21-952
Success : CREATE_FILE : test2\a94a8fe5ccb19ba6\13F71DF9504827AA,0:719697,2016-12-12 11:45:22-051,2016-12-12 11:45:22-619
Success : LS : test2\a94a8fe5ccb19ba6\,0:-1,2016-12-12 11:45:22-734,2016-12-12 11:45:22-860
Success : CREATE_FILE : test2\a94a8fe5ccb19ba6\2a5bd02710e975a7\27C33BC66CADBEB2,0:2476528,2016-12-12 11:45:22-961,2016-12-12 11:45:25-229
Success : LS : test2\a94a8fe5ccb19ba6\2a5bd02710e975a7\,0:-1,2016-12-12 11:45:25-341,2016-12-12 11:45:25-446
Success : CREATE_FILE : test2\a94a8fe5ccb19ba6\2a5bd02710e975a7\78F6E4252530BE6B,0:1774447,2016-12-12 11:45:25-568,2016-12-12 11:45:27-503
Success : LS : test1\c5a5e5562b038073\a39ea9c72a98de10\,0:-1,2016-12-12 11:45:27-628,2016-12-12 11:45:27-700
Success : RANDOM_READ : test1\c5a5e5562b038073\a39ea9c72a98de10\41288c58009f7f6a,0:477,2016-12-12 11:45:27-776,2016-12-12 11:45:27-879
Success : LS : test1\c5a5e5562b038073\,0:-1,2016-12-12 11:45:27-969,2016-12-12 11:45:28-071
Success : LS : test2\a94a8fe5ccb19ba6\2a5bd02710e975a7\,0:-1,2016-12-12 11:45:28-164,2016-12-12 11:45:28-238
Success : LS : test2\a94a8fe5ccb19ba6\2a5bd02710e975a7\,0:-1,2016-12-12 11:45:28-313,2016-12-12 11:45:28-430
Success : CREATE_FILE : test2\a94a8fe5ccb19ba6\795E47CA76B8BB4C,0:263630,2016-12-12 11:45:28-505,2016-12-12 11:45:29-216
Success : LS : test2\a94a8fe5ccb19ba6\,0:-1,2016-12-12 11:45:29-337,2016-12-12 11:45:29-452
Success : CREATE_FILE : test2\a94a8fe5ccb19ba6\45709DA90F21B53F,0:3438655,2016-12-12 11:45:29-575,2016-12-12 11:45:32-914
Success : LS : test2\a94a8fe5ccb19ba6\,0:-1,2016-12-12 11:45:33-033,2016-12-12 11:45:33-126
Success : CREATE_FILE : test2\a94a8fe5ccb19ba6\2a5bd02710e975a7\327DBA4B652F477B,0:3649593,2016-12-12 11:45:33-243,2016-12-12 11:45:36-823
Success : RANDOM_READ : test1\f71b43c3136efa4f\83404ffd78f534ff\6670af231c096f09,0:129,2016-12-12 11:45:36-948,2016-12-12 11:45:37-018
Success : SEQ_READ : test1\c5a5e5562b038073\0caa882bd1034750,22778:293114,2016-12-12 11:45:37-097,2016-12-12 11:45:37-167
Success : LS : test1\c5a5e5562b038073\,0:-1,2016-12-12 11:45:37-247,2016-12-12 11:45:37-309
Fail : LS : test1,0:-1,2016-12-12 11:45:37-386,2016-12-12 11:45:37-386
Reason : java.lang.StringIndexOutOfBoundsException: String index out of range: -2
Success : LS : test2\a94a8fe5ccb19ba6\,0:-1,2016-12-12 11:45:37-460,2016-12-12 11:45:37-581
Success : LS : test2\a94a8fe5ccb19ba6\2a5bd02710e975a7\,0:-1,2016-12-12 11:45:37-704,2016-12-12 11:45:37-790
Success : CREATE_FILE : test2\a94a8fe5ccb19ba6\40BDB6A3217AAA8C,0:3713994,2016-12-12 11:45:37-867,2016-12-12 11:45:41-478
Success : SEQ_READ : test2\a94a8fe5ccb19ba6\2a5bd02710e975a7\178db47a574c645f,0:257,2016-12-12 11:45:41-601,2016-12-12 11:45:41-704
Success : LS : test2\a94a8fe5ccb19ba6\,0:-1,2016-12-12 11:45:41-816,2016-12-12 11:45:41-903
Success : CREATE_FILE : test2\a94a8fe5ccb19ba6\4615B7814B201623,0:3471888,2016-12-12 11:45:41-994,2016-12-12 11:45:45-535
Success : LS : test2\a94a8fe5ccb19ba6\,0:-1,2016-12-12 11:45:45-664,2016-12-12 11:45:45-790
Success : CREATE_FILE : test2\a94a8fe5ccb19ba6\2a5bd02710e975a7\3D157B325F69114E,0:894526,2016-12-12 11:45:45-915,2016-12-12 11:45:46-614
Success : LS : test2\a94a8fe5ccb19ba6\2a5bd02710e975a7\,0:-1,2016-12-12 11:45:46-739,2016-12-12 11:45:46-823
Success : CREATE_FILE : test2\a94a8fe5ccb19ba6\6A2BFD13668CEEAB,0:1526793,2016-12-12 11:45:46-929,2016-12-12 11:45:48-244
Success : LS : test2\a94a8fe5ccb19ba6\,0:-1,2016-12-12 11:45:48-367,2016-12-12 11:45:48-487
Success : CREATE_FILE : test2\a94a8fe5ccb19ba6\10461DE86B1BEEE5,0:4003172,2016-12-12 11:45:48-663,2016-12-12 11:45:52-732
Success : LS : test1\c5a5e5562b038073\a39ea9c72a98de10\,0:-1,2016-12-12 11:45:52-856,2016-12-12 11:45:52-930
Success : LS : test1\f71b43c3136efa4f\9f93e73d6896cb7b\,0:-1,2016-12-12 11:45:53-005,2016-12-12 11:45:53-105
Success : LS : test1\c5a5e5562b038073\0189424a5a60fed3\,0:-1,2016-12-12 11:45:53-194,2016-12-12 11:45:53-258
Success : LS : test2\a94a8fe5ccb19ba6\,0:-1,2016-12-12 11:45:53-334,2016-12-12 11:45:53-458
Success : CREATE_FILE : test2\a94a8fe5ccb19ba6\2a5bd02710e975a7\58914F2A6381A90B,0:3673061,2016-12-12 11:45:53-581,2016-12-12 11:45:57-387
Success : LS : test2\a94a8fe5ccb19ba6\2a5bd02710e975a7\,0:-1,2016-12-12 11:45:57-510,2016-12-12 11:45:57-590
Success : CREATE_FILE : test2\a94a8fe5ccb19ba6\2a5bd02710e975a7\3E4D78AE69E9F931,0:3154320,2016-12-12 11:45:57-666,2016-12-12 11:46:00-801
Success : LS : test2\a94a8fe5ccb19ba6\2a5bd02710e975a7\,0:-1,2016-12-12 11:46:00-951,2016-12-12 11:46:01-064
Success : CREATE_FILE : test2\a94a8fe5ccb19ba6\769034F228DC852D,0:1785774,2016-12-12 11:46:01-152,2016-12-12 11:46:02-619
Success : LS : test2\a94a8fe5ccb19ba6\,0:-1,2016-12-12 11:46:02-742,2016-12-12 11:46:02-852
Success : CREATE_FILE : test2\a94a8fe5ccb19ba6\2a5bd02710e975a7\3B5FFFBF0CDB9475,0:3938743,2016-12-12 11:46:02-946,2016-12-12 11:46:06-759
Success : LS : test2\a94a8fe5ccb19ba6\2a5bd02710e975a7\,0:-1,2016-12-12 11:46:06-884,2016-12-12 11:46:06-999
Success : LS : test2\a94a8fe5ccb19ba6\,0:-1,2016-12-12 11:46:07-086,2016-12-12 11:46:07-188
Success : SEQ_READ : test1\c5a5e5562b038073\6670af231c096f09,0:46,2016-12-12 11:46:07-263,2016-12-12 11:46:07-330
Success : LS : test2\a94a8fe5ccb19ba6\2a5bd02710e975a7\,0:-1,2016-12-12 11:46:07-402,2016-12-12 11:46:07-516
Success : CREATE_FILE : test2\a94a8fe5ccb19ba6\2a5bd02710e975a7\3A8AB74072460D26,0:2909298,2016-12-12 11:46:07-636,2016-12-12 11:46:11-198
Success : LS : test2\a94a8fe5ccb19ba6\2a5bd02710e975a7\,0:-1,2016-12-12 11:46:11-297,2016-12-12 11:46:11-591
Success : CREATE_FILE : test2\a94a8fe5ccb19ba6\3156E40E191A53E5,0:3477262,2016-12-12 11:46:11-717,2016-12-12 11:46:15-539
Success : LS : test2\a94a8fe5ccb19ba6\,0:-1,2016-12-12 11:46:15-666,2016-12-12 11:46:15-805
Success : CREATE_FILE : test2\a94a8fe5ccb19ba6\2a5bd02710e975a7\37BA64C95B2352AC,0:2228595,2016-12-12 11:46:15-908,2016-12-12 11:46:18-082
Success : LS : test2\a94a8fe5ccb19ba6\,0:-1,2016-12-12 11:46:18-210,2016-12-12 11:46:18-312
Success : LS : test1\f71b43c3136efa4f\,0:-1,2016-12-12 11:46:18-404,2016-12-12 11:46:18-466
Success : RANDOM_READ : test1\c5a5e5562b038073\a39ea9c72a98de10\11562aa867a5f398,197:2245,2016-12-12 11:46:18-585,2016-12-12 11:46:18-663
Success : SEQ_READ : test2\a94a8fe5ccb19ba6\2a5bd02710e975a7\178db47a574c645f,0:257,2016-12-12 11:46:18-739,2016-12-12 11:46:18-813
Success : LS : test2\a94a8fe5ccb19ba6\2a5bd02710e975a7\,0:-1,2016-12-12 11:46:18-925,2016-12-12 11:46:19-013
Success : CREATE_FILE : test2\a94a8fe5ccb19ba6\2a5bd02710e975a7\0126C93E37A2F09F,0:360321,2016-12-12 11:46:19-128,2016-12-12 11:46:20-670
Success : LS : test2\a94a8fe5ccb19ba6\2a5bd02710e975a7\,0:-1,2016-12-12 11:46:20-797,2016-12-12 11:46:20-913
Success : CREATE_FILE : test2\a94a8fe5ccb19ba6\2a5bd02710e975a7\5829EB337DDA1EEC,0:166811,2016-12-12 11:46:21-036,2016-12-12 11:46:21-993
Success : RANDOM_READ : test1\c5a5e5562b038073\b0c5d70d7f040bfa,234:16618,2016-12-12 11:46:22-115,2016-12-12 11:46:22-193
Success : LS : test2\a94a8fe5ccb19ba6\2a5bd02710e975a7\,0:-1,2016-12-12 11:46:22-265,2016-12-12 11:46:22-393
Success : SEQ_READ : test2\a94a8fe5ccb19ba6\4b6fcb2d521ef0fd,129:1153,2016-12-12 11:46:22-522,2016-12-12 11:46:22-591
Success : LS : test1\f71b43c3136efa4f\c7d9912886e5ccc7\,0:-1,2016-12-12 11:46:22-691,2016-12-12 11:46:22-773
Success : LS : test2\a94a8fe5ccb19ba6\2a5bd02710e975a7\,0:-1,2016-12-12 11:46:22-850,2016-12-12 11:46:22-949
Success : CREATE_FILE : test2\a94a8fe5ccb19ba6\2a5bd02710e975a7\691F52F845741936,0:379946,2016-12-12 11:46:23-052,2016-12-12 11:46:23-917
Success : LS : test2\a94a8fe5ccb19ba6\2a5bd02710e975a7\,0:-1,2016-12-12 11:46:24-031,2016-12-12 11:46:24-110
Success : CREATE_FILE : test2\a94a8fe5ccb19ba6\4D4AB50925B9D513,0:2740515,2016-12-12 11:46:24-231,2016-12-12 11:46:28-066
Success : LS : test1\c5a5e5562b038073\a39ea9c72a98de10\,0:-1,2016-12-12 11:46:28-173,2016-12-12 11:46:28-249
Success : LS : test1\f71b43c3136efa4f\9f93e73d6896cb7b\,0:-1,2016-12-12 11:46:28-327,2016-12-12 11:46:28-389
Success : SEQ_READ : test1\c5a5e5562b038073\05d1f0ed74e78555,40180:49396,2016-12-12 11:46:28-463,2016-12-12 11:46:28-527
Success : LS : test2\a94a8fe5ccb19ba6\,0:-1,2016-12-12 11:46:28-602,2016-12-12 11:46:28-689
Success : CREATE_FILE : test2\a94a8fe5ccb19ba6\0CA5407C4DE3D84A,0:2222842,2016-12-12 11:46:28-777,2016-12-12 11:46:31-481
Success : LS : test2\a94a8fe5ccb19ba6\,0:-1,2016-12-12 11:46:31-564,2016-12-12 11:46:31-692
Success : CREATE_FILE : test2\a94a8fe5ccb19ba6\07BF63F1367ECB6C,0:1073120,2016-12-12 11:46:31-801,2016-12-12 11:46:32-989
Success : LS : test2\a94a8fe5ccb19ba6\,0:-1,2016-12-12 11:46:33-095,2016-12-12 11:46:33-226
Success : CREATE_FILE : test2\a94a8fe5ccb19ba6\093D142B19827137,0:3666371,2016-12-12 11:46:33-326,2016-12-12 11:46:38-780
Success : LS : test2\a94a8fe5ccb19ba6\,0:-1,2016-12-12 11:46:38-867,2016-12-12 11:46:38-956
Success : LS : test1\f71b43c3136efa4f\c7d9912886e5ccc7\,0:-1,2016-12-12 11:46:39-032,2016-12-12 11:46:39-103
Success : LS : test1\f71b43c3136efa4f\c7d9912886e5ccc7\,0:-1,2016-12-12 11:46:39-189,2016-12-12 11:46:39-259
Success : RANDOM_READ : test2\1a7683b6645f9b6a,2880:14144,2016-12-12 11:46:39-347,2016-12-12 11:46:39-416
Success : SEQ_READ : test2\acde102dac5bbe15,2620:5692,2016-12-12 11:46:39-495,2016-12-12 11:46:39-565
Success : LS : test2\a94a8fe5ccb19ba6\,0:-1,2016-12-12 11:46:39-638,2016-12-12 11:46:39-729
Success : CREATE_FILE : test2\a94a8fe5ccb19ba6\2A983F2F2D91323F,0:2976322,2016-12-12 11:46:39-828,2016-12-12 11:46:43-576
Success : LS : test2\a94a8fe5ccb19ba6\,0:-1,2016-12-12 11:46:43-653,2016-12-12 11:46:43-797
Success : CREATE_FILE : test2\a94a8fe5ccb19ba6\3ACBAD9012853427,0:2552556,2016-12-12 11:46:43-871,2016-12-12 11:46:47-002
Success : SEQ_READ : test1\c5a5e5562b038073\0189424a5a60fed3\feb6a1968982109d,7068216:17458744,2016-12-12 11:46:47-111,2016-12-12 11:46:47-246
Success : LS : test1\f71b43c3136efa4f\9f93e73d6896cb7b\,0:-1,2016-12-12 11:46:47-361,2016-12-12 11:46:47-444
Success : LS : test2\a94a8fe5ccb19ba6\2a5bd02710e975a7\,0:-1,2016-12-12 11:46:47-560,2016-12-12 11:46:47-637
Fail : LS : test1,0:-1,2016-12-12 11:46:47-725,2016-12-12 11:46:47-725
Reason : java.lang.StringIndexOutOfBoundsException: String index out of range: -2
Success : LS : test2\a94a8fe5ccb19ba6\,0:-1,2016-12-12 11:46:47-823,2016-12-12 11:46:47-908
Success : CREATE_FILE : test2\a94a8fe5ccb19ba6\2a5bd02710e975a7\0D2B84DE1DB81230,0:3644148,2016-12-12 11:46:48-006,2016-12-12 11:46:52-788
Success : LS : test2\a94a8fe5ccb19ba6\2a5bd02710e975a7\,0:-1,2016-12-12 11:46:53-057,2016-12-12 11:46:53-294
Success : CREATE_FILE : test2\a94a8fe5ccb19ba6\758E456E29AA5493,0:1687499,2016-12-12 11:46:53-415,2016-12-12 11:46:55-464
Success : LS : test2\a94a8fe5ccb19ba6\,0:-1,2016-12-12 11:46:55-591,2016-12-12 11:46:55-682
Success : CREATE_FILE : test2\a94a8fe5ccb19ba6\2a5bd02710e975a7\724C8BCF19B27E6A,0:986688,2016-12-12 11:46:55-782,2016-12-12 11:46:58-495
Success : LS : test1\f71b43c3136efa4f\52481749c0cdecd6\,0:-1,2016-12-12 11:46:58-569,2016-12-12 11:46:58-644
Success : LS : test1\c5a5e5562b038073\0189424a5a60fed3\,0:-1,2016-12-12 11:46:58-744,2016-12-12 11:46:58-826
Success : SEQ_READ : test2\49f03965cf98b1f5,380:1404,2016-12-12 11:46:58-925,2016-12-12 11:46:58-991
Success : LS : test1\f71b43c3136efa4f\c7d9912886e5ccc7\,0:-1,2016-12-12 11:46:59-065,2016-12-12 11:46:59-182
Success : LS : test1\c5a5e5562b038073\0189424a5a60fed3\,0:-1,2016-12-12 11:46:59-308,2016-12-12 11:46:59-426
Success : LS : test2\a94a8fe5ccb19ba6\2a5bd02710e975a7\,0:-1,2016-12-12 11:46:59-551,2016-12-12 11:46:59-660
Success : CREATE_FILE : test2\a94a8fe5ccb19ba6\6C044EEE3507D836,0:2253223,2016-12-12 11:46:59-759,2016-12-12 11:47:03-016
Success : LS : test1\c5a5e5562b038073\,0:-1,2016-12-12 11:47:03-123,2016-12-12 11:47:03-207
Success : SEQ_READ : test1\c5a5e5562b038073\fbe0d7653f0909cb,1004:1004,2016-12-12 11:47:03-284,2016-12-12 11:47:03-361
Success : LS : test2\a94a8fe5ccb19ba6\2a5bd02710e975a7\,0:-1,2016-12-12 11:47:03-435,2016-12-12 11:47:03-513
Success : LS : test1\f71b43c3136efa4f\,0:-1,2016-12-12 11:47:03-589,2016-12-12 11:47:03-657
Success : LS : test2\a94a8fe5ccb19ba6\,0:-1,2016-12-12 11:47:03-771,2016-12-12 11:47:03-903
Success : CREATE_FILE : test2\a94a8fe5ccb19ba6\2a5bd02710e975a7\18ECAB0E7652E679,0:2976887,2016-12-12 11:47:04-026,2016-12-12 11:47:07-576
Success : LS : test2\a94a8fe5ccb19ba6\2a5bd02710e975a7\,0:-1,2016-12-12 11:47:07-661,2016-12-12 11:47:07-769
Success : CREATE_FILE : test2\a94a8fe5ccb19ba6\321BAF110EB9C369,0:2975186,2016-12-12 11:47:07-877,2016-12-12 11:47:11-131
Success : LS : test2\a94a8fe5ccb19ba6\,0:-1,2016-12-12 11:47:11-254,2016-12-12 11:47:11-351
Success : CREATE_FILE : test2\a94a8fe5ccb19ba6\2a5bd02710e975a7\6752CF1957DDE37D,0:1618744,2016-12-12 11:47:11-443,2016-12-12 11:47:15-158
Success : SEQ_READ : test2\49f03965cf98b1f5,206:1230,2016-12-12 11:47:15-247,2016-12-12 11:47:15-324
Fail : LS : test1,0:-1,2016-12-12 11:47:15-407,2016-12-12 11:47:15-407
Reason : java.lang.StringIndexOutOfBoundsException: String index out of range: -2
Success : RANDOM_READ : test2\a94a8fe5ccb19ba6\2a5bd02710e975a7\3eef580036f1724a,0:257,2016-12-12 11:47:15-550,2016-12-12 11:47:15-651
Success : LS : test2\a94a8fe5ccb19ba6\,0:-1,2016-12-12 11:47:15-738,2016-12-12 11:47:15-865
Success : LS : test1\f71b43c3136efa4f\83404ffd78f534ff\,0:-1,2016-12-12 11:47:15-961,2016-12-12 11:47:16-076
Success : LS : test2\a94a8fe5ccb19ba6\2a5bd02710e975a7\,0:-1,2016-12-12 11:47:16-181,2016-12-12 11:47:16-257
Success : CREATE_FILE : test2\a94a8fe5ccb19ba6\2a5bd02710e975a7\494F507E1BF4A5F0,0:736784,2016-12-12 11:47:16-364,2016-12-12 11:47:17-915
Success : LS : test2\a94a8fe5ccb19ba6\2a5bd02710e975a7\,0:-1,2016-12-12 11:47:18-038,2016-12-12 11:47:18-154
Success : CREATE_FILE : test2\a94a8fe5ccb19ba6\2a5bd02710e975a7\17FE2AE106026C89,0:1000947,2016-12-12 11:47:18-272,2016-12-12 11:47:19-825
Success : LS : test1\f71b43c3136efa4f\,0:-1,2016-12-12 11:47:19-944,2016-12-12 11:47:20-025
Success : LS : test2\a94a8fe5ccb19ba6\,0:-1,2016-12-12 11:47:20-103,2016-12-12 11:47:20-195
Success : LS : test1\f71b43c3136efa4f\83404ffd78f534ff\,0:-1,2016-12-12 11:47:20-295,2016-12-12 11:47:20-369
Success : LS : test2\a94a8fe5ccb19ba6\,0:-1,2016-12-12 11:47:20-492,2016-12-12 11:47:20-590
Success : LS : test2\a94a8fe5ccb19ba6\2a5bd02710e975a7\,0:-1,2016-12-12 11:47:20-711,2016-12-12 11:47:20-780
Success : LS : test1\f71b43c3136efa4f\83404ffd78f534ff\,0:-1,2016-12-12 11:47:20-855,2016-12-12 11:47:20-931
Success : LS : test2\a94a8fe5ccb19ba6\2a5bd02710e975a7\,0:-1,2016-12-12 11:47:21-010,2016-12-12 11:47:21-114
Success : CREATE_FILE : test2\a94a8fe5ccb19ba6\074916ED70CFBD4F,0:2598268,2016-12-12 11:47:21-239,2016-12-12 11:47:25-025
Success : LS : test1\c5a5e5562b038073\a39ea9c72a98de10\,0:-1,2016-12-12 11:47:25-163,2016-12-12 11:47:25-246
Success : LS : test2\a94a8fe5ccb19ba6\,0:-1,2016-12-12 11:47:25-350,2016-12-12 11:47:25-437
Success : LS : test2\a94a8fe5ccb19ba6\,0:-1,2016-12-12 11:47:25-536,2016-12-12 11:47:25-625
Success : CREATE_FILE : test2\a94a8fe5ccb19ba6\2a5bd02710e975a7\07B1E7865171B748,0:1394165,2016-12-12 11:47:25-721,2016-12-12 11:47:28-260
Success : LS : test2\a94a8fe5ccb19ba6\2a5bd02710e975a7\,0:-1,2016-12-12 11:47:28-386,2016-12-12 11:47:28-469
Success : CREATE_FILE : test2\a94a8fe5ccb19ba6\66B850E47D147DE2,0:1367328,2016-12-12 11:47:28-550,2016-12-12 11:47:29-978
Success : LS : test1\c5a5e5562b038073\a39ea9c72a98de10\,0:-1,2016-12-12 11:47:30-102,2016-12-12 11:47:30-178
Success : LS : test2\a94a8fe5ccb19ba6\,0:-1,2016-12-12 11:47:30-255,2016-12-12 11:47:30-422
Success : CREATE_FILE : test2\a94a8fe5ccb19ba6\2a5bd02710e975a7\0F44C7D361A31D9C,0:326263,2016-12-12 11:47:30-548,2016-12-12 11:47:31-730
Success : LS : test1\c5a5e5562b038073\,0:-1,2016-12-12 11:47:31-854,2016-12-12 11:47:31-957
Success : SEQ_READ : test1\c5a5e5562b038073\05d1f0ed74e78555,12288:41984,2016-12-12 11:47:32-066,2016-12-12 11:47:32-157
Success : RANDOM_READ : test2\bc9c8ba7ff351f3e,169230:215310,2016-12-12 11:47:32-270,2016-12-12 11:47:32-342
Success : SEQ_READ : test1\c5a5e5562b038073\c7734a16bf12bb03,170217:344297,2016-12-12 11:47:32-423,2016-12-12 11:47:32-531
Success : LS : test2\a94a8fe5ccb19ba6\2a5bd02710e975a7\,0:-1,2016-12-12 11:47:32-648,2016-12-12 11:47:32-741
Success : LS : test2\a94a8fe5ccb19ba6\2a5bd02710e975a7\,0:-1,2016-12-12 11:47:32-821,2016-12-12 11:47:32-938
Success : LS : test2\a94a8fe5ccb19ba6\2a5bd02710e975a7\,0:-1,2016-12-12 11:47:33-065,2016-12-12 11:47:33-188
Success : CREATE_FILE : test2\a94a8fe5ccb19ba6\2a5bd02710e975a7\3366EF2B7DF34FFB,0:2201978,2016-12-12 11:47:33-311,2016-12-12 11:47:36-798
Success : LS : test1\f71b43c3136efa4f\,0:-1,2016-12-12 11:47:36-923,2016-12-12 11:47:37-037
Success : LS : test1\f71b43c3136efa4f\9f93e73d6896cb7b\,0:-1,2016-12-12 11:47:37-158,2016-12-12 11:47:37-242
Success : LS : test2\a94a8fe5ccb19ba6\,0:-1,2016-12-12 11:47:37-358,2016-12-12 11:47:37-458
Success : LS : test2\a94a8fe5ccb19ba6\,0:-1,2016-12-12 11:47:37-545,2016-12-12 11:47:37-642
Success : LS : test1\f71b43c3136efa4f\83404ffd78f534ff\,0:-1,2016-12-12 11:47:37-716,2016-12-12 11:47:37-776
Success : LS : test1\f71b43c3136efa4f\9f93e73d6896cb7b\,0:-1,2016-12-12 11:47:37-850,2016-12-12 11:47:37-911
Success : LS : test2\a94a8fe5ccb19ba6\2a5bd02710e975a7\,0:-1,2016-12-12 11:47:37-985,2016-12-12 11:47:38-080
Success : CREATE_FILE : test2\a94a8fe5ccb19ba6\0BECC4AF088A23BD,0:3425132,2016-12-12 11:47:38-173,2016-12-12 11:47:42-229
Success : SEQ_READ : test1\c5a5e5562b038073\b0c5d70d7f040bfa,96:16480,2016-12-12 11:47:42-312,2016-12-12 11:47:42-384
Success : LS : test1\f71b43c3136efa4f\52481749c0cdecd6\,0:-1,2016-12-12 11:47:42-470,2016-12-12 11:47:42-550
Success : LS : test2\a94a8fe5ccb19ba6\,0:-1,2016-12-12 11:47:42-627,2016-12-12 11:47:42-709
Success : LS : test2\a94a8fe5ccb19ba6\,0:-1,2016-12-12 11:47:42-785,2016-12-12 11:47:42-869
Success : CREATE_FILE : test2\a94a8fe5ccb19ba6\390BA00438F6AAE1,0:836704,2016-12-12 11:47:42-961,2016-12-12 11:47:44-563
Success : LS : test2\a94a8fe5ccb19ba6\,0:-1,2016-12-12 11:47:44-688,2016-12-12 11:47:44-787
Success : CREATE_FILE : test2\a94a8fe5ccb19ba6\12FF803D63A5C3B9,0:1307903,2016-12-12 11:47:44-877,2016-12-12 11:47:46-189
Success : LS : test2\a94a8fe5ccb19ba6\,0:-1,2016-12-12 11:47:46-268,2016-12-12 11:47:46-399
Success : CREATE_FILE : test2\a94a8fe5ccb19ba6\7A5240F95CECAAAE,0:3441430,2016-12-12 11:47:46-477,2016-12-12 11:47:50-358
Success : LS : test2\a94a8fe5ccb19ba6\,0:-1,2016-12-12 11:47:50-432,2016-12-12 11:47:50-515
Success : CREATE_FILE : test2\a94a8fe5ccb19ba6\2a5bd02710e975a7\28874BE23CDFE3A1,0:2959212,2016-12-12 11:47:50-602,2016-12-12 11:47:53-973
Fail : LS : test1,0:-1,2016-12-12 11:47:54-098,2016-12-12 11:47:54-099
Reason : java.lang.StringIndexOutOfBoundsException: String index out of range: -2
Success : LS : test1\f71b43c3136efa4f\,0:-1,2016-12-12 11:47:54-191,2016-12-12 11:47:54-272
Success : LS : test1\f71b43c3136efa4f\52481749c0cdecd6\,0:-1,2016-12-12 11:47:54-348,2016-12-12 11:47:54-420
Fail : LS : test1,0:-1,2016-12-12 11:47:54-496,2016-12-12 11:47:54-496
Reason : java.lang.StringIndexOutOfBoundsException: String index out of range: -2
Success : LS : test2\a94a8fe5ccb19ba6\2a5bd02710e975a7\,0:-1,2016-12-12 11:47:54-590,2016-12-12 11:47:54-663
Success : CREATE_FILE : test2\a94a8fe5ccb19ba6\2a5bd02710e975a7\4672F0FF2282D480,0:4024941,2016-12-12 11:47:54-739,2016-12-12 11:48:00-022
Success : LS : test2\a94a8fe5ccb19ba6\2a5bd02710e975a7\,0:-1,2016-12-12 11:48:00-111,2016-12-12 11:48:00-215
Success : CREATE_FILE : test2\a94a8fe5ccb19ba6\0E0EE1B037906612,0:255086,2016-12-12 11:48:00-296,2016-12-12 11:48:01-100
Success : LS : test2\a94a8fe5ccb19ba6\,0:-1,2016-12-12 11:48:01-225,2016-12-12 11:48:01-352
Success : CREATE_FILE : test2\a94a8fe5ccb19ba6\2a5bd02710e975a7\1F00972F7001C069,0:1588572,2016-12-12 11:48:01-467,2016-12-12 11:48:03-218
Success : LS : test1\f71b43c3136efa4f\c7d9912886e5ccc7\,0:-1,2016-12-12 11:48:03-341,2016-12-12 11:48:03-450
Success : SEQ_READ : test2\1a7683b6645f9b6a,6939:12059,2016-12-12 11:48:03-563,2016-12-12 11:48:03-678
Success : LS : test1\c5a5e5562b038073\a39ea9c72a98de10\,0:-1,2016-12-12 11:48:03-777,2016-12-12 11:48:03-841
Success : LS : test1\f71b43c3136efa4f\52481749c0cdecd6\,0:-1,2016-12-12 11:48:03-915,2016-12-12 11:48:03-978
Success : LS : test2\a94a8fe5ccb19ba6\2a5bd02710e975a7\,0:-1,2016-12-12 11:48:04-082,2016-12-12 11:48:04-190
Success : CREATE_FILE : test2\a94a8fe5ccb19ba6\2a5bd02710e975a7\13C5B9D5480B094C,0:2802955,2016-12-12 11:48:04-264,2016-12-12 11:48:07-881
Success : LS : test2\a94a8fe5ccb19ba6\2a5bd02710e975a7\,0:-1,2016-12-12 11:48:08-007,2016-12-12 11:48:08-119
Success : CREATE_FILE : test2\a94a8fe5ccb19ba6\641690F91724FF0A,0:253746,2016-12-12 11:48:08-195,2016-12-12 11:48:09-219
Success : LS : test1\f71b43c3136efa4f\52481749c0cdecd6\,0:-1,2016-12-12 11:48:09-326,2016-12-12 11:48:09-390
Success : LS : test1\f71b43c3136efa4f\52481749c0cdecd6\,0:-1,2016-12-12 11:48:09-465,2016-12-12 11:48:09-537
Success : LS : test2\a94a8fe5ccb19ba6\,0:-1,2016-12-12 11:48:09-655,2016-12-12 11:48:09-753
Success : RANDOM_READ : test2\8da7cc13802eefe0,11530413:11595949,2016-12-12 11:48:09-840,2016-12-12 11:48:09-931
Success : LS : test2\a94a8fe5ccb19ba6\,0:-1,2016-12-12 11:48:10-009,2016-12-12 11:48:10-088
Success : CREATE_FILE : test2\a94a8fe5ccb19ba6\2a5bd02710e975a7\4004E5303C34737B,0:3027647,2016-12-12 11:48:10-202,2016-12-12 11:48:13-820
Success : LS : test2\a94a8fe5ccb19ba6\2a5bd02710e975a7\,0:-1,2016-12-12 11:48:14-029,2016-12-12 11:48:15-088
Success : CREATE_FILE : test2\a94a8fe5ccb19ba6\20DF63B816454E7D,0:3303755,2016-12-12 11:48:15-222,2016-12-12 11:48:19-522
Success : LS : test2\a94a8fe5ccb19ba6\,0:-1,2016-12-12 11:48:19-634,2016-12-12 11:48:19-734
Success : CREATE_FILE : test2\a94a8fe5ccb19ba6\2a5bd02710e975a7\20D3F6FE56BEF94C,0:1199373,2016-12-12 11:48:19-860,2016-12-12 11:48:21-951
Fail : LS : test1,0:-1,2016-12-12 11:48:22-077,2016-12-12 11:48:22-077
Reason : java.lang.StringIndexOutOfBoundsException: String index out of range: -2
Success : LS : test2\a94a8fe5ccb19ba6\2a5bd02710e975a7\,0:-1,2016-12-12 11:48:22-168,2016-12-12 11:48:22-250
Success : CREATE_FILE : test2\a94a8fe5ccb19ba6\099D2C4526C1E6BC,0:3164066,2016-12-12 11:48:22-326,2016-12-12 11:48:26-792
Success : LS : test2\a94a8fe5ccb19ba6\,0:-1,2016-12-12 11:48:26-917,2016-12-12 11:48:27-014
Success : CREATE_FILE : test2\a94a8fe5ccb19ba6\4E91A43C6F7368AC,0:2985753,2016-12-12 11:48:27-095,2016-12-12 11:48:30-378
Success : LS : test2\a94a8fe5ccb19ba6\,0:-1,2016-12-12 11:48:30-499,2016-12-12 11:48:30-620
Success : CREATE_FILE : test2\a94a8fe5ccb19ba6\5BFD7DAB1A72F1F3,0:3333391,2016-12-12 11:48:30-715,2016-12-12 11:48:34-207
Success : LS : test2\a94a8fe5ccb19ba6\,0:-1,2016-12-12 11:48:34-298,2016-12-12 11:48:34-385
Success : CREATE_FILE : test2\a94a8fe5ccb19ba6\2a5bd02710e975a7\11E1261C096D04C4,0:1245015,2016-12-12 11:48:34-459,2016-12-12 11:48:36-245
Success : LS : test2\a94a8fe5ccb19ba6\2a5bd02710e975a7\,0:-1,2016-12-12 11:48:36-369,2016-12-12 11:48:36-452
Success : CREATE_FILE : test2\a94a8fe5ccb19ba6\3DA0383C752F8183,0:2729347,2016-12-12 11:48:36-558,2016-12-12 11:48:40-485
Success : LS : test1\f71b43c3136efa4f\83404ffd78f534ff\,0:-1,2016-12-12 11:48:40-568,2016-12-12 11:48:40-638
Success : LS : test2\a94a8fe5ccb19ba6\,0:-1,2016-12-12 11:48:40-713,2016-12-12 11:48:40-832
Success : LS : test1\f71b43c3136efa4f\52481749c0cdecd6\,0:-1,2016-12-12 11:48:40-931,2016-12-12 11:48:41-006
Success : LS : test1\f71b43c3136efa4f\,0:-1,2016-12-12 11:48:41-081,2016-12-12 11:48:41-150
Success : LS : test2\a94a8fe5ccb19ba6\,0:-1,2016-12-12 11:48:41-259,2016-12-12 11:48:41-351
Success : CREATE_FILE : test2\a94a8fe5ccb19ba6\2a5bd02710e975a7\5954FCEF50F9CFE9,0:266998,2016-12-12 11:48:41-475,2016-12-12 11:48:43-101
Success : LS : test2\a94a8fe5ccb19ba6\2a5bd02710e975a7\,0:-1,2016-12-12 11:48:43-220,2016-12-12 11:48:43-335
Success : CREATE_FILE : test2\a94a8fe5ccb19ba6\14DD23C6147BFC96,0:79820,2016-12-12 11:48:43-425,2016-12-12 11:48:44-361
Success : LS : test2\a94a8fe5ccb19ba6\,0:-1,2016-12-12 11:48:44-436,2016-12-12 11:48:44-524
Success : CREATE_FILE : test2\a94a8fe5ccb19ba6\63B231083806AB11,0:4014424,2016-12-12 11:48:44-600,2016-12-12 11:48:49-040
Success : LS : test1\f71b43c3136efa4f\9f93e73d6896cb7b\,0:-1,2016-12-12 11:48:49-207,2016-12-12 11:48:49-268
Success : LS : test2\a94a8fe5ccb19ba6\,0:-1,2016-12-12 11:48:49-341,2016-12-12 11:48:49-466
