Success : LS : test1\f71b43c3136efa4f\83404ffd78f534ff\,0:-1,2016-12-14 16:09:31-975,2016-12-14 16:09:32-233
Success : SEQ_READ : test1\c5a5e5562b038073\a39ea9c72a98de10\aa61f113a9b13deb,0:438,2016-12-14 16:09:32-316,2016-12-14 16:09:32-509
Success : CREATE_FILE : test2\a94a8fe5ccb19ba6\1DB944BE7B846028,0:3793014,2016-12-14 16:09:32-600,2016-12-14 16:09:35-932
Success : SEQ_READ : test1\9832710c94f11d2b,0:34310397,2016-12-14 16:09:36-053,2016-12-14 16:09:36-224
Success : LS : test2\a94a8fe5ccb19ba6\2a5bd02710e975a7\,0:-1,2016-12-14 16:09:36-301,2016-12-14 16:09:36-482
Success : SEQ_READ : test1\c5a5e5562b038073\a39ea9c72a98de10\aa61f113a9b13deb,0:438,2016-12-14 16:09:36-605,2016-12-14 16:09:36-758
Success : LS : test1\f71b43c3136efa4f\52481749c0cdecd6\,0:-1,2016-12-14 16:09:36-861,2016-12-14 16:09:37-014
Success : SEQ_READ : test2\6c33a983eec1b409,0:2291,2016-12-14 16:09:37-141,2016-12-14 16:09:37-287
Success : SEQ_READ : test2\bc9c8ba7ff351f3e,0:217984,2016-12-14 16:09:37-403,2016-12-14 16:09:37-563
Success : LS : test1\f71b43c3136efa4f\9f93e73d6896cb7b\,0:-1,2016-12-14 16:09:37-683,2016-12-14 16:09:37-845
Success : LS : test2\a94a8fe5ccb19ba6\,0:-1,2016-12-14 16:09:37-929,2016-12-14 16:09:38-084
Success : SEQ_READ : test2\acde102dac5bbe15,0:6030,2016-12-14 16:09:38-178,2016-12-14 16:09:38-317
Success : LS : test2\a94a8fe5ccb19ba6\,0:-1,2016-12-14 16:09:38-415,2016-12-14 16:09:38-576
Success : CREATE_FILE : test2\a94a8fe5ccb19ba6\2a5bd02710e975a7\3AF2A34305DCEF30,0:2316638,2016-12-14 16:09:38-699,2016-12-14 16:09:40-615
Success : LS : test1\c5a5e5562b038073\0189424a5a60fed3\,0:-1,2016-12-14 16:09:40-766,2016-12-14 16:09:41-049
Success : LS : test1\f71b43c3136efa4f\,0:-1,2016-12-14 16:09:41-217,2016-12-14 16:09:41-606
Success : SEQ_READ : test2\acde102dac5bbe15,0:6030,2016-12-14 16:09:41-868,2016-12-14 16:09:42-393
Success : SEQ_READ : test1\f71b43c3136efa4f\9f93e73d6896cb7b\6670af231c096f09,0:129,2016-12-14 16:09:42-710,2016-12-14 16:09:43-313
Success : LS : test1\c5a5e5562b038073\0189424a5a60fed3\,0:-1,2016-12-14 16:09:43-460,2016-12-14 16:09:43-615
Success : SEQ_READ : test1\c5a5e5562b038073\0caa882bd1034750,0:324096,2016-12-14 16:09:43-699,2016-12-14 16:09:43-863
Success : SEQ_READ : test2\a94a8fe5ccb19ba6\2a5bd02710e975a7\254d76d2609fec03,0:2291,2016-12-14 16:09:43-951,2016-12-14 16:09:44-096
Success : SEQ_READ : test2\49f03965cf98b1f5,0:1634,2016-12-14 16:09:44-187,2016-12-14 16:09:44-328
Success : LS : test2\a94a8fe5ccb19ba6\2a5bd02710e975a7\,0:-1,2016-12-14 16:09:44-399,2016-12-14 16:09:44-557
Success : CREATE_FILE : test2\a94a8fe5ccb19ba6\2a5bd02710e975a7\0AE921852738FC6A,0:2841658,2016-12-14 16:09:44-633,2016-12-14 16:09:46-828
Success : LS : test2\a94a8fe5ccb19ba6\2a5bd02710e975a7\,0:-1,2016-12-14 16:09:46-904,2016-12-14 16:09:47-066
Success : CREATE_FILE : test2\a94a8fe5ccb19ba6\2a5bd02710e975a7\5DF219125E16241B,0:893480,2016-12-14 16:09:47-140,2016-12-14 16:09:47-381
Success : SEQ_READ : test1\c5a5e5562b038073\f72cdbcd84f047a5,0:17893,2016-12-14 16:09:47-479,2016-12-14 16:09:47-639
Success : SEQ_READ : test2\8da7cc13802eefe0,0:22987191,2016-12-14 16:09:47-717,2016-12-14 16:09:47-938
Success : SEQ_READ : test1\c5a5e5562b038073\a39ea9c72a98de10\4a90c52e52d54ede,0:1048,2016-12-14 16:09:48-056,2016-12-14 16:09:48-263
Fail : LS : test1,0:-1,2016-12-14 16:09:48-381,2016-12-14 16:09:48-382
Reason : java.lang.StringIndexOutOfBoundsException: String index out of range: -1
Success : SEQ_READ : test1\9832710c94f11d2b,0:34310397,2016-12-14 16:09:48-494,2016-12-14 16:09:48-638
Success : SEQ_READ : test2\a94a8fe5ccb19ba6\2a5bd02710e975a7\3eef580036f1724a,0:257,2016-12-14 16:09:48-732,2016-12-14 16:09:48-869
Success : LS : test1\f71b43c3136efa4f\c7d9912886e5ccc7\,0:-1,2016-12-14 16:09:48-975,2016-12-14 16:09:49-154
Success : SEQ_READ : test2\bc9c8ba7ff351f3e,0:217984,2016-12-14 16:09:49-274,2016-12-14 16:09:49-478
Success : LS : test2\a94a8fe5ccb19ba6\2a5bd02710e975a7\,0:-1,2016-12-14 16:09:49-592,2016-12-14 16:09:49-769
Success : CREATE_FILE : test2\a94a8fe5ccb19ba6\1A95EE862708041D,0:2784206,2016-12-14 16:09:49-848,2016-12-14 16:09:51-947
Success : LS : test1\c5a5e5562b038073\,0:-1,2016-12-14 16:09:52-057,2016-12-14 16:09:52-245
Success : LS : test2\a94a8fe5ccb19ba6\,0:-1,2016-12-14 16:09:52-319,2016-12-14 16:09:52-488
Success : SEQ_READ : test2\a94a8fe5ccb19ba6\4b6fcb2d521ef0fd,0:2291,2016-12-14 16:09:52-585,2016-12-14 16:09:52-737
Success : SEQ_READ : test2\a94a8fe5ccb19ba6\4b6fcb2d521ef0fd,0:2291,2016-12-14 16:09:52-822,2016-12-14 16:09:52-982
Success : SEQ_READ : test2\a94a8fe5ccb19ba6\2a5bd02710e975a7\3eef580036f1724a,0:257,2016-12-14 16:09:53-053,2016-12-14 16:09:53-199
Success : LS : test2\a94a8fe5ccb19ba6\,0:-1,2016-12-14 16:09:53-290,2016-12-14 16:09:53-503
Success : CREATE_FILE : test2\a94a8fe5ccb19ba6\68324FB8171E47D4,0:250286,2016-12-14 16:09:53-588,2016-12-14 16:09:53-809
Success : LS : test2\a94a8fe5ccb19ba6\,0:-1,2016-12-14 16:09:53-923,2016-12-14 16:09:54-089
Success : CREATE_FILE : test2\a94a8fe5ccb19ba6\6638A46F62F9BD47,0:1854048,2016-12-14 16:09:54-184,2016-12-14 16:09:55-625
Success : LS : test2\a94a8fe5ccb19ba6\,0:-1,2016-12-14 16:09:55-806,2016-12-14 16:09:56-332
Success : CREATE_FILE : test2\a94a8fe5ccb19ba6\2a5bd02710e975a7\60F4E0910D44DF43,0:4011343,2016-12-14 16:09:56-586,2016-12-14 16:10:00-135
Success : LS : test2\a94a8fe5ccb19ba6\2a5bd02710e975a7\,0:-1,2016-12-14 16:10:00-233,2016-12-14 16:10:00-420
Success : CREATE_FILE : test2\a94a8fe5ccb19ba6\2a5bd02710e975a7\799E433E2DDDCF3A,0:78540,2016-12-14 16:10:00-542,2016-12-14 16:10:00-725
Success : LS : test2\a94a8fe5ccb19ba6\2a5bd02710e975a7\,0:-1,2016-12-14 16:10:00-834,2016-12-14 16:10:01-027
Success : CREATE_FILE : test2\a94a8fe5ccb19ba6\4B81E6353E318A81,0:2599205,2016-12-14 16:10:01-122,2016-12-14 16:10:03-051
Success : SEQ_READ : test1\c5a5e5562b038073\68ad3077ff5a452a,0:383,2016-12-14 16:10:03-171,2016-12-14 16:10:03-354
Success : LS : test2\a94a8fe5ccb19ba6\2a5bd02710e975a7\,0:-1,2016-12-14 16:10:03-433,2016-12-14 16:10:03-591
Success : LS : test1\f71b43c3136efa4f\83404ffd78f534ff\,0:-1,2016-12-14 16:10:03-664,2016-12-14 16:10:03-834
Success : SEQ_READ : test2\a94a8fe5ccb19ba6\2a5bd02710e975a7\3eef580036f1724a,0:257,2016-12-14 16:10:03-905,2016-12-14 16:10:04-046
Success : SEQ_READ : test2\6c33a983eec1b409,0:2291,2016-12-14 16:10:04-146,2016-12-14 16:10:04-297
Success : LS : test1\f71b43c3136efa4f\83404ffd78f534ff\,0:-1,2016-12-14 16:10:04-367,2016-12-14 16:10:04-569
Success : SEQ_READ : test2\acde102dac5bbe15,0:6030,2016-12-14 16:10:04-671,2016-12-14 16:10:04-856
Success : SEQ_READ : test2\49f03965cf98b1f5,0:1634,2016-12-14 16:10:04-937,2016-12-14 16:10:05-078
Success : LS : test2\a94a8fe5ccb19ba6\,0:-1,2016-12-14 16:10:05-158,2016-12-14 16:10:05-356
Success : CREATE_FILE : test2\a94a8fe5ccb19ba6\4FBA98326C454524,0:433443,2016-12-14 16:10:05-456,2016-12-14 16:10:05-665
Success : LS : test2\a94a8fe5ccb19ba6\,0:-1,2016-12-14 16:10:05-775,2016-12-14 16:10:05-983
Success : CREATE_FILE : test2\a94a8fe5ccb19ba6\2a5bd02710e975a7\0CB9831039093D21,0:2052635,2016-12-14 16:10:06-092,2016-12-14 16:10:07-462
Success : LS : test2\a94a8fe5ccb19ba6\2a5bd02710e975a7\,0:-1,2016-12-14 16:10:07-543,2016-12-14 16:10:07-751
Success : CREATE_FILE : test2\a94a8fe5ccb19ba6\2a5bd02710e975a7\57FBADCA1B0AC4BF,0:2283537,2016-12-14 16:10:07-833,2016-12-14 16:10:09-429
Success : LS : test1\f71b43c3136efa4f\c7d9912886e5ccc7\,0:-1,2016-12-14 16:10:09-530,2016-12-14 16:10:09-730
Success : LS : test2\a94a8fe5ccb19ba6\,0:-1,2016-12-14 16:10:09-840,2016-12-14 16:10:10-013
Success : SEQ_READ : test2\1a7683b6645f9b6a,0:14529,2016-12-14 16:10:10-114,2016-12-14 16:10:10-304
Success : SEQ_READ : test1\f71b43c3136efa4f\9f93e73d6896cb7b\6670af231c096f09,0:129,2016-12-14 16:10:10-442,2016-12-14 16:10:10-592
Success : SEQ_READ : test2\a94a8fe5ccb19ba6\2a5bd02710e975a7\178db47a574c645f,0:257,2016-12-14 16:10:10-699,2016-12-14 16:10:10-859
Success : SEQ_READ : test1\c5a5e5562b038073\767c14c8beb1e835,0:3818496,2016-12-14 16:10:10-940,2016-12-14 16:10:11-131
Success : LS : test2\a94a8fe5ccb19ba6\,0:-1,2016-12-14 16:10:11-215,2016-12-14 16:10:11-414
Success : SEQ_READ : test1\c5a5e5562b038073\f72cdbcd84f047a5,0:17893,2016-12-14 16:10:11-533,2016-12-14 16:10:11-726
Success : LS : test2\a94a8fe5ccb19ba6\2a5bd02710e975a7\,0:-1,2016-12-14 16:10:11-831,2016-12-14 16:10:11-995
Success : CREATE_FILE : test2\a94a8fe5ccb19ba6\660948B137988896,0:1562689,2016-12-14 16:10:12-087,2016-12-14 16:10:12-925
Success : LS : test2\a94a8fe5ccb19ba6\,0:-1,2016-12-14 16:10:13-025,2016-12-14 16:10:13-233
Success : CREATE_FILE : test2\a94a8fe5ccb19ba6\1208719C30084F08,0:333273,2016-12-14 16:10:13-317,2016-12-14 16:10:13-494
Success : LS : test2\a94a8fe5ccb19ba6\,0:-1,2016-12-14 16:10:13-590,2016-12-14 16:10:13-809
Success : CREATE_FILE : test2\a94a8fe5ccb19ba6\2a5bd02710e975a7\438AA4F907158967,0:658444,2016-12-14 16:10:13-887,2016-12-14 16:10:14-108
Success : LS : test2\a94a8fe5ccb19ba6\2a5bd02710e975a7\,0:-1,2016-12-14 16:10:14-213,2016-12-14 16:10:14-416
Success : LS : test1\c5a5e5562b038073\a39ea9c72a98de10\,0:-1,2016-12-14 16:10:14-512,2016-12-14 16:10:14-701
Success : SEQ_READ : test1\c5a5e5562b038073\2015a7ab48ae9a58,0:28672,2016-12-14 16:10:14-801,2016-12-14 16:10:14-981
Success : SEQ_READ : test1\c5a5e5562b038073\6670af231c096f09,0:46,2016-12-14 16:10:15-052,2016-12-14 16:10:15-245
Success : LS : test1\f71b43c3136efa4f\52481749c0cdecd6\,0:-1,2016-12-14 16:10:15-340,2016-12-14 16:10:15-515
Success : LS : test1\f71b43c3136efa4f\c7d9912886e5ccc7\,0:-1,2016-12-14 16:10:15-624,2016-12-14 16:10:15-790
Success : SEQ_READ : test2\1a7683b6645f9b6a,0:14529,2016-12-14 16:10:15-907,2016-12-14 16:10:16-067
Success : LS : test2\a94a8fe5ccb19ba6\2a5bd02710e975a7\,0:-1,2016-12-14 16:10:16-188,2016-12-14 16:10:16-350
Success : CREATE_FILE : test2\a94a8fe5ccb19ba6\2a5bd02710e975a7\280A8F47696E85EB,0:2903869,2016-12-14 16:10:16-465,2016-12-14 16:10:18-707
Success : LS : test2\a94a8fe5ccb19ba6\2a5bd02710e975a7\,0:-1,2016-12-14 16:10:18-823,2016-12-14 16:10:18-981
Success : CREATE_FILE : test2\a94a8fe5ccb19ba6\2a5bd02710e975a7\00A83C521DC0A789,0:3091470,2016-12-14 16:10:19-052,2016-12-14 16:10:21-461
Success : LS : test2\a94a8fe5ccb19ba6\2a5bd02710e975a7\,0:-1,2016-12-14 16:10:21-584,2016-12-14 16:10:21-790
Success : CREATE_FILE : test2\a94a8fe5ccb19ba6\2a5bd02710e975a7\6C2BF04F6054D285,0:534057,2016-12-14 16:10:21-895,2016-12-14 16:10:22-122
Success : LS : test1\c5a5e5562b038073\a39ea9c72a98de10\,0:-1,2016-12-14 16:10:22-208,2016-12-14 16:10:22-366
Success : LS : test2\a94a8fe5ccb19ba6\,0:-1,2016-12-14 16:10:22-462,2016-12-14 16:10:22-664
Success : LS : test2\a94a8fe5ccb19ba6\,0:-1,2016-12-14 16:10:22-778,2016-12-14 16:10:22-960
Success : LS : test2\a94a8fe5ccb19ba6\,0:-1,2016-12-14 16:10:23-036,2016-12-14 16:10:23-202
Success : LS : test2\a94a8fe5ccb19ba6\2a5bd02710e975a7\,0:-1,2016-12-14 16:10:23-276,2016-12-14 16:10:23-467
Success : CREATE_FILE : test2\a94a8fe5ccb19ba6\2a5bd02710e975a7\1858EDBF15190D65,0:2157,2016-12-14 16:10:23-546,2016-12-14 16:10:23-689
Success : LS : test2\a94a8fe5ccb19ba6\2a5bd02710e975a7\,0:-1,2016-12-14 16:10:23-764,2016-12-14 16:10:23-935
Success : CREATE_FILE : test2\a94a8fe5ccb19ba6\5B4819E97CA3C355,0:3210177,2016-12-14 16:10:24-046,2016-12-14 16:10:26-569
Success : LS : test2\a94a8fe5ccb19ba6\,0:-1,2016-12-14 16:10:26-683,2016-12-14 16:10:26-885
Success : CREATE_FILE : test2\a94a8fe5ccb19ba6\7E1CB9812E86EBD1,0:619469,2016-12-14 16:10:27-000,2016-12-14 16:10:27-203
Success : LS : test2\a94a8fe5ccb19ba6\,0:-1,2016-12-14 16:10:27-294,2016-12-14 16:10:27-450
Success : CREATE_FILE : test2\a94a8fe5ccb19ba6\2a5bd02710e975a7\7F4BE29E13747D06,0:3593560,2016-12-14 16:10:27-521,2016-12-14 16:10:30-520
Success : LS : test2\a94a8fe5ccb19ba6\2a5bd02710e975a7\,0:-1,2016-12-14 16:10:30-639,2016-12-14 16:10:30-805
Success : CREATE_FILE : test2\a94a8fe5ccb19ba6\2C8D8ACF28BFAEC4,0:1205203,2016-12-14 16:10:30-880,2016-12-14 16:10:31-340
Success : LS : test2\a94a8fe5ccb19ba6\,0:-1,2016-12-14 16:10:31-414,2016-12-14 16:10:31-625
Success : CREATE_FILE : test2\a94a8fe5ccb19ba6\0380DEC02D3A1001,0:2600732,2016-12-14 16:10:31-715,2016-12-14 16:10:33-610
Success : SEQ_READ : test1\f71b43c3136efa4f\83404ffd78f534ff\6670af231c096f09,0:129,2016-12-14 16:10:33-694,2016-12-14 16:10:33-884
Success : LS : test1\f71b43c3136efa4f\83404ffd78f534ff\,0:-1,2016-12-14 16:10:33-981,2016-12-14 16:10:34-125
Success : LS : test2\a94a8fe5ccb19ba6\2a5bd02710e975a7\,0:-1,2016-12-14 16:10:34-242,2016-12-14 16:10:34-407
Success : LS : test1\f71b43c3136efa4f\,0:-1,2016-12-14 16:10:34-519,2016-12-14 16:10:34-717
Success : LS : test2\a94a8fe5ccb19ba6\,0:-1,2016-12-14 16:10:34-803,2016-12-14 16:10:34-965
Success : CREATE_FILE : test2\a94a8fe5ccb19ba6\2a5bd02710e975a7\13F04C0715B4C32F,0:3642361,2016-12-14 16:10:35-043,2016-12-14 16:10:38-028
Success : LS : test2\a94a8fe5ccb19ba6\2a5bd02710e975a7\,0:-1,2016-12-14 16:10:38-103,2016-12-14 16:10:38-248
Success : CREATE_FILE : test2\a94a8fe5ccb19ba6\2a5bd02710e975a7\0E94FC7B40178885,0:2804987,2016-12-14 16:10:38-332,2016-12-14 16:10:40-509
Success : LS : test2\a94a8fe5ccb19ba6\2a5bd02710e975a7\,0:-1,2016-12-14 16:10:40-634,2016-12-14 16:10:40-819
Success : CREATE_FILE : test2\a94a8fe5ccb19ba6\26E11D5A014AE94C,0:3818367,2016-12-14 16:10:40-897,2016-12-14 16:10:44-122
Success : LS : test2\a94a8fe5ccb19ba6\,0:-1,2016-12-14 16:10:44-226,2016-12-14 16:10:44-402
Success : CREATE_FILE : test2\a94a8fe5ccb19ba6\2a5bd02710e975a7\38EF8D877C18EA72,0:86890,2016-12-14 16:10:44-504,2016-12-14 16:10:44-727
Success : LS : test2\a94a8fe5ccb19ba6\2a5bd02710e975a7\,0:-1,2016-12-14 16:10:44-846,2016-12-14 16:10:45-079
Success : CREATE_FILE : test2\a94a8fe5ccb19ba6\501C0E7915C367B7,0:3510189,2016-12-14 16:10:45-193,2016-12-14 16:10:48-093
Success : LS : test2\a94a8fe5ccb19ba6\,0:-1,2016-12-14 16:10:48-210,2016-12-14 16:10:48-390
Success : CREATE_FILE : test2\a94a8fe5ccb19ba6\2a5bd02710e975a7\786959D31EA1E7A3,0:2032875,2016-12-14 16:10:48-465,2016-12-14 16:10:49-834
Success : LS : test2\a94a8fe5ccb19ba6\2a5bd02710e975a7\,0:-1,2016-12-14 16:10:49-911,2016-12-14 16:10:50-076
Success : CREATE_FILE : test2\a94a8fe5ccb19ba6\1493292A520A246D,0:1142927,2016-12-14 16:10:50-189,2016-12-14 16:10:50-579
Success : LS : test2\a94a8fe5ccb19ba6\,0:-1,2016-12-14 16:10:50-692,2016-12-14 16:10:50-879
Success : LS : test1\f71b43c3136efa4f\c7d9912886e5ccc7\,0:-1,2016-12-14 16:10:51-000,2016-12-14 16:10:51-156
Success : LS : test1\f71b43c3136efa4f\9f93e73d6896cb7b\,0:-1,2016-12-14 16:10:51-229,2016-12-14 16:10:51-374
Success : LS : test1\f71b43c3136efa4f\9f93e73d6896cb7b\,0:-1,2016-12-14 16:10:51-444,2016-12-14 16:10:51-638
Success : LS : test1\f71b43c3136efa4f\,0:-1,2016-12-14 16:10:51-724,2016-12-14 16:10:51-922
Success : LS : test2\a94a8fe5ccb19ba6\,0:-1,2016-12-14 16:10:51-994,2016-12-14 16:10:52-140
Success : CREATE_FILE : test2\a94a8fe5ccb19ba6\457C44651FD44791,0:2066387,2016-12-14 16:10:52-290,2016-12-14 16:10:53-663
Success : LS : test2\a94a8fe5ccb19ba6\,0:-1,2016-12-14 16:10:53-732,2016-12-14 16:10:53-872
Success : CREATE_FILE : test2\a94a8fe5ccb19ba6\56B804ED6D003B83,0:1276694,2016-12-14 16:10:53-942,2016-12-14 16:10:54-454
Success : LS : test2\a94a8fe5ccb19ba6\,0:-1,2016-12-14 16:10:54-540,2016-12-14 16:10:54-692
Success : CREATE_FILE : test2\a94a8fe5ccb19ba6\0246853E6FA1673C,0:3207594,2016-12-14 16:10:54-763,2016-12-14 16:10:57-356
Success : LS : test2\a94a8fe5ccb19ba6\,0:-1,2016-12-14 16:10:57-468,2016-12-14 16:10:57-674
Success : CREATE_FILE : test2\a94a8fe5ccb19ba6\7D2CA50A25FB8992,0:463810,2016-12-14 16:10:57-779,2016-12-14 16:10:57-975
Success : LS : test2\a94a8fe5ccb19ba6\,0:-1,2016-12-14 16:10:58-064,2016-12-14 16:10:58-222
Success : CREATE_FILE : test2\a94a8fe5ccb19ba6\78218EB64D244767,0:4044912,2016-12-14 16:10:58-321,2016-12-14 16:11:01-801
Success : LS : test2\a94a8fe5ccb19ba6\2a5bd02710e975a7\,0:-1,2016-12-14 16:11:01-882,2016-12-14 16:11:02-036
Success : LS : test2\a94a8fe5ccb19ba6\,0:-1,2016-12-14 16:11:02-104,2016-12-14 16:11:02-257
Fail : LS : test1,0:-1,2016-12-14 16:11:02-361,2016-12-14 16:11:02-361
Reason : java.lang.StringIndexOutOfBoundsException: String index out of range: -1
Success : SEQ_READ : test1\c5a5e5562b038073\a39ea9c72a98de10\4a90c52e52d54ede,0:1048,2016-12-14 16:11:02-445,2016-12-14 16:11:02-629
Success : LS : test1\c5a5e5562b038073\a39ea9c72a98de10\,0:-1,2016-12-14 16:11:02-716,2016-12-14 16:11:02-858
Success : LS : test1\f71b43c3136efa4f\83404ffd78f534ff\,0:-1,2016-12-14 16:11:02-929,2016-12-14 16:11:03-065
Success : LS : test2\a94a8fe5ccb19ba6\,0:-1,2016-12-14 16:11:03-134,2016-12-14 16:11:03-325
Success : CREATE_FILE : test2\a94a8fe5ccb19ba6\2a5bd02710e975a7\268BF2FF345D4B26,0:208988,2016-12-14 16:11:03-398,2016-12-14 16:11:03-566
Success : LS : test2\a94a8fe5ccb19ba6\2a5bd02710e975a7\,0:-1,2016-12-14 16:11:03-645,2016-12-14 16:11:03-787
Success : CREATE_FILE : test2\a94a8fe5ccb19ba6\653921DA4C482FAC,0:1943678,2016-12-14 16:11:03-859,2016-12-14 16:11:05-109
Success : LS : test2\a94a8fe5ccb19ba6\,0:-1,2016-12-14 16:11:05-181,2016-12-14 16:11:05-331
Success : CREATE_FILE : test2\a94a8fe5ccb19ba6\2a5bd02710e975a7\78CCD87228277D34,0:948278,2016-12-14 16:11:05-444,2016-12-14 16:11:05-758
Success : LS : test2\a94a8fe5ccb19ba6\2a5bd02710e975a7\,0:-1,2016-12-14 16:11:05-869,2016-12-14 16:11:06-093
Success : CREATE_FILE : test2\a94a8fe5ccb19ba6\278B4B88611B281B,0:1408882,2016-12-14 16:11:06-164,2016-12-14 16:11:06-895
Success : LS : test2\a94a8fe5ccb19ba6\,0:-1,2016-12-14 16:11:07-013,2016-12-14 16:11:07-188
Success : CREATE_FILE : test2\a94a8fe5ccb19ba6\0B58FDCC7D28771D,0:3419127,2016-12-14 16:11:07-260,2016-12-14 16:11:10-039
Fail : LS : test1,0:-1,2016-12-14 16:11:10-157,2016-12-14 16:11:10-157
Reason : java.lang.StringIndexOutOfBoundsException: String index out of range: -1
Success : LS : test1\f71b43c3136efa4f\9f93e73d6896cb7b\,0:-1,2016-12-14 16:11:10-244,2016-12-14 16:11:10-437
Success : LS : test2\a94a8fe5ccb19ba6\,0:-1,2016-12-14 16:11:10-548,2016-12-14 16:11:10-712
Success : LS : test1\c5a5e5562b038073\,0:-1,2016-12-14 16:11:10-823,2016-12-14 16:11:10-975
Success : LS : test2\a94a8fe5ccb19ba6\2a5bd02710e975a7\,0:-1,2016-12-14 16:11:11-051,2016-12-14 16:11:11-262
Success : LS : test1\f71b43c3136efa4f\,0:-1,2016-12-14 16:11:11-332,2016-12-14 16:11:11-517
Success : LS : test1\f71b43c3136efa4f\,0:-1,2016-12-14 16:11:11-630,2016-12-14 16:11:11-786
Success : LS : test1\f71b43c3136efa4f\9f93e73d6896cb7b\,0:-1,2016-12-14 16:11:11-881,2016-12-14 16:11:12-023
Success : LS : test2\a94a8fe5ccb19ba6\,0:-1,2016-12-14 16:11:12-096,2016-12-14 16:11:12-289
Success : CREATE_FILE : test2\a94a8fe5ccb19ba6\1BE9EA303992DB48,0:753009,2016-12-14 16:11:12-365,2016-12-14 16:11:12-584
Success : LS : test2\a94a8fe5ccb19ba6\,0:-1,2016-12-14 16:11:12-668,2016-12-14 16:11:12-883
Success : CREATE_FILE : test2\a94a8fe5ccb19ba6\04DEABFD397D37F7,0:3266348,2016-12-14 16:11:12-986,2016-12-14 16:11:15-582
Success : LS : test2\a94a8fe5ccb19ba6\,0:-1,2016-12-14 16:11:15-705,2016-12-14 16:11:15-928
Success : CREATE_FILE : test2\a94a8fe5ccb19ba6\5ACE83C039EAF799,0:2727956,2016-12-14 16:11:16-011,2016-12-14 16:11:18-110
Success : SEQ_READ : test2\a94a8fe5ccb19ba6\2a5bd02710e975a7\3eef580036f1724a,0:257,2016-12-14 16:11:18-195,2016-12-14 16:11:18-383
Success : LS : test1\c5a5e5562b038073\,0:-1,2016-12-14 16:11:18-507,2016-12-14 16:11:18-689
Success : LS : test1\f71b43c3136efa4f\52481749c0cdecd6\,0:-1,2016-12-14 16:11:18-782,2016-12-14 16:11:18-974
Success : LS : test1\f71b43c3136efa4f\c7d9912886e5ccc7\,0:-1,2016-12-14 16:11:19-052,2016-12-14 16:11:19-227
Success : SEQ_READ : test1\c5a5e5562b038073\a39ea9c72a98de10\f398de59988a85e5,0:6743,2016-12-14 16:11:19-308,2016-12-14 16:11:19-455
Success : LS : test2\a94a8fe5ccb19ba6\2a5bd02710e975a7\,0:-1,2016-12-14 16:11:19-574,2016-12-14 16:11:19-740
Success : LS : test2\a94a8fe5ccb19ba6\,0:-1,2016-12-14 16:11:19-820,2016-12-14 16:11:19-991
Success : CREATE_FILE : test2\a94a8fe5ccb19ba6\2a5bd02710e975a7\6DB9241437027DCA,0:3330279,2016-12-14 16:11:20-065,2016-12-14 16:11:22-776
Success : LS : test2\a94a8fe5ccb19ba6\2a5bd02710e975a7\,0:-1,2016-12-14 16:11:22-857,2016-12-14 16:11:23-029
Success : CREATE_FILE : test2\a94a8fe5ccb19ba6\3351420C15AAE8CE,0:1514743,2016-12-14 16:11:23-099,2016-12-14 16:11:23-892
Success : LS : test2\a94a8fe5ccb19ba6\,0:-1,2016-12-14 16:11:23-965,2016-12-14 16:11:24-175
Success : CREATE_FILE : test2\a94a8fe5ccb19ba6\3ABDC8F240D77E23,0:2585835,2016-12-14 16:11:24-289,2016-12-14 16:11:26-227
Success : LS : test2\a94a8fe5ccb19ba6\,0:-1,2016-12-14 16:11:26-347,2016-12-14 16:11:26-525
Success : CREATE_FILE : test2\a94a8fe5ccb19ba6\0220E9D30075ECA4,0:1993983,2016-12-14 16:11:26-615,2016-12-14 16:11:27-898
Success : LS : test1\f71b43c3136efa4f\9f93e73d6896cb7b\,0:-1,2016-12-14 16:11:28-017,2016-12-14 16:11:28-179
Success : LS : test2\a94a8fe5ccb19ba6\2a5bd02710e975a7\,0:-1,2016-12-14 16:11:28-270,2016-12-14 16:11:28-466
Success : LS : test2\a94a8fe5ccb19ba6\,0:-1,2016-12-14 16:11:28-572,2016-12-14 16:11:28-768
Success : LS : test1\f71b43c3136efa4f\83404ffd78f534ff\,0:-1,2016-12-14 16:11:28-862,2016-12-14 16:11:29-061
Success : LS : test1\f71b43c3136efa4f\c7d9912886e5ccc7\,0:-1,2016-12-14 16:11:29-136,2016-12-14 16:11:29-298
Success : LS : test1\c5a5e5562b038073\0189424a5a60fed3\,0:-1,2016-12-14 16:11:29-369,2016-12-14 16:11:29-540
Success : LS : test2\a94a8fe5ccb19ba6\,0:-1,2016-12-14 16:11:29-657,2016-12-14 16:11:29-868
Success : CREATE_FILE : test2\a94a8fe5ccb19ba6\33B43D526DCC9208,0:1553619,2016-12-14 16:11:29-983,2016-12-14 16:11:30-800
Success : LS : test2\a94a8fe5ccb19ba6\,0:-1,2016-12-14 16:11:30-916,2016-12-14 16:11:31-127
Success : CREATE_FILE : test2\a94a8fe5ccb19ba6\2a5bd02710e975a7\299435CA67885D72,0:324392,2016-12-14 16:11:31-197,2016-12-14 16:11:31-437
Success : LS : test2\a94a8fe5ccb19ba6\2a5bd02710e975a7\,0:-1,2016-12-14 16:11:31-521,2016-12-14 16:11:31-745
Success : CREATE_FILE : test2\a94a8fe5ccb19ba6\2577D3A70DEEDD1F,0:1534629,2016-12-14 16:11:31-853,2016-12-14 16:11:32-660
Success : LS : test2\a94a8fe5ccb19ba6\,0:-1,2016-12-14 16:11:32-776,2016-12-14 16:11:32-954
Success : CREATE_FILE : test2\a94a8fe5ccb19ba6\750E3CCE770E80F4,0:376802,2016-12-14 16:11:33-224,2016-12-14 16:11:33-531
Success : LS : test1\f71b43c3136efa4f\52481749c0cdecd6\,0:-1,2016-12-14 16:11:33-608,2016-12-14 16:11:33-744
Success : LS : test1\f71b43c3136efa4f\9f93e73d6896cb7b\,0:-1,2016-12-14 16:11:33-849,2016-12-14 16:11:33-995
Success : LS : test1\f71b43c3136efa4f\83404ffd78f534ff\,0:-1,2016-12-14 16:11:34-103,2016-12-14 16:11:34-254
Success : LS : test1\f71b43c3136efa4f\9f93e73d6896cb7b\,0:-1,2016-12-14 16:11:34-361,2016-12-14 16:11:34-507
Success : SEQ_READ : test1\c5a5e5562b038073\fbe0d7653f0909cb,0:1611,2016-12-14 16:11:34-616,2016-12-14 16:11:34-773
Success : LS : test2\a94a8fe5ccb19ba6\2a5bd02710e975a7\,0:-1,2016-12-14 16:11:34-858,2016-12-14 16:11:35-034
Fail : LS : test1,0:-1,2016-12-14 16:11:35-114,2016-12-14 16:11:35-114
Reason : java.lang.StringIndexOutOfBoundsException: String index out of range: -1
Success : LS : test1\f71b43c3136efa4f\c7d9912886e5ccc7\,0:-1,2016-12-14 16:11:35-223,2016-12-14 16:11:35-415
Success : LS : test2\a94a8fe5ccb19ba6\,0:-1,2016-12-14 16:11:35-541,2016-12-14 16:11:35-704
Success : CREATE_FILE : test2\a94a8fe5ccb19ba6\1495F3F478395DCF,0:1476408,2016-12-14 16:11:35-800,2016-12-14 16:11:36-597
Success : LS : test2\a94a8fe5ccb19ba6\,0:-1,2016-12-14 16:11:36-720,2016-12-14 16:11:36-935
Success : CREATE_FILE : test2\a94a8fe5ccb19ba6\73006CF158DDC1B9,0:665618,2016-12-14 16:11:37-057,2016-12-14 16:11:37-270
Success : LS : test2\a94a8fe5ccb19ba6\,0:-1,2016-12-14 16:11:37-395,2016-12-14 16:11:37-641
Success : CREATE_FILE : test2\a94a8fe5ccb19ba6\65927A2E4D3C80C6,0:114802,2016-12-14 16:11:37-748,2016-12-14 16:11:37-953
Success : LS : test1\f71b43c3136efa4f\83404ffd78f534ff\,0:-1,2016-12-14 16:11:38-033,2016-12-14 16:11:38-173
Success : LS : test2\a94a8fe5ccb19ba6\,0:-1,2016-12-14 16:11:38-285,2016-12-14 16:11:38-475
Fail : LS : test1,0:-1,2016-12-14 16:11:38-565,2016-12-14 16:11:38-565
Reason : java.lang.StringIndexOutOfBoundsException: String index out of range: -1
Success : SEQ_READ : test1\c5a5e5562b038073\fbe0d7653f0909cb,0:1611,2016-12-14 16:11:38-674,2016-12-14 16:11:38-850
Success : LS : test1\c5a5e5562b038073\a39ea9c72a98de10\,0:-1,2016-12-14 16:11:38-969,2016-12-14 16:11:39-122
Success : LS : test1\c5a5e5562b038073\a39ea9c72a98de10\,0:-1,2016-12-14 16:11:39-239,2016-12-14 16:11:39-418
Success : SEQ_READ : test1\c5a5e5562b038073\738537f9a40e568b,0:17984,2016-12-14 16:11:39-524,2016-12-14 16:11:39-695
Success : LS : test2\a94a8fe5ccb19ba6\,0:-1,2016-12-14 16:11:39-789,2016-12-14 16:11:39-950
Success : CREATE_FILE : test2\a94a8fe5ccb19ba6\56F403747AC489A1,0:113154,2016-12-14 16:11:40-036,2016-12-14 16:11:40-194
Success : LS : test2\a94a8fe5ccb19ba6\,0:-1,2016-12-14 16:11:40-265,2016-12-14 16:11:40-522
Success : CREATE_FILE : test2\a94a8fe5ccb19ba6\1B854BF77DCC7DD0,0:1602443,2016-12-14 16:11:40-627,2016-12-14 16:11:41-512
Success : LS : test2\a94a8fe5ccb19ba6\,0:-1,2016-12-14 16:11:41-582,2016-12-14 16:11:41-790
Success : CREATE_FILE : test2\a94a8fe5ccb19ba6\74CDA1854FA27FEE,0:2958006,2016-12-14 16:11:41-898,2016-12-14 16:11:44-169
Fail : LS : test1,0:-1,2016-12-14 16:11:44-241,2016-12-14 16:11:44-241
Reason : java.lang.StringIndexOutOfBoundsException: String index out of range: -1
Success : LS : test2\a94a8fe5ccb19ba6\2a5bd02710e975a7\,0:-1,2016-12-14 16:11:44-353,2016-12-14 16:11:44-543
Success : LS : test1\f71b43c3136efa4f\83404ffd78f534ff\,0:-1,2016-12-14 16:11:44-618,2016-12-14 16:11:44-806
Success : LS : test2\a94a8fe5ccb19ba6\,0:-1,2016-12-14 16:11:44-880,2016-12-14 16:11:45-071
Success : CREATE_FILE : test2\a94a8fe5ccb19ba6\2a5bd02710e975a7\280D40CF52E0F19E,0:2287535,2016-12-14 16:11:45-165,2016-12-14 16:11:46-753
Success : LS : test2\a94a8fe5ccb19ba6\2a5bd02710e975a7\,0:-1,2016-12-14 16:11:46-831,2016-12-14 16:11:46-986
Success : CREATE_FILE : test2\a94a8fe5ccb19ba6\51B52F945A5A0925,0:1762284,2016-12-14 16:11:47-061,2016-12-14 16:11:48-135
Success : LS : test2\a94a8fe5ccb19ba6\,0:-1,2016-12-14 16:11:48-249,2016-12-14 16:11:48-452
Success : CREATE_FILE : test2\a94a8fe5ccb19ba6\436B6958004D0F56,0:3794903,2016-12-14 16:11:48-561,2016-12-14 16:11:51-895
Fail : LS : test1,0:-1,2016-12-14 16:11:52-010,2016-12-14 16:11:52-010
Reason : java.lang.StringIndexOutOfBoundsException: String index out of range: -1
Success : LS : test1\f71b43c3136efa4f\,0:-1,2016-12-14 16:11:52-097,2016-12-14 16:11:52-253
Fail : LS : test1,0:-1,2016-12-14 16:11:52-360,2016-12-14 16:11:52-360
Reason : java.lang.StringIndexOutOfBoundsException: String index out of range: -1
Success : LS : test1\c5a5e5562b038073\0189424a5a60fed3\,0:-1,2016-12-14 16:11:52-436,2016-12-14 16:11:52-641
Success : SEQ_READ : test1\f71b43c3136efa4f\9f93e73d6896cb7b\6670af231c096f09,0:129,2016-12-14 16:11:52-718,2016-12-14 16:11:52-868
Success : LS : test2\a94a8fe5ccb19ba6\2a5bd02710e975a7\,0:-1,2016-12-14 16:11:52-947,2016-12-14 16:11:53-105
Success : LS : test2\a94a8fe5ccb19ba6\2a5bd02710e975a7\,0:-1,2016-12-14 16:11:53-202,2016-12-14 16:11:53-439
Success : LS : test2\a94a8fe5ccb19ba6\,0:-1,2016-12-14 16:11:53-520,2016-12-14 16:11:53-703
Success : CREATE_FILE : test2\a94a8fe5ccb19ba6\4DBDD0360EEC3BB9,0:855359,2016-12-14 16:11:53-815,2016-12-14 16:11:54-052
Success : LS : test2\a94a8fe5ccb19ba6\,0:-1,2016-12-14 16:11:54-125,2016-12-14 16:11:54-285
Success : CREATE_FILE : test2\a94a8fe5ccb19ba6\2a5bd02710e975a7\200C39FB5D8C0513,0:1604904,2016-12-14 16:11:54-383,2016-12-14 16:11:55-254
Success : LS : test1\f71b43c3136efa4f\83404ffd78f534ff\,0:-1,2016-12-14 16:11:55-334,2016-12-14 16:11:55-524
Fail : LS : test1,0:-1,2016-12-14 16:11:55-639,2016-12-14 16:11:55-639
Reason : java.lang.StringIndexOutOfBoundsException: String index out of range: -1
Success : SEQ_READ : test2\bc9c8ba7ff351f3e,0:217984,2016-12-14 16:11:55-732,2016-12-14 16:11:55-928
Success : LS : test1\f71b43c3136efa4f\52481749c0cdecd6\,0:-1,2016-12-14 16:11:56-011,2016-12-14 16:11:56-154
Success : LS : test2\a94a8fe5ccb19ba6\,0:-1,2016-12-14 16:11:56-231,2016-12-14 16:11:56-423
Success : LS : test1\f71b43c3136efa4f\c7d9912886e5ccc7\,0:-1,2016-12-14 16:11:56-541,2016-12-14 16:11:56-699
Success : LS : test1\f71b43c3136efa4f\9f93e73d6896cb7b\,0:-1,2016-12-14 16:11:56-818,2016-12-14 16:11:57-007
Success : LS : test2\a94a8fe5ccb19ba6\2a5bd02710e975a7\,0:-1,2016-12-14 16:11:57-106,2016-12-14 16:11:57-259
Success : CREATE_FILE : test2\a94a8fe5ccb19ba6\4BB8AECD62F33310,0:3805818,2016-12-14 16:11:57-363,2016-12-14 16:12:00-539
Success : LS : test2\a94a8fe5ccb19ba6\,0:-1,2016-12-14 16:12:00-617,2016-12-14 16:12:00-810
Success : CREATE_FILE : test2\a94a8fe5ccb19ba6\334FA97F050265D9,0:3786252,2016-12-14 16:12:00-931,2016-12-14 16:12:04-177
Fail : LS : test1,0:-1,2016-12-14 16:12:04-260,2016-12-14 16:12:04-260
Reason : java.lang.StringIndexOutOfBoundsException: String index out of range: -1
Success : SEQ_READ : test2\a94a8fe5ccb19ba6\2a5bd02710e975a7\178db47a574c645f,0:257,2016-12-14 16:12:04-342,2016-12-14 16:12:04-537
Success : LS : test1\c5a5e5562b038073\a39ea9c72a98de10\,0:-1,2016-12-14 16:12:04-617,2016-12-14 16:12:04-801
Success : LS : test1\f71b43c3136efa4f\83404ffd78f534ff\,0:-1,2016-12-14 16:12:04-882,2016-12-14 16:12:05-040
Success : LS : test2\a94a8fe5ccb19ba6\,0:-1,2016-12-14 16:12:05-114,2016-12-14 16:12:05-292
Success : CREATE_FILE : test2\a94a8fe5ccb19ba6\046174A6394D09AC,0:2824372,2016-12-14 16:12:05-391,2016-12-14 16:12:07-552
Success : LS : test2\a94a8fe5ccb19ba6\,0:-1,2016-12-14 16:12:07-676,2016-12-14 16:12:07-864
Success : CREATE_FILE : test2\a94a8fe5ccb19ba6\77FEFABA1589F487,0:2101446,2016-12-14 16:12:07-945,2016-12-14 16:12:09-888
Success : LS : test2\a94a8fe5ccb19ba6\,0:-1,2016-12-14 16:12:10-003,2016-12-14 16:12:10-176
Success : CREATE_FILE : test2\a94a8fe5ccb19ba6\2a5bd02710e975a7\7E2C21BD37209439,0:1209013,2016-12-14 16:12:10-285,2016-12-14 16:12:10-715
Success : LS : test2\a94a8fe5ccb19ba6\2a5bd02710e975a7\,0:-1,2016-12-14 16:12:10-826,2016-12-14 16:12:11-003
Success : CREATE_FILE : test2\a94a8fe5ccb19ba6\2a5bd02710e975a7\55551E166265B780,0:531246,2016-12-14 16:12:11-079,2016-12-14 16:12:11-771
Success : LS : test2\a94a8fe5ccb19ba6\2a5bd02710e975a7\,0:-1,2016-12-14 16:12:11-890,2016-12-14 16:12:12-095
Success : CREATE_FILE : test2\a94a8fe5ccb19ba6\7AB2161E67113ABE,0:2280525,2016-12-14 16:12:12-208,2016-12-14 16:12:13-873
Success : LS : test1\c5a5e5562b038073\a39ea9c72a98de10\,0:-1,2016-12-14 16:12:13-964,2016-12-14 16:12:14-118
Success : LS : test2\a94a8fe5ccb19ba6\,0:-1,2016-12-14 16:12:14-188,2016-12-14 16:12:14-353
Success : LS : test2\a94a8fe5ccb19ba6\,0:-1,2016-12-14 16:12:14-445,2016-12-14 16:12:14-609
Success : SEQ_READ : test2\a94a8fe5ccb19ba6\2a5bd02710e975a7\3eef580036f1724a,0:257,2016-12-14 16:12:14-724,2016-12-14 16:12:14-915
Success : LS : test1\f71b43c3136efa4f\,0:-1,2016-12-14 16:12:14-986,2016-12-14 16:12:15-162
Success : LS : test2\a94a8fe5ccb19ba6\,0:-1,2016-12-14 16:12:15-232,2016-12-14 16:12:15-416
Success : LS : test2\a94a8fe5ccb19ba6\,0:-1,2016-12-14 16:12:15-515,2016-12-14 16:12:15-760
Success : CREATE_FILE : test2\a94a8fe5ccb19ba6\43A97376269B4CDB,0:2099802,2016-12-14 16:12:15-880,2016-12-14 16:12:17-231
Success : LS : test2\a94a8fe5ccb19ba6\,0:-1,2016-12-14 16:12:17-316,2016-12-14 16:12:17-467
Success : CREATE_FILE : test2\a94a8fe5ccb19ba6\2a5bd02710e975a7\2BF9438903C579D3,0:3395999,2016-12-14 16:12:17-539,2016-12-14 16:12:20-351
Success : LS : test2\a94a8fe5ccb19ba6\2a5bd02710e975a7\,0:-1,2016-12-14 16:12:20-427,2016-12-14 16:12:20-639
Success : CREATE_FILE : test2\a94a8fe5ccb19ba6\10C6380B45F4AA5C,0:3433840,2016-12-14 16:12:20-724,2016-12-14 16:12:23-560
Success : LS : test2\a94a8fe5ccb19ba6\,0:-1,2016-12-14 16:12:23-675,2016-12-14 16:12:23-852
Success : CREATE_FILE : test2\a94a8fe5ccb19ba6\306A43D96D4935ED,0:3493735,2016-12-14 16:12:23-936,2016-12-14 16:12:26-965
Success : LS : test1\f71b43c3136efa4f\52481749c0cdecd6\,0:-1,2016-12-14 16:12:27-078,2016-12-14 16:12:27-225
Success : SEQ_READ : test1\c5a5e5562b038073\2015a7ab48ae9a58,0:28672,2016-12-14 16:12:27-345,2016-12-14 16:12:27-496
Success : LS : test1\f71b43c3136efa4f\,0:-1,2016-12-14 16:12:27-581,2016-12-14 16:12:27-768
Success : LS : test1\f71b43c3136efa4f\83404ffd78f534ff\,0:-1,2016-12-14 16:12:27-860,2016-12-14 16:12:28-032
Success : LS : test1\f71b43c3136efa4f\52481749c0cdecd6\,0:-1,2016-12-14 16:12:28-126,2016-12-14 16:12:28-276
Success : LS : test2\a94a8fe5ccb19ba6\2a5bd02710e975a7\,0:-1,2016-12-14 16:12:28-396,2016-12-14 16:12:28-552
Success : LS : test2\a94a8fe5ccb19ba6\,0:-1,2016-12-14 16:12:28-701,2016-12-14 16:12:28-861
Success : CREATE_FILE : test2\a94a8fe5ccb19ba6\025FBD39345929B2,0:48672,2016-12-14 16:12:28-947,2016-12-14 16:12:29-105
Success : LS : test2\a94a8fe5ccb19ba6\,0:-1,2016-12-14 16:12:29-204,2016-12-14 16:12:29-435
Success : CREATE_FILE : test2\a94a8fe5ccb19ba6\2a5bd02710e975a7\4C40FDA541C1DB0D,0:1338683,2016-12-14 16:12:29-557,2016-12-14 16:12:30-234
Success : LS : test2\a94a8fe5ccb19ba6\2a5bd02710e975a7\,0:-1,2016-12-14 16:12:30-354,2016-12-14 16:12:30-510
Success : CREATE_FILE : test2\a94a8fe5ccb19ba6\0C0F0FAF5D30994A,0:1795217,2016-12-14 16:12:30-629,2016-12-14 16:12:31-713
Success : LS : test2\a94a8fe5ccb19ba6\,0:-1,2016-12-14 16:12:31-828,2016-12-14 16:12:31-996
Success : CREATE_FILE : test2\a94a8fe5ccb19ba6\7161A9E36E0A3A48,0:809648,2016-12-14 16:12:32-076,2016-12-14 16:12:32-314
Success : LS : test2\a94a8fe5ccb19ba6\2a5bd02710e975a7\,0:-1,2016-12-14 16:12:32-423,2016-12-14 16:12:32-617
Success : LS : test1\f71b43c3136efa4f\9f93e73d6896cb7b\,0:-1,2016-12-14 16:12:32-693,2016-12-14 16:12:32-867
Success : LS : test2\a94a8fe5ccb19ba6\2a5bd02710e975a7\,0:-1,2016-12-14 16:12:32-945,2016-12-14 16:12:33-168
Success : LS : test1\f71b43c3136efa4f\,0:-1,2016-12-14 16:12:33-268,2016-12-14 16:12:33-438
Success : SEQ_READ : test2\a94a8fe5ccb19ba6\2a5bd02710e975a7\3eef580036f1724a,0:257,2016-12-14 16:12:33-539,2016-12-14 16:12:33-713
Success : LS : test1\f71b43c3136efa4f\c7d9912886e5ccc7\,0:-1,2016-12-14 16:12:33-792,2016-12-14 16:12:33-934
Success : LS : test2\a94a8fe5ccb19ba6\,0:-1,2016-12-14 16:12:34-036,2016-12-14 16:12:34-245
Success : CREATE_FILE : test2\a94a8fe5ccb19ba6\1C1B46EF6DB8E036,0:3721163,2016-12-14 16:12:34-372,2016-12-14 16:12:37-965
Success : LS : test2\a94a8fe5ccb19ba6\,0:-1,2016-12-14 16:12:38-043,2016-12-14 16:12:38-240
Success : CREATE_FILE : test2\a94a8fe5ccb19ba6\2a5bd02710e975a7\58B0FBAE03B78268,0:4021748,2016-12-14 16:12:38-353,2016-12-14 16:12:42-010
Success : LS : test2\a94a8fe5ccb19ba6\2a5bd02710e975a7\,0:-1,2016-12-14 16:12:42-109,2016-12-14 16:12:42-292
Success : CREATE_FILE : test2\a94a8fe5ccb19ba6\0E97124E6CD84E2A,0:3830971,2016-12-14 16:12:42-399,2016-12-14 16:12:45-848
Success : LS : test2\a94a8fe5ccb19ba6\,0:-1,2016-12-14 16:12:45-948,2016-12-14 16:12:46-164
Success : CREATE_FILE : test2\a94a8fe5ccb19ba6\2a5bd02710e975a7\74961B933C58B2B4,0:1354996,2016-12-14 16:12:46-264,2016-12-14 16:12:46-892
Success : LS : test2\a94a8fe5ccb19ba6\,0:-1,2016-12-14 16:12:46-974,2016-12-14 16:12:47-148
Success : LS : test1\f71b43c3136efa4f\52481749c0cdecd6\,0:-1,2016-12-14 16:12:47-236,2016-12-14 16:12:47-432
Success : SEQ_READ : test1\c5a5e5562b038073\88fe52fe40fa2264,0:2854,2016-12-14 16:12:47-511,2016-12-14 16:12:47-704
Success : LS : test2\a94a8fe5ccb19ba6\2a5bd02710e975a7\,0:-1,2016-12-14 16:12:47-776,2016-12-14 16:12:47-936
Success : CREATE_FILE : test2\a94a8fe5ccb19ba6\2a5bd02710e975a7\4C4DCE7A3A58ED66,0:2013609,2016-12-14 16:12:48-054,2016-12-14 16:12:49-375
Success : LS : test2\a94a8fe5ccb19ba6\2a5bd02710e975a7\,0:-1,2016-12-14 16:12:49-469,2016-12-14 16:12:49-675
Success : CREATE_FILE : test2\a94a8fe5ccb19ba6\2a5bd02710e975a7\312DEF945547DA69,0:729566,2016-12-14 16:12:49-784,2016-12-14 16:12:50-027
Success : LS : test2\a94a8fe5ccb19ba6\2a5bd02710e975a7\,0:-1,2016-12-14 16:12:50-102,2016-12-14 16:12:50-310
Success : CREATE_FILE : test2\a94a8fe5ccb19ba6\6F113C7F75E7A6B6,0:1384306,2016-12-14 16:12:50-428,2016-12-14 16:12:51-085
Success : LS : test2\a94a8fe5ccb19ba6\,0:-1,2016-12-14 16:12:51-182,2016-12-14 16:12:51-389
Success : CREATE_FILE : test2\a94a8fe5ccb19ba6\2a5bd02710e975a7\2ADC69D50181957E,0:939579,2016-12-14 16:12:51-509,2016-12-14 16:12:51-790
Success : LS : test2\a94a8fe5ccb19ba6\2a5bd02710e975a7\,0:-1,2016-12-14 16:12:51-865,2016-12-14 16:12:52-021
Success : CREATE_FILE : test2\a94a8fe5ccb19ba6\49377AAE5E084FB8,0:1346542,2016-12-14 16:12:52-117,2016-12-14 16:12:52-721
Success : LS : test2\a94a8fe5ccb19ba6\,0:-1,2016-12-14 16:12:52-839,2016-12-14 16:12:53-019
Success : CREATE_FILE : test2\a94a8fe5ccb19ba6\3A8E424F6EA0BC15,0:832857,2016-12-14 16:12:53-096,2016-12-14 16:12:53-315
Success : LS : test1\f71b43c3136efa4f\,0:-1,2016-12-14 16:12:53-417,2016-12-14 16:12:53-600
Success : LS : test2\a94a8fe5ccb19ba6\,0:-1,2016-12-14 16:12:53-711,2016-12-14 16:12:53-870
Success : LS : test2\a94a8fe5ccb19ba6\,0:-1,2016-12-14 16:12:53-990,2016-12-14 16:12:54-154
Success : LS : test2\a94a8fe5ccb19ba6\2a5bd02710e975a7\,0:-1,2016-12-14 16:12:54-260,2016-12-14 16:12:54-440
Fail : LS : test1,0:-1,2016-12-14 16:12:54-510,2016-12-14 16:12:54-510
Reason : java.lang.StringIndexOutOfBoundsException: String index out of range: -1
Fail : LS : test1,0:-1,2016-12-14 16:12:54-579,2016-12-14 16:12:54-579
Reason : java.lang.StringIndexOutOfBoundsException: String index out of range: -1
Success : LS : test2\a94a8fe5ccb19ba6\,0:-1,2016-12-14 16:12:54-697,2016-12-14 16:12:54-905
Success : LS : test2\a94a8fe5ccb19ba6\,0:-1,2016-12-14 16:12:55-000,2016-12-14 16:12:55-168
Success : CREATE_FILE : test2\a94a8fe5ccb19ba6\2a5bd02710e975a7\37C48B4A1A73FCE5,0:209882,2016-12-14 16:12:55-240,2016-12-14 16:12:55-440
Success : LS : test2\a94a8fe5ccb19ba6\2a5bd02710e975a7\,0:-1,2016-12-14 16:12:55-539,2016-12-14 16:12:55-738
Success : CREATE_FILE : test2\a94a8fe5ccb19ba6\2a5bd02710e975a7\45172E586475AD6C,0:2800333,2016-12-14 16:12:55-856,2016-12-14 16:12:58-105
Success : LS : test2\a94a8fe5ccb19ba6\2a5bd02710e975a7\,0:-1,2016-12-14 16:12:58-224,2016-12-14 16:12:58-427
Success : CREATE_FILE : test2\a94a8fe5ccb19ba6\2a5bd02710e975a7\159B916B0D18BCFA,0:3848451,2016-12-14 16:12:58-530,2016-12-14 16:13:01-834
Fail : LS : test1,0:-1,2016-12-14 16:13:01-930,2016-12-14 16:13:01-930
Reason : java.lang.StringIndexOutOfBoundsException: String index out of range: -1
Success : LS : test2\a94a8fe5ccb19ba6\,0:-1,2016-12-14 16:13:02-007,2016-12-14 16:13:02-175
Success : LS : test2\a94a8fe5ccb19ba6\,0:-1,2016-12-14 16:13:02-265,2016-12-14 16:13:02-479
Success : LS : test2\a94a8fe5ccb19ba6\2a5bd02710e975a7\,0:-1,2016-12-14 16:13:02-589,2016-12-14 16:13:02-752
Success : CREATE_FILE : test2\a94a8fe5ccb19ba6\2a5bd02710e975a7\7D2889BF48A94D9D,0:1106984,2016-12-14 16:13:02-824,2016-12-14 16:13:03-171
Success : LS : test2\a94a8fe5ccb19ba6\2a5bd02710e975a7\,0:-1,2016-12-14 16:13:03-253,2016-12-14 16:13:03-416
Success : CREATE_FILE : test2\a94a8fe5ccb19ba6\2a5bd02710e975a7\6E63BE49125ED9D0,0:772796,2016-12-14 16:13:03-524,2016-12-14 16:13:03-791
Success : LS : test2\a94a8fe5ccb19ba6\2a5bd02710e975a7\,0:-1,2016-12-14 16:13:03-899,2016-12-14 16:13:04-069
Success : CREATE_FILE : test2\a94a8fe5ccb19ba6\2a5bd02710e975a7\547856533DE77CD1,0:2783776,2016-12-14 16:13:04-154,2016-12-14 16:13:06-249
Success : LS : test2\a94a8fe5ccb19ba6\2a5bd02710e975a7\,0:-1,2016-12-14 16:13:06-360,2016-12-14 16:13:06-543
Success : CREATE_FILE : test2\a94a8fe5ccb19ba6\3733C4BD08EBFD3D,0:3571549,2016-12-14 16:13:06-644,2016-12-14 16:13:09-580
Success : LS : test2\a94a8fe5ccb19ba6\,0:-1,2016-12-14 16:13:09-694,2016-12-14 16:13:09-855
Success : CREATE_FILE : test2\a94a8fe5ccb19ba6\08EA05A656B4DF46,0:2119976,2016-12-14 16:13:09-976,2016-12-14 16:13:11-374
Success : SEQ_READ : test1\f71b43c3136efa4f\c7d9912886e5ccc7\6670af231c096f09,0:129,2016-12-14 16:13:11-452,2016-12-14 16:13:11-671
Success : LS : test2\a94a8fe5ccb19ba6\,0:-1,2016-12-14 16:13:11-763,2016-12-14 16:13:11-963
Success : LS : test2\a94a8fe5ccb19ba6\2a5bd02710e975a7\,0:-1,2016-12-14 16:13:12-076,2016-12-14 16:13:12-245
Success : LS : test1\f71b43c3136efa4f\9f93e73d6896cb7b\,0:-1,2016-12-14 16:13:12-329,2016-12-14 16:13:12-466
Success : LS : test2\a94a8fe5ccb19ba6\,0:-1,2016-12-14 16:13:12-571,2016-12-14 16:13:12-784
Success : LS : test2\a94a8fe5ccb19ba6\,0:-1,2016-12-14 16:13:12-862,2016-12-14 16:13:13-012
Success : CREATE_FILE : test2\a94a8fe5ccb19ba6\1282F93C00555B7D,0:4001813,2016-12-14 16:13:13-102,2016-12-14 16:13:16-502
Success : LS : test2\a94a8fe5ccb19ba6\,0:-1,2016-12-14 16:13:16-575,2016-12-14 16:13:16-786
Success : CREATE_FILE : test2\a94a8fe5ccb19ba6\3F036DFD08411A8F,0:3347102,2016-12-14 16:13:16-884,2016-12-14 16:13:19-566
Success : LS : test2\a94a8fe5ccb19ba6\,0:-1,2016-12-14 16:13:19-673,2016-12-14 16:13:19-885
Success : CREATE_FILE : test2\a94a8fe5ccb19ba6\2a5bd02710e975a7\22502BA3707917A7,0:624295,2016-12-14 16:13:19-987,2016-12-14 16:13:20-200
Success : LS : test2\a94a8fe5ccb19ba6\2a5bd02710e975a7\,0:-1,2016-12-14 16:13:20-271,2016-12-14 16:13:20-435
Success : CREATE_FILE : test2\a94a8fe5ccb19ba6\4D94C87F590F8723,0:3860819,2016-12-14 16:13:20-534,2016-12-14 16:13:23-804
Success : LS : test2\a94a8fe5ccb19ba6\,0:-1,2016-12-14 16:13:23-904,2016-12-14 16:13:24-119
Success : LS : test1\c5a5e5562b038073\a39ea9c72a98de10\,0:-1,2016-12-14 16:13:24-230,2016-12-14 16:13:24-379
Success : LS : test1\f71b43c3136efa4f\,0:-1,2016-12-14 16:13:24-454,2016-12-14 16:13:24-596
Success : SEQ_READ : test2\a94a8fe5ccb19ba6\2a5bd02710e975a7\178db47a574c645f,0:257,2016-12-14 16:13:24-698,2016-12-14 16:13:24-852
Success : LS : test2\a94a8fe5ccb19ba6\,0:-1,2016-12-14 16:13:24-924,2016-12-14 16:13:25-093
Success : CREATE_FILE : test2\a94a8fe5ccb19ba6\2a5bd02710e975a7\60C5A76D48AE6B9F,0:2044911,2016-12-14 16:13:25-195,2016-12-14 16:13:26-598
Success : LS : test2\a94a8fe5ccb19ba6\2a5bd02710e975a7\,0:-1,2016-12-14 16:13:26-702,2016-12-14 16:13:26-869
Success : CREATE_FILE : test2\a94a8fe5ccb19ba6\5F42E9534647AE12,0:4008848,2016-12-14 16:13:26-959,2016-12-14 16:13:30-344
Success : LS : test2\a94a8fe5ccb19ba6\,0:-1,2016-12-14 16:13:30-453,2016-12-14 16:13:30-637
Success : CREATE_FILE : test2\a94a8fe5ccb19ba6\2a5bd02710e975a7\7168F28355F93381,0:2533604,2016-12-14 16:13:30-730,2016-12-14 16:13:32-585
Success : LS : test2\a94a8fe5ccb19ba6\2a5bd02710e975a7\,0:-1,2016-12-14 16:13:32-705,2016-12-14 16:13:32-868
Success : CREATE_FILE : test2\a94a8fe5ccb19ba6\4A996828031E919D,0:1457192,2016-12-14 16:13:32-966,2016-12-14 16:13:33-686
Success : LS : test2\a94a8fe5ccb19ba6\,0:-1,2016-12-14 16:13:33-774,2016-12-14 16:13:33-960
Success : CREATE_FILE : test2\a94a8fe5ccb19ba6\204CAF3F3B1217A8,0:2376872,2016-12-14 16:13:34-063,2016-12-14 16:13:35-735
Fail : LS : test1,0:-1,2016-12-14 16:13:35-814,2016-12-14 16:13:35-814
Reason : java.lang.StringIndexOutOfBoundsException: String index out of range: -1
Success : LS : test1\c5a5e5562b038073\,0:-1,2016-12-14 16:13:35-883,2016-12-14 16:13:36-074
Success : LS : test1\f71b43c3136efa4f\c7d9912886e5ccc7\,0:-1,2016-12-14 16:13:36-148,2016-12-14 16:13:36-292
Success : LS : test2\a94a8fe5ccb19ba6\,0:-1,2016-12-14 16:13:36-403,2016-12-14 16:13:36-624
Success : LS : test2\a94a8fe5ccb19ba6\,0:-1,2016-12-14 16:13:36-727,2016-12-14 16:13:36-908
Success : CREATE_FILE : test2\a94a8fe5ccb19ba6\2a5bd02710e975a7\15FE030A0C3BFE77,0:374950,2016-12-14 16:13:37-000,2016-12-14 16:13:37-181
Success : LS : test2\a94a8fe5ccb19ba6\2a5bd02710e975a7\,0:-1,2016-12-14 16:13:37-269,2016-12-14 16:13:37-475
Success : CREATE_FILE : test2\a94a8fe5ccb19ba6\0064DA3851FBD1DA,0:2938148,2016-12-14 16:13:37-550,2016-12-14 16:13:39-789
Success : LS : test2\a94a8fe5ccb19ba6\,0:-1,2016-12-14 16:13:39-874,2016-12-14 16:13:40-036
Success : CREATE_FILE : test2\a94a8fe5ccb19ba6\056C85172003B30A,0:2901040,2016-12-14 16:13:40-124,2016-12-14 16:13:42-320
Success : LS : test2\a94a8fe5ccb19ba6\,0:-1,2016-12-14 16:13:42-428,2016-12-14 16:13:42-591
Success : CREATE_FILE : test2\a94a8fe5ccb19ba6\620D104B30E298CD,0:1483017,2016-12-14 16:13:42-682,2016-12-14 16:13:43-438
Success : LS : test2\a94a8fe5ccb19ba6\,0:-1,2016-12-14 16:13:43-512,2016-12-14 16:13:43-683
Success : CREATE_FILE : test2\a94a8fe5ccb19ba6\2a5bd02710e975a7\48C2469725AAB32B,0:1059919,2016-12-14 16:13:43-773,2016-12-14 16:13:44-039
Success : SEQ_READ : test1\c5a5e5562b038073\a39ea9c72a98de10\4a90c52e52d54ede,0:1048,2016-12-14 16:13:44-122,2016-12-14 16:13:44-311
Success : LS : test2\a94a8fe5ccb19ba6\,0:-1,2016-12-14 16:13:44-395,2016-12-14 16:13:44-572
Success : LS : test1\f71b43c3136efa4f\9f93e73d6896cb7b\,0:-1,2016-12-14 16:13:44-665,2016-12-14 16:13:44-855
Success : LS : test1\f71b43c3136efa4f\c7d9912886e5ccc7\,0:-1,2016-12-14 16:13:44-964,2016-12-14 16:13:45-145
Success : LS : test1\f71b43c3136efa4f\c7d9912886e5ccc7\,0:-1,2016-12-14 16:13:45-239,2016-12-14 16:13:45-396
Success : LS : test2\a94a8fe5ccb19ba6\2a5bd02710e975a7\,0:-1,2016-12-14 16:13:45-472,2016-12-14 16:13:45-646
Success : CREATE_FILE : test2\a94a8fe5ccb19ba6\2a5bd02710e975a7\2EE8E98C3FBBFBEF,0:1773448,2016-12-14 16:13:45-742,2016-12-14 16:13:46-768
Success : LS : test2\a94a8fe5ccb19ba6\2a5bd02710e975a7\,0:-1,2016-12-14 16:13:46-844,2016-12-14 16:13:47-015
Success : CREATE_FILE : test2\a94a8fe5ccb19ba6\5FDAFE1E4B29181C,0:1610047,2016-12-14 16:13:47-095,2016-12-14 16:13:47-921
Success : LS : test2\a94a8fe5ccb19ba6\,0:-1,2016-12-14 16:13:47-999,2016-12-14 16:13:48-147
Success : CREATE_FILE : test2\a94a8fe5ccb19ba6\2a5bd02710e975a7\09E495C74911B73B,0:2903445,2016-12-14 16:13:48-266,2016-12-14 16:13:50-418
Success : LS : test2\a94a8fe5ccb19ba6\2a5bd02710e975a7\,0:-1,2016-12-14 16:13:50-492,2016-12-14 16:13:50-682
Success : CREATE_FILE : test2\a94a8fe5ccb19ba6\6037E91708302ABF,0:3105435,2016-12-14 16:13:50-799,2016-12-14 16:13:53-356
Success : LS : test2\a94a8fe5ccb19ba6\,0:-1,2016-12-14 16:13:53-428,2016-12-14 16:13:53-589
Success : CREATE_FILE : test2\a94a8fe5ccb19ba6\2a5bd02710e975a7\661B3E7E4AEE51A2,0:726508,2016-12-14 16:13:53-679,2016-12-14 16:13:53-979
Success : LS : test2\a94a8fe5ccb19ba6\2a5bd02710e975a7\,0:-1,2016-12-14 16:13:54-096,2016-12-14 16:13:54-306
Success : LS : test1\f71b43c3136efa4f\83404ffd78f534ff\,0:-1,2016-12-14 16:13:54-379,2016-12-14 16:13:54-541
Success : LS : test1\f71b43c3136efa4f\52481749c0cdecd6\,0:-1,2016-12-14 16:13:54-636,2016-12-14 16:13:54-779
Success : LS : test1\f71b43c3136efa4f\9f93e73d6896cb7b\,0:-1,2016-12-14 16:13:54-848,2016-12-14 16:13:55-031
Success : LS : test1\f71b43c3136efa4f\c7d9912886e5ccc7\,0:-1,2016-12-14 16:13:55-128,2016-12-14 16:13:55-305
Success : LS : test1\f71b43c3136efa4f\9f93e73d6896cb7b\,0:-1,2016-12-14 16:13:55-417,2016-12-14 16:13:55-608
Success : LS : test1\f71b43c3136efa4f\52481749c0cdecd6\,0:-1,2016-12-14 16:13:55-684,2016-12-14 16:13:55-853
Success : LS : test1\f71b43c3136efa4f\9f93e73d6896cb7b\,0:-1,2016-12-14 16:13:55-934,2016-12-14 16:13:56-091
Success : LS : test2\a94a8fe5ccb19ba6\2a5bd02710e975a7\,0:-1,2016-12-14 16:13:56-161,2016-12-14 16:13:56-356
Success : CREATE_FILE : test2\a94a8fe5ccb19ba6\4CC400FF4820A4D5,0:1582988,2016-12-14 16:13:56-434,2016-12-14 16:13:57-269
Success : LS : test2\a94a8fe5ccb19ba6\,0:-1,2016-12-14 16:13:57-348,2016-12-14 16:13:57-589
Success : CREATE_FILE : test2\a94a8fe5ccb19ba6\571970706ED9F128,0:105824,2016-12-14 16:13:57-702,2016-12-14 16:13:57-866
Success : LS : test2\a94a8fe5ccb19ba6\2a5bd02710e975a7\,0:-1,2016-12-14 16:13:57-945,2016-12-14 16:13:58-100
Fail : LS : test1,0:-1,2016-12-14 16:13:58-176,2016-12-14 16:13:58-176
Reason : java.lang.StringIndexOutOfBoundsException: String index out of range: -1
Success : LS : test2\a94a8fe5ccb19ba6\2a5bd02710e975a7\,0:-1,2016-12-14 16:13:58-250,2016-12-14 16:13:58-399
Success : LS : test1\c5a5e5562b038073\0189424a5a60fed3\,0:-1,2016-12-14 16:13:58-490,2016-12-14 16:13:58-635
Success : LS : test2\a94a8fe5ccb19ba6\2a5bd02710e975a7\,0:-1,2016-12-14 16:13:58-707,2016-12-14 16:13:58-879
Success : LS : test2\a94a8fe5ccb19ba6\,0:-1,2016-12-14 16:13:58-977,2016-12-14 16:13:59-139
Success : CREATE_FILE : test2\a94a8fe5ccb19ba6\79F560D14B05104B,0:3001689,2016-12-14 16:13:59-235,2016-12-14 16:14:01-635
Success : LS : test2\a94a8fe5ccb19ba6\,0:-1,2016-12-14 16:14:01-712,2016-12-14 16:14:01-874
Success : CREATE_FILE : test2\a94a8fe5ccb19ba6\2a5bd02710e975a7\741CCFBF6BA6A1E6,0:1985223,2016-12-14 16:14:01-956,2016-12-14 16:14:03-293
Success : LS : test2\a94a8fe5ccb19ba6\2a5bd02710e975a7\,0:-1,2016-12-14 16:14:03-393,2016-12-14 16:14:03-552
Success : CREATE_FILE : test2\a94a8fe5ccb19ba6\00E648D61446E829,0:815712,2016-12-14 16:14:03-641,2016-12-14 16:14:03-936
Success : LS : test2\a94a8fe5ccb19ba6\,0:-1,2016-12-14 16:14:04-031,2016-12-14 16:14:04-194
Success : CREATE_FILE : test2\a94a8fe5ccb19ba6\35A28CA8148EE86A,0:2344689,2016-12-14 16:14:04-290,2016-12-14 16:14:05-924
Success : LS : test2\a94a8fe5ccb19ba6\,0:-1,2016-12-14 16:14:06-037,2016-12-14 16:14:06-210
Success : CREATE_FILE : test2\a94a8fe5ccb19ba6\2a5bd02710e975a7\3847B82E2E8920DE,0:1721453,2016-12-14 16:14:06-314,2016-12-14 16:14:07-295
Success : LS : test2\a94a8fe5ccb19ba6\,0:-1,2016-12-14 16:14:07-409,2016-12-14 16:14:07-624
Success : LS : test2\a94a8fe5ccb19ba6\2a5bd02710e975a7\,0:-1,2016-12-14 16:14:07-702,2016-12-14 16:14:07-906
Success : LS : test1\f71b43c3136efa4f\9f93e73d6896cb7b\,0:-1,2016-12-14 16:14:07-988,2016-12-14 16:14:08-125
Success : LS : test2\a94a8fe5ccb19ba6\2a5bd02710e975a7\,0:-1,2016-12-14 16:14:08-249,2016-12-14 16:14:08-401
Success : LS : test2\a94a8fe5ccb19ba6\2a5bd02710e975a7\,0:-1,2016-12-14 16:14:08-476,2016-12-14 16:14:08-630
Success : CREATE_FILE : test2\a94a8fe5ccb19ba6\361A2B020902B3E8,0:2538225,2016-12-14 16:14:08-708,2016-12-14 16:14:10-626
Success : LS : test2\a94a8fe5ccb19ba6\,0:-1,2016-12-14 16:14:10-702,2016-12-14 16:14:10-908
Success : CREATE_FILE : test2\a94a8fe5ccb19ba6\0BDA91746973E5AF,0:579616,2016-12-14 16:14:10-994,2016-12-14 16:14:11-217
Success : LS : test2\a94a8fe5ccb19ba6\,0:-1,2016-12-14 16:14:11-297,2016-12-14 16:14:11-449
Success : CREATE_FILE : test2\a94a8fe5ccb19ba6\0B5516FD72AB9421,0:2337057,2016-12-14 16:14:11-536,2016-12-14 16:14:13-167
Success : LS : test2\a94a8fe5ccb19ba6\,0:-1,2016-12-14 16:14:13-276,2016-12-14 16:14:13-533
Success : CREATE_FILE : test2\a94a8fe5ccb19ba6\2a5bd02710e975a7\567047F05A9A1C22,0:330632,2016-12-14 16:14:13-652,2016-12-14 16:14:13-846
Success : LS : test1\f71b43c3136efa4f\83404ffd78f534ff\,0:-1,2016-12-14 16:14:13-949,2016-12-14 16:14:14-108
Success : LS : test1\f71b43c3136efa4f\,0:-1,2016-12-14 16:14:14-181,2016-12-14 16:14:14-370
Success : LS : test1\c5a5e5562b038073\,0:-1,2016-12-14 16:14:14-481,2016-12-14 16:14:14-642
Success : LS : test1\f71b43c3136efa4f\,0:-1,2016-12-14 16:14:14-765,2016-12-14 16:14:14-947
Success : SEQ_READ : test1\c5a5e5562b038073\2d77b1044a6c5c82,0:764416,2016-12-14 16:14:15-020,2016-12-14 16:14:15-180
Success : LS : test2\a94a8fe5ccb19ba6\2a5bd02710e975a7\,0:-1,2016-12-14 16:14:15-275,2016-12-14 16:14:15-427
Success : CREATE_FILE : test2\a94a8fe5ccb19ba6\338AA7EC67CDEEEF,0:1617794,2016-12-14 16:14:15-506,2016-12-14 16:14:16-406
Success : LS : test2\a94a8fe5ccb19ba6\,0:-1,2016-12-14 16:14:16-513,2016-12-14 16:14:16-719
Success : CREATE_FILE : test2\a94a8fe5ccb19ba6\459492D42A10FEFB,0:2250215,2016-12-14 16:14:16-839,2016-12-14 16:14:18-407
Success : LS : test2\a94a8fe5ccb19ba6\,0:-1,2016-12-14 16:14:18-522,2016-12-14 16:14:18-690
Success : CREATE_FILE : test2\a94a8fe5ccb19ba6\2a5bd02710e975a7\535F009A65C8A2C4,0:73945,2016-12-14 16:14:18-794,2016-12-14 16:14:18-997
Success : LS : test2\a94a8fe5ccb19ba6\2a5bd02710e975a7\,0:-1,2016-12-14 16:14:19-106,2016-12-14 16:14:19-315
Success : CREATE_FILE : test2\a94a8fe5ccb19ba6\2a5bd02710e975a7\6EB996C92EC067C0,0:2895812,2016-12-14 16:14:19-423,2016-12-14 16:14:21-693
Success : LS : test1\f71b43c3136efa4f\,0:-1,2016-12-14 16:14:21-765,2016-12-14 16:14:21-902
Fail : LS : test1,0:-1,2016-12-14 16:14:22-021,2016-12-14 16:14:22-022
Reason : java.lang.StringIndexOutOfBoundsException: String index out of range: -1
Success : LS : test1\f71b43c3136efa4f\,0:-1,2016-12-14 16:14:22-125,2016-12-14 16:14:22-352
Success : LS : test1\c5a5e5562b038073\,0:-1,2016-12-14 16:14:22-447,2016-12-14 16:14:22-651
Success : LS : test1\f71b43c3136efa4f\c7d9912886e5ccc7\,0:-1,2016-12-14 16:14:22-778,2016-12-14 16:14:22-984
Fail : LS : test1,0:-1,2016-12-14 16:14:23-060,2016-12-14 16:14:23-061
Reason : java.lang.StringIndexOutOfBoundsException: String index out of range: -1
Success : LS : test2\a94a8fe5ccb19ba6\2a5bd02710e975a7\,0:-1,2016-12-14 16:14:23-131,2016-12-14 16:14:23-308
Success : CREATE_FILE : test2\a94a8fe5ccb19ba6\38186BAA37CBFFAB,0:1893264,2016-12-14 16:14:23-402,2016-12-14 16:14:24-709
Success : LS : test2\a94a8fe5ccb19ba6\,0:-1,2016-12-14 16:14:24-830,2016-12-14 16:14:24-988
Success : CREATE_FILE : test2\a94a8fe5ccb19ba6\2a5bd02710e975a7\25FAFDEA11B7D98A,0:64502,2016-12-14 16:14:25-107,2016-12-14 16:14:25-280
Success : LS : test2\a94a8fe5ccb19ba6\2a5bd02710e975a7\,0:-1,2016-12-14 16:14:25-377,2016-12-14 16:14:25-564
Success : CREATE_FILE : test2\a94a8fe5ccb19ba6\2a5bd02710e975a7\78E8E60740439556,0:1404365,2016-12-14 16:14:25-657,2016-12-14 16:14:26-276
Success : LS : test2\a94a8fe5ccb19ba6\2a5bd02710e975a7\,0:-1,2016-12-14 16:14:26-378,2016-12-14 16:14:26-539
Success : CREATE_FILE : test2\a94a8fe5ccb19ba6\5737901A670FB7A2,0:2891284,2016-12-14 16:14:26-639,2016-12-14 16:14:28-945
Success : LS : test1\c5a5e5562b038073\a39ea9c72a98de10\,0:-1,2016-12-14 16:14:29-025,2016-12-14 16:14:29-166
Success : LS : test1\f71b43c3136efa4f\83404ffd78f534ff\,0:-1,2016-12-14 16:14:29-255,2016-12-14 16:14:29-402
Success : LS : test1\f71b43c3136efa4f\9f93e73d6896cb7b\,0:-1,2016-12-14 16:14:29-511,2016-12-14 16:14:29-673
Success : LS : test2\a94a8fe5ccb19ba6\2a5bd02710e975a7\,0:-1,2016-12-14 16:14:29-748,2016-12-14 16:14:29-953
Success : LS : test1\f71b43c3136efa4f\52481749c0cdecd6\,0:-1,2016-12-14 16:14:30-053,2016-12-14 16:14:30-214
Success : LS : test1\f71b43c3136efa4f\c7d9912886e5ccc7\,0:-1,2016-12-14 16:14:30-310,2016-12-14 16:14:30-466
Success : LS : test1\f71b43c3136efa4f\83404ffd78f534ff\,0:-1,2016-12-14 16:14:30-535,2016-12-14 16:14:30-729
Success : LS : test1\c5a5e5562b038073\a39ea9c72a98de10\,0:-1,2016-12-14 16:14:30-831,2016-12-14 16:14:31-012
Success : LS : test2\a94a8fe5ccb19ba6\,0:-1,2016-12-14 16:14:31-082,2016-12-14 16:14:31-234
Success : CREATE_FILE : test2\a94a8fe5ccb19ba6\05E0F16263CA464C,0:3054116,2016-12-14 16:14:31-313,2016-12-14 16:14:33-701
Success : LS : test2\a94a8fe5ccb19ba6\,0:-1,2016-12-14 16:14:33-779,2016-12-14 16:14:33-932
Success : CREATE_FILE : test2\a94a8fe5ccb19ba6\2a5bd02710e975a7\4EA864130C336562,0:2610797,2016-12-14 16:14:34-024,2016-12-14 16:14:35-940
Success : LS : test1\f71b43c3136efa4f\c7d9912886e5ccc7\,0:-1,2016-12-14 16:14:36-024,2016-12-14 16:14:36-164
Success : LS : test2\a94a8fe5ccb19ba6\2a5bd02710e975a7\,0:-1,2016-12-14 16:14:36-273,2016-12-14 16:14:36-435
Success : LS : test1\f71b43c3136efa4f\9f93e73d6896cb7b\,0:-1,2016-12-14 16:14:36-508,2016-12-14 16:14:36-647
Success : LS : test2\a94a8fe5ccb19ba6\2a5bd02710e975a7\,0:-1,2016-12-14 16:14:36-717,2016-12-14 16:14:36-868
Success : CREATE_FILE : test2\a94a8fe5ccb19ba6\60ED2FA46184AB0F,0:25655,2016-12-14 16:14:36-962,2016-12-14 16:14:37-118
Success : LS : test2\a94a8fe5ccb19ba6\,0:-1,2016-12-14 16:14:37-196,2016-12-14 16:14:37-427
Success : CREATE_FILE : test2\a94a8fe5ccb19ba6\2a5bd02710e975a7\3B162DEB33991B51,0:3318781,2016-12-14 16:14:37-536,2016-12-14 16:14:40-180
Success : LS : test2\a94a8fe5ccb19ba6\2a5bd02710e975a7\,0:-1,2016-12-14 16:14:40-277,2016-12-14 16:14:40-437
