Success : LS : test2\a94a8fe5ccb19ba6\,0:-1,2016-12-14 14:47:57-835,2016-12-14 14:47:58-043
Success : LS : test1\f71b43c3136efa4f\,0:-1,2016-12-14 14:47:58-148,2016-12-14 14:47:58-212
Success : LS : test2\a94a8fe5ccb19ba6\,0:-1,2016-12-14 14:47:58-295,2016-12-14 14:47:58-382
Success : CREATE_FILE : test2\a94a8fe5ccb19ba6\2a5bd02710e975a7\31A958E20DC4ED6D,0:845464,2016-12-14 14:47:58-480,2016-12-14 14:47:59-036
Success : SEQ_READ : test2\1a7683b6645f9b6a,0:14529,2016-12-14 14:47:59-161,2016-12-14 14:47:59-265
Success : SEQ_READ : test2\1a7683b6645f9b6a,0:14529,2016-12-14 14:47:59-372,2016-12-14 14:47:59-437
Success : LS : test2\a94a8fe5ccb19ba6\,0:-1,2016-12-14 14:47:59-558,2016-12-14 14:47:59-651
Success : LS : test2\a94a8fe5ccb19ba6\2a5bd02710e975a7\,0:-1,2016-12-14 14:47:59-737,2016-12-14 14:47:59-812
Success : CREATE_FILE : test2\a94a8fe5ccb19ba6\1D21A43D58F1C5A0,0:2460780,2016-12-14 14:47:59-914,2016-12-14 14:48:02-454
Success : SEQ_READ : test1\c5a5e5562b038073\0189424a5a60fed3\46a8219c2ae6c782,0:1544228,2016-12-14 14:48:02-580,2016-12-14 14:48:02-659
Success : SEQ_READ : test1\c5a5e5562b038073\fbe0d7653f0909cb,0:1611,2016-12-14 14:48:02-738,2016-12-14 14:48:02-801
Fail : LS : test1,0:-1,2016-12-14 14:48:02-881,2016-12-14 14:48:02-882
Reason : java.lang.StringIndexOutOfBoundsException: String index out of range: -1
Success : SEQ_READ : test1\c5a5e5562b038073\c7734a16bf12bb03,0:364726,2016-12-14 14:48:02-961,2016-12-14 14:48:03-051
Success : LS : test1\f71b43c3136efa4f\83404ffd78f534ff\,0:-1,2016-12-14 14:48:03-140,2016-12-14 14:48:03-211
Success : LS : test2\a94a8fe5ccb19ba6\,0:-1,2016-12-14 14:48:03-289,2016-12-14 14:48:03-370
Success : CREATE_FILE : test2\a94a8fe5ccb19ba6\2a5bd02710e975a7\0BE7DAF83CEA4D7A,0:1302139,2016-12-14 14:48:03-518,2016-12-14 14:48:04-436
Success : LS : test2\a94a8fe5ccb19ba6\2a5bd02710e975a7\,0:-1,2016-12-14 14:48:04-514,2016-12-14 14:48:04-585
Success : CREATE_FILE : test2\a94a8fe5ccb19ba6\2a5bd02710e975a7\5AF12CFD76FF9F40,0:1707604,2016-12-14 14:48:04-704,2016-12-14 14:48:06-077
Success : LS : test1\f71b43c3136efa4f\83404ffd78f534ff\,0:-1,2016-12-14 14:48:06-204,2016-12-14 14:48:06-282
Success : SEQ_READ : test1\f71b43c3136efa4f\52481749c0cdecd6\6670af231c096f09,0:129,2016-12-14 14:48:06-360,2016-12-14 14:48:06-421
Success : LS : test2\a94a8fe5ccb19ba6\,0:-1,2016-12-14 14:48:06-546,2016-12-14 14:48:06-638
Success : LS : test1\c5a5e5562b038073\,0:-1,2016-12-14 14:48:06-729,2016-12-14 14:48:06-821
Success : SEQ_READ : test1\c5a5e5562b038073\7b7f22b30cf50087,0:3126,2016-12-14 14:48:06-926,2016-12-14 14:48:07-124
Fail : LS : test1,0:-1,2016-12-14 14:48:07-216,2016-12-14 14:48:07-217
Reason : java.lang.StringIndexOutOfBoundsException: String index out of range: -1
Success : LS : test1\f71b43c3136efa4f\9f93e73d6896cb7b\,0:-1,2016-12-14 14:48:07-293,2016-12-14 14:48:07-359
Success : LS : test2\a94a8fe5ccb19ba6\2a5bd02710e975a7\,0:-1,2016-12-14 14:48:07-435,2016-12-14 14:48:07-504
Success : LS : test2\a94a8fe5ccb19ba6\2a5bd02710e975a7\,0:-1,2016-12-14 14:48:07-578,2016-12-14 14:48:07-649
Success : CREATE_FILE : test2\a94a8fe5ccb19ba6\67F6B874635D2228,0:1187613,2016-12-14 14:48:07-726,2016-12-14 14:48:08-808
Success : LS : test2\a94a8fe5ccb19ba6\,0:-1,2016-12-14 14:48:08-935,2016-12-14 14:48:09-059
Success : CREATE_FILE : test2\a94a8fe5ccb19ba6\2a5bd02710e975a7\4E79B0AC7A6429D9,0:935072,2016-12-14 14:48:09-178,2016-12-14 14:48:09-664
Success : LS : test1\f71b43c3136efa4f\,0:-1,2016-12-14 14:48:09-790,2016-12-14 14:48:09-877
Success : SEQ_READ : test2\8da7cc13802eefe0,0:22987191,2016-12-14 14:48:09-964,2016-12-14 14:48:10-055
Success : LS : test1\c5a5e5562b038073\0189424a5a60fed3\,0:-1,2016-12-14 14:48:10-140,2016-12-14 14:48:10-204
Success : SEQ_READ : test1\f71b43c3136efa4f\9f93e73d6896cb7b\6670af231c096f09,0:129,2016-12-14 14:48:10-282,2016-12-14 14:48:10-636
Success : SEQ_READ : test2\a94a8fe5ccb19ba6\2a5bd02710e975a7\3eef580036f1724a,0:257,2016-12-14 14:48:10-716,2016-12-14 14:48:10-801
Success : LS : test2\a94a8fe5ccb19ba6\,0:-1,2016-12-14 14:48:10-921,2016-12-14 14:48:11-010
Success : LS : test1\f71b43c3136efa4f\9f93e73d6896cb7b\,0:-1,2016-12-14 14:48:11-124,2016-12-14 14:48:11-194
Success : LS : test2\a94a8fe5ccb19ba6\2a5bd02710e975a7\,0:-1,2016-12-14 14:48:11-313,2016-12-14 14:48:11-407
Success : CREATE_FILE : test2\a94a8fe5ccb19ba6\2a5bd02710e975a7\74666F714AACBE50,0:1491649,2016-12-14 14:48:11-489,2016-12-14 14:48:13-509
Success : LS : test2\a94a8fe5ccb19ba6\2a5bd02710e975a7\,0:-1,2016-12-14 14:48:13-635,2016-12-14 14:48:13-716
Success : CREATE_FILE : test2\a94a8fe5ccb19ba6\3D09E2032EBEFD76,0:3809491,2016-12-14 14:48:13-842,2016-12-14 14:48:17-389
Success : LS : test2\a94a8fe5ccb19ba6\,0:-1,2016-12-14 14:48:17-515,2016-12-14 14:48:17-601
Success : SEQ_READ : test1\c5a5e5562b038073\c7734a16bf12bb03,0:364726,2016-12-14 14:48:17-677,2016-12-14 14:48:17-789
Success : LS : test1\f71b43c3136efa4f\52481749c0cdecd6\,0:-1,2016-12-14 14:48:17-901,2016-12-14 14:48:17-972
Success : LS : test2\a94a8fe5ccb19ba6\,0:-1,2016-12-14 14:48:18-048,2016-12-14 14:48:18-186
Fail : LS : test1,0:-1,2016-12-14 14:48:18-310,2016-12-14 14:48:18-310
Reason : java.lang.StringIndexOutOfBoundsException: String index out of range: -1
Fail : LS : test1,0:-1,2016-12-14 14:48:18-442,2016-12-14 14:48:18-443
Reason : java.lang.StringIndexOutOfBoundsException: String index out of range: -1
Success : LS : test2\a94a8fe5ccb19ba6\,0:-1,2016-12-14 14:48:18-541,2016-12-14 14:48:18-617
Success : CREATE_FILE : test2\a94a8fe5ccb19ba6\2a5bd02710e975a7\4A2250A742458698,0:1832817,2016-12-14 14:48:18-697,2016-12-14 14:48:20-232
Success : LS : test2\a94a8fe5ccb19ba6\2a5bd02710e975a7\,0:-1,2016-12-14 14:48:20-353,2016-12-14 14:48:20-480
Success : CREATE_FILE : test2\a94a8fe5ccb19ba6\2a5bd02710e975a7\09C1A8FF2618B07A,0:1014457,2016-12-14 14:48:20-606,2016-12-14 14:48:21-062
Success : LS : test1\f71b43c3136efa4f\9f93e73d6896cb7b\,0:-1,2016-12-14 14:48:21-186,2016-12-14 14:48:21-809
Success : LS : test2\a94a8fe5ccb19ba6\2a5bd02710e975a7\,0:-1,2016-12-14 14:48:21-926,2016-12-14 14:48:22-007
Success : LS : test2\a94a8fe5ccb19ba6\2a5bd02710e975a7\,0:-1,2016-12-14 14:48:22-098,2016-12-14 14:48:22-176
Success : LS : test2\a94a8fe5ccb19ba6\2a5bd02710e975a7\,0:-1,2016-12-14 14:48:22-252,2016-12-14 14:48:22-325
Success : CREATE_FILE : test2\a94a8fe5ccb19ba6\76DC982048529E3C,0:3233330,2016-12-14 14:48:22-419,2016-12-14 14:48:25-209
Success : LS : test2\a94a8fe5ccb19ba6\,0:-1,2016-12-14 14:48:25-287,2016-12-14 14:48:25-385
Success : CREATE_FILE : test2\a94a8fe5ccb19ba6\2a5bd02710e975a7\4A8188EA076DD8B1,0:3298029,2016-12-14 14:48:25-467,2016-12-14 14:48:28-333
Success : LS : test2\a94a8fe5ccb19ba6\2a5bd02710e975a7\,0:-1,2016-12-14 14:48:28-413,2016-12-14 14:48:28-515
Success : CREATE_FILE : test2\a94a8fe5ccb19ba6\32D7379571EFE589,0:93363,2016-12-14 14:48:28-639,2016-12-14 14:48:28-839
Success : LS : test2\a94a8fe5ccb19ba6\,0:-1,2016-12-14 14:48:28-963,2016-12-14 14:48:29-080
Success : CREATE_FILE : test2\a94a8fe5ccb19ba6\2BD09E0A6AAEE34D,0:381047,2016-12-14 14:48:29-204,2016-12-14 14:48:30-286
Success : LS : test2\a94a8fe5ccb19ba6\,0:-1,2016-12-14 14:48:30-412,2016-12-14 14:48:30-512
Success : CREATE_FILE : test2\a94a8fe5ccb19ba6\2a5bd02710e975a7\3B713E2107EDB405,0:3902586,2016-12-14 14:48:30-596,2016-12-14 14:48:34-096
Success : LS : test1\f71b43c3136efa4f\52481749c0cdecd6\,0:-1,2016-12-14 14:48:34-205,2016-12-14 14:48:34-269
Success : LS : test2\a94a8fe5ccb19ba6\,0:-1,2016-12-14 14:48:34-345,2016-12-14 14:48:34-420
Success : LS : test1\c5a5e5562b038073\0189424a5a60fed3\,0:-1,2016-12-14 14:48:34-525,2016-12-14 14:48:34-604
Success : LS : test1\c5a5e5562b038073\0189424a5a60fed3\,0:-1,2016-12-14 14:48:34-680,2016-12-14 14:48:34-742
Success : LS : test1\c5a5e5562b038073\a39ea9c72a98de10\,0:-1,2016-12-14 14:48:34-818,2016-12-14 14:48:34-919
Success : LS : test2\a94a8fe5ccb19ba6\,0:-1,2016-12-14 14:48:35-040,2016-12-14 14:48:35-174
Success : LS : test1\f71b43c3136efa4f\52481749c0cdecd6\,0:-1,2016-12-14 14:48:35-252,2016-12-14 14:48:35-316
Success : LS : test1\c5a5e5562b038073\,0:-1,2016-12-14 14:48:35-392,2016-12-14 14:48:35-456
Success : LS : test2\a94a8fe5ccb19ba6\2a5bd02710e975a7\,0:-1,2016-12-14 14:48:35-581,2016-12-14 14:48:35-663
Success : CREATE_FILE : test2\a94a8fe5ccb19ba6\2a5bd02710e975a7\3C3BC23F789BBEF0,0:2072970,2016-12-14 14:48:35-743,2016-12-14 14:48:37-541
Success : LS : test2\a94a8fe5ccb19ba6\2a5bd02710e975a7\,0:-1,2016-12-14 14:48:37-616,2016-12-14 14:48:37-689
Success : CREATE_FILE : test2\a94a8fe5ccb19ba6\2a5bd02710e975a7\5ED137685FED2766,0:2799829,2016-12-14 14:48:37-800,2016-12-14 14:48:40-323
Success : LS : test2\a94a8fe5ccb19ba6\2a5bd02710e975a7\,0:-1,2016-12-14 14:48:40-398,2016-12-14 14:48:40-469
Success : CREATE_FILE : test2\a94a8fe5ccb19ba6\2a5bd02710e975a7\5C81C60F31F06009,0:1055397,2016-12-14 14:48:40-586,2016-12-14 14:48:41-967
Success : LS : test1\f71b43c3136efa4f\9f93e73d6896cb7b\,0:-1,2016-12-14 14:48:42-087,2016-12-14 14:48:42-159
Success : SEQ_READ : test1\c5a5e5562b038073\0189424a5a60fed3\feb6a1968982109d,0:20126138,2016-12-14 14:48:42-273,2016-12-14 14:48:42-348
Success : SEQ_READ : test2\acde102dac5bbe15,0:6030,2016-12-14 14:48:42-424,2016-12-14 14:48:42-485
Success : SEQ_READ : test1\c5a5e5562b038073\c7734a16bf12bb03,0:364726,2016-12-14 14:48:42-567,2016-12-14 14:48:42-678
Success : LS : test1\f71b43c3136efa4f\9f93e73d6896cb7b\,0:-1,2016-12-14 14:48:42-760,2016-12-14 14:48:42-915
Success : LS : test2\a94a8fe5ccb19ba6\,0:-1,2016-12-14 14:48:43-034,2016-12-14 14:48:43-123
Success : LS : test2\a94a8fe5ccb19ba6\2a5bd02710e975a7\,0:-1,2016-12-14 14:48:43-207,2016-12-14 14:48:43-278
Success : CREATE_FILE : test2\a94a8fe5ccb19ba6\62201B1E78A7CFAB,0:2316189,2016-12-14 14:48:43-355,2016-12-14 14:48:45-463
Success : LS : test2\a94a8fe5ccb19ba6\,0:-1,2016-12-14 14:48:45-679,2016-12-14 14:48:46-424
Success : CREATE_FILE : test2\a94a8fe5ccb19ba6\7E94AE6472B4168D,0:263834,2016-12-14 14:48:46-556,2016-12-14 14:48:46-914
Success : LS : test2\a94a8fe5ccb19ba6\,0:-1,2016-12-14 14:48:46-992,2016-12-14 14:48:47-068
Success : CREATE_FILE : test2\a94a8fe5ccb19ba6\0AF3748744896AAA,0:64313,2016-12-14 14:48:47-177,2016-12-14 14:48:47-803
Success : LS : test2\a94a8fe5ccb19ba6\,0:-1,2016-12-14 14:48:47-926,2016-12-14 14:48:48-019
Success : CREATE_FILE : test2\a94a8fe5ccb19ba6\2a5bd02710e975a7\28C14F27769CE161,0:2494610,2016-12-14 14:48:48-097,2016-12-14 14:48:50-166
Success : LS : test2\a94a8fe5ccb19ba6\2a5bd02710e975a7\,0:-1,2016-12-14 14:48:50-292,2016-12-14 14:48:50-408
Success : CREATE_FILE : test2\a94a8fe5ccb19ba6\2a5bd02710e975a7\62EC0D3B0FC14C15,0:2429481,2016-12-14 14:48:50-530,2016-12-14 14:48:52-651
Fail : LS : test1,0:-1,2016-12-14 14:48:52-747,2016-12-14 14:48:52-747
Reason : java.lang.StringIndexOutOfBoundsException: String index out of range: -1
Success : LS : test1\f71b43c3136efa4f\52481749c0cdecd6\,0:-1,2016-12-14 14:48:52-868,2016-12-14 14:48:52-937
Success : LS : test1\f71b43c3136efa4f\c7d9912886e5ccc7\,0:-1,2016-12-14 14:48:53-015,2016-12-14 14:48:53-077
Success : SEQ_READ : test2\a94a8fe5ccb19ba6\4b6fcb2d521ef0fd,0:2291,2016-12-14 14:48:53-197,2016-12-14 14:48:53-267
Success : LS : test2\a94a8fe5ccb19ba6\,0:-1,2016-12-14 14:48:53-345,2016-12-14 14:48:53-424
Success : LS : test1\f71b43c3136efa4f\52481749c0cdecd6\,0:-1,2016-12-14 14:48:53-500,2016-12-14 14:48:53-563
Success : LS : test2\a94a8fe5ccb19ba6\2a5bd02710e975a7\,0:-1,2016-12-14 14:48:53-642,2016-12-14 14:48:53-712
Success : CREATE_FILE : test2\a94a8fe5ccb19ba6\5F0673E870D752C1,0:3405283,2016-12-14 14:48:53-789,2016-12-14 14:48:56-863
Success : LS : test2\a94a8fe5ccb19ba6\,0:-1,2016-12-14 14:48:56-989,2016-12-14 14:48:57-075
Success : CREATE_FILE : test2\a94a8fe5ccb19ba6\766B00C90D2EF62C,0:2670605,2016-12-14 14:48:57-154,2016-12-14 14:48:59-920
Success : LS : test2\a94a8fe5ccb19ba6\,0:-1,2016-12-14 14:49:00-035,2016-12-14 14:49:00-115
Success : CREATE_FILE : test2\a94a8fe5ccb19ba6\03FFB678235D574C,0:2189555,2016-12-14 14:49:00-227,2016-12-14 14:49:01-876
Success : LS : test2\a94a8fe5ccb19ba6\,0:-1,2016-12-14 14:49:02-001,2016-12-14 14:49:02-092
Success : CREATE_FILE : test2\a94a8fe5ccb19ba6\6AD2D24114EA59E2,0:3746955,2016-12-14 14:49:02-205,2016-12-14 14:49:05-557
Success : LS : test2\a94a8fe5ccb19ba6\,0:-1,2016-12-14 14:49:05-682,2016-12-14 14:49:05-767
Success : CREATE_FILE : test2\a94a8fe5ccb19ba6\729FCBE70A883A36,0:1967207,2016-12-14 14:49:05-886,2016-12-14 14:49:07-412
Success : LS : test2\a94a8fe5ccb19ba6\,0:-1,2016-12-14 14:49:07-523,2016-12-14 14:49:07-609
Success : SEQ_READ : test1\f71b43c3136efa4f\83404ffd78f534ff\6670af231c096f09,0:129,2016-12-14 14:49:07-689,2016-12-14 14:49:07-798
Fail : LS : test1,0:-1,2016-12-14 14:49:07-892,2016-12-14 14:49:07-893
Reason : java.lang.StringIndexOutOfBoundsException: String index out of range: -1
Success : LS : test1\c5a5e5562b038073\0189424a5a60fed3\,0:-1,2016-12-14 14:49:08-011,2016-12-14 14:49:08-114
Success : LS : test1\f71b43c3136efa4f\,0:-1,2016-12-14 14:49:08-207,2016-12-14 14:49:08-309
Success : SEQ_READ : test2\a94a8fe5ccb19ba6\2a5bd02710e975a7\178db47a574c645f,0:257,2016-12-14 14:49:08-421,2016-12-14 14:49:08-546
Success : LS : test2\a94a8fe5ccb19ba6\,0:-1,2016-12-14 14:49:08-671,2016-12-14 14:49:08-757
Success : CREATE_FILE : test2\a94a8fe5ccb19ba6\13ED1D92219A51FB,0:1084516,2016-12-14 14:49:08-866,2016-12-14 14:49:09-749
Success : LS : test2\a94a8fe5ccb19ba6\,0:-1,2016-12-14 14:49:09-874,2016-12-14 14:49:09-958
Success : CREATE_FILE : test2\a94a8fe5ccb19ba6\2a5bd02710e975a7\7644E6BF06C59880,0:971548,2016-12-14 14:49:10-035,2016-12-14 14:49:11-096
Success : LS : test2\a94a8fe5ccb19ba6\2a5bd02710e975a7\,0:-1,2016-12-14 14:49:11-218,2016-12-14 14:49:11-327
Success : CREATE_FILE : test2\a94a8fe5ccb19ba6\2a5bd02710e975a7\085C28FC5145299E,0:3833215,2016-12-14 14:49:11-451,2016-12-14 14:49:14-960
Success : LS : test2\a94a8fe5ccb19ba6\2a5bd02710e975a7\,0:-1,2016-12-14 14:49:15-078,2016-12-14 14:49:15-187
Success : CREATE_FILE : test2\a94a8fe5ccb19ba6\2a5bd02710e975a7\1CAA43C51F780AEF,0:2759097,2016-12-14 14:49:15-289,2016-12-14 14:49:17-693
Success : LS : test1\f71b43c3136efa4f\83404ffd78f534ff\,0:-1,2016-12-14 14:49:17-819,2016-12-14 14:49:17-893
Success : LS : test2\a94a8fe5ccb19ba6\2a5bd02710e975a7\,0:-1,2016-12-14 14:49:17-970,2016-12-14 14:49:18-042
Success : SEQ_READ : test1\f71b43c3136efa4f\9f93e73d6896cb7b\6670af231c096f09,0:129,2016-12-14 14:49:18-140,2016-12-14 14:49:18-203
Success : SEQ_READ : test2\8da7cc13802eefe0,0:22987191,2016-12-14 14:49:18-325,2016-12-14 14:49:18-400
Success : LS : test2\a94a8fe5ccb19ba6\,0:-1,2016-12-14 14:49:18-519,2016-12-14 14:49:18-634
Success : LS : test2\a94a8fe5ccb19ba6\2a5bd02710e975a7\,0:-1,2016-12-14 14:49:18-725,2016-12-14 14:49:18-890
Success : LS : test2\a94a8fe5ccb19ba6\,0:-1,2016-12-14 14:49:18-998,2016-12-14 14:49:19-077
Success : LS : test2\a94a8fe5ccb19ba6\2a5bd02710e975a7\,0:-1,2016-12-14 14:49:19-167,2016-12-14 14:49:19-246
Success : CREATE_FILE : test2\a94a8fe5ccb19ba6\2a5bd02710e975a7\5D7370BF1706488F,0:1693168,2016-12-14 14:49:19-321,2016-12-14 14:49:20-665
Success : LS : test2\a94a8fe5ccb19ba6\2a5bd02710e975a7\,0:-1,2016-12-14 14:49:20-791,2016-12-14 14:49:20-873
Success : CREATE_FILE : test2\a94a8fe5ccb19ba6\3692CCF809BA03AF,0:440084,2016-12-14 14:49:20-958,2016-12-14 14:49:21-565
Success : LS : test2\a94a8fe5ccb19ba6\,0:-1,2016-12-14 14:49:21-693,2016-12-14 14:49:21-798
Success : CREATE_FILE : test2\a94a8fe5ccb19ba6\3E2EB144523ADDD1,0:2092670,2016-12-14 14:49:21-900,2016-12-14 14:49:23-602
Success : LS : test2\a94a8fe5ccb19ba6\,0:-1,2016-12-14 14:49:23-717,2016-12-14 14:49:23-819
Success : SEQ_READ : test1\c5a5e5562b038073\2d77b1044a6c5c82,0:764416,2016-12-14 14:49:23-943,2016-12-14 14:49:24-019
Success : SEQ_READ : test1\c5a5e5562b038073\f72cdbcd84f047a5,0:17893,2016-12-14 14:49:24-096,2016-12-14 14:49:24-185
Success : SEQ_READ : test1\9832710c94f11d2b,0:34310397,2016-12-14 14:49:24-301,2016-12-14 14:49:24-378
Success : LS : test1\f71b43c3136efa4f\c7d9912886e5ccc7\,0:-1,2016-12-14 14:49:24-458,2016-12-14 14:49:24-519
Success : SEQ_READ : test1\c5a5e5562b038073\a39ea9c72a98de10\4a90c52e52d54ede,0:1048,2016-12-14 14:49:24-652,2016-12-14 14:49:24-920
Success : LS : test2\a94a8fe5ccb19ba6\,0:-1,2016-12-14 14:49:25-004,2016-12-14 14:49:25-082
Success : CREATE_FILE : test2\a94a8fe5ccb19ba6\2a5bd02710e975a7\6B6328CF2D76722A,0:1935256,2016-12-14 14:49:25-164,2016-12-14 14:49:27-018
Success : LS : test2\a94a8fe5ccb19ba6\2a5bd02710e975a7\,0:-1,2016-12-14 14:49:27-308,2016-12-14 14:49:28-115
Success : CREATE_FILE : test2\a94a8fe5ccb19ba6\1FEF9E696F63565D,0:3757833,2016-12-14 14:49:28-445,2016-12-14 14:49:32-113
Success : LS : test2\a94a8fe5ccb19ba6\,0:-1,2016-12-14 14:49:32-237,2016-12-14 14:49:32-336
Success : CREATE_FILE : test2\a94a8fe5ccb19ba6\12A9EC5C6B8BFDD9,0:2524370,2016-12-14 14:49:32-456,2016-12-14 14:49:34-607
Success : LS : test2\a94a8fe5ccb19ba6\,0:-1,2016-12-14 14:49:34-683,2016-12-14 14:49:34-802
Success : CREATE_FILE : test2\a94a8fe5ccb19ba6\2a5bd02710e975a7\7258EA1B5E42CDE9,0:1352987,2016-12-14 14:49:34-923,2016-12-14 14:49:35-962
Success : LS : test1\f71b43c3136efa4f\9f93e73d6896cb7b\,0:-1,2016-12-14 14:49:36-087,2016-12-14 14:49:36-191
Success : LS : test2\a94a8fe5ccb19ba6\2a5bd02710e975a7\,0:-1,2016-12-14 14:49:36-281,2016-12-14 14:49:36-388
Success : LS : test2\a94a8fe5ccb19ba6\,0:-1,2016-12-14 14:49:36-480,2016-12-14 14:49:36-578
Success : SEQ_READ : test2\49f03965cf98b1f5,0:1634,2016-12-14 14:49:36-699,2016-12-14 14:49:36-848
Success : LS : test1\f71b43c3136efa4f\83404ffd78f534ff\,0:-1,2016-12-14 14:49:36-928,2016-12-14 14:49:37-031
Success : SEQ_READ : test1\f71b43c3136efa4f\52481749c0cdecd6\6670af231c096f09,0:129,2016-12-14 14:49:37-125,2016-12-14 14:49:37-193
Success : LS : test2\a94a8fe5ccb19ba6\2a5bd02710e975a7\,0:-1,2016-12-14 14:49:37-274,2016-12-14 14:49:37-354
Success : CREATE_FILE : test2\a94a8fe5ccb19ba6\2a5bd02710e975a7\50B756267E6237F4,0:2594299,2016-12-14 14:49:37-451,2016-12-14 14:49:39-737
Success : LS : test2\a94a8fe5ccb19ba6\2a5bd02710e975a7\,0:-1,2016-12-14 14:49:39-855,2016-12-14 14:49:39-955
Success : CREATE_FILE : test2\a94a8fe5ccb19ba6\2a5bd02710e975a7\42F0666F7C4B4921,0:212558,2016-12-14 14:49:40-043,2016-12-14 14:49:40-311
Success : LS : test2\a94a8fe5ccb19ba6\2a5bd02710e975a7\,0:-1,2016-12-14 14:49:40-386,2016-12-14 14:49:40-459
Success : CREATE_FILE : test2\a94a8fe5ccb19ba6\2a5bd02710e975a7\2C7695EA6A9E4268,0:612184,2016-12-14 14:49:40-553,2016-12-14 14:49:41-131
Success : LS : test2\a94a8fe5ccb19ba6\2a5bd02710e975a7\,0:-1,2016-12-14 14:49:41-256,2016-12-14 14:49:41-368
Success : SEQ_READ : test1\c5a5e5562b038073\a39ea9c72a98de10\f398de59988a85e5,0:6743,2016-12-14 14:49:41-495,2016-12-14 14:49:41-598
Success : LS : test1\f71b43c3136efa4f\52481749c0cdecd6\,0:-1,2016-12-14 14:49:41-704,2016-12-14 14:49:41-808
Success : LS : test1\f71b43c3136efa4f\9f93e73d6896cb7b\,0:-1,2016-12-14 14:49:41-932,2016-12-14 14:49:42-008
Success : LS : test1\f71b43c3136efa4f\83404ffd78f534ff\,0:-1,2016-12-14 14:49:42-087,2016-12-14 14:49:42-160
Success : LS : test2\a94a8fe5ccb19ba6\2a5bd02710e975a7\,0:-1,2016-12-14 14:49:42-232,2016-12-14 14:49:42-304
Success : CREATE_FILE : test2\a94a8fe5ccb19ba6\2a5bd02710e975a7\503E9F1C47108E91,0:3341122,2016-12-14 14:49:42-413,2016-12-14 14:49:45-281
Success : LS : test2\a94a8fe5ccb19ba6\2a5bd02710e975a7\,0:-1,2016-12-14 14:49:45-400,2016-12-14 14:49:45-512
Success : CREATE_FILE : test2\a94a8fe5ccb19ba6\6DCFAF6C260E3C6F,0:3959100,2016-12-14 14:49:45-618,2016-12-14 14:49:49-388
Success : LS : test2\a94a8fe5ccb19ba6\,0:-1,2016-12-14 14:49:49-511,2016-12-14 14:49:49-597
Success : CREATE_FILE : test2\a94a8fe5ccb19ba6\2a5bd02710e975a7\6359227B6CC5D7E7,0:3310170,2016-12-14 14:49:49-674,2016-12-14 14:49:52-545
Success : LS : test1\f71b43c3136efa4f\,0:-1,2016-12-14 14:49:52-622,2016-12-14 14:49:52-692
Success : LS : test1\f71b43c3136efa4f\,0:-1,2016-12-14 14:49:52-785,2016-12-14 14:49:52-875
Success : LS : test1\c5a5e5562b038073\0189424a5a60fed3\,0:-1,2016-12-14 14:49:53-008,2016-12-14 14:49:53-105
Success : LS : test1\c5a5e5562b038073\a39ea9c72a98de10\,0:-1,2016-12-14 14:49:53-228,2016-12-14 14:49:53-305
Success : SEQ_READ : test1\c5a5e5562b038073\05d1f0ed74e78555,0:69632,2016-12-14 14:49:53-407,2016-12-14 14:49:53-482
Success : LS : test1\f71b43c3136efa4f\9f93e73d6896cb7b\,0:-1,2016-12-14 14:49:53-595,2016-12-14 14:49:53-665
Success : LS : test2\a94a8fe5ccb19ba6\2a5bd02710e975a7\,0:-1,2016-12-14 14:49:53-746,2016-12-14 14:49:53-857
Success : CREATE_FILE : test2\a94a8fe5ccb19ba6\0BD8408817373F17,0:3731731,2016-12-14 14:49:53-976,2016-12-14 14:49:57-623
Success : LS : test2\a94a8fe5ccb19ba6\,0:-1,2016-12-14 14:49:57-739,2016-12-14 14:49:57-827
Success : CREATE_FILE : test2\a94a8fe5ccb19ba6\2a5bd02710e975a7\4F5134A4668C8B2F,0:415304,2016-12-14 14:49:57-945,2016-12-14 14:49:58-246
Success : LS : test2\a94a8fe5ccb19ba6\2a5bd02710e975a7\,0:-1,2016-12-14 14:49:58-348,2016-12-14 14:49:58-417
Success : CREATE_FILE : test2\a94a8fe5ccb19ba6\2984A8BA7A556FC5,0:3071780,2016-12-14 14:49:58-493,2016-12-14 14:50:01-360
Success : LS : test2\a94a8fe5ccb19ba6\,0:-1,2016-12-14 14:50:01-471,2016-12-14 14:50:01-589
Success : CREATE_FILE : test2\a94a8fe5ccb19ba6\23EE3A9E4D89C1FC,0:1925231,2016-12-14 14:50:01-678,2016-12-14 14:50:03-293
Fail : LS : test1,0:-1,2016-12-14 14:50:03-410,2016-12-14 14:50:03-410
Reason : java.lang.StringIndexOutOfBoundsException: String index out of range: -1
Success : SEQ_READ : test1\c5a5e5562b038073\767c14c8beb1e835,0:3818496,2016-12-14 14:50:03-540,2016-12-14 14:50:03-641
Success : LS : test2\a94a8fe5ccb19ba6\,0:-1,2016-12-14 14:50:03-763,2016-12-14 14:50:03-853
Fail : LS : test1,0:-1,2016-12-14 14:50:03-950,2016-12-14 14:50:03-950
Reason : java.lang.StringIndexOutOfBoundsException: String index out of range: -1
Success : LS : test2\a94a8fe5ccb19ba6\,0:-1,2016-12-14 14:50:04-026,2016-12-14 14:50:04-104
Success : LS : test1\f71b43c3136efa4f\c7d9912886e5ccc7\,0:-1,2016-12-14 14:50:04-185,2016-12-14 14:50:04-256
Success : LS : test2\a94a8fe5ccb19ba6\,0:-1,2016-12-14 14:50:04-333,2016-12-14 14:50:04-435
Success : CREATE_FILE : test2\a94a8fe5ccb19ba6\17CBE9EB49D7E95A,0:3818538,2016-12-14 14:50:04-525,2016-12-14 14:50:07-977
Success : LS : test2\a94a8fe5ccb19ba6\,0:-1,2016-12-14 14:50:08-101,2016-12-14 14:50:08-194
Success : CREATE_FILE : test2\a94a8fe5ccb19ba6\51931A703FC0B943,0:857794,2016-12-14 14:50:08-272,2016-12-14 14:50:08-751
Success : LS : test2\a94a8fe5ccb19ba6\,0:-1,2016-12-14 14:50:08-875,2016-12-14 14:50:08-996
Success : CREATE_FILE : test2\a94a8fe5ccb19ba6\6F7E40C3105CAF4A,0:2962486,2016-12-14 14:50:09-088,2016-12-14 14:50:12-066
Success : LS : test1\f71b43c3136efa4f\9f93e73d6896cb7b\,0:-1,2016-12-14 14:50:12-192,2016-12-14 14:50:12-265
Success : LS : test1\f71b43c3136efa4f\c7d9912886e5ccc7\,0:-1,2016-12-14 14:50:12-345,2016-12-14 14:50:12-407
Success : SEQ_READ : test1\c5a5e5562b038073\3c16ab634e85296e,0:105016,2016-12-14 14:50:12-482,2016-12-14 14:50:12-544
Success : LS : test1\f71b43c3136efa4f\9f93e73d6896cb7b\,0:-1,2016-12-14 14:50:12-671,2016-12-14 14:50:12-734
Success : LS : test1\f71b43c3136efa4f\83404ffd78f534ff\,0:-1,2016-12-14 14:50:12-854,2016-12-14 14:50:12-926
Success : LS : test1\f71b43c3136efa4f\,0:-1,2016-12-14 14:50:13-042,2016-12-14 14:50:13-112
Success : LS : test1\f71b43c3136efa4f\,0:-1,2016-12-14 14:50:13-281,2016-12-14 14:50:13-554
Fail : LS : test1,0:-1,2016-12-14 14:50:13-668,2016-12-14 14:50:13-668
Reason : java.lang.StringIndexOutOfBoundsException: String index out of range: -1
Success : SEQ_READ : test1\c5a5e5562b038073\738537f9a40e568b,0:17984,2016-12-14 14:50:13-756,2016-12-14 14:50:13-821
Success : LS : test2\a94a8fe5ccb19ba6\,0:-1,2016-12-14 14:50:13-920,2016-12-14 14:50:13-999
Success : CREATE_FILE : test2\a94a8fe5ccb19ba6\2a5bd02710e975a7\11FEF4CA3FEB3617,0:282910,2016-12-14 14:50:14-078,2016-12-14 14:50:14-310
Success : LS : test2\a94a8fe5ccb19ba6\2a5bd02710e975a7\,0:-1,2016-12-14 14:50:14-433,2016-12-14 14:50:14-514
Success : CREATE_FILE : test2\a94a8fe5ccb19ba6\43453DD93F789FB6,0:2525482,2016-12-14 14:50:14-591,2016-12-14 14:50:16-817
Success : LS : test1\f71b43c3136efa4f\52481749c0cdecd6\,0:-1,2016-12-14 14:50:16-942,2016-12-14 14:50:17-017
Success : LS : test2\a94a8fe5ccb19ba6\2a5bd02710e975a7\,0:-1,2016-12-14 14:50:17-099,2016-12-14 14:50:17-183
Fail : LS : test1,0:-1,2016-12-14 14:50:17-285,2016-12-14 14:50:17-286
Reason : java.lang.StringIndexOutOfBoundsException: String index out of range: -1
Success : LS : test1\f71b43c3136efa4f\83404ffd78f534ff\,0:-1,2016-12-14 14:50:17-413,2016-12-14 14:50:17-513
Success : LS : test2\a94a8fe5ccb19ba6\2a5bd02710e975a7\,0:-1,2016-12-14 14:50:17-628,2016-12-14 14:50:17-714
Success : LS : test2\a94a8fe5ccb19ba6\,0:-1,2016-12-14 14:50:17-847,2016-12-14 14:50:17-926
Success : CREATE_FILE : test2\a94a8fe5ccb19ba6\48C9B7940773464A,0:3915900,2016-12-14 14:50:18-037,2016-12-14 14:50:21-877
Success : LS : test2\a94a8fe5ccb19ba6\,0:-1,2016-12-14 14:50:22-008,2016-12-14 14:50:22-121
Success : CREATE_FILE : test2\a94a8fe5ccb19ba6\2a5bd02710e975a7\1D2E690036E0A7E2,0:595149,2016-12-14 14:50:22-227,2016-12-14 14:50:22-817
Success : LS : test2\a94a8fe5ccb19ba6\2a5bd02710e975a7\,0:-1,2016-12-14 14:50:22-934,2016-12-14 14:50:23-018
Success : CREATE_FILE : test2\a94a8fe5ccb19ba6\3D1F36D90BAFDA10,0:1999864,2016-12-14 14:50:23-093,2016-12-14 14:50:24-667
Success : LS : test2\a94a8fe5ccb19ba6\,0:-1,2016-12-14 14:50:24-791,2016-12-14 14:50:24-884
Success : CREATE_FILE : test2\a94a8fe5ccb19ba6\191E61CC6C56E0F3,0:2801121,2016-12-14 14:50:25-009,2016-12-14 14:50:27-415
Success : LS : test1\f71b43c3136efa4f\,0:-1,2016-12-14 14:50:27-938,2016-12-14 14:50:28-011
Success : LS : test2\a94a8fe5ccb19ba6\,0:-1,2016-12-14 14:50:28-134,2016-12-14 14:50:28-224
Success : LS : test2\a94a8fe5ccb19ba6\2a5bd02710e975a7\,0:-1,2016-12-14 14:50:28-305,2016-12-14 14:50:28-376
Success : LS : test1\f71b43c3136efa4f\52481749c0cdecd6\,0:-1,2016-12-14 14:50:28-474,2016-12-14 14:50:28-564
Success : SEQ_READ : test1\c5a5e5562b038073\c7734a16bf12bb03,0:364726,2016-12-14 14:50:28-688,2016-12-14 14:50:28-766
Fail : LS : test1,0:-1,2016-12-14 14:50:28-852,2016-12-14 14:50:28-852
Reason : java.lang.StringIndexOutOfBoundsException: String index out of range: -1
Success : LS : test2\a94a8fe5ccb19ba6\,0:-1,2016-12-14 14:50:28-928,2016-12-14 14:50:29-040
Success : CREATE_FILE : test2\a94a8fe5ccb19ba6\421C663146D3BA7B,0:31001,2016-12-14 14:50:29-160,2016-12-14 14:50:29-422
Success : LS : test2\a94a8fe5ccb19ba6\,0:-1,2016-12-14 14:50:29-547,2016-12-14 14:50:29-665
Success : CREATE_FILE : test2\a94a8fe5ccb19ba6\766BB9AE3AC21E0B,0:541329,2016-12-14 14:50:29-789,2016-12-14 14:50:30-522
Success : LS : test2\a94a8fe5ccb19ba6\,0:-1,2016-12-14 14:50:30-648,2016-12-14 14:50:30-738
Success : CREATE_FILE : test2\a94a8fe5ccb19ba6\2465491C4D020C18,0:2044442,2016-12-14 14:50:30-815,2016-12-14 14:50:32-423
Success : LS : test2\a94a8fe5ccb19ba6\,0:-1,2016-12-14 14:50:32-551,2016-12-14 14:50:32-640
Success : CREATE_FILE : test2\a94a8fe5ccb19ba6\2a5bd02710e975a7\5B9C39DC47F29BB4,0:2077623,2016-12-14 14:50:32-736,2016-12-14 14:50:34-395
Success : LS : test1\c5a5e5562b038073\a39ea9c72a98de10\,0:-1,2016-12-14 14:50:34-470,2016-12-14 14:50:34-578
Success : LS : test2\a94a8fe5ccb19ba6\2a5bd02710e975a7\,0:-1,2016-12-14 14:50:34-669,2016-12-14 14:50:34-742
Fail : LS : test1,0:-1,2016-12-14 14:50:34-833,2016-12-14 14:50:34-833
Reason : java.lang.StringIndexOutOfBoundsException: String index out of range: -1
Success : SEQ_READ : test1\c5a5e5562b038073\68ad3077ff5a452a,0:383,2016-12-14 14:50:34-953,2016-12-14 14:50:35-025
Success : LS : test1\f71b43c3136efa4f\83404ffd78f534ff\,0:-1,2016-12-14 14:50:35-099,2016-12-14 14:50:35-197
Fail : LS : test1,0:-1,2016-12-14 14:50:35-285,2016-12-14 14:50:35-285
Reason : java.lang.StringIndexOutOfBoundsException: String index out of range: -1
Success : LS : test1\f71b43c3136efa4f\83404ffd78f534ff\,0:-1,2016-12-14 14:50:35-363,2016-12-14 14:50:35-464
Success : LS : test2\a94a8fe5ccb19ba6\2a5bd02710e975a7\,0:-1,2016-12-14 14:50:35-570,2016-12-14 14:50:35-647
Success : CREATE_FILE : test2\a94a8fe5ccb19ba6\493AA6D855ACBECD,0:44842,2016-12-14 14:50:35-722,2016-12-14 14:50:36-110
Success : LS : test2\a94a8fe5ccb19ba6\,0:-1,2016-12-14 14:50:36-221,2016-12-14 14:50:36-309
Success : CREATE_FILE : test2\a94a8fe5ccb19ba6\2a5bd02710e975a7\0DE5A7C15B40A89C,0:1084204,2016-12-14 14:50:36-410,2016-12-14 14:50:37-292
Success : LS : test2\a94a8fe5ccb19ba6\2a5bd02710e975a7\,0:-1,2016-12-14 14:50:37-375,2016-12-14 14:50:37-445
Success : CREATE_FILE : test2\a94a8fe5ccb19ba6\3535D22B1E0AA443,0:3249511,2016-12-14 14:50:37-519,2016-12-14 14:50:40-335
Success : LS : test2\a94a8fe5ccb19ba6\,0:-1,2016-12-14 14:50:40-411,2016-12-14 14:50:40-509
Success : LS : test2\a94a8fe5ccb19ba6\2a5bd02710e975a7\,0:-1,2016-12-14 14:50:40-619,2016-12-14 14:50:40-702
Success : SEQ_READ : test1\c5a5e5562b038073\c7734a16bf12bb03,0:364726,2016-12-14 14:50:40-777,2016-12-14 14:50:40-878
Success : SEQ_READ : test1\c5a5e5562b038073\6670af231c096f09,0:46,2016-12-14 14:50:40-989,2016-12-14 14:50:41-054
Success : LS : test2\a94a8fe5ccb19ba6\2a5bd02710e975a7\,0:-1,2016-12-14 14:50:41-129,2016-12-14 14:50:41-204
Fail : LS : test1,0:-1,2016-12-14 14:50:41-307,2016-12-14 14:50:41-307
Reason : java.lang.StringIndexOutOfBoundsException: String index out of range: -1
Success : LS : test1\f71b43c3136efa4f\,0:-1,2016-12-14 14:50:41-387,2016-12-14 14:50:41-449
Success : LS : test1\c5a5e5562b038073\,0:-1,2016-12-14 14:50:41-522,2016-12-14 14:50:41-585
Success : LS : test2\a94a8fe5ccb19ba6\,0:-1,2016-12-14 14:50:41-687,2016-12-14 14:50:41-772
Success : CREATE_FILE : test2\a94a8fe5ccb19ba6\2a5bd02710e975a7\52D05E2E05ADF17A,0:1722592,2016-12-14 14:50:41-877,2016-12-14 14:50:43-203
Success : LS : test2\a94a8fe5ccb19ba6\2a5bd02710e975a7\,0:-1,2016-12-14 14:50:43-312,2016-12-14 14:50:43-385
Success : CREATE_FILE : test2\a94a8fe5ccb19ba6\14C262A22B89ACB9,0:3189316,2016-12-14 14:50:43-461,2016-12-14 14:50:46-343
Success : LS : test1\f71b43c3136efa4f\9f93e73d6896cb7b\,0:-1,2016-12-14 14:50:46-418,2016-12-14 14:50:46-550
Success : LS : test2\a94a8fe5ccb19ba6\2a5bd02710e975a7\,0:-1,2016-12-14 14:50:46-631,2016-12-14 14:50:46-703
Fail : LS : test1,0:-1,2016-12-14 14:50:46-778,2016-12-14 14:50:46-778
Reason : java.lang.StringIndexOutOfBoundsException: String index out of range: -1
Success : LS : test2\a94a8fe5ccb19ba6\,0:-1,2016-12-14 14:50:46-899,2016-12-14 14:50:46-993
Success : CREATE_FILE : test2\a94a8fe5ccb19ba6\2a5bd02710e975a7\266EC64569AAA9C1,0:458448,2016-12-14 14:50:47-107,2016-12-14 14:50:47-457
Success : LS : test2\a94a8fe5ccb19ba6\2a5bd02710e975a7\,0:-1,2016-12-14 14:50:47-580,2016-12-14 14:50:47-664
Success : CREATE_FILE : test2\a94a8fe5ccb19ba6\1D7AB43D629CAF49,0:1825458,2016-12-14 14:50:47-744,2016-12-14 14:50:49-101
Success : LS : test2\a94a8fe5ccb19ba6\,0:-1,2016-12-14 14:50:49-243,2016-12-14 14:50:49-327
Success : CREATE_FILE : test2\a94a8fe5ccb19ba6\2a5bd02710e975a7\66C017595FF239DA,0:2042220,2016-12-14 14:50:49-400,2016-12-14 14:50:51-172
Success : LS : test2\a94a8fe5ccb19ba6\2a5bd02710e975a7\,0:-1,2016-12-14 14:50:51-293,2016-12-14 14:50:51-394
Success : CREATE_FILE : test2\a94a8fe5ccb19ba6\2a5bd02710e975a7\18E3C3DA0369B3A8,0:297793,2016-12-14 14:50:51-476,2016-12-14 14:50:51-760
Success : LS : test2\a94a8fe5ccb19ba6\2a5bd02710e975a7\,0:-1,2016-12-14 14:50:51-881,2016-12-14 14:50:52-101
Success : CREATE_FILE : test2\a94a8fe5ccb19ba6\2a5bd02710e975a7\21CA5FE145220C19,0:1988816,2016-12-14 14:50:52-226,2016-12-14 14:50:53-794
Success : LS : test2\a94a8fe5ccb19ba6\,0:-1,2016-12-14 14:50:53-917,2016-12-14 14:50:54-040
Fail : LS : test1,0:-1,2016-12-14 14:50:54-160,2016-12-14 14:50:54-160
Reason : java.lang.StringIndexOutOfBoundsException: String index out of range: -1
Success : LS : test1\f71b43c3136efa4f\c7d9912886e5ccc7\,0:-1,2016-12-14 14:50:54-248,2016-12-14 14:50:54-309
Success : LS : test1\f71b43c3136efa4f\,0:-1,2016-12-14 14:50:54-383,2016-12-14 14:50:54-479
Success : LS : test2\a94a8fe5ccb19ba6\,0:-1,2016-12-14 14:50:54-603,2016-12-14 14:50:54-689
Success : LS : test1\c5a5e5562b038073\0189424a5a60fed3\,0:-1,2016-12-14 14:50:54-811,2016-12-14 14:50:54-885
Success : LS : test2\a94a8fe5ccb19ba6\2a5bd02710e975a7\,0:-1,2016-12-14 14:50:55-002,2016-12-14 14:50:55-082
Success : CREATE_FILE : test2\a94a8fe5ccb19ba6\36FCC5F656A59A2B,0:532347,2016-12-14 14:50:55-206,2016-12-14 14:50:55-652
Success : LS : test2\a94a8fe5ccb19ba6\,0:-1,2016-12-14 14:50:55-763,2016-12-14 14:50:55-874
Success : CREATE_FILE : test2\a94a8fe5ccb19ba6\24ADC50102E31583,0:3732922,2016-12-14 14:50:55-959,2016-12-14 14:50:59-447
Success : LS : test2\a94a8fe5ccb19ba6\,0:-1,2016-12-14 14:50:59-572,2016-12-14 14:50:59-673
Success : CREATE_FILE : test2\a94a8fe5ccb19ba6\2a5bd02710e975a7\59BB482458312345,0:3468667,2016-12-14 14:50:59-788,2016-12-14 14:51:02-904
Success : LS : test2\a94a8fe5ccb19ba6\2a5bd02710e975a7\,0:-1,2016-12-14 14:51:03-023,2016-12-14 14:51:03-107
Success : CREATE_FILE : test2\a94a8fe5ccb19ba6\58513FF40C989AE0,0:3375650,2016-12-14 14:51:03-184,2016-12-14 14:51:06-337
Success : LS : test2\a94a8fe5ccb19ba6\,0:-1,2016-12-14 14:51:06-450,2016-12-14 14:51:07-375
Success : SEQ_READ : test1\c5a5e5562b038073\fbe0d7653f0909cb,0:1611,2016-12-14 14:51:07-451,2016-12-14 14:51:07-513
Success : LS : test1\c5a5e5562b038073\,0:-1,2016-12-14 14:51:07-590,2016-12-14 14:51:07-651
Fail : LS : test1,0:-1,2016-12-14 14:51:07-758,2016-12-14 14:51:07-758
Reason : java.lang.StringIndexOutOfBoundsException: String index out of range: -1
Success : LS : test2\a94a8fe5ccb19ba6\2a5bd02710e975a7\,0:-1,2016-12-14 14:51:07-876,2016-12-14 14:51:07-960
Success : LS : test1\c5a5e5562b038073\a39ea9c72a98de10\,0:-1,2016-12-14 14:51:08-038,2016-12-14 14:51:08-143
Fail : LS : test1,0:-1,2016-12-14 14:51:08-240,2016-12-14 14:51:08-240
Reason : java.lang.StringIndexOutOfBoundsException: String index out of range: -1
Success : LS : test2\a94a8fe5ccb19ba6\,0:-1,2016-12-14 14:51:08-320,2016-12-14 14:51:08-396
Success : CREATE_FILE : test2\a94a8fe5ccb19ba6\69CF91B54F3A4075,0:1349300,2016-12-14 14:51:08-490,2016-12-14 14:51:09-438
Success : LS : test2\a94a8fe5ccb19ba6\,0:-1,2016-12-14 14:51:09-557,2016-12-14 14:51:09-645
Success : CREATE_FILE : test2\a94a8fe5ccb19ba6\6B8B0D0D141C4399,0:2680849,2016-12-14 14:51:09-721,2016-12-14 14:51:11-927
Success : LS : test2\a94a8fe5ccb19ba6\,0:-1,2016-12-14 14:51:12-045,2016-12-14 14:51:12-135
Success : CREATE_FILE : test2\a94a8fe5ccb19ba6\7C665D7403E7FF9F,0:3848352,2016-12-14 14:51:12-212,2016-12-14 14:51:15-784
Success : LS : test2\a94a8fe5ccb19ba6\,0:-1,2016-12-14 14:51:15-904,2016-12-14 14:51:16-027
Success : SEQ_READ : test2\bc9c8ba7ff351f3e,0:217984,2016-12-14 14:51:16-152,2016-12-14 14:51:16-274
Success : LS : test1\f71b43c3136efa4f\83404ffd78f534ff\,0:-1,2016-12-14 14:51:16-363,2016-12-14 14:51:16-424
Success : LS : test2\a94a8fe5ccb19ba6\2a5bd02710e975a7\,0:-1,2016-12-14 14:51:16-497,2016-12-14 14:51:16-596
Success : LS : test1\f71b43c3136efa4f\c7d9912886e5ccc7\,0:-1,2016-12-14 14:51:16-681,2016-12-14 14:51:16-772
Success : SEQ_READ : test1\c5a5e5562b038073\2d77b1044a6c5c82,0:764416,2016-12-14 14:51:16-862,2016-12-14 14:51:16-965
Success : LS : test1\f71b43c3136efa4f\,0:-1,2016-12-14 14:51:17-055,2016-12-14 14:51:17-210
Success : LS : test2\a94a8fe5ccb19ba6\,0:-1,2016-12-14 14:51:17-285,2016-12-14 14:51:17-405
Success : CREATE_FILE : test2\a94a8fe5ccb19ba6\79E47AB47CA89385,0:388714,2016-12-14 14:51:17-503,2016-12-14 14:51:17-789
Success : LS : test2\a94a8fe5ccb19ba6\,0:-1,2016-12-14 14:51:17-912,2016-12-14 14:51:18-023
Success : CREATE_FILE : test2\a94a8fe5ccb19ba6\3B4FE4B12B8646E8,0:348007,2016-12-14 14:51:18-145,2016-12-14 14:51:18-450
Success : LS : test2\a94a8fe5ccb19ba6\,0:-1,2016-12-14 14:51:18-573,2016-12-14 14:51:18-665
Success : CREATE_FILE : test2\a94a8fe5ccb19ba6\40EF8C4A4938B15D,0:677831,2016-12-14 14:51:18-776,2016-12-14 14:51:19-604
Success : LS : test2\a94a8fe5ccb19ba6\,0:-1,2016-12-14 14:51:19-727,2016-12-14 14:51:19-849
Success : CREATE_FILE : test2\a94a8fe5ccb19ba6\2a5bd02710e975a7\149D26D4279F4B2B,0:2937804,2016-12-14 14:51:19-976,2016-12-14 14:51:22-455
Success : LS : test2\a94a8fe5ccb19ba6\,0:-1,2016-12-14 14:51:22-534,2016-12-14 14:51:22-657
Success : LS : test2\a94a8fe5ccb19ba6\2a5bd02710e975a7\,0:-1,2016-12-14 14:51:22-753,2016-12-14 14:51:22-827
Success : LS : test1\f71b43c3136efa4f\83404ffd78f534ff\,0:-1,2016-12-14 14:51:22-933,2016-12-14 14:51:23-003
Success : SEQ_READ : test1\c5a5e5562b038073\7b7f22b30cf50087,0:3126,2016-12-14 14:51:23-116,2016-12-14 14:51:23-214
Success : LS : test2\a94a8fe5ccb19ba6\2a5bd02710e975a7\,0:-1,2016-12-14 14:51:23-308,2016-12-14 14:51:23-385
Success : LS : test2\a94a8fe5ccb19ba6\2a5bd02710e975a7\,0:-1,2016-12-14 14:51:23-505,2016-12-14 14:51:23-616
Success : CREATE_FILE : test2\a94a8fe5ccb19ba6\39FD1F05279362F7,0:1767138,2016-12-14 14:51:23-707,2016-12-14 14:51:25-057
Success : LS : test2\a94a8fe5ccb19ba6\,0:-1,2016-12-14 14:51:25-183,2016-12-14 14:51:25-274
Success : CREATE_FILE : test2\a94a8fe5ccb19ba6\1240C1C773CA680D,0:3379493,2016-12-14 14:51:25-353,2016-12-14 14:51:28-543
Success : LS : test2\a94a8fe5ccb19ba6\,0:-1,2016-12-14 14:51:28-664,2016-12-14 14:51:28-783
Success : CREATE_FILE : test2\a94a8fe5ccb19ba6\2a5bd02710e975a7\4A3E06290F7676AF,0:2481946,2016-12-14 14:51:28-894,2016-12-14 14:51:31-007
Success : LS : test2\a94a8fe5ccb19ba6\2a5bd02710e975a7\,0:-1,2016-12-14 14:51:31-133,2016-12-14 14:51:31-216
Success : CREATE_FILE : test2\a94a8fe5ccb19ba6\2a5bd02710e975a7\7298902F6E2CB389,0:3996284,2016-12-14 14:51:31-306,2016-12-14 14:51:35-120
Success : LS : test2\a94a8fe5ccb19ba6\2a5bd02710e975a7\,0:-1,2016-12-14 14:51:35-240,2016-12-14 14:51:35-324
Success : CREATE_FILE : test2\a94a8fe5ccb19ba6\69D86602413B0341,0:1217240,2016-12-14 14:51:35-412,2016-12-14 14:51:36-541
Success : LS : test1\f71b43c3136efa4f\c7d9912886e5ccc7\,0:-1,2016-12-14 14:51:36-666,2016-12-14 14:51:36-746
Success : LS : test1\c5a5e5562b038073\,0:-1,2016-12-14 14:51:36-864,2016-12-14 14:51:36-938
Success : LS : test1\f71b43c3136efa4f\c7d9912886e5ccc7\,0:-1,2016-12-14 14:51:37-058,2016-12-14 14:51:37-136
Success : SEQ_READ : test1\f71b43c3136efa4f\52481749c0cdecd6\6670af231c096f09,0:129,2016-12-14 14:51:37-219,2016-12-14 14:51:37-289
Success : SEQ_READ : test1\c5a5e5562b038073\0189424a5a60fed3\46a8219c2ae6c782,0:1544228,2016-12-14 14:51:37-369,2016-12-14 14:51:37-437
Success : LS : test1\c5a5e5562b038073\a39ea9c72a98de10\,0:-1,2016-12-14 14:51:37-527,2016-12-14 14:51:37-586
Success : LS : test1\c5a5e5562b038073\,0:-1,2016-12-14 14:51:37-711,2016-12-14 14:51:37-781
Success : LS : test2\a94a8fe5ccb19ba6\,0:-1,2016-12-14 14:51:37-906,2016-12-14 14:51:37-998
Success : CREATE_FILE : test2\a94a8fe5ccb19ba6\13A16F952CEAA1A8,0:2595417,2016-12-14 14:51:38-117,2016-12-14 14:51:40-552
Success : LS : test2\a94a8fe5ccb19ba6\,0:-1,2016-12-14 14:51:40-628,2016-12-14 14:51:40-730
Success : CREATE_FILE : test2\a94a8fe5ccb19ba6\2a5bd02710e975a7\7264F05F00B0D5AE,0:3648188,2016-12-14 14:51:40-855,2016-12-14 14:51:44-146
Success : LS : test2\a94a8fe5ccb19ba6\2a5bd02710e975a7\,0:-1,2016-12-14 14:51:44-268,2016-12-14 14:51:44-352
Success : CREATE_FILE : test2\a94a8fe5ccb19ba6\2a5bd02710e975a7\717AD04F215DBD38,0:2234173,2016-12-14 14:51:44-471,2016-12-14 14:51:46-373
Success : SEQ_READ : test1\f71b43c3136efa4f\9f93e73d6896cb7b\6670af231c096f09,0:129,2016-12-14 14:51:46-461,2016-12-14 14:51:46-519
Success : LS : test1\c5a5e5562b038073\a39ea9c72a98de10\,0:-1,2016-12-14 14:51:46-593,2016-12-14 14:51:46-655
Success : LS : test1\f71b43c3136efa4f\52481749c0cdecd6\,0:-1,2016-12-14 14:51:46-728,2016-12-14 14:51:46-789
Fail : LS : test1,0:-1,2016-12-14 14:51:46-864,2016-12-14 14:51:46-864
Reason : java.lang.StringIndexOutOfBoundsException: String index out of range: -1
Success : SEQ_READ : test1\c5a5e5562b038073\0189424a5a60fed3\46a8219c2ae6c782,0:1544228,2016-12-14 14:51:46-936,2016-12-14 14:51:47-006
Success : LS : test1\f71b43c3136efa4f\,0:-1,2016-12-14 14:51:47-123,2016-12-14 14:51:47-225
Success : LS : test2\a94a8fe5ccb19ba6\,0:-1,2016-12-14 14:51:47-316,2016-12-14 14:51:47-442
Success : LS : test2\a94a8fe5ccb19ba6\2a5bd02710e975a7\,0:-1,2016-12-14 14:51:47-560,2016-12-14 14:51:47-645
Success : CREATE_FILE : test2\a94a8fe5ccb19ba6\2a5bd02710e975a7\079B0F6A24BC9B3F,0:3283478,2016-12-14 14:51:47-721,2016-12-14 14:51:50-828
Success : LS : test2\a94a8fe5ccb19ba6\2a5bd02710e975a7\,0:-1,2016-12-14 14:51:50-947,2016-12-14 14:51:51-046
Success : CREATE_FILE : test2\a94a8fe5ccb19ba6\638D75627AFCC145,0:1592255,2016-12-14 14:51:51-131,2016-12-14 14:51:52-895
Success : LS : test1\f71b43c3136efa4f\52481749c0cdecd6\,0:-1,2016-12-14 14:51:53-014,2016-12-14 14:51:53-117
Success : LS : test2\a94a8fe5ccb19ba6\,0:-1,2016-12-14 14:51:53-207,2016-12-14 14:51:53-329
Success : CREATE_FILE : test2\a94a8fe5ccb19ba6\5FE8CF7A3F9D8324,0:1375803,2016-12-14 14:51:53-454,2016-12-14 14:51:54-388
Success : LS : test2\a94a8fe5ccb19ba6\,0:-1,2016-12-14 14:51:54-512,2016-12-14 14:51:54-605
Success : LS : test2\a94a8fe5ccb19ba6\,0:-1,2016-12-14 14:51:54-685,2016-12-14 14:51:54-801
Fail : LS : test1,0:-1,2016-12-14 14:51:54-926,2016-12-14 14:51:54-926
Reason : java.lang.StringIndexOutOfBoundsException: String index out of range: -1
Success : LS : test1\f71b43c3136efa4f\c7d9912886e5ccc7\,0:-1,2016-12-14 14:51:55-046,2016-12-14 14:51:55-117
Success : LS : test2\a94a8fe5ccb19ba6\2a5bd02710e975a7\,0:-1,2016-12-14 14:51:55-223,2016-12-14 14:51:55-304
Success : SEQ_READ : test1\c5a5e5562b038073\c7734a16bf12bb03,0:364726,2016-12-14 14:51:55-385,2016-12-14 14:51:55-449
Success : LS : test1\f71b43c3136efa4f\,0:-1,2016-12-14 14:51:55-526,2016-12-14 14:51:55-589
Success : LS : test2\a94a8fe5ccb19ba6\,0:-1,2016-12-14 14:51:55-686,2016-12-14 14:51:55-768
Success : CREATE_FILE : test2\a94a8fe5ccb19ba6\2a5bd02710e975a7\6B8AC51D6CBA7EAE,0:1203953,2016-12-14 14:51:55-842,2016-12-14 14:51:56-881
Success : LS : test2\a94a8fe5ccb19ba6\2a5bd02710e975a7\,0:-1,2016-12-14 14:51:57-018,2016-12-14 14:51:57-115
Success : CREATE_FILE : test2\a94a8fe5ccb19ba6\2a5bd02710e975a7\310AEED92807C85D,0:1138263,2016-12-14 14:51:57-202,2016-12-14 14:51:57-982
Success : LS : test2\a94a8fe5ccb19ba6\2a5bd02710e975a7\,0:-1,2016-12-14 14:51:58-093,2016-12-14 14:51:58-187
Success : CREATE_FILE : test2\a94a8fe5ccb19ba6\7CD5414B2F689554,0:1821056,2016-12-14 14:51:58-302,2016-12-14 14:51:59-703
Success : LS : test1\f71b43c3136efa4f\,0:-1,2016-12-14 14:51:59-818,2016-12-14 14:51:59-891
Success : LS : test1\f71b43c3136efa4f\9f93e73d6896cb7b\,0:-1,2016-12-14 14:51:59-997,2016-12-14 14:52:00-066
Success : LS : test2\a94a8fe5ccb19ba6\,0:-1,2016-12-14 14:52:00-141,2016-12-14 14:52:00-223
Success : LS : test1\f71b43c3136efa4f\,0:-1,2016-12-14 14:52:00-325,2016-12-14 14:52:00-391
Success : LS : test1\c5a5e5562b038073\,0:-1,2016-12-14 14:52:00-489,2016-12-14 14:52:00-554
Success : LS : test1\f71b43c3136efa4f\52481749c0cdecd6\,0:-1,2016-12-14 14:52:00-628,2016-12-14 14:52:00-687
Success : LS : test2\a94a8fe5ccb19ba6\2a5bd02710e975a7\,0:-1,2016-12-14 14:52:00-761,2016-12-14 14:52:00-832
Success : LS : test2\a94a8fe5ccb19ba6\2a5bd02710e975a7\,0:-1,2016-12-14 14:52:00-907,2016-12-14 14:52:00-997
Success : LS : test1\f71b43c3136efa4f\83404ffd78f534ff\,0:-1,2016-12-14 14:52:01-088,2016-12-14 14:52:01-188
Success : LS : test1\f71b43c3136efa4f\83404ffd78f534ff\,0:-1,2016-12-14 14:52:01-278,2016-12-14 14:52:01-347
Success : LS : test2\a94a8fe5ccb19ba6\,0:-1,2016-12-14 14:52:01-426,2016-12-14 14:52:01-502
Success : CREATE_FILE : test2\a94a8fe5ccb19ba6\52392FD9046EE163,0:610222,2016-12-14 14:52:01-576,2016-12-14 14:52:02-112
Success : LS : test1\f71b43c3136efa4f\52481749c0cdecd6\,0:-1,2016-12-14 14:52:02-236,2016-12-14 14:52:02-310
Success : SEQ_READ : test2\49f03965cf98b1f5,0:1634,2016-12-14 14:52:02-409,2016-12-14 14:52:02-474
Success : LS : test2\a94a8fe5ccb19ba6\,0:-1,2016-12-14 14:52:02-553,2016-12-14 14:52:02-631
Fail : LS : test1,0:-1,2016-12-14 14:52:02-722,2016-12-14 14:52:02-723
Reason : java.lang.StringIndexOutOfBoundsException: String index out of range: -1
Success : LS : test2\a94a8fe5ccb19ba6\,0:-1,2016-12-14 14:52:02-800,2016-12-14 14:52:03-443
Success : CREATE_FILE : test2\a94a8fe5ccb19ba6\2a5bd02710e975a7\1BC5B6B97D51B6A0,0:1730417,2016-12-14 14:52:03-564,2016-12-14 14:52:04-938
Success : LS : test2\a94a8fe5ccb19ba6\2a5bd02710e975a7\,0:-1,2016-12-14 14:52:05-046,2016-12-14 14:52:05-123
Success : CREATE_FILE : test2\a94a8fe5ccb19ba6\5E5F6DBE3915D8FB,0:1301061,2016-12-14 14:52:05-240,2016-12-14 14:52:06-080
Success : LS : test2\a94a8fe5ccb19ba6\,0:-1,2016-12-14 14:52:06-208,2016-12-14 14:52:06-304
Success : CREATE_FILE : test2\a94a8fe5ccb19ba6\2a5bd02710e975a7\5876C3FF52FA5929,0:3111002,2016-12-14 14:52:06-423,2016-12-14 14:52:09-259
Success : LS : test2\a94a8fe5ccb19ba6\2a5bd02710e975a7\,0:-1,2016-12-14 14:52:09-379,2016-12-14 14:52:09-487
Success : CREATE_FILE : test2\a94a8fe5ccb19ba6\37D2591B4713033E,0:3788996,2016-12-14 14:52:09-581,2016-12-14 14:52:12-977
Success : LS : test2\a94a8fe5ccb19ba6\,0:-1,2016-12-14 14:52:13-102,2016-12-14 14:52:13-224
Success : CREATE_FILE : test2\a94a8fe5ccb19ba6\24832C29388EED29,0:1906079,2016-12-14 14:52:13-331,2016-12-14 14:52:15-120
Success : LS : test1\f71b43c3136efa4f\83404ffd78f534ff\,0:-1,2016-12-14 14:52:15-245,2016-12-14 14:52:15-330
Success : LS : test2\a94a8fe5ccb19ba6\2a5bd02710e975a7\,0:-1,2016-12-14 14:52:15-413,2016-12-14 14:52:15-486
Success : LS : test1\f71b43c3136efa4f\83404ffd78f534ff\,0:-1,2016-12-14 14:52:15-563,2016-12-14 14:52:15-624
Success : LS : test2\a94a8fe5ccb19ba6\,0:-1,2016-12-14 14:52:15-699,2016-12-14 14:52:15-774
Success : LS : test1\f71b43c3136efa4f\83404ffd78f534ff\,0:-1,2016-12-14 14:52:15-885,2016-12-14 14:52:15-955
Success : LS : test1\f71b43c3136efa4f\,0:-1,2016-12-14 14:52:16-060,2016-12-14 14:52:16-139
Success : LS : test1\f71b43c3136efa4f\,0:-1,2016-12-14 14:52:16-218,2016-12-14 14:52:16-302
Success : LS : test2\a94a8fe5ccb19ba6\,0:-1,2016-12-14 14:52:16-384,2016-12-14 14:52:16-459
Success : CREATE_FILE : test2\a94a8fe5ccb19ba6\27BA27CE01D98267,0:3167803,2016-12-14 14:52:16-535,2016-12-14 14:52:19-611
Success : LS : test2\a94a8fe5ccb19ba6\,0:-1,2016-12-14 14:52:19-731,2016-12-14 14:52:19-832
Success : CREATE_FILE : test2\a94a8fe5ccb19ba6\2a5bd02710e975a7\3DE2ADF12568C984,0:1389673,2016-12-14 14:52:19-915,2016-12-14 14:52:21-722
Success : LS : test2\a94a8fe5ccb19ba6\2a5bd02710e975a7\,0:-1,2016-12-14 14:52:21-841,2016-12-14 14:52:21-927
Success : CREATE_FILE : test2\a94a8fe5ccb19ba6\39FBE68552EE82CC,0:1072362,2016-12-14 14:52:22-004,2016-12-14 14:52:22-691
Success : LS : test1\c5a5e5562b038073\0189424a5a60fed3\,0:-1,2016-12-14 14:52:22-824,2016-12-14 14:52:22-928
Success : LS : test1\c5a5e5562b038073\0189424a5a60fed3\,0:-1,2016-12-14 14:52:23-048,2016-12-14 14:52:23-120
Success : LS : test1\c5a5e5562b038073\0189424a5a60fed3\,0:-1,2016-12-14 14:52:23-206,2016-12-14 14:52:23-267
Success : LS : test1\f71b43c3136efa4f\9f93e73d6896cb7b\,0:-1,2016-12-14 14:52:23-369,2016-12-14 14:52:23-436
Success : LS : test1\f71b43c3136efa4f\,0:-1,2016-12-14 14:52:23-541,2016-12-14 14:52:23-608
Success : LS : test2\a94a8fe5ccb19ba6\,0:-1,2016-12-14 14:52:23-688,2016-12-14 14:52:23-765
Success : CREATE_FILE : test2\a94a8fe5ccb19ba6\61FB2E6E3A65D859,0:3470322,2016-12-14 14:52:23-842,2016-12-14 14:52:27-722
Success : LS : test2\a94a8fe5ccb19ba6\,0:-1,2016-12-14 14:52:27-848,2016-12-14 14:52:27-938
Success : CREATE_FILE : test2\a94a8fe5ccb19ba6\14076379461E8548,0:3097723,2016-12-14 14:52:28-060,2016-12-14 14:52:30-925
Success : LS : test2\a94a8fe5ccb19ba6\,0:-1,2016-12-14 14:52:31-050,2016-12-14 14:52:31-142
Success : CREATE_FILE : test2\a94a8fe5ccb19ba6\433723333EF0058D,0:2157806,2016-12-14 14:52:31-264,2016-12-14 14:52:34-501
Success : LS : test2\a94a8fe5ccb19ba6\,0:-1,2016-12-14 14:52:34-626,2016-12-14 14:52:34-716
Success : CREATE_FILE : test2\a94a8fe5ccb19ba6\2a5bd02710e975a7\2C5766792DB2B888,0:3294782,2016-12-14 14:52:34-847,2016-12-14 14:52:38-015
Success : LS : test2\a94a8fe5ccb19ba6\2a5bd02710e975a7\,0:-1,2016-12-14 14:52:38-129,2016-12-14 14:52:38-245
Success : CREATE_FILE : test2\a94a8fe5ccb19ba6\3243376245C2FCE3,0:602986,2016-12-14 14:52:38-345,2016-12-14 14:52:40-369
Fail : LS : test1,0:-1,2016-12-14 14:52:40-460,2016-12-14 14:52:40-460
Reason : java.lang.StringIndexOutOfBoundsException: String index out of range: -1
Success : SEQ_READ : test2\8da7cc13802eefe0,0:22987191,2016-12-14 14:52:40-537,2016-12-14 14:52:40-638
Fail : LS : test1,0:-1,2016-12-14 14:52:40-727,2016-12-14 14:52:40-727
Reason : java.lang.StringIndexOutOfBoundsException: String index out of range: -1
Fail : LS : test1,0:-1,2016-12-14 14:52:40-800,2016-12-14 14:52:40-800
Reason : java.lang.StringIndexOutOfBoundsException: String index out of range: -1
Success : LS : test1\f71b43c3136efa4f\9f93e73d6896cb7b\,0:-1,2016-12-14 14:52:40-874,2016-12-14 14:52:41-233
Success : LS : test1\c5a5e5562b038073\0189424a5a60fed3\,0:-1,2016-12-14 14:52:41-310,2016-12-14 14:52:41-372
Success : LS : test2\a94a8fe5ccb19ba6\2a5bd02710e975a7\,0:-1,2016-12-14 14:52:41-448,2016-12-14 14:52:41-518
Success : SEQ_READ : test1\f71b43c3136efa4f\c7d9912886e5ccc7\6670af231c096f09,0:129,2016-12-14 14:52:41-688,2016-12-14 14:52:41-750
Success : LS : test2\a94a8fe5ccb19ba6\,0:-1,2016-12-14 14:52:41-823,2016-12-14 14:52:42-484
Success : CREATE_FILE : test2\a94a8fe5ccb19ba6\2a5bd02710e975a7\7F1B13D23E29FEE8,0:3987547,2016-12-14 14:52:42-573,2016-12-14 14:52:46-420
Success : LS : test2\a94a8fe5ccb19ba6\2a5bd02710e975a7\,0:-1,2016-12-14 14:52:46-632,2016-12-14 14:52:47-633
Success : CREATE_FILE : test2\a94a8fe5ccb19ba6\335383AF431AD3B6,0:3234316,2016-12-14 14:52:47-756,2016-12-14 14:52:50-697
Success : LS : test2\a94a8fe5ccb19ba6\,0:-1,2016-12-14 14:52:50-821,2016-12-14 14:52:50-935
Success : CREATE_FILE : test2\a94a8fe5ccb19ba6\2a5bd02710e975a7\5AFFCCBE42CE24C5,0:3952135,2016-12-14 14:52:51-022,2016-12-14 14:52:54-835
Fail : LS : test1,0:-1,2016-12-14 14:52:54-955,2016-12-14 14:52:54-955
Reason : java.lang.StringIndexOutOfBoundsException: String index out of range: -1
Success : LS : test1\c5a5e5562b038073\a39ea9c72a98de10\,0:-1,2016-12-14 14:52:55-045,2016-12-14 14:52:55-107
Success : LS : test1\f71b43c3136efa4f\83404ffd78f534ff\,0:-1,2016-12-14 14:52:55-224,2016-12-14 14:52:55-303
Success : LS : test1\f71b43c3136efa4f\52481749c0cdecd6\,0:-1,2016-12-14 14:52:55-385,2016-12-14 14:52:55-447
Success : LS : test2\a94a8fe5ccb19ba6\,0:-1,2016-12-14 14:52:55-554,2016-12-14 14:52:55-638
Success : LS : test1\f71b43c3136efa4f\83404ffd78f534ff\,0:-1,2016-12-14 14:52:55-720,2016-12-14 14:52:55-784
Success : LS : test2\a94a8fe5ccb19ba6\2a5bd02710e975a7\,0:-1,2016-12-14 14:52:55-888,2016-12-14 14:52:55-964
Success : CREATE_FILE : test2\a94a8fe5ccb19ba6\2a5bd02710e975a7\114F5F2E3B6A1105,0:3527259,2016-12-14 14:52:56-050,2016-12-14 14:52:59-655
Success : LS : test2\a94a8fe5ccb19ba6\2a5bd02710e975a7\,0:-1,2016-12-14 14:52:59-773,2016-12-14 14:52:59-853
Success : CREATE_FILE : test2\a94a8fe5ccb19ba6\2a5bd02710e975a7\2BCDB4C330F9FEA6,0:2716822,2016-12-14 14:52:59-927,2016-12-14 14:53:02-443
Success : LS : test2\a94a8fe5ccb19ba6\2a5bd02710e975a7\,0:-1,2016-12-14 14:53:02-559,2016-12-14 14:53:02-642
Success : CREATE_FILE : test2\a94a8fe5ccb19ba6\581E84CC4E2F4299,0:2545525,2016-12-14 14:53:02-733,2016-12-14 14:53:05-665
Success : LS : test2\a94a8fe5ccb19ba6\,0:-1,2016-12-14 14:53:05-788,2016-12-14 14:53:05-877
Success : CREATE_FILE : test2\a94a8fe5ccb19ba6\2a5bd02710e975a7\3DDB214D7A34004A,0:3876310,2016-12-14 14:53:05-981,2016-12-14 14:53:09-604
Success : LS : test1\f71b43c3136efa4f\83404ffd78f534ff\,0:-1,2016-12-14 14:53:09-724,2016-12-14 14:53:09-796
Success : LS : test2\a94a8fe5ccb19ba6\2a5bd02710e975a7\,0:-1,2016-12-14 14:53:09-872,2016-12-14 14:53:09-983
Success : LS : test2\a94a8fe5ccb19ba6\2a5bd02710e975a7\,0:-1,2016-12-14 14:53:10-070,2016-12-14 14:53:10-342
Success : CREATE_FILE : test2\a94a8fe5ccb19ba6\010F77B94E9BE563,0:2568032,2016-12-14 14:53:10-433,2016-12-14 14:53:12-695
Success : LS : test2\a94a8fe5ccb19ba6\,0:-1,2016-12-14 14:53:12-820,2016-12-14 14:53:12-941
Success : CREATE_FILE : test2\a94a8fe5ccb19ba6\1DF8AF1A7B345ECD,0:1994183,2016-12-14 14:53:13-033,2016-12-14 14:53:14-596
Success : LS : test2\a94a8fe5ccb19ba6\,0:-1,2016-12-14 14:53:14-717,2016-12-14 14:53:14-809
Success : CREATE_FILE : test2\a94a8fe5ccb19ba6\2a5bd02710e975a7\2CF6C2B24CCBB372,0:2495190,2016-12-14 14:53:14-926,2016-12-14 14:53:17-957
Success : LS : test2\a94a8fe5ccb19ba6\2a5bd02710e975a7\,0:-1,2016-12-14 14:53:18-074,2016-12-14 14:53:18-212
