Success : SEQ_READ : test1\f71b43c3136efa4f\9f93e73d6896cb7b\6670af231c096f09,0:129,2016-12-13 15:27:48-566,2016-12-13 15:27:48-683
Success : SEQ_READ : test1\f71b43c3136efa4f\9f93e73d6896cb7b\6670af231c096f09,0:129,2016-12-13 15:27:48-760,2016-12-13 15:27:48-863
Success : LS : test1\f71b43c3136efa4f\,0:-1,2016-12-13 15:27:48-974,2016-12-13 15:27:49-082
Success : SEQ_READ : test2\a94a8fe5ccb19ba6\4b6fcb2d521ef0fd,0:2291,2016-12-13 15:27:49-178,2016-12-13 15:27:49-283
Success : CREATE_FILE : test2\a94a8fe5ccb19ba6\78B2478915DBB1CF,0:1474623,2016-12-13 15:27:49-408,2016-12-13 15:27:50-427
Success : LS : test1\c5a5e5562b038073\a39ea9c72a98de10\,0:-1,2016-12-13 15:27:50-549,2016-12-13 15:27:50-650
Success : SEQ_READ : test2\6c33a983eec1b409,0:2291,2016-12-13 15:27:50-750,2016-12-13 15:27:50-817
Success : LS : test2\a94a8fe5ccb19ba6\,0:-1,2016-12-13 15:27:50-944,2016-12-13 15:27:51-091
Success : CREATE_FILE : test2\a94a8fe5ccb19ba6\2a5bd02710e975a7\08EC29E910184FCE,0:3880509,2016-12-13 15:27:51-211,2016-12-13 15:27:54-534
Success : SEQ_READ : test1\c5a5e5562b038073\6670af231c096f09,0:46,2016-12-13 15:27:54-617,2016-12-13 15:27:54-679
Success : LS : test2\a94a8fe5ccb19ba6\,0:-1,2016-12-13 15:27:54-755,2016-12-13 15:27:54-889
Success : LS : test1\f71b43c3136efa4f\c7d9912886e5ccc7\,0:-1,2016-12-13 15:27:54-995,2016-12-13 15:27:55-089
Success : LS : test2\a94a8fe5ccb19ba6\,0:-1,2016-12-13 15:27:55-191,2016-12-13 15:27:55-330
Success : LS : test2\a94a8fe5ccb19ba6\2a5bd02710e975a7\,0:-1,2016-12-13 15:27:55-455,2016-12-13 15:27:55-574
Success : CREATE_FILE : test2\a94a8fe5ccb19ba6\2FDCD3D44231A4F1,0:3980574,2016-12-13 15:27:55-675,2016-12-13 15:27:59-186
Success : LS : test2\a94a8fe5ccb19ba6\,0:-1,2016-12-13 15:27:59-312,2016-12-13 15:27:59-435
Success : CREATE_FILE : test2\a94a8fe5ccb19ba6\7CAB13AA0F70AD22,0:1850770,2016-12-13 15:27:59-561,2016-12-13 15:28:00-701
Success : LS : test2\a94a8fe5ccb19ba6\,0:-1,2016-12-13 15:28:00-821,2016-12-13 15:28:00-934
Success : CREATE_FILE : test2\a94a8fe5ccb19ba6\7CB9FBD14D8F9723,0:983997,2016-12-13 15:28:01-029,2016-12-13 15:28:01-306
Success : LS : test1\c5a5e5562b038073\a39ea9c72a98de10\,0:-1,2016-12-13 15:28:01-430,2016-12-13 15:28:01-586
Success : LS : test1\f71b43c3136efa4f\,0:-1,2016-12-13 15:28:01-702,2016-12-13 15:28:01-776
Success : SEQ_READ : test1\c5a5e5562b038073\c7734a16bf12bb03,0:364726,2016-12-13 15:28:01-897,2016-12-13 15:28:01-978
Success : LS : test2\a94a8fe5ccb19ba6\,0:-1,2016-12-13 15:28:02-057,2016-12-13 15:28:02-155
Success : LS : test2\a94a8fe5ccb19ba6\,0:-1,2016-12-13 15:28:02-276,2016-12-13 15:28:02-385
Success : CREATE_FILE : test2\a94a8fe5ccb19ba6\2a5bd02710e975a7\4DF45B7126E47022,0:3266688,2016-12-13 15:28:02-480,2016-12-13 15:28:04-995
Success : LS : test2\a94a8fe5ccb19ba6\2a5bd02710e975a7\,0:-1,2016-12-13 15:28:05-118,2016-12-13 15:28:05-238
Success : CREATE_FILE : test2\a94a8fe5ccb19ba6\3FACCE025A553AFF,0:2183326,2016-12-13 15:28:05-368,2016-12-13 15:28:07-019
Success : LS : test2\a94a8fe5ccb19ba6\,0:-1,2016-12-13 15:28:07-141,2016-12-13 15:28:07-284
Success : CREATE_FILE : test2\a94a8fe5ccb19ba6\2a5bd02710e975a7\39D8B1F451A30BFD,0:2509498,2016-12-13 15:28:07-410,2016-12-13 15:28:09-256
Success : SEQ_READ : test2\bc9c8ba7ff351f3e,0:217984,2016-12-13 15:28:09-384,2016-12-13 15:28:09-469
Success : LS : test1\f71b43c3136efa4f\83404ffd78f534ff\,0:-1,2016-12-13 15:28:09-552,2016-12-13 15:28:09-618
Success : SEQ_READ : test1\c5a5e5562b038073\a39ea9c72a98de10\f398de59988a85e5,0:6743,2016-12-13 15:28:09-696,2016-12-13 15:28:09-757
Success : LS : test1\c5a5e5562b038073\a39ea9c72a98de10\,0:-1,2016-12-13 15:28:09-832,2016-12-13 15:28:09-895
Success : LS : test2\a94a8fe5ccb19ba6\2a5bd02710e975a7\,0:-1,2016-12-13 15:28:09-976,2016-12-13 15:28:10-082
Success : CREATE_FILE : test2\a94a8fe5ccb19ba6\2D74BAB8249C676C,0:3750113,2016-12-13 15:28:10-199,2016-12-13 15:28:13-420
Success : LS : test2\a94a8fe5ccb19ba6\,0:-1,2016-12-13 15:28:13-547,2016-12-13 15:28:13-655
Success : CREATE_FILE : test2\a94a8fe5ccb19ba6\03C32E3441783768,0:3401385,2016-12-13 15:28:13-774,2016-12-13 15:28:16-602
Success : LS : test2\a94a8fe5ccb19ba6\,0:-1,2016-12-13 15:28:16-780,2016-12-13 15:28:16-880
Success : CREATE_FILE : test2\a94a8fe5ccb19ba6\2a5bd02710e975a7\283CD96876A79627,0:3783574,2016-12-13 15:28:16-961,2016-12-13 15:28:20-293
Fail : LS : test1,0:-1,2016-12-13 15:28:20-415,2016-12-13 15:28:20-416
Reason : java.lang.StringIndexOutOfBoundsException: String index out of range: -1
Success : LS : test1\c5a5e5562b038073\0189424a5a60fed3\,0:-1,2016-12-13 15:28:20-502,2016-12-13 15:28:20-604
Success : LS : test2\a94a8fe5ccb19ba6\,0:-1,2016-12-13 15:28:20-712,2016-12-13 15:28:20-831
Success : SEQ_READ : test2\bc9c8ba7ff351f3e,0:217984,2016-12-13 15:28:20-928,2016-12-13 15:28:20-994
Success : LS : test2\a94a8fe5ccb19ba6\,0:-1,2016-12-13 15:28:21-073,2016-12-13 15:28:21-186
Fail : LS : test1,0:-1,2016-12-13 15:28:21-288,2016-12-13 15:28:21-289
Reason : java.lang.StringIndexOutOfBoundsException: String index out of range: -1
Success : LS : test2\a94a8fe5ccb19ba6\2a5bd02710e975a7\,0:-1,2016-12-13 15:28:21-375,2016-12-13 15:28:21-458
Success : CREATE_FILE : test2\a94a8fe5ccb19ba6\2a5bd02710e975a7\062A0C612DBEB7B9,0:1139218,2016-12-13 15:28:21-543,2016-12-13 15:28:21-961
Success : SEQ_READ : test1\c5a5e5562b038073\2d77b1044a6c5c82,0:764416,2016-12-13 15:28:22-088,2016-12-13 15:28:22-171
Success : SEQ_READ : test1\f71b43c3136efa4f\52481749c0cdecd6\6670af231c096f09,0:129,2016-12-13 15:28:22-254,2016-12-13 15:28:22-324
Success : LS : test1\f71b43c3136efa4f\c7d9912886e5ccc7\,0:-1,2016-12-13 15:28:22-404,2016-12-13 15:28:22-507
Success : LS : test1\f71b43c3136efa4f\83404ffd78f534ff\,0:-1,2016-12-13 15:28:22-601,2016-12-13 15:28:22-709
Success : SEQ_READ : test1\c5a5e5562b038073\2d77b1044a6c5c82,0:764416,2016-12-13 15:28:22-808,2016-12-13 15:28:22-921
Success : LS : test2\a94a8fe5ccb19ba6\2a5bd02710e975a7\,0:-1,2016-12-13 15:28:23-024,2016-12-13 15:28:23-447
Success : CREATE_FILE : test2\a94a8fe5ccb19ba6\235B4E2A33A4E081,0:1557317,2016-12-13 15:28:23-575,2016-12-13 15:28:24-511
Success : LS : test2\a94a8fe5ccb19ba6\,0:-1,2016-12-13 15:28:24-596,2016-12-13 15:28:24-706
Success : CREATE_FILE : test2\a94a8fe5ccb19ba6\2a5bd02710e975a7\6FD5064945CE2699,0:845176,2016-12-13 15:28:24-790,2016-12-13 15:28:25-023
Success : LS : test2\a94a8fe5ccb19ba6\,0:-1,2016-12-13 15:28:25-138,2016-12-13 15:28:25-249
Success : LS : test1\f71b43c3136efa4f\52481749c0cdecd6\,0:-1,2016-12-13 15:28:25-376,2016-12-13 15:28:25-450
Success : LS : test2\a94a8fe5ccb19ba6\,0:-1,2016-12-13 15:28:25-570,2016-12-13 15:28:25-687
Success : LS : test1\c5a5e5562b038073\a39ea9c72a98de10\,0:-1,2016-12-13 15:28:25-797,2016-12-13 15:28:25-867
Success : LS : test2\a94a8fe5ccb19ba6\2a5bd02710e975a7\,0:-1,2016-12-13 15:28:25-968,2016-12-13 15:28:26-081
Fail : LS : test1,0:-1,2016-12-13 15:28:26-206,2016-12-13 15:28:26-206
Reason : java.lang.StringIndexOutOfBoundsException: String index out of range: -1
Success : LS : test1\f71b43c3136efa4f\c7d9912886e5ccc7\,0:-1,2016-12-13 15:28:26-334,2016-12-13 15:28:26-441
Success : LS : test2\a94a8fe5ccb19ba6\2a5bd02710e975a7\,0:-1,2016-12-13 15:28:26-531,2016-12-13 15:28:26-650
Success : CREATE_FILE : test2\a94a8fe5ccb19ba6\2a5bd02710e975a7\63D4266B798934C4,0:2287006,2016-12-13 15:28:26-761,2016-12-13 15:28:28-419
Success : LS : test1\c5a5e5562b038073\0189424a5a60fed3\,0:-1,2016-12-13 15:28:28-544,2016-12-13 15:28:28-650
Success : LS : test1\c5a5e5562b038073\0189424a5a60fed3\,0:-1,2016-12-13 15:28:28-743,2016-12-13 15:28:28-807
Success : LS : test1\c5a5e5562b038073\a39ea9c72a98de10\,0:-1,2016-12-13 15:28:28-928,2016-12-13 15:28:29-028
Success : LS : test2\a94a8fe5ccb19ba6\,0:-1,2016-12-13 15:28:29-152,2016-12-13 15:28:29-268
Success : LS : test2\a94a8fe5ccb19ba6\2a5bd02710e975a7\,0:-1,2016-12-13 15:28:29-383,2016-12-13 15:28:29-473
Success : CREATE_FILE : test2\a94a8fe5ccb19ba6\284F0DF47CB4F7FE,0:1523515,2016-12-13 15:28:29-578,2016-12-13 15:28:30-477
Success : LS : test2\a94a8fe5ccb19ba6\,0:-1,2016-12-13 15:28:30-563,2016-12-13 15:28:30-664
Success : CREATE_FILE : test2\a94a8fe5ccb19ba6\4D079F7D0579E917,0:1179827,2016-12-13 15:28:30-740,2016-12-13 15:28:31-279
Success : LS : test2\a94a8fe5ccb19ba6\,0:-1,2016-12-13 15:28:31-404,2016-12-13 15:28:31-555
Success : CREATE_FILE : test2\a94a8fe5ccb19ba6\74914DE55855F56B,0:2404941,2016-12-13 15:28:31-659,2016-12-13 15:28:33-403
Success : LS : test2\a94a8fe5ccb19ba6\,0:-1,2016-12-13 15:28:33-494,2016-12-13 15:28:33-599
Success : LS : test1\f71b43c3136efa4f\52481749c0cdecd6\,0:-1,2016-12-13 15:28:33-681,2016-12-13 15:28:33-742
Success : SEQ_READ : test2\1a7683b6645f9b6a,0:14529,2016-12-13 15:28:33-848,2016-12-13 15:28:33-915
Success : LS : test1\f71b43c3136efa4f\9f93e73d6896cb7b\,0:-1,2016-12-13 15:28:34-018,2016-12-13 15:28:34-108
Success : LS : test2\a94a8fe5ccb19ba6\,0:-1,2016-12-13 15:28:34-196,2016-12-13 15:28:34-296
Success : LS : test2\a94a8fe5ccb19ba6\,0:-1,2016-12-13 15:28:34-395,2016-12-13 15:28:34-526
Success : CREATE_FILE : test2\a94a8fe5ccb19ba6\5F8B727735B6A80D,0:3809888,2016-12-13 15:28:34-650,2016-12-13 15:28:37-867
Success : LS : test2\a94a8fe5ccb19ba6\,0:-1,2016-12-13 15:28:37-991,2016-12-13 15:28:38-107
Success : CREATE_FILE : test2\a94a8fe5ccb19ba6\2a5bd02710e975a7\45FAE08902A4233A,0:3614289,2016-12-13 15:28:38-189,2016-12-13 15:28:41-310
Success : LS : test2\a94a8fe5ccb19ba6\2a5bd02710e975a7\,0:-1,2016-12-13 15:28:41-440,2016-12-13 15:28:41-530
Success : LS : test1\f71b43c3136efa4f\,0:-1,2016-12-13 15:28:41-629,2016-12-13 15:28:41-719
Success : LS : test1\f71b43c3136efa4f\83404ffd78f534ff\,0:-1,2016-12-13 15:28:41-804,2016-12-13 15:28:41-871
Success : SEQ_READ : test2\6c33a983eec1b409,0:2291,2016-12-13 15:28:41-989,2016-12-13 15:28:42-053
Success : LS : test2\a94a8fe5ccb19ba6\2a5bd02710e975a7\,0:-1,2016-12-13 15:28:42-166,2016-12-13 15:28:42-281
Success : CREATE_FILE : test2\a94a8fe5ccb19ba6\263DC949613B0D0E,0:417094,2016-12-13 15:28:42-390,2016-12-13 15:28:42-606
Success : LS : test2\a94a8fe5ccb19ba6\,0:-1,2016-12-13 15:28:42-685,2016-12-13 15:28:42-816
Success : CREATE_FILE : test2\a94a8fe5ccb19ba6\2a5bd02710e975a7\030A5C9D29A28939,0:692387,2016-12-13 15:28:42-909,2016-12-13 15:28:43-253
Success : SEQ_READ : test2\6c33a983eec1b409,0:2291,2016-12-13 15:28:43-375,2016-12-13 15:28:43-476
Success : LS : test1\f71b43c3136efa4f\9f93e73d6896cb7b\,0:-1,2016-12-13 15:28:43-578,2016-12-13 15:28:43-646
Fail : LS : test1,0:-1,2016-12-13 15:28:43-721,2016-12-13 15:28:43-721
Reason : java.lang.StringIndexOutOfBoundsException: String index out of range: -1
Success : LS : test2\a94a8fe5ccb19ba6\2a5bd02710e975a7\,0:-1,2016-12-13 15:28:43-836,2016-12-13 15:28:43-926
Success : CREATE_FILE : test2\a94a8fe5ccb19ba6\3C811C8C1A9A50EC,0:742199,2016-12-13 15:28:44-033,2016-12-13 15:28:44-314
Success : LS : test2\a94a8fe5ccb19ba6\,0:-1,2016-12-13 15:28:44-446,2016-12-13 15:28:44-586
Success : CREATE_FILE : test2\a94a8fe5ccb19ba6\06E798FD2C0E497F,0:1219819,2016-12-13 15:28:44-711,2016-12-13 15:28:45-285
Success : LS : test2\a94a8fe5ccb19ba6\,0:-1,2016-12-13 15:28:45-406,2016-12-13 15:28:45-514
Success : CREATE_FILE : test2\a94a8fe5ccb19ba6\2a5bd02710e975a7\60B504CD54A703C9,0:3071627,2016-12-13 15:28:45-597,2016-12-13 15:28:48-137
Success : LS : test2\a94a8fe5ccb19ba6\2a5bd02710e975a7\,0:-1,2016-12-13 15:28:48-261,2016-12-13 15:28:48-388
Fail : LS : test1,0:-1,2016-12-13 15:28:48-479,2016-12-13 15:28:48-479
Reason : java.lang.StringIndexOutOfBoundsException: String index out of range: -1
Success : LS : test1\f71b43c3136efa4f\52481749c0cdecd6\,0:-1,2016-12-13 15:28:48-567,2016-12-13 15:28:48-636
Success : SEQ_READ : test1\c5a5e5562b038073\2d77b1044a6c5c82,0:764416,2016-12-13 15:28:48-714,2016-12-13 15:28:48-802
Success : LS : test2\a94a8fe5ccb19ba6\2a5bd02710e975a7\,0:-1,2016-12-13 15:28:48-913,2016-12-13 15:28:48-994
Success : CREATE_FILE : test2\a94a8fe5ccb19ba6\6B82669620A4E629,0:1832356,2016-12-13 15:28:49-111,2016-12-13 15:28:50-407
Success : LS : test2\a94a8fe5ccb19ba6\,0:-1,2016-12-13 15:28:50-526,2016-12-13 15:28:50-643
Success : CREATE_FILE : test2\a94a8fe5ccb19ba6\2a5bd02710e975a7\40FA39077344E3F9,0:1124138,2016-12-13 15:28:50-725,2016-12-13 15:28:51-156
Success : LS : test2\a94a8fe5ccb19ba6\2a5bd02710e975a7\,0:-1,2016-12-13 15:28:51-282,2016-12-13 15:28:51-374
Success : CREATE_FILE : test2\a94a8fe5ccb19ba6\2a5bd02710e975a7\1004A61D511A4892,0:1761232,2016-12-13 15:28:51-457,2016-12-13 15:28:52-464
Success : LS : test2\a94a8fe5ccb19ba6\2a5bd02710e975a7\,0:-1,2016-12-13 15:28:52-589,2016-12-13 15:28:52-705
