Success : RANDOM_WRITE : test2\a94a8fe5ccb19ba6\2a5bd02710e975a7\3eef580036f1724a,0:257,2016-12-16 11:28:36-557,2016-12-16 11:28:36-561
Success : RANDOM_READ : test1\f71b43c3136efa4f\c7d9912886e5ccc7\6670af231c096f09,0:129,2016-12-16 11:28:36-562,2016-12-16 11:28:36-563
Success : SEQ_WRITE : test1\c5a5e5562b038073\738537f9a40e568b,0:1024,2016-12-16 11:28:36-564,2016-12-16 11:28:36-648
Success : CREATE_FILE : test2\a94a8fe5ccb19ba6\55D684D93EEB41B6,0:972764,2016-12-16 11:28:36-649,2016-12-16 11:28:36-821
Success : LS : test2\a94a8fe5ccb19ba6\,0:-1,2016-12-16 11:28:36-822,2016-12-16 11:28:36-822
Success : CREATE_FILE : test2\a94a8fe5ccb19ba6\60C84EAB660063FA,0:1774569,2016-12-16 11:28:36-822,2016-12-16 11:28:37-109
Success : RANDOM_WRITE : test1\c5a5e5562b038073\0caa882bd1034750,0:25600,2016-12-16 11:28:37-110,2016-12-16 11:28:37-116
Success : SEQ_READ : test1\c5a5e5562b038073\0189424a5a60fed3\46a8219c2ae6c782,0:352256,2016-12-16 11:28:37-117,2016-12-16 11:28:37-149
Success : APPEND : test1\c5a5e5562b038073\f72cdbcd84f047a5,0:23181312,2016-12-16 11:28:37-149,2016-12-16 11:28:37-149
Success : RANDOM_WRITE : test2\a94a8fe5ccb19ba6\2a5bd02710e975a7\178db47a574c645f,0:257,2016-12-16 11:28:37-150,2016-12-16 11:28:37-152
Success : SEQ_READ : test1\c5a5e5562b038073\a39ea9c72a98de10\aa61f113a9b13deb,0:438,2016-12-16 11:28:37-152,2016-12-16 11:28:37-153
Success : RANDOM_READ : test2\6c33a983eec1b409,0:2048,2016-12-16 11:28:37-154,2016-12-16 11:28:37-155
Success : RANDOM_READ : test1\c5a5e5562b038073\a39ea9c72a98de10\f398de59988a85e5,0:4096,2016-12-16 11:28:37-155,2016-12-16 11:28:37-157
Success : RANDOM_READ : test1\f71b43c3136efa4f\9f93e73d6896cb7b\6670af231c096f09,0:129,2016-12-16 11:28:37-157,2016-12-16 11:28:37-159
Fail : RANDOM_READ : test2\6c33a983eec1b409,0:0,2016-12-16 11:28:37-159,2016-12-16 11:28:39-397
Reason : RESTAPI.NoImplementionException: read failure
Success : APPEND : test2\a94a8fe5ccb19ba6\2a5bd02710e975a7\254d76d2609fec03,0:66977792,2016-12-16 11:28:39-397,2016-12-16 11:28:39-397
Success : LS : test2\a94a8fe5ccb19ba6\,0:-1,2016-12-16 11:28:39-397,2016-12-16 11:28:39-397
Success : CREATE_FILE : test2\a94a8fe5ccb19ba6\2a5bd02710e975a7\775461027731F1A6,0:842087,2016-12-16 11:28:39-398,2016-12-16 11:28:39-621
Success : SEQ_READ : test1\c5a5e5562b038073\6670af231c096f09,0:46,2016-12-16 11:28:39-621,2016-12-16 11:28:39-622
Success : SEQ_READ : test2\a94a8fe5ccb19ba6\55D684D93EEB41B6,0:11423744,2016-12-16 11:28:39-623,2016-12-16 11:28:39-713
Success : APPEND : test2\a94a8fe5ccb19ba6\60C84EAB660063FA,0:8339456,2016-12-16 11:28:39-714,2016-12-16 11:28:39-714
Success : SEQ_READ : test1\c5a5e5562b038073\05d1f0ed74e78555,0:32768,2016-12-16 11:28:39-714,2016-12-16 11:28:39-718
Success : APPEND : test2\a94a8fe5ccb19ba6\55D684D93EEB41B6,0:45116416,2016-12-16 11:28:39-719,2016-12-16 11:28:39-719
Success : RANDOM_WRITE : test1\c5a5e5562b038073\88fe52fe40fa2264,0:1024,2016-12-16 11:28:39-719,2016-12-16 11:28:39-720
Success : SEQ_READ : test2\a94a8fe5ccb19ba6\60C84EAB660063FA,0:8035328,2016-12-16 11:28:39-721,2016-12-16 11:28:39-879
Success : APPEND : test2\a94a8fe5ccb19ba6\4b6fcb2d521ef0fd,0:25835520,2016-12-16 11:28:39-880,2016-12-16 11:28:39-880
Success : LS : test2\a94a8fe5ccb19ba6\2a5bd02710e975a7\,0:-1,2016-12-16 11:28:39-880,2016-12-16 11:28:39-880
Success : RANDOM_READ : test2\bc9c8ba7ff351f3e,0:30720,2016-12-16 11:28:40-012,2016-12-16 11:28:40-017
Success : RANDOM_READ : test1\c5a5e5562b038073\3c16ab634e85296e,0:4096,2016-12-16 11:28:40-109,2016-12-16 11:28:40-111
Fail : SEQ_READ : test1\c5a5e5562b038073\fbe0d7653f0909cb,0:0,2016-12-16 11:28:40-225,2016-12-16 11:28:40-229
Reason : RESTAPI.NoImplementionException: read failure
Success : APPEND : test1\c5a5e5562b038073\738537f9a40e568b,0:35965952,2016-12-16 11:28:40-266,2016-12-16 11:28:40-266
Success : RANDOM_READ : test1\c5a5e5562b038073\2d77b1044a6c5c82,0:6144,2016-12-16 11:28:40-674,2016-12-16 11:28:40-677
Success : APPEND : test1\c5a5e5562b038073\a39ea9c72a98de10\11562aa867a5f398,0:22060032,2016-12-16 11:28:40-903,2016-12-16 11:28:40-903
Success : SEQ_READ : test2\a94a8fe5ccb19ba6\2a5bd02710e975a7\254d76d2609fec03,0:18875392,2016-12-16 11:28:41-395,2016-12-16 11:28:41-695
Success : CREATE_FILE : test2\a94a8fe5ccb19ba6\0369BAF35F891F70,0:2226173,2016-12-16 11:28:41-933,2016-12-16 11:28:42-357
Success : LS : test2\a94a8fe5ccb19ba6\,0:-1,2016-12-16 11:28:42-357,2016-12-16 11:28:42-357
Success : CREATE_FILE : test2\a94a8fe5ccb19ba6\08A2DA6F6E8240C0,0:1736041,2016-12-16 11:28:42-358,2016-12-16 11:28:42-627
Success : APPEND : test2\a94a8fe5ccb19ba6\2a5bd02710e975a7\775461027731F1A6,0:4567040,2016-12-16 11:28:42-627,2016-12-16 11:28:42-627
Success : LS : test2\a94a8fe5ccb19ba6\,0:-1,2016-12-16 11:28:42-628,2016-12-16 11:28:42-628
Success : CREATE_FILE : test2\a94a8fe5ccb19ba6\0FC5855D392A119B,0:500792,2016-12-16 11:28:42-628,2016-12-16 11:28:42-772
Success : SEQ_WRITE : test1\c5a5e5562b038073\a39ea9c72a98de10\41288c58009f7f6a,0:477,2016-12-16 11:28:42-772,2016-12-16 11:28:42-811
Success : LS : test2\a94a8fe5ccb19ba6\,0:-1,2016-12-16 11:28:42-811,2016-12-16 11:28:42-811
Success : SEQ_READ : test2\a94a8fe5ccb19ba6\2a5bd02710e975a7\178db47a574c645f,0:257,2016-12-16 11:28:43-224,2016-12-16 11:28:43-226
Success : RANDOM_READ : test1\c5a5e5562b038073\88fe52fe40fa2264,0:1024,2016-12-16 11:28:43-332,2016-12-16 11:28:43-334
Success : CREATE_FILE : test2\a94a8fe5ccb19ba6\2a5bd02710e975a7\7BFDA11602DC0BA4,0:1127453,2016-12-16 11:28:43-627,2016-12-16 11:28:43-864
Success : RANDOM_READ : test2\8da7cc13802eefe0,0:39936,2016-12-16 11:28:43-864,2016-12-16 11:28:43-869
Success : LS : test2\a94a8fe5ccb19ba6\2a5bd02710e975a7\,0:-1,2016-12-16 11:28:43-869,2016-12-16 11:28:43-870
Success : SEQ_READ : test1\c5a5e5562b038073\05d1f0ed74e78555,0:37888,2016-12-16 11:28:44-371,2016-12-16 11:28:44-376
Success : SEQ_WRITE : test2\bc9c8ba7ff351f3e,0:204800,2016-12-16 11:28:44-940,2016-12-16 11:28:45-348
Success : CREATE_FILE : test2\a94a8fe5ccb19ba6\5B863C543D9DFE89,0:1049815,2016-12-16 11:28:45-349,2016-12-16 11:28:45-581
Success : RANDOM_WRITE : test2\a94a8fe5ccb19ba6\55D684D93EEB41B6,0:60416,2016-12-16 11:28:45-582,2016-12-16 11:28:45-588
Success : SEQ_READ : test1\c5a5e5562b038073\0189424a5a60fed3\feb6a1968982109d,0:5029888,2016-12-16 11:28:45-588,2016-12-16 11:28:46-024
Success : RANDOM_READ : test2\a94a8fe5ccb19ba6\60C84EAB660063FA,0:37888,2016-12-16 11:28:46-024,2016-12-16 11:28:46-029
Success : RANDOM_WRITE : test2\a94a8fe5ccb19ba6\60C84EAB660063FA,0:23552,2016-12-16 11:28:46-029,2016-12-16 11:28:46-033
Success : LS : test2\a94a8fe5ccb19ba6\,0:-1,2016-12-16 11:28:46-033,2016-12-16 11:28:46-033
Success : CREATE_FILE : test2\a94a8fe5ccb19ba6\2a5bd02710e975a7\293A0378052D5F24,0:2820126,2016-12-16 11:28:46-033,2016-12-16 11:28:46-483
Success : APPEND : test2\49f03965cf98b1f5,0:29271040,2016-12-16 11:28:46-483,2016-12-16 11:28:46-483
Fail : SEQ_READ : test2\6c33a983eec1b409,0:0,2016-12-16 11:28:46-483,2016-12-16 11:28:48-714
Reason : RESTAPI.NoImplementionException: read failure
Success : SEQ_READ : test1\9832710c94f11d2b,0:15794176,2016-12-16 11:28:48-714,2016-12-16 11:28:50-078
Success : LS : test2\a94a8fe5ccb19ba6\2a5bd02710e975a7\,0:-1,2016-12-16 11:28:50-078,2016-12-16 11:28:50-078
Success : CREATE_FILE : test2\a94a8fe5ccb19ba6\2217984356AC94F9,0:639917,2016-12-16 11:28:50-078,2016-12-16 11:28:50-333
Success : APPEND : test1\f71b43c3136efa4f\83404ffd78f534ff\6670af231c096f09,0:13932544,2016-12-16 11:28:50-334,2016-12-16 11:28:50-334
Success : RANDOM_READ : test2\a94a8fe5ccb19ba6\2a5bd02710e975a7\254d76d2609fec03,0:27648,2016-12-16 11:28:50-334,2016-12-16 11:28:50-338
Success : APPEND : test1\c5a5e5562b038073\738537f9a40e568b,0:61212672,2016-12-16 11:28:50-338,2016-12-16 11:28:50-338
Success : SEQ_READ : test2\a94a8fe5ccb19ba6\2a5bd02710e975a7\775461027731F1A6,0:1156096,2016-12-16 11:28:50-338,2016-12-16 11:28:50-413
Success : APPEND : test2\a94a8fe5ccb19ba6\2a5bd02710e975a7\775461027731F1A6,0:12519424,2016-12-16 11:28:50-413,2016-12-16 11:28:50-413
Success : SEQ_READ : test1\c5a5e5562b038073\767c14c8beb1e835,0:263168,2016-12-16 11:28:50-413,2016-12-16 11:28:50-438
Success : APPEND : test2\6c33a983eec1b409,0:12092416,2016-12-16 11:28:50-438,2016-12-16 11:28:50-438
Success : SEQ_WRITE : test2\a94a8fe5ccb19ba6\2a5bd02710e975a7\775461027731F1A6,0:6781952,2016-12-16 11:28:50-438,2016-12-16 11:28:51-369
Success : RANDOM_READ : test1\c5a5e5562b038073\0caa882bd1034750,0:59392,2016-12-16 11:28:51-369,2016-12-16 11:28:51-376
Success : SEQ_WRITE : test1\c5a5e5562b038073\767c14c8beb1e835,0:2837504,2016-12-16 11:28:51-376,2016-12-16 11:28:51-806
Success : LS : test2\a94a8fe5ccb19ba6\,0:-1,2016-12-16 11:28:51-807,2016-12-16 11:28:51-807
Success : RANDOM_READ : test2\bc9c8ba7ff351f3e,0:8192,2016-12-16 11:28:51-807,2016-12-16 11:28:51-809
Success : RANDOM_WRITE : test1\c5a5e5562b038073\05d1f0ed74e78555,0:11264,2016-12-16 11:28:51-809,2016-12-16 11:28:51-811
Success : APPEND : test1\c5a5e5562b038073\0189424a5a60fed3\46a8219c2ae6c782,0:11525120,2016-12-16 11:28:51-811,2016-12-16 11:28:51-812
Success : SEQ_READ : test2\1a7683b6645f9b6a,0:9216,2016-12-16 11:28:51-812,2016-12-16 11:28:51-814
Success : APPEND : test1\c5a5e5562b038073\a39ea9c72a98de10\aa61f113a9b13deb,0:25283584,2016-12-16 11:28:51-814,2016-12-16 11:28:51-814
Success : RANDOM_READ : test1\c5a5e5562b038073\2d77b1044a6c5c82,0:29696,2016-12-16 11:28:51-814,2016-12-16 11:28:51-818
Success : CREATE_FILE : test2\a94a8fe5ccb19ba6\2a5bd02710e975a7\0E08783C60BCBD79,0:502237,2016-12-16 11:28:51-819,2016-12-16 11:28:51-943
Success : LS : test2\a94a8fe5ccb19ba6\2a5bd02710e975a7\,0:-1,2016-12-16 11:28:51-944,2016-12-16 11:28:51-944
Success : CREATE_FILE : test2\a94a8fe5ccb19ba6\2a5bd02710e975a7\340607806643C9EE,0:376556,2016-12-16 11:28:51-944,2016-12-16 11:28:52-032
Success : LS : test2\a94a8fe5ccb19ba6\2a5bd02710e975a7\,0:-1,2016-12-16 11:28:52-032,2016-12-16 11:28:52-032
Success : APPEND : test2\a94a8fe5ccb19ba6\55D684D93EEB41B6,0:52910080,2016-12-16 11:28:52-209,2016-12-16 11:28:52-209
Success : RANDOM_READ : test1\c5a5e5562b038073\7b7f22b30cf50087,0:2048,2016-12-16 11:28:52-412,2016-12-16 11:28:52-413
Success : SEQ_READ : test1\f71b43c3136efa4f\83404ffd78f534ff\6670af231c096f09,0:8255488,2016-12-16 11:28:52-447,2016-12-16 11:28:52-453
Success : APPEND : test2\49f03965cf98b1f5,0:58564608,2016-12-16 11:28:52-627,2016-12-16 11:28:52-628
Success : APPEND : test1\f71b43c3136efa4f\52481749c0cdecd6\6670af231c096f09,0:31575040,2016-12-16 11:28:52-730,2016-12-16 11:28:52-730
Success : CREATE_FILE : test2\a94a8fe5ccb19ba6\62325B750615D370,0:1929881,2016-12-16 11:28:52-871,2016-12-16 11:28:53-211
Success : RANDOM_READ : test2\8da7cc13802eefe0,0:15360,2016-12-16 11:28:53-211,2016-12-16 11:28:53-214
Success : SEQ_WRITE : test1\c5a5e5562b038073\c7abaf0419c47a1d,0:465920,2016-12-16 11:28:53-214,2016-12-16 11:28:53-347
Success : SEQ_READ : test2\a94a8fe5ccb19ba6\60C84EAB660063FA,0:3625984,2016-12-16 11:28:53-347,2016-12-16 11:28:53-503
Success : SEQ_WRITE : test2\acde102dac5bbe15,0:4096,2016-12-16 11:28:53-503,2016-12-16 11:28:53-568
Success : LS : test2\a94a8fe5ccb19ba6\,0:-1,2016-12-16 11:28:53-568,2016-12-16 11:28:53-569
Success : CREATE_FILE : test2\a94a8fe5ccb19ba6\196A19DB6B1294E3,0:3959022,2016-12-16 11:28:53-808,2016-12-16 11:28:54-378
Success : APPEND : test1\9832710c94f11d2b,0:38541312,2016-12-16 11:28:54-378,2016-12-16 11:28:54-378
Success : APPEND : test2\a94a8fe5ccb19ba6\2a5bd02710e975a7\340607806643C9EE,0:59772928,2016-12-16 11:28:54-378,2016-12-16 11:28:54-378
Success : LS : test2\a94a8fe5ccb19ba6\,0:-1,2016-12-16 11:28:54-379,2016-12-16 11:28:54-379
Success : CREATE_FILE : test2\a94a8fe5ccb19ba6\2a5bd02710e975a7\5A579E052DC390E3,0:165316,2016-12-16 11:28:54-379,2016-12-16 11:28:54-455
Success : SEQ_READ : test2\a94a8fe5ccb19ba6\2a5bd02710e975a7\3eef580036f1724a,0:257,2016-12-16 11:28:54-455,2016-12-16 11:28:54-457
Success : LS : test2\a94a8fe5ccb19ba6\2a5bd02710e975a7\,0:-1,2016-12-16 11:28:54-457,2016-12-16 11:28:54-457
Success : SEQ_READ : test1\c5a5e5562b038073\c7734a16bf12bb03,0:101376,2016-12-16 11:28:54-725,2016-12-16 11:28:54-736
Success : APPEND : test1\c5a5e5562b038073\88fe52fe40fa2264,0:51420160,2016-12-16 11:28:55-069,2016-12-16 11:28:55-069
Success : APPEND : test2\6c33a983eec1b409,0:57802752,2016-12-16 11:28:55-106,2016-12-16 11:28:55-106
Success : APPEND : test2\a94a8fe5ccb19ba6\0369BAF35F891F70,0:28463104,2016-12-16 11:28:55-276,2016-12-16 11:28:55-276
Success : RANDOM_READ : test1\c5a5e5562b038073\738537f9a40e568b,0:14336,2016-12-16 11:28:55-316,2016-12-16 11:28:55-318
Success : APPEND : test2\a94a8fe5ccb19ba6\2a5bd02710e975a7\254d76d2609fec03,0:63614976,2016-12-16 11:28:55-410,2016-12-16 11:28:55-410
Success : SEQ_READ : test2\a94a8fe5ccb19ba6\2a5bd02710e975a7\178db47a574c645f,0:257,2016-12-16 11:28:55-418,2016-12-16 11:28:55-420
Success : CREATE_FILE : test2\a94a8fe5ccb19ba6\28E9C56B737CCC73,0:2727098,2016-12-16 11:28:55-856,2016-12-16 11:28:56-617
Success : SEQ_WRITE : test1\c5a5e5562b038073\f72cdbcd84f047a5,0:7494656,2016-12-16 11:28:56-617,2016-12-16 11:28:57-650
Success : SEQ_READ : test2\a94a8fe5ccb19ba6\2a5bd02710e975a7\775461027731F1A6,0:13487104,2016-12-16 11:28:57-650,2016-12-16 11:28:58-238
Success : SEQ_READ : test1\f71b43c3136efa4f\c7d9912886e5ccc7\6670af231c096f09,0:129,2016-12-16 11:28:58-238,2016-12-16 11:28:58-239
Success : RANDOM_READ : test1\c5a5e5562b038073\2d77b1044a6c5c82,0:37888,2016-12-16 11:28:58-239,2016-12-16 11:28:58-244
Success : SEQ_READ : test1\c5a5e5562b038073\0189424a5a60fed3\46a8219c2ae6c782,0:12278784,2016-12-16 11:28:58-244,2016-12-16 11:28:58-386
Success : SEQ_WRITE : test1\c5a5e5562b038073\a39ea9c72a98de10\11562aa867a5f398,0:17581056,2016-12-16 11:28:58-386,2016-12-16 11:29:00-690
Success : SEQ_WRITE : test2\acde102dac5bbe15,0:1024,2016-12-16 11:29:00-690,2016-12-16 11:29:00-755
Success : RANDOM_READ : test1\c5a5e5562b038073\0189424a5a60fed3\feb6a1968982109d,0:36864,2016-12-16 11:29:00-755,2016-12-16 11:29:00-759
Success : LS : test2\a94a8fe5ccb19ba6\,0:-1,2016-12-16 11:29:00-759,2016-12-16 11:29:00-760
Success : CREATE_FILE : test2\a94a8fe5ccb19ba6\24D1D5526F96BD33,0:60843,2016-12-16 11:29:00-760,2016-12-16 11:29:00-804
Success : APPEND : test2\a94a8fe5ccb19ba6\08A2DA6F6E8240C0,0:42092544,2016-12-16 11:29:00-804,2016-12-16 11:29:00-804
Success : SEQ_READ : test2\a94a8fe5ccb19ba6\55D684D93EEB41B6,0:29609984,2016-12-16 11:29:00-804,2016-12-16 11:29:00-899
Success : LS : test2\a94a8fe5ccb19ba6\,0:-1,2016-12-16 11:29:00-899,2016-12-16 11:29:00-899
Success : CREATE_FILE : test2\a94a8fe5ccb19ba6\048F9C7B11882713,0:994814,2016-12-16 11:29:00-900,2016-12-16 11:29:01-086
Success : LS : test2\a94a8fe5ccb19ba6\,0:-1,2016-12-16 11:29:01-086,2016-12-16 11:29:01-086
Success : CREATE_FILE : test2\a94a8fe5ccb19ba6\2C7C524D7621655B,0:2238225,2016-12-16 11:29:01-086,2016-12-16 11:29:01-446
Success : LS : test2\a94a8fe5ccb19ba6\,0:-1,2016-12-16 11:29:01-446,2016-12-16 11:29:01-446
Success : CREATE_FILE : test2\a94a8fe5ccb19ba6\2a5bd02710e975a7\1520AF427E5924F1,0:4007791,2016-12-16 11:29:01-447,2016-12-16 11:29:02-150
Success : LS : test2\a94a8fe5ccb19ba6\2a5bd02710e975a7\,0:-1,2016-12-16 11:29:02-150,2016-12-16 11:29:02-150
Success : CREATE_FILE : test2\a94a8fe5ccb19ba6\4FDE3B8415CF641A,0:3656508,2016-12-16 11:29:02-150,2016-12-16 11:29:02-632
Success : SEQ_WRITE : test2\acde102dac5bbe15,0:0,2016-12-16 11:29:02-633,2016-12-16 11:29:02-677
Success : APPEND : test2\a94a8fe5ccb19ba6\28E9C56B737CCC73,0:63586304,2016-12-16 11:29:02-677,2016-12-16 11:29:02-678
Success : LS : test2\a94a8fe5ccb19ba6\,0:-1,2016-12-16 11:29:02-678,2016-12-16 11:29:02-678
Success : CREATE_FILE : test2\a94a8fe5ccb19ba6\2a5bd02710e975a7\36F448824D6C93BF,0:911270,2016-12-16 11:29:02-678,2016-12-16 11:29:02-878
Success : RANDOM_READ : test2\8da7cc13802eefe0,0:1024,2016-12-16 11:29:02-879,2016-12-16 11:29:02-880
Success : APPEND : test2\a94a8fe5ccb19ba6\62325B750615D370,0:24132608,2016-12-16 11:29:02-880,2016-12-16 11:29:02-880
Success : SEQ_READ : test1\c5a5e5562b038073\0189424a5a60fed3\46a8219c2ae6c782,0:379904,2016-12-16 11:29:02-880,2016-12-16 11:29:02-915
Success : APPEND : test2\a94a8fe5ccb19ba6\4FDE3B8415CF641A,0:31310848,2016-12-16 11:29:02-915,2016-12-16 11:29:02-915
Success : APPEND : test1\c5a5e5562b038073\05d1f0ed74e78555,0:58241024,2016-12-16 11:29:02-915,2016-12-16 11:29:02-915
Success : LS : test2\a94a8fe5ccb19ba6\2a5bd02710e975a7\,0:-1,2016-12-16 11:29:02-915,2016-12-16 11:29:02-915
Success : CREATE_FILE : test2\a94a8fe5ccb19ba6\70B407FD4DD19030,0:207491,2016-12-16 11:29:02-916,2016-12-16 11:29:02-987
Success : LS : test2\a94a8fe5ccb19ba6\,0:-1,2016-12-16 11:29:02-987,2016-12-16 11:29:02-987
Success : APPEND : test1\c5a5e5562b038073\2d77b1044a6c5c82,0:46452736,2016-12-16 11:29:03-368,2016-12-16 11:29:03-368
Success : RANDOM_WRITE : test1\c5a5e5562b038073\738537f9a40e568b,0:32768,2016-12-16 11:29:03-489,2016-12-16 11:29:03-494
Success : RANDOM_READ : test2\1a7683b6645f9b6a,0:5120,2016-12-16 11:29:03-674,2016-12-16 11:29:03-677
Success : SEQ_WRITE : test1\c5a5e5562b038073\68ad3077ff5a452a,0:383,2016-12-16 11:29:03-678,2016-12-16 11:29:03-870
Success : APPEND : test2\a94a8fe5ccb19ba6\62325B750615D370,0:7430144,2016-12-16 11:29:03-870,2016-12-16 11:29:03-870
Success : CREATE_FILE : test2\a94a8fe5ccb19ba6\17CDC0863CE3E647,0:1294682,2016-12-16 11:29:03-871,2016-12-16 11:29:04-192
Success : LS : test2\a94a8fe5ccb19ba6\,0:-1,2016-12-16 11:29:04-192,2016-12-16 11:29:04-192
Success : CREATE_FILE : test2\a94a8fe5ccb19ba6\7F0A8F4B61A798C7,0:1191959,2016-12-16 11:29:04-193,2016-12-16 11:29:04-398
Success : RANDOM_READ : test2\8da7cc13802eefe0,0:45056,2016-12-16 11:29:04-398,2016-12-16 11:29:04-404
Success : LS : test2\a94a8fe5ccb19ba6\,0:-1,2016-12-16 11:29:04-404,2016-12-16 11:29:04-404
Success : CREATE_FILE : test2\a94a8fe5ccb19ba6\2C43886E62244158,0:1030568,2016-12-16 11:29:04-437,2016-12-16 11:29:04-641
Success : SEQ_READ : test1\c5a5e5562b038073\0189424a5a60fed3\feb6a1968982109d,0:19229696,2016-12-16 11:29:04-641,2016-12-16 11:29:06-301
Success : RANDOM_READ : test2\a94a8fe5ccb19ba6\62325B750615D370,0:16384,2016-12-16 11:29:06-301,2016-12-16 11:29:06-304
Success : LS : test2\a94a8fe5ccb19ba6\,0:-1,2016-12-16 11:29:06-304,2016-12-16 11:29:06-304
Success : CREATE_FILE : test2\a94a8fe5ccb19ba6\5DACB6A344E31909,0:1307009,2016-12-16 11:29:06-304,2016-12-16 11:29:06-688
Success : RANDOM_READ : test2\a94a8fe5ccb19ba6\08A2DA6F6E8240C0,0:1024,2016-12-16 11:29:06-688,2016-12-16 11:29:06-690
Success : RANDOM_READ : test1\c5a5e5562b038073\a39ea9c72a98de10\aa61f113a9b13deb,0:56320,2016-12-16 11:29:06-690,2016-12-16 11:29:06-696
Success : LS : test2\a94a8fe5ccb19ba6\,0:-1,2016-12-16 11:29:06-696,2016-12-16 11:29:06-696
Success : CREATE_FILE : test2\a94a8fe5ccb19ba6\1AFE33C01E59B6D2,0:3104788,2016-12-16 11:29:06-697,2016-12-16 11:29:07-171
Success : APPEND : test2\a94a8fe5ccb19ba6\196A19DB6B1294E3,0:65632256,2016-12-16 11:29:07-171,2016-12-16 11:29:07-171
Success : APPEND : test1\c5a5e5562b038073\2d77b1044a6c5c82,0:28674048,2016-12-16 11:29:07-171,2016-12-16 11:29:07-171
Success : RANDOM_READ : test2\a94a8fe5ccb19ba6\28E9C56B737CCC73,0:37888,2016-12-16 11:29:07-171,2016-12-16 11:29:07-176
Success : LS : test2\a94a8fe5ccb19ba6\,0:-1,2016-12-16 11:29:07-176,2016-12-16 11:29:07-176
Success : RANDOM_READ : test2\a94a8fe5ccb19ba6\60C84EAB660063FA,0:59392,2016-12-16 11:29:07-194,2016-12-16 11:29:07-201
Success : CREATE_FILE : test2\a94a8fe5ccb19ba6\2a5bd02710e975a7\260BC5A97A1DF1CC,0:3678574,2016-12-16 11:29:07-292,2016-12-16 11:29:07-896
Success : SEQ_READ : test2\a94a8fe5ccb19ba6\2a5bd02710e975a7\3eef580036f1724a,0:257,2016-12-16 11:29:07-896,2016-12-16 11:29:07-898
Success : RANDOM_WRITE : test1\f71b43c3136efa4f\52481749c0cdecd6\6670af231c096f09,0:57344,2016-12-16 11:29:07-898,2016-12-16 11:29:07-904
Success : APPEND : test2\a94a8fe5ccb19ba6\4FDE3B8415CF641A,0:64471040,2016-12-16 11:29:07-904,2016-12-16 11:29:07-904
Success : APPEND : test1\c5a5e5562b038073\7b7f22b30cf50087,0:15483904,2016-12-16 11:29:07-904,2016-12-16 11:29:07-904
Success : SEQ_READ : test1\c5a5e5562b038073\b0c5d70d7f040bfa,0:13312,2016-12-16 11:29:07-904,2016-12-16 11:29:07-907
Success : LS : test2\a94a8fe5ccb19ba6\2a5bd02710e975a7\,0:-1,2016-12-16 11:29:07-907,2016-12-16 11:29:07-907
Success : SEQ_READ : test2\a94a8fe5ccb19ba6\0369BAF35F891F70,0:27234304,2016-12-16 11:29:08-122,2016-12-16 11:29:08-327
Success : SEQ_READ : test1\f71b43c3136efa4f\83404ffd78f534ff\6670af231c096f09,0:13545472,2016-12-16 11:29:08-327,2016-12-16 11:29:08-334
Success : RANDOM_WRITE : test2\a94a8fe5ccb19ba6\2a5bd02710e975a7\340607806643C9EE,0:53248,2016-12-16 11:29:08-806,2016-12-16 11:29:08-812
Success : APPEND : test2\a94a8fe5ccb19ba6\2a5bd02710e975a7\178db47a574c645f,0:40571904,2016-12-16 11:29:09-258,2016-12-16 11:29:09-258
Success : CREATE_FILE : test2\a94a8fe5ccb19ba6\2a5bd02710e975a7\4C9CDCD36313C7F4,0:3534823,2016-12-16 11:29:09-699,2016-12-16 11:29:10-245
Success : LS : test2\a94a8fe5ccb19ba6\2a5bd02710e975a7\,0:-1,2016-12-16 11:29:10-245,2016-12-16 11:29:10-246
Success : APPEND : test2\a94a8fe5ccb19ba6\2a5bd02710e975a7\260BC5A97A1DF1CC,0:66177024,2016-12-16 11:29:10-765,2016-12-16 11:29:10-765
Success : APPEND : test2\a94a8fe5ccb19ba6\2a5bd02710e975a7\775461027731F1A6,0:21694464,2016-12-16 11:29:11-161,2016-12-16 11:29:11-161
Success : APPEND : test1\c5a5e5562b038073\0189424a5a60fed3\46a8219c2ae6c782,0:17453056,2016-12-16 11:29:11-354,2016-12-16 11:29:11-354
Success : RANDOM_READ : test2\a94a8fe5ccb19ba6\2a5bd02710e975a7\260BC5A97A1DF1CC,0:6144,2016-12-16 11:29:11-378,2016-12-16 11:29:11-381
Success : APPEND : test2\a94a8fe5ccb19ba6\2a5bd02710e975a7\260BC5A97A1DF1CC,0:5662720,2016-12-16 11:29:11-495,2016-12-16 11:29:11-495
Success : RANDOM_READ : test1\f71b43c3136efa4f\c7d9912886e5ccc7\6670af231c096f09,0:129,2016-12-16 11:29:11-778,2016-12-16 11:29:11-780
Success : APPEND : test2\a94a8fe5ccb19ba6\2a5bd02710e975a7\293A0378052D5F24,0:1767424,2016-12-16 11:29:12-131,2016-12-16 11:29:12-131
Success : SEQ_READ : test1\c5a5e5562b038073\3c16ab634e85296e,0:69632,2016-12-16 11:29:12-280,2016-12-16 11:29:12-288
Success : RANDOM_READ : test1\c5a5e5562b038073\b0c5d70d7f040bfa,0:13312,2016-12-16 11:29:12-343,2016-12-16 11:29:12-345
Success : CREATE_FILE : test2\a94a8fe5ccb19ba6\2a5bd02710e975a7\4A10B94A1A8597F5,0:981089,2016-12-16 11:29:12-840,2016-12-16 11:29:13-160
Success : LS : test2\a94a8fe5ccb19ba6\2a5bd02710e975a7\,0:-1,2016-12-16 11:29:13-161,2016-12-16 11:29:13-161
Success : CREATE_FILE : test2\a94a8fe5ccb19ba6\7EEB17443E072C2A,0:1480280,2016-12-16 11:29:13-161,2016-12-16 11:29:13-449
Success : LS : test2\a94a8fe5ccb19ba6\,0:-1,2016-12-16 11:29:13-449,2016-12-16 11:29:13-449
Success : CREATE_FILE : test2\a94a8fe5ccb19ba6\2a5bd02710e975a7\5AD917DE2C52202D,0:3194698,2016-12-16 11:29:13-449,2016-12-16 11:29:13-921
Success : LS : test2\a94a8fe5ccb19ba6\2a5bd02710e975a7\,0:-1,2016-12-16 11:29:13-921,2016-12-16 11:29:13-922
Success : CREATE_FILE : test2\a94a8fe5ccb19ba6\1886DAC26C9622A1,0:2538790,2016-12-16 11:29:13-922,2016-12-16 11:29:14-290
Success : RANDOM_READ : test2\49f03965cf98b1f5,0:12288,2016-12-16 11:29:14-290,2016-12-16 11:29:14-292
Success : RANDOM_READ : test1\c5a5e5562b038073\c7734a16bf12bb03,0:65536,2016-12-16 11:29:14-292,2016-12-16 11:29:14-299
Success : LS : test2\a94a8fe5ccb19ba6\,0:-1,2016-12-16 11:29:14-299,2016-12-16 11:29:14-299
Success : SEQ_READ : test2\a94a8fe5ccb19ba6\4FDE3B8415CF641A,0:38363136,2016-12-16 11:29:14-785,2016-12-16 11:29:15-118
Success : SEQ_READ : test1\c5a5e5562b038073\c7734a16bf12bb03,0:38912,2016-12-16 11:29:15-118,2016-12-16 11:29:15-123
Success : CREATE_FILE : test2\a94a8fe5ccb19ba6\4846D65E0675A7B2,0:4036488,2016-12-16 11:29:15-123,2016-12-16 11:29:15-742
Success : APPEND : test2\a94a8fe5ccb19ba6\048F9C7B11882713,0:49533952,2016-12-16 11:29:15-742,2016-12-16 11:29:15-742
Fail : RANDOM_WRITE : test1\c5a5e5562b038073\3c16ab634e85296e,0:0,2016-12-16 11:29:15-742,2016-12-16 11:29:16-163
Reason : RESTAPI.NoImplementionException: read failure
Success : LS : test2\a94a8fe5ccb19ba6\,0:-1,2016-12-16 11:29:16-164,2016-12-16 11:29:16-164
Success : CREATE_FILE : test2\a94a8fe5ccb19ba6\2a5bd02710e975a7\5E717B880B73DECF,0:3204237,2016-12-16 11:29:16-164,2016-12-16 11:29:16-669
Success : APPEND : test2\a94a8fe5ccb19ba6\2a5bd02710e975a7\178db47a574c645f,0:26841088,2016-12-16 11:29:16-669,2016-12-16 11:29:16-669
Success : SEQ_WRITE : test1\c5a5e5562b038073\a39ea9c72a98de10\4a90c52e52d54ede,0:0,2016-12-16 11:29:16-669,2016-12-16 11:29:16-711
Success : RANDOM_WRITE : test1\c5a5e5562b038073\7b7f22b30cf50087,0:13312,2016-12-16 11:29:16-712,2016-12-16 11:29:16-714
Success : RANDOM_READ : test2\bc9c8ba7ff351f3e,0:30720,2016-12-16 11:29:16-715,2016-12-16 11:29:16-719
Success : RANDOM_READ : test1\f71b43c3136efa4f\c7d9912886e5ccc7\6670af231c096f09,0:129,2016-12-16 11:29:16-719,2016-12-16 11:29:16-720
Success : LS : test2\a94a8fe5ccb19ba6\2a5bd02710e975a7\,0:-1,2016-12-16 11:29:16-720,2016-12-16 11:29:16-720
Success : CREATE_FILE : test2\a94a8fe5ccb19ba6\2a5bd02710e975a7\35F165194379EA92,0:3368741,2016-12-16 11:29:16-720,2016-12-16 11:29:17-176
Success : LS : test2\a94a8fe5ccb19ba6\2a5bd02710e975a7\,0:-1,2016-12-16 11:29:17-176,2016-12-16 11:29:17-176
Success : CREATE_FILE : test2\a94a8fe5ccb19ba6\725054414DED67F9,0:3813676,2016-12-16 11:29:17-177,2016-12-16 11:29:17-745
Success : APPEND : test2\a94a8fe5ccb19ba6\2a5bd02710e975a7\1520AF427E5924F1,0:62899200,2016-12-16 11:29:17-745,2016-12-16 11:29:17-745
Success : RANDOM_READ : test1\c5a5e5562b038073\c7734a16bf12bb03,0:60416,2016-12-16 11:29:17-745,2016-12-16 11:29:17-752
Success : RANDOM_WRITE : test2\a94a8fe5ccb19ba6\4FDE3B8415CF641A,0:4096,2016-12-16 11:29:17-752,2016-12-16 11:29:17-754
Success : APPEND : test2\a94a8fe5ccb19ba6\2a5bd02710e975a7\5E717B880B73DECF,0:40232960,2016-12-16 11:29:17-754,2016-12-16 11:29:17-754
Success : SEQ_READ : test1\c5a5e5562b038073\a39ea9c72a98de10\f398de59988a85e5,0:6144,2016-12-16 11:29:17-754,2016-12-16 11:29:17-756
Success : LS : test2\a94a8fe5ccb19ba6\,0:-1,2016-12-16 11:29:17-756,2016-12-16 11:29:17-756
Success : CREATE_FILE : test2\a94a8fe5ccb19ba6\7C49119671737AF3,0:2080773,2016-12-16 11:29:18-020,2016-12-16 11:29:18-340
Success : LS : test2\a94a8fe5ccb19ba6\,0:-1,2016-12-16 11:29:18-340,2016-12-16 11:29:18-340
Success : RANDOM_READ : test2\a94a8fe5ccb19ba6\2a5bd02710e975a7\1520AF427E5924F1,0:40960,2016-12-16 11:29:18-345,2016-12-16 11:29:18-350
Success : CREATE_FILE : test2\a94a8fe5ccb19ba6\2a5bd02710e975a7\70EA217476641933,0:864007,2016-12-16 11:29:18-629,2016-12-16 11:29:18-831
Success : RANDOM_READ : test1\c5a5e5562b038073\88fe52fe40fa2264,0:63488,2016-12-16 11:29:18-832,2016-12-16 11:29:18-838
Success : LS : test2\a94a8fe5ccb19ba6\2a5bd02710e975a7\,0:-1,2016-12-16 11:29:18-839,2016-12-16 11:29:18-839
Success : SEQ_READ : test1\9832710c94f11d2b,0:58851328,2016-12-16 11:29:19-189,2016-12-16 11:29:22-159
Success : RANDOM_READ : test2\49f03965cf98b1f5,0:20480,2016-12-16 11:29:22-159,2016-12-16 11:29:22-161
Success : SEQ_READ : test1\c5a5e5562b038073\0189424a5a60fed3\feb6a1968982109d,0:2256896,2016-12-16 11:29:22-161,2016-12-16 11:29:22-357
Success : SEQ_WRITE : test1\c5a5e5562b038073\a39ea9c72a98de10\f398de59988a85e5,0:1024,2016-12-16 11:29:22-357,2016-12-16 11:29:22-436
Success : APPEND : test2\a94a8fe5ccb19ba6\62325B750615D370,0:34881536,2016-12-16 11:29:22-436,2016-12-16 11:29:22-436
Success : RANDOM_WRITE : test2\a94a8fe5ccb19ba6\048F9C7B11882713,0:41984,2016-12-16 11:29:22-436,2016-12-16 11:29:22-441
Success : SEQ_READ : test2\a94a8fe5ccb19ba6\55D684D93EEB41B6,0:54837248,2016-12-16 11:29:22-441,2016-12-16 11:29:22-547
Success : SEQ_READ : test2\a94a8fe5ccb19ba6\2a5bd02710e975a7\260BC5A97A1DF1CC,0:49311744,2016-12-16 11:29:22-547,2016-12-16 11:29:22-883
Success : RANDOM_READ : test2\a94a8fe5ccb19ba6\4FDE3B8415CF641A,0:44032,2016-12-16 11:29:22-883,2016-12-16 11:29:22-889
Success : CREATE_FILE : test2\a94a8fe5ccb19ba6\1AFE352D42191645,0:2101212,2016-12-16 11:29:22-889,2016-12-16 11:29:23-262
Success : APPEND : test2\a94a8fe5ccb19ba6\2a5bd02710e975a7\7BFDA11602DC0BA4,0:1089536,2016-12-16 11:29:23-262,2016-12-16 11:29:23-262
Success : LS : test2\a94a8fe5ccb19ba6\,0:-1,2016-12-16 11:29:23-262,2016-12-16 11:29:23-262
Success : CREATE_FILE : test2\a94a8fe5ccb19ba6\29EC003E7139C780,0:370005,2016-12-16 11:29:23-262,2016-12-16 11:29:23-388
Success : APPEND : test2\a94a8fe5ccb19ba6\1886DAC26C9622A1,0:36419584,2016-12-16 11:29:23-389,2016-12-16 11:29:23-389
Success : LS : test2\a94a8fe5ccb19ba6\,0:-1,2016-12-16 11:29:23-389,2016-12-16 11:29:23-389
Success : APPEND : test1\c5a5e5562b038073\a39ea9c72a98de10\f398de59988a85e5,0:41269248,2016-12-16 11:29:23-647,2016-12-16 11:29:23-647
Success : RANDOM_READ : test1\c5a5e5562b038073\3c16ab634e85296e,0:55296,2016-12-16 11:29:23-980,2016-12-16 11:29:23-986
Success : CREATE_FILE : test2\a94a8fe5ccb19ba6\2a5bd02710e975a7\0815DE4917366ABB,0:453629,2016-12-16 11:29:24-291,2016-12-16 11:29:24-426
Success : LS : test2\a94a8fe5ccb19ba6\2a5bd02710e975a7\,0:-1,2016-12-16 11:29:24-426,2016-12-16 11:29:24-426
Success : RANDOM_READ : test1\c5a5e5562b038073\c7734a16bf12bb03,0:3072,2016-12-16 11:29:24-586,2016-12-16 11:29:24-588
Success : SEQ_WRITE : test1\c5a5e5562b038073\2d77b1044a6c5c82,0:55799808,2016-12-16 11:29:24-868,2016-12-16 11:29:31-911
Success : CREATE_FILE : test2\a94a8fe5ccb19ba6\2a5bd02710e975a7\476942A510A82BC2,0:41850,2016-12-16 11:29:31-911,2016-12-16 11:29:32-681
Success : SEQ_WRITE : test1\f71b43c3136efa4f\83404ffd78f534ff\6670af231c096f09,0:12580864,2016-12-16 11:29:32-681,2016-12-16 11:29:34-321
Success : RANDOM_READ : test2\1a7683b6645f9b6a,0:6144,2016-12-16 11:29:34-321,2016-12-16 11:29:34-323
Success : APPEND : test2\a94a8fe5ccb19ba6\70B407FD4DD19030,0:26997760,2016-12-16 11:29:34-323,2016-12-16 11:29:34-323
Success : APPEND : test2\a94a8fe5ccb19ba6\2a5bd02710e975a7\260BC5A97A1DF1CC,0:25540608,2016-12-16 11:29:34-324,2016-12-16 11:29:34-324
Success : RANDOM_READ : test2\a94a8fe5ccb19ba6\2a5bd02710e975a7\1520AF427E5924F1,0:1024,2016-12-16 11:29:34-324,2016-12-16 11:29:34-325
Success : SEQ_READ : test2\8da7cc13802eefe0,0:2691072,2016-12-16 11:29:34-325,2016-12-16 11:29:34-559
Success : RANDOM_WRITE : test2\a94a8fe5ccb19ba6\2a5bd02710e975a7\0815DE4917366ABB,0:51200,2016-12-16 11:29:34-559,2016-12-16 11:29:34-565
Success : APPEND : test2\a94a8fe5ccb19ba6\2a5bd02710e975a7\293A0378052D5F24,0:13742080,2016-12-16 11:29:34-565,2016-12-16 11:29:34-565
Success : APPEND : test2\a94a8fe5ccb19ba6\24D1D5526F96BD33,0:2241536,2016-12-16 11:29:34-565,2016-12-16 11:29:34-565
Success : RANDOM_WRITE : test2\a94a8fe5ccb19ba6\62325B750615D370,0:53248,2016-12-16 11:29:34-565,2016-12-16 11:29:34-571
Success : APPEND : test2\a94a8fe5ccb19ba6\24D1D5526F96BD33,0:41995264,2016-12-16 11:29:34-572,2016-12-16 11:29:34-572
Success : APPEND : test2\a94a8fe5ccb19ba6\2a5bd02710e975a7\0815DE4917366ABB,0:34948096,2016-12-16 11:29:34-572,2016-12-16 11:29:34-572
Success : APPEND : test1\9832710c94f11d2b,0:15885312,2016-12-16 11:29:34-572,2016-12-16 11:29:34-572
Success : LS : test2\a94a8fe5ccb19ba6\2a5bd02710e975a7\,0:-1,2016-12-16 11:29:34-572,2016-12-16 11:29:34-572
Success : CREATE_FILE : test2\a94a8fe5ccb19ba6\6C57F9177BB8CCF7,0:2302886,2016-12-16 11:29:34-572,2016-12-16 11:29:34-902
Success : LS : test2\a94a8fe5ccb19ba6\,0:-1,2016-12-16 11:29:34-903,2016-12-16 11:29:34-903
Success : CREATE_FILE : test2\a94a8fe5ccb19ba6\2a5bd02710e975a7\1D3D7E2B42F5A145,0:2490732,2016-12-16 11:29:34-903,2016-12-16 11:29:35-415
Success : APPEND : test2\a94a8fe5ccb19ba6\7EEB17443E072C2A,0:1927168,2016-12-16 11:29:35-416,2016-12-16 11:29:35-416
Success : APPEND : test2\a94a8fe5ccb19ba6\1AFE33C01E59B6D2,0:40646656,2016-12-16 11:29:35-416,2016-12-16 11:29:35-416
Success : APPEND : test2\a94a8fe5ccb19ba6\2a5bd02710e975a7\70EA217476641933,0:64130048,2016-12-16 11:29:35-416,2016-12-16 11:29:35-416
Success : SEQ_READ : test1\c5a5e5562b038073\7b7f22b30cf50087,0:13633536,2016-12-16 11:29:35-416,2016-12-16 11:29:36-588
Success : RANDOM_READ : test2\a94a8fe5ccb19ba6\4FDE3B8415CF641A,0:36864,2016-12-16 11:29:36-589,2016-12-16 11:29:36-593
Success : APPEND : test2\a94a8fe5ccb19ba6\29EC003E7139C780,0:17426432,2016-12-16 11:29:36-593,2016-12-16 11:29:36-594
Success : APPEND : test2\a94a8fe5ccb19ba6\0369BAF35F891F70,0:24897536,2016-12-16 11:29:36-594,2016-12-16 11:29:36-594
Success : APPEND : test1\c5a5e5562b038073\0189424a5a60fed3\46a8219c2ae6c782,0:15916032,2016-12-16 11:29:36-594,2016-12-16 11:29:36-594
Success : LS : test2\a94a8fe5ccb19ba6\2a5bd02710e975a7\,0:-1,2016-12-16 11:29:36-594,2016-12-16 11:29:36-594
Success : CREATE_FILE : test2\a94a8fe5ccb19ba6\762A84D64A7815E4,0:2822167,2016-12-16 11:29:36-594,2016-12-16 11:29:37-070
Success : LS : test2\a94a8fe5ccb19ba6\,0:-1,2016-12-16 11:29:37-070,2016-12-16 11:29:37-070
Success : CREATE_FILE : test2\a94a8fe5ccb19ba6\2a5bd02710e975a7\77E3C76B355306B9,0:568293,2016-12-16 11:29:37-071,2016-12-16 11:29:37-194
Success : LS : test2\a94a8fe5ccb19ba6\2a5bd02710e975a7\,0:-1,2016-12-16 11:29:37-194,2016-12-16 11:29:37-194
Success : CREATE_FILE : test2\a94a8fe5ccb19ba6\2a5bd02710e975a7\69F671D87BB1BD00,0:791449,2016-12-16 11:29:37-194,2016-12-16 11:29:37-354
Success : SEQ_WRITE : test1\c5a5e5562b038073\0caa882bd1034750,0:287744,2016-12-16 11:29:37-354,2016-12-16 11:29:37-463
Success : RANDOM_WRITE : test2\a94a8fe5ccb19ba6\2a5bd02710e975a7\3eef580036f1724a,0:257,2016-12-16 11:29:37-464,2016-12-16 11:29:37-465
Success : RANDOM_READ : test2\a94a8fe5ccb19ba6\2a5bd02710e975a7\70EA217476641933,0:64512,2016-12-16 11:29:37-465,2016-12-16 11:29:37-472
Success : SEQ_READ : test1\c5a5e5562b038073\05d1f0ed74e78555,0:7682048,2016-12-16 11:29:37-472,2016-12-16 11:29:38-143
Success : RANDOM_READ : test2\1a7683b6645f9b6a,0:4096,2016-12-16 11:29:38-143,2016-12-16 11:29:38-145
Success : RANDOM_READ : test2\a94a8fe5ccb19ba6\4FDE3B8415CF641A,0:13312,2016-12-16 11:29:38-145,2016-12-16 11:29:38-147
Success : SEQ_READ : test2\a94a8fe5ccb19ba6\2a5bd02710e975a7\70EA217476641933,0:27097088,2016-12-16 11:29:38-147,2016-12-16 11:29:38-234
Success : SEQ_READ : test2\bc9c8ba7ff351f3e,0:215040,2016-12-16 11:29:38-234,2016-12-16 11:29:38-254
Success : APPEND : test2\a94a8fe5ccb19ba6\2217984356AC94F9,0:39661568,2016-12-16 11:29:38-255,2016-12-16 11:29:38-255
Success : LS : test2\a94a8fe5ccb19ba6\2a5bd02710e975a7\,0:-1,2016-12-16 11:29:38-255,2016-12-16 11:29:38-255
Success : CREATE_FILE : test2\a94a8fe5ccb19ba6\2a5bd02710e975a7\2835F6883CFC45E8,0:769218,2016-12-16 11:29:38-255,2016-12-16 11:29:38-662
Success : SEQ_READ : test2\a94a8fe5ccb19ba6\08A2DA6F6E8240C0,0:34429952,2016-12-16 11:29:38-662,2016-12-16 11:29:38-826
Success : SEQ_READ : test1\f71b43c3136efa4f\9f93e73d6896cb7b\6670af231c096f09,0:129,2016-12-16 11:29:38-826,2016-12-16 11:29:38-827
Success : SEQ_READ : test2\a94a8fe5ccb19ba6\7EEB17443E072C2A,0:927744,2016-12-16 11:29:38-827,2016-12-16 11:29:38-909
Success : SEQ_READ : test1\c5a5e5562b038073\a39ea9c72a98de10\41288c58009f7f6a,0:477,2016-12-16 11:29:38-909,2016-12-16 11:29:38-910
Success : RANDOM_WRITE : test2\a94a8fe5ccb19ba6\4b6fcb2d521ef0fd,0:21504,2016-12-16 11:29:38-911,2016-12-16 11:29:38-912
Success : RANDOM_WRITE : test2\a94a8fe5ccb19ba6\048F9C7B11882713,0:5120,2016-12-16 11:29:38-912,2016-12-16 11:29:38-913
Success : LS : test2\a94a8fe5ccb19ba6\2a5bd02710e975a7\,0:-1,2016-12-16 11:29:38-913,2016-12-16 11:29:38-913
Success : CREATE_FILE : test2\a94a8fe5ccb19ba6\2a5bd02710e975a7\79674B0737A8AF41,0:2151998,2016-12-16 11:29:40-052,2016-12-16 11:29:40-452
Success : LS : test2\a94a8fe5ccb19ba6\2a5bd02710e975a7\,0:-1,2016-12-16 11:29:40-452,2016-12-16 11:29:40-452
Success : CREATE_FILE : test2\a94a8fe5ccb19ba6\2a5bd02710e975a7\73D001926407A10B,0:3713494,2016-12-16 11:29:40-453,2016-12-16 11:29:40-987
Success : APPEND : test2\a94a8fe5ccb19ba6\08A2DA6F6E8240C0,0:57820160,2016-12-16 11:29:40-987,2016-12-16 11:29:40-987
Success : RANDOM_READ : test2\a94a8fe5ccb19ba6\2a5bd02710e975a7\70EA217476641933,0:37888,2016-12-16 11:29:40-987,2016-12-16 11:29:40-991
Success : APPEND : test1\f71b43c3136efa4f\9f93e73d6896cb7b\6670af231c096f09,0:8296448,2016-12-16 11:29:40-992,2016-12-16 11:29:40-992
Success : RANDOM_READ : test2\a94a8fe5ccb19ba6\2a5bd02710e975a7\70EA217476641933,0:39936,2016-12-16 11:29:40-992,2016-12-16 11:29:40-996
Success : LS : test2\a94a8fe5ccb19ba6\2a5bd02710e975a7\,0:-1,2016-12-16 11:29:40-996,2016-12-16 11:29:40-996
Success : APPEND : test2\a94a8fe5ccb19ba6\29EC003E7139C780,0:54942720,2016-12-16 11:29:41-065,2016-12-16 11:29:41-065
Success : RANDOM_WRITE : test1\c5a5e5562b038073\a39ea9c72a98de10\f398de59988a85e5,0:1024,2016-12-16 11:29:41-400,2016-12-16 11:29:41-401
Success : SEQ_READ : test1\c5a5e5562b038073\6670af231c096f09,0:46,2016-12-16 11:29:41-513,2016-12-16 11:29:41-515
Success : SEQ_WRITE : test1\c5a5e5562b038073\738537f9a40e568b,0:25656320,2016-12-16 11:29:41-788,2016-12-16 11:29:45-070
Success : RANDOM_WRITE : test2\a94a8fe5ccb19ba6\196A19DB6B1294E3,0:6144,2016-12-16 11:29:45-070,2016-12-16 11:29:45-072
Success : CREATE_FILE : test2\a94a8fe5ccb19ba6\675810005BE77B3D,0:1528030,2016-12-16 11:29:45-072,2016-12-16 11:29:45-424
Success : SEQ_READ : test2\a94a8fe5ccb19ba6\2a5bd02710e975a7\178db47a574c645f,0:59578368,2016-12-16 11:29:45-424,2016-12-16 11:29:48-950
Success : APPEND : test2\a94a8fe5ccb19ba6\048F9C7B11882713,0:67050496,2016-12-16 11:29:48-950,2016-12-16 11:29:48-950
Success : RANDOM_READ : test2\a94a8fe5ccb19ba6\0369BAF35F891F70,0:34816,2016-12-16 11:29:48-950,2016-12-16 11:29:48-955
Success : SEQ_WRITE : test2\a94a8fe5ccb19ba6\62325B750615D370,0:63840256,2016-12-16 11:29:48-955,2016-12-16 11:29:57-217
Success : SEQ_READ : test1\c5a5e5562b038073\a39ea9c72a98de10\11562aa867a5f398,0:6342656,2016-12-16 11:29:57-217,2016-12-16 11:29:57-766
Success : RANDOM_READ : test2\a94a8fe5ccb19ba6\29EC003E7139C780,0:12288,2016-12-16 11:29:57-766,2016-12-16 11:29:57-769
Success : SEQ_WRITE : test2\8da7cc13802eefe0,0:12498944,2016-12-16 11:29:57-769,2016-12-16 11:29:59-393
Success : SEQ_WRITE : test2\a94a8fe5ccb19ba6\2a5bd02710e975a7\7BFDA11602DC0BA4,0:858112,2016-12-16 11:29:59-394,2016-12-16 11:29:59-709
Success : LS : test2\a94a8fe5ccb19ba6\,0:-1,2016-12-16 11:29:59-709,2016-12-16 11:29:59-709
Success : CREATE_FILE : test2\a94a8fe5ccb19ba6\7BE65E4D0844CAE9,0:3838137,2016-12-16 11:29:59-709,2016-12-16 11:30:00-251
Success : LS : test2\a94a8fe5ccb19ba6\,0:-1,2016-12-16 11:30:00-251,2016-12-16 11:30:00-251
Success : SEQ_READ : test2\a94a8fe5ccb19ba6\29EC003E7139C780,0:45325312,2016-12-16 11:30:00-251,2016-12-16 11:30:00-304
Success : APPEND : test1\c5a5e5562b038073\05d1f0ed74e78555,0:11525120,2016-12-16 11:30:00-304,2016-12-16 11:30:00-304
Success : APPEND : test2\a94a8fe5ccb19ba6\5DACB6A344E31909,0:55941120,2016-12-16 11:30:00-304,2016-12-16 11:30:00-304
Success : SEQ_WRITE : test2\a94a8fe5ccb19ba6\196A19DB6B1294E3,0:63301632,2016-12-16 11:30:00-304,2016-12-16 11:30:08-190
Success : SEQ_WRITE : test2\a94a8fe5ccb19ba6\2a5bd02710e975a7\1520AF427E5924F1,0:58515456,2016-12-16 11:30:08-190,2016-12-16 11:30:15-618
Success : SEQ_READ : test2\a94a8fe5ccb19ba6\08A2DA6F6E8240C0,0:352256,2016-12-16 11:30:15-618,2016-12-16 11:30:15-649
Success : RANDOM_WRITE : test2\a94a8fe5ccb19ba6\2a5bd02710e975a7\5E717B880B73DECF,0:41984,2016-12-16 11:30:15-650,2016-12-16 11:30:15-654
Success : SEQ_READ : test2\a94a8fe5ccb19ba6\2a5bd02710e975a7\0815DE4917366ABB,0:6110208,2016-12-16 11:30:15-655,2016-12-16 11:30:15-698
Success : SEQ_READ : test1\c5a5e5562b038073\3c16ab634e85296e,0:16384,2016-12-16 11:30:15-699,2016-12-16 11:30:15-701
Success : CREATE_FILE : test2\a94a8fe5ccb19ba6\2a5bd02710e975a7\04C336320619CCC2,0:263765,2016-12-16 11:30:15-702,2016-12-16 11:30:16-515
Success : LS : test2\a94a8fe5ccb19ba6\2a5bd02710e975a7\,0:-1,2016-12-16 11:30:16-515,2016-12-16 11:30:16-515
Success : CREATE_FILE : test2\a94a8fe5ccb19ba6\0552994A1DE3821F,0:3469241,2016-12-16 11:30:16-516,2016-12-16 11:30:16-994
Success : LS : test2\a94a8fe5ccb19ba6\,0:-1,2016-12-16 11:30:16-994,2016-12-16 11:30:16-994
Success : CREATE_FILE : test2\a94a8fe5ccb19ba6\2a5bd02710e975a7\18DFBD813F116448,0:1297656,2016-12-16 11:30:16-995,2016-12-16 11:30:17-364
Success : LS : test2\a94a8fe5ccb19ba6\2a5bd02710e975a7\,0:-1,2016-12-16 11:30:17-364,2016-12-16 11:30:17-364
Success : CREATE_FILE : test2\a94a8fe5ccb19ba6\325281590EAB8794,0:3723111,2016-12-16 11:30:17-365,2016-12-16 11:30:17-881
Success : LS : test2\a94a8fe5ccb19ba6\,0:-1,2016-12-16 11:30:17-881,2016-12-16 11:30:17-881
Success : CREATE_FILE : test2\a94a8fe5ccb19ba6\72F4751446C75342,0:3883123,2016-12-16 11:30:17-881,2016-12-16 11:30:18-489
Success : LS : test2\a94a8fe5ccb19ba6\,0:-1,2016-12-16 11:30:18-489,2016-12-16 11:30:18-489
Success : CREATE_FILE : test2\a94a8fe5ccb19ba6\2a5bd02710e975a7\6DB5361B5705E9C1,0:551766,2016-12-16 11:30:18-489,2016-12-16 11:30:18-596
Success : RANDOM_READ : test1\c5a5e5562b038073\68ad3077ff5a452a,0:383,2016-12-16 11:30:18-596,2016-12-16 11:30:18-598
Success : RANDOM_WRITE : test1\c5a5e5562b038073\68ad3077ff5a452a,0:383,2016-12-16 11:30:18-598,2016-12-16 11:30:18-599
Success : SEQ_READ : test2\a94a8fe5ccb19ba6\72F4751446C75342,0:9872384,2016-12-16 11:30:18-599,2016-12-16 11:30:18-938
Success : APPEND : test2\a94a8fe5ccb19ba6\2a5bd02710e975a7\77E3C76B355306B9,0:62008320,2016-12-16 11:30:18-938,2016-12-16 11:30:18-938
Success : SEQ_READ : test2\a94a8fe5ccb19ba6\2a5bd02710e975a7\340607806643C9EE,0:56743936,2016-12-16 11:30:18-938,2016-12-16 11:30:18-993
Success : SEQ_READ : test2\a94a8fe5ccb19ba6\2a5bd02710e975a7\5E717B880B73DECF,0:16196608,2016-12-16 11:30:18-993,2016-12-16 11:30:19-277
Success : APPEND : test2\a94a8fe5ccb19ba6\72F4751446C75342,0:10642432,2016-12-16 11:30:19-277,2016-12-16 11:30:19-277
Success : APPEND : test2\a94a8fe5ccb19ba6\24D1D5526F96BD33,0:57852928,2016-12-16 11:30:19-277,2016-12-16 11:30:19-277
Success : LS : test2\a94a8fe5ccb19ba6\2a5bd02710e975a7\,0:-1,2016-12-16 11:30:19-277,2016-12-16 11:30:19-277
Success : CREATE_FILE : test2\a94a8fe5ccb19ba6\6C846A320EE1636B,0:2015270,2016-12-16 11:30:19-277,2016-12-16 11:30:19-609
Success : LS : test2\a94a8fe5ccb19ba6\,0:-1,2016-12-16 11:30:19-610,2016-12-16 11:30:19-610
Success : CREATE_FILE : test2\a94a8fe5ccb19ba6\2127040A357073A8,0:1471731,2016-12-16 11:30:19-610,2016-12-16 11:30:19-860
Success : LS : test2\a94a8fe5ccb19ba6\,0:-1,2016-12-16 11:30:19-860,2016-12-16 11:30:19-860
Success : CREATE_FILE : test2\a94a8fe5ccb19ba6\2a5bd02710e975a7\54C1F1C10709B962,0:623567,2016-12-16 11:30:19-861,2016-12-16 11:30:19-990
Success : LS : test2\a94a8fe5ccb19ba6\2a5bd02710e975a7\,0:-1,2016-12-16 11:30:19-990,2016-12-16 11:30:19-990
Success : CREATE_FILE : test2\a94a8fe5ccb19ba6\2a5bd02710e975a7\6647AC4D4AA5A15D,0:2264083,2016-12-16 11:30:19-990,2016-12-16 11:30:20-400
Success : LS : test2\a94a8fe5ccb19ba6\2a5bd02710e975a7\,0:-1,2016-12-16 11:30:20-401,2016-12-16 11:30:20-401
Success : CREATE_FILE : test2\a94a8fe5ccb19ba6\3B6249F73F9CDCDF,0:3522187,2016-12-16 11:30:20-401,2016-12-16 11:30:20-933
Success : LS : test2\a94a8fe5ccb19ba6\,0:-1,2016-12-16 11:30:20-933,2016-12-16 11:30:20-933
Success : CREATE_FILE : test2\a94a8fe5ccb19ba6\2a5bd02710e975a7\68467CC30B105A2D,0:2389855,2016-12-16 11:30:20-933,2016-12-16 11:30:21-289
Success : APPEND : test2\6c33a983eec1b409,0:52059136,2016-12-16 11:30:21-289,2016-12-16 11:30:21-289
Success : APPEND : test1\f71b43c3136efa4f\9f93e73d6896cb7b\6670af231c096f09,0:46961664,2016-12-16 11:30:21-289,2016-12-16 11:30:21-289
Success : APPEND : test2\a94a8fe5ccb19ba6\2a5bd02710e975a7\4C9CDCD36313C7F4,0:65397760,2016-12-16 11:30:21-290,2016-12-16 11:30:21-290
Success : RANDOM_WRITE : test1\c5a5e5562b038073\0189424a5a60fed3\feb6a1968982109d,0:7168,2016-12-16 11:30:21-290,2016-12-16 11:30:21-292
Success : RANDOM_READ : test2\a94a8fe5ccb19ba6\72F4751446C75342,0:39936,2016-12-16 11:30:21-292,2016-12-16 11:30:21-297
Success : APPEND : test1\c5a5e5562b038073\05d1f0ed74e78555,0:24920064,2016-12-16 11:30:21-297,2016-12-16 11:30:21-297
Success : LS : test2\a94a8fe5ccb19ba6\2a5bd02710e975a7\,0:-1,2016-12-16 11:30:21-297,2016-12-16 11:30:21-297
Success : CREATE_FILE : test2\a94a8fe5ccb19ba6\2D493C701843BDF1,0:383356,2016-12-16 11:30:21-297,2016-12-16 11:30:21-409
Success : LS : test2\a94a8fe5ccb19ba6\,0:-1,2016-12-16 11:30:21-409,2016-12-16 11:30:21-409
Success : CREATE_FILE : test2\a94a8fe5ccb19ba6\2a5bd02710e975a7\79D58130353B0A1D,0:122709,2016-12-16 11:30:21-409,2016-12-16 11:30:21-457
Success : RANDOM_READ : test2\acde102dac5bbe15,0:4096,2016-12-16 11:30:21-458,2016-12-16 11:30:21-459
Success : LS : test2\a94a8fe5ccb19ba6\2a5bd02710e975a7\,0:-1,2016-12-16 11:30:21-459,2016-12-16 11:30:21-459
Success : CREATE_FILE : test2\a94a8fe5ccb19ba6\728FAEDF6E6C819E,0:2233369,2016-12-16 11:30:21-460,2016-12-16 11:30:22-249
Success : LS : test2\a94a8fe5ccb19ba6\,0:-1,2016-12-16 11:30:22-249,2016-12-16 11:30:22-249
Success : CREATE_FILE : test2\a94a8fe5ccb19ba6\2a5bd02710e975a7\0A205A692AC19F52,0:4010998,2016-12-16 11:30:22-249,2016-12-16 11:30:22-957
Success : RANDOM_WRITE : test2\a94a8fe5ccb19ba6\08A2DA6F6E8240C0,0:4096,2016-12-16 11:30:22-957,2016-12-16 11:30:22-959
Success : APPEND : test2\a94a8fe5ccb19ba6\2217984356AC94F9,0:44992512,2016-12-16 11:30:22-959,2016-12-16 11:30:22-959
Success : APPEND : test2\a94a8fe5ccb19ba6\2a5bd02710e975a7\260BC5A97A1DF1CC,0:40781824,2016-12-16 11:30:22-959,2016-12-16 11:30:22-959
Success : LS : test2\a94a8fe5ccb19ba6\2a5bd02710e975a7\,0:-1,2016-12-16 11:30:22-960,2016-12-16 11:30:22-960
Success : CREATE_FILE : test2\a94a8fe5ccb19ba6\2a5bd02710e975a7\38FD1786631A4BC6,0:878836,2016-12-16 11:30:22-960,2016-12-16 11:30:23-159
Success : SEQ_READ : test2\a94a8fe5ccb19ba6\72F4751446C75342,0:983040,2016-12-16 11:30:23-159,2016-12-16 11:30:23-244
Success : SEQ_READ : test2\a94a8fe5ccb19ba6\2a5bd02710e975a7\3eef580036f1724a,0:257,2016-12-16 11:30:23-244,2016-12-16 11:30:23-246
Success : SEQ_READ : test1\c5a5e5562b038073\a39ea9c72a98de10\4a90c52e52d54ede,0:1024,2016-12-16 11:30:23-246,2016-12-16 11:30:23-247
Success : SEQ_READ : test1\c5a5e5562b038073\0189424a5a60fed3\46a8219c2ae6c782,0:43162624,2016-12-16 11:30:23-247,2016-12-16 11:30:23-398
Success : SEQ_READ : test2\a94a8fe5ccb19ba6\1886DAC26C9622A1,0:18441216,2016-12-16 11:30:23-399,2016-12-16 11:30:23-625
Success : LS : test2\a94a8fe5ccb19ba6\2a5bd02710e975a7\,0:-1,2016-12-16 11:30:23-625,2016-12-16 11:30:23-625
Success : CREATE_FILE : test2\a94a8fe5ccb19ba6\0F82855C36F11E08,0:1970251,2016-12-16 11:30:23-626,2016-12-16 11:30:24-039
Success : SEQ_READ : test2\a94a8fe5ccb19ba6\55D684D93EEB41B6,0:49384448,2016-12-16 11:30:24-039,2016-12-16 11:30:24-143
Success : LS : test2\a94a8fe5ccb19ba6\,0:-1,2016-12-16 11:30:24-143,2016-12-16 11:30:24-143
Success : CREATE_FILE : test2\a94a8fe5ccb19ba6\3E07516B5020DFB0,0:162157,2016-12-16 11:30:24-143,2016-12-16 11:30:24-225
Success : RANDOM_READ : test2\a94a8fe5ccb19ba6\5DACB6A344E31909,0:25600,2016-12-16 11:30:24-226,2016-12-16 11:30:24-229
Success : LS : test2\a94a8fe5ccb19ba6\,0:-1,2016-12-16 11:30:24-229,2016-12-16 11:30:24-229
Success : CREATE_FILE : test2\a94a8fe5ccb19ba6\19AD654B7B6B1BD7,0:2843759,2016-12-16 11:30:24-294,2016-12-16 11:30:24-709
Success : APPEND : test2\a94a8fe5ccb19ba6\2a5bd02710e975a7\0E08783C60BCBD79,0:50271232,2016-12-16 11:30:24-710,2016-12-16 11:30:24-710
Success : LS : test2\a94a8fe5ccb19ba6\,0:-1,2016-12-16 11:30:24-710,2016-12-16 11:30:24-710
Success : APPEND : test1\c5a5e5562b038073\c7734a16bf12bb03,0:27059200,2016-12-16 11:30:24-721,2016-12-16 11:30:24-721
Success : CREATE_FILE : test2\a94a8fe5ccb19ba6\2a5bd02710e975a7\389913742174AB42,0:2173614,2016-12-16 11:30:24-765,2016-12-16 11:30:25-096
Success : LS : test2\a94a8fe5ccb19ba6\2a5bd02710e975a7\,0:-1,2016-12-16 11:30:25-096,2016-12-16 11:30:25-097
Success : CREATE_FILE : test2\a94a8fe5ccb19ba6\2a5bd02710e975a7\0B7EB5BE034F7F6C,0:2345206,2016-12-16 11:30:25-097,2016-12-16 11:30:25-458
Success : APPEND : test2\a94a8fe5ccb19ba6\196A19DB6B1294E3,0:22679552,2016-12-16 11:30:25-459,2016-12-16 11:30:25-459
Success : APPEND : test2\a94a8fe5ccb19ba6\325281590EAB8794,0:10781696,2016-12-16 11:30:25-459,2016-12-16 11:30:25-459
Success : SEQ_READ : test2\a94a8fe5ccb19ba6\2a5bd02710e975a7\775461027731F1A6,0:4587520,2016-12-16 11:30:25-459,2016-12-16 11:30:25-855
Success : LS : test2\a94a8fe5ccb19ba6\2a5bd02710e975a7\,0:-1,2016-12-16 11:30:25-855,2016-12-16 11:30:25-855
Success : CREATE_FILE : test2\a94a8fe5ccb19ba6\2a5bd02710e975a7\01F9F36517B490D6,0:4093886,2016-12-16 11:30:25-855,2016-12-16 11:30:26-446
Success : LS : test2\a94a8fe5ccb19ba6\2a5bd02710e975a7\,0:-1,2016-12-16 11:30:26-446,2016-12-16 11:30:26-446
Success : CREATE_FILE : test2\a94a8fe5ccb19ba6\57119C8B058A6514,0:3908326,2016-12-16 11:30:26-446,2016-12-16 11:30:26-989
Success : SEQ_WRITE : test1\f71b43c3136efa4f\9f93e73d6896cb7b\6670af231c096f09,0:16604160,2016-12-16 11:30:26-989,2016-12-16 11:30:29-121
Success : SEQ_READ : test2\6c33a983eec1b409,0:36413440,2016-12-16 11:30:29-121,2016-12-16 11:30:31-362
Success : LS : test2\a94a8fe5ccb19ba6\,0:-1,2016-12-16 11:30:31-362,2016-12-16 11:30:31-362
Success : CREATE_FILE : test2\a94a8fe5ccb19ba6