Success : RANDOM_READ : test1\c5a5e5562b038073\0189424a5a60fed3\feb6a1968982109d,0:12288,2016-12-16 10:38:43-243,2016-12-16 10:38:43-249
Success : RANDOM_READ : test2\1a7683b6645f9b6a,0:4096,2016-12-16 10:38:43-249,2016-12-16 10:38:43-254
Success : RANDOM_READ : test2\acde102dac5bbe15,0:3072,2016-12-16 10:38:43-254,2016-12-16 10:38:43-258
Success : RANDOM_READ : test2\8da7cc13802eefe0,0:41984,2016-12-16 10:38:43-259,2016-12-16 10:38:43-264
Success : SEQ_READ : test1\c5a5e5562b038073\a39ea9c72a98de10\11562aa867a5f398,0:1024,2016-12-16 10:38:43-882,2016-12-16 10:38:43-884
Success : SEQ_READ : test1\f71b43c3136efa4f\52481749c0cdecd6\6670af231c096f09,0:129,2016-12-16 10:38:44-383,2016-12-16 10:38:44-384
Success : RANDOM_READ : test1\c5a5e5562b038073\6670af231c096f09,0:46,2016-12-16 10:38:45-275,2016-12-16 10:38:45-276
Success : SEQ_READ : test1\c5a5e5562b038073\738537f9a40e568b,0:14336,2016-12-16 10:38:45-393,2016-12-16 10:38:45-398
Success : RANDOM_READ : test2\8da7cc13802eefe0,0:36864,2016-12-16 10:38:47-599,2016-12-16 10:38:47-604
Success : SEQ_READ : test1\c5a5e5562b038073\7b7f22b30cf50087,0:1024,2016-12-16 10:38:48-169,2016-12-16 10:38:48-171
Success : RANDOM_READ : test2\a94a8fe5ccb19ba6\2a5bd02710e975a7\254d76d2609fec03,0:2048,2016-12-16 10:38:50-517,2016-12-16 10:38:50-518
Success : RANDOM_READ : test1\f71b43c3136efa4f\52481749c0cdecd6\6670af231c096f09,0:129,2016-12-16 10:38:50-971,2016-12-16 10:38:50-973
Success : CREATE_FILE : test2\a94a8fe5ccb19ba6\2a5bd02710e975a7\22683FEE3E185E74,0:1686319,2016-12-16 10:38:53-547,2016-12-16 10:38:53-819
Success : LS : test2\a94a8fe5ccb19ba6\2a5bd02710e975a7\,0:-1,2016-12-16 10:38:53-820,2016-12-16 10:38:53-820
Success : SEQ_READ : test1\f71b43c3136efa4f\52481749c0cdecd6\6670af231c096f09,0:129,2016-12-16 10:38:56-730,2016-12-16 10:38:56-732
Success : SEQ_READ : test1\c5a5e5562b038073\2d77b1044a6c5c82,0:295936,2016-12-16 10:38:56-892,2016-12-16 10:38:56-919
Success : RANDOM_READ : test1\c5a5e5562b038073\68ad3077ff5a452a,0:383,2016-12-16 10:38:57-919,2016-12-16 10:38:57-920
Success : SEQ_READ : test2\6c33a983eec1b409,0:2048,2016-12-16 10:38:59-404,2016-12-16 10:38:59-406
Success : SEQ_READ : test1\c5a5e5562b038073\767c14c8beb1e835,0:911360,2016-12-16 10:38:59-908,2016-12-16 10:38:59-989
Success : SEQ_READ : test2\acde102dac5bbe15,0:1,2016-12-16 10:39:00-795,2016-12-16 10:39:00-797
Success : SEQ_READ : test1\9832710c94f11d2b,0:13686784,2016-12-16 10:39:01-250,2016-12-16 10:39:02-429
Success : SEQ_READ : test1\c5a5e5562b038073\0189424a5a60fed3\feb6a1968982109d,0:16040960,2016-12-16 10:39:02-430,2016-12-16 10:39:03-815
Success : SEQ_READ : test1\c5a5e5562b038073\05d1f0ed74e78555,0:61440,2016-12-16 10:39:03-816,2016-12-16 10:39:03-823
Success : RANDOM_READ : test1\c5a5e5562b038073\05d1f0ed74e78555,0:25600,2016-12-16 10:39:03-823,2016-12-16 10:39:03-826
Success : RANDOM_READ : test2\a94a8fe5ccb19ba6\2a5bd02710e975a7\178db47a574c645f,0:257,2016-12-16 10:39:04-683,2016-12-16 10:39:04-685
Success : RANDOM_READ : test2\6c33a983eec1b409,0:1,2016-12-16 10:39:05-492,2016-12-16 10:39:05-494
Success : RANDOM_READ : test1\c5a5e5562b038073\a39ea9c72a98de10\f398de59988a85e5,0:1024,2016-12-16 10:39:05-916,2016-12-16 10:39:05-917
Success : CREATE_FILE : test2\a94a8fe5ccb19ba6\2a5bd02710e975a7\7AF8EEE113A803CC,0:413432,2016-12-16 10:39:07-595,2016-12-16 10:39:07-703
Success : LS : test2\a94a8fe5ccb19ba6\2a5bd02710e975a7\,0:-1,2016-12-16 10:39:07-703,2016-12-16 10:39:07-704
Success : CREATE_FILE : test2\a94a8fe5ccb19ba6\2a5bd02710e975a7\25CC94922812DFE3,0:1508901,2016-12-16 10:39:07-704,2016-12-16 10:39:07-995
Success : LS : test2\a94a8fe5ccb19ba6\2a5bd02710e975a7\,0:-1,2016-12-16 10:39:07-996,2016-12-16 10:39:07-996
Success : SEQ_READ : test1\f71b43c3136efa4f\c7d9912886e5ccc7\6670af231c096f09,0:129,2016-12-16 10:39:07-996,2016-12-16 10:39:07-998
Success : CREATE_FILE : test2\a94a8fe5ccb19ba6\2a5bd02710e975a7\4366191B47FE4054,0:3793497,2016-12-16 10:39:08-006,2016-12-16 10:39:08-526
Success : LS : test2\a94a8fe5ccb19ba6\2a5bd02710e975a7\,0:-1,2016-12-16 10:39:08-527,2016-12-16 10:39:08-527
Success : CREATE_FILE : test2\a94a8fe5ccb19ba6\589243E77F9ABB7A,0:452659,2016-12-16 10:39:09-722,2016-12-16 10:39:09-826
Success : LS : test2\a94a8fe5ccb19ba6\,0:-1,2016-12-16 10:39:09-826,2016-12-16 10:39:09-826
Success : SEQ_READ : test2\a94a8fe5ccb19ba6\4b6fcb2d521ef0fd,0:2048,2016-12-16 10:39:13-014,2016-12-16 10:39:13-016
Success : CREATE_FILE : test2\a94a8fe5ccb19ba6\1EB1380740271156,0:703021,2016-12-16 10:39:13-175,2016-12-16 10:39:13-347
Success : LS : test2\a94a8fe5ccb19ba6\,0:-1,2016-12-16 10:39:13-347,2016-12-16 10:39:13-347
Success : RANDOM_READ : test2\6c33a983eec1b409,0:1024,2016-12-16 10:39:13-927,2016-12-16 10:39:13-929
Success : RANDOM_READ : test1\c5a5e5562b038073\7b7f22b30cf50087,0:3072,2016-12-16 10:39:15-982,2016-12-16 10:39:15-984
Success : RANDOM_READ : test1\c5a5e5562b038073\c7abaf0419c47a1d,0:23552,2016-12-16 10:39:16-696,2016-12-16 10:39:16-699
Success : RANDOM_READ : test1\c5a5e5562b038073\7b7f22b30cf50087,0:1,2016-12-16 10:39:16-810,2016-12-16 10:39:16-812
Success : SEQ_READ : test1\c5a5e5562b038073\3c16ab634e85296e,0:47104,2016-12-16 10:39:17-589,2016-12-16 10:39:17-595
Success : CREATE_FILE : test2\a94a8fe5ccb19ba6\2a5bd02710e975a7\2D1427F2775DFA89,0:2034924,2016-12-16 10:39:19-431,2016-12-16 10:39:19-753
Success : LS : test2\a94a8fe5ccb19ba6\2a5bd02710e975a7\,0:-1,2016-12-16 10:39:19-753,2016-12-16 10:39:19-753
Success : RANDOM_READ : test1\c5a5e5562b038073\738537f9a40e568b,0:9216,2016-12-16 10:39:19-769,2016-12-16 10:39:19-772
Success : CREATE_FILE : test2\a94a8fe5ccb19ba6\190CA2C773B76FE9,0:2442674,2016-12-16 10:39:19-820,2016-12-16 10:39:20-233
Success : LS : test2\a94a8fe5ccb19ba6\,0:-1,2016-12-16 10:39:20-233,2016-12-16 10:39:20-233
Success : SEQ_READ : test2\bc9c8ba7ff351f3e,0:159744,2016-12-16 10:39:20-735,2016-12-16 10:39:20-750
Success : RANDOM_READ : test1\c5a5e5562b038073\7b7f22b30cf50087,0:1024,2016-12-16 10:39:22-564,2016-12-16 10:39:22-566
Success : CREATE_FILE : test2\a94a8fe5ccb19ba6\72D6E81B53F6EC21,0:2821480,2016-12-16 10:39:24-833,2016-12-16 10:39:25-329
Success : LS : test2\a94a8fe5ccb19ba6\,0:-1,2016-12-16 10:39:25-329,2016-12-16 10:39:25-329
Success : CREATE_FILE : test2\a94a8fe5ccb19ba6\2a5bd02710e975a7\45B4FC455B06E006,0:859094,2016-12-16 10:39:27-135,2016-12-16 10:39:27-492
Success : LS : test2\a94a8fe5ccb19ba6\2a5bd02710e975a7\,0:-1,2016-12-16 10:39:27-492,2016-12-16 10:39:27-493
Success : SEQ_READ : test2\6c33a983eec1b409,0:2048,2016-12-16 10:39:27-698,2016-12-16 10:39:27-700
Success : CREATE_FILE : test2\a94a8fe5ccb19ba6\721881304BF41CB9,0:2235453,2016-12-16 10:39:31-252,2016-12-16 10:39:31-596
Success : LS : test2\a94a8fe5ccb19ba6\,0:-1,2016-12-16 10:39:31-596,2016-12-16 10:39:31-596
Success : RANDOM_READ : test1\c5a5e5562b038073\0189424a5a60fed3\feb6a1968982109d,0:17408,2016-12-16 10:39:34-006,2016-12-16 10:39:34-009
Success : CREATE_FILE : test2\a94a8fe5ccb19ba6\2a5bd02710e975a7\2E81C3A832D5FEF5,0:2055774,2016-12-16 10:39:34-116,2016-12-16 10:39:34-444
Success : LS : test2\a94a8fe5ccb19ba6\2a5bd02710e975a7\,0:-1,2016-12-16 10:39:34-445,2016-12-16 10:39:34-445
Success : RANDOM_READ : test1\c5a5e5562b038073\68ad3077ff5a452a,0:383,2016-12-16 10:39:35-867,2016-12-16 10:39:35-869
Success : SEQ_READ : test2\1a7683b6645f9b6a,0:3072,2016-12-16 10:39:36-869,2016-12-16 10:39:36-870
Success : SEQ_READ : test1\c5a5e5562b038073\738537f9a40e568b,0:13312,2016-12-16 10:39:38-085,2016-12-16 10:39:38-088
Success : SEQ_READ : test1\c5a5e5562b038073\0189424a5a60fed3\46a8219c2ae6c782,0:523264,2016-12-16 10:39:39-951,2016-12-16 10:39:39-999
Success : CREATE_FILE : test2\a94a8fe5ccb19ba6\21C7241D01F0880E,0:2674138,2016-12-16 10:39:40-501,2016-12-16 10:39:40-978
Success : LS : test2\a94a8fe5ccb19ba6\,0:-1,2016-12-16 10:39:40-978,2016-12-16 10:39:40-978
Success : CREATE_FILE : test2\a94a8fe5ccb19ba6\5CC64B2036FE5404,0:2021666,2016-12-16 10:39:41-979,2016-12-16 10:39:42-669
Success : SEQ_READ : test2\a94a8fe5ccb19ba6\2a5bd02710e975a7\178db47a574c645f,0:257,2016-12-16 10:39:42-670,2016-12-16 10:39:42-671
Success : LS : test2\a94a8fe5ccb19ba6\,0:-1,2016-12-16 10:39:42-671,2016-12-16 10:39:42-671
Success : CREATE_FILE : test2\a94a8fe5ccb19ba6\08C702723CFBB544,0:1130583,2016-12-16 10:39:42-757,2016-12-16 10:39:43-058
Success : RANDOM_READ : test2\a94a8fe5ccb19ba6\2a5bd02710e975a7\254d76d2609fec03,0:2048,2016-12-16 10:39:43-058,2016-12-16 10:39:43-059
Success : LS : test2\a94a8fe5ccb19ba6\,0:-1,2016-12-16 10:39:43-059,2016-12-16 10:39:43-059
Success : SEQ_READ : test1\c5a5e5562b038073\3c16ab634e85296e,0:23552,2016-12-16 10:39:45-589,2016-12-16 10:39:45-593
Success : SEQ_READ : test1\c5a5e5562b038073\a39ea9c72a98de10\41288c58009f7f6a,0:477,2016-12-16 10:39:47-005,2016-12-16 10:39:47-006
Success : SEQ_READ : test1\c5a5e5562b038073\c7734a16bf12bb03,0:106496,2016-12-16 10:39:47-124,2016-12-16 10:39:47-135
Success : RANDOM_READ : test1\f71b43c3136efa4f\52481749c0cdecd6\6670af231c096f09,0:129,2016-12-16 10:39:48-005,2016-12-16 10:39:48-007
Success : CREATE_FILE : test2\a94a8fe5ccb19ba6\21DB077E4A643593,0:3869819,2016-12-16 10:39:48-550,2016-12-16 10:39:49-093
Success : LS : test2\a94a8fe5ccb19ba6\,0:-1,2016-12-16 10:39:49-093,2016-12-16 10:39:49-093
Success : RANDOM_READ : test1\c5a5e5562b038073\a39ea9c72a98de10\f398de59988a85e5,0:2048,2016-12-16 10:39:50-174,2016-12-16 10:39:50-176
Success : CREATE_FILE : test2\a94a8fe5ccb19ba6\2a5bd02710e975a7\773A301226042134,0:4061339,2016-12-16 10:39:51-594,2016-12-16 10:39:52-181
Success : LS : test2\a94a8fe5ccb19ba6\2a5bd02710e975a7\,0:-1,2016-12-16 10:39:52-181,2016-12-16 10:39:52-181
Success : RANDOM_READ : test2\acde102dac5bbe15,0:4096,2016-12-16 10:39:52-417,2016-12-16 10:39:52-419
Success : CREATE_FILE : test2\a94a8fe5ccb19ba6\21AF3B22483CABFC,0:1654041,2016-12-16 10:39:53-440,2016-12-16 10:39:53-699
Success : LS : test2\a94a8fe5ccb19ba6\,0:-1,2016-12-16 10:39:53-699,2016-12-16 10:39:53-699
Success : SEQ_READ : test1\c5a5e5562b038073\3c16ab634e85296e,0:8192,2016-12-16 10:39:55-651,2016-12-16 10:39:55-653
Success : RANDOM_READ : test1\c5a5e5562b038073\05d1f0ed74e78555,0:53248,2016-12-16 10:39:56-947,2016-12-16 10:39:56-954
Success : CREATE_FILE : test2\a94a8fe5ccb19ba6\4B0538282CACE568,0:2934688,2016-12-16 10:39:58-731,2016-12-16 10:39:59-219
Success : LS : test2\a94a8fe5ccb19ba6\,0:-1,2016-12-16 10:39:59-220,2016-12-16 10:39:59-220
Success : SEQ_READ : test1\c5a5e5562b038073\6670af231c096f09,0:46,2016-12-16 10:40:02-147,2016-12-16 10:40:02-149
Success : CREATE_FILE : test2\a94a8fe5ccb19ba6\22E954954595BAFF,0:571359,2016-12-16 10:40:02-533,2016-12-16 10:40:02-664
Success : LS : test2\a94a8fe5ccb19ba6\,0:-1,2016-12-16 10:40:02-664,2016-12-16 10:40:02-664
Success : CREATE_FILE : test2\a94a8fe5ccb19ba6\2a5bd02710e975a7\2AEB69C26F91F079,0:2188947,2016-12-16 10:40:02-808,2016-12-16 10:40:03-132
Success : SEQ_READ : test1\c5a5e5562b038073\767c14c8beb1e835,0:2977792,2016-12-16 10:40:03-132,2016-12-16 10:40:03-390
Success : LS : test2\a94a8fe5ccb19ba6\2a5bd02710e975a7\,0:-1,2016-12-16 10:40:03-391,2016-12-16 10:40:03-391
Success : RANDOM_READ : test1\f71b43c3136efa4f\83404ffd78f534ff\6670af231c096f09,0:129,2016-12-16 10:40:05-883,2016-12-16 10:40:05-885
Success : SEQ_READ : test2\49f03965cf98b1f5,0:1024,2016-12-16 10:40:08-407,2016-12-16 10:40:08-409
Success : RANDOM_READ : test1\f71b43c3136efa4f\c7d9912886e5ccc7\6670af231c096f09,0:129,2016-12-16 10:40:11-267,2016-12-16 10:40:11-269
Success : RANDOM_READ : test1\c5a5e5562b038073\2015a7ab48ae9a58,0:22528,2016-12-16 10:40:11-998,2016-12-16 10:40:12-001
Success : CREATE_FILE : test2\a94a8fe5ccb19ba6\1109FBFF4A0ABEAB,0:2698904,2016-12-16 10:40:13-057,2016-12-16 10:40:13-494
Success : LS : test2\a94a8fe5ccb19ba6\,0:-1,2016-12-16 10:40:13-494,2016-12-16 10:40:13-494
Success : SEQ_READ : test2\8da7cc13802eefe0,0:13173760,2016-12-16 10:40:15-530,2016-12-16 10:40:16-679
Success : RANDOM_READ : test2\8da7cc13802eefe0,0:8192,2016-12-16 10:40:16-679,2016-12-16 10:40:16-681
Success : RANDOM_READ : test1\c5a5e5562b038073\738537f9a40e568b,0:14336,2016-12-16 10:40:18-000,2016-12-16 10:40:18-003
Success : CREATE_FILE : test2\a94a8fe5ccb19ba6\2EA08BAD014588C4,0:2438868,2016-12-16 10:40:18-254,2016-12-16 10:40:18-982
Success : SEQ_READ : test1\c5a5e5562b038073\fbe0d7653f0909cb,0:1,2016-12-16 10:40:18-983,2016-12-16 10:40:18-984
Success : LS : test2\a94a8fe5ccb19ba6\,0:-1,2016-12-16 10:40:18-984,2016-12-16 10:40:18-984
Success : CREATE_FILE : test2\a94a8fe5ccb19ba6\22FDA73821B7F5EA,0:3118606,2016-12-16 10:40:19-717,2016-12-16 10:40:20-179
Success : LS : test2\a94a8fe5ccb19ba6\,0:-1,2016-12-16 10:40:20-179,2016-12-16 10:40:20-179
Success : RANDOM_READ : test2\a94a8fe5ccb19ba6\2a5bd02710e975a7\3eef580036f1724a,0:257,2016-12-16 10:40:21-020,2016-12-16 10:40:21-022
Success : SEQ_READ : test1\c5a5e5562b038073\2d77b1044a6c5c82,0:279552,2016-12-16 10:40:21-367,2016-12-16 10:40:21-393
Success : SEQ_READ : test1\f71b43c3136efa4f\c7d9912886e5ccc7\6670af231c096f09,0:129,2016-12-16 10:40:21-566,2016-12-16 10:40:21-567
Success : SEQ_READ : test1\c5a5e5562b038073\7b7f22b30cf50087,0:3072,2016-12-16 10:40:21-915,2016-12-16 10:40:21-917
Success : SEQ_READ : test1\c5a5e5562b038073\0caa882bd1034750,0:223232,2016-12-16 10:40:23-632,2016-12-16 10:40:23-653
Success : RANDOM_READ : test1\c5a5e5562b038073\a39ea9c72a98de10\4a90c52e52d54ede,0:1,2016-12-16 10:40:24-596,2016-12-16 10:40:24-598
Success : CREATE_FILE : test2\a94a8fe5ccb19ba6\2a5bd02710e975a7\765348067E9C947D,0:1831180,2016-12-16 10:40:24-959,2016-12-16 10:40:25-364
Success : LS : test2\a94a8fe5ccb19ba6\2a5bd02710e975a7\,0:-1,2016-12-16 10:40:25-364,2016-12-16 10:40:25-364
Success : CREATE_FILE : test2\a94a8fe5ccb19ba6\11E2263F36F23203,0:3357662,2016-12-16 10:40:26-183,2016-12-16 10:40:26-667
Success : LS : test2\a94a8fe5ccb19ba6\,0:-1,2016-12-16 10:40:26-667,2016-12-16 10:40:26-667
Success : CREATE_FILE : test2\a94a8fe5ccb19ba6\29BBEE92694666C9,0:1804769,2016-12-16 10:40:27-094,2016-12-16 10:40:27-367
Success : LS : test2\a94a8fe5ccb19ba6\,0:-1,2016-12-16 10:40:27-367,2016-12-16 10:40:27-367
Success : SEQ_READ : test1\c5a5e5562b038073\3c16ab634e85296e,0:73728,2016-12-16 10:40:27-727,2016-12-16 10:40:27-734
Success : RANDOM_READ : test1\c5a5e5562b038073\a39ea9c72a98de10\aa61f113a9b13deb,0:438,2016-12-16 10:40:30-756,2016-12-16 10:40:30-758
Success : CREATE_FILE : test2\a94a8fe5ccb19ba6\2a5bd02710e975a7\32E48FAA7A2601C4,0:2247747,2016-12-16 10:40:32-365,2016-12-16 10:40:32-702
Success : LS : test2\a94a8fe5ccb19ba6\2a5bd02710e975a7\,0:-1,2016-12-16 10:40:32-702,2016-12-16 10:40:32-702
Success : RANDOM_READ : test2\8da7cc13802eefe0,0:14336,2016-12-16 10:40:33-317,2016-12-16 10:40:33-320
Success : RANDOM_READ : test1\c5a5e5562b038073\b0c5d70d7f040bfa,0:6144,2016-12-16 10:40:35-279,2016-12-16 10:40:35-281
Success : RANDOM_READ : test1\c5a5e5562b038073\88fe52fe40fa2264,0:2048,2016-12-16 10:40:35-287,2016-12-16 10:40:35-289
Success : SEQ_READ : test2\acde102dac5bbe15,0:4096,2016-12-16 10:40:35-752,2016-12-16 10:40:35-755
Success : SEQ_READ : test1\9832710c94f11d2b,0:3457024,2016-12-16 10:40:36-315,2016-12-16 10:40:36-618
Success : RANDOM_READ : test1\c5a5e5562b038073\0189424a5a60fed3\46a8219c2ae6c782,0:36864,2016-12-16 10:40:37-771,2016-12-16 10:40:37-776
Success : CREATE_FILE : test2\a94a8fe5ccb19ba6\2a5bd02710e975a7\327E60C70BE09CD4,0:1460255,2016-12-16 10:40:38-516,2016-12-16 10:40:38-785
Success : LS : test2\a94a8fe5ccb19ba6\2a5bd02710e975a7\,0:-1,2016-12-16 10:40:38-785,2016-12-16 10:40:38-785
Success : CREATE_FILE : test2\a94a8fe5ccb19ba6\156C472B718D2B30,0:4034672,2016-12-16 10:40:40-792,2016-12-16 10:40:41-440
Success : LS : test2\a94a8fe5ccb19ba6\,0:-1,2016-12-16 10:40:41-440,2016-12-16 10:40:41-440
Success : CREATE_FILE : test2\a94a8fe5ccb19ba6\0C64025164B26A71,0:3111638,2016-12-16 10:40:41-440,2016-12-16 10:40:41-852
Success : LS : test2\a94a8fe5ccb19ba6\,0:-1,2016-12-16 10:40:41-852,2016-12-16 10:40:41-852
Success : CREATE_FILE : test2\a94a8fe5ccb19ba6\2a5bd02710e975a7\267AE90A6BB135F3,0:3660625,2016-12-16 10:40:42-045,2016-12-16 10:40:42-564
Success : LS : test2\a94a8fe5ccb19ba6\2a5bd02710e975a7\,0:-1,2016-12-16 10:40:42-564,2016-12-16 10:40:42-564
Success : SEQ_READ : test1\f71b43c3136efa4f\9f93e73d6896cb7b\6670af231c096f09,0:129,2016-12-16 10:40:42-941,2016-12-16 10:40:42-942
Success : CREATE_FILE : test2\a94a8fe5ccb19ba6\1583D6AE4C519368,0:3715033,2016-12-16 10:40:45-546,2016-12-16 10:40:46-091
Success : LS : test2\a94a8fe5ccb19ba6\,0:-1,2016-12-16 10:40:46-091,2016-12-16 10:40:46-091
Success : CREATE_FILE : test2\a94a8fe5ccb19ba6\67031A1F75A451A0,0:2531318,2016-12-16 10:40:46-091,2016-12-16 10:40:46-457
Success : LS : test2\a94a8fe5ccb19ba6\,0:-1,2016-12-16 10:40:46-457,2016-12-16 10:40:46-457
Success : CREATE_FILE : test2\a94a8fe5ccb19ba6\2a5bd02710e975a7\5BD428A462B117C5,0:1631193,2016-12-16 10:40:49-804,2016-12-16 10:40:50-222
Success : LS : test2\a94a8fe5ccb19ba6\2a5bd02710e975a7\,0:-1,2016-12-16 10:40:50-222,2016-12-16 10:40:50-223
Success : CREATE_FILE : test2\a94a8fe5ccb19ba6\2a5bd02710e975a7\569B6F3D684FF4B3,0:222656,2016-12-16 10:40:52-733,2016-12-16 10:40:52-853
Success : LS : test2\a94a8fe5ccb19ba6\2a5bd02710e975a7\,0:-1,2016-12-16 10:40:52-853,2016-12-16 10:40:52-853
Success : CREATE_FILE : test2\a94a8fe5ccb19ba6\4B1EA5CE30934E64,0:2677099,2016-12-16 10:40:52-928,2016-12-16 10:40:53-379
Success : LS : test2\a94a8fe5ccb19ba6\,0:-1,2016-12-16 10:40:53-379,2016-12-16 10:40:53-379
Success : CREATE_FILE : test2\a94a8fe5ccb19ba6\7DBCF72B3AE0E6B3,0:2547475,2016-12-16 10:40:53-838,2016-12-16 10:40:54-353
Success : LS : test2\a94a8fe5ccb19ba6\,0:-1,2016-12-16 10:40:54-353,2016-12-16 10:40:54-353
Success : CREATE_FILE : test2\a94a8fe5ccb19ba6\2a5bd02710e975a7\1B3C27B2342521FD,0:3926989,2016-12-16 10:40:59-886,2016-12-16 10:41:00-428
Success : LS : test2\a94a8fe5ccb19ba6\2a5bd02710e975a7\,0:-1,2016-12-16 10:41:00-428,2016-12-16 10:41:00-428
Success : RANDOM_READ : test2\49f03965cf98b1f5,0:1,2016-12-16 10:41:01-546,2016-12-16 10:41:01-548
Success : RANDOM_READ : test2\a94a8fe5ccb19ba6\2a5bd02710e975a7\3eef580036f1724a,0:257,2016-12-16 10:41:02-328,2016-12-16 10:41:02-330
Success : CREATE_FILE : test2\a94a8fe5ccb19ba6\2664D598725C6E9F,0:266266,2016-12-16 10:41:02-850,2016-12-16 10:41:03-131
Success : LS : test2\a94a8fe5ccb19ba6\,0:-1,2016-12-16 10:41:03-131,2016-12-16 10:41:03-131
Success : CREATE_FILE : test2\a94a8fe5ccb19ba6\2a5bd02710e975a7\794AA5AC2685B65D,0:19850,2016-12-16 10:41:03-132,2016-12-16 10:41:03-179
Success : LS : test2\a94a8fe5ccb19ba6\2a5bd02710e975a7\,0:-1,2016-12-16 10:41:03-179,2016-12-16 10:41:03-179
Success : SEQ_READ : test1\f71b43c3136efa4f\c7d9912886e5ccc7\6670af231c096f09,0:129,2016-12-16 10:41:04-697,2016-12-16 10:41:04-699
Success : CREATE_FILE : test2\a94a8fe5ccb19ba6\6F2135A94C05891E,0:406362,2016-12-16 10:41:05-760,2016-12-16 10:41:05-879
Success : LS : test2\a94a8fe5ccb19ba6\,0:-1,2016-12-16 10:41:05-879,2016-12-16 10:41:05-879
Success : CREATE_FILE : test2\a94a8fe5ccb19ba6\2a5bd02710e975a7\795E91D01FB1DBE5,0:3602900,2016-12-16 10:41:05-994,2016-12-16 10:41:06-517
Success : LS : test2\a94a8fe5ccb19ba6\2a5bd02710e975a7\,0:-1,2016-12-16 10:41:06-517,2016-12-16 10:41:06-517
Success : RANDOM_READ : test1\c5a5e5562b038073\05d1f0ed74e78555,0:32768,2016-12-16 10:41:07-715,2016-12-16 10:41:07-719
Success : RANDOM_READ : test1\f71b43c3136efa4f\9f93e73d6896cb7b\6670af231c096f09,0:129,2016-12-16 10:41:11-257,2016-12-16 10:41:11-258
Success : CREATE_FILE : test2\a94a8fe5ccb19ba6\1E30B1AA1546F4E4,0:1273254,2016-12-16 10:41:11-890,2016-12-16 10:41:12-273
Success : LS : test2\a94a8fe5ccb19ba6\,0:-1,2016-12-16 10:41:12-273,2016-12-16 10:41:12-273
Success : SEQ_READ : test2\49f03965cf98b1f5,0:1024,2016-12-16 10:41:12-420,2016-12-16 10:41:12-421
Success : CREATE_FILE : test2\a94a8fe5ccb19ba6\599C768D5A961878,0:3756954,2016-12-16 10:41:12-953,2016-12-16 10:41:13-473
Success : LS : test2\a94a8fe5ccb19ba6\,0:-1,2016-12-16 10:41:13-474,2016-12-16 10:41:13-474
Success : CREATE_FILE : test2\a94a8fe5ccb19ba6\2a5bd02710e975a7\4A1F80227C8461E9,0:907639,2016-12-16 10:41:14-398,2016-12-16 10:41:14-570
Success : LS : test2\a94a8fe5ccb19ba6\2a5bd02710e975a7\,0:-1,2016-12-16 10:41:14-570,2016-12-16 10:41:14-570
Success : CREATE_FILE : test2\a94a8fe5ccb19ba6\4E472E71446A4F06,0:196099,2016-12-16 10:41:15-541,2016-12-16 10:41:15-612
Success : LS : test2\a94a8fe5ccb19ba6\,0:-1,2016-12-16 10:41:15-612,2016-12-16 10:41:15-612
Success : SEQ_READ : test2\6c33a983eec1b409,0:2048,2016-12-16 10:41:16-532,2016-12-16 10:41:16-533
Success : CREATE_FILE : test2\a94a8fe5ccb19ba6\05B816353950EC0C,0:2256107,2016-12-16 10:41:16-623,2016-12-16 10:41:17-104
Success : LS : test2\a94a8fe5ccb19ba6\,0:-1,2016-12-16 10:41:17-104,2016-12-16 10:41:17-104
Success : CREATE_FILE : test2\a94a8fe5ccb19ba6\4BE3CEF05198CBD0,0:3167325,2016-12-16 10:41:17-403,2016-12-16 10:41:17-893
Success : LS : test2\a94a8fe5ccb19ba6\,0:-1,2016-12-16 10:41:17-893,2016-12-16 10:41:17-893
Success : CREATE_FILE : test2\a94a8fe5ccb19ba6\2a5bd02710e975a7\2FC96B6C1E0EEBC2,0:2491292,2016-12-16 10:41:19-202,2016-12-16 10:41:19-614
Success : RANDOM_READ : test1\c5a5e5562b038073\2d77b1044a6c5c82,0:1024,2016-12-16 10:41:19-614,2016-12-16 10:41:19-616
Success : LS : test2\a94a8fe5ccb19ba6\2a5bd02710e975a7\,0:-1,2016-12-16 10:41:19-616,2016-12-16 10:41:19-616
Success : SEQ_READ : test2\a94a8fe5ccb19ba6\4b6fcb2d521ef0fd,0:1,2016-12-16 10:41:21-368,2016-12-16 10:41:21-370
Success : CREATE_FILE : test2\a94a8fe5ccb19ba6\2a5bd02710e975a7\71571F877DCE52A9,0:2758233,2016-12-16 10:41:25-570,2016-12-16 10:41:26-001
Success : LS : test2\a94a8fe5ccb19ba6\2a5bd02710e975a7\,0:-1,2016-12-16 10:41:26-001,2016-12-16 10:41:26-001
Success : CREATE_FILE : test2\a94a8fe5ccb19ba6\2a5bd02710e975a7\4E04A0DB4D0B9D64,0:3883198,2016-12-16 10:41:27-328,2016-12-16 10:41:27-922
Success : LS : test2\a94a8fe5ccb19ba6\2a5bd02710e975a7\,0:-1,2016-12-16 10:41:27-922,2016-12-16 10:41:27-922
Success : CREATE_FILE : test2\a94a8fe5ccb19ba6\2a5bd02710e975a7\0099369F5CE4810B,0:2100678,2016-12-16 10:41:27-923,2016-12-16 10:41:28-240
Success : LS : test2\a94a8fe5ccb19ba6\2a5bd02710e975a7\,0:-1,2016-12-16 10:41:28-240,2016-12-16 10:41:28-240
Success : CREATE_FILE : test2\a94a8fe5ccb19ba6\2a5bd02710e975a7\146B6F2D7C5EE663,0:2682481,2016-12-16 10:41:30-397,2016-12-16 10:41:30-798
Success : RANDOM_READ : test1\c5a5e5562b038073\a39ea9c72a98de10\4a90c52e52d54ede,0:1024,2016-12-16 10:41:30-798,2016-12-16 10:41:30-800
Success : LS : test2\a94a8fe5ccb19ba6\2a5bd02710e975a7\,0:-1,2016-12-16 10:41:30-800,2016-12-16 10:41:30-800
Success : CREATE_FILE : test2\a94a8fe5ccb19ba6\2a5bd02710e975a7\33EDF365373C313E,0:97712,2016-12-16 10:41:30-939,2016-12-16 10:41:30-989
Success : LS : test2\a94a8fe5ccb19ba6\2a5bd02710e975a7\,0:-1,2016-12-16 10:41:30-990,2016-12-16 10:41:30-990
Success : RANDOM_READ : test2\acde102dac5bbe15,0:1,2016-12-16 10:41:31-337,2016-12-16 10:41:31-339
Success : CREATE_FILE : test2\a94a8fe5ccb19ba6\2a5bd02710e975a7\7220C43C631C1130,0:2420436,2016-12-16 10:41:32-456,2016-12-16 10:41:32-798
Success : LS : test2\a94a8fe5ccb19ba6\2a5bd02710e975a7\,0:-1,2016-12-16 10:41:32-798,2016-12-16 10:41:32-798
Success : CREATE_FILE : test2\a94a8fe5ccb19ba6\460DDD362C791F92,0:2439689,2016-12-16 10:41:33-471,2016-12-16 10:41:34-112
Success : LS : test2\a94a8fe5ccb19ba6\,0:-1,2016-12-16 10:41:34-112,2016-12-16 10:41:34-112
Success : CREATE_FILE : test2\a94a8fe5ccb19ba6\2a5bd02710e975a7\245D028E68CF612B,0:2256288,2016-12-16 10:41:35-449,2016-12-16 10:41:35-787
Success : LS : test2\a94a8fe5ccb19ba6\2a5bd02710e975a7\,0:-1,2016-12-16 10:41:35-788,2016-12-16 10:41:35-788
Success : CREATE_FILE : test2\a94a8fe5ccb19ba6\796982BE362778B4,0:3048567,2016-12-16 10:41:38-692,2016-12-16 10:41:39-107
Success : LS : test2\a94a8fe5ccb19ba6\,0:-1,2016-12-16 10:41:39-107,2016-12-16 10:41:39-107
Success : SEQ_READ : test1\c5a5e5562b038073\7b7f22b30cf50087,0:1,2016-12-16 10:41:39-520,2016-12-16 10:41:39-525
Success : RANDOM_READ : test1\c5a5e5562b038073\c7abaf0419c47a1d,0:56320,2016-12-16 10:41:41-208,2016-12-16 10:41:41-214
Success : CREATE_FILE : test2\a94a8fe5ccb19ba6\30E6B2D1779339B7,0:2904340,2016-12-16 10:41:41-728,2016-12-16 10:41:42-201
Success : LS : test2\a94a8fe5ccb19ba6\,0:-1,2016-12-16 10:41:42-201,2016-12-16 10:41:42-201
Success : RANDOM_READ : test1\c5a5e5562b038073\6670af231c096f09,0:46,2016-12-16 10:41:50-100,2016-12-16 10:41:50-101
Success : RANDOM_READ : test1\f71b43c3136efa4f\83404ffd78f534ff\6670af231c096f09,0:129,2016-12-16 10:41:51-562,2016-12-16 10:41:51-563
Success : CREATE_FILE : test2\a94a8fe5ccb19ba6\2a5bd02710e975a7\6338C74702D8D526,0:567530,2016-12-16 10:41:54-121,2016-12-16 10:41:54-312
Success : LS : test2\a94a8fe5ccb19ba6\2a5bd02710e975a7\,0:-1,2016-12-16 10:41:54-313,2016-12-16 10:41:54-313
Success : CREATE_FILE : test2\a94a8fe5ccb19ba6\78BFA5457B6A6784,0:2895872,2016-12-16 10:41:55-913,2016-12-16 10:41:56-335
Success : LS : test2\a94a8fe5ccb19ba6\,0:-1,2016-12-16 10:41:56-335,2016-12-16 10:41:56-335
Success : CREATE_FILE : test2\a94a8fe5ccb19ba6\152F534929B8BD52,0:1739865,2016-12-16 10:42:00-436,2016-12-16 10:42:00-708
Success : LS : test2\a94a8fe5ccb19ba6\,0:-1,2016-12-16 10:42:00-708,2016-12-16 10:42:00-708
Success : SEQ_READ : test1\c5a5e5562b038073\2015a7ab48ae9a58,0:28672,2016-12-16 10:42:00-938,2016-12-16 10:42:00-942
Success : SEQ_READ : test1\c5a5e5562b038073\6670af231c096f09,0:46,2016-12-16 10:42:01-692,2016-12-16 10:42:01-693
Success : CREATE_FILE : test2\a94a8fe5ccb19ba6\4EED079A335FD272,0:2265043,2016-12-16 10:42:04-504,2016-12-16 10:42:05-312
Success : LS : test2\a94a8fe5ccb19ba6\,0:-1,2016-12-16 10:42:05-312,2016-12-16 10:42:05-312
Success : SEQ_READ : test1\c5a5e5562b038073\767c14c8beb1e835,0:1380352,2016-12-16 10:42:07-769,2016-12-16 10:42:07-889
Success : RANDOM_READ : test2\1a7683b6645f9b6a,0:4096,2016-12-16 10:42:07-890,2016-12-16 10:42:07-891
Success : SEQ_READ : test1\f71b43c3136efa4f\52481749c0cdecd6\6670af231c096f09,0:129,2016-12-16 10:42:10-189,2016-12-16 10:42:10-190
Success : CREATE_FILE : test2\a94a8fe5ccb19ba6\2a5bd02710e975a7\4345FC955DF89BDE,0:2408768,2016-12-16 10:42:10-889,2016-12-16 10:42:11-260
Success : LS : test2\a94a8fe5ccb19ba6\2a5bd02710e975a7\,0:-1,2016-12-16 10:42:11-260,2016-12-16 10:42:11-260
Success : SEQ_READ : test2\acde102dac5bbe15,0:5120,2016-12-16 10:42:13-166,2016-12-16 10:42:13-168
Success : SEQ_READ : test1\c5a5e5562b038073\a39ea9c72a98de10\aa61f113a9b13deb,0:438,2016-12-16 10:42:13-820,2016-12-16 10:42:13-822
Success : CREATE_FILE : test2\a94a8fe5ccb19ba6\23279DE3730D5232,0:1788582,2016-12-16 10:42:14-027,2016-12-16 10:42:14-354
Success : LS : test2\a94a8fe5ccb19ba6\,0:-1,2016-12-16 10:42:14-354,2016-12-16 10:42:14-354
Success : CREATE_FILE : test2\a94a8fe5ccb19ba6\5E47BB3D78E41E21,0:2404502,2016-12-16 10:42:14-355,2016-12-16 10:42:14-744
Success : LS : test2\a94a8fe5ccb19ba6\,0:-1,2016-12-16 10:42:14-745,2016-12-16 10:42:14-745
Success : CREATE_FILE : test2\a94a8fe5ccb19ba6\7D09B3674498FC57,0:1046644,2016-12-16 10:42:15-254,2016-12-16 10:42:15-428
Success : LS : test2\a94a8fe5ccb19ba6\,0:-1,2016-12-16 10:42:15-429,2016-12-16 10:42:15-429
Success : CREATE_FILE : test2\a94a8fe5ccb19ba6\2a5bd02710e975a7\739FA69420CD9F4A,0:3662036,2016-12-16 10:42:17-656,2016-12-16 10:42:18-189
Success : LS : test2\a94a8fe5ccb19ba6\2a5bd02710e975a7\,0:-1,2016-12-16 10:42:18-189,2016-12-16 10:42:18-189
Success : RANDOM_READ : test1\f71b43c3136efa4f\c7d9912886e5ccc7\6670af231c096f09,0:129,2016-12-16 10:42:18-711,2016-12-16 10:42:18-713
Success : RANDOM_READ : test1\c5a5e5562b038073\0189424a5a60fed3\46a8219c2ae6c782,0:15360,2016-12-16 10:42:19-063,2016-12-16 10:42:19-066
Success : RANDOM_READ : test1\c5a5e5562b038073\6670af231c096f09,0:46,2016-12-16 10:42:20-173,2016-12-16 10:42:20-174
Success : SEQ_READ : test2\acde102dac5bbe15,0:3072,2016-12-16 10:42:20-977,2016-12-16 10:42:20-979
Success : CREATE_FILE : test2\a94a8fe5ccb19ba6\2a5bd02710e975a7\1FE423546F9A1001,0:2205685,2016-12-16 10:42:21-399,2016-12-16 10:42:21-775
Success : SEQ_READ : test2\1a7683b6645f9b6a,0:5120,2016-12-16 10:42:21-775,2016-12-16 10:42:21-777
Success : LS : test2\a94a8fe5ccb19ba6\2a5bd02710e975a7\,0:-1,2016-12-16 10:42:21-777,2016-12-16 10:42:21-777
Success : CREATE_FILE : test2\a94a8fe5ccb19ba6\30AF78200E782D82,0:1651984,2016-12-16 10:42:23-918,2016-12-16 10:42:24-211
Success : LS : test2\a94a8fe5ccb19ba6\,0:-1,2016-12-16 10:42:24-212,2016-12-16 10:42:24-212
Success : SEQ_READ : test1\c5a5e5562b038073\b0c5d70d7f040bfa,0:6144,2016-12-16 10:42:26-050,2016-12-16 10:42:26-052
Success : CREATE_FILE : test2\a94a8fe5ccb19ba6\2a5bd02710e975a7\08F656297D3D00EC,0:1680730,2016-12-16 10:42:26-782,2016-12-16 10:42:27-050
Success : LS : test2\a94a8fe5ccb19ba6\2a5bd02710e975a7\,0:-1,2016-12-16 10:42:27-050,2016-12-16 10:42:27-050
Success : SEQ_READ : test1\c5a5e5562b038073\2d77b1044a6c5c82,0:695296,2016-12-16 10:42:28-031,2016-12-16 10:42:28-092
Success : RANDOM_READ : test1\c5a5e5562b038073\738537f9a40e568b,0:3072,2016-12-16 10:42:28-713,2016-12-16 10:42:28-715
Success : CREATE_FILE : test2\a94a8fe5ccb19ba6\2a5bd02710e975a7\1FBE41CF655F4904,0:3657497,2016-12-16 10:42:28-851,2016-12-16 10:42:29-356
Success : LS : test2\a94a8fe5ccb19ba6\2a5bd02710e975a7\,0:-1,2016-12-16 10:42:29-357,2016-12-16 10:42:29-357
Success : CREATE_FILE : test2\a94a8fe5ccb19ba6\2A30709300D0F8A1,0:2944281,2016-12-16 10:42:29-634,2016-12-16 10:42:30-064
Success : SEQ_READ : test2\a94a8fe5ccb19ba6\4b6fcb2d521ef0fd,0:1,2016-12-16 10:42:30-064,2016-12-16 10:42:30-065
Success : LS : test2\a94a8fe5ccb19ba6\,0:-1,2016-12-16 10:42:30-065,2016-12-16 10:42:30-066
Success : SEQ_READ : test1\c5a5e5562b038073\c7734a16bf12bb03,0:310272,2016-12-16 10:42:30-702,2016-12-16 10:42:30-730
Success : CREATE_FILE : test2\a94a8fe5ccb19ba6\2a5bd02710e975a7\750404BE0A32F571,0:1907638,2016-12-16 10:42:33-250,2016-12-16 10:42:33-568
Success : LS : test2\a94a8fe5ccb19ba6\2a5bd02710e975a7\,0:-1,2016-12-16 10:42:33-568,2016-12-16 10:42:33-568
Success : CREATE_FILE : test2\a94a8fe5ccb19ba6\2a5bd02710e975a7\4030E9DD10A71AFE,0:532245,2016-12-16 10:42:33-949,2016-12-16 10:42:34-078
Success : LS : test2\a94a8fe5ccb19ba6\2a5bd02710e975a7\,0:-1,2016-12-16 10:42:34-078,2016-12-16 10:42:34-078
Success : CREATE_FILE : test2\a94a8fe5ccb19ba6\1B1F31CE27161E1E,0:2137597,2016-12-16 10:42:36-436,2016-12-16 10:42:36-899
Success : LS : test2\a94a8fe5ccb19ba6\,0:-1,2016-12-16 10:42:36-899,2016-12-16 10:42:36-899
Success : SEQ_READ : test1\c5a5e5562b038073\a39ea9c72a98de10\4a90c52e52d54ede,0:1,2016-12-16 10:42:37-978,2016-12-16 10:42:37-980
Success : CREATE_FILE : test2\a94a8fe5ccb19ba6\2a5bd02710e975a7\268B75532B07A129,0:1733991,2016-12-16 10:42:38-212,2016-12-16 10:42:38-526
Success : LS : test2\a94a8fe5ccb19ba6\2a5bd02710e975a7\,0:-1,2016-12-16 10:42:38-527,2016-12-16 10:42:38-527
Success : CREATE_FILE : test2\a94a8fe5ccb19ba6\2a5bd02710e975a7\09927D7D0F2C1E9E,0:1099690,2016-12-16 10:42:39-889,2016-12-16 10:42:40-130
Success : LS : test2\a94a8fe5ccb19ba6\2a5bd02710e975a7\,0:-1,2016-12-16 10:42:40-130,2016-12-16 10:42:40-130
Success : CREATE_FILE : test2\a94a8fe5ccb19ba6\2a5bd02710e975a7\597029DC7DB163B0,0:3341409,2016-12-16 10:42:40-562,2016-12-16 10:42:41-059
Success : LS : test2\a94a8fe5ccb19ba6\2a5bd02710e975a7\,0:-1,2016-12-16 10:42:41-059,2016-12-16 10:42:41-059
Success : CREATE_FILE : test2\a94a8fe5ccb19ba6\2B7A6C9F73CC29E1,0:2695589,2016-12-16 10:42:43-300,2016-12-16 10:42:43-784
Success : LS : test2\a94a8fe5ccb19ba6\,0:-1,2016-12-16 10:42:43-784,2016-12-16 10:42:43-784
Success : CREATE_FILE : test2\a94a8fe5ccb19ba6\2a5bd02710e975a7\157C5DF12A62D5ED,0:2025160,2016-12-16 10:42:44-064,2016-12-16 10:42:44-373
Success : LS : test2\a94a8fe5ccb19ba6\2a5bd02710e975a7\,0:-1,2016-12-16 10:42:44-374,2016-12-16 10:42:44-374
Success : CREATE_FILE : test2\a94a8fe5ccb19ba6\54F74DCE6FB3E61F,0:1687846,2016-12-16 10:42:47-275,2016-12-16 10:42:47-599
Success : LS : test2\a94a8fe5ccb19ba6\,0:-1,2016-12-16 10:42:47-599,2016-12-16 10:42:47-599
Success : CREATE_FILE : test2\a94a8fe5ccb19ba6\2A4A681A247D455A,0:2117033,2016-12-16 10:42:47-689,2016-12-16 10:42:48-024
Success : LS : test2\a94a8fe5ccb19ba6\,0:-1,2016-12-16 10:42:48-025,2016-12-16 10:42:48-025
Success : CREATE_FILE : test2\a94a8fe5ccb19ba6\3B5CE7E0077F859E,0:1555390,2016-12-16 10:42:49-613,2016-12-16 10:42:49-881
Success : LS : test2\a94a8fe5ccb19ba6\,0:-1,2016-12-16 10:42:49-881,2016-12-16 10:42:49-881
Success : CREATE_FILE : test2\a94a8fe5ccb19ba6\7ABCE2645561AAB2,0:1189539,2016-12-16 10:42:55-457,2016-12-16 10:42:55-846
Success : LS : test2\a94a8fe5ccb19ba6\,0:-1,2016-12-16 10:42:55-846,2016-12-16 10:42:55-846
Success : SEQ_READ : test1\c5a5e5562b038073\738537f9a40e568b,0:6144,2016-12-16 10:42:58-361,2016-12-16 10:42:58-363
Success : CREATE_FILE : test2\a94a8fe5ccb19ba6\4B4060C12C2572CE,0:2202914,2016-12-16 10:42:58-632,2016-12-16 10:42:59-141
Success : LS : test2\a94a8fe5ccb19ba6\,0:-1,2016-12-16 10:42:59-141,2016-12-16 10:42:59-141
Success : SEQ_READ : test1\c5a5e5562b038073\c7734a16bf12bb03,0:116736,2016-12-16 10:42:59-450,2016-12-16 10:42:59-462
Success : SEQ_READ : test1\f71b43c3136efa4f\83404ffd78f534ff\6670af231c096f09,0:129,2016-12-16 10:43:01-269,2016-12-16 10:43:01-270
Success : CREATE_FILE : test2\a94a8fe5ccb19ba6\7EF625002F86CE60,0:3862698,2016-12-16 10:43:02-170,2016-12-16 10:43:02-752
Success : LS : test2\a94a8fe5ccb19ba6\,0:-1,2016-12-16 10:43:02-752,2016-12-16 10:43:02-752
Success : CREATE_FILE : test2\a94a8fe5ccb19ba6\0250A7CA22378759,0:2982166,2016-12-16 10:43:03-826,2016-12-16 10:43:04-277
Success : LS : test2\a94a8fe5ccb19ba6\,0:-1,2016-12-16 10:43:04-277,2016-12-16 10:43:04-277
Success : CREATE_FILE : test2\a94a8fe5ccb19ba6\2a5bd02710e975a7\6BBD6CDB258AC6E9,0:3411941,2016-12-16 10:43:05-832,2016-12-16 10:43:06-401
Success : LS : test2\a94a8fe5ccb19ba6\2a5bd02710e975a7\,0:-1,2016-12-16 10:43:06-402,2016-12-16 10:43:06-402
Success : SEQ_READ : test2\49f03965cf98b1f5,0:1024,2016-12-16 10:43:06-755,2016-12-16 10:43:06-757
Success : SEQ_READ : test1\c5a5e5562b038073\c7734a16bf12bb03,0:323584,2016-12-16 10:43:07-372,2016-12-16 10:43:07-401
Success : SEQ_READ : test1\c5a5e5562b038073\2015a7ab48ae9a58,0:2048,2016-12-16 10:43:08-440,2016-12-16 10:43:08-441
Success : CREATE_FILE : test2\a94a8fe5ccb19ba6\2a5bd02710e975a7\02A473E17EDE5131,0:1275203,2016-12-16 10:43:08-624,2016-12-16 10:43:08-843
Success : LS : test2\a94a8fe5ccb19ba6\2a5bd02710e975a7\,0:-1,2016-12-16 10:43:08-843,2016-12-16 10:43:08-843
Success : CREATE_FILE : test2\a94a8fe5ccb19ba6\144318265132FA62,0:2700325,2016-12-16 10:43:10-936,2016-12-16 10:43:11-418
Success : LS : test2\a94a8fe5ccb19ba6\,0:-1,2016-12-16 10:43:11-418,2016-12-16 10:43:11-418
Success : SEQ_READ : test1\f71b43c3136efa4f\83404ffd78f534ff\6670af231c096f09,0:129,2016-12-16 10:43:12-535,2016-12-16 10:43:12-536
Success : CREATE_FILE : test2\a94a8fe5ccb19ba6\7A6AFA2A17FE4EDE,0:2980585,2016-12-16 10:43:15-241,2016-12-16 10:43:15-726
Success : LS : test2\a94a8fe5ccb19ba6\,0:-1,2016-12-16 10:43:15-726,2016-12-16 10:43:15-726
Success : SEQ_READ : test1\c5a5e5562b038073\0caa882bd1034750,0:229376,2016-12-16 10:43:16-793,2016-12-16 10:43:16-815
Success : CREATE_FILE : test2\a94a8fe5ccb19ba6\2a5bd02710e975a7\00FCC3410ED493F7,0:151705,2016-12-16 10:43:17-109,2016-12-16 10:43:17-205
Success : LS : test2\a94a8fe5ccb19ba6\2a5bd02710e975a7\,0:-1,2016-12-16 10:43:17-205,2016-12-16 10:43:17-205
Success : CREATE_FILE : test2\a94a8fe5ccb19ba6\3D5BB615794F0001,0:2811633,2016-12-16 10:43:17-273,2016-12-16 10:43:17-739
Success : LS : test2\a94a8fe5ccb19ba6\,0:-1,2016-12-16 10:43:17-739,2016-12-16 10:43:17-739
Success : CREATE_FILE : test2\a94a8fe5ccb19ba6\036E380C029948AB,0:2522551,2016-12-16 10:43:17-858,2016-12-16 10:43:18-222
Success : LS : test2\a94a8fe5ccb19ba6\,0:-1,2016-12-16 10:43:18-222,2016-12-16 10:43:18-222
Success : CREATE_FILE : test2\a94a8fe5ccb19ba6\2a5bd02710e975a7\0D977874497AB2D3,0:3917975,2016-12-16 10:43:18-222,2016-12-16 10:43:18-829
Success : LS : test2\a94a8fe5ccb19ba6\2a5bd02710e975a7\,0:-1,2016-12-16 10:43:18-829,2016-12-16 10:43:18-829
Success : CREATE_FILE : test2\a94a8fe5ccb19ba6\69B8C80C7157DF44,0:3483090,2016-12-16 10:43:25-142,2016-12-16 10:43:25-666
Success : LS : test2\a94a8fe5ccb19ba6\,0:-1,2016-12-16 10:43:25-666,2016-12-16 10:43:25-666
Success : CREATE_FILE : test2\a94a8fe5ccb19ba6\3C3F6FA65D360AE8,0:16663,2016-12-16 10:43:25-812,2016-12-16 10:43:25-887
Success : LS : test2\a94a8fe5ccb19ba6\,0:-1,2016-12-16 10:43:25-888,2016-12-16 10:43:25-888
Success : RANDOM_READ : test1\c5a5e5562b038073\2015a7ab48ae9a58,0:12288,2016-12-16 10:43:26-587,2016-12-16 10:43:26-589
Success : RANDOM_READ : test1\c5a5e5562b038073\6670af231c096f09,0:46,2016-12-16 10:43:27-590,2016-12-16 10:43:27-592
Success : RANDOM_READ : test1\c5a5e5562b038073\2d77b1044a6c5c82,0:43008,2016-12-16 10:43:28-198,2016-12-16 10:43:28-203
Success : SEQ_READ : test1\c5a5e5562b038073\0189424a5a60fed3\feb6a1968982109d,0:19109888,2016-12-16 10:43:32-933,2016-12-16 10:43:34-585
Success : CREATE_FILE : test2\a94a8fe5ccb19ba6\2a5bd02710e975a7\6433504707EB12AD,0:2585641,2016-12-16 10:43:34-585,2016-12-16 10:43:35-031
Success : LS : test2\a94a8fe5ccb19ba6\2a5bd02710e975a7\,0:-1,2016-12-16 10:43:35-031,2016-12-16 10:43:35-031
Success : CREATE_FILE : test2\a94a8fe5ccb19ba6\014CF5D94F18EEFE,0:4009187,2016-12-16 10:43:35-032,2016-12-16 10:43:35-645
Success : SEQ_READ : test1\c5a5e5562b038073\0189424a5a60fed3\feb6a1968982109d,0:20096000,2016-12-16 10:43:35-645,2016-12-16 10:43:37-379
Success : LS : test2\a94a8fe5ccb19ba6\,0:-1,2016-12-16 10:43:37-379,2016-12-16 10:43:37-379
Success : CREATE_FILE : test2\a94a8fe5ccb19ba6\2a5bd02710e975a7\23B86AA019BEC691,0:1105210,2016-12-16 10:43:39-248,2016-12-16 10:43:39-449
Success : LS : test2\a94a8fe5ccb19ba6\2a5bd02710e975a7\,0:-1,2016-12-16 10:43:39-450,2016-12-16 10:43:39-450
Success : CREATE_FILE : test2\a94a8fe5ccb19ba6\38CE241E463372DB,0:687761,2016-12-16 10:43:39-664,2016-12-16 10:43:39-808
Success : LS : test2\a94a8fe5ccb19ba6\,0:-1,2016-12-16 10:43:39-808,2016-12-16 10:43:39-808
Success : CREATE_FILE : test2\a94a8fe5ccb19ba6\2a5bd02710e975a7\29822587391464D9,0:3055363,2016-12-16 10:43:40-001,2016-12-16 10:43:40-479
Success : LS : test2\a94a8fe5ccb19ba6\2a5bd02710e975a7\,0:-1,2016-12-16 10:43:40-480,2016-12-16 10:43:40-480
Success : CREATE_FILE : test2\a94a8fe5ccb19ba6\654088564E7C3A4B,0:3669892,2016-12-16 10:43:42-603,2016-12-16 10:43:43-112
Success : LS : test2\a94a8fe5ccb19ba6\,0:-1,2016-12-16 10:43:43-112,2016-12-16 10:43:43-112
Success : CREATE_FILE : test2\a94a8fe5ccb19ba6\2a5bd02710e975a7\08AD3A9660B9542F,0:2796167,2016-12-16 10:43:45-912,2016-12-16 10:43:46-330
Success : LS : test2\a94a8fe5ccb19ba6\2a5bd02710e975a7\,0:-1,2016-12-16 10:43:46-330,2016-12-16 10:43:46-330
Success : SEQ_READ : test2\49f03965cf98b1f5,0:1024,2016-12-16 10:43:46-356,2016-12-16 10:43:46-357
Success : CREATE_FILE : test2\a94a8fe5ccb19ba6\78162F970A7FEB54,0:1176,2016-12-16 10:43:47-262,2016-12-16 10:43:47-373
Success : LS : test2\a94a8fe5ccb19ba6\,0:-1,2016-12-16 10:43:47-373,2016-12-16 10:43:47-373
Success : CREATE_FILE : test2\a94a8fe5ccb19ba6\1BC730321BB90FE4,0:3993577,2016-12-16 10:43:48-424,2016-12-16 10:43:48-961
Success : LS : test2\a94a8fe5ccb19ba6\,0:-1,2016-12-16 10:43:48-961,2016-12-16 10:43:48-961
Success : CREATE_FILE : test2\a94a8fe5ccb19ba6\37489F456F9BD8B7,0:3864552,2016-12-16 10:43:48-962,2016-12-16 10:43:49-479
Success : RANDOM_READ : test2\a94a8fe5ccb19ba6\4b6fcb2d521ef0fd,0:2048,2016-12-16 10:43:49-479,2016-12-16 10:43:49-481
Success : LS : test2\a94a8fe5ccb19ba6\,0:-1,2016-12-16 10:43:49-481,2016-12-16 10:43:49-481
Success : RANDOM_READ : test1\c5a5e5562b038073\a39ea9c72a98de10\41288c58009f7f6a,0:477,2016-12-16 10:43:52-665,2016-12-16 10:43:52-667
Success : CREATE_FILE : test2\a94a8fe5ccb19ba6\0DCA69AF7B5E06EC,0:3922693,2016-12-16 10:43:53-294,2016-12-16 10:43:53-843
Success : LS : test2\a94a8fe5ccb19ba6\,0:-1,2016-12-16 10:43:53-843,2016-12-16 10:43:53-843
Success : CREATE_FILE : test2\a94a8fe5ccb19ba6\6A7DF00561FC39F9,0:3816474,2016-12-16 10:43:53-843,2016-12-16 10:43:54-384
Success : LS : test2\a94a8fe5ccb19ba6\,0:-1,2016-12-16 10:43:54-384,2016-12-16 10:43:54-384
Success : CREATE_FILE : test2\a94a8fe5ccb19ba6\19A17D423D4D133E,0:1712190,2016-12-16 10:43:54-760,2016-12-16 10:43:55-137
Success : LS : test2\a94a8fe5ccb19ba6\,0:-1,2016-12-16 10:43:55-137,2016-12-16 10:43:55-137
Success : CREATE_FILE : test2\a94a8fe5ccb19ba6\2a5bd02710e975a7\67F9939A56132D25,0:2487089,2016-12-16 10:43:55-137,2016-12-16 10:43:55-513
Success : LS : test2\a94a8fe5ccb19ba6\2a5bd02710e975a7\,0:-1,2016-12-16 10:43:55-513,2016-12-16 10:43:55-513
Success : CREATE_FILE : test2\a94a8fe5ccb19ba6\047C44BA2589F496,0:1841427,2016-12-16 10:43:56-778,2016-12-16 10:43:57-178
Success : LS : test2\a94a8fe5ccb19ba6\,0:-1,2016-12-16 10:43:57-178,2016-12-16 10:43:57-178
Success : CREATE_FILE : test2\a94a8fe5ccb19ba6\2a5bd02710e975a7\7072CA7B6EFB8609,0:3596743,2016-12-16 10:43:58-224,2016-12-16 10:43:58-714
Success : SEQ_READ : test2\a94a8fe5ccb19ba6\2a5bd02710e975a7\178db47a574c645f,0:257,2016-12-16 10:43:58-714,2016-12-16 10:43:58-716
Success : LS : test2\a94a8fe5ccb19ba6\2a5bd02710e975a7\,0:-1,2016-12-16 10:43:58-716,2016-12-16 10:43:58-716
Success : SEQ_READ : test1\c5a5e5562b038073\738537f9a40e568b,0:15360,2016-12-16 10:44:00-244,2016-12-16 10:44:00-247
Success : SEQ_READ : test1\f71b43c3136efa4f\52481749c0cdecd6\6670af231c096f09,0:129,2016-12-16 10:44:02-556,2016-12-16 10:44:02-558
Success : CREATE_FILE : test2\a94a8fe5ccb19ba6\067592155724B932,0:2403553,2016-12-16 10:44:02-692,2016-12-16 10:44:03-099
Success : LS : test2\a94a8fe5ccb19ba6\,0:-1,2016-12-16 10:44:03-099,2016-12-16 10:44:03-099
Success : CREATE_FILE : test2\a94a8fe5ccb19ba6\2a5bd02710e975a7\6F202B95541A3CB1,0:1964955,2016-12-16 10:44:03-099,2016-12-16 10:44:03-418
Success : LS : test2\a94a8fe5ccb19ba6\2a5bd02710e975a7\,0:-1,2016-12-16 10:44:03-418,2016-12-16 10:44:03-418
Success : CREATE_FILE : test2\a94a8fe5ccb19ba6\7D26854A23345085,0:1680617,2016-12-16 10:44:03-851,2016-12-16 10:44:04-132
Success : SEQ_READ : test1\c5a5e5562b038073\c7abaf0419c47a1d,0:308224,2016-12-16 10:44:04-133,2016-12-16 10:44:04-161
Success : LS : test2\a94a8fe5ccb19ba6\,0:-1,2016-12-16 10:44:04-161,2016-12-16 10:44:04-161
Success : RANDOM_READ : test1\f71b43c3136efa4f\52481749c0cdecd6\6670af231c096f09,0:129,2016-12-16 10:44:04-955,2016-12-16 10:44:04-957
Success : RANDOM_READ : test1\c5a5e5562b038073\2d77b1044a6c5c82,0:13312,2016-12-16 10:44:05-492,2016-12-16 10:44:05-494
Success : CREATE_FILE : test2\a94a8fe5ccb19ba6\5780051959534642,0:3825656,2016-12-16 10:44:06-025,2016-12-16 10:44:06-633
Success : LS : test2\a94a8fe5ccb19ba6\,0:-1,2016-12-16 10:44:06-633,2016-12-16 10:44:06-633
Success : CREATE_FILE : test2\a94a8fe5ccb19ba6\2a5bd02710e975a7\7E236E921CC2FE35,0:702152,2016-12-16 10:44:07-857,2016-12-16 10:44:07-997
Success : RANDOM_READ : test1\c5a5e5562b038073\a39ea9c72a98de10\4a90c52e52d54ede,0:1024,2016-12-16 10:44:07-997,2016-12-16 10:44:07-998
Success : LS : test2\a94a8fe5ccb19ba6\2a5bd02710e975a7\,0:-1,2016-12-16 10:44:07-998,2016-12-16 10:44:07-998
Success : CREATE_FILE : test2\a94a8fe5ccb19ba6\2a5bd02710e975a7\1495E8FA456FC72B,0:3365683,2016-12-16 10:44:08-413,2016-12-16 10:44:08-883
Success : LS : test2\a94a8fe5ccb19ba6\2a5bd02710e975a7\,0:-1,2016-12-16 10:44:08-883,2016-12-16 10:44:08-883
Success : CREATE_FILE : test2\a94a8fe5ccb19ba6\7FE8F7282339CFF2,0:661029,2016-12-16 10:44:08-884,2016-12-16 10:44:09-070
Success : RANDOM_READ : test1\c5a5e5562b038073\738537f9a40e568b,0:2048,2016-12-16 10:44:09-070,2016-12-16 10:44:09-071
Success : LS : test2\a94a8fe5ccb19ba6\,0:-1,2016-12-16 10:44:09-071,2016-12-16 10:44:09-071
Success : CREATE_FILE : test2\a94a8fe5ccb19ba6\3ACF81C50F9C889D,0:3238090,2016-12-16 10:44:10-030,2016-12-16 10:44:10-490
Success : LS : test2\a94a8fe5ccb19ba6\,0:-1,2016-12-16 10:44:10-490,2016-12-16 10:44:10-490
Success : CREATE_FILE : test2\a94a8fe5ccb19ba6\4CEEA22063D86CEF,0:1292860,2016-12-16 10:44:12-301,2016-12-16 10:44:12-542
Success : LS : test2\a94a8fe5ccb19ba6\,0:-1,2016-12-16 10:44:12-542,2016-12-16 10:44:12-542
Success : CREATE_FILE : test2\a94a8fe5ccb19ba6\3DB213777AE3448C,0:4056784,2016-12-16 10:44:13-228,2016-12-16 10:44:13-936
Success : LS : test2\a94a8fe5ccb19ba6\,0:-1,2016-12-16 10:44:13-936,2016-12-16 10:44:13-936
Success : CREATE_FILE : test2\a94a8fe5ccb19ba6\2a5bd02710e975a7\0B33808030B50325,0:1679007,2016-12-16 10:44:13-957,2016-12-16 10:44:14-393
Success : SEQ_READ : test1\c5a5e5562b038073\a39ea9c72a98de10\aa61f113a9b13deb,0:438,2016-12-16 10:44:14-394,2016-12-16 10:44:14-395
Success : LS : test2\a94a8fe5ccb19ba6\2a5bd02710e975a7\,0:-1,2016-12-16 10:44:14-395,2016-12-16 10:44:14-395
Success : CREATE_FILE : test2\a94a8fe5ccb19ba6\6C6037C06E176296,0:2015073,2016-12-16 10:44:17-842,2016-12-16 10:44:18-312
Success : LS : test2\a94a8fe5ccb19ba6\,0:-1,2016-12-16 10:44:18-312,2016-12-16 10:44:18-312
Success : CREATE_FILE : test2\a94a8fe5ccb19ba6\3ECFCD925E5E2BCC,0:758925,2016-12-16 10:44:20-480,2016-12-16 10:44:20-664
Success : LS : test2\a94a8fe5ccb19ba6\,0:-1,2016-12-16 10:44:20-664,2016-12-16 10:44:20-664
Success : CREATE_FILE : test2\a94a8fe5ccb19ba6\23A14F1909D6B561,0:3198060,2016-12-16 10:44:21-154,2016-12-16 10:44:21-693
Success : LS : test2\a94a8fe5ccb19ba6\,0:-1,2016-12-16 10:44:21-694,2016-12-16 10:44:21-694
Success : RANDOM_READ : test1\c5a5e5562b038073\05d1f0ed74e78555,0:28672,2016-12-16 10:44:21-928,2016-12-16 10:44:21-932
Success : SEQ_READ : test1\c5a5e5562b038073\a39ea9c72a98de10\f398de59988a85e5,0:6144,2016-12-16 10:44:23-996,2016-12-16 10:44:23-999
Success : CREATE_FILE : test2\a94a8fe5ccb19ba6\744C2E687237B618,0:887500,2016-12-16 10:44:25-973,2016-12-16 10:44:26-492
Success : LS : test2\a94a8fe5ccb19ba6\,0:-1,2016-12-16 10:44:26-492,2016-12-16 10:44:26-492
Success : RANDOM_READ : test2\6c33a983eec1b409,0:2048,2016-12-16 10:44:26-997,2016-12-16 10:44:26-999
Success : RANDOM_READ : test1\c5a5e5562b038073\68ad3077ff5a452a,0:383,2016-12-16 10:44:27-497,2016-12-16 10:44:27-498
Success : CREATE_FILE : test2\a94a8fe5ccb19ba6\2a5bd02710e975a7\7338CC8273207E75,0:1414657,2016-12-16 10:44:28-444,2016-12-16 10:44:28-665
Success : LS : test2\a94a8fe5ccb19ba6\2a5bd02710e975a7\,0:-1,2016-12-16 10:44:28-665,2016-12-16 10:44:28-665
Success : CREATE_FILE : test2\a94a8fe5ccb19ba6\40FC53F83470216E,0:1229921,2016-12-16 10:44:28-665,2016-12-16 10:44:28-881
Success : LS : test2\a94a8fe5ccb19ba6\,0:-1,2016-12-16 10:44:28-881,2016-12-16 10:44:28-881
Success : CREATE_FILE : test2\a94a8fe5ccb19ba6\5C7DE4E93DDDF53C,0:3408834,2016-12-16 10:44:28-881,2016-12-16 10:44:29-331
Success : LS : test2\a94a8fe5ccb19ba6\,0:-1,2016-12-16 10:44:29-331,2016-12-16 10:44:29-331
Success : CREATE_FILE : test2\a94a8fe5ccb19ba6\5209295C7F055AE4,0:671870,2016-12-16 10:44:32-768,2016-12-16 10:44:32-937
Success : LS : test2\a94a8fe5ccb19ba6\,0:-1,2016-12-16 10:44:32-937,2016-12-16 10:44:32-937
Success : CREATE_FILE : test2\a94a8fe5ccb19ba6\2a5bd02710e975a7\63F12DD410D269D7,0:3004802,2016-12-16 10:44:32-938,2016-12-16 10:44:33-353
Success : LS : test2\a94a8fe5ccb19ba6\2a5bd02710e975a7\,0:-1,2016-12-16 10:44:33-353,2016-12-16 10:44:33-353
Success : CREATE_FILE : test2\a94a8fe5ccb19ba6\2a5bd02710e975a7\5F45244311C628CA,0:1189845,2016-12-16 10:44:34-505,2016-12-16 10:44:34-694
Success : LS : test2\a94a8fe5ccb19ba6\2a5bd02710e975a7\,0:-1,2016-12-16 10:44:34-694,2016-12-16 10:44:34-694
Success : CREATE_FILE : test2\a94a8fe5ccb19ba6\4D2F8A361B6CCF67,0:3854812,2016-12-16 10:44:39-159,2016-12-16 10:44:39-729
Success : LS : test2\a94a8fe5ccb19ba6\,0:-1,2016-12-16 10:44:39-729,2016-12-16 10:44:39-729
Success : CREATE_FILE : test2\a94a8fe5ccb19ba6\2a5bd02710e975a7\144665A6291C9171,0:88552,2016-12-16 10:44:42-821,2016-12-16 10:44:42-882
Success : LS : test2\a94a8fe5ccb19ba6\2a5bd02710e975a7\,0:-1,2016-12-16 10:44:42-882,2016-12-16 10:44:42-882
Success : CREATE_FILE : test2\a94a8fe5ccb19ba6\5C38762010485BF7,0:3940754,2016-12-16 10:44:44-532,2016-12-16 10:44:45-163
Success : LS : test2\a94a8fe5ccb19ba6\,0:-1,2016-12-16 10:44:45-163,2016-12-16 10:44:45-163
Success : CREATE_FILE : test2\a94a8fe5ccb19ba6\3E51B1B126FF380C,0:2269555,2016-12-16 10:44:45-282,2016-12-16 10:44:45-618
Success : LS : test2\a94a8fe5ccb19ba6\,0:-1,2016-12-16 10:44:45-618,2016-12-16 10:44:45-619
Success : CREATE_FILE : test2\a94a8fe5ccb19ba6\500DBBE8355B3DB1,0:3297254,2016-12-16 10:44:46-826,2016-12-16 10:44:47-415
Success : LS : test2\a94a8fe5ccb19ba6\,0:-1,2016-12-16 10:44:47-415,2016-12-16 10:44:47-415
Success : CREATE_FILE : test2\a94a8fe5ccb19ba6\554842E0578274F0,0:711070,2016-12-16 10:44:47-471,2016-12-16 10:44:47-611
Success : LS : test2\a94a8fe5ccb19ba6\,0:-1,2016-12-16 10:44:47-611,2016-12-16 10:44:47-611
Success : CREATE_FILE : test2\a94a8fe5ccb19ba6\2a5bd02710e975a7\126919E81882BD70,0:4072587,2016-12-16 10:44:48-186,2016-12-16 10:44:48-893
Success : SEQ_READ : test1\c5a5e5562b038073\767c14c8beb1e835,0:1860608,2016-12-16 10:44:48-893,2016-12-16 10:44:49-055
Success : LS : test2\a94a8fe5ccb19ba6\2a5bd02710e975a7\,0:-1,2016-12-16 10:44:49-055,2016-12-16 10:44:49-055
Success : CREATE_FILE : test2\a94a8fe5ccb19ba6\4CFEDBAE27EC36C0,0:2675409,2016-12-16 10:44:49-056,2016-12-16 10:44:49-416
Success : LS : test2\a94a8fe5ccb19ba6\,0:-1,2016-12-16 10:44:49-416,2016-12-16 10:44:49-416
Success : CREATE_FILE : test2\a94a8fe5ccb19ba6\7A0A369A2A0AECAA,0:1091394,2016-12-16 10:44:50-023,2016-12-16 10:44:50-193
Success : LS : test2\a94a8fe5ccb19ba6\,0:-1,2016-12-16 10:44:50-194,2016-12-16 10:44:50-194
Success : CREATE_FILE : test2\a94a8fe5ccb19ba6\2a5bd02710e975a7\417CBD2E09254E26,0:801077,2016-12-16 10:44:52-817,2016-12-16 10:44:53-027
Success : LS : test2\a94a8fe5ccb19ba6\2a5bd02710e975a7\,0:-1,2016-12-16 10:44:53-027,2016-12-16 10:44:53-027
Success : CREATE_FILE : test2\a94a8fe5ccb19ba6\2a5bd02710e975a7\7E9189283A721584,0:1509789,2016-12-16 10:44:57-339,2016-12-16 10:44:57-585
Success : SEQ_READ : test1\c5a5e5562b038073\2d77b1044a6c5c82,0:5120,2016-12-16 10:44:57-585,2016-12-16 10:44:57-587
Success : LS : test2\a94a8fe5ccb19ba6\2a5bd02710e975a7\,0:-1,2016-12-16 10:44:57-587,2016-12-16 10:44:57-587
Success : RANDOM_READ : test2\6c33a983eec1b409,0:1,2016-12-16 10:44:58-466,2016-12-16 10:44:58-468
Success : CREATE_FILE : test2\a94a8fe5ccb19ba6\5CA74427608EC712,0:821003,2016-12-16 10:44:59-305,2016-12-16 10:44:59-460
Success : LS : test2\a94a8fe5ccb19ba6\,0:-1,2016-12-16 10:44:59-460,2016-12-16 10:44:59-460
Success : SEQ_READ : test2\a94a8fe5ccb19ba6\2a5bd02710e975a7\254d76d2609fec03,0:2048,2016-12-16 10:45:01-275,2016-12-16 10:45:01-277
Success : CREATE_FILE : test2\a94a8fe5ccb19ba6\314B7BA011DAC4C5,0:183718,2016-12-16 10:45:01-305,2016-12-16 10:45:01-512
Success : LS : test2\a94a8fe5ccb19ba6\,0:-1,2016-12-16 10:45:01-512,2016-12-16 10:45:01-512
Success : RANDOM_READ : test1\c5a5e5562b038073\05d1f0ed74e78555,0:34816,2016-12-16 10:45:03-415,2016-12-16 10:45:03-420
Success : CREATE_FILE : test2\a94a8fe5ccb19ba6\2a5bd02710e975a7\6BA2AC72067B1F6E,0:2335394,2016-12-16 10:45:04-015,2016-12-16 10:45:04-368
Success : LS : test2\a94a8fe5ccb19ba6\2a5bd02710e975a7\,0:-1,2016-12-16 10:45:04-368,2016-12-16 10:45:04-368
Success : CREATE_FILE : test2\a94a8fe5ccb19ba6\3CBA2BC360A75DD3,0:3453467,2016-12-16 10:45:04-368,2016-12-16 10:45:04-860
Success : LS : test2\a94a8fe5ccb19ba6\,0:-1,2016-12-16 10:45:04-860,2016-12-16 10:45:04-860
Success : CREATE_FILE : test2\a94a8fe5ccb19ba6\7920C240428D16F4,0:2098322,2016-12-16 10:45:04-861,2016-12-16 10:45:05-171
Success : LS : test2\a94a8fe5ccb19ba6\,0:-1,2016-12-16 10:45:05-171,2016-12-16 10:45:05-171
Success : CREATE_FILE : test2\a94a8fe5ccb19ba6\653F12F263DC9AB2,0:2558159,2016-12-16 10:45:05-555,2016-12-16 10:45:05-976
Success : LS : test2\a94a8fe5ccb19ba6\,0:-1,2016-12-16 10:45:05-976,2016-12-16 10:45:05-976
Success : CREATE_FILE : test2\a94a8fe5ccb19ba6\5A7C7D556A6FD7E6,0:1861073,2016-12-16 10:45:06-359,2016-12-16 10:45:06-716
Success : LS : test2\a94a8fe5ccb19ba6\,0:-1,2016-12-16 10:45:06-716,2016-12-16 10:45:06-716
Success : CREATE_FILE : test2\a94a8fe5ccb19ba6\7DC0A86C626F84A6,0:569275,2016-12-16 10:45:08-551,2016-12-16 10:45:08-690
Success : LS : test2\a94a8fe5ccb19ba6\,0:-1,2016-12-16 10:45:08-691,2016-12-16 10:45:08-691
Success : CREATE_FILE : test2\a94a8fe5ccb19ba6\3EB7F6A5635E21D9,0:2109179,2016-12-16 10:45:10-479,2016-12-16 10:45:10-777
Success : LS : test2\a94a8fe5ccb19ba6\,0:-1,2016-12-16 10:45:10-777,2016-12-16 10:45:10-777
Success : CREATE_FILE : test2\a94a8fe5ccb19ba6\2a5bd02710e975a7\20C9B6D12EC60FD8,0:1095083,2016-12-16 10:45:11-264,2016-12-16 10:45:11-618
Success : SEQ_READ : test2\1a7683b6645f9b6a,0:1024,2016-12-16 10:45:11-618,2016-12-16 10:45:11-619
Success : LS : test2\a94a8fe5ccb19ba6\2a5bd02710e975a7\,0:-1,2016-12-16 10:45:11-619,2016-12-16 10:45:11-619
Success : CREATE_FILE : test2\a94a8fe5ccb19ba6\701557236BDC512E,0:825364,2016-12-16 10:45:11-691,2016-12-16 10:45:11-835
Success : LS : test2\a94a8fe5ccb19ba6\,0:-1,2016-12-16 10:45:11-835,2016-12-16 10:45:11-835
Success : RANDOM_READ : test1\c5a5e5562b038073\2d77b1044a6c5c82,0:39936,2016-12-16 10:45:12-481,2016-12-16 10:45:12-485
Success : CREATE_FILE : test2\a94a8fe5ccb19ba6\2FA49FF9055A55C4,0:703170,2016-12-16 10:45:13-192,2016-12-16 10:45:13-394
Success : LS : test2\a94a8fe5ccb19ba6\,0:-1,2016-12-16 10:45:13-394,2016-12-16 10:45:13-394
Success : SEQ_READ : test1\c5a5e5562b038073\a39ea9c72a98de10\41288c58009f7f6a,0:477,2016-12-16 10:45:13-939,2016-12-16 10:45:13-940
Success : CREATE_FILE : test2\a94a8fe5ccb19ba6\1416193F7C3FC8AA,0:1730508,2016-12-16 10:45:14-862,2016-12-16 10:45:15-163
Success : LS : test2\a94a8fe5ccb19ba6\,0:-1,2016-12-16 10:45:15-163,2016-12-16 10:45:15-163
Success : CREATE_FILE : test2\a94a8fe5ccb19ba6\7A4235A973C6BC50,0:372463,2016-12-16 10:45:15-163,2016-12-16 10:45:15-324
Success : LS : test2\a94a8fe5ccb19ba6\,0:-1,2016-12-16 10:45:15-324,2016-12-16 10:45:15-324
Success : CREATE_FILE : test2\a94a8fe5ccb19ba6\63F007C7201416E7,0:1131340,2016-12-16 10:45:15-471,2016-12-16 10:45:15-655
Success : LS : test2\a94a8fe5ccb19ba6\,0:-1,2016-12-16 10:45:15-655,2016-12-16 10:45:15-655
Success : CREATE_FILE : test2\a94a8fe5ccb19ba6\2a5bd02710e975a7\546039010E652846,0:3871175,2016-12-16 10:45:15-655,2016-12-16 10:45:16-191
Success : RANDOM_READ : test1\c5a5e5562b038073\c7734a16bf12bb03,0:44032,2016-12-16 10:45:16-191,2016-12-16 10:45:16-197
Success : LS : test2\a94a8fe5ccb19ba6\2a5bd02710e975a7\,0:-1,2016-12-16 10:45:16-197,2016-12-16 10:45:16-197
Success : SEQ_READ : test1\c5a5e5562b038073\0189424a5a60fed3\feb6a1968982109d,0:9979904,2016-12-16 10:45:17-171,2016-12-16 10:45:18-034
Success : CREATE_FILE : test2\a94a8fe5ccb19ba6\34A0A6AC1F86A567,0:1473548,2016-12-16 10:45:18-035,2016-12-16 10:45:18-323
Success : LS : test2\a94a8fe5ccb19ba6\,0:-1,2016-12-16 10:45:18-323,2016-12-16 10:45:18-323
Success : CREATE_FILE : test2\a94a8fe5ccb19ba6\5FD2F2BB707C86D4,0:2760988,2016-12-16 10:45:18-651,2016-12-16 10:45:19-085
Success : LS : test2\a94a8fe5ccb19ba6\,0:-1,2016-12-16 10:45:19-085,2016-12-16 10:45:19-085
Success : CREATE_FILE : test2\a94a8fe5ccb19ba6\0D163116285F0F3F,0:3501417,2016-12-16 10:45:20-902,2016-12-16 10:45:21-381
Success : LS : test2\a94a8fe5ccb19ba6\,0:-1,2016-12-16 10:45:21-381,2016-12-16 10:45:21-381
Success : CREATE_FILE : test2\a94a8fe5ccb19ba6\2a5bd02710e975a7\5FBB67AB1645AC6B,0:3357441,2016-12-16 10:45:21-381,2016-12-16 10:45:21-903
Success : LS : test2\a94a8fe5ccb19ba6\2a5bd02710e975a7\,0:-1,2016-12-16 10:45:21-903,2016-12-16 10:45:21-903
Success : CREATE_FILE : test2\a94a8fe5ccb19ba6\3789AE0C4D4035DC,0:3196379,2016-12-16 10:45:29-635,2016-12-16 10:45:30-289
Success : LS : test2\a94a8fe5ccb19ba6\,0:-1,2016-12-16 10:45:30-289,2016-12-16 10:45:30-290
Success : CREATE_FILE : test2\a94a8fe5ccb19ba6\6429E3D8300A035F,0:2656524,2016-12-16 10:45:31-093,2016-12-16 10:45:31-465
Success : LS : test2\a94a8fe5ccb19ba6\,0:-1,2016-12-16 10:45:31-465,2016-12-16 10:45:31-465
Success : CREATE_FILE : test2\a94a8fe5ccb19ba6\3DADD2B320F8626C,0:381553,2016-12-16 10:45:31-465,2016-12-16 10:45:31-573
Success : LS : test2\a94a8fe5ccb19ba6\,0:-1,2016-12-16 10:45:31-574,2016-12-16 10:45:31-574
Success : CREATE_FILE : test2\a94a8fe5ccb19ba6\554818F636274EA8,0:2767828,2016-12-16 10:45:32-294,2016-12-16 10:45:32-719
Success : LS : test2\a94a8fe5ccb19ba6\,0:-1,2016-12-16 10:45:32-719,2016-12-16 10:45:32-719
Success : SEQ_READ : test1\c5a5e5562b038073\2d77b1044a6c5c82,0:156672,2016-12-16 10:45:35-262,2016-12-16 10:45:35-277
Success : CREATE_FILE : test2\a94a8fe5ccb19ba6\2E170D9D346DDE66,0:2745989,2016-12-16 10:45:35-581,2016-12-16 10:45:36-068
Success : LS : test2\a94a8fe5ccb19ba6\,0:-1,2016-12-16 10:45:36-068,2016-12-16 10:45:36-068
Success : CREATE_FILE : test2\a94a8fe5ccb19ba6\2a5bd02710e975a7\731121A319D3E8FF,0:2872143,2016-12-16 10:45:36-068,2016-12-16 10:45:36-491
Success : LS : test2\a94a8fe5ccb19ba6\2a5bd02710e975a7\,0:-1,2016-12-16 10:45:36-492,2016-12-16 10:45:36-492
Success : CREATE_FILE : test2\a94a8fe5ccb19ba6\2a5bd02710e975a7\0B184D2E25156DA6,0:1181196,2016-12-16 10:45:37-036,2016-12-16 10:45:37-539
Success : LS : test2\a94a8fe5ccb19ba6\2a5bd02710e975a7\,0:-1,2016-12-16 10:45:37-539,2016-12-16 10:45:37-539
Success : CREATE_FILE : test2\a94a8fe5ccb19ba6\2E222A534D4C7E10,0:1928912,2016-12-16 10:45:37-949,2016-12-16 10:45:38-226
Success : LS : test2\a94a8fe5ccb19ba6\,0:-1,2016-12-16 10:45:38-226,2016-12-16 10:45:38-226
Success : CREATE_FILE : test2\a94a8fe5ccb19ba6\521A5B385B48CCCD,0:902245,2016-12-16 10:45:38-226,2016-12-16 10:45:38-397
Success : LS : test2\a94a8fe5ccb19ba6\,0:-1,2016-12-16 10:45:38-397,2016-12-16 10:45:38-397
Success : SEQ_READ : test2\acde102dac5bbe15,0:2048,2016-12-16 10:45:43-430,2016-12-16 10:45:43-432
Success : CREATE_FILE : test2\a94a8fe5ccb19ba6\22DC98A70D1C895B,0:3642264,2016-12-16 10:45:44-579,2016-12-16 10:45:45-154
Success : LS : test2\a94a8fe5ccb19ba6\,0:-1,2016-12-16 10:45:45-155,2016-12-16 10:45:45-155
Success : CREATE_FILE : test2\a94a8fe5ccb19ba6\47F4055574B7B4AB,0:1041847,2016-12-16 10:45:45-891,2016-12-16 10:45:46-102
Success : LS : test2\a94a8fe5ccb19ba6\,0:-1,2016-12-16 10:45:46-102,2016-12-16 10:45:46-102
Success : CREATE_FILE : test2\a94a8fe5ccb19ba6\2a5bd02710e975a7\5C8EE1961211D3B7,0:3180849,2016-12-16 10:45:46-956,2016-12-16 10:45:47-420
Success : LS : test2\a94a8fe5ccb19ba6\2a5bd02710e975a7\,0:-1,2016-12-16 10:45:47-420,2016-12-16 10:45:47-420
Success : CREATE_FILE : test2\a94a8fe5ccb19ba6\0FCD37D830FB1BA8,0:2394166,2016-12-16 10:45:48-167,2016-12-16 10:45:48-524
Success : LS : test2\a94a8fe5ccb19ba6\,0:-1,2016-12-16 10:45:48-524,2016-12-16 10:45:48-524
Success : CREATE_FILE : test2\a94a8fe5ccb19ba6\7CEDA6D9643D114D,0:3425666,2016-12-16 10:45:49-182,2016-12-16 10:45:49-648
Success : LS : test2\a94a8fe5ccb19ba6\,0:-1,2016-12-16 10:45:49-648,2016-12-16 10:45:49-648
Success : CREATE_FILE : test2\a94a8fe5ccb19ba6\2a5bd02710e975a7\3CE75F8B3308DD6B,0:4024817,2016-12-16 10:45:52-497,2016-12-16 10:45:53-140
Success : LS : test2\a94a8fe5ccb19ba6\2a5bd02710e975a7\,0:-1,2016-12-16 10:45:53-140,2016-12-16 10:45:53-140
Success : CREATE_FILE : test2\a94a8fe5ccb19ba6\3CDC363D6875B8BF,0:2621261,2016-12-16 10:45:53-364,2016-12-16 10:45:53-741
Success : LS : test2\a94a8fe5ccb19ba6\,0:-1,2016-12-16 10:45:53-741,2016-12-16 10:45:53-741
Success : CREATE_FILE : test2\a94a8fe5ccb19ba6\5BC3F76468E474DC,0:4032434,2016-12-16 10:45:57-579,2016-12-16 10:45:58-356
Success : LS : test2\a94a8fe5ccb19ba6\,0:-1,2016-12-16 10:45:58-356,2016-12-16 10:45:58-356
Success : CREATE_FILE : test2\a94a8fe5ccb19ba6\3B86DC4A7978B2D2,0:3270684,2016-12-16 10:45:58-357,2016-12-16 10:45:58-825
Success : LS : test2\a94a8fe5ccb19ba6\,0:-1,2016-12-16 10:45:58-825,2016-12-16 10:45:58-825
Success : CREATE_FILE : test2\a94a8fe5ccb19ba6\2CA436E86CA198E4,0:3240415,2016-12-16 10:45:59-011,2016-12-16 10:45:59-685
Success : LS : test2\a94a8fe5ccb19ba6\,0:-1,2016-12-16 10:45:59-685,2016-12-16 10:45:59-685
Success : CREATE_FILE : test2\a94a8fe5ccb19ba6\1B9C31914143793F,0:1739654,2016-12-16 10:46:03-840,2016-12-16 10:46:04-119
Success : LS : test2\a94a8fe5ccb19ba6\,0:-1,2016-12-16 10:46:04-119,2016-12-16 10:46:04-119
Success : CREATE_FILE : test2\a94a8fe5ccb19ba6\2a5bd02710e975a7\1F644B7F7F3A4C96,0:1894671,2016-12-16 10:46:04-195,2016-12-16 10:46:04-468
Success : LS : test2\a94a8fe5ccb19ba6\2a5bd02710e975a7\,0:-1,2016-12-16 10:46:04-468,2016-12-16 10:46:04-468
Success : CREATE_FILE : test2\a94a8fe5ccb19ba6\2a5bd02710e975a7\7A10DA2D0FEA42F1,0:2015746,2016-12-16 10:46:08-803,2016-12-16 10:46:09-122
Success : LS : test2\a94a8fe5ccb19ba6\2a5bd02710e975a7\,0:-1,2016-12-16 10:46:09-122,2016-12-16 10:46:09-122
Success : CREATE_FILE : test2\a94a8fe5ccb19ba6\4F179D912FB293DF,0:352385,2016-12-16 10:46:09-123,2016-12-16 10:46:09-231
Success : LS : test2\a94a8fe5ccb19ba6\,0:-1,2016-12-16 10:46:09-231,2016-12-16 10:46:09-231
Success : CREATE_FILE : test2\a94a8fe5ccb19ba6\1906E55D63DD05E8,0:2696400,2016-12-16 10:46:13-995,2016-12-16 10:46:14-456
Success : LS : test2\a94a8fe5ccb19ba6\,0:-1,2016-12-16 10:46:14-456,2016-12-16 10:46:14-456
Success : CREATE_FILE : test2\a94a8fe5ccb19ba6\2a5bd02710e975a7\0FF3F29D02E7171D,0:1368929,2016-12-16 10:46:15-255,2016-12-16 10:46:15-513
Success : LS : test2\a94a8fe5ccb19ba6\2a5bd02710e975a7\,0:-1,2016-12-16 10:46:15-513,2016-12-16 10:46:15-513
Success : CREATE_FILE : test2\a94a8fe5ccb19ba6\2a5bd02710e975a7\558E21F62399DB5F,0:1542812,2016-12-16 10:46:16-436,2016-12-16 10:46:16-793
Success : LS : test2\a94a8fe5ccb19ba6\2a5bd02710e975a7\,0:-1,2016-12-16 10:46:16-793,2016-12-16 10:46:16-793
Success : SEQ_READ : test2\8da7cc13802eefe0,0:1470464,2016-12-16 10:46:19-594,2016-12-16 10:46:19-732
Success : SEQ_READ : test2\8da7cc13802eefe0,0:11447296,2016-12-16 10:46:19-732,2016-12-16 10:46:20-736
Success : CREATE_FILE : test2\a94a8fe5ccb19ba6\385AC7AD03DC22ED,0:4025635,2016-12-16 10:46:22-330,2016-12-16 10:46:22-943
Success : LS : test2\a94a8fe5ccb19ba6\,0:-1,2016-12-16 10:46:22-943,2016-12-16 10:46:22-943
Success : SEQ_READ : test1\c5a5e5562b038073\a39ea9c72a98de10\4a90c52e52d54ede,0:1024,2016-12-16 10:46:23-438,2016-12-16 10:46:23-440
Success : CREATE_FILE : test2\a94a8fe5ccb19ba6\1FCD3F491B545F88,0:400528,2016-12-16 10:46:23-877,2016-12-16 10:46:24-010
Success : LS : test2\a94a8fe5ccb19ba6\,0:-1,2016-12-16 10:46:24-010,2016-12-16 10:46:24-010
Success : CREATE_FILE : test2\a94a8fe5ccb19ba6\12F8EB8F090C1C88,0:2510595,2016-12-16 10:46:24-010,2016-12-16 10:46:24-379
Success : LS : test2\a94a8fe5ccb19ba6\,0:-1,2016-12-16 10:46:24-379,2016-12-16 10:46:24-379
Success : CREATE_FILE : test2\a94a8fe5ccb19ba6\2a5bd02710e975a7\5E140BBC76594A9C,0:1378866,2016-12-16 10:46:24-380,2016-12-16 10:46:24-652
Success : LS : test2\a94a8fe5ccb19ba6\2a5bd02710e975a7\,0:-1,2016-12-16 10:46:24-652,2016-12-16 10:46:24-652
Success : CREATE_FILE : test2\a94a8fe5ccb19ba6\64D44FD137E0AE3C,0:1187437,2016-12-16 10:46:29-256,2016-12-16 10:46:29-538
Success : LS : test2\a94a8fe5ccb19ba6\,0:-1,2016-12-16 10:46:29-539,2016-12-16 10:46:29-539
Success : CREATE_FILE : test2\a94a8fe5ccb19ba6\2a5bd02710e975a7\193742CE2C16F961,0:2233853,2016-12-16 10:46:29-641,2016-12-16 10:46:30-023
Success : LS : test2\a94a8fe5ccb19ba6\2a5bd02710e975a7\,0:-1,2016-12-16 10:46:30-023,2016-12-16 10:46:30-023
Success : CREATE_FILE : test2\a94a8fe5ccb19ba6\30684ECC57B497ED,0:1227839,2016-12-16 10:46:30-023,2016-12-16 10:46:30-233
Success : LS : test2\a94a8fe5ccb19ba6\,0:-1,2016-12-16 10:46:30-233,2016-12-16 10:46:30-233
Success : CREATE_FILE : test2\a94a8fe5ccb19ba6\0B2707C61ECED8E8,0:1519504,2016-12-16 10:46:30-253,2016-12-16 10:46:30-515
Success : LS : test2\a94a8fe5ccb19ba6\,0:-1,2016-12-16 10:46:30-515,2016-12-16 10:46:30-515
Success : CREATE_FILE : test2\a94a8fe5ccb19ba6\1033F96E74995807,0:970183,2016-12-16 10:46:30-750,2016-12-16 10:46:30-919
Success : LS : test2\a94a8fe5ccb19ba6\,0:-1,2016-12-16 10:46:30-920,2016-12-16 10:46:30-920
Success : RANDOM_READ : test1\c5a5e5562b038073\a39ea9c72a98de10\f398de59988a85e5,0:2048,2016-12-16 10:46:32-481,2016-12-16 10:46:32-483
Success : CREATE_FILE : test2\a94a8fe5ccb19ba6\45D57E0E5522736E,0:1298710,2016-12-16 10:46:35-414,2016-12-16 10:46:35-699
Success : LS : test2\a94a8fe5ccb19ba6\,0:-1,2016-12-16 10:46:35-699,2016-12-16 10:46:35-699
Success : CREATE_FILE : test2\a94a8fe5ccb19ba6\549B6EAF7935F246,0:845793,2016-12-16 10:46:35-700,2016-12-16 10:46:35-860
Success : LS : test2\a94a8fe5ccb19ba6\,0:-1,2016-12-16 10:46:35-860,2016-12-16 10:46:35-860
Success : CREATE_FILE : test2\a94a8fe5ccb19ba6\2a5bd02710e975a7\6793E18237092F4F,0:2421920,2016-12-16 10:46:35-901,2016-12-16 10:46:36-261
Success : LS : test2\a94a8fe5ccb19ba6\2a5bd02710e975a7\,0:-1,2016-12-16 10:46:36-261,2016-12-16 10:46:36-261
Success : CREATE_FILE : test2\a94a8fe5ccb19ba6\0236C09B53E04A18,0:622380,2016-12-16 10:46:36-261,2016-12-16 10:46:36-370
Success : LS : test2\a94a8fe5ccb19ba6\,0:-1,2016-12-16 10:46:36-370,2016-12-16 10:46:36-370
Success : CREATE_FILE : test2\a94a8fe5ccb19ba6\6F0079D80195D8AA,0:2660048,2016-12-16 10:46:37-664,2016-12-16 10:46:38-069
Success : LS : test2\a94a8fe5ccb19ba6\,0:-1,2016-12-16 10:46:38-069,2016-12-16 10:46:38-069
Success : CREATE_FILE : test2\a94a8fe5ccb19ba6\2a5bd02710e975a7\649D94CD092091EF,0:3610357,2016-12-16 10:46:38-679,2016-12-16 10:46:39-158
Success : LS : test2\a94a8fe5ccb19ba6\2a5bd02710e975a7\,0:-1,2016-12-16 10:46:39-158,2016-12-16 10:46:39-158
Success : CREATE_FILE : test2\a94a8fe5ccb19ba6\2a5bd02710e975a7\70A3FFE264ADB26A,0:2698681,2016-12-16 10:46:42-014,2016-12-16 10:46:42-520
Success : LS : test2\a94a8fe5ccb19ba6\2a5bd02710e975a7\,0:-1,2016-12-16 10:46:42-520,2016-12-16 10:46:42-520
Success : CREATE_FILE : test2\a94a8fe5ccb19ba6\2a5bd02710e975a7\4C47CCED181DBC58,0:1865273,2016-12-16 10:46:42-520,2016-12-16 10:46:42-816
Success : LS : test2\a94a8fe5ccb19ba6\2a5bd02710e975a7\,0:-1,2016-12-16 10:46:42-816,2016-12-16 10:46:42-816
Success : CREATE_FILE : test2\a94a8fe5ccb19ba6\4848741567CCE7D1,0:4002270,2016-12-16 10:46:47-318,2016-12-16 10:46:47-969
Success : LS : test2\a94a8fe5ccb19ba6\,0:-1,2016-12-16 10:46:47-969,2016-12-16 10:46:47-969
Success : CREATE_FILE : test2\a94a8fe5ccb19ba6\4D3C8E443CF386BB,0:4036200,2016-12-16 10:46:47-969,2016-12-16 10:46:48-539
Success : LS : test2\a94a8fe5ccb19ba6\,0:-1,2016-12-16 10:46:48-539,2016-12-16 10:46:48-539
Success : CREATE_FILE : test2\a94a8fe5ccb19ba6\2a5bd02710e975a7\7C4971413E40D5BE,0:2457556,2016-12-16 10:46:48-539,2016-12-16 10:46:48-886
Success : LS : test2\a94a8fe5ccb19ba6\2a5bd02710e975a7\,0:-1,2016-12-16 10:46:48-886,2016-12-16 10:46:48-886
Success : CREATE_FILE : test2\a94a8fe5ccb19ba6\139A4CB43F93EA48,0:3549038,2016-12-16 10:46:49-571,2016-12-16 10:46:50-059
Success : LS : test2\a94a8fe5ccb19ba6\,0:-1,2016-12-16 10:46:50-059,2016-12-16 10:46:50-059
Success : CREATE_FILE : test2\a94a8fe5ccb19ba6\28F7AB2441A5DEDE,0:3358634,2016-12-16 10:46:50-182,2016-12-16 10:46:50-699
Success : LS : test2\a94a8fe5ccb19ba6\,0:-1,2016-12-16 10:46:50-699,2016-12-16 10:46:50-699
Success : CREATE_FILE : test2\a94a8fe5ccb19ba6\2a5bd02710e975a7\0E4275F244FAD3B0,0:286694,2016-12-16 10:46:50-999,2016-12-16 10:46:51-095
Success : LS : test2\a94a8fe5ccb19ba6\2a5bd02710e975a7\,0:-1,2016-12-16 10:46:51-095,2016-12-16 10:46:51-095
Success : CREATE_FILE : test2\a94a8fe5ccb19ba6\5CAC6E617326321D,0:2975524,2016-12-16 10:46:52-205,2016-12-16 10:46:52-812
Success : LS : test2\a94a8fe5ccb19ba6\,0:-1,2016-12-16 10:46:52-812,2016-12-16 10:46:52-812
Success : CREATE_FILE : test2\a94a8fe5ccb19ba6\2a5bd02710e975a7\70BCA05C3AF87BCD,0:1978549,2016-12-16 10:46:53-646,2016-12-16 10:46:54-073
Success : LS : test2\a94a8fe5ccb19ba6\2a5bd02710e975a7\,0:-1,2016-12-16 10:46:54-073,2016-12-16 10:46:54-073
Success : CREATE_FILE : test2\a94a8fe5ccb19ba6\2F963BE923BD35F6,0:2341128,2016-12-16 10:46:56-852,2016-12-16 10:46:57-298
Success : SEQ_READ : test1\c5a5e5562b038073\a39ea9c72a98de10\aa61f113a9b13deb,0:438,2016-12-16 10:46:57-298,2016-12-16 10:46:57-300
Success : LS : test2\a94a8fe5ccb19ba6\,0:-1,2016-12-16 10:46:57-300,2016-12-16 10:46:57-300
Success : RANDOM_READ : test1\c5a5e5562b038073\0189424a5a60fed3\46a8219c2ae6c782,0:23552,2016-12-16 10:46:57-913,2016-12-16 10:46:57-917
Success : CREATE_FILE : test2\a94a8fe5ccb19ba6\255BD447278BD17F,0:2417698,2016-12-16 10:46:57-922,2016-12-16 10:46:58-291
Success : LS : test2\a94a8fe5ccb19ba6\,0:-1,2016-12-16 10:46:58-291,2016-12-16 10:46:58-291
Success : CREATE_FILE : test2\a94a8fe5ccb19ba6\6063CDD45D0DD57F,0:1490388,2016-12-16 10:47:00-462,2016-12-16 10:47:00-887
Success : LS : test2\a94a8fe5ccb19ba6\,0:-1,2016-12-16 10:47:00-887,2016-12-16 10:47:00-887
Success : CREATE_FILE : test2\a94a8fe5ccb19ba6\33497A294B96BC44,0:109473,2016-12-16 10:47:01-008,2016-12-16 10:47:01-148
Success : LS : test2\a94a8fe5ccb19ba6\,0:-1,2016-12-16 10:47:01-148,2016-12-16 10:47:01-148
Success : CREATE_FILE : test2\a94a8fe5ccb19ba6\2a5bd02710e975a7\1CADE6CE12F7DB99,0:1209386,2016-12-16 10:47:03-037,2016-12-16 10:47:03-262
Success : LS : test2\a94a8fe5ccb19ba6\2a5bd02710e975a7\,0:-1,2016-12-16 10:47:03-262,2016-12-16 10:47:03-262
Success : CREATE_FILE : test2\a94a8fe5ccb19ba6\7F2F36416295F5AA,0:3061202,2016-12-16 10:47:03-897,2016-12-16 10:47:04-425
Success : LS : test2\a94a8fe5ccb19ba6\,0:-1,2016-12-16 10:47:04-426,2016-12-16 10:47:04-426
Success : CREATE_FILE : test2\a94a8fe5ccb19ba6\2a5bd02710e975a7\46F2320652D7E3A8,0:3415253,2016-12-16 10:47:04-575,2016-12-16 10:47:05-072
Success : SEQ_READ : test1\f71b43c3136efa4f\52481749c0cdecd6\6670af231c096f09,0:129,2016-12-16 10:47:05-072,2016-12-16 10:47:05-073
Success : LS : test2\a94a8fe5ccb19ba6\2a5bd02710e975a7\,0:-1,2016-12-16 10:47:05-074,2016-12-16 10:47:05-074
Success : CREATE_FILE : test2\a94a8fe5ccb19ba6\5D3630DA061AD106,0:592031,2016-12-16 10:47:05-343,2016-12-16 10:47:05-457
Success : LS : test2\a94a8fe5ccb19ba6\,0:-1,2016-12-16 10:47:05-458,2016-12-16 10:47:05-458
Success : CREATE_FILE : test2\a94a8fe5ccb19ba6\5B0884950E075938,0:249687,2016-12-16 10:47:05-899,2016-12-16 10:47:05-971
Success : LS : test2\a94a8fe5ccb19ba6\,0:-1,2016-12-16 10:47:05-971,2016-12-16 10:47:05-971
Success : CREATE_FILE : test2\a94a8fe5ccb19ba6\2a5bd02710e975a7\0D958E8F39676B7D,0:1255715,2016-12-16 10:47:09-491,2016-12-16 10:47:09-724
Success : LS : test2\a94a8fe5ccb19ba6\2a5bd02710e975a7\,0:-1,2016-12-16 10:47:09-724,2016-12-16 10:47:09-724
Success : CREATE_FILE : test2\a94a8fe5ccb19ba6\2a5bd02710e975a7\53C377FD4861CF30,0:2684850,2016-12-16 10:47:10-534,2016-12-16 10:47:10-906
Success : LS : test2\a94a8fe5ccb19ba6\2a5bd02710e975a7\,0:-1,2016-12-16 10:47:10-907,2016-12-16 10:47:10-907
Success : CREATE_FILE : test2\a94a8fe5ccb19ba6\00ABE50B4E891F71,0:70552,2016-12-16 10:47:13-900,2016-12-16 10:47:13-932
Success : LS : test2\a94a8fe5ccb19ba6\,0:-1,2016-12-16 10:47:13-932,2016-12-16 10:47:13-932
Success : CREATE_FILE : test2\a94a8fe5ccb19ba6\2280480372568990,0:1894194,2016-12-16 10:47:20-609,2016-12-16 10:47:20-899
Success : LS : test2\a94a8fe5ccb19ba6\,0:-1,2016-12-16 10:47:20-899,2016-12-16 10:47:20-899
Success : CREATE_FILE : test2\a94a8fe5ccb19ba6\2a5bd02710e975a7\20E53B97110D1EB7,0:1072563,2016-12-16 10:47:20-899,2016-12-16 10:47:21-089
Success : LS : test2\a94a8fe5ccb19ba6\2a5bd02710e975a7\,0:-1,2016-12-16 10:47:21-089,2016-12-16 10:47:21-089
Success : CREATE_FILE : test2\a94a8fe5ccb19ba6\2a5bd02710e975a7\35856CEB56147C64,0:710930,2016-12-16 10:47:21-101,2016-12-16 10:47:21-267
Success : LS : test2\a94a8fe5ccb19ba6\2a5bd02710e975a7\,0:-1,2016-12-16 10:47:21-267,2016-12-16 10:47:21-267
Success : CREATE_FILE : test2\a94a8fe5ccb19ba6\0014D5C767609DB2,0:3368592,2016-12-16 10:47:21-808,2016-12-16 10:47:22-283
Success : LS : test2\a94a8fe5ccb19ba6\,0:-1,2016-12-16 10:47:22-283,2016-12-16 10:47:22-283
Success : CREATE_FILE : test2\a94a8fe5ccb19ba6\65FCA04D4EC13CAB,0:874782,2016-12-16 10:47:23-991,2016-12-16 10:47:24-339
Success : SEQ_READ : test1\c5a5e5562b038073\a39ea9c72a98de10\4a90c52e52d54ede,0:1024,2016-12-16 10:47:24-339,2016-12-16 10:47:24-341
Success : LS : test2\a94a8fe5ccb19ba6\,0:-1,2016-12-16 10:47:24-341,2016-12-16 10:47:24-341
Success : CREATE_FILE : test2\a94a8fe5ccb19ba6\6B8CD9595A63001B,0:80073,2016-12-16 10:47:24-342,2016-12-16 10:47:24-397
Success : LS : test2\a94a8fe5ccb19ba6\,0:-1,2016-12-16 10:47:24-398,2016-12-16 10:47:24-398
Success : CREATE_FILE : test2\a94a8fe5ccb19ba6\2a5bd02710e975a7\3EEEDB5670D46FB9,0:3538658,2016-12-16 10:47:27-449,2016-12-16 10:47:28-159
Success : LS : test2\a94a8fe5ccb19ba6\2a5bd02710e975a7\,0:-1,2016-12-16 10:47:28-159,2016-12-16 10:47:28-159
Success : CREATE_FILE : test2\a94a8fe5ccb19ba6\2a5bd02710e975a7\09EE2D0D7A5D2792,0:1317124,2016-12-16 10:47:30-753,2016-12-16 10:47:31-062
Success : SEQ_READ : test1\c5a5e5562b038073\0189424a5a60fed3\feb6a1968982109d,0:10095616,2016-12-16 10:47:31-062,2016-12-16 10:47:31-935
Success : LS : test2\a94a8fe5ccb19ba6\2a5bd02710e975a7\,0:-1,2016-12-16 10:47:31-935,2016-12-16 10:47:31-935
Success : CREATE_FILE : test2\a94a8fe5ccb19ba6\621554253AA7B7CD,0:3312272,2016-12-16 10:47:31-935,2016-12-16 10:47:32-386
Success : LS : test2\a94a8fe5ccb19ba6\,0:-1,2016-12-16 10:47:32-386,2016-12-16 10:47:32-386
Success : CREATE_FILE : test2\a94a8fe5ccb19ba6\2338BDF0380ACE5D,0:1872016,2016-12-16 10:47:32-855,2016-12-16 10:47:33-185
Success : LS : test2\a94a8fe5ccb19ba6\,0:-1,2016-12-16 10:47:33-185,2016-12-16 10:47:33-185
Success : CREATE_FILE : test2\a94a8fe5ccb19ba6\2a5bd02710e975a7\32AED05E6926225D,0:3449538,2016-12-16 10:47:34-747,2016-12-16 10:47:35-222
Success : LS : test2\a94a8fe5ccb19ba6\2a5bd02710e975a7\,0:-1,2016-12-16 10:47:35-222,2016-12-16 10:47:35-222
Success : SEQ_READ : test1\c5a5e5562b038073\a39ea9c72a98de10\f398de59988a85e5,0:6144,2016-12-16 10:47:35-690,2016-12-16 10:47:35-692
Success : CREATE_FILE : test2\a94a8fe5ccb19ba6\2a5bd02710e975a7\090384CC15105527,0:2479886,2016-12-16 10:47:35-847,2016-12-16 10:47:36-225
Success : LS : test2\a94a8fe5ccb19ba6\2a5bd02710e975a7\,0:-1,2016-12-16 10:47:36-225,2016-12-16 10:47:36-225
Success : CREATE_FILE : test2\a94a8fe5ccb19ba6\158B82A91DA81A5F,0:2974302,2016-12-16 10:47:36-511,2016-12-16 10:47:36-923
Success : LS : test2\a94a8fe5ccb19ba6\,0:-1,2016-12-16 10:47:36-923,2016-12-16 10:47:36-923
Success : CREATE_FILE : test2\a94a8fe5ccb19ba6\2a5bd02710e975a7\376EACD34A4B42B5,0:2416775,2016-12-16 10:47:39-357,2016-12-16 10:47:39-703
Success : LS : test2\a94a8fe5ccb19ba6\2a5bd02710e975a7\,0:-1,2016-12-16 10:47:39-703,2016-12-16 10:47:39-703
Success : SEQ_READ : test1\c5a5e5562b038073\88fe52fe40fa2264,0:2048,2016-12-16 10:47:40-776,2016-12-16 10:47:40-778
Success : CREATE_FILE : test2\a94a8fe5ccb19ba6\274DBE0037511829,0:2516615,2016-12-16 10:47:40-924,2016-12-16 10:47:41-337
Success : LS : test2\a94a8fe5ccb19ba6\,0:-1,2016-12-16 10:47:41-337,2016-12-16 10:47:41-337
Success : CREATE_FILE : test2\a94a8fe5ccb19ba6\2a5bd02710e975a7\5351A8BA1B4F6D9C,0:3502373,2016-12-16 10:47:41-338,2016-12-16 10:47:41-820
Success : LS : test2\a94a8fe5ccb19ba6\2a5bd02710e975a7\,0:-1,2016-12-16 10:47:41-820,2016-12-16 10:47:41-820
Success : CREATE_FILE : test2\a94a8fe5ccb19ba6\46E478D479CA7AE3,0:1318086,2016-12-16 10:47:42-577,2016-12-16 10:47:42-891
Success : LS : test2\a94a8fe5ccb19ba6\,0:-1,2016-12-16 10:47:42-891,2016-12-16 10:47:42-891
Success : CREATE_FILE : test2\a94a8fe5ccb19ba6\2a5bd02710e975a7\12B7D6EA5B543E85,0:2701522,2016-12-16 10:47:44-719,2016-12-16 10:47:45-196
Success : LS : test2\a94a8fe5ccb19ba6\2a5bd02710e975a7\,0:-1,2016-12-16 10:47:45-196,2016-12-16 10:47:45-196
Success : CREATE_FILE : test2\a94a8fe5ccb19ba6\2a5bd02710e975a7\6AEB300D69066E17,0:4069822,2016-12-16 10:47:45-795,2016-12-16 10:47:46-407
Success : LS : test2\a94a8fe5ccb19ba6\2a5bd02710e975a7\,0:-1,2016-12-16 10:47:46-407,2016-12-16 10:47:46-407
Success : CREATE_FILE : test2\a94a8fe5ccb19ba6\2a5bd02710e975a7\6A66EFF07C026593,0:353083,2016-12-16 10:47:46-408,2016-12-16 10:47:46-495
Success : LS : test2\a94a8fe5ccb19ba6\2a5bd02710e975a7\,0:-1,2016-12-16 10:47:46-495,2016-12-16 10:47:46-495
Success : RANDOM_READ : test1\c5a5e5562b038073\c7734a16bf12bb03,0:49152,2016-12-16 10:47:47-907,2016-12-16 10:47:47-913
Success : RANDOM_READ : test1\f71b43c3136efa4f\9f93e73d6896cb7b\6670af231c096f09,0:129,2016-12-16 10:47:48-644,2016-12-16 10:47:48-646
Success : CREATE_FILE : test2\a94a8fe5ccb19ba6\2a5bd02710e975a7\139250AE705F7C5E,0:3997060,2016-12-16 10:47:49-501,2016-12-16 10:47:50-081
Success : LS : test2\a94a8fe5ccb19ba6\2a5bd02710e975a7\,0:-1,2016-12-16 10:47:50-082,2016-12-16 10:47:50-082
Success : CREATE_FILE : test2\a94a8fe5ccb19ba6\2a5bd02710e975a7\6C31E22771374F21,0:401055,2016-12-16 10:47:50-874,2016-12-16 10:47:51-051
Success : LS : test2\a94a8fe5ccb19ba6\2a5bd02710e975a7\,0:-1,2016-12-16 10:47:51-051,2016-12-16 10:47:51-051
Success : CREATE_FILE : test2\a94a8fe5ccb19ba6\2a5bd02710e975a7\1342EB444CD5941C,0:3776294,2016-12-16 10:47:52-303,2016-12-16 10:47:53-295
Success : LS : test2\a94a8fe5ccb19ba6\2a5bd02710e975a7\,0:-1,2016-12-16 10:47:53-295,2016-12-16 10:47:53-295
Success : CREATE_FILE : test2\a94a8fe5ccb19ba6\0F00B71A10FFFC3A,0:3425074,2016-12-16 10:47:56-112,2016-12-16 10:47:56-707
Success : LS : test2\a94a8fe5ccb19ba6\,0:-1,2016-12-16 10:47:56-707,2016-12-16 10:47:56-707
Success : CREATE_FILE : test2\a94a8fe5ccb19ba6\384A441D56914965,0:216289,2016-12-16 10:47:56-707,2016-12-16 10:47:56-812
Success : LS : test2\a94a8fe5ccb19ba6\,0:-1,2016-12-16 10:47:56-812,2016-12-16 10:47:56-812
Success : CREATE_FILE : test2\a94a8fe5ccb19ba6\718E50A44223135A,0:1613137,2016-12-16 10:47:57-991,2016-12-16 10:47:58-306
Success : LS : test2\a94a8fe5ccb19ba6\,0:-1,2016-12-16 10:47:58-306,2016-12-16 10:47:58-306
Success : CREATE_FILE : test2\a94a8fe5ccb19ba6\2a5bd02710e975a7\448401296E44CD50,0:987546,2016-12-16 10:48:00-011,2016-12-16 10:48:00-177
Success : LS : test2\a94a8fe5ccb19ba6\2a5bd02710e975a7\,0:-1,2016-12-16 10:48:00-177,2016-12-16 10:48:00-177
Success : CREATE_FILE : test2\a94a8fe5ccb19ba6\2a5bd02710e975a7\528F74E737D0A790,0:2307851,2016-12-16 10:48:02-309,2016-12-16 10:48:02-685
Success : LS : test2\a94a8fe5ccb19ba6\2a5bd02710e975a7\,0:-1,2016-12-16 10:48:02-685,2016-12-16 10:48:02-685
Success : CREATE_FILE : test2\a94a8fe5ccb19ba6\2a5bd02710e975a7\5E20760077A2BED3,0:912069,2016-12-16 10:48:03-419,2016-12-16 10:48:03-587
Success : LS : test2\a94a8fe5ccb19ba6\2a5bd02710e975a7\,0:-1,2016-12-16 10:48:03-587,2016-12-16 10:48:03-587
Success : CREATE_FILE : test2\a94a8fe5ccb19ba6\2a5bd02710e975a7\2AD92CB3184CDDF3,0:3321264,2016-12-16 10:48:05-192,2016-12-16 10:48:05-660
Success : LS : test2\a94a8fe5ccb19ba6\2a5bd02710e975a7\,0:-1,2016-12-16 10:48:05-660,2016-12-16 10:48:05-660
Success : RANDOM_READ : test1\c5a5e5562b038073\05d1f0ed74e78555,0:36864,2016-12-16 10:48:06-111,2016-12-16 10:48:06-116
Success : CREATE_FILE : test2\a94a8fe5ccb19ba6\2a5bd02710e975a7\70A5FAF0652FC172,0:3982511,2016-12-16 10:48:10-198,2016-12-16 10:48:10-907
Success : LS : test2\a94a8fe5ccb19ba6\2a5bd02710e975a7\,0:-1,2016-12-16 10:48:10-907,2016-12-16 10:48:10-907
Success : CREATE_FILE : test2\a94a8fe5ccb19ba6\2a5bd02710e975a7\46C3BC3047533548,0:3009560,2016-12-16 10:48:13-829,2016-12-16 10:48:14-262
Success : SEQ_READ : test1\c5a5e5562b038073\738537f9a40e568b,0:14336,2016-12-16 10:48:14-263,2016-12-16 10:48:14-266
Success : LS : test2\a94a8fe5ccb19ba6\2a5bd02710e975a7\,0:-1,2016-12-16 10:48:14-266,2016-12-16 10:48:14-266
Success : CREATE_FILE : test2\a94a8fe5ccb19ba6\2a5bd02710e975a7\6FDFF2AE76AA9178,0:87784,2016-12-16 10:48:16-786,2016-12-16 10:48:16-896
Success : LS : test2\a94a8fe5ccb19ba6\2a5bd02710e975a7\,0:-1,2016-12-16 10:48:16-897,2016-12-16 10:48:16-897
Success : CREATE_FILE : test2\a94a8fe5ccb19ba6\2a5bd02710e975a7\2187774637817D99,0:2472723,2016-12-16 10:48:17-980,2016-12-16 10:48:18-332
Success : LS : test2\a94a8fe5ccb19ba6\2a5bd02710e975a7\,0:-1,2016-12-16 10:48:18-332,2016-12-16 10:48:18-332
Success : CREATE_FILE : test2\a94a8fe5ccb19ba6\2a5bd02710e975a7\4269DEE04BDBFDA7,0:606200,2016-12-16 10:48:18-332,2016-12-16 10:48:18-469
Success : LS : test2\a94a8fe5ccb19ba6\2a5bd02710e975a7\,0:-1,2016-12-16 10:48:18-469,2016-12-16 10:48:18-469
Success : CREATE_FILE : test2\a94a8fe5ccb19ba6\2a5bd02710e975a7\1C00E42D0D5763EF,0:4048974,2016-12-16 10:48:18-697,2016-12-16 10:48:19-251
Success : LS : test2\a94a8fe5ccb19ba6\2a5bd02710e975a7\,0:-1,2016-12-16 10:48:19-251,2016-12-16 10:48:19-251
Success : SEQ_READ : test2\a94a8fe5ccb19ba6\2a5bd02710e975a7\3eef580036f1724a,0:257,2016-12-16 10:48:19-520,2016-12-16 10:48:19-521
Success : SEQ_READ : test1\c5a5e5562b038073\0caa882bd1034750,0:82944,2016-12-16 10:48:19-953,2016-12-16 10:48:19-962
Success : RANDOM_READ : test1\c5a5e5562b038073\68ad3077ff5a452a,0:383,2016-12-16 10:48:21-156,2016-12-16 10:48:21-157
Success : RANDOM_READ : test1\c5a5e5562b038073\b0c5d70d7f040bfa,0:1024,2016-12-16 10:48:22-379,2016-12-16 10:48:22-381
Success : CREATE_FILE : test2\a94a8fe5ccb19ba6\5283235924AE9E78,0:2610160,2016-12-16 10:48:22-413,2016-12-16 10:48:22-817
Success : LS : test2\a94a8fe5ccb19ba6\,0:-1,2016-12-16 10:48:22-817,2016-12-16 10:48:22-817
Success : CREATE_FILE : test2\a94a8fe5ccb19ba6\2a5bd02710e975a7\4453C5FF51B328B0,0:1667393,2016-12-16 10:48:26-332,2016-12-16 10:48:26-805
Success : LS : test2\a94a8fe5ccb19ba6\2a5bd02710e975a7\,0:-1,2016-12-16 10:48:26-805,2016-12-16 10:48:26-805
Success : CREATE_FILE : test2\a94a8fe5ccb19ba6\2a5bd02710e975a7\4FD87B8863F1B4B2,0:2737012,2016-12-16 10:48:26-805,2016-12-16 10:48:27-285
Success : LS : test2\a94a8fe5ccb19ba6\2a5bd02710e975a7\,0:-1,2016-12-16 10:48:27-285,2016-12-16 10:48:27-285
Success : CREATE_FILE : test2\a94a8fe5ccb19ba6\2a5bd02710e975a7\0524DD606138BAC4,0:3820755,2016-12-16 10:48:27-285,2016-12-16 10:48:27-877
Success : LS : test2\a94a8fe5ccb19ba6\2a5bd02710e975a7\,0:-1,2016-12-16 10:48:27-877,2016-12-16 10:48:27-877
Success : CREATE_FILE : test2\a94a8fe5ccb19ba6\4C8FD379695F73CD,0:942505,2016-12-16 10:48:28-376,2016-12-16 10:48:28-560
Success : LS : test2\a94a8fe5ccb19ba6\,0:-1,2016-12-16 10:48:28-560,2016-12-16 10:48:28-560
Success : CREATE_FILE : test2\a94a8fe5ccb19ba6\2a5bd02710e975a7\4B6BC1CD0B5E03F9,0:2114398,2016-12-16 10:48:32-549,2016-12-16 10:48:32-994
Success : LS : test2\a94a8fe5ccb19ba6\2a5bd02710e975a7\,0:-1,2016-12-16 10:48:32-994,2016-12-16 10:48:32-994
Success : CREATE_FILE : test2\a94a8fe5ccb19ba6\53AA9DF569F780E7,0:2142418,2016-12-16 10:48:33-220,2016-12-16 10:48:34-213
Success : LS : test2\a94a8fe5ccb19ba6\,0:-1,2016-12-16 10:48:34-213,2016-12-16 10:48:34-213
Success : CREATE_FILE : test2\a94a8fe5ccb19ba6\2a5bd02710e975a7\57CBC61A778374ED,0:745782,2016-12-16 10:48:35-458,2016-12-16 10:48:35-769
Success : LS : test2\a94a8fe5ccb19ba6\2a5bd02710e975a7\,0:-1,2016-12-16 10:48:35-769,2016-12-16 10:48:35-769
Success : CREATE_FILE : test2\a94a8fe5ccb19ba6\49C65AD3239922FC,0:2527851,2016-12-16 10:48:35-822,2016-12-16 10:48:36-207
Success : LS : test2\a94a8fe5ccb19ba6\,0:-1,2016-12-16 10:48:36-207,2016-12-16 10:48:36-207
Success : CREATE_FILE : test2\a94a8fe5ccb19ba6\7FC53D1765D6BC43,0:1677719,2016-12-16 10:48:40-647,2016-12-16 10:48:40-943
Success : LS : test2\a94a8fe5ccb19ba6\,0:-1,2016-12-16 10:48:40-943,2016-12-16 10:48:40-943
Success : CREATE_FILE : test2\a94a8fe5ccb19ba6\2a5bd02710e975a7\7D6AB85B543B5FD3,0:3450197,2016-12-16 10:48:41-597,2016-12-16 10:48:42-100
Success : LS : test2\a94a8fe5ccb19ba6\2a5bd02710e975a7\,0:-1,2016-12-16 10:48:42-100,2016-12-16 10:48:42-100
Success : CREATE_FILE : test2\a94a8fe5ccb19ba6\5825ED5B3351FB28,0:1467412,2016-12-16 10:48:42-451,2016-12-16 10:48:42-678
Success : LS : test2\a94a8fe5ccb19ba6\,0:-1,2016-12-16 10:48:42-678,2016-12-16 10:48:42-678
