Starting processing HEARTBEAT
received heart beat with wrapper version1480224889473
Starting processing HEARTBEAT
received heart beat with wrapper version1480224889473
Starting processing HEARTBEAT
received heart beat with wrapper version1480224889473
Starting processing HEARTBEAT
received heart beat with wrapper version1480224889473
Starting processing FILE_VALID
Starting processing HEARTBEAT
received heart beat with wrapper version1480224889473
Starting processing HEARTBEAT
received heart beat with wrapper version1480224889473
Starting processing HEARTBEAT
received heart beat with wrapper version1480224889473
Starting processing HEARTBEAT
received heart beat with wrapper version1480224889473
Starting processing HEARTBEAT
received heart beat with wrapper version1480224889473
Starting processing HEARTBEAT
received heart beat with wrapper version1480224889473
Starting processing HEARTBEAT
received heart beat with wrapper version1480224889473
Starting processing HEARTBEAT
received heart beat with wrapper version1480224889473
Starting processing HEARTBEAT
received heart beat with wrapper version1480224889473
Starting processing HEARTBEAT
received heart beat with wrapper version1480224889473
Starting processing HEARTBEAT
received heart beat with wrapper version1480224889473
Starting processing HEARTBEAT
received heart beat with wrapper version1480224889473
Starting processing HEARTBEAT
received heart beat with wrapper version1480224889473
Starting processing HEARTBEAT
received heart beat with wrapper version1480224889473
Starting processing HEARTBEAT
received heart beat with wrapper version1480224889473
Starting processing HEARTBEAT
received heart beat with wrapper version1480224889473
Starting processing HEARTBEAT
received heart beat with wrapper version1480224889473
Starting processing HEARTBEAT
received heart beat with wrapper version1480224889473
Starting processing HEARTBEAT
received heart beat with wrapper version1480224889473
Starting processing HEARTBEAT
received heart beat with wrapper version1480224889473
Starting processing HEARTBEAT
received heart beat with wrapper version1480224889473
Starting processing HEARTBEAT
received heart beat with wrapper version1480224889473
Starting processing HEARTBEAT
received heart beat with wrapper version1480224889473
Starting processing HEARTBEAT
received heart beat with wrapper version1480224889473
Starting processing HEARTBEAT
received heart beat with wrapper version1480224889473
Starting processing HEARTBEAT
received heart beat with wrapper version1480224889473
Starting processing HEARTBEAT
received heart beat with wrapper version1480224889473
Starting processing HEARTBEAT
received heart beat with wrapper version1480224889473
Starting processing HEARTBEAT
received heart beat with wrapper version1480224889473
Starting processing HEARTBEAT
received heart beat with wrapper version1480224889473
Starting processing HEARTBEAT
received heart beat with wrapper version1480224889473
Starting processing HEARTBEAT
received heart beat with wrapper version1480224889473
Starting processing HEARTBEAT
received heart beat with wrapper version1480224889473
Starting processing HEARTBEAT
received heart beat with wrapper version1480224889473
Starting processing HEARTBEAT
received heart beat with wrapper version1480224889473
Starting processing HEARTBEAT
received heart beat with wrapper version1480224889473
Starting processing HEARTBEAT
received heart beat with wrapper version1480224889473
Starting processing HEARTBEAT
received heart beat with wrapper version1480224889473
Starting processing HEARTBEAT
received heart beat with wrapper version1480224889473
Starting processing HEARTBEAT
received heart beat with wrapper version1480224889473
Starting processing HEARTBEAT
received heart beat with wrapper version1480224889473
Starting processing HEARTBEAT
received heart beat with wrapper version1480224889473
Starting processing HEARTBEAT
received heart beat with wrapper version1480224889473
Starting processing HEARTBEAT
received heart beat with wrapper version1480224889473
Starting processing HEARTBEAT
received heart beat with wrapper version1480224889473
Starting processing HEARTBEAT
received heart beat with wrapper version1480224889473
Starting processing HEARTBEAT
received heart beat with wrapper version1480224889473
Starting processing HEARTBEAT
received heart beat with wrapper version1480224889473
Starting processing HEARTBEAT
received heart beat with wrapper version1480224889473
Starting processing HEARTBEAT
received heart beat with wrapper version1480224889473
Starting processing HEARTBEAT
received heart beat with wrapper version1480224889473
Starting processing HEARTBEAT
received heart beat with wrapper version1480224889473
Starting processing HEARTBEAT
received heart beat with wrapper version1480224889473
Starting processing HEARTBEAT
received heart beat with wrapper version1480224889473
Starting processing HEARTBEAT
received heart beat with wrapper version1480224889473
Starting processing HEARTBEAT
received heart beat with wrapper version1480224889473
Starting processing HEARTBEAT
received heart beat with wrapper version1480224889473
Starting processing HEARTBEAT
received heart beat with wrapper version1480224889473
Starting processing HEARTBEAT
received heart beat with wrapper version1480224889473
Starting processing HEARTBEAT
received heart beat with wrapper version1480224889473
Starting processing HEARTBEAT
received heart beat with wrapper version1480224889473
Starting processing HEARTBEAT
received heart beat with wrapper version1480224889473
Starting processing HEARTBEAT
received heart beat with wrapper version1480224889473
Starting processing HEARTBEAT
received heart beat with wrapper version1480224889473
Starting processing HEARTBEAT
received heart beat with wrapper version1480224889473
Starting processing HEARTBEAT
received heart beat with wrapper version1480224889473
Starting processing HEARTBEAT
received heart beat with wrapper version1480224889473
Starting processing HEARTBEAT
received heart beat with wrapper version1480224889473
Starting processing HEARTBEAT
received heart beat with wrapper version1480224889473
Starting processing HEARTBEAT
received heart beat with wrapper version1480224889473
Starting processing HEARTBEAT
received heart beat with wrapper version1480224889473
Starting processing HEARTBEAT
received heart beat with wrapper version1480224889473
Starting processing HEARTBEAT
received heart beat with wrapper version1480224889473
Starting processing HEARTBEAT
received heart beat with wrapper version1480224889473
Starting processing HEARTBEAT
received heart beat with wrapper version1480224889473
Starting processing HEARTBEAT
received heart beat with wrapper version1480224889473
Starting processing HEARTBEAT
received heart beat with wrapper version1480224889473
Starting processing HEARTBEAT
received heart beat with wrapper version1480224889473
Starting processing HEARTBEAT
received heart beat with wrapper version1480224889473
Starting processing HEARTBEAT
received heart beat with wrapper version1480224889473
Starting processing HEARTBEAT
received heart beat with wrapper version1480224889473
Starting processing HEARTBEAT
received heart beat with wrapper version1480224889473
Starting processing HEARTBEAT
received heart beat with wrapper version1480224889473
Starting processing HEARTBEAT
received heart beat with wrapper version1480224889473
Starting processing HEARTBEAT
received heart beat with wrapper version1480224889473
Starting processing HEARTBEAT
received heart beat with wrapper version1480224889473
Starting processing HEARTBEAT
received heart beat with wrapper version1480224889473
Starting processing HEARTBEAT
received heart beat with wrapper version1480224889473
Starting processing HEARTBEAT
received heart beat with wrapper version1480224889473
Starting processing HEARTBEAT
received heart beat with wrapper version1480224889473
Starting processing HEARTBEAT
received heart beat with wrapper version1480224889473
Starting processing HEARTBEAT
received heart beat with wrapper version1480224889473
Starting processing HEARTBEAT
received heart beat with wrapper version1480224889473
Starting processing HEARTBEAT
received heart beat with wrapper version1480224889473
Starting processing HEARTBEAT
received heart beat with wrapper version1480224889473
Starting processing HEARTBEAT
received heart beat with wrapper version1480224889473
Starting processing HEARTBEAT
received heart beat with wrapper version1480224889473
Starting processing HEARTBEAT
received heart beat with wrapper version1480224889473
Starting processing HEARTBEAT
received heart beat with wrapper version1480224889473
Starting processing HEARTBEAT
received heart beat with wrapper version1480224889473
Starting processing HEARTBEAT
received heart beat with wrapper version1480224889473
Starting processing HEARTBEAT
received heart beat with wrapper version1480224889473
Starting processing HEARTBEAT
received heart beat with wrapper version1480224889473
Starting processing HEARTBEAT
received heart beat with wrapper version1480224889473
Starting processing HEARTBEAT
received heart beat with wrapper version1480224889473
Starting processing HEARTBEAT
received heart beat with wrapper version1480224889473
Starting processing HEARTBEAT
received heart beat with wrapper version1480224889473
Starting processing HEARTBEAT
received heart beat with wrapper version1480224889473
Starting processing HEARTBEAT
received heart beat with wrapper version1480224889473
Starting processing HEARTBEAT
received heart beat with wrapper version1480224889473
Starting processing HEARTBEAT
received heart beat with wrapper version1480224889473
Starting processing HEARTBEAT
received heart beat with wrapper version1480224889473
Starting processing HEARTBEAT
received heart beat with wrapper version1480224889473
Starting processing HEARTBEAT
received heart beat with wrapper version1480224889473
Starting processing HEARTBEAT
received heart beat with wrapper version1480224889473
Starting processing HEARTBEAT
received heart beat with wrapper version1480224889473
Starting processing HEARTBEAT
received heart beat with wrapper version1480224889473
Starting processing HEARTBEAT
received heart beat with wrapper version1480224889473
Starting processing HEARTBEAT
received heart beat with wrapper version1480224889473
Starting processing HEARTBEAT
received heart beat with wrapper version1480224889473
Starting processing HEARTBEAT
received heart beat with wrapper version1480224889473
Starting processing HEARTBEAT
received heart beat with wrapper version1480224889473
Starting processing HEARTBEAT
received heart beat with wrapper version1480224889473
Starting processing HEARTBEAT
received heart beat with wrapper version1480224889473
Starting processing HEARTBEAT
received heart beat with wrapper version1480224889473
Starting processing HEARTBEAT
received heart beat with wrapper version1480224889473
Starting processing HEARTBEAT
received heart beat with wrapper version1480224889473
Starting processing HEARTBEAT
received heart beat with wrapper version1480224889473
Starting processing HEARTBEAT
received heart beat with wrapper version1480224889473
Starting processing HEARTBEAT
received heart beat with wrapper version1480224889473
Starting processing HEARTBEAT
received heart beat with wrapper version1480224889473
Starting processing HEARTBEAT
received heart beat with wrapper version1480224889473
Starting processing HEARTBEAT
received heart beat with wrapper version1480224889473
Starting processing HEARTBEAT
received heart beat with wrapper version1480224889473
Starting processing HEARTBEAT
received heart beat with wrapper version1480224889473
Starting processing HEARTBEAT
received heart beat with wrapper version1480224889473
Starting processing HEARTBEAT
received heart beat with wrapper version1480224889473
Starting processing HEARTBEAT
received heart beat with wrapper version1480224889473
Starting processing HEARTBEAT
received heart beat with wrapper version1480224889473
Starting processing HEARTBEAT
received heart beat with wrapper version1480224889473
Starting processing HEARTBEAT
received heart beat with wrapper version1480224889473
Starting processing HEARTBEAT
received heart beat with wrapper version1480224889473
Starting processing HEARTBEAT
received heart beat with wrapper version1480224889473
Starting processing HEARTBEAT
received heart beat with wrapper version1480224889473
Starting processing HEARTBEAT
received heart beat with wrapper version1480224889473
Starting processing HEARTBEAT
received heart beat with wrapper version1480224889473
Starting processing HEARTBEAT
received heart beat with wrapper version1480224889473
Starting processing HEARTBEAT
received heart beat with wrapper version1480224889473
Starting processing HEARTBEAT
received heart beat with wrapper version1480224889473
Starting processing HEARTBEAT
received heart beat with wrapper version1480224889473
Starting processing HEARTBEAT
received heart beat with wrapper version1480224889473
Starting processing HEARTBEAT
received heart beat with wrapper version1480224889473
Starting processing HEARTBEAT
received heart beat with wrapper version1480224889473
Starting processing HEARTBEAT
received heart beat with wrapper version1480224889473
Starting processing HEARTBEAT
received heart beat with wrapper version1480224889473
Starting processing HEARTBEAT
received heart beat with wrapper version1480224889473
Starting processing HEARTBEAT
received heart beat with wrapper version1480224889473
Starting processing HEARTBEAT
received heart beat with wrapper version1480224889473
Starting processing HEARTBEAT
received heart beat with wrapper version1480224889473
Starting processing HEARTBEAT
received heart beat with wrapper version1480224889473
Starting processing HEARTBEAT
received heart beat with wrapper version1480224889473
Starting processing HEARTBEAT
received heart beat with wrapper version1480224889473
Starting processing HEARTBEAT
received heart beat with wrapper version1480224889473
Starting processing HEARTBEAT
received heart beat with wrapper version1480224889473
Starting processing HEARTBEAT
received heart beat with wrapper version1480224889473
Starting processing HEARTBEAT
received heart beat with wrapper version1480224889473
Starting processing HEARTBEAT
received heart beat with wrapper version1480224889473
Starting processing HEARTBEAT
received heart beat with wrapper version1480224889473
Starting processing HEARTBEAT
received heart beat with wrapper version1480224889473
Starting processing HEARTBEAT
received heart beat with wrapper version1480224889473
Starting processing HEARTBEAT
received heart beat with wrapper version1480224889473
Starting processing HEARTBEAT
received heart beat with wrapper version1480224889473
Starting processing HEARTBEAT
received heart beat with wrapper version1480224889473
Starting processing HEARTBEAT
received heart beat with wrapper version1480224889473
Starting processing HEARTBEAT
received heart beat with wrapper version1480224889473
Starting processing HEARTBEAT
received heart beat with wrapper version1480224889473
Nov 27, 2016 11:28:10 AM net.IOControl$Worker run
WARNING: 
java.io.EOFException
	at java.io.ObjectInputStream$PeekInputStream.readFully(ObjectInputStream.java:2353)
	at java.io.ObjectInputStream$BlockDataInputStream.readShort(ObjectInputStream.java:2822)
	at java.io.ObjectInputStream.readStreamHeader(ObjectInputStream.java:804)
	at java.io.ObjectInputStream.<init>(ObjectInputStream.java:301)
	at net.IOControl.forwardToHandler(IOControl.java:160)
	at net.IOControl.process(IOControl.java:197)
	at net.IOControl.access$700(IOControl.java:37)
	at net.IOControl$Worker.run(IOControl.java:537)
	at java.util.concurrent.ThreadPoolExecutor.runWorker(ThreadPoolExecutor.java:1142)
	at java.util.concurrent.ThreadPoolExecutor$Worker.run(ThreadPoolExecutor.java:617)
	at java.lang.Thread.run(Thread.java:745)

Starting processing HEARTBEAT
received heart beat with wrapper version1480224889473
Starting processing HEARTBEAT
received heart beat with wrapper version1480224889473
Starting processing HEARTBEAT
received heart beat with wrapper version1480224889473
Starting processing HEARTBEAT
received heart beat with wrapper version1480224889473
Starting processing HEARTBEAT
received heart beat with wrapper version1480224889473
Starting processing HEARTBEAT
received heart beat with wrapper version1480224889473
Starting processing HEARTBEAT
received heart beat with wrapper version1480224889473
Starting processing HEARTBEAT
received heart beat with wrapper version1480224889473
Starting processing HEARTBEAT
received heart beat with wrapper version1480224889473
Starting processing HEARTBEAT
received heart beat with wrapper version1480224889473
Starting processing HEARTBEAT
received heart beat with wrapper version1480224889473
Starting processing HEARTBEAT
received heart beat with wrapper version1480224889473
Starting processing HEARTBEAT
received heart beat with wrapper version1480224889473
Starting processing HEARTBEAT
received heart beat with wrapper version1480224889473
Starting processing HEARTBEAT
received heart beat with wrapper version1480224889473
Starting processing HEARTBEAT
received heart beat with wrapper version1480224889473
Starting processing HEARTBEAT
received heart beat with wrapper version1480224889473
Starting processing HEARTBEAT
received heart beat with wrapper version1480224889473
Starting processing HEARTBEAT
received heart beat with wrapper version1480224889473
Starting processing HEARTBEAT
received heart beat with wrapper version1480224889473
Starting processing HEARTBEAT
received heart beat with wrapper version1480224889473
Starting processing HEARTBEAT
received heart beat with wrapper version1480224889473
Starting processing HEARTBEAT
received heart beat with wrapper version1480224889473
Starting processing HEARTBEAT
received heart beat with wrapper version1480224889473
Starting processing HEARTBEAT
received heart beat with wrapper version1480224889473
Starting processing HEARTBEAT
received heart beat with wrapper version1480224889473
Starting processing HEARTBEAT
received heart beat with wrapper version1480224889473
Starting processing HEARTBEAT
received heart beat with wrapper version1480224889473
Starting processing HEARTBEAT
received heart beat with wrapper version1480224889473
Starting processing HEARTBEAT
received heart beat with wrapper version1480224889473
Starting processing HEARTBEAT
received heart beat with wrapper version1480224889473
Starting processing HEARTBEAT
received heart beat with wrapper version1480224889473
Starting processing HEARTBEAT
received heart beat with wrapper version1480224889473
Starting processing HEARTBEAT
received heart beat with wrapper version1480224889473
Starting processing HEARTBEAT
received heart beat with wrapper version1480224889473
Starting processing HEARTBEAT
received heart beat with wrapper version1480224889473
Starting processing HEARTBEAT
received heart beat with wrapper version1480224889473
Starting processing HEARTBEAT
received heart beat with wrapper version1480224889473
Starting processing HEARTBEAT
received heart beat with wrapper version1480224889473
Starting processing HEARTBEAT
received heart beat with wrapper version1480224889473
Starting processing HEARTBEAT
received heart beat with wrapper version1480224889473
Starting processing HEARTBEAT
received heart beat with wrapper version1480224889473
Starting processing HEARTBEAT
received heart beat with wrapper version1480224889473
Starting processing HEARTBEAT
received heart beat with wrapper version1480224889473
Starting processing HEARTBEAT
received heart beat with wrapper version1480224889473
Starting processing HEARTBEAT
received heart beat with wrapper version1480224889473
Starting processing HEARTBEAT
received heart beat with wrapper version1480224889473
Starting processing HEARTBEAT
received heart beat with wrapper version1480224889473
Starting processing HEARTBEAT
received heart beat with wrapper version1480224889473
Starting processing HEARTBEAT
received heart beat with wrapper version1480224889473
Starting processing HEARTBEAT
received heart beat with wrapper version1480224889473
Starting processing HEARTBEAT
received heart beat with wrapper version1480224889473
Starting processing HEARTBEAT
received heart beat with wrapper version1480224889473
Starting processing HEARTBEAT
received heart beat with wrapper version1480224889473
Starting processing HEARTBEAT
received heart beat with wrapper version1480224889473
Starting processing HEARTBEAT
received heart beat with wrapper version1480224889473
Starting processing HEARTBEAT
received heart beat with wrapper version1480224889473
Starting processing HEARTBEAT
received heart beat with wrapper version1480224889473
Starting processing HEARTBEAT
received heart beat with wrapper version1480224889473
Starting processing HEARTBEAT
received heart beat with wrapper version1480224889473
Starting processing HEARTBEAT
received heart beat with wrapper version1480224889473
Starting processing HEARTBEAT
received heart beat with wrapper version1480224889473
Starting processing HEARTBEAT
received heart beat with wrapper version1480224889473
Starting processing HEARTBEAT
received heart beat with wrapper version1480224889473
Starting processing HEARTBEAT
received heart beat with wrapper version1480224889473
Starting processing HEARTBEAT
received heart beat with wrapper version1480224889473
Starting processing HEARTBEAT
received heart beat with wrapper version1480224889473
Starting processing HEARTBEAT
received heart beat with wrapper version1480224889473
Starting processing HEARTBEAT
received heart beat with wrapper version1480224889473
Starting processing HEARTBEAT
received heart beat with wrapper version1480224889473
Starting processing HEARTBEAT
received heart beat with wrapper version1480224889473
Starting processing HEARTBEAT
received heart beat with wrapper version1480224889473
Starting processing HEARTBEAT
received heart beat with wrapper version1480224889473
Starting processing HEARTBEAT
received heart beat with wrapper version1480224889473
Starting processing HEARTBEAT
received heart beat with wrapper version1480224889473
Starting processing HEARTBEAT
received heart beat with wrapper version1480224889473
Starting processing HEARTBEAT
received heart beat with wrapper version1480224889473
Starting processing HEARTBEAT
received heart beat with wrapper version1480224889473
Starting processing HEARTBEAT
received heart beat with wrapper version1480224889473
Starting processing HEARTBEAT
received heart beat with wrapper version1480224889473
Starting processing HEARTBEAT
received heart beat with wrapper version1480224889473
Starting processing HEARTBEAT
received heart beat with wrapper version1480224889473
Starting processing HEARTBEAT
received heart beat with wrapper version1480224889473
Starting processing HEARTBEAT
received heart beat with wrapper version1480224889473
Starting processing HEARTBEAT
received heart beat with wrapper version1480224889473
Starting processing HEARTBEAT
received heart beat with wrapper version1480224889473
Starting processing HEARTBEAT
received heart beat with wrapper version1480224889473
Starting processing HEARTBEAT
received heart beat with wrapper version1480224889473
Starting processing HEARTBEAT
received heart beat with wrapper version1480224889473
Starting processing HEARTBEAT
received heart beat with wrapper version1480224889473
Starting processing HEARTBEAT
received heart beat with wrapper version1480224889473
Starting processing HEARTBEAT
received heart beat with wrapper version1480224889473
Starting processing HEARTBEAT
received heart beat with wrapper version1480224889473
Starting processing HEARTBEAT
received heart beat with wrapper version1480224889473
Starting processing HEARTBEAT
received heart beat with wrapper version1480224889473
Starting processing HEARTBEAT
received heart beat with wrapper version1480224889473
Starting processing HEARTBEAT
received heart beat with wrapper version1480224889473
Starting processing HEARTBEAT
received heart beat with wrapper version1480224889473
Starting processing HEARTBEAT
received heart beat with wrapper version1480224889473
Starting processing HEARTBEAT
received heart beat with wrapper version1480224889473
Starting processing HEARTBEAT
received heart beat with wrapper version1480224889473
Starting processing HEARTBEAT
received heart beat with wrapper version1480224889473
Starting processing HEARTBEAT
received heart beat with wrapper version1480224889473
Starting processing HEARTBEAT
received heart beat with wrapper version1480224889473
Starting processing HEARTBEAT
received heart beat with wrapper version1480224889473
Starting processing HEARTBEAT
received heart beat with wrapper version1480224889473
Starting processing HEARTBEAT
received heart beat with wrapper version1480224889473
Starting processing HEARTBEAT
received heart beat with wrapper version1480224889473
Starting processing HEARTBEAT
received heart beat with wrapper version1480224889473
Starting processing HEARTBEAT
received heart beat with wrapper version1480224889473
Starting processing HEARTBEAT
received heart beat with wrapper version1480224889473
Starting processing HEARTBEAT
received heart beat with wrapper version1480224889473
Starting processing HEARTBEAT
received heart beat with wrapper version1480224889473
Starting processing HEARTBEAT
received heart beat with wrapper version1480224889473
Starting processing HEARTBEAT
received heart beat with wrapper version1480224889473
Starting processing HEARTBEAT
received heart beat with wrapper version1480224889473
Starting processing HEARTBEAT
received heart beat with wrapper version1480224889473
Starting processing HEARTBEAT
received heart beat with wrapper version1480224889473
Starting processing HEARTBEAT
received heart beat with wrapper version1480224889473
Starting processing HEARTBEAT
received heart beat with wrapper version1480224889473
Starting processing HEARTBEAT
received heart beat with wrapper version1480224889473
Starting processing HEARTBEAT
received heart beat with wrapper version1480224889473
Starting processing HEARTBEAT
received heart beat with wrapper version1480224889473
Starting processing HEARTBEAT
received heart beat with wrapper version1480224889473
Starting processing HEARTBEAT
received heart beat with wrapper version1480224889473
Starting processing HEARTBEAT
received heart beat with wrapper version1480224889473
Starting processing HEARTBEAT
received heart beat with wrapper version1480224889473
Starting processing HEARTBEAT
received heart beat with wrapper version1480224889473
Starting processing HEARTBEAT
received heart beat with wrapper version1480224889473
Starting processing HEARTBEAT
received heart beat with wrapper version1480224889473
Starting processing HEARTBEAT
received heart beat with wrapper version1480224889473
Starting processing HEARTBEAT
received heart beat with wrapper version1480224889473
Starting processing HEARTBEAT
received heart beat with wrapper version1480224889473
Starting processing HEARTBEAT
received heart beat with wrapper version1480224889473
Starting processing HEARTBEAT
received heart beat with wrapper version1480224889473
Starting processing HEARTBEAT
received heart beat with wrapper version1480224889473
Starting processing HEARTBEAT
received heart beat with wrapper version1480224889473
Starting processing HEARTBEAT
received heart beat with wrapper version1480224889473
Starting processing HEARTBEAT
received heart beat with wrapper version1480224889473
Starting processing HEARTBEAT
received heart beat with wrapper version1480224889473
Starting processing HEARTBEAT
received heart beat with wrapper version1480224889473
Starting processing HEARTBEAT
received heart beat with wrapper version1480224889473
Starting processing HEARTBEAT
received heart beat with wrapper version1480224889473
Starting processing HEARTBEAT
received heart beat with wrapper version1480224889473
Starting processing HEARTBEAT
received heart beat with wrapper version1480224889473
Starting processing HEARTBEAT
received heart beat with wrapper version1480224889473
Starting processing HEARTBEAT
received heart beat with wrapper version1480224889473
Starting processing HEARTBEAT
received heart beat with wrapper version1480224889473
Starting processing HEARTBEAT
received heart beat with wrapper version1480224889473
Starting processing HEARTBEAT
received heart beat with wrapper version1480224889473
Starting processing HEARTBEAT
received heart beat with wrapper version1480224889473
Starting processing HEARTBEAT
received heart beat with wrapper version1480224889473
Starting processing HEARTBEAT
received heart beat with wrapper version1480224889473
Starting processing HEARTBEAT
received heart beat with wrapper version1480224889473
Starting processing HEARTBEAT
received heart beat with wrapper version1480224889473
Starting processing HEARTBEAT
received heart beat with wrapper version1480224889473
Starting processing HEARTBEAT
received heart beat with wrapper version1480224889473
Starting processing HEARTBEAT
received heart beat with wrapper version1480224889473
Starting processing HEARTBEAT
received heart beat with wrapper version1480224889473
Starting processing HEARTBEAT
received heart beat with wrapper version1480224889473
Starting processing HEARTBEAT
received heart beat with wrapper version1480224889473
Starting processing HEARTBEAT
received heart beat with wrapper version1480224889473
Starting processing HEARTBEAT
received heart beat with wrapper version1480224889473
Starting processing HEARTBEAT
received heart beat with wrapper version1480224889473
Starting processing HEARTBEAT
received heart beat with wrapper version1480224889473
Starting processing HEARTBEAT
received heart beat with wrapper version1480224889473
Starting processing HEARTBEAT
received heart beat with wrapper version1480224889473
Starting processing HEARTBEAT
received heart beat with wrapper version1480224889473
Starting processing HEARTBEAT
received heart beat with wrapper version1480224889473
Starting processing HEARTBEAT
received heart beat with wrapper version1480224889473
Starting processing HEARTBEAT
received heart beat with wrapper version1480224889473
Starting processing HEARTBEAT
received heart beat with wrapper version1480224889473
Starting processing HEARTBEAT
received heart beat with wrapper version1480224889473
Starting processing HEARTBEAT
received heart beat with wrapper version1480224889473
Starting processing HEARTBEAT
received heart beat with wrapper version1480224889473
Starting processing HEARTBEAT
received heart beat with wrapper version1480224889473
Starting processing HEARTBEAT
received heart beat with wrapper version1480224889473
Starting processing HEARTBEAT
received heart beat with wrapper version1480224889473
Starting processing HEARTBEAT
received heart beat with wrapper version1480224889473
Starting processing HEARTBEAT
received heart beat with wrapper version1480224889473
Starting processing HEARTBEAT
received heart beat with wrapper version1480224889473
Starting processing HEARTBEAT
received heart beat with wrapper version1480224889473
Starting processing HEARTBEAT
received heart beat with wrapper version1480224889473
Starting processing HEARTBEAT
received heart beat with wrapper version1480224889473
Starting processing HEARTBEAT
received heart beat with wrapper version1480224889473
Starting processing HEARTBEAT
received heart beat with wrapper version1480224889473
Starting processing HEARTBEAT
received heart beat with wrapper version1480224889473
Starting processing HEARTBEAT
received heart beat with wrapper version1480224889473
Starting processing HEARTBEAT
received heart beat with wrapper version1480224889473
Starting processing HEARTBEAT
received heart beat with wrapper version1480224889473
Starting processing HEARTBEAT
received heart beat with wrapper version1480224889473
Starting processing HEARTBEAT
received heart beat with wrapper version1480224889473
Starting processing HEARTBEAT
received heart beat with wrapper version1480224889473
Starting processing HEARTBEAT
received heart beat with wrapper version1480224889473
Starting processing HEARTBEAT
received heart beat with wrapper version1480224889473
Starting processing HEARTBEAT
received heart beat with wrapper version1480224889473
Starting processing HEARTBEAT
received heart beat with wrapper version1480224889473
Starting processing HEARTBEAT
received heart beat with wrapper version1480224889473
Starting processing HEARTBEAT
received heart beat with wrapper version1480224889473
Starting processing HEARTBEAT
received heart beat with wrapper version1480224889473
Starting processing HEARTBEAT
received heart beat with wrapper version1480224889473
Starting processing HEARTBEAT
received heart beat with wrapper version1480224889473
Starting processing HEARTBEAT
received heart beat with wrapper version1480224889473
Starting processing HEARTBEAT
received heart beat with wrapper version1480224889473
Starting processing HEARTBEAT
received heart beat with wrapper version1480224889473
Starting processing HEARTBEAT
received heart beat with wrapper version1480224889473
Starting processing HEARTBEAT
received heart beat with wrapper version1480224889473
Starting processing HEARTBEAT
received heart beat with wrapper version1480224889473
Starting processing HEARTBEAT
received heart beat with wrapper version1480224889473
Starting processing HEARTBEAT
received heart beat with wrapper version1480224889473
Starting processing HEARTBEAT
received heart beat with wrapper version1480224889473
Starting processing HEARTBEAT
received heart beat with wrapper version1480224889473
Starting processing HEARTBEAT
received heart beat with wrapper version1480224889473
Starting processing HEARTBEAT
received heart beat with wrapper version1480224889473
Starting processing HEARTBEAT
received heart beat with wrapper version1480224889473
Starting processing HEARTBEAT
received heart beat with wrapper version1480224889473
Starting processing HEARTBEAT
received heart beat with wrapper version1480224889473
Starting processing HEARTBEAT
received heart beat with wrapper version1480224889473
Starting processing HEARTBEAT
received heart beat with wrapper version1480224889473
Starting processing HEARTBEAT
received heart beat with wrapper version1480224889473
Starting processing HEARTBEAT
received heart beat with wrapper version1480224889473
Starting processing HEARTBEAT
received heart beat with wrapper version1480224889473
Starting processing HEARTBEAT
received heart beat with wrapper version1480224889473
Starting processing HEARTBEAT
received heart beat with wrapper version1480224889473
