#
# A fatal error has been detected by the Java Runtime Environment:
#
#  SIGSEGV (0xb) at pc=0x00007fbc29b11df1, pid=27017, tid=140446105863936
#
# JRE version: OpenJDK Runtime Environment (8.0_91-b14) (build 1.8.0_91-8u91-b14-3ubuntu1~15.10.1-b14)
# Java VM: OpenJDK 64-Bit Server VM (25.91-b14 mixed mode linux-amd64 compressed oops)
# Problematic frame:
# C  [librados.so+0x70df1]
#
# Failed to write core dump. Core dumps have been disabled. To enable core dumping, try "ulimit -c unlimited" before starting Java again
#
# If you would like to submit a bug report, please visit:
#   http://bugreport.java.com/bugreport/crash.jsp
# The crash happened outside the Java Virtual Machine in native code.
# See problematic frame for where to report the bug.
#

---------------  T H R E A D  ---------------

Current thread (0x00007fbc48678000):  JavaThread "pool-1-thread-3" [_thread_in_native, id=27056, stack(0x00007fbc28300000,0x00007fbc28401000)]

siginfo: si_signo: 11 (SIGSEGV), si_code: 1 (SEGV_MAPERR), si_addr: 0x0000000000000008

Registers:
RAX=0x0000000000000000, RBX=0x00007fbc283fe010, RCX=0x00007fbbc4000020, RDX=0x000000000000000a
RSP=0x00007fbc283fdfc0, RBP=0x00007fbc283fe210, RSI=0x000000000000000f, RDI=0x00007fbbc4004480
R8 =0x00007fbbc4013040, R9 =0x00007fbbc4013030, R10=0x00007fbc283fe4a0, R11=0x00007fbc29aef240
R12=0x00007fbc48667380, R13=0x00007fbc283fe0c0, R14=0x00007fbc283fe290, R15=0x00007fbbc4013040
RIP=0x00007fbc29b11df1, EFLAGS=0x0000000000010206, CSGSFS=0x0000000000000033, ERR=0x0000000000000004
  TRAPNO=0x000000000000000e

Top of Stack: (sp=0x00007fbc283fdfc0)
0x00007fbc283fdfc0:   00007fbc384e2eb0 00007fbc38513eb0
0x00007fbc283fdfd0:   00007fbc38513e30 00007fbc381e0638
0x00007fbc283fdfe0:   0000000000001201 00007fbc283fe480
0x00007fbc283fdff0:   00007fbc283fe4e0 00007fbc283fe050
0x00007fbc283fe000:   00007fbc003fe2e0 0000000000000001
0x00007fbc283fe010:   00007fbc2a163bf0 0000000000000000
0x00007fbc283fe020:   0000000000000000 0000000000000000
0x00007fbc283fe030:   0000000000000000 0000000000000000
0x00007fbc283fe040:   0000000000000000 0000000000000000
0x00007fbc283fe050:   00007fbbc40010e0 000000000000001f
0x00007fbc283fe060:   000000000000001f 0000000000000000
0x00007fbc283fe070:   00000100ffffffff 0000000000000000
0x00007fbc283fe080:   0000000000000000 0000000000000002
0x00007fbc283fe090:   0000000000000000 0000000000000000
0x00007fbc283fe0a0:   0000120100000000 0000000000000000
0x00007fbc283fe0b0:   0000000000000000 0000000000000000
0x00007fbc283fe0c0:   00007fbbc4013040 000000000000001f
0x00007fbc283fe0d0:   000000000000001f 0000000000000000
0x00007fbc283fe0e0:   0000000000000000 0000000000000000
0x00007fbc283fe0f0:   0000000000000000 00007fbc283fe108
0x00007fbc283fe100:   0000000000000000 00007fbc4fdcff00
0x00007fbc283fe110:   00007fbc384fe258 0000000000000000
0x00007fbc283fe120:   00007fbc283fe120 00007fbc283fe120
0x00007fbc283fe130:   0000000000000000 0000000000000000
0x00007fbc283fe140:   0000000000000000 0000000000000000
0x00007fbc283fe150:   00007fbc283fe120 00007fbc283fe120
0x00007fbc283fe160:   0000000000000000 00007fbc283fe120
0x00007fbc283fe170:   00007fbc00000000 00007fbc283fe178
0x00007fbc283fe180:   00007fbc283fe178 0000000000000000
0x00007fbc283fe190:   0000000000000000 0000000000000000
0x00007fbc283fe1a0:   0000000000000000 00007fbc283fe178
0x00007fbc283fe1b0:   00007fbc283fe178 00007fbc00000000 

Instructions: (pc=0x00007fbc29b11df1)
0x00007fbc29b11dd1:   48 8d 85 f4 fd ff ff 49 89 47 20 49 8b 06 0f b7
0x00007fbc29b11de1:   00 89 85 d0 fd ff ff 49 8b 44 24 08 48 8b 40 08
0x00007fbc29b11df1:   48 8b 78 08 48 81 c7 90 00 00 00 e8 3f a7 ff ff
0x00007fbc29b11e01:   84 c0 0f 84 2c 01 00 00 49 8b 44 24 08 ba 0f 00 

Register to memory mapping:

RAX=0x0000000000000000 is an unknown value
RBX=0x00007fbc283fe010 is pointing into the stack for thread: 0x00007fbc48678000
RCX=0x00007fbbc4000020 is an unknown value
RDX=0x000000000000000a is an unknown value
RSP=0x00007fbc283fdfc0 is pointing into the stack for thread: 0x00007fbc48678000
RBP=0x00007fbc283fe210 is pointing into the stack for thread: 0x00007fbc48678000
RSI=0x000000000000000f is an unknown value
RDI=0x00007fbbc4004480 is an unknown value
R8 =0x00007fbbc4013040 is an unknown value
R9 =0x00007fbbc4013030 is an unknown value
R10=0x00007fbc283fe4a0 is pointing into the stack for thread: 0x00007fbc48678000
R11=0x00007fbc29aef240: rados_read+0 in /usr/lib/x86_64-linux-gnu/librados.so at 0x00007fbc29aa1000
R12=0x00007fbc48667380 is an unknown value
R13=0x00007fbc283fe0c0 is pointing into the stack for thread: 0x00007fbc48678000
R14=0x00007fbc283fe290 is pointing into the stack for thread: 0x00007fbc48678000
R15=0x00007fbbc4013040 is an unknown value


Stack: [0x00007fbc28300000,0x00007fbc28401000],  sp=0x00007fbc283fdfc0,  free space=1015k
Native frames: (J=compiled Java code, j=interpreted, Vv=VM code, C=native code)
C  [librados.so+0x70df1]
C  [librados.so+0x73d28]
C  0x00007fbbc4004750

Java frames: (J=compiled Java code, j=interpreted, Vv=VM code)
j  com.sun.jna.Native.invokeInt(JI[Ljava/lang/Object;)I+0
j  com.sun.jna.Function.invoke([Ljava/lang/Object;Ljava/lang/Class;Z)Ljava/lang/Object;+225
j  com.sun.jna.Function.invoke(Ljava/lang/Class;[Ljava/lang/Object;Ljava/util/Map;)Ljava/lang/Object;+262
j  com.sun.jna.Library$Handler.invoke(Ljava/lang/Object;Ljava/lang/reflect/Method;[Ljava/lang/Object;)Ljava/lang/Object;+316
j  com.sun.proxy.$Proxy0.rados_read(Lcom/sun/jna/Pointer;Ljava/lang/String;[BIJ)I+40
j  com.ceph.rados.IoCTX$11.call()Ljava/lang/Integer;+26
j  com.ceph.rados.IoCTX$11.call()Ljava/lang/Object;+1
j  com.ceph.rados.RadosBase.call(Ljava/util/concurrent/Callable;)Ljava/lang/Object;+1
j  com.ceph.rados.RadosBase.handleReturnCode(Ljava/util/concurrent/Callable;Ljava/lang/String;[Ljava/lang/Object;)Ljava/lang/Number;+2
j  com.ceph.rados.IoCTX.read(Ljava/lang/String;IJ[B)I+68
j  cephrados.RadosClientBase.read(Lreq/Request;)J+40
j  cephrados.CephRados.run(Lreq/Request;)V+34
j  cephrados.CephRados.transfer(Lreq/Request;)V+2
j  sample.Request.ReqGenerator$dump.call(Lreq/Request;)Ljava/util/List;+15
j  sample.Request.ReqGenerator$RequestThread.run()V+1098
j  java.util.concurrent.ThreadPoolExecutor.runWorker(Ljava/util/concurrent/ThreadPoolExecutor$Worker;)V+95
j  java.util.concurrent.ThreadPoolExecutor$Worker.run()V+5
j  java.lang.Thread.run()V+11
v  ~StubRoutines::call_stub

---------------  P R O C E S S  ---------------

Java Threads: ( => current thread )
  0x00007fbc48679800 JavaThread "pool-1-thread-4" [_thread_blocked, id=27057, stack(0x00007fbc281ff000,0x00007fbc28300000)]
=>0x00007fbc48678000 JavaThread "pool-1-thread-3" [_thread_in_native, id=27056, stack(0x00007fbc28300000,0x00007fbc28401000)]
  0x00007fbc48676800 JavaThread "pool-1-thread-2" [_thread_blocked, id=27055, stack(0x00007fbc28401000,0x00007fbc28502000)]
  0x00007fbc48672800 JavaThread "pool-1-thread-1" [_thread_blocked, id=27054, stack(0x00007fbc28502000,0x00007fbc28603000)]
  0x00007fbc480e8800 JavaThread "Service Thread" daemon [_thread_blocked, id=27040, stack(0x00007fbc31735000,0x00007fbc31836000)]
  0x00007fbc480c3000 JavaThread "C1 CompilerThread3" daemon [_thread_blocked, id=27039, stack(0x00007fbc31836000,0x00007fbc31937000)]
  0x00007fbc480be800 JavaThread "C2 CompilerThread2" daemon [_thread_blocked, id=27038, stack(0x00007fbc31937000,0x00007fbc31a38000)]
  0x00007fbc480bc800 JavaThread "C2 CompilerThread1" daemon [_thread_blocked, id=27037, stack(0x00007fbc31a38000,0x00007fbc31b39000)]
  0x00007fbc480b9800 JavaThread "C2 CompilerThread0" daemon [_thread_blocked, id=27036, stack(0x00007fbc31b39000,0x00007fbc31c3a000)]
  0x00007fbc480b7800 JavaThread "Signal Dispatcher" daemon [_thread_blocked, id=27035, stack(0x00007fbc31c3a000,0x00007fbc31d3b000)]
  0x00007fbc48090000 JavaThread "Finalizer" daemon [_thread_blocked, id=27034, stack(0x00007fbc3241f000,0x00007fbc32520000)]
  0x00007fbc4808b000 JavaThread "Reference Handler" daemon [_thread_blocked, id=27033, stack(0x00007fbc32520000,0x00007fbc32621000)]
  0x00007fbc4800d800 JavaThread "main" [_thread_blocked, id=27023, stack(0x00007fbc5136f000,0x00007fbc51470000)]

Other Threads:
  0x00007fbc48083800 VMThread [stack: 0x00007fbc32621000,0x00007fbc32722000] [id=27032]
  0x00007fbc480eb000 WatcherThread [stack: 0x00007fbc31634000,0x00007fbc31735000] [id=27041]

VM state:not at safepoint (normal execution)

VM Mutex/Monitor currently owned by a thread: None

Heap:
 PSYoungGen      total 72192K, used 24625K [0x000000076f600000, 0x0000000774680000, 0x00000007c0000000)
  eden space 61952K, 36% used [0x000000076f600000,0x0000000770c0b3f8,0x0000000773280000)
  from space 10240K, 20% used [0x0000000773280000,0x0000000773481368,0x0000000773c80000)
  to   space 10240K, 0% used [0x0000000773c80000,0x0000000773c80000,0x0000000774680000)
 ParOldGen       total 165376K, used 8K [0x00000006ce200000, 0x00000006d8380000, 0x000000076f600000)
  object space 165376K, 0% used [0x00000006ce200000,0x00000006ce202000,0x00000006d8380000)
 Metaspace       used 6193K, capacity 6307K, committed 6656K, reserved 1056768K
  class space    used 640K, capacity 657K, committed 768K, reserved 1048576K

Card table byte_map: [0x00007fbc4d2af000,0x00007fbc4da3f000] byte_map_base: 0x00007fbc49c3e000

Marking Bits: (ParMarkBitMap*) 0x00007fbc50642000
 Begin Bits: [0x00007fbc04710000, 0x00007fbc08388000)
 End Bits:   [0x00007fbc08388000, 0x00007fbc0c000000)

Polling page: 0x00007fbc51493000

CodeCache: size=245760Kb used=2348Kb max_used=2348Kb free=243411Kb
 bounds [0x00007fbc39000000, 0x00007fbc39270000, 0x00007fbc48000000]
 total_blobs=804 nmethods=487 adapters=232
 compilation: enabled

Compilation events (10 events):
Event: 33.642 Thread 0x00007fbc480c3000 nmethod 482 0x00007fbc39249d10 code [0x00007fbc39249ec0, 0x00007fbc3924a6f8]
Event: 33.642 Thread 0x00007fbc480c3000  484       3       java.lang.ref.Reference::clear (6 bytes)
Event: 33.642 Thread 0x00007fbc480c3000 nmethod 484 0x00007fbc3924aa90 code [0x00007fbc3924abe0, 0x00007fbc3924ad50]
Event: 33.642 Thread 0x00007fbc480c3000  485       3       java.lang.ref.ReferenceQueue::reallyPoll (66 bytes)
Event: 33.642 Thread 0x00007fbc480c3000 nmethod 485 0x00007fbc3924add0 code [0x00007fbc3924af60, 0x00007fbc3924b3f0]
Event: 33.642 Thread 0x00007fbc480c3000  486       3       java.lang.ref.Finalizer::access$000 (4 bytes)
Event: 33.642 Thread 0x00007fbc480c3000 nmethod 486 0x00007fbc3924b4d0 code [0x00007fbc3924b620, 0x00007fbc3924b770]
Event: 33.642 Thread 0x00007fbc480c3000  487       3       java.lang.ref.ReferenceQueue::remove (6 bytes)
Event: 33.642 Thread 0x00007fbc480c3000 nmethod 487 0x00007fbc3924b7d0 code [0x00007fbc3924b940, 0x00007fbc3924bb48]
Event: 33.642 Thread 0x00007fbc480c3000  483   !   3       java.util.zip.ZipFile$ZipFileInflaterInputStream::close (67 bytes)

GC Heap History (2 events):
Event: 33.632 GC heap before
{Heap before GC invocations=1 (full 0):
 PSYoungGen      total 72192K, used 46869K [0x000000076f600000, 0x0000000774680000, 0x00000007c0000000)
  eden space 61952K, 75% used [0x000000076f600000,0x00000007723c5668,0x0000000773280000)
  from space 10240K, 0% used [0x0000000773c80000,0x0000000773c80000,0x0000000774680000)
  to   space 10240K, 0% used [0x0000000773280000,0x0000000773280000,0x0000000773c80000)
 ParOldGen       total 165376K, used 0K [0x00000006ce200000, 0x00000006d8380000, 0x000000076f600000)
  object space 165376K, 0% used [0x00000006ce200000,0x00000006ce200000,0x00000006d8380000)
 Metaspace       used 6180K, capacity 6243K, committed 6400K, reserved 1056768K
  class space    used 640K, capacity 657K, committed 768K, reserved 1048576K
Event: 33.636 GC heap after
Heap after GC invocations=1 (full 0):
 PSYoungGen      total 72192K, used 2052K [0x000000076f600000, 0x0000000774680000, 0x00000007c0000000)
  eden space 61952K, 0% used [0x000000076f600000,0x000000076f600000,0x0000000773280000)
  from space 10240K, 20% used [0x0000000773280000,0x0000000773481368,0x0000000773c80000)
  to   space 10240K, 0% used [0x0000000773c80000,0x0000000773c80000,0x0000000774680000)
 ParOldGen       total 165376K, used 8K [0x00000006ce200000, 0x00000006d8380000, 0x000000076f600000)
  object space 165376K, 0% used [0x00000006ce200000,0x00000006ce202000,0x00000006d8380000)
 Metaspace       used 6180K, capacity 6243K, committed 6400K, reserved 1056768K
  class space    used 640K, capacity 657K, committed 768K, reserved 1048576K
}

Deoptimization events (0 events):
No events

Internal exceptions (10 events):
Event: 0.046 Thread 0x00007fbc4800d800 Exception <a 'java/security/PrivilegedActionException'> (0x000000076f694fc0) thrown at [/build/openjdk-8-VN6Zir/openjdk-8-8u91-b14/src/hotspot/src/share/vm/prims/jvm.cpp, line 1386]
Event: 0.046 Thread 0x00007fbc4800d800 Exception <a 'java/security/PrivilegedActionException'> (0x000000076f6951d0) thrown at [/build/openjdk-8-VN6Zir/openjdk-8-8u91-b14/src/hotspot/src/share/vm/prims/jvm.cpp, line 1386]
Event: 0.061 Thread 0x00007fbc4800d800 Exception <a 'java/security/PrivilegedActionException'> (0x000000076f6eba98) thrown at [/build/openjdk-8-VN6Zir/openjdk-8-8u91-b14/src/hotspot/src/share/vm/prims/jvm.cpp, line 1386]
Event: 0.061 Thread 0x00007fbc4800d800 Exception <a 'java/security/PrivilegedActionException'> (0x000000076f6ebe90) thrown at [/build/openjdk-8-VN6Zir/openjdk-8-8u91-b14/src/hotspot/src/share/vm/prims/jvm.cpp, line 1386]
Event: 0.061 Thread 0x00007fbc4800d800 Exception <a 'java/security/PrivilegedActionException'> (0x000000076f6ee2c8) thrown at [/build/openjdk-8-VN6Zir/openjdk-8-8u91-b14/src/hotspot/src/share/vm/prims/jvm.cpp, line 1386]
Event: 0.061 Thread 0x00007fbc4800d800 Exception <a 'java/security/PrivilegedActionException'> (0x000000076f6ee6c0) thrown at [/build/openjdk-8-VN6Zir/openjdk-8-8u91-b14/src/hotspot/src/share/vm/prims/jvm.cpp, line 1386]
Event: 0.061 Thread 0x00007fbc4800d800 Exception <a 'java/security/PrivilegedActionException'> (0x000000076f6ef560) thrown at [/build/openjdk-8-VN6Zir/openjdk-8-8u91-b14/src/hotspot/src/share/vm/prims/jvm.cpp, line 1386]
Event: 0.061 Thread 0x00007fbc4800d800 Exception <a 'java/security/PrivilegedActionException'> (0x000000076f6ef958) thrown at [/build/openjdk-8-VN6Zir/openjdk-8-8u91-b14/src/hotspot/src/share/vm/prims/jvm.cpp, line 1386]
Event: 0.076 Thread 0x00007fbc4800d800 Exception <a 'java/security/PrivilegedActionException'> (0x000000076f876c48) thrown at [/build/openjdk-8-VN6Zir/openjdk-8-8u91-b14/src/hotspot/src/share/vm/prims/jvm.cpp, line 1386]
Event: 0.076 Thread 0x00007fbc4800d800 Exception <a 'java/security/PrivilegedActionException'> (0x000000076f876e58) thrown at [/build/openjdk-8-VN6Zir/openjdk-8-8u91-b14/src/hotspot/src/share/vm/prims/jvm.cpp, line 1386]

Events (10 events):
Event: 0.222 loading class java/text/NumberFormat$Field
Event: 0.222 loading class java/text/NumberFormat$Field done
Event: 0.223 loading class com/ceph/rados/IoCTX$11
Event: 0.223 loading class com/ceph/rados/IoCTX$11 done
Event: 0.230 loading class com/ceph/rados/IoCTX$6
Event: 0.230 loading class com/ceph/rados/IoCTX$6 done
Event: 4.046 Executing VM operation: EnableBiasedLocking
Event: 4.046 Executing VM operation: EnableBiasedLocking done
Event: 33.632 Executing VM operation: ParallelGCFailedAllocation
Event: 33.636 Executing VM operation: ParallelGCFailedAllocation done


Dynamic libraries:
00400000-00401000 r-xp 00000000 08:03 1970196                            /usr/lib/jvm/java-8-openjdk-amd64/jre/bin/java
00600000-00601000 r--p 00000000 08:03 1970196                            /usr/lib/jvm/java-8-openjdk-amd64/jre/bin/java
00601000-00602000 rw-p 00001000 08:03 1970196                            /usr/lib/jvm/java-8-openjdk-amd64/jre/bin/java
014ef000-01510000 rw-p 00000000 00:00 0                                  [heap]
6ce200000-6d8380000 rw-p 00000000 00:00 0 
6d8380000-76f600000 ---p 00000000 00:00 0 
76f600000-774680000 rw-p 00000000 00:00 0 
774680000-7c0000000 ---p 00000000 00:00 0 
7c0000000-7c00c0000 rw-p 00000000 00:00 0 
7c00c0000-800000000 ---p 00000000 00:00 0 
7fbb88000000-7fbb88021000 rw-p 00000000 00:00 0 
7fbb88021000-7fbb8c000000 ---p 00000000 00:00 0 
7fbb90000000-7fbb90021000 rw-p 00000000 00:00 0 
7fbb90021000-7fbb94000000 ---p 00000000 00:00 0 
7fbb94000000-7fbb94021000 rw-p 00000000 00:00 0 
7fbb94021000-7fbb98000000 ---p 00000000 00:00 0 
7fbb98000000-7fbb98021000 rw-p 00000000 00:00 0 
7fbb98021000-7fbb9c000000 ---p 00000000 00:00 0 
7fbb9c000000-7fbb9c021000 rw-p 00000000 00:00 0 
7fbb9c021000-7fbba0000000 ---p 00000000 00:00 0 
7fbba0000000-7fbba0021000 rw-p 00000000 00:00 0 
7fbba0021000-7fbba4000000 ---p 00000000 00:00 0 
7fbba4000000-7fbba4021000 rw-p 00000000 00:00 0 
7fbba4021000-7fbba8000000 ---p 00000000 00:00 0 
7fbba8000000-7fbba8021000 rw-p 00000000 00:00 0 
7fbba8021000-7fbbac000000 ---p 00000000 00:00 0 
7fbbac000000-7fbbac021000 rw-p 00000000 00:00 0 
7fbbac021000-7fbbb0000000 ---p 00000000 00:00 0 
7fbbb0000000-7fbbb0021000 rw-p 00000000 00:00 0 
7fbbb0021000-7fbbb4000000 ---p 00000000 00:00 0 
7fbbb4000000-7fbbb4021000 rw-p 00000000 00:00 0 
7fbbb4021000-7fbbb8000000 ---p 00000000 00:00 0 
7fbbb8000000-7fbbb89e8000 rw-p 00000000 00:00 0 
7fbbb89e8000-7fbbbc000000 ---p 00000000 00:00 0 
7fbbbc000000-7fbbbc021000 rw-p 00000000 00:00 0 
7fbbbc021000-7fbbc0000000 ---p 00000000 00:00 0 
7fbbc0000000-7fbbc09cc000 rw-p 00000000 00:00 0 
7fbbc09cc000-7fbbc4000000 ---p 00000000 00:00 0 
7fbbc4000000-7fbbc4354000 rw-p 00000000 00:00 0 
7fbbc4354000-7fbbc8000000 ---p 00000000 00:00 0 
7fbbc8000000-7fbbc87df000 rw-p 00000000 00:00 0 
7fbbc87df000-7fbbcc000000 ---p 00000000 00:00 0 
7fbbcdbcb000-7fbbceffe000 rw-p 00000000 00:00 0 
7fbbd0000000-7fbbd0021000 rw-p 00000000 00:00 0 
7fbbd0021000-7fbbd4000000 ---p 00000000 00:00 0 
7fbbd4000000-7fbbd4021000 rw-p 00000000 00:00 0 
7fbbd4021000-7fbbd8000000 ---p 00000000 00:00 0 
7fbbd8000000-7fbbd8021000 rw-p 00000000 00:00 0 
7fbbd8021000-7fbbdc000000 ---p 00000000 00:00 0 
7fbbdc000000-7fbbdc021000 rw-p 00000000 00:00 0 
7fbbdc021000-7fbbe0000000 ---p 00000000 00:00 0 
7fbbe0000000-7fbbe02d1000 rw-p 00000000 00:00 0 
7fbbe02d1000-7fbbe4000000 ---p 00000000 00:00 0 
7fbbe4000000-7fbbe4021000 rw-p 00000000 00:00 0 
7fbbe4021000-7fbbe8000000 ---p 00000000 00:00 0 
7fbbe8000000-7fbbe805b000 rw-p 00000000 00:00 0 
7fbbe805b000-7fbbec000000 ---p 00000000 00:00 0 
7fbbec000000-7fbbec0b1000 rw-p 00000000 00:00 0 
7fbbec0b1000-7fbbf0000000 ---p 00000000 00:00 0 
7fbbf0000000-7fbbf0021000 rw-p 00000000 00:00 0 
7fbbf0021000-7fbbf4000000 ---p 00000000 00:00 0 
7fbbf4000000-7fbbf4085000 rw-p 00000000 00:00 0 
7fbbf4085000-7fbbf8000000 ---p 00000000 00:00 0 
7fbbf8000000-7fbbf8021000 rw-p 00000000 00:00 0 
7fbbf8021000-7fbbfc000000 ---p 00000000 00:00 0 
7fbbfc000000-7fbbfc021000 rw-p 00000000 00:00 0 
7fbbfc021000-7fbc00000000 ---p 00000000 00:00 0 
7fbc00000000-7fbc00021000 rw-p 00000000 00:00 0 
7fbc00021000-7fbc04000000 ---p 00000000 00:00 0 
7fbc04710000-7fbc0c000000 rw-p 00000000 00:00 0 
7fbc0c000000-7fbc0c021000 rw-p 00000000 00:00 0 
7fbc0c021000-7fbc10000000 ---p 00000000 00:00 0 
7fbc10000000-7fbc10021000 rw-p 00000000 00:00 0 
7fbc10021000-7fbc14000000 ---p 00000000 00:00 0 
7fbc14000000-7fbc14021000 rw-p 00000000 00:00 0 
7fbc14021000-7fbc18000000 ---p 00000000 00:00 0 
7fbc197fb000-7fbc197fc000 ---p 00000000 00:00 0 
7fbc197fc000-7fbc19ffc000 rw-p 00000000 00:00 0 
7fbc1a7fd000-7fbc1a7fe000 ---p 00000000 00:00 0 
7fbc1a7fe000-7fbc1affe000 rw-p 00000000 00:00 0 
7fbc1b7ff000-7fbc1b800000 ---p 00000000 00:00 0 
7fbc1b800000-7fbc1c000000 rw-p 00000000 00:00 0 
7fbc1c000000-7fbc1c021000 rw-p 00000000 00:00 0 
7fbc1c021000-7fbc20000000 ---p 00000000 00:00 0 
7fbc20000000-7fbc20021000 rw-p 00000000 00:00 0 
7fbc20021000-7fbc24000000 ---p 00000000 00:00 0 
7fbc24000000-7fbc24021000 rw-p 00000000 00:00 0 
7fbc24021000-7fbc28000000 ---p 00000000 00:00 0 
7fbc281ff000-7fbc28202000 ---p 00000000 00:00 0 
7fbc28202000-7fbc28300000 rw-p 00000000 00:00 0 
7fbc28300000-7fbc28303000 ---p 00000000 00:00 0 
7fbc28303000-7fbc28401000 rw-p 00000000 00:00 0 
7fbc28401000-7fbc28404000 ---p 00000000 00:00 0 
7fbc28404000-7fbc28502000 rw-p 00000000 00:00 0 
7fbc28502000-7fbc28505000 ---p 00000000 00:00 0 
7fbc28505000-7fbc28603000 rw-p 00000000 00:00 0 
7fbc28603000-7fbc28604000 ---p 00000000 00:00 0 
7fbc28604000-7fbc28704000 rw-p 00000000 00:00 0 
7fbc28e97000-7fbc28e98000 ---p 00000000 00:00 0 
7fbc28e98000-7fbc29698000 rw-p 00000000 00:00 0 
7fbc29698000-7fbc2969b000 r-xp 00000000 08:03 1705241                    /usr/lib/x86_64-linux-gnu/libplds4.so
7fbc2969b000-7fbc2989a000 ---p 00003000 08:03 1705241                    /usr/lib/x86_64-linux-gnu/libplds4.so
7fbc2989a000-7fbc2989b000 r--p 00002000 08:03 1705241                    /usr/lib/x86_64-linux-gnu/libplds4.so
7fbc2989b000-7fbc2989c000 rw-p 00003000 08:03 1705241                    /usr/lib/x86_64-linux-gnu/libplds4.so
7fbc2989c000-7fbc298a0000 r-xp 00000000 08:03 1704615                    /usr/lib/x86_64-linux-gnu/libplc4.so
7fbc298a0000-7fbc29a9f000 ---p 00004000 08:03 1704615                    /usr/lib/x86_64-linux-gnu/libplc4.so
7fbc29a9f000-7fbc29aa0000 r--p 00003000 08:03 1704615                    /usr/lib/x86_64-linux-gnu/libplc4.so
7fbc29aa0000-7fbc29aa1000 rw-p 00004000 08:03 1704615                    /usr/lib/x86_64-linux-gnu/libplc4.so
7fbc29aa1000-7fbc29f63000 r-xp 00000000 08:03 1725461                    /usr/lib/x86_64-linux-gnu/librados.so.2.0.0
7fbc29f63000-7fbc2a163000 ---p 004c2000 08:03 1725461                    /usr/lib/x86_64-linux-gnu/librados.so.2.0.0
7fbc2a163000-7fbc2a170000 r--p 004c2000 08:03 1725461                    /usr/lib/x86_64-linux-gnu/librados.so.2.0.0
7fbc2a170000-7fbc2a17b000 rw-p 004cf000 08:03 1725461                    /usr/lib/x86_64-linux-gnu/librados.so.2.0.0
7fbc2a17b000-7fbc2c000000 rw-p 00000000 00:00 0 
7fbc2c000000-7fbc2c021000 rw-p 00000000 00:00 0 
7fbc2c021000-7fbc30000000 ---p 00000000 00:00 0 
7fbc30092000-7fbc30093000 ---p 00000000 00:00 0 
7fbc30093000-7fbc30193000 rw-p 00000000 00:00 0 
7fbc30193000-7fbc301b9000 r-xp 00000000 08:03 1707481                    /usr/lib/x86_64-linux-gnu/libnssutil3.so
7fbc301b9000-7fbc303b9000 ---p 00026000 08:03 1707481                    /usr/lib/x86_64-linux-gnu/libnssutil3.so
7fbc303b9000-7fbc303bf000 r--p 00026000 08:03 1707481                    /usr/lib/x86_64-linux-gnu/libnssutil3.so
7fbc303bf000-7fbc303c0000 rw-p 0002c000 08:03 1707481                    /usr/lib/x86_64-linux-gnu/libnssutil3.so
7fbc303c0000-7fbc303c3000 r-xp 00000000 08:03 1714743                    /usr/lib/x86_64-linux-gnu/libboost_system.so.1.58.0
7fbc303c3000-7fbc305c2000 ---p 00003000 08:03 1714743                    /usr/lib/x86_64-linux-gnu/libboost_system.so.1.58.0
7fbc305c2000-7fbc305c3000 r--p 00002000 08:03 1714743                    /usr/lib/x86_64-linux-gnu/libboost_system.so.1.58.0
7fbc305c3000-7fbc305c4000 rw-p 00003000 08:03 1714743                    /usr/lib/x86_64-linux-gnu/libboost_system.so.1.58.0
7fbc305c4000-7fbc305c8000 r-xp 00000000 08:03 2495266                    /lib/x86_64-linux-gnu/libuuid.so.1.3.0
7fbc305c8000-7fbc307c7000 ---p 00004000 08:03 2495266                    /lib/x86_64-linux-gnu/libuuid.so.1.3.0
7fbc307c7000-7fbc307c8000 r--p 00003000 08:03 2495266                    /lib/x86_64-linux-gnu/libuuid.so.1.3.0
7fbc307c8000-7fbc307c9000 rw-p 00004000 08:03 2495266                    /lib/x86_64-linux-gnu/libuuid.so.1.3.0
7fbc307c9000-7fbc30803000 r-xp 00000000 08:03 1704641                    /usr/lib/x86_64-linux-gnu/libnspr4.so
7fbc30803000-7fbc30a03000 ---p 0003a000 08:03 1704641                    /usr/lib/x86_64-linux-gnu/libnspr4.so
7fbc30a03000-7fbc30a04000 r--p 0003a000 08:03 1704641                    /usr/lib/x86_64-linux-gnu/libnspr4.so
7fbc30a04000-7fbc30a05000 rw-p 0003b000 08:03 1704641                    /usr/lib/x86_64-linux-gnu/libnspr4.so
7fbc30a05000-7fbc30a08000 rw-p 00000000 00:00 0 
7fbc30a08000-7fbc30a30000 r-xp 00000000 08:03 1705465                    /usr/lib/x86_64-linux-gnu/libsmime3.so
7fbc30a30000-7fbc30c30000 ---p 00028000 08:03 1705465                    /usr/lib/x86_64-linux-gnu/libsmime3.so
7fbc30c30000-7fbc30c33000 r--p 00028000 08:03 1705465                    /usr/lib/x86_64-linux-gnu/libsmime3.so
7fbc30c33000-7fbc30c34000 rw-p 0002b000 08:03 1705465                    /usr/lib/x86_64-linux-gnu/libsmime3.so
7fbc30c34000-7fbc30d72000 r-xp 00000000 08:03 1707482                    /usr/lib/x86_64-linux-gnu/libnss3.so
7fbc30d72000-7fbc30f72000 ---p 0013e000 08:03 1707482                    /usr/lib/x86_64-linux-gnu/libnss3.so
7fbc30f72000-7fbc30f77000 r--p 0013e000 08:03 1707482                    /usr/lib/x86_64-linux-gnu/libnss3.so
7fbc30f77000-7fbc30f79000 rw-p 00143000 08:03 1707482                    /usr/lib/x86_64-linux-gnu/libnss3.so
7fbc30f79000-7fbc30f7a000 rw-p 00000000 00:00 0 
7fbc30f7a000-7fbc30f9d000 r-xp 00000000 08:03 1725460                    /usr/lib/x86_64-linux-gnu/libboost_thread.so.1.58.0
7fbc30f9d000-7fbc3119d000 ---p 00023000 08:03 1725460                    /usr/lib/x86_64-linux-gnu/libboost_thread.so.1.58.0
7fbc3119d000-7fbc3119f000 r--p 00023000 08:03 1725460                    /usr/lib/x86_64-linux-gnu/libboost_thread.so.1.58.0
7fbc3119f000-7fbc311a0000 rw-p 00025000 08:03 1725460                    /usr/lib/x86_64-linux-gnu/libboost_thread.so.1.58.0
7fbc311be000-7fbc311bf000 rw-p 00000000 00:00 0 
7fbc311bf000-7fbc311d6000 r-xp 00000000 08:03 797953                     /tmp/jna--1141145175/jna8496717761215080144.tmp (deleted)
7fbc311d6000-7fbc312d5000 ---p 00017000 08:03 797953                     /tmp/jna--1141145175/jna8496717761215080144.tmp (deleted)
7fbc312d5000-7fbc312d7000 rw-p 00016000 08:03 797953                     /tmp/jna--1141145175/jna8496717761215080144.tmp (deleted)
7fbc312d7000-7fbc312db000 r--s 00097000 08:03 1970273                    /usr/lib/jvm/java-8-openjdk-amd64/jre/lib/jsse.jar
7fbc312db000-7fbc312dd000 r--s 00009000 08:06 15074424                   /home/tongxin/.m2/repository/org/slf4j/slf4j-api/1.7.21/slf4j-api-1.7.21.jar
7fbc312dd000-7fbc312df000 r--s 00006000 08:06 15074422                   /home/tongxin/.m2/repository/com/google/code/findbugs/jsr305/2.0.0/jsr305-2.0.0.jar
7fbc312df000-7fbc312e5000 r--s 0003c000 08:06 15074420                   /home/tongxin/.m2/repository/org/yaml/snakeyaml/1.15/snakeyaml-1.15.jar
7fbc312e5000-7fbc312ee000 r--s 00046000 08:06 15074418                   /home/tongxin/.m2/repository/com/fasterxml/jackson/dataformat/jackson-dataformat-yaml/2.7.3/jackson-dataformat-yaml-2.7.3.jar
7fbc312ee000-7fbc312f1000 r--s 0003b000 08:06 15074416                   /home/tongxin/.m2/repository/com/fasterxml/jackson/core/jackson-core/2.7.3/jackson-core-2.7.3.jar
7fbc312f1000-7fbc312f4000 r--s 0000a000 08:06 15074414                   /home/tongxin/.m2/repository/com/fasterxml/jackson/core/jackson-annotations/2.7.0/jackson-annotations-2.7.0.jar
7fbc312f4000-7fbc31305000 r--s 00115000 08:06 15074412                   /home/tongxin/.m2/repository/com/fasterxml/jackson/core/jackson-databind/2.7.3/jackson-databind-2.7.3.jar
7fbc31305000-7fbc31330000 r--s 001f9000 08:06 15074410                   /home/tongxin/.m2/repository/com/google/guava/guava/17.0/guava-17.0.jar
7fbc31330000-7fbc3135d000 r--s 00135000 08:06 15074408                   /home/tongxin/.m2/repository/org/pacesys/openstack4j-core/3.0.2/openstack4j-core-3.0.2.jar
7fbc3135d000-7fbc3135f000 r--s 00007000 08:06 15074404                   /home/tongxin/.m2/repository/com/fasterxml/jackson/module/jackson-module-jaxb-annotations/2.7.3/jackson-module-jaxb-annotations-2.7.3.jar
7fbc3135f000-7fbc31361000 r--s 00006000 08:06 15074402                   /home/tongxin/.m2/repository/com/fasterxml/jackson/jaxrs/jackson-jaxrs-base/2.7.3/jackson-jaxrs-base-2.7.3.jar
7fbc31361000-7fbc31363000 r--s 00003000 08:06 15074400                   /home/tongxin/.m2/repository/com/fasterxml/jackson/jaxrs/jackson-jaxrs-json-provider/2.7.3/jackson-jaxrs-json-provider-2.7.3.jar
7fbc31363000-7fbc31364000 r--s 00000000 08:06 15074398                   /home/tongxin/.m2/repository/net/jcip/jcip-annotations/1.0/jcip-annotations-1.0.jar
7fbc31364000-7fbc31366000 r--s 0000e000 08:06 12453443                   /home/tongxin/.m2/repository/javax/activation/activation/1.1/activation-1.1.jar
7fbc31366000-7fbc31367000 r--s 00001000 08:06 15073572                   /home/tongxin/.m2/repository/javax/annotation/jsr250-api/1.0/jsr250-api-1.0.jar
7fbc31367000-7fbc31370000 r--s 00095000 08:06 15074392                   /home/tongxin/.m2/repository/javassist/javassist/3.12.1.GA/javassist-3.12.1.GA.jar
7fbc31370000-7fbc31371000 r--s 00004000 08:06 15074390                   /home/tongxin/.m2/repository/org/scannotation/scannotation/1.0.3/scannotation-1.0.3.jar
7fbc31371000-7fbc31373000 r--s 0000a000 08:06 15074388                   /home/tongxin/.m2/repository/org/jboss/resteasy/jaxrs-api/2.3.7.Final/jaxrs-api-2.3.7.Final.jar
7fbc31373000-7fbc31380000 r--s 00090000 08:06 15074386                   /home/tongxin/.m2/repository/org/jboss/resteasy/resteasy-jaxrs/2.3.7.Final/resteasy-jaxrs-2.3.7.Final.jar
7fbc31380000-7fbc31382000 r--s 00002000 08:06 15074384                   /home/tongxin/.m2/repository/org/pacesys/openstack4j/connectors/openstack4j-resteasy/3.0.2/openstack4j-resteasy-3.0.2.jar
7fbc31382000-7fbc31424000 r--s 0071c000 08:06 15074382                   /home/tongxin/.m2/repository/org/pacesys/openstack4j/3.0.2/openstack4j-3.0.2-withdeps.jar
7fbc31424000-7fbc31427000 r--s 00010000 08:06 12453646                   /home/tongxin/.m2/repository/com/ceph/rados/0.3.0/rados-0.3.0.jar
7fbc31427000-7fbc31429000 r--s 00003000 08:06 12453447                   /home/tongxin/.m2/repository/org/apache/hadoop/hadoop-annotations/2.4.1/hadoop-annotations-2.4.1.jar
7fbc31429000-7fbc31433000 r--s 00066000 08:06 12453445                   /home/tongxin/.m2/repository/com/sun/jersey/jersey-core/1.9/jersey-core-1.9.jar
7fbc31433000-7fbc31435000 r--s 00018000 08:06 12583172                   /home/tongxin/.m2/repository/javax/servlet/servlet-api/2.5/servlet-api-2.5.jar
7fbc31435000-7fbc31437000 r--s 00004000 08:06 12453441                   /home/tongxin/.m2/repository/javax/xml/stream/stax-api/1.0-2/stax-api-1.0-2.jar
7fbc31437000-7fbc3143a000 r--s 00017000 08:06 12453439                   /home/tongxin/.m2/repository/javax/xml/bind/jaxb-api/2.2.2/jaxb-api-2.2.2.jar
7fbc3143a000-7fbc3144e000 r--s 00144000 08:06 12453437                   /home/tongxin/.m2/repository/org/apache/hadoop/hadoop-yarn-common/2.4.1/hadoop-yarn-common-2.4.1.jar
7fbc3144e000-7fbc31466000 r--s 00155000 08:06 12583170                   /home/tongxin/.m2/repository/org/apache/hadoop/hadoop-mapreduce-client-core/2.4.1/hadoop-mapreduce-client-core-2.4.1.jar
7fbc31466000-7fbc3147e000 r--s 00179000 08:06 12453435                   /home/tongxin/.m2/repository/org/apache/hadoop/hadoop-yarn-api/2.4.1/hadoop-yarn-api-2.4.1.jar
7fbc3147e000-7fbc31480000 r--s 00005000 08:06 12583168                   /home/tongxin/.m2/repository/org/apache/hadoop/hadoop-mapreduce-client-shuffle/2.4.1/hadoop-mapreduce-client-shuffle-2.4.1.jar
7fbc31480000-7fbc31485000 r--s 00030000 08:06 12583166                   /home/tongxin/.m2/repository/org/apache/hadoop/hadoop-yarn-server-common/2.4.1/hadoop-yarn-server-common-2.4.1.jar
7fbc31485000-7fbc31488000 r--s 0001d000 08:06 12583164                   /home/tongxin/.m2/repository/com/sun/jersey/jersey-client/1.9/jersey-client-1.9.jar
7fbc31488000-7fbc3148b000 r--s 00018000 08:06 12583162                   /home/tongxin/.m2/repository/org/apache/hadoop/hadoop-yarn-client/2.4.1/hadoop-yarn-client-2.4.1.jar
7fbc3148b000-7fbc31496000 r--s 00097000 08:06 12453433                   /home/tongxin/.m2/repository/org/apache/hadoop/hadoop-mapreduce-client-common/2.4.1/hadoop-mapreduce-client-common-2.4.1.jar
7fbc31496000-7fbc314a0000 r--s 0006e000 08:06 12453431                   /home/tongxin/.m2/repository/org/apache/hadoop/hadoop-mapreduce-client-app/2.4.1/hadoop-mapreduce-client-app-2.4.1.jar
7fbc314a0000-7fbc314a4000 r--s 00028000 08:06 12453429                   /home/tongxin/.m2/repository/org/mortbay/jetty/jetty-util/6.1.26/jetty-util-6.1.26.jar
7fbc314a4000-7fbc314fd000 r--s 0062b000 08:06 12453427                   /home/tongxin/.m2/repository/org/apache/hadoop/hadoop-hdfs/2.4.1/hadoop-hdfs-2.4.1.jar
7fbc314fd000-7fbc31501000 r--s 00014000 08:06 12453425                   /home/tongxin/.m2/repository/org/tukaani/xz/1.0/xz-1.0.jar
7fbc31501000-7fbc31506000 r--s 00036000 08:06 12453423                   /home/tongxin/.m2/repository/org/apache/commons/commons-compress/1.4.1/commons-compress-1.4.1.jar
7fbc31506000-7fbc31512000 r--s 000b3000 08:06 12453421                   /home/tongxin/.m2/repository/org/apache/zookeeper/zookeeper/3.4.5/zookeeper-3.4.5.jar
7fbc31512000-7fbc31518000 r--s 00032000 08:06 12453417                   /home/tongxin/.m2/repository/org/apache/httpcomponents/httpcore/4.2.4/httpcore-4.2.4.jar
7fbc31518000-7fbc31521000 r--s 00061000 08:06 12453415                   /home/tongxin/.m2/repository/org/apache/httpcomponents/httpclient/4.2.5/httpclient-4.2.5.jar
7fbc31521000-7fbc31523000 r--s 0000b000 08:06 12453413                   /home/tongxin/.m2/repository/org/apache/hadoop/hadoop-auth/2.4.1/hadoop-auth-2.4.1.jar
7fbc31523000-7fbc3152b000 r--s 0007b000 08:06 12453411                   /home/tongxin/.m2/repository/com/google/protobuf/protobuf-java/2.5.0/protobuf-java-2.5.0.jar
7fbc3152b000-7fbc3152d000 r--s 000f2000 08:06 12453409                   /home/tongxin/.m2/repository/org/xerial/snappy/snappy-java/1.0.4.1/snappy-java-1.0.4.1.jar
7fbc3152d000-7fbc3152f000 r--s 00006000 08:06 12453407                   /home/tongxin/.m2/repository/com/thoughtworks/paranamer/paranamer/2.3/paranamer-2.3.jar
7fbc3152f000-7fbc31536000 r--s 00044000 08:06 12453405                   /home/tongxin/.m2/repository/org/apache/avro/avro/1.7.4/avro-1.7.4.jar
7fbc31536000-7fbc31543000 r--s 00097000 08:06 12453403                   /home/tongxin/.m2/repository/org/codehaus/jackson/jackson-mapper-asl/1.8.8/jackson-mapper-asl-1.8.8.jar
7fbc31543000-7fbc31547000 r--s 00034000 08:06 12453401                   /home/tongxin/.m2/repository/org/codehaus/jackson/jackson-core-asl/1.8.8/jackson-core-asl-1.8.8.jar
7fbc31547000-7fbc31549000 r--s 00001000 08:06 12453399                   /home/tongxin/.m2/repository/org/slf4j/slf4j-log4j12/1.7.5/slf4j-log4j12-1.7.5.jar
7fbc31549000-7fbc3154d000 r--s 0002f000 08:06 12453395                   /home/tongxin/.m2/repository/commons-beanutils/commons-beanutils-core/1.8.0/commons-beanutils-core-1.8.0.jar
7fbc3154d000-7fbc31552000 r--s 0002a000 08:06 12453393                   /home/tongxin/.m2/repository/commons-beanutils/commons-beanutils/1.7.0/commons-beanutils-1.7.0.jar
7fbc31552000-7fbc31556000 r--s 00020000 08:06 12453391                   /home/tongxin/.m2/repository/commons-digester/commons-digester/1.8/commons-digester-1.8.jar
7fbc31556000-7fbc3155c000 r--s 00043000 08:06 12453389                   /home/tongxin/.m2/repository/commons-configuration/commons-configuration/1.6/commons-configuration-1.6.jar
7fbc3155c000-7fbc31561000 r--s 00041000 08:06 12453387                   /home/tongxin/.m2/repository/commons-lang/commons-lang/2.6/commons-lang-2.6.jar
7fbc31561000-7fbc3156a000 r--s 0006f000 08:06 12453385                   /home/tongxin/.m2/repository/log4j/log4j/1.2.17/log4j-1.2.17.jar
7fbc3156a000-7fbc3156c000 r--s 0000e000 08:06 12453383                   /home/tongxin/.m2/repository/commons-logging/commons-logging/1.1.3/commons-logging-1.1.3.jar
7fbc3156c000-7fbc3157a000 r--s 0007f000 08:06 12453381                   /home/tongxin/.m2/repository/commons-collections/commons-collections/3.2.1/commons-collections-3.2.1.jar
7fbc3157a000-7fbc3157f000 r--s 0003e000 08:06 12453379                   /home/tongxin/.m2/repository/commons-net/commons-net/3.1/commons-net-3.1.jar
7fbc3157f000-7fbc31583000 r--s 0002a000 08:06 12453377                   /home/tongxin/.m2/repository/commons-io/commons-io/2.4/commons-io-2.4.jar
7fbc31583000-7fbc31589000 r--s 00045000 08:06 12453372                   /home/tongxin/.m2/repository/commons-httpclient/commons-httpclient/3.1/commons-httpclient-3.1.jar
7fbc31589000-7fbc315b8000 r--s 00298000 08:06 12453326                   /home/tongxin/.m2/repository/org/apache/hadoop/hadoop-common/2.4.1/hadoop-common-2.4.1.jar
7fbc315b8000-7fbc315df000 r--s 001f6000 08:06 14813836                   /home/tongxin/.m2/repository/org/apache/commons/commons-math3/3.6.1/commons-math3-3.6.1.jar
7fbc315df000-7fbc315fd000 r--s 00110000 08:06 15729460                   /home/tongxin/.m2/repository/org/mockito/mockito-all/1.10.19/mockito-all-1.10.19.jar
7fbc315fd000-7fbc31618000 r--s 001d7000 08:03 1970262                    /usr/lib/jvm/java-8-openjdk-amd64/jre/lib/ext/nashorn.jar
7fbc31618000-7fbc31634000 r--s 00393000 08:03 1970264                    /usr/lib/jvm/java-8-openjdk-amd64/jre/lib/ext/cldrdata.jar
7fbc31634000-7fbc31635000 ---p 00000000 00:00 0 
7fbc31635000-7fbc31735000 rw-p 00000000 00:00 0 
7fbc31735000-7fbc31738000 ---p 00000000 00:00 0 
7fbc31738000-7fbc31836000 rw-p 00000000 00:00 0 
7fbc31836000-7fbc31839000 ---p 00000000 00:00 0 
7fbc31839000-7fbc31937000 rw-p 00000000 00:00 0 
7fbc31937000-7fbc3193a000 ---p 00000000 00:00 0 
7fbc3193a000-7fbc31a38000 rw-p 00000000 00:00 0 
7fbc31a38000-7fbc31a3b000 ---p 00000000 00:00 0 
7fbc31a3b000-7fbc31b39000 rw-p 00000000 00:00 0 
7fbc31b39000-7fbc31b3c000 ---p 00000000 00:00 0 
7fbc31b3c000-7fbc31c3a000 rw-p 00000000 00:00 0 
7fbc31c3a000-7fbc31c3d000 ---p 00000000 00:00 0 
7fbc31c3d000-7fbc31d3b000 rw-p 00000000 00:00 0 
7fbc31d3b000-7fbc3241f000 r--p 00000000 08:03 1712807                    /usr/lib/locale/locale-archive
7fbc3241f000-7fbc32422000 ---p 00000000 00:00 0 
7fbc32422000-7fbc32520000 rw-p 00000000 00:00 0 
7fbc32520000-7fbc32523000 ---p 00000000 00:00 0 
7fbc32523000-7fbc32621000 rw-p 00000000 00:00 0 
7fbc32621000-7fbc32622000 ---p 00000000 00:00 0 
7fbc32622000-7fbc34000000 rw-p 00000000 00:00 0 
7fbc34000000-7fbc34021000 rw-p 00000000 00:00 0 
7fbc34021000-7fbc38000000 ---p 00000000 00:00 0 
7fbc38000000-7fbc38001000 r--s 00008000 08:06 12583174                   /home/tongxin/.m2/repository/org/apache/hadoop/hadoop-mapreduce-client-jobclient/2.4.1/hadoop-mapreduce-client-jobclient-2.4.1.jar
7fbc38001000-7fbc38003000 r--s 0000d000 08:06 12453375                   /home/tongxin/.m2/repository/commons-codec/commons-codec/1.4/commons-codec-1.4.jar
7fbc38003000-7fbc38004000 r--s 00003000 08:06 12453369                   /home/tongxin/.m2/repository/xmlenc/xmlenc/0.52/xmlenc-0.52.jar
7fbc38004000-7fbc3800e000 r--s 00116000 08:03 1970270                    /usr/lib/jvm/java-8-openjdk-amd64/jre/lib/ext/localedata.jar
7fbc3800e000-7fbc38631000 rw-p 00000000 00:00 0 
7fbc38631000-7fbc38871000 ---p 00000000 00:00 0 
7fbc38871000-7fbc39000000 rw-p 00000000 00:00 0 
7fbc39000000-7fbc39270000 rwxp 00000000 00:00 0 
7fbc39270000-7fbc48000000 ---p 00000000 00:00 0 
7fbc48000000-7fbc48736000 rw-p 00000000 00:00 0 
7fbc48736000-7fbc4c000000 ---p 00000000 00:00 0 
7fbc4c000000-7fbc4c002000 r--s 00009000 08:06 12453362                   /home/tongxin/.m2/repository/commons-cli/commons-cli/1.2/commons-cli-1.2.jar
7fbc4c002000-7fbc4c003000 r--s 00000000 08:06 10356013                   /home/tongxin/.m2/repository/org/apache/hadoop/hadoop-client/2.4.1/hadoop-client-2.4.1.jar
7fbc4c003000-7fbc4c009000 r--s 00036000 08:06 14813486                   /home/tongxin/.m2/repository/junit/junit/4.11/junit-4.11.jar
7fbc4c009000-7fbc4c359000 rw-p 00000000 00:00 0 
7fbc4c359000-7fbc4c527000 r--s 03beb000 08:03 1970253                    /usr/lib/jvm/java-8-openjdk-amd64/jre/lib/rt.jar
7fbc4c527000-7fbc4c59d000 rw-p 00000000 00:00 0 
7fbc4c59d000-7fbc4c59e000 ---p 00000000 00:00 0 
7fbc4c59e000-7fbc4c69e000 rw-p 00000000 00:00 0 
7fbc4c69e000-7fbc4c69f000 ---p 00000000 00:00 0 
7fbc4c69f000-7fbc4c79f000 rw-p 00000000 00:00 0 
7fbc4c79f000-7fbc4c7a0000 ---p 00000000 00:00 0 
7fbc4c7a0000-7fbc4c8a0000 rw-p 00000000 00:00 0 
7fbc4c8a0000-7fbc4c8a1000 ---p 00000000 00:00 0 
7fbc4c8a1000-7fbc4c9a1000 rw-p 00000000 00:00 0 
7fbc4c9a1000-7fbc4c9a2000 ---p 00000000 00:00 0 
7fbc4c9a2000-7fbc4caa2000 rw-p 00000000 00:00 0 
7fbc4caa2000-7fbc4caa3000 ---p 00000000 00:00 0 
7fbc4caa3000-7fbc4cba3000 rw-p 00000000 00:00 0 
7fbc4cba3000-7fbc4cba4000 ---p 00000000 00:00 0 
7fbc4cba4000-7fbc4cca4000 rw-p 00000000 00:00 0 
7fbc4cca4000-7fbc4cca5000 ---p 00000000 00:00 0 
7fbc4cca5000-7fbc4cdf6000 rw-p 00000000 00:00 0 
7fbc4cdf6000-7fbc4d2af000 ---p 00000000 00:00 0 
7fbc4d2af000-7fbc4d300000 rw-p 00000000 00:00 0 
7fbc4d300000-7fbc4d7b9000 ---p 00000000 00:00 0 
7fbc4d7b9000-7fbc4d7e2000 rw-p 00000000 00:00 0 
7fbc4d7e2000-7fbc4da3e000 ---p 00000000 00:00 0 
7fbc4da3e000-7fbc4da49000 rw-p 00000000 00:00 0 
7fbc4da49000-7fbc4ddff000 ---p 00000000 00:00 0 
7fbc4ddff000-7fbc4de07000 r-xp 00000000 08:03 1970224                    /usr/lib/jvm/java-8-openjdk-amd64/jre/lib/amd64/libzip.so
7fbc4de07000-7fbc4e006000 ---p 00008000 08:03 1970224                    /usr/lib/jvm/java-8-openjdk-amd64/jre/lib/amd64/libzip.so
7fbc4e006000-7fbc4e007000 r--p 00007000 08:03 1970224                    /usr/lib/jvm/java-8-openjdk-amd64/jre/lib/amd64/libzip.so
7fbc4e007000-7fbc4e008000 rw-p 00008000 08:03 1970224                    /usr/lib/jvm/java-8-openjdk-amd64/jre/lib/amd64/libzip.so
7fbc4e008000-7fbc4e012000 r-xp 00000000 08:03 2490470                    /lib/x86_64-linux-gnu/libnss_files-2.21.so
7fbc4e012000-7fbc4e212000 ---p 0000a000 08:03 2490470                    /lib/x86_64-linux-gnu/libnss_files-2.21.so
7fbc4e212000-7fbc4e213000 r--p 0000a000 08:03 2490470                    /lib/x86_64-linux-gnu/libnss_files-2.21.so
7fbc4e213000-7fbc4e214000 rw-p 0000b000 08:03 2490470                    /lib/x86_64-linux-gnu/libnss_files-2.21.so
7fbc4e214000-7fbc4e21f000 r-xp 00000000 08:03 2495230                    /lib/x86_64-linux-gnu/libnss_nis-2.21.so
7fbc4e21f000-7fbc4e41e000 ---p 0000b000 08:03 2495230                    /lib/x86_64-linux-gnu/libnss_nis-2.21.so
7fbc4e41e000-7fbc4e41f000 r--p 0000a000 08:03 2495230                    /lib/x86_64-linux-gnu/libnss_nis-2.21.so
7fbc4e41f000-7fbc4e420000 rw-p 0000b000 08:03 2495230                    /lib/x86_64-linux-gnu/libnss_nis-2.21.so
7fbc4e420000-7fbc4e437000 r-xp 00000000 08:03 2495435                    /lib/x86_64-linux-gnu/libnsl-2.21.so
7fbc4e437000-7fbc4e636000 ---p 00017000 08:03 2495435                    /lib/x86_64-linux-gnu/libnsl-2.21.so
7fbc4e636000-7fbc4e637000 r--p 00016000 08:03 2495435                    /lib/x86_64-linux-gnu/libnsl-2.21.so
7fbc4e637000-7fbc4e638000 rw-p 00017000 08:03 2495435                    /lib/x86_64-linux-gnu/libnsl-2.21.so
7fbc4e638000-7fbc4e63a000 rw-p 00000000 00:00 0 
7fbc4e63a000-7fbc4e642000 r-xp 00000000 08:03 2490472                    /lib/x86_64-linux-gnu/libnss_compat-2.21.so
7fbc4e642000-7fbc4e841000 ---p 00008000 08:03 2490472                    /lib/x86_64-linux-gnu/libnss_compat-2.21.so
7fbc4e841000-7fbc4e842000 r--p 00007000 08:03 2490472                    /lib/x86_64-linux-gnu/libnss_compat-2.21.so
7fbc4e842000-7fbc4e843000 rw-p 00008000 08:03 2490472                    /lib/x86_64-linux-gnu/libnss_compat-2.21.so
7fbc4e843000-7fbc4e870000 r-xp 00000000 08:03 1970210                    /usr/lib/jvm/java-8-openjdk-amd64/jre/lib/amd64/libjava.so
7fbc4e870000-7fbc4ea6f000 ---p 0002d000 08:03 1970210                    /usr/lib/jvm/java-8-openjdk-amd64/jre/lib/amd64/libjava.so
7fbc4ea6f000-7fbc4ea70000 r--p 0002c000 08:03 1970210                    /usr/lib/jvm/java-8-openjdk-amd64/jre/lib/amd64/libjava.so
7fbc4ea70000-7fbc4ea72000 rw-p 0002d000 08:03 1970210                    /usr/lib/jvm/java-8-openjdk-amd64/jre/lib/amd64/libjava.so
7fbc4ea72000-7fbc4ea81000 r-xp 00000000 08:03 1970211                    /usr/lib/jvm/java-8-openjdk-amd64/jre/lib/amd64/libverify.so
7fbc4ea81000-7fbc4ec80000 ---p 0000f000 08:03 1970211                    /usr/lib/jvm/java-8-openjdk-amd64/jre/lib/amd64/libverify.so
7fbc4ec80000-7fbc4ec82000 r--p 0000e000 08:03 1970211                    /usr/lib/jvm/java-8-openjdk-amd64/jre/lib/amd64/libverify.so
7fbc4ec82000-7fbc4ec83000 rw-p 00010000 08:03 1970211                    /usr/lib/jvm/java-8-openjdk-amd64/jre/lib/amd64/libverify.so
7fbc4ec83000-7fbc4ec8a000 r-xp 00000000 08:03 2490471                    /lib/x86_64-linux-gnu/librt-2.21.so
7fbc4ec8a000-7fbc4ee89000 ---p 00007000 08:03 2490471                    /lib/x86_64-linux-gnu/librt-2.21.so
7fbc4ee89000-7fbc4ee8a000 r--p 00006000 08:03 2490471                    /lib/x86_64-linux-gnu/librt-2.21.so
7fbc4ee8a000-7fbc4ee8b000 rw-p 00007000 08:03 2490471                    /lib/x86_64-linux-gnu/librt-2.21.so
7fbc4ee8b000-7fbc4eea1000 r-xp 00000000 08:03 2495125                    /lib/x86_64-linux-gnu/libgcc_s.so.1
7fbc4eea1000-7fbc4f0a0000 ---p 00016000 08:03 2495125                    /lib/x86_64-linux-gnu/libgcc_s.so.1
7fbc4f0a0000-7fbc4f0a1000 r--p 00015000 08:03 2495125                    /lib/x86_64-linux-gnu/libgcc_s.so.1
7fbc4f0a1000-7fbc4f0a2000 rw-p 00016000 08:03 2495125                    /lib/x86_64-linux-gnu/libgcc_s.so.1
7fbc4f0a2000-7fbc4f1a9000 r-xp 00000000 08:03 2490473                    /lib/x86_64-linux-gnu/libm-2.21.so
7fbc4f1a9000-7fbc4f3a8000 ---p 00107000 08:03 2490473                    /lib/x86_64-linux-gnu/libm-2.21.so
7fbc4f3a8000-7fbc4f3a9000 r--p 00106000 08:03 2490473                    /lib/x86_64-linux-gnu/libm-2.21.so
7fbc4f3a9000-7fbc4f3aa000 rw-p 00107000 08:03 2490473                    /lib/x86_64-linux-gnu/libm-2.21.so
7fbc4f3aa000-7fbc4f51d000 r-xp 00000000 08:03 1715585                    /usr/lib/x86_64-linux-gnu/libstdc++.so.6.0.21
7fbc4f51d000-7fbc4f71c000 ---p 00173000 08:03 1715585                    /usr/lib/x86_64-linux-gnu/libstdc++.so.6.0.21
7fbc4f71c000-7fbc4f726000 r--p 00172000 08:03 1715585                    /usr/lib/x86_64-linux-gnu/libstdc++.so.6.0.21
7fbc4f726000-7fbc4f728000 rw-p 0017c000 08:03 1715585                    /usr/lib/x86_64-linux-gnu/libstdc++.so.6.0.21
7fbc4f728000-7fbc4f72c000 rw-p 00000000 00:00 0 
7fbc4f72c000-7fbc50373000 r-xp 00000000 08:03 1970222                    /usr/lib/jvm/java-8-openjdk-amd64/jre/lib/amd64/server/libjvm.so
7fbc50373000-7fbc50573000 ---p 00c47000 08:03 1970222                    /usr/lib/jvm/java-8-openjdk-amd64/jre/lib/amd64/server/libjvm.so
7fbc50573000-7fbc50606000 r--p 00c47000 08:03 1970222                    /usr/lib/jvm/java-8-openjdk-amd64/jre/lib/amd64/server/libjvm.so
7fbc50606000-7fbc5062e000 rw-p 00cda000 08:03 1970222                    /usr/lib/jvm/java-8-openjdk-amd64/jre/lib/amd64/server/libjvm.so
7fbc5062e000-7fbc5065e000 rw-p 00000000 00:00 0 
7fbc5065e000-7fbc50676000 r-xp 00000000 08:03 2490474                    /lib/x86_64-linux-gnu/libpthread-2.21.so
7fbc50676000-7fbc50876000 ---p 00018000 08:03 2490474                    /lib/x86_64-linux-gnu/libpthread-2.21.so
7fbc50876000-7fbc50877000 r--p 00018000 08:03 2490474                    /lib/x86_64-linux-gnu/libpthread-2.21.so
7fbc50877000-7fbc50878000 rw-p 00019000 08:03 2490474                    /lib/x86_64-linux-gnu/libpthread-2.21.so
7fbc50878000-7fbc5087c000 rw-p 00000000 00:00 0 
7fbc5087c000-7fbc5087f000 r-xp 00000000 08:03 2495042                    /lib/x86_64-linux-gnu/libdl-2.21.so
7fbc5087f000-7fbc50a7e000 ---p 00003000 08:03 2495042                    /lib/x86_64-linux-gnu/libdl-2.21.so
7fbc50a7e000-7fbc50a7f000 r--p 00002000 08:03 2495042                    /lib/x86_64-linux-gnu/libdl-2.21.so
7fbc50a7f000-7fbc50a80000 rw-p 00003000 08:03 2495042                    /lib/x86_64-linux-gnu/libdl-2.21.so
7fbc50a80000-7fbc50a99000 r-xp 00000000 08:03 2495271                    /lib/x86_64-linux-gnu/libz.so.1.2.8
7fbc50a99000-7fbc50c98000 ---p 00019000 08:03 2495271                    /lib/x86_64-linux-gnu/libz.so.1.2.8
7fbc50c98000-7fbc50c99000 r--p 00018000 08:03 2495271                    /lib/x86_64-linux-gnu/libz.so.1.2.8
7fbc50c99000-7fbc50c9a000 rw-p 00019000 08:03 2495271                    /lib/x86_64-linux-gnu/libz.so.1.2.8
7fbc50c9a000-7fbc50e5a000 r-xp 00000000 08:03 2495496                    /lib/x86_64-linux-gnu/libc-2.21.so
7fbc50e5a000-7fbc5105a000 ---p 001c0000 08:03 2495496                    /lib/x86_64-linux-gnu/libc-2.21.so
7fbc5105a000-7fbc5105e000 r--p 001c0000 08:03 2495496                    /lib/x86_64-linux-gnu/libc-2.21.so
7fbc5105e000-7fbc51060000 rw-p 001c4000 08:03 2495496                    /lib/x86_64-linux-gnu/libc-2.21.so
7fbc51060000-7fbc51064000 rw-p 00000000 00:00 0 
7fbc51064000-7fbc51071000 r-xp 00000000 08:03 1970237                    /usr/lib/jvm/java-8-openjdk-amd64/jre/lib/amd64/jli/libjli.so
7fbc51071000-7fbc51271000 ---p 0000d000 08:03 1970237                    /usr/lib/jvm/java-8-openjdk-amd64/jre/lib/amd64/jli/libjli.so
7fbc51271000-7fbc51272000 r--p 0000d000 08:03 1970237                    /usr/lib/jvm/java-8-openjdk-amd64/jre/lib/amd64/jli/libjli.so
7fbc51272000-7fbc51273000 rw-p 0000e000 08:03 1970237                    /usr/lib/jvm/java-8-openjdk-amd64/jre/lib/amd64/jli/libjli.so
7fbc51273000-7fbc51297000 r-xp 00000000 08:03 2495436                    /lib/x86_64-linux-gnu/ld-2.21.so
7fbc51297000-7fbc5129a000 r--s 00019000 08:06 14813834                   /home/tongxin/.m2/repository/org/apache/commons/commons-pool2/2.4.2/commons-pool2-2.4.2.jar
7fbc5129a000-7fbc5129c000 r--s 00017000 08:06 14813832                   /home/tongxin/.m2/repository/org/ini4j/ini4j/0.5.4/ini4j-0.5.4.jar
7fbc5129c000-7fbc512a0000 r--s 000dc000 08:06 12453648                   /home/tongxin/.m2/repository/net/java/dev/jna/jna/4.1.0/jna-4.1.0.jar
7fbc512a0000-7fbc5136f000 rw-p 00000000 00:00 0 
7fbc5136f000-7fbc51372000 ---p 00000000 00:00 0 
7fbc51372000-7fbc51475000 rw-p 00000000 00:00 0 
7fbc51475000-7fbc51477000 r--s 00009000 08:06 14813488                   /home/tongxin/.m2/repository/org/hamcrest/hamcrest-core/1.3/hamcrest-core-1.3.jar
7fbc51477000-7fbc51478000 r--s 00010000 08:03 1970267                    /usr/lib/jvm/java-8-openjdk-amd64/jre/lib/ext/zipfs.jar
7fbc51478000-7fbc5147a000 r--s 00007000 08:03 2105042                    /usr/share/java/java-atk-wrapper.jar
7fbc5147a000-7fbc5147b000 r--s 0000a000 08:03 1970266                    /usr/lib/jvm/java-8-openjdk-amd64/jre/lib/ext/jaccess.jar
7fbc5147b000-7fbc5147f000 r--s 00037000 08:03 1970271                    /usr/lib/jvm/java-8-openjdk-amd64/jre/lib/ext/sunpkcs11.jar
7fbc5147f000-7fbc51480000 r--s 00008000 08:03 1970265                    /usr/lib/jvm/java-8-openjdk-amd64/jre/lib/ext/sunec.jar
7fbc51480000-7fbc51482000 r--s 00001000 08:03 1970263                    /usr/lib/jvm/java-8-openjdk-amd64/jre/lib/ext/dnsns.jar
7fbc51482000-7fbc51485000 r--s 0000f000 08:03 1970269                    /usr/lib/jvm/java-8-openjdk-amd64/jre/lib/ext/icedtea-sound.jar
7fbc51485000-7fbc5148a000 r--s 0003b000 08:03 1970268                    /usr/lib/jvm/java-8-openjdk-amd64/jre/lib/ext/sunjce_provider.jar
7fbc5148a000-7fbc51492000 rw-s 00000000 08:03 797946                     /tmp/hsperfdata_tongxin/27017
7fbc51492000-7fbc51493000 rw-p 00000000 00:00 0 
7fbc51493000-7fbc51494000 r--p 00000000 00:00 0 
7fbc51494000-7fbc51496000 rw-p 00000000 00:00 0 
7fbc51496000-7fbc51497000 r--p 00023000 08:03 2495436                    /lib/x86_64-linux-gnu/ld-2.21.so
7fbc51497000-7fbc51498000 rw-p 00024000 08:03 2495436                    /lib/x86_64-linux-gnu/ld-2.21.so
7fbc51498000-7fbc51499000 rw-p 00000000 00:00 0 
7ffcb3f65000-7ffcb3f88000 rw-p 00000000 00:00 0                          [stack]
7ffcb3f99000-7ffcb3f9b000 r--p 00000000 00:00 0                          [vvar]
7ffcb3f9b000-7ffcb3f9d000 r-xp 00000000 00:00 0                          [vdso]
ffffffffff600000-ffffffffff601000 r-xp 00000000 00:00 0                  [vsyscall]

VM Arguments:
jvm_args: -Djna.nosys=true -Dfile.encoding=UTF-8 
java_command: test.request_generator_test
java_class_path (initial): /home/tongxin/Dropbox/UTDallas/cloudcomputing/a1-group/danei-iocontrol-fa98a30be223/target/classes:/home/tongxin/Dropbox/workspace/rados-java/target/classes:/home/tongxin/Dropbox/workspace/rados-java/target/test-classes:/home/tongxin/.m2/repository/net/java/dev/jna/jna/4.1.0/jna-4.1.0.jar:/home/tongxin/.m2/repository/junit/junit/4.11/junit-4.11.jar:/home/tongxin/.m2/repository/org/hamcrest/hamcrest-core/1.3/hamcrest-core-1.3.jar:/home/tongxin/.m2/repository/org/mockito/mockito-all/1.10.19/mockito-all-1.10.19.jar:/home/tongxin/.m2/repository/org/ini4j/ini4j/0.5.4/ini4j-0.5.4.jar:/home/tongxin/.m2/repository/org/apache/commons/commons-pool2/2.4.2/commons-pool2-2.4.2.jar:/home/tongxin/.m2/repository/org/apache/commons/commons-math3/3.6.1/commons-math3-3.6.1.jar:/home/tongxin/.m2/repository/org/apache/hadoop/hadoop-client/2.4.1/hadoop-client-2.4.1.jar:/home/tongxin/.m2/repository/org/apache/hadoop/hadoop-common/2.4.1/hadoop-common-2.4.1.jar:/home/tongxin/.m2/repository/commons-cli/commons-cli/1.2/commons-cli-1.2.jar:/home/tongxin/.m2/repository/xmlenc/xmlenc/0.52/xmlenc-0.52.jar:/home/tongxin/.m2/repository/commons-httpclient/commons-httpclient/3.1/commons-httpclient-3.1.jar:/home/tongxin/.m2/repository/commons-codec/commons-codec/1.4/commons-codec-1.4.jar:/home/tongxin/.m2/repository/commons-io/commons-io/2.4/commons-io-2.4.jar:/home/tongxin/.m2/repository/commons-net/commons-net/3.1/commons-net-3.1.jar:/home/tongxin/.m2/repository/commons-collections/commons-collections/3.2.1/commons-collections-3.2.1.jar:/home/tongxin/.m2/repository/commons-logging/commons-logging/1.1.3/commons-logging-1.1.3.jar:/home/tongxin/.m2/repository/log4j/log4j/1.2.17/log4j-1.2.17.jar:/home/tongxin/.m2/repository/commons-lang/commons-lang/2.6/commons-lang-2.6.jar:/home/tongxin/.m2/repository/commons-configuration/commons-configuration/1.6/commons-configuration-1.6.jar:/home/tongxin/.m2/repository/commons-digester/commons-digester/1.8/commons-digester-1.8.jar:/home
Launcher Type: SUN_STANDARD

Environment Variables:
JAVA_HOME=/usr/lib/jvm/java-1.8.0-openjdk-amd64
PATH=/home/tongxin/bin:/usr/local/sbin:/usr/local/bin:/usr/sbin:/usr/bin:/sbin:/bin:/usr/games:/usr/local/games:/home/tongxin/bin:/usr/lib/jvm/java-1.8.0-openjdk-amd64/bin:/home/tongxin/Dropbox/UTDallas/cloudcomputing/ceph/ceph/bin:/home/tongxin/bin:/usr/lib/jvm/java-1.8.0-openjdk-amd64/bin:/home/tongxin/Dropbox/UTDallas/cloudcomputing/ceph/ceph/bin
SHELL=/bin/bash
DISPLAY=:0

Signal Handlers:
SIGSEGV: [libjvm.so+0xa5fbc0], sa_mask[0]=11111111011111111101111111111110, sa_flags=SA_RESTART|SA_SIGINFO
SIGBUS: [libjvm.so+0xa5fbc0], sa_mask[0]=11111111011111111101111111111110, sa_flags=SA_RESTART|SA_SIGINFO
SIGFPE: [libjvm.so+0x8aaed0], sa_mask[0]=11111111011111111101111111111110, sa_flags=SA_RESTART|SA_SIGINFO
SIGPIPE: SIG_IGN, sa_mask[0]=00000000000000000000000000000000, sa_flags=none
SIGXFSZ: [libjvm.so+0x8aaed0], sa_mask[0]=11111111011111111101111111111110, sa_flags=SA_RESTART|SA_SIGINFO
SIGILL: [libjvm.so+0x8aaed0], sa_mask[0]=11111111011111111101111111111110, sa_flags=SA_RESTART|SA_SIGINFO
SIGUSR1: SIG_DFL, sa_mask[0]=00000000000000000000000000000000, sa_flags=none
SIGUSR2: [libjvm.so+0x8aad80], sa_mask[0]=00100000000000000000000000000000, sa_flags=SA_RESTART|SA_SIGINFO
SIGHUP: [libjvm.so+0x8ab250], sa_mask[0]=11111111011111111101111111111110, sa_flags=SA_RESTART|SA_SIGINFO
SIGINT: [libjvm.so+0x8ab250], sa_mask[0]=11111111011111111101111111111110, sa_flags=SA_RESTART|SA_SIGINFO
SIGTERM: [libjvm.so+0x8ab250], sa_mask[0]=11111111011111111101111111111110, sa_flags=SA_RESTART|SA_SIGINFO
SIGQUIT: [libjvm.so+0x8ab250], sa_mask[0]=11111111011111111101111111111110, sa_flags=SA_RESTART|SA_SIGINFO


---------------  S Y S T E M  ---------------

OS:DISTRIB_ID=Ubuntu
DISTRIB_RELEASE=15.10
DISTRIB_CODENAME=wily
DISTRIB_DESCRIPTION="Ubuntu 15.10"

uname:Linux 4.2.0-42-generic #49-Ubuntu SMP Tue Jun 28 21:26:26 UTC 2016 x86_64
libc:glibc 2.21 NPTL 2.21 
rlimit: STACK 8192k, CORE 0k, NPROC 61198, NOFILE 65536, AS infinity
load average:0.60 1.10 2.24

/proc/meminfo:
MemTotal:       15844332 kB
MemFree:         7448904 kB
MemAvailable:   10532884 kB
Buffers:          481332 kB
Cached:          2995064 kB
SwapCached:          484 kB
Active:          6656824 kB
Inactive:        1222920 kB
Active(anon):    4369532 kB
Inactive(anon):   396684 kB
Active(file):    2287292 kB
Inactive(file):   826236 kB
Unevictable:         372 kB
Mlocked:             372 kB
SwapTotal:      31249404 kB
SwapFree:       31245748 kB
Dirty:               192 kB
Writeback:             0 kB
AnonPages:       4403436 kB
Mapped:           933508 kB
Shmem:            362880 kB
Slab:             284720 kB
SReclaimable:     223856 kB
SUnreclaim:        60864 kB
KernelStack:       14400 kB
PageTables:        50528 kB
NFS_Unstable:          0 kB
Bounce:                0 kB
WritebackTmp:          0 kB
CommitLimit:    39171568 kB
Committed_AS:   10499240 kB
VmallocTotal:   34359738367 kB
VmallocUsed:      617388 kB
VmallocChunk:   34358423548 kB
HardwareCorrupted:     0 kB
AnonHugePages:   1828864 kB
CmaTotal:              0 kB
CmaFree:               0 kB
HugePages_Total:       0
HugePages_Free:        0
HugePages_Rsvd:        0
HugePages_Surp:        0
Hugepagesize:       2048 kB
DirectMap4k:      402944 kB
DirectMap2M:    14729216 kB
DirectMap1G:     1048576 kB


CPU:total 8 (4 cores per cpu, 2 threads per core) family 6 model 60 stepping 3, cmov, cx8, fxsr, mmx, sse, sse2, sse3, ssse3, sse4.1, sse4.2, popcnt, avx, avx2, aes, clmul, erms, lzcnt, ht, tsc, tscinvbit, bmi1, bmi2

/proc/cpuinfo:
processor	: 0
vendor_id	: GenuineIntel
cpu family	: 6
model		: 60
model name	: Intel(R) Core(TM) i7-4700MQ CPU @ 2.40GHz
stepping	: 3
microcode	: 0x16
cpu MHz		: 1598.437
cache size	: 6144 KB
physical id	: 0
siblings	: 8
core id		: 0
cpu cores	: 4
apicid		: 0
initial apicid	: 0
fpu		: yes
fpu_exception	: yes
cpuid level	: 13
wp		: yes
flags		: fpu vme de pse tsc msr pae mce cx8 apic sep mtrr pge mca cmov pat pse36 clflush dts acpi mmx fxsr sse sse2 ss ht tm pbe syscall nx pdpe1gb rdtscp lm constant_tsc arch_perfmon pebs bts rep_good nopl xtopology nonstop_tsc aperfmperf eagerfpu pni pclmulqdq dtes64 monitor ds_cpl vmx est tm2 ssse3 fma cx16 xtpr pdcm pcid sse4_1 sse4_2 movbe popcnt tsc_deadline_timer aes xsave avx f16c rdrand lahf_lm abm ida arat epb pln pts dtherm tpr_shadow vnmi flexpriority ept vpid fsgsbase tsc_adjust bmi1 avx2 smep bmi2 erms invpcid xsaveopt
bugs		:
bogomips	: 4788.64
clflush size	: 64
cache_alignment	: 64
address sizes	: 39 bits physical, 48 bits virtual
power management:

processor	: 1
vendor_id	: GenuineIntel
cpu family	: 6
model		: 60
model name	: Intel(R) Core(TM) i7-4700MQ CPU @ 2.40GHz
stepping	: 3
microcode	: 0x16
cpu MHz		: 2504.062
cache size	: 6144 KB
physical id	: 0
siblings	: 8
core id		: 0
cpu cores	: 4
apicid		: 1
initial apicid	: 1
fpu		: yes
fpu_exception	: yes
cpuid level	: 13
wp		: yes
flags		: fpu vme de pse tsc msr pae mce cx8 apic sep mtrr pge mca cmov pat pse36 clflush dts acpi mmx fxsr sse sse2 ss ht tm pbe syscall nx pdpe1gb rdtscp lm constant_tsc arch_perfmon pebs bts rep_good nopl xtopology nonstop_tsc aperfmperf eagerfpu pni pclmulqdq dtes64 monitor ds_cpl vmx est tm2 ssse3 fma cx16 xtpr pdcm pcid sse4_1 sse4_2 movbe popcnt tsc_deadline_timer aes xsave avx f16c rdrand lahf_lm abm ida arat epb pln pts dtherm tpr_shadow vnmi flexpriority ept vpid fsgsbase tsc_adjust bmi1 avx2 smep bmi2 erms invpcid xsaveopt
bugs		:
bogomips	: 4788.64
clflush size	: 64
cache_alignment	: 64
address sizes	: 39 bits physical, 48 bits virtual
power management:

processor	: 2
vendor_id	: GenuineIntel
cpu family	: 6
model		: 60
model name	: Intel(R) Core(TM) i7-4700MQ CPU @ 2.40GHz
stepping	: 3
microcode	: 0x16
cpu MHz		: 2798.625
cache size	: 6144 KB
physical id	: 0
siblings	: 8
core id		: 1
cpu cores	: 4
apicid		: 2
initial apicid	: 2
fpu		: yes
fpu_exception	: yes
cpuid level	: 13
wp		: yes
flags		: fpu vme de pse tsc msr pae mce cx8 apic sep mtrr pge mca cmov pat pse36 clflush dts acpi mmx fxsr sse sse2 ss ht tm pbe syscall nx pdpe1gb rdtscp lm constant_tsc arch_perfmon pebs bts rep_good nopl xtopology nonstop_tsc aperfmperf eagerfpu pni pclmulqdq dtes64 monitor ds_cpl vmx est tm2 ssse3 fma cx16 xtpr pdcm pcid sse4_1 sse4_2 movbe popcnt tsc_deadline_timer aes xsave avx f16c rdrand lahf_lm abm ida arat epb pln pts dtherm tpr_shadow vnmi flexpriority ept vpid fsgsbase tsc_adjust bmi1 avx2 smep bmi2 erms invpcid xsaveopt
bugs		:
bogomips	: 4788.64
clflush size	: 64
cache_alignment	: 64
address sizes	: 39 bits physical, 48 bits virtual
power management:

processor	: 3
vendor_id	: GenuineIntel
cpu family	: 6
model		: 60
model name	: Intel(R) Core(TM) i7-4700MQ CPU @ 2.40GHz
stepping	: 3
microcode	: 0x16
cpu MHz		: 2792.343
cache size	: 6144 KB
physical id	: 0
siblings	: 8
core id		: 1
cpu cores	: 4
apicid		: 3
initial apicid	: 3
fpu		: yes
fpu_exception	: yes
cpuid level	: 13
wp		: yes
flags		: fpu vme de pse tsc msr pae mce cx8 apic sep mtrr pge mca cmov pat pse36 clflush dts acpi mmx fxsr sse sse2 ss ht tm pbe syscall nx pdpe1gb rdtscp lm constant_tsc arch_perfmon pebs bts rep_good nopl xtopology nonstop_tsc aperfmperf eagerfpu pni pclmulqdq dtes64 monitor ds_cpl vmx est tm2 ssse3 fma cx16 xtpr pdcm pcid sse4_1 sse4_2 movbe popcnt tsc_deadline_timer aes xsave avx f16c rdrand lahf_lm abm ida arat epb pln pts dtherm tpr_shadow vnmi flexpriority ept vpid fsgsbase tsc_adjust bmi1 avx2 smep bmi2 erms invpcid xsaveopt
bugs		:
bogomips	: 4788.64
clflush size	: 64
cache_alignment	: 64
address sizes	: 39 bits physical, 48 bits virtual
power management:

processor	: 4
vendor_id	: GenuineIntel
cpu family	: 6
model		: 60
model name	: Intel(R) Core(TM) i7-4700MQ CPU @ 2.40GHz
stepping	: 3
microcode	: 0x16
cpu MHz		: 2799.187
cache size	: 6144 KB
physical id	: 0
siblings	: 8
core id		: 2
cpu cores	: 4
apicid		: 4
initial apicid	: 4
fpu		: yes
fpu_exception	: yes
cpuid level	: 13
wp		: yes
flags		: fpu vme de pse tsc msr pae mce cx8 apic sep mtrr pge mca cmov pat pse36 clflush dts acpi mmx fxsr sse sse2 ss ht tm pbe syscall nx pdpe1gb rdtscp lm constant_tsc arch_perfmon pebs bts rep_good nopl xtopology nonstop_tsc aperfmperf eagerfpu pni pclmulqdq dtes64 monitor ds_cpl vmx est tm2 ssse3 fma cx16 xtpr pdcm pcid sse4_1 sse4_2 movbe popcnt tsc_deadline_timer aes xsave avx f16c rdrand lahf_lm abm ida arat epb pln pts dtherm tpr_shadow vnmi flexpriority ept vpid fsgsbase tsc_adjust bmi1 avx2 smep bmi2 erms invpcid xsaveopt
bugs		:
bogomips	: 4788.64
clflush size	: 64
cache_alignment	: 64
address sizes	: 39 bits physical, 48 bits virtual
power management:

processor	: 5
vendor_id	: GenuineIntel
cpu family	: 6
model		: 60
model name	: Intel(R) Core(TM) i7-4700MQ CPU @ 2.40GHz
stepping	: 3
microcode	: 0x16
cpu MHz		: 1599.937
cache size	: 6144 KB
physical id	: 0
siblings	: 8
core id		: 2
cpu cores	: 4
apicid		: 5
initial apicid	: 5
fpu		: yes
fpu_exception	: yes
cpuid level	: 13
wp		: yes
flags		: fpu vme de pse tsc msr pae mce cx8 apic sep mtrr pge mca cmov pat pse36 clflush dts acpi mmx fxsr sse sse2 ss ht tm pbe syscall nx pdpe1gb rdtscp lm constant_tsc arch_perfmon pebs bts rep_good nopl xtopology nonstop_tsc aperfmperf eagerfpu pni pclmulqdq dtes64 monitor ds_cpl vmx est tm2 ssse3 fma cx16 xtpr pdcm pcid sse4_1 sse4_2 movbe popcnt tsc_deadline_timer aes xsave avx f16c rdrand lahf_lm abm ida arat epb pln pts dtherm tpr_shadow vnmi flexpriority ept vpid fsgsbase tsc_adjust bmi1 avx2 smep bmi2 erms invpcid xsaveopt
bugs		:
bogomips	: 4788.64
clflush size	: 64
cache_alignment	: 64
address sizes	: 39 bits physical, 48 bits virtual
power management:

processor	: 6
vendor_id	: GenuineIntel
cpu family	: 6
model		: 60
model name	: Intel(R) Core(TM) i7-4700MQ CPU @ 2.40GHz
stepping	: 3
microcode	: 0x16
cpu MHz		: 1573.125
cache size	: 6144 KB
physical id	: 0
siblings	: 8
core id		: 3
cpu cores	: 4
apicid		: 6
initial apicid	: 6
fpu		: yes
fpu_exception	: yes
cpuid level	: 13
wp		: yes
flags		: fpu vme de pse tsc msr pae mce cx8 apic sep mtrr pge mca cmov pat pse36 clflush dts acpi mmx fxsr sse sse2 ss ht tm pbe syscall nx pdpe1gb rdtscp lm constant_tsc arch_perfmon pebs bts rep_good nopl xtopology nonstop_tsc aperfmperf eagerfpu pni pclmulqdq dtes64 monitor ds_cpl vmx est tm2 ssse3 fma cx16 xtpr pdcm pcid sse4_1 sse4_2 movbe popcnt tsc_deadline_timer aes xsave avx f16c rdrand lahf_lm abm ida arat epb pln pts dtherm tpr_shadow vnmi flexpriority ept vpid fsgsbase tsc_adjust bmi1 avx2 smep bmi2 erms invpcid xsaveopt
bugs		:
bogomips	: 4788.64
clflush size	: 64
cache_alignment	: 64
address sizes	: 39 bits physical, 48 bits virtual
power management:

processor	: 7
vendor_id	: GenuineIntel
cpu family	: 6
model		: 60
model name	: Intel(R) Core(TM) i7-4700MQ CPU @ 2.40GHz
stepping	: 3
microcode	: 0x16
cpu MHz		: 2797.781
cache size	: 6144 KB
physical id	: 0
siblings	: 8
core id		: 3
cpu cores	: 4
apicid		: 7
initial apicid	: 7
fpu		: yes
fpu_exception	: yes
cpuid level	: 13
wp		: yes
flags		: fpu vme de pse tsc msr pae mce cx8 apic sep mtrr pge mca cmov pat pse36 clflush dts acpi mmx fxsr sse sse2 ss ht tm pbe syscall nx pdpe1gb rdtscp lm constant_tsc arch_perfmon pebs bts rep_good nopl xtopology nonstop_tsc aperfmperf eagerfpu pni pclmulqdq dtes64 monitor ds_cpl vmx est tm2 ssse3 fma cx16 xtpr pdcm pcid sse4_1 sse4_2 movbe popcnt tsc_deadline_timer aes xsave avx f16c rdrand lahf_lm abm ida arat epb pln pts dtherm tpr_shadow vnmi flexpriority ept vpid fsgsbase tsc_adjust bmi1 avx2 smep bmi2 erms invpcid xsaveopt
bugs		:
bogomips	: 4788.64
clflush size	: 64
cache_alignment	: 64
address sizes	: 39 bits physical, 48 bits virtual
power management:



Memory: 4k page, physical 15844332k(7448904k free), swap 31249404k(31245748k free)

vm_info: OpenJDK 64-Bit Server VM (25.91-b14) for linux-amd64 JRE (1.8.0_91-8u91-b14-3ubuntu1~15.10.1-b14), built on Jul 21 2016 04:12:46 by "buildd" with gcc 5.2.1 20151010

time: Thu Dec 15 16:56:49 2016
elapsed time: 33 seconds (0d 0h 0m 33s)

